
Gurobi 11.0.3 (linux64) logging started Mon Mar 30 15:15:48 2026

Set parameter LogFile to value "/home/cc/code/modeling_strategy/predictandsearch/logs/IS_1500_6/IS_1500_6_GRB_Predect&Search/IS_0.lp.log"
Gurobi Optimizer version 11.0.3 build v11.0.3rc0 (linux64 - "Ubuntu 22.04.5 LTS")

CPU model: AMD Ryzen 9 9900X 12-Core Processor, instruction set [SSE2|AVX|AVX2|AVX512]
Thread count: 12 physical cores, 24 logical processors, using up to 24 threads

Optimize a model with 10061 rows, 1930 columns and 20270 nonzeros
Model fingerprint: 0x40ec1aad
Variable types: 430 continuous, 1500 integer (1500 binary)
Coefficient statistics:
  Matrix range     [1e+00, 1e+00]
  Objective range  [1e+00, 1e+00]
  Bounds range     [1e+00, 1e+00]
  RHS range        [1e+00, 3e+01]
Found heuristic solution: objective 505.0000000
Presolve removed 2654 rows and 430 columns
Presolve time: 0.03s
Presolved: 7407 rows, 1500 columns, 16660 nonzeros
Variable types: 0 continuous, 1500 integer (1500 binary)
Found heuristic solution: objective 506.0000000

Root relaxation: objective 6.215000e+02, 1719 iterations, 0.02 seconds (0.05 work units)

    Nodes    |    Current Node    |     Objective Bounds      |     Work
 Expl Unexpl |  Obj  Depth IntInf | Incumbent    BestBd   Gap | It/Node Time

     0     0  621.50000    0  875  506.00000  621.50000  22.8%     -    0s
H    0     0                     533.0000000  621.50000  16.6%     -    0s
H    0     0                     537.0000000  621.50000  15.7%     -    0s
H    0     0                     542.0000000  621.50000  14.7%     -    0s
H    0     0                     550.0000000  621.50000  13.0%     -    0s
H    0     0                     553.0000000  619.00000  11.9%     -    0s
H    0     0                     558.0000000  619.00000  10.9%     -    0s
     0     0  619.00000    0  914  558.00000  619.00000  10.9%     -    0s
     0     0  619.00000    0  904  558.00000  619.00000  10.9%     -    0s
H    0     0                     561.0000000  619.00000  10.3%     -    0s
H    0     0                     563.0000000  618.00000  9.77%     -    0s
     0     0  618.00000    0  950  563.00000  618.00000  9.77%     -    0s
H    0     0                     565.0000000  616.50000  9.12%     -    0s
H    0     0                     566.0000000  616.50000  8.92%     -    0s
H    0     0                     568.0000000  616.50000  8.54%     -    0s
H    0     0                     570.0000000  616.50000  8.16%     -    0s
     0     0  616.50000    0  982  570.00000  616.50000  8.16%     -    0s
H    0     0                     571.0000000  616.50000  7.97%     -    0s
     0     0  616.50000    0  988  571.00000  616.50000  7.97%     -    0s
H    0     0                     573.0000000  615.62533  7.44%     -    0s
     0     0  615.62533    0 1055  573.00000  615.62533  7.44%     -    0s
H    0     0                     577.0000000  615.62533  6.69%     -    0s
     0     0  615.33333    0 1059  577.00000  615.33333  6.64%     -    0s
     0     0  615.33121    0 1059  577.00000  615.33121  6.64%     -    0s
     0     0  613.82723    0 1057  577.00000  613.82723  6.38%     -    0s
H    0     0                     578.0000000  613.82723  6.20%     -    0s
H    0     0                     580.0000000  613.82723  5.83%     -    0s
H    0     0                     583.0000000  613.82723  5.29%     -   13s
     0     2  613.82723    0 1057  583.00000  613.82723  5.29%     -   13s
    51    64  610.55828    6 1049  583.00000  613.35877  5.21%   508   18s
H   56    64                     584.0000000  613.35877  5.03%   478   18s
   311   314  594.42179   20  994  584.00000  613.35877  5.03%   372   20s
   369   366  594.14229   24  984  584.00000  613.35877  5.03%   354   25s
H  375   366                     585.0000000  613.35877  4.85%   351   25s
   381   370     cutoff   24       585.00000  613.35877  4.85%   350   31s
   400   381  593.75984   26  954  585.00000  613.35877  4.85%   342   42s
   700   589  596.57045   15  983  585.00000  613.35877  4.85%   305   55s
  1389  1228  601.88095   21 1012  585.00000  612.93713  4.78%   227   62s
  1503  1240  601.02656   28  997  585.00000  612.93713  4.78%   218   68s
  2064  1700  596.85714   45 1057  585.00000  612.93713  4.78%   193   83s
  2101  1726  605.87037   16 1127  585.00000  606.93481  3.75%   196   85s
  2105  1729  586.79412   36 1134  585.00000  606.74169  3.72%   196   94s
  2112  1742  606.47571   33 1118  585.00000  606.61560  3.69%   204   95s
  2356  1919  599.45854   39 1041  585.00000  606.06346  3.60%   242  100s
  3800  2462  601.92100   50 1106  585.00000  605.99474  3.59%   250  119s
  3844  2556  601.62653   51 1120  585.00000  605.99474  3.59%   250  120s
  4100  2602  598.44701   64 1082  585.00000  605.99474  3.59%   250  149s
  4289  2811  595.84390   72 1056  585.00000  605.99474  3.59%   250  150s
  5584  3476  599.33354   54 1040  585.00000  605.99072  3.59%   239  155s
  8628  5347  586.68750   66  998  585.00000  605.54213  3.51%   232  160s
  9370  6030     cutoff   71       585.00000  605.00056  3.42%   232  175s
 13001  8888  593.90486   64 1067  585.00000  603.79052  3.21%   218  180s
 15178 10424  598.36387   53 1037  585.00000  603.23842  3.12%   223  185s
 17983 12618  600.56000   64 1055  585.00000  603.02952  3.08%   218  190s
 18485 12977  594.27364   82 1023  585.00000  603.02952  3.08%   217  204s
 18989 13365  593.29787   98  984  585.00000  603.02952  3.08%   216  206s
 21104 15752  597.43182   62 1012  585.00000  602.87993  3.06%   213  210s
 23552 17381  586.90000  107  894  585.00000  602.68899  3.02%   213  215s
 26177 21019  596.97695   55 1011  585.00000  602.52425  3.00%   213  221s
 29495 21359  599.06784   45 1063  585.00000  602.45792  2.98%   208  235s
 31653 24045  596.32813   58 1041  585.00000  602.38389  2.97%   205  240s
 34685 25612  596.67587   64 1008  585.00000  602.32111  2.96%   203  256s
 36638 27822  586.13793  111 1071  585.00000  602.28786  2.96%   206  260s
 40918 31097  592.80000   72  975  585.00000  602.21069  2.94%   206  267s
 43080 31689     cutoff   84       585.00000  602.11189  2.93%   206  278s
 44132 33208  594.86780   82  989  585.00000  602.08900  2.92%   208  281s
 46666 34981  592.65353   59 1000  585.00000  602.02756  2.91%   209  285s
 49095 35370  590.83410   90 1121  585.00000  601.99338  2.90%   209  298s
 49569 37804  590.67358   96 1074  585.00000  601.98568  2.90%   208  302s
 52631 41626  587.06105   90 1113  585.00000  601.90861  2.89%   207  310s
 60260 44873  599.82589   60 1055  585.00000  601.79641  2.87%   203  328s
 61550 46383  590.38983  101  989  585.00000  601.78593  2.87%   202  345s
 63432 49650  594.07611   79 1147  585.00000  601.74018  2.86%   202  351s
 68133 50463  589.29278   65 1070  585.00000  601.67064  2.85%   203  356s
 69233 53647     cutoff   92       585.00000  601.65433  2.85%   203  362s
 73529 56397  589.25000   58  938  585.00000  601.60530  2.84%   203  367s
 77405 58403  596.26437   73 1092  585.00000  601.55611  2.83%   202  382s
 79846 63452  592.32353   90 1143  585.00000  601.53306  2.83%   201  390s
 88760 66394  596.78832   48 1009  585.00000  601.42896  2.81%   200  408s
 90289 68559  589.50000   89  920  585.00000  601.42264  2.81%   200  412s
 93336 71402  596.98084   75 1079  585.00000  601.38461  2.80%   200  417s
 97017 73624  586.19459   95  961  585.00000  601.34821  2.79%   200  420s
 103732 78253  589.66667   73  849  585.00000  601.28007  2.78%   199  427s
 106477 81959     cutoff   76       585.00000  601.25234  2.78%   198  434s
 111946 84294  589.72964   88 1054  585.00000  601.19906  2.77%   199  438s
 114925 85752  596.38552   49 1053  585.00000  601.17760  2.77%   198  453s
 117105 87836  594.05000   78 1043  585.00000  601.16021  2.76%   199  470s
 120039 90847     cutoff  130       585.00000  601.14034  2.76%   198  475s
 124279 93305  588.60000   88 1000  585.00000  601.10762  2.75%   198  480s
 131452 98672  599.27308   73 1079  585.00000  601.04178  2.74%   198  488s
 134847 103412  590.44444   79  935  585.00000  601.01279  2.74%   197  495s
 143451 107162  598.64687   73 1208  585.00000  600.95937  2.73%   196  501s
 145835 108424  586.60337  134 1203  585.00000  600.94569  2.73%   196  519s
 147570 109443  595.59592   64  986  585.00000  600.92968  2.72%   196  534s
 149043 113102  588.14815   80  866  585.00000  600.92782  2.72%   196  539s
 153946 115723  588.48649  136 1070  585.00000  600.89180  2.72%   196  544s
 157301 118197  586.88557   78  938  585.00000  600.87195  2.71%   195  548s
 160666 122647  587.86000   96 1041  585.00000  600.85622  2.71%   195  554s
 166274 124057  588.43216   75  910  585.00000  600.82414  2.70%   194  557s
 168392 126127  595.30777   69 1105  585.00000  600.81190  2.70%   194  561s
 174032 129752  590.29306  117 1083  585.00000  600.78469  2.70%   194  568s
 176060 130706  597.78390   48 1028  585.00000  600.77545  2.70%   194  584s
 177352 132963  600.38366   53 1079  585.00000  600.77219  2.70%   194  589s
 180633 136240  592.73682   57  982  585.00000  600.75056  2.69%   194  593s
 184612 139023  586.43750  133 1118  585.00000  600.72733  2.69%   193  597s
 188205 141036  598.12558   57 1048  585.00000  600.70989  2.69%   193  614s
 190886 151606  593.16750   63 1066  585.00000  600.69879  2.68%   193  630s
 205175 152370  588.91185   83  945  585.00000  600.63364  2.67%   192  647s
 206338 155640  592.84868   73  970  585.00000  600.62815  2.67%   192  652s
 210450 155674  589.52336   98 1032  585.00000  600.60939  2.67%   192  666s
 210506 159092  589.52201   99 1030  585.00000  600.60914  2.67%   192  671s
 215080 159115  593.43416   72 1039  585.00000  600.58662  2.66%   191  688s
 215104 176814  592.44727   73  958  585.00000  600.58465  2.66%   191  714s
 239128 178905  596.59649   58  982  585.00000  600.49920  2.65%   190  717s
 241977 182937  590.06000   96 1061  585.00000  600.48556  2.65%   190  724s
 247236 185175  590.40686   76 1141  585.00000  600.46534  2.64%   190  727s
 250386 187544  595.75552   65 1023  585.00000  600.45071  2.64%   189  732s
 253269 189670  589.66667   75  805  585.00000  600.44395  2.64%   189  735s
 259046 193822  588.27753   84 1175  585.00000  600.42431  2.64%   189  742s
 261719 196176  589.30472  101 1167  585.00000  600.40925  2.63%   189  745s
 267395 198927  591.33333   80  914  585.00000  600.39507  2.63%   189  763s
 268545 204148  589.93750   86  955  585.00000  600.39384  2.63%   188  796s
 275807 214349  598.07358   77 1017  585.00000  600.37101  2.63%   188  812s
 290041 218400  587.82997  111 1194  585.00000  600.31916  2.62%   188  818s
 295268 222647  599.84229   57 1127  585.00000  600.30419  2.62%   187  824s
 301162 224752  597.34003   70 1049  585.00000  600.28652  2.61%   187  827s
 304009 226676  599.64532   69 1066  585.00000  600.27493  2.61%   187  830s
 308980 229360  588.69167  102 1159  585.00000  600.26041  2.61%   187  850s
 314295 233101  587.42446  128 1002  585.00000  600.24394  2.61%   187  871s
 315441 235686  597.64903   56 1072  585.00000  600.24034  2.61%   187  876s
 319401 239425  589.62847   69 1163  585.00000  600.22446  2.60%   187  881s
 324117 244524  590.35185   95  856  585.00000  600.21112  2.60%   187  887s
 330572 246218  598.77793   73 1158  585.00000  600.19308  2.60%   186  891s
 335761 250117  587.90184  121 1074  585.00000  600.17945  2.59%   186  897s
 338611 251929  588.23002  101 1165  585.00000  600.16932  2.59%   186  900s
 343675 254843  590.25000   73 1011  585.00000  600.15634  2.59%   186  921s
 344872 256964  595.50166   81 1073  585.00000  600.15551  2.59%   186  926s
 348175 257902  598.62216   77 1076  585.00000  600.14275  2.59%   186  940s
 349503 262253     cutoff   89       585.00000  600.14270  2.59%   186  947s
 355227 264316  587.70370   70 1044  585.00000  600.12501  2.59%   186  950s
 358155 265639  597.34799   67 1054  585.00000  600.11645  2.58%   186  964s
 360139 268587  592.38434   85  964  585.00000  600.11224  2.58%   186  968s
 364196 271074  596.46344   58  985  585.00000  600.09920  2.58%   186  972s
 367446 273504     cutoff  109       585.00000  600.09374  2.58%   186  976s
 370920 275426  595.14991   46 1024  585.00000  600.08340  2.58%   186  991s
 373348 278312  587.65060   98 1096  585.00000  600.07876  2.58%   186  997s
 377325 280402  596.82435   75 1015  585.00000  600.06901  2.58%   186 1000s

Cutting planes:
  Gomory: 4
  Zero half: 478
  RLT: 21
  BQP: 3

Explored 380066 nodes (70584309 simplex iterations) in 1000.03 seconds (3122.63 work units)
Thread count was 24 (of 24 available processors)

Solution count 10: 585 584 583 ... 568

Time limit reached
Best objective 5.850000000000e+02, best bound 6.000000000000e+02, gap 2.5641%
