
Gurobi 11.0.3 (linux64) logging started Mon Mar 30 15:32:29 2026

Set parameter LogFile to value "/home/cc/code/modeling_strategy/predictandsearch/logs/IS_1500_6/IS_1500_6_GRB_Predect&Search/IS_1.lp.log"
Gurobi Optimizer version 11.0.3 build v11.0.3rc0 (linux64 - "Ubuntu 22.04.5 LTS")

CPU model: AMD Ryzen 9 9900X 12-Core Processor, instruction set [SSE2|AVX|AVX2|AVX512]
Thread count: 12 physical cores, 24 logical processors, using up to 24 threads

Optimize a model with 10054 rows, 1930 columns and 20266 nonzeros
Model fingerprint: 0xc90a2a5b
Variable types: 430 continuous, 1500 integer (1500 binary)
Coefficient statistics:
  Matrix range     [1e+00, 1e+00]
  Objective range  [1e+00, 1e+00]
  Bounds range     [1e+00, 1e+00]
  RHS range        [1e+00, 3e+01]
Found heuristic solution: objective 478.0000000
Presolve removed 2601 rows and 430 columns
Presolve time: 0.03s
Presolved: 7453 rows, 1500 columns, 16851 nonzeros
Variable types: 0 continuous, 1500 integer (1500 binary)
Found heuristic solution: objective 480.0000000

Root relaxation: objective 6.215000e+02, 1706 iterations, 0.02 seconds (0.04 work units)

    Nodes    |    Current Node    |     Objective Bounds      |     Work
 Expl Unexpl |  Obj  Depth IntInf | Incumbent    BestBd   Gap | It/Node Time

     0     0  621.50000    0  881  480.00000  621.50000  29.5%     -    0s
H    0     0                     527.0000000  621.50000  17.9%     -    0s
H    0     0                     528.0000000  621.50000  17.7%     -    0s
H    0     0                     534.0000000  621.50000  16.4%     -    0s
H    0     0                     539.0000000  621.50000  15.3%     -    0s
     0     0  619.50000    0  935  539.00000  619.50000  14.9%     -    0s
H    0     0                     540.0000000  614.56250  13.8%     -    0s
H    0     0                     542.0000000  614.56250  13.4%     -    0s
H    0     0                     546.0000000  614.56250  12.6%     -    0s
H    0     0                     548.0000000  614.56250  12.1%     -    0s
H    0     0                     551.0000000  614.56250  11.5%     -    0s
H    0     0                     554.0000000  614.56250  10.9%     -    0s
     0     0  614.56250    0  951  554.00000  614.56250  10.9%     -    0s
H    0     0                     556.0000000  614.50000  10.5%     -    0s
     0     0  614.50000    0  943  556.00000  614.50000  10.5%     -    0s
     0     0  614.50000    0  954  556.00000  614.50000  10.5%     -    0s
H    0     0                     557.0000000  614.50000  10.3%     -    0s
H    0     0                     558.0000000  614.50000  10.1%     -    0s
H    0     0                     559.0000000  612.67308  9.60%     -    0s
H    0     0                     560.0000000  612.67308  9.41%     -    0s
     0     0  612.67308    0 1065  560.00000  612.67308  9.41%     -    0s
H    0     0                     561.0000000  612.45720  9.17%     -    0s
H    0     0                     562.0000000  612.45720  8.98%     -    0s
     0     0  612.45720    0 1076  562.00000  612.45720  8.98%     -    0s
     0     0  612.45719    0 1078  562.00000  612.45719  8.98%     -    0s
H    0     0                     563.0000000  612.45719  8.78%     -    0s
     0     0  610.23917    0 1109  563.00000  610.23917  8.39%     -    0s
H    0     0                     565.0000000  610.23917  8.01%     -    0s
     0     0  610.10403    0 1114  565.00000  610.10403  7.98%     -    0s
     0     0  610.08074    0 1112  565.00000  610.08074  7.98%     -    0s
     0     0  610.07436    0 1108  565.00000  610.07436  7.98%     -    0s
     0     0  610.07433    0 1110  565.00000  610.07433  7.98%     -    0s
     0     0  608.37564    0 1102  565.00000  608.37564  7.68%     -    0s
H    0     0                     569.0000000  608.37564  6.92%     -    0s
H    0     0                     571.0000000  608.37564  6.55%     -    0s
H    0     0                     573.0000000  608.37564  6.17%     -   14s
     0     2  608.37564    0 1099  573.00000  608.37564  6.17%     -   14s
    27    40  607.77728    5 1082  573.00000  607.97545  6.10%   860   15s
H   52    64                     574.0000000  607.77728  5.88%   681   15s
  1095   932  603.14937    9 1077  574.00000  607.20673  5.79%   319   34s
  1329  1062  599.63750   24 1026  574.00000  607.20673  5.79%   307   35s
  2182  1764  575.78571   40 1102  574.00000  607.20673  5.79%   250   40s
  2227  1795  589.66667   22 1182  574.00000  601.26760  4.75%   254   55s
  2282  1857  599.39858   34 1170  574.00000  600.56838  4.63%   280   68s
  2469  1982  588.28148   38 1061  574.00000  600.33623  4.59%   318   72s
  2657  2091  577.94355   42  958  574.00000  600.33623  4.59%   329   93s
H 2673  1995                     575.0000000  600.33623  4.41%   329   93s
  2796  2109  577.34018   46  953  575.00000  600.33623  4.41%   330   95s
  3072  2114  576.35787   55 1088  575.00000  600.33623  4.41%   330  102s
  3894  2550  596.65150   59 1151  575.00000  600.24990  4.39%   324  105s
  5218  3391  583.03420   93 1176  575.00000  600.24990  4.39%   306  110s
  6397  3911  599.52161   43 1148  575.00000  600.18958  4.38%   295  134s
  6493  4040  599.31042   47 1142  575.00000  600.18958  4.38%   296  135s
  7566  4753  591.75207   88 1117  575.00000  600.18958  4.38%   299  140s
  9572  6347  590.65052   70 1137  575.00000  599.78243  4.31%   299  150s
 10077  6814  584.12362   85 1127  575.00000  599.78243  4.31%   297  163s
 10845  7535  578.28772  117 1099  575.00000  599.67088  4.29%   293  165s
 13959  9881  592.65780   58 1194  575.00000  598.72423  4.13%   283  170s
 15477 11143  581.26271   86 1132  575.00000  598.72423  4.13%   283  189s
 16226 11961  576.29851  129 1033  575.00000  598.69791  4.12%   281  190s
 19252 14295  592.37109   68 1156  575.00000  598.27812  4.05%   277  209s
 20403 15489  579.85167  113 1099  575.00000  598.20161  4.04%   275  211s
 22417 16960  589.67593   51 1080  575.00000  598.20161  4.04%   277  215s
 25221 21411  589.41440   92 1162  575.00000  598.00580  4.00%   274  223s
 28902 22160  584.81810   53 1046  575.00000  597.91936  3.99%   265  225s
 31431 24597  579.87273  129 1098  575.00000  597.85788  3.98%   265  232s
 33570 26417  580.32000   86 1107  575.00000  597.76058  3.96%   265  236s
 35923 28798  586.28091   71 1023  575.00000  597.72278  3.95%   261  241s
 39390 31147  586.86855   71 1076  575.00000  597.60172  3.93%   261  247s
 40620 32627  594.32762   45 1111  575.00000  597.56826  3.92%   262  250s
 42522 34256  581.70175   70 1028  575.00000  597.49612  3.91%   262  269s
 44433 36251  594.42030   47 1081  575.00000  597.47411  3.91%   261  273s
 46914 38393  580.53630   62 1086  575.00000  597.41192  3.90%   260  276s
 49309 40988  595.82415   46 1114  575.00000  597.36388  3.89%   258  280s
 52208 45029     cutoff  138       575.00000  597.30224  3.88%   254  287s
 57128 46481  577.02521   64  926  575.00000  597.21635  3.86%   254  291s
 61317 49812  580.60714   53  924  575.00000  597.14023  3.85%   254  314s
 63426 53362  584.59844   95 1080  575.00000  597.13606  3.85%   254  320s
 67523 56577  591.63090   59 1125  575.00000  597.05966  3.84%   250  325s
 73587 58844  591.63774   62 1123  575.00000  596.99986  3.83%   250  349s
 74223 61078  582.00000   68  898  575.00000  596.99813  3.83%   250  354s
 77213 65811  580.15542   88 1152  575.00000  596.95340  3.82%   251  362s
 82950 67804  593.11717   70 1156  575.00000  596.89121  3.81%   250  365s
 87582 70394  576.58491  109 1174  575.00000  596.85445  3.80%   248  387s
 88400 72154  591.95666   68 1097  575.00000  596.85015  3.80%   248  392s
 90842 73836  588.85059   58 1109  575.00000  596.79623  3.79%   248  409s
 92759 76556  594.25347   57 1090  575.00000  596.78614  3.79%   248  415s
 96186 78453  587.62576   72 1058  575.00000  596.76355  3.78%   249  421s
 98668 80487  579.57692   73  930  575.00000  596.73227  3.78%   250  426s
 101633 82538  587.62675   48 1110  575.00000  596.71038  3.78%   250  430s
 104279 86297  591.23118   53 1154  575.00000  596.67666  3.77%   251  438s
 109116 87612  580.00000   77  857  575.00000  596.63871  3.76%   251  442s
 111233 89036  581.31240   55  956  575.00000  596.59733  3.76%   253  446s
 113625 91209  584.54348   83 1033  575.00000  596.57175  3.75%   254  450s
 116491 93170  576.62400   89 1149  575.00000  596.55648  3.75%   253  455s
 121923 98140  589.88097   61 1084  575.00000  596.51512  3.74%   252  463s
 124969 100261  581.21020  111 1087  575.00000  596.49381  3.74%   251  467s
 127519 102400  589.01615   70 1074  575.00000  596.47932  3.74%   251  471s
 130079 106193  576.38554  124  954  575.00000  596.46096  3.73%   250  478s
 134621 108427  578.84694   72 1008  575.00000  596.43307  3.73%   249  483s
 137254 110233  580.89492  129 1182  575.00000  596.41886  3.73%   249  487s
 139338 112512  593.86237   46 1020  575.00000  596.41588  3.72%   249  491s
 142247 113777  579.15908  102 1070  575.00000  596.39897  3.72%   249  509s
 143958 116283  595.66883   51 1148  575.00000  596.38092  3.72%   249  515s
 147088 118568  588.54770   70 1142  575.00000  596.36500  3.72%   249  520s
 149677 119548  581.85463   86 1126  575.00000  596.34080  3.71%   248  536s
 150970 122709  579.46829  110 1078  575.00000  596.34015  3.71%   248  542s
 154812 124623  576.22549  102  907  575.00000  596.31775  3.71%   247  561s
 157052 126074  585.77632   73 1114  575.00000  596.30718  3.71%   247  578s
 158822 129134  577.33575  122 1124  575.00000  596.29770  3.70%   246  608s
 162537 131917  589.47140   64 1162  575.00000  596.27748  3.70%   245  637s
 165926 143178  593.55477   47 1133  575.00000  596.25663  3.70%   245  657s
 179215 147288  576.74227  138  934  575.00000  596.19885  3.69%   243  665s
 184219 151094  592.50038   51 1103  575.00000  596.17148  3.68%   242  673s
 188819 153799  592.92733   76 1104  575.00000  596.15011  3.68%   242  677s
 191932 155161  580.99136   93 1129  575.00000  596.13652  3.68%   241  696s
 193710 157910  589.95658   83 1125  575.00000  596.13143  3.68%   242  701s
 197292 157942  592.96666   56 1150  575.00000  596.11082  3.67%   243  723s
 197326 160726  591.12923   57 1127  575.00000  596.10974  3.67%   243  728s
 200540 162643  578.43703  105 1102  575.00000  596.09828  3.67%   242  733s
 202955 164479  591.03501   76 1048  575.00000  596.08493  3.67%   242  739s
 205522 166181  584.72936   75 1082  575.00000  596.07191  3.66%   243  759s
 207656 169018  584.87899   83 1144  575.00000  596.06036  3.66%   243  766s
 211340 172598  581.79310   73 1033  575.00000  596.04662  3.66%   244  774s
 215910 174615  580.65164   80 1203  575.00000  596.03300  3.66%   244  779s
 218307 176526  586.38744   89 1125  575.00000  596.02057  3.66%   243  800s
 220789 180331  580.73924   71 1099  575.00000  596.01336  3.65%   244  807s
 225406 183153  576.50758   53 1023  575.00000  595.99795  3.65%   243  813s
 228989 185483  593.32627   59 1108  575.00000  595.97829  3.65%   244  819s
 231649 188732  594.56366   47 1157  575.00000  595.96845  3.65%   243  825s
 235399 190469  592.42644   80 1120  575.00000  595.96146  3.65%   242  830s
 237706 195134  593.48189   55 1092  575.00000  595.94836  3.64%   243  838s
 243469 196678  577.62030   84 1102  575.00000  595.93277  3.64%   242  841s
 245361 198438  590.84209   69 1176  575.00000  595.93038  3.64%   242  845s
 247552 199545  590.16824   48 1194  575.00000  595.92023  3.64%   242  861s
 249000 201323  576.47287   66 1055  575.00000  595.91885  3.64%   243  866s
 251706 203560  590.87223   66 1119  575.00000  595.90384  3.64%   243  872s
 254482 204184  590.55815   99 1228  575.00000  595.89247  3.63%   242  892s
 255231 207565  583.18479  118 1220  575.00000  595.89191  3.63%   242  899s
 259282 207584     cutoff   86       575.00000  595.87974  3.63%   242  919s
 259311 210686  576.48994   87 1117  575.00000  595.87301  3.63%   242  925s
 263096 214427  577.15333  102 1174  575.00000  595.86466  3.63%   242  933s
 267825 216465  583.60411   68 1079  575.00000  595.84573  3.63%   242  937s
 270638 218305  582.67355   58  993  575.00000  595.83675  3.62%   243  941s
 273324 219971  584.02222   54 1197  575.00000  595.82566  3.62%   243  945s
 275731 222473  587.25229   71 1050  575.00000  595.81689  3.62%   244  950s
 278837 224129  593.27136   63 1061  575.00000  595.80525  3.62%   244  967s
 280754 227370  583.92308   87  990  575.00000  595.80384  3.62%   243  972s
 284609 230862  579.81071  105 1158  575.00000  595.79383  3.62%   243  978s
 288627 233091  588.44813   68  978  575.00000  595.78328  3.61%   242 1000s

Cutting planes:
  Gomory: 11
  Zero half: 580
  RLT: 19
  BQP: 2

Explored 291447 nodes (70609216 simplex iterations) in 1000.02 seconds (3115.09 work units)
Thread count was 24 (of 24 available processors)

Solution count 10: 575 574 573 ... 560

Time limit reached
Best objective 5.750000000000e+02, best bound 5.950000000000e+02, gap 3.4783%
