
Gurobi 11.0.3 (linux64) logging started Mon Mar 30 16:05:50 2026

Set parameter LogFile to value "/home/cc/code/modeling_strategy/predictandsearch/logs/IS_1500_6/IS_1500_6_GRB_Predect&Search/IS_3.lp.log"
Gurobi Optimizer version 11.0.3 build v11.0.3rc0 (linux64 - "Ubuntu 22.04.5 LTS")

CPU model: AMD Ryzen 9 9900X 12-Core Processor, instruction set [SSE2|AVX|AVX2|AVX512]
Thread count: 12 physical cores, 24 logical processors, using up to 24 threads

Optimize a model with 10050 rows, 1930 columns and 20258 nonzeros
Model fingerprint: 0xfd27066d
Variable types: 430 continuous, 1500 integer (1500 binary)
Coefficient statistics:
  Matrix range     [1e+00, 1e+00]
  Objective range  [1e+00, 1e+00]
  Bounds range     [1e+00, 1e+00]
  RHS range        [1e+00, 3e+01]
Found heuristic solution: objective 499.0000000
Presolve removed 2721 rows and 430 columns
Presolve time: 0.03s
Presolved: 7329 rows, 1500 columns, 16622 nonzeros
Variable types: 0 continuous, 1500 integer (1500 binary)
Found heuristic solution: objective 500.0000000

Root relaxation: objective 6.250000e+02, 1651 iterations, 0.02 seconds (0.05 work units)

    Nodes    |    Current Node    |     Objective Bounds      |     Work
 Expl Unexpl |  Obj  Depth IntInf | Incumbent    BestBd   Gap | It/Node Time

     0     0  625.00000    0  897  500.00000  625.00000  25.0%     -    0s
H    0     0                     530.0000000  625.00000  17.9%     -    0s
H    0     0                     533.0000000  625.00000  17.3%     -    0s
H    0     0                     546.0000000  625.00000  14.5%     -    0s
H    0     0                     552.0000000  625.00000  13.2%     -    0s
H    0     0                     554.0000000  622.87500  12.4%     -    0s
     0     0  622.87500    0  948  554.00000  622.87500  12.4%     -    0s
     0     0  622.87500    0  938  554.00000  622.87500  12.4%     -    0s
H    0     0                     558.0000000  619.77961  11.1%     -    0s
H    0     0                     560.0000000  619.77961  10.7%     -    0s
     0     0  619.77961    0 1010  560.00000  619.77961  10.7%     -    0s
H    0     0                     562.0000000  619.67560  10.3%     -    0s
     0     0  619.67560    0 1052  562.00000  619.67560  10.3%     -    0s
     0     0  619.66175    0 1054  562.00000  619.66175  10.3%     -    0s
     0     0  619.66152    0 1054  562.00000  619.66152  10.3%     -    0s
H    0     0                     565.0000000  619.66152  9.67%     -    0s
H    0     0                     566.0000000  619.66152  9.48%     -    0s
H    0     0                     568.0000000  619.66152  9.10%     -    0s
H    0     0                     569.0000000  619.66152  8.90%     -    0s
H    0     0                     570.0000000  615.92641  8.06%     -    0s
H    0     0                     571.0000000  615.92641  7.87%     -    0s
H    0     0                     572.0000000  615.92641  7.68%     -    0s
H    0     0                     573.0000000  615.92641  7.49%     -    0s
H    0     0                     574.0000000  615.92641  7.30%     -    0s
     0     0  615.92641    0 1083  574.00000  615.92641  7.30%     -    0s
     0     0  615.88173    0 1082  574.00000  615.88173  7.30%     -    0s
     0     0  615.81095    0 1084  574.00000  615.81095  7.28%     -    0s
     0     0  615.76167    0 1086  574.00000  615.76167  7.28%     -    0s
     0     0  615.76054    0 1087  574.00000  615.76054  7.28%     -    0s
     0     0  615.75838    0 1087  574.00000  615.75838  7.27%     -    0s
     0     0  615.75832    0 1087  574.00000  615.75832  7.27%     -    0s
H    0     0                     575.0000000  615.75832  7.09%     -    0s
     0     0  613.31222    0 1091  575.00000  613.31222  6.66%     -    0s
     0     0  613.12421    0 1084  575.00000  613.12421  6.63%     -    0s
     0     0  613.11277    0 1104  575.00000  613.11277  6.63%     -    0s
     0     0  613.11178    0 1099  575.00000  613.11178  6.63%     -    0s
     0     0  611.89228    0 1118  575.00000  611.89228  6.42%     -    0s
H    0     0                     578.0000000  611.89228  5.86%     -    1s
H    0     0                     583.0000000  611.89228  4.96%     -   13s
     0     2  611.89228    0 1112  583.00000  611.89228  4.96%     -   13s
    51    64  606.96780    6 1090  583.00000  611.05865  4.81%   697   15s
   793   677  590.66667   39  890  583.00000  611.05865  4.81%   333   20s
  2112  1658  593.13158   15 1154  583.00000  607.47992  4.20%   233   37s
  2167  1719  605.69610   20 1161  583.00000  606.73249  4.07%   263   45s
  2342  1836  600.53578   23 1190  583.00000  606.67693  4.06%   293   63s
  2502  1979  588.72468   26 1057  583.00000  606.67693  4.06%   308   65s
  3493  2310  594.85338   41 1099  583.00000  606.67581  4.06%   309   70s
  4297  2695     cutoff   73       583.00000  606.44563  4.02%   310   86s
  5398  3149  600.76732   50 1145  583.00000  606.44479  4.02%   304   90s
  7496  4304  591.88976   39 1088  583.00000  606.11771  3.97%   307   95s
  8852  5647  599.36483   46 1144  583.00000  605.36545  3.84%   306  100s
 11271  7552  584.09877   78 1043  583.00000  604.51367  3.69%   298  105s
 14207  9788  599.97191   34 1097  583.00000  603.72033  3.55%   297  110s
 16290 11156  598.41022   39 1136  583.00000  603.43221  3.50%   296  115s
 18394 12865  589.22222   91 1074  583.00000  603.30760  3.48%   290  120s
 19582 13999  588.53443   40 1047  583.00000  603.15153  3.46%   288  141s
 21856 16199  597.93503   25 1105  583.00000  603.00107  3.43%   289  146s
 24106 17969     cutoff   80       583.00000  602.86172  3.41%   284  150s
 27953 20614  591.87508   76 1118  583.00000  602.68402  3.38%   279  156s
 29152 21588  592.65000   58 1055  583.00000  602.65043  3.37%   277  174s
 30329 23001  600.07458   51 1122  583.00000  602.61597  3.36%   275  178s
 32115 23107  596.07318   74 1142  583.00000  602.55559  3.35%   274  182s
 32265 24642  592.82549   79 1142  583.00000  602.55398  3.35%   274  186s
 35986 27573  599.09527   43 1118  583.00000  602.44114  3.33%   270  192s
 37771 29097  598.03898   48 1108  583.00000  602.40096  3.33%   268  195s
 39637 30331  597.11234   44 1135  583.00000  602.35950  3.32%   266  212s
 41242 31435  591.21821   35 1009  583.00000  602.31713  3.31%   267  231s
 42791 33685  585.09134   67  971  583.00000  602.30442  3.31%   269  236s
 45589 35912  589.59776   80 1054  583.00000  602.22039  3.30%   267  242s
 48376 38410  596.57105   40 1083  583.00000  602.15914  3.29%   266  247s
 51443 41979  599.97723   52 1093  583.00000  602.09252  3.27%   264  254s
 56229 43430  592.94175   76 1142  583.00000  601.98711  3.26%   263  258s
 58425 45241  588.30088   95 1128  583.00000  601.95809  3.25%   262  261s
 60740 47051  584.17726   79 1071  583.00000  601.92616  3.25%   262  265s
 65005 50303  591.12863   46 1051  583.00000  601.85316  3.23%   262  273s
 67526 52024  587.98415   70 1008  583.00000  601.81761  3.23%   264  277s
 69869 53969  585.40949   98 1183  583.00000  601.77401  3.22%   264  281s
 72537 55593  589.90043   80 1172  583.00000  601.74683  3.22%   263  297s
 74703 57733  592.17841   61 1079  583.00000  601.71921  3.21%   262  302s
 77668 61377  595.60960   33 1108  583.00000  601.68155  3.20%   262  310s
 82471 63237  592.84615   63 1069  583.00000  601.62487  3.19%   261  315s
 87309 67328  584.64629   77 1110  583.00000  601.54746  3.18%   260  322s
 90197 67587  584.45238   55  921  583.00000  601.50201  3.17%   259  342s
 90516 69871  599.23536   62 1102  583.00000  601.49525  3.17%   259  346s
 93404 71786  592.72222   66 1012  583.00000  601.46412  3.17%   259  351s
 95966 72692  586.52461   93 1074  583.00000  601.43992  3.16%   259  356s
 97073 75118  591.69330   73 1095  583.00000  601.43293  3.16%   259  361s
 100049 77471  588.46386   73 1057  583.00000  601.38446  3.15%   258  366s
 103098 79820  592.16000   77 1022  583.00000  601.35393  3.15%   257  373s
 106524 82438  588.32143   58  950  583.00000  601.31231  3.14%   259  378s
 110092 82804  599.68942   40 1158  583.00000  601.27727  3.14%   259  396s
 110529 85205  593.93468   44 1068  583.00000  601.27564  3.13%   259  401s
 113871 87513  596.00151   45 1141  583.00000  601.24480  3.13%   259  406s
 117154 88971  596.59575   60 1165  583.00000  601.20920  3.12%   259  411s
 119373 91147  588.38255   43 1147  583.00000  601.19508  3.12%   260  417s
 122276 93484  599.56893   36 1130  583.00000  601.16654  3.12%   260  421s
 125219 94889  586.22643   57 1047  583.00000  601.14394  3.11%   259  426s
 127511 96579  598.88749   42 1135  583.00000  601.12961  3.11%   261  431s
 130247 97705  593.66197   46 1064  583.00000  601.09684  3.10%   262  453s
 131843 114103  587.66134   53 1072  583.00000  601.08120  3.10%   262  486s
 153940 116149  591.63793   69 1129  583.00000  600.93064  3.08%   260  490s
 156620 116366  595.60655   55 1118  583.00000  600.90167  3.07%   260  499s
 156883 134441  592.77311   63 1117  583.00000  600.89397  3.07%   260  535s
 180907 136361  585.53922  108 1107  583.00000  600.76624  3.05%   257  554s
 183356 139652  584.02351   66 1047  583.00000  600.74921  3.04%   257  561s
 187619 142137  598.25166   33 1164  583.00000  600.72684  3.04%   256  565s
 190907 143635  597.96455   55 1086  583.00000  600.71071  3.04%   255  585s
 193210 146412  592.78224   48 1126  583.00000  600.69984  3.04%   255  592s
 197054 149089  593.73288   70 1041  583.00000  600.68333  3.03%   256  598s
 200528 151552  594.41449   63 1059  583.00000  600.65757  3.03%   255  603s
 203988 153513  590.49946   77 1002  583.00000  600.64509  3.03%   256  608s
 206716 155732  585.14286   66 1036  583.00000  600.63092  3.02%   256  613s
 210331 158945  589.70775   77 1114  583.00000  600.61593  3.02%   256  619s
 212254 158945  587.36486   60 1101  583.00000  600.61144  3.02%   256  620s
 217640 162849  588.08375   89  960  583.00000  600.58459  3.02%   256  628s
 220126 165065  584.87500   96 1172  583.00000  600.57395  3.01%   256  632s
 223031 167266  591.38468   56 1041  583.00000  600.55815  3.01%   255  636s
 225921 169214  599.05267   51 1139  583.00000  600.53797  3.01%   255  640s
 228472 170003  587.61477   87 1137  583.00000  600.53237  3.01%   255  659s
 229538 172645  594.97344   46 1167  583.00000  600.52798  3.01%   255  665s
 233163 173870  593.80765   54 1132  583.00000  600.51028  3.00%   255  670s
 235050 176559  589.87826   53  976  583.00000  600.50300  3.00%   255  675s
 238451 179644  592.36580   66 1119  583.00000  600.48876  3.00%   255  682s
 242612 181439  586.14063   83 1005  583.00000  600.47142  3.00%   254  701s
 244986 185045  589.33333   84 1056  583.00000  600.46071  2.99%   254  708s
 249766 187428  586.06022   72 1196  583.00000  600.44329  2.99%   254  714s
 253041 189584  599.68090   55 1146  583.00000  600.43271  2.99%   254  720s
 255743 192374  600.05042   57 1151  583.00000  600.42276  2.99%   254  726s
 259630 194843  585.77982  102 1094  583.00000  600.40580  2.99%   254  731s
 263013 197639  593.88384   58 1051  583.00000  600.38766  2.98%   254  736s
 266616 200978  589.78070   72 1053  583.00000  600.37548  2.98%   253  743s
 271260 203015  594.13217   49 1062  583.00000  600.35566  2.98%   253  746s
 273859 205002  596.49780   60 1066  583.00000  600.34679  2.98%   253  750s
 276437 206215  584.20635   85 1162  583.00000  600.33786  2.97%   253  768s
 278079 208508  589.00366   88 1052  583.00000  600.33527  2.97%   253  774s
 281171 210266  592.87512   63 1144  583.00000  600.31989  2.97%   253  779s
 283366 212428  589.08228   53 1134  583.00000  600.31298  2.97%   253  785s
 286265 214281  589.89125   51 1119  583.00000  600.29969  2.97%   254  790s
 289567 215205  596.81898   55 1137  583.00000  600.29894  2.97%   254  806s
 291064 218135  586.48235   87 1023  583.00000  600.29598  2.97%   254  811s
 294996 220414  590.39206   65 1092  583.00000  600.27824  2.96%   253  818s
 298424 222456  596.94799   59 1118  583.00000  600.26426  2.96%   254  823s
 301120 225148     cutoff  102       583.00000  600.25630  2.96%   254  829s
 305047 226343  584.69231  102 1175  583.00000  600.24596  2.96%   254  846s
 306658 229169  597.83349   42 1173  583.00000  600.23898  2.96%   253  852s
 310305 231834  590.25727   62  970  583.00000  600.22884  2.96%   253  858s
 313868 234305  586.32308   62  986  583.00000  600.21225  2.95%   253  863s
 317389 236631  594.09062   50 1142  583.00000  600.20038  2.95%   252  869s
 320357 236654  586.97015   66 1033  583.00000  600.19209  2.95%   252  889s
 320382 250423  586.85714   67 1021  583.00000  600.19188  2.95%   252 1000s

Cutting planes:
  Gomory: 7
  Zero half: 680
  RLT: 53
  BQP: 11

Explored 339094 nodes (85401659 simplex iterations) in 1000.12 seconds (3072.02 work units)
Thread count was 24 (of 24 available processors)

Solution count 10: 583 578 575 ... 568

Time limit reached
Best objective 5.830000000000e+02, best bound 6.000000000000e+02, gap 2.9160%
