
Gurobi 11.0.3 (linux64) logging started Mon Mar 30 16:55:51 2026

Set parameter LogFile to value "/home/cc/code/modeling_strategy/predictandsearch/logs/IS_1500_6/IS_1500_6_GRB_Predect&Search/IS_6.lp.log"
Gurobi Optimizer version 11.0.3 build v11.0.3rc0 (linux64 - "Ubuntu 22.04.5 LTS")

CPU model: AMD Ryzen 9 9900X 12-Core Processor, instruction set [SSE2|AVX|AVX2|AVX512]
Thread count: 12 physical cores, 24 logical processors, using up to 24 threads

Optimize a model with 10058 rows, 1930 columns and 20268 nonzeros
Model fingerprint: 0x5b8e68e3
Variable types: 430 continuous, 1500 integer (1500 binary)
Coefficient statistics:
  Matrix range     [1e+00, 1e+00]
  Objective range  [1e+00, 1e+00]
  Bounds range     [1e+00, 1e+00]
  RHS range        [1e+00, 3e+01]
Found heuristic solution: objective 467.0000000
Presolve removed 2696 rows and 430 columns
Presolve time: 0.03s
Presolved: 7362 rows, 1500 columns, 16604 nonzeros
Variable types: 0 continuous, 1500 integer (1500 binary)
Found heuristic solution: objective 472.0000000

Root relaxation: objective 6.150000e+02, 1641 iterations, 0.02 seconds (0.05 work units)

    Nodes    |    Current Node    |     Objective Bounds      |     Work
 Expl Unexpl |  Obj  Depth IntInf | Incumbent    BestBd   Gap | It/Node Time

     0     0  615.00000    0  768  472.00000  615.00000  30.3%     -    0s
H    0     0                     538.0000000  615.00000  14.3%     -    0s
H    0     0                     541.0000000  615.00000  13.7%     -    0s
H    0     0                     545.0000000  615.00000  12.8%     -    0s
H    0     0                     551.0000000  615.00000  11.6%     -    0s
H    0     0                     552.0000000  614.50000  11.3%     -    0s
     0     0  614.50000    0  835  552.00000  614.50000  11.3%     -    0s
     0     0  614.50000    0  841  552.00000  614.50000  11.3%     -    0s
H    0     0                     554.0000000  611.21236  10.3%     -    0s
H    0     0                     559.0000000  611.21236  9.34%     -    0s
H    0     0                     560.0000000  611.21236  9.15%     -    0s
H    0     0                     561.0000000  611.21236  8.95%     -    0s
H    0     0                     562.0000000  611.21236  8.76%     -    0s
     0     0  611.21236    0  973  562.00000  611.21236  8.76%     -    0s
H    0     0                     564.0000000  611.16667  8.36%     -    0s
     0     0  611.16667    0  987  564.00000  611.16667  8.36%     -    0s
     0     0  611.16667    0  988  564.00000  611.16667  8.36%     -    0s
H    0     0                     566.0000000  608.82351  7.57%     -    0s
H    0     0                     568.0000000  608.82351  7.19%     -    0s
H    0     0                     570.0000000  608.82351  6.81%     -    0s
     0     0  608.82351    0 1012  570.00000  608.82351  6.81%     -    0s
H    0     0                     571.0000000  608.82351  6.62%     -    0s
H    0     0                     572.0000000  608.82351  6.44%     -    0s
     0     0  608.72832    0 1013  572.00000  608.72832  6.42%     -    0s
     0     0  608.71880    0 1014  572.00000  608.71880  6.42%     -    0s
     0     0  608.71880    0 1014  572.00000  608.71880  6.42%     -    0s
     0     0  607.44133    0 1050  572.00000  607.44133  6.20%     -    0s
H    0     0                     573.0000000  607.34796  5.99%     -    0s
     0     0  607.34796    0 1047  573.00000  607.34796  5.99%     -    0s
     0     0  607.32538    0 1055  573.00000  607.32538  5.99%     -    0s
     0     0  607.32501    0 1053  573.00000  607.32501  5.99%     -    0s
     0     0  606.63189    0 1024  573.00000  606.63189  5.87%     -    0s
H    0     0                     576.0000000  606.63189  5.32%     -    0s
     0     2  606.63189    0 1019  576.00000  606.63189  5.32%     -   10s
H   39    52                     577.0000000  606.16051  5.05%   626   11s
   696   626  598.21970   32  966  577.00000  606.16051  5.05%   278   15s
H 1433  1235                     578.0000000  606.05003  4.85%   214   17s
  2079  1709  594.97872   12 1130  578.00000  604.03869  4.50%   187   20s
  2092  1718  579.90000   92 1131  578.00000  602.59555  4.26%   186   32s
  2147  1779  601.38965   20 1124  578.00000  602.23705  4.19%   211   44s
H 2161  1688                     579.0000000  602.23642  4.01%   213   44s
  2171  1708  596.73272   20 1077  579.00000  602.23642  4.01%   216   45s
H 2343  1737                     580.0000000  602.19314  3.83%   243   47s
  2547  1839  595.32346   27 1076  580.00000  602.19314  3.83%   251   67s
  3383  2080  581.28846   37  975  580.00000  602.19314  3.83%   262   70s
  4959  2965  594.04348   63 1046  580.00000  602.00740  3.79%   257   75s
  6300  3365  598.46321   23 1097  580.00000  601.48845  3.70%   258   80s
  9301  5754  590.84855   74  994  580.00000  601.05682  3.63%   258   85s
 11362  7527  592.32033   57  984  580.00000  600.65410  3.56%   255   98s
 12599  8149  598.91322   36 1041  580.00000  600.10247  3.47%   251  100s
 12657  8816  598.74779   38 1052  580.00000  600.10247  3.47%   251  114s
 13465  9451  596.00423   65  977  580.00000  600.10247  3.47%   247  115s
 15367 11033  598.60576   35 1103  580.00000  599.77887  3.41%   243  127s
 17154 12576  591.86978   46 1053  580.00000  598.78015  3.24%   242  130s
 21646 15905  595.26268   45  986  580.00000  598.43049  3.18%   238  135s
 22382 16395  582.70000   59  965  580.00000  598.35312  3.16%   243  148s
 23033 17119  592.70476   63  958  580.00000  598.35257  3.16%   244  150s
 25577 19242  591.56052   52  919  580.00000  598.16438  3.13%   243  167s
 26826 23043  581.13333  107  809  580.00000  598.16005  3.13%   243  173s
 31794 24495  589.78911   71 1018  580.00000  597.96769  3.10%   238  176s
 35351 27615  584.83133   81 1028  580.00000  597.85791  3.08%   235  180s
 38840 30108  583.84016   87 1027  580.00000  597.78639  3.07%   233  185s
 40432 31512  592.78234   49 1057  580.00000  597.77734  3.07%   232  201s
 45023 35400  590.09227   77 1077  580.00000  597.64433  3.04%   230  207s
 47149 37749  589.85087   68 1021  580.00000  597.58339  3.03%   230  211s
 52475 43849  590.29665   41  975  580.00000  597.47896  3.01%   228  221s
 60032 47174  590.78030   58  937  580.00000  597.33439  2.99%   226  238s
 61843 49257  586.19444   42  982  580.00000  597.32481  2.99%   226  242s
 64934 51536  587.36538   51  954  580.00000  597.26337  2.98%   228  246s
 68112 53430  592.60714   40 1022  580.00000  597.22270  2.97%   229  263s
 70435 56395  581.35329   66  986  580.00000  597.17184  2.96%   228  268s
 74490 59358  590.55891   72 1000  580.00000  597.11820  2.95%   228  273s
 78103 63973  581.09435  104 1122  580.00000  597.08333  2.95%   227  279s
 83738 65759  584.71134   94  904  580.00000  597.03490  2.94%   225  282s
 88700 68706  590.68378   49 1012  580.00000  596.98895  2.93%   224  287s
 90231 70612     cutoff   48       580.00000  596.97334  2.93%   225  290s
 95488 74656  581.97541  131  896  580.00000  596.93885  2.92%   225  297s
 97893 76389  593.06059   66 1096  580.00000  596.90529  2.91%   225  301s
 100295 78492  593.91040   51 1031  580.00000  596.89133  2.91%   225  305s
 105406 84005  581.81270  101 1066  580.00000  596.85373  2.91%   224  314s
 110214 85821  592.57816   46  945  580.00000  596.80040  2.90%   224  317s
 112466 87677  582.59574   80  871  580.00000  596.78675  2.89%   224  320s
 117255 91514  584.69069   73  921  580.00000  596.74296  2.89%   225  328s
 120171 92932  595.61729   28 1063  580.00000  596.71998  2.88%   225  331s
 122192 93140  589.39844   57  991  580.00000  596.70476  2.88%   226  345s
 125461 97523  588.43898   45 1013  580.00000  596.67792  2.88%   227  352s
 128653 99955  585.62179   50 1034  580.00000  596.65701  2.87%   226  356s
 131669 102729  594.12408   53 1017  580.00000  596.63819  2.87%   226  362s
 135543 104918  594.29450   41 1024  580.00000  596.60951  2.86%   227  365s
 140759 108460  582.88393   61  952  580.00000  596.56139  2.86%   228  373s
 143737 109905  583.33333   75  780  580.00000  596.54793  2.85%   228  386s
 145657 111061  585.83333  102  876  580.00000  596.53310  2.85%   228  403s
 147132 112800  589.01481   28 1058  580.00000  596.52976  2.85%   228  417s
 149661 116546  585.17447   98 1062  580.00000  596.51545  2.85%   228  424s
 155203 120067  590.77119   76  961  580.00000  596.47885  2.84%   227  429s
 159631 123788  583.15663   82  734  580.00000  596.44826  2.84%   227  434s
 164523 125335  582.34711   85  828  580.00000  596.41597  2.83%   226  438s
 166656 127575  589.45645   65 1025  580.00000  596.39876  2.83%   227  441s
 172382 130220  583.93132   29  987  580.00000  596.37048  2.82%   226  459s
 173109 132606     cutoff   41       580.00000  596.36386  2.82%   227  463s
 176273 134547  587.19070   47  981  580.00000  596.34640  2.82%   227  467s
 178908 136932  593.82158   46 1041  580.00000  596.33256  2.82%   226  470s
 185043 143289  585.25000   91  904  580.00000  596.29623  2.81%   226  479s
 190244 145057  588.83189   76  994  580.00000  596.27288  2.81%   225  482s
 192775 147087  590.99122   51 1026  580.00000  596.26418  2.80%   225  485s
 197700 150310  594.68875   53 1054  580.00000  596.24249  2.80%   225  492s
 199993 152164  585.07941   62 1034  580.00000  596.23417  2.80%   225  496s
 202434 154727  590.93182   70 1009  580.00000  596.22091  2.80%   225  500s
 208489 158926  581.61905   82 1040  580.00000  596.19761  2.79%   224  507s
 211054 162750  588.50865   53 1026  580.00000  596.18212  2.79%   224  512s
 215907 164520  592.07464   42 1017  580.00000  596.16000  2.79%   224  528s
 218262 165667  592.15201   59 1053  580.00000  596.15265  2.78%   223  543s
 219598 169796  582.50635   98 1011  580.00000  596.15225  2.78%   223  550s
 225286 172670  584.90754   97  881  580.00000  596.12236  2.78%   223  556s
 229083 175023  588.57544   51  981  580.00000  596.10721  2.78%   223  560s
 232509 178343  582.38393  118  902  580.00000  596.09341  2.77%   223  565s
 236856 181161  592.31790   64  971  580.00000  596.07547  2.77%   223  570s
 244068 185278  590.03337   60  959  580.00000  596.04714  2.77%   223  577s
 247007 186919  581.57143   65  925  580.00000  596.03423  2.76%   223  592s
 249263 189297  581.83206   90  937  580.00000  596.02684  2.76%   223  596s
 252639 192404  586.37500   84  772  580.00000  596.01640  2.76%   223  601s
 256571 194624  589.43945   65 1092  580.00000  596.00071  2.76%   223  605s
 263176 200614  581.32026  115  995  580.00000  595.97877  2.75%   223  615s
 270407 204697  581.04687   47  950  580.00000  595.95443  2.75%   222  633s
 272927 206202  587.70000   84  835  580.00000  595.94738  2.75%   222  650s
 274965 208341  583.60045   57  974  580.00000  595.93838  2.75%   222  657s
 278259 211154  584.44000   69  902  580.00000  595.92658  2.75%   222  664s
 281976 214929  593.02313   60 1007  580.00000  595.91344  2.74%   222  669s
 286731 218273  592.39597   55  987  580.00000  595.89648  2.74%   222  674s
 290997 218554  588.91726   40 1023  580.00000  595.88142  2.74%   222  690s
 291393 236182  588.21990   44 1004  580.00000  595.88127  2.74%   222  717s
 315417 236198  589.61592   57 1020  580.00000  595.80836  2.73%   221  736s
 315449 238662  588.50000   58 1014  580.00000  595.80551  2.73%   221  741s
 318650 242161  588.07459   67 1101  580.00000  595.79347  2.72%   221  747s
 323398 243070  583.47711   87 1105  580.00000  595.77914  2.72%   221  751s
 324688 245675  584.50000   77  807  580.00000  595.77510  2.72%   221  755s
 331167 248947  581.36445   68  995  580.00000  595.75737  2.72%   221  779s
 332329 252098  583.12500   86 1030  580.00000  595.75672  2.72%   221  787s
 336464 254455  589.47823   56 1050  580.00000  595.74189  2.71%   221  795s
 339762 255240  587.80769   64  915  580.00000  595.73025  2.71%   221  819s
 340868 258703  586.99364   57  921  580.00000  595.72851  2.71%   221  828s
 345323 262223  583.06250   34  916  580.00000  595.71667  2.71%   221  839s
 350284 264353  592.85551   64 1014  580.00000  595.70064  2.71%   221  845s
 353124 266848  588.16128   68 1032  580.00000  595.69340  2.71%   221  851s
 356275 269154  593.39914   85 1063  580.00000  595.68684  2.70%   220  858s
 359162 269181  583.24183   82  849  580.00000  595.68182  2.70%   220  880s
 359199 270945  582.93119   83  893  580.00000  595.68177  2.70%   220  887s
 361691 272808  582.57243   51  807  580.00000  595.67260  2.70%   220  894s
 364261 275081  587.83333   77  918  580.00000  595.66514  2.70%   220  901s
 367253 277316  585.84193   69  956  580.00000  595.65740  2.70%   220  908s
 370439 281596  589.11920   79 1005  580.00000  595.64685  2.70%   220  919s
 376120 283588  587.82331   77 1046  580.00000  595.63339  2.70%   220  925s
 378763 285452  590.50546   65 1023  580.00000  595.62974  2.69%   220  930s
 381320 287448  586.69334   48  962  580.00000  595.62258  2.69%   220  936s
 384048 289458  593.76286   43 1111  580.00000  595.61820  2.69%   220  942s
 386908 291744  581.00000   93  759  580.00000  595.60799  2.69%   220  949s
 389976 293983  594.11904   67 1029  580.00000  595.60090  2.69%   220  956s
 392790 296078  583.68452  112  959  580.00000  595.59354  2.69%   220  962s
 395601 299829  581.92857   90  965  580.00000  595.58880  2.69%   220  973s
 400757 300828  591.59597   66 1018  580.00000  595.57736  2.69%   219  999s
 402033 301358  586.07799   64 1014  580.00000  595.57495  2.69%   219 1000s

Cutting planes:
  Gomory: 8
  Zero half: 656
  RLT: 29
  BQP: 5

Explored 402709 nodes (88342188 simplex iterations) in 1000.01 seconds (2590.98 work units)
Thread count was 24 (of 24 available processors)

Solution count 10: 580 579 578 ... 568

Time limit reached
Best objective 5.800000000000e+02, best bound 5.950000000000e+02, gap 2.5862%
