
Gurobi 11.0.3 (linux64) logging started Mon Mar 30 17:29:12 2026

Set parameter LogFile to value "/home/cc/code/modeling_strategy/predictandsearch/logs/IS_1500_6/IS_1500_6_GRB_Predect&Search/IS_8.lp.log"
Gurobi Optimizer version 11.0.3 build v11.0.3rc0 (linux64 - "Ubuntu 22.04.5 LTS")

CPU model: AMD Ryzen 9 9900X 12-Core Processor, instruction set [SSE2|AVX|AVX2|AVX512]
Thread count: 12 physical cores, 24 logical processors, using up to 24 threads

Optimize a model with 10044 rows, 1930 columns and 20254 nonzeros
Model fingerprint: 0x1b94a2c7
Variable types: 430 continuous, 1500 integer (1500 binary)
Coefficient statistics:
  Matrix range     [1e+00, 1e+00]
  Objective range  [1e+00, 1e+00]
  Bounds range     [1e+00, 1e+00]
  RHS range        [1e+00, 3e+01]
Found heuristic solution: objective 484.0000000
Presolve removed 2685 rows and 430 columns
Presolve time: 0.03s
Presolved: 7359 rows, 1500 columns, 16691 nonzeros
Variable types: 0 continuous, 1500 integer (1500 binary)

Root relaxation: objective 6.205000e+02, 1622 iterations, 0.03 seconds (0.04 work units)

    Nodes    |    Current Node    |     Objective Bounds      |     Work
 Expl Unexpl |  Obj  Depth IntInf | Incumbent    BestBd   Gap | It/Node Time

     0     0  620.50000    0  863  484.00000  620.50000  28.2%     -    0s
H    0     0                     529.0000000  620.50000  17.3%     -    0s
H    0     0                     534.0000000  620.50000  16.2%     -    0s
H    0     0                     540.0000000  620.50000  14.9%     -    0s
     0     0  618.00000    0  918  540.00000  618.00000  14.4%     -    0s
H    0     0                     541.0000000  618.00000  14.2%     -    0s
     0     0  618.00000    0  930  541.00000  618.00000  14.2%     -    0s
H    0     0                     546.0000000  616.75000  13.0%     -    0s
H    0     0                     550.0000000  616.75000  12.1%     -    0s
H    0     0                     551.0000000  616.75000  11.9%     -    0s
H    0     0                     552.0000000  616.75000  11.7%     -    0s
     0     0  616.75000    0  978  552.00000  616.75000  11.7%     -    0s
H    0     0                     556.0000000  616.62500  10.9%     -    0s
     0     0  616.62500    0  985  556.00000  616.62500  10.9%     -    0s
H    0     0                     557.0000000  616.62500  10.7%     -    0s
     0     0  616.62500    0  981  557.00000  616.62500  10.7%     -    0s
H    0     0                     559.0000000  616.62500  10.3%     -    0s
H    0     0                     560.0000000  613.94245  9.63%     -    1s
H    0     0                     561.0000000  613.94245  9.44%     -    1s
H    0     0                     562.0000000  613.94245  9.24%     -    1s
H    0     0                     563.0000000  613.94245  9.05%     -    1s
H    0     0                     564.0000000  613.94245  8.86%     -    1s
H    0     0                     565.0000000  613.94245  8.66%     -    1s
     0     0  613.94245    0 1052  565.00000  613.94245  8.66%     -    1s
H    0     0                     568.0000000  613.94245  8.09%     -    1s
H    0     0                     571.0000000  613.94245  7.52%     -    1s
     0     0  613.52175    0 1068  571.00000  613.52175  7.45%     -    1s
     0     0  613.50105    0 1061  571.00000  613.50105  7.44%     -    1s
     0     0  613.49832    0 1061  571.00000  613.49832  7.44%     -    1s
     0     0  613.49749    0 1061  571.00000  613.49749  7.44%     -    1s
     0     0  613.49740    0 1061  571.00000  613.49740  7.44%     -    1s
     0     0  611.49820    0 1064  571.00000  611.49820  7.09%     -    1s
     0     0  611.22456    0 1067  571.00000  611.22456  7.04%     -    1s
     0     0  611.21153    0 1068  571.00000  611.21153  7.04%     -    1s
     0     0  611.21022    0 1067  571.00000  611.21022  7.04%     -    1s
     0     0  611.19955    0 1066  571.00000  611.19955  7.04%     -    1s
     0     0  611.19951    0 1066  571.00000  611.19951  7.04%     -    1s
     0     0  609.54430    0 1087  571.00000  609.54430  6.75%     -    1s
H    0     0                     573.0000000  609.54430  6.38%     -    1s
H    0     0                     576.0000000  609.54430  5.82%     -   24s
     0     2  609.54430    0 1087  576.00000  609.54430  5.82%     -   24s
     3     8  609.43888    2 1084  576.00000  609.46157  5.81%   795   25s
   377   356  596.79537   19 1004  576.00000  608.78977  5.69%   467   32s
   803   735  607.60340   26 1057  576.00000  608.64949  5.67%   402   36s
  1808  1479  587.50543  132 1021  576.00000  608.64949  5.67%   309   40s
  2179  1760  585.50275  100 1136  576.00000  603.50983  4.78%   283   60s
  2234  1821  603.04564   19 1166  576.00000  603.07651  4.70%   312   83s
  2306  1883  593.52265   20 1076  576.00000  603.04028  4.69%   325   85s
  2427  1950  591.28983   22 1053  576.00000  603.04028  4.69%   346   90s
  2499  2012  589.22534   23 1050  576.00000  603.04028  4.69%   350  128s
  2627  2071  588.67642   25 1042  576.00000  603.04028  4.69%   358  132s
  2960  2158  581.81455   30  985  576.00000  603.04028  4.69%   351  137s
  3350  2220  578.79705   37 1000  576.00000  603.04028  4.69%   349  143s
  3624  2476  602.69930   25 1156  576.00000  602.97474  4.68%   346  145s
  3789  2595  601.98069   33 1143  576.00000  602.97474  4.68%   344  159s
  3952  2680  600.88279   36 1108  576.00000  602.97474  4.68%   341  160s
  5108  3298  594.09282   72 1124  576.00000  602.97474  4.68%   328  165s
  6458  3971  597.91886   22 1107  576.00000  602.69713  4.63%   314  170s
  7190  4330  593.75452   26 1053  576.00000  602.69713  4.63%   317  175s
  8130  5077  579.56150   34  915  576.00000  602.69713  4.63%   315  180s
  9290  5926  594.84702   38 1041  576.00000  601.24071  4.38%   314  186s
 10025  6623  580.52724   67 1150  576.00000  601.19583  4.37%   313  190s
 11437  8031  587.65337   62  990  576.00000  601.19583  4.37%   310  195s
 13309  9611  592.31520   48 1180  576.00000  600.92067  4.33%   303  201s
 13954 10033  586.00488   70 1048  576.00000  600.92067  4.33%   301  205s
 15218 11243  595.10689   29 1142  576.00000  599.66578  4.11%   295  211s
 16573 12240  582.43057   77 1233  576.00000  599.41656  4.07%   295  216s
 18155 13589  588.11003   77 1139  576.00000  599.41656  4.07%   291  222s
 18947 14196  579.66775  123 1061  576.00000  599.30550  4.05%   291  226s
 20635 15645  577.78947  115 1050  576.00000  599.18307  4.02%   290  230s
 22473 16901  596.59681   29 1084  576.00000  598.88535  3.97%   291  237s
 23153 17879  590.91638   57 1113  576.00000  598.87170  3.97%   292  242s
 24331 18983  594.28345   36 1078  576.00000  598.86299  3.97%   287  245s
 25598 20332  582.34708   81  922  576.00000  598.83989  3.97%   285  251s
 27368 21089  592.62839   61 1088  576.00000  598.63452  3.93%   284  257s
 28224 22495  581.33599   94 1133  576.00000  598.60101  3.92%   286  286s
 29965 24205  585.32103   80 1019  576.00000  598.49487  3.91%   283  294s
 32072 25551  596.12854   39 1150  576.00000  598.43201  3.89%   280  301s
 33780 27128  588.95814   43 1092  576.00000  598.36526  3.88%   281  308s
 35669 28108  587.83333   80  924  576.00000  598.33325  3.88%   280  345s
 36802 30298  579.10460  112 1118  576.00000  598.31534  3.87%   279  353s
 39421 31855  578.19479   28 1014  576.00000  598.19006  3.85%   276  361s
 41712 33304  587.09635   51 1106  576.00000  598.09674  3.84%   277  369s
 43785 35256  582.18376   51  904  576.00000  598.03444  3.83%   282  377s
 46204 37482     cutoff   90       576.00000  597.95501  3.81%   279  411s
 48801 40286  591.42095   53 1127  576.00000  597.91295  3.80%   276  421s
 52184 40830  594.60881   32 1067  576.00000  597.85882  3.79%   274  455s
 52892 49055  583.32774   49 1076  576.00000  597.85040  3.79%   275  489s
 63044 50227  582.48936   96 1211  576.00000  597.63154  3.76%   273  526s
 64553 52340  595.54599   51 1088  576.00000  597.60587  3.75%   272  539s
 67476 54408  588.66157   46 1056  576.00000  597.55134  3.74%   275  552s
 70646 57687  589.34895   53 1060  576.00000  597.46991  3.73%   278  564s
 74533 60699  584.81336   73 1174  576.00000  597.42372  3.72%   276  575s
 78221 64755  583.33663   92 1113  576.00000  597.36124  3.71%   275  590s
 83426 66603  585.67008   88 1165  576.00000  597.29568  3.70%   273  599s
 85759 66623  582.74144   81 1167  576.00000  597.26755  3.69%   273  619s
 85786 68673  582.61938   82 1164  576.00000  597.26501  3.69%   273  628s
 88269 69615  577.42182  105 1049  576.00000  597.23279  3.69%   272  661s
 89405 72505  584.00515   77 1045  576.00000  597.22427  3.68%   272  671s
 93097 74415  593.38095   54 1059  576.00000  597.17786  3.68%   270  682s
 95482 76839  582.51250   56  989  576.00000  597.15320  3.67%   269  692s
 98322 79124  577.22802   58  958  576.00000  597.13435  3.67%   269  700s
 101283 80884  590.66088   60 1123  576.00000  597.09605  3.66%   268  710s
 103696 84403  580.79220   84 1095  576.00000  597.07207  3.66%   270  726s
 108351 86409  587.52974   74 1143  576.00000  597.02717  3.65%   270  735s
 111049 87751  583.35335   90 1106  576.00000  596.98755  3.64%   270  772s
 112724 89500  583.83639   54 1139  576.00000  596.97869  3.64%   269  812s
 115024 91018  582.59894   77 1154  576.00000  596.95670  3.64%   270  855s
 117081 94975  580.77860   83 1129  576.00000  596.94217  3.64%   270  874s
 122352 98915  577.76106   65  984  576.00000  596.89489  3.63%   271  890s
 127294 99077  586.59632   52  967  576.00000  596.85883  3.62%   270  925s
 127462 102516  582.61538   59  924  576.00000  596.85057  3.62%   270  938s
 131515 106693  593.76958   49 1065  576.00000  596.81965  3.61%   268  954s
 137002 108632  588.28058   58 1072  576.00000  596.78635  3.61%   268  962s
 139426 110924  588.22706   66 1131  576.00000  596.76846  3.61%   269  970s
 142283 112288  593.77971   47 1197  576.00000  596.75186  3.60%   268  979s
 143936 114372  578.31133   76 1045  576.00000  596.74660  3.60%   268  988s
 146594 114788  579.04911   90 1135  576.00000  596.72200  3.60%   269 1000s

Cutting planes:
  Gomory: 11
  Zero half: 864
  RLT: 43
  BQP: 2

Explored 147171 nodes (39545686 simplex iterations) in 1000.02 seconds (1814.45 work units)
Thread count was 24 (of 24 available processors)

Solution count 10: 576 573 571 ... 560

Time limit reached
Best objective 5.760000000000e+02, best bound 5.960000000000e+02, gap 3.4722%
