
Gurobi 11.0.3 (linux64) logging started Mon Mar 30 17:45:52 2026

Set parameter LogFile to value "/home/cc/code/modeling_strategy/predictandsearch/logs/IS_1500_6/IS_1500_6_GRB_Predect&Search/IS_9.lp.log"
Gurobi Optimizer version 11.0.3 build v11.0.3rc0 (linux64 - "Ubuntu 22.04.5 LTS")

CPU model: AMD Ryzen 9 9900X 12-Core Processor, instruction set [SSE2|AVX|AVX2|AVX512]
Thread count: 12 physical cores, 24 logical processors, using up to 24 threads

Optimize a model with 10074 rows, 1930 columns and 20292 nonzeros
Model fingerprint: 0xd1a0e4fe
Variable types: 430 continuous, 1500 integer (1500 binary)
Coefficient statistics:
  Matrix range     [1e+00, 1e+00]
  Objective range  [1e+00, 1e+00]
  Bounds range     [1e+00, 1e+00]
  RHS range        [1e+00, 3e+01]
Found heuristic solution: objective 481.0000000
Presolve removed 2681 rows and 430 columns
Presolve time: 0.04s
Presolved: 7393 rows, 1500 columns, 16672 nonzeros
Variable types: 0 continuous, 1500 integer (1500 binary)
Found heuristic solution: objective 482.0000000

Root relaxation: objective 6.200000e+02, 1718 iterations, 0.03 seconds (0.05 work units)

    Nodes    |    Current Node    |     Objective Bounds      |     Work
 Expl Unexpl |  Obj  Depth IntInf | Incumbent    BestBd   Gap | It/Node Time

     0     0  620.00000    0  816  482.00000  620.00000  28.6%     -    0s
H    0     0                     526.0000000  620.00000  17.9%     -    0s
H    0     0                     528.0000000  620.00000  17.4%     -    0s
H    0     0                     533.0000000  620.00000  16.3%     -    0s
H    0     0                     537.0000000  620.00000  15.5%     -    0s
H    0     0                     543.0000000  616.85000  13.6%     -    0s
H    0     0                     551.0000000  616.85000  12.0%     -    0s
     0     0  616.72222    0  929  551.00000  616.72222  11.9%     -    0s
     0     0  616.72222    0  919  551.00000  616.72222  11.9%     -    0s
     0     0  616.72222    0  924  551.00000  616.72222  11.9%     -    0s
H    0     0                     555.0000000  614.51559  10.7%     -    0s
     0     0  614.51559    0 1018  555.00000  614.51559  10.7%     -    0s
H    0     0                     556.0000000  614.26374  10.5%     -    0s
     0     0  614.26374    0 1013  556.00000  614.26374  10.5%     -    0s
     0     0  614.24096    0 1014  556.00000  614.24096  10.5%     -    0s
H    0     0                     557.0000000  614.23438  10.3%     -    0s
     0     0  614.23438    0  998  557.00000  614.23438  10.3%     -    0s
H    0     0                     558.0000000  614.23210  10.1%     -    0s
     0     0  614.23210    0 1010  558.00000  614.23210  10.1%     -    0s
H    0     0                     560.0000000  614.23210  9.68%     -    0s
H    0     0                     561.0000000  614.23210  9.49%     -    0s
H    0     0                     562.0000000  611.66750  8.84%     -    0s
H    0     0                     563.0000000  611.66750  8.64%     -    0s
H    0     0                     564.0000000  611.66750  8.45%     -    0s
H    0     0                     566.0000000  611.66750  8.07%     -    0s
H    0     0                     567.0000000  611.66750  7.88%     -    0s
     0     0  611.66750    0 1039  567.00000  611.66750  7.88%     -    0s
     0     0  611.49223    0 1031  567.00000  611.49223  7.85%     -    0s
     0     0  611.48068    0 1030  567.00000  611.48068  7.84%     -    0s
     0     0  611.47987    0 1030  567.00000  611.47987  7.84%     -    0s
H    0     0                     568.0000000  611.47987  7.65%     -    0s
     0     0  609.15849    0 1059  568.00000  609.15849  7.25%     -    0s
     0     0  608.99759    0 1078  568.00000  608.99759  7.22%     -    0s
     0     0  608.94550    0 1077  568.00000  608.94550  7.21%     -    0s
     0     0  608.94508    0 1077  568.00000  608.94508  7.21%     -    0s
     0     0  607.59215    0 1091  568.00000  607.59215  6.97%     -    1s
H    0     0                     573.0000000  607.59215  6.04%     -    1s
H    0     0                     574.0000000  607.59215  5.85%     -   15s
     0     2  607.59215    0 1090  574.00000  607.59215  5.85%     -   15s
H   29    40                     575.0000000  606.77294  5.53%   842   18s
   166   192  601.37631   13 1101  575.00000  606.77294  5.53%   574   20s
H  300   313                     576.0000000  606.77294  5.34%   507   20s
H  357   360                     577.0000000  606.77294  5.16%   471   22s
   719   611  600.96766   11 1039  577.00000  606.49898  5.11%   375   25s
  1169  1053  583.68310   31 1049  577.00000  606.49898  5.11%   342   30s
  2116  1781  586.14674   23 1091  577.00000  606.25997  5.07%   282   38s
  2135  1794  585.33631   27 1132  577.00000  602.58296  4.43%   279   40s
  2141  1798  596.68779   22 1143  577.00000  602.43968  4.41%   278   55s
  2196  1859  601.32482   21 1151  577.00000  601.33818  4.22%   305   73s
  2244  1891  597.70980   22 1142  577.00000  601.32482  4.22%   316   75s
  2385  1985  595.74446   24 1107  577.00000  601.32482  4.22%   329   80s
  2571  2104  589.30988   27 1111  577.00000  601.32482  4.22%   337  115s
  2676  2157  588.12689   29 1047  577.00000  601.32482  4.22%   338  125s
  3225  2342  579.10931   37 1101  577.00000  601.32482  4.22%   329  130s
  4390  3017  593.91143   45 1046  577.00000  601.17455  4.19%   314  135s
  5550  3580  598.81496   31 1146  577.00000  600.98973  4.16%   306  140s
  6010  3650  594.42973   42 1070  577.00000  600.98973  4.16%   304  145s
  6975  4166     cutoff  104       577.00000  600.76417  4.12%   302  151s
  7777  4799  589.47558   53 1111  577.00000  600.76417  4.12%   305  155s
  9274  6012  591.96470   29 1128  577.00000  600.64083  4.10%   303  161s
 10052  6566  583.91459   38 1045  577.00000  600.64083  4.10%   299  165s
 11340  7717  595.60525   43 1152  577.00000  600.49329  4.07%   294  170s
 11951  8200  590.45145   67 1120  577.00000  600.49329  4.07%   291  175s
 13818 10038  591.89614   48 1173  577.00000  600.20405  4.02%   283  180s
 14725 10669  585.19512   80 1153  577.00000  599.95019  3.98%   279  185s
 15451 11063  597.06600   27 1109  577.00000  599.27838  3.86%   277  191s
 16249 11811  582.49606   39 1093  577.00000  599.20097  3.85%   284  196s
 17524 12861  587.32360   48 1078  577.00000  599.05824  3.82%   288  201s
 18382 13271  598.91568   42 1144  577.00000  599.01629  3.82%   288  205s
 19097 13644  593.06239   66 1097  577.00000  599.01629  3.82%   286  211s
 19336 14524  591.35185   70 1155  577.00000  599.01629  3.82%   286  219s
 20476 14921  578.25112  135 1077  577.00000  598.89050  3.79%   283  253s
 21106 16355  589.81416   51 1058  577.00000  598.78400  3.78%   284  260s
 23413 18165  594.53915   37 1182  577.00000  598.65354  3.75%   279  268s
 24973 18904  595.77240   38 1072  577.00000  598.61889  3.75%   276  272s
 25789 20540  585.87324   66 1030  577.00000  598.60204  3.74%   274  280s
 27845 21569  579.81859   42  992  577.00000  598.48209  3.72%   274  286s
 30368 23251  589.74115   34 1085  577.00000  598.34625  3.70%   278  294s
 31435 24606  593.20406   43 1091  577.00000  598.33835  3.70%   281  300s
 33096 24853  589.64264   67 1094  577.00000  598.31055  3.69%   279  327s
 33452 26211  588.67264   72 1054  577.00000  598.29911  3.69%   279  333s
 35088 27370  578.07143  105 1147  577.00000  598.26076  3.68%   277  339s
 36508 29086  594.92558   33 1105  577.00000  598.19482  3.67%   275  345s
 38630 30636     cutoff   67       577.00000  598.11806  3.66%   275  351s
 40432 32385  580.66667   82 1084  577.00000  598.06571  3.65%   273  357s
 42444 34074  583.07570   94  957  577.00000  598.03883  3.65%   270  363s
 44504 36097  586.21264   89 1144  577.00000  597.98798  3.64%   268  370s
 46897 37503  581.64883   80 1113  577.00000  597.94710  3.63%   265  377s
 48734 38996  581.01429   74  947  577.00000  597.91288  3.62%   264  384s
 50802 42791  592.63206   55 1109  577.00000  597.87272  3.62%   264  396s
 55401 44490  580.21144   89 1058  577.00000  597.80918  3.61%   261  419s
 57633 46885  587.84684   59 1039  577.00000  597.76697  3.60%   261  427s
 60734 49233  593.10936   41 1123  577.00000  597.71701  3.59%   260  435s
 63488 50977  595.45648   37 1162  577.00000  597.68009  3.58%   258  444s
 65795 52639  588.26834   58 1086  577.00000  597.64764  3.58%   259  453s
 68094 54553  594.58101   45 1093  577.00000  597.60589  3.57%   260  463s
 70334 56447  584.35881   59 1066  577.00000  597.57229  3.57%   259  471s
 72866 57340  591.63391   44 1101  577.00000  597.52293  3.56%   261  505s
 74201 59446  590.06330   57 1098  577.00000  597.51656  3.56%   263  539s
 76801 61628  585.63208   74 1135  577.00000  597.48305  3.55%   262  573s
 79429 71577  578.73846   95 1046  577.00000  597.46227  3.55%   261  606s
 91568 73972  589.35795   75 1111  577.00000  597.34790  3.53%   256  616s
 94629 76356  588.23653   54 1159  577.00000  597.30130  3.52%   255  625s
 97595 78626  593.57750   49 1078  577.00000  597.26712  3.51%   255  634s
 100211 80496  583.86885   57 1036  577.00000  597.25111  3.51%   254  670s
 102652 84712  592.49540   37 1105  577.00000  597.23071  3.51%   253  684s
 107682 86808  585.69177   77 1093  577.00000  597.19976  3.50%   252  693s
 110196 86978  580.17297   81 1074  577.00000  597.17756  3.50%   251  722s
 110416 88819  579.72846   86 1060  577.00000  597.17324  3.50%   251  754s
 112736 90764  595.30083   40 1138  577.00000  597.15378  3.49%   251  786s
 115093 93996  591.03330   48 1124  577.00000  597.13464  3.49%   251  800s
 119035 95961  595.77528   43 1135  577.00000  597.09421  3.48%   250  814s
 121543 99648  587.87469   53 1047  577.00000  597.07494  3.48%   250  827s
 125866 100597  581.44444  109 1055  577.00000  597.05309  3.48%   249  857s
 126943 103929  590.52801   61 1056  577.00000  597.05253  3.48%   249  871s
 131360 107951  581.40700   66 1060  577.00000  597.01399  3.47%   249  886s
 136505 109999  578.18280  115 1046  577.00000  596.97566  3.46%   250  894s
 139050 112210  585.87324   87 1062  577.00000  596.95484  3.46%   249  902s
 141745 114762  589.37846   49  982  577.00000  596.93464  3.45%   249  909s
 144760 116790  582.28767   93 1126  577.00000  596.92426  3.45%   248  917s
 147305 118810  583.55959   85 1061  577.00000  596.90665  3.45%   248  925s
 149884 120731  586.08526   55 1126  577.00000  596.88041  3.45%   248  934s
 152288 122390  596.44408   29 1180  577.00000  596.88036  3.45%   248  942s
 154209 124325  579.07469   85 1084  577.00000  596.85933  3.44%   248  951s
 156681 125289  583.01244   62 1013  577.00000  596.84406  3.44%   248  989s
 157861 126074  578.82313   69 1036  577.00000  596.83988  3.44%   249 1000s

Cutting planes:
  Gomory: 9
  Zero half: 800
  RLT: 13
  BQP: 1

Explored 159096 nodes (39608725 simplex iterations) in 1000.03 seconds (1814.93 work units)
Thread count was 24 (of 24 available processors)

Solution count 10: 577 576 575 ... 563

Time limit reached
Best objective 5.770000000000e+02, best bound 5.960000000000e+02, gap 3.2929%
