
Gurobi 11.0.3 (linux64) logging started Tue Mar  3 10:10:28 2026

Set parameter LogFile to value "/home/cc/code/modeling_strategy/predictandsearch/logs/CA_750_1100_0.7/CA_750_1100_0.7_GRB_Predect&Search/CA_0.lp.log"
Gurobi Optimizer version 11.0.3 build v11.0.3rc0 (linux64 - "Ubuntu 22.04.5 LTS")

CPU model: AMD Ryzen 9 9900X 12-Core Processor, instruction set [SSE2|AVX|AVX2|AVX512]
Thread count: 12 physical cores, 24 logical processors, using up to 24 threads

Optimize a model with 2031 rows, 1180 columns and 6313 nonzeros
Model fingerprint: 0x9b1db6b1
Variable types: 430 continuous, 750 integer (750 binary)
Coefficient statistics:
  Matrix range     [1e+00, 1e+00]
  Objective range  [6e+00, 1e+03]
  Bounds range     [1e+00, 1e+00]
  RHS range        [1e+00, 1e+02]
Found heuristic solution: objective 31281.000646
Presolve removed 1089 rows and 490 columns
Presolve time: 0.01s
Presolved: 942 rows, 690 columns, 4355 nonzeros
Found heuristic solution: objective 39842.759421
Variable types: 0 continuous, 690 integer (690 binary)
Found heuristic solution: objective 40600.969566

Root relaxation: objective 5.105420e+04, 2554 iterations, 0.10 seconds (0.23 work units)

    Nodes    |    Current Node    |     Objective Bounds      |     Work
 Expl Unexpl |  Obj  Depth IntInf | Incumbent    BestBd   Gap | It/Node Time

     0     0 51054.2015    0  467 40600.9696 51054.2015  25.7%     -    0s
H    0     0                    40694.829033 51022.0099  25.4%     -    0s
     0     0 50896.8249    0  477 40694.8290 50896.8249  25.1%     -    0s
     0     0 50896.8249    0  478 40694.8290 50896.8249  25.1%     -    0s
H    0     0                    40768.957906 50896.8249  24.8%     -    0s
     0     0 50896.3424    0  476 40768.9579 50896.3424  24.8%     -    0s
H    0     0                    41261.876279 50896.3424  23.3%     -    0s
     0     0 50773.1986    0  474 41261.8763 50773.1986  23.1%     -    0s
     0     0 50699.2882    0  477 41261.8763 50699.2882  22.9%     -    0s
H    0     0                    43582.714273 50699.2882  16.3%     -    0s
H    0     0                    44248.109674 50699.2882  14.6%     -    0s
     0     0 50699.2882    0  479 44248.1097 50699.2882  14.6%     -    0s
     0     0 50699.2882    0  479 44248.1097 50699.2882  14.6%     -    0s
H    0     0                    44691.449270 50594.9891  13.2%     -    0s
     0     0 50594.9891    0  479 44691.4493 50594.9891  13.2%     -    0s
     0     0 50594.9891    0  479 44691.4493 50594.9891  13.2%     -    0s
     0     0 50495.5635    0  480 44691.4493 50495.5635  13.0%     -    0s
H    0     0                    44812.949939 50495.5635  12.7%     -    0s
H    0     0                    45364.112861 50495.5635  11.3%     -    3s
H    0     2                    45383.344841 50495.5635  11.3%     -    3s
     0     2 50495.5635    0  480 45383.3448 50495.5635  11.3%     -    3s
H   19    28                    45627.084922 50495.5635  10.7%   474    3s
H   28    40                    45745.196003 50495.5635  10.4%   453    3s
H   35    40                    45854.721160 50495.5635  10.1%   409    3s
H   47    52                    45907.704502 50495.5635  10.0%   392    3s
H   72    80                    45916.757081 50495.5635  10.0%   365    3s
H  111   129                    45942.656604 50495.5635  9.91%   357    4s
H  112   129                    45954.171551 50495.5635  9.88%   357    4s
H  170   185                    46018.396934 50495.5635  9.73%   324    4s
H  218   218                    46086.188790 50495.5635  9.57%   293    4s
   321   264 48471.8525   20  409 46086.1888 50495.5635  9.57%   255    5s
  2406  1511 46600.0301   23  467 46086.1888 49490.2360  7.39%   205   10s
  2593  1665 48546.4140   18  388 46086.1888 49490.2360  7.39%   216   15s
  3606  1900 48101.3914   26  368 46086.1888 49490.2360  7.39%   207   20s
  5384  2269 48335.1530   27  414 46086.1888 49490.2360  7.39%   203   25s
  7091  2868 47785.4176   32  388 46086.1888 49490.2360  7.39%   201   31s
  9383  4220 46544.6924   40  330 46086.1888 49054.4967  6.44%   198   35s
 10185  4697     cutoff   40      46086.1888 48992.7837  6.31%   197   40s
 12173  5589 46094.8052   26  282 46086.1888 48877.1946  6.06%   195   45s
 14589  6763 47350.7969   25  349 46086.1888 48813.8140  5.92%   192   51s
 16858  8082 47114.0864   33  377 46086.1888 48739.4473  5.76%   191   57s
 20772 10130 47806.0093   29  389 46086.1888 48638.4167  5.54%   186   61s
 22773 11100 46148.9162   35  271 46086.1888 48603.7467  5.46%   186   65s
 25074 12278 48063.7060   21  400 46086.1888 48553.1744  5.35%   185   71s
 28659 14666 46483.8293   36  356 46086.1888 48521.5631  5.28%   183   77s
 32168 16643 48127.7176   31  401 46086.1888 48453.1328  5.14%   182   83s
 34557 17854 46819.9351   31  341 46086.1888 48437.4817  5.10%   181   86s
 39678 20014 47017.6337   28  337 46086.1888 48380.3367  4.98%   180   91s
 44167 22407 46128.9797   30  285 46086.1888 48332.6809  4.87%   178   96s
 46582 23133 47206.8597   28  318 46086.1888 48316.6925  4.84%   177  100s
 50346 25837 47323.6871   27  356 46086.1888 48282.3087  4.77%   176  106s
 56208 28036 46677.7084   30  337 46086.1888 48241.1061  4.68%   175  111s
 59614 29360 46404.5198   36  320 46086.1888 48215.1881  4.62%   174  115s
 65808 32120 46434.8850   44  343 46086.1888 48186.0434  4.56%   173  121s
 72408 35017     cutoff   43      46086.1888 48144.4892  4.47%   172  127s
 75843 36876 47471.5672   38  369 46086.1888 48127.2588  4.43%   171  131s
 83448 39680 47121.4277   27  320 46086.1888 48096.2440  4.36%   170  137s
 86753 40583 47389.6048   29  365 46086.1888 48082.4282  4.33%   170  140s
 91919 43420 47820.8788   22  379 46086.1888 48063.0235  4.29%   169  146s
 99242 46185 46159.1529   40  353 46086.1888 48034.4998  4.23%   168  151s
 102015 48256 47246.1385   40  359 46086.1888 48023.5492  4.20%   168  156s
 109958 50399 46102.7764   43  329 46086.1888 47992.0683  4.14%   167  161s
 114974 52555 47782.5637   29  407 46086.1888 47979.6756  4.11%   166  168s
 117997 53166 46257.1448   28  288 46086.1888 47971.5930  4.09%   166  171s
 124383 56059 47041.6823   33  326 46086.1888 47950.8217  4.05%   165  176s
 130068 58761 46397.4944   32  315 46086.1888 47935.5392  4.01%   165  182s
 136281 60980 47480.3437   31  341 46086.1888 47919.9988  3.98%   164  188s
 138785 61774 46775.5761   31  340 46086.1888 47913.8379  3.97%   164  191s
 144625 64689 46150.9117   45  339 46086.1888 47898.5113  3.93%   163  197s
 147975 65846 46842.8476   36  290 46086.1888 47888.4479  3.91%   163  201s
 154514 68866 46914.5698   31  344 46086.1888 47875.6704  3.88%   163  206s
 162140 71616 46119.6293   37  326 46086.1888 47853.5774  3.83%   162  211s
 166464 73456 46632.1086   37  341 46086.1888 47842.5154  3.81%   162  216s
 173112 76413 47050.4511   33  344 46086.1888 47827.3803  3.78%   161  221s
 179250 78410 47438.6388   30  377 46086.1888 47817.4605  3.76%   161  227s
 185275 80635 46418.0445   42  341 46086.1888 47806.0579  3.73%   161  232s
 191465 82994 47011.0337   41  352 46086.1888 47794.2484  3.71%   160  237s
 197372 85198 47054.8928   41  380 46086.1888 47785.3928  3.69%   160  242s
 200756 86683 47457.3406   34  387 46086.1888 47779.0076  3.67%   160  245s
 208515 89227 47366.7702   30  388 46086.1888 47767.5436  3.65%   160  250s
 215965 91179 47553.5179   29  390 46086.1888 47755.3377  3.62%   159  257s
 220455 93303     cutoff   41      46086.1888 47747.4561  3.60%   159  262s
 226703 95737     cutoff   44      46086.1888 47737.9975  3.58%   159  267s
 230117 96939 47441.0549   34  366 46086.1888 47730.6168  3.57%   158  270s
 235067 98682 46800.8802   33  287 46086.1888 47725.6074  3.56%   158  275s
 240670 101055 47035.2949   31  336 46086.1888 47715.2256  3.53%   158  281s
 246342 102885 46104.4722   42  308 46086.1888 47706.7221  3.52%   158  287s
 254281 105156 46131.5885   31  292 46086.1888 47697.5223  3.50%   157  292s
 256871 106142 46514.2990   34  290 46086.1888 47694.5825  3.49%   157  295s
 262619 108190 46842.9452   38  371 46086.1888 47687.5675  3.47%   157  300s
 270765 110671 46450.2869   27  325 46086.1888 47675.2309  3.45%   157  305s
 276859 112611 47358.1627   26  377 46086.1888 47668.3473  3.43%   157  310s
 282499 114298     cutoff   47      46086.1888 47660.3900  3.42%   156  315s
 288150 116906     cutoff   44      46086.1888 47653.4279  3.40%   156  320s
 294628 119087     cutoff   36      46086.1888 47646.1012  3.38%   156  326s
 298051 119100 46247.9284   38  300 46086.1888 47643.9717  3.38%   156  330s
 300832 121259 46283.8023   42  319 46086.1888 47641.6130  3.38%   156  336s
 308388 123826 46107.9116   37  282 46086.1888 47630.9787  3.35%   155  341s
 315313 126417 47513.1858   28  359 46086.1888 47622.8539  3.33%   155  346s
 320371 128125     cutoff   35      46086.1888 47618.1463  3.32%   155  351s
 327230 130492 46102.6468   49  341 46086.1888 47612.3927  3.31%   155  356s
 333415 132726 46367.9153   35  316 46086.1888 47604.9473  3.30%   155  361s
 339222 134674 46831.6108   38  383 46086.1888 47600.2589  3.29%   154  366s
 346117 137357 46382.3657   36  320 46086.1888 47592.2986  3.27%   154  371s
 352053 138587 46261.9155   38  344 46086.1888 47587.4788  3.26%   154  375s
 360994 141543 46748.0765   35  339 46086.1888 47577.7965  3.24%   154  381s

Gurobi 11.0.3 (linux64) logging started Tue Mar  3 10:17:12 2026

Set parameter LogFile to value "/home/cc/code/modeling_strategy/predictandsearch/logs/CA_750_1100_0.7/CA_750_1100_0.7_GRB_Predect&Search/CA_0.lp.log"
Gurobi Optimizer version 11.0.3 build v11.0.3rc0 (linux64 - "Ubuntu 22.04.5 LTS")

CPU model: AMD Ryzen 9 9900X 12-Core Processor, instruction set [SSE2|AVX|AVX2|AVX512]
Thread count: 12 physical cores, 24 logical processors, using up to 24 threads

Optimize a model with 2031 rows, 1180 columns and 6313 nonzeros
Model fingerprint: 0x9b1db6b1
Variable types: 430 continuous, 750 integer (750 binary)
Coefficient statistics:
  Matrix range     [1e+00, 1e+00]
  Objective range  [6e+00, 1e+03]
  Bounds range     [1e+00, 1e+00]
  RHS range        [1e+00, 1e+02]
Found heuristic solution: objective 31281.000646
Presolve removed 1089 rows and 490 columns
Presolve time: 0.01s
Presolved: 942 rows, 690 columns, 4355 nonzeros
Found heuristic solution: objective 39842.759421
Variable types: 0 continuous, 690 integer (690 binary)
Found heuristic solution: objective 40600.969566

Root relaxation: objective 5.105420e+04, 2554 iterations, 0.10 seconds (0.23 work units)

    Nodes    |    Current Node    |     Objective Bounds      |     Work
 Expl Unexpl |  Obj  Depth IntInf | Incumbent    BestBd   Gap | It/Node Time

     0     0 51054.2015    0  467 40600.9696 51054.2015  25.7%     -    0s
H    0     0                    40694.829033 51022.0099  25.4%     -    0s
     0     0 50896.8249    0  477 40694.8290 50896.8249  25.1%     -    0s
     0     0 50896.8249    0  478 40694.8290 50896.8249  25.1%     -    0s
H    0     0                    40768.957906 50896.8249  24.8%     -    0s
     0     0 50896.3424    0  476 40768.9579 50896.3424  24.8%     -    0s
H    0     0                    41261.876279 50896.3424  23.3%     -    0s
     0     0 50773.1986    0  474 41261.8763 50773.1986  23.1%     -    0s
     0     0 50699.2882    0  477 41261.8763 50699.2882  22.9%     -    0s
H    0     0                    43582.714273 50699.2882  16.3%     -    0s
H    0     0                    44248.109674 50699.2882  14.6%     -    0s
     0     0 50699.2882    0  479 44248.1097 50699.2882  14.6%     -    0s
     0     0 50699.2882    0  479 44248.1097 50699.2882  14.6%     -    0s
H    0     0                    44691.449270 50594.9891  13.2%     -    0s
     0     0 50594.9891    0  479 44691.4493 50594.9891  13.2%     -    0s
     0     0 50594.9891    0  479 44691.4493 50594.9891  13.2%     -    0s
     0     0 50495.5635    0  480 44691.4493 50495.5635  13.0%     -    0s
H    0     0                    44812.949939 50495.5635  12.7%     -    0s
H    0     0                    45364.112861 50495.5635  11.3%     -    3s
H    0     2                    45383.344841 50495.5635  11.3%     -    3s
     0     2 50495.5635    0  480 45383.3448 50495.5635  11.3%     -    3s
H   19    28                    45627.084922 50495.5635  10.7%   474    3s
H   28    40                    45745.196003 50495.5635  10.4%   453    3s
H   35    40                    45854.721160 50495.5635  10.1%   409    3s
H   47    52                    45907.704502 50495.5635  10.0%   392    3s
H   72    80                    45916.757081 50495.5635  10.0%   365    3s
H  111   129                    45942.656604 50495.5635  9.91%   357    4s
H  112   129                    45954.171551 50495.5635  9.88%   357    4s
H  170   185                    46018.396934 50495.5635  9.73%   324    4s
H  218   218                    46086.188790 50495.5635  9.57%   293    4s
   321   264 48471.8525   20  409 46086.1888 50495.5635  9.57%   255    5s
  2406  1511 46600.0301   23  467 46086.1888 49490.2360  7.39%   205   10s
  2593  1665 48546.4140   18  388 46086.1888 49490.2360  7.39%   216   15s

Gurobi 11.0.3 (linux64) logging started Tue Mar  3 10:18:26 2026

Set parameter LogFile to value "/home/cc/code/modeling_strategy/predictandsearch/logs/CA_750_1100_0.7/CA_750_1100_0.7_GRB_Predect&Search/CA_0.lp.log"
Gurobi Optimizer version 11.0.3 build v11.0.3rc0 (linux64 - "Ubuntu 22.04.5 LTS")

CPU model: AMD Ryzen 9 9900X 12-Core Processor, instruction set [SSE2|AVX|AVX2|AVX512]
Thread count: 12 physical cores, 24 logical processors, using up to 24 threads

Optimize a model with 2031 rows, 1180 columns and 6313 nonzeros
Model fingerprint: 0x5a30d00c
Variable types: 430 continuous, 750 integer (750 binary)
Coefficient statistics:
  Matrix range     [1e+00, 1e+00]
  Objective range  [6e+00, 1e+03]
  Bounds range     [1e+00, 1e+00]
  RHS range        [1e+00, 1e+02]
Found heuristic solution: objective 34087.591571
Presolve removed 1088 rows and 494 columns
Presolve time: 0.01s
Presolved: 943 rows, 686 columns, 4350 nonzeros
Found heuristic solution: objective 41145.743536
Variable types: 0 continuous, 686 integer (686 binary)
Found heuristic solution: objective 41955.977012

Root relaxation: objective 5.105420e+04, 2412 iterations, 0.09 seconds (0.21 work units)

    Nodes    |    Current Node    |     Objective Bounds      |     Work
 Expl Unexpl |  Obj  Depth IntInf | Incumbent    BestBd   Gap | It/Node Time

     0     0 51054.2015    0  464 41955.9770 51054.2015  21.7%     -    0s
H    0     0                    42063.788245 51054.2015  21.4%     -    0s
     0     0 50896.8249    0  474 42063.7882 50896.8249  21.0%     -    0s
     0     0 50773.1986    0  469 42063.7882 50773.1986  20.7%     -    0s
H    0     0                    42156.013953 50773.1986  20.4%     -    0s
     0     0 50773.1986    0  470 42156.0140 50773.1986  20.4%     -    0s
H    0     0                    42756.499346 50700.0547  18.6%     -    0s
     0     0 50700.0547    0  466 42756.4993 50700.0547  18.6%     -    0s
H    0     0                    42925.530739 50700.0547  18.1%     -    0s
H    0     0                    43136.079086 50700.0547  17.5%     -    0s
     0     0 50700.0547    0  464 43136.0791 50700.0547  17.5%     -    0s
H    0     0                    43189.695148 50583.1030  17.1%     -    0s
     0     0 50583.1030    0  466 43189.6951 50583.1030  17.1%     -    0s
H    0     0                    43220.624677 50583.1030  17.0%     -    0s
H    0     0                    43431.173025 50583.1030  16.5%     -    0s
     0     0 50583.1030    0  472 43431.1730 50583.1030  16.5%     -    0s
     0     0 50583.1030    0  465 43431.1730 50583.1030  16.5%     -    0s
     0     0 50583.1030    0  470 43431.1730 50583.1030  16.5%     -    0s
     0     0 50583.1030    0  472 43431.1730 50583.1030  16.5%     -    0s
     0     0 50583.1030    0  471 43431.1730 50583.1030  16.5%     -    0s
     0     0 50495.6670    0  475 43431.1730 50495.6670  16.3%     -    0s
H    0     0                    43580.329379 50495.6670  15.9%     -    0s
H    0     0                    45371.599859 50495.6670  11.3%     -    3s
     0     2 50495.6670    0  475 45371.5999 50495.6670  11.3%     -    3s
H   23    28                    45390.193245 50495.6670  11.2%   443    3s
H   46    52                    45423.896455 50495.6670  11.2%   400    4s
H  165   190                    45440.036548 50495.6670  11.1%   317    4s
H  230   229                    45441.308694 50495.6670  11.1%   275    4s
H  232   229                    45442.953246 50495.6670  11.1%   275    4s
H  235   229                    45444.225391 50495.6670  11.1%   272    4s
H  236   229                    45454.547907 50495.6670  11.1%   273    4s
H  244   229                    45491.544072 50495.6670  11.0%   269    4s
   287   282 47187.0637   14  325 45491.5441 50495.6670  11.0%   253    5s
H  625   532                    45663.627839 50278.4179  10.1%   225    5s
H  626   532                    45748.865356 50278.4179  9.90%   224    5s
H  823   643                    45925.374495 50278.4179  9.48%   223    8s
H 1000   735                    45933.864587 50004.6178  8.86%   222   11s
H 1009   734                    45936.723492 50004.6178  8.86%   223   11s
H 1012   734                    45945.213584 50004.6178  8.84%   223   11s
H 2026  1339                    46075.497939 49780.6380  8.04%   208   12s
  2597  1614 46967.9578   23  475 46075.4979 49607.1917  7.67%   205   15s
  2639  1667 49607.1917   19  469 46075.4979 49607.1917  7.67%   208   20s
H 2764  1664                    46139.726688 49607.1917  7.52%   214   20s
  2938  1784 47210.3807   25  325 46139.7267 49607.1917  7.52%   216   25s
  5099  2269 48581.9860   27  400 46139.7267 49607.1917  7.52%   208   32s
  5397  2374 47075.0414   36  335 46139.7267 49607.1917  7.52%   208   36s
  7699  2825 46831.6642   30  327 46139.7267 49238.5255  6.72%   201   42s
 10185  4298 47936.9402   30  328 46139.7267 48958.5282  6.11%   198   46s
 12175  5400 47617.7536   34  369 46139.7267 48848.1461  5.87%   193   52s
 13684  6156 48381.8949   26  392 46139.7267 48806.8507  5.78%   189   55s
 23150 11245 47663.6180   37  388 46139.7267 48558.2893  5.24%   184   61s
 25607 13000 46983.0897   31  339 46139.7267 48519.3347  5.16%   182   65s
 29524 14797 47240.5435   33  330 46139.7267 48473.4045  5.06%   181   70s
 33549 16268     cutoff   41      46139.7267 48418.9340  4.94%   179   75s
 40329 19308 47826.6731   28  334 46139.7267 48352.4157  4.80%   176   82s
 44851 20681 47087.8056   38  355 46139.7267 48309.6198  4.70%   175   87s
 45521 21924 46436.8763   40  324 46139.7267 48308.1702  4.70%   175   90s
 50738 24908 47215.6963   35  333 46139.7267 48266.8042  4.61%   174   97s
 54521 26126 46296.2130   47  318 46139.7267 48242.5475  4.56%   174  100s
 60303 28885 47834.4172   31  343 46139.7267 48202.1241  4.47%   173  106s
 67040 31218     cutoff   39      46139.7267 48163.2339  4.39%   172  111s
 72606 33870 47190.9135   41  395 46139.7267 48128.1267  4.31%   171  117s
 76128 35352 46627.5546   43  352 46139.7267 48109.7445  4.27%   171  121s
 82855 37537 46497.7739   41  317 46139.7267 48095.9926  4.24%   170  126s
 87033 39644 46292.3886   45  334 46139.7267 48074.4348  4.19%   169  133s
 91252 41039 46976.2795   29  311 46139.7267 48052.2427  4.15%   168  136s
 97249 43476 47622.0244   31  329 46139.7267 48037.3239  4.11%   168  141s
 104955 46859 46461.2926   38  297 46139.7267 47999.1769  4.03%   167  148s
 109097 47707 47503.1731   28  352 46139.7267 47988.1308  4.01%   167  151s
 113524 50101 46513.3409   39  316 46139.7267 47978.2424  3.98%   166  156s
 117032 51412 47456.0703   38  375 46139.7267 47958.7222  3.94%   166  160s
 124401 54616 46514.8895   39  354 46139.7267 47937.7809  3.90%   166  166s
 131552 56539 46734.5690   45  358 46139.7267 47914.4551  3.85%   165  172s
 133441 58738 46506.0785   33  318 46139.7267 47908.9256  3.83%   165  176s
 142075 61135 46440.0727   41  323 46139.7267 47891.0172  3.80%   164  183s
 145265 62132     cutoff   38      46139.7267 47881.2530  3.77%   164  186s
 150250 64402 47500.3570   35  410 46139.7267 47871.8710  3.75%   163  193s
 153982 65642 47108.0121   29  323 46139.7267 47859.6831  3.73%   163  196s
 157135 67219 46375.2322   44  336 46139.7267 47853.6066  3.71%   163  200s
 164415 69572     cutoff   42      46139.7267 47832.4582  3.67%   163  205s
 170234 71474     cutoff   49      46139.7267 47823.6791  3.65%   162  210s
 174149 73107 47449.0534   34  301 46139.7267 47814.2504  3.63%   162  217s
 178067 74095 46608.2519   32  313 46139.7267 47807.1801  3.61%   162  220s
 184825 77035 46577.0524   42  345 46139.7267 47792.5907  3.58%   162  226s
 192219 79609 47575.7207   42  409 46139.7267 47778.4592  3.55%   161  230s
 198872 81624 46761.1196   48  394 46139.7267 47766.6413  3.53%   161  235s
 206464 84361     cutoff   41      46139.7267 47755.6229  3.50%   160  242s
 210428 86159 46949.8610   32  324 46139.7267 47746.3025  3.48%   160  247s
 217394 88026 46421.6184   38  297 46139.7267 47735.4650  3.46%   160  252s
 219872 89061 46551.1015   37  282 46139.7267 47732.1918  3.45%   160  255s
 227037 91676 46550.6004   35  311 46139.7267 47720.4810  3.43%   160  260s
 236399 94956 46158.5622   51  345 46139.7267 47705.0127  3.39%   159  267s
 243333 97364 47402.4140   28  356 46139.7267 47694.5657  3.37%   159  272s
 250175 99114 47219.9753   30  360 46139.7267 47685.8860  3.35%   158  276s
 256219 101241 46829.4486   37  383 46139.7267 47677.6507  3.33%   158  281s
 260342 102349 46982.5982   35  320 46139.7267 47672.2619  3.32%   158  287s
 262966 103526 47256.5782   44  385 46139.7267 47668.8228  3.31%   158  290s
 270434 105962 46983.6505   54  403 46139.7267 47659.5126  3.29%   158  296s
 273766 105980 46420.5713   33  290 46139.7267 47655.1440  3.28%   157  300s
 276279 107562     cutoff   52      46139.7267 47652.7094  3.28%   157  305s
 281867 109703 46499.9432   40  319 46139.7267 47644.0760  3.26%   157  311s
 289167 112070 47248.2503   35  340 46139.7267 47633.3497  3.24%   157  316s
 296634 114388 46192.4191   46  338 46139.7267 47625.5149  3.22%   157  320s
 303305 116537 46671.6553   28  327 46139.7267 47616.6922  3.20%   156  326s
 308216 117971 46345.2398   29  292 46139.7267 47612.8189  3.19%   156  331s
 314449 119970     cutoff   37      46139.7267 47605.0549  3.18%   156  336s
 321138 121753 46664.7793   40  359 46139.7267 47600.0301  3.16%   156  341s
 327525 123776 47099.2936   43  326 46139.7267 47591.5474  3.15%   156  346s
 334111 125956 46844.0545   39  339 46139.7267 47583.7559  3.13%   155  351s
 340905 128197 46247.7604   46  338 46139.7267 47577.4837  3.12%   155  356s
 347673 129682 47209.8103   38  394 46139.7267 47570.6283  3.10%   155  360s
 353370 131446 47147.3686   35  335 46139.7267 47565.4705  3.09%   155  365s
 358256 132520     cutoff   38      46139.7267 47561.0071  3.08%   155  370s
 366599 135808     cutoff   38      46139.7267 47552.8656  3.06%   154  376s
 373160 137618 46211.7531   36  285 46139.7267 47548.3299  3.05%   154  381s
 379100 138984 46353.9509   33  302 46139.7267 47541.6955  3.04%   154  386s
 384598 140836 46929.2886   34  338 46139.7267 47536.5190  3.03%   154  391s
 391264 142730 46956.8467   41  347 46139.7267 47531.3841  3.02%   154  396s
 397177 144707 47053.9115   37  381 46139.7267 47526.1883  3.00%   153  400s
*399420 144027              37    46183.493236 47524.0626  2.90%   153  400s
 402120 145506     cutoff   38      46183.4932 47519.2763  2.89%   153  405s
 413085 148033 46672.9518   37  324 46183.4932 47510.7514  2.87%   153  411s
 418815 149935     cutoff   47      46183.4932 47506.4532  2.86%   153  415s
 428767 152220 47209.8003   43  380 46183.4932 47497.7265  2.85%   153  420s
 437021 154711 46236.1401   46  353 46183.4932 47490.7717  2.83%   152  426s
 442671 156072 46646.2151   35  334 46183.4932 47486.2514  2.82%   152  430s
 448434 157619 46850.1899   34  301 46183.4932 47482.8927  2.81%   152  435s
 454878 159750 46314.2803   37  316 46183.4932 47477.0425  2.80%   152  440s
 464886 162243 46743.4003   42  340 46183.4932 47469.4716  2.78%   152  445s
 471098 164027 46445.3150   41  354 46183.4932 47464.6709  2.77%   152  450s
 480927 166917     cutoff   38      46183.4932 47457.7655  2.76%   151  456s
 488496 168134     cutoff   30      46183.4932 47451.2455  2.75%   151  460s
 493319 170047 46704.1174   52  382 46183.4932 47448.0170  2.74%   151  465s
 504172 172648 46823.4938   38  337 46183.4932 47439.3641  2.72%   151  471s
 510357 174242 47182.4080   37  355 46183.4932 47435.6323  2.71%   151  476s
 520275 176706 46231.4350   45  325 46183.4932 47429.5462  2.70%   150  481s
 527657 178451 46483.8898   40  285 46183.4932 47425.4423  2.69%   150  485s
 536226 180594 46448.9660   35  316 46183.4932 47418.9380  2.68%   150  491s
 544263 182553 46436.2937   37  334 46183.4932 47413.9715  2.66%   150  496s
 550398 184121 46649.9899   42  335 46183.4932 47409.9903  2.66%   150  500s
 557242 185570     cutoff   52      46183.4932 47405.7365  2.65%   150  505s
 567247 187883 46508.7908   40  326 46183.4932 47399.7638  2.63%   149  511s
 577492 190572     cutoff   38      46183.4932 47393.6828  2.62%   149  516s
 582899 191842 46666.4739   40  311 46183.4932 47390.2717  2.61%   149  521s
 589999 193428 46964.7402   29  310 46183.4932 47385.9665  2.60%   149  526s
 597419 195318 46388.0262   39  326 46183.4932 47382.1610  2.60%   149  530s
 604696 197098     cutoff   43      46183.4932 47377.7301  2.59%   149  536s
 611978 198425 46417.4199   38  269 46183.4932 47373.8051  2.58%   149  540s
 621431 200211 46209.9998   38  306 46183.4932 47368.6715  2.57%   148  546s
 627292 201715 46423.1176   41  301 46183.4932 47365.4388  2.56%   148  550s
 637960 204101 46745.3325   40  366 46183.4932 47359.6322  2.55%   148  556s
 642994 205542 46293.5803   42  313 46183.4932 47356.1336  2.54%   148  560s
 654170 208163 46317.6338   45  302 46183.4932 47350.3079  2.53%   148  565s
 662115 209745 46499.9587   39  299 46183.4932 47346.5449  2.52%   148  570s
 670009 211892 46205.7472   44  333 46183.4932 47342.3681  2.51%   148  575s
 680873 214070 46821.8118   42  342 46183.4932 47337.3729  2.50%   147  581s
 687540 215737 46362.8916   42  332 46183.4932 47333.7124  2.49%   147  586s
 695166 217335 46488.8055   42  308 46183.4932 47329.8293  2.48%   147  590s
 702255 218049 46640.0471   30  296 46183.4932 47326.4305  2.47%   147  596s
 703773 219162 46686.3894   33  322 46183.4932 47326.1051  2.47%   147  600s
 715452 221530     cutoff   41      46183.4932 47320.0628  2.46%   147  606s
 721524 222886 46222.2620   50  305 46183.4932 47317.3719  2.46%   147  610s
 730724 224906 46522.6252   39  314 46183.4932 47312.9132  2.45%   147  615s
 742786 226849 46295.3107   46  321 46183.4932 47307.2687  2.43%   147  621s
 747738 228417 46838.0924   42  344 46183.4932 47305.6652  2.43%   146  626s
 755228 230030 46320.9498   48  335 46183.4932 47301.5118  2.42%   146  630s
 766991 232447     cutoff   42      46183.4932 47296.1693  2.41%   146  636s
 775345 234051 46698.9431   45  361 46183.4932 47292.7325  2.40%   146  640s
 784980 236033 46893.9383   41  346 46183.4932 47287.6619  2.39%   146  646s
 791834 237145 46334.4728   42  339 46183.4932 47284.8111  2.38%   146  650s
 801361 239093     cutoff   40      46183.4932 47280.2687  2.37%   146  655s
 810541 240909     cutoff   36      46183.4932 47276.9506  2.37%   146  661s
 821437 243055     cutoff   41      46183.4932 47272.0394  2.36%   145  666s
 828949 244385 46821.4788   43  352 46183.4932 47268.5630  2.35%   145  670s
 840425 246485 46539.1276   42  335 46183.4932 47264.2466  2.34%   145  676s
 846555 247813     cutoff   37      46183.4932 47262.0783  2.34%   145  681s
 854494 249356     cutoff   39      46183.4932 47258.6693  2.33%   145  686s
 862538 250655 46246.9079   39  332 46183.4932 47255.4143  2.32%   145  690s
 872350 252785 46570.2037   36  353 46183.4932 47251.3548  2.31%   145  696s
 879305 254030     cutoff   32      46183.4932 47248.2796  2.31%   145  700s
 888856 255725     cutoff   35      46183.4932 47244.7407  2.30%   145  706s
 896538 257121 46621.3994   42  287 46183.4932 47241.3503  2.29%   144  710s
 909125 259282     cutoff   49      46183.4932 47236.9790  2.28%   144  716s
 918904 260974 46758.7792   31  360 46183.4932 47233.0456  2.27%   144  721s
 925682 262320 46886.9212   36  345 46183.4932 47230.1709  2.27%   144  725s
 937760 263973 46889.6539   41  349 46183.4932 47226.0345  2.26%   144  731s
 947518 266069 46823.9317   37  325 46183.4932 47222.2807  2.25%   144  737s
 955906 267420 46374.1481   48  332 46183.4932 47219.3116  2.24%   144  741s
 967227 269342 46717.6628   36  353 46183.4932 47214.8467  2.23%   144  746s
 974304 270443 46678.4695   43  396 46183.4932 47212.4004  2.23%   144  750s
 986404 272342 46651.7402   36  331 46183.4932 47208.0366  2.22%   143  756s
 992262 273669 46330.2257   44  352 46183.4932 47206.1366  2.21%   143  760s
 1002826 275672 46704.7447   39  321 46183.4932 47202.3990  2.21%   143  765s
 1011297 277121     cutoff   45      46183.4932 47199.8196  2.20%   143  770s
 1022155 279062 46670.6671   40  348 46183.4932 47195.6370  2.19%   143  776s
 1029140 280416     cutoff   44      46183.4932 47193.4898  2.19%   143  780s
 1038231 281807 46823.1329   37  330 46183.4932 47190.5427  2.18%   143  785s
 1049189 283254 46367.9429   44  298 46183.4932 47186.4851  2.17%   143  790s
 1057945 284922 46236.9890   37  313 46183.4932 47183.7163  2.17%   143  796s
 1067384 286339     cutoff   38      46183.4932 47180.2718  2.16%   143  800s
 1076875 287930 46249.1954   48  341 46183.4932 47177.5792  2.15%   143  806s
 1084109 289156 46550.8139   50  329 46183.4932 47174.8920  2.15%   142  810s
 1097396 290844 46517.3504   42  356 46183.4932 47170.4032  2.14%   142  816s
 1102480 291956     cutoff   42      46183.4932 47168.8706  2.13%   142  820s
 1113811 293891     cutoff   47      46183.4932 47165.2100  2.13%   142  826s
 1123068 294987 46334.2876   36  302 46183.4932 47162.2292  2.12%   142  830s
 1134108 296823 47041.4147   37  375 46183.4932 47158.7706  2.11%   142  836s
 1141787 297568 46800.1668   58  415 46183.4932 47156.4330  2.11%   142  840s
 1153901 299705 46227.5662   37  261 46183.4932 47153.9294  2.10%   142  846s
 1162084 300777 46441.0314   34  324 46183.4932 47150.4404  2.09%   142  850s
 1169190 302043 46270.7835   40  331 46183.4932 47148.4097  2.09%   142  855s
 1181156 303672 46510.3631   48  377 46183.4932 47144.9522  2.08%   142  861s
 1191396 305130     cutoff   39      46183.4932 47141.6236  2.07%   141  866s
 1199772 306364     cutoff   39      46183.4932 47139.5335  2.07%   141  870s
 1203186 306882     cutoff   44      46183.4932 47138.0146  2.07%   141  876s
 1210678 307930 46626.9906   43  349 46183.4932 47135.8916  2.06%   141  880s
 1222885 309652 46769.6432   41  306 46183.4932 47132.7902  2.06%   141  887s
 1231160 310832 46426.5959   39  348 46183.4932 47130.0719  2.05%   141  891s
 1239304 312219     cutoff   41      46183.4932 47127.6441  2.04%   141  896s
 1248411 313474     cutoff   45      46183.4932 47125.1482  2.04%   141  900s
 1260447 314734 46251.0347   49  340 46183.4932 47122.0671  2.03%   141  907s
 1268354 316032     cutoff   40      46183.4932 47119.7370  2.03%   141  911s
 1277217 317476     cutoff   40      46183.4932 47116.7964  2.02%   141  916s
 1285761 318585 46647.4741   42  341 46183.4932 47114.3463  2.02%   141  920s
 1297066 320136     cutoff   41      46183.4932 47111.4518  2.01%   141  926s
 1303969 321085     cutoff   38      46183.4932 47109.5746  2.01%   140  931s
 1316538 322678 46578.2700   48  340 46183.4932 47105.7379  2.00%   140  936s
 1323799 323572 46638.8784   39  326 46183.4932 47103.9285  1.99%   140  940s
 1331754 324886 46214.3299   49  330 46183.4932 47101.5163  1.99%   140  945s
 1344601 326331 46238.5568   44  334 46183.4932 47097.9425  1.98%   140  951s
 1356159 327715 46226.1567   42  308 46183.4932 47094.8635  1.97%   140  956s
 1365382 328496 46261.4383   42  349 46183.4932 47092.1171  1.97%   140  960s
 1371691 329499 46370.3167   33  337 46183.4932 47090.9449  1.96%   140  965s
 1384100 330937 46256.9259   40  330 46183.4932 47087.4519  1.96%   140  971s
 1392809 332033 46326.8807   42  346 46183.4932 47085.0429  1.95%   140  975s
 1403920 333175 46603.4861   43  352 46183.4932 47081.9520  1.95%   140  980s
 1414890 334428     cutoff   41      46183.4932 47079.0025  1.94%   140  986s
 1425262 335730 46275.9655   51  343 46183.4932 47076.6464  1.93%   139  991s
 1433194 336785     cutoff   39      46183.4932 47074.3211  1.93%   139  995s
 1446031 338090     cutoff   52      46183.4932 47071.5282  1.92%   139 1000s

Cutting planes:
  Gomory: 1
  Clique: 11
  Flow cover: 2
  Zero half: 12
  RLT: 2
  BQP: 3

Explored 1447884 nodes (201659237 simplex iterations) in 1000.01 seconds (3080.53 work units)
Thread count was 24 (of 24 available processors)

Solution count 10: 46183.5 46139.7 46075.5 ... 45491.5

Time limit reached
Best objective 4.618349323575e+04, best bound 4.707053410931e+04, gap 1.9207%

Gurobi 11.0.3 (linux64) logging started Tue Mar  3 10:37:59 2026

Set parameter LogFile to value "/home/cc/code/modeling_strategy/predictandsearch/logs/CA_750_1100_0.7/CA_750_1100_0.7_GRB_Predect&Search/CA_0.lp.log"
Gurobi Optimizer version 11.0.3 build v11.0.3rc0 (linux64 - "Ubuntu 22.04.5 LTS")

CPU model: AMD Ryzen 9 9900X 12-Core Processor, instruction set [SSE2|AVX|AVX2|AVX512]
Thread count: 12 physical cores, 24 logical processors, using up to 24 threads

Optimize a model with 2031 rows, 1180 columns and 6313 nonzeros
Model fingerprint: 0x5a30d00c
Variable types: 430 continuous, 750 integer (750 binary)
Coefficient statistics:
  Matrix range     [1e+00, 1e+00]
  Objective range  [6e+00, 1e+03]
  Bounds range     [1e+00, 1e+00]
  RHS range        [1e+00, 1e+02]
Found heuristic solution: objective 34087.591571
Presolve removed 1088 rows and 494 columns
Presolve time: 0.01s
Presolved: 943 rows, 686 columns, 4350 nonzeros
Found heuristic solution: objective 41145.743536
Variable types: 0 continuous, 686 integer (686 binary)
Found heuristic solution: objective 41955.977012

Root relaxation: objective 5.105420e+04, 2412 iterations, 0.09 seconds (0.21 work units)

    Nodes    |    Current Node    |     Objective Bounds      |     Work
 Expl Unexpl |  Obj  Depth IntInf | Incumbent    BestBd   Gap | It/Node Time

     0     0 51054.2015    0  464 41955.9770 51054.2015  21.7%     -    0s
H    0     0                    42063.788245 51054.2015  21.4%     -    0s
     0     0 50896.8249    0  474 42063.7882 50896.8249  21.0%     -    0s
     0     0 50773.1986    0  469 42063.7882 50773.1986  20.7%     -    0s
H    0     0                    42156.013953 50773.1986  20.4%     -    0s
     0     0 50773.1986    0  470 42156.0140 50773.1986  20.4%     -    0s
H    0     0                    42756.499346 50700.0547  18.6%     -    0s
     0     0 50700.0547    0  466 42756.4993 50700.0547  18.6%     -    0s
H    0     0                    42925.530739 50700.0547  18.1%     -    0s
H    0     0                    43136.079086 50700.0547  17.5%     -    0s
     0     0 50700.0547    0  464 43136.0791 50700.0547  17.5%     -    0s
H    0     0                    43189.695148 50583.1030  17.1%     -    0s
     0     0 50583.1030    0  466 43189.6951 50583.1030  17.1%     -    0s
H    0     0                    43220.624677 50583.1030  17.0%     -    0s
H    0     0                    43431.173025 50583.1030  16.5%     -    0s
     0     0 50583.1030    0  472 43431.1730 50583.1030  16.5%     -    0s
     0     0 50583.1030    0  465 43431.1730 50583.1030  16.5%     -    0s
     0     0 50583.1030    0  470 43431.1730 50583.1030  16.5%     -    0s
     0     0 50583.1030    0  472 43431.1730 50583.1030  16.5%     -    0s
     0     0 50583.1030    0  471 43431.1730 50583.1030  16.5%     -    0s
     0     0 50495.6670    0  475 43431.1730 50495.6670  16.3%     -    0s
H    0     0                    43580.329379 50495.6670  15.9%     -    0s
H    0     0                    45371.599859 50495.6670  11.3%     -    3s
     0     2 50495.6670    0  475 45371.5999 50495.6670  11.3%     -    3s
H   23    28                    45390.193245 50495.6670  11.2%   443    3s
H   46    52                    45423.896455 50495.6670  11.2%   400    4s
H  165   190                    45440.036548 50495.6670  11.1%   317    4s
H  230   229                    45441.308694 50495.6670  11.1%   275    4s
H  232   229                    45442.953246 50495.6670  11.1%   275    4s
H  235   229                    45444.225391 50495.6670  11.1%   272    4s
H  236   229                    45454.547907 50495.6670  11.1%   273    4s
H  244   229                    45491.544072 50495.6670  11.0%   269    4s
   322   303 46899.7394   16  330 45491.5441 50495.6670  11.0%   248    5s
H  625   532                    45663.627839 50278.4179  10.1%   225    5s
H  626   532                    45748.865356 50278.4179  9.90%   224    5s
H  823   643                    45925.374495 50278.4179  9.48%   223    8s
H 1000   735                    45933.864587 50004.6178  8.86%   222   11s
H 1009   734                    45936.723492 50004.6178  8.86%   223   11s
H 1012   734                    45945.213584 50004.6178  8.84%   223   11s
H 2026  1339                    46075.497939 49780.6380  8.04%   208   12s
  2597  1614 46967.9578   23  475 46075.4979 49607.1917  7.67%   205   15s
  2735  1732 49095.2497   21  402 46075.4979 49607.1917  7.67%   213   20s
H 2764  1664                    46139.726688 49607.1917  7.52%   214   20s
  2938  1784 47210.3807   25  325 46139.7267 49607.1917  7.52%   216   25s
  5099  2269 48581.9860   27  400 46139.7267 49607.1917  7.52%   208   32s
  5397  2374 47075.0414   36  335 46139.7267 49607.1917  7.52%   208   35s
  7699  2825 46831.6642   30  327 46139.7267 49238.5255  6.72%   201   42s
 10185  4298 47936.9402   30  328 46139.7267 48958.5282  6.11%   198   46s
 12175  5400 47617.7536   34  369 46139.7267 48848.1461  5.87%   193   52s
 13684  6156 48381.8949   26  392 46139.7267 48806.8507  5.78%   189   55s
 23150 11245 47663.6180   37  388 46139.7267 48558.2893  5.24%   184   62s
 25607 13000 46983.0897   31  339 46139.7267 48519.3347  5.16%   182   66s
 29524 14797 47240.5435   33  330 46139.7267 48473.4045  5.06%   181   71s
 33549 16268     cutoff   41      46139.7267 48418.9340  4.94%   179   76s
 38150 18455 48172.9412   33  367 46139.7267 48368.4057  4.83%   178   80s
 42525 20384 47085.7867   47  381 46139.7267 48329.9484  4.75%   176   85s
 45521 21924 46436.8763   40  324 46139.7267 48308.1702  4.70%   175   92s
 50738 24908 47215.6963   35  333 46139.7267 48266.8042  4.61%   174   98s
 54521 26126 46296.2130   47  318 46139.7267 48242.5475  4.56%   174  101s
 60303 28885 47834.4172   31  343 46139.7267 48202.1241  4.47%   173  107s
 67040 31218     cutoff   39      46139.7267 48163.2339  4.39%   172  112s
 69653 32519 47270.2582   42  338 46139.7267 48142.3332  4.34%   171  115s
 76128 35352 46627.5546   43  352 46139.7267 48109.7445  4.27%   171  121s
 82855 37537 46497.7739   41  317 46139.7267 48095.9926  4.24%   170  127s
 85562 38124 46753.9441   33  340 46139.7267 48077.3814  4.20%   169  130s
 91252 41039 46976.2795   29  311 46139.7267 48052.2427  4.15%   168  137s
 94798 42012 47292.1768   41  362 46139.7267 48039.8240  4.12%   168  140s
 101007 45152 47471.3005   36  372 46139.7267 48017.9564  4.07%   168  146s
 104955 46859 46461.2926   38  297 46139.7267 47999.1769  4.03%   167  150s
 111199 48695 47238.6069   32  348 46139.7267 47986.4792  4.00%   167  155s
 117032 51412 47456.0703   38  375 46139.7267 47958.7222  3.94%   166  161s
 124401 54616 46514.8895   39  354 46139.7267 47937.7809  3.90%   166  167s
 128433 55792 46996.7808   36  351 46139.7267 47924.6610  3.87%   165  170s
 133441 58738 46506.0785   33  318 46139.7267 47908.9256  3.83%   165  177s
 138991 59983 47432.9227   37  366 46139.7267 47898.7954  3.81%   164  180s
 145265 62132     cutoff   38      46139.7267 47881.2530  3.77%   164  187s
 147798 63000 46801.5652   27  322 46139.7267 47873.4599  3.76%   164  191s
 150250 64402 47500.3570   35  410 46139.7267 47871.8710  3.75%   163  195s
 157135 67219 46375.2322   44  336 46139.7267 47853.6066  3.71%   163  202s
 161216 68401 46381.5032   44  343 46139.7267 47842.7627  3.69%   163  205s
 170234 71474     cutoff   49      46139.7267 47823.6791  3.65%   162  212s
 172993 71895     cutoff   35      46139.7267 47815.6136  3.63%   162  215s
 178067 74095 46608.2519   32  313 46139.7267 47807.1801  3.61%   162  221s
 184825 77035 46577.0524   42  345 46139.7267 47792.5907  3.58%   162  227s
 188623 78438 47082.7151   36  340 46139.7267 47785.1996  3.57%   161  230s
 198872 81624 46761.1196   48  394 46139.7267 47766.6413  3.53%   161  237s
 204600 83379     cutoff   35      46139.7267 47758.0274  3.51%   161  240s
 209267 84800 47001.4403   37  348 46139.7267 47750.0356  3.49%   160  245s
 214343 87137 46577.8645   27  316 46139.7267 47739.3522  3.47%   160  251s
 219872 89061 46551.1015   37  282 46139.7267 47732.1918  3.45%   160  256s
 227037 91676 46550.6004   35  311 46139.7267 47720.4810  3.43%   160  261s
 233030 93843     cutoff   36      46139.7267 47710.7076  3.40%   159  265s
 239728 96234 47234.3475   34  359 46139.7267 47702.8935  3.39%   159  271s
 247044 98337 46157.6512   39  289 46139.7267 47690.1185  3.36%   159  276s
 252931 100214 46963.9076   33  348 46139.7267 47682.9420  3.34%   158  281s
 259687 101456 47449.1489   32  356 46139.7267 47672.7848  3.32%   158  286s
 262966 103526 47256.5782   44  385 46139.7267 47668.8228  3.31%   158  292s
 266225 104935 46835.2213   37  358 46139.7267 47665.9675  3.31%   158  295s
 273766 105980 46420.5713   33  290 46139.7267 47655.1440  3.28%   157  302s
 276279 107562     cutoff   52      46139.7267 47652.7094  3.28%   157  307s
 278757 108548 46890.0230   35  311 46139.7267 47648.2941  3.27%   157  310s
 285201 110942 46323.6154   32  309 46139.7267 47639.8726  3.25%   157  315s
 292716 113283 46346.4707   44  314 46139.7267 47630.1376  3.23%   157  320s
 303305 116537 46671.6553   28  327 46139.7267 47616.6922  3.20%   156  327s
 308216 117971 46345.2398   29  292 46139.7267 47612.8189  3.19%   156  332s
 314449 119970     cutoff   37      46139.7267 47605.0549  3.18%   156  338s
 321138 121753 46664.7793   40  359 46139.7267 47600.0301  3.16%   156  342s
 327525 123776 47099.2936   43  326 46139.7267 47591.5474  3.15%   156  347s
 330808 124900 46479.7750   47  366 46139.7267 47587.9957  3.14%   155  350s
 337622 126964 46273.6211   43  357 46139.7267 47580.7443  3.12%   155  355s
 345369 128985 47057.9472   35  335 46139.7267 47573.0965  3.11%   155  360s
 353370 131446 47147.3686   35  335 46139.7267 47565.4705  3.09%   155  367s
 358256 132520     cutoff   38      46139.7267 47561.0071  3.08%   155  371s
 363036 134739 46214.3764   35  308 46139.7267 47556.1586  3.07%   154  375s
 370080 136651 46560.8320   44  346 46139.7267 47551.6726  3.06%   154  380s
 376260 138442 46749.5612   33  333 46139.7267 47544.3669  3.04%   154  385s
 381149 139924 47299.3597   38  369 46139.7267 47541.4837  3.04%   154  391s
 387437 142001 46414.1018   44  339 46139.7267 47535.5669  3.03%   154  395s
 393769 143686 46533.4376   29  300 46139.7267 47528.2804  3.01%   153  400s
*399420 144027              37    46183.493236 47524.0626  2.90%   153  402s
 402120 145506     cutoff   38      46183.4932 47519.2763  2.89%   153  406s
 409222 147350 46303.9266   43  330 46183.4932 47513.6389  2.88%   153  410s
 418815 149935     cutoff   47      46183.4932 47506.4532  2.86%   153  416s
 425438 151477 46752.8716   43  360 46183.4932 47500.8390  2.85%   153  420s
 434025 153867     cutoff   41      46183.4932 47494.0238  2.84%   152  426s
 440181 155378     cutoff   44      46183.4932 47487.9185  2.82%   152  430s
 448434 157619 46850.1899   34  301 46183.4932 47482.8927  2.81%   152  436s
 454878 159750 46314.2803   37  316 46183.4932 47477.0425  2.80%   152  441s
 464886 162243 46743.4003   42  340 46183.4932 47469.4716  2.78%   152  446s
 471098 164027 46445.3150   41  354 46183.4932 47464.6709  2.77%   152  451s
 478167 165832 47341.3932   29  359 46183.4932 47460.4219  2.76%   151  455s
 488496 168134     cutoff   30      46183.4932 47451.2455  2.75%   151  461s
 493319 170047 46704.1174   52  382 46183.4932 47448.0170  2.74%   151  465s
 501419 172098 46647.1661   36  355 46183.4932 47441.9692  2.72%   151  470s
 510357 174242 47182.4080   37  355 46183.4932 47435.6323  2.71%   151  476s
 516716 176035 46914.3454   40  365 46183.4932 47431.8967  2.70%   151  480s
 527657 178451 46483.8898   40  285 46183.4932 47425.4423  2.69%   150  485s
 536226 180594 46448.9660   35  316 46183.4932 47418.9380  2.68%   150  491s
 544263 182553 46436.2937   37  334 46183.4932 47413.9715  2.66%   150  496s
 550398 184121 46649.9899   42  335 46183.4932 47409.9903  2.66%   150  500s
 557242 185570     cutoff   52      46183.4932 47405.7365  2.65%   150  505s
 567247 187883 46508.7908   40  326 46183.4932 47399.7638  2.63%   149  511s
 574455 189678 46832.6203   43  345 46183.4932 47396.0685  2.63%   149  515s
 582899 191842 46666.4739   40  311 46183.4932 47390.2717  2.61%   149  521s
 589999 193428 46964.7402   29  310 46183.4932 47385.9665  2.60%   149  526s
 597419 195318 46388.0262   39  326 46183.4932 47382.1610  2.60%   149  531s
 604696 197098     cutoff   43      46183.4932 47377.7301  2.59%   149  537s
 611978 198425 46417.4199   38  269 46183.4932 47373.8051  2.58%   149  541s
 621431 200211 46209.9998   38  306 46183.4932 47368.6715  2.57%   148  546s
 627292 201715 46423.1176   41  301 46183.4932 47365.4388  2.56%   148  550s
 634683 203373 46444.2695   37  280 46183.4932 47360.8471  2.55%   148  555s
 642994 205542 46293.5803   42  313 46183.4932 47356.1336  2.54%   148  560s
 654170 208163 46317.6338   45  302 46183.4932 47350.3079  2.53%   148  565s
 662115 209745 46499.9587   39  299 46183.4932 47346.5449  2.52%   148  570s
 670009 211892 46205.7472   44  333 46183.4932 47342.3681  2.51%   148  576s
 677144 213408 46346.9659   44  291 46183.4932 47339.3703  2.50%   148  580s
 687540 215737 46362.8916   42  332 46183.4932 47333.7124  2.49%   147  586s
 695166 217335 46488.8055   42  308 46183.4932 47329.8293  2.48%   147  590s
 702255 218049 46640.0471   30  296 46183.4932 47326.4305  2.47%   147  596s
 703773 219162 46686.3894   33  322 46183.4932 47326.1051  2.47%   147  601s
 711053 220773 46927.1911   36  348 46183.4932 47322.4781  2.47%   147  605s
 721524 222886 46222.2620   50  305 46183.4932 47317.3719  2.46%   147  611s
 727564 224208 46465.5427   44  340 46183.4932 47314.4810  2.45%   147  615s
 738370 226613     cutoff   48      46183.4932 47309.6254  2.44%   147  620s
 743952 227645     cutoff   46      46183.4932 47306.6164  2.43%   147  625s
 755228 230030 46320.9498   48  335 46183.4932 47301.5118  2.42%   146  631s
 762927 231566 46338.3778   40  296 46183.4932 47298.1845  2.41%   146  635s
 775345 234051 46698.9431   45  361 46183.4932 47292.7325  2.40%   146  641s
 782079 235411 46847.4136   36  319 46183.4932 47288.8451  2.39%   146  645s
 791834 237145 46334.4728   42  339 46183.4932 47284.8111  2.38%   146  651s
 798439 238548 46748.1630   49  363 46183.4932 47281.9573  2.38%   146  655s
 807575 240300     cutoff   43      46183.4932 47277.8389  2.37%   146  660s
 817979 242286 46337.6642   37  315 46183.4932 47273.5342  2.36%   145  665s
 825680 243719     cutoff   31      46183.4932 47270.4580  2.35%   145  670s
 836627 245780 46770.8850   36  346 46183.4932 47265.4091  2.34%   145  675s
 846555 247813     cutoff   37      46183.4932 47262.0783  2.34%   145  682s
 849722 248634 46952.1086   41  364 46183.4932 47260.6900  2.33%   145  685s
 858518 250022     cutoff   39      46183.4932 47257.5007  2.33%   145  690s
 868960 251807 46567.5309   37  348 46183.4932 47253.1287  2.32%   145  695s
 879305 254030     cutoff   32      46183.4932 47248.2796  2.31%   145  701s
 887392 254941     cutoff   42      46183.4932 47245.0401  2.30%   145  705s
 896538 257121 46621.3994   42  287 46183.4932 47241.3503  2.29%   144  711s
 905240 258671 46778.8819   37  316 46183.4932 47238.0575  2.28%   144  715s
 915974 260448 46202.4103   39  334 46183.4932 47233.9843  2.27%   144  720s
 925682 262320 46886.9212   36  345 46183.4932 47230.1709  2.27%   144  726s
 934266 263636 46535.9881   39  358 46183.4932 47227.0325  2.26%   144  730s
 943992 265460 46858.2263   45  347 46183.4932 47223.6082  2.25%   144  736s
 951495 266809 46266.8465   39  295 46183.4932 47220.7944  2.25%   144  740s
 963547 268695 46538.7787   38  327 46183.4932 47216.1361  2.24%   144  746s
 971147 269854     cutoff   44      46183.4932 47213.6547  2.23%   144  750s
 982725 271941     cutoff   36      46183.4932 47209.2672  2.22%   143  756s
 988778 272973     cutoff   45      46183.4932 47206.9466  2.22%   143  760s
 999675 274938     cutoff   45      46183.4932 47203.2810  2.21%   143  765s
 1011297 277121     cutoff   45      46183.4932 47199.8196  2.20%   143  771s
 1017665 278454 46433.2323   35  336 46183.4932 47197.0508  2.19%   143  776s
 1026064 279540 46930.1697   34  343 46183.4932 47194.1869  2.19%   143  780s
 1038231 281807 46823.1329   37  330 46183.4932 47190.5427  2.18%   143  786s
 1045852 282887 46908.9562   36  357 46183.4932 47187.5032  2.17%   143  791s
 1053263 284326     cutoff   46      46183.4932 47185.3863  2.17%   143  796s
 1062115 285820 46425.7492   45  358 46183.4932 47181.7685  2.16%   143  801s
 1070676 286884 46755.1941   45  353 46183.4932 47179.3674  2.16%   143  805s
 1080763 288461     cutoff   42      46183.4932 47176.0348  2.15%   142  811s
 1088529 289991 46333.1724   45  373 46183.4932 47173.4116  2.14%   142  815s
 1099064 291302     cutoff   47      46183.4932 47170.0771  2.14%   142  821s
 1106361 292603     cutoff   39      46183.4932 47167.8247  2.13%   142  825s
 1119115 294488 46291.1813   36  341 46183.4932 47163.1002  2.12%   142  831s
 1126705 295614     cutoff   38      46183.4932 47161.3795  2.12%   142  835s
 1138251 297300 46543.3812   39  338 46183.4932 47157.2552  2.11%   142  841s
 1143706 299027 46579.6060   40  329 46183.4932 47155.8548  2.11%   142  847s
 1157762 300310 46344.9604   41  342 46183.4932 47151.5385  2.10%   142  851s
 1165395 301308 46569.6494   36  268 46183.4932 47149.1741  2.09%   142  856s
 1174093 302529     cutoff   40      46183.4932 47146.9361  2.09%   142  860s
 1185082 304145     cutoff   37      46183.4932 47143.9256  2.08%   141  865s
 1194776 305868     cutoff   40      46183.4932 47140.5683  2.07%   141  872s
 1203148 306374 46268.0974   43  334 46183.4932 47138.1031  2.07%   141  878s
 1206604 307369     cutoff   36      46183.4932 47137.2687  2.07%   141  882s
 1214430 308471 46381.7535   44  338 46183.4932 47135.2163  2.06%   141  886s
 1222885 309652 46769.6432   41  306 46183.4932 47132.7902  2.06%   141  890s
 1235355 311436 46797.5288   43  388 46183.4932 47128.8086  2.05%   141  896s
 1244254 312833 46947.4498   39  350 46183.4932 47126.2179  2.04%   141  900s
 1253321 313754 46505.3805   36  322 46183.4932 47123.7789  2.04%   141  905s
 1264063 315352     cutoff   45      46183.4932 47120.8746  2.03%   141  911s
 1272813 316723 46435.8053   45  345 46183.4932 47118.5331  2.02%   141  915s
 1282490 317935 46315.0464   43  339 46183.4932 47115.3773  2.02%   141  920s
 1290060 319111     cutoff   43      46183.4932 47113.2827  2.01%   141  925s
 1301215 320512 46615.0288   37  339 46183.4932 47109.6074  2.01%   140  931s
 1308942 321644 46396.0048   41  335 46183.4932 47107.7708  2.00%   140  935s
 1320580 323116 46464.2952   47  371 46183.4932 47104.5757  1.99%   140  940s
 1327203 324174     cutoff   44      46183.4932 47102.7864  1.99%   140  945s
 1339923 325791 46724.4475   32  347 46183.4932 47099.7509  1.98%   140  952s
 1349242 326818 46945.3695   35  367 46183.4932 47096.6408  1.98%   140  955s
 1360129 328343 46613.4974   46  367 46183.4932 47093.9716  1.97%   140  961s
 1366952 329016     cutoff   40      46183.4932 47091.7904  1.97%   140  965s
 1379934 330536 46381.9400   37  289 46183.4932 47088.5673  1.96%   140  972s
 1387333 331573 46632.8549   28  308 46183.4932 47086.6288  1.96%   140  976s
 1400846 332763 46932.1290   31  326 46183.4932 47082.6604  1.95%   140  981s
 1407679 333631     cutoff   38      46183.4932 47080.8013  1.94%   140  985s
 1417439 335265 46238.2944   38  320 46183.4932 47078.5864  1.94%   140  992s
 1429380 336258     cutoff   41      46183.4932 47075.5763  1.93%   139  996s
 1440625 337263     cutoff   50      46183.4932 47072.3340  1.92%   139 1000s

Cutting planes:
  Gomory: 1
  Clique: 11
  Flow cover: 2
  Zero half: 12
  RLT: 2
  BQP: 3

Explored 1441156 nodes (200797061 simplex iterations) in 1000.07 seconds (3072.26 work units)
Thread count was 24 (of 24 available processors)

Solution count 10: 46183.5 46139.7 46075.5 ... 45491.5

Time limit reached
Best objective 4.618349323575e+04, best bound 4.707217942758e+04, gap 1.9243%

Gurobi 11.0.3 (linux64) logging started Tue Mar  3 10:57:03 2026

Set parameter LogFile to value "/home/cc/code/modeling_strategy/predictandsearch/logs/CA_750_1100_0.7/CA_750_1100_0.7_GRB_Predect&Search/CA_0.lp.log"
Gurobi Optimizer version 11.0.3 build v11.0.3rc0 (linux64 - "Ubuntu 22.04.5 LTS")

CPU model: AMD Ryzen 9 9900X 12-Core Processor, instruction set [SSE2|AVX|AVX2|AVX512]
Thread count: 12 physical cores, 24 logical processors, using up to 24 threads

Optimize a model with 2031 rows, 1180 columns and 6313 nonzeros
Model fingerprint: 0x18a16a70
Variable types: 430 continuous, 750 integer (750 binary)
Coefficient statistics:
  Matrix range     [1e+00, 1e+00]
  Objective range  [6e+00, 1e+03]
  Bounds range     [1e+00, 1e+00]
  RHS range        [1e+00, 5e+01]
Found heuristic solution: objective 34087.591571
Presolve removed 1088 rows and 494 columns
Presolve time: 0.01s
Presolved: 943 rows, 686 columns, 4350 nonzeros
Found heuristic solution: objective 41145.743536
Variable types: 0 continuous, 686 integer (686 binary)
Found heuristic solution: objective 41955.977012

Root relaxation: objective 5.102923e+04, 2113 iterations, 0.08 seconds (0.17 work units)

    Nodes    |    Current Node    |     Objective Bounds      |     Work
 Expl Unexpl |  Obj  Depth IntInf | Incumbent    BestBd   Gap | It/Node Time

     0     0 51029.2257    0  458 41955.9770 51029.2257  21.6%     -    0s
     0     0 50862.1990    0  466 41955.9770 50862.1990  21.2%     -    0s
H    0     0                    42066.611464 50859.7005  20.9%     -    0s
     0     0 50788.2021    0  469 42066.6115 50788.2021  20.7%     -    0s
H    0     0                    42174.422696 50788.2021  20.4%     -    0s
     0     0 50788.2021    0  471 42174.4227 50788.2021  20.4%     -    0s
H    0     0                    42546.715382 50788.2021  19.4%     -    0s
     0     0 50618.5307    0  471 42546.7154 50618.5307  19.0%     -    0s
     0     0 50618.5307    0  464 42546.7154 50618.5307  19.0%     -    0s
     0     0 50618.5307    0  465 42546.7154 50618.5307  19.0%     -    0s
     0     0 50618.5307    0  466 42546.7154 50618.5307  19.0%     -    0s
     0     0 50618.5307    0  470 42546.7154 50618.5307  19.0%     -    0s
     0     0 50618.5307    0  467 42546.7154 50618.5307  19.0%     -    0s
H    0     0                    42862.860774 50618.5307  18.1%     -    0s
H    0     0                    43744.819498 50618.5307  15.7%     -    0s
     0     0 50375.5388    0  475 43744.8195 50375.5388  15.2%     -    0s
     0     0 50316.7803    0  468 43744.8195 50316.7803  15.0%     -    0s
H    0     0                    44251.884508 50316.7803  13.7%     -    0s
H    0     0                    45076.647464 50316.7803  11.6%     -    3s
     0     2 50316.7803    0  468 45076.6475 50316.7803  11.6%     -    3s
H  122   138                    45096.347805 50316.7803  11.6%   321    4s
H  131   138                    45154.676038 50316.7803  11.4%   321    4s
   137   163 48601.0581   12  372 45154.6760 50316.7803  11.4%   326    5s
H  162   185                    45346.732559 50316.7803  11.0%   307    5s
H  167   185                    45447.720586 50316.7803  10.7%   303    5s
H  218   221                    45576.004052 50316.7803  10.4%   274    5s
H  220   221                    45668.598908 50316.7803  10.2%   274    5s
H  222   221                    45777.080914 50316.7803  9.92%   275    5s
H 1523   986                    45861.243716 49940.0849  8.89%   205   10s
H 1524   986                    45876.040359 49940.0849  8.86%   205   10s
H 1526   965                    46060.842643 49940.0849  8.42%   205   10s

Gurobi 11.0.3 (linux64) logging started Tue Mar  3 10:58:17 2026

Set parameter LogFile to value "/home/cc/code/modeling_strategy/predictandsearch/logs/CA_750_1100_0.7/CA_750_1100_0.7_GRB_Predect&Search/CA_0.lp.log"
Gurobi Optimizer version 11.0.3 build v11.0.3rc0 (linux64 - "Ubuntu 22.04.5 LTS")

CPU model: AMD Ryzen 9 9900X 12-Core Processor, instruction set [SSE2|AVX|AVX2|AVX512]
Thread count: 12 physical cores, 24 logical processors, using up to 24 threads

Optimize a model with 2031 rows, 1180 columns and 6313 nonzeros
Model fingerprint: 0x3a212ce8
Variable types: 430 continuous, 750 integer (750 binary)
Coefficient statistics:
  Matrix range     [1e+00, 1e+00]
  Objective range  [6e+00, 1e+03]
  Bounds range     [1e+00, 1e+00]
  RHS range        [1e+00, 3e+01]
Found heuristic solution: objective 34087.591571
Presolve removed 1088 rows and 494 columns
Presolve time: 0.01s
Presolved: 943 rows, 686 columns, 4350 nonzeros
Found heuristic solution: objective 41145.743536
Variable types: 0 continuous, 686 integer (686 binary)
Found heuristic solution: objective 41955.977012

Root relaxation: objective 5.001663e+04, 1649 iterations, 0.05 seconds (0.11 work units)

    Nodes    |    Current Node    |     Objective Bounds      |     Work
 Expl Unexpl |  Obj  Depth IntInf | Incumbent    BestBd   Gap | It/Node Time

     0     0 50016.6288    0  400 41955.9770 50016.6288  19.2%     -    0s
H    0     0                    42247.609155 50016.6288  18.4%     -    0s
H    0     0                    42436.080930 49917.3904  17.6%     -    0s
     0     0 49849.6239    0  406 42436.0809 49849.6239  17.5%     -    0s
     0     0 49582.4231    0  403 42436.0809 49582.4231  16.8%     -    0s
H    0     0                    42447.646095 49582.4231  16.8%     -    0s
     0     0 49471.9869    0  393 42447.6461 49471.9869  16.5%     -    0s
H    0     0                    43243.590789 49471.9869  14.4%     -    0s
H    0     0                    43711.493472 49471.9869  13.2%     -    0s
     0     0 49380.2120    0  406 43711.4935 49380.2120  13.0%     -    0s
H    0     0                    43758.028702 49380.2120  12.8%     -    0s
H    0     0                    44032.102049 49319.8287  12.0%     -    0s
H    0     0                    44211.043349 49319.8287  11.6%     -    0s
     0     0 49319.8287    0  406 44211.0433 49319.8287  11.6%     -    0s
H    0     0                    44419.299894 49319.8287  11.0%     -    0s
H    0     0                    44649.959291 49319.8287  10.5%     -    2s
     0     2 49319.8287    0  406 44649.9593 49319.8287  10.5%     -    2s
H   22    28                    44661.278202 49319.8287  10.4%   349    2s
H  111   120                    44672.935310 49255.1553  10.3%   270    2s
H  162   171                    44791.344471 49255.1553  10.0%   239    2s
H  183   195                    45655.066694 49255.1553  7.89%   230    2s
H  197   208                    45784.258535 49255.1553  7.58%   224    2s
H  201   208                    45790.916143 49255.1553  7.57%   220    2s
H  257   217                    45898.008726 49061.2300  6.89%   195    3s
H  270   217                    45941.768553 49061.2300  6.79%   195    3s
   464   352 47375.9513   17  344 45941.7686 49061.2300  6.79%   184    5s
  3008  1427 46269.6311   19  411 45941.7686 48011.7577  4.51%   150   11s
H 3119  1446                    45954.927970 48011.7577  4.48%   155   11s
  6645  1792 46686.1430   27  295 45954.9280 48011.7577  4.48%   151   17s
  7000  1805 47261.1413   23  346 45954.9280 48011.7577  4.48%   151   21s
 11397  3456     cutoff   28      45954.9280 47587.6326  3.55%   144   25s
 15272  5042 46346.1262   35  284 45954.9280 47448.6926  3.25%   140   30s
 21369  7036 45972.8578   31  295 45954.9280 47291.8920  2.91%   135   35s
 30986  9587     cutoff   31      45954.9280 47154.5667  2.61%   131   40s
 39276 11795 46043.7409   29  267 45954.9280 47078.6659  2.45%   129   45s
 46688 13433 46642.5401   29  282 45954.9280 47013.6949  2.30%   126   50s
 59620 15781 46260.2933   31  285 45954.9280 46928.1463  2.12%   123   55s
 69163 17423 46060.3129   40  272 45954.9280 46882.8930  2.02%   121   60s
 83922 19279 45970.8724   35  285 45954.9280 46810.0966  1.86%   119   65s
 98577 20761 46194.1185   32  273 45954.9280 46752.7072  1.74%   116   70s
 107325 21673 45978.2810   37  232 45954.9280 46724.0988  1.67%   115   75s
 121858 22603 46118.1892   34  294 45954.9280 46680.9409  1.58%   114   80s
 133639 23227 46108.5282   38  284 45954.9280 46646.5615  1.51%   113   85s
 150368 23539     cutoff   34      45954.9280 46600.5534  1.40%   111   90s
 164936 23532 46030.9894   35  275 45954.9280 46563.3827  1.32%   110   95s
 177786 23385     cutoff   29      45954.9280 46534.4701  1.26%   109  100s
 189739 22848 46327.6503   34  292 45954.9280 46504.5850  1.20%   108  105s
 204228 21910 46110.4345   37  250 45954.9280 46470.1817  1.12%   107  110s
 220497 20215 46182.7895   40  299 45954.9280 46430.9891  1.04%   106  115s
 234716 18028     cutoff   37      45954.9280 46395.0358  0.96%   106  120s
 251671 14686     cutoff   31      45954.9280 46343.2251  0.84%   105  125s
*262515 12264              34    45958.267130 46311.3453  0.77%   104  129s
 263011 11247     cutoff   36      45958.2671 46305.9162  0.76%   104  130s
 280265  3277     cutoff   34      45958.2671 46225.7904  0.58%   103  135s

Cutting planes:
  Clique: 16
  MIR: 1
  Flow cover: 2
  Zero half: 12
  RLT: 1
  BQP: 2

Explored 288508 nodes (29368376 simplex iterations) in 136.23 seconds (345.17 work units)
Thread count was 24 (of 24 available processors)

Solution count 10: 45958.3 45954.9 45941.8 ... 44661.3

Optimal solution found (tolerance 1.00e-04)
Best objective 4.595826713010e+04, best bound 4.595826713010e+04, gap 0.0000%
