
Gurobi 11.0.3 (linux64) logging started Mon Dec 15 16:20:19 2025

Set parameter LogFile to value "./log/train/IS_1200_5/IS_0.lp.log"
Set parameter TimeLimit to value 3600
Gurobi Optimizer version 11.0.3 build v11.0.3rc0 (linux64 - "Ubuntu 22.04.5 LTS")

CPU model: AMD Ryzen 9 9900X 12-Core Processor, instruction set [SSE2|AVX|AVX2|AVX512]
Thread count: 12 physical cores, 24 logical processors, using up to 24 threads

Optimize a model with 6198 rows, 1200 columns and 12142 nonzeros
Model fingerprint: 0x75a8e7aa
Variable types: 0 continuous, 1200 integer (1200 binary)
Coefficient statistics:
  Matrix range     [1e+00, 1e+00]
  Objective range  [1e+00, 1e+00]
  Bounds range     [1e+00, 1e+00]
  RHS range        [1e+00, 1e+00]
Found heuristic solution: objective 298.0000000
Presolve removed 1179 rows and 0 columns
Presolve time: 0.01s
Presolved: 5019 rows, 1200 columns, 10862 nonzeros
Variable types: 0 continuous, 1200 integer (1200 binary)

Root relaxation: objective 5.556667e+02, 2867 iterations, 0.07 seconds (0.14 work units)

    Nodes    |    Current Node    |     Objective Bounds      |     Work
 Expl Unexpl |  Obj  Depth IntInf | Incumbent    BestBd   Gap | It/Node Time

     0     0  555.66667    0 1078  298.00000  555.66667  86.5%     -    0s
H    0     0                     455.0000000  555.66667  22.1%     -    0s
H    0     0                     458.0000000  555.66667  21.3%     -    0s
H    0     0                     482.0000000  555.66667  15.3%     -    0s
     0     0  545.27138    0 1180  482.00000  545.27138  13.1%     -    0s
     0     0  545.17901    0 1173  482.00000  545.17901  13.1%     -    0s
     0     0  545.17901    0 1173  482.00000  545.17901  13.1%     -    0s
H    0     0                     489.0000000  545.17901  11.5%     -    0s
     0     0  538.23176    0 1173  489.00000  538.23176  10.1%     -    0s
     0     0  538.05687    0 1176  489.00000  538.05687  10.0%     -    0s
     0     0  538.01401    0 1170  489.00000  538.01401  10.0%     -    0s
     0     0  538.00869    0 1174  489.00000  538.00869  10.0%     -    0s
     0     0  538.00644    0 1179  489.00000  538.00644  10.0%     -    0s
H    0     0                     492.0000000  533.88521  8.51%     -    1s
     0     0  533.88521    0 1170  492.00000  533.88521  8.51%     -    1s
     0     0  533.59334    0 1168  492.00000  533.59334  8.45%     -    1s
     0     0  533.54593    0 1172  492.00000  533.54593  8.44%     -    1s
     0     0  533.54191    0 1173  492.00000  533.54191  8.44%     -    1s
     0     0  532.00031    0 1175  492.00000  532.00031  8.13%     -    1s
     0     0  531.84416    0 1174  492.00000  531.84416  8.10%     -    1s
     0     0  531.83778    0 1174  492.00000  531.83778  8.10%     -    1s
     0     0  530.51348    0 1173  492.00000  530.51348  7.83%     -    1s
     0     0  530.31988    0 1177  492.00000  530.31988  7.79%     -    1s
     0     0  530.29828    0 1180  492.00000  530.29828  7.78%     -    1s
     0     0  530.29344    0 1179  492.00000  530.29344  7.78%     -    1s
     0     0  529.13183    0 1173  492.00000  529.13183  7.55%     -    2s
     0     0  528.99513    0 1175  492.00000  528.99513  7.52%     -    2s
     0     0  528.95840    0 1179  492.00000  528.95840  7.51%     -    2s
     0     0  528.94576    0 1175  492.00000  528.94576  7.51%     -    2s
     0     0  528.94267    0 1176  492.00000  528.94267  7.51%     -    2s
     0     0  528.35909    0 1175  492.00000  528.35909  7.39%     -    2s
     0     0  528.22425    0 1179  492.00000  528.22425  7.36%     -    2s
     0     0  528.21022    0 1178  492.00000  528.21022  7.36%     -    2s
     0     0  528.20479    0 1178  492.00000  528.20479  7.36%     -    2s
     0     0  527.78676    0 1176  492.00000  527.78676  7.27%     -    2s
     0     0  527.70811    0 1174  492.00000  527.70811  7.26%     -    2s
     0     0  527.68968    0 1175  492.00000  527.68968  7.25%     -    2s
     0     0  527.68217    0 1175  492.00000  527.68217  7.25%     -    2s
     0     0  527.43974    0 1177  492.00000  527.43974  7.20%     -    2s
     0     0  527.42447    0 1180  492.00000  527.42447  7.20%     -    2s
     0     0  527.42082    0 1182  492.00000  527.42082  7.20%     -    2s
     0     0  527.22137    0 1178  492.00000  527.22137  7.16%     -    2s
     0     0  527.19816    0 1179  492.00000  527.19816  7.15%     -    3s
     0     0  527.18555    0 1178  492.00000  527.18555  7.15%     -    3s
     0     0  527.18005    0 1178  492.00000  527.18005  7.15%     -    3s
     0     0  526.99349    0 1183  492.00000  526.99349  7.11%     -    3s
     0     0  526.93988    0 1179  492.00000  526.93988  7.10%     -    3s
     0     0  526.93494    0 1178  492.00000  526.93494  7.10%     -    3s
     0     0  526.76942    0 1179  492.00000  526.76942  7.07%     -    3s
H    0     0                     493.0000000  526.74229  6.84%     -    3s
     0     0  526.74229    0 1181  493.00000  526.74229  6.84%     -    3s
     0     0  526.73655    0 1181  493.00000  526.73655  6.84%     -    3s
     0     0  526.60870    0 1182  493.00000  526.60870  6.82%     -    3s
     0     0  526.58083    0 1184  493.00000  526.58083  6.81%     -    3s
     0     0  526.57758    0 1184  493.00000  526.57758  6.81%     -    3s
H    0     0                     494.0000000  526.45070  6.57%     -    3s
     0     0  526.45070    0 1184  494.00000  526.45070  6.57%     -    3s
     0     0  526.40652    0 1186  494.00000  526.40652  6.56%     -    3s
     0     0  526.39432    0 1185  494.00000  526.39432  6.56%     -    3s
     0     0  526.39182    0 1185  494.00000  526.39182  6.56%     -    3s
H    0     0                     496.0000000  526.34102  6.12%     -    3s
     0     0  526.34102    0 1183  496.00000  526.34102  6.12%     -    3s
     0     0  526.34102    0 1183  496.00000  526.34102  6.12%     -    3s
H    0     0                     498.0000000  526.34102  5.69%     -    3s
     0     2  526.34102    0 1183  498.00000  526.34102  5.69%     -    4s
    15    28  525.77688    4 1178  498.00000  525.87274  5.60%  2009    5s
H   30    40                     502.0000000  525.77388  4.74%  1621    6s
H   72    79                     503.0000000  525.77388  4.53%  1368    7s
H   83    90                     504.0000000  525.77388  4.32%  1343    7s
H  155   131                     505.0000000  525.77388  4.11%  1136    8s
   338   234  514.35857   19 1107  505.00000  525.77388  4.11%   832   10s
   854   682  514.81314   18 1106  505.00000  525.41322  4.04%   622   15s
  2164  1618  517.58817   50 1183  505.00000  523.76041  3.71%   487   24s
  2167  1620  517.43796   10 1179  505.00000  523.76041  3.71%   486   27s
  2173  1624  516.99315   10 1181  505.00000  523.76041  3.71%   485   31s
  2178  1627  513.16709   51 1181  505.00000  523.76041  3.71%   483   35s
  2182  1630  518.57018   36 1183  505.00000  523.76041  3.71%   483   40s
  2186  1633  511.69064   73 1180  505.00000  523.76041  3.71%   482   45s
  2314  1743  521.40723   17 1159  505.00000  522.43347  3.45%   541   50s
  2437  1825  521.59279   20 1171  505.00000  522.43347  3.45%   583   65s
  2893  2157  520.55141   27 1164  505.00000  522.43347  3.45%   692   70s
  3664  2606  519.38274   34 1156  505.00000  522.43347  3.45%   703   75s
  5066  3191  517.64383   43 1144  505.00000  522.43347  3.45%   693   80s
  6495  3725  516.09599   50 1131  505.00000  522.43347  3.45%   668   85s
  8099  4916  514.14200   60 1118  505.00000  522.43347  3.45%   634   90s
 10254  6728  512.53219   74 1096  505.00000  522.43347  3.45%   592   95s
 12240  8193  510.19063   91 1070  505.00000  522.43347  3.45%   570  100s
 13511  9115     cutoff   20       505.00000  520.83664  3.14%   558  105s
 15984 10625  507.67318   20 1082  505.00000  520.37017  3.04%   544  112s
 16926 11140  515.92125   23 1129  505.00000  519.64637  2.90%   555  115s
 18527 11922  508.88195   26 1085  505.00000  519.63768  2.90%   569  120s
 20494 12894  513.57513   23 1113  505.00000  519.49040  2.87%   580  127s
 21477 13540  507.05793   37 1058  505.00000  519.49040  2.87%   589  132s
 23123 14802  509.07633   58 1088  505.00000  519.47915  2.87%   594  136s
 25557 17381  516.18789   27 1116  505.00000  519.16678  2.81%   583  142s
 28180 18617  515.52058   38 1122  505.00000  519.05431  2.78%   570  146s
 29836 19917  509.46618   60 1079  505.00000  518.99696  2.77%   571  151s
 32336 21817  508.99340   29 1091  505.00000  518.76761  2.73%   562  156s
 34921 23801  508.29717   23 1079  505.00000  518.63466  2.70%   555  161s
 37894 26378  509.02968   52 1078  505.00000  518.50655  2.67%   546  167s
 39512 27785  514.19042   23 1098  505.00000  518.42598  2.66%   541  170s
 43002 30152  506.32200   76 1055  505.00000  518.29044  2.63%   532  176s
 46468 33028  510.06704   48 1090  505.00000  518.09936  2.59%   526  183s
 48321 34308  514.02100   29 1113  505.00000  518.02568  2.58%   522  186s
 50230 35326     cutoff   30       505.00000  517.92541  2.56%   520  190s
 52013 35327  513.03180   36 1183  505.00000  517.92288  2.56%   519  285s
 52023 35334  515.54387   26 1190  505.00000  517.92288  2.56%   519  291s
 52028 35337  510.39770   31 1189  505.00000  517.92288  2.56%   519  295s
 52035 35342  509.94059   28 1186  505.00000  517.69188  2.51%   519  300s
 52042 35346  509.66279   40 1189  505.00000  517.44329  2.46%   519  305s
 52048 35350  507.89945   66 1188  505.00000  517.31552  2.44%   519  311s
 52052 35353  507.08808   75 1187  505.00000  517.26602  2.43%   519  315s
 52056 35356  509.25027   62 1188  505.00000  517.26158  2.43%   519  320s
 52060 35358  506.97646   49 1188  505.00000  517.25269  2.43%   519  325s
 52064 35361  509.64083   53 1189  505.00000  517.25059  2.43%   519  330s
 52068 35364  506.79589   71 1187  505.00000  517.24684  2.43%   519  335s
 52073 35367  508.33791   56 1188  505.00000  517.24464  2.42%   519  340s
 52078 35370  512.55970   42 1189  505.00000  517.24338  2.42%   519  345s
 52082 35373  510.59062   67 1187  505.00000  517.24285  2.42%   519  350s
 52087 35376  509.36614   64 1189  505.00000  517.24170  2.42%   519  355s
 52092 35380  511.21911   38 1187  505.00000  517.24022  2.42%   519  360s
 52097 35383  512.28837   45 1187  505.00000  517.23964  2.42%   519  365s
 52102 35386  508.27602   53 1186  505.00000  517.23855  2.42%   519  370s
 52107 35390  507.61876   34 1187  505.00000  517.23751  2.42%   519  375s
 52112 35393  515.28831   22 1187  505.00000  517.23717  2.42%   519  380s
 52116 35396  506.87516   26 1188  505.00000  517.23703  2.42%   518  385s
 52121 35399  506.33251   61 1187  505.00000  517.23683  2.42%   518  390s
 52126 35402  513.33335   28 1186  505.00000  517.23681  2.42%   518  395s
 52131 35406  516.02776   31 1187  505.00000  517.23561  2.42%   518  400s
 52147 35433  516.27247   24 1183  505.00000  516.43107  2.26%   520  405s
 52235 35500  515.41807   27 1181  505.00000  515.69232  2.12%   521  433s
 52288 35535  515.30215   28 1176  505.00000  515.43004  2.07%   522  435s
 52312 35551  514.20464   28 1165  505.00000  515.42597  2.06%   522  440s
 52336 35585  515.12375   29 1179  505.00000  515.35898  2.05%   523  445s
 52762 35863  514.35126   35 1170  505.00000  515.13826  2.01%   529  450s
 53108 35984  513.81213   39 1169  505.00000  515.13826  2.01%   530  456s
 53689 36272  513.11870   43 1165  505.00000  515.13826  2.01%   531  460s
 54529 36555  510.65782   48 1144  505.00000  515.13826  2.01%   531  465s
 55508 36801  509.62100   55 1129  505.00000  515.13826  2.01%   531  471s

Cutting planes:
  Gomory: 6
  Clique: 1
  Flow cover: 57
  Zero half: 514
  RLT: 164
  BQP: 25

Explored 56340 nodes (29964896 simplex iterations) in 474.66 seconds (1312.52 work units)
Thread count was 24 (of 24 available processors)

Solution count 10: 505 504 503 ... 489

Solve interrupted
Best objective 5.050000000000e+02, best bound 5.150000000000e+02, gap 1.9802%

User-callback calls 174071, time in user-callback 0.20 sec
