
Gurobi 11.0.3 (linux64) logging started Tue Nov 25 16:03:16 2025

Set parameter LogFile to value "./log/train/CA_750_1100_0.7/CA_10.lp.log"
Set parameter TimeLimit to value 3600
Gurobi Optimizer version 11.0.3 build v11.0.3rc0 (linux64 - "Ubuntu 22.04.5 LTS")

CPU model: AMD Ryzen 9 9900X 12-Core Processor, instruction set [SSE2|AVX|AVX2|AVX512]
Thread count: 12 physical cores, 24 logical processors, using up to 24 threads

Optimize a model with 1180 rows, 750 columns and 4646 nonzeros
Model fingerprint: 0xfdac03a3
Variable types: 0 continuous, 750 integer (750 binary)
Coefficient statistics:
  Matrix range     [1e+00, 1e+00]
  Objective range  [1e+01, 3e+03]
  Bounds range     [1e+00, 1e+00]
  RHS range        [1e+00, 1e+00]
Found heuristic solution: objective 33120.510515
Presolve removed 169 rows and 68 columns
Presolve time: 0.01s
Presolved: 1011 rows, 682 columns, 4551 nonzeros
Found heuristic solution: objective 40750.820528
Variable types: 0 continuous, 682 integer (682 binary)
Found heuristic solution: objective 41956.095177

Root relaxation: objective 5.483516e+04, 2655 iterations, 0.12 seconds (0.29 work units)

    Nodes    |    Current Node    |     Objective Bounds      |     Work
 Expl Unexpl |  Obj  Depth IntInf | Incumbent    BestBd   Gap | It/Node Time

     0     0 54835.1607    0  479 41956.0952 54835.1607  30.7%     -    0s
     0     0 54494.1269    0  494 41956.0952 54494.1269  29.9%     -    0s
     0     0 54493.8654    0  501 41956.0952 54493.8654  29.9%     -    0s
     0     0 54487.3635    0  497 41956.0952 54487.3635  29.9%     -    0s
     0     0 54446.2842    0  507 41956.0952 54446.2842  29.8%     -    0s
     0     0 54444.5584    0  503 41956.0952 54444.5584  29.8%     -    0s
     0     0 54442.9293    0  504 41956.0952 54442.9293  29.8%     -    0s
     0     0 54442.9169    0  506 41956.0952 54442.9169  29.8%     -    0s
     0     0 54442.6954    0  506 41956.0952 54442.6954  29.8%     -    0s
     0     0 54442.5342    0  508 41956.0952 54442.5342  29.8%     -    0s
     0     0 54442.5342    0  508 41956.0952 54442.5342  29.8%     -    0s
H    0     0                    42275.553070 54442.5342  28.8%     -    0s
     0     2 54442.5342    0  508 42275.5531 54442.5342  28.8%     -    0s
H   27    40                    42381.180579 53740.9738  26.8%   753    0s
H   75    88                    42426.664318 53735.3012  26.7%   497    1s
H   75    88                    42508.634615 53735.3012  26.4%   497    1s
H   76    88                    42620.660256 53735.3012  26.1%   494    1s
H   77    88                    43238.506931 53735.3012  24.3%   492    1s
H   79    88                    44974.978257 53735.3012  19.5%   485    1s
H   81    88                    45417.285772 53735.3012  18.3%   481    1s
H  120   133                    45699.350558 53735.3012  17.6%   405    1s
H  161   178                    45734.393321 53735.3012  17.5%   366    1s
H  168   178                    45768.236386 53735.3012  17.4%   360    1s
*  343   291              28    46101.938891 53735.3012  16.6%   267    1s
H 1412  1046                    46258.784663 52436.5952  13.4%   237    3s
  2196  1600 46520.9515   48  506 46258.7847 51943.3876  12.3%   231    5s
H 3225  2074                    46341.768635 51943.3876  12.1%   248    9s
  4008  2398 50119.7607   40  406 46341.7686 51943.3876  12.1%   241   10s
  9520  5605 51215.1577   34  430 46341.7686 51903.8759  12.0%   231   15s
 15979 10395 47236.9640   53  334 46341.7686 50842.1063  9.71%   212   20s
 23286 15332 48298.7209   36  355 46341.7686 50534.0875  9.05%   209   25s
 31791 21013 47978.5923   37  313 46341.7686 50351.7414  8.65%   208   30s
 41892 28255 48278.8117   49  356 46341.7686 50208.5073  8.34%   206   35s
 50667 34468 47263.3244   58  334 46341.7686 50106.9531  8.12%   203   47s
 57394 38490 47186.5478   58  361 46341.7686 50034.1451  7.97%   201   50s
 64337 41950 47267.0444   49  326 46341.7686 49968.1995  7.83%   200   55s
 75516 50174 46481.8738   72  333 46341.7686 49880.7142  7.64%   196   60s
 88253 58379 48798.8493   42  355 46341.7686 49793.9227  7.45%   195   65s
 100536 66087 47251.4202   54  335 46341.7686 49730.7307  7.31%   195   70s
 115340 75080 47744.2378   50  352 46341.7686 49663.4923  7.17%   195   75s
 127751 82295 48218.0777   29  330 46341.7686 49607.4123  7.05%   193   80s
 139140 88848 47298.5956   52  342 46341.7686 49561.8051  6.95%   193   85s
 152476 95737 48776.9464   25  350 46341.7686 49512.7305  6.84%   191   90s
 165475 103228 47660.4763   36  363 46341.7686 49474.8534  6.76%   191   95s
 177570 110565 47870.8485   51  369 46341.7686 49439.0522  6.68%   190  100s
 192687 119178 48421.4062   53  377 46341.7686 49394.9651  6.59%   189  105s
 207279 127127 46368.2271   58  320 46341.7686 49360.2706  6.51%   189  110s
 220315 133714 47583.0252   40  347 46341.7686 49329.4536  6.45%   188  115s
 235099 142702 46646.9549   43  294 46341.7686 49293.9339  6.37%   187  120s
 250302 150630 46846.1369   48  324 46341.7686 49264.9001  6.31%   186  125s
 258017 154388 46410.1205   54  314 46341.7686 49250.0441  6.28%   186  130s
 273376 163090 47781.7058   36  341 46341.7686 49223.5403  6.22%   185  135s
 288364 171623 46770.9286   50  318 46341.7686 49194.6107  6.16%   185  140s
 294817 175195 47417.6505   39  342 46341.7686 49182.6841  6.13%   184  145s
 307427 182090 48067.6064   37  347 46341.7686 49160.9539  6.08%   184  150s
 323231 190032 46635.4913   66  340 46341.7686 49136.5148  6.03%   184  155s
 338159 198241     cutoff   39      46341.7686 49114.5700  5.98%   183  160s
 354207 206053 48358.5621   37  361 46341.7686 49092.0733  5.93%   183  165s
H359002 208567                    46349.839172 49083.0617  5.90%   182  167s
*359005 204778              49    46513.822668 49083.0617  5.52%   182  167s
*364669 202059              39    46637.296443 49074.9910  5.23%   182  169s
 365916 203277 48026.6790   30  331 46637.2964 49071.2702  5.22%   182  170s
 381806 210505     cutoff   51      46637.2964 49046.6961  5.17%   182  175s
 397404 217750 47692.8539   48  339 46637.2964 49023.9042  5.12%   182  180s
 410164 223488 47906.2633   44  345 46637.2964 49005.5379  5.08%   181  185s
 425800 230061 47062.5917   45  330 46637.2964 48984.2638  5.03%   181  190s
 440871 237413 48082.7859   45  365 46637.2964 48964.8477  4.99%   181  195s
 456483 243995 47577.2136   48  327 46637.2964 48945.8737  4.95%   181  200s
 472302 250193 47897.0547   44  358 46637.2964 48926.9136  4.91%   180  205s
H472631 245730                    46699.910713 48926.7555  4.77%   180  205s
 485044 251967 47340.8890   51  350 46699.9107 48911.9460  4.74%   180  210s
 499048 258065     cutoff   56      46699.9107 48896.5344  4.70%   180  215s
 509560 262918 46889.3431   48  329 46699.9107 48883.9042  4.68%   180  220s
 523588 268691 48299.8468   46  363 46699.9107 48868.2281  4.64%   179  225s
 539479 275469 46824.6936   35  301 46699.9107 48851.8453  4.61%   179  230s
 555748 282176     cutoff   63      46699.9107 48835.0930  4.57%   179  235s
 568858 287623 47896.2767   26  321 46699.9107 48820.6601  4.54%   179  240s
 585279 294420 47288.9857   62  384 46699.9107 48805.1412  4.51%   178  245s
 598724 299918 47008.8504   36  312 46699.9107 48792.7009  4.48%   178  250s
 614875 306157     cutoff   43      46699.9107 48778.1821  4.45%   178  255s
 630433 312721 47963.6646   38  315 46699.9107 48764.1849  4.42%   178  260s
 644110 318247     cutoff   62      46699.9107 48752.6450  4.40%   178  265s
 656193 323197 47614.2564   51  348 46699.9107 48741.8934  4.37%   178  270s
 672777 329680 47147.4091   54  345 46699.9107 48728.3448  4.34%   177  275s
 683421 333898 47154.7332   59  361 46699.9107 48719.7848  4.33%   177  280s
 700008 340168 47236.2295   35  298 46699.9107 48706.5744  4.30%   177  285s
 711883 344472 46935.4155   53  320 46699.9107 48697.5244  4.28%   177  290s
 727704 350765 47806.5150   55  379 46699.9107 48685.2788  4.25%   176  295s
 741813 356328 47059.4669   39  326 46699.9107 48674.5376  4.23%   176  300s
 755374 361837 46915.7208   55  329 46699.9107 48664.6751  4.21%   176  305s
 769610 366923 47657.6332   46  324 46699.9107 48655.2537  4.19%   176  310s
 785955 373267 47184.2284   48  362 46699.9107 48644.4003  4.16%   176  315s
 800078 378321 47466.0712   29  313 46699.9107 48634.4830  4.14%   175  320s
 811245 382460     cutoff   40      46699.9107 48627.9673  4.13%   175  325s
 825783 387381     cutoff   45      46699.9107 48618.8199  4.11%   175  330s
 838455 392012 46762.6175   47  320 46699.9107 48611.1555  4.09%   175  336s
 850555 396680 47236.4555   52  342 46699.9107 48603.6433  4.08%   175  340s
 866793 402044 47529.2791   46  330 46699.9107 48593.3277  4.05%   175  345s
 884080 408169     cutoff   39      46699.9107 48582.9366  4.03%   174  350s
 898545 413344 48087.7306   43  337 46699.9107 48574.3350  4.01%   174  355s
 915531 419763 46802.8416   45  303 46699.9107 48564.7731  3.99%   174  360s
 930098 424429 47450.7285   46  347 46699.9107 48556.7441  3.98%   174  365s
 947476 430389 47277.2713   39  328 46699.9107 48547.1063  3.96%   174  370s
 961346 435124     cutoff   44      46699.9107 48539.6355  3.94%   174  375s
 979210 441492 47212.6755   39  305 46699.9107 48529.1588  3.92%   173  380s
 993502 446668 47784.4278   50  330 46699.9107 48521.4898  3.90%   173  385s
 1001595 449229 46839.7147   44  324 46699.9107 48517.5588  3.89%   173  390s
 1020822 455738 47889.2299   41  320 46699.9107 48508.2067  3.87%   173  395s
 1035622 460766 47397.3364   47  351 46699.9107 48500.0662  3.85%   173  400s
 1051574 466081 47615.3193   37  319 46699.9107 48492.9068  3.84%   173  405s
 1066362 470970 47668.2005   32  297 46699.9107 48485.6707  3.82%   173  410s
 1081533 476230     cutoff   61      46699.9107 48478.3755  3.81%   173  415s
 1099506 482054 47300.3270   65  383 46699.9107 48469.5321  3.79%   172  420s
 1114338 486381 48019.1600   42  350 46699.9107 48462.3616  3.77%   172  426s
 1125153 490323     cutoff   59      46699.9107 48457.8557  3.76%   172  430s
 1140515 495568 46727.8941   47  319 46699.9107 48450.3712  3.75%   172  435s
 1155426 500434 46936.2370   45  307 46699.9107 48443.2772  3.73%   172  440s
 1173810 506718     cutoff   39      46699.9107 48435.0941  3.72%   172  445s
 1189545 511531 47961.9019   48  370 46699.9107 48427.9767  3.70%   172  450s
 1204356 516233 47073.8293   52  278 46699.9107 48421.3243  3.69%   171  455s
 1216833 520056 46745.1564   36  302 46699.9107 48416.0247  3.67%   171  460s
 1231029 524622 46734.7711   57  309 46699.9107 48410.1871  3.66%   171  465s
 1247105 528762 47249.3347   56  339 46699.9107 48403.4861  3.65%   171  471s
 1257429 532474 47148.8711   48  318 46699.9107 48399.0895  3.64%   171  475s
 1272578 537687 46885.0714   48  307 46699.9107 48393.3860  3.63%   171  480s
 1287876 542906     cutoff   57      46699.9107 48387.0808  3.61%   171  485s
 1304142 548061     cutoff   53      46699.9107 48380.8197  3.60%   171  490s
 1320387 552611 47463.5421   39  289 46699.9107 48374.8520  3.59%   170  495s
 1335749 557130     cutoff   70      46699.9107 48369.0138  3.57%   170  500s
 1348789 561296 47235.5691   49  305 46699.9107 48364.0088  3.56%   170  505s
 1367567 567030 47145.2239   49  327 46699.9107 48356.9163  3.55%   170  511s
 1380240 570956 47002.5395   49  323 46699.9107 48352.0685  3.54%   170  515s
 1393386 574684     cutoff   47      46699.9107 48347.4482  3.53%   170  520s
 1410765 580203 47254.5372   45  334 46699.9107 48341.1707  3.51%   170  525s
 1419558 583640 47402.9140   62  347 46699.9107 48337.7615  3.51%   169  530s
 1439371 589029 47125.9131   25  319 46699.9107 48330.5661  3.49%   169  535s
 1456227 593667 46952.0201   36  309 46699.9107 48324.9039  3.48%   169  540s
 1473004 599034     cutoff   53      46699.9107 48318.9567  3.47%   169  545s
 1489265 603746 47982.7721   39  335 46699.9107 48313.4715  3.46%   169  550s
 1503526 608011 46970.8541   41  311 46699.9107 48308.8378  3.45%   169  556s
 1517861 612193 47464.0965   41  310 46699.9107 48303.6162  3.43%   169  560s
 1535328 617306 47867.5191   43  330 46699.9107 48297.9888  3.42%   169  565s
 1547591 620968 46726.9991   48  287 46699.9107 48294.0682  3.41%   169  570s
 1564895 625539     cutoff   50      46699.9107 48288.8951  3.40%   168  575s
 1581876 630301 48129.1999   33  346 46699.9107 48283.8155  3.39%   168  580s
 1598271 635004     cutoff   45      46699.9107 48278.3434  3.38%   168  585s
 1615611 639697 46767.6774   57  336 46699.9107 48273.3536  3.37%   168  590s
 1627731 642577 47053.9301   58  319 46699.9107 48269.4476  3.36%   168  595s
 1644727 647976 47452.9874   60  376 46699.9107 48264.2173  3.35%   168  600s
 1659339 651983     cutoff   56      46699.9107 48259.4579  3.34%   168  605s
 1672629 655995 47234.9959   41  295 46699.9107 48255.2800  3.33%   168  610s
 1686857 659797 46942.1318   38  303 46699.9107 48251.2068  3.32%   168  615s
 1703836 664522 46845.8143   55  322 46699.9107 48246.2040  3.31%   167  620s
 1721461 669707 47578.5436   36  336 46699.9107 48240.7988  3.30%   167  625s
 1738562 674535 47381.1972   41  308 46699.9107 48236.0602  3.29%   167  630s
 1749442 676799     cutoff   53      46699.9107 48232.7453  3.28%   167  635s
 1761858 680949 47631.3176   50  347 46699.9107 48229.4398  3.28%   167  640s
 1776323 684712     cutoff   49      46699.9107 48225.3258  3.27%   167  645s
 1790017 688085 46725.4668   49  285 46699.9107 48221.4818  3.26%   167  650s
 1804415 691665 46928.3552   39  319 46699.9107 48217.2485  3.25%   167  655s
 1818199 695419 47878.2489   39  335 46699.9107 48213.2466  3.24%   167  660s
 1830288 698728 46817.2159   52  341 46699.9107 48210.0569  3.23%   167  665s
 1845777 702759 46795.2035   48  328 46699.9107 48205.5853  3.22%   166  670s
 1857661 706054 46817.3441   43  319 46699.9107 48202.4513  3.22%   166  675s
 1873294 709951 47234.0118   39  292 46699.9107 48198.3153  3.21%   166  680s
 1888298 713987     cutoff   39      46699.9107 48194.3475  3.20%   166  685s
 1902889 717823 47239.8599   41  337 46699.9107 48190.9126  3.19%   166  690s
 1915476 721073 47060.8909   41  323 46699.9107 48187.8501  3.19%   166  696s
 1930997 725309 46829.4635   54  338 46699.9107 48183.6938  3.18%   166  701s
 1945834 728904 47153.7549   46  353 46699.9107 48179.8764  3.17%   166  706s
 1956637 731900 47396.2119   43  347 46699.9107 48176.9059  3.16%   166  710s
 1975136 736440 47676.0032   47  336 46699.9107 48172.0172  3.15%   166  716s
*1977365 725923              31    46750.608101 48171.9058  3.04%   166  716s
 1985385 728770 47447.6147   46  304 46750.6081 48169.5380  3.04%   166  720s
 2000161 732103 47315.4112   42  344 46750.6081 48165.8693  3.03%   166  725s
 2015044 735360 46815.9635   51  320 46750.6081 48161.8739  3.02%   165  730s
 2029395 738307 47014.7877   65  359 46750.6081 48158.1541  3.01%   165  735s
 2041458 741478 47552.7988   45  347 46750.6081 48155.1365  3.00%   165  740s
 2055819 744868 47192.6837   54  337 46750.6081 48151.4335  3.00%   165  745s
 2070686 748310     cutoff   44      46750.6081 48147.6692  2.99%   165  750s
 2085185 751699 47691.5196   44  350 46750.6081 48144.3224  2.98%   165  755s
 2100138 755146     cutoff   58      46750.6081 48140.8187  2.97%   165  760s
 2114299 758498     cutoff   55      46750.6081 48137.2464  2.97%   165  765s
 2132553 762042 47188.4912   52  354 46750.6081 48132.7786  2.96%   165  771s
 2140282 764214 47212.2171   52  342 46750.6081 48131.1385  2.95%   165  776s
 2151529 766742 47575.6658   49  344 46750.6081 48128.3051  2.95%   165  780s
 2165744 770075 46988.5264   46  325 46750.6081 48124.9919  2.94%   165  785s
 2177180 772306 47311.6288   48  342 46750.6081 48122.2814  2.93%   165  790s
 2191562 775525 47272.4434   46  335 46750.6081 48119.0740  2.93%   164  795s
 2206367 778668 47332.9116   49  327 46750.6081 48115.6328  2.92%   164  800s
 2221581 782162     cutoff   37      46750.6081 48112.0917  2.91%   164  805s
 2235629 784925 47236.2306   52  354 46750.6081 48109.0170  2.91%   164  810s
 2249507 787976     cutoff   54      46750.6081 48105.9646  2.90%   164  815s
 2263549 791397 47457.3767   44  357 46750.6081 48102.5201  2.89%   164  821s
 2275148 794083 47268.9884   53  330 46750.6081 48099.8858  2.89%   164  825s
 2289728 797002 46857.2507   48  284 46750.6081 48096.6997  2.88%   164  830s
 2304882 800287 47041.2873   38  282 46750.6081 48093.1592  2.87%   164  835s
 2319272 803164 46989.6108   36  319 46750.6081 48089.9081  2.86%   164  840s
 2334319 806244 46766.7790   44  291 46750.6081 48086.5748  2.86%   164  845s
 2347427 808983 46769.8867   56  317 46750.6081 48083.6424  2.85%   164  850s
 2362733 812027 46800.8624   41  285 46750.6081 48080.2721  2.84%   163  856s
 2373337 814281 47299.4274   55  346 46750.6081 48077.9286  2.84%   163  860s
 2391890 818246     cutoff   47      46750.6081 48073.6745  2.83%   163  865s
 2406658 821504 47418.0443   38  326 46750.6081 48070.1995  2.82%   163  870s
 2421098 824434 46860.4106   59  355 46750.6081 48067.1918  2.82%   163  875s
 2434359 827201 47480.3136   44  314 46750.6081 48064.3187  2.81%   163  880s
 2448439 829782 47396.5474   45  327 46750.6081 48061.2253  2.80%   163  885s
 2458173 832224 47156.4943   45  306 46750.6081 48059.2310  2.80%   163  890s
 2473070 835173 47299.2504   45  348 46750.6081 48056.0692  2.79%   163  895s
 2487941 838382 46980.0667   53  332 46750.6081 48052.8859  2.79%   163  900s
 2502480 841385     cutoff   47      46750.6081 48049.8648  2.78%   163  905s
 2517491 844257 46835.7867   62  347 46750.6081 48046.7859  2.77%   163  911s
 2531689 847069     cutoff   61      46750.6081 48043.9240  2.77%   163  915s
 2544891 849391 47871.1930   39  354 46750.6081 48041.2731  2.76%   163  920s
 2559905 852626 47121.6974   37  311 46750.6081 48037.9352  2.75%   162  926s
 2571495 854796 46894.4345   46  309 46750.6081 48035.6497  2.75%   162  930s
 2589169 858489 47585.6067   30  290 46750.6081 48031.9049  2.74%   162  936s
 2604058 861232 46914.3390   42  302 46750.6081 48029.0324  2.73%   162  940s
 2618948 863938 47337.9853   50  330 46750.6081 48026.0296  2.73%   162  945s
 2633597 866446     cutoff   62      46750.6081 48023.2226  2.72%   162  950s
 2649123 869773 46841.5485   41  321 46750.6081 48020.1163  2.72%   162  956s
 2664995 872370     cutoff   43      46750.6081 48017.0127  2.71%   162  961s
H2666039 865050                    46777.118016 48016.8931  2.65%   162  961s
 2674086 866829     cutoff   42      46777.1180 48015.1348  2.65%   162  965s
 2692862 870087 47622.4396   53  322 46777.1180 48011.5454  2.64%   162  971s
 2707829 872456 47271.9307   56  333 46777.1180 48008.6940  2.63%   162  976s
 2718583 874254 47009.0147   48  313 46777.1180 48006.5732  2.63%   162  980s
 2733523 876171 47081.3868   44  310 46777.1180 48003.8629  2.62%   162  985s
 2746716 878953 46972.9690   37  311 46777.1180 48001.3822  2.62%   162  990s
 2761614 881322 46821.5079   60  321 46777.1180 47998.7224  2.61%   161  995s
 2776486 883770 46872.9336   42  296 46777.1180 47995.9651  2.61%   161 1000s
 2794545 886696 47065.9160   44  328 46777.1180 47992.6546  2.60%   161 1006s
 2809380 889051     cutoff   55      46777.1180 47989.7624  2.59%   161 1011s
 2823720 891518 47565.9449   49  332 46777.1180 47987.0252  2.59%   161 1015s
 2838658 893992 47266.7644   39  297 46777.1180 47984.1496  2.58%   161 1020s
 2851419 896715 47462.8452   46  317 46777.1180 47981.7978  2.58%   161 1026s
 2866967 898720     cutoff   43      46777.1180 47978.6965  2.57%   161 1030s
 2882473 900961     cutoff   44      46777.1180 47975.9124  2.56%   161 1035s
 2895451 902948 47505.3641   46  328 46777.1180 47973.6975  2.56%   161 1040s
 2909028 905072 47384.5455   54  336 46777.1180 47971.2111  2.55%   161 1045s
 2925539 907498 47353.8264   47  323 46777.1180 47968.1225  2.55%   161 1050s
 2940685 910182 46779.6771   67  362 46777.1180 47965.4434  2.54%   161 1055s
 2954926 912564     cutoff   51      46777.1180 47962.9904  2.54%   161 1060s
 2968038 914644 47260.1904   55  334 46777.1180 47960.6139  2.53%   161 1065s
 2983251 916890 46852.4013   45  297 46777.1180 47957.9038  2.52%   160 1070s
 2998234 919161 46854.1527   38  310 46777.1180 47955.4995  2.52%   160 1075s
 3016895 921949 46860.9330   40  304 46777.1180 47952.4335  2.51%   160 1080s
 3034786 924935     cutoff   59      46777.1180 47949.2594  2.51%   160 1085s
 3053360 927462     cutoff   45      46777.1180 47946.1510  2.50%   160 1090s
 3072116 930529 47582.3342   46  349 46777.1180 47942.8653  2.49%   160 1095s
 3086312 932682 46960.2591   37  319 46777.1180 47940.3650  2.49%   160 1100s
 3104820 934751     cutoff   41      46777.1180 47937.0780  2.48%   160 1106s
 3112937 936230     cutoff   34      46777.1180 47935.7761  2.48%   160 1110s
 3131482 938771 47368.6773   61  356 46777.1180 47932.6749  2.47%   160 1115s
 3146507 940877 47038.4159   52  327 46777.1180 47930.3902  2.47%   160 1120s
 3164049 943455     cutoff   54      46777.1180 47927.4856  2.46%   160 1125s
 3182619 946160 46814.6043   44  310 46777.1180 47924.3137  2.45%   160 1131s
 3197582 948242 46839.9438   57  342 46777.1180 47921.8098  2.45%   160 1135s
 3211927 950217 46871.0948   49  308 46777.1180 47919.4161  2.44%   159 1140s
 3226973 952070     cutoff   59      46777.1180 47916.8615  2.44%   159 1145s
 3241302 953455 46855.6885   44  312 46777.1180 47914.6403  2.43%   159 1150s
 3255431 955766 46997.3985   54  305 46777.1180 47912.3802  2.43%   159 1155s
 3267051 957160 47223.4557   47  345 46777.1180 47910.5428  2.42%   159 1160s
 3281530 959101 47754.2035   43  358 46777.1180 47908.1372  2.42%   159 1165s
 3297330 961038     cutoff   51      46777.1180 47905.6084  2.41%   159 1170s
 3311727 962869 46843.6550   54  300 46777.1180 47903.3624  2.41%   159 1175s
 3330298 965171 47303.2459   46  338 46777.1180 47900.4143  2.40%   159 1180s
 3347434 967686 47129.6771   47  343 46777.1180 47897.7041  2.40%   159 1186s
 3362374 969346     cutoff   46      46777.1180 47895.3396  2.39%   159 1190s
 3375426 970931 47097.3710   41  290 46777.1180 47893.4168  2.39%   159 1195s
 3394081 973370 46815.7512   53  319 46777.1180 47890.3551  2.38%   159 1200s
 3412613 975667 46888.8408   49  309 46777.1180 47887.3915  2.37%   159 1205s
 3430406 977390     cutoff   51      46777.1180 47885.0989  2.37%   159 1210s
 3445536 979647 46877.7072   54  305 46777.1180 47882.4286  2.36%   158 1215s
 3460486 981593 47361.4576   40  329 46777.1180 47880.0864  2.36%   158 1220s
 3478554 983703 46844.8497   62  340 46777.1180 47877.3479  2.35%   158 1225s
 3495906 985816     cutoff   50      46777.1180 47874.7352  2.35%   158 1230s
 3514980 988137     cutoff   53      46777.1180 47871.8549  2.34%   158 1235s
 3529135 989932 46964.0138   62  336 46777.1180 47869.6511  2.34%   158 1240s
 3551325 992488     cutoff   63      46777.1180 47866.3166  2.33%   158 1245s
 3567892 994264 47193.1090   53  346 46777.1180 47863.9369  2.32%   158 1251s
 3583175 995956     cutoff   44      46777.1180 47861.6322  2.32%   158 1255s
 3601704 997740 47267.9850   52  342 46777.1180 47858.9992  2.31%   158 1260s
 3619196 999754 46842.0489   36  316 46777.1180 47856.5059  2.31%   158 1265s
 3634831 1001606     cutoff   48      46777.1180 47854.1126  2.30%   158 1270s
 3656993 1003860 47070.4595   60  336 46777.1180 47850.8931  2.30%   158 1275s
 3669269 1005183     cutoff   57      46777.1180 47849.2408  2.29%   158 1280s
 3688826 1007219     cutoff   51      46777.1180 47846.4048  2.29%   158 1285s
 3707327 1009116     cutoff   56      46777.1180 47843.7207  2.28%   157 1290s
 3726088 1011137 46897.2109   53  319 46777.1180 47841.1292  2.27%   157 1295s
 3742362 1012704 47362.4379   56  343 46777.1180 47838.9177  2.27%   157 1300s
 3761033 1014650 46952.9607   60  364 46777.1180 47836.3316  2.26%   157 1305s
 3779668 1016459 47266.5374   52  327 46777.1180 47833.6296  2.26%   157 1310s
 3796551 1018174 46787.2061   49  311 46777.1180 47831.3113  2.25%   157 1315s
 3815348 1019865     cutoff   37      46777.1180 47828.7337  2.25%   157 1320s
 3833836 1021769     cutoff   60      46777.1180 47826.2116  2.24%   157 1325s
 3851974 1023724     cutoff   34      46777.1180 47823.8082  2.24%   157 1330s
 3869161 1025380 47052.6979   48  299 46777.1180 47821.5823  2.23%   157 1336s
 3884506 1026886     cutoff   48      46777.1180 47819.4817  2.23%   157 1340s
 3903090 1028574     cutoff   46      46777.1180 47817.0059  2.22%   157 1345s
 3921028 1030418 47150.5817   43  304 46777.1180 47814.4959  2.22%   157 1350s
 3939688 1032123     cutoff   48      46777.1180 47811.8121  2.21%   157 1355s
 3958273 1033874 46941.5446   51  314 46777.1180 47809.3578  2.21%   157 1360s
 3976148 1035571     cutoff   64      46777.1180 47807.1000  2.20%   156 1365s
 3993027 1037053     cutoff   47      46777.1180 47804.8690  2.20%   156 1370s
 4010657 1038624     cutoff   48      46777.1180 47802.5849  2.19%   156 1375s
 4029515 1040471 46808.8474   51  357 46777.1180 47799.8834  2.19%   156 1381s
 4044912 1041667 46886.9360   47  307 46777.1180 47797.8928  2.18%   156 1385s
 4066909 1043707 47342.4590   44  322 46777.1180 47795.0315  2.18%   156 1390s
 4084918 1045124     cutoff   54      46777.1180 47792.6935  2.17%   156 1395s
 4103473 1046575 46804.7809   65  340 46777.1180 47790.2178  2.17%   156 1400s
 4117201 1047912     cutoff   43      46777.1180 47788.2749  2.16%   156 1405s
 4138591 1049579 47349.4893   33  310 46777.1180 47785.4906  2.16%   156 1410s
 4157227 1050980 47078.8621   41  323 46777.1180 47783.0709  2.15%   156 1415s
 4175808 1052541 46800.8580   44  293 46777.1180 47780.6525  2.15%   156 1420s
 4194473 1053925 46875.1597   52  316 46777.1180 47778.2928  2.14%   156 1425s
 4212352 1055127 46978.2152   41  318 46777.1180 47775.9910  2.14%   156 1430s
 4229202 1056467 47470.9162   46  297 46777.1180 47773.8427  2.13%   156 1435s
 4248672 1057944     cutoff   59      46777.1180 47771.2947  2.13%   155 1440s
 4266499 1059429 47396.6273   29  291 46777.1180 47769.0972  2.12%   155 1445s
 4285410 1060879 47138.4377   59  334 46777.1180 47766.7561  2.12%   155 1450s
 4304058 1062240     cutoff   43      46777.1180 47764.4201  2.11%   155 1455s
 4321937 1063644 46872.0434   50  308 46777.1180 47762.1457  2.11%   155 1460s
 4340117 1064512 46887.3465   53  314 46777.1180 47759.8866  2.10%   155 1466s
 4354726 1065566     cutoff   40      46777.1180 47758.1319  2.10%   155 1470s
 4372849 1066902 46885.9682   35  319 46777.1180 47755.8497  2.09%   155 1475s
 4391441 1068282 47181.5056   47  328 46777.1180 47753.4433  2.09%   155 1480s
 4410072 1069332     cutoff   47      46777.1180 47751.1529  2.08%   155 1485s
 4427988 1070602     cutoff   45      46777.1180 47749.0157  2.08%   155 1490s
 4444933 1071717 46885.8584   48  328 46777.1180 47746.9549  2.07%   155 1495s
 4464172 1072900     cutoff   41      46777.1180 47744.5699  2.07%   155 1500s
 4481932 1074004 47012.9876   42  321 46777.1180 47742.4317  2.06%   155 1505s
 4499122 1075091 46927.6692   37  318 46777.1180 47740.4170  2.06%   155 1510s
 4518350 1076123     cutoff   41      46777.1180 47738.1130  2.05%   155 1515s
 4540662 1077554     cutoff   38      46777.1180 47735.4933  2.05%   155 1520s
 4558519 1078603 46802.2336   44  311 46777.1180 47733.5151  2.04%   154 1525s
 4575024 1079545     cutoff   42      46777.1180 47731.6241  2.04%   154 1530s
 4594388 1080704 47112.7836   45  301 46777.1180 47729.2645  2.04%   154 1535s
 4612258 1081638 47157.5467   47  341 46777.1180 47727.2408  2.03%   154 1540s
 4630902 1082610 47072.2926   35  328 46777.1180 47725.0762  2.03%   154 1545s
 4649635 1083668     cutoff   43      46777.1180 47722.9490  2.02%   154 1550s
 4671816 1084860 46807.2654   40  300 46777.1180 47720.4430  2.02%   154 1555s
 4688112 1085541 47123.2426   57  337 46777.1180 47718.5070  2.01%   154 1560s
 4704788 1086518     cutoff   41      46777.1180 47716.4734  2.01%   154 1565s
 4717788 1087199 46785.3673   59  327 46777.1180 47714.9345  2.00%   154 1570s
 4740326 1088099     cutoff   53      46777.1180 47712.2243  2.00%   154 1575s
 4759032 1088965 47142.1380   30  302 46777.1180 47710.0207  1.99%   154 1580s
 4777670 1089990 47502.6630   45  335 46777.1180 47707.9293  1.99%   154 1585s
 4800189 1090811 47014.3284   50  330 46777.1180 47705.3674  1.98%   154 1590s
 4817471 1091765     cutoff   66      46777.1180 47703.4142  1.98%   154 1595s
 4836064 1092547 46798.5104   54  315 46777.1180 47701.1518  1.98%   154 1600s
 4854697 1093321     cutoff   41      46777.1180 47699.0588  1.97%   154 1605s
 4872678 1094222 47208.6937   49  335 46777.1180 47697.0153  1.97%   153 1610s
 4891126 1094930 46903.0272   46  289 46777.1180 47694.9468  1.96%   153 1615s
 4913554 1095801 47273.5409   39  266 46777.1180 47692.5327  1.96%   153 1621s
 4926695 1096413 47201.9826   44  324 46777.1180 47691.0424  1.95%   153 1625s
 4948967 1097178 46815.1133   53  323 46777.1180 47688.6238  1.95%   153 1630s
 4962965 1097738 46785.6899   41  345 46777.1180 47687.1605  1.95%   153 1635s
 4982763 1098420 46795.7021   55  311 46777.1180 47684.8964  1.94%   153 1640s
 5004350 1099155 46789.1995   43  279 46777.1180 47682.5568  1.94%   153 1645s
 5022927 1099872 47178.1938   38  314 46777.1180 47680.4818  1.93%   153 1650s
 5039490 1100459     cutoff   59      46777.1180 47678.7589  1.93%   153 1655s
 5059599 1101042 46858.5721   49  308 46777.1180 47676.5109  1.92%   153 1660s
 5075488 1101366 47047.6933   61  361 46777.1180 47674.7832  1.92%   153 1665s
 5095041 1101957 47260.0997   51  361 46777.1180 47672.5785  1.91%   153 1670s
 5113019 1102446 47102.8928   42  288 46777.1180 47670.6122  1.91%   153 1675s
 5131727 1102983 46988.2116   50  323 46777.1180 47668.6523  1.91%   153 1680s
 5148450 1103410     cutoff   69      46777.1180 47666.8522  1.90%   153 1685s
 5168439 1103823 47194.8892   46  318 46777.1180 47664.6087  1.90%   153 1690s
 5189900 1104215 46910.2689   55  317 46777.1180 47662.2753  1.89%   152 1695s
 5207939 1104600 47181.8824   43  351 46777.1180 47660.3384  1.89%   152 1700s
 5227463 1104980     cutoff   52      46777.1180 47658.1379  1.88%   152 1705s
 5245464 1105310 47330.9962   44  314 46777.1180 47656.1301  1.88%   152 1710s
 5262747 1105619 47133.8343   48  295 46777.1180 47654.2671  1.88%   152 1715s
 5281865 1105956 46937.4058   50  344 46777.1180 47652.1871  1.87%   152 1720s
 5300604 1106383     cutoff   46      46777.1180 47650.0977  1.87%   152 1725s
 5322189 1106822 47353.8459   54  335 46777.1180 47647.8095  1.86%   152 1730s
 5340851 1107123 47252.4616   45  309 46777.1180 47645.8711  1.86%   152 1735s
 5359552 1107473 47261.4054   49  316 46777.1180 47643.8996  1.85%   152 1740s
 5376357 1107777 46836.5803   45  317 46777.1180 47642.1634  1.85%   152 1745s
 5394941 1108034 47263.3404   57  341 46777.1180 47640.2526  1.85%   152 1750s
 5417350 1108167     cutoff   48      46777.1180 47637.8882  1.84%   152 1755s
 5435939 1108419     cutoff   51      46777.1180 47635.9484  1.84%   152 1760s
 5452296 1108449 47014.4312   45  302 46777.1180 47634.2783  1.83%   152 1765s
 5471124 1108557 46923.0720   51  316 46777.1180 47632.2442  1.83%   152 1770s
 5491274 1108779 47307.4055   57  342 46777.1180 47630.1423  1.82%   152 1775s
 5510850 1108916 47150.4710   40  332 46777.1180 47628.1551  1.82%   152 1780s
 5527359 1109016 47196.7697   53  333 46777.1180 47626.4984  1.82%   151 1785s
 5546591 1109105     cutoff   29      46777.1180 47624.3804  1.81%   151 1790s
 5565367 1109116 46823.4551   50  295 46777.1180 47622.4035  1.81%   151 1795s
 5584038 1109223 46939.6432   51  291 46777.1180 47620.4584  1.80%   151 1800s
 5600753 1109200     cutoff   63      46777.1180 47618.7024  1.80%   151 1805s
 5619676 1109264     cutoff   30      46777.1180 47616.7170  1.79%   151 1810s
 5638246 1109188     cutoff   52      46777.1180 47614.8883  1.79%   151 1815s
 5659784 1109059 46907.1271   52  322 46777.1180 47612.7072  1.79%   151 1820s
 5678404 1109019 47173.8277   44  350 46777.1180 47610.7461  1.78%   151 1825s
 5694661 1108873 47015.6217   47  337 46777.1180 47609.0348  1.78%   151 1830s
 5711903 1108676     cutoff   37      46777.1180 47607.3775  1.77%   151 1835s
 5734844 1108564 47137.9347   45  314 46777.1180 47605.0922  1.77%   151 1840s
 5753657 1108469     cutoff   50      46777.1180 47603.0230  1.77%   151 1845s
 5771702 1108362 46982.4640   55  342 46777.1180 47601.2460  1.76%   151 1850s
 5790340 1108133 46816.3318   40  278 46777.1180 47599.3638  1.76%   151 1855s
 5812679 1107762 46958.7290   45  335 46777.1180 47597.0814  1.75%   151 1860s
 5829375 1107542     cutoff   64      46777.1180 47595.4084  1.75%   151 1865s
 5848312 1107366 47247.1427   43  321 46777.1180 47593.5259  1.75%   151 1870s
 5869735 1107042 46968.6843   45  321 46777.1180 47591.5189  1.74%   151 1875s
 5888506 1106773 47453.5108   48  336 46777.1180 47589.6513  1.74%   150 1880s
 5910300 1106472 46855.5458   61  331 46777.1180 47587.5284  1.73%   150 1885s
 5928808 1106266 46847.5846   48  340 46777.1180 47585.6694  1.73%   150 1890s
 5944024 1105998 47022.8247   55  305 46777.1180 47584.1811  1.73%   150 1895s
 5963403 1105652 47002.6539   51  297 46777.1180 47582.2563  1.72%   150 1900s
 5980536 1105333     cutoff   58      46777.1180 47580.5802  1.72%   150 1905s
 6002111 1104923 46951.4452   48  335 46777.1180 47578.4445  1.71%   150 1910s
 6020025 1104690     cutoff   56      46777.1180 47576.6861  1.71%   150 1915s
 6041735 1104246     cutoff   35      46777.1180 47574.5072  1.70%   150 1920s
 6057948 1104017 47310.7371   56  349 46777.1180 47572.9325  1.70%   150 1925s
 6076691 1103592 47159.0717   46  309 46777.1180 47571.0720  1.70%   150 1930s
 6098161 1103124     cutoff   44      46777.1180 47568.8929  1.69%   150 1935s
 6116201 1102568 46930.0564   44  323 46777.1180 47567.1273  1.69%   150 1940s
 6137742 1101845     cutoff   50      46777.1180 47565.0290  1.68%   150 1945s
 6159228 1101157     cutoff   52      46777.1180 47562.8947  1.68%   150 1950s
 6177142 1100561     cutoff   54      46777.1180 47561.1096  1.68%   150 1955s
 6192827 1100035     cutoff   40      46777.1180 47559.5564  1.67%   150 1960s
 6215635 1099360 46880.4865   59  341 46777.1180 47557.3693  1.67%   150 1965s
 6233650 1098822 46898.9181   46  324 46777.1180 47555.5500  1.66%   150 1970s
 6255515 1098160     cutoff   39      46777.1180 47553.4157  1.66%   150 1975s
 6273450 1097438     cutoff   54      46777.1180 47551.6621  1.66%   149 1980s
 6294941 1096558     cutoff   44      46777.1180 47549.5782  1.65%   149 1985s
 6315096 1095803     cutoff   58      46777.1180 47547.5921  1.65%   149 1990s
 6333766 1095056 46862.8217   38  296 46777.1180 47545.7475  1.64%   149 1995s
 6355187 1094069 46910.0038   61  373 46777.1180 47543.6351  1.64%   149 2000s
 6373247 1093280 46961.9294   46  323 46777.1180 47541.8898  1.63%   149 2005s
 6394707 1092394     cutoff   46      46777.1180 47539.8329  1.63%   149 2010s
 6416623 1091347     cutoff   47      46777.1180 47537.7096  1.63%   149 2015s
 6427474 1090819 46914.3070   53  348 46777.1180 47536.6329  1.62%   149 2020s
 6444390 1089995 47114.0500   36  326 46777.1180 47535.0435  1.62%   149 2025s
 6466662 1089019 46832.5149   52  315 46777.1180 47532.9541  1.62%   149 2030s
 6484785 1088215 47312.9864   41  333 46777.1180 47531.2366  1.61%   149 2035s
 6506427 1087133 47041.1978   49  308 46777.1180 47529.1506  1.61%   149 2040s
 6522721 1086163     cutoff   41      46777.1180 47527.5063  1.60%   149 2045s
 6545335 1085055     cutoff   48      46777.1180 47525.3674  1.60%   149 2050s
 6563382 1084066     cutoff   53      46777.1180 47523.6581  1.60%   149 2055s
 6584902 1082872 47034.7600   57  328 46777.1180 47521.6492  1.59%   149 2060s
 6606497 1081714     cutoff   43      46777.1180 47519.6149  1.59%   149 2065s
 6625835 1080584     cutoff   45      46777.1180 47517.9140  1.58%   149 2070s
 6645138 1079468     cutoff   54      46777.1180 47515.9599  1.58%   149 2075s
 6667021 1078270     cutoff   44      46777.1180 47513.8523  1.57%   148 2080s
 6684865 1077325 46797.5535   61  324 46777.1180 47512.1315  1.57%   148 2085s
 6705508 1075951     cutoff   45      46777.1180 47510.1613  1.57%   148 2090s
 6723756 1074775 47052.7134   38  327 46777.1180 47508.3798  1.56%   148 2095s
 6745431 1073433     cutoff   50      46777.1180 47506.3574  1.56%   148 2100s
 6762345 1072406     cutoff   38      46777.1180 47504.8541  1.56%   148 2105s
 6784305 1071111     cutoff   47      46777.1180 47502.7838  1.55%   148 2110s
 6806042 1069603 46867.9875   50  325 46777.1180 47500.7173  1.55%   148 2115s
 6824042 1068399 46857.5374   40  305 46777.1180 47499.0348  1.54%   148 2120s
 6845538 1066860 46803.5049   42  315 46777.1180 47497.0141  1.54%   148 2125s
 6863517 1065497 46877.0876   40  293 46777.1180 47495.2693  1.54%   148 2130s
 6880020 1064273 47070.7927   29  291 46777.1180 47493.7348  1.53%   148 2135s
 6902148 1062627 46886.4770   46  327 46777.1180 47491.5682  1.53%   148 2140s
 6920250 1061239 47304.2220   42  340 46777.1180 47489.8718  1.52%   148 2145s
 6939620 1059766     cutoff   57      46777.1180 47488.0863  1.52%   148 2150s
 6962597 1058046 46969.0118   53  324 46777.1180 47485.9648  1.52%   148 2155s
 6980825 1056631 46859.7222   47  288 46777.1180 47484.2465  1.51%   148 2160s
 7000637 1055149     cutoff   34      46777.1180 47482.4531  1.51%   148 2165s
 7017609 1053713 47151.7445   51  330 46777.1180 47480.8371  1.50%   148 2170s
 7036946 1052242     cutoff   47      46777.1180 47479.0379  1.50%   148 2175s
 7058978 1050424 46835.4628   40  284 46777.1180 47476.9265  1.50%   148 2180s
 7076902 1048893     cutoff   44      46777.1180 47475.2365  1.49%   148 2185s
 7098474 1047064 47120.2898   52  325 46777.1180 47473.1966  1.49%   147 2190s
 7115211 1045543 46835.6049   46  293 46777.1180 47471.7099  1.48%   147 2195s
 7137426 1043613     cutoff   50      46777.1180 47469.5911  1.48%   147 2200s
 7158971 1041728     cutoff   51      46777.1180 47467.5447  1.48%   147 2205s
 7177085 1040069 46827.4088   62  312 46777.1180 47465.8529  1.47%   147 2210s
 7195114 1038654     cutoff   53      46777.1180 47464.1993  1.47%   147 2215s
 7215761 1036478 46805.7391   60  311 46777.1180 47462.3183  1.46%   147 2220s
 7228776 1035217 47275.8225   36  302 46777.1180 47461.0812  1.46%   147 2225s
 7247571 1033487     cutoff   54      46777.1180 47459.2754  1.46%   147 2230s
 7269172 1031378     cutoff   45      46777.1180 47457.2491  1.45%   147 2235s
 7290916 1029320     cutoff   44      46777.1180 47455.1937  1.45%   147 2240s
 7312550 1027251     cutoff   48      46777.1180 47453.2083  1.45%   147 2245s
 7334133 1025011 46901.0996   52  327 46777.1180 47451.1842  1.44%   147 2250s
 7352017 1023105 47319.2508   44  337 46777.1180 47449.5022  1.44%   147 2255s
 7371786 1021100 47114.0099   46  318 46777.1180 47447.5878  1.43%   147 2260s
 7394234 1018538 46851.8381   46  286 46777.1180 47445.4097  1.43%   147 2265s
 7410875 1016729 46831.5784   44  299 46777.1180 47443.9371  1.43%   147 2270s
 7429870 1014717     cutoff   63      46777.1180 47442.0816  1.42%   147 2275s
 7451641 1012375     cutoff   36      46777.1180 47440.0550  1.42%   147 2280s
 7472074 1010010     cutoff   49      46777.1180 47438.1504  1.41%   147 2285s
 7488792 1008187     cutoff   45      46777.1180 47436.6539  1.41%   147 2290s
 7511362 1005711 46886.3500   44  315 46777.1180 47434.4990  1.41%   147 2295s
 7529432 1003678     cutoff   50      46777.1180 47432.8315  1.40%   146 2300s
 7551158 1001111     cutoff   38      46777.1180 47430.7257  1.40%   146 2305s
 7572807 998521 46987.3243   49  325 46777.1180 47428.6815  1.39%   146 2310s
 7594403 995995     cutoff   46      46777.1180 47426.6544  1.39%   146 2315s
 7610892 994035     cutoff   56      46777.1180 47425.1285  1.39%   146 2320s
 7633355 991312     cutoff   43      46777.1180 47422.9827  1.38%   146 2325s
 7655194 988674 46971.5607   50  304 46777.1180 47420.9919  1.38%   146 2330s
 7673064 986497     cutoff   37      46777.1180 47419.3082  1.37%   146 2335s
 7691196 984322 46792.6675   50  308 46777.1180 47417.6676  1.37%   146 2340s
 7706940 982295 47055.1036   48  296 46777.1180 47416.2717  1.37%   146 2345s
 7724841 980145 46961.2093   35  322 46777.1180 47414.5215  1.36%   146 2350s
 7747465 977318 46954.1281   43  320 46777.1180 47412.5091  1.36%   146 2355s
 7769006 974486     cutoff   47      46777.1180 47410.4029  1.35%   146 2360s
 7790507 971621 47007.2605   50  319 46777.1180 47408.3767  1.35%   146 2365s
 7808512 969184 46969.4538   53  325 46777.1180 47406.6862  1.35%   146 2370s
 7824924 966990     cutoff   34      46777.1180 47405.1594  1.34%   146 2375s
 7838587 965101 46985.8301   40  319 46777.1180 47403.8571  1.34%   146 2380s
 7861187 962011     cutoff   46      46777.1180 47401.7658  1.34%   146 2385s
 7879297 959411     cutoff   51      46777.1180 47399.9664  1.33%   146 2390s
 7900988 956420     cutoff   49      46777.1180 47397.9365  1.33%   146 2395s
 7922605 953374 47023.7800   31  278 46777.1180 47395.9282  1.32%   146 2400s
 7938850 950966 46940.9177   42  324 46777.1180 47394.3387  1.32%   146 2405s
 7957839 948287 46785.5328   44  298 46777.1180 47392.5646  1.32%   146 2410s
 7976014 945942     cutoff   37      46777.1180 47390.8777  1.31%   146 2415s
 7989073 943640     cutoff   45      46777.1180 47389.6490  1.31%   145 2420s
 8007673 940951     cutoff   44      46777.1180 47387.9007  1.31%   145 2425s
 8029493 937713     cutoff   42      46777.1180 47385.8838  1.30%   145 2430s
 8045058 935258     cutoff   53      46777.1180 47384.4249  1.30%   145 2435s
 8068007 931860 46917.7027   48  343 46777.1180 47382.1803  1.29%   145 2440s
 8089781 928489     cutoff   41      46777.1180 47380.0736  1.29%   145 2445s
 8111466 925070 47091.4429   53  343 46777.1180 47377.9854  1.28%   145 2450s
 8129483 922154 46952.1498   57  343 46777.1180 47376.2315  1.28%   145 2455s
 8151046 918718     cutoff   56      46777.1180 47374.1299  1.28%   145 2460s
 8170385 915554 46966.7205   51  339 46777.1180 47372.4632  1.27%   145 2465s
 8193232 911873     cutoff   50      46777.1180 47370.1290  1.27%   145 2470s
 8211460 908864     cutoff   52      46777.1180 47368.4039  1.26%   145 2475s
 8233161 905254 46954.0075   49  293 46777.1180 47366.3144  1.26%   145 2480s
 8253163 901876     cutoff   49      46777.1180 47364.4216  1.26%   145 2485s
 8271837 898651     cutoff   51      46777.1180 47362.6003  1.25%   145 2490s
 8291460 895198     cutoff   60      46777.1180 47360.7708  1.25%   145 2495s
 8309146 892017 46903.5832   48  324 46777.1180 47358.9097  1.24%   145 2500s
 8331867 888082 46811.5591   49  319 46777.1180 47356.6481  1.24%   145 2505s
 8353735 884218 46906.2751   49  316 46777.1180 47354.4776  1.23%   145 2510s
 8375167 880167     cutoff   55      46777.1180 47352.3398  1.23%   145 2515s
 8393263 876726 47202.3831   40  293 46777.1180 47350.5312  1.23%   145 2520s
 8413680 872930     cutoff   41      46777.1180 47348.5344  1.22%   145 2525s
 8432120 869509     cutoff   49      46777.1180 47346.6837  1.22%   145 2530s
 8450234 866182     cutoff   45      46777.1180 47344.9129  1.21%   145 2535s
 8468224 862783     cutoff   32      46777.1180 47343.0938  1.21%   145 2540s
 8489886 858632     cutoff   34      46777.1180 47340.8964  1.21%   144 2545s
 8507909 855621     cutoff   55      46777.1180 47339.1045  1.20%   144 2550s
 8518900 852969     cutoff   37      46777.1180 47338.1052  1.20%   144 2555s
 8538751 849294     cutoff   52      46777.1180 47336.0655  1.19%   144 2560s
 8556999 845573     cutoff   51      46777.1180 47334.2489  1.19%   144 2565s
 8575164 842016     cutoff   51      46777.1180 47332.4081  1.19%   144 2570s
 8593000 838418 46903.5415   38  302 46777.1180 47330.6311  1.18%   144 2576s
 8607441 835466 46882.0589   44  296 46777.1180 47329.1754  1.18%   144 2580s
 8625443 831787 46866.3000   53  306 46777.1180 47327.3430  1.18%   144 2585s
 8642344 828268     cutoff   61      46777.1180 47325.6356  1.17%   144 2590s
 8660772 824509     cutoff   58      46777.1180 47323.7794  1.17%   144 2595s
 8678971 820577     cutoff   44      46777.1180 47321.8440  1.16%   144 2600s
 8697066 816704 46835.9467   54  339 46777.1180 47320.0280  1.16%   144 2605s
 8715010 812870 47139.8447   40  295 46777.1180 47318.1697  1.16%   144 2610s
 8732934 808935 46916.8136   53  336 46777.1180 47316.3274  1.15%   144 2615s
 8749591 805308 46855.0517   56  316 46777.1180 47314.6591  1.15%   144 2620s
 8768197 801294 46961.3072   50  296 46777.1180 47312.8037  1.15%   144 2625s
 8787066 796990     cutoff   46      46777.1180 47310.8583  1.14%   144 2630s
 8807145 792522     cutoff   47      46777.1180 47308.6881  1.14%   144 2635s
 8825986 788305 47023.1879   50  338 46777.1180 47306.7539  1.13%   144 2640s
 8844604 784075     cutoff   46      46777.1180 47304.7860  1.13%   144 2645s
 8860903 780231 46882.1386   46  252 46777.1180 47303.1333  1.12%   144 2650s
 8884702 774607     cutoff   58      46777.1180 47300.5856  1.12%   144 2655s
 8903844 770140     cutoff   57      46777.1180 47298.5613  1.11%   144 2660s
 8926678 764808     cutoff   58      46777.1180 47296.1116  1.11%   144 2665s
 8949172 759404 46852.1320   42  305 46777.1180 47293.6797  1.10%   144 2670s
 8968054 754882 46838.6758   57  325 46777.1180 47291.6423  1.10%   144 2675s
 8990550 749982 46798.9330   54  282 46777.1180 47289.2887  1.09%   143 2680s
 9012064 744109 46841.2300   43  325 46777.1180 47287.0465  1.09%   143 2685s
 9030964 739468 46820.1159   55  358 46777.1180 47284.9639  1.09%   143 2690s
 9051707 734192 46852.1412   42  298 46777.1180 47282.6964  1.08%   143 2695s
 9071585 729240     cutoff   61      46777.1180 47280.5852  1.08%   143 2700s
 9094435 723893     cutoff   52      46777.1180 47278.0648  1.07%   143 2705s
 9112856 718521 46822.6503   44  292 46777.1180 47276.0544  1.07%   143 2710s
 9132792 713260 46853.4598   50  330 46777.1180 47273.7851  1.06%   143 2715s
 9156439 707009 46839.6673   65  353 46777.1180 47271.1237  1.06%   143 2720s
 9175938 701773     cutoff   35      46777.1180 47268.8535  1.05%   143 2725s
 9199181 695345 46885.4143   48  270 46777.1180 47266.1225  1.05%   143 2730s
 9216135 690978 46792.2098   32  286 46777.1180 47264.3260  1.04%   143 2735s
 9232536 685812 46909.8051   35  308 46777.1180 47262.3089  1.04%   143 2740s
 9254143 679890 46812.7582   47  304 46777.1180 47259.8288  1.03%   143 2745s
 9275071 674100 46778.0411   48  332 46777.1180 47257.4308  1.03%   143 2750s
 9299835 667026     cutoff   37      46777.1180 47254.5046  1.02%   143 2755s
 9318664 661473     cutoff   49      46777.1180 47252.2722  1.02%   143 2760s
 9335003 656590     cutoff   59      46777.1180 47250.3326  1.01%   143 2765s
 9357478 650003     cutoff   54      46777.1180 47247.5407  1.01%   143 2770s
 9378971 643556     cutoff   55      46777.1180 47244.9386  1.00%   143 2775s
 9400212 637044     cutoff   58      46777.1180 47242.3744  0.99%   143 2780s
 9417194 631917 46881.7092   50  339 46777.1180 47240.2672  0.99%   143 2785s
 9438285 625280     cutoff   49      46777.1180 47237.6745  0.98%   143 2790s
 9457605 618912 46799.6051   43  304 46777.1180 47235.1758  0.98%   143 2795s
 9480656 611764 46844.6769   50  305 46777.1180 47232.2498  0.97%   143 2800s
 9502636 604783 46936.7539   52  323 46777.1180 47229.5089  0.97%   143 2805s
 9524406 597711 46858.3638   67  343 46777.1180 47226.7721  0.96%   143 2810s
 9546053 590520     cutoff   32      46777.1180 47223.9417  0.96%   142 2815s
 9567757 583262 47042.6983   40  304 46777.1180 47221.0403  0.95%   142 2820s
 9586157 576769     cutoff   51      46777.1180 47218.5528  0.94%   142 2825s
 9606951 569864 46811.6068   52  342 46777.1180 47215.8381  0.94%   142 2830s
 9631025 561654 46789.3333   56  322 46777.1180 47212.5821  0.93%   142 2836s
 9649815 555080     cutoff   46      46777.1180 47210.0317  0.93%   142 2840s
 9673295 546896 47074.8382   57  324 46777.1180 47206.7815  0.92%   142 2845s
 9696638 538443 46911.8904   51  302 46777.1180 47203.5247  0.91%   142 2851s
 9713092 532122     cutoff   48      46777.1180 47201.2634  0.91%   142 2855s
 9732134 524976     cutoff   35      46777.1180 47198.4516  0.90%   142 2860s
 9754089 516842 46919.4744   45  291 46777.1180 47195.2168  0.89%   142 2865s
 9774780 508958     cutoff   57      46777.1180 47192.0609  0.89%   142 2870s
 9795286 501085     cutoff   55      46777.1180 47188.9533  0.88%   142 2875s
 9820884 491056 46906.8981   57  286 46777.1180 47184.9865  0.87%   142 2881s
 9840353 483200 46877.0509   53  327 46777.1180 47181.9740  0.87%   142 2886s
 9859922 475043 46779.8630   56  337 46777.1180 47178.8711  0.86%   142 2891s
 9878116 467530     cutoff   54      46777.1180 47175.7899  0.85%   142 2895s
 9901142 458033 47076.7149   49  349 46777.1180 47171.9898  0.84%   142 2900s
 9923648 448338     cutoff   52      46777.1180 47168.1911  0.84%   142 2905s
 9946199 439696 46990.9116   53  330 46777.1180 47164.3812  0.83%   142 2910s
 9967779 428976     cutoff   44      46777.1180 47160.5012  0.82%   142 2915s
 9990523 418833 46798.1512   61  297 46777.1180 47156.3736  0.81%   142 2921s
 10012957 408694     cutoff   54      46777.1180 47152.1830  0.80%   142 2926s
 10035342 398416 47060.1746   48  299 46777.1180 47147.9918  0.79%   142 2930s
 10057588 387710     cutoff   30      46777.1180 47143.6256  0.78%   141 2935s
 10073423 379789     cutoff   59      46777.1180 47140.3764  0.78%   141 2940s
 10099540 367676 46972.1499   48  322 46777.1180 47135.1060  0.77%   141 2945s
 10124457 355380 46866.3234   43  333 46777.1180 47129.9431  0.75%   141 2951s
 10143154 347325 47065.3371   38  325 46777.1180 47125.8306  0.75%   141 2955s
 10168385 332659 46918.4137   53  334 46777.1180 47120.1261  0.73%   141 2961s
 10189638 321565     cutoff   48      46777.1180 47115.0229  0.72%   141 2965s
 10209135 310581     cutoff   50      46777.1180 47110.2610  0.71%   141 2970s
 10232499 298096     cutoff   42      46777.1180 47104.2967  0.70%   141 2975s
 10255188 285862     cutoff   50      46777.1180 47098.3249  0.69%   141 2980s
 10275184 274079     cutoff   44      46777.1180 47092.9180  0.68%   141 2985s
 10300462 259988     cutoff   61      46777.1180 47085.4169  0.66%   141 2990s
 10330585 242157     cutoff   56      46777.1180 47076.4031  0.64%   141 2996s
 10348475 231872     cutoff   56      46777.1180 47070.3546  0.63%   141 3000s
 10374572 216349     cutoff   44      46777.1180 47061.2175  0.61%   141 3005s
 10400206 200874     cutoff   47      46777.1180 47051.2328  0.59%   140 3010s
 10435131 181027     cutoff   51      46777.1180 47036.5058  0.55%   140 3016s
 10458379 167265     cutoff   51      46777.1180 47025.8217  0.53%   140 3020s
 10480992 151326     cutoff   65      46777.1180 47013.7622  0.51%   140 3025s
 10516810 129925     cutoff   41      46777.1180 46992.0719  0.46%   140 3030s
 10548185 110716     cutoff   45      46777.1180 46969.3589  0.41%   140 3035s
 10587231 88753     cutoff   44      46777.1180 46933.9496  0.34%   139 3040s
 10620557 63137     cutoff   51      46777.1180 46895.5923  0.25%   139 3045s

Cutting planes:
  Clique: 39
  MIR: 2
  Flow cover: 19
  RLT: 2
  BQP: 1

Explored 10695592 nodes (1481195660 simplex iterations) in 3049.72 seconds (7960.50 work units)
Thread count was 24 (of 24 available processors)

Solution count 10: 46777.1 46750.6 46699.9 ... 45768.2

Optimal solution found (tolerance 1.00e-04)
Best objective 4.677711801585e+04, best bound 4.677711801585e+04, gap 0.0000%

User-callback calls 21481701, time in user-callback 12.52 sec
