
Gurobi 11.0.3 (linux64) logging started Tue Nov 25 17:18:55 2025

Set parameter LogFile to value "./log/train/CA_750_1100_0.7/CA_16.lp.log"
Set parameter TimeLimit to value 3600
Gurobi Optimizer version 11.0.3 build v11.0.3rc0 (linux64 - "Ubuntu 22.04.5 LTS")

CPU model: AMD Ryzen 9 9900X 12-Core Processor, instruction set [SSE2|AVX|AVX2|AVX512]
Thread count: 12 physical cores, 24 logical processors, using up to 24 threads

Optimize a model with 1150 rows, 750 columns and 3964 nonzeros
Model fingerprint: 0x095dba25
Variable types: 0 continuous, 750 integer (750 binary)
Coefficient statistics:
  Matrix range     [1e+00, 1e+00]
  Objective range  [6e+00, 2e+03]
  Bounds range     [1e+00, 1e+00]
  RHS range        [1e+00, 1e+00]
Found heuristic solution: objective 36415.817853
Presolve removed 233 rows and 88 columns
Presolve time: 0.01s
Presolved: 917 rows, 662 columns, 3721 nonzeros
Found heuristic solution: objective 41882.337256
Variable types: 0 continuous, 662 integer (662 binary)
Found heuristic solution: objective 42060.532353

Root relaxation: objective 5.212591e+04, 2108 iterations, 0.07 seconds (0.16 work units)

    Nodes    |    Current Node    |     Objective Bounds      |     Work
 Expl Unexpl |  Obj  Depth IntInf | Incumbent    BestBd   Gap | It/Node Time

     0     0 52125.9078    0  444 42060.5324 52125.9078  23.9%     -    0s
H    0     0                    42438.687980 52125.9078  22.8%     -    0s
H    0     0                    42645.720216 52125.9078  22.2%     -    0s
H    0     0                    45472.901160 51953.2936  14.3%     -    0s
     0     0 51953.2936    0  448 45472.9012 51953.2936  14.3%     -    0s
H    0     0                    45906.852291 51953.2936  13.2%     -    0s
     0     0 51895.5550    0  461 45906.8523 51895.5550  13.0%     -    0s
     0     0 51774.2374    0  453 45906.8523 51774.2374  12.8%     -    0s
     0     0 51774.2374    0  453 45906.8523 51774.2374  12.8%     -    0s
H    0     0                    45997.799855 51774.2374  12.6%     -    0s
     0     2 51774.2374    0  453 45997.7999 51774.2374  12.6%     -    0s
H   28    40                    46051.515768 51565.7020  12.0%   430    0s
H   29    40                    46076.088204 51565.7020  11.9%   447    0s
H   30    40                    46078.969251 51565.7020  11.9%   437    0s
H   75    88                    46302.871196 51565.7020  11.4%   354    0s
H   79    88                    46787.352194 51565.7020  10.2%   355    0s
H  118   126                    46977.433749 51565.7020  9.77%   323    0s
H  122   126                    47448.554252 51565.7020  8.68%   319    0s
H  155   142                    47608.540970 51565.7020  8.31%   300    0s
H  157   142                    47712.186531 51565.7020  8.08%   298    0s
H  160   142                    47928.126868 51565.7020  7.59%   294    0s
H  199   162                    48043.934189 51565.7020  7.33%   266    1s
H  205   162                    48111.520193 51565.7020  7.18%   264    1s
  3832  1305 49262.9828   12  444 48111.5202 49642.5439  3.18%   188    5s
 11350  2990 48444.9898   30  340 48111.5202 49603.0546  3.10%   182   10s
 26900  4909     cutoff   27      48111.5202 49024.1897  1.90%   163   15s
 46908  2410     cutoff   23      48111.5202 48599.8430  1.01%   152   20s

Explored 53615 nodes (7843001 simplex iterations) in 21.79 seconds (60.76 work units)
Thread count was 24 (of 24 available processors)

Solution count 10: 48111.5 48043.9 47928.1 ... 46079

Optimal solution found (tolerance 1.00e-04)
Best objective 4.811152019292e+04, best bound 4.811152019292e+04, gap 0.0000%

User-callback calls 109902, time in user-callback 0.06 sec
