
Gurobi 11.0.3 (linux64) logging started Tue Nov 25 16:00:50 2025

Set parameter LogFile to value "./log/train/CA_750_1100_0.7/CA_1.lp.log"
Set parameter TimeLimit to value 3600
Gurobi Optimizer version 11.0.3 build v11.0.3rc0 (linux64 - "Ubuntu 22.04.5 LTS")

CPU model: AMD Ryzen 9 9900X 12-Core Processor, instruction set [SSE2|AVX|AVX2|AVX512]
Thread count: 12 physical cores, 24 logical processors, using up to 24 threads

Optimize a model with 1160 rows, 750 columns and 4043 nonzeros
Model fingerprint: 0x6faf534a
Variable types: 0 continuous, 750 integer (750 binary)
Coefficient statistics:
  Matrix range     [1e+00, 1e+00]
  Objective range  [1e+00, 1e+03]
  Bounds range     [1e+00, 1e+00]
  RHS range        [1e+00, 1e+00]
Found heuristic solution: objective 33429.553408
Presolve removed 262 rows and 100 columns
Presolve time: 0.01s
Presolved: 898 rows, 650 columns, 3708 nonzeros
Found heuristic solution: objective 37442.934856
Variable types: 0 continuous, 650 integer (650 binary)
Found heuristic solution: objective 39568.796037

Root relaxation: objective 5.009668e+04, 2213 iterations, 0.08 seconds (0.18 work units)

    Nodes    |    Current Node    |     Objective Bounds      |     Work
 Expl Unexpl |  Obj  Depth IntInf | Incumbent    BestBd   Gap | It/Node Time

     0     0 50096.6821    0  438 39568.7960 50096.6821  26.6%     -    0s
H    0     0                    40211.981155 50096.6821  24.6%     -    0s
     0     0 49950.5353    0  437 40211.9812 49950.5353  24.2%     -    0s
H    0     0                    42396.414134 49950.5353  17.8%     -    0s
     0     0 49949.8236    0  440 42396.4141 49949.8236  17.8%     -    0s
H    0     0                    42728.517214 49949.8236  16.9%     -    0s
H    0     0                    42751.134590 49949.8236  16.8%     -    0s
     0     0 49949.8236    0  443 42751.1346 49949.8236  16.8%     -    0s
     0     0 49622.7784    0  447 42751.1346 49622.7784  16.1%     -    0s
     0     0 49622.7784    0  447 42751.1346 49622.7784  16.1%     -    0s
     0     2 49622.7784    0  447 42751.1346 49622.7784  16.1%     -    0s
H   28    40                    42874.593393 49546.0778  15.6%   454    0s
H   38    40                    42899.556277 49546.0778  15.5%   400    0s
H   75    89                    43527.553891 49546.0778  13.8%   339    0s
H  117   130                    44090.660185 49546.0778  12.4%   325    0s
H  118   130                    44161.957507 49546.0778  12.2%   326    0s
H  124   130                    44219.855386 49546.0778  12.0%   328    0s
H  128   130                    44284.206242 49546.0778  11.9%   323    0s
H  173   187                    44451.318968 49546.0778  11.5%   286    1s
H  174   187                    44772.068313 49546.0778  10.7%   286    1s
H  176   187                    44835.316055 49546.0778  10.5%   285    1s
H  234   230                    45084.793536 49546.0778  9.90%   253    1s
H  537   413                    45260.166180 49149.6215  8.59%   216    1s
  2807  1607 48292.6432   24  435 45260.1662 48292.6432  6.70%   199    5s
H 2818  1530                    45279.000712 48292.6432  6.66%   199    5s
 12767  6597 46538.0016   31  340 45279.0007 47852.0645  5.68%   185   10s
H16163  8087                    45316.355720 47722.3588  5.31%   180   11s
H17588  8818                    45392.491529 47667.6676  5.01%   180   12s
 20911 10619 45821.2653   41  323 45392.4915 47608.2428  4.88%   178   15s
 33614 15903     cutoff   42      45392.4915 47349.8993  4.31%   172   20s
 45592 20695 45532.4208   39  320 45392.4915 47192.7008  3.97%   168   25s
 51348 23011 45702.1062   43  337 45392.4915 47135.9975  3.84%   166   33s
 55890 24420 46117.2721   36  345 45392.4915 47095.1758  3.75%   165   35s
 69693 29435     cutoff   35      45392.4915 46977.5525  3.49%   164   40s
 81961 33159 45623.1226   45  364 45392.4915 46899.6410  3.32%   163   45s
H83287 32318                    45502.132619 46897.0758  3.07%   163   45s
H84654 32187                    45562.492885 46885.8609  2.90%   163   46s
 96454 34787     cutoff   34      45562.4929 46811.4412  2.74%   161   50s
 111867 37396 46067.1406   34  329 45562.4929 46728.1076  2.56%   160   55s
 126782 39632 45965.6212   29  308 45562.4929 46659.2267  2.41%   158   60s
 142098 41475 46318.2669   33  341 45562.4929 46588.8228  2.25%   156   66s
 153780 42909 45697.5345   35  313 45562.4929 46544.7796  2.16%   155   70s
 168042 43937 45605.0403   45  316 45562.4929 46489.6509  2.03%   154   75s
 183778 44763     cutoff   30      45562.4929 46438.7114  1.92%   153   80s
 195798 45133 46011.2067   35  326 45562.4929 46402.4268  1.84%   152   85s
 212168 45252     cutoff   44      45562.4929 46354.8942  1.74%   151   90s
 230268 44955 45799.6511   41  354 45562.4929 46304.4380  1.63%   150   95s
 245753 44416     cutoff   33      45562.4929 46264.2449  1.54%   148  100s
 260521 43520 45579.8957   32  311 45562.4929 46226.8142  1.46%   147  105s
 279206 41727     cutoff   44      45562.4929 46179.0584  1.35%   146  110s
 295201 39744     cutoff   39      45562.4929 46139.0381  1.27%   145  115s
 311281 37240 45673.8269   31  289 45562.4929 46097.7774  1.17%   144  120s
 327038 34109     cutoff   35      45562.4929 46056.8776  1.09%   143  125s
 342549 30476     cutoff   38      45562.4929 46015.5661  0.99%   142  130s
 359812 25215     cutoff   38      45562.4929 45963.4574  0.88%   141  135s
 379133 17308 45663.8296   34  273 45562.4929 45890.8706  0.72%   140  140s
 399344  4640 45639.4187   41  303 45562.4929 45757.6528  0.43%   138  145s

Cutting planes:
  Clique: 8
  Flow cover: 18
  Zero half: 1

Explored 408172 nodes (55623839 simplex iterations) in 145.95 seconds (307.93 work units)
Thread count was 24 (of 24 available processors)

Solution count 10: 45562.5 45502.1 45392.5 ... 44451.3

Optimal solution found (tolerance 1.00e-04)
Best objective 4.556249288528e+04, best bound 4.556249288528e+04, gap 0.0000%

User-callback calls 825054, time in user-callback 0.46 sec
