
Gurobi 11.0.3 (linux64) logging started Tue Nov 25 17:01:07 2025

Set parameter LogFile to value "./log/train/CA_750_1100_0.7/CA_15.lp.log"
Set parameter TimeLimit to value 3600
Gurobi Optimizer version 11.0.3 build v11.0.3rc0 (linux64 - "Ubuntu 22.04.5 LTS")

CPU model: AMD Ryzen 9 9900X 12-Core Processor, instruction set [SSE2|AVX|AVX2|AVX512]
Thread count: 12 physical cores, 24 logical processors, using up to 24 threads

Optimize a model with 1187 rows, 750 columns and 4596 nonzeros
Model fingerprint: 0x8bde6872
Variable types: 0 continuous, 750 integer (750 binary)
Coefficient statistics:
  Matrix range     [1e+00, 1e+00]
  Objective range  [1e+01, 2e+03]
  Bounds range     [1e+00, 1e+00]
  RHS range        [1e+00, 1e+00]
Found heuristic solution: objective 32070.077592
Presolve removed 177 rows and 66 columns
Presolve time: 0.01s
Presolved: 1010 rows, 684 columns, 4463 nonzeros
Variable types: 0 continuous, 684 integer (684 binary)
Found heuristic solution: objective 38998.594627

Root relaxation: objective 5.441600e+04, 2667 iterations, 0.12 seconds (0.29 work units)

    Nodes    |    Current Node    |     Objective Bounds      |     Work
 Expl Unexpl |  Obj  Depth IntInf | Incumbent    BestBd   Gap | It/Node Time

     0     0 54416.0010    0  477 38998.5946 54416.0010  39.5%     -    0s
H    0     0                    41935.095320 54416.0010  29.8%     -    0s
H    0     0                    42373.812381 54416.0010  28.4%     -    0s
H    0     0                    42594.239013 54416.0010  27.8%     -    0s
     0     0 54145.6557    0  482 42594.2390 54145.6557  27.1%     -    0s
     0     0 54116.0592    0  483 42594.2390 54116.0592  27.1%     -    0s
     0     0 54116.0592    0  484 42594.2390 54116.0592  27.1%     -    0s
     0     0 53770.3545    0  484 42594.2390 53770.3545  26.2%     -    0s
     0     0 53770.3545    0  485 42594.2390 53770.3545  26.2%     -    0s
     0     0 53439.3596    0  483 42594.2390 53439.3596  25.5%     -    0s
     0     0 53439.3596    0  483 42594.2390 53439.3596  25.5%     -    0s
     0     2 53439.3596    0  483 42594.2390 53439.3596  25.5%     -    0s
H   30    40                    42662.839953 53333.1014  25.0%   676    1s
H   33    40                    42683.639252 53333.1014  24.9%   650    1s
H   62    64                    44639.105499 53333.1014  19.5%   516    1s
H   74    78                    44997.431575 53333.1014  18.5%   513    1s
H  106   123                    45090.211185 53333.1014  18.3%   458    1s
H  117   123                    45348.817050 53333.1014  17.6%   438    1s
H  164   175                    45368.695154 53333.1014  17.6%   393    1s
H  442   386                    45690.137448 53333.1014  16.7%   265    1s
H  610   514                    45713.016888 53333.1014  16.7%   266    2s
H  613   514                    45759.730921 53333.1014  16.6%   266    2s
*  839   690              30    46120.868394 53333.1014  15.6%   253    2s
  2427  1621 46741.7382   22  483 46120.8684 51555.4943  11.8%   227    5s
H 2616  1680                    46229.796656 51555.4943  11.5%   248    6s
  5622  3026 49368.5472   54  427 46229.7967 51555.4943  11.5%   253   10s
 15536  9457 47877.7180   37  343 46229.7967 50698.2747  9.67%   223   15s
*26206 17276              51    46332.903146 50355.4649  8.68%   215   19s
 26547 17276 47824.4128   40  340 46332.9031 50355.4649  8.68%   215   20s
 33008 22151 46510.4184   46  327 46332.9031 50210.3291  8.37%   208   25s
 46961 30765 47568.9344   35  312 46332.9031 49970.2198  7.85%   200   30s
 52578 34783 47648.5861   41  348 46332.9031 49900.2723  7.70%   199   40s
 64280 41720 46669.0260   48  306 46332.9031 49773.1933  7.43%   199   45s
 79459 50563 48255.7153   32  341 46332.9031 49642.5512  7.14%   195   50s
 94339 58148     cutoff   49      46332.9031 49528.6171  6.90%   193   55s
 108296 65988 48443.1496   33  336 46332.9031 49442.3421  6.71%   191   60s
*110324 65620              45    46379.376992 49437.3322  6.59%   190   60s
 120777 72196 47963.7633   41  367 46379.3770 49373.9448  6.46%   189   65s
 135815 80137 47520.2743   52  349 46379.3770 49297.2285  6.29%   188   70s
 150465 88033 46826.1927   42  314 46379.3770 49242.6995  6.17%   186   75s
 165352 95654     cutoff   52      46379.3770 49177.8790  6.03%   185   80s
 177370 101607     cutoff   32      46379.3770 49133.4718  5.94%   185   85s
 192397 108393 47036.7941   33  289 46379.3770 49087.0812  5.84%   183   90s
 204170 114987     cutoff   42      46379.3770 49046.4308  5.75%   183   95s
 216930 121478 46725.2423   46  300 46379.3770 49012.3018  5.68%   182  100s
 229261 127366 46426.0395   54  346 46379.3770 48980.9829  5.61%   182  105s
 240871 133193 47963.4373   45  344 46379.3770 48949.7011  5.54%   181  110s
 253378 139436     cutoff   48      46379.3770 48919.9156  5.48%   180  115s
 268491 146819 47237.1157   54  348 46379.3770 48885.8577  5.40%   179  120s
 283633 154031 47722.1826   37  309 46379.3770 48855.5743  5.34%   179  125s
 298837 161365 47253.8077   50  344 46379.3770 48822.9917  5.27%   178  130s
 312059 167542 47403.1437   55  357 46379.3770 48799.0222  5.22%   177  135s
 327472 174638 47688.9568   33  350 46379.3770 48774.2735  5.16%   177  140s
 342737 181834 47312.0497   43  357 46379.3770 48746.6534  5.10%   176  145s
 360131 189514 47508.6596   39  330 46379.3770 48718.5703  5.04%   175  150s
 376179 195738 47838.3436   29  333 46379.3770 48695.1555  4.99%   175  155s
 390433 202966     cutoff   64      46379.3770 48673.8964  4.95%   174  160s
 408576 210665 46938.5605   71  366 46379.3770 48648.5456  4.89%   174  165s
H408926 205873                    46543.088361 48648.3844  4.52%   174  165s
 421652 211053 47143.1270   32  303 46543.0884 48630.2781  4.48%   173  170s
 436898 217104 47877.8120   40  351 46543.0884 48608.9101  4.44%   173  175s
 445310 220873     cutoff   52      46543.0884 48598.1494  4.42%   173  180s
 462479 227184 47879.7261   33  333 46543.0884 48575.1194  4.37%   172  185s
 475898 231858 47746.5682   37  342 46543.0884 48559.0024  4.33%   172  190s
 493787 238895 46711.8067   34  274 46543.0884 48538.1462  4.29%   172  195s
 510063 244393 47308.5507   35  310 46543.0884 48520.5349  4.25%   171  200s
 526571 250609     cutoff   39      46543.0884 48502.1006  4.21%   171  205s
 543595 257232 47569.4981   34  335 46543.0884 48483.0995  4.17%   171  210s
 559977 263299 47298.7638   42  354 46543.0884 48465.6444  4.13%   170  215s
H565612 247419                    46749.851615 48460.9865  3.66%   170  217s
H568113 247613                    46753.568254 48458.5161  3.65%   170  218s
 575113 249801 47054.7212   43  350 46753.5683 48450.8339  3.63%   170  220s
 591078 254026 47418.6962   33  324 46753.5683 48434.2808  3.59%   170  225s
 607610 259042     cutoff   57      46753.5683 48415.9735  3.56%   169  230s
 623751 263660 47539.0138   35  312 46753.5683 48399.3475  3.52%   169  235s
 635944 267194     cutoff   48      46753.5683 48387.8762  3.50%   169  240s
 653251 271989     cutoff   41      46753.5683 48371.8649  3.46%   169  245s
 668665 276495 47009.5860   48  364 46753.5683 48357.2669  3.43%   168  250s
 686507 280598 47547.6384   42  382 46753.5683 48342.0078  3.40%   168  255s
 702363 284987     cutoff   44      46753.5683 48327.3143  3.37%   168  260s
 719064 289249 46994.4566   53  326 46753.5683 48312.7352  3.33%   168  265s
 735967 293271     cutoff   38      46753.5683 48298.4884  3.30%   167  270s
 755565 298261 47366.1877   48  347 46753.5683 48280.8094  3.27%   167  275s
 767884 301444 47755.8185   46  371 46753.5683 48271.3525  3.25%   167  280s
 785591 305973 47312.6688   37  309 46753.5683 48257.3368  3.22%   166  285s
 799940 309655 47641.1928   30  328 46753.5683 48246.0164  3.19%   166  290s
 814464 312947 46865.6437   44  305 46753.5683 48235.5861  3.17%   166  295s
 827454 316347 46961.2398   39  332 46753.5683 48226.3601  3.15%   166  300s
 840672 319558 47370.6765   32  293 46753.5683 48216.9119  3.13%   166  305s
 853627 322345 46851.3423   65  355 46753.5683 48207.2749  3.11%   165  310s
 868770 326013 46826.5465   43  314 46753.5683 48196.9021  3.09%   165  315s
 881783 329139 47360.6923   37  329 46753.5683 48188.1693  3.07%   165  320s
 897007 332316     cutoff   47      46753.5683 48178.4830  3.05%   165  325s
 914295 335934     cutoff   45      46753.5683 48167.2202  3.02%   165  330s
 932070 339595     cutoff   56      46753.5683 48155.6936  3.00%   164  335s
 950144 343719     cutoff   46      46753.5683 48144.2170  2.97%   164  340s
 967737 347401 47751.3947   34  309 46753.5683 48133.1923  2.95%   164  345s
 983401 350535 47734.9490   47  371 46753.5683 48124.2560  2.93%   164  350s
 999030 353598     cutoff   33      46753.5683 48114.6718  2.91%   163  355s
 1016527 357254 47047.8388   38  325 46753.5683 48104.5327  2.89%   163  360s
 1032015 360098 46901.4028   41  310 46753.5683 48096.2305  2.87%   163  365s
 1049971 363620 47130.2579   34  334 46753.5683 48085.8484  2.85%   163  370s
 1068706 366563 46973.8137   48  332 46753.5683 48075.7644  2.83%   162  376s
 1082857 369714 46917.2263   60  375 46753.5683 48067.7028  2.81%   162  380s
 1100971 373008 46856.5428   47  325 46753.5683 48058.2963  2.79%   162  385s
 1119624 376323 46935.9141   33  299 46753.5683 48048.2229  2.77%   162  390s
 1138593 379583 47205.8451   49  343 46753.5683 48038.3242  2.75%   162  395s
 1153814 382390 47370.5360   49  372 46753.5683 48030.9433  2.73%   161  400s
 1173454 385668 47110.1507   41  320 46753.5683 48021.8306  2.71%   161  405s
 1187464 387861 47574.1641   47  356 46753.5683 48015.1156  2.70%   161  410s
 1205070 391010 47037.1702   45  271 46753.5683 48006.0892  2.68%   161  415s
 1221682 393572 46927.7684   45  321 46753.5683 47997.9128  2.66%   161  420s
 1237795 396130 47407.5128   48  322 46753.5683 47989.8348  2.64%   160  426s
 1250698 398213 47437.9030   48  364 46753.5683 47983.3426  2.63%   160  430s
 1267415 400878 47491.6092   37  301 46753.5683 47975.9023  2.61%   160  435s
 1280356 403062     cutoff   50      46753.5683 47969.7694  2.60%   160  440s
 1295123 405438 47381.9803   40  326 46753.5683 47963.1810  2.59%   160  445s
H1296027 390133                    46830.411583 47962.9991  2.42%   160  445s
 1311264 391867 46914.1741   59  331 46830.4116 47955.1523  2.40%   160  450s
 1331700 394262 47388.7324   37  340 46830.4116 47945.3639  2.38%   159  455s
 1348793 396180 47404.5808   39  334 46830.4116 47937.6071  2.36%   159  460s
 1368431 398348 47307.8099   34  304 46830.4116 47928.6514  2.35%   159  465s
 1385332 399984 47001.7552   38  324 46830.4116 47921.0462  2.33%   159  470s
 1405927 401773     cutoff   45      46830.4116 47911.9730  2.31%   159  475s
 1422733 403410     cutoff   40      46830.4116 47904.2839  2.29%   158  480s
 1440016 404845 47258.7499   36  333 46830.4116 47896.6014  2.28%   158  485s
 1454246 406160 46991.9615   51  349 46830.4116 47890.2505  2.26%   158  490s
 1471520 407461 47307.5679   74  393 46830.4116 47883.0134  2.25%   158  495s
 1484771 408626 47070.6517   33  296 46830.4116 47877.3141  2.24%   158  500s
 1503473 410207 46926.3753   35  307 46830.4116 47869.8390  2.22%   158  506s
 1521176 411348     cutoff   48      46830.4116 47862.0882  2.20%   157  510s
 1539459 412664 46864.1371   36  314 46830.4116 47854.3486  2.19%   157  515s
 1555437 413710 47351.4759   30  306 46830.4116 47847.8067  2.17%   157  520s
 1573911 414938 47251.6211   44  371 46830.4116 47840.1998  2.16%   157  525s
 1596084 416157     cutoff   39      46830.4116 47831.3438  2.14%   157  530s
 1612232 417002     cutoff   48      46830.4116 47825.0850  2.12%   156  535s
 1630763 417917     cutoff   48      46830.4116 47817.5604  2.11%   156  540s
 1644586 418634     cutoff   48      46830.4116 47812.1108  2.10%   156  545s
 1660461 419370 47355.4188   36  328 46830.4116 47806.0277  2.08%   156  550s
 1679179 420263     cutoff   44      46830.4116 47798.8264  2.07%   156  555s
 1697946 421099 46931.9802   36  298 46830.4116 47791.7596  2.05%   156  560s
 1714257 421749 46831.6742   41  342 46830.4116 47785.5734  2.04%   155  566s
 1729552 422293 47492.2247   46  341 46830.4116 47779.7743  2.03%   155  570s
 1743791 422744 47453.9104   42  317 46830.4116 47774.2581  2.02%   155  575s
 1762475 423372     cutoff   40      46830.4116 47767.5375  2.00%   155  581s
 1777390 423775     cutoff   42      46830.4116 47762.0450  1.99%   155  585s
 1795613 424196     cutoff   52      46830.4116 47755.2784  1.97%   155  590s
 1815944 424783     cutoff   55      46830.4116 47748.1230  1.96%   155  595s
 1834142 425112     cutoff   38      46830.4116 47741.4570  1.95%   154  600s
 1852957 425426     cutoff   49      46830.4116 47734.7498  1.93%   154  605s
 1874251 425656     cutoff   45      46830.4116 47726.9826  1.91%   154  610s
 1892934 425717 47262.7221   63  375 46830.4116 47720.3315  1.90%   154  615s
 1911656 425800     cutoff   53      46830.4116 47713.7263  1.89%   154  620s
 1931750 425825 47017.8515   45  319 46830.4116 47706.7425  1.87%   154  625s
 1950316 425733     cutoff   52      46830.4116 47700.1207  1.86%   153  630s
 1968454 425570 47032.5251   35  305 46830.4116 47693.8135  1.84%   153  635s
 1987177 425532 46874.3482   31  303 46830.4116 47687.3922  1.83%   153  640s
 2004023 425236 47222.5323   48  332 46830.4116 47681.9681  1.82%   153  645s
 2020571 425118     cutoff   58      46830.4116 47676.6474  1.81%   153  650s
 2036695 424759 47156.9322   49  349 46830.4116 47671.2025  1.80%   153  656s
 2051867 424544 47001.8433   55  346 46830.4116 47666.1289  1.78%   152  660s
 2066304 424362 46865.4124   37  306 46830.4116 47660.9912  1.77%   152  665s
 2085311 423930 46997.9974   49  309 46830.4116 47654.5662  1.76%   152  670s
 2099734 423602 47186.8446   51  335 46830.4116 47649.6694  1.75%   152  675s
 2118501 423115     cutoff   53      46830.4116 47643.6820  1.74%   152  680s
 2132758 422642 46971.6729   53  346 46830.4116 47639.0967  1.73%   152  685s
 2150737 422005 47085.3447   35  321 46830.4116 47632.8929  1.71%   152  691s
 2164168 421448     cutoff   43      46830.4116 47628.6833  1.70%   152  695s
 2178892 420853     cutoff   34      46830.4116 47624.0635  1.69%   151  700s
 2192541 420192 46916.6071   47  335 46830.4116 47619.8114  1.69%   151  705s
 2211172 419361 47161.1583   45  333 46830.4116 47613.5754  1.67%   151  710s
 2225562 418520 46988.1185   37  300 46830.4116 47608.7756  1.66%   151  715s
 2243551 417566 47105.4634   44  309 46830.4116 47603.1858  1.65%   151  720s
 2260457 416660 46992.5500   46  312 46830.4116 47597.8362  1.64%   151  725s
 2271538 415981 46847.6509   40  304 46830.4116 47594.4012  1.63%   151  730s
 2286148 414973 46969.9664   39  302 46830.4116 47589.6325  1.62%   151  736s
 2300789 414008     cutoff   39      46830.4116 47585.2316  1.61%   151  740s
 2318734 412791 47169.5046   35  325 46830.4116 47579.4003  1.60%   150  745s
 2336754 411531     cutoff   54      46830.4116 47573.6315  1.59%   150  750s
 2354536 410352 47222.9883   37  302 46830.4116 47567.8498  1.57%   150  755s
 2366168 409258     cutoff   44      46830.4116 47564.1820  1.57%   150  760s
 2385856 407738     cutoff   45      46830.4116 47558.1416  1.55%   150  765s
 2400538 406509     cutoff   50      46830.4116 47553.7208  1.54%   150  770s
 2422177 404544 46945.3709   61  367 46830.4116 47546.8354  1.53%   150  776s
 2436542 403286 46904.9614   35  306 46830.4116 47542.3289  1.52%   150  780s
 2458081 401147     cutoff   51      46830.4116 47535.3178  1.51%   149  785s
 2477717 399133 46981.1555   31  278 46830.4116 47529.1073  1.49%   149  790s
 2496915 397170     cutoff   39      46830.4116 47522.9853  1.48%   149  795s
 2515181 395096 47029.6763   49  359 46830.4116 47517.2915  1.47%   149  800s
 2533390 393385     cutoff   48      46830.4116 47511.4081  1.45%   149  805s
 2546054 391503 47054.9309   43  336 46830.4116 47507.3150  1.45%   149  810s
 2563810 389253 46985.8199   58  345 46830.4116 47501.4812  1.43%   149  815s
 2580337 387126 46877.5832   47  337 46830.4116 47496.5616  1.42%   149  820s
 2595752 385124 47070.1529   51  340 46830.4116 47491.1111  1.41%   148  825s
 2617918 382259 47395.7396   43  333 46830.4116 47484.2560  1.40%   148  830s
 2635933 379686 46953.5493   40  317 46830.4116 47478.4230  1.38%   148  835s
 2657636 376589 47160.8073   42  286 46830.4116 47471.5157  1.37%   148  840s
 2679187 373232 46993.8742   38  276 46830.4116 47464.6205  1.35%   148  845s
 2697561 370327 47040.5008   59  349 46830.4116 47458.7958  1.34%   148  850s
 2715900 367327     cutoff   42      46830.4116 47452.8072  1.33%   148  855s
 2736170 363993 46916.6201   38  301 46830.4116 47446.3108  1.32%   147  860s
 2754323 360893     cutoff   55      46830.4116 47440.3322  1.30%   147  865s
 2776490 356947     cutoff   45      46830.4116 47433.1775  1.29%   147  870s
 2798236 352986     cutoff   49      46830.4116 47425.9364  1.27%   147  875s
 2816234 349640     cutoff   48      46830.4116 47420.2627  1.26%   147  880s
 2837901 345312 46858.8805   53  358 46830.4116 47412.9239  1.24%   147  885s
 2857732 341260 47104.4948   49  331 46830.4116 47406.3721  1.23%   147  890s
 2877097 337258 46876.6914   36  301 46830.4116 47400.0912  1.22%   147  895s
 2899551 332360     cutoff   48      46830.4116 47392.2093  1.20%   146  900s
 2921749 327350 46961.6976   44  340 46830.4116 47384.6303  1.18%   146  905s
 2935011 324128 46897.5979   44  343 46830.4116 47379.9590  1.17%   146  910s
 2954987 319420     cutoff   49      46830.4116 47373.1444  1.16%   146  915s
 2972795 314831     cutoff   55      46830.4116 47367.2813  1.15%   146  920s
 2993766 309712 46879.2292   60  353 46830.4116 47359.4513  1.13%   146  925s
 3014297 304291 46864.3117   45  310 46830.4116 47352.1613  1.11%   146  930s
 3032016 299426     cutoff   49      46830.4116 47345.6667  1.10%   146  935s
 3053770 293549     cutoff   47      46830.4116 47337.7542  1.08%   146  940s
 3076331 286943     cutoff   46      46830.4116 47329.5215  1.07%   145  946s
 3094086 281753 46866.2865   45  342 46830.4116 47322.6755  1.05%   145  950s
 3115310 275278     cutoff   51      46830.4116 47314.5413  1.03%   145  955s
 3135063 268866     cutoff   38      46830.4116 47306.9053  1.02%   145  960s
 3157374 261579     cutoff   63      46830.4116 47297.7290  1.00%   145  965s
 3177115 254715     cutoff   43      46830.4116 47290.1786  0.98%   145  970s
 3196268 248106     cutoff   48      46830.4116 47282.1394  0.96%   145  975s
 3219069 239858 46923.8304   46  321 46830.4116 47272.4130  0.94%   145  981s
 3237684 232782     cutoff   51      46830.4116 47264.0133  0.93%   144  986s
 3252165 226936     cutoff   37      46830.4116 47257.1468  0.91%   144  990s
 3271884 218909     cutoff   40      46830.4116 47247.8722  0.89%   144  995s
 3289489 211328     cutoff   63      46830.4116 47240.0727  0.87%   144 1000s
 3311831 201528     cutoff   50      46830.4116 47228.4232  0.85%   144 1005s
 3328277 194102     cutoff   47      46830.4116 47219.8369  0.83%   144 1010s
 3349378 183530 46891.9832   41  317 46830.4116 47208.1990  0.81%   144 1016s
 3368346 174149     cutoff   56      46830.4116 47197.4145  0.78%   143 1021s
 3386755 164806 46846.5540   46  324 46830.4116 47186.3630  0.76%   143 1026s
 3402845 155952     cutoff   35      46830.4116 47176.5816  0.74%   143 1031s
 3421837 145592     cutoff   52      46830.4116 47163.1625  0.71%   143 1035s
 3445738 132117     cutoff   37      46830.4116 47146.0538  0.67%   143 1040s
 3473406 115354     cutoff   41      46830.4116 47122.9876  0.62%   142 1045s
 3499967 98278     cutoff   46      46830.4116 47097.8350  0.57%   142 1050s
 3526876 80648 46984.8908   71  385 46830.4116 47069.1208  0.51%   142 1055s
 3555672 60473     cutoff   46      46830.4116 47027.3178  0.42%   141 1060s
 3591298 33489     cutoff   39      46830.4116 46956.0167  0.27%   140 1065s

Cutting planes:
  Clique: 22
  Flow cover: 20

Explored 3631683 nodes (505710921 simplex iterations) in 1067.81 seconds (2751.36 work units)
Thread count was 24 (of 24 available processors)

Solution count 10: 46830.4 46753.6 46749.9 ... 45713

Optimal solution found (tolerance 1.00e-04)
Best objective 4.683041158266e+04, best bound 4.683041158266e+04, gap 0.0000%

User-callback calls 7298666, time in user-callback 4.19 sec
