
Gurobi 11.0.3 (linux64) logging started Tue Nov 25 16:55:57 2025

Set parameter LogFile to value "./log/train/CA_750_1100_0.7/CA_13.lp.log"
Set parameter TimeLimit to value 3600
Gurobi Optimizer version 11.0.3 build v11.0.3rc0 (linux64 - "Ubuntu 22.04.5 LTS")

CPU model: AMD Ryzen 9 9900X 12-Core Processor, instruction set [SSE2|AVX|AVX2|AVX512]
Thread count: 12 physical cores, 24 logical processors, using up to 24 threads

Optimize a model with 1161 rows, 750 columns and 4078 nonzeros
Model fingerprint: 0xacea2593
Variable types: 0 continuous, 750 integer (750 binary)
Coefficient statistics:
  Matrix range     [1e+00, 1e+00]
  Objective range  [4e+00, 1e+03]
  Bounds range     [1e+00, 1e+00]
  RHS range        [1e+00, 1e+00]
Found heuristic solution: objective 32944.904433
Presolve removed 222 rows and 76 columns
Presolve time: 0.01s
Presolved: 939 rows, 674 columns, 3845 nonzeros
Variable types: 0 continuous, 674 integer (674 binary)
Found heuristic solution: objective 37264.067162

Root relaxation: objective 4.913461e+04, 2192 iterations, 0.08 seconds (0.17 work units)

    Nodes    |    Current Node    |     Objective Bounds      |     Work
 Expl Unexpl |  Obj  Depth IntInf | Incumbent    BestBd   Gap | It/Node Time

     0     0 49134.6066    0  446 37264.0672 49134.6066  31.9%     -    0s
H    0     0                    39976.496239 49134.6066  22.9%     -    0s
H    0     0                    40563.063289 49134.6066  21.1%     -    0s
     0     0 49020.4581    0  447 40563.0633 49020.4581  20.8%     -    0s
     0     0 48984.2674    0  453 40563.0633 48984.2674  20.8%     -    0s
H    0     0                    40695.157259 48984.2674  20.4%     -    0s
     0     0 48683.4486    0  453 40695.1573 48683.4486  19.6%     -    0s
     0     0 48410.0383    0  458 40695.1573 48410.0383  19.0%     -    0s
     0     0 48410.0383    0  458 40695.1573 48410.0383  19.0%     -    0s
H    0     0                    41201.977573 48410.0383  17.5%     -    0s
H    0     2                    41230.529675 48410.0383  17.4%     -    0s
     0     2 48410.0383    0  458 41230.5297 48410.0383  17.4%     -    0s
H   27    40                    41367.253263 48410.0383  17.0%   505    0s
H   32    40                    41493.391413 48410.0383  16.7%   489    0s
H   51    64                    43165.032833 48410.0383  12.2%   425    0s
H   56    64                    43562.725545 48410.0383  11.1%   412    0s
H   75    89                    43719.144795 48410.0383  10.7%   394    0s
H   77    89                    43918.408461 48410.0383  10.2%   392    0s
H   86    89                    43980.624764 48410.0383  10.1%   397    0s
H  114   127                    43996.999899 48410.0383  10.0%   379    0s
H  114   127                    44055.163216 48410.0383  9.89%   379    0s
H  125   127                    44126.603557 48410.0383  9.71%   372    0s
H  171   178                    44198.878320 48410.0383  9.53%   328    1s
H  173   178                    44233.547578 48410.0383  9.44%   326    1s
H  176   178                    44294.546987 48410.0383  9.29%   324    1s
H  412   350                    44538.206168 48410.0383  8.69%   251    1s
*  413   350              31    44566.507245 48410.0383  8.62%   251    1s
H  493   384                    44601.844358 48240.4937  8.16%   241    1s
H  494   384                    44697.256992 48240.4937  7.93%   241    1s
  2795  1637 47345.7885   17  410 44697.2570 47456.0180  6.17%   219    5s
  9876  5043     cutoff   30      44697.2570 47450.5641  6.16%   212   10s
 22229 11907 45293.5985   28  335 44697.2570 46933.0400  5.00%   197   15s
 37220 18516 46114.6561   26  349 44697.2570 46661.0898  4.39%   184   20s
 49141 23342 44716.9176   24  296 44697.2570 46529.2420  4.10%   181   25s
 51131 24201 44914.8973   34  293 44697.2570 46512.1578  4.06%   181   32s
 60115 27176 45521.6618   31  390 44697.2570 46431.5243  3.88%   177   35s
 76895 33004     cutoff   31      44697.2570 46316.4284  3.62%   174   40s
 94486 38471 45117.4778   32  329 44697.2570 46215.5709  3.40%   171   45s
*101398 39347              39    44775.363080 46185.7673  3.15%   171   47s
 109708 42132 45656.4044   28  381 44775.3631 46146.4587  3.06%   169   50s
 127043 46155     cutoff   33      44775.3631 46070.0963  2.89%   167   55s
 144830 49394 45596.8636   32  351 44775.3631 46005.3108  2.75%   165   60s
 160710 52734 44950.6646   38  352 44775.3631 45955.1598  2.63%   164   65s
 174313 55060     cutoff   33      44775.3631 45917.0250  2.55%   163   70s
 185475 56697 44845.7421   38  351 44775.3631 45888.2592  2.49%   162   75s
 202776 59195 45196.9755   31  353 44775.3631 45845.1963  2.39%   161   80s
 216076 60893 45035.5388   33  338 44775.3631 45817.3557  2.33%   160   85s
 231262 62694 45045.0657   34  310 44775.3631 45785.7703  2.26%   159   90s
 244475 64114 45107.9362   33  344 44775.3631 45761.3629  2.20%   158   95s
 260356 65869 44776.0352   29  309 44775.3631 45731.3076  2.13%   158  100s
 274490 67236 45006.0303   27  328 44775.3631 45706.1057  2.08%   157  105s
 296098 68851 45401.1056   36  374 44775.3631 45669.9055  2.00%   156  110s
 315206 70035     cutoff   38      44775.3631 45640.2379  1.93%   155  115s
 333741 71102 45120.3186   33  341 44775.3631 45612.8307  1.87%   154  120s
 352718 71655 44790.6743   35  353 44775.3631 45586.7480  1.81%   153  125s
 372091 72141     cutoff   39      44775.3631 45560.7576  1.75%   152  130s
 394445 72318     cutoff   32      44775.3631 45531.8532  1.69%   151  135s
 413531 72200 45041.3757   36  350 44775.3631 45508.5690  1.64%   150  140s
 433422 71849 45027.2241   33  309 44775.3631 45484.3403  1.58%   149  145s
 452223 71186 45055.6744   39  313 44775.3631 45463.3750  1.54%   149  150s
 475222 70133 44814.3201   31  341 44775.3631 45437.0794  1.48%   148  155s
 498353 68852 44835.4265   34  314 44775.3631 45411.3819  1.42%   147  160s
 518579 67367 44976.8600   38  321 44775.3631 45389.2730  1.37%   146  165s
 537593 65850 45083.5771   31  335 44775.3631 45370.0981  1.33%   145  170s
 559003 63645     cutoff   34      44775.3631 45346.7063  1.28%   145  175s
 583642 60761 44982.4586   25  302 44775.3631 45320.6986  1.22%   144  180s
 605013 57900 45008.6642   28  343 44775.3631 45298.0658  1.17%   143  185s
 626663 54538     cutoff   36      44775.3631 45275.2564  1.12%   143  190s
 647002 50938     cutoff   49      44775.3631 45251.8277  1.06%   142  195s
 672149 45948     cutoff   39      44775.3631 45221.0289  1.00%   141  200s
 692723 41123     cutoff   30      44775.3631 45194.0095  0.93%   141  205s
 715530 34994     cutoff   27      44775.3631 45159.4246  0.86%   140  210s
 740175 26898     cutoff   32      44775.3631 45113.9194  0.76%   139  215s
 765213 16011     cutoff   29      44775.3631 45046.2829  0.61%   138  220s

Cutting planes:
  Clique: 12
  Flow cover: 21
  Zero half: 2

Explored 793005 nodes (107922813 simplex iterations) in 224.82 seconds (582.45 work units)
Thread count was 24 (of 24 available processors)

Solution count 10: 44775.4 44697.3 44601.8 ... 44055.2

Optimal solution found (tolerance 1.00e-04)
Best objective 4.477536308012e+04, best bound 4.477536308012e+04, gap 0.0000%

User-callback calls 1596360, time in user-callback 0.91 sec
