
Gurobi 11.0.3 (linux64) logging started Tue Nov 25 17:25:00 2025

Set parameter LogFile to value "./log/train/CA_750_1100_0.7/CA_18.lp.log"
Set parameter TimeLimit to value 3600
Gurobi Optimizer version 11.0.3 build v11.0.3rc0 (linux64 - "Ubuntu 22.04.5 LTS")

CPU model: AMD Ryzen 9 9900X 12-Core Processor, instruction set [SSE2|AVX|AVX2|AVX512]
Thread count: 12 physical cores, 24 logical processors, using up to 24 threads

Optimize a model with 1157 rows, 750 columns and 4068 nonzeros
Model fingerprint: 0xd19015d5
Variable types: 0 continuous, 750 integer (750 binary)
Coefficient statistics:
  Matrix range     [1e+00, 1e+00]
  Objective range  [7e+00, 1e+03]
  Bounds range     [1e+00, 1e+00]
  RHS range        [1e+00, 1e+00]
Found heuristic solution: objective 32927.881988
Presolve removed 252 rows and 94 columns
Presolve time: 0.01s
Presolved: 905 rows, 656 columns, 3767 nonzeros
Found heuristic solution: objective 37601.385807
Variable types: 0 continuous, 656 integer (656 binary)
Found heuristic solution: objective 38550.458538

Root relaxation: objective 4.984502e+04, 2147 iterations, 0.08 seconds (0.17 work units)

    Nodes    |    Current Node    |     Objective Bounds      |     Work
 Expl Unexpl |  Obj  Depth IntInf | Incumbent    BestBd   Gap | It/Node Time

     0     0 49845.0155    0  430 38550.4585 49845.0155  29.3%     -    0s
H    0     0                    41303.508176 49845.0155  20.7%     -    0s
H    0     0                    41586.030796 49845.0155  19.9%     -    0s
H    0     0                    41667.570328 49845.0155  19.6%     -    0s
H    0     0                    41976.902320 49845.0155  18.7%     -    0s
H    0     0                    42535.418012 49841.6783  17.2%     -    0s
     0     0 49682.8523    0  440 42535.4180 49682.8523  16.8%     -    0s
H    0     0                    42593.555206 49682.1222  16.6%     -    0s
     0     0 49424.4394    0  439 42593.5552 49424.4394  16.0%     -    0s
     0     0 49424.4394    0  439 42593.5552 49424.4394  16.0%     -    0s
     0     0 49276.1450    0  453 42593.5552 49276.1450  15.7%     -    0s
     0     0 49276.1450    0  453 42593.5552 49276.1450  15.7%     -    0s
H    0     0                    42622.520585 49276.1450  15.6%     -    0s
     0     2 49276.1450    0  453 42622.5206 49276.1450  15.6%     -    0s
H   72    78                    42781.948787 49169.2923  14.9%   352    0s
H   75    78                    42812.254466 49169.2923  14.8%   358    0s
H   78    91                    45076.309239 49169.2923  9.08%   355    0s
H  105   119                    45368.102230 49169.2923  8.38%   334    0s
H  121   131                    45638.430709 49169.2923  7.74%   323    0s
H  152   154                    45675.265742 49169.2923  7.65%   295    0s
H  519   301                    45686.740124 48928.0708  7.09%   207    1s
H  520   312                    45771.416308 48928.0708  6.90%   207    1s
H  525   312                    45776.061487 48928.0708  6.89%   207    1s
H  532   312                    45812.466274 48928.0708  6.80%   209    1s
*  612   364              20    45822.414346 48445.5951  5.72%   208    1s
H 3504  1477                    46143.941933 47500.1063  2.94%   185    4s
H 3571  1455                    46152.161501 47500.1063  2.92%   187    5s
H 3576  1388                    46174.612232 47500.1063  2.87%   188    5s
 12771  3331 46574.6435   27  340 46174.6122 47217.2935  2.26%   171   10s
 30164  3310     cutoff   30      46174.6122 46711.2879  1.16%   152   15s

Explored 41479 nodes (5881391 simplex iterations) in 17.28 seconds (49.94 work units)
Thread count was 24 (of 24 available processors)

Solution count 10: 46174.6 46152.2 46143.9 ... 45638.4

Optimal solution found (tolerance 1.00e-04)
Best objective 4.617461223231e+04, best bound 4.617461223231e+04, gap 0.0000%

User-callback calls 85197, time in user-callback 0.05 sec
