
Gurobi 11.0.3 (linux64) logging started Tue Nov 25 17:26:41 2025

Set parameter LogFile to value "./log/train/CA_750_1100_0.7/CA_20.lp.log"
Set parameter TimeLimit to value 3600
Gurobi Optimizer version 11.0.3 build v11.0.3rc0 (linux64 - "Ubuntu 22.04.5 LTS")

CPU model: AMD Ryzen 9 9900X 12-Core Processor, instruction set [SSE2|AVX|AVX2|AVX512]
Thread count: 12 physical cores, 24 logical processors, using up to 24 threads

Optimize a model with 1181 rows, 750 columns and 4515 nonzeros
Model fingerprint: 0x0caa7abc
Variable types: 0 continuous, 750 integer (750 binary)
Coefficient statistics:
  Matrix range     [1e+00, 1e+00]
  Objective range  [5e+00, 2e+03]
  Bounds range     [1e+00, 1e+00]
  RHS range        [1e+00, 1e+00]
Found heuristic solution: objective 31397.517291
Presolve removed 179 rows and 77 columns
Presolve time: 0.01s
Presolved: 1002 rows, 673 columns, 4416 nonzeros
Found heuristic solution: objective 38522.273826
Variable types: 0 continuous, 673 integer (673 binary)
Found heuristic solution: objective 39988.997072

Root relaxation: objective 5.307532e+04, 2579 iterations, 0.11 seconds (0.27 work units)

    Nodes    |    Current Node    |     Objective Bounds      |     Work
 Expl Unexpl |  Obj  Depth IntInf | Incumbent    BestBd   Gap | It/Node Time

     0     0 53075.3167    0  461 39988.9971 53075.3167  32.7%     -    0s
H    0     0                    41142.163759 53075.3167  29.0%     -    0s
H    0     0                    41228.990779 53075.3167  28.7%     -    0s
H    0     0                    41307.699519 53075.3167  28.5%     -    0s
H    0     0                    41367.804063 53075.3167  28.3%     -    0s
H    0     0                    41375.226491 53060.6171  28.2%     -    0s
     0     0 52973.3783    0  470 41375.2265 52973.3783  28.0%     -    0s
     0     0 52953.0237    0  469 41375.2265 52953.0237  28.0%     -    0s
     0     0 52953.0237    0  468 41375.2265 52953.0237  28.0%     -    0s
     0     0 52878.8463    0  481 41375.2265 52878.8463  27.8%     -    0s
     0     0 52878.8463    0  481 41375.2265 52878.8463  27.8%     -    0s
     0     2 52878.8463    0  481 41375.2265 52878.8463  27.8%     -    0s
H   29    40                    41605.746095 52435.0767  26.0%   658    0s
H   56    64                    43566.560256 52435.0767  20.4%   469    0s
H   74    77                    43858.150324 52435.0767  19.6%   418    0s
H   77    90                    44218.898754 52435.0767  18.6%   413    1s
H  105   119                    44563.652476 52435.0767  17.7%   379    1s
H  113   119                    44797.057819 52435.0767  17.1%   371    1s
H  194   207                    44845.182706 52435.0767  16.9%   315    1s
  2199  1605 51075.3163   13  463 44845.1827 51075.3163  13.9%   208    5s
H 2860  1939                    44887.155522 51075.3163  13.8%   235    7s
H 3888  2373                    45023.677059 51075.3163  13.4%   238    9s
H 3892  2299                    45085.004221 51075.3163  13.3%   238    9s
  5486  3122 49015.8874   54  403 45085.0042 51075.3163  13.3%   235   10s
H 7427  4507                    45166.900121 51075.3163  13.1%   224   11s
H 8666  5506                    45180.598086 51075.3163  13.0%   221   11s
 16425 11511 49261.4359   28  361 45180.5981 50192.2901  11.1%   200   15s
H22232 14884                    45216.040795 49978.3184  10.5%   194   17s
H23261 15533                    45305.476149 49954.9105  10.3%   193   18s
 26909 18639 45485.6198   71  303 45305.4761 49838.5158  10.0%   189   20s
H34682 20929                    45810.197908 49696.5545  8.48%   185   22s
H36355 21661                    45835.996009 49669.3876  8.36%   184   23s
H36613 20480                    45998.147362 49663.6046  7.97%   184   23s
 40890 24508 47563.8610   44  355 45998.1474 49589.4208  7.81%   184   25s
 50468 31154 48328.0095   28  343 45998.1474 49445.8594  7.50%   184   36s
 61636 37444 47267.7062   40  342 45998.1474 49294.6474  7.17%   183   40s
 76456 45791 47796.9627   41  365 45998.1474 49157.7891  6.87%   181   45s
 91587 54207 48122.4698   42  357 45998.1474 49034.8232  6.60%   179   50s
 106353 62861 47550.6165   43  350 45998.1474 48938.9262  6.39%   179   55s
 120861 70359 48146.8227   41  355 45998.1474 48853.2010  6.21%   178   60s
 128174 72985     cutoff   42      45998.1474 48813.2785  6.12%   178   65s
 138251 79678 46662.4017   41  306 45998.1474 48761.4353  6.01%   178   70s
 151622 86331     cutoff   43      45998.1474 48707.1780  5.89%   177   75s
 164273 92555 47333.6983   52  351 45998.1474 48654.9511  5.78%   176   80s
 176430 98705 47243.4642   56  340 45998.1474 48609.7414  5.68%   176   85s
 191519 105392 47429.1870   35  339 45998.1474 48561.6260  5.57%   175   90s
 203422 111459 46974.2265   56  346 45998.1474 48524.1976  5.49%   175   95s
 216275 117541 46870.2698   45  334 45998.1474 48483.3808  5.40%   174  100s
 228713 123438 46310.2110   52  331 45998.1474 48453.3001  5.34%   173  105s
 244000 130715 46653.9857   37  322 45998.1474 48414.5349  5.25%   172  110s
 256253 136406 46110.3066   48  328 45998.1474 48384.6112  5.19%   172  115s
 269088 141301     cutoff   59      45998.1474 48353.5398  5.12%   171  120s
 281429 148429 46078.2475   40  300 45998.1474 48326.9159  5.06%   170  125s
 296943 154736 46372.0109   44  335 45998.1474 48298.2689  5.00%   170  130s
 311939 161831 46035.2553   43  297 45998.1474 48268.2480  4.94%   170  135s
 325021 167447 46611.6815   46  316 45998.1474 48244.8154  4.88%   169  140s
 337420 173160 47960.8089   44  379 45998.1474 48222.7553  4.84%   169  145s
 350359 178460 46649.5852   37  321 45998.1474 48200.2783  4.79%   168  150s
 363024 183966 46899.2073   43  341 45998.1474 48179.3429  4.74%   167  155s
 371345 187830 47288.0014   36  328 45998.1474 48167.1885  4.72%   167  160s
 390265 196078 46731.5708   34  333 45998.1474 48135.5202  4.65%   167  165s
 405768 202575 46590.8902   36  315 45998.1474 48112.9640  4.60%   166  170s
 421293 209195     cutoff   40      45998.1474 48089.0487  4.55%   166  175s
 436257 215744 47381.2360   31  343 45998.1474 48069.8774  4.50%   166  180s
 452376 222363 46645.9731   36  316 45998.1474 48048.6955  4.46%   165  185s
 465387 227373 46465.9075   39  360 45998.1474 48033.2859  4.42%   165  190s
 478809 232785 46302.5429   63  364 45998.1474 48017.8748  4.39%   164  195s
 494146 239256 46563.1608   37  339 45998.1474 47999.6950  4.35%   164  200s
 507865 243955 47122.6504   38  348 45998.1474 47986.3853  4.32%   164  205s
 523859 250357 46555.7640   37  306 45998.1474 47968.8564  4.28%   164  210s
 539520 256467 46246.7551   39  297 45998.1474 47952.0854  4.25%   163  215s
 547805 259829 46285.4971   46  344 45998.1474 47943.7250  4.23%   163  220s
 561385 264829 47324.2528   34  306 45998.1474 47930.6373  4.20%   163  225s
 577771 271006 46265.8686   58  330 45998.1474 47914.6138  4.17%   163  230s
 592332 276587     cutoff   49      45998.1474 47901.3343  4.14%   162  235s
 606381 281652 46336.1521   53  318 45998.1474 47888.0990  4.11%   162  240s
 622315 287121     cutoff   60      45998.1474 47874.5706  4.08%   162  245s
 638755 293279 46358.8496   49  307 45998.1474 47860.4043  4.05%   162  250s
 652383 298289 47303.4222   36  318 45998.1474 47848.4026  4.02%   161  255s
 666233 303457 46077.9487   49  330 45998.1474 47836.4809  4.00%   161  260s
 685813 310752 46703.5340   41  311 45998.1474 47820.5314  3.96%   161  265s
 702111 316223 47003.9832   41  346 45998.1474 47808.4393  3.94%   160  270s
 721954 322842 46835.9227   33  327 45998.1474 47793.8992  3.90%   160  275s
 734055 327047 46081.0252   42  312 45998.1474 47784.7427  3.88%   160  280s
 753802 334128     cutoff   41      45998.1474 47770.4961  3.85%   160  285s
 769741 339445 46931.0763   27  323 45998.1474 47759.9176  3.83%   159  290s
 789027 346130     cutoff   50      45998.1474 47744.9709  3.80%   159  295s
 806078 351592 46935.8477   33  302 45998.1474 47733.8574  3.77%   159  300s
 826103 358102 46988.9707   39  344 45998.1474 47720.7665  3.74%   159  305s
 843463 363731     cutoff   43      45998.1474 47710.1000  3.72%   158  310s
 858203 369144 46442.1547   30  292 45998.1474 47700.1732  3.70%   158  315s
 879129 375965     cutoff   39      45998.1474 47687.0570  3.67%   158  320s
 896540 381495 46142.2103   43  300 45998.1474 47676.1772  3.65%   157  325s
 916157 388078 46714.6825   50  312 45998.1474 47664.4105  3.62%   157  330s
 933742 393255     cutoff   53      45998.1474 47653.7146  3.60%   157  335s
 953060 399318 47387.7390   43  351 45998.1474 47642.1411  3.57%   157  340s
 965793 403300 46593.9702   35  310 45998.1474 47635.2850  3.56%   157  345s
 984197 408237 46159.3306   39  286 45998.1474 47625.7587  3.54%   156  350s
 1005319 414541 46715.5387   40  323 45998.1474 47614.2767  3.51%   156  355s
 1023159 420478 46240.9684   51  330 45998.1474 47605.3902  3.49%   156  360s
 1044020 425959 46569.9172   46  311 45998.1474 47594.6229  3.47%   156  365s
 1061864 431324     cutoff   38      45998.1474 47585.5169  3.45%   155  370s
 1080065 436686 47147.4104   32  311 45998.1474 47576.2215  3.43%   155  375s
 1101044 442735     cutoff   49      45998.1474 47565.7071  3.41%   155  380s
 1114206 445956 46325.9844   55  336 45998.1474 47559.8298  3.40%   155  385s
 1129734 450884 47402.4421   33  321 45998.1474 47552.4661  3.38%   155  390s
 1145433 454953 46035.3566   64  317 45998.1474 47545.1950  3.36%   154  395s
 1164204 460790 46522.2564   37  302 45998.1474 47536.7967  3.35%   154  400s
 1179387 465213 46191.1897   36  298 45998.1474 47530.1475  3.33%   154  405s
 1198299 470572 46535.2035   53  311 45998.1474 47521.5878  3.31%   154  410s
 1217351 475726 46253.2469   66  367 45998.1474 47513.4072  3.29%   154  415s
 1238488 480670 47002.0969   42  320 45998.1474 47504.2645  3.27%   153  421s
 1251678 484743 46980.7908   46  349 45998.1474 47498.5665  3.26%   153  425s
 1264933 488432 46148.0448   49  323 45998.1474 47493.2010  3.25%   153  430s
 1284669 493668 46305.0941   43  311 45998.1474 47485.0096  3.23%   153  435s
 1305454 499448 46503.1742   50  316 45998.1474 47476.4364  3.21%   153  440s
 1325987 505154     cutoff   41      45998.1474 47468.0925  3.20%   152  445s
 1345000 510425 46227.1420   50  304 45998.1474 47460.6612  3.18%   152  450s
 1364699 515487 47044.2136   42  309 45998.1474 47453.0218  3.16%   152  455s
 1384588 520677 46938.8323   48  317 45998.1474 47445.7724  3.15%   152  460s
 1402035 525219 47113.8919   37  351 45998.1474 47439.2169  3.13%   152  465s
 1421844 530212     cutoff   50      45998.1474 47431.7920  3.12%   151  470s
 1442145 535466 46696.8109   38  325 45998.1474 47424.4558  3.10%   151  475s
 1462469 540825 46127.2725   52  310 45998.1474 47417.2898  3.09%   151  480s
 1478960 545218     cutoff   53      45998.1474 47411.3481  3.07%   151  485s
 1497488 550604     cutoff   56      45998.1474 47404.9452  3.06%   151  490s
 1518428 555887 46327.6300   53  340 45998.1474 47397.3911  3.04%   151  495s
 1537185 560519 47247.8232   42  338 45998.1474 47390.9756  3.03%   150  500s
 1556919 565450 46429.9829   33  320 45998.1474 47384.0711  3.01%   150  505s
 1577573 570787 46414.6563   45  298 45998.1474 47376.8898  3.00%   150  510s
 1595334 575058 46553.9748   48  327 45998.1474 47371.1865  2.98%   150  515s
 1615669 580071 46280.0448   49  310 45998.1474 47365.1194  2.97%   150  520s
 1636840 585021 46189.6923   47  322 45998.1474 47358.1107  2.96%   150  525s
 1655333 589516 46491.2780   56  321 45998.1474 47352.3566  2.94%   149  530s
 1672490 593360     cutoff   33      45998.1474 47346.7545  2.93%   149  535s
 1693682 598270 46476.7095   45  333 45998.1474 47339.8906  2.92%   149  540s
 1714933 603104     cutoff   53      45998.1474 47333.3186  2.90%   149  545s
 1736549 607848 46726.3016   51  350 45998.1474 47326.7107  2.89%   149  550s
 1754071 612094 46195.1684   47  304 45998.1474 47321.4175  2.88%   149  555s
 1775844 617027 46319.2131   68  348 45998.1474 47315.1941  2.86%   149  560s
 1795536 621510 46777.6110   46  343 45998.1474 47309.5173  2.85%   148  565s
 1815013 625638 46069.7496   60  312 45998.1474 47303.7239  2.84%   148  570s
 1836842 630058 46576.8454   53  374 45998.1474 47297.5521  2.82%   148  575s
 1854779 633979 46046.1006   32  278 45998.1474 47292.2635  2.81%   148  580s
 1873146 637878 46646.2831   45  316 45998.1474 47287.3737  2.80%   148  585s
 1895931 642640 46050.2050   40  295 45998.1474 47281.1049  2.79%   148  590s
 1918140 647266     cutoff   47      45998.1474 47274.8320  2.78%   147  595s
 1935996 651156 46256.8974   49  320 45998.1474 47270.0264  2.77%   147  600s
 1954378 654933     cutoff   35      45998.1474 47265.2969  2.75%   147  605s
 1973733 658697 46510.7330   36  304 45998.1474 47260.1731  2.74%   147  610s
 1995683 663160 46106.2969   37  302 45998.1474 47254.2939  2.73%   147  615s
 2017949 667599 46082.0673   46  313 45998.1474 47248.7910  2.72%   147  620s
 2036184 671214 46347.8190   50  332 45998.1474 47244.2172  2.71%   147  625s
 2058424 675250 46465.6448   37  338 45998.1474 47238.8522  2.70%   146  630s
 2076073 678617 46590.0366   39  278 45998.1474 47234.5663  2.69%   146  635s
 2093269 682510 46043.4845   47  330 45998.1474 47230.0920  2.68%   146  640s
 2115579 686985     cutoff   46      45998.1474 47224.3810  2.67%   146  645s
 2137918 691374 46932.0798   50  338 45998.1474 47219.0132  2.65%   146  650s
 2156588 694603 46163.2575   58  328 45998.1474 47214.4914  2.64%   146  655s
 2178845 698747 46330.4980   38  285 45998.1474 47209.6127  2.63%   146  660s
 2200706 702944     cutoff   62      45998.1474 47204.3877  2.62%   146  665s
 2210067 704633     cutoff   30      45998.1474 47202.6885  2.62%   145  670s
 2230878 708312 46371.5154   48  306 45998.1474 47197.4926  2.61%   145  675s
 2252554 711802 46081.7888   35  295 45998.1474 47192.5368  2.60%   145  680s
 2273053 715756     cutoff   52      45998.1474 47187.5195  2.59%   145  685s
 2295588 719699 46820.1345   38  307 45998.1474 47182.2346  2.57%   145  690s
 2317653 723808 46141.0179   55  330 45998.1474 47177.1811  2.56%   145  695s
 2336275 726908 46341.1440   57  351 45998.1474 47172.9988  2.55%   145  700s
 2355575 730222 46473.8193   35  329 45998.1474 47168.8617  2.55%   145  705s
 2378225 734180     cutoff   51      45998.1474 47163.7552  2.53%   144  710s
 2396825 737307 46185.5117   42  289 45998.1474 47159.5841  2.52%   144  715s
 2418944 741128     cutoff   54      45998.1474 47154.8234  2.51%   144  720s
 2441297 744978 46524.6338   37  288 45998.1474 47150.0141  2.50%   144  725s
 2457673 747719 46290.9475   37  302 45998.1474 47146.2835  2.50%   144  730s
 2478298 750893 46329.9367   46  327 45998.1474 47142.3155  2.49%   144  735s
 2498227 753984 46485.1992   45  309 45998.1474 47138.2025  2.48%   144  740s
 2516253 756826     cutoff   39      45998.1474 47134.5426  2.47%   144  745s
 2535046 759851 46299.4350   58  318 45998.1474 47130.5809  2.46%   144  750s
 2553781 762827 46302.2498   28  288 45998.1474 47126.8767  2.45%   143  755s
 2571566 765521 46338.0120   33  272 45998.1474 47123.3017  2.45%   143  760s
 2593865 768729 46760.2582   46  327 45998.1474 47118.8203  2.44%   143  765s
 2610829 771151 46342.9824   43  304 45998.1474 47115.6288  2.43%   143  770s
 2630509 773827 46032.2255   44  292 45998.1474 47111.5921  2.42%   143  775s
 2651988 776963 46209.4297   36  276 45998.1474 47107.3966  2.41%   143  780s
 2673013 779752     cutoff   47      45998.1474 47103.2520  2.40%   143  785s
 2695618 782888 46728.6208   33  276 45998.1474 47098.7152  2.39%   143  790s
 2717845 786115 46215.8968   40  267 45998.1474 47094.4795  2.38%   143  795s
 2736533 788277 46062.4575   56  332 45998.1474 47090.8531  2.38%   142  800s
 2758118 791565     cutoff   40      45998.1474 47086.8962  2.37%   142  805s
 2780407 794450     cutoff   47      45998.1474 47082.6184  2.36%   142  810s
 2799004 796727 46022.1765   34  272 45998.1474 47079.0106  2.35%   142  815s
 2821129 799544     cutoff   49      45998.1474 47074.9699  2.34%   142  820s
 2839811 801698 46258.9066   40  318 45998.1474 47071.3982  2.33%   142  825s
 2857543 803913 46487.5693   43  318 45998.1474 47068.1781  2.33%   142  830s
 2877303 806567 46424.1715   42  283 45998.1474 47064.5557  2.32%   142  835s
 2897255 808901     cutoff   42      45998.1474 47060.8229  2.31%   142  840s
 2919293 811631     cutoff   58      45998.1474 47056.7562  2.30%   142  845s
 2940796 814302 46134.4668   34  267 45998.1474 47052.8250  2.29%   141  850s
 2966735 817382 46074.1847   31  292 45998.1474 47048.2743  2.28%   141  855s
 2989002 819441 46151.1590   49  329 45998.1474 47044.3133  2.27%   141  860s
 3005663 821517     cutoff   33      45998.1474 47041.4456  2.27%   141  865s
 3027992 824212     cutoff   55      45998.1474 47037.5647  2.26%   141  870s
 3050433 826897     cutoff   44      45998.1474 47033.7216  2.25%   141  875s
 3072160 829594     cutoff   55      45998.1474 47030.0019  2.24%   141  880s
 3090015 831621 46101.9908   31  291 45998.1474 47027.0531  2.24%   141  885s
 3113297 834272 46347.5114   43  309 45998.1474 47022.9215  2.23%   141  890s
 3129705 836079 46151.6249   37  337 45998.1474 47020.1672  2.22%   141  895s
 3151537 838179     cutoff   39      45998.1474 47016.5355  2.21%   140  900s
 3177266 840872     cutoff   46      45998.1474 47012.1803  2.20%   140  905s
 3199606 843181     cutoff   38      45998.1474 47008.4847  2.20%   140  910s
 3222084 845182     cutoff   34      45998.1474 47004.6138  2.19%   140  915s
 3244119 847385 46367.7588   33  289 45998.1474 47000.9180  2.18%   140  920s
 3266478 849403 46027.7803   58  313 45998.1474 46997.1880  2.17%   140  925s
 3287551 851569 46511.3352   44  317 45998.1474 46993.8127  2.16%   140  930s
 3306489 853253 46076.3214   35  254 45998.1474 46990.9182  2.16%   140  935s
 3330784 855723 46457.5327   50  327 45998.1474 46986.8239  2.15%   140  940s
 3353346 857674 46195.6997   57  289 45998.1474 46983.1580  2.14%   139  945s
 3375450 859707 46190.5846   45  310 45998.1474 46979.6518  2.13%   139  950s
 3395425 861331 46260.2373   63  336 45998.1474 46976.5728  2.13%   139  955s
 3418922 863476     cutoff   48      45998.1474 46972.5340  2.12%   139  960s
 3440531 865104 46119.7421   61  333 45998.1474 46969.1992  2.11%   139  965s
 3462852 866824 46135.2268   46  296 45998.1474 46965.5803  2.10%   139  970s
 3485014 868507 46553.1383   36  287 45998.1474 46962.2041  2.10%   139  975s
 3507251 870177 46236.3735   40  300 45998.1474 46958.6736  2.09%   139  980s
 3528774 871736     cutoff   38      45998.1474 46955.3158  2.08%   139  985s
 3549777 873441 46364.9451   40  315 45998.1474 46952.0495  2.07%   139  990s
 3572040 875200     cutoff   47      45998.1474 46948.6529  2.07%   139  995s
 3594304 876754 46274.6434   39  294 45998.1474 46945.2092  2.06%   138 1000s
 3616612 878205 46215.0920   55  330 45998.1474 46941.8835  2.05%   138 1005s
 3638806 879660 46227.1118   46  286 45998.1474 46938.4577  2.04%   138 1010s
 3661086 880941 46518.4605   38  295 45998.1474 46935.1310  2.04%   138 1015s
 3681802 882445 46289.5437   44  303 45998.1474 46932.0236  2.03%   138 1020s
 3707536 884058 46257.1056   44  298 45998.1474 46928.2033  2.02%   138 1025s
 3728436 885490 46289.9886   63  353 45998.1474 46925.2052  2.02%   138 1030s
 3745201 886617 46377.9439   42  329 45998.1474 46922.6224  2.01%   138 1035s
 3768633 887870 46425.7732   61  330 45998.1474 46919.1366  2.00%   138 1040s
 3790243 888875     cutoff   50      45998.1474 46915.9333  2.00%   138 1045s
 3811686 890021 46545.7253   30  279 45998.1474 46912.9121  1.99%   138 1050s
 3834428 891263 46080.5377   44  319 45998.1474 46909.5162  1.98%   138 1055s
 3856667 892469     cutoff   48      45998.1474 46906.2687  1.97%   137 1060s
 3882577 893767 46006.5792   50  308 45998.1474 46902.6856  1.97%   137 1065s
 3904728 894716 46704.0018   30  307 45998.1474 46899.4682  1.96%   137 1070s
 3921412 895599 46375.9424   52  348 45998.1474 46897.0961  1.95%   137 1075s
 3945980 896650 46028.0971   49  318 45998.1474 46893.7315  1.95%   137 1080s
 3968525 897418 46747.7090   45  341 45998.1474 46890.5373  1.94%   137 1085s
 3990814 898517 46136.9403   42  306 45998.1474 46887.3430  1.93%   137 1090s
 4013119 899485 46315.0919   50  334 45998.1474 46884.1460  1.93%   137 1095s
 4035303 900327     cutoff   51      45998.1474 46881.0004  1.92%   137 1100s
 4055445 901183 46076.1420   44  314 45998.1474 46878.2222  1.91%   137 1105s
 4077912 901966 46180.5890   38  312 45998.1474 46874.9745  1.91%   137 1110s
 4100250 902596 46592.1902   37  281 45998.1474 46871.8781  1.90%   137 1115s
 4119037 903059 46325.3837   35  304 45998.1474 46869.2548  1.89%   136 1120s
 4140765 903738     cutoff   62      45998.1474 46866.3857  1.89%   136 1125s
 4164878 904308 46456.2776   39  332 45998.1474 46862.8947  1.88%   136 1130s
 4186197 904696 46522.0259   43  317 45998.1474 46859.9102  1.87%   136 1135s
 4208902 905158     cutoff   28      45998.1474 46856.7737  1.87%   136 1140s
 4227764 905684 46196.1816   39  300 45998.1474 46854.1959  1.86%   136 1145s
 4246030 906128     cutoff   41      45998.1474 46851.7316  1.86%   136 1150s
 4264777 906444     cutoff   46      45998.1474 46849.2114  1.85%   136 1155s
 4287061 906767 46002.9975   43  290 45998.1474 46845.9817  1.84%   136 1160s
 4303475 907063     cutoff   49      45998.1474 46843.9268  1.84%   136 1165s
 4331119 907514 46191.9921   51  335 45998.1474 46840.0962  1.83%   136 1170s
 4352868 908024     cutoff   52      45998.1474 46837.1281  1.82%   136 1175s
 4378736 908301 46652.6047   48  347 45998.1474 46833.7147  1.82%   136 1180s
 4400364 908350 46080.4018   36  293 45998.1474 46830.8365  1.81%   135 1185s
 4420364 908377 46575.9289   45  311 45998.1474 46828.1962  1.80%   135 1190s
 4443854 908622 46251.8469   49  313 45998.1474 46824.8787  1.80%   135 1195s
 4462478 908647     cutoff   67      45998.1474 46822.3578  1.79%   135 1200s
 4483911 908740 46082.9620   42  294 45998.1474 46819.5414  1.79%   135 1205s
 4506339 908911 46009.2169   57  315 45998.1474 46816.5944  1.78%   135 1210s
 4525882 908946     cutoff   48      45998.1474 46814.0150  1.77%   135 1215s
 4548202 908915     cutoff   49      45998.1474 46811.0922  1.77%   135 1220s
 4569321 908980 46340.3470   45  288 45998.1474 46808.3434  1.76%   135 1225s
 4590914 908857 46120.9111   48  303 45998.1474 46805.5108  1.76%   135 1230s
 4611418 908670 46220.0831   47  338 45998.1474 46802.7760  1.75%   135 1235s
 4634442 908393 46203.4312   41  305 45998.1474 46799.7926  1.74%   135 1240s
 4656782 908002 46279.2919   29  296 45998.1474 46796.7866  1.74%   135 1245s
 4677581 907704     cutoff   58      45998.1474 46794.0703  1.73%   135 1250s
 4701265 907265 46111.3308   51  333 45998.1474 46790.9229  1.72%   134 1255s
 4723994 906946 46103.7079   54  317 45998.1474 46788.0254  1.72%   134 1260s
 4749788 906681 46206.0933   42  306 45998.1474 46784.7928  1.71%   134 1265s
 4771266 906252     cutoff   53      45998.1474 46782.0005  1.70%   134 1270s
 4793690 905741     cutoff   47      45998.1474 46779.0959  1.70%   134 1275s
 4813993 905233 46271.6635   38  300 45998.1474 46776.4482  1.69%   134 1280s
 4837647 904516     cutoff   37      45998.1474 46773.3439  1.69%   134 1285s
 4860617 903962 46234.9095   45  307 45998.1474 46770.4690  1.68%   134 1290s
 4885785 903161 46096.8353   42  311 45998.1474 46767.2129  1.67%   134 1295s
 4907538 902465     cutoff   54      45998.1474 46764.5254  1.67%   134 1300s
 4928045 901731 46300.3216   33  307 45998.1474 46761.9141  1.66%   134 1305s
 4950216 900910 46119.7426   44  313 45998.1474 46758.9804  1.65%   134 1310s
 4971765 900055     cutoff   41      45998.1474 46756.3012  1.65%   134 1315s
 4997111 899164 46079.3444   47  339 45998.1474 46752.9648  1.64%   134 1320s
 5018542 898312 46043.8640   54  303 45998.1474 46750.2816  1.64%   134 1325s
 5042696 897202 46205.8175   30  269 45998.1474 46747.2470  1.63%   133 1330s
 5062548 896226     cutoff   21      45998.1474 46744.6331  1.62%   133 1335s
 5085532 895064 46024.4039   41  237 45998.1474 46741.7173  1.62%   133 1340s
 5111065 893833 45999.7330   44  289 45998.1474 46738.5038  1.61%   133 1345s
 5128840 892881 46169.6871   35  294 45998.1474 46736.3509  1.60%   133 1350s
 5150480 891881 46152.8155   52  313 45998.1474 46733.7245  1.60%   133 1355s
 5171233 890639 46265.6692   45  287 45998.1474 46731.0427  1.59%   133 1360s
 5196645 889079     cutoff   44      45998.1474 46727.8209  1.59%   133 1365s
 5215579 888158 46101.0078   44  299 45998.1474 46725.4897  1.58%   133 1370s
 5237845 886771 46495.1343   55  339 45998.1474 46722.6522  1.58%   133 1375s
 5257345 885470 46297.1366   35  287 45998.1474 46720.1501  1.57%   133 1380s
 5283658 883817     cutoff   44      45998.1474 46716.8644  1.56%   133 1385s
 5304437 882354 46069.7529   37  304 45998.1474 46714.3299  1.56%   133 1390s
 5326331 880909 46177.3063   53  322 45998.1474 46711.5152  1.55%   133 1395s
 5351608 879195 46115.0272   57  312 45998.1474 46708.3294  1.54%   133 1400s
 5376846 877438     cutoff   41      45998.1474 46705.2867  1.54%   133 1405s
 5398624 875908     cutoff   64      45998.1474 46702.6104  1.53%   132 1410s
 5422338 874085     cutoff   44      45998.1474 46699.6775  1.53%   132 1415s
 5444395 872310     cutoff   52      45998.1474 46696.9221  1.52%   132 1420s
 5469623 870317     cutoff   40      45998.1474 46693.6525  1.51%   132 1425s
 5494822 868233 46138.0815   54  324 45998.1474 46690.3807  1.50%   132 1430s
 5516417 866360     cutoff   43      45998.1474 46687.6271  1.50%   132 1435s
 5539876 864256 46072.5049   57  350 45998.1474 46684.6333  1.49%   132 1440s
 5562246 862414 46047.7671   55  321 45998.1474 46681.8913  1.49%   132 1445s
 5587515 860048 46156.4343   40  306 45998.1474 46678.7461  1.48%   132 1450s
 5609257 858117     cutoff   55      45998.1474 46676.2083  1.47%   132 1455s
 5634353 855717 46116.4794   49  334 45998.1474 46673.0716  1.47%   132 1460s
 5658728 853311     cutoff   39      45998.1474 46670.0080  1.46%   132 1465s
 5680467 851184     cutoff   48      45998.1474 46667.3225  1.45%   132 1470s
 5705721 848661     cutoff   42      45998.1474 46664.2428  1.45%   132 1475s
 5727447 846406     cutoff   56      45998.1474 46661.5688  1.44%   132 1480s
 5752481 843857 46011.5773   55  317 45998.1474 46658.4074  1.44%   132 1485s
 5772029 841410 46031.6036   48  308 45998.1474 46655.8461  1.43%   131 1490s
 5794445 839010     cutoff   34      45998.1474 46653.1232  1.42%   131 1495s
 5819747 836150     cutoff   41      45998.1474 46649.9861  1.42%   131 1500s
 5841328 833721     cutoff   49      45998.1474 46647.2523  1.41%   131 1505s
 5863036 831224     cutoff   50      45998.1474 46644.5477  1.41%   131 1510s
 5882834 828712 46160.1742   52  324 45998.1474 46642.2782  1.40%   131 1515s
 5906314 825929     cutoff   50      45998.1474 46639.2807  1.39%   131 1520s
 5928212 823149     cutoff   41      45998.1474 46636.5461  1.39%   131 1525s
 5953368 819851 46127.4944   41  294 45998.1474 46633.2644  1.38%   131 1530s
 5978662 816483     cutoff   53      45998.1474 46630.0534  1.37%   131 1535s
 6002613 813182 46205.8125   35  280 45998.1474 46626.9439  1.37%   131 1540s
 6023707 810290 46389.4644   40  319 45998.1474 46624.3000  1.36%   131 1545s
 6045808 807347     cutoff   34      45998.1474 46621.4642  1.36%   131 1550s
 6067476 804426 46050.8718   37  275 45998.1474 46618.7567  1.35%   131 1555s
 6092725 800780 46039.7846   48  308 45998.1474 46615.7172  1.34%   131 1560s
 6114278 797709 46088.9592   34  310 45998.1474 46612.8883  1.34%   131 1565s
 6137015 794160 46203.0539   37  278 45998.1474 46610.1254  1.33%   131 1570s
 6156176 791204     cutoff   48      45998.1474 46607.5497  1.32%   131 1575s
 6181728 787263 46022.9957   50  324 45998.1474 46604.2926  1.32%   130 1580s
 6207134 783332     cutoff   47      45998.1474 46601.1002  1.31%   130 1585s
 6226643 780131 46119.3636   62  331 45998.1474 46598.6013  1.31%   130 1590s
 6253199 775863     cutoff   48      45998.1474 46595.2365  1.30%   130 1595s
 6273588 772426 46231.1764   43  299 45998.1474 46592.5733  1.29%   130 1600s
 6299410 768214 46292.4462   33  280 45998.1474 46589.3372  1.29%   130 1605s
 6321073 764548     cutoff   47      45998.1474 46586.4687  1.28%   130 1610s
 6346208 760064     cutoff   54      45998.1474 46583.2527  1.27%   130 1615s
 6371439 755602     cutoff   43      45998.1474 46579.9522  1.26%   130 1620s
 6394991 751154 46362.9973   30  296 45998.1474 46576.8136  1.26%   130 1625s
 6414535 747627     cutoff   48      45998.1474 46574.3178  1.25%   130 1630s
 6440800 742672     cutoff   42      45998.1474 46570.9443  1.25%   130 1635s
 6462982 738886     cutoff   48      45998.1474 46568.0170  1.24%   130 1640s
 6484153 734233     cutoff   72      45998.1474 46565.2345  1.23%   130 1645s
 6502951 731047     cutoff   40      45998.1474 46562.7805  1.23%   130 1650s
 6523973 726609 46174.9730   51  327 45998.1474 46560.0664  1.22%   130 1655s
 6546113 722217     cutoff   49      45998.1474 46557.0676  1.22%   130 1660s
 6571513 717107     cutoff   48      45998.1474 46553.6896  1.21%   130 1665s
 6596708 712489     cutoff   43      45998.1474 46550.2736  1.20%   130 1670s
 6615931 708285     cutoff   45      45998.1474 46547.7050  1.19%   130 1675s
 6637218 703069 46005.5826   34  301 45998.1474 46544.7832  1.19%   130 1680s
 6663595 697308 46006.5320   54  351 45998.1474 46541.1596  1.18%   129 1685s
 6682175 693105     cutoff   33      45998.1474 46538.5543  1.17%   129 1690s
 6706781 687609     cutoff   45      45998.1474 46535.2409  1.17%   129 1695s
 6729399 682527     cutoff   43      45998.1474 46532.1613  1.16%   129 1700s
 6750599 677472     cutoff   54      45998.1474 46529.2369  1.15%   129 1705s
 6773673 672074     cutoff   52      45998.1474 46526.0916  1.15%   129 1710s
 6796967 666545     cutoff   46      45998.1474 46522.8295  1.14%   129 1715s
 6820380 660987 46207.7795   37  310 45998.1474 46519.5677  1.13%   129 1720s
 6843493 655204     cutoff   42      45998.1474 46516.4010  1.13%   129 1725s
 6866511 649434     cutoff   51      45998.1474 46513.1989  1.12%   129 1730s
 6888186 643877     cutoff   46      45998.1474 46510.1062  1.11%   129 1735s
 6912604 637375     cutoff   49      45998.1474 46506.5608  1.11%   129 1740s
 6936560 631635 46113.3675   54  331 45998.1474 46503.1296  1.10%   129 1745s
 6959459 624872 46041.7557   50  331 45998.1474 46499.7998  1.09%   129 1750s
 6984208 618275 46080.0750   39  304 45998.1474 46496.2396  1.08%   129 1755s
 7002929 612986 46137.4912   46  361 45998.1474 46493.3456  1.08%   129 1760s
 7028301 606030     cutoff   37      45998.1474 46489.6170  1.07%   129 1765s
 7052433 598759 46177.7393   43  330 45998.1474 46485.8896  1.06%   129 1770s
 7076714 591574 46101.2019   48  315 45998.1474 46482.1294  1.05%   129 1775s
 7097221 585272     cutoff   44      45998.1474 46478.9098  1.05%   129 1780s
 7121434 577904 46272.3750   35  274 45998.1474 46475.2108  1.04%   129 1785s
 7148015 569730 46253.6640   54  334 45998.1474 46471.0648  1.03%   128 1790s
 7169443 562914 46261.0973   36  317 45998.1474 46467.6245  1.02%   128 1795s
 7194465 554854 46216.8734   51  335 45998.1474 46463.6886  1.01%   128 1800s
 7214324 548144 46157.5018   34  308 45998.1474 46460.5090  1.01%   128 1805s
 7242429 538972 46139.7403   42  314 45998.1474 46455.8879  1.00%   128 1810s
 7264816 531392 46070.4067   39  289 45998.1474 46452.2211  0.99%   128 1815s
 7291483 522157 46131.4221   62  325 45998.1474 46447.7499  0.98%   128 1820s
 7310030 515499     cutoff   37      45998.1474 46444.7345  0.97%   128 1825s
 7333506 506945     cutoff   50      45998.1474 46440.5627  0.96%   128 1830s
 7358459 497830     cutoff   23      45998.1474 46436.2431  0.95%   128 1835s
 7382608 488894 46059.0793   47  328 45998.1474 46431.9858  0.94%   128 1840s
 7406683 479646 46072.4447   43  310 45998.1474 46427.7744  0.93%   128 1845s
 7429794 470538     cutoff   27      45998.1474 46423.6661  0.93%   128 1850s
 7454057 460737 46215.8237   38  303 45998.1474 46419.1344  0.92%   128 1856s
 7476218 451858     cutoff   41      45998.1474 46414.9069  0.91%   128 1860s
 7502686 441029 46013.7913   43  265 45998.1474 46409.9146  0.90%   128 1865s
 7523685 432160     cutoff   51      45998.1474 46405.7189  0.89%   128 1870s
 7550100 420926     cutoff   44      45998.1474 46400.5160  0.87%   128 1875s
 7575329 409365 46006.7818   38  279 45998.1474 46395.4331  0.86%   128 1880s
 7599160 398855 46172.0861   35  270 45998.1474 46390.3999  0.85%   128 1885s
 7622640 388095 46155.1124   39  288 45998.1474 46385.5180  0.84%   128 1890s
 7651513 374356     cutoff   51      45998.1474 46379.0254  0.83%   127 1896s
 7673434 364128     cutoff   43      45998.1474 46374.0304  0.82%   127 1901s
 7692897 353301     cutoff   58      45998.1474 46369.8056  0.81%   127 1905s
 7721537 339133 46057.7943   50  319 45998.1474 46362.9991  0.79%   127 1910s
 7749271 324821 46146.0616   51  299 45998.1474 46356.2100  0.78%   127 1916s
 7769859 313765     cutoff   47      45998.1474 46350.8485  0.77%   127 1920s
 7797368 299835     cutoff   62      45998.1474 46343.4227  0.75%   127 1925s
 7817727 286557     cutoff   38      45998.1474 46337.8488  0.74%   127 1930s
 7849657 268206 46004.2029   54  333 45998.1474 46328.4967  0.72%   127 1936s
 7874850 253324     cutoff   42      45998.1474 46320.9006  0.70%   127 1940s
 7899940 238198     cutoff   57      45998.1474 46312.9360  0.68%   127 1945s
 7928695 219677     cutoff   58      45998.1474 46303.3003  0.66%   127 1951s
 7947857 206779 46242.6169   33  323 45998.1474 46296.1540  0.65%   127 1955s
 7977494 188021     cutoff   60      45998.1474 46284.7262  0.62%   127 1960s
 8014266 164354     cutoff   54      45998.1474 46269.0669  0.59%   126 1966s
 8039372 147804     cutoff   44      45998.1474 46257.0597  0.56%   126 1970s
 8068932 128149     cutoff   41      45998.1474 46241.5120  0.53%   126 1975s
 8105999 107582     cutoff   38      45998.1474 46218.0504  0.48%   126 1980s
 8139699 82786     cutoff   49      45998.1474 46191.7930  0.42%   126 1985s
 8184936 54600     cutoff   37      45998.1474 46141.7534  0.31%   125 1990s

Cutting planes:
  Clique: 12
  Flow cover: 20
  Zero half: 1

Explored 8255854 nodes (1028041236 simplex iterations) in 1994.87 seconds (5214.76 work units)
Thread count was 24 (of 24 available processors)

Solution count 10: 45998.1 45836 45810.2 ... 44887.2

Optimal solution found (tolerance 1.00e-04)
Best objective 4.599814736180e+04, best bound 4.599814736180e+04, gap 0.0000%

User-callback calls 16572856, time in user-callback 9.74 sec
