
Gurobi 11.0.3 (linux64) logging started Tue Nov 25 18:04:31 2025

Set parameter LogFile to value "./log/train/CA_750_1100_0.7/CA_25.lp.log"
Set parameter TimeLimit to value 3600
Gurobi Optimizer version 11.0.3 build v11.0.3rc0 (linux64 - "Ubuntu 22.04.5 LTS")

CPU model: AMD Ryzen 9 9900X 12-Core Processor, instruction set [SSE2|AVX|AVX2|AVX512]
Thread count: 12 physical cores, 24 logical processors, using up to 24 threads

Optimize a model with 1152 rows, 750 columns and 4037 nonzeros
Model fingerprint: 0x3365e616
Variable types: 0 continuous, 750 integer (750 binary)
Coefficient statistics:
  Matrix range     [1e+00, 1e+00]
  Objective range  [3e-01, 1e+03]
  Bounds range     [1e+00, 1e+00]
  RHS range        [1e+00, 1e+00]
Found heuristic solution: objective 30276.231031
Presolve removed 219 rows and 94 columns
Presolve time: 0.01s
Presolved: 933 rows, 656 columns, 3796 nonzeros
Found heuristic solution: objective 36328.824849
Variable types: 0 continuous, 656 integer (656 binary)
Found heuristic solution: objective 38138.067597

Root relaxation: objective 4.732433e+04, 2185 iterations, 0.08 seconds (0.18 work units)

    Nodes    |    Current Node    |     Objective Bounds      |     Work
 Expl Unexpl |  Obj  Depth IntInf | Incumbent    BestBd   Gap | It/Node Time

     0     0 47324.3338    0  437 38138.0676 47324.3338  24.1%     -    0s
H    0     0                    39653.075980 47324.3338  19.3%     -    0s
H    0     0                    39934.629371 47324.3338  18.5%     -    0s
H    0     0                    40069.986164 47324.3338  18.1%     -    0s
     0     0 47160.3657    0  451 40069.9862 47160.3657  17.7%     -    0s
     0     0 47117.1146    0  453 40069.9862 47117.1146  17.6%     -    0s
H    0     0                    40154.032080 47117.1146  17.3%     -    0s
     0     0 47117.1146    0  454 40154.0321 47117.1146  17.3%     -    0s
     0     0 47117.1146    0  452 40154.0321 47117.1146  17.3%     -    0s
     0     0 46654.1742    0  455 40154.0321 46654.1742  16.2%     -    0s
     0     0 46654.1742    0  455 40154.0321 46654.1742  16.2%     -    0s
     0     2 46654.1742    0  455 40154.0321 46654.1742  16.2%     -    0s
H   27    40                    40179.403948 46654.1742  16.1%   511    0s
H   31    40                    40215.981336 46654.1742  16.0%   486    0s
H   72    77                    40399.066233 46654.1742  15.5%   374    0s
H   76    89                    40821.089808 46654.1742  14.3%   368    0s
H   86    89                    41157.094479 46654.1742  13.4%   371    0s
H  103   118                    41430.007140 46654.1742  12.6%   353    0s
H  117   132                    41551.643398 46654.1742  12.3%   345    0s
H  124   132                    41800.100149 46654.1742  11.6%   335    0s
H  149   167                    42313.269219 46654.1742  10.3%   324    0s
H  174   184                    42330.588300 46654.1742  10.2%   301    0s
H  203   205                    42454.032044 46654.1742  9.89%   283    1s
H  498   434                    42517.685768 46654.1742  9.73%   220    1s
*  501   434              46    42525.373056 46654.1742  9.71%   218    1s
H  545   448                    42773.546153 46654.1742  9.07%   213    1s
H  562   448                    42825.387244 46654.1742  8.94%   211    1s
* 2573  1485              20    42981.279228 45831.6346  6.63%   189    2s
H 2952  1633                    42984.374967 45763.8969  6.47%   199    5s
H 8004  3731                    43073.063002 45763.8969  6.25%   195    8s
* 8009  3710              50    43103.224449 45763.8969  6.17%   194    8s
 12923  6558 43771.5669   39  374 43103.2244 45444.9112  5.43%   188   10s
 27747 13492 44217.7962   38  387 43103.2244 45072.1256  4.57%   173   15s
 43748 20171 43558.5902   37  334 43103.2244 44884.8958  4.13%   169   20s
 51413 23506 43445.2587   35  333 43103.2244 44827.9423  4.00%   167   30s
 69384 30075 43320.3902   33  293 43103.2244 44687.4793  3.68%   166   35s
 84591 34712 43585.6619   38  334 43103.2244 44605.5676  3.49%   165   40s
 101839 40325 44108.9823   34  360 43103.2244 44517.3187  3.28%   163   45s
 121585 46616     cutoff   40      43103.2244 44427.0845  3.07%   161   50s
 138967 51455 43193.5569   45  337 43103.2244 44360.2396  2.92%   159   55s
 158646 56553 43164.6453   40  252 43103.2244 44296.2391  2.77%   157   60s
 176190 60221 43707.5221   39  345 43103.2244 44246.4892  2.65%   156   65s
 189552 63261     cutoff   40      43103.2244 44213.1858  2.58%   155   70s
 208524 67603 43233.3494   34  317 43103.2244 44170.7572  2.48%   153   75s
 226730 71041 43200.0932   39  310 43103.2244 44135.0041  2.39%   152   80s
 247659 74959 43563.9767   47  354 43103.2244 44092.5464  2.30%   151   85s
 266295 77952     cutoff   33      43103.2244 44060.7402  2.22%   150   90s
 287179 80814 43331.9741   43  333 43103.2244 44027.0667  2.14%   149   95s
 307084 83326     cutoff   33      43103.2244 43997.0895  2.07%   148  100s
 325512 85228 43442.5615   36  301 43103.2244 43969.5777  2.01%   147  105s
 347262 87264     cutoff   35      43103.2244 43938.8380  1.94%   146  110s
 368671 89046     cutoff   45      43103.2244 43911.2858  1.87%   145  115s
 388212 90353 43141.1805   39  296 43103.2244 43886.1460  1.82%   144  120s
 410744 91350     cutoff   31      43103.2244 43859.2928  1.75%   143  125s
 429752 92076     cutoff   27      43103.2244 43837.0746  1.70%   143  130s
 452534 92708 43403.6126   40  321 43103.2244 43812.2656  1.64%   142  135s
 471649 93063 43300.7057   44  320 43103.2244 43791.9267  1.60%   141  140s
 494967 93204 43121.0759   44  327 43103.2244 43766.9705  1.54%   140  145s
 514290 92953     cutoff   44      43103.2244 43747.3531  1.49%   140  150s
 538413 92132 43301.5895   44  320 43103.2244 43723.0429  1.44%   139  155s
 559532 91189 43132.5745   37  316 43103.2244 43702.2446  1.39%   138  160s
 583686 89960 43165.9437   40  342 43103.2244 43679.1061  1.34%   138  165s
 604919 88334 43187.2374   40  276 43103.2244 43658.4775  1.29%   137  170s
 624390 86525 43355.1028   42  297 43103.2244 43640.3488  1.25%   137  175s
 650905 83798 43243.5753   46  337 43103.2244 43615.2061  1.19%   136  180s
 673262 81046 43124.8029   37  310 43103.2244 43593.2908  1.14%   135  185s
 699151 77361     cutoff   44      43103.2244 43569.1146  1.08%   135  190s
 722063 73451     cutoff   41      43103.2244 43547.0187  1.03%   134  195s
 744481 69146 43389.9742   42  297 43103.2244 43525.8679  0.98%   133  200s
 768573 63829 43118.1711   34  287 43103.2244 43501.6592  0.92%   133  205s
 789020 58572     cutoff   37      43103.2244 43479.7514  0.87%   132  210s
 817402 50371 43154.4067   39  275 43103.2244 43446.5891  0.80%   131  215s
 843556 41248     cutoff   40      43103.2244 43412.4207  0.72%   130  220s
 871775 29391     cutoff   45      43103.2244 43368.6271  0.62%   129  225s
 901392 13165     cutoff   42      43103.2244 43297.0707  0.45%   128  230s
*916894  3473              39    43132.287012 43232.7923  0.23%   127  231s

Cutting planes:
  Clique: 11
  Flow cover: 20
  RLT: 1
  Relax-and-lift: 2

Explored 921025 nodes (116391301 simplex iterations) in 231.71 seconds (628.69 work units)
Thread count was 24 (of 24 available processors)

Solution count 10: 43132.3 43103.2 43073.1 ... 42454

Optimal solution found (tolerance 1.00e-04)
Best objective 4.313228701216e+04, best bound 4.313228701216e+04, gap 0.0000%

User-callback calls 1852325, time in user-callback 1.03 sec
