
Gurobi 11.0.3 (linux64) logging started Tue Nov 25 18:02:32 2025

Set parameter LogFile to value "./log/train/CA_750_1100_0.7/CA_24.lp.log"
Set parameter TimeLimit to value 3600
Gurobi Optimizer version 11.0.3 build v11.0.3rc0 (linux64 - "Ubuntu 22.04.5 LTS")

CPU model: AMD Ryzen 9 9900X 12-Core Processor, instruction set [SSE2|AVX|AVX2|AVX512]
Thread count: 12 physical cores, 24 logical processors, using up to 24 threads

Optimize a model with 1171 rows, 750 columns and 4117 nonzeros
Model fingerprint: 0xba238678
Variable types: 0 continuous, 750 integer (750 binary)
Coefficient statistics:
  Matrix range     [1e+00, 1e+00]
  Objective range  [4e+00, 1e+03]
  Bounds range     [1e+00, 1e+00]
  RHS range        [1e+00, 1e+00]
Found heuristic solution: objective 30929.053519
Presolve removed 217 rows and 76 columns
Presolve time: 0.01s
Presolved: 954 rows, 674 columns, 3905 nonzeros
Found heuristic solution: objective 37297.850706
Variable types: 0 continuous, 674 integer (674 binary)
Found heuristic solution: objective 39429.102293

Root relaxation: objective 4.971500e+04, 2224 iterations, 0.08 seconds (0.18 work units)

    Nodes    |    Current Node    |     Objective Bounds      |     Work
 Expl Unexpl |  Obj  Depth IntInf | Incumbent    BestBd   Gap | It/Node Time

     0     0 49715.0000    0  450 39429.1023 49715.0000  26.1%     -    0s
H    0     0                    42631.700856 49715.0000  16.6%     -    0s
H    0     0                    43248.717995 49715.0000  15.0%     -    0s
H    0     0                    43375.427482 49715.0000  14.6%     -    0s
H    0     0                    43616.907463 49715.0000  14.0%     -    0s
     0     0 49585.9230    0  453 43616.9075 49585.9230  13.7%     -    0s
     0     0 49443.2208    0  460 43616.9075 49443.2208  13.4%     -    0s
     0     0 49041.7054    0  464 43616.9075 49041.7054  12.4%     -    0s
     0     0 49041.7054    0  464 43616.9075 49041.7054  12.4%     -    0s
     0     2 49041.7054    0  464 43616.9075 49041.7054  12.4%     -    0s
H   28    40                    43641.828193 49041.7054  12.4%   512    0s
H   71    77                    44173.742737 49041.7054  11.0%   390    0s
H  104   118                    44178.424482 49041.7054  11.0%   356    0s
H  105   118                    44240.612292 49041.7054  10.9%   356    0s
H  106   118                    44272.469580 49041.7054  10.8%   356    0s
H  127   130                    44999.308468 49041.7054  8.98%   336    0s
H  150   151                    45131.541767 49041.7054  8.66%   311    0s
H  161   151                    45233.083702 49041.7054  8.42%   305    0s
H  190   178                    45246.206279 49041.7054  8.39%   282    1s
  3080  1441 47623.3174   23  407 45246.2063 47623.3174  5.25%   202    5s
 12119  5923     cutoff   50      45246.2063 47315.7787  4.57%   180   10s
 27022 12527     cutoff   38      45246.2063 46935.3381  3.73%   171   15s
 44158 19067     cutoff   36      45246.2063 46698.7210  3.21%   162   20s
 51688 21304 45429.8826   41  321 45246.2063 46628.0972  3.05%   159   28s
 52494 23389 45336.4238   32  288 45246.2063 46625.6067  3.05%   159   30s
 75105 27604 45296.4073   48  377 45246.2063 46465.5990  2.70%   155   35s
 95068 31679 45874.2486   46  343 45246.2063 46355.5161  2.45%   152   40s
 113043 35096 45785.8004   34  344 45246.2063 46277.3779  2.28%   151   45s
 133034 38080     cutoff   51      45246.2063 46204.0244  2.12%   149   50s
 153105 40279     cutoff   39      45246.2063 46138.5997  1.97%   147   55s
 170742 41959 45484.7350   28  341 45246.2063 46086.5203  1.86%   145   60s
 192690 43260 45532.2646   46  353 45246.2063 46029.0632  1.73%   144   65s
 213856 44053     cutoff   38      45246.2063 45980.4312  1.62%   142   70s
 233235 44258 45257.8377   41  343 45246.2063 45939.9606  1.53%   141   75s
 254645 43918 45489.3464   43  350 45246.2063 45895.7807  1.44%   139   80s
 274583 43113 45401.9340   33  331 45246.2063 45855.9704  1.35%   138   85s
 298796 41331     cutoff   45      45246.2063 45808.9975  1.24%   137   90s
 320597 38729     cutoff   38      45246.2063 45766.6260  1.15%   136   95s
 342091 35329     cutoff   53      45246.2063 45723.9351  1.06%   134  100s
 364714 31026     cutoff   38      45246.2063 45675.5548  0.95%   133  105s
 386380 24366     cutoff   41      45246.2063 45622.6720  0.83%   133  110s
 411966 13685     cutoff   46      45246.2063 45540.3179  0.65%   131  115s

Cutting planes:
  Clique: 12
  Flow cover: 16

Explored 435750 nodes (56138322 simplex iterations) in 118.53 seconds (319.03 work units)
Thread count was 24 (of 24 available processors)

Solution count 10: 45246.2 45233.1 45131.5 ... 43616.9

Optimal solution found (tolerance 1.00e-04)
Best objective 4.524620627915e+04, best bound 4.524620627915e+04, gap 0.0000%

User-callback calls 877931, time in user-callback 0.49 sec
