
Gurobi 11.0.3 (linux64) logging started Tue Nov 25 18:20:20 2025

Set parameter LogFile to value "./log/train/CA_750_1100_0.7/CA_3.lp.log"
Set parameter TimeLimit to value 3600
Gurobi Optimizer version 11.0.3 build v11.0.3rc0 (linux64 - "Ubuntu 22.04.5 LTS")

CPU model: AMD Ryzen 9 9900X 12-Core Processor, instruction set [SSE2|AVX|AVX2|AVX512]
Thread count: 12 physical cores, 24 logical processors, using up to 24 threads

Optimize a model with 1164 rows, 750 columns and 4062 nonzeros
Model fingerprint: 0xd9075636
Variable types: 0 continuous, 750 integer (750 binary)
Coefficient statistics:
  Matrix range     [1e+00, 1e+00]
  Objective range  [3e+00, 1e+03]
  Bounds range     [1e+00, 1e+00]
  RHS range        [1e+00, 1e+00]
Found heuristic solution: objective 32315.844595
Presolve removed 249 rows and 67 columns
Presolve time: 0.01s
Presolved: 915 rows, 683 columns, 3803 nonzeros
Found heuristic solution: objective 37738.279453
Variable types: 0 continuous, 683 integer (683 binary)
Found heuristic solution: objective 39607.410980

Root relaxation: objective 5.113533e+04, 2537 iterations, 0.10 seconds (0.21 work units)

    Nodes    |    Current Node    |     Objective Bounds      |     Work
 Expl Unexpl |  Obj  Depth IntInf | Incumbent    BestBd   Gap | It/Node Time

     0     0 51135.3334    0  473 39607.4110 51135.3334  29.1%     -    0s
H    0     0                    39801.130847 51135.3334  28.5%     -    0s
     0     0 51022.7058    0  464 39801.1308 51022.7058  28.2%     -    0s
H    0     0                    43624.216506 51022.7058  17.0%     -    0s
     0     0 50966.7056    0  473 43624.2165 50966.7056  16.8%     -    0s
H    0     0                    44575.897916 50966.7056  14.3%     -    0s
     0     0 50966.7056    0  475 44575.8979 50966.7056  14.3%     -    0s
     0     0 50966.7056    0  474 44575.8979 50966.7056  14.3%     -    0s
     0     0 50919.9718    0  478 44575.8979 50919.9718  14.2%     -    0s
     0     0 50919.9718    0  478 44575.8979 50919.9718  14.2%     -    0s
     0     0 50919.9718    0  478 44575.8979 50919.9718  14.2%     -    0s
     0     0 50919.9718    0  478 44575.8979 50919.9718  14.2%     -    0s
H    0     0                    44718.810598 50919.9718  13.9%     -    0s
     0     2 50919.9718    0  478 44718.8106 50919.9718  13.9%     -    0s
H   28    40                    44836.053188 50523.5105  12.7%   409    0s
H   76    91                    44880.927000 50523.5105  12.6%   326    0s
H  104   117                    44940.836105 50523.5105  12.4%   309    0s
H  105   117                    44941.040821 50523.5105  12.4%   309    0s
H  116   129                    45021.070392 50523.5105  12.2%   302    0s
H  117   129                    45073.470337 50523.5105  12.1%   304    0s
H  119   129                    45102.734866 50523.5105  12.0%   301    0s
H  123   129                    45519.125816 50523.5105  11.0%   296    0s
H  147   170                    45751.023958 50523.5105  10.4%   288    0s
H  150   170                    45823.142881 50523.5105  10.3%   285    0s
H  217   225                    45989.849779 50523.5105  9.86%   255    1s
H  467   394                    46020.418615 50401.6329  9.52%   223    1s
H  470   394                    46191.420316 50401.6329  9.11%   223    1s
H  601   474                    46375.749589 50401.6329  8.68%   213    1s
  2580  1645 49751.8800   22  435 46375.7496 49751.8800  7.28%   209    5s
  9851  5091 46822.1836   43  322 46375.7496 49239.3940  6.17%   199   10s
 22867 12764 47500.1250   39  389 46375.7496 48715.0323  5.04%   180   15s
 38245 20832 47901.4713   37  348 46375.7496 48502.8943  4.59%   174   20s
 52012 27993 47050.3553   41  354 46375.7496 48381.2668  4.32%   172   31s
 59018 31282 47425.4862   41  333 46375.7496 48327.5775  4.21%   170   35s
 73611 37540 46949.3481   31  328 46375.7496 48251.1972  4.04%   170   40s
 91798 44807 47351.9918   26  361 46375.7496 48168.8958  3.87%   167   45s
 107125 51009 47086.9920   32  320 46375.7496 48113.0916  3.75%   165   50s
 126128 58557 46536.0633   41  337 46375.7496 48049.6277  3.61%   164   55s
 141523 64122 46416.1222   40  316 46375.7496 48008.1023  3.52%   163   60s
 159428 70111 46986.5299   34  372 46375.7496 47960.9165  3.42%   162   65s
 176678 76789 46657.3161   47  305 46375.7496 47919.5618  3.33%   161   70s
 194727 83205 46871.9242   32  332 46375.7496 47881.1170  3.25%   160   75s
 212832 89269 47180.2055   29  369 46375.7496 47844.4018  3.17%   159   80s
 230048 94702 46769.6872   32  309 46375.7496 47813.2002  3.10%   158   85s
 245889 99353 46625.0525   42  309 46375.7496 47785.1875  3.04%   157   90s
 264220 104595     cutoff   40      46375.7496 47756.7320  2.98%   156   95s
 277658 108639 46396.4328   42  325 46375.7496 47734.9896  2.93%   156  100s
 296576 113603 46888.1508   29  334 46375.7496 47709.1714  2.88%   155  105s
 314921 118656 46927.7959   41  390 46375.7496 47684.5281  2.82%   155  110s
 333660 123195     cutoff   43      46375.7496 47661.9452  2.77%   154  115s
 354777 128674 46585.0147   38  353 46375.7496 47637.0766  2.72%   153  120s
 373206 133310 46830.4728   44  323 46375.7496 47614.4581  2.67%   153  125s
 391013 137886 46955.7486   48  370 46375.7496 47595.7724  2.63%   152  130s
 410131 142321     cutoff   42      46375.7496 47575.5895  2.59%   152  135s
 418898 145999 46378.4420   35  307 46375.7496 47567.0843  2.57%   151  140s
 444377 149856 46784.9003   38  325 46375.7496 47541.9030  2.51%   151  145s
 463776 153915 47220.1004   41  347 46375.7496 47524.1183  2.48%   150  150s
 484045 158103 46664.1131   33  308 46375.7496 47507.6777  2.44%   150  155s
 503723 162101 46578.4124   35  316 46375.7496 47489.6910  2.40%   149  160s
 523617 166084 47195.2383   39  323 46375.7496 47473.1705  2.37%   149  165s
 543418 169844     cutoff   56      46375.7496 47458.9276  2.34%   148  170s
 559659 172349 46583.8608   36  327 46375.7496 47445.7640  2.31%   148  175s
 576103 175784 46434.6711   39  339 46375.7496 47433.8079  2.28%   148  180s
 596176 179108 46397.7336   41  374 46375.7496 47420.0742  2.25%   147  185s
 616827 182889 46679.4929   29  330 46375.7496 47405.3442  2.22%   147  190s
 637801 186587 46413.4349   43  330 46375.7496 47391.3792  2.19%   146  195s
 658745 190275     cutoff   38      46375.7496 47377.7065  2.16%   146  200s
 679463 193871 46868.5705   37  341 46375.7496 47363.9746  2.13%   146  205s
 700993 197123 46511.2492   42  295 46375.7496 47351.2340  2.10%   145  210s
 719535 199473 46956.9289   41  302 46375.7496 47339.8955  2.08%   145  215s
 735315 202405     cutoff   41      46375.7496 47330.8634  2.06%   145  220s
 757446 205345     cutoff   46      46375.7496 47318.1203  2.03%   144  225s
 776351 207944     cutoff   46      46375.7496 47307.6631  2.01%   144  230s
 798622 210769     cutoff   37      46375.7496 47295.6502  1.98%   144  235s
 820851 213793 46395.3314   40  332 46375.7496 47283.5162  1.96%   143  240s
 840223 216378     cutoff   37      46375.7496 47273.2989  1.94%   143  245s
 860460 218723     cutoff   44      46375.7496 47263.4458  1.91%   143  250s
 880593 221229 46461.3065   42  313 46375.7496 47253.2278  1.89%   142  255s
 903462 223950 46528.3439   41  319 46375.7496 47242.0640  1.87%   142  260s
 923507 226293 46378.6346   40  315 46375.7496 47232.1497  1.85%   142  265s
 945824 228510 46462.6054   36  320 46375.7496 47221.3282  1.82%   141  270s
 965633 230481     cutoff   31      46375.7496 47212.0317  1.80%   141  275s
 989670 232763     cutoff   45      46375.7496 47201.2031  1.78%   141  280s
 1005206 234166 46385.4238   48  304 46375.7496 47194.0646  1.76%   140  285s
 1022807 235950 46487.8778   39  329 46375.7496 47186.1392  1.75%   140  290s
 1044166 237791     cutoff   46      46375.7496 47177.1865  1.73%   140  295s
 1069106 239906 46795.2600   44  341 46375.7496 47166.4909  1.71%   140  300s
 1090772 241697     cutoff   46      46375.7496 47157.6753  1.69%   139  305s
 1112823 243281 46598.2507   42  370 46375.7496 47149.0267  1.67%   139  310s
 1127540 244420 46379.2792   41  349 46375.7496 47143.2082  1.65%   139  315s
 1153220 246069 46382.7481   46  311 46375.7496 47133.0302  1.63%   139  320s
 1175479 247386 46591.2725   37  312 46375.7496 47124.2760  1.61%   138  325s
 1197784 248610 46621.0302   52  375 46375.7496 47115.9602  1.60%   138  330s
 1220336 249816     cutoff   29      46375.7496 47107.5125  1.58%   138  335s
*1235885 241883              45    46461.098605 47102.0614  1.38%   137  338s
 1242756 241858 46675.0030   35  343 46461.0986 47099.1024  1.37%   137  340s
 1259525 241462 46801.4340   41  371 46461.0986 47091.9642  1.36%   137  345s
 1285512 240864 46592.2389   37  352 46461.0986 47081.1727  1.33%   137  350s
 1307872 240302 46784.6853   35  327 46461.0986 47071.6678  1.31%   137  355s
 1329559 239733     cutoff   49      46461.0986 47062.7928  1.30%   136  360s
 1350552 238783     cutoff   39      46461.0986 47053.7569  1.28%   136  365s
 1376023 237613     cutoff   52      46461.0986 47043.5692  1.25%   136  370s
 1397645 236424 46595.5554   44  336 46461.0986 47035.0230  1.24%   135  375s
 1422742 234815     cutoff   39      46461.0986 47025.1893  1.21%   135  380s
 1442860 233384     cutoff   46      46461.0986 47017.0423  1.20%   135  385s
 1468596 231577 46517.2501   39  340 46461.0986 47007.1978  1.18%   134  390s
 1490161 229932     cutoff   37      46461.0986 46998.6776  1.16%   134  395s
 1515368 227568     cutoff   49      46461.0986 46988.6657  1.14%   134  400s
 1537125 225478     cutoff   35      46461.0986 46980.3115  1.12%   134  405s
 1561512 223026 46530.3451   40  317 46461.0986 46970.9763  1.10%   133  410s
 1581629 220752     cutoff   51      46461.0986 46963.3961  1.08%   133  415s
 1607810 217720 46475.2825   42  333 46461.0986 46953.6605  1.06%   133  420s
 1633226 214603 46544.1516   42  342 46461.0986 46944.3997  1.04%   133  425s
 1654769 211667     cutoff   41      46461.0986 46936.5667  1.02%   132  430s
 1679995 208045     cutoff   34      46461.0986 46927.1582  1.00%   132  435s
 1705172 204116 46661.2363   43  347 46461.0986 46917.2111  0.98%   132  440s
 1726369 200655 46629.1775   52  358 46461.0986 46909.0043  0.96%   131  445s
 1752037 196294 46532.0963   45  328 46461.0986 46899.5409  0.94%   131  450s
 1775818 191908     cutoff   38      46461.0986 46890.3710  0.92%   131  455s
 1798401 187443 46516.6849   42  349 46461.0986 46881.5266  0.90%   131  460s
 1823896 182305     cutoff   39      46461.0986 46871.2352  0.88%   130  465s
 1847667 177047 46549.2104   33  369 46461.0986 46861.9772  0.86%   130  470s
 1874719 170890 46578.0385   37  333 46461.0986 46850.7595  0.84%   130  475s
 1896853 165558     cutoff   37      46461.0986 46841.7205  0.82%   130  480s
 1916001 160638 46642.0660   44  347 46461.0986 46833.3887  0.80%   129  485s
 1939412 154279 46492.3733   46  275 46461.0986 46823.5541  0.78%   129  490s
 1967166 146945     cutoff   43      46461.0986 46810.9129  0.75%   129  495s
 1990335 139104     cutoff   45      46461.0986 46799.9029  0.73%   128  500s
 2015500 130691 46533.6596   46  292 46461.0986 46787.8981  0.70%   128  505s
 2042422 121042     cutoff   38      46461.0986 46773.6630  0.67%   128  510s
 2065544 112187 46475.6937   39  332 46461.0986 46760.6303  0.64%   128  515s
 2094065 101026     cutoff   38      46461.0986 46743.1035  0.61%   127  520s
 2118966 88424 46631.4397   46  355 46461.0986 46726.4043  0.57%   127  525s
 2145512 75242     cutoff   35      46461.0986 46706.4188  0.53%   127  530s
 2175771 58134 46545.3798   31  326 46461.0986 46678.4751  0.47%   126  535s
 2207923 37396     cutoff   54      46461.0986 46637.7575  0.38%   125  540s
 2252627  2539     cutoff   44      46461.0986 46516.0861  0.12%   124  545s

Cutting planes:
  Gomory: 1
  Clique: 26
  MIR: 1
  Flow cover: 22
  Zero half: 5
  RLT: 4
  BQP: 1

Explored 2260026 nodes (279789008 simplex iterations) in 545.31 seconds (1471.91 work units)
Thread count was 24 (of 24 available processors)

Solution count 10: 46461.1 46375.7 46191.4 ... 45073.5

Optimal solution found (tolerance 1.00e-04)
Best objective 4.646109860535e+04, best bound 4.646109860535e+04, gap 0.0000%

User-callback calls 4539361, time in user-callback 2.47 sec
