
Gurobi 11.0.3 (linux64) logging started Tue Nov 25 19:57:54 2025

Set parameter LogFile to value "./log/train/CA_750_1100_0.7/CA_43.lp.log"
Set parameter TimeLimit to value 3600
Gurobi Optimizer version 11.0.3 build v11.0.3rc0 (linux64 - "Ubuntu 22.04.5 LTS")

CPU model: AMD Ryzen 9 9900X 12-Core Processor, instruction set [SSE2|AVX|AVX2|AVX512]
Thread count: 12 physical cores, 24 logical processors, using up to 24 threads

Optimize a model with 1174 rows, 750 columns and 4250 nonzeros
Model fingerprint: 0xceacf472
Variable types: 0 continuous, 750 integer (750 binary)
Coefficient statistics:
  Matrix range     [1e+00, 1e+00]
  Objective range  [4e+00, 1e+03]
  Bounds range     [1e+00, 1e+00]
  RHS range        [1e+00, 1e+00]
Found heuristic solution: objective 32794.025548
Presolve removed 204 rows and 75 columns
Presolve time: 0.01s
Presolved: 970 rows, 675 columns, 4040 nonzeros
Found heuristic solution: objective 38563.644593
Variable types: 0 continuous, 675 integer (675 binary)
Found heuristic solution: objective 41383.216490

Root relaxation: objective 5.270626e+04, 2213 iterations, 0.08 seconds (0.18 work units)

    Nodes    |    Current Node    |     Objective Bounds      |     Work
 Expl Unexpl |  Obj  Depth IntInf | Incumbent    BestBd   Gap | It/Node Time

     0     0 52706.2587    0  448 41383.2165 52706.2587  27.4%     -    0s
H    0     0                    41664.182927 52706.2587  26.5%     -    0s
H    0     0                    41761.763879 52701.9542  26.2%     -    0s
     0     0 52581.7126    0  463 41761.7639 52581.7126  25.9%     -    0s
     0     0 52511.5758    0  465 41761.7639 52511.5758  25.7%     -    0s
     0     0 52511.5758    0  467 41761.7639 52511.5758  25.7%     -    0s
     0     0 52511.5758    0  468 41761.7639 52511.5758  25.7%     -    0s
     0     0 52351.7208    0  462 41761.7639 52351.7208  25.4%     -    0s
     0     0 52351.7208    0  462 41761.7639 52351.7208  25.4%     -    0s
H    0     0                    42156.341671 52351.7208  24.2%     -    0s
     0     2 52351.7208    0  462 42156.3417 52351.7208  24.2%     -    0s
H   27    40                    42317.459776 52182.5570  23.3%   541    0s
H   33    40                    42364.786847 52181.5910  23.2%   515    0s
H   35    40                    42390.983446 52181.5910  23.1%   511    0s
H   75    88                    42708.147262 52181.5910  22.2%   441    0s
H  117   130                    44262.042113 52181.5910  17.9%   392    1s
H  160   173                    44497.878769 52181.5910  17.3%   364    1s
H  160   173                    45110.669719 52181.5910  15.7%   364    1s
H  164   173                    45136.513910 52181.5910  15.6%   362    1s
H  205   224                    45402.491529 52181.5910  14.9%   332    1s
H  215   224                    45457.518491 52181.5910  14.8%   325    1s
H  302   325                    45694.958151 52181.5910  14.2%   275    1s
*  305   325              29    45822.139241 52181.5910  13.9%   273    1s
H  446   399                    46169.266712 52181.5910  13.0%   232    1s
H 2116  1503                    46245.520578 51193.4419  10.7%   216    4s
  2235  1586 46608.3133   41  462 46245.5206 51193.4419  10.7%   215    5s
H 2419  1653                    46369.326645 51193.4419  10.4%   230    7s
H 3491  2090                    46401.669544 51193.4419  10.3%   237    9s
  4515  2575 50825.9512   17  400 46401.6695 51193.4419  10.3%   229   10s
* 5060  2435              36    47065.104665 51193.4419  8.77%   228   10s
 12200  6709 49509.9994   21  362 47065.1047 50202.5161  6.67%   206   15s
 19589 11000 48029.1079   32  336 47065.1047 49916.6490  6.06%   197   20s
 29119 16183 47176.9250   31  315 47065.1047 49710.2988  5.62%   195   25s
 37931 21242 48811.7957   29  325 47065.1047 49570.2803  5.32%   193   30s
 48288 25468     cutoff   35      47065.1047 49461.7620  5.09%   190   35s
H48289 25244                    47141.895163 49461.7620  4.92%   190   35s
 51835 28192 47444.9701   24  344 47141.8952 49420.0431  4.83%   188   46s
 60807 32085 48201.5979   26  362 47141.8952 49340.5038  4.66%   188   50s
 73166 37398 47604.2366   27  319 47141.8952 49252.5938  4.48%   188   56s
 85833 42604 48100.8990   26  334 47141.8952 49175.2440  4.31%   186   60s
 97897 47614 47164.0098   40  331 47141.8952 49113.6574  4.18%   184   65s
 106914 52030 47364.3917   38  358 47141.8952 49078.1625  4.11%   184   70s
 121604 57338 47405.6565   33  327 47141.8952 49013.6021  3.97%   182   75s
 134469 62015 47385.8982   26  326 47141.8952 48961.8918  3.86%   181   80s
 147152 65920 47491.4753   37  323 47141.8952 48927.0633  3.79%   181   85s
 159135 70597 48382.0694   32  336 47141.8952 48889.3883  3.71%   180   90s
 174282 75206 48164.6424   27  318 47141.8952 48848.7568  3.62%   179   95s
 186602 79254 47630.8352   32  348 47141.8952 48820.4587  3.56%   178  100s
 199169 82501 47876.9496   28  349 47141.8952 48789.0486  3.49%   177  106s
 206827 85642     cutoff   38      47141.8952 48770.1872  3.45%   177  110s
 219723 89494 47913.6665   31  330 47141.8952 48741.5933  3.39%   176  115s
 231863 93563 47614.1141   38  340 47141.8952 48716.6561  3.34%   175  120s
 244052 96855 47648.4653   45  373 47141.8952 48691.5776  3.29%   175  125s
 256564 100661 47603.7060   29  337 47141.8952 48668.7586  3.24%   174  130s
 269407 104005 47348.7042   33  307 47141.8952 48646.5889  3.19%   174  135s
 281909 107523 47877.2907   28  318 47141.8952 48625.4858  3.15%   173  140s
 290126 114343 47571.7315   34  364 47141.8952 48612.7935  3.12%   173  150s
 323415 118396 47793.6063   30  327 47141.8952 48564.4406  3.02%   171  155s
 336291 121707 47456.0870   33  356 47141.8952 48546.4752  2.98%   171  160s
 349852 125372 47514.9947   34  339 47141.8952 48529.0469  2.94%   170  165s
 362950 128691 47394.3893   39  339 47141.8952 48510.5947  2.90%   170  170s
 375525 131437 48248.6748   31  332 47141.8952 48495.6899  2.87%   169  175s
 389291 134444     cutoff   37      47141.8952 48479.1431  2.84%   169  180s
 403155 137509     cutoff   40      47141.8952 48463.7523  2.80%   169  185s
 416618 140140     cutoff   41      47141.8952 48447.7918  2.77%   168  190s
 430415 143115 47376.3768   31  304 47141.8952 48433.4514  2.74%   168  195s
 443891 145983 47347.8311   37  321 47141.8952 48418.6125  2.71%   167  200s
 457719 148628 47769.6958   34  348 47141.8952 48404.8121  2.68%   167  205s
 474155 151300 47275.6572   36  365 47141.8952 48389.7787  2.65%   166  210s
 483247 153305 47577.8663   36  347 47141.8952 48381.4229  2.63%   166  215s
 499429 156451 47298.8426   44  336 47141.8952 48365.3216  2.60%   166  220s
 513536 158882     cutoff   45      47141.8952 48351.8375  2.57%   165  225s
 529290 161654 47565.8998   39  358 47141.8952 48337.9286  2.54%   165  230s
 543751 163993 47426.7344   35  336 47141.8952 48325.2043  2.51%   165  235s
 558326 166140 47284.9884   35  312 47141.8952 48313.4152  2.49%   164  240s
 575163 168774     cutoff   36      47141.8952 48299.0745  2.45%   164  245s
 589664 171005     cutoff   40      47141.8952 48288.1134  2.43%   163  250s
 603843 173292 47492.9118   31  340 47141.8952 48277.7240  2.41%   163  255s
 618592 175311 47268.6163   40  355 47141.8952 48266.8530  2.39%   163  260s
 628220 176590 47572.9888   35  314 47141.8952 48259.3403  2.37%   162  265s
 643335 178476 47606.0996   39  323 47141.8952 48247.9422  2.35%   162  270s
 657394 180289 47499.8172   35  366 47141.8952 48237.4489  2.32%   162  275s
 672285 182066 47264.9684   37  261 47141.8952 48226.3645  2.30%   161  280s
 683150 183364 47263.4530   36  294 47141.8952 48219.0755  2.28%   161  285s
 698288 185052 47612.7313   36  346 47141.8952 48207.7729  2.26%   161  290s
 712939 186783 47402.0953   31  333 47141.8952 48197.6550  2.24%   161  295s
 728226 188471 47614.6716   36  331 47141.8952 48187.1846  2.22%   160  300s
 746842 190410 47624.1371   34  365 47141.8952 48174.9290  2.19%   160  305s
 761808 191896 47231.8669   34  311 47141.8952 48164.5758  2.17%   160  310s
 777674 193360 47461.6025   36  307 47141.8952 48155.3245  2.15%   159  315s
 792387 194753     cutoff   30      47141.8952 48146.0089  2.13%   159  320s
 803892 195688 47198.6437   34  332 47141.8952 48139.0687  2.12%   159  325s
 817359 196850     cutoff   38      47141.8952 48130.8261  2.10%   159  330s
 833594 198161     cutoff   36      47141.8952 48121.2436  2.08%   158  335s
 848447 199292 47603.5752   46  336 47141.8952 48112.4024  2.06%   158  340s
 864558 200461 47649.3746   34  357 47141.8952 48102.1593  2.04%   158  345s
 877974 201371     cutoff   37      47141.8952 48094.6273  2.02%   158  350s
 893655 202406     cutoff   36      47141.8952 48085.2511  2.00%   157  355s
 909887 203415 47490.3650   27  338 47141.8952 48075.9276  1.98%   157  360s
 925888 204414 47401.8017   35  281 47141.8952 48067.0595  1.96%   157  366s
 939276 205165     cutoff   34      47141.8952 48059.7114  1.95%   157  370s
 956118 206039     cutoff   32      47141.8952 48050.6281  1.93%   156  375s
 972527 206728 47182.9412   41  299 47141.8952 48041.7217  1.91%   156  380s
 984258 207125     cutoff   29      47141.8952 48035.1143  1.89%   156  385s
 1000545 207740 47621.4226   35  347 47141.8952 48026.0344  1.88%   156  390s
 1016187 208217 47424.4368   36  334 47141.8952 48018.0729  1.86%   155  395s
 1032540 208585 47413.4117   32  330 47141.8952 48009.0867  1.84%   155  400s
 1049882 209082     cutoff   42      47141.8952 48000.0323  1.82%   155  405s
 1067405 209452     cutoff   44      47141.8952 47991.4118  1.80%   155  410s
 1081123 209722 47612.4124   37  357 47141.8952 47984.8975  1.79%   154  415s
 1098811 209901     cutoff   33      47141.8952 47975.8669  1.77%   154  420s
 1112466 209939     cutoff   36      47141.8952 47969.0917  1.75%   154  425s
 1121776 210068 47271.1772   28  307 47141.8952 47964.8043  1.75%   154  430s
 1139288 210109     cutoff   32      47141.8952 47955.4703  1.73%   154  435s
 1157635 210057     cutoff   44      47141.8952 47946.6034  1.71%   153  441s
*1161234 207387              35    47174.444659 47946.3051  1.64%   153  441s
 1169975 206993     cutoff   47      47174.4447 47939.9156  1.62%   153  445s
 1184842 206465     cutoff   37      47174.4447 47932.1636  1.61%   153  450s
 1203379 205779     cutoff   34      47174.4447 47922.3310  1.59%   153  455s
 1217625 205276     cutoff   34      47174.4447 47915.4084  1.57%   153  460s
 1235559 204454 47519.9888   35  319 47174.4447 47906.2410  1.55%   152  465s
 1253564 203534 47436.9324   42  334 47174.4447 47897.1948  1.53%   152  470s
 1268079 202877     cutoff   31      47174.4447 47890.1008  1.52%   152  475s
 1284719 201749 47240.6935   31  327 47174.4447 47881.8267  1.50%   152  480s
 1299367 200737     cutoff   40      47174.4447 47874.6136  1.48%   151  485s
 1317563 199440 47360.5492   49  348 47174.4447 47865.7076  1.47%   151  490s
 1335592 198158 47245.6574   37  307 47174.4447 47857.2009  1.45%   151  495s
 1349098 197030 47226.2159   38  325 47174.4447 47850.4862  1.43%   151  500s
*1353052 196195              43    47179.584001 47848.7736  1.42%   151  501s
 1367483 194932 47359.4610   35  324 47179.5840 47841.3674  1.40%   151  506s
 1382012 193524 47523.1753   39  363 47179.5840 47834.1121  1.39%   150  510s
 1400062 192033 47669.7576   37  328 47179.5840 47825.1024  1.37%   150  515s
 1413222 190353 47426.7992   37  318 47179.5840 47819.0656  1.36%   150  520s
 1428106 188712 47518.1731   38  318 47179.5840 47812.2849  1.34%   150  525s
 1446132 186703     cutoff   48      47179.5840 47803.4400  1.32%   150  530s
 1464292 184580 47333.2697   44  346 47179.5840 47794.9036  1.30%   149  535s
 1482241 182343 47185.1188   33  320 47179.5840 47786.3247  1.29%   149  541s
 1496700 180379     cutoff   38      47179.5840 47779.1422  1.27%   149  545s
 1511163 178460 47359.4130   41  366 47179.5840 47772.1527  1.26%   149  550s
 1527966 176030 47217.4534   39  333 47179.5840 47764.2156  1.24%   149  555s
 1545431 173365 47397.6805   49  343 47179.5840 47755.7830  1.22%   148  560s
 1563961 170452     cutoff   52      47179.5840 47746.5166  1.20%   148  565s
 1578480 168064 47226.5928   34  316 47179.5840 47739.6868  1.19%   148  570s
 1596593 164996     cutoff   41      47179.5840 47730.5356  1.17%   148  575s
 1614534 161749     cutoff   36      47179.5840 47721.5609  1.15%   148  580s
 1632632 158324 47247.4250   38  327 47179.5840 47712.3197  1.13%   147  585s
 1650573 154705     cutoff   35      47179.5840 47702.8344  1.11%   147  590s
 1665080 151750     cutoff   40      47179.5840 47695.5230  1.09%   147  595s
 1681457 148224     cutoff   38      47179.5840 47686.9966  1.08%   147  600s
 1700067 144051     cutoff   38      47179.5840 47676.7926  1.05%   147  605s
 1717641 139836 47416.2086   40  347 47179.5840 47667.4303  1.03%   146  611s
 1733083 136139 47285.4767   30  296 47179.5840 47659.0779  1.02%   146  615s
 1751775 131359 47214.1192   32  316 47179.5840 47648.4138  0.99%   146  621s
 1766626 127364 47409.8089   32  331 47179.5840 47639.7065  0.98%   146  625s
 1785141 122066     cutoff   34      47179.5840 47628.5184  0.95%   146  630s
 1804709 116222 47330.9045   32  328 47179.5840 47616.5454  0.93%   145  635s
 1818777 111724     cutoff   39      47179.5840 47607.8040  0.91%   145  640s
 1836652 105870     cutoff   47      47179.5840 47595.8463  0.88%   145  645s
 1853876 99919 47324.4012   33  321 47179.5840 47583.7679  0.86%   145  650s
 1871338 93408 47373.3628   39  352 47179.5840 47570.5965  0.83%   145  655s
 1894185 84626     cutoff   37      47179.5840 47552.8488  0.79%   144  661s
 1911548 77146     cutoff   35      47179.5840 47537.8131  0.76%   144  665s
 1929499 69212     cutoff   30      47179.5840 47520.4144  0.72%   144  670s
 1950985 58603     cutoff   43      47179.5840 47496.5405  0.67%   144  676s
 1965564 50826     cutoff   39      47179.5840 47478.6257  0.63%   143  680s
 1986495 38931     cutoff   34      47179.5840 47445.6100  0.56%   143  685s
 2009046 24753     cutoff   38      47179.5840 47395.8217  0.46%   142  690s
 2023252 15594     cutoff   36      47179.5840 47346.3676  0.35%   142  695s

Cutting planes:
  Gomory: 1
  Clique: 23
  Flow cover: 28
  Zero half: 4
  RLT: 3
  Relax-and-lift: 1
  BQP: 1

Explored 2045774 nodes (288353331 simplex iterations) in 697.47 seconds (1587.91 work units)
Thread count was 24 (of 24 available processors)

Solution count 10: 47179.6 47174.4 47141.9 ... 45695

Optimal solution found (tolerance 1.00e-04)
Best objective 4.717958400074e+04, best bound 4.717958400074e+04, gap 0.0000%

User-callback calls 4117988, time in user-callback 2.29 sec
