
Gurobi 11.0.3 (linux64) logging started Tue Nov 25 19:53:58 2025

Set parameter LogFile to value "./log/train/CA_750_1100_0.7/CA_42.lp.log"
Set parameter TimeLimit to value 3600
Gurobi Optimizer version 11.0.3 build v11.0.3rc0 (linux64 - "Ubuntu 22.04.5 LTS")

CPU model: AMD Ryzen 9 9900X 12-Core Processor, instruction set [SSE2|AVX|AVX2|AVX512]
Thread count: 12 physical cores, 24 logical processors, using up to 24 threads

Optimize a model with 1158 rows, 750 columns and 4024 nonzeros
Model fingerprint: 0x9c517201
Variable types: 0 continuous, 750 integer (750 binary)
Coefficient statistics:
  Matrix range     [1e+00, 1e+00]
  Objective range  [1e+01, 1e+03]
  Bounds range     [1e+00, 1e+00]
  RHS range        [1e+00, 1e+00]
Found heuristic solution: objective 32705.791176
Presolve removed 227 rows and 92 columns
Presolve time: 0.01s
Presolved: 931 rows, 658 columns, 3760 nonzeros
Found heuristic solution: objective 38847.020329
Variable types: 0 continuous, 658 integer (658 binary)
Found heuristic solution: objective 40430.189427

Root relaxation: objective 5.024517e+04, 2348 iterations, 0.09 seconds (0.19 work units)

    Nodes    |    Current Node    |     Objective Bounds      |     Work
 Expl Unexpl |  Obj  Depth IntInf | Incumbent    BestBd   Gap | It/Node Time

     0     0 50245.1745    0  436 40430.1894 50245.1745  24.3%     -    0s
H    0     0                    41265.543420 50245.1745  21.8%     -    0s
H    0     0                    41296.874137 50245.1745  21.7%     -    0s
     0     0 50068.3550    0  441 41296.8741 50068.3550  21.2%     -    0s
H    0     0                    44010.407723 50068.3550  13.8%     -    0s
     0     0 50040.1836    0  446 44010.4077 50040.1836  13.7%     -    0s
H    0     0                    44082.373057 50040.1836  13.5%     -    0s
     0     0 49536.9313    0  442 44082.3731 49536.9313  12.4%     -    0s
     0     0 49536.9313    0  443 44082.3731 49536.9313  12.4%     -    0s
     0     0 49424.8381    0  460 44082.3731 49424.8381  12.1%     -    0s
     0     0 49424.8381    0  460 44082.3731 49424.8381  12.1%     -    0s
H    0     2                    44148.638978 49424.8381  12.0%     -    0s
     0     2 49424.8381    0  460 44148.6390 49424.8381  12.0%     -    0s
H   28    40                    44318.161789 49424.8381  11.5%   530    0s
H   74    77                    44359.723661 49424.8381  11.4%   413    0s
H  115   120                    44375.770275 49424.8381  11.4%   366    0s
H  119   132                    45012.161816 49424.8381  9.80%   358    1s
H  152   172                    45036.099932 49424.8381  9.74%   324    1s
H  153   172                    45131.199301 49424.8381  9.51%   323    1s
H  158   172                    45391.069947 49424.8381  8.89%   318    1s
*  351   285              30    45415.428339 49424.8381  8.83%   225    1s
H  447   359                    45619.899460 49424.8381  8.34%   219    1s
H  457   359                    45717.509517 49424.8381  8.11%   219    1s
  2457  1521 47886.5166   14  436 45717.5095 48464.7928  6.01%   186    5s
  6652  3138 48329.4214   20  376 45717.5095 48464.7928  6.01%   188   10s
 15262  8532 47260.1480   23  351 45717.5095 47751.5495  4.45%   170   15s
 27109 15187 46040.8459   38  354 45717.5095 47523.6566  3.95%   162   20s
*33448 18274              45    45745.688988 47448.4211  3.72%   158   22s
H35298 19277                    45795.362353 47424.5540  3.56%   157   23s
H35901 18946                    45858.739057 47424.4163  3.41%   157   23s
 37385 19677 46538.0046   31  358 45858.7391 47406.8479  3.38%   157   25s
 51544 26686     cutoff   34      45858.7391 47294.1045  3.13%   151   36s
 62993 31403     cutoff   44      45858.7391 47215.3249  2.96%   150   40s
 77916 36886     cutoff   38      45858.7391 47137.9641  2.79%   147   45s
 94725 42438 46309.5896   30  312 45858.7391 47068.3034  2.64%   145   50s
 110395 47284 46704.2216   37  383 45858.7391 47012.3869  2.52%   143   55s
 125536 52045 46448.7677   32  355 45858.7391 46970.0803  2.42%   142   60s
 140807 56535 45975.8068   30  342 45858.7391 46928.1036  2.33%   141   65s
 158780 61527 46015.5645   31  338 45858.7391 46886.4965  2.24%   139   70s
 176275 65556 45996.5178   39  328 45858.7391 46851.6045  2.17%   138   75s
 194577 69952 46323.6620   33  289 45858.7391 46817.3255  2.09%   137   80s
H200354 69525                    45922.816396 46807.4740  1.93%   136   81s
 207294 70668     cutoff   43      45922.8164 46795.5205  1.90%   136   85s
 223186 73311 46370.0558   34  316 45922.8164 46766.3290  1.84%   135   90s
 241932 76265 46324.2730   26  293 45922.8164 46734.9048  1.77%   134   95s
 257468 78352     cutoff   39      45922.8164 46711.6014  1.72%   134  100s
 260133 78695 45944.2193   31  298 45922.8164 46707.4423  1.71%   133  107s
 289819 79718     cutoff   40      45922.8164 46680.4017  1.65%   132  110s
 308577 81702 46347.4429   29  337 45922.8164 46655.6276  1.60%   131  115s
 329022 83221 46248.6380   32  314 45922.8164 46631.5302  1.54%   130  120s
 346385 84341 46130.7366   40  352 45922.8164 46611.2326  1.50%   130  125s
*357083 84698              34    45927.294389 46601.1186  1.47%   129  127s
 357896 84822     cutoff   27      45927.2944 46598.1247  1.46%   129  130s
 378371 85743     cutoff   36      45927.2944 46573.6613  1.41%   128  135s
 395936 86349 46168.3614   37  348 45927.2944 46554.3650  1.37%   128  140s
 412905 86560     cutoff   36      45927.2944 46536.2344  1.33%   127  145s
 433167 86499 45987.3606   37  357 45927.2944 46516.2175  1.28%   127  150s
 450452 86311 46029.2336   33  348 45927.2944 46498.3422  1.24%   126  155s
 471048 85724     cutoff   35      45927.2944 46477.2712  1.20%   125  160s
 488817 84855 46255.9914   29  301 45927.2944 46460.3192  1.16%   125  165s
 510314 83641 45963.3755   40  345 45927.2944 46440.2571  1.12%   124  170s
 528851 82312     cutoff   34      45927.2944 46422.6841  1.08%   124  175s
 550861 80300 46064.9351   27  321 45927.2944 46402.7266  1.04%   123  180s
 569827 78512 45975.2027   26  326 45927.2944 46384.8993  1.00%   123  185s
 587608 75900 45963.0881   48  316 45927.2944 46367.8987  0.96%   122  190s
 607088 72979 46212.3702   31  310 45927.2944 46349.9111  0.92%   122  195s
 625765 69706     cutoff   39      45927.2944 46332.0544  0.88%   121  200s
*644854 65967              35    45933.285276 46314.3706  0.83%   121  204s
 646499 65201 46213.0409   35  342 45933.2853 46311.2030  0.82%   121  205s
 667223 60157     cutoff   31      45933.2853 46289.1362  0.77%   121  210s
 688255 54309 45974.6162   36  284 45933.2853 46265.7138  0.72%   120  215s
*694654 52552              41    45946.208721 46261.4258  0.69%   120  215s
 707460 47025     cutoff   35      45946.2087 46242.3350  0.64%   120  220s
 728566 38361     cutoff   28      45946.2087 46211.0988  0.58%   119  225s
 752633 25904     cutoff   34      45946.2087 46165.9197  0.48%   118  230s
 779959  7223     cutoff   27      45946.2087 46073.1122  0.28%   117  235s

Cutting planes:
  Gomory: 1
  Clique: 24
  MIR: 1
  Flow cover: 13
  Zero half: 5
  RLT: 1
  Relax-and-lift: 2

Explored 791798 nodes (91671491 simplex iterations) in 236.14 seconds (507.38 work units)
Thread count was 24 (of 24 available processors)

Solution count 10: 45946.2 45933.3 45927.3 ... 45415.4

Optimal solution found (tolerance 1.00e-04)
Best objective 4.594620872111e+04, best bound 4.594620872111e+04, gap 0.0000%

User-callback calls 1597338, time in user-callback 0.82 sec
