
Gurobi 11.0.3 (linux64) logging started Tue Nov 25 20:21:12 2025

Set parameter LogFile to value "./log/train/CA_750_1100_0.7/CA_47.lp.log"
Set parameter TimeLimit to value 3600
Gurobi Optimizer version 11.0.3 build v11.0.3rc0 (linux64 - "Ubuntu 22.04.5 LTS")

CPU model: AMD Ryzen 9 9900X 12-Core Processor, instruction set [SSE2|AVX|AVX2|AVX512]
Thread count: 12 physical cores, 24 logical processors, using up to 24 threads

Optimize a model with 1178 rows, 750 columns and 4175 nonzeros
Model fingerprint: 0x7605b715
Variable types: 0 continuous, 750 integer (750 binary)
Coefficient statistics:
  Matrix range     [1e+00, 1e+00]
  Objective range  [1e+00, 1e+03]
  Bounds range     [1e+00, 1e+00]
  RHS range        [1e+00, 1e+00]
Found heuristic solution: objective 30892.969046
Presolve removed 240 rows and 76 columns
Presolve time: 0.01s
Presolved: 938 rows, 674 columns, 3904 nonzeros
Found heuristic solution: objective 36409.581271
Variable types: 0 continuous, 674 integer (674 binary)
Found heuristic solution: objective 37983.797216

Root relaxation: objective 5.024517e+04, 2419 iterations, 0.09 seconds (0.21 work units)

    Nodes    |    Current Node    |     Objective Bounds      |     Work
 Expl Unexpl |  Obj  Depth IntInf | Incumbent    BestBd   Gap | It/Node Time

     0     0 50245.1659    0  448 37983.7972 50245.1659  32.3%     -    0s
H    0     0                    41227.276834 50245.1659  21.9%     -    0s
H    0     0                    41241.483841 50245.1659  21.8%     -    0s
H    0     0                    41542.498725 50245.1659  20.9%     -    0s
     0     0 50158.7855    0  456 41542.4987 50158.7855  20.7%     -    0s
H    0     0                    43677.849736 50158.7855  14.8%     -    0s
     0     0 50156.2655    0  462 43677.8497 50156.2655  14.8%     -    0s
H    0     0                    44374.657705 50156.2655  13.0%     -    0s
     0     0 49798.3922    0  459 44374.6577 49798.3922  12.2%     -    0s
     0     0 49798.3922    0  459 44374.6577 49798.3922  12.2%     -    0s
     0     2 49798.3922    0  459 44374.6577 49798.3922  12.2%     -    0s
H   34    40                    44407.669841 49702.2263  11.9%   417    0s
H   75    88                    44605.705075 49702.2263  11.4%   385    0s
H   75    88                    44926.654493 49702.2263  10.6%   385    0s
H  117   130                    45101.911330 49702.2263  10.2%   346    1s
H  122   130                    45285.006274 49702.2263  9.75%   346    1s
H  176   178                    45376.565268 49702.2263  9.53%   310    1s
H  249   206                    45444.593684 49702.2263  9.37%   274    1s
H  250   206                    45461.478186 49702.2263  9.33%   276    1s
  2572  1565 48619.0363   18  438 45461.4782 48619.0363  6.95%   209    5s
  6587  3391     cutoff   69      45461.4782 48619.0363  6.95%   210   10s
 13995  8005 45649.2668   47  345 45461.4782 48174.2303  5.97%   197   15s
 24742 14684 47150.7768   28  374 45461.4782 47933.2547  5.44%   189   20s
 36443 21718 46128.5150   33  335 45461.4782 47733.8994  5.00%   182   25s
 47856 27193 46131.3906   39  346 45461.4782 47613.0969  4.73%   177   31s
 51991 30865 45761.1152   31  323 45461.4782 47576.7915  4.65%   176   41s
 63356 36063     cutoff   30      45461.4782 47489.3401  4.46%   174   45s
 75154 42235     cutoff   35      45461.4782 47402.3321  4.27%   173   50s
 85700 47043     cutoff   42      45461.4782 47344.6360  4.14%   171   55s
 100163 53350 45871.9844   42  341 45461.4782 47284.6691  4.01%   170   60s
 112615 59323 45786.6809   32  341 45461.4782 47230.2611  3.89%   169   65s
 127511 65357 46055.6276   35  341 45461.4782 47181.7621  3.78%   167   70s
 140481 70262 46614.9388   31  346 45461.4782 47138.8808  3.69%   166   75s
 155071 76155 45550.0182   47  349 45461.4782 47090.3831  3.58%   165   80s
 168150 81606 45824.3894   31  324 45461.4782 47052.9522  3.50%   164   85s
 180847 86644 45483.5428   42  283 45461.4782 47021.0175  3.43%   163   90s
*189464 88017              45    45524.345834 47000.8214  3.24%   163   92s
 196138 90568 45798.0512   44  313 45524.3458 46986.1610  3.21%   162   95s
H206477 91958                    45575.823345 46962.9515  3.04%   162   98s
 206517 98988     cutoff   33      45575.8233 46962.7849  3.04%   162  106s
 237602 101818     cutoff   35      45575.8233 46903.2205  2.91%   160  110s
 252930 106196 46003.4877   37  308 45575.8233 46872.3370  2.84%   159  115s
 268386 110254     cutoff   39      45575.8233 46845.5485  2.79%   158  120s
 280840 113950     cutoff   37      45575.8233 46823.9393  2.74%   157  125s
 296659 118067     cutoff   42      45575.8233 46797.3013  2.68%   157  130s
 309607 121384 46278.2297   46  378 45575.8233 46778.2483  2.64%   156  135s
 325598 125493 45613.6833   32  342 45575.8233 46753.1780  2.58%   156  140s
 340001 129223 45763.8685   39  332 45575.8233 46734.3162  2.54%   155  146s
 353465 132280     cutoff   41      45575.8233 46716.2370  2.50%   155  150s
 367779 135481 45936.3692   35  296 45575.8233 46698.1497  2.46%   154  155s
 383711 138623     cutoff   47      45575.8233 46680.3709  2.42%   153  160s
 397375 141348     cutoff   37      45575.8233 46665.9406  2.39%   153  165s
 413363 144594 45743.4190   44  329 45575.8233 46649.0537  2.35%   153  170s
 427417 147632 46236.6596   43  332 45575.8233 46634.7663  2.32%   152  175s
 443713 150455 46373.7081   46  360 45575.8233 46619.5878  2.29%   152  181s
 457431 153462 45751.8756   41  327 45575.8233 46606.2106  2.26%   151  185s
 472292 156407     cutoff   48      45575.8233 46591.9109  2.23%   151  190s
 488603 159465     cutoff   42      45575.8233 46576.2898  2.20%   150  195s
 504833 162565     cutoff   38      45575.8233 46562.7320  2.17%   150  200s
 522783 165773     cutoff   44      45575.8233 46547.6693  2.13%   150  205s
 536772 168008     cutoff   32      45575.8233 46536.6975  2.11%   149  210s
 553947 170809 46124.3859   41  354 45575.8233 46522.5972  2.08%   149  215s
 568201 173084 45784.0708   39  373 45575.8233 46511.4309  2.05%   148  220s
 581455 175137 46140.5416   30  349 45575.8233 46502.1669  2.03%   148  225s
 597028 177731 46007.7934   44  353 45575.8233 46491.5050  2.01%   148  230s
 614764 180270 45778.1545   31  342 45575.8233 46478.9359  1.98%   147  235s
 630008 182317 45818.3879   36  331 45575.8233 46468.3706  1.96%   147  240s
 647419 184772     cutoff   36      45575.8233 46456.8979  1.93%   147  245s
 662007 186558 45911.2358   34  328 45575.8233 46448.3818  1.91%   146  250s
 677418 188657     cutoff   46      45575.8233 46438.1930  1.89%   146  255s
 693151 190880     cutoff   40      45575.8233 46428.0709  1.87%   146  260s
 706923 192676     cutoff   58      45575.8233 46420.5719  1.85%   145  265s
 722235 194388 45754.7970   37  337 45575.8233 46411.5317  1.83%   145  270s
 741228 196435 45816.1753   30  323 45575.8233 46400.4464  1.81%   145  275s
 756463 198061 45774.9737   41  283 45575.8233 46391.1603  1.79%   144  280s
 775875 199959 45991.4779   34  330 45575.8233 46381.2550  1.77%   144  285s
 792337 201685 46052.1404   37  341 45575.8233 46372.2116  1.75%   144  290s
 807879 203246     cutoff   35      45575.8233 46363.7565  1.73%   144  295s
 823246 204560 45880.1539   35  292 45575.8233 46355.9687  1.71%   143  300s
 840169 205998     cutoff   27      45575.8233 46347.1723  1.69%   143  305s
 855738 207432 45693.9331   47  351 45575.8233 46339.1298  1.67%   143  310s
 872959 208853 45933.3907   43  323 45575.8233 46330.7142  1.66%   142  315s
 889870 210212 45596.3214   41  325 45575.8233 46322.4427  1.64%   142  320s
 904207 211209 45846.8546   49  336 45575.8233 46315.7156  1.62%   142  325s
 922040 212461     cutoff   28      45575.8233 46307.9217  1.61%   142  330s
 939031 213666 46133.2951   32  372 45575.8233 46299.9894  1.59%   141  335s
 954906 214670 45792.3448   43  334 45575.8233 46292.8709  1.57%   141  341s
 970228 215567 45824.0930   38  328 45575.8233 46286.4903  1.56%   141  345s
 986603 216583 46011.2507   42  340 45575.8233 46279.4782  1.54%   141  350s
 1005023 217521 45908.6674   40  355 45575.8233 46271.3534  1.53%   140  355s
 1019047 218160 45726.7620   27  317 45575.8233 46265.1892  1.51%   140  360s
 1037537 218885     cutoff   32      45575.8233 46257.1590  1.49%   140  365s
 1052522 219456 45704.3368   36  327 45575.8233 46250.9344  1.48%   140  371s
 1066871 219904     cutoff   40      45575.8233 46244.9534  1.47%   139  375s
 1079630 220463 45795.5064   42  306 45575.8233 46239.7920  1.46%   139  380s
 1097824 220985     cutoff   33      45575.8233 46232.2259  1.44%   139  385s
 1116666 221421 45865.4291   35  322 45575.8233 46224.6614  1.42%   139  390s
 1131748 221750     cutoff   46      45575.8233 46218.8815  1.41%   138  395s
 1149600 222036     cutoff   45      45575.8233 46211.8541  1.40%   138  400s
 1163698 222201     cutoff   46      45575.8233 46206.2459  1.38%   138  405s
 1183034 222316     cutoff   43      45575.8233 46198.4756  1.37%   138  410s
 1199501 222533     cutoff   36      45575.8233 46192.3440  1.35%   138  415s
 1218588 222556 45855.1302   42  298 45575.8233 46185.1667  1.34%   137  420s
 1232975 222535 45608.9885   35  316 45575.8233 46179.6586  1.32%   137  425s
 1255238 222322 45648.1058   39  299 45575.8233 46171.9215  1.31%   137  430s
 1274051 222089 45689.5742   46  304 45575.8233 46165.2238  1.29%   137  435s
 1288499 221802     cutoff   35      45575.8233 46159.9673  1.28%   136  440s
 1307331 221345 45863.5960   36  299 45575.8233 46153.3146  1.27%   136  445s
 1323830 220831     cutoff   41      45575.8233 46147.2979  1.25%   136  450s
 1341246 220228     cutoff   32      45575.8233 46140.7181  1.24%   136  455s
 1360310 219530     cutoff   34      45575.8233 46133.9676  1.22%   135  460s
 1378322 218549 45579.5691   41  302 45575.8233 46127.6451  1.21%   135  465s
 1392947 217808     cutoff   35      45575.8233 46122.7399  1.20%   135  470s
 1410831 216908     cutoff   46      45575.8233 46116.3933  1.19%   135  475s
 1426838 216009     cutoff   40      45575.8233 46110.9480  1.17%   135  480s
 1446136 214774     cutoff   41      45575.8233 46103.9095  1.16%   134  485s
 1464470 213495 45609.4897   53  347 45575.8233 46097.4940  1.14%   134  490s
 1482472 212212 45634.4431   37  298 45575.8233 46090.9549  1.13%   134  495s
 1500425 210747 45641.6808   30  302 45575.8233 46084.6454  1.12%   134  500s
 1518510 209372     cutoff   39      45575.8233 46078.5317  1.10%   133  505s
 1536062 208002 45750.6957   50  357 45575.8233 46072.7151  1.09%   133  510s
 1553056 206120 45611.0701   32  327 45575.8233 46067.0481  1.08%   133  515s
 1571534 204276     cutoff   41      45575.8233 46060.8076  1.06%   133  520s
 1589950 202308 45750.0570   42  334 45575.8233 46054.3630  1.05%   133  526s
 1609071 200223     cutoff   42      45575.8233 46047.5862  1.04%   132  530s
 1627374 198171     cutoff   48      45575.8233 46041.7395  1.02%   132  535s
 1645537 196077     cutoff   51      45575.8233 46035.4128  1.01%   132  540s
 1667060 193508 45579.1714   32  317 45575.8233 46028.0197  0.99%   132  545s
 1684004 190955 45845.7920   38  286 45575.8233 46022.3564  0.98%   131  550s
 1705926 188064     cutoff   45      45575.8233 46014.8087  0.96%   131  555s
 1723328 185189     cutoff   45      45575.8233 46008.7845  0.95%   131  560s
 1745381 181650     cutoff   30      45575.8233 46001.0898  0.93%   131  565s
 1767073 177984 45671.5433   42  312 45575.8233 45993.4167  0.92%   131  570s
 1785123 174830 45639.5220   52  364 45575.8233 45987.2458  0.90%   130  575s
 1802024 171658 45761.2930   42  331 45575.8233 45980.9955  0.89%   130  580s
 1824161 167323 45620.5417   39  313 45575.8233 45972.9382  0.87%   130  585s
 1842397 163695 45637.7950   38  338 45575.8233 45966.3790  0.86%   130  590s
 1864130 159224     cutoff   40      45575.8233 45958.3888  0.84%   129  595s
 1885733 154589     cutoff   35      45575.8233 45950.4464  0.82%   129  600s
 1903873 150383 45725.7612   43  356 45575.8233 45943.5018  0.81%   129  605s
 1919286 146492 45714.8261   48  323 45575.8233 45937.4255  0.79%   129  610s
 1940340 141174 45600.3393   36  307 45575.8233 45929.0499  0.78%   128  615s
 1964722 134776     cutoff   48      45575.8233 45919.0863  0.75%   128  620s
 1984721 129098 45579.0001   34  351 45575.8233 45910.2645  0.73%   128  625s
 2005418 122916 45728.5860   48  352 45575.8233 45901.1051  0.71%   128  630s
 2026569 116135     cutoff   51      45575.8233 45891.1635  0.69%   127  635s
 2041967 110597     cutoff   34      45575.8233 45883.5149  0.68%   127  640s
 2066262 101731     cutoff   36      45575.8233 45870.3953  0.65%   127  645s
*2073559 99714              40    45577.451149 45867.6908  0.64%   127  646s
 2090509 91834 45646.2753   32  286 45577.4511 45856.7205  0.61%   127  651s
 2111190 83001 45732.9985   57  368 45577.4511 45843.7950  0.58%   126  655s
 2135743 71310     cutoff   46      45577.4511 45825.7926  0.54%   126  661s
 2156386 60918     cutoff   43      45577.4511 45808.6577  0.51%   126  665s
 2177446 49167     cutoff   48      45577.4511 45787.7807  0.46%   125  670s
 2204974 32894 45594.5728   31  327 45577.4511 45752.2491  0.38%   125  675s
 2235696 12856     cutoff   45      45577.4511 45682.1572  0.23%   124  680s

Cutting planes:
  Clique: 12
  Flow cover: 23
  RLT: 2
  BQP: 1

Explored 2254292 nodes (277901992 simplex iterations) in 681.45 seconds (1489.17 work units)
Thread count was 24 (of 24 available processors)

Solution count 10: 45577.5 45575.8 45524.3 ... 44605.7

Optimal solution found (tolerance 1.00e-04)
Best objective 4.557745114944e+04, best bound 4.557745114944e+04, gap 0.0000%

User-callback calls 4536952, time in user-callback 2.30 sec
