
Gurobi 11.0.3 (linux64) logging started Tue Nov 25 19:37:55 2025

Set parameter LogFile to value "./log/train/CA_750_1100_0.7/CA_40.lp.log"
Set parameter TimeLimit to value 3600
Gurobi Optimizer version 11.0.3 build v11.0.3rc0 (linux64 - "Ubuntu 22.04.5 LTS")

CPU model: AMD Ryzen 9 9900X 12-Core Processor, instruction set [SSE2|AVX|AVX2|AVX512]
Thread count: 12 physical cores, 24 logical processors, using up to 24 threads

Optimize a model with 1168 rows, 750 columns and 4187 nonzeros
Model fingerprint: 0xca393b49
Variable types: 0 continuous, 750 integer (750 binary)
Coefficient statistics:
  Matrix range     [1e+00, 1e+00]
  Objective range  [1e+00, 1e+03]
  Bounds range     [1e+00, 1e+00]
  RHS range        [1e+00, 1e+00]
Found heuristic solution: objective 32941.646852
Presolve removed 230 rows and 83 columns
Presolve time: 0.01s
Presolved: 938 rows, 667 columns, 3942 nonzeros
Found heuristic solution: objective 39422.268125
Variable types: 0 continuous, 667 integer (667 binary)
Found heuristic solution: objective 39789.413678

Root relaxation: objective 5.148953e+04, 2202 iterations, 0.09 seconds (0.19 work units)

    Nodes    |    Current Node    |     Objective Bounds      |     Work
 Expl Unexpl |  Obj  Depth IntInf | Incumbent    BestBd   Gap | It/Node Time

     0     0 51489.5278    0  443 39789.4137 51489.5278  29.4%     -    0s
H    0     0                    41782.087939 51489.5278  23.2%     -    0s
H    0     0                    42911.063798 51489.5278  20.0%     -    0s
H    0     0                    42970.103218 51489.5278  19.8%     -    0s
H    0     0                    43220.191228 51485.8201  19.1%     -    0s
H    0     0                    43416.736413 51485.8201  18.6%     -    0s
     0     0 51382.9149    0  453 43416.7364 51382.9149  18.3%     -    0s
     0     0 51302.4189    0  448 43416.7364 51302.4189  18.2%     -    0s
H    0     0                    43519.174150 51302.4189  17.9%     -    0s
     0     0 51302.4189    0  447 43519.1741 51302.4189  17.9%     -    0s
     0     0 51220.3583    0  451 43519.1741 51220.3583  17.7%     -    0s
     0     0 51220.3583    0  451 43519.1741 51220.3583  17.7%     -    0s
     0     2 51220.3583    0  451 43519.1741 51220.3583  17.7%     -    0s
H   27    40                    43601.366578 50948.5008  16.9%   507    0s
H   29    40                    43840.216302 50947.9723  16.2%   498    0s
H   62    64                    44505.079671 50947.9723  14.5%   416    0s
H   70    77                    44726.982260 50947.9723  13.9%   412    0s
H   78    90                    44728.214458 50947.9723  13.9%   403    0s
H   80    90                    44847.394244 50947.9723  13.6%   402    0s
H   84    90                    45052.694712 50947.9723  13.1%   402    0s
H  102   116                    45264.267518 50947.9723  12.6%   378    0s
H  103   116                    45286.489942 50947.9723  12.5%   383    0s
H  105   116                    45326.576655 50947.9723  12.4%   380    0s
H  116   129                    45576.992431 50947.9723  11.8%   373    0s
H  146   168                    45619.513095 50947.9723  11.7%   347    1s
H  215   220                    45630.581936 50947.9723  11.7%   297    1s
H  280   272                    46002.357252 50947.9723  10.8%   261    1s
*  282   272              25    46049.368105 50947.9723  10.6%   259    1s
H  427   346                    46059.307153 50617.0451  9.90%   238    1s
H  429   346                    46415.143702 50617.0451  9.05%   238    1s
H  437   358                    46419.443508 50617.0451  9.04%   237    2s
  2490  1517 47507.5885   18  451 46419.4435 49731.2588  7.13%   206    5s
  5882  2899 48602.9228   29  407 46419.4435 49731.2588  7.13%   212   10s
 13636  7086 47214.6412   30  370 46419.4435 49193.9571  5.98%   193   15s
 24003 13576 47047.3974   33  353 46419.4435 48906.9852  5.36%   184   20s
 34989 19278 48232.3442   28  360 46419.4435 48741.7189  5.00%   179   25s
 47101 25996 46456.1195   38  347 46419.4435 48594.9359  4.69%   177   30s
 50908 27116 48087.2682   24  386 46419.4435 48560.5427  4.61%   176   39s
 51223 32118 47970.4118   25  385 46419.4435 48560.1035  4.61%   176   43s
 66018 35754 46572.2908   37  332 46419.4435 48445.8620  4.37%   174   46s
 76409 39838 46454.4072   39  314 46419.4435 48389.9279  4.24%   173   50s
 91267 46535 46775.2920   41  306 46419.4435 48304.7966  4.06%   173   55s
 104238 51970     cutoff   31      46419.4435 48253.4063  3.95%   172   60s
 115778 56934 46929.6479   31  305 46419.4435 48206.7290  3.85%   171   65s
 128634 62297 47311.2557   38  352 46419.4435 48155.4648  3.74%   170   70s
 141213 67218 47050.9953   40  335 46419.4435 48115.6635  3.65%   169   75s
 153060 72115 46832.1452   29  337 46419.4435 48077.4731  3.57%   168   80s
 168236 77141 46465.3723   40  265 46419.4435 48037.2114  3.49%   167   85s
 180596 81768 47422.9838   39  352 46419.4435 48001.4284  3.41%   166   90s
 195785 87628 46483.3905   39  272 46419.4435 47962.1389  3.32%   165   95s
 205770 90364     cutoff   37      46419.4435 47938.9880  3.27%   164  100s
H205800 85550                    46626.946289 47938.9880  2.81%   164  100s
 205810 91724     cutoff   36      46626.9463 47938.8866  2.81%   164  106s
 236644 93941 47455.6232   36  373 46626.9463 47881.4839  2.69%   162  110s
H241675 93015                    46676.914818 47870.6599  2.56%   162  112s
 247392 94210 47152.6840   35  367 46676.9148 47857.2665  2.53%   162  115s
 260761 97052 46862.3643   33  321 46676.9148 47831.1871  2.47%   161  120s
 278497 100819 46885.3118   42  300 46676.9148 47797.0786  2.40%   160  125s
 289866 103235 46729.0565   44  330 46676.9148 47774.9883  2.35%   160  130s
 302695 105497 46853.9052   47  317 46676.9148 47753.0030  2.31%   159  135s
 318911 107975     cutoff   34      46676.9148 47728.7152  2.25%   159  140s
 334542 110684 47421.6509   36  317 46676.9148 47703.1986  2.20%   158  145s
 347897 112693 47177.4680   26  336 46676.9148 47685.1860  2.16%   157  150s
 363567 115050 47055.3108   32  326 46676.9148 47662.9927  2.11%   157  155s
 379982 117058 47246.8851   27  335 46676.9148 47642.1058  2.07%   156  160s
 393579 118936 46748.3748   33  310 46676.9148 47625.4923  2.03%   156  165s
 407204 120377 46948.4991   32  355 46676.9148 47608.8792  2.00%   155  170s
 422532 122000 47294.5649   32  363 46676.9148 47591.8812  1.96%   155  175s
 438618 123819 46825.6176   32  292 46676.9148 47573.6249  1.92%   154  180s
 452817 125336     cutoff   37      46676.9148 47557.5787  1.89%   154  185s
 469540 126802 47071.8839   29  327 46676.9148 47540.6732  1.85%   153  190s
 484206 127871 46727.9650   33  307 46676.9148 47526.0163  1.82%   153  195s
 498921 128879     cutoff   33      46676.9148 47512.7506  1.79%   152  200s
 516054 129881 46968.3483   38  323 46676.9148 47496.1342  1.76%   152  205s
 530861 130550 46714.2901   34  335 46676.9148 47483.2177  1.73%   151  210s
 546269 131287 46945.3479   34  330 46676.9148 47469.9130  1.70%   151  215s
 559370 131781 47308.6056   22  317 46676.9148 47457.9932  1.67%   150  220s
 578567 132487 46827.6256   32  306 46676.9148 47442.2917  1.64%   150  225s
 593107 132961     cutoff   38      46676.9148 47429.7461  1.61%   150  230s
 611740 133317 47249.4887   44  381 46676.9148 47415.2487  1.58%   149  235s
 626362 133418     cutoff   41      46676.9148 47403.1197  1.56%   149  240s
 641906 133510 46725.2503   25  277 46676.9148 47390.8659  1.53%   148  245s
 659940 133434 46953.6726   32  345 46676.9148 47376.4186  1.50%   148  250s
 671208 133388 46743.5191   51  325 46676.9148 47367.8978  1.48%   148  255s
 687851 133180     cutoff   35      46676.9148 47355.7484  1.45%   147  260s
 704142 132866 46914.4780   29  307 46676.9148 47343.8877  1.43%   147  265s
 722024 132288 46774.3980   41  347 46676.9148 47330.8684  1.40%   146  270s
 738406 131589 46677.4855   41  340 46676.9148 47318.7510  1.38%   146  275s
 754596 130822 46926.3770   34  333 46676.9148 47307.0601  1.35%   146  280s
 770921 129954     cutoff   36      46676.9148 47295.6829  1.33%   145  285s
 787532 129046     cutoff   45      46676.9148 47284.3181  1.30%   145  290s
 804015 127899 46794.9400   33  340 46676.9148 47273.2743  1.28%   145  295s
 821982 126561     cutoff   34      46676.9148 47260.7963  1.25%   144  300s
 835860 125375 46725.0692   39  341 46676.9148 47251.0669  1.23%   144  305s
 856316 123441 46957.2137   33  297 46676.9148 47236.9689  1.20%   144  310s
 873468 121580     cutoff   36      46676.9148 47224.8207  1.17%   143  316s
 887084 120038 46868.3883   39  338 46676.9148 47215.2117  1.15%   143  320s
 904203 118041 46742.2249   29  277 46676.9148 47203.9554  1.13%   143  325s
 922225 115596     cutoff   37      46676.9148 47191.3498  1.10%   142  330s
 940383 113390     cutoff   45      46676.9148 47178.6526  1.07%   142  335s
 956872 110454     cutoff   40      46676.9148 47167.3499  1.05%   142  340s
 975304 107308     cutoff   29      46676.9148 47153.9816  1.02%   141  345s
 993362 104042 46958.0329   37  307 46676.9148 47140.8556  0.99%   141  350s
 1011441 100441     cutoff   31      46676.9148 47127.7853  0.97%   141  355s
 1029587 96716     cutoff   38      46676.9148 47113.9702  0.94%   140  360s
 1047673 92683 47019.1830   30  323 46676.9148 47100.2294  0.91%   140  365s
 1065762 88299 46703.6209   37  296 46676.9148 47086.4945  0.88%   140  370s
 1076673 85362     cutoff   38      46676.9148 47078.6619  0.86%   139  375s
 1097635 79762 46950.8526   31  335 46676.9148 47060.2150  0.82%   139  380s
 1117229 73574     cutoff   51      46676.9148 47041.4271  0.78%   139  385s
 1132741 68281     cutoff   28      46676.9148 47025.9132  0.75%   138  390s
 1151689 61178 46890.3613   35  317 46676.9148 47005.3098  0.70%   138  395s
 1170581 53492 46728.5772   35  286 46676.9148 46981.5919  0.65%   138  400s
 1192653 43127     cutoff   33      46676.9148 46948.4038  0.58%   137  405s
 1210558 33308     cutoff   42      46676.9148 46913.3055  0.51%   137  410s
 1228372 22051     cutoff   35      46676.9148 46863.9371  0.40%   136  415s

Cutting planes:
  Gomory: 1
  Clique: 25
  Flow cover: 19
  Zero half: 2
  RLT: 3
  BQP: 1

Explored 1259339 nodes (168941252 simplex iterations) in 419.19 seconds (928.33 work units)
Thread count was 24 (of 24 available processors)

Solution count 10: 46676.9 46626.9 46419.4 ... 45577

Optimal solution found (tolerance 1.00e-04)
Best objective 4.667691481761e+04, best bound 4.667691481761e+04, gap 0.0000%

User-callback calls 2537954, time in user-callback 1.36 sec
