
Gurobi 11.0.3 (linux64) logging started Tue Nov 25 20:09:31 2025

Set parameter LogFile to value "./log/train/CA_750_1100_0.7/CA_44.lp.log"
Set parameter TimeLimit to value 3600
Gurobi Optimizer version 11.0.3 build v11.0.3rc0 (linux64 - "Ubuntu 22.04.5 LTS")

CPU model: AMD Ryzen 9 9900X 12-Core Processor, instruction set [SSE2|AVX|AVX2|AVX512]
Thread count: 12 physical cores, 24 logical processors, using up to 24 threads

Optimize a model with 1171 rows, 750 columns and 4185 nonzeros
Model fingerprint: 0x74385174
Variable types: 0 continuous, 750 integer (750 binary)
Coefficient statistics:
  Matrix range     [1e+00, 1e+00]
  Objective range  [6e-01, 2e+03]
  Bounds range     [1e+00, 1e+00]
  RHS range        [1e+00, 1e+00]
Found heuristic solution: objective 31705.415551
Presolve removed 232 rows and 86 columns
Presolve time: 0.01s
Presolved: 939 rows, 664 columns, 3933 nonzeros
Found heuristic solution: objective 38931.145673
Variable types: 0 continuous, 664 integer (664 binary)
Found heuristic solution: objective 40075.332694

Root relaxation: objective 5.230103e+04, 2353 iterations, 0.09 seconds (0.20 work units)

    Nodes    |    Current Node    |     Objective Bounds      |     Work
 Expl Unexpl |  Obj  Depth IntInf | Incumbent    BestBd   Gap | It/Node Time

     0     0 52301.0253    0  448 40075.3327 52301.0253  30.5%     -    0s
H    0     0                    43373.345662 52301.0253  20.6%     -    0s
H    0     0                    43971.680714 52301.0253  18.9%     -    0s
H    0     0                    44043.018272 52301.0253  18.7%     -    0s
H    0     0                    44230.737956 52290.2949  18.2%     -    0s
     0     0 52164.2951    0  456 44230.7380 52164.2951  17.9%     -    0s
     0     0 52135.5994    0  456 44230.7380 52135.5994  17.9%     -    0s
H    0     0                    44304.604329 52135.5994  17.7%     -    0s
     0     0 52135.5994    0  453 44304.6043 52135.5994  17.7%     -    0s
     0     0 51881.1369    0  453 44304.6043 51881.1369  17.1%     -    0s
     0     0 51881.1369    0  455 44304.6043 51881.1369  17.1%     -    0s
     0     0 51476.1134    0  466 44304.6043 51476.1134  16.2%     -    0s
     0     0 51476.1134    0  466 44304.6043 51476.1134  16.2%     -    0s
H    0     0                    44338.849893 51476.1134  16.1%     -    0s
     0     2 51476.1134    0  466 44338.8499 51476.1134  16.1%     -    0s
H   27    40                    44377.760561 51476.1134  16.0%   542    0s
H   31    40                    44397.812581 51476.1134  15.9%   513    0s
H   75    88                    44474.931580 51476.1134  15.7%   392    1s
H   76    88                    44898.604594 51476.1134  14.6%   396    1s
H  123   136                    45247.538542 51476.1134  13.8%   344    1s
H  125   136                    45251.032034 51476.1134  13.8%   343    1s
H  127   136                    45397.945080 51476.1134  13.4%   341    1s
H  129   136                    45857.575349 51476.1134  12.3%   337    1s
H  130   136                    46041.540648 51476.1134  11.8%   339    1s
H  181   192                    46291.224195 51476.1134  11.2%   300    1s
H  183   192                    46340.156812 51476.1134  11.1%   299    1s
H  185   192                    46386.148100 51476.1134  11.0%   297    1s
H  190   192                    46492.901982 51476.1134  10.7%   293    1s
H 1233   791                    46602.951811 50430.1599  8.21%   220    3s
  2575  1473 48274.0661   21  466 46602.9518 49894.7416  7.06%   195    5s
* 3495  1923              34    46647.759907 49894.7416  6.96%   217    7s
  6281  2966 48471.8021   37  387 46647.7599 49894.7416  6.96%   203   10s
* 7148  3295              54    46698.069342 49894.7416  6.85%   200   10s
 15035  8300 46991.2262   43  301 46698.0693 49456.3477  5.91%   189   15s
H20793  9917                    46980.340586 49335.8828  5.01%   184   17s
H22580  9938                    47169.845367 49236.7740  4.38%   182   19s
 23665 10228 47868.4131   30  328 47169.8454 49200.3910  4.30%   182   20s
 34544 14053 47351.0989   31  300 47169.8454 48965.2042  3.81%   178   25s
 45384 17373 47942.4634   29  328 47169.8454 48790.3085  3.44%   173   30s
 50903 18766 47312.2938   36  326 47169.8454 48726.3297  3.30%   172   39s
 55594 19679 48068.9780   29  355 47169.8454 48679.8396  3.20%   170   40s
 66824 22377 48013.7636   27  304 47169.8454 48565.1606  2.96%   169   45s
 82134 25158     cutoff   31      47169.8454 48447.8399  2.71%   166   50s
 94146 26888 47172.6914   40  299 47169.8454 48366.5171  2.54%   164   55s
 107016 28401 47267.1679   23  315 47169.8454 48294.9516  2.39%   162   60s
 122084 29844 47191.6343   44  288 47169.8454 48218.4776  2.22%   160   65s
 135258 30768 47672.5078   40  350 47169.8454 48160.7540  2.10%   158   70s
 151119 31488 47561.6913   30  314 47169.8454 48094.5326  1.96%   157   75s
 164833 31800 47241.6791   35  354 47169.8454 48042.2358  1.85%   155   80s
 182573 31618 47192.6832   34  305 47169.8454 47979.3979  1.72%   154   85s
 197785 31126 47175.7371   33  296 47169.8454 47924.8778  1.60%   152   90s
 213181 30283     cutoff   43      47169.8454 47874.2820  1.49%   151   95s
 227003 28817 47393.3573   38  353 47169.8454 47829.8972  1.40%   150  100s
 245254 26449 47494.2312   41  354 47169.8454 47772.2317  1.28%   148  105s
 259796 23983 47354.5382   29  330 47169.8454 47725.0460  1.18%   147  110s
 275944 20482 47224.5664   42  341 47169.8454 47667.5624  1.06%   146  115s
 294092 15241     cutoff   38      47169.8454 47594.0284  0.90%   145  120s
 310191  8410     cutoff   39      47169.8454 47500.1965  0.70%   143  125s

Cutting planes:
  Clique: 11
  Flow cover: 17
  RLT: 1
  BQP: 1

Explored 325539 nodes (45641747 simplex iterations) in 127.48 seconds (270.16 work units)
Thread count was 24 (of 24 available processors)

Solution count 10: 47169.8 46980.3 46698.1 ... 46041.5

Optimal solution found (tolerance 1.00e-04)
Best objective 4.716984536684e+04, best bound 4.716984536684e+04, gap 0.0000%

User-callback calls 659670, time in user-callback 0.38 sec
