
Gurobi 11.0.3 (linux64) logging started Tue Nov 25 21:23:09 2025

Set parameter LogFile to value "./log/train/CA_750_1100_0.7/CA_57.lp.log"
Set parameter TimeLimit to value 3600
Gurobi Optimizer version 11.0.3 build v11.0.3rc0 (linux64 - "Ubuntu 22.04.5 LTS")

CPU model: AMD Ryzen 9 9900X 12-Core Processor, instruction set [SSE2|AVX|AVX2|AVX512]
Thread count: 12 physical cores, 24 logical processors, using up to 24 threads

Optimize a model with 1180 rows, 750 columns and 4452 nonzeros
Model fingerprint: 0x4e71490d
Variable types: 0 continuous, 750 integer (750 binary)
Coefficient statistics:
  Matrix range     [1e+00, 1e+00]
  Objective range  [4e+00, 1e+03]
  Bounds range     [1e+00, 1e+00]
  RHS range        [1e+00, 1e+00]
Found heuristic solution: objective 35277.586618
Presolve removed 190 rows and 72 columns
Presolve time: 0.01s
Presolved: 990 rows, 678 columns, 4274 nonzeros
Found heuristic solution: objective 40451.495483
Variable types: 0 continuous, 678 integer (678 binary)
Found heuristic solution: objective 41497.933158

Root relaxation: objective 5.305608e+04, 2668 iterations, 0.12 seconds (0.27 work units)

    Nodes    |    Current Node    |     Objective Bounds      |     Work
 Expl Unexpl |  Obj  Depth IntInf | Incumbent    BestBd   Gap | It/Node Time

     0     0 53056.0805    0  454 41497.9332 53056.0805  27.9%     -    0s
     0     0 52888.9950    0  462 41497.9332 52888.9950  27.4%     -    0s
     0     0 52888.5184    0  457 41497.9332 52888.5184  27.4%     -    0s
     0     0 52888.5184    0  458 41497.9332 52888.5184  27.4%     -    0s
     0     0 52602.8214    0  461 41497.9332 52602.8214  26.8%     -    0s
     0     0 52602.8214    0  461 41497.9332 52602.8214  26.8%     -    0s
H    0     0                    42071.992038 52602.8214  25.0%     -    0s
     0     2 52602.8214    0  461 42071.9920 52602.8214  25.0%     -    0s
H   27    40                    42795.588874 52391.0116  22.4%   537    0s
H   54    64                    44473.203554 52371.2788  17.8%   435    0s
H   75    89                    44648.568431 52371.2788  17.3%   414    1s
H   79    89                    44860.993075 52371.2788  16.7%   410    1s
H  116   128                    44974.619055 52371.2788  16.4%   389    1s
H  123   128                    45122.797514 52371.2788  16.1%   380    1s
H  166   179                    45550.808496 52371.2788  15.0%   354    1s
H  168   179                    45684.662784 52371.2788  14.6%   356    1s
H  177   179                    45935.123603 52371.2788  14.0%   352    1s
H 1204   955                    45986.819313 51924.3531  12.9%   240    2s
  2351  1707 48018.4762   19  454 45986.8193 51466.3891  11.9%   227    5s
  4461  3048 50162.1345   48  420 45986.8193 51466.3891  11.9%   264   10s
 11036  7458 46523.7733   52  326 45986.8193 51114.5618  11.2%   230   15s
 16970 11927 50479.8184   27  404 45986.8193 50756.4873  10.4%   223   20s
 25890 19002 48386.3458   51  367 45986.8193 50537.4377  9.90%   215   25s
*33607 21659              47    46461.713186 50379.2902  8.43%   207   28s
 34072 21575     cutoff   63      46461.7132 50373.1378  8.42%   206   32s
H34076 16414                    47174.936805 50373.1378  6.78%   206   32s
H35287 17764                    47198.578964 50344.0582  6.66%   207   34s
 36493 18518 48200.6120   41  352 47198.5790 50315.3607  6.60%   206   35s
 47138 25063 49404.3036   34  385 47198.5790 50146.0989  6.24%   203   40s
 50878 27646 47860.5308   48  342 47198.5790 50090.0241  6.13%   202   50s
 59816 32529 48933.5098   27  345 47198.5790 49989.8058  5.91%   201   55s
 69491 37819 49520.0893   32  361 47198.5790 49884.8081  5.69%   200   60s
 82250 43637 48170.7321   55  384 47198.5790 49776.6331  5.46%   199   65s
 91032 48191 47387.3403   38  375 47198.5790 49724.5507  5.35%   199   70s
 101021 53057 48281.4016   44  369 47198.5790 49668.1722  5.23%   199   75s
 113466 58886 47572.4226   53  363 47198.5790 49607.8740  5.10%   200   80s
 123304 63687 47383.2364   39  323 47198.5790 49564.2162  5.01%   199   85s
 136134 69719 47651.3364   43  339 47198.5790 49506.6800  4.89%   198   90s
 145898 73965 49286.1812   38  370 47198.5790 49466.8301  4.81%   197   95s
 158870 79305 48054.3599   33  350 47198.5790 49422.6318  4.71%   196  100s
 168127 83653 48600.7862   29  340 47198.5790 49388.6546  4.64%   195  105s
 180881 88936 48504.4721   30  347 47198.5790 49345.4439  4.55%   194  110s
 191175 93647 48387.7161   32  346 47198.5790 49316.0105  4.49%   194  115s
 202887 98486 47230.3195   38  325 47198.5790 49286.9954  4.42%   193  121s
 213658 102748 47452.4850   39  349 47198.5790 49261.1177  4.37%   192  125s
 223477 106789     cutoff   56      47198.5790 49237.5718  4.32%   192  130s
 235831 112237 47763.0098   46  372 47198.5790 49207.3869  4.26%   192  136s
 246236 116286 47397.8854   30  317 47198.5790 49185.1245  4.21%   191  140s
 258700 121214 47781.9566   36  351 47198.5790 49158.5000  4.15%   191  145s
 261440 130518 47683.0109   38  328 47198.5790 49153.5856  4.14%   191  156s
 293468 134081 48231.0864   40  354 47198.5790 49098.8180  4.03%   190  160s
 303658 137642 47837.4747   41  361 47198.5790 49082.6599  3.99%   189  165s
 315759 142395     cutoff   43      47198.5790 49062.2070  3.95%   189  170s
 328080 146259     cutoff   39      47198.5790 49041.8099  3.91%   188  175s
 338665 149943     cutoff   35      47198.5790 49024.3844  3.87%   188  180s
 351951 154363     cutoff   45      47198.5790 49005.2082  3.83%   187  185s
 364243 158496 48519.8947   35  346 47198.5790 48987.2295  3.79%   187  190s
 375134 162161 47775.7559   49  359 47198.5790 48970.7670  3.75%   187  195s
 387816 166615 47862.5238   53  383 47198.5790 48952.1787  3.72%   186  200s
 398393 170192 48189.7130   45  352 47198.5790 48939.0136  3.69%   186  205s
 411275 174591 47960.1232   35  334 47198.5790 48922.0605  3.65%   186  210s
 422028 178283     cutoff   39      47198.5790 48908.6489  3.62%   185  215s
 435227 182732 48089.8038   46  355 47198.5790 48892.0168  3.59%   185  220s
 444732 185793 47753.2368   40  354 47198.5790 48880.2362  3.56%   185  225s
 458354 189601 47464.5743   36  334 47198.5790 48864.7800  3.53%   184  230s
 471284 193722     cutoff   53      47198.5790 48850.8315  3.50%   184  235s
 480755 196187 48661.7577   31  335 47198.5790 48840.6440  3.48%   184  240s
 492197 199419     cutoff   34      47198.5790 48829.4763  3.46%   184  245s
 506087 203234 47199.1503   51  350 47198.5790 48815.8189  3.43%   183  250s
 516425 206494     cutoff   36      47198.5790 48804.1729  3.40%   183  255s
 530584 210288 47373.1248   33  312 47198.5790 48791.2889  3.37%   182  260s
 544061 213835 48238.7146   47  377 47198.5790 48778.3435  3.35%   182  265s
 555213 217186 47930.3575   38  354 47198.5790 48768.2342  3.33%   182  270s
 568020 220861 47271.7323   44  360 47198.5790 48756.6633  3.30%   182  275s
 579370 224095 47581.0946   40  339 47198.5790 48745.4229  3.28%   181  280s
 593501 227962 47743.4162   35  343 47198.5790 48733.4179  3.25%   181  285s
 604352 230847     cutoff   35      47198.5790 48722.9249  3.23%   181  290s
 615660 233150 48310.3012   37  335 47198.5790 48713.9251  3.21%   181  295s
 628182 237127 47538.7248   44  358 47198.5790 48703.1999  3.19%   180  301s
 639832 240129 47565.2578   45  358 47198.5790 48694.5664  3.17%   180  305s
 653854 243619 47583.8382   47  321 47198.5790 48682.3256  3.14%   180  310s
 665412 246556 47871.8520   45  354 47198.5790 48673.9137  3.13%   180  315s
 679696 250312     cutoff   41      47198.5790 48662.4433  3.10%   179  320s
 691474 253221     cutoff   43      47198.5790 48653.7990  3.08%   179  325s
 704686 256243 47373.9330   37  338 47198.5790 48644.3115  3.06%   179  331s
 716574 259339 47790.6059   39  338 47198.5790 48636.4091  3.05%   178  335s
 727975 261980 47752.7003   32  342 47198.5790 48628.4947  3.03%   178  340s
 742675 265232 47754.8462   36  314 47198.5790 48618.3951  3.01%   178  345s
 752310 267355     cutoff   32      47198.5790 48612.5579  3.00%   178  350s
 764129 269991 47539.6368   42  350 47198.5790 48604.3302  2.98%   178  355s
 778970 273161 47769.4785   32  304 47198.5790 48594.6569  2.96%   177  360s
 790245 275806 47403.3405   37  322 47198.5790 48586.6836  2.94%   177  365s
 805372 278770 47473.4562   35  352 47198.5790 48577.7507  2.92%   177  370s
 816856 281649 47466.5508   37  325 47198.5790 48570.3628  2.91%   177  375s
 830933 284240 47474.2737   49  335 47198.5790 48562.0988  2.89%   176  380s
 843119 286631     cutoff   41      47198.5790 48554.5261  2.87%   176  385s
 858220 289576 47555.0017   41  318 47198.5790 48545.5214  2.85%   176  390s
 869972 292159 47222.5658   52  349 47198.5790 48538.7220  2.84%   176  395s
 885194 295145 47990.7151   46  379 47198.5790 48529.5823  2.82%   176  401s
 897305 297677 47822.8136   38  336 47198.5790 48522.7759  2.81%   175  405s
 909745 299920     cutoff   40      47198.5790 48515.7616  2.79%   175  410s
 916736 301337 47911.3695   44  345 47198.5790 48511.8531  2.78%   175  415s
 932719 304507 48025.2586   35  336 47198.5790 48502.9263  2.76%   175  420s
 944765 306588 47523.1872   47  324 47198.5790 48496.3627  2.75%   175  425s
 960243 309341 47234.8487   38  288 47198.5790 48488.0003  2.73%   174  430s
 971273 311469     cutoff   34      47198.5790 48481.9417  2.72%   174  435s
 981175 313336 47753.0612   34  320 47198.5790 48476.6567  2.71%   174  440s
 994388 315639     cutoff   38      47198.5790 48468.9002  2.69%   174  445s
 1007289 318059     cutoff   39      47198.5790 48462.0515  2.68%   174  450s
 1022863 320753     cutoff   36      47198.5790 48454.0111  2.66%   174  456s
 1035861 323070     cutoff   44      47198.5790 48447.3528  2.65%   173  461s
 1048281 325046 47855.6973   43  345 47198.5790 48440.9667  2.63%   173  465s
 1061351 327115 47247.0151   38  306 47198.5790 48434.4321  2.62%   173  470s
 1071709 328868     cutoff   37      47198.5790 48429.9079  2.61%   173  475s
 1085686 331035 47471.2134   41  322 47198.5790 48422.9201  2.59%   173  480s
 1101763 333173 47263.1259   57  371 47198.5790 48415.7593  2.58%   173  485s
 1114329 335469 47925.1735   52  369 47198.5790 48410.2086  2.57%   172  490s
 1126894 337637 47528.7158   35  328 47198.5790 48404.2544  2.55%   172  495s
 1140162 339643 47508.8117   39  326 47198.5790 48398.3154  2.54%   172  500s
 1153111 341647 48003.3566   35  354 47198.5790 48392.4437  2.53%   172  505s
 1166677 343545 47340.8296   38  306 47198.5790 48386.5718  2.52%   172  510s
 1182859 345733 47355.9908   58  365 47198.5790 48379.6298  2.50%   172  516s
 1193195 346786 47281.3057   44  328 47198.5790 48375.1117  2.49%   171  520s
 1205138 348780 47614.7260   51  358 47198.5790 48370.0175  2.48%   171  525s
 1219024 350550 47334.0805   41  313 47198.5790 48364.1296  2.47%   171  530s
 1235278 352602 47596.9593   35  330 47198.5790 48356.9814  2.45%   171  535s
 1247953 354403     cutoff   40      47198.5790 48351.2076  2.44%   171  540s
 1262321 356098 48106.3538   43  349 47198.5790 48345.4380  2.43%   171  545s
 1276292 357790 47301.2535   40  314 47198.5790 48339.5605  2.42%   170  550s
 1289617 359362 47306.6835   45  330 47198.5790 48334.3461  2.41%   170  555s
 1303811 361124 47224.2179   44  289 47198.5790 48328.7186  2.39%   170  560s
 1317384 362770     cutoff   43      47198.5790 48323.5936  2.38%   170  565s
 1325706 363857 47499.9537   47  359 47198.5790 48320.5104  2.38%   170  570s
 1341399 365786     cutoff   41      47198.5790 48313.5711  2.36%   170  575s
 1355900 367437 47450.6764   49  312 47198.5790 48308.0399  2.35%   169  580s
 1369868 368876 47627.3483   40  348 47198.5790 48302.6704  2.34%   169  585s
 1384397 370605     cutoff   42      47198.5790 48297.0840  2.33%   169  590s
 1397153 372117 47459.4709   29  344 47198.5790 48292.1165  2.32%   169  595s
 1412127 373698 48000.0423   37  312 47198.5790 48286.5545  2.31%   169  600s
 1426405 375326 47852.6490   39  329 47198.5790 48281.5053  2.29%   169  605s
 1441233 376740     cutoff   45      47198.5790 48276.1248  2.28%   169  610s
 1455414 378184 47350.7506   47  332 47198.5790 48270.9399  2.27%   168  616s
 1470195 379553 47825.3538   31  324 47198.5790 48265.8648  2.26%   168  621s
 1482468 380746 47508.2446   44  351 47198.5790 48261.3292  2.25%   168  626s
 1493846 381741 47696.3869   50  336 47198.5790 48257.3758  2.24%   168  630s
 1508057 383029 47409.7694   31  321 47198.5790 48252.1184  2.23%   168  635s
 1523130 384278     cutoff   41      47198.5790 48247.1515  2.22%   168  640s
 1538169 385323 47389.5741   40  346 47198.5790 48242.0450  2.21%   168  645s
 1552553 386699     cutoff   43      47198.5790 48236.9807  2.20%   167  650s
 1567838 387841     cutoff   53      47198.5790 48231.5315  2.19%   167  655s
 1582075 389136 47250.3625   41  316 47198.5790 48226.9645  2.18%   167  660s
 1596955 390439     cutoff   39      47198.5790 48221.9428  2.17%   167  665s
 1611413 391751 47308.0319   50  373 47198.5790 48217.1296  2.16%   167  671s
 1624706 392582 47684.2231   42  339 47198.5790 48212.5327  2.15%   167  676s
 1636461 393528 47288.8615   39  293 47198.5790 48208.4225  2.14%   167  680s
 1655188 394862 47214.8446   47  313 47198.5790 48202.5545  2.13%   166  686s
 1666534 395632 47595.2866   46  363 47198.5790 48198.8837  2.12%   166  690s
 1680813 396558 47577.6282   48  343 47198.5790 48194.2633  2.11%   166  695s
 1696022 397569     cutoff   44      47198.5790 48189.2367  2.10%   166  700s
 1711560 398539 47760.2371   52  364 47198.5790 48184.2332  2.09%   166  705s
 1726830 399245 47723.3749   33  300 47198.5790 48179.5932  2.08%   166  711s
 1735394 399899     cutoff   37      47198.5790 48176.8473  2.07%   166  715s
 1750754 400584 47283.7009   42  344 47198.5790 48172.1294  2.06%   165  720s
 1763968 401459     cutoff   34      47198.5790 48168.0362  2.05%   165  726s
 1775876 401956     cutoff   37      47198.5790 48164.1260  2.05%   165  730s
 1790319 402602 47506.4188   48  316 47198.5790 48159.3149  2.04%   165  735s
 1805430 403483     cutoff   37      47198.5790 48154.9307  2.03%   165  740s
 1819829 404172     cutoff   33      47198.5790 48150.4600  2.02%   165  745s
 1834873 404876 47358.5497   28  328 47198.5790 48146.0594  2.01%   165  750s
 1848752 405654     cutoff   36      47198.5790 48141.8230  2.00%   165  755s
 1863811 406311 47210.6867   49  350 47198.5790 48137.2871  1.99%   164  760s
 1878931 406842 47575.6894   39  350 47198.5790 48132.8592  1.98%   164  765s
 1893393 407363 47261.4370   53  322 47198.5790 48128.5077  1.97%   164  770s
 1906347 407861 47477.5977   39  322 47198.5790 48124.7921  1.96%   164  775s
 1920880 408295     cutoff   43      47198.5790 48120.3473  1.95%   164  780s
 1935925 408869 47264.2723   54  372 47198.5790 48115.8893  1.94%   164  785s
 1950343 409293 47270.3020   47  345 47198.5790 48111.7061  1.93%   164  790s
 1965364 409858 47322.4412   46  327 47198.5790 48107.3179  1.93%   164  795s
 1979669 410286 47751.8092   42  317 47198.5790 48103.3610  1.92%   163  800s
 1993360 410604     cutoff   37      47198.5790 48099.1410  1.91%   163  805s
 2008609 411023 47451.3038   33  305 47198.5790 48094.8865  1.90%   163  811s
 2023682 411208 47266.9339   40  323 47198.5790 48090.3651  1.89%   163  815s
 2038651 411497     cutoff   49      47198.5790 48086.3922  1.88%   163  820s
 2050660 411618 47276.6642   44  345 47198.5790 48083.3577  1.87%   163  825s
 2066583 411908 47280.6482   37  316 47198.5790 48078.5492  1.86%   163  830s
 2081047 412172     cutoff   38      47198.5790 48074.5573  1.86%   163  835s
 2096052 412269     cutoff   43      47198.5790 48070.1288  1.85%   163  840s
 2110490 412496     cutoff   41      47198.5790 48066.0640  1.84%   162  845s
 2125539 412520 47573.2888   37  328 47198.5790 48061.8122  1.83%   162  850s
 2139760 412617     cutoff   43      47198.5790 48057.7346  1.82%   162  855s
 2157798 412554 47225.1685   35  292 47198.5790 48052.7687  1.81%   162  861s
 2172713 412520 47762.6377   30  350 47198.5790 48048.4334  1.80%   162  865s
 2185764 412453 47199.6346   44  342 47198.5790 48044.7634  1.79%   162  870s
 2200251 412312     cutoff   34      47198.5790 48040.9000  1.78%   162  875s
 2214650 412257     cutoff   35      47198.5790 48036.9996  1.78%   162  880s
 2229628 412154     cutoff   54      47198.5790 48032.8842  1.77%   162  886s
 2244048 412003     cutoff   47      47198.5790 48028.8561  1.76%   161  890s
 2258418 411880 47202.9226   45  300 47198.5790 48025.0260  1.75%   161  895s
 2272735 411595     cutoff   55      47198.5790 48021.3163  1.74%   161  900s
 2287239 411272 47600.3767   36  327 47198.5790 48017.4971  1.74%   161  905s
 2302441 411012 47601.5869   34  280 47198.5790 48013.4688  1.73%   161  910s
 2313975 410827     cutoff   51      47198.5790 48010.7464  1.72%   161  915s
 2329857 410409     cutoff   47      47198.5790 48006.3663  1.71%   161  920s
 2345110 410142 47772.0775   37  322 47198.5790 48002.3494  1.70%   161  925s
 2363057 409782     cutoff   44      47198.5790 47997.8336  1.69%   161  931s
 2377448 409332     cutoff   44      47198.5790 47994.1977  1.69%   160  935s
 2391866 408960 47365.7284   47  333 47198.5790 47990.3876  1.68%   160  940s
 2406192 408515 47421.8663   39  336 47198.5790 47986.7861  1.67%   160  945s
 2421285 407914 47529.2191   48  348 47198.5790 47982.7874  1.66%   160  950s
 2433361 407499 47772.4626   45  347 47198.5790 47979.6709  1.65%   160  956s
 2443004 406998     cutoff   41      47198.5790 47977.3139  1.65%   160  960s
 2460573 406233     cutoff   39      47198.5790 47972.8180  1.64%   160  965s
 2475931 405532     cutoff   43      47198.5790 47968.7390  1.63%   160  970s
 2490644 404848 47738.3791   35  343 47198.5790 47964.9814  1.62%   160  975s
 2505037 404127 47332.0754   46  303 47198.5790 47961.1988  1.62%   160  980s
 2519480 403435     cutoff   48      47198.5790 47957.5698  1.61%   160  985s
 2537540 402478 47202.8608   40  324 47198.5790 47952.9670  1.60%   159  991s
 2551871 401620     cutoff   43      47198.5790 47949.1972  1.59%   159  995s
 2566309 400800 47303.0167   46  331 47198.5790 47945.6352  1.58%   159 1000s
 2581950 399802 47311.3458   54  347 47198.5790 47941.7575  1.57%   159 1006s
 2597493 398708 47455.4328   41  346 47198.5790 47937.4566  1.57%   159 1011s
 2612291 397640 47386.6279   49  322 47198.5790 47933.7295  1.56%   159 1015s
 2625618 396784 47270.3008   34  296 47198.5790 47930.3332  1.55%   159 1020s
 2640743 395698 47479.0755   36  306 47198.5790 47926.6181  1.54%   159 1025s
 2655274 394557 47282.3635   38  321 47198.5790 47922.9083  1.53%   159 1030s
 2673252 393230     cutoff   45      47198.5790 47918.1863  1.52%   159 1036s
 2687677 392142     cutoff   41      47198.5790 47914.5912  1.52%   158 1040s
 2702000 391146 47352.4286   39  316 47198.5790 47910.9832  1.51%   158 1045s
 2715048 389905 47570.3607   35  329 47198.5790 47907.6367  1.50%   158 1050s
 2733677 388317 47437.0451   44  338 47198.5790 47902.8748  1.49%   158 1056s
 2748130 387047 47637.3136   32  329 47198.5790 47899.0972  1.48%   158 1060s
 2762560 385757 47736.6047   37  335 47198.5790 47895.4540  1.48%   158 1065s
 2780472 384011     cutoff   49      47198.5790 47890.7469  1.47%   158 1071s
 2794050 382708 47273.5625   44  349 47198.5790 47887.5002  1.46%   158 1075s
 2808793 381293 47303.0155   47  345 47198.5790 47883.9779  1.45%   158 1080s
 2823329 379854     cutoff   47      47198.5790 47880.0793  1.44%   158 1085s
 2840185 378108 47258.3333   39  328 47198.5790 47875.8244  1.43%   158 1091s
 2855208 376618 47304.0433   53  363 47198.5790 47872.0491  1.43%   157 1095s
 2869744 375137 47480.4309   51  354 47198.5790 47868.5948  1.42%   157 1100s
 2884126 373439 47343.6727   40  308 47198.5790 47865.1040  1.41%   157 1105s
 2902147 371385 47314.6527   59  357 47198.5790 47860.2933  1.40%   157 1110s
 2916498 369763 47352.7544   41  329 47198.5790 47856.8205  1.39%   157 1115s
 2930993 368151 47242.5427   47  354 47198.5790 47853.0004  1.39%   157 1120s
 2947091 366395 47499.1951   45  342 47198.5790 47849.1325  1.38%   157 1125s
 2961559 364347 47396.0910   42  332 47198.5790 47845.3120  1.37%   157 1130s
 2976565 362517 47264.0907   36  323 47198.5790 47841.4109  1.36%   157 1135s
 2991021 360622     cutoff   40      47198.5790 47837.7285  1.35%   157 1140s
 3009081 358134     cutoff   48      47198.5790 47833.1471  1.34%   157 1146s
 3023469 356221     cutoff   38      47198.5790 47829.2399  1.34%   156 1150s
 3037861 354140     cutoff   42      47198.5790 47825.5425  1.33%   156 1155s
 3055848 351461     cutoff   43      47198.5790 47820.9510  1.32%   156 1161s
 3068263 349617     cutoff   38      47198.5790 47817.6330  1.31%   156 1165s
 3083541 347400 47350.7500   42  332 47198.5790 47813.8768  1.30%   156 1170s
 3098116 345210 47685.1976   39  332 47198.5790 47810.1219  1.30%   156 1175s
 3114881 342598 47395.2027   42  342 47198.5790 47805.7662  1.29%   156 1180s
 3126965 340698 47458.8812   44  336 47198.5790 47802.7710  1.28%   156 1185s
 3142367 338333     cutoff   52      47198.5790 47798.7062  1.27%   156 1190s
 3156836 335867     cutoff   41      47198.5790 47794.8731  1.26%   156 1195s
 3171223 333393     cutoff   35      47198.5790 47791.0923  1.26%   156 1200s
 3189202 330615     cutoff   43      47198.5790 47786.2857  1.25%   156 1205s
 3202470 327823     cutoff   41      47198.5790 47782.8059  1.24%   156 1210s
 3220943 324565 47273.7421   44  352 47198.5790 47777.9299  1.23%   155 1216s
 3235439 321834     cutoff   39      47198.5790 47773.9746  1.22%   155 1220s
 3249982 319041     cutoff   46      47198.5790 47770.0332  1.21%   155 1225s
 3267832 315527 47263.8170   43  343 47198.5790 47765.1180  1.20%   155 1230s
 3280919 312869 47350.2126   43  339 47198.5790 47761.5109  1.19%   155 1235s
 3296166 309861 47491.1967   43  320 47198.5790 47757.4630  1.18%   155 1240s
 3311152 306752 47220.9621   42  305 47198.5790 47753.4248  1.18%   155 1245s
 3324706 303841     cutoff   42      47198.5790 47749.4496  1.17%   155 1250s
 3343900 299783     cutoff   49      47198.5790 47744.1355  1.16%   155 1256s
 3358850 296608     cutoff   44      47198.5790 47739.9883  1.15%   155 1260s
 3373687 293344 47504.9404   33  347 47198.5790 47735.8583  1.14%   155 1265s
 3388248 289976     cutoff   47      47198.5790 47731.5711  1.13%   155 1270s
 3406568 285756     cutoff   36      47198.5790 47726.2867  1.12%   154 1275s
 3421236 282215     cutoff   40      47198.5790 47722.0167  1.11%   154 1280s
 3435820 278694     cutoff   32      47198.5790 47717.7299  1.10%   154 1285s
 3451369 274688     cutoff   52      47198.5790 47713.2832  1.09%   154 1291s
 3467921 270548     cutoff   37      47198.5790 47708.1578  1.08%   154 1296s
 3483671 266415 47421.7741   43  365 47198.5790 47703.3135  1.07%   154 1301s
 3495281 263352     cutoff   35      47198.5790 47699.8769  1.06%   154 1305s
 3511223 258975     cutoff   39      47198.5790 47694.7692  1.05%   154 1310s
 3531208 253417     cutoff   37      47198.5790 47688.5696  1.04%   154 1316s
 3547249 248960 47434.4475   39  341 47198.5790 47683.3877  1.03%   154 1321s
 3563162 244219     cutoff   47      47198.5790 47678.0753  1.02%   154 1325s
 3578949 239513     cutoff   48      47198.5790 47673.0183  1.01%   154 1330s
 3592468 235173     cutoff   35      47198.5790 47668.7193  1.00%   153 1335s
 3605919 230992 47277.1370   38  309 47198.5790 47663.6982  0.99%   153 1340s
 3622067 225823     cutoff   47      47198.5790 47658.2034  0.97%   153 1345s
 3640941 219758 47211.3054   40  284 47198.5790 47651.6661  0.96%   153 1350s
 3654442 215351 47289.0531   44  327 47198.5790 47646.8966  0.95%   153 1355s
 3672261 209130     cutoff   47      47198.5790 47640.4339  0.94%   153 1360s
 3690265 202747     cutoff   38      47198.5790 47633.7452  0.92%   153 1365s
 3708750 196106 47233.7360   47  336 47198.5790 47626.5518  0.91%   153 1371s
 3722741 191931 47208.5817   34  314 47198.5790 47621.2181  0.90%   153 1375s
 3735291 185846     cutoff   51      47198.5790 47616.2898  0.89%   153 1380s
 3756382 177700 47237.1427   42  324 47198.5790 47607.4537  0.87%   153 1386s
 3771659 171609     cutoff   47      47198.5790 47601.0817  0.85%   152 1390s
 3786885 165186     cutoff   33      47198.5790 47594.3420  0.84%   152 1395s
 3806042 156562     cutoff   42      47198.5790 47584.9082  0.82%   152 1401s
 3822651 149115     cutoff   38      47198.5790 47576.8349  0.80%   152 1405s
 3839831 141329 47218.5428   32  334 47198.5790 47568.2099  0.78%   152 1410s
 3857026 132841     cutoff   36      47198.5790 47558.9257  0.76%   152 1415s
 3872552 124957 47375.4040   38  317 47198.5790 47549.7883  0.74%   152 1420s
 3891462 115376     cutoff   41      47198.5790 47537.9433  0.72%   152 1425s
 3909316 105931     cutoff   42      47198.5790 47526.0601  0.69%   152 1430s
 3931742 93618     cutoff   42      47198.5790 47508.9652  0.66%   151 1436s
 3944428 86246     cutoff   34      47198.5790 47499.0191  0.64%   151 1440s
 3965912 73899     cutoff   47      47198.5790 47478.7962  0.59%   151 1445s
 3985033 62591     cutoff   37      47198.5790 47457.4407  0.55%   151 1450s
 4003066 51505     cutoff   42      47198.5790 47433.6505  0.50%   151 1455s
 4028565 36628     cutoff   51      47198.5790 47387.6237  0.40%   150 1460s
 4057337 17714     cutoff   40      47198.5790 47304.3016  0.22%   150 1465s

Cutting planes:
  Clique: 9
  Flow cover: 28
  Zero half: 1

Explored 4079335 nodes (607480680 simplex iterations) in 1467.02 seconds (3439.68 work units)
Thread count was 24 (of 24 available processors)

Solution count 10: 47198.6 47174.9 46461.7 ... 44861

Optimal solution found (tolerance 1.00e-04)
Best objective 4.719857896407e+04, best bound 4.720317576409e+04, gap 0.0097%

User-callback calls 8210827, time in user-callback 4.51 sec
