
Gurobi 11.0.3 (linux64) logging started Tue Nov 25 20:38:13 2025

Set parameter LogFile to value "./log/train/CA_750_1100_0.7/CA_5.lp.log"
Set parameter TimeLimit to value 3600
Gurobi Optimizer version 11.0.3 build v11.0.3rc0 (linux64 - "Ubuntu 22.04.5 LTS")

CPU model: AMD Ryzen 9 9900X 12-Core Processor, instruction set [SSE2|AVX|AVX2|AVX512]
Thread count: 12 physical cores, 24 logical processors, using up to 24 threads

Optimize a model with 1177 rows, 750 columns and 4376 nonzeros
Model fingerprint: 0xe29ea84d
Variable types: 0 continuous, 750 integer (750 binary)
Coefficient statistics:
  Matrix range     [1e+00, 1e+00]
  Objective range  [9e+00, 2e+03]
  Bounds range     [1e+00, 1e+00]
  RHS range        [1e+00, 1e+00]
Found heuristic solution: objective 31943.444020
Presolve removed 195 rows and 80 columns
Presolve time: 0.01s
Presolved: 982 rows, 670 columns, 4206 nonzeros
Found heuristic solution: objective 40903.406528
Variable types: 0 continuous, 670 integer (670 binary)
Found heuristic solution: objective 42211.541821

Root relaxation: objective 5.393873e+04, 2445 iterations, 0.10 seconds (0.23 work units)

    Nodes    |    Current Node    |     Objective Bounds      |     Work
 Expl Unexpl |  Obj  Depth IntInf | Incumbent    BestBd   Gap | It/Node Time

     0     0 53938.7257    0  468 42211.5418 53938.7257  27.8%     -    0s
H    0     0                    42402.102596 53938.7257  27.2%     -    0s
H    0     0                    42471.320611 53938.7257  27.0%     -    0s
     0     0 53638.4966    0  476 42471.3206 53638.4966  26.3%     -    0s
     0     0 53598.1559    0  484 42471.3206 53598.1559  26.2%     -    0s
H    0     0                    42922.124243 53598.1559  24.9%     -    0s
     0     0 53597.5211    0  488 42922.1242 53597.5211  24.9%     -    0s
     0     0 53120.6907    0  485 42922.1242 53120.6907  23.8%     -    0s
     0     0 53120.6907    0  485 42922.1242 53120.6907  23.8%     -    0s
     0     2 53120.6907    0  485 42922.1242 53120.6907  23.8%     -    0s
H   36    40                    43105.905595 52781.7987  22.4%   573    0s
H   54    64                    44679.464694 52781.7987  18.1%   480    0s
H   75    88                    44813.695528 52781.7987  17.8%   455    0s
H   76    88                    45603.435984 52781.7987  15.7%   452    0s
H  118   131                    45857.990922 52781.7987  15.1%   387    1s
H  120   131                    46040.874363 52781.7987  14.6%   385    1s
H  174   187                    46220.599907 52781.7987  14.2%   327    1s
H  178   187                    46628.354550 52781.7987  13.2%   327    1s
*  265   264              26    46788.753305 52781.7987  12.8%   263    1s
*  718   493              33    46814.576683 52630.1374  12.4%   215    2s
H 1736  1126                    47128.960474 51583.0149  9.45%   205    3s
H 2036  1126                    47396.212755 51583.0149  8.83%   201    3s
  2632  1454 48764.3087   17  485 47396.2128 51212.2072  8.05%   206    5s
H 2826  1520                    47421.931209 51212.2072  7.99%   220    6s
  5882  2724 47447.0925   42  338 47421.9312 51212.2072  7.99%   215   10s
 13433  7227 47877.7553   44  328 47421.9312 50536.7216  6.57%   190   15s
 22833 12361 47962.4679   33  315 47421.9312 50169.5992  5.79%   180   20s
 34006 18249 49047.0458   31  373 47421.9312 49920.3176  5.27%   173   25s
 46534 24090 48588.9162   46  387 47421.9312 49756.9434  4.92%   169   30s
 52130 26848 48148.5419   30  316 47421.9312 49694.8477  4.79%   167   38s
 55058 28165 47628.7774   36  298 47421.9312 49665.7961  4.73%   167   40s
 68153 33797 48330.7134   30  326 47421.9312 49544.5371  4.48%   165   45s
 81418 39412 48275.5297   30  304 47421.9312 49439.4300  4.25%   163   50s
 95332 45120 48626.8417   32  345 47421.9312 49346.1927  4.06%   162   55s
 108301 49902 48432.0886   33  341 47421.9312 49275.3734  3.91%   161   60s
 122889 55025 47519.8882   36  287 47421.9312 49199.3493  3.75%   159   65s
 138170 59929     cutoff   28      47421.9312 49132.3505  3.61%   158   70s
 152342 64515 48028.2011   31  329 47421.9312 49079.5227  3.50%   157   75s
 167467 69484 47438.1496   39  316 47421.9312 49024.2015  3.38%   155   80s
 182173 73924 47473.1954   37  303 47421.9312 48976.8632  3.28%   155   85s
H184769 74117                    47427.667686 48969.3871  3.25%   154   86s
H185761 73837                    47577.124622 48968.7052  2.92%   154   88s
 194685 74804 47830.9716   36  277 47577.1246 48937.9963  2.86%   154   90s
 211448 78040 47609.7823   38  334 47577.1246 48888.4833  2.76%   153   95s
 226724 80584 47625.1922   52  348 47577.1246 48842.7629  2.66%   152  100s
 236534 82868 48307.0870   28  317 47577.1246 48815.9451  2.60%   152  105s
 252123 85590 47851.7223   34  269 47577.1246 48777.2658  2.52%   151  110s
 270504 88507 47837.9330   40  339 47577.1246 48737.3103  2.44%   149  115s
 285545 90679 47601.8313   37  310 47577.1246 48705.1331  2.37%   149  120s
 300850 92712 47946.0818   51  364 47577.1246 48673.0769  2.30%   148  125s
 317540 94764     cutoff   34      47577.1246 48640.4878  2.24%   147  130s
 333022 96383     cutoff   39      47577.1246 48612.0035  2.18%   147  135s
 349237 97979     cutoff   40      47577.1246 48583.0008  2.11%   146  140s
 367817 99880     cutoff   41      47577.1246 48551.4459  2.05%   145  145s
 381757 100949 48228.0449   34  315 47577.1246 48529.5699  2.00%   145  150s
 397236 102013 47707.3274   48  341 47577.1246 48506.1178  1.95%   144  155s
 413304 102900     cutoff   44      47577.1246 48481.2336  1.90%   143  160s
 430219 103517     cutoff   34      47577.1246 48457.7316  1.85%   143  165s
 445698 104015     cutoff   32      47577.1246 48436.3096  1.81%   142  170s
 463029 104296 47588.7009   34  304 47577.1246 48413.5887  1.76%   142  175s
 478598 104409 47741.0875   38  297 47577.1246 48393.5474  1.72%   141  180s
 495616 104408 47629.1788   36  283 47577.1246 48372.1821  1.67%   141  185s
 513193 104261     cutoff   25      47577.1246 48350.9577  1.63%   140  190s
 530146 103826     cutoff   46      47577.1246 48331.2084  1.58%   140  195s
 550506 103251 47803.0686   31  299 47577.1246 48307.1088  1.53%   139  200s
 568119 102492     cutoff   40      47577.1246 48287.0994  1.49%   139  205s
 581606 101791 47958.1678   30  261 47577.1246 48272.9834  1.46%   138  210s
 599886 100555 48101.2560   33  331 47577.1246 48252.4017  1.42%   138  215s
 616864 99160 47801.5090   41  331 47577.1246 48234.1184  1.38%   137  220s
 635984 97482     cutoff   25      47577.1246 48214.5642  1.34%   137  225s
 654597 95682     cutoff   38      47577.1246 48195.0231  1.30%   136  230s
 673348 93759     cutoff   33      47577.1246 48175.7295  1.26%   136  235s
 687613 91709     cutoff   43      47577.1246 48161.0839  1.23%   135  240s
 707168 89108     cutoff   21      47577.1246 48141.4477  1.19%   135  245s
 723322 86738     cutoff   41      47577.1246 48125.6126  1.15%   135  250s
 740351 83951 47727.0412   50  367 47577.1246 48109.0092  1.12%   134  255s
 761282 80289     cutoff   34      47577.1246 48087.2324  1.07%   134  260s
 778033 76904     cutoff   34      47577.1246 48069.9814  1.04%   133  265s
 796566 72847     cutoff   43      47577.1246 48051.3990  1.00%   133  270s
 813176 68849     cutoff   40      47577.1246 48032.6588  0.96%   132  275s
 834809 63218 47740.4735   32  307 47577.1246 48008.2221  0.91%   132  280s
 855492 57126 47683.3670   51  321 47577.1246 47982.6090  0.85%   131  285s
 876399 50238     cutoff   31      47577.1246 47955.3628  0.80%   131  290s
 893485 44830 47636.2168   41  314 47577.1246 47930.2213  0.74%   130  295s
 915736 34531     cutoff   37      47577.1246 47890.9816  0.66%   130  300s
 938272 23215     cutoff   35      47577.1246 47838.7593  0.55%   129  305s
 967021  3641     cutoff   32      47577.1246 47692.0295  0.24%   127  310s

Cutting planes:
  Clique: 13
  Flow cover: 14
  Zero half: 1

Explored 974381 nodes (123287365 simplex iterations) in 310.62 seconds (660.96 work units)
Thread count was 24 (of 24 available processors)

Solution count 10: 47577.1 47427.7 47421.9 ... 46040.9

Optimal solution found (tolerance 1.00e-04)
Best objective 4.757712462185e+04, best bound 4.757712462185e+04, gap 0.0000%

User-callback calls 1965254, time in user-callback 1.06 sec
