
Gurobi 11.0.3 (linux64) logging started Tue Nov 25 21:20:41 2025

Set parameter LogFile to value "./log/train/CA_750_1100_0.7/CA_56.lp.log"
Set parameter TimeLimit to value 3600
Gurobi Optimizer version 11.0.3 build v11.0.3rc0 (linux64 - "Ubuntu 22.04.5 LTS")

CPU model: AMD Ryzen 9 9900X 12-Core Processor, instruction set [SSE2|AVX|AVX2|AVX512]
Thread count: 12 physical cores, 24 logical processors, using up to 24 threads

Optimize a model with 1182 rows, 750 columns and 4406 nonzeros
Model fingerprint: 0x90ca4aff
Variable types: 0 continuous, 750 integer (750 binary)
Coefficient statistics:
  Matrix range     [1e+00, 1e+00]
  Objective range  [7e+00, 1e+03]
  Bounds range     [1e+00, 1e+00]
  RHS range        [1e+00, 1e+00]
Found heuristic solution: objective 32674.268301
Presolve removed 207 rows and 78 columns
Presolve time: 0.01s
Presolved: 975 rows, 672 columns, 4216 nonzeros
Found heuristic solution: objective 39066.508506
Variable types: 0 continuous, 672 integer (672 binary)
Found heuristic solution: objective 41878.128226

Root relaxation: objective 5.384213e+04, 2513 iterations, 0.11 seconds (0.25 work units)

    Nodes    |    Current Node    |     Objective Bounds      |     Work
 Expl Unexpl |  Obj  Depth IntInf | Incumbent    BestBd   Gap | It/Node Time

     0     0 53842.1310    0  480 41878.1282 53842.1310  28.6%     -    0s
H    0     0                    42138.526282 53842.1310  27.8%     -    0s
     0     0 53732.7370    0  480 42138.5263 53732.7370  27.5%     -    0s
     0     0 53645.9804    0  487 42138.5263 53645.9804  27.3%     -    0s
H    0     0                    42314.569943 53645.9804  26.8%     -    0s
     0     0 53645.9804    0  488 42314.5699 53645.9804  26.8%     -    0s
     0     0 53425.7507    0  489 42314.5699 53425.7507  26.3%     -    0s
     0     2 53425.7507    0  489 42314.5699 53425.7507  26.3%     -    0s
H   27    40                    42465.345510 53251.3223  25.4%   648    0s
H   30    40                    42568.306765 53246.2255  25.1%   622    0s
H   53    64                    45057.754933 53078.3061  17.8%   508    0s
H   75    88                    45515.863919 53078.3061  16.6%   465    1s
H   83    88                    45768.395069 53078.3061  16.0%   453    1s
H  116   129                    45907.282662 53078.3061  15.6%   427    1s
H  122   129                    45910.636222 53078.3061  15.6%   421    1s
H  127   129                    46011.975223 53078.3061  15.4%   417    1s
H  164   172                    46063.935551 53078.3061  15.2%   385    1s
H  166   172                    46245.433926 53078.3061  14.8%   383    1s
H  169   172                    46539.036773 53078.3061  14.1%   380    1s
H  227   219                    46621.941455 53078.3061  13.8%   342    1s
H  231   219                    46767.434472 53078.3061  13.5%   339    1s
H  233   219                    46919.770895 53078.3061  13.1%   341    1s
H  518   389                    47253.318373 52909.0390  12.0%   274    1s
H  791   545                    47373.519689 52785.3371  11.4%   264    2s
H  793   545                    47792.592928 52785.3371  10.4%   263    2s
H  800   545                    47805.317423 52785.3371  10.4%   262    2s
  2836  1412 50064.8508   17  489 47805.3174 51351.6102  7.42%   247    5s
  4638  2283 49668.7212   39  388 47805.3174 51351.6102  7.42%   271   10s
 10178  4680 48037.1742   35  318 47805.3174 51316.4320  7.34%   259   15s
 17373  8712 50517.8109   25  402 47805.3174 50742.3549  6.14%   237   20s
 26529 12595 49434.9111   23  374 47805.3174 50440.7175  5.51%   226   25s
 35879 16168 49180.5158   31  363 47805.3174 50237.3348  5.09%   220   30s
 43443 18657 48481.3041   34  349 47805.3174 50096.2538  4.79%   216   35s
 53486 21244 48314.5546   30  343 47805.3174 49954.5290  4.50%   213   40s
 64933 24838 47858.2409   34  339 47805.3174 49808.7604  4.19%   208   45s
 75128 27061 48037.1798   30  333 47805.3174 49698.4055  3.96%   206   50s
 87992 29540 47857.8825   36  346 47805.3174 49574.2492  3.70%   202   55s
 100344 31505 48307.8101   42  356 47805.3174 49462.9962  3.47%   199   60s
 113001 33141 48956.6469   33  371 47805.3174 49366.8064  3.27%   197   65s
 125284 34447     cutoff   34      47805.3174 49276.5096  3.08%   195   70s
 138112 35376 48462.7034   38  336 47805.3174 49193.1880  2.90%   193   75s
 150370 35940     cutoff   38      47805.3174 49117.0016  2.74%   192   80s
 161328 36301 48560.8703   30  326 47805.3174 49059.1055  2.62%   190   85s
 171132 36569 48270.0131   39  370 47805.3174 49000.5874  2.50%   189   90s
 182934 36601 48097.4857   28  354 47805.3174 48940.1276  2.37%   188   96s
 197946 36394 47860.3483   36  330 47805.3174 48864.7365  2.22%   186  100s
 210912 35720     cutoff   34      47805.3174 48803.0803  2.09%   184  105s
 223542 34678     cutoff   42      47805.3174 48744.2065  1.96%   183  110s
 238678 33090     cutoff   30      47805.3174 48671.8655  1.81%   182  115s
 251281 31287 47949.2092   38  356 47805.3174 48616.7981  1.70%   180  120s
 264701 28840     cutoff   30      47805.3174 48555.1505  1.57%   179  125s
 278231 25762     cutoff   47      47805.3174 48488.1150  1.43%   177  130s
 291296 22123     cutoff   29      47805.3174 48421.8023  1.29%   176  135s
 307060 16548     cutoff   31      47805.3174 48332.5551  1.10%   174  140s
 322922  8632 47825.2004   42  343 47805.3174 48206.5896  0.84%   172  145s

Explored 338323 nodes (56918704 simplex iterations) in 148.09 seconds (336.07 work units)
Thread count was 24 (of 24 available processors)

Solution count 10: 47805.3 47792.6 47373.5 ... 46063.9

Optimal solution found (tolerance 1.00e-04)
Best objective 4.780531742292e+04, best bound 4.780531742292e+04, gap 0.0000%

User-callback calls 683765, time in user-callback 0.39 sec
