
Gurobi 11.0.3 (linux64) logging started Tue Nov 25 22:22:33 2025

Set parameter LogFile to value "./log/train/CA_750_1100_0.7/CA_63.lp.log"
Set parameter TimeLimit to value 3600
Gurobi Optimizer version 11.0.3 build v11.0.3rc0 (linux64 - "Ubuntu 22.04.5 LTS")

CPU model: AMD Ryzen 9 9900X 12-Core Processor, instruction set [SSE2|AVX|AVX2|AVX512]
Thread count: 12 physical cores, 24 logical processors, using up to 24 threads

Optimize a model with 1153 rows, 750 columns and 4084 nonzeros
Model fingerprint: 0x5f207338
Variable types: 0 continuous, 750 integer (750 binary)
Coefficient statistics:
  Matrix range     [1e+00, 1e+00]
  Objective range  [5e+00, 1e+03]
  Bounds range     [1e+00, 1e+00]
  RHS range        [1e+00, 1e+00]
Found heuristic solution: objective 32906.254166
Presolve removed 218 rows and 89 columns
Presolve time: 0.01s
Presolved: 935 rows, 661 columns, 3839 nonzeros
Found heuristic solution: objective 39708.849587
Variable types: 0 continuous, 661 integer (661 binary)
Found heuristic solution: objective 40542.581694

Root relaxation: objective 5.116716e+04, 2245 iterations, 0.09 seconds (0.19 work units)

    Nodes    |    Current Node    |     Objective Bounds      |     Work
 Expl Unexpl |  Obj  Depth IntInf | Incumbent    BestBd   Gap | It/Node Time

     0     0 51167.1614    0  455 40542.5817 51167.1614  26.2%     -    0s
H    0     0                    43943.468435 51167.1614  16.4%     -    0s
H    0     0                    44517.646080 51167.1614  14.9%     -    0s
     0     0 50984.2929    0  465 44517.6461 50984.2929  14.5%     -    0s
     0     0 50984.2929    0  459 44517.6461 50984.2929  14.5%     -    0s
     0     0 50756.3990    0  473 44517.6461 50756.3990  14.0%     -    0s
     0     0 50756.3990    0  473 44517.6461 50756.3990  14.0%     -    0s
H    0     0                    44792.854041 50756.3990  13.3%     -    0s
     0     2 50756.3990    0  473 44792.8540 50756.3990  13.3%     -    0s
H   27    40                    44881.484939 50512.0697  12.5%   461    0s
H   34    40                    45037.558429 50512.0697  12.2%   448    0s
H   75    88                    45260.079510 50512.0697  11.6%   390    0s
H   86    88                    45297.379092 50512.0697  11.5%   377    0s
H  115   128                    45549.147582 50512.0697  10.9%   347    0s
H  118   128                    45584.262154 50512.0697  10.8%   350    0s
H  165   177                    45902.549339 50512.0697  10.0%   318    1s
H  170   177                    46091.992690 50512.0697  9.59%   315    1s
H  776   562                    46158.753131 50189.5726  8.73%   209    1s
H  777   562                    46356.865618 50189.5726  8.27%   209    1s
H  786   562                    46426.769244 50189.5726  8.10%   209    1s
  2496  1656 49603.6017   18  433 46426.7692 49603.6017  6.84%   209    5s
  8665  4815 47463.6840   28  351 46426.7692 49324.0683  6.24%   207   10s
 19230 11171 46452.0503   44  369 46426.7692 48882.7693  5.29%   184   15s
 30491 17132 46517.8540   50  363 46426.7692 48691.6969  4.88%   177   20s
 41528 21871 48122.3476   29  369 46426.7692 48552.0706  4.58%   174   26s
 48309 26289 48001.7900   31  384 46426.7692 48488.7665  4.44%   170   30s
 52360 28626 46671.5186   31  360 46426.7692 48453.0990  4.36%   169   38s
 57192 30372     cutoff   40      46426.7692 48418.8036  4.29%   168   40s
 68537 35775 46440.6064   39  367 46426.7692 48347.6755  4.14%   168   45s
 83594 42632 46694.8263   48  391 46426.7692 48257.4859  3.94%   167   50s
 95785 47673 46591.2550   39  366 46426.7692 48197.8771  3.81%   166   55s
 108329 52947 47707.2435   36  409 46426.7692 48144.6191  3.70%   165   60s
 123073 58693 46496.2957   29  302 46426.7692 48087.7955  3.58%   165   65s
 135907 63190     cutoff   40      46426.7692 48041.0872  3.48%   164   70s
 150276 68492     cutoff   39      46426.7692 47992.2274  3.37%   162   75s
 162177 73149 46528.7065   44  353 46426.7692 47957.4472  3.30%   162   80s
 172824 76907 46968.3455   38  372 46426.7692 47925.7525  3.23%   162   85s
 188709 82446     cutoff   39      46426.7692 47887.6400  3.15%   161   90s
 203893 87369     cutoff   32      46426.7692 47850.3729  3.07%   160   95s
 219260 92460 46974.9245   39  369 46426.7692 47817.1934  2.99%   159  100s
 231616 96514     cutoff   37      46426.7692 47790.4258  2.94%   159  105s
 242571 99891 47602.7881   31  372 46426.7692 47772.0432  2.90%   158  110s
 256619 103974 46776.5248   27  335 46426.7692 47744.6770  2.84%   158  115s
 272292 108622 46607.5303   38  286 46426.7692 47719.3613  2.78%   157  120s
 285661 112590 46841.1715   29  353 46426.7692 47698.0996  2.74%   156  125s
 301490 117298     cutoff   41      46426.7692 47672.7269  2.68%   156  130s
 314172 121031 46808.5296   31  367 46426.7692 47654.6611  2.64%   155  135s
 330047 125227 46780.2629   44  374 46426.7692 47631.9459  2.60%   155  140s
 346103 129568 46517.7160   26  345 46426.7692 47610.5191  2.55%   154  145s
 359226 132913 46955.3330   33  380 46426.7692 47593.6411  2.51%   153  150s
 372618 135871 47253.0616   43  400 46426.7692 47576.4970  2.48%   153  155s
 386093 139841 46654.1312   28  367 46426.7692 47561.5672  2.44%   153  160s
 400330 143271 46492.7202   35  367 46426.7692 47544.9196  2.41%   152  165s
 416327 147150     cutoff   38      46426.7692 47527.5425  2.37%   152  170s
 433048 150612 46538.7373   40  326 46426.7692 47510.9393  2.34%   151  175s
 449053 154341     cutoff   42      46426.7692 47494.7972  2.30%   151  180s
 463120 157226 46552.8230   31  305 46426.7692 47480.7528  2.27%   150  185s
 477315 160089 46640.0105   34  351 46426.7692 47468.5507  2.24%   150  190s
 493935 163360 46747.5637   41  358 46426.7692 47454.7079  2.21%   149  195s
 508427 166244     cutoff   37      46426.7692 47443.8091  2.19%   149  200s
 524256 169305     cutoff   35      46426.7692 47431.0340  2.16%   148  205s
 538030 171797 46793.7844   32  353 46426.7692 47419.1377  2.14%   148  210s
 553154 174612 46693.4605   33  315 46426.7692 47407.3523  2.11%   148  215s
 568043 177034 46962.2885   34  357 46426.7692 47395.9057  2.09%   147  220s
 585830 180342     cutoff   33      46426.7692 47382.0662  2.06%   147  225s
 603122 183366 46783.1238   35  335 46426.7692 47369.6420  2.03%   147  230s
 618540 185781 47000.6717   46  372 46426.7692 47359.1038  2.01%   146  235s
 631584 187982     cutoff   28      46426.7692 47350.4434  1.99%   146  240s
 649868 190625 46553.2348   33  313 46426.7692 47338.0216  1.96%   145  245s
 662588 192372 46706.2037   39  320 46426.7692 47329.7354  1.94%   145  250s
 680548 195236     cutoff   43      46426.7692 47318.0777  1.92%   145  255s
 698968 197594 46569.0030   36  314 46426.7692 47306.5988  1.90%   144  260s
 717884 200136 46437.5278   41  305 46426.7692 47295.3453  1.87%   144  265s
 739097 202775 46680.2176   35  320 46426.7692 47282.4469  1.84%   144  270s
 761412 205159 46699.5459   20  310 46426.7692 47270.0774  1.82%   143  275s
 779054 207214     cutoff   39      46426.7692 47259.7143  1.79%   143  280s
 798706 209431 46436.4062   32  349 46426.7692 47248.8557  1.77%   143  285s
 820801 211553 46635.4450   40  306 46426.7692 47236.7183  1.74%   142  290s
 840652 213131 46677.7235   25  281 46426.7692 47226.5065  1.72%   142  295s
 860635 214922 46546.8866   42  362 46426.7692 47215.8806  1.70%   142  300s
 881173 216624 46547.2860   34  315 46426.7692 47205.7218  1.68%   141  305s
 895799 217759 46582.5268   37  333 46426.7692 47198.4408  1.66%   141  310s
 920328 219337 46671.8947   29  303 46426.7692 47187.0491  1.64%   141  315s
 937189 220377 46432.1332   30  301 46426.7692 47178.6178  1.62%   140  320s
 959423 221692     cutoff   40      46426.7692 47168.1962  1.60%   140  325s
 983376 222810 46690.6620   34  362 46426.7692 47156.9728  1.57%   140  330s
 1004743 223697 46745.8699   33  330 46426.7692 47147.0536  1.55%   139  335s
 1023052 224325 46535.1670   48  326 46426.7692 47138.9243  1.53%   139  340s
 1043395 224975     cutoff   44      46426.7692 47129.5152  1.51%   139  345s
 1065045 225489 46648.4607   27  298 46426.7692 47120.0983  1.49%   138  350s
 1086433 225810     cutoff   37      46426.7692 47110.6748  1.47%   138  355s
 1108951 225988 46644.6652   40  340 46426.7692 47101.2935  1.45%   138  360s
 1126008 225993 46615.6640   34  359 46426.7692 47093.7266  1.44%   138  365s
 1145603 226015     cutoff   36      46426.7692 47085.8614  1.42%   137  370s
 1168642 226027     cutoff   42      46426.7692 47075.9406  1.40%   137  375s
 1190888 225763     cutoff   41      46426.7692 47066.7890  1.38%   137  380s
 1212588 225214     cutoff   42      46426.7692 47058.2603  1.36%   136  385s
 1232990 224537 46563.6390   50  388 46426.7692 47049.6113  1.34%   136  390s
 1255389 223787     cutoff   39      46426.7692 47040.3151  1.32%   136  395s
 1275529 222879 46522.6805   44  311 46426.7692 47032.5786  1.30%   136  400s
 1299080 221717     cutoff   36      46426.7692 47022.9855  1.28%   135  405s
 1320947 220347 46657.2613   37  334 46426.7692 47013.6117  1.26%   135  410s
 1342576 218929     cutoff   32      46426.7692 47004.7932  1.25%   135  415s
 1364232 217298 46695.1590   37  344 46426.7692 46996.1114  1.23%   135  420s
 1382749 215764 46562.9640   34  340 46426.7692 46988.9246  1.21%   135  425s
 1406216 213664 46539.9680   43  306 46426.7692 46979.3142  1.19%   134  430s
 1428026 211575 46816.2997   33  316 46426.7692 46970.4654  1.17%   134  435s
 1449597 209270     cutoff   33      46426.7692 46961.9968  1.15%   134  440s
 1471381 206727     cutoff   32      46426.7692 46953.4175  1.13%   134  445s
 1496477 203530 46686.1690   40  332 46426.7692 46942.9904  1.11%   133  450s
 1517158 200767 46757.3096   31  308 46426.7692 46934.5383  1.09%   133  455s
 1537763 197825     cutoff   42      46426.7692 46926.2041  1.08%   133  460s
 1560555 194397     cutoff   29      46426.7692 46916.8798  1.06%   133  465s
 1582354 191036     cutoff   33      46426.7692 46908.0803  1.04%   133  470s
 1601987 188050     cutoff   38      46426.7692 46900.1450  1.02%   132  475s
 1623606 183769 46471.3155   31  298 46426.7692 46891.0962  1.00%   132  480s
 1645464 179443     cutoff   32      46426.7692 46881.7188  0.98%   132  485s
 1667154 174801 46455.1511   41  336 46426.7692 46872.1539  0.96%   132  490s
 1689402 169822     cutoff   29      46426.7692 46862.1509  0.94%   132  495s
 1711327 165156     cutoff   45      46426.7692 46852.3768  0.92%   132  500s
 1733531 159020 46447.2219   35  333 46426.7692 46842.0963  0.89%   131  505s
 1756662 152764 46463.2205   35  339 46426.7692 46831.3251  0.87%   131  510s
 1779981 145935 46555.2201   38  353 46426.7692 46819.6520  0.85%   131  515s
 1803941 138285     cutoff   49      46426.7692 46807.4363  0.82%   131  520s
 1825806 131714     cutoff   33      46426.7692 46795.6425  0.79%   131  525s
 1847939 122816     cutoff   28      46426.7692 46783.1872  0.77%   131  531s
 1867228 115182     cutoff   26      46426.7692 46771.9052  0.74%   130  535s
 1888180 106581     cutoff   34      46426.7692 46758.9453  0.72%   130  540s
 1913854 95111     cutoff   34      46426.7692 46742.0386  0.68%   130  545s
 1939734 82373     cutoff   38      46426.7692 46722.4042  0.64%   130  550s
 1958982 71888     cutoff   31      46426.7692 46706.1004  0.60%   130  555s
 1988739 54487 46454.7286   29  250 46426.7692 46675.7948  0.54%   129  560s
 2015495 37007     cutoff   37      46426.7692 46638.9697  0.46%   129  565s
 2046333 17030     cutoff   40      46426.7692 46572.4945  0.31%   128  570s

Cutting planes:
  Clique: 10
  Flow cover: 22
  RLT: 1
  Relax-and-lift: 1

Explored 2071532 nodes (262711447 simplex iterations) in 571.91 seconds (1431.03 work units)
Thread count was 24 (of 24 available processors)

Solution count 10: 46426.8 46356.9 46158.8 ... 45037.6

Optimal solution found (tolerance 1.00e-04)
Best objective 4.642676924414e+04, best bound 4.642676924414e+04, gap 0.0000%

User-callback calls 4164832, time in user-callback 2.27 sec
