
Gurobi 11.0.3 (linux64) logging started Tue Nov 25 22:19:25 2025

Set parameter LogFile to value "./log/train/CA_750_1100_0.7/CA_62.lp.log"
Set parameter TimeLimit to value 3600
Gurobi Optimizer version 11.0.3 build v11.0.3rc0 (linux64 - "Ubuntu 22.04.5 LTS")

CPU model: AMD Ryzen 9 9900X 12-Core Processor, instruction set [SSE2|AVX|AVX2|AVX512]
Thread count: 12 physical cores, 24 logical processors, using up to 24 threads

Optimize a model with 1153 rows, 750 columns and 3889 nonzeros
Model fingerprint: 0x29ed01cb
Variable types: 0 continuous, 750 integer (750 binary)
Coefficient statistics:
  Matrix range     [1e+00, 1e+00]
  Objective range  [5e+00, 1e+03]
  Bounds range     [1e+00, 1e+00]
  RHS range        [1e+00, 1e+00]
Found heuristic solution: objective 31236.904245
Presolve removed 259 rows and 93 columns
Presolve time: 0.01s
Presolved: 894 rows, 657 columns, 3557 nonzeros
Found heuristic solution: objective 36523.969755
Variable types: 0 continuous, 657 integer (657 binary)
Found heuristic solution: objective 38338.175405

Root relaxation: objective 4.846440e+04, 2204 iterations, 0.08 seconds (0.16 work units)

    Nodes    |    Current Node    |     Objective Bounds      |     Work
 Expl Unexpl |  Obj  Depth IntInf | Incumbent    BestBd   Gap | It/Node Time

     0     0 48464.4048    0  446 38338.1754 48464.4048  26.4%     -    0s
H    0     0                    41466.068499 48464.4048  16.9%     -    0s
H    0     0                    41888.691534 48464.4048  15.7%     -    0s
     0     0 48389.7095    0  449 41888.6915 48389.7095  15.5%     -    0s
     0     0 48362.7954    0  458 41888.6915 48362.7954  15.5%     -    0s
H    0     0                    42268.037369 48362.7954  14.4%     -    0s
     0     0 48362.7954    0  460 42268.0374 48362.7954  14.4%     -    0s
     0     0 48222.6395    0  460 42268.0374 48222.6395  14.1%     -    0s
     0     0 48222.6395    0  460 42268.0374 48222.6395  14.1%     -    0s
H    0     0                    42606.997976 48222.6395  13.2%     -    0s
     0     2 48222.6395    0  460 42606.9980 48222.6395  13.2%     -    0s
H   33    40                    43105.802474 47927.7596  11.2%   441    0s
H   74    77                    43284.437446 47927.7596  10.7%   344    0s
H   79    92                    43426.793902 47927.7596  10.4%   335    0s
H   88    92                    43466.754716 47927.7596  10.3%   320    0s
H  106   117                    43514.626082 47927.7596  10.1%   308    0s
H  119   133                    43609.111173 47927.7596  9.90%   307    0s
H  125   133                    44071.508725 47927.7596  8.75%   303    0s
H  149   163                    44191.172507 47927.7596  8.46%   287    0s
H  162   179                    44247.058815 47927.7596  8.32%   280    0s
H  261   240                    44280.115970 47927.7596  8.24%   231    1s
H  268   249                    44314.160618 47927.7596  8.15%   230    1s
  3005  1788 46590.9371   20  362 44314.1606 46659.5080  5.29%   184    5s
*10761  4829              39    44370.936356 46199.0447  4.12%   169    9s
 12071  5521 45300.2234   26  346 44370.9364 46167.6217  4.05%   167   10s
 24744 11717 44909.2114   25  348 44370.9364 45906.0848  3.46%   156   15s
 38969 17552     cutoff   21      44370.9364 45768.1798  3.15%   150   20s
*45527 19945              45    44383.726750 45717.2061  3.00%   147   22s
 47160 19951 44482.5007   38  317 44383.7268 45713.4002  3.00%   147   25s
 50974 22383 45359.5587   26  349 44383.7268 45688.3562  2.94%   147   33s
 57796 24378 45366.2765   24  351 44383.7268 45646.4808  2.85%   146   35s
 72110 28960     cutoff   27      44383.7268 45580.3416  2.70%   144   40s
 90034 34199 44698.1386   30  362 44383.7268 45507.0473  2.53%   142   45s
 105503 38423 44467.6893   42  355 44383.7268 45453.1494  2.41%   141   50s
 122845 42736 44989.5203   29  351 44383.7268 45404.6751  2.30%   139   55s
 140548 46921 44700.0935   29  306 44383.7268 45360.0908  2.20%   138   60s
*152118 49031              34    44388.493044 45334.8328  2.13%   137   63s
 156016 50195     cutoff   35      44388.4930 45322.9721  2.11%   137   65s
 173833 53606 44392.7007   31  328 44388.4930 45288.5084  2.03%   136   70s
 192007 56736 44890.1395   33  349 44388.4930 45254.4691  1.95%   135   75s
 206864 58931     cutoff   30      44388.4930 45229.1401  1.89%   134   80s
 225725 61180 44652.6791   29  326 44388.4930 45200.9828  1.83%   133   85s
H231787 60742                    44436.484467 45193.2526  1.70%   133   87s
 240424 61745     cutoff   34      44436.4845 45179.3751  1.67%   133   90s
*243590 61574              32    44454.810301 45174.0787  1.62%   133   91s
 257230 62744 44951.0174   34  342 44454.8103 45152.5311  1.57%   132   95s
 273770 63692 44652.1889   24  357 44454.8103 45128.0852  1.51%   131  100s
 293190 64712 44809.0582   30  317 44454.8103 45101.0887  1.45%   130  105s
 315413 65379 44533.4443   36  367 44454.8103 45073.8386  1.39%   129  110s
 334566 65764     cutoff   31      44454.8103 45049.4572  1.34%   128  115s
 351970 65735 44709.4973   27  312 44454.8103 45029.3033  1.29%   128  120s
*357521 65575              40    44459.318692 45022.8006  1.27%   128  121s
 370708 65326 44725.7505   30  287 44459.3187 45007.2697  1.23%   127  125s
*387913 63948              49    44484.124723 44988.0244  1.13%   126  129s
 390590 63740 44495.7568   36  320 44484.1247 44984.8995  1.13%   126  130s
 413948 62041     cutoff   37      44484.1247 44958.0558  1.07%   125  135s
 431728 60448 44607.8156   32  335 44484.1247 44938.7306  1.02%   125  140s
 452853 58124     cutoff   31      44484.1247 44915.5066  0.97%   124  145s
 473924 55152 44691.8072   32  299 44484.1247 44890.5259  0.91%   123  150s
 492655 52108 44553.5456   31  354 44484.1247 44869.2600  0.87%   123  155s
 511531 48467 44663.8125   33  284 44484.1247 44846.8633  0.82%   122  160s
 533809 43443     cutoff   30      44484.1247 44819.3006  0.75%   121  165s
 552980 38353     cutoff   34      44484.1247 44794.7936  0.70%   120  170s
 572120 32261 44592.3911   32  298 44484.1247 44766.8180  0.64%   120  175s
 593097 24398     cutoff   30      44484.1247 44729.8189  0.55%   119  180s
 615369 13416     cutoff   33      44484.1247 44673.8559  0.43%   118  185s

Cutting planes:
  Gomory: 1
  Clique: 22
  Flow cover: 18
  Zero half: 3
  RLT: 1

Explored 636812 nodes (73699718 simplex iterations) in 188.07 seconds (395.60 work units)
Thread count was 24 (of 24 available processors)

Solution count 10: 44484.1 44459.3 44454.8 ... 44247.1

Optimal solution found (tolerance 1.00e-04)
Best objective 4.448412472291e+04, best bound 4.448412472291e+04, gap 0.0000%

User-callback calls 1284247, time in user-callback 0.69 sec
