
Gurobi 11.0.3 (linux64) logging started Tue Nov 25 21:56:38 2025

Set parameter LogFile to value "./log/train/CA_750_1100_0.7/CA_61.lp.log"
Set parameter TimeLimit to value 3600
Gurobi Optimizer version 11.0.3 build v11.0.3rc0 (linux64 - "Ubuntu 22.04.5 LTS")

CPU model: AMD Ryzen 9 9900X 12-Core Processor, instruction set [SSE2|AVX|AVX2|AVX512]
Thread count: 12 physical cores, 24 logical processors, using up to 24 threads

Optimize a model with 1169 rows, 750 columns and 4247 nonzeros
Model fingerprint: 0xa703dc08
Variable types: 0 continuous, 750 integer (750 binary)
Coefficient statistics:
  Matrix range     [1e+00, 1e+00]
  Objective range  [5e+00, 1e+03]
  Bounds range     [1e+00, 1e+00]
  RHS range        [1e+00, 1e+00]
Found heuristic solution: objective 32274.277090
Presolve removed 205 rows and 64 columns
Presolve time: 0.01s
Presolved: 964 rows, 686 columns, 4081 nonzeros
Found heuristic solution: objective 40002.423430
Variable types: 0 continuous, 686 integer (686 binary)
Found heuristic solution: objective 41592.723277

Root relaxation: objective 5.147785e+04, 2281 iterations, 0.09 seconds (0.19 work units)

    Nodes    |    Current Node    |     Objective Bounds      |     Work
 Expl Unexpl |  Obj  Depth IntInf | Incumbent    BestBd   Gap | It/Node Time

     0     0 51477.8525    0  460 41592.7233 51477.8525  23.8%     -    0s
H    0     0                    41692.043338 51477.8525  23.5%     -    0s
     0     0 51339.2914    0  465 41692.0433 51339.2914  23.1%     -    0s
     0     0 51294.7050    0  463 41692.0433 51294.7050  23.0%     -    0s
H    0     0                    41703.146186 51294.7050  23.0%     -    0s
     0     0 51294.7050    0  464 41703.1462 51294.7050  23.0%     -    0s
     0     0 51294.7050    0  466 41703.1462 51294.7050  23.0%     -    0s
     0     0 50998.6802    0  469 41703.1462 50998.6802  22.3%     -    0s
     0     0 50998.6802    0  469 41703.1462 50998.6802  22.3%     -    0s
H    0     0                    42321.392244 50998.6802  20.5%     -    0s
     0     2 50998.6802    0  469 42321.3922 50998.6802  20.5%     -    0s
H   30    40                    42511.888147 50945.3146  19.8%   433    0s
H   52    64                    44270.116967 50790.8938  14.7%   438    0s
H   75    89                    44386.613626 50790.8938  14.4%   429    0s
H   75    89                    44395.105736 50790.8938  14.4%   429    0s
H   76    89                    44900.788420 50790.8938  13.1%   437    0s
H  123   138                    44966.029282 50790.8938  13.0%   399    0s
H  123   138                    45172.418853 50790.8938  12.4%   399    0s
H  124   138                    45190.374882 50790.8938  12.4%   401    0s
H  126   138                    45202.578505 50790.8938  12.4%   401    0s
*  173   181              16    45347.896525 50790.8938  12.0%   356    1s
H  237   232                    45366.377036 50790.8938  12.0%   322    1s
H  647   501                    46222.272520 50726.8023  9.75%   251    2s
*  648   501              22    46259.156546 50726.8023  9.66%   251    2s
  2648  1531 47018.0367   17  460 46259.1565 50092.0269  8.29%   218    5s
  6157  3242 48989.9456   33  409 46259.1565 50092.0269  8.29%   236   10s
 13073  7841 49060.8584   29  402 46259.1565 49568.4971  7.15%   215   15s
 21581 13140 47140.4915   35  360 46259.1565 49277.4448  6.52%   210   20s
 30826 18862 46694.4713   30  347 46259.1565 49093.1954  6.13%   205   25s
 37345 22132     cutoff   43      46259.1565 48980.8648  5.88%   200   30s
 45578 27691 47944.5291   27  374 46259.1565 48893.7296  5.70%   197   35s
 50771 30842     cutoff   39      46259.1565 48843.7532  5.59%   195   45s
 59418 35273 47699.4005   27  353 46259.1565 48767.6159  5.42%   195   50s
 71538 41118 46400.6139   45  356 46259.1565 48679.6746  5.23%   194   55s
 81683 45543 46492.7478   28  351 46259.1565 48613.6345  5.09%   193   60s
 93994 50971 47627.5384   33  386 46259.1565 48536.8688  4.92%   192   65s
 106697 56768 47240.6973   27  364 46259.1565 48472.4572  4.78%   191   70s
 118559 61909 47582.4578   30  376 46259.1565 48412.6211  4.66%   189   76s
 128043 66222 47346.7836   22  352 46259.1565 48368.3935  4.56%   189   80s
 138941 71086 46456.7092   26  330 46259.1565 48325.4499  4.47%   188   85s
 151823 75708     cutoff   41      46259.1565 48277.6075  4.36%   187   91s
 157527 79142 46443.3838   25  326 46259.1565 48258.3209  4.32%   186   95s
 170447 84402 46909.0524   31  360 46259.1565 48218.2782  4.24%   186  100s
 182645 89661 46686.8395   45  368 46259.1565 48181.6860  4.16%   185  105s
 195320 94807     cutoff   34      46259.1565 48146.7547  4.08%   184  110s
 205443 98484 46823.4773   32  320 46259.1565 48124.1206  4.03%   183  115s
 218289 103423     cutoff   58      46259.1565 48094.1606  3.97%   182  120s
 228896 107301 46324.4526   34  327 46259.1565 48068.9836  3.91%   182  125s
 238926 111349     cutoff   38      46259.1565 48046.4765  3.86%   181  130s
 251679 116222 47450.9922   29  357 46259.1565 48022.1904  3.81%   181  135s
 264383 121039 46314.4995   28  346 46259.1565 47996.3894  3.76%   180  140s
 276856 125509 47270.2658   38  360 46259.1565 47974.9118  3.71%   179  145s
 289888 130306 47006.6422   38  381 46259.1565 47952.8592  3.66%   179  150s
 302390 134828 46797.0735   42  367 46259.1565 47931.9485  3.62%   178  155s
 315586 139310 46426.5126   32  332 46259.1565 47912.6502  3.57%   178  160s
 327989 143812 46536.2254   34  331 46259.1565 47893.7080  3.53%   178  165s
 340058 148232 46975.8006   39  341 46259.1565 47876.0557  3.50%   177  170s
 349591 151178 46421.5123   26  329 46259.1565 47863.0354  3.47%   177  175s
 360937 155106 46277.9059   41  336 46259.1565 47847.4198  3.43%   177  180s
 374192 159653     cutoff   40      46259.1565 47829.7813  3.40%   176  185s
 387514 163856 46467.6145   34  351 46259.1565 47814.1162  3.36%   176  191s
 398472 167198 47405.8513   35  367 46259.1565 47802.2675  3.34%   175  195s
 411460 171059 46599.6165   29  341 46259.1565 47786.9174  3.30%   175  200s
 425032 175411 46371.8060   32  313 46259.1565 47770.9180  3.27%   175  205s
 438121 179948 46383.2847   35  319 46259.1565 47756.9892  3.24%   174  210s
 450677 184072     cutoff   40      46259.1565 47743.5422  3.21%   174  215s
 464635 188369 46565.6828   34  333 46259.1565 47729.7261  3.18%   173  220s
 478217 192161 46920.1038   29  345 46259.1565 47715.7167  3.15%   173  225s
 487315 194815 46680.0620   37  344 46259.1565 47707.8785  3.13%   173  230s
 501500 199031 46656.9813   45  366 46259.1565 47693.1584  3.10%   172  235s
 515039 203169     cutoff   32      46259.1565 47680.7223  3.07%   172  240s
 528911 207129 46354.0726   47  333 46259.1565 47667.8356  3.05%   172  245s
 542729 210786     cutoff   36      46259.1565 47656.8186  3.02%   171  250s
 556908 214866 46475.3845   42  351 46259.1565 47644.8024  3.00%   171  255s
 569968 218534 47016.3267   26  311 46259.1565 47634.3415  2.97%   171  260s
 584363 222481     cutoff   37      46259.1565 47622.8180  2.95%   170  265s
 598238 226165 46335.7530   39  367 46259.1565 47612.6480  2.93%   170  271s
 612588 229813 46559.3398   30  335 46259.1565 47601.6487  2.90%   169  275s
 621921 232202 46330.4133   35  362 46259.1565 47595.3940  2.89%   169  280s
 636439 236276 46697.5094   28  339 46259.1565 47584.2163  2.86%   169  285s
 650639 239866 46928.1450   42  355 46259.1565 47574.1334  2.84%   169  290s
 665149 243392 46590.5335   35  347 46259.1565 47564.3898  2.82%   168  295s
 676398 246184 46749.2805   35  325 46259.1565 47556.9142  2.81%   168  300s
 690455 249600 46460.0452   38  339 46259.1565 47547.5554  2.79%   168  305s
 705530 253220 47142.4047   36  369 46259.1565 47537.9289  2.76%   168  310s
 719786 256435     cutoff   43      46259.1565 47528.3469  2.74%   167  315s
 729412 259772     cutoff   35      46259.1565 47522.1314  2.73%   167  320s
 746411 262950 46291.3227   43  339 46259.1565 47511.1699  2.71%   167  325s
 761864 266401 46607.8220   28  331 46259.1565 47502.0804  2.69%   166  330s
 776222 269890 46584.3664   49  367 46259.1565 47492.7368  2.67%   166  335s
 791465 273209 46265.2310   38  355 46259.1565 47484.1597  2.65%   166  340s
 803319 275829     cutoff   38      46259.1565 47477.3174  2.63%   166  345s
 817684 279149 47088.2717   41  360 46259.1565 47469.1712  2.62%   165  350s
 832670 282192 47112.4939   24  328 46259.1565 47460.8934  2.60%   165  355s
 843076 284501 47048.7141   40  350 46259.1565 47455.2261  2.59%   165  360s
 856466 287153 46320.8809   46  343 46259.1565 47447.8792  2.57%   165  365s
 872582 290594 46762.4296   37  348 46259.1565 47440.1970  2.55%   164  370s
 884539 292838 46557.1186   33  328 46259.1565 47434.0656  2.54%   164  375s
 891266 297174 46844.7613   36  347 46259.1565 47430.9915  2.53%   164  382s
 912523 298559     cutoff   30      46259.1565 47420.8838  2.51%   164  385s
 927639 301634 46391.2252   36  326 46259.1565 47413.1635  2.49%   163  390s
 943871 304808     cutoff   41      46259.1565 47406.0819  2.48%   163  396s
 956821 307300 46381.9173   33  344 46259.1565 47400.0022  2.47%   163  400s
 970674 310522 46300.4498   42  334 46259.1565 47394.1797  2.45%   163  407s
 985017 312382 46392.3002   43  368 46259.1565 47387.4121  2.44%   163  410s
 998620 314877 46660.5054   27  338 46259.1565 47381.1082  2.43%   162  415s
 1014675 317515     cutoff   52      46259.1565 47374.1641  2.41%   162  420s
 1027800 320080 46382.1425   30  348 46259.1565 47368.2619  2.40%   162  425s
 1044276 322700 46466.1637   36  328 46259.1565 47361.7693  2.38%   162  430s
 1056350 324894     cutoff   49      46259.1565 47356.1484  2.37%   162  435s
 1073371 327885 46676.2394   37  380 46259.1565 47348.8998  2.36%   161  440s
 1086829 329735 46392.4705   36  352 46259.1565 47342.8963  2.34%   161  445s
 1101398 332589 46777.8162   34  325 46259.1565 47336.5789  2.33%   161  451s
 1115182 334702 46463.4899   34  312 46259.1565 47330.6870  2.32%   161  455s
 1128365 336814     cutoff   35      46259.1565 47325.8188  2.31%   161  460s
 1145460 339542 46611.0412   43  370 46259.1565 47318.7909  2.29%   160  465s
 1159236 341539 46457.1961   49  334 46259.1565 47313.3176  2.28%   160  470s
 1172787 343912 46528.4482   48  330 46259.1565 47307.6895  2.27%   160  475s
 1190343 346492     cutoff   43      46259.1565 47301.2180  2.25%   160  481s
 1204850 348680 46561.7913   32  334 46259.1565 47295.9754  2.24%   160  485s
 1218165 350723     cutoff   34      46259.1565 47290.8592  2.23%   159  490s
 1232985 352770 46355.4570   34  300 46259.1565 47285.3449  2.22%   159  495s
 1247641 354790 46503.0655   37  324 46259.1565 47280.0651  2.21%   159  500s
 1261397 356736     cutoff   39      46259.1565 47275.1743  2.20%   159  505s
 1279579 359252 46353.8619   49  321 46259.1565 47269.0944  2.18%   159  511s
 1294057 361075 46421.1597   37  307 46259.1565 47263.9858  2.17%   159  515s
 1311443 363384     cutoff   36      46259.1565 47257.9530  2.16%   158  520s
 1325162 365106     cutoff   38      46259.1565 47252.9578  2.15%   158  525s
 1338082 366808 46440.5990   30  325 46259.1565 47248.6882  2.14%   158  530s
 1353056 368493 46492.5311   42  344 46259.1565 47243.3250  2.13%   158  535s
 1371111 370838 46627.4145   34  305 46259.1565 47237.2088  2.11%   158  541s
 1386081 372565 46437.9153   43  325 46259.1565 47232.2700  2.10%   157  545s
 1401055 374436 46621.3944   35  338 46259.1565 47227.1894  2.09%   157  550s
 1415326 376219 46678.7649   32  344 46259.1565 47222.5390  2.08%   157  555s
 1424764 377626     cutoff   44      46259.1565 47220.0357  2.08%   157  560s
 1443734 379276     cutoff   37      46259.1565 47213.5659  2.06%   157  565s
 1459554 380934     cutoff   38      46259.1565 47208.2133  2.05%   157  570s
 1474798 382664 46460.6717   31  320 46259.1565 47203.1714  2.04%   156  575s
 1489846 384185 46563.4730   41  339 46259.1565 47198.1152  2.03%   156  580s
 1508720 386098 46662.3937   45  361 46259.1565 47192.1523  2.02%   156  586s
 1523172 387413     cutoff   42      46259.1565 47187.6870  2.01%   156  590s
 1531594 388309 46679.8022   45  345 46259.1565 47185.1413  2.00%   156  595s
 1546003 389559     cutoff   41      46259.1565 47180.6926  1.99%   156  600s
 1561834 390882     cutoff   28      46259.1565 47175.7448  1.98%   156  606s
 1576290 392080     cutoff   36      46259.1565 47171.5183  1.97%   155  610s
 1587950 393046 46828.6892   39  360 46259.1565 47167.9446  1.96%   155  615s
 1603478 394342 46776.7447   41  338 46259.1565 47163.3839  1.95%   155  620s
 1618644 395519 46481.4728   47  347 46259.1565 47158.8800  1.94%   155  625s
 1633061 396709 46264.7388   29  328 46259.1565 47154.7733  1.94%   155  631s
 1648166 397904     cutoff   32      46259.1565 47150.3016  1.93%   155  636s
 1663398 398851 46744.7337   37  335 46259.1565 47145.7660  1.92%   155  641s
 1673279 399751 46783.8715   41  355 46259.1565 47142.9496  1.91%   155  645s
 1692805 401149     cutoff   36      46259.1565 47137.2961  1.90%   154  650s
 1707088 402102 46417.9150   37  329 46259.1565 47133.3838  1.89%   154  655s
 1722161 403086 46787.4435   51  351 46259.1565 47129.0625  1.88%   154  660s
 1740264 404269 46303.6764   48  338 46259.1565 47123.8777  1.87%   154  665s
 1754666 405029 46696.0676   27  331 46259.1565 47120.2463  1.86%   154  670s
 1769633 406080 46343.5742   35  373 46259.1565 47116.1004  1.85%   154  675s
 1785848 407034 46611.9441   43  372 46259.1565 47111.7144  1.84%   153  680s
 1801136 407912     cutoff   35      46259.1565 47107.3296  1.83%   153  685s
 1815753 408739 46561.9980   37  326 46259.1565 47103.1852  1.82%   153  690s
 1834351 409570 46291.2512   29  331 46259.1565 47098.1174  1.81%   153  695s
 1849341 410284 46286.6369   42  294 46259.1565 47094.0749  1.80%   153  700s
 1862606 410915     cutoff   33      46259.1565 47090.5935  1.80%   153  705s
 1881777 411688 46326.0476   40  294 46259.1565 47085.5376  1.79%   153  710s
 1898411 412265     cutoff   38      46259.1565 47081.1731  1.78%   153  716s
 1913424 412856     cutoff   30      46259.1565 47077.6215  1.77%   152  720s
 1928610 413462     cutoff   41      46259.1565 47073.6184  1.76%   152  725s
 1946567 414092 46327.1896   36  337 46259.1565 47068.9120  1.75%   152  731s
 1961747 414641 46506.8413   36  320 46259.1565 47065.2097  1.74%   152  735s
 1975940 414961 46980.1735   41  347 46259.1565 47061.6472  1.73%   152  740s
 1994690 415442     cutoff   43      46259.1565 47056.8612  1.72%   152  745s
 2007757 415872 46320.1068   36  307 46259.1565 47053.9606  1.72%   152  751s
 2021873 416202 46803.6119   44  361 46259.1565 47050.3192  1.71%   151  755s
 2037474 416640     cutoff   42      46259.1565 47046.2565  1.70%   151  760s
 2055645 417059 46443.2215   41  336 46259.1565 47041.7741  1.69%   151  765s
 2070815 417272 46452.4258   42  330 46259.1565 47037.8694  1.68%   151  770s
 2086044 417542 46393.6005   41  300 46259.1565 47034.2972  1.68%   151  775s
 2100309 417699     cutoff   33      46259.1565 47030.8174  1.67%   151  780s
 2115463 417789 46371.1123   47  356 46259.1565 47027.0048  1.66%   151  785s
 2132981 417944     cutoff   51      46259.1565 47022.7936  1.65%   151  790s
 2146977 417959     cutoff   38      46259.1565 47019.4639  1.64%   151  795s
 2162326 417976 46552.2410   45  351 46259.1565 47015.7902  1.64%   150  800s
 2180945 417958 46524.4758   45  322 46259.1565 47011.4407  1.63%   150  805s
 2196031 418019 46731.7348   35  340 46259.1565 47007.8993  1.62%   150  810s
 2212074 417828 46490.9835   41  336 46259.1565 47004.4030  1.61%   150  815s
 2225247 417679 46615.1873   36  366 46259.1565 47001.3999  1.60%   150  820s
 2243096 417576 46545.0167   31  332 46259.1565 46996.8779  1.59%   150  825s
 2258157 417463     cutoff   27      46259.1565 46993.2766  1.59%   150  830s
 2276882 417334 46360.8071   38  309 46259.1565 46989.0869  1.58%   150  836s
 2290548 417059 46283.0363   33  332 46259.1565 46985.8099  1.57%   149  840s
 2306124 416875 46586.0720   35  344 46259.1565 46981.9732  1.56%   149  845s
 2320552 416540     cutoff   34      46259.1565 46978.8855  1.56%   149  850s
 2333027 416231 46770.0821   36  331 46259.1565 46976.2279  1.55%   149  855s
 2348805 415922     cutoff   45      46259.1565 46972.5010  1.54%   149  860s
 2363090 415439 46594.5026   38  310 46259.1565 46969.0541  1.53%   149  865s
 2377568 415009     cutoff   40      46259.1565 46965.4914  1.53%   149  870s
 2391948 414573 46473.5346   33  331 46259.1565 46962.1894  1.52%   149  875s
 2406357 414121 46669.1879   48  344 46259.1565 46958.8581  1.51%   149  880s
 2420642 413546 46380.8958   37  342 46259.1565 46955.6264  1.51%   149  885s
 2437466 412914 46496.0897   26  304 46259.1565 46951.8550  1.50%   148  890s
 2451325 412351     cutoff   37      46259.1565 46948.7555  1.49%   148  895s
 2466358 411622     cutoff   43      46259.1565 46945.3245  1.48%   148  900s
 2484687 410824 46362.0727   33  317 46259.1565 46941.1614  1.47%   148  905s
 2499197 410179     cutoff   36      46259.1565 46937.7852  1.47%   148  910s
 2517164 409279 46463.8233   41  340 46259.1565 46933.7655  1.46%   148  916s
 2531571 408483     cutoff   39      46259.1565 46930.5290  1.45%   148  920s
 2546015 407726     cutoff   37      46259.1565 46927.1142  1.44%   148  925s
 2562167 406834 46506.3347   35  338 46259.1565 46923.6540  1.44%   148  931s
 2577507 405887 46718.6254   43  316 46259.1565 46920.2595  1.43%   148  935s
 2595280 404974     cutoff   45      46259.1565 46916.2454  1.42%   147  941s
 2610048 404066 46510.8141   45  338 46259.1565 46913.0178  1.41%   147  945s
 2628099 402837 46353.3977   31  342 46259.1565 46909.0881  1.40%   147  950s
 2642479 401831 46417.0281   33  304 46259.1565 46906.0132  1.40%   147  955s
 2660494 400683 46349.9346   51  360 46259.1565 46902.0495  1.39%   147  960s
 2673797 399547 46284.3817   36  321 46259.1565 46899.0688  1.38%   147  965s
 2692226 398191 46616.6111   46  343 46259.1565 46895.0080  1.37%   147  971s
 2706787 397089 46629.9891   42  361 46259.1565 46892.0509  1.37%   147  975s
 2724841 395625 46613.7610   33  321 46259.1565 46888.1547  1.36%   147  980s
 2738205 394492 46351.3654   38  324 46259.1565 46885.2010  1.35%   146  985s
 2756736 392835     cutoff   57      46259.1565 46881.0449  1.34%   146  990s
 2771167 391419 46535.0343   40  327 46259.1565 46877.8986  1.34%   146  995s
 2787442 389946     cutoff   45      46259.1565 46874.1545  1.33%   146 1000s
 2802505 388566     cutoff   36      46259.1565 46870.7290  1.32%   146 1005s
 2820926 386759 46475.1362   41  322 46259.1565 46866.6363  1.31%   146 1010s
 2835393 385267 46462.6840   41  315 46259.1565 46863.4968  1.31%   146 1015s
 2851160 383562     cutoff   29      46259.1565 46860.0981  1.30%   146 1021s
 2865903 382072 46270.7983   44  327 46259.1565 46856.9283  1.29%   146 1025s
 2882686 380196     cutoff   30      46259.1565 46853.2463  1.28%   146 1030s
 2901581 378019     cutoff   36      46259.1565 46849.0155  1.28%   146 1036s
 2915496 376386 46617.6899   32  338 46259.1565 46845.9917  1.27%   145 1040s
 2934283 374194 46399.3618   33  315 46259.1565 46841.8452  1.26%   145 1046s
 2948828 372363     cutoff   47      46259.1565 46838.4988  1.25%   145 1050s
 2966882 370136     cutoff   38      46259.1565 46834.6199  1.24%   145 1055s
 2984906 367853 46562.2370   34  281 46259.1565 46830.5899  1.24%   145 1060s
 3002894 365417 46439.7665   48  354 46259.1565 46826.7260  1.23%   145 1065s
 3017377 363678     cutoff   42      46259.1565 46823.4176  1.22%   145 1070s
 3034483 361184     cutoff   37      46259.1565 46819.6163  1.21%   145 1075s
 3048615 359030 46337.5597   36  343 46259.1565 46816.5852  1.21%   145 1080s
 3067132 356411 46478.6870   37  338 46259.1565 46812.3910  1.20%   145 1085s
 3085233 353838 46358.5605   27  311 46259.1565 46808.4371  1.19%   144 1091s
 3099683 351688     cutoff   36      46259.1565 46805.1922  1.18%   144 1095s
 3115646 349137     cutoff   40      46259.1565 46801.7374  1.17%   144 1100s
 3134807 346116 46265.0004   36  296 46259.1565 46797.2466  1.16%   144 1106s
 3149468 343732 46502.8547   32  298 46259.1565 46793.9298  1.16%   144 1110s
 3167581 340736 46389.6996   43  352 46259.1565 46789.7920  1.15%   144 1115s
 3185580 337636 46563.9075   33  328 46259.1565 46785.6078  1.14%   144 1120s
 3202781 334532 46408.1846   38  342 46259.1565 46781.7761  1.13%   144 1125s
 3215697 332166 46310.2310   28  315 46259.1565 46778.8473  1.12%   144 1130s
 3234948 328727 46321.6911   32  315 46259.1565 46773.9733  1.11%   144 1135s
 3253212 325315     cutoff   47      46259.1565 46769.8140  1.10%   144 1140s
 3271337 321995     cutoff   35      46259.1565 46765.5808  1.09%   143 1145s
 3285726 319241     cutoff   28      46259.1565 46762.1616  1.09%   143 1150s
 3303851 315681 46320.2327   27  314 46259.1565 46758.0487  1.08%   143 1155s
 3319985 312396 46263.5760   44  328 46259.1565 46754.2334  1.07%   143 1160s
 3335335 309297 46624.8181   42  341 46259.1565 46750.4556  1.06%   143 1165s
 3352870 305521 46389.8450   51  381 46259.1565 46746.3116  1.05%   143 1170s
 3367725 302320     cutoff   40      46259.1565 46742.5154  1.04%   143 1175s
 3386051 298313     cutoff   39      46259.1565 46738.1035  1.04%   143 1180s
 3404101 294196 46494.8599   32  333 46259.1565 46733.6633  1.03%   143 1185s
 3422037 290487     cutoff   34      46259.1565 46729.1820  1.02%   143 1190s
 3435643 286756 46570.9789   26  317 46259.1565 46725.8078  1.01%   143 1195s
 3454631 282084     cutoff   42      46259.1565 46720.9332  1.00%   143 1200s
 3473383 277441 46271.3732   44  326 46259.1565 46716.1422  0.99%   142 1205s
 3488032 273593 46315.1702   35  320 46259.1565 46712.1625  0.98%   142 1210s
 3505128 269024 46631.5966   29  331 46259.1565 46707.5281  0.97%   142 1215s
 3518510 265206     cutoff   52      46259.1565 46704.0410  0.96%   142 1220s
 3535248 260693     cutoff   47      46259.1565 46699.7421  0.95%   142 1226s
 3553242 255770     cutoff   34      46259.1565 46694.7006  0.94%   142 1230s
 3570398 250731 46376.8732   33  329 46259.1565 46689.9497  0.93%   142 1235s
 3587501 245756 46332.8054   38  317 46259.1565 46684.9948  0.92%   142 1240s
 3604339 240700 46359.7974   41  324 46259.1565 46680.1379  0.91%   142 1245s
 3621279 235492 46276.6201   39  258 46259.1565 46674.9842  0.90%   142 1250s
 3638053 230129     cutoff   50      46259.1565 46670.0162  0.89%   142 1255s
 3654071 225277 46335.3027   41  326 46259.1565 46665.1820  0.88%   142 1260s
 3671612 218882     cutoff   35      46259.1565 46659.6004  0.87%   142 1265s
 3689579 212717 46402.1329   30  355 46259.1565 46653.7025  0.85%   141 1270s
 3707154 206540     cutoff   29      46259.1565 46648.0249  0.84%   141 1275s
 3724786 200024 46264.8109   41  329 46259.1565 46641.9748  0.83%   141 1280s
 3743129 193945 46316.0827   43  329 46259.1565 46635.6250  0.81%   141 1285s
 3761104 186085     cutoff   47      46259.1565 46629.1448  0.80%   141 1290s
 3781309 177914     cutoff   47      46259.1565 46621.5867  0.78%   141 1296s
 3796292 171765 46268.8242   31  343 46259.1565 46615.6586  0.77%   141 1300s
 3816445 163678 46366.1659   30  325 46259.1565 46607.3067  0.75%   141 1305s
 3831697 156060     cutoff   45      46259.1565 46600.7905  0.74%   141 1310s
 3852694 145966     cutoff   41      46259.1565 46591.3172  0.72%   141 1316s
 3871832 136819     cutoff   43      46259.1565 46582.5932  0.70%   140 1321s
 3890923 127032     cutoff   48      46259.1565 46572.6352  0.68%   140 1326s
 3910023 116941     cutoff   39      46259.1565 46561.8760  0.65%   140 1331s
 3928758 106816     cutoff   38      46259.1565 46550.5307  0.63%   140 1335s
 3947219 96410     cutoff   33      46259.1565 46538.2338  0.60%   140 1340s
 3968803 83571     cutoff   42      46259.1565 46522.1350  0.57%   140 1345s
 3991010 71501     cutoff   38      46259.1565 46502.8130  0.53%   140 1350s
 4015274 55340     cutoff   37      46259.1565 46476.3038  0.47%   139 1356s
 4037905 41441     cutoff   38      46259.1565 46444.7904  0.40%   139 1360s
 4068487 21957 46304.8952   42  327 46259.1565 46377.0994  0.25%   138 1365s

Cutting planes:
  Clique: 9
  Flow cover: 35
  Zero half: 2

Explored 4097297 nodes (563998892 simplex iterations) in 1367.36 seconds (3065.78 work units)
Thread count was 24 (of 24 available processors)

Solution count 10: 46259.2 46222.3 45366.4 ... 44395.1

Optimal solution found (tolerance 1.00e-04)
Best objective 4.625915654643e+04, best bound 4.625915654643e+04, gap 0.0000%

User-callback calls 8252512, time in user-callback 4.48 sec
