
Gurobi 11.0.3 (linux64) logging started Tue Nov 25 22:32:05 2025

Set parameter LogFile to value "./log/train/CA_750_1100_0.7/CA_64.lp.log"
Set parameter TimeLimit to value 3600
Gurobi Optimizer version 11.0.3 build v11.0.3rc0 (linux64 - "Ubuntu 22.04.5 LTS")

CPU model: AMD Ryzen 9 9900X 12-Core Processor, instruction set [SSE2|AVX|AVX2|AVX512]
Thread count: 12 physical cores, 24 logical processors, using up to 24 threads

Optimize a model with 1173 rows, 750 columns and 4087 nonzeros
Model fingerprint: 0x8e768882
Variable types: 0 continuous, 750 integer (750 binary)
Coefficient statistics:
  Matrix range     [1e+00, 1e+00]
  Objective range  [8e-01, 1e+03]
  Bounds range     [1e+00, 1e+00]
  RHS range        [1e+00, 1e+00]
Found heuristic solution: objective 32303.825095
Presolve removed 229 rows and 79 columns
Presolve time: 0.01s
Presolved: 944 rows, 671 columns, 3844 nonzeros
Found heuristic solution: objective 39286.972636
Variable types: 0 continuous, 671 integer (671 binary)
Found heuristic solution: objective 40602.455978

Root relaxation: objective 5.046473e+04, 2287 iterations, 0.09 seconds (0.19 work units)

    Nodes    |    Current Node    |     Objective Bounds      |     Work
 Expl Unexpl |  Obj  Depth IntInf | Incumbent    BestBd   Gap | It/Node Time

     0     0 50464.7272    0  445 40602.4560 50464.7272  24.3%     -    0s
H    0     0                    40675.206660 50464.7272  24.1%     -    0s
     0     0 50313.6075    0  461 40675.2067 50313.6075  23.7%     -    0s
H    0     0                    42440.520107 50313.6075  18.6%     -    0s
     0     0 50211.9202    0  465 42440.5201 50211.9202  18.3%     -    0s
     0     0 49878.7456    0  468 42440.5201 49878.7456  17.5%     -    0s
     0     0 49878.7456    0  468 42440.5201 49878.7456  17.5%     -    0s
H    0     0                    42673.226549 49878.7456  16.9%     -    0s
     0     2 49878.7456    0  468 42673.2265 49878.7456  16.9%     -    0s
H   27    40                    42838.152838 49815.7706  16.3%   448    0s
H   75    89                    43289.267004 49815.0085  15.1%   374    0s
H   82    89                    44200.151729 49815.0085  12.7%   373    0s
H  115   128                    44566.276621 49815.0085  11.8%   350    0s
H  115   128                    44726.928641 49815.0085  11.4%   350    0s
H  122   128                    45087.877292 49815.0085  10.5%   345    0s
H  169   178                    45260.885542 49815.0085  10.1%   318    1s
H  173   178                    45261.635919 49815.0085  10.1%   315    1s
H  216   196                    45375.160376 49815.0085  9.78%   285    1s
H 2710  1542                    45488.401794 48930.0081  7.57%   206    4s
H 2722  1466                    45539.732827 48930.0081  7.44%   206    4s
  2780  1519 48930.0081   20  426 45539.7328 48930.0081  7.44%   210    5s
 10192  5083 46167.5465   40  383 45539.7328 48195.2520  5.83%   197   10s
 23242 11843 46738.6321   35  367 45539.7328 47775.5777  4.91%   184   15s
*28295 13765              32    45586.835108 47675.1306  4.58%   182   16s
 34587 16825 45665.3986   32  344 45586.8351 47576.0620  4.36%   180   20s
 50769 23717 46520.9689   36  336 45586.8351 47381.1709  3.94%   174   32s
 61960 27819 45802.6458   34  345 45586.8351 47286.5528  3.73%   172   35s
 80002 33124 45668.6250   28  302 45586.8351 47169.7947  3.47%   168   40s
 96976 38345 45597.0511   47  330 45586.8351 47072.9629  3.26%   166   45s
 114605 42977 45590.0128   32  346 45586.8351 46987.6949  3.07%   164   50s
 132543 46998 46440.4918   28  338 45586.8351 46916.2619  2.92%   162   55s
 149696 50715 45805.1953   38  341 45586.8351 46853.6654  2.78%   161   60s
 166403 53576 46677.8617   28  339 45586.8351 46800.5659  2.66%   159   65s
 187372 56946     cutoff   47      45586.8351 46734.9063  2.52%   158   70s
 204882 59507     cutoff   29      45586.8351 46689.1600  2.42%   157   75s
 223066 61549 45743.4257   30  294 45586.8351 46645.5533  2.32%   155   81s
 235223 63079 45693.0918   32  313 45586.8351 46614.9254  2.26%   155   85s
 253655 64731 45592.2749   40  337 45586.8351 46573.9746  2.17%   154   90s
 274840 66245 46043.9190   48  373 45586.8351 46529.7916  2.07%   152   95s
 293360 67141 45679.6976   43  340 45586.8351 46494.1427  1.99%   151  100s
 312703 67988 46100.9416   43  370 45586.8351 46457.7138  1.91%   150  105s
 334541 68660 45590.0571   36  348 45586.8351 46420.7464  1.83%   149  110s
 352271 68768     cutoff   35      45586.8351 46390.4625  1.76%   148  115s
 373696 68666 45991.8226   33  309 45586.8351 46355.5658  1.69%   148  120s
 396121 68165     cutoff   45      45586.8351 46320.7040  1.61%   147  125s
 415360 67225     cutoff   40      45586.8351 46290.9214  1.54%   146  130s
 437907 66027 45880.6142   38  355 45586.8351 46258.7541  1.47%   145  135s
 459734 64051 45620.9283   39  302 45586.8351 46227.5320  1.41%   144  140s
 479699 62147     cutoff   38      45586.8351 46199.6116  1.34%   143  145s
 501865 59368     cutoff   48      45586.8351 46168.2727  1.28%   143  150s
 522829 56272 45622.3484   39  344 45586.8351 46138.9853  1.21%   142  155s
 545356 52374     cutoff   35      45586.8351 46106.4999  1.14%   141  160s
 567231 48031     cutoff   41      45586.8351 46076.1917  1.07%   140  165s
*576931 42882              33    45675.815086 46062.1168  0.85%   140  167s
 591540 37056     cutoff   28      45675.8151 46031.1670  0.78%   139  170s
 616006 25436 45799.0895   31  326 45675.8151 45968.1268  0.64%   138  175s
 641354  8493     cutoff   37      45675.8151 45861.4221  0.41%   136  180s

Cutting planes:
  Gomory: 1
  Clique: 29
  Flow cover: 20
  Zero half: 2
  RLT: 2
  Relax-and-lift: 1

Explored 654926 nodes (88227446 simplex iterations) in 181.29 seconds (483.77 work units)
Thread count was 24 (of 24 available processors)

Solution count 10: 45675.8 45586.8 45539.7 ... 44566.3

Optimal solution found (tolerance 1.00e-04)
Best objective 4.567581508573e+04, best bound 4.567581508573e+04, gap 0.0000%

User-callback calls 1321076, time in user-callback 0.77 sec
