
Gurobi 11.0.3 (linux64) logging started Tue Nov 25 22:56:35 2025

Set parameter LogFile to value "./log/train/CA_750_1100_0.7/CA_7.lp.log"
Set parameter TimeLimit to value 3600
Gurobi Optimizer version 11.0.3 build v11.0.3rc0 (linux64 - "Ubuntu 22.04.5 LTS")

CPU model: AMD Ryzen 9 9900X 12-Core Processor, instruction set [SSE2|AVX|AVX2|AVX512]
Thread count: 12 physical cores, 24 logical processors, using up to 24 threads

Optimize a model with 1166 rows, 750 columns and 4072 nonzeros
Model fingerprint: 0xfb6dbc73
Variable types: 0 continuous, 750 integer (750 binary)
Coefficient statistics:
  Matrix range     [1e+00, 1e+00]
  Objective range  [2e+01, 1e+03]
  Bounds range     [1e+00, 1e+00]
  RHS range        [1e+00, 1e+00]
Found heuristic solution: objective 32477.466817
Presolve removed 245 rows and 75 columns
Presolve time: 0.01s
Presolved: 921 rows, 675 columns, 3815 nonzeros
Found heuristic solution: objective 39115.188817
Variable types: 0 continuous, 675 integer (675 binary)
Found heuristic solution: objective 40042.888659

Root relaxation: objective 5.076471e+04, 2190 iterations, 0.08 seconds (0.19 work units)

    Nodes    |    Current Node    |     Objective Bounds      |     Work
 Expl Unexpl |  Obj  Depth IntInf | Incumbent    BestBd   Gap | It/Node Time

     0     0 50764.7059    0  451 40042.8887 50764.7059  26.8%     -    0s
H    0     0                    43286.835756 50764.7059  17.3%     -    0s
H    0     0                    44162.387787 50764.7059  15.0%     -    0s
H    0     0                    44163.543450 50764.7059  14.9%     -    0s
     0     0 50512.7023    0  454 44163.5435 50512.7023  14.4%     -    0s
     0     0 50390.8828    0  457 44163.5435 50390.8828  14.1%     -    0s
     0     0 50390.8828    0  457 44163.5435 50390.8828  14.1%     -    0s
     0     0 50390.8828    0  458 44163.5435 50390.8828  14.1%     -    0s
     0     0 50274.3344    0  460 44163.5435 50274.3344  13.8%     -    0s
     0     0 50274.3344    0  460 44163.5435 50274.3344  13.8%     -    0s
H    0     0                    44316.302561 50274.3344  13.4%     -    0s
     0     2 50274.3344    0  460 44316.3026 50274.3344  13.4%     -    0s
H   28    40                    44376.894677 50031.2299  12.7%   424    0s
H   35    40                    44389.292941 50031.2299  12.7%   393    0s
H   58    64                    45595.306823 50031.2299  9.73%   352    0s
H   77    90                    45688.399564 50031.2299  9.51%   341    0s
H   83    90                    45899.792049 50031.2299  9.00%   336    0s
H  116   120                    45932.234572 50031.2299  8.92%   314    0s
H  126   132                    45940.919400 50031.2299  8.90%   318    0s
H  153   172                    46025.141222 50031.2299  8.70%   304    0s
H  203   200                    46046.531879 50031.2299  8.65%   268    0s
H  254   209                    46107.465758 50031.2299  8.51%   245    1s
  2820  1551 48919.0921   20  438 46107.4658 48919.0921  6.10%   193    5s
  7701  3169 47613.3192   39  367 46107.4658 48919.0921  6.10%   186   10s
 17019  7482 46989.1760   35  308 46107.4658 48238.2480  4.62%   171   15s
H21154  9372                    46199.365555 48140.9833  4.20%   169   17s
 27256 12528     cutoff   40      46199.3656 48019.2542  3.94%   166   20s
H28392 12636                    46325.352999 48003.2136  3.62%   165   20s
 36673 15036     cutoff   47      46325.3530 47896.9952  3.39%   163   25s
 50642 19847     cutoff   40      46325.3530 47753.0324  3.08%   159   36s
 59618 21988 46327.5086   34  348 46325.3530 47681.4906  2.93%   158   40s
 74324 25184 46349.2853   41  354 46325.3530 47586.6202  2.72%   156   45s
 89294 28202 46364.6322   29  314 46325.3530 47500.1758  2.54%   155   50s
 104625 30839 46814.8465   35  338 46325.3530 47429.8632  2.38%   153   55s
 120895 32907 46761.9378   30  327 46325.3530 47363.6536  2.24%   152   60s
 136643 34773 46898.9138   34  319 46325.3530 47308.7903  2.12%   150   65s
 151629 36168 46996.2549   39  335 46325.3530 47262.2583  2.02%   149   70s
 167034 37632     cutoff   42      46325.3530 47216.8993  1.92%   148   75s
 182524 38696 46444.7728   41  307 46325.3530 47175.5986  1.84%   147   80s
 194437 39424 46433.4774   41  317 46325.3530 47145.1920  1.77%   146   85s
 213327 40159     cutoff   45      46325.3530 47099.0102  1.67%   145   90s
 228902 40558 46358.1757   50  361 46325.3530 47065.1902  1.60%   144   95s
 245161 40589     cutoff   37      46325.3530 47030.4432  1.52%   143  100s
 255777 40453     cutoff   43      46325.3530 47008.1618  1.47%   142  105s
 271796 40019     cutoff   38      46325.3530 46976.7314  1.41%   141  110s
 289066 39251 46338.9138   42  306 46325.3530 46944.2718  1.34%   140  115s
 305865 38169 46429.1872   42  292 46325.3530 46914.3234  1.27%   139  120s
 322622 37010     cutoff   32      46325.3530 46885.8527  1.21%   138  125s
 336936 35234 46607.8585   40  337 46325.3530 46858.4220  1.15%   138  130s
 359470 32211     cutoff   34      46325.3530 46818.0180  1.06%   136  135s
 376487 29392 46387.8857   39  340 46325.3530 46787.0827  1.00%   136  140s
 396107 25441     cutoff   34      46325.3530 46748.2317  0.91%   135  145s
 413262 21194 46619.2907   45  339 46325.3530 46710.5001  0.83%   134  150s
 433015 14911 46350.0492   41  304 46325.3530 46655.2064  0.71%   133  155s
 452472  5946     cutoff   49      46325.3530 46560.7827  0.51%   132  160s

Cutting planes:
  Gomory: 1
  Clique: 21
  Flow cover: 16
  Zero half: 3
  Relax-and-lift: 1
  BQP: 3

Explored 463608 nodes (60274410 simplex iterations) in 161.40 seconds (348.20 work units)
Thread count was 24 (of 24 available processors)

Solution count 10: 46325.4 46199.4 46107.5 ... 45595.3

Optimal solution found (tolerance 1.00e-04)
Best objective 4.632535299917e+04, best bound 4.632535299917e+04, gap 0.0000%

User-callback calls 937194, time in user-callback 0.53 sec
