
Gurobi 11.0.3 (linux64) logging started Tue Nov 25 23:00:07 2025

Set parameter LogFile to value "./log/train/CA_750_1100_0.7/CA_71.lp.log"
Set parameter TimeLimit to value 3600
Gurobi Optimizer version 11.0.3 build v11.0.3rc0 (linux64 - "Ubuntu 22.04.5 LTS")

CPU model: AMD Ryzen 9 9900X 12-Core Processor, instruction set [SSE2|AVX|AVX2|AVX512]
Thread count: 12 physical cores, 24 logical processors, using up to 24 threads

Optimize a model with 1134 rows, 750 columns and 3805 nonzeros
Model fingerprint: 0x7fc41042
Variable types: 0 continuous, 750 integer (750 binary)
Coefficient statistics:
  Matrix range     [1e+00, 1e+00]
  Objective range  [2e+00, 1e+03]
  Bounds range     [1e+00, 1e+00]
  RHS range        [1e+00, 1e+00]
Found heuristic solution: objective 29510.318951
Presolve removed 272 rows and 101 columns
Presolve time: 0.01s
Presolved: 862 rows, 649 columns, 3431 nonzeros
Found heuristic solution: objective 37522.509797
Variable types: 0 continuous, 649 integer (649 binary)
Found heuristic solution: objective 39489.593495

Root relaxation: objective 4.877518e+04, 2042 iterations, 0.07 seconds (0.14 work units)

    Nodes    |    Current Node    |     Objective Bounds      |     Work
 Expl Unexpl |  Obj  Depth IntInf | Incumbent    BestBd   Gap | It/Node Time

     0     0 48775.1815    0  424 39489.5935 48775.1815  23.5%     -    0s
H    0     0                    41696.961637 48775.1815  17.0%     -    0s
H    0     0                    41999.838869 48775.1815  16.1%     -    0s
H    0     0                    42095.743172 48775.1815  15.9%     -    0s
H    0     0                    42312.760208 48775.1815  15.3%     -    0s
H    0     0                    43164.371624 48699.8425  12.8%     -    0s
     0     0 48699.8425    0  424 43164.3716 48699.8425  12.8%     -    0s
H    0     0                    43171.460004 48699.8425  12.8%     -    0s
     0     0 48641.2649    0  427 43171.4600 48641.2649  12.7%     -    0s
H    0     0                    43253.462676 48641.2649  12.5%     -    0s
     0     0 48641.2649    0  431 43253.4627 48641.2649  12.5%     -    0s
     0     0 48641.2649    0  430 43253.4627 48641.2649  12.5%     -    0s
     0     0 48468.8277    0  429 43253.4627 48468.8277  12.1%     -    0s
     0     0 48468.8277    0  429 43253.4627 48468.8277  12.1%     -    0s
     0     2 48468.8277    0  429 43253.4627 48468.8277  12.1%     -    0s
H   79    94                    43552.481341 48376.4043  11.1%   313    0s
H   82    94                    44474.299529 48376.4043  8.77%   311    0s
H  111   128                    44554.635137 48376.4043  8.58%   286    0s
H  131   140                    44685.352035 48376.4043  8.26%   268    0s
H  137   140                    45143.613523 48376.4043  7.16%   264    0s
H  164   165                    45158.163945 48376.4043  7.13%   244    0s
H  381   269                    45192.615567 48196.3667  6.65%   187    0s
H  386   269                    45245.849087 48196.3667  6.52%   189    0s
H  680   430                    45326.484566 48196.3667  6.33%   175    1s
H  896   573                    45388.342143 48104.0310  5.98%   171    1s
*  899   573              24    45436.210355 48104.0310  5.87%   171    1s
*  921   573              23    45463.490970 48104.0310  5.81%   168    1s
*  922   573              22    45508.685162 48104.0310  5.70%   168    1s
H 2936  1543                    45547.241224 47442.1910  4.16%   162    4s
  3403  1826 47406.2916   29  397 45547.2412 47442.1910  4.16%   174    5s
 12371  5641 46300.2761   33  326 45547.2412 47212.5981  3.66%   154   10s
 24966 11380 46150.0408   36  336 45547.2412 46957.6394  3.10%   147   15s
 39390 16174 46109.4300   31  319 45547.2412 46791.3221  2.73%   139   20s
 52200 20264 46182.9289   26  288 45547.2412 46694.6899  2.52%   136   29s
 54722 20896     cutoff   35      45547.2412 46675.0989  2.48%   136   30s
 70803 24758 45925.9678   32  316 45547.2412 46580.1275  2.27%   133   35s
 88802 28489     cutoff   39      45547.2412 46495.6990  2.08%   131   40s
 108977 31957 45685.8019   37  306 45547.2412 46425.6290  1.93%   129   45s
 128719 34720 45737.3269   34  319 45547.2412 46362.0855  1.79%   127   50s
 145503 36653 45951.7077   33  329 45547.2412 46315.4438  1.69%   126   55s
 164144 38484 45745.6376   37  351 45547.2412 46269.1873  1.59%   125   60s
 182059 39940 45977.7947   33  311 45547.2412 46227.7377  1.49%   124   65s
 205093 41057 45798.7225   36  315 45547.2412 46182.0137  1.39%   122   70s
 223000 41725     cutoff   40      45547.2412 46147.9856  1.32%   121   75s
 245471 42120 45810.3235   32  287 45547.2412 46110.9041  1.24%   120   80s
 263760 41947 45622.8855   31  295 45547.2412 46081.1321  1.17%   119   85s
 282929 41397     cutoff   33      45547.2412 46053.0922  1.11%   118   90s
 304999 40153     cutoff   34      45547.2412 46022.1372  1.04%   117   95s
 327747 38273     cutoff   40      45547.2412 45989.2916  0.97%   116  100s
 347578 36154 45815.4587   30  284 45547.2412 45960.1292  0.91%   115  105s
 366677 33200     cutoff   37      45547.2412 45932.7792  0.85%   114  110s
 387747 29404 45583.6990   36  281 45547.2412 45901.0399  0.78%   113  115s
*411613 21460              43    45640.761801 45861.6665  0.48%   112  119s
 414383 20209     cutoff   39      45640.7618 45856.2816  0.47%   112  120s

Cutting planes:
  Clique: 8
  Flow cover: 11

Explored 444954 nodes (48474665 simplex iterations) in 124.98 seconds (255.71 work units)
Thread count was 24 (of 24 available processors)

Solution count 10: 45640.8 45547.2 45508.7 ... 45158.2

Optimal solution found (tolerance 1.00e-04)
Best objective 4.564076180098e+04, best bound 4.564076180098e+04, gap 0.0000%

User-callback calls 897370, time in user-callback 0.47 sec
