
Gurobi 11.0.3 (linux64) logging started Tue Nov 25 23:41:48 2025

Set parameter LogFile to value "./log/train/CA_750_1100_0.7/CA_74.lp.log"
Set parameter TimeLimit to value 3600
Gurobi Optimizer version 11.0.3 build v11.0.3rc0 (linux64 - "Ubuntu 22.04.5 LTS")

CPU model: AMD Ryzen 9 9900X 12-Core Processor, instruction set [SSE2|AVX|AVX2|AVX512]
Thread count: 12 physical cores, 24 logical processors, using up to 24 threads

Optimize a model with 1182 rows, 750 columns and 4390 nonzeros
Model fingerprint: 0x13c778a3
Variable types: 0 continuous, 750 integer (750 binary)
Coefficient statistics:
  Matrix range     [1e+00, 1e+00]
  Objective range  [1e+01, 2e+03]
  Bounds range     [1e+00, 1e+00]
  RHS range        [1e+00, 1e+00]
Found heuristic solution: objective 33643.295576
Presolve removed 199 rows and 79 columns
Presolve time: 0.01s
Presolved: 983 rows, 671 columns, 4241 nonzeros
Found heuristic solution: objective 39244.767731
Variable types: 0 continuous, 671 integer (671 binary)
Found heuristic solution: objective 41081.950167

Root relaxation: objective 5.389803e+04, 2497 iterations, 0.10 seconds (0.23 work units)

    Nodes    |    Current Node    |     Objective Bounds      |     Work
 Expl Unexpl |  Obj  Depth IntInf | Incumbent    BestBd   Gap | It/Node Time

     0     0 53898.0312    0  464 41081.9502 53898.0312  31.2%     -    0s
H    0     0                    43861.924518 53898.0312  22.9%     -    0s
H    0     0                    44208.611660 53898.0312  21.9%     -    0s
H    0     0                    44609.493861 53898.0312  20.8%     -    0s
     0     0 53673.5297    0  463 44609.4939 53673.5297  20.3%     -    0s
     0     0 53673.5297    0  460 44609.4939 53673.5297  20.3%     -    0s
H    0     0                    45064.921722 53673.5297  19.1%     -    0s
     0     0 53667.4284    0  466 45064.9217 53667.4284  19.1%     -    0s
     0     0 53251.5830    0  466 45064.9217 53251.5830  18.2%     -    0s
     0     0 53251.5830    0  466 45064.9217 53251.5830  18.2%     -    0s
H    0     0                    45628.387620 53251.5830  16.7%     -    0s
     0     2 53251.5830    0  466 45628.3876 53251.5830  16.7%     -    0s
H   27    40                    45863.352800 53218.5380  16.0%   570    0s
H   33    40                    45969.933739 53218.5380  15.8%   526    0s
H   75    88                    46061.974497 53218.5380  15.5%   432    1s
H   78    88                    46203.603671 53218.5380  15.2%   431    1s
H  114   127                    46598.094544 53218.5380  14.2%   398    1s
H  121   127                    47009.858212 53218.5380  13.2%   386    1s
H  172   185                    47090.542987 53218.5380  13.0%   348    1s
*  238   226              23    47176.268003 53218.5380  12.8%   304    1s
H 1347   895                    47176.493712 52815.1696  12.0%   248    3s
H 1438   947                    47421.363623 52815.1696  11.4%   247    4s
  2457  1562 47925.4696   20  291 47421.3636 51955.4104  9.56%   239    5s
  3890  2327 51455.5346   39  434 47421.3636 51955.4104  9.56%   256   10s
 10496  5905 49801.1312   42  386 47421.3636 51306.0788  8.19%   220   15s
 18112 11346 49430.9387   32  373 47421.3636 50940.3540  7.42%   209   20s
 27371 17178 49203.2095   29  369 47421.3636 50730.1224  6.98%   205   25s
 36703 23186 49466.0696   33  385 47421.3636 50556.5942  6.61%   199   30s
 43004 26002     cutoff   44      47421.3636 50480.6340  6.45%   197   35s
 50642 31052 47664.3655   49  314 47421.3636 50381.2502  6.24%   196   47s
 57320 34547 48301.3647   52  362 47421.3636 50317.4007  6.11%   195   50s
 66363 39579 48902.4752   32  348 47421.3636 50219.0368  5.90%   194   55s
 78861 45650 48270.8748   38  326 47421.3636 50108.6390  5.67%   192   60s
 91052 51729     cutoff   37      47421.3636 50010.6048  5.46%   190   65s
 102321 57528 48989.2981   39  362 47421.3636 49946.5588  5.33%   189   70s
 115021 63622 48664.6729   39  337 47421.3636 49876.3671  5.18%   187   75s
 127176 68688     cutoff   31      47421.3636 49820.4143  5.06%   186   80s
 139924 74436 48061.2402   36  294 47421.3636 49766.5915  4.95%   185   85s
 152185 79663 48427.1067   32  335 47421.3636 49718.9543  4.85%   184   90s
 164996 85100 48431.2659   33  326 47421.3636 49675.0695  4.75%   182   95s
 176986 89464 48091.8557   39  321 47421.3636 49627.8331  4.65%   181  101s
*182802 91691              36    47427.872001 49609.7901  4.60%   180  103s
*182803 91673              36    47430.222885 49609.7901  4.60%   180  103s
 185241 93504 47764.8000   36  328 47430.2229 49602.4249  4.58%   180  105s
 197345 98614 48813.4729   40  334 47430.2229 49566.0662  4.50%   180  110s
 210330 103876 48275.1604   37  328 47430.2229 49529.2944  4.43%   179  115s
 221673 108389 47791.3136   48  362 47430.2229 49499.2475  4.36%   178  120s
 234775 113612 48314.0376   40  338 47430.2229 49466.9915  4.29%   178  125s
 247440 118424     cutoff   40      47430.2229 49440.8236  4.24%   177  130s
*256920 112824              33    47725.674785 49421.9804  3.55%   177  133s
 257374 112793     cutoff   34      47725.6748 49418.1121  3.55%   177  135s
 257851 118240 48511.0555   41  366 47725.6748 49416.9604  3.54%   176  141s
 285890 120711 48500.1701   54  372 47725.6748 49356.1752  3.42%   175  145s
 298466 123715 47872.0434   39  332 47725.6748 49328.9555  3.36%   174  150s
 311480 127000 48704.0099   36  367 47725.6748 49302.4217  3.30%   174  155s
 324293 130122 48274.1113   35  306 47725.6748 49278.6967  3.25%   174  160s
 340275 133490 47894.4551   35  315 47725.6748 49249.9266  3.19%   173  165s
 352267 136181     cutoff   49      47725.6748 49229.5974  3.15%   173  170s
 365980 139090 48459.3587   39  340 47725.6748 49206.6365  3.10%   172  175s
 378938 141906 48444.9639   44  316 47725.6748 49185.7788  3.06%   172  180s
 392245 145079 48014.2288   35  303 47725.6748 49165.1929  3.02%   171  185s
 405503 147541 48025.0104   42  327 47725.6748 49144.9241  2.97%   171  190s
 421832 150374     cutoff   44      47725.6748 49121.2086  2.92%   170  195s
 434634 152592     cutoff   38      47725.6748 49103.9307  2.89%   170  200s
 448312 155184 48742.5881   38  340 47725.6748 49086.2873  2.85%   169  205s
 463964 157649 47822.4011   41  333 47725.6748 49065.2834  2.81%   169  211s
 473360 159427 47995.8598   34  332 47725.6748 49052.2530  2.78%   168  215s
 486216 161576 47742.7124   34  305 47725.6748 49035.5782  2.74%   168  220s
 503101 164051 48044.1890   33  320 47725.6748 49015.3787  2.70%   168  225s
 516877 165943 47863.1345   42  324 47725.6748 48999.9957  2.67%   167  230s
 530892 167857     cutoff   43      47725.6748 48984.6790  2.64%   167  235s
 546992 170026 48206.7551   50  345 47725.6748 48965.5731  2.60%   166  240s
 561099 171606     cutoff   39      47725.6748 48951.2518  2.57%   166  245s
 575425 173270 47919.8227   40  365 47725.6748 48936.7175  2.54%   166  250s
 589325 174704 48024.2385   42  344 47725.6748 48923.2151  2.51%   165  255s
 601992 176219 48298.1048   59  356 47725.6748 48910.6087  2.48%   165  260s
 615929 177616     cutoff   39      47725.6748 48896.9974  2.45%   165  265s
 629672 179071     cutoff   49      47725.6748 48884.1528  2.43%   164  270s
 643873 180491     cutoff   36      47725.6748 48869.9280  2.40%   164  275s
 658523 182046 48151.0074   39  306 47725.6748 48856.6303  2.37%   163  280s
 672719 183394     cutoff   33      47725.6748 48843.4361  2.34%   163  285s
 687672 184449     cutoff   65      47725.6748 48829.9137  2.31%   163  290s
 702012 185516     cutoff   43      47725.6748 48817.7932  2.29%   163  295s
 717170 186542     cutoff   60      47725.6748 48805.6151  2.26%   162  300s
 730224 187417 47828.7626   49  335 47725.6748 48793.9597  2.24%   162  305s
 745485 188254 47783.4031   45  344 47725.6748 48781.4628  2.21%   162  310s
 760502 189031 47768.2976   41  315 47725.6748 48768.8469  2.19%   161  315s
 774418 189772 47823.3828   32  296 47725.6748 48757.5368  2.16%   161  320s
 790393 190545     cutoff   47      47725.6748 48745.6493  2.14%   161  325s
 808490 191437     cutoff   54      47725.6748 48731.0409  2.11%   160  330s
 824187 192072 48069.3870   43  332 47725.6748 48719.2636  2.08%   160  335s
 834598 192486     cutoff   45      47725.6748 48712.4001  2.07%   160  340s
 850859 193096 47742.5691   44  322 47725.6748 48699.4924  2.04%   159  345s
 867074 193556 47859.8763   44  330 47725.6748 48688.0105  2.02%   159  350s
 882595 193917 47996.6886   34  274 47725.6748 48677.1805  1.99%   159  355s
 898755 194205 47765.4354   41  341 47725.6748 48665.4409  1.97%   158  360s
 914510 194321 47794.8881   41  305 47725.6748 48654.4598  1.95%   158  366s
 927210 194388 48091.8020   34  281 47725.6748 48646.2633  1.93%   158  370s
 942227 194468 48310.0159   32  296 47725.6748 48635.5870  1.91%   157  375s
 956031 194504 47966.8309   54  361 47725.6748 48626.6034  1.89%   157  380s
 972124 194389 47802.2776   43  315 47725.6748 48615.9264  1.87%   157  385s
 988691 194190 48154.9183   43  334 47725.6748 48604.4029  1.84%   157  390s
 1004793 193924     cutoff   47      47725.6748 48593.9249  1.82%   156  395s
 1021615 193597 48114.2752   40  343 47725.6748 48582.9059  1.80%   156  400s
 1037925 193290     cutoff   41      47725.6748 48571.7992  1.77%   156  405s
 1053308 192748     cutoff   44      47725.6748 48561.3774  1.75%   155  410s
 1064644 192361     cutoff   43      47725.6748 48554.2894  1.74%   155  415s
 1081462 191635     cutoff   42      47725.6748 48543.2115  1.71%   155  420s
 1095660 190939 48116.1256   36  330 47725.6748 48534.1847  1.69%   155  425s
 1113060 190039 48087.8761   39  323 47725.6748 48523.4489  1.67%   154  431s
 1130209 189062     cutoff   51      47725.6748 48512.7295  1.65%   154  435s
 1143988 188149     cutoff   40      47725.6748 48503.7862  1.63%   154  440s
 1161512 187110 48205.5839   46  321 47725.6748 48493.1195  1.61%   154  445s
 1177269 185889     cutoff   54      47725.6748 48483.4261  1.59%   153  450s
 1192018 184851     cutoff   46      47725.6748 48474.3290  1.57%   153  455s
 1209878 183383     cutoff   50      47725.6748 48463.6187  1.55%   153  460s
 1227631 181679 47798.9902   36  308 47725.6748 48452.2227  1.52%   152  465s
 1244310 180127 47726.2876   33  326 47725.6748 48442.2218  1.50%   152  470s
 1259484 178582     cutoff   44      47725.6748 48432.6247  1.48%   152  475s
 1275450 176727 48000.0339   49  367 47725.6748 48423.1141  1.46%   152  480s
 1294786 174635 47926.4913   36  267 47725.6748 48411.2748  1.44%   151  485s
 1309422 172793 47906.8116   40  343 47725.6748 48402.3932  1.42%   151  490s
 1327502 170525     cutoff   41      47725.6748 48391.4299  1.39%   151  495s
 1345551 168115     cutoff   42      47725.6748 48380.3389  1.37%   151  500s
 1363538 165534 47868.2359   40  330 47725.6748 48368.5484  1.35%   150  505s
 1381698 162731     cutoff   42      47725.6748 48357.4337  1.32%   150  510s
 1399649 160066 47897.0457   50  355 47725.6748 48345.7802  1.30%   150  515s
 1415687 156955     cutoff   34      47725.6748 48335.7127  1.28%   150  520s
 1431220 154284     cutoff   56      47725.6748 48326.1120  1.26%   149  525s
 1449482 150785 48191.2305   39  337 47725.6748 48313.7411  1.23%   149  530s
 1467690 147158     cutoff   48      47725.6748 48301.7403  1.21%   149  535s
 1485777 143452     cutoff   37      47725.6748 48290.3420  1.18%   149  540s
 1495831 141027     cutoff   37      47725.6748 48284.7338  1.17%   148  545s
 1517169 136081     cutoff   33      47725.6748 48268.8134  1.14%   148  551s
 1532943 132250     cutoff   44      47725.6748 48257.5897  1.11%   148  555s
 1552296 127190 47770.9972   41  326 47725.6748 48243.1951  1.08%   148  561s
 1567693 123001     cutoff   39      47725.6748 48231.6944  1.06%   147  565s
 1587448 117676 47755.5056   46  341 47725.6748 48215.6657  1.03%   147  570s
 1602699 112382     cutoff   48      47725.6748 48203.0567  1.00%   147  575s
 1618102 107321 47827.4364   40  325 47725.6748 48189.8258  0.97%   147  580s
 1639383 100050     cutoff   40      47725.6748 48170.7418  0.93%   146  585s
 1660027 92294 48049.7254   33  342 47725.6748 48150.6082  0.89%   146  591s
 1676276 85552     cutoff   46      47725.6748 48133.3358  0.85%   146  595s
 1696221 76751 47871.9929   42  329 47725.6748 48109.7160  0.80%   146  600s
 1713229 68480     cutoff   43      47725.6748 48087.9375  0.76%   145  605s
 1733096 57965     cutoff   35      47725.6748 48056.5117  0.69%   145  610s
 1755534 45075     cutoff   38      47725.6748 48014.4668  0.61%   144  615s
 1776422 31631     cutoff   35      47725.6748 47960.1259  0.49%   144  620s
 1802557 12331     cutoff   40      47725.6748 47852.4340  0.27%   143  625s

Cutting planes:
  Clique: 8
  Flow cover: 29
  RLT: 1

Explored 1819379 nodes (257771756 simplex iterations) in 626.45 seconds (1421.06 work units)
Thread count was 24 (of 24 available processors)

Solution count 10: 47725.7 47430.2 47427.9 ... 46203.6

Optimal solution found (tolerance 1.00e-04)
Best objective 4.772567478458e+04, best bound 4.772567478458e+04, gap 0.0000%

User-callback calls 3671622, time in user-callback 2.06 sec
