
Gurobi 11.0.3 (linux64) logging started Tue Nov 25 23:11:56 2025

Set parameter LogFile to value "./log/train/CA_750_1100_0.7/CA_73.lp.log"
Set parameter TimeLimit to value 3600
Gurobi Optimizer version 11.0.3 build v11.0.3rc0 (linux64 - "Ubuntu 22.04.5 LTS")

CPU model: AMD Ryzen 9 9900X 12-Core Processor, instruction set [SSE2|AVX|AVX2|AVX512]
Thread count: 12 physical cores, 24 logical processors, using up to 24 threads

Optimize a model with 1177 rows, 750 columns and 4292 nonzeros
Model fingerprint: 0x95288ce1
Variable types: 0 continuous, 750 integer (750 binary)
Coefficient statistics:
  Matrix range     [1e+00, 1e+00]
  Objective range  [2e-01, 1e+03]
  Bounds range     [1e+00, 1e+00]
  RHS range        [1e+00, 1e+00]
Found heuristic solution: objective 32991.721819
Presolve removed 222 rows and 66 columns
Presolve time: 0.01s
Presolved: 955 rows, 684 columns, 4070 nonzeros
Found heuristic solution: objective 38419.682016
Variable types: 0 continuous, 684 integer (684 binary)
Found heuristic solution: objective 40229.935863

Root relaxation: objective 5.250640e+04, 2484 iterations, 0.11 seconds (0.24 work units)

    Nodes    |    Current Node    |     Objective Bounds      |     Work
 Expl Unexpl |  Obj  Depth IntInf | Incumbent    BestBd   Gap | It/Node Time

     0     0 52506.3968    0  457 40229.9359 52506.3968  30.5%     -    0s
H    0     0                    40928.287114 52506.3968  28.3%     -    0s
     0     0 52327.3354    0  480 40928.2871 52327.3354  27.9%     -    0s
     0     0 52226.7093    0  478 40928.2871 52226.7093  27.6%     -    0s
H    0     0                    40972.318743 52226.7093  27.5%     -    0s
     0     0 52007.0878    0  479 40972.3187 52007.0878  26.9%     -    0s
     0     0 52007.0878    0  479 40972.3187 52007.0878  26.9%     -    0s
H    0     0                    41215.289591 52007.0878  26.2%     -    0s
     0     2 52007.0878    0  479 41215.2896 52007.0878  26.2%     -    0s
H   27    40                    41318.590033 51904.9845  25.6%   540    0s
H   30    40                    41531.799503 51904.1531  25.0%   526    0s
H   34    40                    41844.050554 51904.1531  24.0%   492    0s
H   75    88                    42275.301213 51824.1663  22.6%   392    0s
H   76    88                    42615.439885 51824.1663  21.6%   390    0s
H   80    88                    43119.862677 51824.1663  20.2%   385    0s
H  114   127                    43709.491675 51824.1663  18.6%   375    1s
H  114   127                    44321.349254 51824.1663  16.9%   375    1s
H  161   174                    44408.245176 51824.1663  16.7%   348    1s
H  163   174                    44886.383000 51824.1663  15.5%   346    1s
H  275   293                    45109.820355 51824.1663  14.9%   292    1s
H  278   293                    45149.681237 51824.1663  14.8%   289    1s
H  317   323                    45633.279245 51824.1663  13.6%   269    1s
H  388   352                    45798.335325 51824.1663  13.2%   250    1s
*  415   366              29    45912.078992 51824.1663  12.9%   249    1s
H  519   447                    46235.587236 51824.1663  12.1%   249    2s
H  521   447                    46379.435167 51824.1663  11.7%   249    2s
  2291  1501 48121.9618   16  479 46379.4352 50896.0058  9.74%   229    5s
H 2470  1569                    46468.760244 50896.0058  9.53%   240    6s
  4204  2497 49317.0292   42  406 46468.7602 50896.0058  9.53%   258   10s
 11059  6554 49622.9637   33  416 46468.7602 50567.1810  8.82%   228   15s
 18469 11942 49111.4084   23  350 46468.7602 50237.7228  8.11%   212   20s
 27731 18066 48665.9837   23  379 46468.7602 49980.7052  7.56%   205   25s
 37528 23682 49097.9002   32  388 46468.7602 49810.7111  7.19%   202   30s
 43911 27795 47269.8168   33  319 46468.7602 49727.8160  7.01%   200   35s
 51600 30976 48803.9303   28  479 46468.7602 49653.0017  6.85%   198   48s
 51611 30983 46555.7536   32  514 46468.7602 49653.0017  6.85%   198   50s
 52367 31480 49653.0017   33  436 46468.7602 49653.0017  6.85%   200   55s
 52782 31622 48862.3459   38  398 46468.7602 49653.0017  6.85%   200   62s
 54259 32337 48115.2200   47  382 46468.7602 49653.0017  6.85%   201   65s
 62166 34807 48970.7377   29  377 46468.7602 49653.0017  6.85%   200   70s
 71932 38006 47632.4267   35  334 46468.7602 49633.2875  6.81%   199   75s
 77411 39213 48191.9829   37  358 46468.7602 49558.0029  6.65%   199   80s
 85421 42251 46519.7232   52  341 46468.7602 49440.1924  6.39%   198   85s
 95011 44782 47690.6953   46  374 46468.7602 49335.9947  6.17%   196   90s
 106369 47610 47402.9549   55  385 46468.7602 49241.9194  5.97%   194   95s
 118302 50313 47892.5428   45  381 46468.7602 49152.8216  5.78%   193  100s
 128154 52463 48583.4172   36  370 46468.7602 49085.3122  5.63%   192  105s
 141703 54593 48428.1123   41  361 46468.7602 49012.3481  5.47%   190  110s
 150224 58228 47621.3413   41  335 46468.7602 48974.2244  5.39%   189  115s
 163705 65183 46483.8546   46  298 46468.7602 48911.2183  5.26%   188  120s
 175858 71705 47937.5738   36  368 46468.7602 48869.3261  5.17%   187  125s
 188886 78105 47217.6705   50  351 46468.7602 48825.6423  5.07%   186  130s
 198445 83107 46777.0042   53  317 46468.7602 48796.2075  5.01%   185  135s
 211373 89380 47709.3112   48  381 46468.7602 48757.4882  4.93%   184  140s
 223813 95790     cutoff   52      46468.7602 48726.3638  4.86%   183  145s
 237008 102109 46799.8848   44  299 46468.7602 48694.3570  4.79%   182  150s
 249808 107679 47183.5542   42  343 46468.7602 48667.4511  4.73%   181  155s
 262550 113599 46614.0809   44  316 46468.7602 48637.3924  4.67%   181  160s
 274979 119041 47235.4038   45  349 46468.7602 48612.9638  4.61%   180  165s
 288304 124469 46731.9571   46  324 46468.7602 48590.8028  4.57%   179  170s
 301659 130941 46837.1674   41  325 46468.7602 48565.1264  4.51%   178  175s
 312590 135912 47164.0542   47  363 46468.7602 48544.1226  4.47%   178  180s
 325393 141496 46758.1874   54  330 46468.7602 48522.4473  4.42%   177  185s
 338568 147578 47982.8211   49  372 46468.7602 48500.0174  4.37%   176  190s
 351011 153145 47877.7623   42  352 46468.7602 48481.4859  4.33%   176  195s
 364212 158774 47082.5464   48  319 46468.7602 48462.3544  4.29%   175  200s
 376921 163926 46569.6266   40  278 46468.7602 48446.0346  4.26%   175  205s
 390567 169641 47717.5824   38  362 46468.7602 48431.3123  4.22%   174  210s
H394919 166318                    46651.049839 48425.9310  3.80%   174  211s
*394920 166022              46    46661.075453 48425.9310  3.78%   174  211s
 401831 169035 47735.2451   38  327 46661.0755 48415.1486  3.76%   174  215s
 415676 173788 47645.6874   54  349 46661.0755 48396.0940  3.72%   173  220s
 428784 178509 47410.7091   38  356 46661.0755 48378.5376  3.68%   173  225s
 442187 183418 47115.5247   36  322 46661.0755 48361.3728  3.64%   173  230s
 455405 188121 47112.1184   40  309 46661.0755 48345.8414  3.61%   172  235s
 467634 192791 47794.3843   36  350 46661.0755 48331.7820  3.58%   172  240s
 483119 197772 47533.0644   53  351 46661.0755 48312.3172  3.54%   171  245s
 492039 205398 47772.2619   40  367 46661.0755 48303.4488  3.52%   171  254s
 509215 206366     cutoff   52      46661.0755 48286.0660  3.48%   170  255s
 520929 209928 47372.4005   37  329 46661.0755 48272.9119  3.45%   170  260s
 533661 214073 47654.1502   45  347 46661.0755 48259.7100  3.43%   170  265s
 547629 218374 46836.9050   47  313 46661.0755 48246.9626  3.40%   169  270s
 561007 222626 46901.0620   45  369 46661.0755 48234.4263  3.37%   169  275s
 574720 227036 47104.7629   47  365 46661.0755 48221.0830  3.34%   169  280s
 588283 231160 46763.5389   56  321 46661.0755 48209.0225  3.32%   168  285s
 602248 235242 47203.9778   44  324 46661.0755 48196.7708  3.29%   168  290s
 615944 239804 47085.3190   46  353 46661.0755 48186.4515  3.27%   168  295s
 630580 243999 47441.6943   39  363 46661.0755 48174.9559  3.24%   167  300s
 644328 247625 47392.8621   42  346 46661.0755 48164.3679  3.22%   167  305s
 658508 251990     cutoff   47      46661.0755 48152.3839  3.20%   167  310s
 672286 256283 46791.5153   39  316 46661.0755 48141.4461  3.17%   166  315s
 686650 260526 46919.6809   45  314 46661.0755 48130.7966  3.15%   166  320s
 697845 263023     cutoff   51      46661.0755 48123.3074  3.13%   166  325s
 710284 267229     cutoff   44      46661.0755 48114.0418  3.11%   165  330s
 724398 271376 46918.4960   49  345 46661.0755 48103.8097  3.09%   165  335s
 738916 275443     cutoff   55      46661.0755 48093.7015  3.07%   165  340s
 753131 279429 46682.1926   41  269 46661.0755 48084.8518  3.05%   165  345s
 767950 283346     cutoff   53      46661.0755 48074.9664  3.03%   164  350s
 782814 287130     cutoff   49      46661.0755 48065.5605  3.01%   164  355s
 796980 290831 46985.9962   38  305 46661.0755 48057.0249  2.99%   164  360s
 811739 294710 46675.2749   45  363 46661.0755 48048.1076  2.97%   163  365s
 822044 297552 47781.4701   35  301 46661.0755 48041.6569  2.96%   163  370s
 837432 301779 46867.1721   36  290 46661.0755 48032.3483  2.94%   163  375s
 852175 305519 46998.6661   49  362 46661.0755 48023.5150  2.92%   163  380s
 864721 308394 47210.6998   41  331 46661.0755 48016.8144  2.91%   163  385s
 882215 312905     cutoff   47      46661.0755 48006.3046  2.88%   162  390s
 892190 315249 47590.9198   50  369 46661.0755 48001.0417  2.87%   162  395s
 908167 319165 46848.5897   41  311 46661.0755 47992.1962  2.85%   162  400s
 923691 322959 47539.6814   43  337 46661.0755 47983.7723  2.83%   162  406s
 938601 326492 46677.8859   46  288 46661.0755 47976.3369  2.82%   161  411s
 954205 330011     cutoff   56      46661.0755 47968.9075  2.80%   161  416s
 966280 333221     cutoff   49      46661.0755 47963.0120  2.79%   161  420s
 981813 336539     cutoff   42      46661.0755 47955.6005  2.77%   161  425s
 993682 339531     cutoff   44      46661.0755 47949.1487  2.76%   161  430s
 1009495 342863 47089.2757   50  369 46661.0755 47941.7091  2.74%   160  435s
 1023775 346100 47357.7284   42  340 46661.0755 47934.7804  2.73%   160  440s
 1037524 349092 46784.8276   59  331 46661.0755 47928.6473  2.72%   160  445s
 1050716 351447 47211.6857   44  330 46661.0755 47921.8402  2.70%   160  450s
 1064504 354827 46929.1045   42  296 46661.0755 47915.6520  2.69%   160  455s
 1077871 357455     cutoff   49      46661.0755 47909.5478  2.68%   160  460s
 1093483 360881 47224.1923   37  344 46661.0755 47902.6506  2.66%   159  465s
 1106625 363851 47054.7995   37  332 46661.0755 47896.7982  2.65%   159  470s
 1122415 367405 47312.9018   44  329 46661.0755 47890.0022  2.63%   159  475s
 1138870 371049 47181.8274   43  338 46661.0755 47883.1982  2.62%   159  480s
 1152748 373803 47336.0315   50  369 46661.0755 47877.3930  2.61%   159  485s
 1168577 376933 46733.1983   48  357 46661.0755 47870.9114  2.59%   158  490s
 1182169 379574     cutoff   49      46661.0755 47865.7222  2.58%   158  495s
 1198199 382673 47032.5473   39  298 46661.0755 47858.9675  2.57%   158  500s
 1209062 384888 47087.2611   47  336 46661.0755 47854.9367  2.56%   158  505s
 1225674 388040 46975.1322   55  327 46661.0755 47848.1060  2.54%   158  511s
 1239360 390640     cutoff   44      46661.0755 47842.9106  2.53%   158  515s
 1256224 393785 46681.9006   39  295 46661.0755 47836.8224  2.52%   157  520s
 1270109 396365 46681.9138   54  318 46661.0755 47831.1470  2.51%   157  525s
 1287487 399640 47372.2412   43  356 46661.0755 47824.6548  2.49%   157  530s
 1303862 402678 46866.5386   41  324 46661.0755 47818.7547  2.48%   157  536s
 1318022 405151 47074.3997   46  308 46661.0755 47813.6043  2.47%   157  540s
 1331364 407591 47153.4286   38  336 46661.0755 47808.9191  2.46%   156  545s
 1348829 410945 47087.6762   49  350 46661.0755 47802.5487  2.45%   156  550s
 1365965 413636 46848.9941   54  352 46661.0755 47796.5547  2.43%   156  556s
 1379495 416476 46799.7682   57  360 46661.0755 47791.9825  2.42%   156  560s
 1394456 418977 47271.3438   45  325 46661.0755 47787.1171  2.41%   156  565s
 1412518 421751 47117.9776   49  365 46661.0755 47781.3125  2.40%   156  570s
 1427364 424087 47011.0735   48  314 46661.0755 47776.4880  2.39%   155  575s
 1441033 426591 47236.9585   35  323 46661.0755 47771.7889  2.38%   155  580s
 1455892 429181 46841.4889   44  313 46661.0755 47767.2826  2.37%   155  585s
 1473464 431779     cutoff   49      46661.0755 47761.5929  2.36%   155  591s
 1487128 434234 46920.5770   42  332 46661.0755 47757.0127  2.35%   155  595s
 1500287 437153     cutoff   50      46661.0755 47753.0668  2.34%   155  602s
 1513954 438338 47303.5543   43  334 46661.0755 47748.6238  2.33%   155  605s
 1533099 441413 46757.1885   39  303 46661.0755 47742.3085  2.32%   154  611s
 1547488 443435     cutoff   54      46661.0755 47737.9146  2.31%   154  615s
 1566061 446281 46892.9339   44  322 46661.0755 47732.3195  2.30%   154  621s
 1581019 448577     cutoff   50      46661.0755 47727.9848  2.29%   154  625s
 1595349 450737     cutoff   49      46661.0755 47723.8005  2.28%   154  630s
 1614073 453508 46988.1382   47  342 46661.0755 47718.4873  2.27%   154  636s
 1628460 455688 46985.1734   42  346 46661.0755 47714.1147  2.26%   154  641s
 1643374 457549     cutoff   55      46661.0755 47710.1078  2.25%   153  645s
 1655354 459339 46759.5536   51  355 46661.0755 47706.5654  2.24%   153  650s
 1674004 461815 46980.2490   42  349 46661.0755 47701.2740  2.23%   153  655s
 1689014 463861     cutoff   39      46661.0755 47696.8972  2.22%   153  660s
 1703475 465866 46971.4520   38  321 46661.0755 47692.7227  2.21%   153  665s
 1722407 468399 46674.4122   56  305 46661.0755 47687.2965  2.20%   153  670s
 1737361 470337     cutoff   57      46661.0755 47683.2217  2.19%   153  675s
 1749466 472012     cutoff   52      46661.0755 47679.9772  2.18%   152  680s
 1765709 473950 47250.6132   42  330 46661.0755 47675.9201  2.17%   152  685s
 1783507 476364 46830.9527   39  317 46661.0755 47670.8942  2.16%   152  690s
 1798487 478157     cutoff   47      46661.0755 47666.8369  2.16%   152  695s
 1814933 480247 46710.0133   55  354 46661.0755 47662.6779  2.15%   152  701s
 1829900 482020 47214.3783   48  362 46661.0755 47658.9457  2.14%   152  705s
 1844911 483876     cutoff   55      46661.0755 47655.0054  2.13%   152  710s
 1859132 485550 47034.6138   49  360 46661.0755 47651.2931  2.12%   152  715s
 1874302 487372 46999.6785   44  344 46661.0755 47647.4767  2.11%   151  720s
 1892171 489636 46885.8697   43  300 46661.0755 47643.0497  2.10%   151  725s
 1910583 491654 47081.9888   35  343 46661.0755 47638.5046  2.09%   151  731s
 1925815 493158 47229.1821   34  315 46661.0755 47634.7312  2.09%   151  735s
 1938560 494560 46874.2603   49  343 46661.0755 47631.4682  2.08%   151  740s
 1954109 496397     cutoff   41      46661.0755 47627.7799  2.07%   151  745s
 1968385 497952     cutoff   42      46661.0755 47624.0382  2.06%   151  750s
 1987119 499858 46950.0558   45  341 46661.0755 47619.5419  2.05%   151  755s
 2002289 501386 47141.3162   42  332 46661.0755 47615.6944  2.05%   150  760s
 2020157 502926 46759.0146   48  312 46661.0755 47611.5584  2.04%   150  766s
 2029410 503982 46914.7994   40  342 46661.0755 47609.3980  2.03%   150  770s
 2047281 505775     cutoff   48      46661.0755 47605.2127  2.02%   150  775s
 2059834 507030     cutoff   46      46661.0755 47602.2839  2.02%   150  780s
 2079556 508884 47095.3414   57  363 46661.0755 47597.6348  2.01%   150  786s
 2094697 510321 46673.5418   45  308 46661.0755 47594.2633  2.00%   150  790s
 2113416 511959 46687.7505   47  290 46661.0755 47589.8629  1.99%   150  796s
 2127981 513280     cutoff   54      46661.0755 47586.7394  1.98%   150  800s
 2146561 514867     cutoff   43      46661.0755 47582.5698  1.97%   149  805s
 2161611 516224     cutoff   41      46661.0755 47579.3414  1.97%   149  810s
 2179644 517677 47133.1285   41  325 46661.0755 47575.1359  1.96%   149  815s
 2198406 519030 46692.3050   50  341 46661.0755 47570.9766  1.95%   149  820s
 2211184 520003 47028.6946   44  330 46661.0755 47568.3674  1.94%   149  825s
 2230035 521509 47230.2249   52  341 46661.0755 47564.1591  1.94%   149  830s
 2245216 522840 46818.2655   49  354 46661.0755 47561.0662  1.93%   149  835s
 2263333 524255 47192.1769   38  307 46661.0755 47557.0862  1.92%   149  840s
 2282045 525633     cutoff   52      46661.0755 47552.9426  1.91%   148  845s
 2297037 526737 47124.2162   39  313 46661.0755 47549.7491  1.90%   148  850s
 2315037 527922     cutoff   40      46661.0755 47545.9984  1.90%   148  855s
 2330146 528843     cutoff   39      46661.0755 47542.8300  1.89%   148  860s
 2345205 529739 47099.2937   37  320 46661.0755 47539.8456  1.88%   148  865s
 2359383 530758 46805.8954   34  291 46661.0755 47536.7277  1.88%   148  870s
 2375792 531709 46966.1063   41  347 46661.0755 47533.5324  1.87%   148  875s
 2395415 533045 46688.0641   51  321 46661.0755 47529.0903  1.86%   148  881s
 2410545 533781     cutoff   42      46661.0755 47526.0904  1.85%   148  885s
 2429015 534762 46987.8146   49  331 46661.0755 47522.1583  1.85%   147  890s
 2447384 535874     cutoff   54      46661.0755 47518.4895  1.84%   147  896s
 2462536 536660 46722.1722   43  315 46661.0755 47515.5375  1.83%   147  900s
 2477644 537457     cutoff   46      46661.0755 47512.5041  1.82%   147  905s
 2494654 538332     cutoff   59      46661.0755 47509.3836  1.82%   147  910s
 2510020 539127 46890.1828   37  295 46661.0755 47506.2890  1.81%   147  915s
 2524531 539875 46792.7968   44  331 46661.0755 47503.3909  1.81%   147  920s
 2543278 540740 46699.5193   50  324 46661.0755 47499.6565  1.80%   147  925s
 2561869 541609 46760.0110   45  306 46661.0755 47496.0441  1.79%   147  930s
 2576221 542305 47083.9287   44  344 46661.0755 47493.1022  1.78%   147  935s
 2594870 542989 47202.7599   43  334 46661.0755 47489.6799  1.78%   146  940s
 2609906 543668 47007.1940   51  344 46661.0755 47486.8703  1.77%   146  945s
 2626866 544280 46796.1497   45  313 46661.0755 47483.4805  1.76%   146  950s
 2645613 544959 46993.0958   53  338 46661.0755 47479.9479  1.75%   146  955s
 2660674 545370     cutoff   50      46661.0755 47477.0905  1.75%   146  960s
 2678472 545969 46858.2069   47  314 46661.0755 47473.6072  1.74%   146  965s
 2697216 546499 46759.4328   38  316 46661.0755 47470.2496  1.73%   146  970s
 2709939 546827 46785.9691   48  337 46661.0755 47467.9504  1.73%   146  975s
 2728606 547412 47121.1151   49  338 46661.0755 47464.4193  1.72%   146  980s
 2741818 547818 46671.8705   67  352 46661.0755 47462.0151  1.72%   146  985s
 2759888 548221     cutoff   53      46661.0755 47458.6082  1.71%   145  990s
 2778481 548582     cutoff   45      46661.0755 47455.2692  1.70%   145  995s
 2793693 548977     cutoff   58      46661.0755 47452.4935  1.70%   145 1000s
 2811697 549352 46897.6196   51  348 46661.0755 47449.3497  1.69%   145 1005s
 2830386 549701     cutoff   40      46661.0755 47445.6199  1.68%   145 1011s
 2844768 549807 46722.4998   47  334 46661.0755 47443.0996  1.68%   145 1015s
 2861701 550061 47166.9638   45  327 46661.0755 47440.0586  1.67%   145 1020s
 2876947 550102 46706.6228   44  329 46661.0755 47437.4477  1.66%   145 1025s
 2895640 550219     cutoff   49      46661.0755 47434.1106  1.66%   145 1030s
 2910894 550293 47192.3150   41  316 46661.0755 47431.4395  1.65%   145 1035s
 2928744 550463 46895.6639   46  307 46661.0755 47428.2277  1.64%   145 1040s
 2947520 550595 46775.6262   49  317 46661.0755 47424.9449  1.64%   144 1045s
 2961948 550672 46798.2225   44  321 46661.0755 47422.3553  1.63%   144 1050s
 2980625 550667     cutoff   41      46661.0755 47418.9980  1.62%   144 1055s
 2993175 550655 46925.5456   50  293 46661.0755 47416.8049  1.62%   144 1060s
 3010050 550502 46743.7868   51  365 46661.0755 47413.7660  1.61%   144 1065s
 3029272 550545 46882.9551   50  331 46661.0755 47410.5013  1.61%   144 1070s
 3043549 550491     cutoff   43      46661.0755 47408.1532  1.60%   144 1075s
 3062140 550355 47039.7663   37  330 46661.0755 47404.9062  1.59%   144 1080s
 3080863 550146 46886.4153   55  354 46661.0755 47401.6266  1.59%   144 1085s
 3098914 549964 47144.9058   44  334 46661.0755 47398.4593  1.58%   144 1090s
 3113272 549827     cutoff   44      46661.0755 47396.1087  1.58%   144 1095s
 3131348 549530     cutoff   42      46661.0755 47393.0264  1.57%   143 1100s
 3149299 549374 46674.8593   53  351 46661.0755 47390.1039  1.56%   143 1105s
 3165694 549061     cutoff   45      46661.0755 47387.2466  1.56%   143 1110s
 3184209 548671 46793.4206   50  353 46661.0755 47384.2375  1.55%   143 1115s
 3202115 548280     cutoff   51      46661.0755 47381.2154  1.54%   143 1120s
 3220779 547916 46694.7551   44  306 46661.0755 47378.0854  1.54%   143 1125s
 3238684 547454 46977.4511   51  360 46661.0755 47375.1331  1.53%   143 1130s
 3256627 547072     cutoff   48      46661.0755 47372.0911  1.52%   143 1135s
 3270956 546758     cutoff   50      46661.0755 47369.8376  1.52%   143 1140s
 3289779 546254 46750.9596   54  313 46661.0755 47366.7122  1.51%   143 1145s
 3306385 545684 46734.0727   46  298 46661.0755 47364.0423  1.51%   143 1150s
 3321165 545160 46935.5452   49  328 46661.0755 47361.5466  1.50%   142 1155s
 3339148 544556 46783.4954   39  328 46661.0755 47358.3467  1.49%   142 1160s
 3355630 543985 46742.3896   49  323 46661.0755 47355.6981  1.49%   142 1166s
 3370836 543414     cutoff   44      46661.0755 47353.1391  1.48%   142 1170s
 3389123 542674 46892.4261   52  347 46661.0755 47350.0667  1.48%   142 1175s
 3407074 541938 46957.1554   43  371 46661.0755 47347.0479  1.47%   142 1180s
 3422283 541502     cutoff   55      46661.0755 47344.6463  1.46%   142 1185s
 3438702 540566 47009.4175   42  333 46661.0755 47342.1285  1.46%   142 1190s
 3446187 540393     cutoff   57      46661.0755 47340.9288  1.46%   142 1196s
 3457399 539580 46792.6199   46  329 46661.0755 47338.8612  1.45%   142 1200s
 3475582 538644     cutoff   56      46661.0755 47335.8752  1.45%   142 1205s
 3493502 537647 46742.9818   56  333 46661.0755 47332.8515  1.44%   142 1210s
 3507915 536849 46812.0135   43  348 46661.0755 47330.6021  1.43%   142 1215s
 3525955 535874 47043.5648   51  355 46661.0755 47327.7491  1.43%   142 1220s
 3544051 534874 46889.9324   48  352 46661.0755 47324.8849  1.42%   141 1225s
 3562062 533771 46715.9885   42  322 46661.0755 47321.8750  1.42%   141 1230s
 3577567 532808 46822.4689   55  345 46661.0755 47319.4543  1.41%   141 1235s
 3596827 531707 46845.8813   38  312 46661.0755 47316.2702  1.40%   141 1240s
 3615186 530552     cutoff   44      46661.0755 47313.4585  1.40%   141 1245s
 3629543 529545 46884.3256   45  335 46661.0755 47311.1508  1.39%   141 1250s
 3647593 528249     cutoff   53      46661.0755 47308.2635  1.39%   141 1255s
 3665406 527160 46800.2786   45  331 46661.0755 47305.4052  1.38%   141 1260s
 3682038 525645     cutoff   42      46661.0755 47302.7576  1.38%   141 1265s
 3696699 524531 46907.2666   40  304 46661.0755 47300.2829  1.37%   141 1270s
 3714838 523312     cutoff   45      46661.0755 47297.4272  1.36%   141 1275s
 3731830 521797 46950.4401   47  338 46661.0755 47294.6382  1.36%   141 1280s
 3750110 520242     cutoff   43      46661.0755 47291.7600  1.35%   141 1285s
 3768118 518807 46679.6596   43  324 46661.0755 47288.9414  1.35%   140 1290s
 3790022 517050     cutoff   49      46661.0755 47285.6733  1.34%   140 1295s
 3807868 515581     cutoff   52      46661.0755 47282.8783  1.33%   140 1300s
 3825710 513975     cutoff   44      46661.0755 47280.0399  1.33%   140 1305s
 3843506 512576 46883.6755   47  361 46661.0755 47277.2786  1.32%   140 1310s
 3860368 510737 46776.0093   45  283 46661.0755 47274.5715  1.31%   140 1315s
 3878809 509005 46878.3867   41  300 46661.0755 47271.6960  1.31%   140 1320s
 3896865 507197     cutoff   50      46661.0755 47268.7777  1.30%   140 1325s
 3914992 505498     cutoff   41      46661.0755 47265.8785  1.30%   140 1331s
 3929407 504011 47021.8191   42  356 46661.0755 47263.7767  1.29%   140 1335s
 3947375 502245     cutoff   43      46661.0755 47260.8275  1.29%   140 1340s
 3965322 500318     cutoff   55      46661.0755 47257.9268  1.28%   140 1345s
 3980748 498534     cutoff   51      46661.0755 47255.4412  1.27%   140 1350s
 4000134 496515     cutoff   48      46661.0755 47252.4630  1.27%   140 1355s
 4012977 495137     cutoff   47      46661.0755 47250.2957  1.26%   139 1360s
 4031747 492928     cutoff   49      46661.0755 47247.2841  1.26%   139 1365s
 4049962 490896 46764.2247   50  311 46661.0755 47244.4010  1.25%   139 1370s
 4068014 488830 46825.8904   54  314 46661.0755 47241.5219  1.24%   139 1375s
 4085911 486544 46702.5627   48  306 46661.0755 47238.6511  1.24%   139 1380s
 4103905 484560 46960.1410   50  311 46661.0755 47235.7254  1.23%   139 1385s
 4120613 482146 46803.1190   51  335 46661.0755 47233.0863  1.23%   139 1390s
 4139037 479785 46830.7562   48  338 46661.0755 47230.2416  1.22%   139 1395s
 4160539 476986 46906.8965   50  298 46661.0755 47226.8892  1.21%   139 1400s
 4175077 475056 46901.3917   49  323 46661.0755 47224.5054  1.21%   139 1405s
 4193031 472626 46995.1570   46  317 46661.0755 47221.7545  1.20%   139 1410s
 4214547 469788 47094.3195   41  319 46661.0755 47218.3136  1.19%   139 1415s
 4232717 467221     cutoff   41      46661.0755 47215.3644  1.19%   139 1420s
 4248310 464934     cutoff   54      46661.0755 47212.9448  1.18%   139 1425s
 4263827 462684     cutoff   43      46661.0755 47210.3012  1.18%   138 1430s
 4282246 460053 46898.6563   52  337 46661.0755 47207.3259  1.17%   138 1435s
 4300243 457317 46690.7212   62  340 46661.0755 47204.4531  1.16%   138 1440s
 4318299 454654 46834.1455   52  332 46661.0755 47201.6890  1.16%   138 1445s
 4336262 451930     cutoff   51      46661.0755 47198.7695  1.15%   138 1450s
 4351467 449515     cutoff   53      46661.0755 47196.3908  1.15%   138 1455s
 4370435 446900     cutoff   38      46661.0755 47193.2843  1.14%   138 1460s
 4387757 443688 46716.4838   44  316 46661.0755 47190.3640  1.13%   138 1465s
 4406040 440587     cutoff   42      46661.0755 47187.3646  1.13%   138 1470s
 4424149 437603 46735.1090   40  296 46661.0755 47184.4753  1.12%   138 1475s
 4442193 434538 46720.9012   45  311 46661.0755 47181.4676  1.12%   138 1480s
 4460138 431410 46812.3944   48  351 46661.0755 47178.5265  1.11%   138 1485s
 4478092 428135     cutoff   52      46661.0755 47175.5441  1.10%   138 1490s
 4496163 425276 46834.5164   49  318 46661.0755 47172.5030  1.10%   138 1495s
 4512934 421718     cutoff   56      46661.0755 47169.6652  1.09%   138 1500s
 4531369 418317 46875.2366   44  327 46661.0755 47166.5495  1.08%   137 1505s
 4549536 414950     cutoff   45      46661.0755 47163.4175  1.08%   137 1510s
 4567512 411550     cutoff   43      46661.0755 47160.4751  1.07%   137 1515s
 4585522 408183     cutoff   38      46661.0755 47157.5213  1.06%   137 1520s
 4603444 404570     cutoff   41      46661.0755 47154.5210  1.06%   137 1525s
 4617784 401600 46787.5922   46  316 46661.0755 47152.0344  1.05%   137 1530s
 4635937 398344     cutoff   47      46661.0755 47148.9059  1.05%   137 1535s
 4652773 394297     cutoff   47      46661.0755 47145.9613  1.04%   137 1540s
 4671110 390345 46801.6585   53  317 46661.0755 47142.7210  1.03%   137 1545s
 4689097 386289 46689.9464   45  308 46661.0755 47139.3382  1.02%   137 1550s
 4710345 382320 46691.4664   44  319 46661.0755 47136.1161  1.02%   137 1555s
 4722530 378813 46774.6799   40  351 46661.0755 47133.5700  1.01%   137 1560s
 4741832 374489     cutoff   49      46661.0755 47130.1110  1.01%   137 1565s
 4758083 370688 46673.9235   50  347 46661.0755 47127.1344  1.00%   137 1570s
 4777218 366139 46685.0575   45  327 46661.0755 47123.5569  0.99%   137 1575s
 4796220 361724     cutoff   48      46661.0755 47120.0871  0.98%   137 1580s
 4814807 357302 46740.1817   43  327 46661.0755 47116.7358  0.98%   136 1585s
 4833280 352763     cutoff   39      46661.0755 47113.3472  0.97%   136 1590s
 4851767 348129     cutoff   40      46661.0755 47109.9067  0.96%   136 1595s
 4867059 344440 46755.0612   46  316 46661.0755 47107.1118  0.96%   136 1600s
 4882655 340086     cutoff   50      46661.0755 47104.0850  0.95%   136 1605s
 4902968 334838     cutoff   50      46661.0755 47100.0179  0.94%   136 1610s
 4922812 329685 46849.2432   47  328 46661.0755 47096.2236  0.93%   136 1615s
 4938547 325589 46662.0460   50  317 46661.0755 47093.2197  0.93%   136 1620s
 4957860 320181     cutoff   55      46661.0755 47089.3423  0.92%   136 1625s
 4977222 314675     cutoff   43      46661.0755 47085.3482  0.91%   136 1630s
 4996735 308911     cutoff   48      46661.0755 47081.2510  0.90%   136 1635s
 5012718 304240 46960.5233   44  329 46661.0755 47078.0278  0.89%   136 1640s
 5031191 298426 46669.5870   50  313 46661.0755 47073.8613  0.88%   136 1646s
 5048368 293243     cutoff   62      46661.0755 47070.0935  0.88%   136 1650s
 5065000 288081 46772.9380   56  329 46661.0755 47066.4862  0.87%   136 1655s
 5085733 282466 46681.9483   40  314 46661.0755 47061.8579  0.86%   136 1661s
 5100739 276504     cutoff   48      46661.0755 47058.4320  0.85%   135 1666s
 5118339 270708     cutoff   59      46661.0755 47054.3320  0.84%   135 1670s
 5135525 264905 46783.4136   52  320 46661.0755 47050.1496  0.83%   135 1675s
 5152396 258880     cutoff   61      46661.0755 47046.1415  0.83%   135 1680s
 5172037 251615     cutoff   48      46661.0755 47041.4456  0.82%   135 1685s
 5191951 244457 46727.6969   48  295 46661.0755 47035.9990  0.80%   135 1691s
 5210998 237357 46689.8304   48  322 46661.0755 47030.9224  0.79%   135 1695s
 5230478 230037     cutoff   57      46661.0755 47025.7993  0.78%   135 1700s
 5249741 222641 46780.6889   51  334 46661.0755 47020.4257  0.77%   135 1705s
 5269058 214951     cutoff   42      46661.0755 47014.9181  0.76%   135 1710s
 5288365 207196 46713.8662   42  300 46661.0755 47009.4125  0.75%   135 1715s
 5307680 198820     cutoff   38      46661.0755 47003.4292  0.73%   135 1720s
 5328283 189639     cutoff   46      46661.0755 46996.5274  0.72%   135 1725s
 5345574 181878 46941.1139   46  303 46661.0755 46990.6062  0.71%   135 1730s
 5368134 171483 46669.5116   48  341 46661.0755 46982.5498  0.69%   134 1735s
 5390493 160874 46810.3843   46  301 46661.0755 46974.1172  0.67%   134 1741s
 5407101 152673     cutoff   49      46661.0755 46967.3786  0.66%   134 1745s
 5430872 140160     cutoff   48      46661.0755 46957.0019  0.63%   134 1750s
 5447517 130669     cutoff   45      46661.0755 46949.3409  0.62%   134 1755s
 5468922 118946     cutoff   44      46661.0755 46937.7664  0.59%   134 1760s
 5496023 103688     cutoff   48      46661.0755 46922.0672  0.56%   134 1765s
 5517639 90866     cutoff   46      46661.0755 46907.6150  0.53%   134 1771s
 5536178 80040     cutoff   55      46661.0755 46893.3262  0.50%   134 1775s
 5567958 60405     cutoff   47      46661.0755 46861.9603  0.43%   133 1780s
 5591943 45371     cutoff   46      46661.0755 46830.7586  0.36%   133 1785s
 5625234 22355     cutoff   48      46661.0755 46761.2450  0.21%   133 1790s

Cutting planes:
  Gomory: 2
  Clique: 21
  MIR: 1
  Flow cover: 14
  Zero half: 3
  RLT: 2
  Relax-and-lift: 1

Explored 5653382 nodes (746558050 simplex iterations) in 1792.31 seconds (4096.13 work units)
Thread count was 24 (of 24 available processors)

Solution count 10: 46661.1 46651 46468.8 ... 45109.8

Optimal solution found (tolerance 1.00e-04)
Best objective 4.666107545324e+04, best bound 4.666227288007e+04, gap 0.0026%

User-callback calls 11378294, time in user-callback 6.27 sec
