
Gurobi 11.0.3 (linux64) logging started Tue Nov 25 23:52:35 2025

Set parameter LogFile to value "./log/train/CA_750_1100_0.7/CA_76.lp.log"
Set parameter TimeLimit to value 3600
Gurobi Optimizer version 11.0.3 build v11.0.3rc0 (linux64 - "Ubuntu 22.04.5 LTS")

CPU model: AMD Ryzen 9 9900X 12-Core Processor, instruction set [SSE2|AVX|AVX2|AVX512]
Thread count: 12 physical cores, 24 logical processors, using up to 24 threads

Optimize a model with 1183 rows, 750 columns and 4395 nonzeros
Model fingerprint: 0x194bf236
Variable types: 0 continuous, 750 integer (750 binary)
Coefficient statistics:
  Matrix range     [1e+00, 1e+00]
  Objective range  [7e+00, 2e+03]
  Bounds range     [1e+00, 1e+00]
  RHS range        [1e+00, 1e+00]
Found heuristic solution: objective 31162.985773
Presolve removed 216 rows and 83 columns
Presolve time: 0.01s
Presolved: 967 rows, 667 columns, 4237 nonzeros
Found heuristic solution: objective 39850.736488
Variable types: 0 continuous, 667 integer (667 binary)
Found heuristic solution: objective 41050.762133

Root relaxation: objective 5.349153e+04, 2539 iterations, 0.10 seconds (0.24 work units)

    Nodes    |    Current Node    |     Objective Bounds      |     Work
 Expl Unexpl |  Obj  Depth IntInf | Incumbent    BestBd   Gap | It/Node Time

     0     0 53491.5329    0  457 41050.7621 53491.5329  30.3%     -    0s
H    0     0                    42719.297482 53491.5329  25.2%     -    0s
H    0     0                    42849.758591 53491.5329  24.8%     -    0s
H    0     0                    43100.378266 53491.5329  24.1%     -    0s
     0     0 53280.3775    0  462 43100.3783 53280.3775  23.6%     -    0s
     0     0 53280.3775    0  463 43100.3783 53280.3775  23.6%     -    0s
     0     0 53280.3775    0  461 43100.3783 53280.3775  23.6%     -    0s
     0     0 53275.6118    0  464 43100.3783 53275.6118  23.6%     -    0s
H    0     0                    43265.673604 53275.6118  23.1%     -    0s
     0     0 53275.6118    0  465 43265.6736 53275.6118  23.1%     -    0s
     0     0 53275.6118    0  467 43265.6736 53275.6118  23.1%     -    0s
     0     0 53066.8693    0  473 43265.6736 53066.8693  22.7%     -    0s
     0     0 53066.8693    0  473 43265.6736 53066.8693  22.7%     -    0s
     0     2 53066.8693    0  473 43265.6736 53066.8693  22.7%     -    0s
H   28    40                    43440.281459 52669.4884  21.2%   526    0s
H   37    40                    43470.375538 52669.4884  21.2%   462    0s
H   75    88                    43871.022228 52669.4884  20.1%   426    1s
H   76    88                    44288.324588 52669.4884  18.9%   428    1s
H  119   132                    44469.533472 52669.4884  18.4%   373    1s
H  119   132                    44849.756798 52669.4884  17.4%   373    1s
H  122   132                    46407.734035 52669.4884  13.5%   372    1s
H  179   176                    47050.178382 52669.4884  11.9%   314    1s
  2759  1507 48657.0234   10  473 47050.1784 50843.1752  8.06%   217    5s
H 2977  1587                    47400.039759 50843.1752  7.26%   232    7s
  5109  2535 49924.7848   48  405 47400.0398 50843.1752  7.26%   239   10s
 12933  7029 48513.3136   37  375 47400.0398 50397.2897  6.32%   210   15s
 20918 10880 47827.8844   39  334 47400.0398 50066.2573  5.62%   198   20s
 31636 15377 47741.0043   47  324 47400.0398 49810.8668  5.09%   190   25s
 44280 20429 47842.4224   37  339 47400.0398 49582.5975  4.60%   184   30s
 51980 23322 48528.3454   37  351 47400.0398 49463.5875  4.35%   183   41s
 63435 26962 48552.5753   30  348 47400.0398 49329.4178  4.07%   181   45s
 75847 30071     cutoff   39      47400.0398 49207.8168  3.81%   179   50s
*76139 29733              42    47484.162647 49204.9421  3.62%   179   50s
 88480 32424 48076.0394   41  341 47484.1626 49091.6406  3.39%   177   55s
 101803 34632 48092.8471   26  343 47484.1626 48983.7081  3.16%   176   60s
 114618 36453     cutoff   37      47484.1626 48888.8039  2.96%   174   65s
 129402 38019 47808.3484   33  341 47484.1626 48788.5471  2.75%   172   70s
 142094 38885 48141.7734   36  317 47484.1626 48715.3692  2.59%   171   75s
 157473 39655     cutoff   56      47484.1626 48627.7750  2.41%   170   80s
 168507 40056     cutoff   44      47484.1626 48570.6434  2.29%   168   85s
 181449 40105 48121.9521   46  366 47484.1626 48508.8817  2.16%   167   90s
 196957 39748 47584.4626   37  307 47484.1626 48434.7963  2.00%   166   95s
 209789 39075 47705.2954   36  326 47484.1626 48374.5285  1.88%   165  100s
*215562 38432              52    47499.961282 48350.7785  1.79%   164  102s
 221604 37785     cutoff   48      47499.9613 48320.2217  1.73%   164  105s
 237934 35663 47770.5273   48  310 47499.9613 48247.6681  1.57%   162  110s
 250936 33359 47556.1106   47  347 47499.9613 48188.6490  1.45%   161  115s
 265827 30116     cutoff   53      47499.9613 48125.3842  1.32%   160  120s
 279008 26387     cutoff   49      47499.9613 48064.0388  1.19%   159  125s
 294960 20720     cutoff   44      47499.9613 47984.2863  1.02%   157  130s
 311073 12875 47719.7349   48  343 47499.9613 47886.3364  0.81%   155  135s

Cutting planes:
  Clique: 10
  MIR: 1
  Flow cover: 35
  RLT: 1
  Relax-and-lift: 3

Explored 331763 nodes (50109104 simplex iterations) in 138.98 seconds (307.76 work units)
Thread count was 24 (of 24 available processors)

Solution count 10: 47500 47484.2 47400 ... 43470.4

Optimal solution found (tolerance 1.00e-04)
Best objective 4.749996128189e+04, best bound 4.749996128189e+04, gap 0.0000%

User-callback calls 672210, time in user-callback 0.37 sec
