
Gurobi 11.0.3 (linux64) logging started Tue Nov 25 23:54:54 2025

Set parameter LogFile to value "./log/train/CA_750_1100_0.7/CA_77.lp.log"
Set parameter TimeLimit to value 3600
Gurobi Optimizer version 11.0.3 build v11.0.3rc0 (linux64 - "Ubuntu 22.04.5 LTS")

CPU model: AMD Ryzen 9 9900X 12-Core Processor, instruction set [SSE2|AVX|AVX2|AVX512]
Thread count: 12 physical cores, 24 logical processors, using up to 24 threads

Optimize a model with 1174 rows, 750 columns and 4156 nonzeros
Model fingerprint: 0x79f92402
Variable types: 0 continuous, 750 integer (750 binary)
Coefficient statistics:
  Matrix range     [1e+00, 1e+00]
  Objective range  [4e+00, 2e+03]
  Bounds range     [1e+00, 1e+00]
  RHS range        [1e+00, 1e+00]
Found heuristic solution: objective 33048.094900
Presolve removed 232 rows and 79 columns
Presolve time: 0.01s
Presolved: 942 rows, 671 columns, 3890 nonzeros
Found heuristic solution: objective 39751.017069
Variable types: 0 continuous, 671 integer (671 binary)
Found heuristic solution: objective 41969.701055

Root relaxation: objective 5.192635e+04, 2394 iterations, 0.09 seconds (0.20 work units)

    Nodes    |    Current Node    |     Objective Bounds      |     Work
 Expl Unexpl |  Obj  Depth IntInf | Incumbent    BestBd   Gap | It/Node Time

     0     0 51926.3499    0  452 41969.7011 51926.3499  23.7%     -    0s
H    0     0                    42131.609973 51926.3499  23.2%     -    0s
H    0     0                    42230.438900 51926.3499  23.0%     -    0s
     0     0 51800.9525    0  464 42230.4389 51800.9525  22.7%     -    0s
H    0     0                    45460.547540 51758.9069  13.9%     -    0s
     0     0 51757.7993    0  462 45460.5475 51757.7993  13.9%     -    0s
H    0     0                    45462.825137 51757.7993  13.8%     -    0s
H    0     0                    45504.509554 51757.7993  13.7%     -    0s
     0     0 51757.7993    0  465 45504.5096 51757.7993  13.7%     -    0s
     0     0 51749.4402    0  466 45504.5096 51749.4402  13.7%     -    0s
     0     0 51749.4266    0  466 45504.5096 51749.4266  13.7%     -    0s
     0     0 51317.6728    0  463 45504.5096 51317.6728  12.8%     -    0s
     0     0 51242.6268    0  466 45504.5096 51242.6268  12.6%     -    0s
     0     0 50988.5857    0  462 45504.5096 50988.5857  12.1%     -    0s
     0     0 50988.5857    0  462 45504.5096 50988.5857  12.1%     -    0s
     0     2 50988.5857    0  462 45504.5096 50988.5857  12.1%     -    0s
H   32    40                    45639.702207 50988.5857  11.7%   464    0s
H   35    40                    45690.967012 50988.5857  11.6%   440    0s
H   67    77                    45826.159665 50988.5857  11.3%   397    0s
H   76    89                    45854.861510 50988.5857  11.2%   386    0s
H   78    89                    45939.772815 50988.5857  11.0%   388    0s
H  108   117                    46076.292963 50988.5857  10.7%   356    1s
H  113   117                    46107.580448 50988.5857  10.6%   350    1s
H  117   130                    46161.698830 50988.5857  10.5%   346    1s
H  119   130                    46618.516919 50988.5857  9.37%   344    1s
H  149   165                    46773.689729 50988.5857  9.01%   316    1s
H  167   177                    47002.726007 50988.5857  8.48%   303    1s
H  257   243                    47037.186839 50988.5857  8.40%   248    1s
  2716  1572 50016.2945   18  458 47037.1868 50016.2945  6.33%   191    5s
  7446  3527 48564.7463   36  341 47037.1868 49898.8381  6.08%   187   10s
 15964  8530 47252.1409   49  311 47037.1868 49290.8315  4.79%   173   15s
 28253 15406 47847.5226   24  326 47037.1868 49063.8537  4.31%   159   20s
 41276 22442 47340.3378   57  375 47037.1868 48936.0347  4.04%   153   25s
 52019 28344 47237.1744   45  351 47037.1868 48872.2322  3.90%   151   35s
 63444 32852 47430.5275   39  345 47037.1868 48806.1480  3.76%   150   40s
 76509 40260 48153.6304   40  355 47037.1868 48738.1426  3.62%   147   45s
 91956 47114 47794.9181   33  344 47037.1868 48677.5423  3.49%   147   50s
 106215 53680     cutoff   43      47037.1868 48626.8025  3.38%   146   55s
 121348 60426 47645.2907   31  338 47037.1868 48577.0364  3.27%   145   60s
 136697 66428 47428.7749   38  337 47037.1868 48536.3380  3.19%   144   65s
 151395 72855 47498.2638   45  348 47037.1868 48499.0096  3.11%   142   70s
 166954 79187     cutoff   46      47037.1868 48466.0923  3.04%   141   75s
 182050 85167 47587.0938   28  277 47037.1868 48438.0300  2.98%   140   80s
 197854 91365 47909.4491   37  359 47037.1868 48409.6664  2.92%   140   85s
 216197 98664 47618.2446   39  356 47037.1868 48379.6663  2.85%   139   90s
*232285 104284              49    47059.014804 48354.5410  2.75%   138   94s
 234065 105324 47343.0239   38  320 47059.0148 48352.0738  2.75%   138   95s
 249945 110914     cutoff   35      47059.0148 48328.9988  2.70%   137  100s
 260334 114889     cutoff   47      47059.0148 48314.8359  2.67%   137  105s
 276370 120186 47614.8213   32  305 47059.0148 48294.6954  2.63%   137  110s
 294979 126459 47943.1422   36  378 47059.0148 48274.7222  2.58%   136  115s
 309894 131146 47332.6870   34  295 47059.0148 48259.5736  2.55%   136  120s
 325877 136289 47150.8529   52  312 47059.0148 48242.8684  2.52%   136  125s
*332624 136961              43    47098.670397 48236.1926  2.42%   136  128s
 337869 138416 47808.5023   34  359 47098.6704 48231.2900  2.40%   135  130s
 357173 144235 47778.6130   37  354 47098.6704 48211.2565  2.36%   135  135s
 373680 149208     cutoff   34      47098.6704 48196.7986  2.33%   135  140s
 390091 153818     cutoff   50      47098.6704 48182.6891  2.30%   134  145s
 406582 158530 47202.0488   27  295 47098.6704 48167.7407  2.27%   134  150s
 423538 162913 47127.2529   45  281 47098.6704 48153.8120  2.24%   133  155s
 440209 167067 47495.2767   42  341 47098.6704 48141.2108  2.21%   133  160s
 457908 171904 47398.5240   37  383 47098.6704 48128.7657  2.19%   133  165s
*474400 169384              39    47212.811368 48118.1453  1.92%   132  169s
 475326 169439     cutoff   40      47212.8114 48116.1232  1.91%   132  170s
 488372 172342 47318.6751   41  301 47212.8114 48105.9518  1.89%   132  175s
 506590 175782 47635.3045   38  302 47212.8114 48091.9244  1.86%   132  180s
 523777 179092 47562.7377   41  323 47212.8114 48079.3482  1.84%   131  185s
 544653 182486 47831.8923   43  307 47212.8114 48064.5570  1.80%   131  190s
 562655 185536 47767.4584   33  327 47212.8114 48052.9400  1.78%   131  195s
 580563 188330 47393.3706   40  308 47212.8114 48041.0486  1.75%   131  200s
 598606 191172     cutoff   33      47212.8114 48029.0541  1.73%   130  205s
 617106 193763 47703.6121   33  289 47212.8114 48017.8881  1.71%   130  210s
 635687 196355 47275.3873   49  301 47212.8114 48006.7099  1.68%   130  215s
 651735 198527 47519.1768   43  330 47212.8114 47997.3845  1.66%   129  220s
 670166 201042     cutoff   42      47212.8114 47987.2363  1.64%   129  225s
 685820 202983 47650.4259   47  347 47212.8114 47978.6984  1.62%   129  230s
 704977 204997 47602.8917   44  340 47212.8114 47967.8636  1.60%   129  235s
 721683 206665 47553.0363   43  314 47212.8114 47959.7604  1.58%   128  240s
 741232 208398 47465.1968   46  340 47212.8114 47951.4700  1.56%   128  245s
H757359 199914                    47286.721516 47943.1376  1.39%   128  249s
 761138 200300 47383.3326   33  306 47286.7215 47940.3910  1.38%   128  250s
 781026 201405 47516.2652   36  281 47286.7215 47928.8659  1.36%   128  255s
 797933 201939     cutoff   48      47286.7215 47919.3437  1.34%   127  260s
 812183 202413     cutoff   34      47286.7215 47911.1146  1.32%   127  265s
 833320 202964 47435.7782   33  308 47286.7215 47899.9392  1.30%   127  270s
 850352 203169     cutoff   36      47286.7215 47890.9734  1.28%   127  275s
 870079 203250 47387.3940   33  300 47286.7215 47880.4954  1.26%   126  280s
 888338 203283     cutoff   47      47286.7215 47870.6384  1.23%   126  285s
 906584 203260     cutoff   38      47286.7215 47861.7759  1.22%   126  290s
 928012 202981 47392.4766   33  323 47286.7215 47850.5372  1.19%   126  295s
 946596 202609     cutoff   34      47286.7215 47841.3738  1.17%   125  300s
 964655 202047 47641.2495   41  347 47286.7215 47832.8345  1.15%   125  305s
 982211 201403 47314.8335   39  277 47286.7215 47824.7586  1.14%   125  310s
 1003084 200607     cutoff   43      47286.7215 47814.3928  1.12%   125  315s
 1024762 199564     cutoff   42      47286.7215 47804.4288  1.09%   124  320s
 1042761 198535 47326.4442   35  309 47286.7215 47795.8681  1.08%   124  325s
 1059383 197323     cutoff   32      47286.7215 47787.8966  1.06%   124  330s
 1079250 195968 47330.6228   49  343 47286.7215 47778.6562  1.04%   124  335s
 1100097 194100 47317.7680   39  309 47286.7215 47768.4501  1.02%   124  340s
 1116424 192551     cutoff   44      47286.7215 47760.7248  1.00%   123  345s
 1138896 190244     cutoff   36      47286.7215 47750.2553  0.98%   123  350s
 1156734 188052     cutoff   49      47286.7215 47741.8746  0.96%   123  355s
 1178676 185284     cutoff   40      47286.7215 47731.4667  0.94%   123  360s
 1196672 182801     cutoff   34      47286.7215 47722.9949  0.92%   122  365s
 1218229 179542     cutoff   45      47286.7215 47712.6346  0.90%   122  370s
 1239991 176131 47493.5160   35  322 47286.7215 47702.5253  0.88%   122  375s
 1255736 173322 47442.7929   44  352 47286.7215 47695.1162  0.86%   122  380s
 1277496 169309     cutoff   38      47286.7215 47684.2812  0.84%   122  385s
 1296412 165608     cutoff   41      47286.7215 47674.8745  0.82%   121  390s
 1314424 161649 47369.9412   41  304 47286.7215 47665.9291  0.80%   121  395s
 1336797 156390     cutoff   38      47286.7215 47654.5258  0.78%   121  400s
 1355613 151980     cutoff   35      47286.7215 47644.7644  0.76%   121  405s
 1374556 146923 47563.7238   43  309 47286.7215 47634.3715  0.74%   120  410s
 1395622 140926 47584.2218   29  329 47286.7215 47622.6783  0.71%   120  415s
 1417138 134622     cutoff   33      47286.7215 47610.7493  0.69%   120  420s
 1438416 127417     cutoff   36      47286.7215 47597.9296  0.66%   120  425s
 1459899 119669 47373.5981   36  319 47286.7215 47584.8173  0.63%   119  430s
 1478401 112469     cutoff   44      47286.7215 47572.5730  0.60%   119  435s
 1501357 102433     cutoff   35      47286.7215 47556.9180  0.57%   119  440s
 1522141 92948     cutoff   36      47286.7215 47540.7185  0.54%   119  445s
 1543921 81861 47341.8911   51  337 47286.7215 47522.9655  0.50%   118  450s
 1569519 67371     cutoff   38      47286.7215 47496.4746  0.44%   118  455s
 1592591 52709     cutoff   37      47286.7215 47467.7911  0.38%   117  460s
 1627432 26981     cutoff   42      47286.7215 47406.2464  0.25%   116  465s

Cutting planes:
  Gomory: 1
  Clique: 22
  MIR: 1
  Flow cover: 16
  Zero half: 3
  RLT: 5

Explored 1661483 nodes (190502668 simplex iterations) in 467.80 seconds (1023.51 work units)
Thread count was 24 (of 24 available processors)

Solution count 10: 47286.7 47212.8 47098.7 ... 46107.6

Optimal solution found (tolerance 1.00e-04)
Best objective 4.728672151586e+04, best bound 4.728672151586e+04, gap 0.0000%

User-callback calls 3343425, time in user-callback 1.78 sec
