
Gurobi 11.0.3 (linux64) logging started Wed Nov 26 00:28:42 2025

Set parameter LogFile to value "./log/train/CA_750_1100_0.7/CA_83.lp.log"
Set parameter TimeLimit to value 3600
Gurobi Optimizer version 11.0.3 build v11.0.3rc0 (linux64 - "Ubuntu 22.04.5 LTS")

CPU model: AMD Ryzen 9 9900X 12-Core Processor, instruction set [SSE2|AVX|AVX2|AVX512]
Thread count: 12 physical cores, 24 logical processors, using up to 24 threads

Optimize a model with 1166 rows, 750 columns and 4071 nonzeros
Model fingerprint: 0xe5c8d0ff
Variable types: 0 continuous, 750 integer (750 binary)
Coefficient statistics:
  Matrix range     [1e+00, 1e+00]
  Objective range  [7e+00, 1e+03]
  Bounds range     [1e+00, 1e+00]
  RHS range        [1e+00, 1e+00]
Found heuristic solution: objective 31160.884201
Presolve removed 233 rows and 78 columns
Presolve time: 0.01s
Presolved: 933 rows, 672 columns, 3793 nonzeros
Found heuristic solution: objective 41179.307938
Variable types: 0 continuous, 672 integer (672 binary)
Found heuristic solution: objective 42523.801678

Root relaxation: objective 5.173215e+04, 2221 iterations, 0.08 seconds (0.17 work units)

    Nodes    |    Current Node    |     Objective Bounds      |     Work
 Expl Unexpl |  Obj  Depth IntInf | Incumbent    BestBd   Gap | It/Node Time

     0     0 51732.1483    0  443 42523.8017 51732.1483  21.7%     -    0s
H    0     0                    43423.720273 51732.1483  19.1%     -    0s
H    0     0                    43456.989954 51732.1483  19.0%     -    0s
     0     0 51657.2787    0  453 43456.9900 51657.2787  18.9%     -    0s
     0     0 51615.4973    0  455 43456.9900 51615.4973  18.8%     -    0s
H    0     0                    43464.687378 51615.4973  18.8%     -    0s
     0     0 51270.0401    0  461 43464.6874 51270.0401  18.0%     -    0s
     0     0 51270.0401    0  461 43464.6874 51270.0401  18.0%     -    0s
H    0     0                    43755.486667 51270.0401  17.2%     -    0s
     0     2 51270.0401    0  461 43755.4867 51270.0401  17.2%     -    0s
H   27    40                    43855.440947 51189.7615  16.7%   405    0s
H   28    40                    44015.453038 51187.8115  16.3%   406    0s
H   76    89                    44481.756904 51187.8115  15.1%   332    0s
H   95   101                    45828.318555 51187.8115  11.7%   322    0s
H  105   114                    45904.816591 51187.8115  11.5%   321    0s
H  122   129                    45905.332472 51187.8115  11.5%   314    0s
H  145   161                    45994.180941 51187.8115  11.3%   306    0s
H  166   176                    46073.890924 51187.8115  11.1%   298    0s
H  169   176                    46835.990268 51187.8115  9.29%   295    0s
H  213   207                    46939.911756 51187.8115  9.05%   270    1s
H  491   405                    47107.799233 51080.1302  8.43%   219    1s
H  494   405                    47150.543402 51080.1302  8.33%   219    1s
  2852  1686 50304.0907   18  440 47150.5434 50304.0907  6.69%   183    5s
H 2948  1682                    47200.398098 50304.0907  6.58%   188    5s
  7649  3818 49444.1613   28  338 47200.3981 50304.0907  6.58%   192   10s
 16073  9182 47342.7502   43  337 47200.3981 50095.1351  6.13%   177   15s
*26336 15543              55    47242.926471 49860.1468  5.54%   167   19s
H27042 15387                    47321.948702 49851.3072  5.35%   167   21s
H27045 14964                    47425.461305 49851.3072  5.12%   167   21s
H27048 14591                    47486.991491 49851.3072  4.98%   167   21s
H28256 14919                    47527.448899 49838.7794  4.86%   166   22s
 32573 17998     cutoff   46      47527.4489 49767.3782  4.71%   165   25s
 44590 24079 48393.5250   36  340 47527.4489 49610.4891  4.38%   162   30s
 51980 28112 49166.8288   30  340 47527.4489 49541.4801  4.24%   162   39s
 54601 29058 47945.6672   34  343 47527.4489 49516.6793  4.19%   161   40s
 65346 34237 48259.9942   38  314 47527.4489 49424.5101  3.99%   161   45s
 79817 40624 48461.8172   36  360 47527.4489 49328.8855  3.79%   161   50s
 92254 45785 48827.5625   38  357 47527.4489 49263.0442  3.65%   160   55s
 107519 51881 47860.0433   38  335 47527.4489 49193.5795  3.51%   159   60s
 119434 56425 48440.7813   39  341 47527.4489 49145.9984  3.41%   159   65s
 134557 61836 47936.0147   33  347 47527.4489 49088.5838  3.28%   157   70s
 146935 65997 47668.2864   42  308 47527.4489 49045.4289  3.19%   157   75s
 158733 70427     cutoff   46      47527.4489 49007.8512  3.11%   156   80s
 173194 74031     cutoff   46      47527.4489 48966.9490  3.03%   155   85s
 187150 78684 47793.9721   41  314 47527.4489 48929.1463  2.95%   154   90s
 202357 83384 47815.6747   45  339 47527.4489 48891.4641  2.87%   154   95s
 217744 88007 47570.0260   39  305 47527.4489 48858.1928  2.80%   153  100s
 232547 92741 48243.9119   28  341 47527.4489 48825.5368  2.73%   152  105s
 245666 96447 47852.2715   48  358 47527.4489 48800.1899  2.68%   151  110s
H246286 95971                    47549.694479 48799.9055  2.63%   151  110s
*246293 95363              47    47575.690173 48799.9055  2.57%   151  110s
*246296 95335              49    47577.104002 48799.9055  2.57%   151  110s
H248397 91655                    47701.623613 48795.5589  2.29%   151  111s
 255485 93405     cutoff   48      47701.6236 48781.6561  2.26%   151  115s
 269323 95689 47909.5734   39  335 47701.6236 48753.3665  2.20%   151  120s
 287380 98801 48055.3231   40  305 47701.6236 48719.1925  2.13%   150  125s
 303191 101121 48067.3763   49  357 47701.6236 48691.0061  2.07%   150  130s
 316600 103050 47814.1703   33  336 47701.6236 48668.8256  2.03%   150  135s
 335105 105554     cutoff   39      47701.6236 48639.7615  1.97%   149  140s
 348739 107313 48181.0845   25  339 47701.6236 48619.5336  1.92%   148  145s
 363647 109004     cutoff   42      47701.6236 48599.6217  1.88%   148  150s
 377666 110483     cutoff   34      47701.6236 48581.4894  1.84%   148  155s
 392626 111832     cutoff   42      47701.6236 48562.4001  1.80%   147  160s
 409459 113360     cutoff   47      47701.6236 48541.1682  1.76%   147  165s
 426455 114620     cutoff   43      47701.6236 48521.2262  1.72%   146  170s
 443223 115898 48220.5050   32  303 47701.6236 48502.9159  1.68%   146  176s
 456643 116712 47779.7758   39  340 47701.6236 48488.8710  1.65%   145  180s
 471761 117589 48064.7045   37  362 47701.6236 48471.9017  1.61%   145  185s
 488821 118556 48128.8445   42  313 47701.6236 48454.1603  1.58%   144  190s
 503647 119101 47816.5763   36  348 47701.6236 48439.6254  1.55%   144  195s
 520904 119618     cutoff   36      47701.6236 48421.7531  1.51%   144  201s
 534187 119822     cutoff   49      47701.6236 48410.8114  1.49%   143  205s
 549660 120051 47783.7029   38  324 47701.6236 48395.3940  1.45%   143  210s
 563797 120143 47873.1877   29  317 47701.6236 48382.7366  1.43%   143  215s
 582350 120012 47914.5776   33  344 47701.6236 48366.1040  1.39%   142  220s
 597950 119894 48196.6549   37  328 47701.6236 48352.3550  1.36%   142  225s
 616124 119502 48102.1793   37  345 47701.6236 48336.8631  1.33%   141  230s
 631452 119039     cutoff   35      47701.6236 48323.6364  1.30%   141  235s
 649297 118343 47807.0221   43  331 47701.6236 48309.5759  1.27%   141  240s
 664651 117545 47930.3417   39  364 47701.6236 48295.9961  1.25%   140  245s
 681166 116621 47766.4817   42  325 47701.6236 48282.5350  1.22%   140  250s
 697532 115414     cutoff   40      47701.6236 48269.6977  1.19%   139  255s
 717160 114037 47720.1565   44  340 47701.6236 48254.1852  1.16%   139  260s
 730445 112707 47702.7657   34  326 47701.6236 48244.2651  1.14%   139  265s
 748122 111075     cutoff   41      47701.6236 48230.4050  1.11%   138  270s
 765239 109298 47745.5813   35  344 47701.6236 48217.3259  1.08%   138  275s
 782267 107216     cutoff   43      47701.6236 48203.8828  1.05%   138  280s
 799918 105095 47734.7446   37  272 47701.6236 48190.3766  1.02%   137  285s
 816885 102521     cutoff   38      47701.6236 48177.3351  1.00%   137  290s
 832963 99892     cutoff   29      47701.6236 48165.5286  0.97%   137  295s
 851863 96765     cutoff   42      47701.6236 48150.0251  0.94%   136  300s
 870101 93309     cutoff   42      47701.6236 48135.1865  0.91%   136  305s
 888292 89667 47797.7112   45  322 47701.6236 48120.9620  0.88%   136  310s
 906340 85658 47706.4899   33  346 47701.6236 48105.6848  0.85%   135  315s
 924744 81288     cutoff   43      47701.6236 48090.1695  0.81%   135  320s
 943411 76224 47714.9110   40  319 47701.6236 48073.0527  0.78%   135  326s
 962021 70776 47783.7871   48  337 47701.6236 48054.8191  0.74%   134  330s
 977956 65668 47786.8980   38  272 47701.6236 48038.8709  0.71%   134  335s
 997119 58857     cutoff   33      47701.6236 48017.5150  0.66%   134  340s
 1016237 51134     cutoff   39      47701.6236 47993.5637  0.61%   133  345s
 1038112 41944 47796.4157   44  324 47701.6236 47960.5086  0.54%   133  350s
 1055019 31411     cutoff   36      47701.6236 47928.2573  0.48%   132  355s
 1079781 14835     cutoff   40      47701.6236 47855.1954  0.32%   131  360s

Cutting planes:
  Clique: 11
  Flow cover: 27
  Relax-and-lift: 1

Explored 1100522 nodes (142594481 simplex iterations) in 362.52 seconds (789.30 work units)
Thread count was 24 (of 24 available processors)

Solution count 10: 47701.6 47577.1 47575.7 ... 47200.4

Optimal solution found (tolerance 1.00e-04)
Best objective 4.770162361341e+04, best bound 4.770162361341e+04, gap 0.0000%

User-callback calls 2217763, time in user-callback 1.15 sec
