
Gurobi 11.0.3 (linux64) logging started Wed Nov 26 00:04:32 2025

Set parameter LogFile to value "./log/train/CA_750_1100_0.7/CA_8.lp.log"
Set parameter TimeLimit to value 3600
Gurobi Optimizer version 11.0.3 build v11.0.3rc0 (linux64 - "Ubuntu 22.04.5 LTS")

CPU model: AMD Ryzen 9 9900X 12-Core Processor, instruction set [SSE2|AVX|AVX2|AVX512]
Thread count: 12 physical cores, 24 logical processors, using up to 24 threads

Optimize a model with 1160 rows, 750 columns and 4174 nonzeros
Model fingerprint: 0xa9ad34a6
Variable types: 0 continuous, 750 integer (750 binary)
Coefficient statistics:
  Matrix range     [1e+00, 1e+00]
  Objective range  [6e+00, 1e+03]
  Bounds range     [1e+00, 1e+00]
  RHS range        [1e+00, 1e+00]
Found heuristic solution: objective 30699.951365
Presolve removed 202 rows and 70 columns
Presolve time: 0.01s
Presolved: 958 rows, 680 columns, 3967 nonzeros
Variable types: 0 continuous, 680 integer (680 binary)
Found heuristic solution: objective 38624.937271

Root relaxation: objective 5.228105e+04, 2495 iterations, 0.11 seconds (0.23 work units)

    Nodes    |    Current Node    |     Objective Bounds      |     Work
 Expl Unexpl |  Obj  Depth IntInf | Incumbent    BestBd   Gap | It/Node Time

     0     0 52281.0458    0  475 38624.9373 52281.0458  35.4%     -    0s
H    0     0                    42693.867795 52281.0458  22.5%     -    0s
H    0     0                    43266.843024 52281.0458  20.8%     -    0s
H    0     0                    43406.383740 52281.0458  20.4%     -    0s
     0     0 52054.5227    0  481 43406.3837 52054.5227  19.9%     -    0s
H    0     0                    43589.907780 52054.5227  19.4%     -    0s
     0     0 51924.0143    0  482 43589.9078 51924.0143  19.1%     -    0s
     0     0 51785.4240    0  481 43589.9078 51785.4240  18.8%     -    0s
     0     0 51785.4240    0  481 43589.9078 51785.4240  18.8%     -    0s
     0     2 51785.4240    0  481 43589.9078 51785.4240  18.8%     -    0s
H   29    40                    43722.154645 51612.4589  18.0%   494    0s
H   34    40                    43747.237387 51612.4589  18.0%   470    0s
H   38    40                    43795.690213 51612.4589  17.8%   456    0s
H   72    77                    44230.027976 51612.4589  16.7%   393    0s
H   76    90                    44251.946977 51612.4589  16.6%   389    0s
H  102   115                    44291.287047 51612.4589  16.5%   384    0s
H  106   115                    44327.374685 51612.4589  16.4%   384    0s
H  115   127                    44888.365682 51612.4589  15.0%   377    1s
H  125   127                    45410.705952 51612.4589  13.7%   367    1s
H  148   168                    45445.115083 51612.4589  13.6%   347    1s
H  231   233                    45535.757321 51612.4589  13.3%   295    1s
*  257   261              27    45754.195943 51612.4589  12.8%   278    1s
H  329   311                    45841.001477 51612.4589  12.6%   250    1s
*  332   311              29    45846.588142 51612.4589  12.6%   247    1s
H  530   444                    45920.197756 51343.8740  11.8%   236    1s
H  534   444                    46283.985208 51343.8740  10.9%   236    1s
*  978   695              22    46302.996754 51343.8740  10.9%   218    2s
H 2225  1490                    46423.380739 50699.5415  9.21%   206    3s
H 2226  1482                    46469.866579 50699.5415  9.10%   206    3s
H 2439  1573                    46504.143281 50598.5360  8.80%   208    4s
H 2483  1544                    46541.268813 50598.5360  8.72%   212    4s
  2503  1561 50598.5360   15  472 46541.2688 50598.5360  8.72%   214    5s
H 2627  1565                    46553.012389 50598.5360  8.69%   223    6s
H 2635  1491                    46649.262619 50598.5360  8.47%   224    6s
  5925  2896 50231.0888   21  415 46649.2626 50598.5360  8.47%   225   10s
 13251  7445 48302.4007   25  341 46649.2626 49869.8185  6.90%   205   15s
 22185 12135 48424.2670   29  372 46649.2626 49617.5978  6.36%   195   20s
 31580 17224 48025.1579   34  364 46649.2626 49464.5767  6.04%   189   25s
 42999 23971 47610.2422   28  346 46649.2626 49337.7658  5.76%   186   30s
 50118 27984 48599.3234   32  400 46649.2626 49262.8656  5.60%   183   39s
 52549 29171     cutoff   35      46649.2626 49240.4761  5.55%   182   40s
 59258 33340 46773.2390   45  296 46649.2626 49177.9134  5.42%   182   46s
 70648 39269 47863.8718   28  361 46649.2626 49089.0384  5.23%   179   50s
*76493 41874              41    46708.907983 49049.9041  5.01%   178   52s
H79241 41320                    46875.376763 49032.6645  4.60%   178   53s
 82501 43593 47547.7497   28  322 46875.3768 49013.3925  4.56%   178   55s
 93579 48406 48236.6237   40  410 46875.3768 48940.8407  4.41%   178   60s
 106762 53688     cutoff   39      46875.3768 48871.4935  4.26%   177   65s
 118939 58707 48132.6190   27  354 46875.3768 48814.7499  4.14%   176   70s
 130224 63555 48091.1190   27  344 46875.3768 48768.5999  4.04%   175   75s
 144901 68900 47165.8073   39  369 46875.3768 48710.5793  3.92%   174   80s
 155243 72831 47091.0628   40  339 46875.3768 48673.9653  3.84%   174   85s
 168326 77328 47310.4072   31  363 46875.3768 48633.6886  3.75%   173   90s
 183474 82610 47181.3080   33  300 46875.3768 48594.1792  3.67%   172   95s
 195964 86772 47893.5801   32  342 46875.3768 48555.8801  3.59%   171  100s
 208749 91055 47783.5815   26  359 46875.3768 48522.9080  3.51%   170  105s
 221248 94562 47492.9566   43  355 46875.3768 48492.1502  3.45%   169  111s
 229201 98083 47444.8076   51  368 46875.3768 48475.5518  3.41%   169  115s
 244631 103015     cutoff   30      46875.3768 48441.7050  3.34%   168  120s
 257351 107094 47920.7458   27  324 46875.3768 48417.4649  3.29%   168  125s
 270361 111176 47619.4732   42  324 46875.3768 48392.7463  3.24%   167  130s
 282095 114638 47855.0439   31  332 46875.3768 48371.5529  3.19%   167  135s
 298032 119272 47585.0890   34  369 46875.3768 48346.4272  3.14%   166  140s
 310542 122776     cutoff   37      46875.3768 48324.9592  3.09%   165  145s
 323828 126112 47642.8078   25  340 46875.3768 48304.0673  3.05%   165  150s
 339933 130451     cutoff   36      46875.3768 48281.0711  3.00%   164  155s
 352700 133260 46923.4852   35  352 46875.3768 48262.2258  2.96%   163  161s
 361794 136191 47235.0705   33  345 46875.3768 48249.3222  2.93%   163  165s
 378414 140198     cutoff   33      46875.3768 48227.9647  2.89%   162  170s
 394252 144050 47514.4390   31  338 46875.3768 48208.2948  2.84%   162  175s
 407537 147230     cutoff   43      46875.3768 48190.9926  2.81%   162  180s
 423956 150874 47020.1766   44  309 46875.3768 48171.0959  2.76%   161  185s
 437075 153808 46973.5515   32  360 46875.3768 48155.3999  2.73%   161  190s
 451534 157033 47308.4419   30  327 46875.3768 48139.3005  2.70%   160  195s
 466428 159986 47173.7581   41  326 46875.3768 48123.6372  2.66%   160  200s
 473193 162433 47888.7484   40  386 46875.3768 48117.5557  2.65%   159  205s
 493498 165286 47092.1927   24  284 46875.3768 48096.8391  2.61%   159  210s
 507927 168185 47246.8837   52  361 46875.3768 48082.7283  2.58%   158  215s
 521530 170668     cutoff   56      46875.3768 48070.0951  2.55%   158  220s
 538625 173822 47748.3155   42  376 46875.3768 48054.3430  2.52%   158  225s
 552835 176372 47257.5111   38  320 46875.3768 48040.7780  2.49%   157  230s
 566759 178852     cutoff   34      46875.3768 48028.3690  2.46%   157  235s
 581224 181326 47609.6210   30  350 46875.3768 48014.9870  2.43%   157  240s
 595485 183235 47240.6598   40  316 46875.3768 48003.1441  2.41%   156  245s
 608619 185566     cutoff   41      46875.3768 47992.6940  2.38%   156  250s
 621518 187730 47081.4433   37  348 46875.3768 47982.0341  2.36%   156  255s
 636858 189901 47304.0933   34  327 46875.3768 47969.9289  2.34%   155  260s
 654133 192500 47584.1406   34  355 46875.3768 47956.6039  2.31%   155  265s
 669187 194557 46976.2722   34  293 46875.3768 47946.0584  2.28%   155  270s
 684254 196565 47006.2957   33  301 46875.3768 47934.5274  2.26%   154  275s
 698723 198608     cutoff   43      46875.3768 47923.5965  2.24%   154  280s
 717104 200956 47052.3583   39  351 46875.3768 47910.8295  2.21%   153  285s
 731847 202761 47078.4652   38  333 46875.3768 47900.5942  2.19%   153  290s
 746364 204657     cutoff   48      46875.3768 47890.8011  2.17%   153  295s
 762315 206356     cutoff   34      46875.3768 47880.2859  2.14%   153  300s
 777841 207963     cutoff   39      46875.3768 47869.6701  2.12%   152  305s
 796668 209945     cutoff   34      46875.3768 47857.4041  2.09%   152  310s
 810754 211374 46929.7640   28  321 46875.3768 47848.3938  2.08%   152  315s
 826921 212834 47066.7021   37  264 46875.3768 47838.2930  2.05%   151  320s
 842450 214360 47042.8864   45  332 46875.3768 47828.7180  2.03%   151  325s
 858606 215257 47051.6550   41  341 46875.3768 47819.0266  2.01%   151  330s
 869449 216443 46978.0442   45  326 46875.3768 47812.2800  2.00%   151  335s
 889267 217829 46990.9387   34  309 46875.3768 47801.1390  1.97%   150  340s
 902778 218901 47450.9510   31  295 46875.3768 47793.6945  1.96%   150  345s
 918814 219937     cutoff   33      46875.3768 47784.6370  1.94%   150  350s
 935367 221029     cutoff   39      46875.3768 47775.0643  1.92%   149  355s
 952156 222193 47296.5867   37  298 46875.3768 47765.6455  1.90%   149  360s
 968316 223022 47128.3172   43  357 46875.3768 47756.6751  1.88%   149  365s
 985505 223822 47045.7998   36  339 46875.3768 47747.4083  1.86%   149  370s
 998566 224405 47370.0667   46  385 46875.3768 47740.1672  1.84%   148  375s
 1016240 225156     cutoff   44      46875.3768 47730.1566  1.82%   148  380s
 1033634 225775     cutoff   32      46875.3768 47721.1390  1.80%   148  385s
 1050831 226461 47365.3305   37  311 46875.3768 47712.5845  1.79%   148  390s
 1068424 226854 46896.4982   26  284 46875.3768 47703.4608  1.77%   147  395s
 1078890 227125 46916.6149   46  336 46875.3768 47697.9181  1.75%   147  400s
 1097142 227445 46918.7614   30  306 46875.3768 47688.8508  1.74%   147  405s
 1111006 227484 47187.2337   39  339 46875.3768 47681.7596  1.72%   147  410s
 1129250 227672     cutoff   44      46875.3768 47672.7046  1.70%   146  415s
 1147775 227894 47012.1652   36  354 46875.3768 47663.8584  1.68%   146  420s
 1160918 227912     cutoff   29      46875.3768 47657.7720  1.67%   146  425s
 1179815 227828 47074.2989   36  346 46875.3768 47648.7259  1.65%   146  430s
 1192832 227664     cutoff   28      46875.3768 47642.0872  1.64%   146  435s
 1211966 227431     cutoff   33      46875.3768 47633.1010  1.62%   145  440s
 1229977 226998     cutoff   37      46875.3768 47624.7663  1.60%   145  446s
 1244530 226751     cutoff   33      46875.3768 47618.1522  1.58%   145  450s
 1263177 226225     cutoff   45      46875.3768 47609.4948  1.57%   145  455s
 1281182 225683     cutoff   51      46875.3768 47601.0285  1.55%   144  460s
 1297798 225062 47115.9186   36  321 46875.3768 47593.5873  1.53%   144  465s
 1312666 224532 47396.9680   31  335 46875.3768 47586.7415  1.52%   144  470s
 1330923 223678     cutoff   33      46875.3768 47578.5963  1.50%   144  475s
 1348863 222728     cutoff   36      46875.3768 47570.5853  1.48%   144  480s
 1363305 221946 46879.9776   40  345 46875.3768 47564.0983  1.47%   143  485s
 1381189 220970     cutoff   40      46875.3768 47555.8655  1.45%   143  490s
 1398200 219819 47435.0077   39  360 46875.3768 47548.1812  1.44%   143  495s
 1416835 218528     cutoff   41      46875.3768 47540.0455  1.42%   143  500s
 1430086 217270 47215.7524   33  362 46875.3768 47533.7781  1.40%   143  505s
 1448427 215825     cutoff   32      46875.3768 47525.5404  1.39%   142  510s
 1466545 214201     cutoff   37      46875.3768 47517.7151  1.37%   142  515s
 1484608 212523 47189.9025   28  287 46875.3768 47509.6209  1.35%   142  520s
 1498897 211035 47266.5325   39  366 46875.3768 47502.8304  1.34%   142  525s
H1501870 208879                    46896.442007 47502.6336  1.29%   142  525s
H1506867 191524                    47047.089035 47499.4051  0.96%   142  527s
 1515989 188318     cutoff   31      47047.0890 47492.9603  0.95%   142  530s
 1532794 183202     cutoff   34      47047.0890 47479.8229  0.92%   141  535s
H1549524 172133                    47082.462674 47465.9647  0.81%   141  539s
 1551867 170730     cutoff   37      47082.4627 47464.8069  0.81%   141  540s
 1569317 163052 47107.2738   32  352 47082.4627 47447.8021  0.78%   141  545s
 1587344 155042     cutoff   44      47082.4627 47430.4029  0.74%   141  550s
 1604238 146721     cutoff   32      47082.4627 47413.6565  0.70%   140  555s
 1623029 136997     cutoff   29      47082.4627 47393.7631  0.66%   140  560s
 1646417 123395     cutoff   33      47082.4627 47367.9210  0.61%   140  566s
 1665506 112940     cutoff   36      47082.4627 47346.1397  0.56%   139  570s
 1686710 96487     cutoff   36      47082.4627 47319.7309  0.50%   139  575s
 1710972 77851     cutoff   32      47082.4627 47286.8080  0.43%   138  580s
 1735324 57224     cutoff   37      47082.4627 47249.2086  0.35%   137  585s
 1773869 22593     cutoff   36      47082.4627 47175.3608  0.20%   135  590s

Cutting planes:
  Gomory: 1
  Clique: 27
  MIR: 2
  Flow cover: 24
  Zero half: 2
  RLT: 3
  BQP: 1

Explored 1801745 nodes (240394981 simplex iterations) in 592.19 seconds (1315.03 work units)
Thread count was 24 (of 24 available processors)

Solution count 10: 47082.5 47047.1 46896.4 ... 46469.9

Optimal solution found (tolerance 1.00e-04)
Best objective 4.708246267430e+04, best bound 4.708246267430e+04, gap 0.0000%

User-callback calls 3627888, time in user-callback 1.97 sec
