
Gurobi 11.0.3 (linux64) logging started Wed Nov 26 00:25:52 2025

Set parameter LogFile to value "./log/train/CA_750_1100_0.7/CA_82.lp.log"
Set parameter TimeLimit to value 3600
Gurobi Optimizer version 11.0.3 build v11.0.3rc0 (linux64 - "Ubuntu 22.04.5 LTS")

CPU model: AMD Ryzen 9 9900X 12-Core Processor, instruction set [SSE2|AVX|AVX2|AVX512]
Thread count: 12 physical cores, 24 logical processors, using up to 24 threads

Optimize a model with 1173 rows, 750 columns and 4310 nonzeros
Model fingerprint: 0xff85c9bc
Variable types: 0 continuous, 750 integer (750 binary)
Coefficient statistics:
  Matrix range     [1e+00, 1e+00]
  Objective range  [5e-01, 2e+03]
  Bounds range     [1e+00, 1e+00]
  RHS range        [1e+00, 1e+00]
Found heuristic solution: objective 33102.844024
Presolve removed 202 rows and 71 columns
Presolve time: 0.01s
Presolved: 971 rows, 679 columns, 4097 nonzeros
Found heuristic solution: objective 39167.144244
Variable types: 0 continuous, 679 integer (679 binary)
Found heuristic solution: objective 41661.179760

Root relaxation: objective 5.314373e+04, 2515 iterations, 0.10 seconds (0.22 work units)

    Nodes    |    Current Node    |     Objective Bounds      |     Work
 Expl Unexpl |  Obj  Depth IntInf | Incumbent    BestBd   Gap | It/Node Time

     0     0 53143.7317    0  461 41661.1798 53143.7317  27.6%     -    0s
H    0     0                    42585.835804 53143.7317  24.8%     -    0s
H    0     0                    42652.441233 53143.7317  24.6%     -    0s
     0     0 53028.8492    0  468 42652.4412 53028.8492  24.3%     -    0s
     0     0 52969.9113    0  472 42652.4412 52969.9113  24.2%     -    0s
H    0     0                    42798.471724 52969.9113  23.8%     -    0s
     0     0 52969.9113    0  478 42798.4717 52969.9113  23.8%     -    0s
     0     0 52821.5760    0  483 42798.4717 52821.5760  23.4%     -    0s
     0     0 52821.5760    0  483 42798.4717 52821.5760  23.4%     -    0s
H    0     0                    42887.315350 52821.5760  23.2%     -    0s
     0     2 52821.5760    0  483 42887.3153 52821.5760  23.2%     -    0s
H   31    40                    43225.676088 52285.9367  21.0%   574    0s
H   56    64                    44199.112580 52285.9367  18.3%   509    0s
H   62    64                    45831.424964 52285.9367  14.1%   493    0s
H   71    77                    45985.434419 52285.9367  13.7%   479    0s
H   76    90                    46148.704557 52285.9367  13.3%   461    1s
H   77    90                    46522.720162 52285.9367  12.4%   457    1s
H  105   121                    46670.619763 52285.9367  12.0%   449    1s
H  108   121                    46810.306303 52285.9367  11.7%   446    1s
H  116   121                    46859.847631 52285.9367  11.6%   424    1s
H  123   127                    46890.538568 52285.9367  11.5%   415    1s
H  137   127                    46991.035085 52285.9367  11.3%   401    1s
H  158   154                    47021.726022 52285.9367  11.2%   381    1s
H  159   154                    47306.023109 52285.9367  10.5%   381    1s
H  184   164                    47620.978497 52285.9367  9.80%   360    1s
H  229   174                    47631.431804 52285.9367  9.77%   334    1s
H  233   174                    47643.762809 52285.9367  9.74%   333    1s
  2693  1507 50618.9284   11  483 47643.7628 50778.5999  6.58%   221    5s
  5713  2687 50720.8544   29  420 47643.7628 50778.5999  6.58%   234   10s
 13491  6085 49853.0149   29  400 47643.7628 50193.7781  5.35%   209   15s
 21846 10089     cutoff   43      47643.7628 49894.6850  4.72%   201   20s
 32742 14237 47669.6002   43  381 47643.7628 49648.9915  4.21%   193   25s
 42533 17824 48766.3849   27  375 47643.7628 49504.2794  3.91%   188   30s
 51048 20810 48203.2051   32  319 47643.7628 49390.4814  3.67%   185   42s
 57769 22781 47678.5125   31  350 47643.7628 49314.7705  3.51%   183   45s
 69729 25864 48627.6618   35  377 47643.7628 49202.5261  3.27%   180   50s
 85269 29047 48322.8544   25  311 47643.7628 49093.1548  3.04%   177   55s
 97469 31236 48493.7533   34  364 47643.7628 49021.5580  2.89%   175   60s
 110296 33370     cutoff   48      47643.7628 48949.2438  2.74%   173   65s
 124862 35526     cutoff   34      47643.7628 48876.3862  2.59%   172   70s
 137711 37001 47971.6349   46  394 47643.7628 48820.9082  2.47%   170   75s
 149964 38374     cutoff   37      47643.7628 48768.8525  2.36%   169   80s
 162814 39482 48058.1677   23  327 47643.7628 48717.6441  2.25%   167   85s
 175451 40349 47684.8200   29  314 47643.7628 48674.4653  2.16%   166   90s
 188630 40986     cutoff   36      47643.7628 48626.8880  2.06%   165   95s
 199496 41333     cutoff   38      47643.7628 48592.6008  1.99%   164  100s
 215778 41603     cutoff   32      47643.7628 48542.5357  1.89%   162  105s
 230901 41540 47666.0609   27  317 47643.7628 48495.2623  1.79%   161  110s
 244334 41337 48115.0249   48  391 47643.7628 48457.7015  1.71%   160  115s
 259773 40706 47754.3784   37  364 47643.7628 48416.0441  1.62%   159  120s
 275313 39619     cutoff   42      47643.7628 48372.4546  1.53%   158  125s
 287090 38397     cutoff   34      47643.7628 48340.6518  1.46%   157  130s
 303537 36579 47732.3908   36  333 47643.7628 48299.6689  1.38%   156  135s
 322376 34059 47977.0448   33  363 47643.7628 48251.5377  1.28%   154  140s
 335333 31447     cutoff   45      47643.7628 48216.8758  1.20%   154  145s
 351837 27732     cutoff   35      47643.7628 48168.6994  1.10%   153  150s
 368245 23305     cutoff   29      47643.7628 48120.5066  1.00%   151  155s
 384396 18512     cutoff   35      47643.7628 48061.1790  0.88%   150  160s
 399251 11075     cutoff   47      47643.7628 47989.8185  0.73%   149  165s

Cutting planes:
  Clique: 10
  Flow cover: 13

Explored 419649 nodes (61334943 simplex iterations) in 168.97 seconds (371.78 work units)
Thread count was 24 (of 24 available processors)

Solution count 10: 47643.8 47631.4 47621 ... 46670.6

Optimal solution found (tolerance 1.00e-04)
Best objective 4.764376280942e+04, best bound 4.764376280942e+04, gap 0.0000%

User-callback calls 849333, time in user-callback 0.47 sec
