
Gurobi 11.0.3 (linux64) logging started Wed Nov 26 01:18:29 2025

Set parameter LogFile to value "./log/train/CA_750_1100_0.7/CA_89.lp.log"
Set parameter TimeLimit to value 3600
Gurobi Optimizer version 11.0.3 build v11.0.3rc0 (linux64 - "Ubuntu 22.04.5 LTS")

CPU model: AMD Ryzen 9 9900X 12-Core Processor, instruction set [SSE2|AVX|AVX2|AVX512]
Thread count: 12 physical cores, 24 logical processors, using up to 24 threads

Optimize a model with 1163 rows, 750 columns and 4142 nonzeros
Model fingerprint: 0x0d224447
Variable types: 0 continuous, 750 integer (750 binary)
Coefficient statistics:
  Matrix range     [1e+00, 1e+00]
  Objective range  [4e+00, 1e+03]
  Bounds range     [1e+00, 1e+00]
  RHS range        [1e+00, 1e+00]
Found heuristic solution: objective 29472.716401
Presolve removed 227 rows and 78 columns
Presolve time: 0.01s
Presolved: 936 rows, 672 columns, 3905 nonzeros
Found heuristic solution: objective 38094.978261
Variable types: 0 continuous, 672 integer (672 binary)
Found heuristic solution: objective 39841.034931

Root relaxation: objective 4.978847e+04, 2221 iterations, 0.09 seconds (0.18 work units)

    Nodes    |    Current Node    |     Objective Bounds      |     Work
 Expl Unexpl |  Obj  Depth IntInf | Incumbent    BestBd   Gap | It/Node Time

     0     0 49788.4663    0  445 39841.0349 49788.4663  25.0%     -    0s
H    0     0                    40373.213802 49788.4663  23.3%     -    0s
     0     0 49632.5580    0  453 40373.2138 49632.5580  22.9%     -    0s
H    0     0                    42059.308406 49632.5580  18.0%     -    0s
     0     0 49578.2012    0  457 42059.3084 49578.2012  17.9%     -    0s
H    0     0                    42589.142500 49578.2012  16.4%     -    0s
H    0     0                    42610.030616 49578.2012  16.4%     -    0s
H    0     0                    42627.088545 49578.2012  16.3%     -    0s
     0     0 49578.2012    0  459 42627.0885 49578.2012  16.3%     -    0s
     0     0 49469.8604    0  459 42627.0885 49469.8604  16.1%     -    0s
     0     0 49469.8604    0  459 42627.0885 49469.8604  16.1%     -    0s
H    0     0                    42780.380225 49469.8604  15.6%     -    0s
     0     2 49469.8604    0  459 42780.3802 49469.8604  15.6%     -    0s
H   27    40                    42916.289438 49169.7084  14.6%   557    0s
H   60    64                    44523.928757 49166.9897  10.4%   426    0s
H   75    88                    44671.748537 49166.9897  10.1%   435    0s
H   77    88                    44692.300109 49166.9897  10.0%   430    0s
H   83    88                    44820.676131 49166.9897  9.70%   413    0s
H  118   126                    44877.778228 49166.9897  9.56%   365    0s
H  119   126                    44888.169385 49166.9897  9.53%   364    0s
H  122   126                    44977.593581 49166.9897  9.31%   362    0s
H  173   174                    45033.336724 49166.9897  9.18%   317    1s
H  175   174                    45034.229501 49166.9897  9.18%   319    1s
H  322   231                    45043.579444 49166.9897  9.15%   245    1s
  2866  1666 47965.3728   20  443 45043.5794 47965.3728  6.49%   206    5s
* 3745  1900              45    45120.803997 47965.3728  6.30%   211    7s
  7507  2904 45462.2106   43  333 45120.8040 47965.3728  6.30%   196   10s
H12788  5695                    45319.611470 47366.5512  4.52%   187   13s
H13872  6079                    45334.437861 47302.3013  4.34%   185   14s
H14170  6069                    45336.523589 47285.7413  4.30%   185   14s
 15496  6707 46351.8026   33  326 45336.5236 47252.7134  4.23%   185   15s
 25238 10876 45870.3287   27  351 45336.5236 47004.0145  3.68%   175   20s
 37273 14674     cutoff   43      45336.5236 46826.9900  3.29%   169   25s
 51026 18593 45767.2043   35  319 45336.5236 46699.5612  3.01%   165   36s
 62140 21403 45965.7507   27  314 45336.5236 46609.4459  2.81%   162   40s
 76800 24515 46293.7324   37  346 45336.5236 46516.7047  2.60%   160   46s
 77449 27319 46129.6853   38  335 45336.5236 46515.3194  2.60%   160   50s
*101448 29563              31    45337.316698 46398.3415  2.34%   157   54s
 101792 29969 45957.1416   36  339 45337.3167 46388.7332  2.32%   157   55s
*112822 29688              47    45503.530911 46346.5367  1.85%   155   58s
 117178 29989 45560.0057   43  331 45503.5309 46325.9053  1.81%   155   60s
 130686 30716 45796.6953   48  363 45503.5309 46264.8488  1.67%   153   65s
 148028 31070     cutoff   39      45503.5309 46198.6237  1.53%   151   70s
 163779 30911     cutoff   33      45503.5309 46143.5145  1.41%   149   75s
 181540 30056 45542.9118   43  342 45503.5309 46087.3509  1.28%   147   80s
 196952 28753 45633.3822   38  331 45503.5309 46041.0673  1.18%   145   85s
 215527 26733     cutoff   41      45503.5309 45988.3695  1.07%   143   90s
 234195 23791     cutoff   30      45503.5309 45936.0461  0.95%   141   95s
 250218 20271 45542.9579   38  355 45503.5309 45885.8479  0.84%   139  100s
 261127 17106     cutoff   41      45503.5309 45847.7547  0.76%   138  105s
 281748  8389     cutoff   39      45503.5309 45746.4130  0.53%   136  110s

Cutting planes:
  Gomory: 2
  Clique: 28
  Flow cover: 17
  Zero half: 2
  RLT: 4
  Relax-and-lift: 1
  BQP: 2

Explored 295478 nodes (39418708 simplex iterations) in 112.31 seconds (247.75 work units)
Thread count was 24 (of 24 available processors)

Solution count 10: 45503.5 45337.3 45336.5 ... 44977.6

Optimal solution found (tolerance 1.00e-04)
Best objective 4.550353091091e+04, best bound 4.550353091091e+04, gap 0.0000%

User-callback calls 600030, time in user-callback 0.32 sec
