
Gurobi 11.0.3 (linux64) logging started Wed Nov 26 01:12:40 2025

Set parameter LogFile to value "./log/train/CA_750_1100_0.7/CA_86.lp.log"
Set parameter TimeLimit to value 3600
Gurobi Optimizer version 11.0.3 build v11.0.3rc0 (linux64 - "Ubuntu 22.04.5 LTS")

CPU model: AMD Ryzen 9 9900X 12-Core Processor, instruction set [SSE2|AVX|AVX2|AVX512]
Thread count: 12 physical cores, 24 logical processors, using up to 24 threads

Optimize a model with 1147 rows, 750 columns and 4141 nonzeros
Model fingerprint: 0x1754fa89
Variable types: 0 continuous, 750 integer (750 binary)
Coefficient statistics:
  Matrix range     [1e+00, 1e+00]
  Objective range  [3e+00, 1e+03]
  Bounds range     [1e+00, 1e+00]
  RHS range        [1e+00, 1e+00]
Found heuristic solution: objective 31043.374747
Presolve removed 229 rows and 95 columns
Presolve time: 0.01s
Presolved: 918 rows, 655 columns, 3906 nonzeros
Variable types: 0 continuous, 655 integer (655 binary)
Found heuristic solution: objective 37157.439372

Root relaxation: objective 5.159434e+04, 2100 iterations, 0.08 seconds (0.17 work units)

    Nodes    |    Current Node    |     Objective Bounds      |     Work
 Expl Unexpl |  Obj  Depth IntInf | Incumbent    BestBd   Gap | It/Node Time

     0     0 51594.3363    0  432 37157.4394 51594.3363  38.9%     -    0s
H    0     0                    41377.275450 51594.3363  24.7%     -    0s
H    0     0                    42556.364914 51594.3363  21.2%     -    0s
H    0     0                    42993.300018 51588.1173  20.0%     -    0s
     0     0 51360.3886    0  454 42993.3000 51360.3886  19.5%     -    0s
     0     0 51273.0516    0  456 42993.3000 51273.0516  19.3%     -    0s
H    0     0                    43126.194808 51273.0516  18.9%     -    0s
     0     0 51153.0872    0  451 43126.1948 51153.0872  18.6%     -    0s
     0     0 50946.0566    0  455 43126.1948 50946.0566  18.1%     -    0s
     0     0 50946.0566    0  455 43126.1948 50946.0566  18.1%     -    0s
H    0     2                    43192.584296 50946.0566  18.0%     -    0s
     0     2 50946.0566    0  455 43192.5843 50946.0566  18.0%     -    0s
H   31    40                    43249.474347 50847.6665  17.6%   523    0s
H   58    64                    44949.564203 50683.1103  12.8%   439    0s
H   65    79                    45114.351761 50683.1103  12.3%   422    0s
H   80    94                    45132.891543 50683.1103  12.3%   399    0s
*  248   244              24    45211.907701 50683.1103  12.1%   277    1s
*  406   337              30    45666.959201 50683.1103  11.0%   234    1s
* 2586  1517              35    45671.508590 49379.4722  8.12%   199    3s
  2791  1632 49379.4722   22  418 45671.5086 49379.4722  8.12%   208    5s
* 3294  1820              38    45819.873972 49379.4722  7.77%   219    6s
H 4347  2115                    45827.026854 49379.4722  7.75%   213    7s
H 4365  2040                    45972.818608 49379.4722  7.41%   213    7s
  7000  2968 46647.4159   34  320 45972.8186 49353.5962  7.35%   209   10s
 15755  7597 47456.4781   27  345 45972.8186 48571.1416  5.65%   190   15s
 26006 12434 45998.1390   46  343 45972.8186 48263.8937  4.98%   179   20s
 38081 17341 46189.3951   39  309 45972.8186 48060.3341  4.54%   173   25s
*39013 17119              38    46165.027811 48046.7780  4.08%   174   25s
 46082 19865 46240.1578   37  337 46165.0278 47951.8117  3.87%   173   30s
 51699 21927 47339.1231   36  361 46165.0278 47887.9119  3.73%   171   39s
 56454 22963 46475.2044   34  331 46165.0278 47840.1664  3.63%   170   40s
 70452 26363     cutoff   37      46165.0278 47727.5026  3.38%   169   46s
 83459 28944 46804.3309   42  339 46165.0278 47635.4548  3.19%   167   50s
 97991 31517 46346.5977   39  367 46165.0278 47552.5764  3.01%   165   55s
 110809 33690 47056.2272   42  370 46165.0278 47486.8273  2.86%   164   60s
 127940 36045 46328.1419   41  317 46165.0278 47408.7750  2.69%   162   65s
 140587 37368     cutoff   39      46165.0278 47353.0102  2.57%   161   70s
 158602 38728 46662.3957   30  280 46165.0278 47286.2523  2.43%   160   75s
 173479 39699 47042.4403   44  360 46165.0278 47236.5262  2.32%   159   80s
 189968 40472 46426.4310   42  327 46165.0278 47186.2760  2.21%   158   85s
 205741 40886     cutoff   43      46165.0278 47140.8234  2.11%   156   90s
 221273 41031 46254.5985   32  284 46165.0278 47095.5459  2.02%   155   95s
 234407 41079 46617.3821   39  328 46165.0278 47060.9779  1.94%   155  100s
 244896 40904     cutoff   28      46165.0278 47032.0905  1.88%   154  105s
 260734 40412 46275.7889   40  351 46165.0278 46993.3651  1.79%   153  110s
 276508 39656     cutoff   40      46165.0278 46954.8489  1.71%   152  115s
 290410 38689     cutoff   41      46165.0278 46921.3130  1.64%   151  120s
 306829 37189 46174.8497   46  369 46165.0278 46883.0415  1.56%   151  125s
 322803 35369 46322.0332   46  330 46165.0278 46846.0477  1.48%   150  130s
 338743 33232     cutoff   43      46165.0278 46808.0049  1.39%   149  135s
 354657 30593     cutoff   38      46165.0278 46768.7202  1.31%   148  140s
 369867 27577     cutoff   44      46165.0278 46731.5647  1.23%   148  145s
 386495 23681     cutoff   51      46165.0278 46686.2036  1.13%   147  150s
 402848 19571 46184.9714   46  347 46165.0278 46635.7392  1.02%   146  155s
 419929 12429     cutoff   42      46165.0278 46562.3291  0.86%   145  160s

Cutting planes:
  Gomory: 1
  Clique: 33
  Flow cover: 20
  Zero half: 2
  RLT: 1
  Relax-and-lift: 1
  BQP: 1

Explored 443419 nodes (63321747 simplex iterations) in 164.85 seconds (355.48 work units)
Thread count was 24 (of 24 available processors)

Solution count 10: 46165 45972.8 45827 ... 44949.6

Optimal solution found (tolerance 1.00e-04)
Best objective 4.616502781124e+04, best bound 4.616502781124e+04, gap 0.0000%

User-callback calls 896096, time in user-callback 0.52 sec
