
Gurobi 11.0.3 (linux64) logging started Wed Nov 26 01:43:52 2025

Set parameter LogFile to value "./log/train/CA_750_1100_0.7/CA_91.lp.log"
Set parameter TimeLimit to value 3600
Gurobi Optimizer version 11.0.3 build v11.0.3rc0 (linux64 - "Ubuntu 22.04.5 LTS")

CPU model: AMD Ryzen 9 9900X 12-Core Processor, instruction set [SSE2|AVX|AVX2|AVX512]
Thread count: 12 physical cores, 24 logical processors, using up to 24 threads

Optimize a model with 1154 rows, 750 columns and 4069 nonzeros
Model fingerprint: 0xb74c33c3
Variable types: 0 continuous, 750 integer (750 binary)
Coefficient statistics:
  Matrix range     [1e+00, 1e+00]
  Objective range  [2e+00, 1e+03]
  Bounds range     [1e+00, 1e+00]
  RHS range        [1e+00, 1e+00]
Found heuristic solution: objective 32671.529894
Presolve removed 211 rows and 81 columns
Presolve time: 0.01s
Presolved: 943 rows, 669 columns, 3861 nonzeros
Variable types: 0 continuous, 669 integer (669 binary)
Found heuristic solution: objective 38104.059683

Root relaxation: objective 4.923343e+04, 2349 iterations, 0.09 seconds (0.20 work units)

    Nodes    |    Current Node    |     Objective Bounds      |     Work
 Expl Unexpl |  Obj  Depth IntInf | Incumbent    BestBd   Gap | It/Node Time

     0     0 49233.4259    0  432 38104.0597 49233.4259  29.2%     -    0s
H    0     0                    40368.989389 49233.4259  22.0%     -    0s
H    0     0                    41160.405044 49233.4259  19.6%     -    0s
H    0     0                    41374.844606 49233.4259  19.0%     -    0s
H    0     0                    41703.160430 49233.4259  18.1%     -    0s
     0     0 49135.7257    0  442 41703.1604 49135.7257  17.8%     -    0s
     0     0 49117.9764    0  450 41703.1604 49117.9764  17.8%     -    0s
H    0     0                    41737.403643 49117.9764  17.7%     -    0s
     0     0 49117.9764    0  454 41737.4036 49117.9764  17.7%     -    0s
     0     0 48808.5052    0  452 41737.4036 48808.5052  16.9%     -    0s
     0     0 48786.0306    0  452 41737.4036 48786.0306  16.9%     -    0s
H    0     0                    41896.253927 48786.0306  16.4%     -    0s
     0     2 48786.0306    0  452 41896.2539 48786.0306  16.4%     -    0s
H   27    40                    42434.318925 48711.9355  14.8%   457    0s
H   75    77                    42440.735242 48711.5896  14.8%   352    0s
H   81    89                    42593.214168 48711.5896  14.4%   348    0s
H   91   101                    42920.767773 48711.5896  13.5%   355    0s
H  107   115                    43518.230044 48711.5896  11.9%   346    0s
H  121   127                    44134.374031 48711.5896  10.4%   344    0s
H  315   279                    44370.966778 48711.5896  9.78%   243    1s
*  316   279              25    44453.040591 48711.5896  9.58%   243    1s
*  351   273              25    44469.748352 48711.5896  9.54%   237    1s
H 1133   719                    44634.289596 48090.4004  7.74%   212    2s
  2688  1605 47628.1806   15  402 44634.2896 47628.1806  6.71%   207    5s
 10578  5683     cutoff   55      44634.2896 47392.7304  6.18%   190   10s
H14484  7460                    44706.417492 47211.5359  5.60%   183   11s
 20566 10844 45473.7852   32  319 44706.4175 47026.6026  5.19%   178   15s
 33115 17787 45124.9367   38  338 44706.4175 46809.9618  4.71%   168   20s
 50102 25599 45577.1513   33  348 44706.4175 46616.1037  4.27%   164   25s
 52132 26695     cutoff   28      44706.4175 46598.4815  4.23%   164   33s
 61159 30339 45986.3835   20  347 44706.4175 46526.4754  4.07%   162   35s
 77860 37286 45637.8281   18  327 44706.4175 46403.6179  3.80%   161   40s
 95453 43581 45131.4444   37  340 44706.4175 46294.9763  3.55%   159   45s
 112973 49197     cutoff   37      44706.4175 46217.1251  3.38%   158   50s
 130230 54536 44708.3296   38  315 44706.4175 46153.6339  3.24%   157   55s
 147706 59904     cutoff   44      44706.4175 46093.0198  3.10%   156   60s
 167810 64934 45534.9892   31  349 44706.4175 46030.2651  2.96%   155   65s
 184976 70006 45778.2477   24  318 44706.4175 45981.8433  2.85%   154   70s
 200905 73327 45206.3965   32  299 44706.4175 45940.5292  2.76%   153   75s
 215533 77107 45159.4412   28  335 44706.4175 45907.8142  2.69%   152   80s
 235872 81501 44872.2878   36  334 44706.4175 45864.7433  2.59%   151   85s
 256554 85581 45156.0737   44  361 44706.4175 45827.0696  2.51%   150   90s
 274790 88879 45297.5982   29  332 44706.4175 45794.2710  2.43%   150   95s
 295988 92430 44769.1935   34  354 44706.4175 45760.1253  2.36%   149  100s
 314244 96066 44801.3461   43  251 44706.4175 45733.5221  2.30%   148  106s
 332304 98266 45078.1617   35  327 44706.4175 45704.7111  2.23%   147  110s
 354590 101257 44777.1493   42  306 44706.4175 45675.4425  2.17%   146  115s
 376283 103690     cutoff   30      44706.4175 45648.5535  2.11%   145  120s
 392330 105510     cutoff   33      44706.4175 45628.5280  2.06%   145  125s
 411859 107408     cutoff   29      44706.4175 45607.0777  2.01%   144  130s
 426819 108687     cutoff   37      44706.4175 45591.4295  1.98%   144  135s
 446060 110190     cutoff   50      44706.4175 45571.5664  1.94%   143  140s
 463105 111459 44818.0852   33  324 44706.4175 45554.2782  1.90%   142  145s
 479721 112662     cutoff   29      44706.4175 45538.6376  1.86%   142  150s
 496645 113763 44706.6713   35  322 44706.4175 45523.0180  1.83%   142  155s
 514067 114599     cutoff   32      44706.4175 45506.0471  1.79%   141  160s
 531816 115387 44997.0322   34  319 44706.4175 45489.2758  1.75%   140  165s
 547705 116058 44777.0518   28  356 44706.4175 45474.9528  1.72%   140  170s
 562929 116613 44740.6199   30  318 44706.4175 45461.3774  1.69%   140  175s
 581187 117216 44946.3745   29  294 44706.4175 45445.5657  1.65%   139  180s
 595983 117432     cutoff   48      44706.4175 45433.3468  1.63%   139  185s
 614596 117571 44789.9884   55  356 44706.4175 45417.6382  1.59%   138  190s
 631429 117556     cutoff   35      44706.4175 45404.0796  1.56%   138  195s
 650697 117311 44937.9543   39  316 44706.4175 45389.4244  1.53%   137  200s
 664116 117128 44899.1037   31  344 44706.4175 45378.5771  1.50%   137  205s
 683461 116655 44709.9443   29  298 44706.4175 45364.1238  1.47%   137  210s
 702131 116097 44707.2661   35  248 44706.4175 45350.1935  1.44%   136  215s
 720885 115329     cutoff   35      44706.4175 45335.7758  1.41%   136  220s
 739902 114505 45112.8869   40  341 44706.4175 45321.5524  1.38%   135  225s
 759311 113464     cutoff   34      44706.4175 45307.5422  1.34%   135  230s
 774397 112547     cutoff   39      44706.4175 45297.1632  1.32%   135  235s
 794374 110950     cutoff   31      44706.4175 45282.8231  1.29%   134  240s
 810026 109681 44706.6739   38  281 44706.4175 45272.0261  1.27%   134  245s
 830813 107861 44757.3375   32  313 44706.4175 45257.5731  1.23%   133  250s
 851078 105703 45008.0876   41  333 44706.4175 45242.8980  1.20%   133  255s
 866046 103980     cutoff   44      44706.4175 45233.0981  1.18%   133  260s
 881784 102146     cutoff   37      44706.4175 45221.6605  1.15%   132  265s
 903439 99356     cutoff   33      44706.4175 45206.6220  1.12%   132  270s
 924734 96390     cutoff   32      44706.4175 45191.7366  1.09%   132  275s
 946349 93062 44723.6971   30  301 44706.4175 45177.1623  1.05%   131  280s
 964469 90110 44837.8277   34  339 44706.4175 45164.6874  1.03%   131  285s
 985997 86796 44728.6119   38  324 44706.4175 45148.9957  0.99%   130  290s
 1005147 82342 44962.3426   32  264 44706.4175 45135.0889  0.96%   130  295s
 1023550 78346     cutoff   33      44706.4175 45121.0831  0.93%   130  300s
 1045323 73149     cutoff   27      44706.4175 45103.8265  0.89%   129  305s
 1063628 68324 44821.9621   30  262 44706.4175 45088.2665  0.85%   129  310s
 1086238 61923 44718.1745   41  314 44706.4175 45068.7821  0.81%   128  315s
 1105316 56117 44746.5915   38  292 44706.4175 45050.9448  0.77%   128  320s
 1126640 48763     cutoff   49      44706.4175 45029.7413  0.72%   127  325s
*1137565 45388              41    44713.447767 45020.3057  0.69%   127  326s
 1149347 39154 44769.5423   40  305 44713.4478 45001.1589  0.64%   127  330s
 1174465 27197     cutoff   36      44713.4478 44960.8185  0.55%   126  335s
 1196529 14726     cutoff   33      44713.4478 44906.3533  0.43%   126  340s

Cutting planes:
  Clique: 9
  Flow cover: 30
  Zero half: 4
  BQP: 3

Explored 1220506 nodes (151524107 simplex iterations) in 342.86 seconds (791.44 work units)
Thread count was 24 (of 24 available processors)

Solution count 10: 44713.4 44706.4 44634.3 ... 42593.2

Optimal solution found (tolerance 1.00e-04)
Best objective 4.471344776678e+04, best bound 4.471344776678e+04, gap 0.0000%

User-callback calls 2455779, time in user-callback 1.34 sec
