
Gurobi 11.0.3 (linux64) logging started Thu Mar  5 14:04:10 2026

Set parameter LogFile to value "./log/train/IS_1500_6/IS_15.lp.log"
Set parameter TimeLimit to value 3600
Gurobi Optimizer version 11.0.3 build v11.0.3rc0 (linux64 - "Ubuntu 22.04.5 LTS")

CPU model: AMD Ryzen 9 9900X 12-Core Processor, instruction set [SSE2|AVX|AVX2|AVX512]
Thread count: 12 physical cores, 24 logical processors, using up to 2 threads

Optimize a model with 9215 rows, 1500 columns and 18136 nonzeros
Model fingerprint: 0x635e512d
Variable types: 0 continuous, 1500 integer (1500 binary)
Coefficient statistics:
  Matrix range     [1e+00, 1e+00]
  Objective range  [1e+00, 1e+00]
  Bounds range     [1e+00, 1e+00]
  RHS range        [1e+00, 1e+00]
Found heuristic solution: objective 338.0000000
Presolve removed 1697 rows and 0 columns
Presolve time: 0.02s
Presolved: 7518 rows, 1500 columns, 16369 nonzeros
Variable types: 0 continuous, 1500 integer (1500 binary)

Root relaxation: objective 6.860000e+02, 3640 iterations, 0.13 seconds (0.22 work units)

    Nodes    |    Current Node    |     Objective Bounds      |     Work
 Expl Unexpl |  Obj  Depth IntInf | Incumbent    BestBd   Gap | It/Node Time

     0     0  686.00000    0 1342  338.00000  686.00000   103%     -    0s
H    0     0                     532.0000000  686.00000  28.9%     -    0s
H    0     0                     533.0000000  686.00000  28.7%     -    0s
     0     0  670.71574    0 1477  533.00000  670.71574  25.8%     -    1s
H    0     0                     541.0000000  670.71574  24.0%     -    1s
     0     0  670.71437    0 1477  541.00000  670.71437  24.0%     -    1s
     0     0  662.90929    0 1479  541.00000  662.90929  22.5%     -    1s
H    0     0                     563.0000000  662.90929  17.7%     -    1s
     0     0  662.23110    0 1474  563.00000  662.23110  17.6%     -    1s
     0     0  662.16659    0 1481  563.00000  662.16659  17.6%     -    2s
     0     0  662.14731    0 1480  563.00000  662.14731  17.6%     -    2s
     0     0  662.13939    0 1481  563.00000  662.13939  17.6%     -    2s
     0     0  662.13631    0 1481  563.00000  662.13631  17.6%     -    2s
     0     0  657.02004    0 1483  563.00000  657.02004  16.7%     -    2s
     0     0  656.56752    0 1482  563.00000  656.56752  16.6%     -    2s
     0     0  656.54006    0 1481  563.00000  656.54006  16.6%     -    2s
     0     0  656.52425    0 1480  563.00000  656.52425  16.6%     -    2s
     0     0  656.51533    0 1480  563.00000  656.51533  16.6%     -    2s
     0     0  656.51207    0 1481  563.00000  656.51207  16.6%     -    2s
     0     0  652.87254    0 1480  563.00000  652.87254  16.0%     -    3s
H    0     0                     565.0000000  652.87254  15.6%     -    3s
     0     0  652.44719    0 1483  565.00000  652.44719  15.5%     -    3s
     0     0  652.37895    0 1484  565.00000  652.37895  15.5%     -    3s
     0     0  652.35212    0 1483  565.00000  652.35212  15.5%     -    4s
     0     0  652.34593    0 1482  565.00000  652.34593  15.5%     -    4s
     0     0  650.84128    0 1486  565.00000  650.84128  15.2%     -    4s
     0     0  650.57203    0 1479  565.00000  650.57203  15.1%     -    4s
     0     0  650.53444    0 1482  565.00000  650.53444  15.1%     -    4s
     0     0  650.52751    0 1483  565.00000  650.52751  15.1%     -    4s
     0     0  649.27968    0 1483  565.00000  649.27968  14.9%     -    5s
     0     0  649.03516    0 1484  565.00000  649.03516  14.9%     -    5s
     0     0  649.00881    0 1486  565.00000  649.00881  14.9%     -    5s
     0     0  649.00231    0 1486  565.00000  649.00231  14.9%     -    5s
     0     0  647.62148    0 1485  565.00000  647.62148  14.6%     -    6s
H    0     0                     568.0000000  647.62148  14.0%     -    6s
     0     0  647.52290    0 1485  568.00000  647.52290  14.0%     -    6s
     0     0  647.49619    0 1485  568.00000  647.49619  14.0%     -    6s
     0     0  647.49271    0 1485  568.00000  647.49271  14.0%     -    6s
     0     0  646.37170    0 1490  568.00000  646.37170  13.8%     -    6s
H    0     0                     569.0000000  646.37170  13.6%     -    6s
     0     0  646.11086    0 1489  569.00000  646.11086  13.6%     -    7s
     0     0  646.06589    0 1489  569.00000  646.06589  13.5%     -    7s
     0     0  646.05593    0 1491  569.00000  646.05593  13.5%     -    7s
     0     0  645.19823    0 1493  569.00000  645.19823  13.4%     -    7s
     0     0  645.03733    0 1490  569.00000  645.03733  13.4%     -    7s
     0     0  645.02064    0 1491  569.00000  645.02064  13.4%     -    7s
     0     0  645.01552    0 1492  569.00000  645.01552  13.4%     -    7s
     0     0  644.32705    0 1491  569.00000  644.32705  13.2%     -    8s
     0     0  644.23651    0 1490  569.00000  644.23651  13.2%     -    8s
     0     0  644.19900    0 1490  569.00000  644.19900  13.2%     -    8s
     0     0  644.18695    0 1491  569.00000  644.18695  13.2%     -    8s
     0     0  643.59172    0 1489  569.00000  643.59172  13.1%     -    8s
     0     0  643.47467    0 1486  569.00000  643.47467  13.1%     -    9s
     0     0  643.46606    0 1489  569.00000  643.46606  13.1%     -    9s
     0     0  642.83511    0 1486  569.00000  642.83511  13.0%     -    9s
     0     0  642.73701    0 1485  569.00000  642.73701  13.0%     -    9s
     0     0  642.71717    0 1487  569.00000  642.71717  13.0%     -    9s
     0     0  642.71060    0 1486  569.00000  642.71060  13.0%     -    9s
     0     0  642.06939    0 1486  569.00000  642.06939  12.8%     -   10s
     0     0  641.98956    0 1488  569.00000  641.98956  12.8%     -   10s
     0     0  641.96533    0 1488  569.00000  641.96533  12.8%     -   10s
     0     0  641.96151    0 1488  569.00000  641.96151  12.8%     -   10s
     0     0  641.58047    0 1490  569.00000  641.58047  12.8%     -   10s
     0     0  641.51448    0 1490  569.00000  641.51448  12.7%     -   10s
     0     0  641.50578    0 1491  569.00000  641.50578  12.7%     -   11s
     0     0  641.17340    0 1490  569.00000  641.17340  12.7%     -   11s
     0     0  641.10128    0 1490  569.00000  641.10128  12.7%     -   11s
     0     0  641.08575    0 1491  569.00000  641.08575  12.7%     -   11s
     0     0  640.91025    0 1493  569.00000  640.91025  12.6%     -   11s
     0     0  640.85111    0 1493  569.00000  640.85111  12.6%     -   11s
     0     0  640.84027    0 1492  569.00000  640.84027  12.6%     -   11s
     0     0  640.52728    0 1491  569.00000  640.52728  12.6%     -   12s
     0     0  640.43247    0 1491  569.00000  640.43247  12.6%     -   12s
     0     0  640.41890    0 1491  569.00000  640.41890  12.6%     -   12s
     0     0  640.10977    0 1491  569.00000  640.10977  12.5%     -   12s
     0     0  640.05765    0 1487  569.00000  640.05765  12.5%     -   12s
     0     0  640.04968    0 1489  569.00000  640.04968  12.5%     -   12s
     0     0  639.79098    0 1489  569.00000  639.79098  12.4%     -   13s
H    0     0                     571.0000000  639.79098  12.0%     -   13s
     0     0  639.75335    0 1489  571.00000  639.75335  12.0%     -   13s
     0     0  639.74528    0 1490  571.00000  639.74528  12.0%     -   13s
     0     0  639.47342    0 1491  571.00000  639.47342  12.0%     -   13s
     0     0  639.42308    0 1493  571.00000  639.42308  12.0%     -   13s
     0     0  639.40673    0 1495  571.00000  639.40673  12.0%     -   13s
     0     0  639.25657    0 1488  571.00000  639.25657  12.0%     -   14s
H    0     0                     572.0000000  639.25657  11.8%     -   14s
     0     0  639.23227    0 1490  572.00000  639.23227  11.8%     -   14s
     0     0  639.22249    0 1491  572.00000  639.22249  11.8%     -   14s
     0     0  639.14307    0 1491  572.00000  639.14307  11.7%     -   14s
     0     0  639.14307    0 1490  572.00000  639.14307  11.7%     -   14s
     0     2  639.14307    0 1490  572.00000  639.14307  11.7%     -   15s
     9    12  638.78558    4 1485  572.00000  639.06564  11.7%  2768   31s
    19    23  621.34129    7 1396  572.00000  639.06564  11.7%  2643   35s
    59    65  606.49930   20 1323  572.00000  639.06564  11.7%  2173   40s
H   87    87                     573.0000000  639.06564  11.5%  1977   42s
   117   107  603.72480   32 1315  573.00000  639.06564  11.5%  1676   45s
H  143   122                     574.0000000  639.06564  11.3%  1643   48s
   163   144  597.72461   48 1273  574.00000  639.06564  11.3%  1670   50s
   207   177  629.57523    4 1436  574.00000  638.78474  11.3%  1628   56s
H  209   170                     576.0000000  638.78474  10.9%  1651   56s
H  241   196                     577.0000000  638.78474  10.7%  1637   58s
H  242   206                     578.0000000  638.78474  10.5%  1632   59s
   265   212  598.63294   21 1299  578.00000  638.78474  10.5%  1571   60s
H  267   201                     580.0000000  638.78474  10.1%  1565   60s
H  274   209                     581.0000000  638.78474  9.95%  1566   62s
   293   227  584.82992   34 1230  581.00000  638.61320  9.92%  1614   66s
H  349   267                     582.0000000  638.61320  9.73%  1565   70s
   412   305  588.45030   33 1228  582.00000  638.61320  9.73%  1487   75s
   471   336  628.43520    9 1426  582.00000  638.32123  9.68%  1468   81s
   504   382  603.70460   18 1298  582.00000  638.32123  9.68%  1534   85s
   608   420  631.39621   10 1432  582.00000  637.82028  9.59%  1418   92s
   633   446  614.26285   17 1358  582.00000  637.82028  9.59%  1483   97s
   663   494  599.11378   26 1277  582.00000  637.82028  9.59%  1521  101s
H  672   475                     583.0000000  637.82028  9.40%  1515  101s
   699   500  591.00844   38 1232  583.00000  637.70662  9.38%  1508  105s
   788   525  625.29264   14 1413  583.00000  637.70488  9.38%  1448  110s
   822   562  601.76798   27 1289  583.00000  637.55755  9.36%  1487  116s
   894   587  590.83070   34 1490  583.00000  637.55755  9.36%  1477  131s
   897   589  586.61126   41 1486  583.00000  637.55755  9.36%  1472  137s
   903   593  612.49327   28 1490  583.00000  637.55755  9.36%  1462  145s
   904   594  606.77477   25 1488  583.00000  637.55755  9.36%  1460  151s
   906   595  608.09394   22 1490  583.00000  637.55755  9.36%  1457  158s
   907   596  602.01174   34 1489  583.00000  637.55755  9.36%  1456  165s
   908   596  626.51929   14 1489  583.00000  637.55755  9.36%  1454  173s
   909   597  626.70999   24 1490  583.00000  637.55755  9.36%  1452  180s
   910   598  607.29618   35 1492  583.00000  637.55755  9.36%  1451  186s
   911   598  586.78117   29 1491  583.00000  637.55755  9.36%  1449  193s
   912   599  630.27993   14 1490  583.00000  637.55755  9.36%  1448  199s
   913   600  618.98718   14 1490  583.00000  637.55755  9.36%  1446  201s
   922   609  637.55755   14 1477  583.00000  637.55755  9.36%  1512  206s
   938   619  636.86314   18 1482  583.00000  637.55755  9.36%  1525  210s
   946   628  636.23348   20 1478  583.00000  637.55755  9.36%  1539  215s
   966   640  634.86437   25 1471  583.00000  637.55755  9.36%  1546  220s
   993   659  632.78754   31 1462  583.00000  637.55755  9.36%  1557  225s
  1011   671  631.55519   35 1450  583.00000  637.55755  9.36%  1568  231s
  1026   682  631.39890   39 1455  583.00000  637.55755  9.36%  1589  235s
  1054   703  629.41581   45 1451  583.00000  637.55755  9.36%  1607  242s
  1069   712  628.87753   49 1446  583.00000  637.55755  9.36%  1630  247s
  1076   717  628.46247   51 1444  583.00000  637.55755  9.36%  1647  250s
  1100   734  625.00535   56 1417  583.00000  637.55755  9.36%  1685  256s
  1120   749  626.88206   60 1436  583.00000  637.55755  9.36%  1702  262s
  1140   763  625.89670   64 1427  583.00000  637.55755  9.36%  1728  267s
  1151   770  621.67412   66 1398  583.00000  637.55755  9.36%  1743  270s
  1176   793  623.90196   72 1421  583.00000  637.55755  9.36%  1765  277s
  1193   800  622.74400   76 1418  583.00000  637.55755  9.36%  1773  280s
  1222   825  621.55373   82 1411  583.00000  637.55755  9.36%  1800  288s
  1240   838  620.86058   86 1405  583.00000  637.55755  9.36%  1814  291s
  1259   850  616.14777   89 1384  583.00000  637.55755  9.36%  1829  295s
  1298   879  618.57918   97 1389  583.00000  637.55755  9.36%  1859  303s
  1320   896  617.88397  101 1384  583.00000  637.55755  9.36%  1878  308s
  1344   916  617.09676  105 1381  583.00000  637.55755  9.36%  1896  312s
  1372   937  616.31791  110 1376  583.00000  637.55755  9.36%  1909  317s
  1402   967  615.32163  115 1373  583.00000  637.55755  9.36%  1922  322s
  1442  1005  614.36317  121 1362  583.00000  637.55755  9.36%  1927  326s
  1494  1056  606.59930  127 1321  583.00000  637.55755  9.36%  1923  331s
  1564  1115  612.41675  135 1351  583.00000  637.55755  9.36%  1897  337s
  1648  1122  611.17273  144 1334  583.00000  637.55755  9.36%  1851  342s
  1711  1128  610.20695  153 1322  583.00000  637.55755  9.36%  1831  347s
  1738  1154  606.48928  163 1292  583.00000  637.55755  9.36%  1846  352s
  1773  1186  606.05066  178 1291  583.00000  637.55755  9.36%  1853  358s
  1817  1243  602.02454  197 1251  583.00000  637.55755  9.36%  1854  364s
  1889  1287  592.92304  229 1168  583.00000  637.55755  9.36%  1839  370s
  1976  1272  631.87410   17 1441  583.00000  637.55755  9.36%  1805  376s
  1990  1282  636.92449   20 1472  583.00000  637.55755  9.36%  1818  382s
  2004  1279  636.55448   23 1469  583.00000  637.55755  9.36%  1836  394s
  2006  1293  625.42279   23 1405  583.00000  637.55755  9.36%  1842  401s
  2021  1306  636.20679   26 1471  583.00000  637.55755  9.36%  1860  407s
  2039  1320  630.54062   29 1427  583.00000  637.55755  9.36%  1880  414s
  2059  1336  635.57276   33 1459  583.00000  637.55755  9.36%  1895  421s
  2081  1352  634.89567   37 1453  583.00000  637.55755  9.36%  1915  429s
  2105  1370  634.09817   42 1448  583.00000  637.55755  9.36%  1933  437s
  2131  1394  632.92650   48 1442  583.00000  637.55755  9.36%  1953  445s
  2163  1421  631.69155   54 1438  583.00000  637.55755  9.36%  1971  453s
  2201  1448  630.44351   61 1428  583.00000  637.55755  9.36%  1984  462s
H 2220  1404                     584.0000000  637.55755  9.17%  1993  462s
  2241  1422  628.96193   69 1417  584.00000  637.55755  9.17%  1996  475s
  2266  1461  627.30081   78 1411  584.00000  637.55755  9.17%  2005  490s
  2313  1499  625.98214   88 1393  584.00000  637.55755  9.17%  2017  500s
  2367  1533  624.22318  101 1374  584.00000  637.55755  9.17%  2025  519s
  2419  1704  622.01667  114 1367  584.00000  637.55755  9.17%  2022  530s
  2607  1709  615.19541  132 1320  584.00000  637.55755  9.17%  1955  540s
  2704  1822  612.47727  159 1296  584.00000  637.55755  9.17%  1939  550s
  2821  1910  598.98135  213 1228  584.00000  636.98009  9.07%  1919  561s
  2932  1929  622.83407   18 1395  584.00000  636.98009  9.07%  1895  572s
  2951  1961  632.75130   23 1442  584.00000  636.98009  9.07%  1910  584s
  2983  1987  631.37307   31 1440  584.00000  636.98009  9.07%  1932  596s
  3009  2023  630.37996   37 1433  584.00000  636.98009  9.07%  1949  608s
  3045  2068  628.59817   47 1423  584.00000  636.98009  9.07%  1970  622s
  3090  2088  621.20650   58 1379  584.00000  636.98009  9.07%  1991  632s
  3110  2141  626.13635   65 1401  584.00000  636.98009  9.07%  1997  645s
  3163  2208  623.36954   80 1381  584.00000  636.98009  9.07%  2016  658s
  3230  2253  620.64572   99 1358  584.00000  636.98009  9.07%  2028  672s
  3275  2414  617.43875  119 1329  584.00000  636.98009  9.07%  2031  686s
  3436  2629  605.30487  173 1238  584.00000  636.97843  9.07%  2015  701s
  3672  2784  617.20769   24 1381  584.00000  636.97843  9.07%  1962  718s
  3853  2824  633.66566   33 1456  584.00000  636.97843  9.07%  1926  734s
  3893  2875  632.10295   44 1441  584.00000  636.97843  9.07%  1953  750s
  3944  2911  629.43796   58 1425  584.00000  636.97843  9.07%  1977  767s
  3980  2969  627.44000   69 1411  584.00000  636.97843  9.07%  1992  788s
  4038  3051  615.60175   83 1348  584.00000  636.97843  9.07%  2012  807s
  4120  3098  621.40972  105 1371  584.00000  636.97843  9.07%  2029  826s
  4167  3279  619.92830  113 1359  584.00000  636.97843  9.07%  2036  844s
  4348  3701  609.00874  166 1266  584.00000  636.91331  9.06%  2033  863s
  4856  4014  626.82927   82 1405  584.00000  636.90466  9.06%  1902  882s
  5169  4817  604.34492  182 1232  584.00000  636.90450  9.06%  1846  901s
  6001  5088  627.54646   77 1400  584.00000  636.90450  9.06%  1663  919s
  6288  5761  609.60047  165 1271  584.00000  636.83195  9.05%  1624  935s
  7025  6047  633.48555   31 1445  584.00000  636.71068  9.03%  1509  948s
  7311  6550  607.51031  159 1271  584.00000  636.71065  9.03%  1486  970s
  7830  6791  630.44641   31 1427  584.00000  636.71065  9.03%  1426  979s
  8097  7098  613.45980  126 1312  584.00000  636.71065  9.03%  1397  987s
  8404  7433  594.54934  192 1160  584.00000  636.41127  8.97%  1370  996s
  8799  7536  611.13654   34 1331  584.00000  636.32399  8.96%  1330 1002s
  8916  7585  625.35651   19 1416  584.00000  636.32399  8.96%  1325 1010s
  8973  7638  624.39977   26 1411  584.00000  636.32399  8.96%  1326 1017s
  9026  7803  623.34605   32 1401  584.00000  636.32399  8.96%  1327 1025s
  9218  7863  621.81579   41 1395  584.00000  636.32399  8.96%  1315 1032s
  9278  7977  619.87688   51 1376  584.00000  636.32399  8.96%  1317 1040s
  9392  8080  617.98503   63 1365  584.00000  636.32399  8.96%  1315 1048s
  9530  8237  616.10913   76 1350  584.00000  636.32399  8.96%  1309 1061s
  9687  8431  612.05624   95 1327  584.00000  636.32399  8.96%  1305 1069s
  9909  8622  605.42749  123 1287  584.00000  636.32399  8.96%  1293 1077s
 10114  8774  589.26031  186 1139  584.00000  636.17890  8.93%  1286 1085s
 10290  8879  585.52740   58 1211  584.00000  636.17018  8.93%  1277 1094s
 10448  8955  627.05324   21 1423  584.00000  636.16825  8.93%  1271 1103s
 10548  9097  630.31644   25 1433  584.00000  636.13893  8.93%  1271 1112s
 10708  9215  615.55152   17 1374  584.00000  636.08943  8.92%  1266 1120s
 10850  9404  626.54535   42 1420  584.00000  636.04372  8.91%  1262 1129s
 11039  9789  611.18220  122 1319  584.00000  636.04372  8.91%  1255 1137s
 11446  9942  585.29577  215 1097  584.00000  636.01460  8.91%  1233 1144s
 11621 10155  610.88892   95 1319  584.00000  635.98001  8.90%  1225 1152s
 11880 10198  585.09444   41 1215  584.00000  635.95648  8.90%  1211 1160s
 11950 10249  590.96555   28 1256  584.00000  635.87837  8.88%  1214 1167s
 12051 10328  588.41985   60 1212  584.00000  635.85677  8.88%  1214 1175s
 12164 10540  616.91161   23 1380  584.00000  635.83524  8.88%  1214 1182s
 12384 10765  591.42461  137 1226  584.00000  635.79954  8.87%  1205 1191s
 12655 10978  620.37817   25 1406  584.00000  635.77497  8.87%  1192 1197s
 12881 11182  592.05218  164 1192  584.00000  635.73549  8.86%  1183 1204s
 13103 11251     cutoff   79       584.00000  635.72366  8.86%  1174 1212s
 13196 11326  615.39090   28 1374  584.00000  635.70814  8.85%  1176 1219s
 13287 11491  607.91068   36 1341  584.00000  635.64104  8.84%  1178 1226s
 13512 11684  628.06842   35 1430  584.00000  635.61927  8.84%  1169 1233s
 13705 12040  610.81451  122 1310  584.00000  635.60274  8.84%  1164 1242s
 14105 12078  623.66590   25 1401  584.00000  635.58121  8.83%  1148 1250s
 14143 12122  621.81938   35 1394  584.00000  635.58121  8.83%  1154 1259s
 14187 12176  619.56160   47 1381  584.00000  635.58121  8.83%  1160 1267s
 14241 12244  616.79445   62 1366  584.00000  635.58121  8.83%  1167 1274s
 14309 12332  612.80392   81 1340  584.00000  635.58121  8.83%  1173 1282s
 14397 12484  607.76656  106 1301  584.00000  635.58121  8.83%  1179 1289s
 14550 12485  623.65530   32 1490  584.00000  635.58121  8.83%  1182 1998s
 14553 12487  626.38756   26 1490  584.00000  635.58121  8.83%  1181 2007s
 14555 12488  620.68218   80 1489  584.00000  633.20113  8.42%  1181 2010s
 14561 12492  604.15225  182 1491  584.00000  632.81930  8.36%  1181 2023s
 14562 12493  625.56910   26 1491  584.00000  632.77221  8.35%  1181 2033s
 14564 12494  614.47982  143 1491  584.00000  632.75289  8.35%  1180 2044s
 14565 12495  598.44418  192 1490  584.00000  632.56818  8.32%  1180 2055s
 14568 12497  626.65897   37 1490  584.00000  632.48129  8.30%  1180 2067s
 14569 12498  619.95348  111 1490  584.00000  632.33899  8.28%  1180 2077s
 14572 12500  612.75598  132 1490  584.00000  632.26154  8.26%  1180 2089s
 14573 12500  605.69283  160 1484  584.00000  632.11046  8.24%  1180 2099s
 14576 12502  591.11831  170 1490  584.00000  632.05722  8.23%  1179 2111s
 14577 12503  624.92909   23 1489  584.00000  631.87062  8.20%  1179 2122s
 14580 12505  585.55481  245 1488  584.00000  631.80994  8.19%  1179 2134s
 14581 12506  628.76157   65 1489  584.00000  631.67177  8.16%  1179 2145s
 14584 12508  587.97980  202 1489  584.00000  631.62228  8.15%  1179 2158s
 14585 12508  631.55063   32 1487  584.00000  631.55063  8.14%  1179 2172s
 14588 12510  614.74406  128 1489  584.00000  631.51384  8.14%  1179 2185s
 14589 12511  593.73266  229 1489  584.00000  631.39373  8.12%  1178 2199s
 14591 12512  631.36177   27 1487  584.00000  631.36177  8.11%  1178 2212s
 14592 12513  590.25867  182 1485  584.00000  631.25438  8.09%  1178 2222s
 14595 12515  587.92857  220 1490  584.00000  631.21802  8.09%  1178 2236s
 14596 12516  594.57145  161 1489  584.00000  631.13227  8.07%  1178 2249s
 14598 12517  589.17073  226 1490  584.00000  631.08951  8.06%  1178 2262s
 14599 12518  600.00745   64 1492  584.00000  630.97815  8.04%  1178 2274s
 14602 12520  607.51460   75 1492  584.00000  630.89089  8.03%  1177 2289s
 14603 12520  605.98694  179 1490  584.00000  630.84169  8.02%  1177 2303s
 14605 12522  618.11241   88 1490  584.00000  630.82439  8.02%  1177 2319s
 14606 12522  597.56022  149 1491  584.00000  630.81102  8.02%  1177 2334s
 14607 12523  593.15033   37 1491  584.00000  630.80522  8.01%  1177 2347s
 14608 12524  608.82341  164 1492  584.00000  630.79675  8.01%  1177 2361s
 14609 12524  616.17288   79 1491  584.00000  630.79332  8.01%  1177 2376s
 14610 12525  611.45172  161 1494  584.00000  630.78578  8.01%  1177 2391s
 14611 12526  592.43956  217 1493  584.00000  630.78333  8.01%  1177 2405s
 14612 12526  609.14062  120 1494  584.00000  630.78222  8.01%  1177 2420s
 14613 12527  595.65974  209 1493  584.00000  630.78192  8.01%  1177 2435s
 14614 12528  601.78942   84 1493  584.00000  630.78176  8.01%  1176 2452s
 14615 12528  621.94584   35 1493  584.00000  630.78170  8.01%  1176 2470s
 14616 12529  599.66855  145 1493  584.00000  630.78166  8.01%  1176 2486s
 14617 12530  626.02180   55 1493  584.00000  630.78164  8.01%  1176 2505s
 14618 12530  606.13586  117 1493  584.00000  630.78163  8.01%  1176 2522s
 14619 12531  599.55735   46 1493  584.00000  630.78163  8.01%  1176 2540s
 14620 12532  608.35287   94 1493  584.00000  630.78163  8.01%  1176 2560s
 14621 12532  588.64758  150 1493  584.00000  630.77689  8.01%  1176 2577s
 14622 12533  597.84513  200 1493  584.00000  630.77689  8.01%  1176 2594s
 14623 12534  630.11049   36 1493  584.00000  630.77689  8.01%  1176 2610s
 14632 12543  629.10799   25 1482  584.00000  630.19999  7.91%  1182 2616s
 14640 12548  628.80602   27 1476  584.00000  629.87787  7.86%  1183 2620s
 14653 12558  627.57158   30 1474  584.00000  629.87787  7.86%  1185 2626s
 14668 12569  627.67281   34 1479  584.00000  629.87787  7.86%  1186 2630s
 14684 12579  626.43086   38 1474  584.00000  629.87787  7.86%  1187 2636s
 14697 12589  625.71886   41 1470  584.00000  629.87787  7.86%  1187 2640s
 14712 12597  623.24521   44 1451  584.00000  629.87787  7.86%  1189 2646s
 14725 12610  624.44571   47 1464  584.00000  629.87787  7.86%  1190 2650s
 14740 12615  623.72215   50 1463  584.00000  629.87787  7.86%  1191 2656s
 14748 12626  622.98486   52 1452  584.00000  629.87787  7.86%  1191 2661s
 14766 12636  622.10843   56 1447  584.00000  629.87787  7.86%  1192 2668s
 14772 12642  618.88241   57 1425  584.00000  629.87787  7.86%  1193 2670s
 14790 12658  620.67198   61 1440  584.00000  629.87787  7.86%  1194 2675s
 14802 12656  618.98745   63 1430  584.00000  629.87787  7.86%  1194 2691s
 14819 12683  617.79727   66 1429  584.00000  629.87787  7.86%  1194 2695s
 14850 12698  617.42194   72 1423  584.00000  629.87787  7.86%  1195 2701s
 14874 12714  612.27886   76 1391  584.00000  629.87787  7.86%  1198 2708s
 14886 12723  615.72487   79 1416  584.00000  629.87787  7.86%  1199 2711s
 14899 12732  612.08339   81 1395  584.00000  629.87787  7.86%  1201 2715s
 14912 12742  614.93464   84 1414  584.00000  629.87787  7.86%  1202 2720s
 14942 12763  613.87283   90 1408  584.00000  629.87787  7.86%  1206 2729s
 14958 12775  613.37429   93 1404  584.00000  629.87787  7.86%  1209 2733s
 14975 12788  612.73515   96 1398  584.00000  629.87787  7.86%  1211 2738s
 14995 12813  602.04394   99 1346  584.00000  629.87787  7.86%  1213 2742s
 15026 12836  611.44241  105 1390  584.00000  629.87787  7.86%  1212 2746s
 15060 12864  610.47108  111 1383  584.00000  629.87787  7.86%  1212 2750s
 15099 12894  602.57538  117 1348  584.00000  629.87787  7.86%  1211 2755s
 15192 12964  607.59379  132 1356  584.00000  629.87787  7.86%  1208 2763s
 15253 12972  599.64829  140 1330  584.00000  629.87787  7.86%  1206 2770s
 15295 12983  603.83875  150 1331  584.00000  629.87787  7.86%  1206 2775s
 15320 13003  598.01631  160 1304  584.00000  629.87787  7.86%  1206 2780s
 15349 13033  600.87393  172 1303  584.00000  629.87787  7.86%  1206 2785s
 15388 13064  598.34621  187 1287  584.00000  629.87787  7.86%  1205 2791s
 15434 13102  593.32749  206 1250  584.00000  629.87787  7.86%  1205 2797s
 15490 13106  589.03626  231 1193  584.00000  629.10657  7.72%  1202 2804s
 15544 13104  628.04540   28 1472  584.00000  629.10657  7.72%  1201 2812s
 15560 13116  627.81429   31 1468  584.00000  629.10657  7.72%  1203 2819s
 15578 13136  627.44609   35 1465  584.00000  629.10657  7.72%  1204 2825s
 15604 13155  626.60021   41 1458  584.00000  629.10657  7.72%  1205 2832s
 15631 13178  625.68792   47 1448  584.00000  629.10657  7.72%  1206 2839s
 15663 13203  618.68430   54 1405  584.00000  629.10657  7.72%  1207 2846s
 15699 13233  618.95796   62 1406  584.00000  629.10657  7.72%  1207 2854s
 15741 13270  621.33274   72 1421  584.00000  629.10657  7.72%  1207 2861s
 15792 13310  619.52019   83 1405  584.00000  629.10657  7.72%  1207 2870s
 15849 13364  613.84547   95 1376  584.00000  629.10657  7.72%  1207 2878s
 15922 13417  615.45390  110 1379  584.00000  629.10657  7.72%  1206 2888s
 15999 13393  612.87918  125 1346  584.00000  629.10657  7.72%  1203 2907s
 16001 13529  606.16329  125 1324  584.00000  629.10657  7.72%  1203 2917s
 16138 13486  603.40241  151 1287  584.00000  629.10657  7.72%  1198 2937s
 16140 13589  607.33310  152 1321  584.00000  629.10657  7.72%  1198 2947s
 16270 13645  597.74324  185 1249  584.00000  628.80601  7.67%  1193 2959s
 16396 13628  628.43923   27 1479  584.00000  628.80601  7.67%  1189 2969s
 16421 13650  628.07580   31 1475  584.00000  628.80601  7.67%  1192 2980s
 16452 13683  627.41288   36 1473  584.00000  628.80601  7.67%  1194 2990s
 16495 13720  626.31366   45 1459  584.00000  628.80601  7.67%  1195 3001s
 16546 13765  624.58432   55 1447  584.00000  628.80601  7.67%  1196 3012s
 16608 13822  622.62582   67 1433  584.00000  628.80601  7.67%  1196 3023s
 16686 13906  620.59711   82 1418  584.00000  628.80601  7.67%  1196 3037s
 16796 14035  617.11279  101 1394  584.00000  628.80601  7.67%  1194 3050s
 16982 14044  613.25530  125 1361  584.00000  628.80601  7.67%  1188 3064s
 17061 14101  608.14233  153 1318  584.00000  628.80601  7.67%  1187 3077s
 17144 14183  595.12306  189 1252  584.00000  628.75035  7.66%  1186 3094s
 17282 14190  627.73359   31 1475  584.00000  628.75035  7.66%  1183 3108s
 17335 14244  626.54375   41 1461  584.00000  628.75035  7.66%  1185 3123s
 17406 14315  624.37983   55 1447  584.00000  628.75035  7.66%  1187 3138s
 17501 14429  619.88565   72 1410  584.00000  628.75035  7.66%  1187 3156s
 17647 14552  617.73405   96 1403  584.00000  628.75035  7.66%  1185 3174s
 17865 14676  611.54863  128 1357  584.00000  628.75035  7.66%  1178 3191s
 18062 14790  602.11732  179 1261  584.00000  628.69978  7.65%  1172 3210s
 18280 14990  627.05012   35 1461  584.00000  628.69978  7.65%  1163 3231s
 18581 14891  609.81895  135 1342  584.00000  628.69978  7.65%  1151 3257s
 18583 15252  608.24140  133 1325  584.00000  628.69978  7.65%  1151 3277s
 18972 15418  585.34344  221 1106  584.00000  628.53455  7.63%  1136 3296s
 19290 15713  604.57585   98 1322  584.00000  628.44639  7.61%  1124 3317s
 19719 15911  622.17545   73 1429  584.00000  628.44639  7.61%  1109 3338s
 20078 16161  591.30902  216 1194  584.00000  628.40803  7.60%  1098 3359s
 20502 16510  613.44732  112 1370  584.00000  628.14872  7.56%  1084 3380s
 21016 16408  626.66092   28 1465  584.00000  628.14872  7.56%  1067 3397s
 21111 16611  622.51001   55 1436  584.00000  628.06444  7.55%  1066 3416s
 21358 16814  623.10734   29 1447  584.00000  628.06309  7.55%  1061 3435s
 21665 16964  626.07462   30 1460  584.00000  628.06309  7.55%  1054 3452s
 21944 17108  592.13292  171 1194  584.00000  627.89429  7.52%  1048 3480s
 22222 17309  610.41490   54 1372  584.00000  627.78738  7.50%  1042 3500s
 22559 17396  617.35373   29 1419  584.00000  627.72409  7.49%  1035 3516s
 22779 17613  613.68912   27 1409  584.00000  627.70690  7.48%  1030 3534s
 23115 17731  626.65560   30 1459  584.00000  627.70392  7.48%  1021 3545s
 23353 17841  615.63080  101 1382  584.00000  627.69978  7.48%  1015 3558s
 23584 18006  617.10037   34 1420  584.00000  627.64573  7.47%  1010 3568s
 23838 18046  590.48142  174 1245  584.00000  627.62696  7.47%  1004 3580s
 23979 18098  589.27882   51 1290  584.00000  627.62570  7.47%  1001 3592s
 24112 18104  618.60697   43 1426  584.00000  627.62124  7.47%  1000 3600s

Cutting planes:
  Gomory: 19
  Clique: 2
  MIR: 1
  Flow cover: 84
  Zero half: 939
  Mod-K: 1
  RLT: 375
  BQP: 97

Explored 24162 nodes (24311865 simplex iterations) in 3600.00 seconds (10094.26 work units)
Thread count was 2 (of 24 available processors)

Solution count 10: 584 583 582 ... 573

Time limit reached
Best objective 5.840000000000e+02, best bound 6.270000000000e+02, gap 7.3630%

User-callback calls 275224, time in user-callback 0.79 sec

Gurobi 11.0.3 (linux64) logging started Sat Mar  7 13:20:15 2026

Set parameter LogFile to value "./log/train/IS_1500_6/IS_15.lp.log"
Set parameter TimeLimit to value 3600
Gurobi Optimizer version 11.0.3 build v11.0.3rc0 (linux64 - "Ubuntu 22.04.5 LTS")

CPU model: AMD Ryzen 9 9900X 12-Core Processor, instruction set [SSE2|AVX|AVX2|AVX512]
Thread count: 12 physical cores, 24 logical processors, using up to 1 threads

Optimize a model with 9215 rows, 1500 columns and 18136 nonzeros
Model fingerprint: 0x635e512d
Variable types: 0 continuous, 1500 integer (1500 binary)
Coefficient statistics:
  Matrix range     [1e+00, 1e+00]
  Objective range  [1e+00, 1e+00]
  Bounds range     [1e+00, 1e+00]
  RHS range        [1e+00, 1e+00]
Found heuristic solution: objective 338.0000000
Presolve removed 1697 rows and 0 columns
Presolve time: 0.04s
Presolved: 7518 rows, 1500 columns, 16369 nonzeros
Variable types: 0 continuous, 1500 integer (1500 binary)

Root relaxation: objective 6.860000e+02, 3640 iterations, 0.20 seconds (0.22 work units)

    Nodes    |    Current Node    |     Objective Bounds      |     Work
 Expl Unexpl |  Obj  Depth IntInf | Incumbent    BestBd   Gap | It/Node Time

     0     0  686.00000    0 1342  338.00000  686.00000   103%     -    0s
H    0     0                     532.0000000  686.00000  28.9%     -    0s
H    0     0                     533.0000000  686.00000  28.7%     -    0s
     0     0  670.71574    0 1477  533.00000  670.71574  25.8%     -    1s
H    0     0                     541.0000000  670.71574  24.0%     -    1s
     0     0  670.71437    0 1477  541.00000  670.71437  24.0%     -    1s
     0     0  662.90929    0 1479  541.00000  662.90929  22.5%     -    2s
H    0     0                     563.0000000  662.90929  17.7%     -    2s
     0     0  662.23110    0 1474  563.00000  662.23110  17.6%     -    3s
     0     0  662.16659    0 1481  563.00000  662.16659  17.6%     -    3s
     0     0  662.14731    0 1480  563.00000  662.14731  17.6%     -    3s
     0     0  662.13939    0 1481  563.00000  662.13939  17.6%     -    3s
     0     0  662.13631    0 1481  563.00000  662.13631  17.6%     -    3s
     0     0  657.02004    0 1483  563.00000  657.02004  16.7%     -    4s
     0     0  656.56752    0 1482  563.00000  656.56752  16.6%     -    4s
     0     0  656.54006    0 1481  563.00000  656.54006  16.6%     -    4s
     0     0  656.52425    0 1480  563.00000  656.52425  16.6%     -    4s
     0     0  656.51533    0 1480  563.00000  656.51533  16.6%     -    4s
     0     0  656.51207    0 1481  563.00000  656.51207  16.6%     -    4s
     0     0  652.87254    0 1480  563.00000  652.87254  16.0%     -    6s
H    0     0                     565.0000000  652.87254  15.6%     -    6s
     0     0  652.44719    0 1483  565.00000  652.44719  15.5%     -    6s
     0     0  652.37895    0 1484  565.00000  652.37895  15.5%     -    6s
     0     0  652.35212    0 1483  565.00000  652.35212  15.5%     -    6s
     0     0  652.34593    0 1482  565.00000  652.34593  15.5%     -    6s
     0     0  650.84128    0 1486  565.00000  650.84128  15.2%     -    7s
     0     0  650.57203    0 1479  565.00000  650.57203  15.1%     -    7s
     0     0  650.53444    0 1482  565.00000  650.53444  15.1%     -    7s
     0     0  650.52751    0 1483  565.00000  650.52751  15.1%     -    7s
     0     0  649.27968    0 1483  565.00000  649.27968  14.9%     -    8s
     0     0  649.03516    0 1484  565.00000  649.03516  14.9%     -    8s
     0     0  649.00881    0 1486  565.00000  649.00881  14.9%     -    8s
     0     0  649.00231    0 1486  565.00000  649.00231  14.9%     -    8s
     0     0  647.62148    0 1485  565.00000  647.62148  14.6%     -    9s
H    0     0                     568.0000000  647.62148  14.0%     -    9s
     0     0  647.52290    0 1485  568.00000  647.52290  14.0%     -    9s
     0     0  647.49619    0 1485  568.00000  647.49619  14.0%     -    9s
     0     0  647.49271    0 1485  568.00000  647.49271  14.0%     -   10s
     0     0  646.37170    0 1490  568.00000  646.37170  13.8%     -   10s
H    0     0                     569.0000000  646.37170  13.6%     -   10s
     0     0  646.11086    0 1489  569.00000  646.11086  13.6%     -   11s
     0     0  646.06589    0 1489  569.00000  646.06589  13.5%     -   11s
     0     0  646.05593    0 1491  569.00000  646.05593  13.5%     -   11s
     0     0  645.19823    0 1493  569.00000  645.19823  13.4%     -   12s
     0     0  645.03733    0 1490  569.00000  645.03733  13.4%     -   12s
     0     0  645.02064    0 1491  569.00000  645.02064  13.4%     -   12s
     0     0  645.01552    0 1492  569.00000  645.01552  13.4%     -   12s
     0     0  644.32705    0 1491  569.00000  644.32705  13.2%     -   13s
     0     0  644.23651    0 1490  569.00000  644.23651  13.2%     -   13s
     0     0  644.19900    0 1490  569.00000  644.19900  13.2%     -   13s
     0     0  644.18695    0 1491  569.00000  644.18695  13.2%     -   13s
     0     0  643.59172    0 1489  569.00000  643.59172  13.1%     -   14s
     0     0  643.47467    0 1486  569.00000  643.47467  13.1%     -   14s
     0     0  643.46606    0 1489  569.00000  643.46606  13.1%     -   14s
     0     0  642.83511    0 1486  569.00000  642.83511  13.0%     -   15s
     0     0  642.73701    0 1485  569.00000  642.73701  13.0%     -   15s
     0     0  642.71717    0 1487  569.00000  642.71717  13.0%     -   15s
     0     0  642.71060    0 1486  569.00000  642.71060  13.0%     -   15s
     0     0  642.06939    0 1486  569.00000  642.06939  12.8%     -   16s
     0     0  641.98956    0 1488  569.00000  641.98956  12.8%     -   16s
     0     0  641.96533    0 1488  569.00000  641.96533  12.8%     -   16s
     0     0  641.96151    0 1488  569.00000  641.96151  12.8%     -   17s
     0     0  641.58047    0 1490  569.00000  641.58047  12.8%     -   17s
     0     0  641.51448    0 1490  569.00000  641.51448  12.7%     -   17s
     0     0  641.50578    0 1491  569.00000  641.50578  12.7%     -   17s
     0     0  641.17340    0 1490  569.00000  641.17340  12.7%     -   18s
     0     0  641.10128    0 1490  569.00000  641.10128  12.7%     -   18s
     0     0  641.08575    0 1491  569.00000  641.08575  12.7%     -   18s
     0     0  640.91025    0 1493  569.00000  640.91025  12.6%     -   18s
     0     0  640.85111    0 1493  569.00000  640.85111  12.6%     -   19s
     0     0  640.84027    0 1492  569.00000  640.84027  12.6%     -   19s
     0     0  640.52728    0 1491  569.00000  640.52728  12.6%     -   19s
     0     0  640.43247    0 1491  569.00000  640.43247  12.6%     -   19s
     0     0  640.41890    0 1491  569.00000  640.41890  12.6%     -   20s
     0     0  640.10977    0 1491  569.00000  640.10977  12.5%     -   20s
     0     0  640.05765    0 1487  569.00000  640.05765  12.5%     -   20s
     0     0  640.04968    0 1489  569.00000  640.04968  12.5%     -   20s
     0     0  639.79098    0 1489  569.00000  639.79098  12.4%     -   21s
H    0     0                     571.0000000  639.79098  12.0%     -   21s
     0     0  639.75335    0 1489  571.00000  639.75335  12.0%     -   21s
     0     0  639.74528    0 1490  571.00000  639.74528  12.0%     -   21s
     0     0  639.47342    0 1491  571.00000  639.47342  12.0%     -   22s
     0     0  639.42308    0 1493  571.00000  639.42308  12.0%     -   22s
     0     0  639.40673    0 1495  571.00000  639.40673  12.0%     -   22s
     0     0  639.25657    0 1488  571.00000  639.25657  12.0%     -   22s
H    0     0                     572.0000000  639.25657  11.8%     -   22s
     0     0  639.23227    0 1490  572.00000  639.23227  11.8%     -   22s
     0     0  639.22249    0 1491  572.00000  639.22249  11.8%     -   22s
     0     0  639.14307    0 1491  572.00000  639.14307  11.7%     -   23s
     0     0  639.14307    0 1490  572.00000  639.14307  11.7%     -   23s
     0     2  639.14217    0 1490  572.00000  639.14217  11.7%     -   24s
     1     3  639.06565    1 1490  572.00000  639.14138  11.7%   974   25s
     9    11  634.15815    7 1457  572.00000  639.14138  11.7%  2765   41s
    19    21  623.08276   15 1381  572.00000  639.14138  11.7%  2356   45s
H   26    26                     573.0000000  639.14138  11.5%  2198   46s
    50    52  589.55735   36 1235  573.00000  639.14138  11.5%  1902   50s
    94    80  624.42482    4 1397  573.00000  639.06564  11.5%  1527   56s
H  104    86                     574.0000000  639.06564  11.3%  1586   58s
   114    98  610.86059   18 1337  574.00000  639.06564  11.3%  1608   60s
H  156   129                     576.0000000  639.06564  10.9%  1426   63s
   160   127  629.81639    2 1439  576.00000  638.88945  10.9%  1459   65s
H  182   145                     577.0000000  638.88945  10.7%  1468   69s
   185   150  597.74243   22 1279  577.00000  638.88945  10.7%  1478   70s
   216   181  589.80352   43 1244  577.00000  638.88945  10.7%  1490   75s
H  217   173                     578.0000000  638.88945  10.5%  1483   75s
   240   190  620.82267   13 1389  578.00000  638.78474  10.5%  1481   80s
   262   212  587.99729   28 1252  578.00000  638.78474  10.5%  1514   85s
H  271   213                     579.0000000  638.78474  10.3%  1476   85s
H  286   212                     580.0000000  638.70264  10.1%  1449   88s
   290   218  611.77067    8 1341  580.00000  638.70264  10.1%  1477   90s
H  298   223                     581.0000000  638.70264  9.93%  1486   92s
   326   245     cutoff   34       581.00000  638.70264  9.93%  1434   95s
   348   257  602.80727   13 1304  581.00000  638.39103  9.88%  1432  100s
   389   288  584.50233   38 1227  581.00000  638.39103  9.88%  1409  105s
   416   305  625.76165   18 1405  581.00000  638.39094  9.88%  1401  110s
   440   327  597.08849   34 1260  581.00000  638.39094  9.88%  1416  115s
   473   340  622.07321   10 1388  581.00000  638.32043  9.87%  1404  120s
   495   362  602.96772   27 1294  581.00000  638.32043  9.87%  1415  125s
   559   398  631.58152    9 1439  581.00000  638.01604  9.81%  1347  130s
   568   407  617.24584   14 1362  581.00000  638.01604  9.81%  1377  135s
   582   421  594.48315   20 1257  581.00000  638.01604  9.81%  1400  140s
   607   434  622.72515   17 1490  581.00000  638.01604  9.81%  1378  155s
   610   436  633.27060    9 1485  581.00000  638.01604  9.81%  1371  165s
   616   440  622.72515   17 1488  581.00000  638.01604  9.81%  1358  175s
   617   441  605.30572   30 1489  581.00000  638.01604  9.81%  1356  184s
   619   442  605.94483   19 1490  581.00000  638.01604  9.81%  1351  193s
   620   443  596.23493   25 1488  581.00000  638.01604  9.81%  1349  202s
   622   444  628.22919   14 1491  581.00000  638.01604  9.81%  1345  212s
   623   445  608.42467   20 1488  581.00000  638.01604  9.81%  1343  223s
   624   445  615.04363   12 1487  581.00000  638.01604  9.81%  1341  234s
   625   446  598.66016   35 1489  581.00000  638.01604  9.81%  1338  243s
   626   447  601.58038   16 1489  581.00000  638.01604  9.81%  1336  253s
   627   447  598.66962   35 1487  581.00000  638.01604  9.81%  1334  263s
   628   448  587.85517   25 1487  581.00000  638.01604  9.81%  1332  273s
   629   449  585.40650   47 1487  581.00000  638.01604  9.81%  1330  276s
   632   453  637.27218   13 1471  581.00000  638.01604  9.81%  1422  280s
   640   458  637.24665   17 1470  581.00000  637.86810  9.79%  1437  285s
   653   467  635.28689   23 1455  581.00000  637.86810  9.79%  1443  290s
   662   473  633.30372   28 1446  581.00000  637.86810  9.79%  1449  295s
   671   479  629.80148   32 1429  581.00000  637.86810  9.79%  1470  301s
   679   484  631.56716   36 1441  581.00000  637.86810  9.79%  1480  305s
   691   492  622.69069   42 1400  581.00000  637.86810  9.79%  1499  311s
   701   499  624.35865   47 1406  581.00000  637.86810  9.79%  1512  315s
   707   503  620.17188   50 1382  581.00000  637.86810  9.79%  1523  326s
   717   509  628.33280   55 1421  581.00000  637.86810  9.79%  1532  330s
   725   515  627.81313   59 1413  581.00000  637.86810  9.79%  1552  335s
   736   522  624.82103   65 1401  581.00000  637.86810  9.79%  1564  340s
   753   533  621.93368   73 1382  581.00000  637.86810  9.79%  1568  345s
   769   544  620.15290   81 1379  581.00000  637.86810  9.79%  1575  350s
   785   555  618.00596   89 1370  581.00000  637.86810  9.79%  1582  355s
   800   565  616.38552   97 1367  581.00000  637.86810  9.79%  1591  360s
   819   577  613.51283  106 1349  581.00000  637.86810  9.79%  1593  365s
   835   588  611.43229  114 1344  581.00000  637.86810  9.79%  1601  370s
   855   601  606.04099  124 1323  581.00000  637.86810  9.79%  1605  375s
   875   615  602.56279  134 1309  581.00000  637.86810  9.79%  1610  380s
   895   628  594.51272  144 1280  581.00000  637.86810  9.79%  1619  385s
   917   643  595.95072  155 1287  581.00000  637.86810  9.79%  1625  390s
   937   656  592.77624  165 1267  581.00000  637.86810  9.79%  1633  395s
   959   671  585.83875  176 1227  581.00000  637.86810  9.79%  1644  400s
H  980   660                     582.0000000  637.86810  9.60%  1649  404s
   985   663  586.23450  189 1210  582.00000  637.86810  9.60%  1651  405s
  1028   686  586.72144  211 1206  582.00000  637.86810  9.60%  1641  410s
  1110   702  634.52628   16 1465  582.00000  637.86755  9.60%  1569  415s
  1116   706  622.92483   19 1411  582.00000  637.86755  9.60%  1586  421s
  1121   710  633.14036   22 1455  582.00000  637.86755  9.60%  1596  425s
  1126   713  623.46722   24 1408  582.00000  637.86755  9.60%  1610  430s
  1132   717  627.13959   27 1420  582.00000  637.86755  9.60%  1626  435s
  1140   722  627.10201   31 1409  582.00000  637.86755  9.60%  1640  441s
  1146   726  618.36791   34 1387  582.00000  637.86755  9.60%  1655  445s
  1154   732  628.50021   38 1423  582.00000  637.86755  9.60%  1669  450s
  1162   737  626.58647   42 1411  582.00000  637.86755  9.60%  1682  455s
  1171   743  629.65252   47 1428  582.00000  637.86755  9.60%  1691  460s
  1180   749  624.29416   51 1389  582.00000  637.86755  9.60%  1707  465s
  1188   754  623.91683   55 1396  582.00000  637.86755  9.60%  1719  470s
  1196   760  619.03959   59 1377  582.00000  637.86755  9.60%  1730  475s
  1204   765  618.22747   63 1370  582.00000  637.86755  9.60%  1741  480s
  1212   770  609.76174   67 1330  582.00000  637.86755  9.60%  1753  485s
  1224   778  619.89192   73 1361  582.00000  637.86755  9.60%  1763  490s
  1234   785  620.47414   78 1364  582.00000  637.86755  9.60%  1774  495s
  1248   794  620.87164   85 1366  582.00000  637.86755  9.60%  1783  500s
  1260   802  620.74296   91 1357  582.00000  637.86755  9.60%  1790  505s
  1274   812  610.74204   98 1315  582.00000  637.86755  9.60%  1798  510s
  1288   821  612.61784  105 1327  582.00000  637.86755  9.60%  1804  515s
H 1304   800                     583.0000000  637.86755  9.41%  1801  519s
  1308   804  608.02849  115 1289  583.00000  637.86755  9.41%  1805  520s
  1330   819  614.02458  126 1321  583.00000  637.86755  9.41%  1805  525s
  1352   834  607.93087  137 1286  583.00000  637.86755  9.41%  1805  530s
  1387   857  610.34518  155 1289  583.00000  637.86755  9.41%  1791  535s
  1438   891  597.85074  180 1236  583.00000  637.86755  9.41%  1763  540s
  1530   952  585.94696  226 1167  583.00000  637.86755  9.41%  1693  545s
  1571   956  631.12890   18 1441  583.00000  637.76352  9.39%  1669  551s
  1575   958  631.49168   20 1437  583.00000  637.76352  9.39%  1677  555s
  1579   961  625.95509   22 1411  583.00000  637.76352  9.39%  1687  560s
  1585   965  632.63647   25 1442  583.00000  637.76352  9.39%  1698  566s
  1589   968  627.83663   27 1430  583.00000  637.76352  9.39%  1707  570s
  1595   972  628.57508   30 1431  583.00000  637.76352  9.39%  1719  576s
  1599   974  625.99292   32 1420  583.00000  637.76352  9.39%  1727  580s
  1605   978  630.59956   35 1427  583.00000  637.76352  9.39%  1736  585s
  1611   982  630.83902   38 1435  583.00000  637.76352  9.39%  1744  590s
  1617   986  629.54700   41 1425  583.00000  637.76352  9.39%  1753  595s
  1623   990  623.88458   44 1394  583.00000  637.76352  9.39%  1761  600s
  1630   995  633.60230   48 1451  583.00000  637.76352  9.39%  1768  605s
  1637  1000  629.93797   51 1430  583.00000  637.76352  9.39%  1779  610s
  1644  1004  632.31088   55 1438  583.00000  637.76352  9.39%  1786  615s
  1651  1009  626.71632   58 1414  583.00000  637.76352  9.39%  1797  620s
  1659  1014  621.19753   62 1386  583.00000  637.76352  9.39%  1807  626s
  1665  1018  627.37169   65 1413  583.00000  637.76352  9.39%  1813  630s
  1675  1025  625.97665   70 1405  583.00000  637.76352  9.39%  1820  635s
  1683  1030  625.65067   74 1395  583.00000  637.76352  9.39%  1826  640s
  1693  1037  624.31996   79 1391  583.00000  637.76352  9.39%  1832  645s
  1703  1044  622.01403   84 1382  583.00000  637.76352  9.39%  1839  650s
  1715  1052  616.62714   90 1355  583.00000  637.76352  9.39%  1848  655s
  1726  1059  625.32925   96 1397  583.00000  637.76352  9.39%  1855  660s
  1738  1067  624.41833  102 1390  583.00000  637.76352  9.39%  1861  665s
  1753  1077  619.99739  109 1365  583.00000  637.76352  9.39%  1868  670s
  1771  1089  615.01829  118 1343  583.00000  637.76352  9.39%  1871  675s
  1787  1100  618.21271  126 1343  583.00000  637.76352  9.39%  1874  680s
  1811  1116  609.94907  138 1321  583.00000  637.76352  9.39%  1875  685s
  1833  1130  612.76400  149 1309  583.00000  637.76352  9.39%  1873  690s
  1857  1152  610.39200  161 1305  583.00000  637.76352  9.39%  1870  695s
  1902  1197  606.51423  184 1262  583.00000  637.76352  9.39%  1854  700s
  1977  1272  594.83794  221 1203  583.00000  637.76352  9.39%  1816  705s
  2051  1331  637.19350   13 1470  583.00000  637.72659  9.39%  1769  710s
  2057  1337  625.05787   16 1404  583.00000  637.72659  9.39%  1779  716s
H 2060  1320                     584.0000000  637.72659  9.20%  1782  719s
  2061  1323  629.15018   18 1428  584.00000  637.72659  9.20%  1786  720s
  2067  1329  626.64646   21 1411  584.00000  637.72659  9.20%  1793  725s
  2073  1335  625.61506   24 1413  584.00000  637.72659  9.20%  1801  731s
  2079  1341  627.19525   27 1406  584.00000  637.72659  9.20%  1809  736s
  2085  1347  628.43953   30 1415  584.00000  637.72659  9.20%  1816  741s
  2091  1353  624.15884   33 1388  584.00000  637.72659  9.20%  1824  746s
  2097  1359  629.21534   36 1422  584.00000  637.72659  9.20%  1829  750s
  2103  1365  623.80721   39 1400  584.00000  637.72659  9.20%  1836  755s
  2111  1373  626.13182   43 1410  584.00000  637.72659  9.20%  1844  760s
  2117  1379  627.48890   46 1407  584.00000  637.72659  9.20%  1850  765s
  2125  1387  627.73250   50 1411  584.00000  637.72659  9.20%  1857  770s
  2133  1395  625.10920   54 1394  584.00000  637.72659  9.20%  1864  775s
  2141  1403  620.69051   58 1374  584.00000  637.72659  9.20%  1871  780s
  2149  1411  626.16278   62 1397  584.00000  637.72659  9.20%  1876  785s
  2159  1421  624.96477   67 1387  584.00000  637.72659  9.20%  1883  790s
  2167  1429  623.79168   71 1385  584.00000  637.72659  9.20%  1888  795s
  2177  1439  622.71746   76 1368  584.00000  637.72659  9.20%  1894  800s
  2189  1451  622.70133   82 1371  584.00000  637.72659  9.20%  1900  805s
  2197  1459  619.42840   86 1362  584.00000  637.72659  9.20%  1905  810s
  2211  1473  615.52390   93 1338  584.00000  637.72659  9.20%  1911  815s
  2221  1483  619.68383   98 1347  584.00000  637.72659  9.20%  1915  820s
  2233  1495  621.16576  104 1355  584.00000  637.72659  9.20%  1917  825s
  2249  1511  615.28030  112 1335  584.00000  637.72659  9.20%  1920  831s
  2263  1525  616.76147  119 1344  584.00000  637.72659  9.20%  1921  835s
  2276  1538  619.02994  126 1345  584.00000  637.72659  9.20%  1922  843s
  2285  1547  615.23642  130 1330  584.00000  637.72659  9.20%  1921  845s
  2301  1563  610.34957  138 1313  584.00000  637.72659  9.20%  1919  850s
  2319  1581  608.16228  147 1298  584.00000  637.72659  9.20%  1917  855s
  2330  1592  611.62617  153 1312  584.00000  637.72659  9.20%  1914  861s
  2347  1609  608.78346  161 1281  584.00000  637.72659  9.20%  1910  867s
  2357  1619  606.23162  166 1268  584.00000  637.72659  9.20%  1907  870s
  2384  1646  602.53623  180 1252  584.00000  637.72659  9.20%  1897  876s
  2399  1661  596.41215  187 1230  584.00000  637.72659  9.20%  1892  886s
  2438  1700  594.41942  207 1218  584.00000  637.72659  9.20%  1874  891s
  2474  1736  588.26429  225 1157  584.00000  637.72659  9.20%  1854  895s
  2508  1752  628.85735   15 1436  584.00000  637.23056  9.11%  1842  901s
  2512  1756  627.06494   17 1430  584.00000  637.23056  9.11%  1848  906s
  2516  1760  629.89321   19 1433  584.00000  637.23056  9.11%  1853  910s
  2522  1766  631.10533   22 1438  584.00000  637.23056  9.11%  1861  916s
  2528  1772  625.88885   25 1420  584.00000  637.23056  9.11%  1868  921s
  2532  1776  629.95065   27 1426  584.00000  637.23056  9.11%  1872  925s
  2538  1782  625.08610   30 1404  584.00000  637.23056  9.11%  1879  930s
  2544  1788  630.61792   33 1419  584.00000  637.23056  9.11%  1885  935s
  2550  1794  629.61167   36 1425  584.00000  637.23056  9.11%  1890  940s
  2556  1800  629.59063   39 1429  584.00000  637.23056  9.11%  1894  945s
  2560  1804  623.20292   41 1392  584.00000  637.23056  9.11%  1898  950s
  2568  1812  626.07244   45 1403  584.00000  637.23056  9.11%  1904  956s
  2573  1817  631.90166   48 1437  584.00000  637.23056  9.11%  1906  961s
  2578  1822  626.68126   50 1405  584.00000  637.23056  9.11%  1911  965s
  2586  1830  624.99214   54 1399  584.00000  637.23056  9.11%  1916  970s
  2594  1838  625.87863   58 1395  584.00000  637.23056  9.11%  1922  975s
  2600  1844  626.42781   61 1395  584.00000  637.23056  9.11%  1925  981s
  2608  1852  622.27548   65 1392  584.00000  637.23056  9.11%  1930  985s
  2616  1860  624.43429   69 1397  584.00000  637.23056  9.11%  1935  990s
  2627  1871  628.20740   75 1415  584.00000  637.23056  9.11%  1940 1002s
  2631  1875  627.67170   77 1413  584.00000  637.23056  9.11%  1943 1005s
  2644  1888  623.28921   83 1384  584.00000  637.23056  9.11%  1948 1010s
  2654  1898  622.72235   88 1377  584.00000  637.23056  9.11%  1952 1015s
  2660  1904  609.88664   91 1318  584.00000  637.23056  9.11%  1955 1022s
  2668  1912  620.11400   95 1369  584.00000  637.23056  9.11%  1956 1025s
  2681  1925  622.54216  102 1379  584.00000  637.23056  9.11%  1959 1038s
  2686  1930  617.71874  104 1361  584.00000  637.23056  9.11%  1960 1040s
  2701  1945  621.10067  112 1369  584.00000  637.23056  9.11%  1962 1045s
  2710  1954  616.94768  116 1348  584.00000  637.23056  9.11%  1964 1066s
  2722  1966  615.10575  122 1318  584.00000  637.23056  9.11%  1965 1070s
  2746  1990  614.83219  134 1329  584.00000  637.23056  9.11%  1964 1075s
  2776  2020  612.24615  149 1311  584.00000  637.23056  9.11%  1961 1080s
  2814  2058  601.11625  168 1248  584.00000  637.23056  9.11%  1957 1085s
  2900  2144  591.85260  211 1229  584.00000  637.23056  9.11%  1927 1090s
  2988  2188  636.51118   16 1463  584.00000  637.22122  9.11%  1888 1095s
  2992  2192  636.18028   18 1463  584.00000  637.22122  9.11%  1893 1100s
  2997  2197  630.54115   20 1436  584.00000  637.22122  9.11%  1898 1106s
  3003  2203  630.71374   23 1430  584.00000  637.22122  9.11%  1903 1110s
  3006  2206  635.20132   25 1458  584.00000  637.22122  9.11%  1904 1124s
  3007  2207  625.84120   25 1406  584.00000  637.22122  9.11%  1906 1125s
  3013  2213  629.18071   28 1414  584.00000  637.22122  9.11%  1910 1130s
  3021  2221  628.09473   32 1413  584.00000  637.22122  9.11%  1916 1136s
  3027  2227  629.00477   35 1421  584.00000  637.22122  9.11%  1921 1140s
  3035  2235  629.06819   39 1412  584.00000  637.22122  9.11%  1926 1145s
  3043  2243  627.93376   43 1415  584.00000  637.22122  9.11%  1931 1150s
  3051  2251  627.22648   47 1396  584.00000  637.22122  9.11%  1936 1155s
  3061  2261  626.18174   52 1403  584.00000  637.22122  9.11%  1940 1160s
  3069  2269  624.86806   56 1398  584.00000  637.22122  9.11%  1943 1165s
  3081  2281  619.50092   62 1364  584.00000  637.22122  9.11%  1949 1170s
  3089  2289  622.63174   66 1366  584.00000  637.22122  9.11%  1952 1175s
  3101  2301  618.24650   72 1358  584.00000  637.22122  9.11%  1956 1180s
  3112  2312  627.30597   78 1392  584.00000  637.22122  9.11%  1959 1185s
  3127  2327  623.92990   85 1373  584.00000  637.22122  9.11%  1963 1190s
  3141  2341  620.52763   92 1356  584.00000  637.22122  9.11%  1965 1195s
  3155  2355  621.09518   99 1349  584.00000  637.22122  9.11%  1969 1200s
  3173  2373  619.82187  108 1350  584.00000  637.22122  9.11%  1969 1205s
  3195  2395  615.59631  119 1321  584.00000  637.22122  9.11%  1970 1210s
  3221  2421  610.02083  132 1291  584.00000  637.22122  9.11%  1969 1215s
  3255  2455  604.32881  149 1267  584.00000  637.22122  9.11%  1962 1220s
  3303  2503  605.47463  173 1255  584.00000  637.22122  9.11%  1951 1225s
  3395  2595  587.71820  219 1160  584.00000  637.22122  9.11%  1917 1230s
  3440  2624  633.27907   14 1443  584.00000  636.94085  9.07%  1899 1242s
  3444  2628  614.90141   16 1367  584.00000  636.94085  9.07%  1902 1245s
  3450  2634  627.20171   19 1407  584.00000  636.94085  9.07%  1906 1250s
  3458  2642  621.72523   23 1385  584.00000  636.94085  9.07%  1911 1256s
  3464  2648  627.08060   26 1410  584.00000  636.94085  9.07%  1915 1260s
  3472  2656  626.16608   30 1401  584.00000  636.94085  9.07%  1919 1265s
  3480  2664  624.16250   34 1399  584.00000  636.94085  9.07%  1922 1270s
  3488  2672  619.65262   38 1377  584.00000  636.94085  9.07%  1926 1275s
  3498  2682  621.57507   43 1376  584.00000  636.94085  9.07%  1930 1281s
  3508  2692  616.20570   48 1349  584.00000  636.94085  9.07%  1934 1286s
  3516  2700  622.71212   52 1380  584.00000  636.94085  9.07%  1937 1290s
  3528  2712  620.69059   58 1382  584.00000  636.94085  9.07%  1940 1295s
  3540  2724  618.60241   64 1366  584.00000  636.94085  9.07%  1944 1300s
  3552  2736  620.96235   70 1370  584.00000  636.94085  9.07%  1946 1305s
  3566  2750  618.15841   77 1357  584.00000  636.94085  9.07%  1949 1310s
  3582  2766  614.51910   85 1329  584.00000  636.94085  9.07%  1951 1315s
  3601  2785  618.94353   95 1346  584.00000  636.94085  9.07%  1951 1320s
  3620  2804  613.55445  104 1306  584.00000  636.94085  9.07%  1952 1325s
  3644  2828  614.50483  116 1315  584.00000  636.94085  9.07%  1951 1330s
  3662  2846  609.06435  125 1284  584.00000  636.94085  9.07%  1949 1348s
  3674  2858  609.82839  131 1293  584.00000  636.94085  9.07%  1947 1350s
  3717  2901  606.05095  153 1249  584.00000  636.94085  9.07%  1939 1355s
  3790  2974  593.29414  189 1197  584.00000  636.94085  9.07%  1919 1360s
  3867  3014  636.04301   19 1464  584.00000  636.93745  9.06%  1892 1365s
  3872  3019  627.29924   21 1416  584.00000  636.93745  9.06%  1897 1370s
  3878  3025  625.31031   24 1410  584.00000  636.93745  9.06%  1901 1376s
  3882  3029  629.70291   26 1431  584.00000  636.93745  9.06%  1904 1380s
  3888  3035  617.13214   29 1372  584.00000  636.93745  9.06%  1908 1385s
  3894  3041  627.46173   32 1401  584.00000  636.93745  9.06%  1912 1390s
  3900  3047  624.31562   35 1400  584.00000  636.93745  9.06%  1916 1395s
  3906  3053  628.68287   38 1420  584.00000  636.93745  9.06%  1919 1400s
  3913  3060  633.04262   42 1435  584.00000  636.93745  9.06%  1922 1405s
  3920  3067  627.30772   45 1409  584.00000  636.93745  9.06%  1926 1410s
  3928  3075  625.79311   49 1408  584.00000  636.93745  9.06%  1930 1415s
  3936  3083  624.59056   53 1399  584.00000  636.93745  9.06%  1934 1420s
  3944  3091  626.42343   57 1398  584.00000  636.93745  9.06%  1937 1425s
  3956  3103  625.23239   63 1393  584.00000  636.93745  9.06%  1940 1430s
  3966  3113  626.28147   68 1392  584.00000  636.93745  9.06%  1943 1435s
  3978  3125  623.61320   74 1388  584.00000  636.93745  9.06%  1946 1440s
  3988  3135  618.66330   79 1369  584.00000  636.93745  9.06%  1949 1445s
  3998  3145  621.02222   84 1368  584.00000  636.93745  9.06%  1952 1450s
  4008  3155  620.08376   89 1353  584.00000  636.93745  9.06%  1954 1458s
  4011  3158  624.71790   91 1381  584.00000  636.93745  9.06%  1955 1460s
  4024  3171  619.39286   97 1342  584.00000  636.93745  9.06%  1957 1465s
  4038  3185  618.54931  104 1353  584.00000  636.93745  9.06%  1960 1470s
  4052  3199  618.61576  111 1331  584.00000  636.93745  9.06%  1962 1475s
  4074  3221  617.16718  122 1333  584.00000  636.93745  9.06%  1961 1480s
  4098  3245  609.16934  134 1300  584.00000  636.93745  9.06%  1960 1485s
  4124  3271  612.30447  147 1300  584.00000  636.93745  9.06%  1958 1490s
  4170  3317  605.89134  170 1273  584.00000  636.93745  9.06%  1951 1495s
  4236  3383  593.30542  203 1170  584.00000  636.93745  9.06%  1935 1500s
  4317  3446  633.05909   17 1449  584.00000  636.75088  9.03%  1909 1505s
  4349  3478  627.58914   49 1409  584.00000  636.75088  9.03%  1902 1510s
  4401  3530  616.49558   98 1338  584.00000  636.75088  9.03%  1887 1515s
  4449  3578  611.37661  140 1291  584.00000  636.75088  9.03%  1876 1520s
  4483  3612  606.89990  158 1263  584.00000  636.75088  9.03%  1867 1530s
  4565  3694  598.52364  182 1225  584.00000  636.75088  9.03%  1845 1535s
  4686  3815  590.21724  207 1153  584.00000  636.75088  9.03%  1813 1540s
  4797  3907  634.53108   32 1449  584.00000  636.75070  9.03%  1781 1545s
  4830  3940  628.57884   65 1418  584.00000  636.75070  9.03%  1775 1550s
  4876  3986  620.91200  106 1353  584.00000  636.75070  9.03%  1766 1555s
  4916  4026  612.28269  136 1309  584.00000  636.75070  9.03%  1760 1560s
  4977  4087  606.65830  168 1274  584.00000  636.75070  9.03%  1749 1565s
  5030  4140  601.00745  183 1245  584.00000  636.75070  9.03%  1740 1570s
  5132  4242  592.61133  205 1184  584.00000  636.75070  9.03%  1719 1575s
  5286  4392  585.62807  236 1164  584.00000  636.75070  9.03%  1682 1580s
  5351  4419  633.48542   39 1438  584.00000  636.67553  9.02%  1667 1585s
  5378  4446  628.96483   66 1408  584.00000  636.67553  9.02%  1663 1591s
  5411  4479  623.60594   99 1375  584.00000  636.67553  9.02%  1657 1595s
  5448  4516  617.04658  126 1330  584.00000  636.67553  9.02%  1653 1600s
  5497  4565  609.87386  157 1290  584.00000  636.67553  9.02%  1647 1605s
  5564  4632  603.02219  174 1256  584.00000  636.67553  9.02%  1639 1610s
  5672  4740  593.39479  204 1203  584.00000  636.67553  9.02%  1621 1615s
  5837  4871  635.98200   21 1467  584.00000  636.67484  9.02%  1587 1620s
  5865  4899  631.92118   49 1436  584.00000  636.67484  9.02%  1584 1625s
  5904  4938  625.09648   88 1392  584.00000  636.67484  9.02%  1579 1630s
  5953  4987  615.95997  127 1334  584.00000  636.67484  9.02%  1573 1635s
  5961  4995  614.27515  132 1322  584.00000  636.67484  9.02%  1572 1646s
  5995  5029  609.86498  158 1314  584.00000  636.67484  9.02%  1569 1650s
  6040  5074  603.53571  174 1250  584.00000  636.67484  9.02%  1565 1655s
  6120  5154  596.93151  195 1219  584.00000  636.67484  9.02%  1555 1660s
  6270  5304  585.80263  229 1173  584.00000  636.67484  9.02%  1531 1665s
  6334  5346  632.40938   40 1443  584.00000  636.25598  8.95%  1521 1670s
  6375  5387  626.20139   81 1395  584.00000  636.25598  8.95%  1516 1675s
  6429  5441  616.78983  132 1334  584.00000  636.25598  8.95%  1510 1680s
  6479  5491  608.34215  164 1298  584.00000  636.25598  8.95%  1506 1685s
  6557  5569  598.89282  189 1249  584.00000  636.25598  8.95%  1498 1690s
  6665  5677  593.39481  205 1169  584.00000  636.25598  8.95%  1485 1695s
  6819  5801  628.49555   20 1425  584.00000  636.19629  8.94%  1461 1700s
  6859  5841  620.56885   60 1381  584.00000  636.19629  8.94%  1458 1705s
  6916  5898  610.64535  110 1314  584.00000  636.19629  8.94%  1452 1710s
  6984  5966  600.57336  156 1258  584.00000  636.19629  8.94%  1445 1715s
  7075  6057  590.93848  186 1205  584.00000  636.19629  8.94%  1434 1720s
  7156  6116  628.19119   21 1427  584.00000  636.08438  8.92%  1424 1725s
  7196  6156  620.27725   61 1385  584.00000  636.08438  8.92%  1421 1730s
  7247  6207  610.95338  106 1323  584.00000  636.08438  8.92%  1417 1735s
  7305  6265  601.29863  145 1255  584.00000  636.08438  8.92%  1412 1740s
  7376  6336  592.05914  173 1232  584.00000  636.08438  8.92%  1405 1745s
  7467  6409  629.86513   24 1427  584.00000  636.07554  8.92%  1395 1750s
  7517  6459  620.94285   74 1368  584.00000  636.07554  8.92%  1390 1755s
  7581  6523  609.08000  126 1270  584.00000  636.07554  8.92%  1385 1760s
  7678  6620  597.81305  162 1201  584.00000  636.07554  8.92%  1376 1765s
  7852  6773  628.00649   21 1432  584.00000  635.97740  8.90%  1354 1771s
  7877  6798  614.45906   46 1360  584.00000  635.97740  8.90%  1354 1775s
  7937  6846  630.44199   22 1442  584.00000  635.94643  8.89%  1350 1781s
  7966  6875  625.75376   51 1411  584.00000  635.94643  8.89%  1348 1785s
  8016  6925  616.71621  101 1342  584.00000  635.94643  8.89%  1344 1793s
  8050  6959  608.60066  135 1300  584.00000  635.94643  8.89%  1341 1795s
  8140  7033  621.40806   22 1395  584.00000  635.94594  8.89%  1332 1800s
  8148  7041  619.44337   26 1389  584.00000  635.94594  8.89%  1335 1806s
  8156  7049  615.88457   30 1372  584.00000  635.94594  8.89%  1337 1810s
  8164  7057  606.70800   34 1337  584.00000  635.94594  8.89%  1340 1815s
  8174  7067  618.30900   39 1373  584.00000  635.94594  8.89%  1342 1820s
  8185  7078  622.60060   45 1397  584.00000  635.94594  8.89%  1345 1825s
  8196  7089  617.66249   50 1367  584.00000  635.94594  8.89%  1348 1830s
  8207  7100  620.49601   56 1383  584.00000  635.94594  8.89%  1350 1835s
  8220  7113  611.94324   62 1338  584.00000  635.94594  8.89%  1353 1840s
  8236  7129  608.16904   70 1321  584.00000  635.94594  8.89%  1356 1845s
  8250  7143  612.71392   77 1337  584.00000  635.94594  8.89%  1359 1850s
  8268  7161  609.36394   86 1321  584.00000  635.94594  8.89%  1362 1855s
  8286  7179  610.46029   95 1312  584.00000  635.94594  8.89%  1364 1860s
  8310  7203  609.78687  107 1305  584.00000  635.94594  8.89%  1366 1865s
  8344  7237  605.50541  124 1270  584.00000  635.94594  8.89%  1368 1870s
  8388  7281  600.12982  146 1242  584.00000  635.94594  8.89%  1368 1875s
  8489  7372  585.00983  197 1175  584.00000  635.94594  8.89%  1360 1880s
  8527  7398  631.27867   49 1424  584.00000  635.94513  8.89%  1358 1885s
  8567  7438  623.54979   89 1384  584.00000  635.94513  8.89%  1355 1890s
  8655  7526  603.63904  177 1256  584.00000  635.94513  8.89%  1347 1895s
  8762  7601  631.71912   39 1428  584.00000  635.89740  8.89%  1335 1900s
  8809  7648  623.37312   86 1373  584.00000  635.89740  8.89%  1332 1905s
  8929  7752  623.96820   22 1398  584.00000  635.86981  8.88%  1321 1911s
  8966  7789  616.83033   59 1356  584.00000  635.86981  8.88%  1319 1915s
  9018  7841  606.71782  109 1282  584.00000  635.86981  8.88%  1315 1921s
  9078  7901  594.04828  142 1220  584.00000  635.86981  8.88%  1311 1925s
  9206  8009  634.58655   27 1453  584.00000  635.86893  8.88%  1300 1930s
  9235  8038  619.55924   56 1368  584.00000  635.86893  8.88%  1300 1935s
  9293  8086  634.74402   22 1452  584.00000  635.82753  8.87%  1297 1940s
  9327  8120  628.71221   56 1417  584.00000  635.82753  8.87%  1296 1945s
  9386  8179  619.61327  115 1337  584.00000  635.82753  8.87%  1292 1950s
  9523  8293  627.37737   23 1420  584.00000  635.81279  8.87%  1281 1956s
  9546  8316  607.07516   46 1319  584.00000  635.81279  8.87%  1281 1960s
  9614  8374  624.12712   25 1398  584.00000  635.76337  8.86%  1277 1965s
  9623  8383  594.94508   27 1283  584.00000  635.76337  8.86%  1280 1970s
  9675  8389  628.00166   23 1431  584.00000  635.65923  8.85%  1278 1976s
  9698  8412  612.16710   46 1356  584.00000  635.65923  8.85%  1278 1980s
  9766  8468  630.16683   25 1432  584.00000  635.64807  8.84%  1274 1985s
  9850  8552  613.06192  109 1318  584.00000  635.64807  8.84%  1269 1990s
  9965  8638  615.94730   37 1363  584.00000  635.57569  8.83%  1260 1995s
 10026  8687  627.16521   24 1419  584.00000  635.56629  8.83%  1257 2000s
 10075  8736  618.31878   73 1367  584.00000  635.56629  8.83%  1255 2005s
 10203  8863  601.68225  185 1490  584.00000  635.56629  8.83%  1245 2854s
 10205  8864  618.95123   50 1342  584.00000  635.56629  8.83%  1245 2855s
 10206  8865  590.87645  182 1490  584.00000  635.56629  8.83%  1245 2865s
 10208  8866  587.54795  228 1492  584.00000  633.65986  8.50%  1244 2870s
 10213  8870  613.01537  144 1492  584.00000  633.38797  8.46%  1244 2889s
 10214  8870  616.50819  128 1491  584.00000  633.34302  8.45%  1244 2907s
 10216  8872  601.57955  178 1491  584.00000  633.32607  8.45%  1243 2927s
 10217  8872  611.04535  156 1491  584.00000  632.74642  8.35%  1243 2940s
 10221  8875  621.40785   23 1491  584.00000  632.52206  8.31%  1243 2958s
 10222  8876  606.51101  180 1489  584.00000  632.35517  8.28%  1243 2976s
 10224  8877  588.45621  212 1490  584.00000  632.33077  8.28%  1243 2995s
 10225  8878  621.57490   44 1491  584.00000  631.97649  8.22%  1242 3011s
 10229  8880  594.25335  172 1493  584.00000  631.81887  8.19%  1242 3029s
 10230  8881  631.65372   40 1493  584.00000  631.65372  8.16%  1242 3044s
 10232  8882  591.80382  207 1493  584.00000  631.58719  8.15%  1242 3045s
 10233  8883  585.10988  210 1494  584.00000  631.58305  8.15%  1241 3062s
 10234  8884  600.28214  168 1494  584.00000  631.38063  8.11%  1241 3078s
 10237  8886  592.35277  169 1494  584.00000  631.31398  8.10%  1241 3097s
 10238  8886  616.47391   62 1494  584.00000  631.22773  8.09%  1241 3115s
 10240  8888  602.40890  171 1494  584.00000  631.20247  8.08%  1241 3132s
 10241  8888  615.05123  126 1493  584.00000  631.15416  8.07%  1240 3147s
 10243  8890  627.07797   27 1493  584.00000  631.12678  8.07%  1240 3164s
 10244  8890  621.46433   86 1492  584.00000  631.03841  8.05%  1240 3179s
 10247  8892  617.82140   93 1494  584.00000  631.00610  8.05%  1240 3198s
 10248  8893  608.30966  166 1490  584.00000  630.91397  8.03%  1240 3213s
 10251  8895  604.95260  174 1493  584.00000  630.89119  8.03%  1239 3229s
 10252  8896  610.39373  125 1491  584.00000  630.77845  8.01%  1239 3246s
 10254  8897  598.75576  164 1492  584.00000  630.74255  8.00%  1239 3262s
 10255  8898  594.89552  183 1492  584.00000  630.68748  7.99%  1239 3281s
 10257  8899  620.84925   76 1491  584.00000  630.66729  7.99%  1239 3300s
 10258  8900  616.81507  124 1491  584.00000  630.59115  7.98%  1238 3315s
 10260  8901  621.87964   86 1493  584.00000  630.57714  7.98%  1238 3332s
 10261  8902  599.22514  154 1493  584.00000  630.55206  7.97%  1238 3351s
 10263  8903  629.84499   58 1493  584.00000  630.54382  7.97%  1238 3368s
 10264  8904  600.55125  188 1493  584.00000  630.53655  7.97%  1238 3384s
 10265  8904  603.89369  182 1493  584.00000  630.53192  7.97%  1238 3402s
 10266  8905  616.20146   47 1492  584.00000  630.52733  7.97%  1237 3420s
 10267  8906  630.52591   26 1493  584.00000  630.52591  7.97%  1237 3439s
 10268  8906  595.30957  198 1491  584.00000  630.47077  7.96%  1237 3457s
 10270  8908  625.80047   35 1494  584.00000  630.44400  7.95%  1237 3476s
 10271  8908  590.24786  188 1494  584.00000  630.41868  7.95%  1237 3492s
 10274  8910  628.97964   49 1494  584.00000  630.38424  7.94%  1236 3509s
 10275  8911  587.39798  200 1494  584.00000  630.37502  7.94%  1236 3524s
 10276  8912  618.24286   73 1494  584.00000  630.37301  7.94%  1236 3540s
 10277  8912  623.29311   84 1493  584.00000  630.34744  7.94%  1236 3557s
 10279  8914  616.24475  123 1494  584.00000  630.33406  7.93%  1236 3577s
 10280  8914  627.19427   28 1494  584.00000  630.25274  7.92%  1236 3594s

Cutting planes:
  Gomory: 12
  Clique: 2
  MIR: 1
  Flow cover: 49
  Zero half: 620
  Mod-K: 1
  RLT: 185
  BQP: 38

Explored 10281 nodes (12920481 simplex iterations) in 3600.06 seconds (4447.30 work units)
Thread count was 1 (of 24 available processors)

Solution count 10: 584 583 582 ... 574

Time limit reached
Best objective 5.840000000000e+02, best bound 6.300000000000e+02, gap 7.8767%

User-callback calls 159304, time in user-callback 1.08 sec
