
Gurobi 11.0.3 (linux64) logging started Thu Mar  5 14:04:10 2026

Set parameter LogFile to value "./log/train/IS_1500_6/IS_11.lp.log"
Set parameter TimeLimit to value 3600
Gurobi Optimizer version 11.0.3 build v11.0.3rc0 (linux64 - "Ubuntu 22.04.5 LTS")

CPU model: AMD Ryzen 9 9900X 12-Core Processor, instruction set [SSE2|AVX|AVX2|AVX512]
Thread count: 12 physical cores, 24 logical processors, using up to 2 threads

Optimize a model with 9192 rows, 1500 columns and 18104 nonzeros
Model fingerprint: 0xa2c8a3e3
Variable types: 0 continuous, 1500 integer (1500 binary)
Coefficient statistics:
  Matrix range     [1e+00, 1e+00]
  Objective range  [1e+00, 1e+00]
  Bounds range     [1e+00, 1e+00]
  RHS range        [1e+00, 1e+00]
Found heuristic solution: objective 332.0000000
Presolve removed 1817 rows and 0 columns
Presolve time: 0.02s
Presolved: 7375 rows, 1500 columns, 16262 nonzeros
Variable types: 0 continuous, 1500 integer (1500 binary)

Root relaxation: objective 6.850000e+02, 4454 iterations, 0.15 seconds (0.27 work units)

    Nodes    |    Current Node    |     Objective Bounds      |     Work
 Expl Unexpl |  Obj  Depth IntInf | Incumbent    BestBd   Gap | It/Node Time

     0     0  685.00000    0 1340  332.00000  685.00000   106%     -    0s
H    0     0                     527.0000000  685.00000  30.0%     -    0s
     0     0  669.63631    0 1482  527.00000  669.63631  27.1%     -    1s
H    0     0                     543.0000000  669.63631  23.3%     -    1s
H    0     0                     547.0000000  669.63631  22.4%     -    1s
     0     0  669.33042    0 1482  547.00000  669.33042  22.4%     -    1s
     0     0  669.29951    0 1482  547.00000  669.29951  22.4%     -    1s
     0     0  669.29875    0 1482  547.00000  669.29875  22.4%     -    1s
     0     0  662.87154    0 1481  547.00000  662.87154  21.2%     -    1s
H    0     0                     558.0000000  662.87154  18.8%     -    1s
     0     0  662.36325    0 1480  558.00000  662.36325  18.7%     -    1s
     0     0  662.28445    0 1477  558.00000  662.28445  18.7%     -    1s
     0     0  662.21865    0 1480  558.00000  662.21865  18.7%     -    2s
     0     0  662.20503    0 1480  558.00000  662.20503  18.7%     -    2s
     0     0  662.20464    0 1480  558.00000  662.20464  18.7%     -    2s
     0     0  657.94313    0 1481  558.00000  657.94313  17.9%     -    2s
     0     0  657.36982    0 1486  558.00000  657.36982  17.8%     -    2s
     0     0  657.30737    0 1484  558.00000  657.30737  17.8%     -    2s
     0     0  657.29682    0 1484  558.00000  657.29682  17.8%     -    2s
     0     0  657.28587    0 1482  558.00000  657.28587  17.8%     -    2s
     0     0  657.27963    0 1484  558.00000  657.27963  17.8%     -    2s
     0     0  654.31397    0 1477  558.00000  654.31397  17.3%     -    3s
     0     0  654.05445    0 1479  558.00000  654.05445  17.2%     -    3s
     0     0  654.02543    0 1481  558.00000  654.02543  17.2%     -    3s
     0     0  654.00876    0 1481  558.00000  654.00876  17.2%     -    3s
     0     0  654.00539    0 1481  558.00000  654.00539  17.2%     -    3s
     0     0  651.43251    0 1481  558.00000  651.43251  16.7%     -    4s
     0     0  651.04035    0 1481  558.00000  651.04035  16.7%     -    4s
     0     0  650.97420    0 1481  558.00000  650.97420  16.7%     -    4s
     0     0  650.95734    0 1482  558.00000  650.95734  16.7%     -    4s
     0     0  650.95426    0 1482  558.00000  650.95426  16.7%     -    4s
     0     0  649.68319    0 1478  558.00000  649.68319  16.4%     -    4s
     0     0  649.50020    0 1485  558.00000  649.50020  16.4%     -    5s
     0     0  649.47011    0 1486  558.00000  649.47011  16.4%     -    5s
     0     0  649.46098    0 1486  558.00000  649.46098  16.4%     -    5s
     0     0  648.44040    0 1485  558.00000  648.44040  16.2%     -    5s
     0     0  648.34269    0 1486  558.00000  648.34269  16.2%     -    5s
     0     0  648.32096    0 1488  558.00000  648.32096  16.2%     -    5s
     0     0  648.31425    0 1489  558.00000  648.31425  16.2%     -    5s
     0     0  647.50860    0 1482  558.00000  647.50860  16.0%     -    6s
H    0     0                     561.0000000  647.50860  15.4%     -    6s
     0     0  647.40835    0 1488  561.00000  647.40835  15.4%     -    6s
     0     0  647.38925    0 1487  561.00000  647.38925  15.4%     -    6s
     0     0  647.38403    0 1486  561.00000  647.38403  15.4%     -    6s
     0     0  646.65970    0 1482  561.00000  646.65970  15.3%     -    6s
     0     0  646.55971    0 1486  561.00000  646.55971  15.3%     -    6s
     0     0  646.53319    0 1484  561.00000  646.53319  15.2%     -    6s
     0     0  646.53093    0 1484  561.00000  646.53093  15.2%     -    6s
     0     0  645.82089    0 1484  561.00000  645.82089  15.1%     -    7s
     0     0  645.73575    0 1488  561.00000  645.73575  15.1%     -    7s
     0     0  645.70433    0 1489  561.00000  645.70433  15.1%     -    7s
     0     0  645.68889    0 1488  561.00000  645.68889  15.1%     -    7s
     0     0  645.68368    0 1487  561.00000  645.68368  15.1%     -    7s
     0     0  645.34308    0 1488  561.00000  645.34308  15.0%     -    7s
     0     0  645.24930    0 1491  561.00000  645.24930  15.0%     -    7s
     0     0  645.22976    0 1489  561.00000  645.22976  15.0%     -    7s
     0     0  645.22556    0 1491  561.00000  645.22556  15.0%     -    7s
     0     0  644.85897    0 1489  561.00000  644.85897  14.9%     -    8s
H    0     0                     563.0000000  644.85897  14.5%     -    8s
     0     0  644.74788    0 1490  563.00000  644.74788  14.5%     -    8s
     0     0  644.73611    0 1489  563.00000  644.73611  14.5%     -    8s
     0     0  644.42083    0 1488  563.00000  644.42083  14.5%     -    8s
     0     0  644.37147    0 1489  563.00000  644.37147  14.5%     -    8s
     0     0  644.35999    0 1489  563.00000  644.35999  14.5%     -    8s
     0     0  644.05237    0 1486  563.00000  644.05237  14.4%     -    9s
     0     0  644.01132    0 1489  563.00000  644.01132  14.4%     -    9s
     0     0  644.00333    0 1489  563.00000  644.00333  14.4%     -    9s
     0     0  643.87706    0 1487  563.00000  643.87706  14.4%     -    9s
     0     0  643.82002    0 1487  563.00000  643.82002  14.4%     -    9s
     0     0  643.80738    0 1486  563.00000  643.80738  14.4%     -    9s
     0     0  643.52682    0 1487  563.00000  643.52682  14.3%     -    9s
     0     0  643.49976    0 1487  563.00000  643.49976  14.3%     -    9s
     0     0  643.48629    0 1488  563.00000  643.48629  14.3%     -    9s
     0     0  643.22173    0 1486  563.00000  643.22173  14.2%     -   10s
     0     0  643.14488    0 1489  563.00000  643.14488  14.2%     -   10s
     0     0  643.13701    0 1488  563.00000  643.13701  14.2%     -   10s
     0     0  642.84337    0 1486  563.00000  642.84337  14.2%     -   10s
     0     0  642.74649    0 1492  563.00000  642.74649  14.2%     -   10s
     0     0  642.73601    0 1491  563.00000  642.73601  14.2%     -   10s
     0     0  642.51792    0 1490  563.00000  642.51792  14.1%     -   10s
     0     0  642.42805    0 1492  563.00000  642.42805  14.1%     -   11s
     0     0  642.41758    0 1493  563.00000  642.41758  14.1%     -   11s
     0     0  642.21579    0 1489  563.00000  642.21579  14.1%     -   11s
     0     0  642.18165    0 1490  563.00000  642.18165  14.1%     -   11s
     0     0  642.17147    0 1491  563.00000  642.17147  14.1%     -   11s
     0     0  642.07132    0 1491  563.00000  642.07132  14.0%     -   11s
     0     0  642.07132    0 1490  563.00000  642.07132  14.0%     -   11s
H    0     0                     569.0000000  642.07132  12.8%     -   12s
H    0     0                     570.0000000  642.07132  12.6%     -   12s
H    0     0                     571.0000000  642.07132  12.4%     -   12s
     0     2  642.07132    0 1487  571.00000  642.07132  12.4%     -   12s
     7    10  634.62850    3 1444  571.00000  641.83921  12.4%  3612   15s
     9    12  634.31960    4 1442  571.00000  641.83921  12.4%  3035   21s
H   26    30                     572.0000000  641.83921  12.2%  2190   24s
    33    38  628.36035   12 1416  572.00000  641.83921  12.2%  2133   25s
H   54    61                     573.0000000  641.83921  12.0%  1791   28s
    80    84  601.83897   26 1288  573.00000  641.83921  12.0%  1565   30s
H  128   123                     575.0000000  641.83921  11.6%  1421   33s
   132   122     cutoff   52       575.00000  641.51574  11.6%  1420   35s
H  155   141                     576.0000000  641.51574  11.4%  1427   37s
   185   160  632.15235   14 1432  576.00000  641.51574  11.4%  1453   40s
   235   209  626.56973   26 1399  576.00000  641.51574  11.4%  1453   45s
H  267   227                     577.0000000  641.51574  11.2%  1422   47s
H  277   238                     578.0000000  641.51574  11.0%  1450   48s
   319   270     cutoff   64       578.00000  641.34596  11.0%  1410   50s
H  342   266                     579.0000000  641.34517  10.8%  1332   50s
   365   296  640.45486   14 1472  579.00000  641.34517  10.8%  1389   55s
H  403   309                     580.0000000  641.34517  10.6%  1386   60s
   439   361  589.39809   29 1235  580.00000  641.27739  10.6%  1456   66s
H  476   354                     581.0000000  641.27739  10.4%  1391   66s
H  506   359                     582.0000000  641.27739  10.2%  1362   68s
   528   367  634.26259    9 1440  582.00000  641.27739  10.2%  1330   70s
   564   410  599.58903   21 1286  582.00000  641.27739  10.2%  1411   76s
   611   454  586.81517   35 1230  582.00000  641.10684  10.2%  1426   81s
H  637   442                     583.0000000  641.10684  10.0%  1395   81s
   674   468  621.24473   11 1374  583.00000  640.94436  9.94%  1408   85s
   711   509  592.64449   21 1255  583.00000  640.83436  9.92%  1431   91s
H  758   506                     584.0000000  640.83436  9.73%  1422   93s
   774   515  627.32185   15 1407  584.00000  640.83436  9.73%  1423   96s
   802   564  625.88561   23 1393  584.00000  640.83436  9.73%  1472  103s
   856   585  615.55302   31 1346  584.00000  640.83436  9.73%  1460  106s
   884   586  589.53692   35 1490  584.00000  640.83436  9.73%  1465  119s
   886   587  634.12724   11 1340  584.00000  640.83436  9.73%  1462  120s
   887   588  599.48470   35 1482  584.00000  640.83436  9.73%  1460  125s
   893   592  634.82017   11 1489  584.00000  640.83436  9.73%  1450  131s
   894   593  612.37306   17 1487  584.00000  640.83436  9.73%  1449  135s
   898   595  626.55934   15 1488  584.00000  640.83436  9.73%  1442  142s
   900   597  618.41420   18 1491  584.00000  640.83436  9.73%  1439  146s
   901   597  601.15327   23 1487  584.00000  640.83436  9.73%  1437  151s
   902   598  589.32325   36 1491  584.00000  640.83436  9.73%  1436  156s
   903   599  598.10431   21 1490  584.00000  640.83436  9.73%  1434  160s
   904   599  589.87588   53 1491  584.00000  640.83436  9.73%  1433  165s
   906   601  614.05679   22 1490  584.00000  640.83436  9.73%  1430  172s
   907   601  633.53870   17 1490  584.00000  640.83436  9.73%  1428  176s
   908   602  624.48474   22 1489  584.00000  640.83436  9.73%  1426  180s
   909   603  626.09222   23 1489  584.00000  640.83436  9.73%  1425  189s
   910   606  640.83436   15 1486  584.00000  640.83436  9.73%  1479  190s
   933   623  639.04093   21 1463  584.00000  640.40861  9.66%  1506  195s
   962   643  637.54261   28 1467  584.00000  640.40861  9.66%  1522  200s
   987   662  635.85211   33 1450  584.00000  640.40861  9.66%  1539  205s
  1013   682  634.04553   40 1438  584.00000  640.40861  9.66%  1561  210s
  1050   706  631.63969   50 1421  584.00000  640.40861  9.66%  1580  216s
  1071   721  630.48673   55 1415  584.00000  640.40861  9.66%  1605  220s
  1112   753  627.51748   64 1406  584.00000  640.40861  9.66%  1622  226s
  1150   777  625.16620   73 1399  584.00000  640.40861  9.66%  1635  231s
  1174   792  623.74584   79 1388  584.00000  640.40861  9.66%  1651  235s
  1217   828  622.11683   88 1381  584.00000  640.40861  9.66%  1673  241s
  1254   854  619.64950   97 1369  584.00000  640.40861  9.66%  1688  247s
  1292   879  617.33064  106 1347  584.00000  640.40861  9.66%  1711  252s
  1312   893  616.39942  111 1344  584.00000  640.40861  9.66%  1723  255s
  1358   935  614.95176  122 1334  584.00000  640.40861  9.66%  1744  261s
  1426   992  612.60103  137 1303  584.00000  640.40861  9.66%  1756  268s
  1470  1029  612.10852  147 1285  584.00000  640.40861  9.66%  1759  271s
H 1473   997                     585.0000000  640.40861  9.47%  1759  271s
  1594  1134  610.23849  169 1231  585.00000  640.40861  9.47%  1722  278s
  1701  1164  604.99749  188 1210  585.00000  640.40861  9.47%  1660  282s
  1790  1189  595.70541  218 1151  585.00000  640.24722  9.44%  1614  286s
  1858  1177  639.66054   20 1472  585.00000  640.24722  9.44%  1580  290s
  1881  1194  638.97842   26 1462  585.00000  640.24722  9.44%  1612  298s
  1893  1202  638.61180   29 1460  585.00000  640.24722  9.44%  1625  302s
  1905  1211  638.38341   32 1457  585.00000  640.24722  9.44%  1640  305s
  1918  1221  637.64260   35 1457  585.00000  640.24722  9.44%  1653  310s
  1949  1243  635.91559   43 1448  585.00000  640.24722  9.44%  1684  318s
  1965  1256  635.63568   47 1442  585.00000  640.24722  9.44%  1699  323s
  1983  1269  635.22798   51 1440  585.00000  640.24722  9.44%  1714  328s
  2002  1285  634.53915   55 1435  585.00000  640.24722  9.44%  1729  333s
  2025  1301  633.21968   61 1430  585.00000  640.24722  9.44%  1745  338s
  2048  1320  627.58137   66 1383  585.00000  640.24722  9.44%  1760  343s
  2075  1335  631.64017   73 1411  585.00000  640.24722  9.44%  1774  349s
  2099  1359  630.48219   79 1402  585.00000  640.24722  9.44%  1785  354s
  2131  1388  629.35563   87 1383  585.00000  640.24722  9.44%  1796  359s
  2171  1415  627.72559   97 1376  585.00000  640.24722  9.44%  1806  365s
  2211  1429  626.64839  107 1355  585.00000  640.24722  9.44%  1812  372s
  2238  1474  623.27401  116 1343  585.00000  640.24722  9.44%  1816  384s
  2292  1522  622.97010  130 1333  585.00000  640.24722  9.44%  1817  391s
  2358  1599  618.15422  143 1305  585.00000  640.24722  9.44%  1806  397s
  2457  1573  614.84921  166 1280  585.00000  640.24722  9.44%  1786  403s
  2464  1728  613.97142  169 1277  585.00000  640.24722  9.44%  1784  417s
  2646  1831  610.71465  182 1240  585.00000  640.24722  9.44%  1698  425s
  2839  1856  632.70385   40 1428  585.00000  640.24722  9.44%  1624  433s
  2864  1884  631.06058   48 1416  585.00000  640.24722  9.44%  1642  440s
  2892  1914  617.19670   56 1362  585.00000  640.24722  9.44%  1661  449s
  2922  1946  627.80753   66 1399  585.00000  640.24722  9.44%  1680  457s
  2954  1971  616.49497   74 1355  585.00000  640.24722  9.44%  1696  465s
  2979  2014  620.86294   80 1353  585.00000  640.24722  9.44%  1709  473s
  3022  2072  623.31297   94 1368  585.00000  640.24722  9.44%  1722  483s
  3080  2146  619.60599  113 1335  585.00000  640.24722  9.44%  1737  492s
  3154  2280  616.20220  139 1311  585.00000  640.24722  9.44%  1749  502s
  3288  2335  602.55382  192 1208  585.00000  640.24722  9.44%  1739  512s
  3343  2463  599.75709  206 1189  585.00000  639.96180  9.40%  1737  522s
  3503  2545  634.02121   25 1446  585.00000  639.96180  9.40%  1709  532s
  3585  2743  637.27975   33 1459  585.00000  639.96180  9.40%  1716  544s
  3807  2780  636.26250   42 1454  585.00000  639.96180  9.40%  1670  556s
  3844  2818  634.32279   53 1437  585.00000  639.96180  9.40%  1693  568s
  3882  2871  632.50401   65 1425  585.00000  639.96180  9.40%  1711  580s
  3935  2936  625.85584   80 1374  585.00000  639.96180  9.40%  1733  592s
  4000  2984  626.55320  100 1379  585.00000  639.96180  9.40%  1752  604s
  4048  3026  623.75036  118 1363  585.00000  639.96180  9.40%  1761  619s
  4090  3170  621.72503  130 1350  585.00000  639.96180  9.40%  1768  633s
  4234  3351  609.47537  182 1250  585.00000  639.89270  9.38%  1769  648s
  4453  3584  636.95457   20 1458  585.00000  639.89270  9.38%  1723  662s
  4686  4187  615.25833  147 1292  585.00000  639.89270  9.38%  1694  676s
  5322  4455  587.25000  237  862  585.00000  639.68044  9.35%  1559  690s
  5623  5138  621.11784  114 1348  585.00000  639.68012  9.35%  1517  705s
  6329  5548  595.23068  226 1151  585.00000  639.64575  9.34%  1403  719s
  6784  5649  620.99138   84 1359  585.00000  639.64575  9.34%  1346  730s
  6885  6247  616.09731  111 1326  585.00000  639.51218  9.32%  1337  743s
  7534  6744  635.64754   31 1443  585.00000  639.35313  9.29%  1261  759s
  8051  6868  603.28846  178 1197  585.00000  639.35313  9.29%  1223  766s
  8175  7125  594.74375  217 1117  585.00000  639.12964  9.25%  1213  774s
  8466  7283  615.66500   36 1343  585.00000  639.12164  9.25%  1188  781s
  8632  7611  633.66274   42 1430  585.00000  639.12164  9.25%  1181  788s
  8985  7743  620.75906  123 1332  585.00000  639.12072  9.25%  1149  794s
  9131  7804  637.91897   21 1449  585.00000  639.12072  9.25%  1141  800s
  9192  7951  630.02262   66 1392  585.00000  639.12072  9.25%  1143  806s
  9339  8055  599.48893  195 1213  585.00000  639.11633  9.25%  1138  812s
  9467  8211  632.15844   58 1412  585.00000  639.11633  9.25%  1134  819s
  9623  8295  586.25000  186  935  585.00000  639.09932  9.25%  1130  826s
  9735  8467  623.09561   73 1371  585.00000  639.09932  9.25%  1130  834s
  9907  8775  603.59694  162 1244  585.00000  639.09344  9.25%  1128  840s
 10232  8911  630.25895   21 1426  585.00000  639.09344  9.25%  1112  846s
 10406  9081  596.37423   78 1217  585.00000  639.04042  9.24%  1104  853s
 10590  9207  612.66653   39 1328  585.00000  638.99187  9.23%  1095  860s
 10736  9232  630.19647   24 1421  585.00000  638.93127  9.22%  1090  867s
 10763  9276  601.29488   29 1301  585.00000  638.85764  9.21%  1093  874s
 10861  9480  631.94934   36 1426  585.00000  638.76760  9.19%  1093  881s
 11065  9627  601.24148  142 1171  585.00000  638.76558  9.19%  1085  888s
 11236  9858  631.88600   58 1418  585.00000  638.75487  9.19%  1078  895s
 11467 10058  608.80440  170 1263  585.00000  638.75372  9.19%  1068  902s
 11740 10353  632.15192   56 1416  585.00000  638.73126  9.18%  1053  909s
 12035 10494  605.46021  178 1251  585.00000  638.71154  9.18%  1038  916s
 12235 10810  625.12903   64 1386  585.00000  638.63032  9.17%  1030  922s
 12574 10895  637.51607   25 1465  585.00000  638.63032  9.17%  1013  929s
 12679 11037  629.52009   76 1409  585.00000  638.63032  9.17%  1013  935s
 12829 11102  599.58209  202 1214  585.00000  638.48158  9.14%  1009  942s
 12909 11140  604.41647   25 1313  585.00000  638.44986  9.14%  1012  950s
 12977 11212  627.72555   33 1419  585.00000  638.44986  9.14%  1015  957s
 13049 11372  619.80137   83 1357  585.00000  638.44687  9.14%  1017  965s
 13235 11467  624.02993   24 1403  585.00000  638.44612  9.14%  1013  972s
 13340 11577  630.71552   23 1423  585.00000  638.44612  9.14%  1015  979s
 13450 11709  609.03710   99 1283  585.00000  638.42545  9.13%  1016  986s
 13591 11885  617.08093   46 1354  585.00000  638.42491  9.13%  1017  995s
 13787 12060  633.46448   39 1424  585.00000  638.42491  9.13%  1014 1002s
 13988 12218  618.67468  122 1311  585.00000  638.42491  9.13%  1010 1010s
 14156 12378  603.91347  176 1224  585.00000  638.42491  9.13%  1007 1018s
 14316 12675  594.24699  202 1144  585.00000  638.32857  9.12%  1001 1026s
 14658 12801  626.30344   35 1382  585.00000  638.30368  9.11%   987 1032s
 14809 12802  610.78886  132 1490  585.00000  638.30300  9.11%   984 1519s
 14812 12804  598.71326  205 1486  585.00000  638.30300  9.11%   984 1528s
 14813 12805  612.57318  163 1491  585.00000  636.73220  8.84%   984 1531s
 14819 12809  612.97253   65 1490  585.00000  635.23960  8.59%   984 1544s
 14820 12809  592.01654  235 1487  585.00000  635.19466  8.58%   984 1553s
 14822 12811  601.39818  185 1490  585.00000  635.17392  8.58%   984 1562s
 14823 12811  608.98554  166 1489  585.00000  634.88405  8.53%   984 1572s
 14826 12813  611.48899  129 1492  585.00000  634.69394  8.49%   983 1583s
 14827 12814  603.80417  114 1487  585.00000  634.47276  8.46%   983 1594s
 14828 12815  597.19137  220 1487  585.00000  634.40321  8.44%   983 1595s
 14830 12816  621.19025   75 1486  585.00000  634.38557  8.44%   983 1607s
 14831 12817  593.01324  222 1487  585.00000  634.26473  8.42%   983 1619s
 14834 12819  590.47551  194 1489  585.00000  634.21097  8.41%   983 1631s
 14835 12819  598.95986  205 1488  585.00000  634.07672  8.39%   983 1643s
 14837 12821  587.04167  257 1490  585.00000  634.04577  8.38%   983 1655s
 14838 12821  628.52394   25 1489  585.00000  634.01736  8.38%   983 1666s
 14840 12823  618.08674  143 1488  585.00000  634.00787  8.38%   982 1678s
 14841 12823  622.81712   69 1489  585.00000  633.98214  8.37%   982 1689s
 14842 12824  614.96419  114 1490  585.00000  633.97630  8.37%   982 1701s
 14843 12825  613.38364  102 1490  585.00000  633.96256  8.37%   982 1713s
 14844 12825  624.36985   64 1488  585.00000  633.95856  8.37%   982 1725s
 14845 12826  592.68333  223 1489  585.00000  633.94771  8.37%   982 1737s
 14846 12827  625.69873   75 1489  585.00000  633.94234  8.37%   982 1747s
 14847 12827  613.58767  124 1488  585.00000  633.93859  8.37%   982 1758s
 14848 12828  601.77385  191 1490  585.00000  633.93745  8.37%   982 1769s
 14849 12829  590.91210  207 1487  585.00000  633.93367  8.36%   982 1780s
 14850 12829  619.33703   81 1490  585.00000  633.93193  8.36%   982 1790s
 14851 12830  595.77719  202 1486  585.00000  633.91453  8.36%   982 1800s
 14853 12831  599.93695  160 1489  585.00000  633.88717  8.36%   982 1811s
 14854 12832  618.70301   92 1488  585.00000  633.85819  8.35%   981 1821s
 14855 12833  620.71247  107 1491  585.00000  633.85339  8.35%   981 1832s
 14856 12833  611.14100  132 1486  585.00000  633.80916  8.34%   981 1840s
 14858 12835  624.36842   89 1489  585.00000  633.80011  8.34%   981 1851s
 14859 12835  606.30103  112 1487  585.00000  633.78363  8.34%   981 1860s
 14860 12836  593.74419  229 1488  585.00000  633.77773  8.34%   981 1871s
 14861 12837  587.44643  213 1489  585.00000  633.77645  8.34%   981 1881s
 14862 12837  629.21072   73 1490  585.00000  633.77569  8.34%   981 1891s
 14863 12838  598.19008  153 1489  585.00000  633.77541  8.34%   981 1902s
 14864 12839  602.21630  151 1488  585.00000  633.77532  8.34%   981 1912s
 14865 12839  594.77273  223 1488  585.00000  633.77531  8.34%   981 1922s
 14866 12840  613.50874   91 1488  585.00000  633.77530  8.34%   981 1933s
 14867 12841  633.76796   30 1488  585.00000  633.76796  8.34%   981 1952s
 14868 12841  625.17964   91 1488  585.00000  633.76796  8.34%   981 1961s
 14869 12842  587.62069  248 1488  585.00000  633.76796  8.34%   980 1972s
 14874 12848  633.23837   30 1486  585.00000  633.23837  8.25%   986 1975s
 14890 12859  630.02808   34 1452  585.00000  633.23800  8.25%   987 1980s
 14908 12873  630.28147   39 1456  585.00000  633.23800  8.25%   989 1985s
 14928 12886  628.65219   44 1451  585.00000  633.23800  8.25%   991 1990s
 14952 12902  626.29120   50 1433  585.00000  633.23800  8.25%   994 2000s
 14976 12922  624.50778   56 1430  585.00000  633.23800  8.25%   996 2005s
 14984 12922  623.84645   58 1429  585.00000  633.23800  8.25%   996 2014s
 14986 12929  623.46354   58 1421  585.00000  633.23800  8.25%   997 2016s
 15009 12945  620.55063   64 1413  585.00000  633.23800  8.25%   998 2021s
 15037 12965  619.18336   72 1412  585.00000  633.23800  8.25%  1001 2025s
 15069 12987  615.11316   79 1388  585.00000  633.23800  8.25%  1004 2030s
 15102 13009  615.12781   88 1397  585.00000  633.23800  8.25%  1007 2037s
 15125 13027  613.54770   94 1390  585.00000  633.23800  8.25%  1010 2041s
 15151 13044  612.01311  101 1381  585.00000  633.23800  8.25%  1013 2045s
 15177 13062  606.65473  107 1355  585.00000  633.23800  8.25%  1016 2051s
 15206 13084  609.36920  115 1363  585.00000  633.23800  8.25%  1020 2057s
 15222 13095  608.56733  119 1358  585.00000  633.23800  8.25%  1023 2060s
 15260 13126  606.38271  129 1347  585.00000  633.23800  8.25%  1027 2067s
 15282 13142  605.17444  135 1340  585.00000  633.23800  8.25%  1030 2070s
 15334 13178  603.65569  149 1317  585.00000  633.23800  8.25%  1035 2077s
 15359 13205  602.88002  155 1308  585.00000  633.23800  8.25%  1037 2081s
 15394 13216  601.23970  165 1304  585.00000  633.23800  8.25%  1040 2095s
 15417 13261  597.22138  171 1275  585.00000  633.23800  8.25%  1041 2100s
 15537 13348  593.32842  207 1196  585.00000  633.23578  8.25%  1045 2108s
 15635 13364  632.47298   33 1481  585.00000  633.23578  8.25%  1044 2113s
 15687 13377  632.12290   36 1478  585.00000  633.23578  8.25%  1046 2118s
 15734 13374  631.82666   39 1472  585.00000  633.23578  8.25%  1047 2123s
 15746 13383  631.40207   42 1466  585.00000  633.23578  8.25%  1050 2127s
 15759 13393  626.69669   45 1442  585.00000  633.23578  8.25%  1053 2133s
 15774 13403  630.57672   49 1461  585.00000  633.23578  8.25%  1056 2138s
 15789 13413  630.04966   53 1458  585.00000  633.23578  8.25%  1059 2144s
 15804 13424  629.53218   57 1456  585.00000  633.23578  8.25%  1063 2149s
 15820 13426  628.76778   61 1449  585.00000  633.23578  8.25%  1066 2154s
 15827 13443  628.54502   62 1449  585.00000  633.23578  8.25%  1068 2160s
 15846 13459  627.92214   67 1439  585.00000  633.23578  8.25%  1071 2166s
 15869 13476  626.99279   73 1429  585.00000  633.23578  8.25%  1075 2172s
 15893 13495  620.11226   79 1403  585.00000  633.23578  8.25%  1079 2178s
 15920 13517  625.10999   86 1410  585.00000  633.23578  8.25%  1083 2184s
 15951 13537  622.21349   93 1396  585.00000  633.23578  8.25%  1088 2191s
 15982 13572  622.80920  102 1401  585.00000  633.23578  8.25%  1091 2198s
 16027 13611  618.97021  113 1378  585.00000  633.23578  8.25%  1096 2205s
 16081 13628  618.39551  126 1357  585.00000  633.23578  8.25%  1100 2213s
 16116 13656  617.55910  131 1353  585.00000  633.23578  8.25%  1102 2220s
 16156 13685  615.38069  132 1348  585.00000  633.23578  8.25%  1104 2228s
 16198 13712  615.73004  139 1351  585.00000  633.23578  8.25%  1106 2236s
 16239 13854  611.36897  159 1317  585.00000  633.23578  8.25%  1108 2245s
 16395 13955  602.98338  193 1287  585.00000  632.75613  8.16%  1109 2254s
 16577 13919  632.32090   33 1475  585.00000  632.32090  8.09%  1107 2263s
 16601 13937  631.51200   39 1471  585.00000  632.24455  8.08%  1112 2272s
 16627 13930  630.74857   45 1462  585.00000  632.24455  8.08%  1118 2284s
 16629 13957  621.89167   45 1416  585.00000  632.24455  8.08%  1118 2293s
 16657 13982  629.69170   52 1452  585.00000  632.24455  8.08%  1123 2302s
 16691 14010  628.53194   60 1446  585.00000  632.24455  8.08%  1129 2312s
 16730 14045  627.39960   69 1435  585.00000  632.24455  8.08%  1135 2324s
 16778 14094  623.58327   79 1394  585.00000  632.24455  8.08%  1141 2336s
 16843 14143  623.94917   93 1396  585.00000  632.24455  8.08%  1148 2349s
 16914 14236  620.66382  109 1385  585.00000  632.24455  8.08%  1154 2362s
 17031 14363  616.78155  131 1358  585.00000  632.24455  8.08%  1159 2376s
 17218 14430  610.04789  159 1306  585.00000  632.24455  8.08%  1158 2389s
 17350 14448  592.49042  217 1143  585.00000  632.04198  8.04%  1161 2404s
 17436 14463  630.49659   41 1457  585.00000  632.04198  8.04%  1166 2418s
 17480 14500  629.11826   51 1450  585.00000  632.04198  8.04%  1174 2434s
 17531 14555  627.53358   62 1440  585.00000  632.04198  8.04%  1181 2451s
 17603 14630  621.68030   76 1402  585.00000  632.04198  8.04%  1190 2470s
 17702 14667  620.36761   94 1384  585.00000  632.04198  8.04%  1198 2499s
 17772 14881  619.21750  114 1371  585.00000  632.04198  8.04%  1202 2519s
 18037 15114  610.29930  158 1293  585.00000  631.75010  7.99%  1203 2539s
 18374 15343  627.76812   58 1440  585.00000  631.75010  7.99%  1195 2556s
 18755 15566  604.58139  172 1256  585.00000  631.41224  7.93%  1184 2576s
 19122 15801  625.14323   73 1421  585.00000  631.41224  7.93%  1175 2597s
 19496 16201  599.82861  186 1235  585.00000  631.28862  7.91%  1167 2617s
 20100 16377  630.28721   32 1458  585.00000  631.26229  7.91%  1153 2635s
 20502 16729  603.88213  172 1277  585.00000  631.21876  7.90%  1148 2654s
 21039 16726  624.56938   36 1437  585.00000  631.15095  7.89%  1136 2671s
 21263 16896  623.68058   42 1428  585.00000  631.15095  7.89%  1133 2690s
 21507 16966  618.38818   58 1390  585.00000  631.15095  7.89%  1134 2709s
 21731 17136  615.60020   80 1372  585.00000  631.15095  7.89%  1135 2727s
 22001 17184  612.21836  112 1347  585.00000  631.15095  7.89%  1135 2745s
 22149 17496  600.05146  162 1272  585.00000  630.83140  7.83%  1139 2767s
 22575 17569  620.11891   83 1384  585.00000  630.74134  7.82%  1135 2779s
 22830 17641  611.38788   42 1365  585.00000  630.71321  7.81%  1131 2789s
 22995 17790  624.06505   64 1420  585.00000  630.71321  7.81%  1129 2800s
 23217 17997  609.89555  140 1311  585.00000  630.69908  7.81%  1124 2809s
 23532 18084  613.80832   98 1332  585.00000  630.65594  7.80%  1118 2819s
 23742 18150  627.63653   38 1436  585.00000  630.65594  7.80%  1114 2829s
 23892 18138  626.50906   45 1429  585.00000  630.65594  7.80%  1114 2841s
 23954 18234  625.29313   54 1420  585.00000  630.65594  7.80%  1118 2852s
 24070 18326  620.58783   64 1385  585.00000  630.65594  7.80%  1118 2863s
 24217 18389  622.20537   77 1388  585.00000  630.65594  7.80%  1118 2875s
 24339 18516  619.33590   94 1376  585.00000  630.65594  7.80%  1120 2887s
 24519 18607  614.82197  117 1338  585.00000  630.65594  7.80%  1120 2900s
 24682 18811  603.47397  156 1266  585.00000  630.53034  7.78%  1122 2912s
 24960 18927  621.57697   56 1399  585.00000  630.48509  7.78%  1120 2922s
 25215 19123  621.50543   52 1413  585.00000  630.45901  7.77%  1116 2935s
 25528 19304  621.89819   33 1426  585.00000  630.41651  7.76%  1111 2946s
 25841 19413  596.32902  165 1259  585.00000  630.38413  7.76%  1105 2956s
 26086 19406  597.10281   66 1301  585.00000  630.35463  7.75%  1102 2967s
 26189 19523  594.95593   47 1308  585.00000  630.28685  7.74%  1104 2978s
 26416 19692  610.26027  101 1336  585.00000  630.27904  7.74%  1101 2988s
 26703 19818  621.12390   61 1401  585.00000  630.25608  7.74%  1096 2998s
 26945 19981  623.53822   41 1426  585.00000  630.18410  7.72%  1092 3008s
 27205 20148  602.22100  151 1271  585.00000  630.14153  7.72%  1088 3017s
 27499 20212  624.99546   35 1432  585.00000  630.14153  7.72%  1084 3027s
 27675 20374  604.34727  146 1308  585.00000  630.08219  7.71%  1082 3037s
 27925 20540  611.32796   99 1329  585.00000  630.07527  7.71%  1079 3055s
 28204 20612  627.24143   54 1434  585.00000  630.02790  7.70%  1074 3065s
 28369 20862  611.19133  138 1320  585.00000  630.02763  7.70%  1073 3076s
 28711 20955  628.59074   36 1443  585.00000  630.00507  7.69%  1069 3085s
 28918 21118  614.71766  125 1331  585.00000  629.99415  7.69%  1067 3100s
 29182 21243  620.95080   61 1396  585.00000  629.94616  7.68%  1063 3110s
 29415 21577  622.13605   46 1419  585.00000  629.90325  7.68%  1060 3127s
 29859 21612  615.98098   88 1362  585.00000  629.90228  7.68%  1055 3136s
 30042 21616  587.07219  211 1185  585.00000  629.89915  7.68%  1052 3152s
 30142 21615  621.15152   41 1395  585.00000  629.89913  7.68%  1052 3163s
 30174 21643  619.65119   48 1379  585.00000  629.89913  7.68%  1055 3175s
 30213 21684  625.01463   57 1412  585.00000  629.89913  7.68%  1058 3189s
 30267 21740  622.58853   69 1396  585.00000  629.89913  7.68%  1062 3203s
 30341 21831  620.44201   84 1378  585.00000  629.89913  7.68%  1066 3218s
 30456 21962  614.39901  104 1337  585.00000  629.89913  7.68%  1071 3234s
 30664 22094  610.07199  138 1310  585.00000  629.87614  7.67%  1073 3249s
 30927 22204  623.62997   42 1435  585.00000  629.85744  7.67%  1074 3264s
 31163 22433  601.50208   72 1298  585.00000  629.79920  7.66%  1073 3281s
 31514 22514  621.61010   38 1423  585.00000  629.79003  7.66%  1069 3295s
 31732 22630  592.73711   88 1234  585.00000  629.77646  7.65%  1068 3309s
 31952 22816  621.23599   39 1417  585.00000  629.76425  7.65%  1068 3321s
 32220 22921  586.55703  194 1176  585.00000  629.73514  7.65%  1064 3334s
 32452 23123  622.98557   45 1413  585.00000  629.71682  7.64%  1063 3347s
 32757 23285  621.03231   38 1427  585.00000  629.70063  7.64%  1059 3359s
 33047 23376  592.39555  177 1230  585.00000  629.69567  7.64%  1056 3371s
 33261 23586  612.06093  104 1339  585.00000  629.67196  7.64%  1054 3383s
 33594 23660  626.65918   39 1445  585.00000  629.66591  7.64%  1050 3395s
 33787 23839  623.88727   40 1439  585.00000  629.66591  7.64%  1050 3406s
 34059 23866  603.73165  153 1278  585.00000  629.64953  7.63%  1047 3419s
 34203 23865  608.80605   40 1341  585.00000  629.63529  7.63%  1047 3430s
 34355 24098  621.07026   37 1421  585.00000  629.62837  7.63%  1048 3441s
 34668 24161  593.33135  173 1234  585.00000  629.60824  7.63%  1044 3453s
 34860 24314  622.25808   48 1417  585.00000  629.60824  7.63%  1043 3463s
 35095 24385  606.83130  138 1305  585.00000  629.59704  7.62%  1041 3589s
 35272 24499  624.18370   39 1422  585.00000  629.58328  7.62%  1040 3600s

Cutting planes:
  Gomory: 12
  Clique: 2
  MIR: 1
  Flow cover: 79
  Zero half: 936
  Mod-K: 3
  RLT: 402
  BQP: 109

Explored 35445 nodes (36927041 simplex iterations) in 3600.00 seconds (11469.92 work units)
Thread count was 2 (of 24 available processors)

Solution count 10: 585 584 583 ... 576

Time limit reached
Best objective 5.850000000000e+02, best bound 6.290000000000e+02, gap 7.5214%

User-callback calls 326021, time in user-callback 0.87 sec

Gurobi 11.0.3 (linux64) logging started Sat Mar  7 13:20:15 2026

Set parameter LogFile to value "./log/train/IS_1500_6/IS_11.lp.log"
Set parameter TimeLimit to value 3600
Gurobi Optimizer version 11.0.3 build v11.0.3rc0 (linux64 - "Ubuntu 22.04.5 LTS")

CPU model: AMD Ryzen 9 9900X 12-Core Processor, instruction set [SSE2|AVX|AVX2|AVX512]
Thread count: 12 physical cores, 24 logical processors, using up to 1 threads

Optimize a model with 9192 rows, 1500 columns and 18104 nonzeros
Model fingerprint: 0xa2c8a3e3
Variable types: 0 continuous, 1500 integer (1500 binary)
Coefficient statistics:
  Matrix range     [1e+00, 1e+00]
  Objective range  [1e+00, 1e+00]
  Bounds range     [1e+00, 1e+00]
  RHS range        [1e+00, 1e+00]
Found heuristic solution: objective 332.0000000
Presolve removed 1817 rows and 0 columns
Presolve time: 0.04s
Presolved: 7375 rows, 1500 columns, 16262 nonzeros
Variable types: 0 continuous, 1500 integer (1500 binary)

Root relaxation: objective 6.850000e+02, 4454 iterations, 0.29 seconds (0.27 work units)

    Nodes    |    Current Node    |     Objective Bounds      |     Work
 Expl Unexpl |  Obj  Depth IntInf | Incumbent    BestBd   Gap | It/Node Time

     0     0  685.00000    0 1340  332.00000  685.00000   106%     -    0s
H    0     0                     527.0000000  685.00000  30.0%     -    0s
     0     0  669.63631    0 1482  527.00000  669.63631  27.1%     -    1s
H    0     0                     543.0000000  669.63631  23.3%     -    1s
H    0     0                     547.0000000  669.63631  22.4%     -    1s
     0     0  669.33042    0 1482  547.00000  669.33042  22.4%     -    1s
     0     0  669.29951    0 1482  547.00000  669.29951  22.4%     -    1s
     0     0  669.29875    0 1482  547.00000  669.29875  22.4%     -    1s
     0     0  662.87154    0 1481  547.00000  662.87154  21.2%     -    2s
H    0     0                     558.0000000  662.87154  18.8%     -    2s
     0     0  662.36325    0 1480  558.00000  662.36325  18.7%     -    3s
     0     0  662.28445    0 1477  558.00000  662.28445  18.7%     -    3s
     0     0  662.21865    0 1480  558.00000  662.21865  18.7%     -    3s
     0     0  662.20503    0 1480  558.00000  662.20503  18.7%     -    3s
     0     0  662.20464    0 1480  558.00000  662.20464  18.7%     -    3s
     0     0  657.94313    0 1481  558.00000  657.94313  17.9%     -    4s
     0     0  657.36982    0 1486  558.00000  657.36982  17.8%     -    4s
     0     0  657.30737    0 1484  558.00000  657.30737  17.8%     -    4s
     0     0  657.29682    0 1484  558.00000  657.29682  17.8%     -    4s
     0     0  657.28587    0 1482  558.00000  657.28587  17.8%     -    4s
     0     0  657.27963    0 1484  558.00000  657.27963  17.8%     -    4s
     0     0  654.31397    0 1477  558.00000  654.31397  17.3%     -    5s
     0     0  654.05445    0 1479  558.00000  654.05445  17.2%     -    5s
     0     0  654.02543    0 1481  558.00000  654.02543  17.2%     -    5s
     0     0  654.00876    0 1481  558.00000  654.00876  17.2%     -    5s
     0     0  654.00539    0 1481  558.00000  654.00539  17.2%     -    5s
     0     0  651.43251    0 1481  558.00000  651.43251  16.7%     -    6s
     0     0  651.04035    0 1481  558.00000  651.04035  16.7%     -    6s
     0     0  650.97420    0 1481  558.00000  650.97420  16.7%     -    6s
     0     0  650.95734    0 1482  558.00000  650.95734  16.7%     -    6s
     0     0  650.95426    0 1482  558.00000  650.95426  16.7%     -    6s
     0     0  649.68319    0 1478  558.00000  649.68319  16.4%     -    7s
     0     0  649.50020    0 1485  558.00000  649.50020  16.4%     -    7s
     0     0  649.47011    0 1486  558.00000  649.47011  16.4%     -    7s
     0     0  649.46098    0 1486  558.00000  649.46098  16.4%     -    8s
     0     0  648.44040    0 1485  558.00000  648.44040  16.2%     -    8s
     0     0  648.34269    0 1486  558.00000  648.34269  16.2%     -    8s
     0     0  648.32096    0 1488  558.00000  648.32096  16.2%     -    8s
     0     0  648.31425    0 1489  558.00000  648.31425  16.2%     -    8s
     0     0  647.50860    0 1482  558.00000  647.50860  16.0%     -    9s
H    0     0                     561.0000000  647.50860  15.4%     -    9s
     0     0  647.40835    0 1488  561.00000  647.40835  15.4%     -    9s
     0     0  647.38925    0 1487  561.00000  647.38925  15.4%     -    9s
     0     0  647.38403    0 1486  561.00000  647.38403  15.4%     -    9s
     0     0  646.65970    0 1482  561.00000  646.65970  15.3%     -   10s
     0     0  646.55971    0 1486  561.00000  646.55971  15.3%     -   10s
     0     0  646.53319    0 1484  561.00000  646.53319  15.2%     -   10s
     0     0  646.53093    0 1484  561.00000  646.53093  15.2%     -   10s
     0     0  645.82089    0 1484  561.00000  645.82089  15.1%     -   11s
     0     0  645.73575    0 1488  561.00000  645.73575  15.1%     -   11s
     0     0  645.70433    0 1489  561.00000  645.70433  15.1%     -   11s
     0     0  645.68889    0 1488  561.00000  645.68889  15.1%     -   11s
     0     0  645.68368    0 1487  561.00000  645.68368  15.1%     -   11s
     0     0  645.34308    0 1488  561.00000  645.34308  15.0%     -   12s
     0     0  645.24930    0 1491  561.00000  645.24930  15.0%     -   12s
     0     0  645.22976    0 1489  561.00000  645.22976  15.0%     -   12s
     0     0  645.22556    0 1491  561.00000  645.22556  15.0%     -   12s
     0     0  644.85897    0 1489  561.00000  644.85897  14.9%     -   12s
H    0     0                     563.0000000  644.85897  14.5%     -   12s
     0     0  644.74788    0 1490  563.00000  644.74788  14.5%     -   12s
     0     0  644.73611    0 1489  563.00000  644.73611  14.5%     -   12s
     0     0  644.42083    0 1488  563.00000  644.42083  14.5%     -   13s
     0     0  644.37147    0 1489  563.00000  644.37147  14.5%     -   13s
     0     0  644.35999    0 1489  563.00000  644.35999  14.5%     -   13s
     0     0  644.05237    0 1486  563.00000  644.05237  14.4%     -   14s
     0     0  644.01132    0 1489  563.00000  644.01132  14.4%     -   14s
     0     0  644.00333    0 1489  563.00000  644.00333  14.4%     -   14s
     0     0  643.87706    0 1487  563.00000  643.87706  14.4%     -   14s
     0     0  643.82002    0 1487  563.00000  643.82002  14.4%     -   14s
     0     0  643.80738    0 1486  563.00000  643.80738  14.4%     -   14s
     0     0  643.52682    0 1487  563.00000  643.52682  14.3%     -   15s
     0     0  643.49976    0 1487  563.00000  643.49976  14.3%     -   15s
     0     0  643.48629    0 1488  563.00000  643.48629  14.3%     -   15s
     0     0  643.22173    0 1486  563.00000  643.22173  14.2%     -   15s
     0     0  643.14488    0 1489  563.00000  643.14488  14.2%     -   15s
     0     0  643.13701    0 1488  563.00000  643.13701  14.2%     -   15s
     0     0  642.84337    0 1486  563.00000  642.84337  14.2%     -   16s
     0     0  642.74649    0 1492  563.00000  642.74649  14.2%     -   16s
     0     0  642.73601    0 1491  563.00000  642.73601  14.2%     -   16s
     0     0  642.51792    0 1490  563.00000  642.51792  14.1%     -   17s
     0     0  642.42805    0 1492  563.00000  642.42805  14.1%     -   17s
     0     0  642.41758    0 1493  563.00000  642.41758  14.1%     -   17s
     0     0  642.21579    0 1489  563.00000  642.21579  14.1%     -   17s
     0     0  642.18165    0 1490  563.00000  642.18165  14.1%     -   17s
     0     0  642.17147    0 1491  563.00000  642.17147  14.1%     -   17s
     0     0  642.07132    0 1491  563.00000  642.07132  14.0%     -   18s
     0     0  642.07132    0 1490  563.00000  642.07132  14.0%     -   18s
H    0     0                     569.0000000  642.07132  12.8%     -   19s
H    0     0                     570.0000000  642.07132  12.6%     -   19s
H    0     0                     571.0000000  642.07132  12.4%     -   19s
     0     2  642.07102    0 1487  571.00000  642.07102  12.4%     -   19s
     1     3  641.83981    1 1481  571.00000  642.06836  12.4%  1391   20s
    10    12  628.63352    7 1415  571.00000  641.83921  12.4%  2875   25s
    40    42  580.89546   29 1186  571.00000  641.83921  12.4%  1780   30s
    73    59  628.87575    6 1419  571.00000  641.55002  12.4%  1400   35s
H   78    62                     572.0000000  641.55002  12.2%  1358   35s
    93    79  603.73543   21 1310  572.00000  641.55002  12.2%  1503   40s
H  104    81                     573.0000000  641.55002  12.0%  1438   40s
H  109    76                     574.0000000  641.55000  11.8%  1389   41s
   116    85  618.04446    9 1369  574.00000  641.55000  11.8%  1530   45s
   149   118  599.57175   33 1279  574.00000  641.55000  11.8%  1563   50s
H  156   121                     575.0000000  641.55000  11.6%  1525   50s
H  163   128                     576.0000000  641.55000  11.4%  1502   51s
   201   144  626.05389    8 1392  576.00000  641.22841  11.3%  1384   55s
   202   145  625.92109    9 1391  576.00000  641.22841  11.3%  1380   60s
H  209   147                     577.0000000  641.22841  11.1%  1398   62s
   246   177  634.23508    9 1438  577.00000  641.22714  11.1%  1371   65s
   264   195  604.88880   21 1291  577.00000  641.22714  11.1%  1433   70s
H  271   194                     579.0000000  641.22714  10.7%  1420   70s
   304   215  621.53584   10 1383  579.00000  641.21605  10.7%  1434   75s
   344   255  584.03669   39 1181  579.00000  641.21605  10.7%  1428   80s
   383   274  617.58814   16 1358  579.00000  641.10171  10.7%  1413   85s
   445   318  636.03368    8 1451  579.00000  640.91597  10.7%  1350   90s
   464   337  619.34244   22 1360  579.00000  640.91597  10.7%  1377   95s
   513   378  632.81428   11 1420  579.00000  640.91406  10.7%  1355  100s
   527   392  622.60966   19 1362  579.00000  640.91406  10.7%  1384  105s
H  568   413                     581.0000000  640.91406  10.3%  1377  109s
   569   416  583.26671   46 1157  581.00000  640.91406  10.3%  1380  110s
   593   423  628.87503    7 1490  581.00000  640.62453  10.3%  1360  125s
   596   425  601.98745   17 1483  581.00000  640.62453  10.3%  1353  134s
   597   426  592.29745   49 1484  581.00000  640.62453  10.3%  1351  136s
   602   429  624.94421   14 1489  581.00000  640.62453  10.3%  1339  143s
   603   430  603.91926   25 1485  581.00000  640.62453  10.3%  1337  149s
   605   431  596.62498   43 1490  581.00000  640.62453  10.3%  1333  156s
   606   432  632.81027   12 1488  581.00000  640.62453  10.3%  1331  163s
   607   432  608.49391   31 1490  581.00000  640.62453  10.3%  1328  170s
   608   433  600.90818   24 1488  581.00000  640.62453  10.3%  1326  177s
   609   434  598.53525   34 1491  581.00000  640.62453  10.3%  1324  185s
   610   434  592.77871   26 1489  581.00000  640.62453  10.3%  1322  191s
   611   435  614.43363   20 1490  581.00000  640.62453  10.3%  1320  198s
   612   436  583.30970   24 1489  581.00000  640.62453  10.3%  1318  204s
   613   436  593.79818   46 1489  581.00000  640.62453  10.3%  1315  211s
   614   437  606.25115   27 1489  581.00000  640.62453  10.3%  1313  222s
   618   442  640.57134   16 1477  581.00000  640.62453  10.3%  1400  225s
   632   451  638.03951   23 1464  581.00000  640.62453  10.3%  1416  230s
   644   459  633.95992   29 1436  581.00000  640.62453  10.3%  1437  235s
   656   467  635.72648   35 1461  581.00000  640.62453  10.3%  1451  240s
   674   479  632.45358   44 1430  581.00000  640.62453  10.3%  1456  245s
   684   486  617.24228   49 1370  581.00000  640.62453  10.3%  1483  250s
   693   492  631.83554   54 1427  581.00000  640.62453  10.3%  1506  255s
   710   503  624.38737   62 1386  581.00000  640.62453  10.3%  1524  260s
   721   510  627.02089   68 1391  581.00000  640.62453  10.3%  1543  265s
   738   522  618.42339   76 1369  581.00000  640.62453  10.3%  1550  270s
   754   532  623.72050   84 1392  581.00000  640.62453  10.3%  1564  275s
   772   544  620.94917   93 1381  581.00000  640.62453  10.3%  1572  280s
   789   556  618.44244  102 1367  581.00000  640.62453  10.3%  1585  285s
   811   570  614.93159  113 1361  581.00000  640.62453  10.3%  1586  290s
   828   582  610.53779  121 1337  581.00000  640.62453  10.3%  1599  295s
   849   596  606.94028  132 1320  581.00000  640.62453  10.3%  1603  300s
   872   611  601.03463  143 1300  581.00000  640.62453  10.3%  1608  305s
   893   625  603.38735  154 1310  581.00000  640.62453  10.3%  1615  310s
   920   643  596.62523  167 1263  581.00000  640.62453  10.3%  1619  315s
   947   661  597.39691  181 1267  581.00000  640.62453  10.3%  1624  320s
   984   686  588.10062  199 1204  581.00000  640.62453  10.3%  1622  325s
  1026   712  589.66953  220 1197  581.00000  640.62453  10.3%  1608  330s
  1108   760  583.20611  261 1069  581.00000  640.62453  10.3%  1538  335s
  1138   758  632.94218   19 1434  581.00000  640.62453  10.3%  1528  341s
  1144   762  635.32468   22 1439  581.00000  640.62453  10.3%  1541  346s
  1150   766  635.46613   25 1442  581.00000  640.62453  10.3%  1553  350s
  1156   770  635.05492   28 1432  581.00000  640.62453  10.3%  1565  355s
  1164   776  635.25998   32 1436  581.00000  640.62453  10.3%  1579  360s
  1172   781  629.26327   36 1413  581.00000  640.62453  10.3%  1596  365s
  1180   786  630.58025   40 1409  581.00000  640.62453  10.3%  1608  370s
  1188   792  629.31605   44 1401  581.00000  640.62453  10.3%  1621  375s
  1198   798  633.71249   49 1417  581.00000  640.62453  10.3%  1636  380s
  1208   805  627.77772   54 1403  581.00000  640.62453  10.3%  1649  385s
H 1209   776                     582.0000000  640.62453  10.1%  1648  385s
  1218   784  629.65133   59 1397  582.00000  640.62453  10.1%  1662  390s
  1228   790  627.06352   64 1388  582.00000  640.62453  10.1%  1673  395s
  1240   798  627.09338   70 1392  582.00000  640.62453  10.1%  1687  400s
  1250   805  625.25969   75 1387  582.00000  640.62453  10.1%  1698  405s
  1262   813  630.14351   81 1399  582.00000  640.62453  10.1%  1706  410s
  1276   822  627.36965   88 1381  582.00000  640.62453  10.1%  1715  415s
  1291   832  627.73259   96 1380  582.00000  640.62453  10.1%  1723  420s
  1307   843  625.88806  104 1362  582.00000  640.62453  10.1%  1730  425s
  1325   855  623.84418  113 1351  582.00000  640.62453  10.1%  1737  430s
  1350   872  619.04079  125 1327  582.00000  640.62453  10.1%  1739  435s
  1382   893  611.28270  141 1288  582.00000  640.62453  10.1%  1735  440s
  1414   914  612.09342  157 1287  582.00000  640.62453  10.1%  1733  445s
  1456   942  605.41801  178 1249  582.00000  640.62453  10.1%  1715  450s
  1514   981  591.98798  207 1156  582.00000  640.62453  10.1%  1687  455s
  1630  1032  639.23217   17 1466  582.00000  640.56978  10.1%  1600  460s
  1637  1037  630.39782   20 1428  582.00000  640.56978  10.1%  1612  466s
  1643  1041  632.82796   23 1426  582.00000  640.56978  10.1%  1620  470s
  1649  1045  630.28201   26 1411  582.00000  640.56978  10.1%  1630  475s
  1657  1050  632.45686   30 1425  582.00000  640.56978  10.1%  1640  480s
  1665  1056  632.61322   34 1422  582.00000  640.56978  10.1%  1651  485s
  1673  1061  623.83330   38 1379  582.00000  640.56978  10.1%  1662  491s
  1679  1065  630.12561   41 1408  582.00000  640.56978  10.1%  1669  495s
  1688  1071  634.63013   46 1429  582.00000  640.56978  10.1%  1676  500s
  1697  1077  627.56845   50 1398  582.00000  640.56978  10.1%  1686  505s
  1707  1084  628.81636   55 1397  582.00000  640.56978  10.1%  1695  510s
  1717  1090  628.75286   60 1390  582.00000  640.56978  10.1%  1704  515s
  1727  1097  627.56936   65 1391  582.00000  640.56978  10.1%  1712  520s
  1739  1105  627.72225   71 1380  582.00000  640.56978  10.1%  1720  525s
  1752  1114  629.17480   78 1394  582.00000  640.56978  10.1%  1726  530s
  1767  1124  624.14303   85 1366  582.00000  640.56978  10.1%  1734  535s
  1783  1134  618.54943   93 1333  582.00000  640.56978  10.1%  1739  540s
  1803  1148  621.54814  103 1335  582.00000  640.56978  10.1%  1744  545s
  1821  1160  614.13326  112 1298  582.00000  640.56978  10.1%  1749  550s
  1850  1179  618.49468  127 1326  582.00000  640.56978  10.1%  1749  555s
H 1885  1188                     583.0000000  640.56978  9.87%  1744  559s
  1886  1191  614.04504  145 1307  583.00000  640.56978  9.87%  1744  560s
  1927  1232  605.91909  165 1249  583.00000  640.56978  9.87%  1734  565s
  1971  1276  601.76362  187 1240  583.00000  640.56978  9.87%  1717  570s
  2054  1359  588.87728  229 1172  583.00000  640.56978  9.87%  1675  575s
  2115  1381  631.31951   19 1428  583.00000  640.56877  9.87%  1645  581s
  2121  1387  633.10386   22 1433  583.00000  640.56877  9.87%  1651  585s
  2127  1393  630.07264   25 1415  583.00000  640.56877  9.87%  1660  591s
  2133  1399  629.06861   28 1403  583.00000  640.56877  9.87%  1667  595s
  2139  1405  630.31134   31 1423  583.00000  640.56877  9.87%  1674  600s
  2147  1413  629.93522   35 1416  583.00000  640.56877  9.87%  1682  606s
  2153  1419  628.93957   38 1417  583.00000  640.56877  9.87%  1689  610s
  2159  1425  630.49045   41 1412  583.00000  640.56877  9.87%  1696  615s
  2167  1433  629.64774   45 1407  583.00000  640.56877  9.87%  1703  620s
  2175  1441  624.97804   49 1379  583.00000  640.56877  9.87%  1711  627s
  2181  1447  630.31648   52 1403  583.00000  640.56877  9.87%  1716  630s
  2186  1452  632.95253   55 1427  583.00000  640.56877  9.87%  1718  635s
  2195  1461  625.61895   59 1388  583.00000  640.56877  9.87%  1726  640s
  2205  1471  627.12757   64 1380  583.00000  640.56877  9.87%  1732  645s
  2209  1475  625.45303   66 1379  583.00000  640.56877  9.87%  1734  650s
  2219  1485  625.33112   71 1378  583.00000  640.56877  9.87%  1741  655s
  2227  1493  627.00583   75 1381  583.00000  640.56877  9.87%  1745  660s
  2236  1502  628.88972   80 1398  583.00000  640.56877  9.87%  1748  666s
  2245  1511  622.17223   84 1331  583.00000  640.56877  9.87%  1753  670s
H 2253  1503                     584.0000000  640.56877  9.69%  1754  674s
  2256  1508  626.86603   90 1370  584.00000  640.56877  9.69%  1756  675s
  2263  1515  618.40419   93 1328  584.00000  640.56877  9.69%  1760  683s
  2268  1520  625.74775   96 1368  584.00000  640.56877  9.69%  1761  685s
H 2279  1503                     585.0000000  640.56877  9.50%  1763  688s
  2284  1510  625.03868  104 1359  585.00000  640.56877  9.50%  1765  690s
  2295  1521  622.67653  109 1343  585.00000  640.56877  9.50%  1768  695s
  2313  1539  618.63658  118 1327  585.00000  640.56877  9.50%  1769  700s
  2330  1556  619.55657  127 1336  585.00000  640.56877  9.50%  1770  705s
  2343  1569  616.51528  133 1319  585.00000  640.56877  9.50%  1771  710s
  2357  1583  614.15395  140 1305  585.00000  640.56877  9.50%  1770  716s
  2371  1597  612.67723  147 1316  585.00000  640.56877  9.50%  1768  725s
  2383  1609  610.10752  153 1285  585.00000  640.56877  9.50%  1767  735s
  2405  1631  608.34182  164 1267  585.00000  640.56877  9.50%  1763  740s
  2435  1661  605.16851  179 1254  585.00000  640.56877  9.50%  1757  745s
  2466  1692  600.54050  195 1240  585.00000  640.56877  9.50%  1745  750s
  2533  1757  588.64748  228 1191  585.00000  640.56877  9.50%  1716  755s
  2564  1764  640.09754   17 1478  585.00000  640.30781  9.45%  1700  764s
  2566  1766  630.68943   18 1427  585.00000  640.30781  9.45%  1702  766s
  2570  1770  634.25751   20 1440  585.00000  640.30781  9.45%  1707  770s
  2576  1776  634.78455   23 1445  585.00000  640.30781  9.45%  1714  775s
  2582  1782  634.66983   26 1444  585.00000  640.30781  9.45%  1720  780s
  2588  1788  632.20597   29 1430  585.00000  640.30781  9.45%  1725  785s
  2594  1794  631.18389   32 1420  585.00000  640.30781  9.45%  1732  790s
  2602  1802  630.78563   36 1418  585.00000  640.30781  9.45%  1738  796s
  2608  1808  624.81651   39 1387  585.00000  640.30781  9.45%  1744  800s
  2612  1812  633.86469   41 1423  585.00000  640.30781  9.45%  1748  817s
  2616  1816  629.01673   43 1419  585.00000  640.30781  9.45%  1752  820s
  2626  1826  630.98062   48 1414  585.00000  640.30781  9.45%  1758  825s
  2636  1836  630.10174   53 1406  585.00000  640.30781  9.45%  1765  830s
  2644  1844  629.69345   57 1405  585.00000  640.30781  9.45%  1769  835s
  2654  1854  629.37634   62 1398  585.00000  640.30781  9.45%  1775  840s
  2664  1864  629.06219   67 1398  585.00000  640.30781  9.45%  1781  845s
  2674  1874  627.42372   72 1390  585.00000  640.30781  9.45%  1786  850s
  2687  1887  630.59114   79 1406  585.00000  640.30781  9.45%  1791  855s
  2698  1898  617.90377   84 1337  585.00000  640.30781  9.45%  1798  860s
  2708  1908  621.42571   89 1356  585.00000  640.30781  9.45%  1801  872s
  2716  1916  622.30604   93 1352  585.00000  640.30781  9.45%  1803  875s
  2730  1930  623.48459  100 1352  585.00000  640.30781  9.45%  1806  880s
  2748  1948  622.18620  109 1353  585.00000  640.30781  9.45%  1810  885s
  2770  1970  616.97262  120 1308  585.00000  640.30781  9.45%  1812  890s
  2794  1994  613.83175  132 1324  585.00000  640.30781  9.45%  1812  895s
  2825  2025  614.89762  148 1306  585.00000  640.30781  9.45%  1809  900s
  2868  2068  609.01497  169 1284  585.00000  640.30781  9.45%  1802  905s
  2942  2142  596.34800  206 1216  585.00000  640.30781  9.45%  1781  910s
  3029  2201  631.04201   20 1425  585.00000  640.30765  9.45%  1748  915s
  3035  2207  630.62883   23 1410  585.00000  640.30765  9.45%  1753  920s
  3043  2215  628.18873   27 1410  585.00000  640.30765  9.45%  1760  926s
  3050  2222  636.52285   31 1447  585.00000  640.30765  9.45%  1763  930s
  3058  2230  635.92078   35 1440  585.00000  640.30765  9.45%  1769  935s
  3067  2239  631.37702   39 1413  585.00000  640.30765  9.45%  1775  940s
  3077  2249  630.24796   44 1402  585.00000  640.30765  9.45%  1781  945s
  3088  2260  634.11658   50 1424  585.00000  640.30765  9.45%  1786  950s
  3097  2269  629.95489   54 1392  585.00000  640.30765  9.45%  1792  955s
  3111  2283  627.30394   61 1385  585.00000  640.30765  9.45%  1798  960s
  3125  2297  621.55789   68 1358  585.00000  640.30765  9.45%  1805  965s
  3137  2309  626.99853   74 1377  585.00000  640.30765  9.45%  1809  970s
  3151  2323  619.57563   81 1340  585.00000  640.30765  9.45%  1814  975s
  3169  2341  615.40018   90 1326  585.00000  640.30765  9.45%  1819  980s
  3186  2358  625.16304   99 1352  585.00000  640.30765  9.45%  1820  991s
  3201  2373  622.23321  106 1325  585.00000  640.30765  9.45%  1822  995s
  3227  2399  614.55504  119 1309  585.00000  640.30765  9.45%  1825 1000s
  3259  2431  614.64014  135 1307  585.00000  640.30765  9.45%  1824 1005s
  3299  2471  606.17995  155 1264  585.00000  640.30765  9.45%  1819 1010s
  3367  2539  601.23182  189 1206  585.00000  640.30765  9.45%  1803 1015s
  3476  2630  633.92814   20 1438  585.00000  640.05125  9.41%  1764 1020s
  3482  2636  630.59444   23 1429  585.00000  640.05125  9.41%  1770 1025s
  3488  2642  631.46908   26 1417  585.00000  640.05125  9.41%  1774 1030s
  3496  2650  631.01123   30 1427  585.00000  640.05125  9.41%  1780 1035s
  3502  2656  630.52422   33 1424  585.00000  640.05125  9.41%  1785 1040s
  3510  2664  627.83281   37 1406  585.00000  640.05125  9.41%  1790 1046s
  3516  2670  630.41196   40 1411  585.00000  640.05125  9.41%  1794 1050s
  3525  2679  636.07263   45 1449  585.00000  640.05125  9.41%  1798 1055s
  3534  2688  631.04914   49 1412  585.00000  640.05125  9.41%  1803 1060s
  3544  2698  627.22736   54 1402  585.00000  640.05125  9.41%  1808 1065s
  3554  2708  628.01550   59 1395  585.00000  640.05125  9.41%  1812 1070s
  3564  2718  627.93585   64 1383  585.00000  640.05125  9.41%  1817 1075s
  3574  2728  625.78621   69 1370  585.00000  640.05125  9.41%  1821 1080s
  3584  2738  626.95466   74 1391  585.00000  640.05125  9.41%  1825 1085s
  3596  2750  625.50941   80 1367  585.00000  640.05125  9.41%  1829 1090s
  3604  2758  625.19850   84 1380  585.00000  640.05125  9.41%  1831 1095s
  3614  2768  617.09945   89 1328  585.00000  640.05125  9.41%  1835 1100s
  3630  2784  623.37184   97 1360  585.00000  640.05125  9.41%  1838 1105s
  3650  2804  615.90454  107 1319  585.00000  640.05125  9.41%  1841 1110s
  3674  2828  615.85788  119 1313  585.00000  640.05125  9.41%  1843 1115s
  3706  2860  616.77805  135 1318  585.00000  640.05125  9.41%  1844 1120s
  3724  2878  613.00024  144 1291  585.00000  640.05125  9.41%  1844 1125s
  3762  2916  609.42917  163 1284  585.00000  640.05125  9.41%  1840 1130s
  3833  2987  601.34053  199 1233  585.00000  640.05125  9.41%  1825 1135s
  3932  3065  629.20251   22 1420  585.00000  640.05009  9.41%  1794 1140s
  3938  3071  630.22732   25 1418  585.00000  640.05009  9.41%  1798 1145s
  3944  3077  632.31137   28 1436  585.00000  640.05009  9.41%  1801 1150s
  3952  3085  627.77958   32 1416  585.00000  640.05009  9.41%  1805 1155s
  3959  3092  635.81770   36 1447  585.00000  640.05009  9.41%  1809 1160s
  3968  3101  623.25465   40 1397  585.00000  640.05009  9.41%  1814 1166s
  3974  3107  628.73725   43 1408  585.00000  640.05009  9.41%  1817 1170s
  3984  3117  624.96926   48 1392  585.00000  640.05009  9.41%  1821 1175s
  3992  3125  630.39302   52 1415  585.00000  640.05009  9.41%  1824 1180s
  4001  3134  632.38767   57 1426  585.00000  640.05009  9.41%  1827 1185s
  4008  3141  626.91403   60 1397  585.00000  640.05009  9.41%  1830 1196s
  4018  3151  626.78159   65 1385  585.00000  640.05009  9.41%  1833 1200s
  4026  3159  626.09471   69 1380  585.00000  640.05009  9.41%  1836 1205s
  4036  3169  626.58108   74 1390  585.00000  640.05009  9.41%  1839 1213s
  4042  3175  623.20327   77 1370  585.00000  640.05009  9.41%  1840 1215s
  4056  3189  618.65886   84 1345  585.00000  640.05009  9.41%  1844 1220s
  4074  3207  620.76868   93 1342  585.00000  640.05009  9.41%  1847 1225s
  4092  3225  623.19804  102 1358  585.00000  640.05009  9.41%  1849 1230s
  4112  3245  619.59626  112 1342  585.00000  640.05009  9.41%  1851 1235s
  4134  3267  618.26392  123 1325  585.00000  640.05009  9.41%  1853 1240s
  4164  3297  614.47700  138 1298  585.00000  640.05009  9.41%  1851 1245s
  4206  3339  602.28129  159 1249  585.00000  640.05009  9.41%  1848 1250s
  4288  3421  597.65035  200 1177  585.00000  640.05009  9.41%  1831 1255s
  4367  3486  586.24324  236 1061  585.00000  640.05009  9.41%  1806 1260s
  4394  3505  636.46014   42 1458  585.00000  639.99924  9.40%  1801 1265s
  4439  3550  629.15675   87 1399  585.00000  639.99924  9.40%  1791 1270s
  4476  3587  623.34786  117 1364  585.00000  639.99924  9.40%  1786 1275s
  4495  3606  620.62957  132 1342  585.00000  639.99924  9.40%  1784 1280s
  4525  3636  614.90447  148 1330  585.00000  639.99924  9.40%  1782 1285s
  4571  3682  608.33469  168 1288  585.00000  639.99924  9.40%  1778 1290s
  4656  3767  596.09375  198 1201  585.00000  639.99924  9.40%  1761 1295s
  4764  3875  592.54596  223 1190  585.00000  639.99924  9.40%  1736 1300s
  4930  4041  587.75513  236 1174  585.00000  639.99924  9.40%  1694 1305s
  4988  4073  637.45371   29 1462  585.00000  639.99877  9.40%  1681 1310s
  5010  4095  634.19719   51 1445  585.00000  639.99877  9.40%  1678 1323s
  5011  4096  634.07708   52 1443  585.00000  639.99877  9.40%  1678 1325s
  5055  4140  625.31092   92 1368  585.00000  639.99877  9.40%  1671 1332s
  5070  4155  622.24755  104 1359  585.00000  639.99877  9.40%  1670 1335s
  5103  4188  617.23760  130 1324  585.00000  639.99877  9.40%  1667 1340s
  5139  4224  612.93110  151 1309  585.00000  639.99877  9.40%  1665 1345s
  5178  4263  606.66477  172 1254  585.00000  639.99877  9.40%  1660 1350s
  5269  4354  598.98306  197 1189  585.00000  639.99877  9.40%  1645 1355s
  5395  4480  592.68584  212 1174  585.00000  639.99877  9.40%  1620 1360s
  5507  4564  639.10812   18 1470  585.00000  639.55990  9.33%  1597 1365s
  5532  4589  635.42916   43 1436  585.00000  639.55990  9.33%  1595 1370s
  5571  4628  628.69818   81 1390  585.00000  639.55990  9.33%  1590 1375s
  5609  4666  621.89398  111 1319  585.00000  639.55990  9.33%  1587 1380s
  5636  4693  617.10373  126 1326  585.00000  639.55990  9.33%  1586 1394s
  5637  4694  618.11756  129 1328  585.00000  639.55990  9.33%  1586 1403s
  5654  4711  615.33446  141 1312  585.00000  639.55990  9.33%  1585 1405s
  5705  4762  607.01856  166 1273  585.00000  639.55990  9.33%  1580 1410s
  5786  4843  598.90058  196 1202  585.00000  639.55990  9.33%  1569 1415s
  5943  5000  588.03095  227 1109  585.00000  639.55990  9.33%  1540 1420s
  6012  5042  637.59246   32 1453  585.00000  639.55990  9.33%  1526 1435s
  6048  5078  632.04970   67 1413  585.00000  639.55990  9.33%  1523 1440s
  6082  5112  625.94874   97 1379  585.00000  639.55990  9.33%  1521 1445s
  6126  5156  616.44746  131 1313  585.00000  639.55990  9.33%  1517 1450s
  6174  5204  608.99862  162 1263  585.00000  639.55990  9.33%  1514 1455s
  6250  5280  600.64115  193 1222  585.00000  639.55990  9.33%  1506 1460s
  6378  5408  592.91123  214 1186  585.00000  639.55990  9.33%  1488 1465s
  6542  5540  638.63155   24 1462  585.00000  639.49502  9.32%  1462 1470s
  6577  5575  632.83471   59 1422  585.00000  639.49502  9.32%  1459 1475s
  6618  5616  625.48810   98 1377  585.00000  639.49502  9.32%  1456 1480s
  6663  5661  616.78514  130 1324  585.00000  639.49502  9.32%  1453 1485s
  6714  5712  609.68946  162 1278  585.00000  639.49502  9.32%  1451 1490s
  6794  5792  601.81871  187 1224  585.00000  639.49502  9.32%  1444 1495s
  6910  5908  593.58077  211 1147  585.00000  639.49502  9.32%  1430 1500s
  7047  6021  629.40663   22 1436  585.00000  639.29863  9.28%  1410 1505s
  7093  6067  622.03706   68 1376  585.00000  639.29863  9.28%  1406 1510s
  7142  6116  612.40109  110 1314  585.00000  639.29863  9.28%  1403 1515s
  7172  6146  607.78746  132 1285  585.00000  639.29863  9.28%  1401 1520s
  7262  6236  594.43916  175 1204  585.00000  639.29863  9.28%  1394 1525s
  7361  6321  633.49711   26 1451  585.00000  639.29768  9.28%  1382 1530s
  7392  6352  627.86642   57 1413  585.00000  639.29768  9.28%  1380 1535s
  7427  6387  620.35196   86 1365  585.00000  639.29768  9.28%  1379 1540s
  7486  6446  610.52300  138 1307  585.00000  639.29768  9.28%  1374 1545s
  7546  6506  601.95028  168 1245  585.00000  639.29768  9.28%  1371 1550s
  7619  6579  594.83821  187 1195  585.00000  639.29768  9.28%  1365 1555s
  7768  6706  628.89352   21 1417  585.00000  639.27983  9.28%  1348 1561s
  7810  6748  621.31790   63 1366  585.00000  639.27983  9.28%  1345 1565s
  7864  6802  611.26777  107 1308  585.00000  639.27983  9.28%  1343 1570s
  7914  6852  602.51883  140 1263  585.00000  639.27983  9.28%  1341 1575s
  8029  6967  587.69080  189 1163  585.00000  639.27983  9.28%  1331 1580s
  8079  7001  622.41351   36 1380  585.00000  639.27747  9.28%  1327 1585s
  8095  7017  604.63381   52 1308  585.00000  639.27747  9.28%  1327 1590s
  8126  7036  629.31794   27 1423  585.00000  639.13232  9.25%  1326 1595s
  8171  7081  621.35967   72 1370  585.00000  639.13232  9.25%  1323 1600s
  8263  7173  598.33840  164 1240  585.00000  639.13232  9.25%  1315 1605s
  8319  7210  624.25203   24 1395  585.00000  639.12623  9.25%  1312 1610s
  8328  7219  629.54605   29 1421  585.00000  639.12623  9.25%  1314 1615s
  8337  7228  625.20983   33 1399  585.00000  639.12623  9.25%  1316 1620s
  8347  7238  622.72379   38 1384  585.00000  639.12623  9.25%  1319 1625s
  8357  7248  619.07778   43 1369  585.00000  639.12623  9.25%  1321 1630s
  8362  7253  625.68077   46 1401  585.00000  639.12623  9.25%  1322 1641s
  8371  7262  621.11906   50 1374  585.00000  639.12623  9.25%  1324 1645s
  8384  7275  624.02919   57 1386  585.00000  639.12623  9.25%  1326 1650s
  8393  7284  615.31002   61 1339  585.00000  639.12623  9.25%  1328 1655s
  8407  7298  616.66673   68 1338  585.00000  639.12623  9.25%  1330 1660s
  8423  7314  618.23290   76 1341  585.00000  639.12623  9.25%  1332 1665s
  8441  7332  612.95281   85 1322  585.00000  639.12623  9.25%  1335 1670s
  8467  7358  614.86604   98 1313  585.00000  639.12623  9.25%  1336 1675s
  8489  7380  611.04684  109 1305  585.00000  639.12623  9.25%  1337 1680s
  8531  7422  606.68892  130 1287  585.00000  639.12623  9.25%  1338 1685s
  8591  7482  599.22007  160 1247  585.00000  639.12623  9.25%  1337 1690s
  8695  7560  637.56468   24 1457  585.00000  639.12501  9.25%  1328 1695s
  8720  7585  633.44542   49 1432  585.00000  639.12501  9.25%  1327 1700s
  8765  7630  625.03631   94 1373  585.00000  639.12501  9.25%  1325 1705s
  8867  7732  597.84984  196 1236  585.00000  639.12501  9.25%  1316 1710s
  8941  7794  635.09415   48 1440  585.00000  639.10749  9.25%  1309 1716s
  8972  7825  629.10146   79 1403  585.00000  639.10749  9.25%  1308 1720s
  9006  7859  618.71235  113 1319  585.00000  639.10749  9.25%  1306 1725s
  9104  7931  628.96489   20 1426  585.00000  639.10736  9.25%  1298 1733s
  9119  7946  625.96152   35 1401  585.00000  639.10736  9.25%  1297 1735s
  9177  8004  613.84468   88 1316  585.00000  639.10736  9.25%  1294 1740s
  9238  8065  604.02702  139 1268  585.00000  639.10736  9.25%  1291 1745s
  9393  8176  632.71721   19 1432  585.00000  639.04995  9.24%  1278 1754s
  9396  8179  632.23397   22 1429  585.00000  639.04995  9.24%  1278 1755s
  9441  8224  614.69389   67 1326  585.00000  639.04995  9.24%  1276 1760s
  9504  8277  627.96166   26 1409  585.00000  639.03946  9.24%  1273 1765s
  9568  8341  615.73140   90 1321  585.00000  639.03946  9.24%  1269 1770s
  9697  8442  631.05361   24 1441  585.00000  638.94654  9.22%  1259 1775s
  9726  8471  611.76466   53 1325  585.00000  638.94654  9.22%  1259 1780s
  9767  8504  623.59714   25 1398  585.00000  638.94229  9.22%  1258 1785s
  9778  8515  610.27350   28 1346  585.00000  638.94229  9.22%  1259 1790s
  9801  8534  592.43263   39 1236  585.00000  638.94229  9.22%  1261 1795s
  9848  8549  624.39870   32 1390  585.00000  638.87555  9.21%  1259 1800s
  9934  8617  628.64085   20 1420  585.00000  638.82663  9.20%  1254 1806s
  9973  8656  621.72305   59 1360  585.00000  638.82663  9.20%  1253 1810s
 10024  8707  603.41438  110 1187  585.00000  638.82663  9.20%  1249 1815s
 10078  8745  623.51380   22 1400  585.00000  638.79774  9.20%  1247 1820s
 10112  8779  602.37887   56 1277  585.00000  638.79774  9.20%  1246 1825s
 10160  8817  634.30350   40 1426  585.00000  638.77576  9.19%  1244 1830s
 10203  8859  620.31553  126 1490  585.00000  638.77576  9.19%  1242 2529s
 10205  8860  599.43575  204 1340  585.00000  638.77576  9.19%  1241 2530s
 10206  8861  609.89882  154 1483  585.00000  638.77576  9.19%  1241 2539s
 10207  8862  599.58884  195 1490  585.00000  636.98317  8.89%  1241 2543s
 10214  8866  635.34239   41 1489  585.00000  635.34239  8.61%  1240 2559s
 10215  8867  591.61880  216 1489  585.00000  635.28658  8.60%  1240 2572s
 10218  8869  607.99674  128 1492  585.00000  635.25058  8.59%  1240 2589s
 10219  8870  624.65515   31 1489  585.00000  634.93193  8.54%  1240 2602s
 10222  8872  627.72595   73 1492  585.00000  634.84274  8.52%  1239 2617s
 10223  8872  620.23619  101 1486  585.00000  634.48149  8.46%  1239 2630s
 10228  8876  586.17241  232 1489  585.00000  634.30200  8.43%  1239 2646s
 10229  8876  632.36839   46 1487  585.00000  634.09768  8.39%  1239 2662s
 10232  8878  609.60847   76 1489  585.00000  634.00056  8.38%  1238 2678s
 10233  8879  586.87294  233 1490  585.00000  633.89954  8.36%  1238 2694s
 10236  8881  586.50238  239 1488  585.00000  633.85589  8.35%  1238 2712s
 10237  8882  592.55847  223 1489  585.00000  633.78048  8.34%  1238 2729s
 10239  8883  629.11574   70 1490  585.00000  633.75203  8.33%  1237 2746s
 10240  8884  610.99507  161 1487  585.00000  633.70947  8.33%  1237 2763s
 10242  8885  588.62787  226 1488  585.00000  633.69332  8.32%  1237 2782s
 10243  8886  602.60166  182 1485  585.00000  633.67092  8.32%  1237 2799s
 10244  8886  620.68005   73 1486  585.00000  633.66536  8.32%  1237 2817s
 10245  8887  588.86000  211 1488  585.00000  633.65712  8.32%  1237 2835s
 10246  8888  589.92220  188 1489  585.00000  633.65578  8.32%  1236 2851s
 10247  8888  622.50417   58 1489  585.00000  633.64729  8.32%  1236 2870s
 10248  8889  627.36289   58 1487  585.00000  633.64057  8.31%  1236 2887s
 10249  8890  601.62859  147 1488  585.00000  633.58974  8.31%  1236 2902s
 10251  8891  603.95258   64 1489  585.00000  633.57088  8.30%  1236 2917s
 10252  8892  595.08977  206 1487  585.00000  633.53474  8.30%  1236 2932s
 10254  8893  624.68281   75 1489  585.00000  633.52118  8.29%  1235 2947s
 10255  8894  619.54187   39 1487  585.00000  633.48721  8.29%  1235 2964s
 10256  8894  612.03631  146 1489  585.00000  633.48091  8.29%  1235 2980s
 10257  8895  609.37708  161 1490  585.00000  633.42981  8.28%  1235 2996s
 10259  8896  609.55678  159 1490  585.00000  633.40692  8.27%  1235 3013s
 10260  8897  612.21625  146 1487  585.00000  633.37478  8.27%  1235 3031s
 10261  8898  616.18281  117 1489  585.00000  633.36993  8.27%  1235 3047s
 10262  8898  587.15116  190 1490  585.00000  633.36790  8.27%  1235 3064s
 10263  8899  627.82173   27 1490  585.00000  633.36691  8.27%  1234 3081s
 10264  8900  590.24797  219 1489  585.00000  633.36671  8.27%  1234 3098s
 10265  8900  599.59088  198 1490  585.00000  633.36658  8.27%  1234 3114s
 10266  8901  609.08579  170 1491  585.00000  633.36636  8.27%  1234 3131s
 10267  8902  601.58718  113 1491  585.00000  633.36632  8.27%  1234 3147s
 10268  8902  589.74336  221 1490  585.00000  633.36629  8.27%  1234 3163s
 10269  8903  594.42268  178 1490  585.00000  633.36628  8.27%  1234 3181s
 10270  8904  620.19783   67 1490  585.00000  633.35307  8.27%  1234 3216s
 10271  8904  620.16074  121 1490  585.00000  633.35307  8.27%  1233 3234s
 10272  8905  605.47708  177 1490  585.00000  633.35307  8.27%  1233 3246s
 10278  8911  632.56779   31 1488  585.00000  632.58572  8.13%  1241 3250s
 10287  8917  629.68421   36 1457  585.00000  632.56661  8.13%  1243 3255s
 10296  8923  629.35066   40 1465  585.00000  632.56661  8.13%  1244 3260s
 10304  8928  626.71267   44 1451  585.00000  632.56661  8.13%  1245 3265s
 10314  8935  626.43684   49 1447  585.00000  632.56661  8.13%  1247 3270s
 10322  8940  625.05374   53 1447  585.00000  632.56661  8.13%  1248 3275s
 10335  8949  623.93958   60 1437  585.00000  632.56661  8.13%  1249 3280s
 10347  8957  622.34363   66 1437  585.00000  632.56661  8.13%  1250 3285s
 10358  8964  619.77966   71 1417  585.00000  632.56661  8.13%  1252 3290s
 10372  8974  617.14049   78 1411  585.00000  632.56661  8.13%  1253 3295s
 10386  8983  614.97583   85 1408  585.00000  632.56661  8.13%  1254 3300s
 10399  8992  613.91617   92 1408  585.00000  632.56661  8.13%  1255 3305s
 10410  8999  610.57921   97 1387  585.00000  632.56661  8.13%  1257 3310s
 10422  9007  608.05108  103 1371  585.00000  632.56661  8.13%  1258 3315s
 10437  9017  608.13419  111 1384  585.00000  632.56661  8.13%  1259 3320s
 10454  9028  602.06848  119 1345  585.00000  632.56661  8.13%  1261 3325s
 10468  9038  599.95791  126 1333  585.00000  632.56661  8.13%  1262 3330s
 10484  9048  599.86199  134 1353  585.00000  632.56661  8.13%  1263 3335s
 10498  9058  596.95428  141 1334  585.00000  632.56661  8.13%  1265 3340s
 10512  9067  595.58443  148 1328  585.00000  632.56661  8.13%  1267 3345s
 10528  9078  591.10842  156 1316  585.00000  632.56661  8.13%  1269 3350s
 10546  9088  590.98269  165 1308  585.00000  632.56661  8.13%  1271 3355s
 10566  9091     cutoff  175       585.00000  632.56661  8.13%  1273 3360s
 10594  9088  586.38664  189 1261  585.00000  632.56661  8.13%  1273 3365s
 10652  9069  632.38457   32 1485  585.00000  632.56571  8.13%  1270 3370s
 10657  9073  631.88181   35 1482  585.00000  632.56571  8.13%  1271 3375s
 10662  9076  623.26225   37 1432  585.00000  632.56571  8.13%  1273 3381s
 10668  9080  624.02551   40 1441  585.00000  632.56571  8.13%  1275 3386s
 10673  9083  630.61982   43 1472  585.00000  632.56571  8.13%  1276 3390s
 10678  9087  623.79424   45 1432  585.00000  632.56571  8.13%  1278 3395s
 10684  9091  625.82346   48 1437  585.00000  632.56571  8.13%  1280 3400s
 10690  9095  621.69934   51 1421  585.00000  632.56571  8.13%  1281 3405s
 10698  9100  619.80646   55 1414  585.00000  632.56571  8.13%  1283 3411s
 10704  9104  622.54630   58 1429  585.00000  632.56571  8.13%  1285 3415s
 10712  9109  623.61050   62 1427  585.00000  632.56571  8.13%  1287 3420s
 10718  9113  621.99794   65 1418  585.00000  632.56571  8.13%  1288 3425s
 10726  9119  619.75784   69 1410  585.00000  632.56571  8.13%  1290 3430s
 10733  9123  626.13191   73 1437  585.00000  632.56571  8.13%  1291 3435s
 10742  9129  620.41639   77 1400  585.00000  632.56571  8.13%  1294 3440s
 10750  9135  620.81960   81 1394  585.00000  632.56571  8.13%  1295 3445s
 10760  9141  622.78436   86 1410  585.00000  632.56571  8.13%  1297 3450s
 10770  9148  618.85803   91 1395  585.00000  632.56571  8.13%  1299 3455s
 10778  9153  619.62315   95 1384  585.00000  632.56571  8.13%  1300 3460s
 10788  9160  615.19721  100 1358  585.00000  632.56571  8.13%  1302 3465s
 10799  9167  621.77089  106 1395  585.00000  632.56571  8.13%  1303 3470s
 10811  9175  620.19390  112 1397  585.00000  632.56571  8.13%  1304 3475s
 10823  9183  618.65495  118 1389  585.00000  632.56571  8.13%  1306 3480s
 10836  9192  615.14783  124 1361  585.00000  632.56571  8.13%  1307 3485s
 10852  9203  613.22246  132 1350  585.00000  632.56571  8.13%  1308 3490s
 10872  9216  610.15284  142 1334  585.00000  632.56571  8.13%  1309 3495s
 10895  9231  607.72299  154 1324  585.00000  632.56571  8.13%  1310 3500s
 10920  9248  603.37086  166 1294  585.00000  632.56571  8.13%  1310 3505s
 10951  9269  599.56883  182 1295  585.00000  632.56571  8.13%  1310 3510s
 10994  9297  587.93460  203 1248  585.00000  632.56571  8.13%  1308 3515s
 11049  9300  623.81127   33 1430  585.00000  632.41398  8.10%  1305 3521s
 11055  9304  626.55967   36 1442  585.00000  632.41398  8.10%  1307 3526s
 11059  9307  623.20408   38 1429  585.00000  632.41398  8.10%  1308 3530s
 11065  9311  626.87479   41 1449  585.00000  632.41398  8.10%  1310 3536s
 11071  9315  624.86289   44 1441  585.00000  632.41398  8.10%  1311 3541s
 11077  9319  624.41444   47 1425  585.00000  632.41398  8.10%  1313 3546s
 11081  9321  622.05827   49 1418  585.00000  632.41398  8.10%  1314 3550s
 11089  9327  621.34692   53 1416  585.00000  632.41398  8.10%  1316 3556s
 11093  9329  622.60118   55 1423  585.00000  632.41398  8.10%  1317 3560s
 11101  9335  622.31448   59 1419  585.00000  632.41398  8.10%  1319 3566s
 11107  9339  622.65267   62 1410  585.00000  632.41398  8.10%  1321 3570s
 11115  9344  620.52326   66 1410  585.00000  632.41398  8.10%  1322 3576s
 11123  9349  622.51236   70 1406  585.00000  632.41398  8.10%  1323 3580s
 11131  9355  620.96680   74 1405  585.00000  632.41398  8.10%  1325 3585s
 11140  9361  624.28955   79 1418  585.00000  632.41398  8.10%  1327 3590s
 11149  9367  618.24710   83 1387  585.00000  632.41398  8.10%  1328 3595s
 11159  9373  620.91808   88 1389  585.00000  632.41398  8.10%  1330 3600s

Cutting planes:
  Gomory: 11
  Clique: 1
  Flow cover: 57
  Zero half: 650
  Mod-K: 1
  RLT: 214
  BQP: 44

Explored 11160 nodes (14952099 simplex iterations) in 3600.00 seconds (4753.70 work units)
Thread count was 1 (of 24 available processors)

Solution count 10: 585 584 583 ... 574

Time limit reached
Best objective 5.850000000000e+02, best bound 6.320000000000e+02, gap 8.0342%

User-callback calls 181556, time in user-callback 1.25 sec
