
Gurobi 11.0.3 (linux64) logging started Thu Mar  5 15:04:10 2026

Set parameter LogFile to value "./log/train/IS_1500_6/IS_23.lp.log"
Set parameter TimeLimit to value 3600
Gurobi Optimizer version 11.0.3 build v11.0.3rc0 (linux64 - "Ubuntu 22.04.5 LTS")

CPU model: AMD Ryzen 9 9900X 12-Core Processor, instruction set [SSE2|AVX|AVX2|AVX512]
Thread count: 12 physical cores, 24 logical processors, using up to 2 threads

Optimize a model with 9193 rows, 1500 columns and 18108 nonzeros
Model fingerprint: 0x815497a0
Variable types: 0 continuous, 1500 integer (1500 binary)
Coefficient statistics:
  Matrix range     [1e+00, 1e+00]
  Objective range  [1e+00, 1e+00]
  Bounds range     [1e+00, 1e+00]
  RHS range        [1e+00, 1e+00]
Found heuristic solution: objective 328.0000000
Presolve removed 1806 rows and 2 columns
Presolve time: 0.03s
Presolved: 7387 rows, 1498 columns, 16070 nonzeros
Variable types: 0 continuous, 1498 integer (1498 binary)
Found heuristic solution: objective 342.0000000

Root relaxation: objective 6.870000e+02, 4030 iterations, 0.17 seconds (0.28 work units)

    Nodes    |    Current Node    |     Objective Bounds      |     Work
 Expl Unexpl |  Obj  Depth IntInf | Incumbent    BestBd   Gap | It/Node Time

     0     0  687.00000    0 1354  342.00000  687.00000   101%     -    0s
H    0     0                     517.0000000  687.00000  32.9%     -    0s
     0     0  669.29751    0 1476  517.00000  669.29751  29.5%     -    1s
     0     0  669.29222    0 1475  517.00000  669.29222  29.5%     -    1s
     0     0  661.41715    0 1477  517.00000  661.41715  27.9%     -    1s
H    0     0                     554.0000000  661.41715  19.4%     -    1s
     0     0  660.95042    0 1475  554.00000  660.95042  19.3%     -    2s
     0     0  660.82072    0 1475  554.00000  660.82072  19.3%     -    2s
     0     0  660.80466    0 1481  554.00000  660.80466  19.3%     -    2s
     0     0  660.79975    0 1477  554.00000  660.79975  19.3%     -    2s
     0     0  654.59970    0 1480  554.00000  654.59970  18.2%     -    3s
     0     0  653.96439    0 1477  554.00000  653.96439  18.0%     -    3s
     0     0  653.89107    0 1485  554.00000  653.89107  18.0%     -    3s
     0     0  653.88369    0 1480  554.00000  653.88369  18.0%     -    3s
     0     0  651.37251    0 1483  554.00000  651.37251  17.6%     -    3s
     0     0  651.05301    0 1482  554.00000  651.05301  17.5%     -    4s
     0     0  650.99951    0 1481  554.00000  650.99951  17.5%     -    4s
     0     0  650.98820    0 1482  554.00000  650.98820  17.5%     -    4s
     0     0  650.96920    0 1482  554.00000  650.96920  17.5%     -    4s
     0     0  650.96403    0 1482  554.00000  650.96403  17.5%     -    4s
     0     0  648.74326    0 1487  554.00000  648.74326  17.1%     -    4s
     0     0  648.51654    0 1488  554.00000  648.51654  17.1%     -    5s
     0     0  648.49584    0 1486  554.00000  648.49584  17.1%     -    5s
     0     0  648.49177    0 1487  554.00000  648.49177  17.1%     -    5s
     0     0  647.10641    0 1480  554.00000  647.10641  16.8%     -    5s
     0     0  646.90543    0 1478  554.00000  646.90543  16.8%     -    5s
     0     0  646.88534    0 1484  554.00000  646.88534  16.8%     -    5s
     0     0  646.87216    0 1482  554.00000  646.87216  16.8%     -    5s
     0     0  645.22685    0 1484  554.00000  645.22685  16.5%     -    6s
     0     0  645.05132    0 1487  554.00000  645.05132  16.4%     -    6s
     0     0  645.02893    0 1485  554.00000  645.02893  16.4%     -    6s
     0     0  645.01640    0 1485  554.00000  645.01640  16.4%     -    6s
     0     0  643.67924    0 1484  554.00000  643.67924  16.2%     -    7s
     0     0  643.54665    0 1486  554.00000  643.54665  16.2%     -    7s
     0     0  643.52365    0 1485  554.00000  643.52365  16.2%     -    7s
     0     0  643.51776    0 1488  554.00000  643.51776  16.2%     -    7s
     0     0  642.72665    0 1488  554.00000  642.72665  16.0%     -    8s
H    0     0                     558.0000000  642.72665  15.2%     -    8s
     0     0  642.61553    0 1489  558.00000  642.61553  15.2%     -    8s
     0     0  642.59468    0 1488  558.00000  642.59468  15.2%     -    8s
     0     0  642.58866    0 1489  558.00000  642.58866  15.2%     -    8s
     0     0  641.75521    0 1488  558.00000  641.75521  15.0%     -    8s
H    0     0                     559.0000000  641.75521  14.8%     -    8s
     0     0  641.59044    0 1489  559.00000  641.59044  14.8%     -    8s
     0     0  641.55663    0 1492  559.00000  641.55663  14.8%     -    9s
     0     0  641.54547    0 1491  559.00000  641.54547  14.8%     -    9s
     0     0  640.95060    0 1489  559.00000  640.95060  14.7%     -    9s
     0     0  640.85960    0 1490  559.00000  640.85960  14.6%     -    9s
     0     0  640.85007    0 1492  559.00000  640.85007  14.6%     -    9s
     0     0  640.07489    0 1486  559.00000  640.07489  14.5%     -   10s
     0     0  639.97669    0 1489  559.00000  639.97669  14.5%     -   10s
     0     0  639.95475    0 1491  559.00000  639.95475  14.5%     -   10s
     0     0  639.94964    0 1491  559.00000  639.94964  14.5%     -   10s
     0     0  639.58056    0 1488  559.00000  639.58056  14.4%     -   10s
     0     0  639.49990    0 1493  559.00000  639.49990  14.4%     -   10s
     0     0  639.49041    0 1491  559.00000  639.49041  14.4%     -   11s
     0     0  639.09699    0 1489  559.00000  639.09699  14.3%     -   11s
     0     0  639.04860    0 1493  559.00000  639.04860  14.3%     -   11s
     0     0  639.03702    0 1494  559.00000  639.03702  14.3%     -   11s
     0     0  638.81156    0 1490  559.00000  638.81156  14.3%     -   11s
     0     0  638.77524    0 1489  559.00000  638.77524  14.3%     -   11s
     0     0  638.75629    0 1491  559.00000  638.75629  14.3%     -   11s
     0     0  638.54733    0 1486  559.00000  638.54733  14.2%     -   12s
H    0     0                     560.0000000  638.54733  14.0%     -   12s
     0     0  638.51268    0 1489  560.00000  638.51268  14.0%     -   12s
     0     0  638.50126    0 1489  560.00000  638.50126  14.0%     -   12s
     0     0  638.40556    0 1487  560.00000  638.40556  14.0%     -   12s
     0     0  638.40556    0 1484  560.00000  638.40556  14.0%     -   12s
H    0     0                     563.0000000  638.40556  13.4%     -   14s
     0     2  638.40556    0 1484  563.00000  638.40556  13.4%     -   14s
     1     4  638.25144    1 1482  563.00000  638.40550  13.4%  1284   15s
    23    26  624.53094    8 1402  563.00000  638.04893  13.3%  2634   20s
    36    39  629.37104   13 1427  563.00000  638.04893  13.3%  2682   27s
    47    53  615.71197   16 1352  563.00000  638.04893  13.3%  2640   30s
H   88   104                     567.0000000  638.04893  12.5%  2265   33s
H  112   116                     568.0000000  638.04893  12.3%  1947   33s
   125   113     cutoff   41       568.00000  638.04885  12.3%  1790   35s
   150   129  618.52430    7 1384  568.00000  637.96075  12.3%  1843   41s
H  152   127                     569.0000000  637.96075  12.1%  1850   41s
   183   165  605.12723   19 1310  569.00000  637.96075  12.1%  1868   45s
H  202   177                     571.0000000  637.96075  11.7%  1817   46s
   258   231  632.59090    5 1445  571.00000  637.81760  11.7%  1644   51s
   294   246  624.93178   11 1403  571.00000  637.81760  11.7%  1624   55s
H  311   259                     572.0000000  637.81760  11.5%  1675   57s
H  319   264                     573.0000000  637.81760  11.3%  1685   58s
   340   293  591.84453   25 1270  573.00000  637.81760  11.3%  1700   60s
H  349   281                     574.0000000  637.81760  11.1%  1687   60s
H  383   289                     575.0000000  637.57190  10.9%  1630   62s
   387   306  631.56115    9 1435  575.00000  637.57190  10.9%  1632   65s
   432   338  608.61090   21 1338  575.00000  637.57190  10.9%  1634   70s
H  447   346                     576.0000000  637.57190  10.7%  1643   71s
H  510   361                     578.0000000  637.57190  10.3%  1560   73s
   517   364  599.10721   25 1288  578.00000  637.57190  10.3%  1547   75s
   568   387  630.90021    8 1435  578.00000  637.41030  10.3%  1519   80s
   594   421  611.25684   13 1342  578.00000  637.41030  10.3%  1569   85s
   705   476  637.23925   11 1478  578.00000  637.35000  10.3%  1497   92s
   728   500  636.81769   17 1469  578.00000  637.35000  10.3%  1532   97s
   741   515  629.64528   17 1427  578.00000  637.35000  10.3%  1574  100s
   778   547  621.04966   25 1392  578.00000  637.35000  10.3%  1588  105s
   837   582  631.70201   11 1440  578.00000  637.23709  10.2%  1576  111s
   856   583  581.92847   33 1484  578.00000  637.23709  10.2%  1595  123s
   859   585  593.16034   32 1484  578.00000  637.23709  10.2%  1589  130s
   865   589  595.88242   34 1486  578.00000  637.23709  10.2%  1578  138s
   866   590  583.90780   27 1487  578.00000  637.23709  10.2%  1576  143s
   869   592  592.55564   42 1487  578.00000  637.23709  10.2%  1571  149s
   870   592  597.73422   19 1486  578.00000  637.23709  10.2%  1569  156s
   872   594  591.64951   45 1488  578.00000  637.23709  10.2%  1565  162s
   873   594  610.40924   15 1487  578.00000  637.23709  10.2%  1563  168s
   874   595  596.98451   33 1489  578.00000  637.23709  10.2%  1562  173s
   875   596  629.62170    3 1487  578.00000  637.23709  10.2%  1560  178s
   876   596  597.74445   27 1489  578.00000  637.23709  10.2%  1558  184s
   877   597  631.31695   15 1488  578.00000  637.23709  10.2%  1556  191s
   878   598  581.81145   34 1491  578.00000  637.23709  10.2%  1555  197s
   879   598  620.01380   17 1489  578.00000  637.23709  10.2%  1553  204s
   880   599  611.39235   22 1489  578.00000  637.23709  10.2%  1551  210s
   881   600  599.06584   23 1489  578.00000  637.23709  10.2%  1549  221s
   888   607  637.08533   14 1484  578.00000  637.22751  10.2%  1618  225s
   905   619  635.41299   18 1470  578.00000  636.55189  10.1%  1641  230s
   924   633  635.13260   22 1474  578.00000  636.55189  10.1%  1657  235s
   944   647  633.72813   27 1471  578.00000  636.55189  10.1%  1677  240s
   969   665  631.49454   32 1462  578.00000  636.55189  10.1%  1694  245s
   993   683  629.88923   39 1445  578.00000  636.55189  10.1%  1718  250s
  1018   703  628.13342   45 1449  578.00000  636.55189  10.1%  1734  255s
  1047   723  626.32247   51 1438  578.00000  636.55189  10.1%  1742  260s
  1081   742  624.78498   58 1423  578.00000  636.55189  10.1%  1746  265s
  1112   765  621.85997   64 1412  578.00000  636.55189  10.1%  1767  272s
  1135   783  619.67407   69 1402  578.00000  636.55189  10.1%  1785  276s
  1160   801  621.15925   75 1408  578.00000  636.55189  10.1%  1800  281s
  1188   819  619.51398   81 1403  578.00000  636.55189  10.1%  1826  287s
  1217   839  618.19190   87 1391  578.00000  636.55189  10.1%  1847  291s
  1247   862  611.21297   93 1353  578.00000  636.55189  10.1%  1878  297s
  1264   876  616.49916   97 1382  578.00000  636.55189  10.1%  1889  301s
  1306   909  615.32323  105 1375  578.00000  636.55189  10.1%  1917  308s
  1331   928  608.47483  109 1341  578.00000  636.55189  10.1%  1931  312s
  1358   951  613.47115  114 1369  578.00000  636.55189  10.1%  1939  316s
  1428  1022  612.03255  125 1348  578.00000  636.55189  10.1%  1955  323s
  1485  1075  611.09977  132 1343  578.00000  636.55189  10.1%  1935  328s
  1557  1120  605.71392  138 1317  578.00000  636.55189  10.1%  1904  332s
  1640  1112  609.27486  146 1322  578.00000  636.55189  10.1%  1847  336s
  1673  1125  607.95093  154 1311  578.00000  636.55189  10.1%  1846  341s
  1697  1148  606.86812  163 1300  578.00000  636.55189  10.1%  1859  346s
  1728  1176  599.35616  175 1257  578.00000  636.55189  10.1%  1866  350s
  1767  1236  600.54389  192 1265  578.00000  636.55189  10.1%  1870  356s
H 1832  1179                     579.0000000  636.55189  9.94%  1837  356s
  1840  1238  591.50287  224 1181  579.00000  636.33704  9.90%  1847  362s
H 1923  1184                     580.0000000  636.24553  9.70%  1810  367s
  1937  1196  635.75788   19 1474  580.00000  636.03508  9.66%  1829  373s
  1953  1206  635.47052   22 1469  580.00000  636.03508  9.66%  1846  378s
  1969  1217  629.15196   25 1440  580.00000  636.03508  9.66%  1865  384s
  1985  1230  634.60561   29 1458  580.00000  636.03508  9.66%  1883  390s
  2003  1246  633.79283   33 1451  580.00000  636.03508  9.66%  1903  396s
  2025  1261  632.96141   38 1445  580.00000  636.03508  9.66%  1922  403s
  2048  1277  632.18871   43 1442  580.00000  636.03508  9.66%  1940  410s
  2071  1297  631.41566   48 1436  580.00000  636.03508  9.66%  1961  417s
  2099  1318  630.69850   54 1425  580.00000  636.03508  9.66%  1979  423s
  2129  1343  630.00828   60 1424  580.00000  636.03508  9.66%  1997  431s
  2164  1370  628.91255   67 1416  580.00000  636.03508  9.66%  2010  438s
  2203  1399  628.02053   74 1407  580.00000  636.03508  9.66%  2023  445s
  2245  1428  627.02262   82 1397  580.00000  636.03508  9.66%  2031  453s
  2288  1480  625.71119   91 1384  580.00000  636.03508  9.66%  2036  461s
  2354  1523  622.53795  100 1364  580.00000  636.03508  9.66%  2027  469s
  2419  1638  622.70397  109 1363  580.00000  636.03508  9.66%  2012  479s
  2574  1626  621.23138  119 1348  580.00000  636.03508  9.66%  1941  488s
  2589  1662  619.43538  126 1346  580.00000  636.03508  9.66%  1941  498s
  2625  1714  609.93164  139 1316  580.00000  636.03508  9.66%  1953  507s
  2677  1795  610.47394  159 1296  580.00000  636.03508  9.66%  1962  517s
  2758  1841  602.55755  194 1250  580.00000  636.03508  9.66%  1953  527s
  2804  1952  596.22712  212 1221  580.00000  635.75833  9.61%  1946  538s
  2934  1980  633.27144   18 1455  580.00000  635.75833  9.61%  1906  557s
  2962  2016  632.43887   25 1448  580.00000  635.75833  9.61%  1927  567s
  2998  2034  631.73346   33 1436  580.00000  635.75833  9.61%  1950  582s
  3016  2076  625.67053   37 1401  580.00000  635.75833  9.61%  1961  596s
  3058  2131  628.72883   47 1422  580.00000  635.75833  9.61%  1981  608s
  3113  2156  622.40633   58 1388  580.00000  635.75833  9.61%  2004  619s
  3138  2234  625.56245   70 1398  580.00000  635.75833  9.61%  2014  631s
  3216  2355  622.98195   88 1384  580.00000  635.75833  9.61%  2030  645s
  3337  2476  618.61191  112 1349  580.00000  635.75833  9.61%  2031  658s
  3458  2740  614.15256  132 1333  580.00000  635.75833  9.61%  2012  671s
  3756  2842  594.99476  200 1216  580.00000  635.70353  9.60%  1929  687s
  3882  2888  633.71483   25 1454  580.00000  635.70353  9.60%  1917  702s
  3928  2940  632.11001   36 1445  580.00000  635.70353  9.60%  1941  719s
  3980  2991  629.94465   48 1427  580.00000  635.70353  9.60%  1963  736s
  4031  3068  628.41593   61 1413  580.00000  635.70353  9.60%  1982  753s
  4108  3108  625.90377   80 1396  580.00000  635.70353  9.60%  2004  770s
  4148  3238  624.30238   92 1384  580.00000  635.70353  9.60%  2010  789s
  4278  3627  618.55054  124 1346  580.00000  635.70353  9.60%  2021  807s
  4667  3892  595.00764  203 1199  580.00000  635.68521  9.60%  1941  825s
  4997  4279  619.20615   92 1357  580.00000  635.68425  9.60%  1854  843s
  5384  5030  597.88576  188 1228  580.00000  635.68422  9.60%  1781  861s
  6188  5410  620.53234   89 1357  580.00000  635.68390  9.60%  1610  878s
  6568  6118  596.46243  183 1185  580.00000  635.64740  9.59%  1571  893s
  7343  6592  626.15561   83 1394  580.00000  635.48886  9.57%  1452  911s
  7817  6901  591.00807  214 1207  580.00000  635.48886  9.57%  1415  919s
  8126  7194  581.51622  244 1083  580.00000  635.48708  9.57%  1380  927s
  8469  7296  629.12126   55 1436  580.00000  635.45538  9.56%  1342  933s
  8571  7421  620.78905  112 1368  580.00000  635.45538  9.56%  1336  939s
  8696  7607  609.20201  156 1309  580.00000  635.45538  9.56%  1330  945s
  8882  7688  595.35962  207 1207  580.00000  635.45538  9.56%  1320  956s
  8963  8065  593.64792  214 1213  580.00000  635.45477  9.56%  1315  965s
  9362  8261  632.16430   20 1455  580.00000  635.45477  9.56%  1278  972s
  9584  8370  617.35701   55 1366  580.00000  635.41129  9.55%  1261  978s
  9705  8467  634.67351   18 1469  580.00000  635.41129  9.55%  1256  985s
  9802  8575  634.14353   22 1465  580.00000  635.41129  9.55%  1253  993s
  9939  8667  633.55032   27 1455  580.00000  635.41129  9.55%  1247 1001s
 10031  8783  632.77990   32 1452  580.00000  635.41129  9.55%  1244 1010s
 10166  8850  632.11311   38 1440  580.00000  635.41129  9.55%  1238 1017s
 10233  8958  631.06066   44 1433  580.00000  635.41129  9.55%  1240 1025s
H10253  8756                     581.0000000  635.41129  9.37%  1243 1025s
 10367  8831  629.54136   51 1426  581.00000  635.41129  9.37%  1233 1032s
 10442  8918  628.62561   59 1422  581.00000  635.41129  9.37%  1235 1041s
 10529  8955  627.03002   68 1410  581.00000  635.41129  9.37%  1237 1051s
 10566  9097  620.95213   68 1389  581.00000  635.41129  9.37%  1236 1059s
 10708  9318  626.24829   74 1405  581.00000  635.41129  9.37%  1230 1068s
 10957  9415  624.93720   84 1394  581.00000  635.41129  9.37%  1216 1076s
 11066  9566  621.13308   94 1370  581.00000  635.41129  9.37%  1215 1084s
 11217  9713  619.54200  109 1362  581.00000  635.41129  9.37%  1212 1093s
 11382  9816  609.82197  130 1323  581.00000  635.41129  9.37%  1208 1101s
 11497 10003  607.28833  160 1301  581.00000  635.41129  9.37%  1210 1110s
 11704 10139  582.82500  236 1059  581.00000  635.01603  9.30%  1204 1118s
 11898 10368  624.19749   69 1392  581.00000  634.88595  9.27%  1195 1126s
 12167 10442  623.89869   27 1414  581.00000  634.88595  9.27%  1181 1135s
 12260 10649  617.21491   69 1366  581.00000  634.86188  9.27%  1178 1143s
 12511 10909  623.77956   25 1411  581.00000  634.85086  9.27%  1166 1149s
 12797 11139  600.03391  145 1256  581.00000  634.78334  9.26%  1153 1156s
 13087 11361  619.28531   58 1390  581.00000  634.74924  9.25%  1140 1163s
 13324 11491  624.63090   29 1409  581.00000  634.74837  9.25%  1131 1170s
 13478 11527  628.06484   21 1423  581.00000  634.72958  9.25%  1128 1178s
 13514 11571  626.39344   30 1417  581.00000  634.72958  9.25%  1135 1186s
 13558 11617  624.38055   40 1405  581.00000  634.72958  9.25%  1141 1194s
 13604 11675  623.06444   51 1390  581.00000  634.72958  9.25%  1148 1203s
 13662 11746  619.96233   65 1374  581.00000  634.72958  9.25%  1154 1211s
 13733 11839  615.04564   80 1336  581.00000  634.72958  9.25%  1160 1218s
 13826 12032  613.47584  101 1309  581.00000  634.72958  9.25%  1165 1225s
 14019 12238  602.84054  139 1264  581.00000  634.71990  9.25%  1166 1233s
 14271 12487  626.32255   23 1432  581.00000  634.68205  9.24%  1158 1240s
 14541 12700  606.97796  129 1304  581.00000  634.65936  9.24%  1147 1247s
 14787 12701  600.02848  181 1484  581.00000  634.61157  9.23%  1140 1783s
 14790 12703  591.37178  161 1486  581.00000  634.61157  9.23%  1140 1792s
 14792 12704  618.05222   94 1488  581.00000  630.96011  8.60%  1140 1795s
 14797 12708  587.27611  216 1490  581.00000  630.59859  8.54%  1139 1807s
 14798 12708  591.28277  223 1488  581.00000  630.52195  8.52%  1139 1818s
 14801 12710  630.48810   31 1490  581.00000  630.48810  8.52%  1139 1830s
 14802 12711  588.39965  222 1487  581.00000  630.24652  8.48%  1139 1839s
 14804 12712  615.28749  131 1491  581.00000  630.11035  8.45%  1139 1840s
 14806 12714  603.00366  178 1492  581.00000  630.09726  8.45%  1139 1853s
 14807 12714  589.68657  225 1488  581.00000  629.52880  8.35%  1139 1863s
 14810 12716  587.91537  231 1489  581.00000  629.37648  8.33%  1138 1876s
 14811 12717  616.24278   67 1490  581.00000  628.82408  8.23%  1138 1889s
 14815 12720  607.47181  123 1490  581.00000  628.66862  8.20%  1138 1901s
 14816 12720  628.37875   22 1490  581.00000  628.37875  8.15%  1138 1913s
 14820 12723  599.48761  199 1491  581.00000  628.27365  8.14%  1138 1926s
 14821 12724  592.86018  204 1484  581.00000  628.03517  8.10%  1138 1938s
 14824 12726  615.98418   78 1491  581.00000  627.95862  8.08%  1137 1951s
 14825 12726  594.67092  200 1486  581.00000  627.72616  8.04%  1137 1963s
 14828 12728  624.71400   21 1493  581.00000  627.60197  8.02%  1137 1976s
 14829 12729  591.12036  175 1491  581.00000  627.54855  8.01%  1137 1989s
 14831 12730  587.19803  159 1491  581.00000  627.52616  8.01%  1137 2005s
 14832 12731  602.45167  167 1490  581.00000  627.42412  7.99%  1137 2018s
 14835 12733  612.93507   63 1492  581.00000  627.37181  7.98%  1136 2034s
 14836 12734  604.60502  164 1490  581.00000  627.33473  7.97%  1136 2047s
 14838 12735  589.28044  209 1492  581.00000  627.32479  7.97%  1136 2063s
 14839 12736  627.08362   45 1492  581.00000  627.26121  7.96%  1136 2078s
 14841 12737  592.09122  176 1494  581.00000  627.23229  7.96%  1136 2093s
 14842 12738  610.62116  150 1492  581.00000  627.21594  7.95%  1136 2106s
 14844 12739  627.20837   26 1494  581.00000  627.20837  7.95%  1136 2122s
 14845 12740  592.50653  218 1493  581.00000  627.19538  7.95%  1136 2138s
 14846 12740  624.77502   70 1494  581.00000  627.19096  7.95%  1136 2155s
 14847 12741  627.16318   63 1493  581.00000  627.16318  7.95%  1136 2170s
 14849 12742  597.88438  196 1494  581.00000  627.15057  7.94%  1135 2187s
 14850 12743  614.38745   82 1489  581.00000  627.09982  7.93%  1135 2201s
 14852 12744  583.87097  226 1492  581.00000  627.07285  7.93%  1135 2217s
 14853 12745  586.55564  224 1491  581.00000  627.05250  7.93%  1135 2231s
 14855 12746  627.04083   55 1494  581.00000  627.04083  7.92%  1135 2247s
 14856 12747  584.79213  243 1494  581.00000  627.03928  7.92%  1135 2263s
 14857 12748  583.86321  237 1494  581.00000  627.03905  7.92%  1135 2279s
 14858 12748  588.77165  225 1494  581.00000  627.03893  7.92%  1135 2295s
 14859 12749  609.63010  165 1494  581.00000  627.03893  7.92%  1135 2311s
 14860 12750  622.95027   68 1494  581.00000  627.02928  7.92%  1135 2343s
 14861 12750  627.02928   27 1494  581.00000  627.02928  7.92%  1134 2361s
 14862 12751  595.68040  125 1494  581.00000  627.02928  7.92%  1134 2376s
 14867 12757  625.48530   24 1480  581.00000  626.45212  7.82%  1141 2380s
 14881 12767  625.41977   28 1483  581.00000  625.92916  7.73%  1143 2385s
 14901 12781  623.60470   33 1473  581.00000  625.92916  7.73%  1144 2390s
 14921 12795  622.51509   38 1468  581.00000  625.92916  7.73%  1145 2396s
 14933 12803  621.72880   41 1461  581.00000  625.92916  7.73%  1147 2400s
 14951 12817  620.35434   45 1453  581.00000  625.92916  7.73%  1149 2406s
 14970 12831  618.72574   50 1446  581.00000  625.92916  7.73%  1150 2410s
 14992 12846  617.07719   55 1439  581.00000  625.92916  7.73%  1151 2416s
 15007 12857  616.50171   59 1443  581.00000  625.92916  7.73%  1152 2420s
 15031 12873  614.88602   65 1435  581.00000  625.92916  7.73%  1154 2426s
 15048 12886  613.53936   69 1425  581.00000  625.92916  7.73%  1156 2431s
 15069 12902  611.42916   74 1412  581.00000  625.92916  7.73%  1158 2436s
 15081 12910  610.77160   77 1410  581.00000  625.92916  7.73%  1159 2440s
 15104 12925  606.01991   82 1387  581.00000  625.92916  7.73%  1162 2446s
 15127 12941  607.80671   88 1404  581.00000  625.92916  7.73%  1164 2452s
 15139 12949  607.33338   91 1400  581.00000  625.92916  7.73%  1166 2455s
 15163 12968  606.25426   97 1390  581.00000  625.92916  7.73%  1169 2463s
 15178 12976  605.54787  101 1384  581.00000  625.92916  7.73%  1171 2466s
 15191 12987  605.09664  104 1385  581.00000  625.92916  7.73%  1173 2470s
 15223 13012  604.23388  112 1371  581.00000  625.92916  7.73%  1178 2479s
 15242 13026  603.43013  117 1367  581.00000  625.92916  7.73%  1181 2484s
 15263 13042  602.70699  122 1366  581.00000  625.92916  7.73%  1183 2489s
 15286 13059  601.55418  127 1358  581.00000  625.92916  7.73%  1186 2493s
 15310 13078  595.48955  132 1328  581.00000  625.92916  7.73%  1189 2498s
 15337 13099  595.45494  138 1324  581.00000  625.92916  7.73%  1191 2504s
 15367 13125  599.09317  145 1342  581.00000  625.92916  7.73%  1194 2508s
 15403 13156  597.96840  153 1318  581.00000  625.92916  7.73%  1197 2513s
 15446 13192  595.12042  162 1303  581.00000  625.92916  7.73%  1200 2519s
 15501 13239  595.27125  174 1299  581.00000  625.92916  7.73%  1202 2525s
 15568 13269  590.37536  185 1274  581.00000  625.92916  7.73%  1203 2531s
 15648 13291  589.71029  201 1236  581.00000  625.92916  7.73%  1202 2537s
 15705 13285  582.57890  227 1188  581.00000  625.83036  7.72%  1203 2544s
 15737 13286  625.10738   29 1477  581.00000  625.83036  7.72%  1204 2551s
 15749 13294  624.70384   32 1473  581.00000  625.83036  7.72%  1207 2558s
 15761 13304  624.48329   35 1469  581.00000  625.83036  7.72%  1210 2566s
 15775 13316  624.01461   38 1467  581.00000  625.83036  7.72%  1213 2574s
 15791 13326  623.46505   42 1462  581.00000  625.83036  7.72%  1216 2583s
 15807 13339  622.87291   46 1459  581.00000  625.83036  7.72%  1220 2591s
 15825 13351  622.62589   50 1455  581.00000  625.83036  7.72%  1223 2600s
 15843 13365  622.26112   54 1450  581.00000  625.83036  7.72%  1227 2608s
 15863 13380  621.82916   59 1443  581.00000  625.83036  7.72%  1231 2617s
 15885 13399  620.73751   64 1438  581.00000  625.83036  7.72%  1235 2626s
 15911 13416  619.53619   70 1430  581.00000  625.83036  7.72%  1238 2637s
 15937 13447  618.84631   76 1424  581.00000  625.83036  7.72%  1243 2646s
 15976 13476  611.13035   85 1380  581.00000  625.83036  7.72%  1243 2662s
 16018 13520  616.48052   96 1403  581.00000  625.83036  7.72%  1243 2672s
 16076 13550  611.03554  109 1373  581.00000  625.83036  7.72%  1242 2683s
 16126 13593  611.85426  123 1371  581.00000  625.83036  7.72%  1241 2693s
 16185 13601  609.45835  134 1357  581.00000  625.83036  7.72%  1239 2710s
 16213 13667  605.95428  139 1339  581.00000  625.83036  7.72%  1238 2723s
 16288 13799  602.72539  163 1321  581.00000  625.83036  7.72%  1236 2736s
 16449 13831  592.11624  205 1256  581.00000  625.82884  7.72%  1228 2749s
 16572 13806  624.74755   27 1467  581.00000  625.81250  7.71%  1224 2762s
 16588 13821  624.24847   31 1463  581.00000  625.81250  7.71%  1228 2775s
 16608 13832  623.62137   36 1457  581.00000  625.81250  7.71%  1231 2789s
 16626 13854  622.94271   41 1448  581.00000  625.81250  7.71%  1235 2802s
 16654 13863  621.86307   49 1435  581.00000  625.81250  7.71%  1239 2816s
 16672 13902  621.35752   54 1434  581.00000  625.81250  7.71%  1242 2832s
 16717 13944  616.44625   66 1401  581.00000  625.81250  7.71%  1244 2851s
 16774 13989  612.23256   81 1384  581.00000  625.81250  7.71%  1245 2869s
 16838 14089  615.62141   95 1387  581.00000  625.81250  7.71%  1245 2883s
 16960 14169  610.14749  127 1354  581.00000  625.81250  7.71%  1243 2902s
 17080 14390  601.96318  149 1309  581.00000  625.81250  7.71%  1239 2921s
 17361 14317  583.93174  221 1169  581.00000  625.56373  7.67%  1227 2940s
 17412 14326  623.96060   31 1465  581.00000  625.56373  7.67%  1230 2959s
 17438 14349  622.93893   38 1452  581.00000  625.56373  7.67%  1235 2979s
 17470 14377  621.78440   47 1443  581.00000  625.56373  7.67%  1239 3000s
 17508 14415  620.15573   59 1431  581.00000  625.56373  7.67%  1243 3019s
 17559 14499  618.52088   73 1418  581.00000  625.56373  7.67%  1245 3039s
 17660 14589  613.35591  102 1385  581.00000  625.56373  7.67%  1246 3061s
 17784 14797  607.29572  140 1341  581.00000  625.56373  7.67%  1245 3082s
 18033 14896  584.13005  221 1165  581.00000  625.56133  7.67%  1236 3105s
 18239 15073  612.03069  116 1368  581.00000  625.56133  7.67%  1228 3129s
 18521 15331  592.14432  197 1229  581.00000  625.48466  7.66%  1217 3153s
 18893 15444  619.66326   60 1423  581.00000  625.48466  7.66%  1201 3178s
 19130 15750  602.95819  152 1301  581.00000  625.12806  7.60%  1191 3204s
 19557 15931  623.27051   39 1463  581.00000  625.12728  7.60%  1174 3228s
 19880 15948  602.38685  153 1309  581.00000  625.12728  7.60%  1163 3280s
 20029 16289  594.44150  178 1264  581.00000  624.99691  7.57%  1158 3305s
 20447 16599  611.12754  114 1360  581.00000  624.96502  7.57%  1143 3328s
 20915 16752  618.64254   31 1438  581.00000  624.94607  7.56%  1128 3352s
 21256 17005  609.97015   87 1375  581.00000  624.93560  7.56%  1118 3374s
 21655 17226  613.34963   94 1394  581.00000  624.83427  7.54%  1105 3396s
 22050 17531  601.12265   93 1337  581.00000  624.74772  7.53%  1094 3422s
 22521 17587  603.21105  118 1336  581.00000  624.73588  7.53%  1081 3435s
 22768 17559  610.17002   32 1397  581.00000  624.72805  7.53%  1074 3443s
 22856 17564  584.37315   55 1263  581.00000  624.61507  7.51%  1075 3457s
 22972 17623  619.89631   58 1437  581.00000  624.61415  7.51%  1073 3471s
 23069 17786  609.88223  106 1358  581.00000  624.56314  7.50%  1071 3484s
 23287 17971  610.07162   56 1386  581.00000  624.48208  7.48%  1066 3500s
 23602 18140  617.70563   28 1425  581.00000  624.45123  7.48%  1058 3512s
 23876 18192  590.26967  167 1272  581.00000  624.43911  7.48%  1050 3525s
 24071 18334  603.32078   72 1347  581.00000  624.43867  7.48%  1046 3537s
 24310 18456  621.46334   46 1445  581.00000  624.42512  7.47%  1040 3547s
 24511 18554  607.03194  138 1349  581.00000  624.40221  7.47%  1036 3559s
 24722 18551  610.02859   34 1390  581.00000  624.40055  7.47%  1031 3568s
 24790 18620  606.23785   55 1372  581.00000  624.40055  7.47%  1033 3581s
 24881 18714  588.58524   82 1275  581.00000  624.40055  7.47%  1034 3594s
 25006 18743  594.62084  122 1291  581.00000  624.40055  7.47%  1033 3600s

Cutting planes:
  Gomory: 16
  MIR: 1
  Flow cover: 97
  Zero half: 973
  Mod-K: 2
  RLT: 402
  Relax-and-lift: 1
  BQP: 88

Explored 25076 nodes (26000229 simplex iterations) in 3600.00 seconds (10209.96 work units)
Thread count was 2 (of 24 available processors)

Solution count 10: 581 580 579 ... 571

Time limit reached
Best objective 5.810000000000e+02, best bound 6.240000000000e+02, gap 7.4010%

User-callback calls 314879, time in user-callback 0.94 sec

Gurobi 11.0.3 (linux64) logging started Sat Mar  7 13:20:15 2026

Set parameter LogFile to value "./log/train/IS_1500_6/IS_23.lp.log"
Set parameter TimeLimit to value 3600
Gurobi Optimizer version 11.0.3 build v11.0.3rc0 (linux64 - "Ubuntu 22.04.5 LTS")

CPU model: AMD Ryzen 9 9900X 12-Core Processor, instruction set [SSE2|AVX|AVX2|AVX512]
Thread count: 12 physical cores, 24 logical processors, using up to 1 threads

Optimize a model with 9193 rows, 1500 columns and 18108 nonzeros
Model fingerprint: 0x815497a0
Variable types: 0 continuous, 1500 integer (1500 binary)
Coefficient statistics:
  Matrix range     [1e+00, 1e+00]
  Objective range  [1e+00, 1e+00]
  Bounds range     [1e+00, 1e+00]
  RHS range        [1e+00, 1e+00]
Found heuristic solution: objective 328.0000000
Presolve removed 1806 rows and 2 columns
Presolve time: 0.04s
Presolved: 7387 rows, 1498 columns, 16070 nonzeros
Variable types: 0 continuous, 1498 integer (1498 binary)
Found heuristic solution: objective 342.0000000

Root relaxation: objective 6.870000e+02, 4030 iterations, 0.23 seconds (0.28 work units)

    Nodes    |    Current Node    |     Objective Bounds      |     Work
 Expl Unexpl |  Obj  Depth IntInf | Incumbent    BestBd   Gap | It/Node Time

     0     0  687.00000    0 1354  342.00000  687.00000   101%     -    0s
H    0     0                     517.0000000  687.00000  32.9%     -    0s
     0     0  669.29751    0 1476  517.00000  669.29751  29.5%     -    1s
     0     0  669.29222    0 1475  517.00000  669.29222  29.5%     -    1s
     0     0  661.41715    0 1477  517.00000  661.41715  27.9%     -    2s
H    0     0                     554.0000000  661.41715  19.4%     -    2s
     0     0  660.95042    0 1475  554.00000  660.95042  19.3%     -    3s
     0     0  660.82072    0 1475  554.00000  660.82072  19.3%     -    3s
     0     0  660.80466    0 1481  554.00000  660.80466  19.3%     -    3s
     0     0  660.79975    0 1477  554.00000  660.79975  19.3%     -    3s
     0     0  654.59970    0 1480  554.00000  654.59970  18.2%     -    4s
     0     0  653.96439    0 1477  554.00000  653.96439  18.0%     -    4s
     0     0  653.89107    0 1485  554.00000  653.89107  18.0%     -    4s
     0     0  653.88369    0 1480  554.00000  653.88369  18.0%     -    4s
     0     0  651.37251    0 1483  554.00000  651.37251  17.6%     -    5s
     0     0  651.05301    0 1482  554.00000  651.05301  17.5%     -    6s
     0     0  650.99951    0 1481  554.00000  650.99951  17.5%     -    6s
     0     0  650.98820    0 1482  554.00000  650.98820  17.5%     -    6s
     0     0  650.96920    0 1482  554.00000  650.96920  17.5%     -    6s
     0     0  650.96403    0 1482  554.00000  650.96403  17.5%     -    6s
     0     0  648.74326    0 1487  554.00000  648.74326  17.1%     -    7s
     0     0  648.51654    0 1488  554.00000  648.51654  17.1%     -    7s
     0     0  648.49584    0 1486  554.00000  648.49584  17.1%     -    7s
     0     0  648.49177    0 1487  554.00000  648.49177  17.1%     -    7s
     0     0  647.10641    0 1480  554.00000  647.10641  16.8%     -    8s
     0     0  646.90543    0 1478  554.00000  646.90543  16.8%     -    8s
     0     0  646.88534    0 1484  554.00000  646.88534  16.8%     -    8s
     0     0  646.87216    0 1482  554.00000  646.87216  16.8%     -    8s
     0     0  645.22685    0 1484  554.00000  645.22685  16.5%     -    9s
     0     0  645.05132    0 1487  554.00000  645.05132  16.4%     -    9s
     0     0  645.02893    0 1485  554.00000  645.02893  16.4%     -    9s
     0     0  645.01640    0 1485  554.00000  645.01640  16.4%     -    9s
     0     0  643.67924    0 1484  554.00000  643.67924  16.2%     -   10s
     0     0  643.54665    0 1486  554.00000  643.54665  16.2%     -   10s
     0     0  643.52365    0 1485  554.00000  643.52365  16.2%     -   11s
     0     0  643.51776    0 1488  554.00000  643.51776  16.2%     -   11s
     0     0  642.72665    0 1488  554.00000  642.72665  16.0%     -   11s
H    0     0                     558.0000000  642.72665  15.2%     -   11s
     0     0  642.61553    0 1489  558.00000  642.61553  15.2%     -   12s
     0     0  642.59468    0 1488  558.00000  642.59468  15.2%     -   12s
     0     0  642.58866    0 1489  558.00000  642.58866  15.2%     -   12s
     0     0  641.75521    0 1488  558.00000  641.75521  15.0%     -   12s
H    0     0                     559.0000000  641.75521  14.8%     -   12s
     0     0  641.59044    0 1489  559.00000  641.59044  14.8%     -   13s
     0     0  641.55663    0 1492  559.00000  641.55663  14.8%     -   13s
     0     0  641.54547    0 1491  559.00000  641.54547  14.8%     -   13s
     0     0  640.95060    0 1489  559.00000  640.95060  14.7%     -   13s
     0     0  640.85960    0 1490  559.00000  640.85960  14.6%     -   14s
     0     0  640.85007    0 1492  559.00000  640.85007  14.6%     -   14s
     0     0  640.07489    0 1486  559.00000  640.07489  14.5%     -   15s
     0     0  639.97669    0 1489  559.00000  639.97669  14.5%     -   15s
     0     0  639.95475    0 1491  559.00000  639.95475  14.5%     -   15s
     0     0  639.94964    0 1491  559.00000  639.94964  14.5%     -   15s
     0     0  639.58056    0 1488  559.00000  639.58056  14.4%     -   15s
     0     0  639.49990    0 1493  559.00000  639.49990  14.4%     -   16s
     0     0  639.49041    0 1491  559.00000  639.49041  14.4%     -   16s
     0     0  639.09699    0 1489  559.00000  639.09699  14.3%     -   16s
     0     0  639.04860    0 1493  559.00000  639.04860  14.3%     -   16s
     0     0  639.03702    0 1494  559.00000  639.03702  14.3%     -   16s
     0     0  638.81156    0 1490  559.00000  638.81156  14.3%     -   17s
     0     0  638.77524    0 1489  559.00000  638.77524  14.3%     -   17s
     0     0  638.75629    0 1491  559.00000  638.75629  14.3%     -   17s
     0     0  638.54733    0 1486  559.00000  638.54733  14.2%     -   18s
H    0     0                     560.0000000  638.54733  14.0%     -   18s
     0     0  638.51268    0 1489  560.00000  638.51268  14.0%     -   18s
     0     0  638.50126    0 1489  560.00000  638.50126  14.0%     -   18s
     0     0  638.40556    0 1487  560.00000  638.40556  14.0%     -   18s
     0     0  638.40556    0 1484  560.00000  638.40556  14.0%     -   18s
H    0     0                     563.0000000  638.40556  13.4%     -   20s
     0     2  638.40550    0 1484  563.00000  638.40550  13.4%     -   20s
    11    13  624.53094    8 1402  563.00000  638.40550  13.4%  2577   25s
    28    30  608.09830   21 1320  563.00000  638.40550  13.4%  2178   30s
H   52    52                     564.0000000  638.40550  13.2%  1712   32s
H   81    69                     567.0000000  638.40550  12.6%  1322   33s
    84    68  629.78877    1 1440  567.00000  638.04893  12.5%  1395   35s
   100    84  602.18344   12 1322  567.00000  638.04893  12.5%  1544   40s
H  131   111                     569.0000000  638.04893  12.1%  1408   43s
   147   115  632.38298    3 1448  569.00000  638.04885  12.1%  1336   45s
   158   126  607.92835   10 1323  569.00000  638.04885  12.1%  1456   50s
   201   167  572.31461   41 1106  569.00000  638.04885  12.1%  1370   55s
H  216   146                     572.0000000  638.04885  11.5%  1283   55s
   224   150  632.84791    6 1446  572.00000  637.68545  11.5%  1339   60s
   234   160  608.50381   11 1314  572.00000  637.68545  11.5%  1424   65s
H  261   181                     573.0000000  637.68545  11.3%  1385   68s
   266   180  632.05870    7 1449  573.00000  637.68531  11.3%  1399   70s
   279   193  606.62434   16 1325  573.00000  637.68531  11.3%  1439   75s
   297   211  576.36162   28 1184  573.00000  637.68531  11.3%  1461   80s
   322   222  622.35424   11 1406  573.00000  637.45028  11.2%  1432   85s
   342   242  600.77540   25 1305  573.00000  637.45028  11.2%  1462   90s
   369   269  586.34394   43 1230  573.00000  637.45028  11.2%  1493   95s
H  378   266                     575.0000000  637.45028  10.9%  1474   95s
   404   278  629.71147   10 1433  575.00000  637.26399  10.8%  1447  110s
   422   296  587.91618   22 1262  575.00000  637.26399  10.8%  1481  115s
H  445   300                     576.0000000  637.26399  10.6%  1448  116s
   465   307  614.03725   13 1364  576.00000  637.26175  10.6%  1451  121s
   477   319  600.00387   20 1294  576.00000  637.26175  10.6%  1481  125s
   513   340  631.11867    9 1441  576.00000  637.13711  10.6%  1478  131s
   522   349  618.64207   15 1371  576.00000  637.13711  10.6%  1496  135s
H  549   348                     577.0000000  637.13711  10.4%  1474  138s
   553   346  630.57775   10 1441  577.00000  636.96776  10.4%  1480  140s
   564   357  612.05176   15 1359  577.00000  636.96776  10.4%  1509  145s
H  575   361                     578.0000000  636.96776  10.2%  1518  147s
   587   375  602.14728   29 1314  578.00000  636.96776  10.2%  1537  150s
   607   394  602.08506   42 1484  578.00000  636.96776  10.2%  1539  166s
   610   396  629.71041   11 1484  578.00000  636.96776  10.2%  1531  175s
   616   400  589.99545   43 1484  578.00000  636.96776  10.2%  1516  188s
   617   401  634.41752    3 1490  578.00000  636.96776  10.2%  1514  197s
   619   402  611.78676   22 1485  578.00000  636.96776  10.2%  1509  206s
   620   403  604.95752   32 1485  578.00000  636.96776  10.2%  1507  216s
   622   404  598.58455   24 1488  578.00000  636.96776  10.2%  1502  224s
   623   405  618.89445   15 1486  578.00000  636.96776  10.2%  1499  234s
   624   405  604.59049   29 1486  578.00000  636.96776  10.2%  1497  243s
   625   406  586.20780   27 1485  578.00000  636.96776  10.2%  1495  252s
   626   407  622.81241   16 1487  578.00000  636.96776  10.2%  1492  263s
   627   407  601.40424   19 1486  578.00000  636.96776  10.2%  1490  275s
   629   409  603.43205    7 1485  578.00000  636.96776  10.2%  1485  285s
   630   409  595.29550   35 1486  578.00000  636.96776  10.2%  1483  295s
   632   411  608.12899   18 1486  578.00000  636.96776  10.2%  1478  314s
   634   414  636.63171   12 1471  578.00000  636.96776  10.2%  1565  316s
   640   418  635.13801   15 1467  578.00000  636.90973  10.2%  1578  320s
   648   423  635.51847   19 1478  578.00000  636.62311  10.1%  1591  325s
   658   430  633.59185   24 1459  578.00000  636.62311  10.1%  1602  330s
   669   437  632.37768   30 1448  578.00000  636.62311  10.1%  1616  335s
   684   447  629.90612   37 1440  578.00000  636.62311  10.1%  1625  340s
   695   455  626.73962   43 1428  578.00000  636.62311  10.1%  1643  345s
   703   460  628.56861   47 1438  578.00000  636.62311  10.1%  1659  350s
   716   469  618.20820   53 1397  578.00000  636.62311  10.1%  1674  355s
   726   475  625.58554   58 1429  578.00000  636.62311  10.1%  1690  360s
   737   483  624.08630   64 1415  578.00000  636.62311  10.1%  1704  365s
   750   491  614.69998   70 1369  578.00000  636.62311  10.1%  1720  370s
   760   498  611.22689   75 1362  578.00000  636.62311  10.1%  1743  376s
   769   504  619.23580   80 1385  578.00000  636.62311  10.1%  1751  380s
   784   514  614.49604   87 1369  578.00000  636.62311  10.1%  1758  385s
   799   524  616.23131   95 1369  578.00000  636.62311  10.1%  1763  390s
   813   533  612.25852  102 1362  578.00000  636.62311  10.1%  1774  395s
   827   543  611.27505  109 1356  578.00000  636.62311  10.1%  1783  400s
   847   556  607.23967  119 1342  578.00000  636.62311  10.1%  1784  405s
   870   571  603.76947  130 1307  578.00000  636.62311  10.1%  1776  410s
   892   586  598.10543  141 1290  578.00000  636.62311  10.1%  1772  415s
   914   601  593.51049  152 1276  578.00000  636.62311  10.1%  1775  420s
   936   615  590.38942  163 1264  578.00000  636.62311  10.1%  1778  425s
   957   629  589.60616  174 1256  578.00000  636.62311  10.1%  1784  430s
   980   645  583.04896  185 1218  578.00000  636.62311  10.1%  1787  435s
  1010   663  583.33607  200 1210  578.00000  636.62311  10.1%  1787  440s
  1058   681  581.15625  224 1120  578.00000  636.62311  10.1%  1761  445s
H 1091   674                     579.0000000  636.62311  10.0%  1730  447s
  1118   671  631.17473   15 1445  579.00000  636.62260  10.0%  1705  450s
  1124   675  628.30201   18 1431  579.00000  636.62260  10.0%  1722  456s
  1128   677  629.01357   20 1428  579.00000  636.62260  10.0%  1731  460s
  1134   681  622.17845   23 1389  579.00000  636.62260  10.0%  1747  466s
  1140   685  632.08645   26 1438  579.00000  636.62260  10.0%  1757  470s
  1146   689  629.13816   29 1431  579.00000  636.62260  10.0%  1769  475s
  1153   694  633.38714   33 1453  579.00000  636.62260  10.0%  1780  480s
  1159   698  633.09390   36 1453  579.00000  636.62260  10.0%  1793  485s
  1166   703  626.82688   39 1414  579.00000  636.62260  10.0%  1808  491s
  1172   707  619.44187   42 1389  579.00000  636.62260  10.0%  1821  496s
  1178   711  627.01424   45 1412  579.00000  636.62260  10.0%  1831  500s
  1184   715  625.17673   48 1407  579.00000  636.62260  10.0%  1844  505s
  1190   719  619.35732   51 1380  579.00000  636.62260  10.0%  1857  510s
  1198   724  627.81269   55 1413  579.00000  636.62260  10.0%  1868  515s
  1207   730  630.09695   60 1427  579.00000  636.62260  10.0%  1878  520s
  1214   735  618.64510   63 1365  579.00000  636.62260  10.0%  1892  525s
  1224   741  623.44504   68 1391  579.00000  636.62260  10.0%  1903  530s
  1232   747  624.62359   72 1392  579.00000  636.62260  10.0%  1916  535s
  1242   753  617.61515   77 1366  579.00000  636.62260  10.0%  1926  540s
  1252   760  623.60985   82 1389  579.00000  636.62260  10.0%  1934  545s
  1262   767  614.03217   87 1329  579.00000  636.62260  10.0%  1946  550s
  1276   776  622.56788   94 1367  579.00000  636.62260  10.0%  1951  555s
  1292   787  621.08779  102 1363  579.00000  636.62260  10.0%  1957  560s
  1307   797  621.78649  110 1359  579.00000  636.62260  10.0%  1963  565s
  1328   811  617.43184  120 1334  579.00000  636.62260  10.0%  1968  570s
  1356   829  610.98064  134 1310  579.00000  636.62260  10.0%  1964  575s
H 1361   793                     580.0000000  636.62260  9.76%  1961  576s
  1386   811  611.46281  149 1291  580.00000  636.62260  9.76%  1956  580s
  1430   841  604.89131  171 1259  580.00000  636.62260  9.76%  1935  585s
  1514   897  591.69000  213 1172  580.00000  636.62260  9.76%  1875  590s
  1619   935  630.61638   15 1436  580.00000  636.58801  9.76%  1785  596s
  1623   937  624.45910   17 1415  580.00000  636.58801  9.76%  1793  600s
  1629   941  627.71280   20 1417  580.00000  636.58801  9.76%  1802  605s
  1635   945  626.06900   23 1416  580.00000  636.58801  9.76%  1810  610s
  1641   949  626.57265   26 1416  580.00000  636.58801  9.76%  1819  615s
  1647   953  619.53389   29 1390  580.00000  636.58801  9.76%  1827  620s
  1654   958  632.20857   33 1440  580.00000  636.58801  9.76%  1835  625s
  1662   963  631.65047   37 1437  580.00000  636.58801  9.76%  1842  630s
  1669   968  626.25918   40 1408  580.00000  636.58801  9.76%  1853  635s
  1677   973  623.70259   44 1398  580.00000  636.58801  9.76%  1861  640s
  1685   979  624.71733   48 1404  580.00000  636.58801  9.76%  1869  646s
  1693   984  618.98556   52 1378  580.00000  636.58801  9.76%  1876  650s
  1701   989  620.09340   56 1370  580.00000  636.58801  9.76%  1883  655s
  1709   995  619.61516   60 1377  580.00000  636.58801  9.76%  1890  660s
  1719  1001  617.10322   65 1365  580.00000  636.58801  9.76%  1899  665s
  1729  1008  623.94039   70 1382  580.00000  636.58801  9.76%  1904  670s
  1741  1016  621.67895   76 1376  580.00000  636.58801  9.76%  1909  675s
  1753  1028  620.86461   82 1371  580.00000  636.58801  9.76%  1917  680s
  1765  1040  613.87162   88 1342  580.00000  636.58801  9.76%  1926  685s
  1779  1054  615.62419   95 1340  580.00000  636.58801  9.76%  1934  690s
  1795  1070  618.50184  103 1348  580.00000  636.58801  9.76%  1939  695s
  1817  1092  615.97734  114 1333  580.00000  636.58801  9.76%  1941  700s
  1847  1122  606.14930  129 1281  580.00000  636.58801  9.76%  1938  705s
  1885  1160  603.74577  148 1259  580.00000  636.58801  9.76%  1934  710s
  1933  1208  601.39710  172 1222  580.00000  636.58801  9.76%  1917  715s
  1985  1260  596.43293  198 1195  580.00000  636.58801  9.76%  1900  720s
  2094  1351  581.38462  249 1006  580.00000  636.58801  9.76%  1820  725s
  2103  1354  635.79683   16 1472  580.00000  636.57679  9.75%  1823  730s
  2108  1359  626.71956   18 1421  580.00000  636.57679  9.75%  1833  736s
  2112  1363  631.29953   20 1437  580.00000  636.57679  9.75%  1837  740s
  2118  1369  628.45598   23 1432  580.00000  636.57679  9.75%  1846  745s
  2124  1375  629.76250   26 1430  580.00000  636.57679  9.75%  1853  750s
  2130  1381  623.04699   29 1409  580.00000  636.57679  9.75%  1860  755s
  2138  1389  620.71147   33 1393  580.00000  636.57679  9.75%  1869  761s
  2144  1395  628.44334   36 1416  580.00000  636.57679  9.75%  1876  766s
  2149  1400  632.60717   39 1448  580.00000  636.57679  9.75%  1880  770s
  2156  1407  628.23869   42 1417  580.00000  636.57679  9.75%  1888  775s
  2164  1415  625.88535   46 1413  580.00000  636.57679  9.75%  1895  781s
  2170  1421  623.04393   49 1399  580.00000  636.57679  9.75%  1901  785s
  2176  1427  625.87077   52 1410  580.00000  636.57679  9.75%  1906  790s
  2184  1435  627.27065   56 1410  580.00000  636.57679  9.75%  1911  795s
  2194  1445  625.16151   61 1404  580.00000  636.57679  9.75%  1918  800s
  2202  1453  622.08206   65 1384  580.00000  636.57679  9.75%  1924  808s
  2205  1456  628.26990   67 1414  580.00000  636.57679  9.75%  1926  810s
  2216  1467  622.47514   72 1391  580.00000  636.57679  9.75%  1933  815s
  2224  1475  614.93193   76 1346  580.00000  636.57679  9.75%  1940  820s
  2230  1481  621.62107   79 1381  580.00000  636.57679  9.75%  1944  825s
  2242  1493  622.52954   85 1374  580.00000  636.57679  9.75%  1948  830s
  2250  1501  619.39518   89 1364  580.00000  636.57679  9.75%  1952  835s
  2256  1507  617.96002   92 1359  580.00000  636.57679  9.75%  1956  841s
  2266  1517  621.00084   97 1358  580.00000  636.57679  9.75%  1959  845s
H 2274  1501                     581.0000000  636.57679  9.57%  1959  848s
  2278  1507  618.78619  103 1356  581.00000  636.57679  9.57%  1961  850s
  2294  1523  618.63860  111 1346  581.00000  636.57679  9.57%  1961  855s
  2310  1539  616.11782  119 1341  581.00000  636.57679  9.57%  1962  860s
  2326  1555  614.46387  127 1334  581.00000  636.57679  9.57%  1961  867s
  2337  1566  614.15634  133 1327  581.00000  636.57679  9.57%  1962  870s
  2352  1581  612.05011  140 1313  581.00000  636.57679  9.57%  1963  876s
  2372  1601  605.90754  150 1291  581.00000  636.57679  9.57%  1960  880s
  2391  1620  607.59231  160 1299  581.00000  636.57679  9.57%  1956  887s
  2404  1633  599.59732  166 1245  581.00000  636.57679  9.57%  1954  892s
  2424  1653  602.77471  176 1261  581.00000  636.57679  9.57%  1949  895s
  2445  1674  601.53529  187 1226  581.00000  636.57679  9.57%  1942  900s
  2456  1685  594.52584  192 1194  581.00000  636.57679  9.57%  1938  908s
  2472  1701  596.46089  200 1204  581.00000  636.57679  9.57%  1930  911s
  2526  1753  588.53580  227 1163  581.00000  636.57679  9.57%  1902  916s
  2572  1777  635.21083   14 1463  581.00000  635.98208  9.46%  1875  920s
  2577  1782  631.45199   16 1436  581.00000  635.98208  9.46%  1881  925s
  2583  1788  628.02646   19 1424  581.00000  635.98208  9.46%  1887  930s
  2589  1794  623.45729   22 1405  581.00000  635.98208  9.46%  1895  936s
  2595  1800  630.57841   25 1433  581.00000  635.98208  9.46%  1899  940s
  2605  1810  629.48666   30 1425  581.00000  635.98208  9.46%  1908  945s
  2611  1816  626.54643   33 1415  581.00000  635.98208  9.46%  1913  950s
  2617  1822  628.09955   36 1420  581.00000  635.98208  9.46%  1919  955s
  2627  1832  624.66830   41 1401  581.00000  635.98208  9.46%  1926  960s
  2634  1839  630.41833   45 1431  581.00000  635.98208  9.46%  1930  968s
  2637  1842  626.36508   46 1411  581.00000  635.98208  9.46%  1933  970s
  2647  1852  624.35907   51 1401  581.00000  635.98208  9.46%  1939  975s
  2657  1862  619.61697   56 1383  581.00000  635.98208  9.46%  1945  980s
  2663  1868  622.14570   59 1384  581.00000  635.98208  9.46%  1948  985s
  2675  1880  624.94223   65 1394  581.00000  635.98208  9.46%  1954  990s
  2685  1890  622.12199   70 1377  581.00000  635.98208  9.46%  1959  995s
  2688  1893  626.86664   72 1404  581.00000  635.98208  9.46%  1960 1005s
  2699  1904  620.04765   77 1359  581.00000  635.98208  9.46%  1965 1010s
  2713  1918  621.04166   84 1373  581.00000  635.98208  9.46%  1969 1015s
  2715  1920  621.63719   85 1365  581.00000  635.98208  9.46%  1969 1029s
  2716  1921  624.18458   86 1386  581.00000  635.98208  9.46%  1968 1030s
  2731  1936  611.08101   93 1302  581.00000  635.98208  9.46%  1973 1035s
  2749  1954  610.66149  102 1326  581.00000  635.98208  9.46%  1976 1040s
  2771  1976  615.32405  113 1338  581.00000  635.98208  9.46%  1977 1047s
  2787  1992  613.55020  121 1332  581.00000  635.98208  9.46%  1975 1050s
  2820  2025  612.95892  138 1312  581.00000  635.98208  9.46%  1974 1055s
  2869  2074  603.76866  162 1264  581.00000  635.98208  9.46%  1965 1060s
  2936  2141  596.41977  196 1233  581.00000  635.98208  9.46%  1947 1065s
  3049  2229  625.25097   18 1424  581.00000  635.98187  9.46%  1898 1071s
  3055  2235  620.70069   21 1401  581.00000  635.98187  9.46%  1903 1076s
  3059  2239  626.66163   23 1421  581.00000  635.98187  9.46%  1907 1080s
  3067  2247  629.54318   27 1432  581.00000  635.98187  9.46%  1912 1085s
  3073  2253  628.12794   30 1428  581.00000  635.98187  9.46%  1916 1090s
  3081  2261  624.90378   34 1412  581.00000  635.98187  9.46%  1921 1095s
  3089  2269  622.69516   38 1402  581.00000  635.98187  9.46%  1927 1101s
  3097  2277  624.84598   42 1407  581.00000  635.98187  9.46%  1931 1105s
  3105  2285  624.58045   46 1401  581.00000  635.98187  9.46%  1936 1110s
  3113  2293  626.36495   50 1404  581.00000  635.98187  9.46%  1941 1115s
  3123  2303  620.54745   55 1383  581.00000  635.98187  9.46%  1947 1121s
  3133  2313  624.08541   60 1399  581.00000  635.98187  9.46%  1951 1125s
  3141  2321  621.27015   64 1384  581.00000  635.98187  9.46%  1955 1130s
  3153  2333  619.58724   70 1372  581.00000  635.98187  9.46%  1960 1139s
  3155  2335  619.51650   71 1373  581.00000  635.98187  9.46%  1961 1140s
  3165  2345  622.12078   76 1378  581.00000  635.98187  9.46%  1966 1145s
  3179  2359  614.72417   83 1356  581.00000  635.98187  9.46%  1970 1150s
  3191  2371  611.70951   89 1330  581.00000  635.98187  9.46%  1974 1155s
  3197  2377  620.10562   92 1357  581.00000  635.98187  9.46%  1976 1163s
  3201  2381  621.06508   94 1365  581.00000  635.98187  9.46%  1976 1165s
  3225  2405  618.10604  106 1355  581.00000  635.98187  9.46%  1979 1170s
  3253  2433  614.92272  120 1338  581.00000  635.98187  9.46%  1978 1175s
  3281  2461  610.71101  134 1318  581.00000  635.98187  9.46%  1975 1180s
  3327  2507  604.63528  157 1279  581.00000  635.98187  9.46%  1967 1185s
  3380  2560  599.55755  184 1262  581.00000  635.98187  9.46%  1957 1190s
  3455  2633  584.00607  221 1160  581.00000  635.98187  9.46%  1934 1195s
  3520  2676  627.75768   19 1428  581.00000  635.59640  9.40%  1911 1201s
  3524  2680  621.73241   21 1407  581.00000  635.59640  9.40%  1914 1205s
  3530  2686  631.50337   24 1443  581.00000  635.59640  9.40%  1918 1210s
  3536  2692  627.48188   27 1426  581.00000  635.59640  9.40%  1922 1215s
  3542  2698  628.45527   30 1414  581.00000  635.59640  9.40%  1927 1220s
  3550  2706  627.36912   34 1428  581.00000  635.59640  9.40%  1932 1225s
  3560  2716  624.26607   39 1412  581.00000  635.59640  9.40%  1938 1230s
  3568  2724  627.95812   43 1417  581.00000  635.59640  9.40%  1942 1235s
  3577  2733  630.63385   48 1435  581.00000  635.59640  9.40%  1946 1240s
  3587  2743  629.46066   53 1427  581.00000  635.59640  9.40%  1951 1245s
  3596  2752  622.22493   57 1394  581.00000  635.59640  9.40%  1955 1256s
  3602  2758  622.29699   60 1397  581.00000  635.59640  9.40%  1958 1260s
  3610  2766  622.33540   64 1390  581.00000  635.59640  9.40%  1962 1265s
  3620  2776  625.16584   69 1401  581.00000  635.59640  9.40%  1965 1270s
  3632  2788  606.29695   75 1324  581.00000  635.59640  9.40%  1969 1275s
  3640  2796  616.56708   79 1371  581.00000  635.59640  9.40%  1972 1280s
  3649  2805  625.01182   84 1400  581.00000  635.59640  9.40%  1974 1289s
  3650  2806  623.21507   84 1379  581.00000  635.59640  9.40%  1974 1290s
  3661  2817  623.94787   90 1388  581.00000  635.59640  9.40%  1977 1295s
  3674  2830  619.86434   96 1373  581.00000  635.59640  9.40%  1980 1300s
  3688  2844  618.93116  103 1366  581.00000  635.59640  9.40%  1982 1305s
  3705  2861  620.13278  112 1356  581.00000  635.59640  9.40%  1984 1310s
  3728  2884  612.28191  123 1312  581.00000  635.59640  9.40%  1983 1315s
  3756  2912  613.22349  137 1313  581.00000  635.59640  9.40%  1981 1320s
  3788  2944  608.66150  153 1291  581.00000  635.59640  9.40%  1979 1325s
  3837  2993  602.59519  178 1275  581.00000  635.59640  9.40%  1969 1330s
  3890  3046  594.73411  204 1210  581.00000  635.59640  9.40%  1958 1335s
  3998  3124  627.74874   19 1425  581.00000  635.59625  9.40%  1920 1341s
  4002  3128  621.08480   21 1395  581.00000  635.59625  9.40%  1924 1345s
  4006  3132  616.77184   23 1376  581.00000  635.59625  9.40%  1927 1354s
  4008  3134  628.65022   24 1434  581.00000  635.59625  9.40%  1928 1367s
  4010  3136  629.14721   25 1435  581.00000  635.59625  9.40%  1929 1370s
  4016  3142  629.53287   28 1441  581.00000  635.59625  9.40%  1933 1375s
  4023  3149  632.91576   32 1457  581.00000  635.59625  9.40%  1936 1380s
  4029  3155  632.38027   35 1455  581.00000  635.59625  9.40%  1939 1385s
  4036  3162  625.98259   38 1421  581.00000  635.59625  9.40%  1944 1390s
  4043  3169  631.31541   42 1444  581.00000  635.59625  9.40%  1947 1395s
  4050  3176  625.28740   45 1409  581.00000  635.59625  9.40%  1951 1400s
  4056  3182  624.98175   48 1406  581.00000  635.59625  9.40%  1954 1405s
  4064  3190  623.20237   52 1405  581.00000  635.59625  9.40%  1957 1411s
  4070  3196  623.02752   55 1404  581.00000  635.59625  9.40%  1960 1433s
  4073  3199  629.15721   57 1428  581.00000  635.59625  9.40%  1960 1435s
  4078  3204  620.37502   59 1388  581.00000  635.59625  9.40%  1964 1441s
  4085  3211  628.73034   63 1422  581.00000  635.59625  9.40%  1966 1445s
  4092  3218  621.71786   66 1386  581.00000  635.59625  9.40%  1970 1450s
  4100  3226  614.73640   70 1350  581.00000  635.59625  9.40%  1974 1456s
  4108  3234  623.59722   74 1388  581.00000  635.59625  9.40%  1976 1460s
  4118  3244  623.11545   79 1392  581.00000  635.59625  9.40%  1980 1465s
  4130  3256  622.00425   85 1386  581.00000  635.59625  9.40%  1982 1470s
  4141  3267  623.60927   91 1392  581.00000  635.59625  9.40%  1985 1475s
  4154  3280  616.38222   97 1358  581.00000  635.59625  9.40%  1988 1480s
  4167  3293  621.15532  104 1370  581.00000  635.59625  9.40%  1989 1485s
  4184  3310  617.38007  112 1356  581.00000  635.59625  9.40%  1991 1490s
  4205  3331  616.81043  123 1341  581.00000  635.59625  9.40%  1991 1495s
  4220  3346  613.90795  130 1330  581.00000  635.59625  9.40%  1991 1500s
  4246  3372  610.25246  143 1309  581.00000  635.59625  9.40%  1990 1505s
  4286  3412  605.51887  163 1274  581.00000  635.59625  9.40%  1985 1510s
  4340  3466  594.61442  190 1227  581.00000  635.59625  9.40%  1976 1515s
  4420  3544  586.33011  230 1155  581.00000  635.59625  9.40%  1956 1520s
  4486  3580  631.76899   35 1440  581.00000  635.57888  9.39%  1934 1525s
  4520  3614  625.38629   69 1400  581.00000  635.57888  9.39%  1926 1530s
  4566  3660  617.81056  111 1340  581.00000  635.57888  9.39%  1916 1535s
  4598  3692  611.18949  126 1326  581.00000  635.57888  9.39%  1913 1540s
  4643  3737  605.52807  154 1291  581.00000  635.57888  9.39%  1907 1545s
  4707  3801  599.01938  179 1236  581.00000  635.57888  9.39%  1894 1550s
  4806  3900  591.72660  204 1206  581.00000  635.57888  9.39%  1869 1555s
  4973  4065  582.96618  229 1116  581.00000  635.57888  9.39%  1819 1560s
  5010  4085  633.40309   26 1452  581.00000  635.57797  9.39%  1810 1577s
  5026  4101  631.12797   42 1440  581.00000  635.57797  9.39%  1807 1580s
  5041  4116  629.13874   57 1422  581.00000  635.57797  9.39%  1805 1585s
  5066  4141  625.92923   80 1395  581.00000  635.57797  9.39%  1801 1590s
  5096  4171  619.59409  103 1359  581.00000  635.57797  9.39%  1798 1595s
  5121  4196  615.37763  119 1339  581.00000  635.57797  9.39%  1797 1600s
  5159  4234  610.39617  145 1321  581.00000  635.57797  9.39%  1794 1605s
  5208  4283  603.35757  164 1263  581.00000  635.57797  9.39%  1788 1610s
  5275  4350  596.95904  187 1235  581.00000  635.57797  9.39%  1777 1615s
  5384  4459  590.39659  217 1170  581.00000  635.57797  9.39%  1753 1620s
  5543  4601  633.74183   15 1460  581.00000  635.51699  9.38%  1713 1625s
  5570  4628  629.24150   42 1421  581.00000  635.51699  9.38%  1710 1630s
  5614  4672  623.25706   85 1380  581.00000  635.51699  9.38%  1702 1635s
  5649  4707  616.42755  112 1347  581.00000  635.51699  9.38%  1699 1640s
  5690  4748  610.11405  139 1318  581.00000  635.51699  9.38%  1696 1645s
  5747  4805  601.87316  165 1261  581.00000  635.51699  9.38%  1691 1650s
  5860  4918  591.66018  194 1205  581.00000  635.51699  9.38%  1670 1655s
  5991  5049  582.79473  229 1120  581.00000  635.51699  9.38%  1645 1660s
  6030  5070  631.45658   33 1453  581.00000  635.51633  9.38%  1639 1665s
  6064  5104  627.04267   67 1416  581.00000  635.51633  9.38%  1635 1670s
  6097  5137  619.21957   95 1370  581.00000  635.51633  9.38%  1632 1675s
  6131  5171  615.43189  124 1339  581.00000  635.51633  9.38%  1630 1680s
  6132  5172  614.13577  121 1343  581.00000  635.51633  9.38%  1630 1689s
  6138  5178  614.00253  130 1341  581.00000  635.51633  9.38%  1629 1690s
  6158  5198  611.28856  141 1312  581.00000  635.51633  9.38%  1629 1706s
  6189  5229  606.87038  158 1281  581.00000  635.51633  9.38%  1626 1710s
  6249  5289  598.98154  179 1249  581.00000  635.51633  9.38%  1622 1715s
  6320  5360  593.62462  198 1208  581.00000  635.51633  9.38%  1614 1720s
  6448  5488  584.79591  232 1124  581.00000  635.51633  9.38%  1591 1725s
  6530  5537  632.20869   37 1453  581.00000  635.23563  9.33%  1577 1730s
  6568  5575  626.33701   75 1414  581.00000  635.23563  9.33%  1573 1735s
  6615  5622  618.45714  120 1362  581.00000  635.23563  9.33%  1568 1740s
  6652  5659  612.09776  145 1331  581.00000  635.23563  9.33%  1567 1745s
  6702  5709  603.93448  165 1272  581.00000  635.23563  9.33%  1565 1750s
  6792  5799  593.29032  197 1220  581.00000  635.23563  9.33%  1555 1755s
  6897  5904  588.33333  221 1149  581.00000  635.23563  9.33%  1542 1760s
  7031  6021  633.25210   30 1454  581.00000  635.23493  9.33%  1520 1765s
  7068  6058  627.83081   67 1415  581.00000  635.23493  9.33%  1517 1770s
  7112  6102  618.87298  109 1368  581.00000  635.23493  9.33%  1513 1775s
  7150  6140  612.46252  133 1332  581.00000  635.23493  9.33%  1511 1780s
  7190  6180  607.05624  153 1305  581.00000  635.23493  9.33%  1510 1785s
  7247  6237  599.48090  176 1266  581.00000  635.23493  9.33%  1508 1790s
  7346  6336  590.83476  210 1190  581.00000  635.23493  9.33%  1497 1795s
  7486  6452  633.53786   19 1456  581.00000  635.13801  9.32%  1477 1800s
  7513  6479  629.16698   46 1422  581.00000  635.13801  9.32%  1476 1805s
  7554  6520  622.16293   87 1381  581.00000  635.13801  9.32%  1472 1810s
  7595  6561  614.58864  118 1325  581.00000  635.13801  9.32%  1470 1815s
  7650  6616  604.66317  152 1276  581.00000  635.13801  9.32%  1467 1820s
  7735  6701  595.16491  184 1189  581.00000  635.13801  9.32%  1458 1825s
  7885  6851  583.47717  223 1116  581.00000  635.13801  9.32%  1439 1830s
  7945  6894  631.34528   38 1441  581.00000  635.13751  9.32%  1432 1835s
  7979  6928  625.44570   72 1406  581.00000  635.13751  9.32%  1429 1840s
  8006  6955  620.45724   96 1376  581.00000  635.13751  9.32%  1428 1845s
  8016  6965  618.67314  105 1369  581.00000  635.13751  9.32%  1428 1850s
  8066  7015  608.62128  138 1311  581.00000  635.13751  9.32%  1426 1855s
  8127  7076  601.59006  169 1255  581.00000  635.13751  9.32%  1422 1860s
  8210  7159  594.07274  194 1209  581.00000  635.13751  9.32%  1416 1865s
  8400  7316  627.13375   16 1423  581.00000  635.13747  9.32%  1392 1870s
  8429  7345  596.84164   45 1269  581.00000  635.13747  9.32%  1392 1875s
  8474  7382  630.54425   36 1440  581.00000  634.98811  9.29%  1389 1880s
  8521  7429  622.67371   83 1383  581.00000  634.98811  9.29%  1386 1885s
  8590  7498  606.02132  152 1293  581.00000  634.98811  9.29%  1381 1890s
  8697  7575  624.55392   18 1423  581.00000  634.97410  9.29%  1369 1895s
  8706  7584  619.26314   22 1394  581.00000  634.97410  9.29%  1371 1900s
  8716  7594  618.08460   27 1384  581.00000  634.97410  9.29%  1374 1905s
  8724  7602  609.00944   31 1351  581.00000  634.97410  9.29%  1376 1911s
  8734  7612  614.54699   36 1364  581.00000  634.97410  9.29%  1378 1915s
  8744  7622  607.83727   41 1339  581.00000  634.97410  9.29%  1381 1920s
  8752  7630  606.54586   45 1330  581.00000  634.97410  9.29%  1383 1925s
  8764  7642  602.38230   51 1316  581.00000  634.97410  9.29%  1386 1930s
  8772  7650  614.25955   55 1357  581.00000  634.97410  9.29%  1387 1935s
  8785  7663  617.16650   62 1376  581.00000  634.97410  9.29%  1389 1940s
  8800  7678  612.51947   69 1346  581.00000  634.97410  9.29%  1392 1945s
  8820  7698  607.72905   79 1327  581.00000  634.97410  9.29%  1394 1958s
  8821  7699  613.55076   80 1360  581.00000  634.97410  9.29%  1394 1962s
  8830  7708  608.45009   84 1334  581.00000  634.97410  9.29%  1396 1965s
  8850  7728  607.43598   94 1313  581.00000  634.97410  9.29%  1398 1970s
  8878  7756  600.88580  108 1282  581.00000  634.97410  9.29%  1401 1975s
  8916  7794  597.26777  127 1277  581.00000  634.97410  9.29%  1402 1980s
  8976  7854  592.28703  157 1241  581.00000  634.97410  9.29%  1401 1985s
  9077  7920  634.14765   23 1457  581.00000  634.97371  9.29%  1394 1990s
  9111  7954  628.82643   57 1419  581.00000  634.97371  9.29%  1393 1995s
  9162  8005  619.22779  108 1355  581.00000  634.97371  9.29%  1390 2000s
  9289  8132  583.66432  235 1146  581.00000  634.97371  9.29%  1378 2005s
  9314  8134  633.49047   22 1458  581.00000  634.96781  9.29%  1376 2018s
  9326  8146  631.73612   34 1447  581.00000  634.96781  9.29%  1375 2020s
  9370  8190  622.47325   78 1377  581.00000  634.96781  9.29%  1373 2025s
  9473  8293  586.13326  181 1119  581.00000  634.96781  9.29%  1364 2030s
  9531  8323  621.46882   41 1406  581.00000  634.86566  9.27%  1360 2035s
  9591  8383  610.70280  100 1345  581.00000  634.86566  9.27%  1356 2040s
  9653  8445  598.44270  140 1282  581.00000  634.86566  9.27%  1355 2045s
  9752  8544  586.34585  184 1215  581.00000  634.86566  9.27%  1349 2050s
  9822  8599  619.58241   37 1374  581.00000  634.83936  9.27%  1345 2055s
  9882  8641  627.94513   24 1442  581.00000  634.74040  9.25%  1342 2060s
  9933  8692  619.32236   75 1386  581.00000  634.74040  9.25%  1339 2065s
 10020  8779  596.78704  162 1274  581.00000  634.74040  9.25%  1332 2070s
 10097  8840  628.24716   31 1415  581.00000  634.73974  9.25%  1326 2075s
 10130  8873  588.70628   64 1234  581.00000  634.73974  9.25%  1327 2080s
 10181  8898  626.27627   23 1421  581.00000  634.64310  9.23%  1324 2085s
 10195  8912  588.24676   29 1250  581.00000  634.64310  9.23%  1327 2090s
 10203  8915  614.25238   56 1484  581.00000  634.64310  9.23%  1326 2889s
 10205  8916  605.17592  169 1352  581.00000  634.64310  9.23%  1326 2890s
 10206  8917  608.79539  145 1483  581.00000  634.64310  9.23%  1326 2898s
 10207  8918  604.01377  169 1489  581.00000  632.39424  8.85%  1326 2901s
 10213  8922  607.30069  157 1490  581.00000  630.78817  8.57%  1325 2918s
 10214  8922  585.04276  208 1490  581.00000  630.72287  8.56%  1325 2934s
 10216  8924  620.55878   95 1490  581.00000  630.69325  8.55%  1325 2951s
 10217  8924  596.42633  197 1486  581.00000  630.08568  8.45%  1324 2969s
 10219  8926  582.17091  236 1489  581.00000  629.91377  8.42%  1324 2970s
 10221  8927  620.25182   94 1490  581.00000  629.90274  8.42%  1324 2987s
 10222  8928  599.96040  181 1492  581.00000  629.39536  8.33%  1324 3003s
 10225  8930  608.91842  132 1492  581.00000  629.18963  8.29%  1323 3020s
 10226  8930  609.38435  109 1488  581.00000  628.62616  8.20%  1323 3035s
 10230  8933  603.49291  166 1492  581.00000  628.46679  8.17%  1323 3054s
 10231  8934  607.07505  159 1491  581.00000  628.13547  8.11%  1323 3070s
 10234  8936  596.86441  193 1490  581.00000  628.06574  8.10%  1322 3089s
 10235  8936  586.94012  228 1489  581.00000  627.92335  8.08%  1322 3107s
 10238  8938  582.46840  214 1490  581.00000  627.87617  8.07%  1322 3128s
 10239  8939  597.09787  191 1492  581.00000  627.63482  8.03%  1322 3146s
 10242  8941  626.40442   50 1491  581.00000  627.56202  8.01%  1321 3165s
 10243  8942  627.49341   41 1492  581.00000  627.49341  8.00%  1321 3180s
 10245  8943  589.88261  200 1492  581.00000  627.45349  8.00%  1321 3198s
 10246  8944  611.96726  127 1491  581.00000  627.41418  7.99%  1321 3217s
 10248  8945  607.41061  139 1492  581.00000  627.40042  7.99%  1320 3236s
 10249  8946  589.05241  177 1492  581.00000  627.32965  7.97%  1320 3254s
 10252  8948  624.53653   64 1492  581.00000  627.28336  7.97%  1320 3273s
 10253  8948  608.05759  101 1491  581.00000  627.20233  7.95%  1320 3287s
 10255  8950  585.16176  232 1492  581.00000  627.17716  7.95%  1319 3307s
 10256  8950  584.99115  233 1491  581.00000  627.12829  7.94%  1319 3327s
 10258  8952  620.26784   94 1491  581.00000  627.11297  7.94%  1319 3347s
 10259  8952  587.91468  225 1492  581.00000  627.02189  7.92%  1319 3365s
 10262  8954  626.98477   68 1491  581.00000  626.98477  7.91%  1319 3385s
 10263  8955  598.46991  178 1490  581.00000  626.88182  7.90%  1318 3405s
 10265  8956  587.00237  211 1491  581.00000  626.83696  7.89%  1318 3426s
 10266  8957  612.05508  142 1491  581.00000  626.80871  7.88%  1318 3444s
 10268  8958  583.01630  240 1492  581.00000  626.79396  7.88%  1318 3465s
 10269  8959  620.36952   45 1491  581.00000  626.72452  7.87%  1318 3486s
 10271  8960  626.68830   29 1490  581.00000  626.68830  7.86%  1317 3505s
 10272  8961  626.61275   35 1489  581.00000  626.61275  7.85%  1317 3524s
 10274  8962  622.20058   38 1490  581.00000  626.58913  7.85%  1317 3544s
 10275  8963  617.21419   98 1491  581.00000  626.55518  7.84%  1317 3565s
 10277  8964  585.94776  230 1492  581.00000  626.54145  7.84%  1317 3585s

Cutting planes:
  Gomory: 9
  MIR: 1
  Flow cover: 76
  Zero half: 630
  Mod-K: 2
  RLT: 164
  Relax-and-lift: 1
  BQP: 27

Explored 10277 nodes (13743860 simplex iterations) in 3600.17 seconds (4538.71 work units)
Thread count was 1 (of 24 available processors)

Solution count 10: 581 580 579 ... 569

Time limit reached
Best objective 5.810000000000e+02, best bound 6.260000000000e+02, gap 7.7453%

User-callback calls 175061, time in user-callback 1.22 sec
