
Gurobi 11.0.3 (linux64) logging started Thu Mar  5 16:04:10 2026

Set parameter LogFile to value "./log/train/IS_1500_6/IS_28.lp.log"
Set parameter TimeLimit to value 3600
Gurobi Optimizer version 11.0.3 build v11.0.3rc0 (linux64 - "Ubuntu 22.04.5 LTS")

CPU model: AMD Ryzen 9 9900X 12-Core Processor, instruction set [SSE2|AVX|AVX2|AVX512]
Thread count: 12 physical cores, 24 logical processors, using up to 2 threads

Optimize a model with 9195 rows, 1500 columns and 18116 nonzeros
Model fingerprint: 0xbf4ddd14
Variable types: 0 continuous, 1500 integer (1500 binary)
Coefficient statistics:
  Matrix range     [1e+00, 1e+00]
  Objective range  [1e+00, 1e+00]
  Bounds range     [1e+00, 1e+00]
  RHS range        [1e+00, 1e+00]
Found heuristic solution: objective 335.0000000
Presolve removed 1830 rows and 0 columns
Presolve time: 0.03s
Presolved: 7365 rows, 1500 columns, 16231 nonzeros
Variable types: 0 continuous, 1500 integer (1500 binary)

Root relaxation: objective 6.870000e+02, 3627 iterations, 0.12 seconds (0.20 work units)

    Nodes    |    Current Node    |     Objective Bounds      |     Work
 Expl Unexpl |  Obj  Depth IntInf | Incumbent    BestBd   Gap | It/Node Time

     0     0  687.00000    0 1338  335.00000  687.00000   105%     -    0s
H    0     0                     527.0000000  687.00000  30.4%     -    0s
     0     0  675.10795    0 1430  527.00000  675.10795  28.1%     -    0s
     0     0  675.10795    0 1430  527.00000  675.10795  28.1%     -    0s
     0     0  667.43950    0 1476  527.00000  667.43950  26.6%     -    1s
H    0     0                     557.0000000  667.43950  19.8%     -    1s
     0     0  667.28438    0 1479  557.00000  667.28438  19.8%     -    1s
     0     0  667.27246    0 1479  557.00000  667.27246  19.8%     -    1s
     0     0  667.26874    0 1479  557.00000  667.26874  19.8%     -    1s
     0     0  667.26817    0 1479  557.00000  667.26817  19.8%     -    1s
     0     0  660.49365    0 1472  557.00000  660.49365  18.6%     -    2s
     0     0  660.04916    0 1477  557.00000  660.04916  18.5%     -    2s
     0     0  660.01011    0 1475  557.00000  660.01011  18.5%     -    2s
     0     0  660.00597    0 1475  557.00000  660.00597  18.5%     -    2s
     0     0  656.28072    0 1476  557.00000  656.28072  17.8%     -    3s
     0     0  655.91889    0 1479  557.00000  655.91889  17.8%     -    3s
     0     0  655.88373    0 1477  557.00000  655.88373  17.8%     -    3s
     0     0  655.87135    0 1479  557.00000  655.87135  17.8%     -    3s
     0     0  655.87027    0 1479  557.00000  655.87027  17.8%     -    3s
     0     0  653.76940    0 1479  557.00000  653.76940  17.4%     -    3s
     0     0  653.55246    0 1480  557.00000  653.55246  17.3%     -    3s
     0     0  653.50836    0 1483  557.00000  653.50836  17.3%     -    4s
     0     0  653.50081    0 1483  557.00000  653.50081  17.3%     -    4s
     0     0  652.49178    0 1480  557.00000  652.49178  17.1%     -    4s
H    0     0                     559.0000000  652.49178  16.7%     -    4s
     0     0  652.36725    0 1480  559.00000  652.36725  16.7%     -    4s
     0     0  652.35360    0 1483  559.00000  652.35360  16.7%     -    4s
     0     0  652.35081    0 1483  559.00000  652.35081  16.7%     -    4s
     0     0  651.14255    0 1482  559.00000  651.14255  16.5%     -    4s
     0     0  650.90594    0 1479  559.00000  650.90594  16.4%     -    5s
     0     0  650.87797    0 1482  559.00000  650.87797  16.4%     -    5s
     0     0  650.83990    0 1478  559.00000  650.83990  16.4%     -    5s
     0     0  650.83484    0 1481  559.00000  650.83484  16.4%     -    5s
     0     0  649.73509    0 1480  559.00000  649.73509  16.2%     -    5s
     0     0  649.57191    0 1481  559.00000  649.57191  16.2%     -    5s
     0     0  649.56232    0 1484  559.00000  649.56232  16.2%     -    5s
     0     0  648.83008    0 1484  559.00000  648.83008  16.1%     -    6s
     0     0  648.72748    0 1485  559.00000  648.72748  16.1%     -    6s
     0     0  648.70361    0 1485  559.00000  648.70361  16.0%     -    6s
     0     0  648.70000    0 1484  559.00000  648.70000  16.0%     -    6s
     0     0  647.86622    0 1484  559.00000  647.86622  15.9%     -    6s
H    0     0                     562.0000000  647.86622  15.3%     -    6s
     0     0  647.77394    0 1484  562.00000  647.77394  15.3%     -    6s
     0     0  647.75315    0 1485  562.00000  647.75315  15.3%     -    7s
     0     0  647.74189    0 1485  562.00000  647.74189  15.3%     -    7s
     0     0  647.13439    0 1487  562.00000  647.13439  15.1%     -    7s
     0     0  647.07118    0 1487  562.00000  647.07118  15.1%     -    7s
     0     0  647.06411    0 1488  562.00000  647.06411  15.1%     -    7s
     0     0  646.37567    0 1489  562.00000  646.37567  15.0%     -    7s
     0     0  646.27650    0 1488  562.00000  646.27650  15.0%     -    8s
     0     0  646.26563    0 1489  562.00000  646.26563  15.0%     -    8s
     0     0  645.81032    0 1486  562.00000  645.81032  14.9%     -    8s
     0     0  645.70396    0 1484  562.00000  645.70396  14.9%     -    8s
     0     0  645.68070    0 1488  562.00000  645.68070  14.9%     -    8s
     0     0  645.67257    0 1486  562.00000  645.67257  14.9%     -    8s
     0     0  645.17295    0 1484  562.00000  645.17295  14.8%     -    9s
     0     0  645.08727    0 1482  562.00000  645.08727  14.8%     -    9s
     0     0  645.07333    0 1484  562.00000  645.07333  14.8%     -    9s
     0     0  644.68319    0 1488  562.00000  644.68319  14.7%     -    9s
     0     0  644.64434    0 1485  562.00000  644.64434  14.7%     -    9s
     0     0  644.62917    0 1488  562.00000  644.62917  14.7%     -    9s
     0     0  643.94249    0 1486  562.00000  643.94249  14.6%     -   10s
H    0     0                     563.0000000  643.94249  14.4%     -   10s
     0     0  643.84608    0 1487  563.00000  643.84608  14.4%     -   10s
     0     0  643.82770    0 1489  563.00000  643.82770  14.4%     -   10s
     0     0  643.81912    0 1488  563.00000  643.81912  14.4%     -   10s
     0     0  643.29447    0 1485  563.00000  643.29447  14.3%     -   10s
     0     0  643.18040    0 1485  563.00000  643.18040  14.2%     -   10s
     0     0  643.16096    0 1485  563.00000  643.16096  14.2%     -   10s
     0     0  643.15534    0 1487  563.00000  643.15534  14.2%     -   10s
     0     0  642.83144    0 1484  563.00000  642.83144  14.2%     -   11s
H    0     0                     565.0000000  642.83144  13.8%     -   11s
     0     0  642.76945    0 1485  565.00000  642.76945  13.8%     -   11s
     0     0  642.76313    0 1486  565.00000  642.76313  13.8%     -   11s
     0     0  642.43656    0 1488  565.00000  642.43656  13.7%     -   11s
H    0     0                     575.0000000  642.43656  11.7%     -   11s
     0     0  642.32894    0 1487  575.00000  642.32894  11.7%     -   11s
     0     0  642.32432    0 1489  575.00000  642.32432  11.7%     -   11s
     0     0  641.86314    0 1484  575.00000  641.86314  11.6%     -   12s
H    0     0                     578.0000000  641.86314  11.0%     -   12s
     0     0  641.81017    0 1487  578.00000  641.81017  11.0%     -   12s
     0     0  641.80327    0 1489  578.00000  641.80327  11.0%     -   12s
     0     0  641.59916    0 1490  578.00000  641.59916  11.0%     -   12s
H    0     0                     581.0000000  641.59916  10.4%     -   12s
     0     0  641.54890    0 1490  581.00000  641.54890  10.4%     -   12s
     0     0  641.54237    0 1489  581.00000  641.54237  10.4%     -   12s
     0     0  641.37280    0 1487  581.00000  641.37280  10.4%     -   13s
     0     0  641.34702    0 1489  581.00000  641.34702  10.4%     -   13s
     0     0  641.34210    0 1489  581.00000  641.34210  10.4%     -   13s
     0     0  641.06006    0 1491  581.00000  641.06006  10.3%     -   13s
     0     0  641.03152    0 1490  581.00000  641.03152  10.3%     -   13s
     0     0  641.02651    0 1491  581.00000  641.02651  10.3%     -   13s
     0     0  640.85885    0 1490  581.00000  640.85885  10.3%     -   13s
     0     0  640.83798    0 1493  581.00000  640.83798  10.3%     -   13s
     0     0  640.83426    0 1493  581.00000  640.83426  10.3%     -   13s
     0     0  640.66942    0 1489  581.00000  640.66942  10.3%     -   14s
     0     0  640.66942    0 1487  581.00000  640.66942  10.3%     -   14s
     0     2  640.66942    0 1486  581.00000  640.66942  10.3%     -   15s
    15    18  635.81598    6 1450  581.00000  640.47656  10.2%  2804   20s
    26    31  631.21924   10 1417  581.00000  640.47656  10.2%  2659   25s
    53    57  624.65029   18 1385  581.00000  640.47656  10.2%  2576   30s
H   56    61                     582.0000000  640.47656  10.0%  2563   31s
H   58    61                     583.0000000  640.47656  9.86%  2575   31s
    82    91  622.57355   30 1371  583.00000  640.47656  9.86%  2487   35s
H   87    91                     584.0000000  640.47656  9.67%  2448   35s
   110   121  609.49920   35 1314  584.00000  640.47656  9.67%  2211   40s
H  114   121                     586.0000000  640.47656  9.30%  2147   40s
H  146   136                     588.0000000  640.47656  8.92%  1871   43s
   165   163  594.98651   58 1204  588.00000  640.47656  8.92%  1831   45s
H  173   163                     589.0000000  640.47656  8.74%  1789   45s
   229   197  633.26391    6 1432  589.00000  640.30287  8.71%  1605   50s
   270   219  626.05509   17 1391  589.00000  640.30287  8.71%  1604   55s
   319   279  608.95181   37 1310  589.00000  640.30287  8.71%  1659   61s
   431   320  635.28155    6 1450  589.00000  639.73407  8.61%  1407   66s
   448   339  629.30307   12 1416  589.00000  639.73407  8.61%  1453   70s
   475   371  627.70706   23 1404  589.00000  639.73407  8.61%  1512   76s
   520   425  591.83546   33 1236  589.00000  639.73407  8.61%  1564   81s
   549   449  594.21009   45 1226  589.00000  639.61038  8.59%  1544   85s
   639   506  614.95534   19 1348  589.00000  639.54517  8.58%  1498   92s
   672   524  601.03407   28 1288  589.00000  639.30399  8.54%  1485   96s
   727   550  632.37460   15 1437  589.00000  639.30372  8.54%  1479  100s
   762   601  627.16241   21 1412  589.00000  639.30372  8.54%  1518  106s
   845   646  603.19556   32 1297  589.00000  639.10767  8.51%  1485  113s
   895   647  615.66847   12 1487  589.00000  639.02392  8.49%  1448  124s
   897   648  612.18757   44 1338  589.00000  639.02392  8.49%  1445  125s
   898   649  591.79641   56 1484  589.00000  639.02392  8.49%  1443  130s
   904   653  594.42703   32 1491  589.00000  639.02392  8.49%  1434  137s
   905   654  601.90568   46 1485  589.00000  639.02392  8.49%  1432  143s
   907   655  609.89635   14 1489  589.00000  639.02392  8.49%  1429  147s
   908   656  609.02374   31 1486  589.00000  639.02392  8.49%  1428  151s
   910   657  628.81064   16 1487  589.00000  639.02392  8.49%  1424  156s
   911   658  602.96313   39 1486  589.00000  639.02392  8.49%  1423  161s
   912   658  596.09991   32 1487  589.00000  639.02392  8.49%  1421  166s
   913   659  630.76284   18 1488  589.00000  639.02392  8.49%  1420  170s
   914   660  592.66182   53 1485  589.00000  639.02392  8.49%  1418  175s
   916   661  595.20086   47 1486  589.00000  639.02392  8.49%  1415  183s
   917   662  595.72180   34 1486  589.00000  639.02392  8.49%  1414  193s
   922   668  638.64118   17 1474  589.00000  639.02392  8.49%  1473  195s
   940   681  638.42449   22 1474  589.00000  639.02392  8.49%  1496  200s
   962   697  636.75510   28 1465  589.00000  639.02392  8.49%  1519  205s
   994   720  635.07827   35 1450  589.00000  639.02392  8.49%  1537  210s
  1020   738  633.02079   42 1442  589.00000  639.02392  8.49%  1568  215s
  1048   756  631.13892   48 1436  589.00000  639.02392  8.49%  1582  220s
  1081   785  628.62127   54 1425  589.00000  639.02392  8.49%  1602  225s
  1114   805  626.60614   62 1410  589.00000  639.02392  8.49%  1614  230s
  1148   828  623.86500   69 1402  589.00000  639.02392  8.49%  1626  235s
  1170   846  622.46695   74 1396  589.00000  639.02392  8.49%  1642  240s
  1200   865  620.82606   80 1387  589.00000  639.02392  8.49%  1653  245s
  1242   895  618.79057   89 1377  589.00000  639.02392  8.49%  1683  252s
  1274   919  617.19636   97 1366  589.00000  639.02392  8.49%  1705  257s
  1311   944  615.74561  105 1352  589.00000  639.02392  8.49%  1729  262s
  1330   962  615.27689  109 1354  589.00000  639.02392  8.49%  1744  265s
  1377   996  609.79682  118 1314  589.00000  639.02392  8.49%  1770  272s
  1404  1020  612.94107  124 1339  589.00000  639.02392  8.49%  1779  276s
  1437  1044  608.09585  130 1302  589.00000  639.02392  8.49%  1787  280s
  1516  1115  610.07463  146 1299  589.00000  639.02392  8.49%  1792  288s
  1575  1171  608.63466  156 1268  589.00000  639.02392  8.49%  1777  292s
  1663  1172  607.45332  167 1265  589.00000  639.02392  8.49%  1729  296s
  1701  1203  605.17550  181 1236  589.00000  639.02392  8.49%  1727  301s
  1745  1254  600.18046  200 1208  589.00000  639.02392  8.49%  1723  306s
  1834  1234     cutoff  238       589.00000  638.64113  8.43%  1678  311s
  1846  1242  637.81666   22 1471  589.00000  638.64113  8.43%  1692  315s
  1858  1250  637.24152   25 1468  589.00000  638.64113  8.43%  1707  320s
  1870  1258  636.65178   28 1462  589.00000  638.64113  8.43%  1724  325s
  1882  1270  636.21795   31 1462  589.00000  638.64113  8.43%  1739  330s
  1898  1281  635.60040   35 1456  589.00000  638.64113  8.43%  1756  335s
  1914  1291  635.14016   39 1452  589.00000  638.64113  8.43%  1772  340s
  1930  1304  634.50021   43 1447  589.00000  638.64113  8.43%  1788  345s
  1948  1318  633.57185   48 1440  589.00000  638.64113  8.43%  1806  351s
  1968  1332  632.92209   53 1434  589.00000  638.64113  8.43%  1823  357s
  1989  1344  632.14445   58 1429  589.00000  638.64113  8.43%  1840  363s
  2008  1366  631.34997   63 1422  589.00000  638.64113  8.43%  1855  369s
  2036  1387  630.40220   70 1413  589.00000  638.64113  8.43%  1869  375s
  2066  1409  624.93646   77 1380  589.00000  638.64113  8.43%  1884  381s
  2098  1432  627.54485   86 1392  589.00000  638.64113  8.43%  1899  388s
  2132  1460  625.73124   95 1368  589.00000  638.64113  8.43%  1912  395s
H 2143  1404                     590.0000000  638.64113  8.24%  1914  395s
  2171  1440  624.45308  105 1362  590.00000  638.64113  8.24%  1923  403s
  2216  1479  623.27936  116 1345  590.00000  638.64113  8.24%  1932  411s
  2270  1522  621.84573  129 1335  590.00000  638.64113  8.24%  1936  418s
  2331  1584  616.98813  144 1301  590.00000  638.64113  8.24%  1933  427s
  2414  1679  612.46577  169 1287  590.00000  638.64113  8.24%  1915  435s
  2538  1800  602.20149  203 1209  590.00000  638.64105  8.24%  1871  445s
  2747  1746  636.99505   20 1459  590.00000  638.64105  8.24%  1770  453s
  2780  1753  636.42393   23 1458  590.00000  638.64105  8.24%  1767  462s
H 2790  1728                     591.0000000  638.64105  8.06%  1775  462s
  2798  1758  635.35573   28 1454  591.00000  638.64105  8.06%  1783  471s
  2828  1770  634.33490   35 1443  591.00000  638.64105  8.06%  1806  481s
  2840  1806  634.07537   37 1440  591.00000  638.64105  8.06%  1814  493s
  2876  1851  633.07596   45 1436  591.00000  638.64105  8.06%  1837  503s
  2921  1871  631.29916   55 1417  591.00000  638.64105  8.06%  1857  512s
  2941  1914  630.54353   61 1405  591.00000  638.64105  8.06%  1865  523s
  2984  1962  629.16176   71 1389  591.00000  638.64105  8.06%  1878  542s
  3032  2024  626.56745   83 1375  591.00000  638.64105  8.06%  1893  553s
  3094  2140  623.76976   97 1358  591.00000  638.64105  8.06%  1904  565s
  3210  2369  619.98784  121 1321  591.00000  638.64105  8.06%  1905  577s
  3469  2507  612.99172  161 1298  591.00000  638.44873  8.03%  1838  590s
  3636  2545  637.44514   22 1468  591.00000  638.44873  8.03%  1807  604s
  3674  2577  635.75798   31 1451  591.00000  638.44873  8.03%  1830  617s
  3706  2628  634.76830   39 1436  591.00000  638.44873  8.03%  1848  631s
  3757  2689  633.35487   50 1427  591.00000  638.44873  8.03%  1871  645s
  3818  2747  631.11023   64 1415  591.00000  638.44873  8.03%  1891  660s
  3876  2846  628.97463   75 1399  591.00000  638.44873  8.03%  1907  675s
  3975  2963  622.08815   96 1364  591.00000  638.44873  8.03%  1922  690s
  4092  3045  622.58320  116 1333  591.00000  638.44873  8.03%  1920  705s
  4174  3281  619.78301  119 1320  591.00000  638.44873  8.03%  1903  721s
  4432  3700  614.46499  160 1289  591.00000  637.99984  7.95%  1848  737s
  4880  4079  627.39557   69 1382  591.00000  637.99984  7.95%  1746  754s
  5281  4485  606.78944  171 1236  591.00000  637.84529  7.93%  1664  770s
  5709  4985  627.26112   38 1404  591.00000  637.84529  7.93%  1588  786s
  6251  5310  592.75000  181  954  591.00000  637.80040  7.92%  1508  801s
  6596  5701  614.42963  132 1294  591.00000  637.79969  7.92%  1475  815s
  7063  6080  631.51417   44 1425  591.00000  637.72719  7.91%  1420  829s
  7442  6662  604.99715  170 1257  591.00000  637.72446  7.91%  1390  848s
  8111  6801  636.04363   32 1457  591.00000  637.48670  7.87%  1325  854s
  8250  6933  629.50999   70 1409  591.00000  637.48670  7.87%  1314  860s
  8402  7105  616.08805  142 1333  591.00000  637.48231  7.87%  1302  866s
  8588  7226  634.91368   37 1451  591.00000  637.48231  7.87%  1287  873s
  8725  7376  626.31393   85 1394  591.00000  637.48231  7.87%  1279  880s
  8885  7568  614.18373  150 1317  591.00000  637.48231  7.87%  1271  888s
  9077  7832  602.87760  190 1245  591.00000  637.48231  7.87%  1260  895s
  9353  7942  593.54467  216 1142  591.00000  637.34844  7.84%  1240  903s
  9493  7985  599.17506   32 1281  591.00000  637.26202  7.83%  1235  910s
  9588  8110  625.37633   44 1398  591.00000  637.18749  7.82%  1235  919s
  9759  8225  629.80216   28 1414  591.00000  637.18743  7.82%  1227  927s
  9884  8341  596.97584   87 1233  591.00000  637.09966  7.80%  1224  934s
 10024  8552  629.74888   62 1414  591.00000  637.09248  7.80%  1219  942s
 10235  8734  612.01518  158 1288  591.00000  637.09232  7.80%  1208  950s
 10447  8984  623.16907   60 1378  591.00000  636.98811  7.78%  1196  958s
 10735  9144  627.83337   27 1416  591.00000  636.97826  7.78%  1179  966s
 10895  9321  607.72929  125 1295  591.00000  636.97744  7.78%  1173  973s
 11103  9344  635.24218   23 1443  591.00000  636.96395  7.78%  1163  982s
 11126  9369  634.19862   29 1437  591.00000  636.96395  7.78%  1169  990s
 11151  9399  633.05039   36 1433  591.00000  636.96395  7.78%  1175  999s
 11181  9430  631.80642   44 1424  591.00000  636.96395  7.78%  1181 1008s
 11212  9463  630.90845   52 1417  591.00000  636.96395  7.78%  1188 1017s
 11245  9501  629.18722   61 1403  591.00000  636.96395  7.78%  1195 1025s
 11283  9548  627.09178   71 1388  591.00000  636.96395  7.78%  1202 1034s
 11330  9608  622.99998   84 1363  591.00000  636.96395  7.78%  1209 1043s
 11390  9690  620.61541  103 1347  591.00000  636.96395  7.78%  1215 1052s
 11472  9795  615.38862  127 1322  591.00000  636.96395  7.78%  1220 1061s
 11577  9957  607.58684  158 1241  591.00000  636.91032  7.77%  1225 1070s
 11769 10208  630.34672   30 1423  591.00000  636.91032  7.77%  1223 1079s
 12052 10356  604.45628  163 1243  591.00000  636.87147  7.76%  1212 1088s
 12242 10560  616.44968   90 1345  591.00000  636.84589  7.76%  1205 1096s
 12458 10727  630.66373   65 1407  591.00000  636.84589  7.76%  1197 1103s
 12639 10956  614.19032  153 1306  591.00000  636.84589  7.76%  1192 1111s
 12880 11223  598.09089  206 1189  591.00000  636.81524  7.75%  1184 1120s
 13205 11346  596.24813   77 1250  591.00000  636.81254  7.75%  1169 1128s
 13346 11554  618.25374   86 1355  591.00000  636.73253  7.74%  1166 1136s
 13564 11619  612.45369   43 1313  591.00000  636.70974  7.73%  1159 1145s
 13666 11658  605.61360   36 1316  591.00000  636.69801  7.73%  1161 1155s
 13775 11830  635.36780   32 1455  591.00000  636.67054  7.73%  1163 1163s
 13947 12063  622.47416  104 1360  591.00000  636.66592  7.73%  1159 1172s
 14214 12269  630.07571   30 1422  591.00000  636.65645  7.73%  1148 1180s
 14436 12473  610.82266  122 1294  591.00000  636.64095  7.72%  1142 1188s
 14675 12474  597.70081  210 1487  591.00000  636.63120  7.72%  1134 1837s
 14678 12476  610.71310  172 1488  591.00000  636.63120  7.72%  1134 1846s
 14685 12481  621.93164   87 1491  591.00000  634.59111  7.38%  1133 1861s
 14686 12481  597.60665   72 1489  591.00000  634.49709  7.36%  1133 1872s
 14688 12483  592.37375  220 1491  591.00000  634.47827  7.36%  1133 1884s
 14689 12483  629.05414   62 1487  591.00000  634.22268  7.31%  1133 1894s
 14693 12486  596.38079  191 1487  591.00000  633.93316  7.26%  1133 1905s
 14694 12487  602.74264  176 1486  591.00000  633.57856  7.20%  1133 1913s
 14697 12489  600.68670  204 1488  591.00000  633.45635  7.18%  1132 1924s
 14698 12489  600.63987   52 1488  591.00000  633.24955  7.15%  1132 1934s
 14700 12491  620.28829   87 1490  591.00000  633.19499  7.14%  1132 1947s
 14701 12491  617.00153  147 1492  591.00000  633.08399  7.12%  1132 1959s
 14703 12493  600.64196  192 1491  591.00000  633.05385  7.12%  1132 1970s
 14704 12493  632.88770   29 1490  591.00000  632.88770  7.09%  1132 1979s
 14707 12495  615.62713  121 1491  591.00000  632.82736  7.08%  1132 1990s
 14708 12496  611.20989  173 1490  591.00000  632.79340  7.07%  1132 2001s
 14709 12497  604.85713  167 1491  591.00000  632.78892  7.07%  1131 2011s
 14710 12497  593.52324  211 1490  591.00000  632.76091  7.07%  1131 2021s
 14712 12499  609.29048  121 1492  591.00000  632.74855  7.06%  1131 2033s
 14713 12499  611.47774  145 1488  591.00000  632.72843  7.06%  1131 2042s
 14714 12500  624.48432   40 1493  591.00000  632.72188  7.06%  1131 2055s
 14715 12501  595.20361   84 1495  591.00000  632.65344  7.05%  1131 2065s
 14718 12503  626.55844   37 1495  591.00000  632.58117  7.04%  1131 2078s
 14719 12503  616.27324  124 1494  591.00000  632.54907  7.03%  1131 2089s
 14720 12504  603.99623  145 1495  591.00000  632.54320  7.03%  1131 2100s
 14721 12505  613.68437  139 1491  591.00000  632.51362  7.02%  1131 2110s
 14723 12506  612.34791  114 1491  591.00000  632.50083  7.02%  1130 2123s
 14724 12507  609.94045  130 1492  591.00000  632.48387  7.02%  1130 2133s
 14725 12507  593.81455  245 1491  591.00000  632.47890  7.02%  1130 2143s
 14726 12508  627.90527   43 1492  591.00000  632.47776  7.02%  1130 2154s
 14727 12509  622.31371  106 1493  591.00000  632.47745  7.02%  1130 2163s
 14728 12509  615.32441  121 1495  591.00000  632.47231  7.02%  1130 2172s
 14729 12510  620.05021  133 1495  591.00000  632.46850  7.02%  1130 2182s
 14730 12511  628.64143   54 1493  591.00000  632.46757  7.02%  1130 2193s
 14731 12511  618.31227   79 1494  591.00000  632.46712  7.02%  1130 2205s
 14732 12512  603.93587  117 1494  591.00000  632.46135  7.02%  1130 2217s
 14733 12513  614.62145  145 1493  591.00000  632.45844  7.01%  1130 2230s
 14734 12513  603.52422  176 1492  591.00000  632.45703  7.01%  1130 2241s
 14735 12514  621.71976   86 1492  591.00000  632.45622  7.01%  1129 2253s
 14736 12515  617.64198  135 1495  591.00000  632.43856  7.01%  1129 2265s
 14738 12516  630.84229   43 1493  591.00000  632.42283  7.01%  1129 2277s
 14739 12517  630.25359   33 1493  591.00000  632.42220  7.01%  1129 2290s
 14740 12517  623.26546   88 1493  591.00000  632.42202  7.01%  1129 2302s
 14741 12518  628.16979   47 1493  591.00000  632.42201  7.01%  1129 2315s
 14742 12519  623.81811   57 1493  591.00000  632.42198  7.01%  1129 2327s
 14743 12519  627.10744   83 1493  591.00000  632.42055  7.01%  1129 2341s
 14744 12520  624.11646  102 1495  591.00000  632.41991  7.01%  1129 2351s
 14745 12521  626.21059   57 1493  591.00000  632.41943  7.01%  1129 2364s
 14746 12521  628.02161   45 1493  591.00000  632.41937  7.01%  1129 2377s
 14747 12522  593.97436  225 1493  591.00000  632.41936  7.01%  1129 2389s
 14748 12523  611.28233  173 1493  591.00000  632.41935  7.01%  1128 2401s
 14749 12523  598.94615  208 1493  591.00000  632.41934  7.01%  1128 2412s
 14750 12524  616.66233  131 1493  591.00000  632.40782  7.01%  1128 2424s
 14751 12525  614.10508  104 1493  591.00000  632.40747  7.01%  1128 2437s
 14752 12525  612.40131  146 1493  591.00000  632.40747  7.01%  1128 2449s
 14753 12529  632.22415   31 1491  591.00000  632.40474  7.01%  1134 2450s
 14765 12537  629.51212   34 1469  591.00000  631.52253  6.86%  1135 2455s
 14777 12545  629.58335   37 1470  591.00000  631.52253  6.86%  1137 2460s
 14793 12558  629.34353   41 1479  591.00000  631.52253  6.86%  1139 2465s
 14809 12568  628.24079   45 1474  591.00000  631.52253  6.86%  1141 2470s
 14829 12583  627.20587   50 1468  591.00000  631.52253  6.86%  1143 2475s
 14847 12596  625.80146   54 1463  591.00000  631.52253  6.86%  1144 2480s
 14865 12609  624.51656   58 1459  591.00000  631.52253  6.86%  1146 2485s
 14887 12625  623.22654   63 1456  591.00000  631.52253  6.86%  1148 2491s
 14905 12639  622.01173   67 1449  591.00000  631.52253  6.86%  1150 2495s
 14937 12661  619.68302   74 1438  591.00000  631.52253  6.86%  1152 2501s
 14957 12674  617.82700   79 1426  591.00000  631.52253  6.86%  1154 2506s
 14979 12690  616.66919   84 1418  591.00000  631.52253  6.86%  1156 2511s
 15006 12709  615.11614   90 1418  591.00000  631.52253  6.86%  1159 2517s
 15019 12718  614.45050   93 1415  591.00000  631.52253  6.86%  1160 2521s
 15047 12739  612.93833   99 1408  591.00000  631.52253  6.86%  1164 2527s
 15063 12749  611.99797  103 1405  591.00000  631.52253  6.86%  1166 2531s
 15095 12773  610.72436  110 1390  591.00000  631.52253  6.86%  1169 2539s
 15113 12785  610.21293  114 1389  591.00000  631.52253  6.86%  1172 2543s
 15131 12800  609.67300  118 1388  591.00000  631.52253  6.86%  1174 2547s
 15152 12815  608.91962  123 1381  591.00000  631.52253  6.86%  1176 2551s
 15174 12828  608.22091  128 1375  591.00000  631.52253  6.86%  1178 2556s
 15196 12843  607.44037  133 1370  591.00000  631.52253  6.86%  1181 2561s
 15219 12861  606.89349  138 1364  591.00000  631.52253  6.86%  1183 2565s
 15248 12880  606.06791  144 1352  591.00000  631.52253  6.86%  1185 2570s
 15321 12925  603.96801  158 1338  591.00000  631.52253  6.86%  1189 2579s
 15380 12935  603.01391  166 1326  591.00000  631.52253  6.86%  1190 2585s
 15428 12946  601.22823  176 1304  591.00000  631.52253  6.86%  1191 2592s
 15455 12970  599.73789  186 1306  591.00000  631.52253  6.86%  1193 2598s
 15489 12992  592.82275  200 1220  591.00000  631.36318  6.83%  1195 2605s
 15546 12986  629.00180   35 1459  591.00000  631.36318  6.83%  1195 2612s
 15559 12996  628.52111   38 1454  591.00000  631.36318  6.83%  1197 2619s
 15574 13007  627.66507   42 1452  591.00000  631.36318  6.83%  1200 2626s
 15590 13020  626.95014   46 1448  591.00000  631.36318  6.83%  1203 2632s
 15608 13030  621.81394   50 1419  591.00000  631.36318  6.83%  1206 2640s
 15624 13045  625.35243   55 1438  591.00000  631.36318  6.83%  1209 2648s
 15644 13053  624.62461   60 1432  591.00000  631.36318  6.83%  1212 2665s
 15659 13073  624.11368   64 1426  591.00000  631.36318  6.83%  1214 2672s
 15684 13069  623.31225   70 1418  591.00000  631.36318  6.83%  1218 2689s
 15688 13097  622.98239   71 1418  591.00000  631.36318  6.83%  1218 2698s
 15718 13089  621.41392   79 1410  591.00000  631.36318  6.83%  1222 2714s
 15720 13121  614.74735   79 1377  591.00000  631.36318  6.83%  1223 2723s
 15752 13149  620.04142   88 1401  591.00000  631.36318  6.83%  1226 2733s
 15791 13182  618.68495   98 1383  591.00000  631.36318  6.83%  1231 2742s
 15837 13223  610.96491  110 1339  591.00000  631.36318  6.83%  1234 2753s
 15893 13269  611.89176  125 1333  591.00000  631.36318  6.83%  1238 2764s
 15958 13335  609.70589  143 1326  591.00000  631.36318  6.83%  1241 2775s
 16046 13417  603.60746  168 1293  591.00000  631.36318  6.83%  1243 2787s
 16161 13425  595.21523  196 1245  591.00000  631.36317  6.83%  1243 2800s
 16240 13419  628.28435   38 1452  591.00000  630.91900  6.75%  1243 2813s
 16261 13441  623.42108   43 1421  591.00000  630.91900  6.75%  1247 2826s
 16290 13454  626.12078   51 1437  591.00000  630.91900  6.75%  1252 2838s
 16312 13482  625.34457   56 1430  591.00000  630.91900  6.75%  1256 2852s
 16348 13512  623.79107   66 1418  591.00000  630.91900  6.75%  1261 2866s
 16390 13550  622.17036   77 1401  591.00000  630.91900  6.75%  1267 2881s
 16442 13579  619.61147   92 1385  591.00000  630.91900  6.75%  1274 2896s
 16488 13566  617.65858  104 1367  591.00000  630.91900  6.75%  1278 2915s
 16490 13652  616.38268  104 1355  591.00000  630.91900  6.75%  1278 2932s
 16577 13769  612.63889  130 1332  591.00000  630.91900  6.75%  1284 2950s
 16723 13838  598.14071  176 1219  591.00000  630.91805  6.75%  1288 2966s
 16857 13875  627.01434   42 1455  591.00000  630.91805  6.75%  1290 2984s
 16974 13883  625.72816   52 1441  591.00000  630.91805  6.75%  1291 3002s
 17021 13896  623.66895   65 1425  591.00000  630.91805  6.75%  1298 3023s
 17050 13952  620.25945   72 1394  591.00000  630.91805  6.75%  1302 3043s
 17116 14022  620.08878   91 1387  591.00000  630.91805  6.75%  1310 3064s
 17208 14090  614.58877  118 1357  591.00000  630.91805  6.75%  1317 3083s
 17306 14247  605.09068  156 1280  591.00000  630.85533  6.74%  1321 3106s
 17531 14421  620.89202   96 1401  591.00000  630.85533  6.74%  1319 3130s
 17802 14617  601.37122  176 1259  591.00000  630.42120  6.67%  1316 3153s
 18105 14679  625.99839   64 1438  591.00000  630.41844  6.67%  1305 3198s
 18285 15006  613.23079  133 1339  591.00000  630.18739  6.63%  1300 3221s
 18708 15166  623.79812   39 1437  591.00000  630.03704  6.61%  1286 3248s
 19009 15396  597.74953  159 1239  591.00000  630.01071  6.60%  1278 3274s
 19402 15522  601.13039  143 1279  591.00000  629.95093  6.59%  1266 3299s
 19701 15890  622.78749   54 1414  591.00000  629.72798  6.55%  1261 3323s
 20204 16067  601.82800  139 1241  591.00000  629.58230  6.53%  1248 3345s
 20576 16144  626.50122   44 1450  591.00000  629.56632  6.53%  1241 3368s
 20869 16242     cutoff   64       591.00000  629.50628  6.52%  1239 3390s
 21095 16550  615.35186   99 1361  591.00000  629.29757  6.48%  1238 3410s
 21518 16754  602.14237  162 1294  591.00000  629.25847  6.47%  1229 3430s
 21927 16852  604.52538  165 1301  591.00000  629.22569  6.47%  1220 3456s
 22198 16949  618.16957   50 1397  591.00000  629.17365  6.46%  1219 3478s
 22400 17032  623.92532   65 1427  591.00000  629.17365  6.46%  1219 3501s
 22586 17175  622.03013   82 1400  591.00000  629.17365  6.46%  1220 3521s
 22807 17303  618.01146  106 1383  591.00000  629.17365  6.46%  1221 3542s
 23025 17472  610.34594  145 1320  591.00000  629.03647  6.44%  1222 3562s
 23317 17588  623.09445   46 1437  591.00000  628.99553  6.43%  1217 3582s
 23589 17808  626.62547   40 1446  591.00000  628.91228  6.41%  1215 3600s

Cutting planes:
  Gomory: 12
  Flow cover: 97
  Zero half: 997
  RLT: 333
  BQP: 87

Explored 23921 nodes (29029177 simplex iterations) in 3600.00 seconds (9867.89 work units)
Thread count was 2 (of 24 available processors)

Solution count 10: 591 590 589 ... 578

Time limit reached
Best objective 5.910000000000e+02, best bound 6.280000000000e+02, gap 6.2606%

User-callback calls 287571, time in user-callback 0.81 sec

Gurobi 11.0.3 (linux64) logging started Sat Mar  7 14:20:15 2026

Set parameter LogFile to value "./log/train/IS_1500_6/IS_28.lp.log"
Set parameter TimeLimit to value 3600
Gurobi Optimizer version 11.0.3 build v11.0.3rc0 (linux64 - "Ubuntu 22.04.5 LTS")

CPU model: AMD Ryzen 9 9900X 12-Core Processor, instruction set [SSE2|AVX|AVX2|AVX512]
Thread count: 12 physical cores, 24 logical processors, using up to 1 threads

Optimize a model with 9195 rows, 1500 columns and 18116 nonzeros
Model fingerprint: 0xbf4ddd14
Variable types: 0 continuous, 1500 integer (1500 binary)
Coefficient statistics:
  Matrix range     [1e+00, 1e+00]
  Objective range  [1e+00, 1e+00]
  Bounds range     [1e+00, 1e+00]
  RHS range        [1e+00, 1e+00]
Found heuristic solution: objective 335.0000000
Presolve removed 1830 rows and 0 columns
Presolve time: 0.04s
Presolved: 7365 rows, 1500 columns, 16231 nonzeros
Variable types: 0 continuous, 1500 integer (1500 binary)

Root relaxation: objective 6.870000e+02, 3627 iterations, 0.17 seconds (0.20 work units)

    Nodes    |    Current Node    |     Objective Bounds      |     Work
 Expl Unexpl |  Obj  Depth IntInf | Incumbent    BestBd   Gap | It/Node Time

     0     0  687.00000    0 1338  335.00000  687.00000   105%     -    0s
H    0     0                     527.0000000  687.00000  30.4%     -    0s
     0     0  675.10795    0 1430  527.00000  675.10795  28.1%     -    1s
     0     0  675.10795    0 1430  527.00000  675.10795  28.1%     -    1s
     0     0  667.43950    0 1476  527.00000  667.43950  26.6%     -    2s
H    0     0                     557.0000000  667.43950  19.8%     -    2s
     0     0  667.28438    0 1479  557.00000  667.28438  19.8%     -    2s
     0     0  667.27246    0 1479  557.00000  667.27246  19.8%     -    2s
     0     0  667.26874    0 1479  557.00000  667.26874  19.8%     -    2s
     0     0  667.26817    0 1479  557.00000  667.26817  19.8%     -    2s
     0     0  660.49365    0 1472  557.00000  660.49365  18.6%     -    3s
     0     0  660.04916    0 1477  557.00000  660.04916  18.5%     -    4s
     0     0  660.01011    0 1475  557.00000  660.01011  18.5%     -    4s
     0     0  660.00597    0 1475  557.00000  660.00597  18.5%     -    4s
     0     0  656.28072    0 1476  557.00000  656.28072  17.8%     -    5s
     0     0  655.91889    0 1479  557.00000  655.91889  17.8%     -    5s
     0     0  655.88373    0 1477  557.00000  655.88373  17.8%     -    5s
     0     0  655.87135    0 1479  557.00000  655.87135  17.8%     -    5s
     0     0  655.87027    0 1479  557.00000  655.87027  17.8%     -    5s
     0     0  653.76940    0 1479  557.00000  653.76940  17.4%     -    6s
     0     0  653.55246    0 1480  557.00000  653.55246  17.3%     -    6s
     0     0  653.50836    0 1483  557.00000  653.50836  17.3%     -    6s
     0     0  653.50081    0 1483  557.00000  653.50081  17.3%     -    6s
     0     0  652.49178    0 1480  557.00000  652.49178  17.1%     -    7s
H    0     0                     559.0000000  652.49178  16.7%     -    7s
     0     0  652.36725    0 1480  559.00000  652.36725  16.7%     -    7s
     0     0  652.35360    0 1483  559.00000  652.35360  16.7%     -    7s
     0     0  652.35081    0 1483  559.00000  652.35081  16.7%     -    7s
     0     0  651.14255    0 1482  559.00000  651.14255  16.5%     -    8s
     0     0  650.90594    0 1479  559.00000  650.90594  16.4%     -    8s
     0     0  650.87797    0 1482  559.00000  650.87797  16.4%     -    8s
     0     0  650.83990    0 1478  559.00000  650.83990  16.4%     -    8s
     0     0  650.83484    0 1481  559.00000  650.83484  16.4%     -    8s
     0     0  649.73509    0 1480  559.00000  649.73509  16.2%     -    9s
     0     0  649.57191    0 1481  559.00000  649.57191  16.2%     -    9s
     0     0  649.56232    0 1484  559.00000  649.56232  16.2%     -    9s
     0     0  648.83008    0 1484  559.00000  648.83008  16.1%     -   10s
     0     0  648.72748    0 1485  559.00000  648.72748  16.1%     -   10s
     0     0  648.70361    0 1485  559.00000  648.70361  16.0%     -   10s
     0     0  648.70000    0 1484  559.00000  648.70000  16.0%     -   10s
     0     0  647.86622    0 1484  559.00000  647.86622  15.9%     -   11s
H    0     0                     562.0000000  647.86622  15.3%     -   11s
     0     0  647.77394    0 1484  562.00000  647.77394  15.3%     -   11s
     0     0  647.75315    0 1485  562.00000  647.75315  15.3%     -   11s
     0     0  647.74189    0 1485  562.00000  647.74189  15.3%     -   11s
     0     0  647.13439    0 1487  562.00000  647.13439  15.1%     -   12s
     0     0  647.07118    0 1487  562.00000  647.07118  15.1%     -   12s
     0     0  647.06411    0 1488  562.00000  647.06411  15.1%     -   12s
     0     0  646.37567    0 1489  562.00000  646.37567  15.0%     -   13s
     0     0  646.27650    0 1488  562.00000  646.27650  15.0%     -   13s
     0     0  646.26563    0 1489  562.00000  646.26563  15.0%     -   13s
     0     0  645.81032    0 1486  562.00000  645.81032  14.9%     -   14s
     0     0  645.70396    0 1484  562.00000  645.70396  14.9%     -   14s
     0     0  645.68070    0 1488  562.00000  645.68070  14.9%     -   14s
     0     0  645.67257    0 1486  562.00000  645.67257  14.9%     -   14s
     0     0  645.17295    0 1484  562.00000  645.17295  14.8%     -   15s
     0     0  645.08727    0 1482  562.00000  645.08727  14.8%     -   15s
     0     0  645.07333    0 1484  562.00000  645.07333  14.8%     -   15s
     0     0  644.68319    0 1488  562.00000  644.68319  14.7%     -   15s
     0     0  644.64434    0 1485  562.00000  644.64434  14.7%     -   16s
     0     0  644.62917    0 1488  562.00000  644.62917  14.7%     -   16s
     0     0  643.94249    0 1486  562.00000  643.94249  14.6%     -   17s
H    0     0                     563.0000000  643.94249  14.4%     -   17s
     0     0  643.84608    0 1487  563.00000  643.84608  14.4%     -   17s
     0     0  643.82770    0 1489  563.00000  643.82770  14.4%     -   17s
     0     0  643.81912    0 1488  563.00000  643.81912  14.4%     -   17s
     0     0  643.29447    0 1485  563.00000  643.29447  14.3%     -   17s
     0     0  643.18040    0 1485  563.00000  643.18040  14.2%     -   18s
     0     0  643.16096    0 1485  563.00000  643.16096  14.2%     -   18s
     0     0  643.15534    0 1487  563.00000  643.15534  14.2%     -   18s
     0     0  642.83144    0 1484  563.00000  642.83144  14.2%     -   18s
H    0     0                     565.0000000  642.83144  13.8%     -   18s
     0     0  642.76945    0 1485  565.00000  642.76945  13.8%     -   18s
     0     0  642.76313    0 1486  565.00000  642.76313  13.8%     -   18s
     0     0  642.43656    0 1488  565.00000  642.43656  13.7%     -   19s
H    0     0                     575.0000000  642.43656  11.7%     -   19s
     0     0  642.32894    0 1487  575.00000  642.32894  11.7%     -   19s
     0     0  642.32432    0 1489  575.00000  642.32432  11.7%     -   19s
     0     0  641.86314    0 1484  575.00000  641.86314  11.6%     -   20s
H    0     0                     578.0000000  641.86314  11.0%     -   20s
     0     0  641.81017    0 1487  578.00000  641.81017  11.0%     -   20s
     0     0  641.80327    0 1489  578.00000  641.80327  11.0%     -   20s
     0     0  641.59916    0 1490  578.00000  641.59916  11.0%     -   21s
H    0     0                     581.0000000  641.59916  10.4%     -   21s
     0     0  641.54890    0 1490  581.00000  641.54890  10.4%     -   21s
     0     0  641.54237    0 1489  581.00000  641.54237  10.4%     -   21s
     0     0  641.37280    0 1487  581.00000  641.37280  10.4%     -   21s
     0     0  641.34702    0 1489  581.00000  641.34702  10.4%     -   21s
     0     0  641.34210    0 1489  581.00000  641.34210  10.4%     -   21s
     0     0  641.06006    0 1491  581.00000  641.06006  10.3%     -   22s
     0     0  641.03152    0 1490  581.00000  641.03152  10.3%     -   22s
     0     0  641.02651    0 1491  581.00000  641.02651  10.3%     -   22s
     0     0  640.85885    0 1490  581.00000  640.85885  10.3%     -   23s
     0     0  640.83798    0 1493  581.00000  640.83798  10.3%     -   23s
     0     0  640.83426    0 1493  581.00000  640.83426  10.3%     -   23s
     0     0  640.66942    0 1489  581.00000  640.66942  10.3%     -   23s
     0     0  640.66942    0 1487  581.00000  640.66942  10.3%     -   23s
     0     2  640.66900    0 1486  581.00000  640.66900  10.3%     -   25s
     6     8  635.40893    4 1447  581.00000  640.47656  10.2%  3350   30s
    15    17  627.15762   10 1405  581.00000  640.47656  10.2%  3178   35s
    26    28  618.97396   18 1364  581.00000  640.47656  10.2%  2817   40s
    27    29  618.77392   19 1366  581.00000  640.47656  10.2%  2731   45s
    54    56  609.51290   40 1303  581.00000  640.47656  10.2%  2073   50s
    87    79  625.95552    5 1396  581.00000  640.38790  10.2%  1717   55s
   102    94  610.46716   16 1334  581.00000  640.38790  10.2%  1786   60s
H  104    92                     582.0000000  640.38790  10.0%  1790   60s
H  110    96                     584.0000000  640.38790  9.66%  1774   61s
H  137   123                     585.0000000  640.38790  9.47%  1656   64s
   141   125     cutoff   42       585.00000  640.38790  9.47%  1640   65s
   184   144  622.65228    6 1380  585.00000  640.30287  9.45%  1444   70s
   207   167  599.10653   22 1259  585.00000  640.30287  9.45%  1487   75s
   251   188  629.40234    8 1415  585.00000  640.01087  9.40%  1370   80s
   264   201  612.68271   16 1320  585.00000  640.01087  9.40%  1427   85s
H  274   197                     587.0000000  640.01087  9.03%  1434   87s
   295   218  599.52072   37 1250  587.00000  640.01087  9.03%  1423   90s
H  328   224                     588.0000000  640.00801  8.84%  1374   95s
   340   238  601.66703   16 1304  588.00000  640.00801  8.84%  1431  100s
   383   257  634.77571   11 1443  588.00000  639.65651  8.79%  1360  105s
   395   269  622.59234   20 1387  588.00000  639.65651  8.79%  1391  110s
   409   283  608.69272   29 1320  588.00000  639.65651  8.79%  1423  115s
   450   300  631.99647    8 1436  588.00000  639.48601  8.76%  1378  121s
   462   312  617.37827   17 1350  588.00000  639.48601  8.76%  1393  125s
   503   339  594.53096   39 1223  588.00000  639.48601  8.76%  1367  130s
   538   355  632.07288   18 1435  588.00000  639.33221  8.73%  1331  135s
H  544   349                     589.0000000  639.33221  8.55%  1343  137s
   557   364  601.00414   31 1286  589.00000  639.33221  8.55%  1353  140s
   602   387  631.23380   10 1442  589.00000  639.11811  8.51%  1314  145s
   616   401  612.74736   21 1337  589.00000  639.11811  8.51%  1331  150s
   626   410  632.48750   15 1487  589.00000  639.11811  8.51%  1340  166s
   629   412  608.68590   30 1484  589.00000  639.11811  8.51%  1333  176s
   635   416  599.72412   16 1491  589.00000  639.11811  8.51%  1321  188s
   636   417  618.75073   22 1489  589.00000  639.11811  8.51%  1319  197s
   638   418  614.69412   16 1489  589.00000  639.11811  8.51%  1315  205s
   639   419  602.49161   30 1486  589.00000  639.11811  8.51%  1313  213s
   640   419  612.12796   24 1487  589.00000  639.11811  8.51%  1311  221s
   641   420  630.79770   13 1484  589.00000  639.11811  8.51%  1309  230s
   642   421  611.92667   25 1485  589.00000  639.11811  8.51%  1306  239s
   643   421  631.99093    9 1485  589.00000  639.11811  8.51%  1304  248s
   644   422  591.16789   43 1487  589.00000  639.11811  8.51%  1302  257s
   645   423  602.05205   45 1487  589.00000  639.11811  8.51%  1300  265s
   646   423  593.55244   46 1487  589.00000  639.11811  8.51%  1298  274s
   647   424  592.55426   50 1487  589.00000  639.11811  8.51%  1296  288s
   649   427  639.11811   16 1477  589.00000  639.11811  8.51%  1376  290s
   657   433  638.06111   20 1465  589.00000  639.11811  8.51%  1390  295s
   668   440  637.89269   26 1471  589.00000  639.11811  8.51%  1405  300s
   682   449  635.88381   33 1460  589.00000  639.11811  8.51%  1419  305s
   700   461  634.09262   42 1435  589.00000  639.11811  8.51%  1425  310s
   711   469  632.65864   47 1425  589.00000  639.11811  8.51%  1439  315s
   723   477  619.09151   53 1382  589.00000  639.11811  8.51%  1455  320s
   731   482  623.76251   57 1388  589.00000  639.11811  8.51%  1474  325s
   739   487  620.93740   61 1383  589.00000  639.11811  8.51%  1495  330s
   747   493  629.83265   65 1408  589.00000  639.11811  8.51%  1512  335s
   760   501  629.27960   72 1407  589.00000  639.11811  8.51%  1522  340s
   773   510  625.03693   78 1389  589.00000  639.11811  8.51%  1534  345s
   788   520  622.98517   86 1374  589.00000  639.11811  8.51%  1545  350s
   805   531  618.91578   94 1356  589.00000  639.11811  8.51%  1547  355s
   821   542  618.13070  102 1351  589.00000  639.11811  8.51%  1552  360s
   843   557  615.21185  113 1344  589.00000  639.11811  8.51%  1550  365s
   866   572  609.63364  125 1318  589.00000  639.11811  8.51%  1549  370s
   883   583  605.43707  133 1303  589.00000  639.11811  8.51%  1554  375s
   905   598  603.51907  144 1291  589.00000  639.11811  8.51%  1554  380s
   933   617  600.60689  158 1268  589.00000  639.11811  8.51%  1548  385s
   957   633  591.51159  170 1235  589.00000  639.11811  8.51%  1552  390s
   983   650  591.16166  183 1232  589.00000  639.11811  8.51%  1557  395s
  1048   641  593.42520  216 1161  589.00000  639.11811  8.51%  1501  400s
  1100   634  633.94334   19 1437  589.00000  639.11811  8.51%  1457  405s
  1106   638  635.12444   22 1451  589.00000  639.11811  8.51%  1475  410s
  1112   642  630.88485   25 1431  589.00000  639.11811  8.51%  1491  415s
  1120   647  632.94027   29 1432  589.00000  639.11811  8.51%  1509  420s
  1126   651  632.97884   32 1436  589.00000  639.11811  8.51%  1522  425s
  1132   655  632.14200   35 1420  589.00000  639.11811  8.51%  1535  430s
  1140   661  631.36349   39 1429  589.00000  639.11811  8.51%  1552  435s
  1146   665  626.74164   42 1408  589.00000  639.11811  8.51%  1566  440s
  1154   670  631.25783   46 1402  589.00000  639.11811  8.51%  1580  445s
  1162   675  630.86540   50 1408  589.00000  639.11811  8.51%  1594  450s
  1172   682  626.94616   55 1388  589.00000  639.11811  8.51%  1610  455s
  1180   687  626.58042   59 1391  589.00000  639.11811  8.51%  1622  460s
  1190   694  623.66983   64 1367  589.00000  639.11811  8.51%  1634  465s
  1200   701  628.94593   69 1395  589.00000  639.11811  8.51%  1647  470s
  1212   709  624.42996   75 1367  589.00000  639.11811  8.51%  1660  475s
  1224   717  622.51080   81 1368  589.00000  639.11811  8.51%  1671  480s
  1236   725  623.19227   87 1363  589.00000  639.11811  8.51%  1682  485s
  1250   734  625.61876   94 1370  589.00000  639.11811  8.51%  1691  490s
  1264   743  623.41472  101 1358  589.00000  639.11811  8.51%  1701  495s
  1280   754  622.63615  109 1347  589.00000  639.11811  8.51%  1709  500s
  1300   767  622.89310  119 1319  589.00000  639.11811  8.51%  1714  505s
  1328   786  606.51842  133 1249  589.00000  639.11811  8.51%  1715  510s
  1358   806  618.01160  148 1315  589.00000  639.11811  8.51%  1717  515s
  1402   835  611.02167  170 1281  589.00000  639.11811  8.51%  1701  520s
  1464   877  601.57404  201 1214  589.00000  639.11811  8.51%  1662  525s
  1561   917  632.61396   18 1438  589.00000  639.11811  8.51%  1590  531s
  1566   921  637.65913   21 1463  589.00000  639.11811  8.51%  1597  535s
  1573   925  632.04082   24 1433  589.00000  639.11811  8.51%  1609  541s
  1579   929  632.67272   27 1431  589.00000  639.11811  8.51%  1616  545s
  1587   935  630.05279   31 1422  589.00000  639.11811  8.51%  1627  550s
  1593   939  630.51106   34 1426  589.00000  639.11811  8.51%  1637  555s
  1600   943  634.67682   38 1443  589.00000  639.11811  8.51%  1645  560s
  1607   948  631.50345   41 1422  589.00000  639.11811  8.51%  1655  565s
  1617   955  629.53928   46 1388  589.00000  639.11811  8.51%  1666  570s
  1625   960  625.60872   50 1396  589.00000  639.11811  8.51%  1676  576s
  1633   965  623.25506   54 1383  589.00000  639.11811  8.51%  1684  580s
  1644   973  630.98476   60 1411  589.00000  639.11811  8.51%  1690  585s
  1655   980  624.71167   65 1386  589.00000  639.11811  8.51%  1698  590s
  1667   988  625.84768   71 1388  589.00000  639.11811  8.51%  1706  595s
  1679   996  622.08017   77 1365  589.00000  639.11811  8.51%  1715  600s
  1692  1005  626.98975   84 1391  589.00000  639.11811  8.51%  1721  605s
  1709  1016  620.81287   92 1344  589.00000  639.11811  8.51%  1728  610s
H 1715   976                     590.0000000  639.11811  8.33%  1730  612s
  1723   983  612.18267   99 1305  590.00000  639.11811  8.33%  1739  615s
  1741   995  621.81421  108 1345  590.00000  639.11811  8.33%  1743  620s
  1763  1010  616.80820  119 1318  590.00000  639.11811  8.33%  1747  625s
  1787  1026  608.52948  131 1254  590.00000  639.11811  8.33%  1749  630s
  1814  1044  616.77892  145 1314  590.00000  639.11811  8.33%  1747  635s
  1851  1069  597.33333  163 1160  590.00000  639.11811  8.33%  1742  640s
  1910  1127  602.11612  193 1223  590.00000  639.11811  8.33%  1716  645s
  2006  1207  635.00646   21 1447  590.00000  639.11811  8.33%  1658  650s
  2012  1213  631.43592   24 1430  590.00000  639.11811  8.33%  1666  655s
  2018  1219  634.51171   27 1437  590.00000  639.11811  8.33%  1673  660s
  2024  1225  629.88070   30 1417  590.00000  639.11811  8.33%  1682  665s
  2032  1233  632.51515   34 1425  590.00000  639.11811  8.33%  1691  670s
  2040  1241  632.09640   38 1423  590.00000  639.11811  8.33%  1700  675s
  2048  1249  633.39261   42 1420  590.00000  639.11811  8.33%  1707  680s
  2054  1255  630.66906   45 1417  590.00000  639.11811  8.33%  1715  685s
  2062  1263  627.20148   49 1403  590.00000  639.11811  8.33%  1723  690s
  2072  1273  630.47171   54 1413  590.00000  639.11811  8.33%  1732  695s
  2081  1282  632.88564   59 1428  590.00000  639.11811  8.33%  1738  700s
  2092  1293  627.83205   64 1388  590.00000  639.11811  8.33%  1747  705s
  2102  1303  626.56163   69 1391  590.00000  639.11811  8.33%  1754  710s
  2110  1311  626.02245   73 1380  590.00000  639.11811  8.33%  1760  715s
  2120  1321  627.78525   78 1392  590.00000  639.11811  8.33%  1766  720s
  2132  1333  624.80170   84 1377  590.00000  639.11811  8.33%  1772  725s
  2144  1345  623.96229   90 1372  590.00000  639.11811  8.33%  1777  730s
  2158  1359  623.95403   97 1371  590.00000  639.11811  8.33%  1784  735s
  2173  1374  625.46970  105 1377  590.00000  639.11811  8.33%  1788  740s
  2188  1389  617.09218  112 1335  590.00000  639.11811  8.33%  1793  745s
  2212  1413  616.82120  124 1326  590.00000  639.11811  8.33%  1796  750s
  2232  1433  618.71458  134 1339  590.00000  639.11811  8.33%  1793  755s
  2254  1455  612.59190  145 1301  590.00000  639.11811  8.33%  1792  760s
  2274  1475  609.36107  155 1264  590.00000  639.11811  8.33%  1791  765s
  2295  1496  612.36289  166 1291  590.00000  639.11811  8.33%  1785  770s
  2322  1523  607.15181  179 1271  590.00000  639.11811  8.33%  1777  775s
  2349  1550  603.69817  193 1244  590.00000  639.11811  8.33%  1766  780s
  2376  1575  599.11537  206 1196  590.00000  639.11811  8.33%  1755  785s
  2394  1593  596.42048  215 1171  590.00000  639.11811  8.33%  1746  793s
  2403  1600  595.62800  220 1174  590.00000  639.11811  8.33%  1741  796s
  2420  1617  591.68916  228 1129  590.00000  639.11811  8.33%  1732  805s
  2438  1628     cutoff  237       590.00000  639.11811  8.33%  1721  810s
  2457  1627  628.00534   21 1420  590.00000  639.04902  8.31%  1714  816s
  2463  1633  633.28278   24 1432  590.00000  639.04902  8.31%  1719  820s
  2471  1641  630.21737   28 1419  590.00000  639.04902  8.31%  1726  826s
  2477  1647  628.41597   31 1410  590.00000  639.04902  8.31%  1731  830s
  2483  1653  629.48814   34 1410  590.00000  639.04902  8.31%  1737  835s
  2484  1654  634.77811   35 1442  590.00000  639.04902  8.31%  1737  841s
  2489  1659  626.62553   37 1408  590.00000  639.04902  8.31%  1742  846s
  2495  1665  627.32797   40 1391  590.00000  639.04902  8.31%  1748  850s
  2503  1673  621.71521   44 1368  590.00000  639.04902  8.31%  1755  856s
  2511  1681  629.18974   48 1406  590.00000  639.04902  8.31%  1759  863s
  2515  1685  629.71332   50 1402  590.00000  639.04902  8.31%  1761  865s
  2523  1693  629.98058   54 1400  590.00000  639.04902  8.31%  1766  870s
  2531  1701  627.06814   58 1392  590.00000  639.04902  8.31%  1772  875s
  2538  1708  630.97678   62 1411  590.00000  639.04902  8.31%  1775  881s
  2545  1715  626.20796   65 1382  590.00000  639.04902  8.31%  1779  885s
  2556  1726  628.72009   71 1402  590.00000  639.04902  8.31%  1782  890s
  2565  1735  620.36849   75 1350  590.00000  639.04902  8.31%  1787  901s
  2575  1745  621.73528   80 1371  590.00000  639.04902  8.31%  1791  905s
  2587  1757  622.20247   86 1366  590.00000  639.04902  8.31%  1796  910s
  2592  1762  626.43826   89 1384  590.00000  639.04902  8.31%  1796  916s
  2601  1771  620.99194   93 1342  590.00000  639.04902  8.31%  1799  920s
  2616  1786  624.36496  101 1368  590.00000  639.04902  8.31%  1803  925s
  2626  1796  623.58443  106 1363  590.00000  639.04902  8.31%  1805  930s
  2645  1815  619.57005  115 1338  590.00000  639.04902  8.31%  1808  935s
  2646  1816  621.81540  116 1355  590.00000  639.04902  8.31%  1808  947s
  2659  1829  618.27073  122 1330  590.00000  639.04902  8.31%  1808  950s
  2687  1857  616.51725  136 1317  590.00000  639.04902  8.31%  1806  955s
  2719  1889  601.27742  152 1226  590.00000  639.04902  8.31%  1803  960s
  2764  1934  607.17384  175 1264  590.00000  639.04902  8.31%  1790  965s
  2871  2019  638.38192   19 1471  590.00000  639.04836  8.31%  1743  970s
  2876  2024  629.16164   21 1426  590.00000  639.04836  8.31%  1748  975s
  2882  2030  629.86644   24 1427  590.00000  639.04836  8.31%  1754  980s
  2888  2036  632.50903   27 1430  590.00000  639.04836  8.31%  1758  985s
  2894  2042  632.16349   30 1436  590.00000  639.04836  8.31%  1764  991s
  2900  2048  628.76914   33 1414  590.00000  639.04836  8.31%  1768  995s
  2906  2054  628.08119   36 1408  590.00000  639.04836  8.31%  1772 1000s
  2912  2060  629.98366   39 1418  590.00000  639.04836  8.31%  1777 1005s
  2918  2066  625.88714   42 1406  590.00000  639.04836  8.31%  1782 1010s
  2920  2068  622.59883   43 1380  590.00000  639.04836  8.31%  1784 1017s
  2924  2072  630.26359   45 1411  590.00000  639.04836  8.31%  1786 1020s
  2934  2082  630.08687   50 1407  590.00000  639.04836  8.31%  1791 1025s
  2942  2090  628.64655   54 1412  590.00000  639.04836  8.31%  1795 1030s
  2952  2100  628.48755   59 1406  590.00000  639.04836  8.31%  1800 1035s
  2960  2108  625.76076   63 1392  590.00000  639.04836  8.31%  1804 1040s
  2970  2118  625.74832   68 1385  590.00000  639.04836  8.31%  1810 1045s
  2980  2128  624.65458   73 1376  590.00000  639.04836  8.31%  1815 1050s
  2992  2140  626.85201   79 1385  590.00000  639.04836  8.31%  1818 1055s
  3002  2150  625.41151   84 1387  590.00000  639.04836  8.31%  1821 1060s
  3006  2154  622.56902   86 1374  590.00000  639.04836  8.31%  1822 1067s
  3013  2161  626.82155   90 1390  590.00000  639.04836  8.31%  1823 1070s
  3028  2176  622.70928   97 1360  590.00000  639.04836  8.31%  1827 1075s
  3044  2192  622.91060  105 1352  590.00000  639.04836  8.31%  1830 1080s
  3062  2210  621.04680  114 1348  590.00000  639.04836  8.31%  1831 1085s
  3086  2234  609.29898  126 1291  590.00000  639.04836  8.31%  1832 1090s
  3112  2260  612.01652  139 1300  590.00000  639.04836  8.31%  1831 1095s
  3146  2294  608.67076  156 1278  590.00000  639.04836  8.31%  1827 1100s
  3176  2324  608.15742  171 1272  590.00000  639.04836  8.31%  1820 1105s
  3236  2384  599.00442  201 1194  590.00000  639.04836  8.31%  1802 1110s
  3303  2427  631.52125   19 1435  590.00000  638.72028  8.26%  1776 1115s
  3310  2434  636.18790   23 1455  590.00000  638.72028  8.26%  1780 1120s
  3315  2439  632.08009   25 1433  590.00000  638.72028  8.26%  1784 1125s
  3322  2446  634.93974   29 1448  590.00000  638.72028  8.26%  1788 1130s
  3330  2454  634.43644   33 1442  590.00000  638.72028  8.26%  1791 1135s
  3337  2461  630.80432   36 1416  590.00000  638.72028  8.26%  1796 1140s
  3340  2464  633.87287   38 1429  590.00000  638.72028  8.26%  1798 1145s
  3347  2471  629.19919   41 1399  590.00000  638.72028  8.26%  1802 1150s
  3354  2478  632.82286   45 1428  590.00000  638.72028  8.26%  1806 1155s
  3362  2486  632.35992   49 1420  590.00000  638.72028  8.26%  1810 1160s
  3371  2495  626.20054   53 1395  590.00000  638.72028  8.26%  1816 1165s
  3381  2505  628.61139   58 1392  590.00000  638.72028  8.26%  1819 1170s
  3387  2511  625.11760   61 1382  590.00000  638.72028  8.26%  1821 1178s
  3391  2515  625.65691   63 1387  590.00000  638.72028  8.26%  1823 1180s
  3401  2525  624.80312   68 1384  590.00000  638.72028  8.26%  1826 1185s
  3411  2535  619.01881   73 1353  590.00000  638.72028  8.26%  1830 1190s
  3423  2547  623.84398   79 1368  590.00000  638.72028  8.26%  1834 1195s
  3427  2551  624.23193   81 1367  590.00000  638.72028  8.26%  1834 1200s
  3443  2567  622.45339   89 1360  590.00000  638.72028  8.26%  1837 1205s
  3458  2582  624.64474   97 1360  590.00000  638.72028  8.26%  1839 1210s
  3479  2603  612.07797  107 1294  590.00000  638.72028  8.26%  1841 1215s
  3499  2623  616.37248  117 1316  590.00000  638.72028  8.26%  1842 1220s
  3525  2649  616.87799  130 1316  590.00000  638.72028  8.26%  1841 1225s
  3564  2688  612.72577  150 1300  590.00000  638.72028  8.26%  1835 1230s
  3631  2755  593.65763  183 1192  590.00000  638.72028  8.26%  1818 1235s
  3720  2820  632.09625   20 1436  590.00000  638.72027  8.26%  1785 1240s
  3726  2826  631.27441   23 1425  590.00000  638.72027  8.26%  1790 1246s
  3730  2830  630.46866   25 1427  590.00000  638.72027  8.26%  1793 1251s
  3734  2834  629.11099   27 1401  590.00000  638.72027  8.26%  1796 1255s
  3740  2840  631.32361   30 1419  590.00000  638.72027  8.26%  1799 1260s
  3746  2846  623.96801   33 1383  590.00000  638.72027  8.26%  1804 1265s
  3754  2854  630.18554   37 1414  590.00000  638.72027  8.26%  1807 1271s
  3762  2862  629.56382   41 1410  590.00000  638.72027  8.26%  1811 1275s
  3768  2868  628.87891   44 1402  590.00000  638.72027  8.26%  1814 1292s
  3771  2871  633.66138   46 1429  590.00000  638.72027  8.26%  1815 1295s
  3780  2880  628.57482   50 1397  590.00000  638.72027  8.26%  1820 1300s
  3788  2888  629.14173   54 1384  590.00000  638.72027  8.26%  1823 1305s
  3796  2896  628.66692   58 1398  590.00000  638.72027  8.26%  1826 1310s
  3806  2906  625.61367   63 1386  590.00000  638.72027  8.26%  1830 1315s
  3816  2916  625.75256   68 1382  590.00000  638.72027  8.26%  1833 1320s
  3824  2924  627.74462   72 1380  590.00000  638.72027  8.26%  1836 1336s
  3834  2934  618.84910   77 1339  590.00000  638.72027  8.26%  1839 1340s
  3846  2946  626.22795   83 1383  590.00000  638.72027  8.26%  1842 1345s
  3860  2960  621.61577   90 1358  590.00000  638.72027  8.26%  1845 1350s
  3874  2974  616.12150   97 1331  590.00000  638.72027  8.26%  1847 1355s
  3890  2990  620.29107  105 1344  590.00000  638.72027  8.26%  1849 1360s
  3908  3008  618.13700  114 1326  590.00000  638.72027  8.26%  1850 1365s
  3928  3028  618.34777  124 1319  590.00000  638.72027  8.26%  1850 1370s
  3960  3060  614.04040  140 1298  590.00000  638.72027  8.26%  1848 1375s
  4000  3100  609.12956  160 1267  590.00000  638.72027  8.26%  1842 1380s
  4046  3146  601.25186  183 1230  590.00000  638.72027  8.26%  1830 1385s
  4152  3209  637.29765   25 1467  590.00000  638.43735  8.21%  1795 1390s
  4188  3245  632.59615   61 1423  590.00000  638.43735  8.21%  1786 1395s
  4217  3274  626.01139   85 1377  590.00000  638.43735  8.21%  1782 1400s
  4242  3299  624.47816  106 1373  590.00000  638.43735  8.21%  1779 1405s
  4275  3332  619.58357  129 1333  590.00000  638.43735  8.21%  1775 1410s
  4318  3375  612.49580  154 1293  590.00000  638.43735  8.21%  1768 1415s
  4378  3435  605.48594  170 1241  590.00000  638.43735  8.21%  1755 1420s
  4464  3521  599.94835  187 1224  590.00000  638.43735  8.21%  1734 1425s
  4634  3689  592.55112  215 1107  590.00000  638.43735  8.21%  1685 1430s
  4704  3730  624.57846   41 1403  590.00000  638.42300  8.21%  1668 1435s
  4759  3785  615.33913   95 1333  590.00000  638.42300  8.21%  1657 1440s
  4816  3842  606.48103  135 1282  590.00000  638.42300  8.21%  1648 1445s
  4896  3922  598.24549  156 1246  590.00000  638.42300  8.21%  1634 1450s
  4991  3991  638.09682   23 1469  590.00000  638.40430  8.20%  1612 1455s
  5010  4010  635.12303   42 1448  590.00000  638.40430  8.20%  1610 1468s
  5011  4011  634.92686   43 1442  590.00000  638.40430  8.20%  1610 1470s
  5046  4046  630.02815   78 1402  590.00000  638.40430  8.20%  1605 1475s
  5086  4086  623.19899  115 1359  590.00000  638.40430  8.20%  1599 1480s
  5118  4118  618.81485  133 1317  590.00000  638.40430  8.20%  1598 1485s
  5158  4158  610.50255  158 1278  590.00000  638.40430  8.20%  1594 1490s
  5235  4235  604.94966  178 1242  590.00000  638.40430  8.20%  1581 1495s
  5336  4336  599.55925  195 1223  590.00000  638.40430  8.20%  1563 1500s
  5488  4488  592.92813  213 1116  590.00000  638.40430  8.20%  1531 1505s
  5577  4551  635.82172   32 1446  590.00000  638.34401  8.19%  1513 1510s
  5612  4586  630.48797   67 1406  590.00000  638.34401  8.19%  1509 1515s
  5659  4633  621.45198  108 1350  590.00000  638.34401  8.19%  1503 1520s
  5699  4673  615.41931  137 1296  590.00000  638.34401  8.19%  1501 1525s
  5773  4747  607.62577  168 1251  590.00000  638.34401  8.19%  1492 1530s
  5848  4822  601.80996  186 1202  590.00000  638.34401  8.19%  1480 1543s
  5906  4880  598.12232  199 1186  590.00000  638.34401  8.19%  1469 1545s
  6102  5046  632.31700   21 1442  590.00000  638.29672  8.19%  1432 1551s
  6129  5073  627.69196   48 1410  590.00000  638.29672  8.19%  1430 1555s
  6174  5118  619.86055   89 1343  590.00000  638.29672  8.19%  1426 1560s
  6211  5155  613.57719  117 1315  590.00000  638.29672  8.19%  1424 1565s
  6255  5199  607.18826  138 1295  590.00000  638.29672  8.19%  1423 1570s
  6351  5295  596.33088  179 1219  590.00000  638.29672  8.19%  1410 1575s
  6472  5385  636.20230   27 1452  590.00000  638.29249  8.19%  1391 1580s
  6506  5419  630.18512   61 1418  590.00000  638.29249  8.19%  1389 1585s
  6551  5464  620.38621  102 1351  590.00000  638.29249  8.19%  1386 1590s
  6596  5509  616.09620  133 1323  590.00000  638.29249  8.19%  1384 1595s
  6674  5587  606.27177  168 1274  590.00000  638.29249  8.19%  1377 1600s
  6807  5720  596.89466  198 1190  590.00000  638.29249  8.19%  1359 1605s
  6948  5836  635.80935   33 1456  590.00000  638.09501  8.15%  1338 1610s
  6982  5870  630.08938   67 1419  590.00000  638.09501  8.15%  1336 1615s
  7014  5902  625.72794   97 1378  590.00000  638.09501  8.15%  1334 1624s
  7019  5907  624.76246  102 1373  590.00000  638.09501  8.15%  1334 1625s
  7059  5947  618.11761  131 1332  590.00000  638.09501  8.15%  1333 1630s
  7108  5996  610.22028  159 1307  590.00000  638.09501  8.15%  1331 1635s
  7206  6094  600.42447  192 1221  590.00000  638.09501  8.15%  1321 1640s
  7353  6241  594.40540  212 1145  590.00000  638.09501  8.15%  1303 1645s
  7458  6319  627.07187   30 1417  590.00000  638.06057  8.15%  1290 1650s
  7525  6386  614.83505   96 1331  590.00000  638.06057  8.15%  1286 1655s
  7572  6433  606.88432  128 1291  590.00000  638.06057  8.15%  1285 1660s
  7664  6525  593.29939  168 1204  590.00000  638.06057  8.15%  1280 1665s
  7711  6550  629.14547   32 1412  590.00000  638.06012  8.15%  1276 1673s
  7712  6551  629.00231   33 1409  590.00000  638.06012  8.15%  1276 1675s
  7757  6596  599.20993   78 1263  590.00000  638.06012  8.15%  1274 1680s
  7804  6633  631.97854   53 1430  590.00000  638.05311  8.14%  1271 1685s
  7847  6676  624.38338   96 1385  590.00000  638.05311  8.14%  1269 1691s
  7890  6719  614.16553  139 1324  590.00000  638.05311  8.14%  1266 1695s
  7991  6794  632.80279   23 1438  590.00000  638.00412  8.14%  1255 1700s
  7998  6801  627.27618   26 1403  590.00000  638.00412  8.14%  1258 1705s
  8006  6809  625.04887   30 1399  590.00000  638.00412  8.14%  1261 1710s
  8014  6817  626.59725   34 1399  590.00000  638.00412  8.14%  1263 1715s
  8016  6819  619.21655   35 1363  590.00000  638.00412  8.14%  1264 1722s
  8020  6823  626.94291   37 1404  590.00000  638.00412  8.14%  1265 1725s
  8030  6833  625.83773   42 1383  590.00000  638.00412  8.14%  1267 1730s
  8040  6843  622.38456   47 1381  590.00000  638.00412  8.14%  1270 1735s
  8048  6851  625.99733   51 1385  590.00000  638.00412  8.14%  1271 1740s
  8060  6863  622.00186   57 1365  590.00000  638.00412  8.14%  1274 1745s
  8071  6874  625.93272   63 1386  590.00000  638.00412  8.14%  1276 1751s
  8082  6885  621.47584   68 1369  590.00000  638.00412  8.14%  1278 1755s
  8096  6899  613.04409   75 1323  590.00000  638.00412  8.14%  1281 1760s
  8112  6915  619.98674   83 1337  590.00000  638.00412  8.14%  1283 1765s
  8130  6933  611.52443   92 1283  590.00000  638.00412  8.14%  1285 1770s
  8144  6947  617.18811   99 1333  590.00000  638.00412  8.14%  1287 1775s
  8168  6971  613.24988  111 1305  590.00000  638.00412  8.14%  1288 1780s
  8195  6998  614.88393  125 1309  590.00000  638.00412  8.14%  1289 1785s
  8219  7022  612.13415  137 1299  590.00000  638.00412  8.14%  1290 1791s
  8252  7055  606.03994  153 1269  590.00000  638.00412  8.14%  1289 1795s
  8351  7134  632.43072   25 1443  590.00000  637.96792  8.13%  1282 1801s
  8380  7163  628.15392   54 1410  590.00000  637.96792  8.13%  1280 1805s
  8451  7234  613.81545  125 1309  590.00000  637.96792  8.13%  1275 1810s
  8548  7309  637.09789   23 1468  590.00000  637.95987  8.13%  1266 1815s
  8590  7351  629.82696   65 1416  590.00000  637.95987  8.13%  1264 1820s
  8666  7427  614.01529  141 1305  590.00000  637.95987  8.13%  1259 1825s
  8745  7486  634.80166   36 1450  590.00000  637.93391  8.12%  1252 1830s
  8757  7498  633.12852   48 1428  590.00000  637.93391  8.12%  1252 1835s
  8800  7541  626.19961   91 1381  590.00000  637.93391  8.12%  1249 1840s
  8840  7581  618.02640  124 1335  590.00000  637.93391  8.12%  1249 1845s
  8898  7639  609.45772  157 1294  590.00000  637.93391  8.12%  1247 1850s
  9018  7759  600.20490  189 1215  590.00000  637.93391  8.12%  1237 1855s
  9211  7952  591.71058  221 1074  590.00000  637.93391  8.12%  1220 1860s
  9247  7970  636.28957   32 1463  590.00000  637.93391  8.12%  1216 1865s
  9266  7989  620.68085   51 1368  590.00000  637.93391  8.12%  1217 1870s
  9308  8021  636.57049   29 1455  590.00000  637.85000  8.11%  1216 1875s
  9343  8056  630.68964   64 1415  590.00000  637.85000  8.11%  1215 1880s
  9366  8079  626.63473   87 1384  590.00000  637.85000  8.11%  1214 1885s
  9440  8153  608.57042  161 1294  590.00000  637.85000  8.11%  1209 1890s
  9527  8219  625.19141   29 1403  590.00000  637.76188  8.10%  1203 1896s
  9555  8247  610.29103   57 1327  590.00000  637.76188  8.10%  1202 1900s
  9620  8302  627.75182   27 1419  590.00000  637.76138  8.10%  1199 1905s
  9626  8308  622.29041   30 1400  590.00000  637.76138  8.10%  1201 1910s
  9634  8316  618.01745   33 1366  590.00000  637.76138  8.10%  1203 1915s
  9641  8323  608.55680   35 1333  590.00000  637.76138  8.10%  1205 1920s
  9656  8332  596.34749   40 1278  590.00000  637.76138  8.10%  1207 1925s
  9705  8339  631.73744   29 1428  590.00000  637.71153  8.09%  1205 1930s
  9737  8371  615.21268   61 1336  590.00000  637.71153  8.09%  1204 1935s
  9791  8415  632.45269   36 1438  590.00000  637.69540  8.08%  1201 1940s
  9836  8460  623.79654   81 1392  590.00000  637.69540  8.08%  1200 1945s
  9911  8535  602.21843  156 1224  590.00000  637.69540  8.08%  1196 1950s
  9965  8571  623.85224   44 1389  590.00000  637.69540  8.08%  1193 1955s
  9995  8601  602.39572   74 1281  590.00000  637.69540  8.08%  1193 1960s
 10068  8645  635.48022   38 1447  590.00000  637.66671  8.08%  1189 1965s
 10107  8684  628.22542   77 1403  590.00000  637.66671  8.08%  1188 1970s
 10183  8760  612.37683  153 1295  590.00000  637.66671  8.08%  1184 1975s
 10203  8779  612.43347  158 1487  590.00000  637.66671  8.08%  1182 2743s
 10206  8781  602.47914   76 1484  590.00000  637.66671  8.08%  1182 2750s
 10208  8782  621.76621   85 1489  590.00000  635.43871  7.70%  1182 2755s
 10212  8785  609.62153  133 1490  590.00000  635.07969  7.64%  1181 2768s
 10213  8786  614.10509  146 1490  590.00000  635.02185  7.63%  1181 2782s
 10215  8787  615.51370   95 1491  590.00000  635.00802  7.63%  1181 2797s
 10216  8788  594.86111  205 1488  590.00000  634.60580  7.56%  1181 2810s
 10220  8790  614.64836  141 1492  590.00000  634.45938  7.54%  1180 2826s
 10221  8791  626.01062   42 1489  590.00000  634.23504  7.50%  1180 2841s
 10224  8793  621.42326  123 1492  590.00000  634.17170  7.49%  1180 2858s
 10225  8794  603.42593  181 1492  590.00000  634.06838  7.47%  1180 2874s
 10228  8796  634.03901   28 1493  590.00000  634.03901  7.46%  1179 2892s
 10229  8796  611.92564  170 1489  590.00000  633.99091  7.46%  1179 2909s
 10231  8798  610.37085  161 1491  590.00000  633.97805  7.45%  1179 2927s
 10232  8798  619.65789  135 1491  590.00000  633.92302  7.44%  1179 2944s
 10234  8800  611.22569  152 1493  590.00000  633.90050  7.44%  1179 2960s
 10235  8800  627.99833   39 1491  590.00000  633.89657  7.44%  1178 2979s
 10236  8801  606.65837  184 1492  590.00000  633.89378  7.44%  1178 2995s
 10237  8802  624.79810   69 1492  590.00000  633.89334  7.44%  1178 3011s
 10238  8802  591.27603  227 1492  590.00000  633.89323  7.44%  1178 3027s
 10239  8803  594.88630  205 1492  590.00000  633.89312  7.44%  1178 3044s
 10240  8804  617.94294  124 1492  590.00000  633.89309  7.44%  1178 3061s
 10241  8804  627.77943   56 1492  590.00000  633.89309  7.44%  1178 3078s
 10242  8805  599.68089  195 1492  590.00000  633.88273  7.44%  1178 3095s
 10243  8806  596.21431  179 1492  590.00000  633.88265  7.44%  1177 3112s
 10244  8806  613.09445  130 1492  590.00000  633.88265  7.44%  1177 3129s
 10245  8809  633.27134   31 1482  590.00000  633.86668  7.44%  1184 3130s
 10251  8813  632.50352   34 1478  590.00000  633.27068  7.33%  1185 3135s
 10260  8819  631.03855   38 1464  590.00000  633.27068  7.33%  1186 3140s
 10268  8824  629.92783   42 1457  590.00000  633.27068  7.33%  1187 3145s
 10276  8830  627.67385   46 1444  590.00000  633.27068  7.33%  1188 3150s
 10286  8836  626.90198   51 1435  590.00000  633.27068  7.33%  1189 3155s
 10294  8842  625.93805   55 1434  590.00000  633.27068  7.33%  1190 3160s
 10306  8850  624.30334   61 1424  590.00000  633.27068  7.33%  1191 3165s
 10320  8859  622.01941   68 1409  590.00000  633.27068  7.33%  1193 3170s
 10332  8867  621.19401   74 1411  590.00000  633.27068  7.33%  1194 3175s
 10346  8876  618.23181   81 1400  590.00000  633.27068  7.33%  1195 3180s
 10358  8884  615.76378   87 1391  590.00000  633.27068  7.33%  1196 3185s
 10372  8894  613.95155   94 1384  590.00000  633.27068  7.33%  1197 3190s
 10388  8904  612.22584  102 1382  590.00000  633.27068  7.33%  1198 3195s
 10403  8914  610.14352  110 1375  590.00000  633.27068  7.33%  1199 3200s
 10420  8926  604.54845  118 1346  590.00000  633.27068  7.33%  1200 3205s
 10434  8935  604.82847  125 1353  590.00000  633.27068  7.33%  1201 3210s
 10455  8949  601.38950  136 1331  590.00000  633.27068  7.33%  1202 3215s
 10475  8962  598.50476  146 1318  590.00000  633.27068  7.33%  1203 3220s
 10494  8975  591.74868  155 1279  590.00000  633.27068  7.33%  1204 3225s
 10518  8977  591.60102  167 1283  590.00000  633.27068  7.33%  1205 3230s
 10549  8974  627.84818   33 1443  590.00000  633.27021  7.33%  1204 3236s
 10553  8976  628.28615   35 1453  590.00000  633.27021  7.33%  1205 3240s
 10558  8980  631.22172   38 1465  590.00000  633.27021  7.33%  1206 3245s
 10564  8984  630.75469   41 1463  590.00000  633.27021  7.33%  1208 3250s
 10569  8987  622.11748   43 1424  590.00000  633.27021  7.33%  1210 3255s
 10575  8991  625.90895   46 1421  590.00000  633.27021  7.33%  1211 3260s
 10581  8995  622.30650   49 1413  590.00000  633.27021  7.33%  1213 3266s
 10587  8999  626.64252   52 1437  590.00000  633.27021  7.33%  1214 3270s
 10593  9003  622.48475   55 1411  590.00000  633.27021  7.33%  1216 3276s
 10599  9007  624.64229   58 1423  590.00000  633.27021  7.33%  1217 3280s
 10607  9012  623.66231   62 1416  590.00000  633.27021  7.33%  1219 3285s
 10613  9016  622.09534   65 1411  590.00000  633.27021  7.33%  1221 3290s
 10621  9022  616.52457   69 1393  590.00000  633.27021  7.33%  1223 3296s
 10627  9026  623.46762   72 1410  590.00000  633.27021  7.33%  1224 3300s
 10637  9032  621.40858   77 1402  590.00000  633.27021  7.33%  1226 3305s
 10645  9038  616.76872   81 1383  590.00000  633.27021  7.33%  1228 3310s
 10653  9043  618.59531   85 1386  590.00000  633.27021  7.33%  1229 3315s
 10661  9048  617.93374   89 1377  590.00000  633.27021  7.33%  1231 3320s
 10671  9055  620.32699   94 1387  590.00000  633.27021  7.33%  1232 3325s
 10679  9060  618.34885   98 1378  590.00000  633.27021  7.33%  1234 3330s
 10692  9069  620.96938  105 1393  590.00000  633.27021  7.33%  1235 3335s
 10704  9077  620.22210  111 1384  590.00000  633.27021  7.33%  1237 3340s
 10717  9086  615.98342  117 1355  590.00000  633.27021  7.33%  1239 3345s
 10729  9094  611.86481  123 1326  590.00000  633.27021  7.33%  1240 3350s
 10748  9106  616.04561  133 1358  590.00000  633.27021  7.33%  1241 3355s
 10767  9119  611.78648  142 1316  590.00000  633.27021  7.33%  1242 3360s
 10793  9136  607.44709  155 1292  590.00000  633.27021  7.33%  1243 3365s
 10821  9155  605.00811  169 1284  590.00000  633.27021  7.33%  1243 3370s
 10860  9181  599.00611  189 1249  590.00000  633.27021  7.33%  1242 3375s
 10915  9196  632.73742   32 1482  590.00000  632.92674  7.28%  1239 3380s
 10921  9200  628.34222   35 1455  590.00000  632.92674  7.28%  1240 3386s
 10925  9202  628.76119   37 1452  590.00000  632.92674  7.28%  1242 3390s
 10931  9206  627.77830   40 1454  590.00000  632.92674  7.28%  1243 3396s
 10935  9209  626.06085   42 1442  590.00000  632.92674  7.28%  1245 3400s
 10941  9213  626.01783   45 1440  590.00000  632.92674  7.28%  1246 3406s
 10945  9216  626.21097   47 1435  590.00000  632.92674  7.28%  1247 3410s
 10951  9220  626.52263   50 1441  590.00000  632.92674  7.28%  1249 3415s
 10957  9224  621.78325   53 1413  590.00000  632.92674  7.28%  1251 3421s
 10961  9226  620.27102   55 1412  590.00000  632.92674  7.28%  1252 3425s
 10967  9230  625.28271   58 1428  590.00000  632.92674  7.28%  1253 3431s
 10971  9233  621.28378   60 1405  590.00000  632.92674  7.28%  1255 3435s
 10977  9237  622.80293   63 1415  590.00000  632.92674  7.28%  1256 3440s
 10985  9242  623.69424   67 1421  590.00000  632.92674  7.28%  1258 3445s
 10992  9247  626.60179   71 1435  590.00000  632.92674  7.28%  1259 3450s
 10999  9252  622.82205   74 1408  590.00000  632.92674  7.28%  1261 3455s
 11007  9257  623.22612   78 1405  590.00000  632.92674  7.28%  1263 3460s
 11018  9264  623.75959   84 1414  590.00000  632.92674  7.28%  1264 3465s
 11025  9269  617.14021   87 1371  590.00000  632.92674  7.28%  1266 3470s
 11034  9275  622.74179   92 1414  590.00000  632.92674  7.28%  1267 3475s
 11043  9281  620.45111   96 1400  590.00000  632.92674  7.28%  1269 3480s
 11055  9289  618.17728  102 1384  590.00000  632.92674  7.28%  1270 3485s
 11067  9297  615.01416  108 1362  590.00000  632.92674  7.28%  1272 3490s
 11081  9306  615.30109  115 1364  590.00000  632.92674  7.28%  1273 3495s
 11097  9317  612.42433  123 1356  590.00000  632.92674  7.28%  1274 3500s
 11113  9328  613.25815  131 1351  590.00000  632.92674  7.28%  1275 3505s
 11127  9337  608.17551  138 1331  590.00000  632.92674  7.28%  1276 3510s
 11143  9348  607.72173  146 1324  590.00000  632.92674  7.28%  1278 3515s
 11163  9361  607.92273  156 1311  590.00000  632.92674  7.28%  1278 3520s
 11187  9377  605.94008  168 1303  590.00000  632.92674  7.28%  1279 3525s
 11219  9398  599.00766  184 1273  590.00000  632.92674  7.28%  1279 3530s
 11265  9429  593.47152  207 1191  590.00000  632.92674  7.28%  1277 3535s
 11292  9431  627.56833   36 1436  590.00000  632.92617  7.28%  1276 3541s
 11297  9434  630.98877   39 1464  590.00000  632.92617  7.28%  1277 3545s
 11302  9438  627.43569   41 1440  590.00000  632.92617  7.28%  1279 3550s
 11307  9441  630.15054   44 1460  590.00000  632.92617  7.28%  1280 3555s
 11312  9444  624.21121   46 1422  590.00000  632.92617  7.28%  1282 3560s
 11318  9448  624.50218   49 1424  590.00000  632.92617  7.28%  1283 3566s
 11323  9452  629.05491   52 1446  590.00000  632.92617  7.28%  1285 3570s
 11329  9456  628.58955   55 1446  590.00000  632.92617  7.28%  1286 3575s
 11336  9460  620.33050   58 1400  590.00000  632.92617  7.28%  1288 3580s
 11343  9465  627.59504   62 1439  590.00000  632.92617  7.28%  1289 3585s
 11350  9470  620.98117   65 1396  590.00000  632.92617  7.28%  1291 3590s
 11357  9474  625.94510   69 1428  590.00000  632.92617  7.28%  1292 3595s

Cutting planes:
  Gomory: 12
  Flow cover: 60
  Zero half: 686
  RLT: 213
  BQP: 51

Explored 11364 nodes (14825539 simplex iterations) in 3600.00 seconds (5177.29 work units)
Thread count was 1 (of 24 available processors)

Solution count 10: 590 589 588 ... 575

Time limit reached
Best objective 5.900000000000e+02, best bound 6.320000000000e+02, gap 7.1186%

User-callback calls 173523, time in user-callback 1.22 sec
