
Gurobi 11.0.3 (linux64) logging started Thu Mar  5 15:04:10 2026

Set parameter LogFile to value "./log/train/IS_1500_6/IS_20.lp.log"
Set parameter TimeLimit to value 3600
Gurobi Optimizer version 11.0.3 build v11.0.3rc0 (linux64 - "Ubuntu 22.04.5 LTS")

CPU model: AMD Ryzen 9 9900X 12-Core Processor, instruction set [SSE2|AVX|AVX2|AVX512]
Thread count: 12 physical cores, 24 logical processors, using up to 2 threads

Optimize a model with 9209 rows, 1500 columns and 18132 nonzeros
Model fingerprint: 0x93f021cf
Variable types: 0 continuous, 1500 integer (1500 binary)
Coefficient statistics:
  Matrix range     [1e+00, 1e+00]
  Objective range  [1e+00, 1e+00]
  Bounds range     [1e+00, 1e+00]
  RHS range        [1e+00, 1e+00]
Found heuristic solution: objective 319.0000000
Presolve removed 1684 rows and 0 columns
Presolve time: 0.02s
Presolved: 7525 rows, 1500 columns, 16328 nonzeros
Variable types: 0 continuous, 1500 integer (1500 binary)

Root relaxation: objective 6.885000e+02, 3216 iterations, 0.13 seconds (0.21 work units)

    Nodes    |    Current Node    |     Objective Bounds      |     Work
 Expl Unexpl |  Obj  Depth IntInf | Incumbent    BestBd   Gap | It/Node Time

     0     0  688.50000    0 1347  319.00000  688.50000   116%     -    0s
H    0     0                     527.0000000  688.50000  30.6%     -    0s
H    0     0                     528.0000000  688.50000  30.4%     -    0s
     0     0  670.26389    0 1428  528.00000  670.26389  26.9%     -    1s
     0     0  670.26389    0 1428  528.00000  670.26389  26.9%     -    1s
     0     0  663.44261    0 1483  528.00000  663.44261  25.7%     -    2s
H    0     0                     550.0000000  663.44261  20.6%     -    2s
     0     0  663.33399    0 1483  550.00000  663.33399  20.6%     -    2s
     0     0  663.31948    0 1486  550.00000  663.31948  20.6%     -    2s
     0     0  663.31473    0 1485  550.00000  663.31473  20.6%     -    2s
     0     0  658.00129    0 1479  550.00000  658.00129  19.6%     -    2s
H    0     0                     553.0000000  658.00129  19.0%     -    2s
H    0     0                     557.0000000  658.00129  18.1%     -    2s
     0     0  657.63602    0 1480  557.00000  657.63602  18.1%     -    2s
     0     0  657.61069    0 1480  557.00000  657.61069  18.1%     -    2s
     0     0  657.60768    0 1480  557.00000  657.60768  18.1%     -    2s
     0     0  653.88089    0 1477  557.00000  653.88089  17.4%     -    3s
     0     0  653.64559    0 1475  557.00000  653.64559  17.4%     -    3s
     0     0  653.61596    0 1480  557.00000  653.61596  17.3%     -    3s
     0     0  653.60953    0 1479  557.00000  653.60953  17.3%     -    3s
     0     0  651.96482    0 1482  557.00000  651.96482  17.0%     -    4s
H    0     0                     559.0000000  651.96482  16.6%     -    4s
     0     0  651.77074    0 1479  559.00000  651.77074  16.6%     -    4s
     0     0  651.74878    0 1482  559.00000  651.74878  16.6%     -    4s
     0     0  651.73695    0 1479  559.00000  651.73695  16.6%     -    4s
     0     0  651.73585    0 1479  559.00000  651.73585  16.6%     -    4s
     0     0  649.56897    0 1481  559.00000  649.56897  16.2%     -    5s
     0     0  649.33669    0 1481  559.00000  649.33669  16.2%     -    5s
     0     0  649.28798    0 1483  559.00000  649.28798  16.2%     -    5s
     0     0  649.28378    0 1483  559.00000  649.28378  16.2%     -    5s
     0     0  647.48271    0 1484  559.00000  647.48271  15.8%     -    5s
     0     0  647.30227    0 1484  559.00000  647.30227  15.8%     -    6s
     0     0  647.27888    0 1483  559.00000  647.27888  15.8%     -    6s
     0     0  647.27092    0 1483  559.00000  647.27092  15.8%     -    6s
     0     0  646.33156    0 1487  559.00000  646.33156  15.6%     -    6s
     0     0  646.24645    0 1487  559.00000  646.24645  15.6%     -    6s
     0     0  646.23057    0 1486  559.00000  646.23057  15.6%     -    6s
     0     0  646.22869    0 1486  559.00000  646.22869  15.6%     -    6s
     0     0  644.78550    0 1488  559.00000  644.78550  15.3%     -    7s
     0     0  644.57327    0 1489  559.00000  644.57327  15.3%     -    7s
     0     0  644.53529    0 1488  559.00000  644.53529  15.3%     -    7s
     0     0  644.52579    0 1488  559.00000  644.52579  15.3%     -    7s
     0     0  643.95273    0 1487  559.00000  643.95273  15.2%     -    8s
H    0     0                     560.0000000  643.95273  15.0%     -    8s
     0     0  643.74719    0 1488  560.00000  643.74719  15.0%     -    8s
     0     0  643.71038    0 1487  560.00000  643.71038  14.9%     -    8s
     0     0  643.69393    0 1489  560.00000  643.69393  14.9%     -    8s
     0     0  643.68791    0 1489  560.00000  643.68791  14.9%     -    8s
     0     0  642.77583    0 1491  560.00000  642.77583  14.8%     -    8s
     0     0  642.66026    0 1492  560.00000  642.66026  14.8%     -    9s
     0     0  642.63618    0 1493  560.00000  642.63618  14.8%     -    9s
     0     0  642.63439    0 1493  560.00000  642.63439  14.8%     -    9s
     0     0  641.89831    0 1494  560.00000  641.89831  14.6%     -    9s
     0     0  641.70146    0 1490  560.00000  641.70146  14.6%     -    9s
     0     0  641.67997    0 1491  560.00000  641.67997  14.6%     -    9s
     0     0  641.67719    0 1492  560.00000  641.67719  14.6%     -    9s
     0     0  641.25306    0 1492  560.00000  641.25306  14.5%     -   10s
     0     0  641.18337    0 1494  560.00000  641.18337  14.5%     -   10s
     0     0  641.17094    0 1492  560.00000  641.17094  14.5%     -   10s
     0     0  640.83649    0 1492  560.00000  640.83649  14.4%     -   10s
     0     0  640.74411    0 1493  560.00000  640.74411  14.4%     -   10s
     0     0  640.73420    0 1494  560.00000  640.73420  14.4%     -   10s
     0     0  640.54354    0 1494  560.00000  640.54354  14.4%     -   11s
     0     0  640.50134    0 1494  560.00000  640.50134  14.4%     -   11s
     0     0  640.49562    0 1495  560.00000  640.49562  14.4%     -   11s
     0     0  640.19905    0 1493  560.00000  640.19905  14.3%     -   11s
     0     0  640.15457    0 1494  560.00000  640.15457  14.3%     -   11s
     0     0  640.14277    0 1494  560.00000  640.14277  14.3%     -   11s
     0     0  639.75805    0 1490  560.00000  639.75805  14.2%     -   11s
     0     0  639.68989    0 1491  560.00000  639.68989  14.2%     -   12s
     0     0  639.67801    0 1492  560.00000  639.67801  14.2%     -   12s
     0     0  639.28770    0 1492  560.00000  639.28770  14.2%     -   12s
     0     0  639.21278    0 1492  560.00000  639.21278  14.1%     -   12s
     0     0  639.19438    0 1492  560.00000  639.19438  14.1%     -   12s
     0     0  639.02966    0 1492  560.00000  639.02966  14.1%     -   12s
     0     0  638.98716    0 1492  560.00000  638.98716  14.1%     -   12s
     0     0  638.98364    0 1492  560.00000  638.98364  14.1%     -   12s
     0     0  638.74629    0 1490  560.00000  638.74629  14.1%     -   13s
H    0     0                     561.0000000  638.74629  13.9%     -   13s
     0     0  638.69733    0 1495  561.00000  638.69733  13.8%     -   13s
     0     0  638.68852    0 1494  561.00000  638.68852  13.8%     -   13s
     0     0  638.63796    0 1494  561.00000  638.63796  13.8%     -   13s
     0     0  638.63796    0 1492  561.00000  638.63796  13.8%     -   13s
H    0     0                     565.0000000  638.63796  13.0%     -   15s
     0     2  638.63796    0 1492  565.00000  638.63796  13.0%     -   15s
    11    14  632.30451    5 1453  565.00000  638.53172  13.0%  3346   20s
H   27    30                     566.0000000  638.53172  12.8%  2739   24s
    34    40  606.61241   11 1339  566.00000  638.53172  12.8%  2607   25s
    69    64  605.01766   21 1327  566.00000  638.53172  12.8%  1823   30s
    91    86  595.51323   33 1271  566.00000  638.53172  12.8%  1916   35s
H  108   104                     567.0000000  638.53172  12.6%  1787   36s
H  147   129                     568.0000000  638.31299  12.4%  1629   39s
   153   134  623.91452    4 1412  568.00000  638.31299  12.4%  1689   41s
H  175   161                     569.0000000  638.31299  12.2%  1643   43s
H  181   161                     570.0000000  638.31299  12.0%  1613   43s
H  186   159                     573.0000000  638.31299  11.4%  1575   43s
   201   153  631.67045   12 1439  573.00000  638.31299  11.4%  1555   56s
H  215   163                     575.0000000  638.31299  11.0%  1623   60s
H  240   176                     577.0000000  638.31299  10.6%  1728   64s
   241   187  623.13634   24 1387  577.00000  638.31299  10.6%  1745   65s
H  250   183                     581.0000000  638.31299  9.86%  1754   65s
   293   211  615.64718   34 1347  581.00000  638.31299  9.86%  1688   71s
   328   256  591.46348   46 1241  581.00000  637.68131  9.76%  1720   77s
   385   284  620.86034    7 1391  581.00000  637.68131  9.76%  1654   81s
   432   313  597.04843   17 1289  581.00000  637.68131  9.76%  1624   85s
   486   350  628.38075    9 1429  581.00000  637.48754  9.72%  1575   90s
   555   388  607.46283   13 1339  581.00000  637.48754  9.72%  1534   95s
H  601   393                     582.0000000  637.27331  9.50%  1486   98s
   625   408  631.42275   14 1442  582.00000  637.27281  9.50%  1477  100s
H  659   429                     583.0000000  637.27281  9.31%  1530  105s
   711   465  627.23617   24 1410  583.00000  637.27281  9.31%  1527  111s
   756   510  608.64456   39 1311  583.00000  637.27281  9.31%  1561  115s
   836   578  599.58937   51 1257  583.00000  637.27281  9.31%  1566  121s
   871   579  604.12119   27 1492  583.00000  637.27281  9.31%  1573  133s
   874   581  590.35262   46 1486  583.00000  637.27281  9.31%  1568  139s
   875   582  591.27529   19 1494  583.00000  637.27281  9.31%  1566  141s
   880   585  622.13733   32 1494  583.00000  637.27281  9.31%  1557  147s
   881   586  630.25926    8 1495  583.00000  637.27281  9.31%  1555  152s
   883   587  585.59621   15 1496  583.00000  637.27281  9.31%  1552  158s
   884   588  600.18892   53 1491  583.00000  637.27281  9.31%  1550  163s
   886   589  587.48371   34 1493  583.00000  637.27281  9.31%  1546  169s
   887   590  615.05423    7 1493  583.00000  637.27281  9.31%  1545  175s
   888   590  617.25585   31 1493  583.00000  637.27281  9.31%  1543  181s
   889   591  632.59934    7 1492  583.00000  637.27281  9.31%  1541  188s
   890   592  605.20341   23 1494  583.00000  637.27281  9.31%  1539  194s
   891   592  631.99198   13 1492  583.00000  637.27281  9.31%  1538  201s
   892   593  613.25366   34 1492  583.00000  637.27281  9.31%  1536  208s
   893   594  595.58166   65 1492  583.00000  637.27281  9.31%  1534  214s
   894   594  586.38543   37 1492  583.00000  637.27281  9.31%  1533  220s
   895   595  591.57717   63 1492  583.00000  637.27281  9.31%  1531  233s
   898   600  637.27281   17 1485  583.00000  637.27281  9.31%  1589  235s
   918   613  636.23760   22 1478  583.00000  637.27281  9.31%  1607  240s
   936   625  631.93967   26 1454  583.00000  637.27281  9.31%  1618  245s
   957   642  634.14795   31 1464  583.00000  637.27281  9.31%  1633  250s
   974   653  632.97474   35 1460  583.00000  637.27281  9.31%  1649  255s
  1000   672  631.58831   41 1452  583.00000  637.27281  9.31%  1665  261s
  1019   685  628.91190   45 1432  583.00000  637.27281  9.31%  1680  265s
  1046   705  628.29627   52 1437  583.00000  637.27281  9.31%  1697  271s
  1073   723  626.41475   58 1433  583.00000  637.27281  9.31%  1710  276s
  1092   737  624.90088   63 1427  583.00000  637.27281  9.31%  1722  281s
  1110   749  624.24425   67 1420  583.00000  637.27281  9.31%  1742  286s
  1130   765  623.61701   71 1419  583.00000  637.27281  9.31%  1764  291s
  1154   781  622.10934   76 1410  583.00000  637.27281  9.31%  1786  297s
  1180   800  620.97009   81 1404  583.00000  637.27281  9.31%  1807  303s
  1194   809  620.15992   84 1400  583.00000  637.27281  9.31%  1821  306s
  1222   829  618.65160   90 1393  583.00000  637.27281  9.31%  1846  312s
  1237   839  618.12590   93 1393  583.00000  637.27281  9.31%  1858  315s
  1270   862  613.25758   99 1373  583.00000  637.27281  9.31%  1889  322s
  1286   877  616.20308  103 1383  583.00000  637.27281  9.31%  1907  326s
  1306   891  615.54616  107 1378  583.00000  637.27281  9.31%  1922  330s
  1352   931  614.06564  116 1367  583.00000  637.27281  9.31%  1958  339s
  1382   955  613.36182  122 1358  583.00000  637.27281  9.31%  1970  343s
  1416   977  612.61187  128 1350  583.00000  637.27281  9.31%  1978  347s
  1450  1008  611.87570  134 1343  583.00000  637.27281  9.31%  1986  352s
  1492  1044  610.91826  141 1343  583.00000  637.27281  9.31%  1986  357s
  1544  1107  604.08981  149 1291  583.00000  637.27281  9.31%  1977  361s
  1624  1139  608.76121  160 1303  583.00000  637.27281  9.31%  1938  368s
  1710  1143  606.84941  171 1284  583.00000  637.27281  9.31%  1900  374s
  1743  1169  601.08321  184 1233  583.00000  637.27281  9.31%  1907  379s
  1780  1215  601.56679  200 1240  583.00000  637.27281  9.31%  1910  384s
  1838  1273  594.99861  226 1213  583.00000  637.09622  9.28%  1897  390s
  1940  1253  636.89460   20 1483  583.00000  636.89460  9.24%  1845  396s
  1954  1263  636.47083   23 1481  583.00000  636.82561  9.23%  1864  402s
  1969  1274  630.62996   26 1442  583.00000  636.82561  9.23%  1885  409s
  1985  1286  635.42039   30 1472  583.00000  636.82561  9.23%  1902  416s
  2002  1298  634.70316   34 1467  583.00000  636.82561  9.23%  1922  423s
  2020  1311  634.25103   38 1465  583.00000  636.82561  9.23%  1944  430s
  2039  1327  629.20834   42 1429  583.00000  636.82561  9.23%  1969  437s
  2061  1343  633.10543   47 1452  583.00000  636.82561  9.23%  1985  445s
  2085  1364  629.41146   52 1416  583.00000  636.82561  9.23%  2009  453s
  2114  1389  631.63156   58 1434  583.00000  636.82561  9.23%  2026  461s
  2148  1410  630.19072   65 1431  583.00000  636.82561  9.23%  2046  469s
  2181  1440  629.14621   72 1422  583.00000  636.82561  9.23%  2064  477s
  2222  1460  628.18200   82 1409  583.00000  636.82561  9.23%  2080  488s
  2255  1500  626.57530   91 1403  583.00000  636.82561  9.23%  2088  496s
  2306  1540  624.23099  103 1388  583.00000  636.82561  9.23%  2102  505s
  2363  1583  601.45764  116 1275  583.00000  636.82561  9.23%  2105  515s
  2425  1636  615.13394  128 1324  583.00000  636.82561  9.23%  2101  525s
  2499  1634  614.87230  138 1319  583.00000  636.82561  9.23%  2084  534s
  2522  1796  615.84618  147 1323  583.00000  636.82561  9.23%  2081  545s
  2708  1748  612.90024  168 1290  583.00000  636.82561  9.23%  1994  558s
  2713  1878  610.72474  168 1278  583.00000  636.82561  9.23%  1998  570s
  2843  1962  591.09481  226 1143  583.00000  636.73486  9.22%  1971  581s
  2949  1990  628.84820   23 1429  583.00000  636.73486  9.22%  1940  593s
  2977  2023  634.54039   30 1459  583.00000  636.73486  9.22%  1963  608s
  3010  2060  626.23030   37 1425  583.00000  636.73486  9.22%  1990  620s
  3047  2098  632.17282   46 1442  583.00000  636.73486  9.22%  2014  633s
  3085  2154  631.06876   55 1428  583.00000  636.73486  9.22%  2036  647s
  3141  2196  629.11575   66 1418  583.00000  636.73486  9.22%  2061  660s
  3183  2282  626.95252   78 1405  583.00000  636.73486  9.22%  2077  674s
  3269  2406  623.69447   97 1383  583.00000  636.73486  9.22%  2093  689s
  3393  2662  619.50796  121 1352  583.00000  636.73486  9.22%  2098  705s
  3668  2862  612.37343  159 1287  583.00000  636.67014  9.21%  2026  720s
  3891  2898  635.76705   23 1479  583.00000  636.67014  9.21%  1977  736s
  3927  2910  634.44434   31 1471  583.00000  636.67014  9.21%  2000  755s
  3939  2957  633.96056   35 1466  583.00000  636.67014  9.21%  2007  771s
  3986  3002  632.66428   45 1450  583.00000  636.67014  9.21%  2032  788s
  4031  3066  631.66490   56 1436  583.00000  636.67014  9.21%  2053  804s
  4095  3162  629.54659   69 1420  583.00000  636.67014  9.21%  2074  822s
  4191  3210  626.90894   88 1394  583.00000  636.67014  9.21%  2094  839s
  4239  3390  622.33199  111 1369  583.00000  636.67014  9.21%  2101  858s
  4419  3805  615.25799  147 1340  583.00000  636.67014  9.21%  2098  878s
  4867  4123  589.64460  240 1150  583.00000  636.63216  9.20%  1984  897s
  5205  4791  619.30331  116 1358  583.00000  636.63216  9.20%  1904  916s
  5895  5112  588.24409  235 1162  583.00000  636.42453  9.16%  1756  934s
  6242  5581  632.55222   45 1450  583.00000  636.42453  9.16%  1700  950s
  6730  6149  606.36116  183 1262  583.00000  636.39612  9.16%  1629  967s
  7320  6585  635.06539   23 1462  583.00000  636.39612  9.16%  1558  987s
  7780  6851  609.17963  165 1287  583.00000  636.39612  9.16%  1510  997s
  8046  7159  591.80762  224 1185  583.00000  636.33954  9.15%  1490 1006s
  8372  7357  631.65076   35 1446  583.00000  636.33954  9.15%  1453 1014s
  8584  7472  622.50862   93 1382  583.00000  636.33954  9.15%  1433 1022s
  8711  7608  608.70809  151 1288  583.00000  636.33954  9.15%  1426 1035s
  8847  7925  597.91790  195 1234  583.00000  636.18260  9.12%  1418 1044s
  9216  7949  628.17634   23 1444  583.00000  636.14130  9.12%  1384 1051s
  9240  7977  627.09327   29 1439  583.00000  636.14130  9.12%  1391 1060s
  9268  8007  626.01293   36 1431  583.00000  636.14130  9.12%  1399 1068s
  9298  8039  625.22203   43 1423  583.00000  636.14130  9.12%  1407 1077s
  9330  8079  623.95458   51 1412  583.00000  636.14130  9.12%  1415 1087s
  9370  8130  622.67380   61 1397  583.00000  636.14130  9.12%  1424 1096s
  9421  8161  615.00861   73 1356  583.00000  636.14130  9.12%  1432 1104s
  9452  8209  618.75783   79 1377  583.00000  636.14130  9.12%  1436 1112s
  9500  8295  610.66423   90 1345  583.00000  636.14130  9.12%  1442 1122s
  9586  8414  608.59127  111 1325  583.00000  636.14130  9.12%  1449 1132s
  9705  8644  606.60423  141 1291  583.00000  636.14130  9.12%  1454 1142s
  9941  8744  593.58141  197 1201  583.00000  636.07906  9.10%  1446 1158s
 10091  9064  627.77115   40 1424  583.00000  636.07875  9.10%  1436 1168s
 10437  9181  635.24227   24 1477  583.00000  636.03666  9.10%  1409 1176s
 10554  9312  590.39957   92 1211  583.00000  636.01409  9.09%  1407 1185s
 10725  9370  625.31995   22 1416  583.00000  635.90698  9.07%  1402 1194s
 10805  9496  585.49391   33 1253  583.00000  635.89021  9.07%  1408 1209s
 10959  9671  617.06523   85 1340  583.00000  635.82238  9.06%  1401 1220s
 11148  9959  630.52235   25 1443  583.00000  635.82238  9.06%  1388 1228s
 11462 10197  605.39120  156 1273  583.00000  635.77373  9.05%  1368 1238s
 11717 10541  620.25391   77 1371  583.00000  635.77317  9.05%  1355 1247s
 12101 10731  632.36901   40 1432  583.00000  635.76938  9.05%  1333 1253s
 12291 10963  606.18929  147 1252  583.00000  635.76923  9.05%  1325 1262s
 12564 11062  609.98279   64 1332  583.00000  635.66811  9.03%  1311 1271s
 12683 11125  597.95147   29 1306  583.00000  635.62081  9.03%  1312 1280s
 12810 11220  607.82657   45 1328  583.00000  635.56998  9.02%  1313 1289s
 12928 11347  595.61615   64 1273  583.00000  635.53017  9.01%  1311 1297s
 13080 11567  628.71138   26 1440  583.00000  635.48877  9.00%  1308 1305s
 13318 11596  607.69561  136 1301  583.00000  635.48877  9.00%  1298 1314s
 13347 11829  603.54545  156 1278  583.00000  635.44694  9.00%  1296 1322s
 13594 12108  625.00810   80 1387  583.00000  635.44430  9.00%  1286 1329s
 13915 12371  625.04365   30 1415  583.00000  635.42209  8.99%  1270 1337s
 14196 12477  601.82974  144 1276  583.00000  635.40713  8.99%  1257 1345s
 14327 12645  593.24014   54 1281  583.00000  635.38517  8.99%  1256 1352s
 14517 12925  611.46630  104 1332  583.00000  635.35175  8.98%  1251 1359s
 14877 12926  626.92458   74 1492  583.00000  635.34793  8.98%  1235 1868s
 14880 12928  622.49788   74 1491  583.00000  635.34793  8.98%  1234 1876s
 14887 12933  611.26011   95 1495  583.00000  631.43611  8.31%  1234 1889s
 14888 12933  600.00894  197 1494  583.00000  631.36475  8.30%  1234 1897s
 14890 12935  624.28062   84 1490  583.00000  631.34483  8.29%  1233 1909s
 14891 12935  589.35416   78 1494  583.00000  630.99748  8.23%  1233 1919s
 14894 12937  623.92496   73 1496  583.00000  630.82742  8.20%  1233 1930s
 14895 12938  628.08859   39 1492  583.00000  630.64826  8.17%  1233 1939s
 14899 12941  601.07599  173 1494  583.00000  630.56631  8.16%  1233 1950s
 14900 12941  628.43076   35 1495  583.00000  630.37890  8.13%  1233 1960s
 14902 12943  599.61642  179 1495  583.00000  630.33135  8.12%  1232 1972s
 14903 12943  595.43311  215 1493  583.00000  630.24835  8.10%  1232 1982s
 14905 12945  600.47401  204 1496  583.00000  630.22296  8.10%  1232 1991s
 14906 12945  615.90459  135 1494  583.00000  630.10008  8.08%  1232 2000s
 14909 12947  630.05540   32 1494  583.00000  630.05540  8.07%  1232 2010s
 14910 12948  625.82742   46 1492  583.00000  629.66043  8.00%  1232 2021s
 14913 12950  596.65194  214 1495  583.00000  629.57426  7.99%  1232 2032s
 14914 12951  619.35539   52 1495  583.00000  629.50745  7.98%  1231 2042s
 14916 12952  592.52970  180 1495  583.00000  629.48617  7.97%  1231 2054s
 14917 12953  608.97478  156 1493  583.00000  629.42774  7.96%  1231 2065s
 14919 12954  612.96962  159 1495  583.00000  629.40516  7.96%  1231 2078s
 14920 12955  629.32420   54 1494  583.00000  629.32420  7.95%  1231 2088s
 14922 12956  597.86580  208 1494  583.00000  629.29307  7.94%  1231 2099s
 14923 12957  598.96527   29 1494  583.00000  629.25314  7.93%  1231 2109s
 14925 12958  611.61889  139 1495  583.00000  629.24311  7.93%  1231 2121s
 14926 12959  629.22395   26 1494  583.00000  629.22395  7.93%  1230 2132s
 14927 12959  613.24871  135 1494  583.00000  629.21938  7.93%  1230 2145s
 14928 12960  596.25267  213 1495  583.00000  629.19684  7.92%  1230 2158s
 14930 12961  629.18444   66 1495  583.00000  629.18444  7.92%  1230 2171s
 14931 12962  596.74465  213 1496  583.00000  629.11165  7.91%  1230 2182s
 14934 12964  592.24603  223 1495  583.00000  629.06809  7.90%  1230 2194s
 14935 12965  629.00956   25 1494  583.00000  629.00956  7.89%  1230 2204s
 14938 12967  608.03199   29 1496  583.00000  628.97799  7.89%  1230 2218s
 14939 12967  609.15355  153 1496  583.00000  628.95918  7.88%  1229 2232s
 14940 12968  608.45503  157 1495  583.00000  628.95245  7.88%  1229 2244s
 14941 12969  592.33641  233 1495  583.00000  628.94554  7.88%  1229 2255s
 14942 12969  617.00910  125 1494  583.00000  628.94086  7.88%  1229 2268s
 14943 12970  589.46882  202 1495  583.00000  628.93979  7.88%  1229 2280s
 14944 12971  624.06183   85 1495  583.00000  628.93629  7.88%  1229 2293s
 14945 12971  628.35719   63 1493  583.00000  628.93484  7.88%  1229 2306s
 14946 12972  605.94429   68 1494  583.00000  628.93414  7.88%  1229 2321s
 14947 12973  602.84866  190 1493  583.00000  628.90659  7.87%  1229 2331s
 14949 12974  609.70857  159 1495  583.00000  628.88753  7.87%  1229 2343s
 14950 12975  628.87915   35 1493  583.00000  628.87915  7.87%  1229 2355s
 14951 12975  608.10697  129 1495  583.00000  628.87491  7.87%  1228 2368s
 14952 12976  602.52635  163 1496  583.00000  628.86178  7.87%  1228 2380s
 14953 12977  617.26000   85 1495  583.00000  628.85752  7.87%  1228 2392s
 14954 12977  627.43582   44 1496  583.00000  628.85662  7.87%  1228 2406s
 14955 12978  619.11854   99 1496  583.00000  628.85640  7.87%  1228 2419s
 14956 12979  607.53545  175 1495  583.00000  628.85510  7.87%  1228 2430s
 14957 12979  626.11959   78 1496  583.00000  628.85456  7.87%  1228 2442s
 14958 12980  592.24603  223 1496  583.00000  628.85442  7.87%  1228 2455s
 14959 12981  611.20546   45 1496  583.00000  628.85437  7.87%  1228 2467s
 14960 12981  626.44497   71 1496  583.00000  628.85430  7.87%  1228 2480s
 14961 12982  604.64172  154 1496  583.00000  628.85427  7.87%  1228 2494s
 14962 12983  586.71429  221 1495  583.00000  628.85425  7.87%  1228 2507s
 14963 12983  592.33641  233 1495  583.00000  628.85424  7.87%  1227 2520s
 14964 12984  587.51753  226 1496  583.00000  628.85405  7.87%  1227 2534s
 14965 12985  612.57968   91 1496  583.00000  628.85398  7.87%  1227 2547s
 14966 12985  595.73954  214 1496  583.00000  628.85393  7.87%  1227 2561s
 14967 12986  590.54902  229 1496  583.00000  628.84358  7.86%  1227 2575s
 14968 12987  612.77487  110 1496  583.00000  628.84335  7.86%  1227 2590s
 14969 12987  620.25746   75 1496  583.00000  628.84335  7.86%  1227 2607s
 14972 12992  628.29679   32 1492  583.00000  628.57373  7.82%  1233 2610s
 14984 13000  627.41361   35 1486  583.00000  628.03537  7.72%  1234 2615s
 14998 13010  626.22182   38 1476  583.00000  628.03537  7.72%  1236 2620s
 15008 13018  625.80309   41 1483  583.00000  628.03537  7.72%  1237 2625s
 15020 13026  624.79749   44 1481  583.00000  628.03537  7.72%  1239 2630s
 15032 13034  624.11451   47 1477  583.00000  628.03537  7.72%  1240 2635s
 15043 13043  623.45224   50 1468  583.00000  628.03537  7.72%  1241 2640s
 15053 13046  622.76424   52 1465  583.00000  628.03537  7.72%  1242 2645s
 15059 13053  619.40093   53 1441  583.00000  628.03537  7.72%  1243 2650s
 15076 13066  621.45079   56 1461  583.00000  628.03537  7.72%  1245 2656s
 15082 13066  618.84242   57 1442  583.00000  628.03537  7.72%  1245 2666s
 15092 13078  620.55742   60 1458  583.00000  628.03537  7.72%  1246 2670s
 15109 13086  619.29988   64 1458  583.00000  628.03537  7.72%  1247 2678s
 15113 13094  619.01796   65 1454  583.00000  628.03537  7.72%  1248 2681s
 15132 13107  617.93353   70 1450  583.00000  628.03537  7.72%  1249 2687s
 15142 13108  617.48736   72 1445  583.00000  628.03537  7.72%  1250 2697s
 15146 13117  615.14392   73 1426  583.00000  628.03537  7.72%  1250 2700s
 15168 13131  615.59711   78 1441  583.00000  628.03537  7.72%  1253 2707s
 15178 13140  615.01111   80 1439  583.00000  628.03537  7.72%  1254 2711s
 15190 13150  614.14159   83 1436  583.00000  628.03537  7.72%  1255 2715s
 15216 13166  612.64563   89 1429  583.00000  628.03537  7.72%  1259 2724s
 15229 13175  612.03609   92 1420  583.00000  628.03537  7.72%  1260 2728s
 15242 13184  611.45053   95 1416  583.00000  628.03537  7.72%  1262 2734s
 15256 13195  606.73411   98 1392  583.00000  628.03537  7.72%  1264 2738s
 15271 13205  606.27440  101 1392  583.00000  628.03537  7.72%  1266 2743s
 15286 13218  609.17976  105 1408  583.00000  628.03537  7.72%  1268 2749s
 15304 13231  608.46812  109 1400  583.00000  628.03537  7.72%  1271 2755s
 15323 13229  607.98732  113 1396  583.00000  628.03537  7.72%  1274 2761s
 15328 13249  607.91698  114 1396  583.00000  628.03537  7.72%  1275 2767s
 15349 13265  599.80626  118 1356  583.00000  628.03537  7.72%  1278 2772s
 15372 13283  606.66534  123 1385  583.00000  628.03537  7.72%  1281 2778s
 15398 13313  605.97913  128 1380  583.00000  628.03537  7.72%  1284 2784s
 15437 13345  604.82963  136 1368  583.00000  628.03537  7.72%  1284 2790s
 15482 13383  603.71788  145 1359  583.00000  628.03537  7.72%  1283 2796s
 15537 13428  598.27581  155 1327  583.00000  628.03537  7.72%  1281 2802s
 15602 13464  597.60878  166 1312  583.00000  628.03537  7.72%  1279 2808s
 15692 13453  593.82585  179 1283  583.00000  628.03537  7.72%  1275 2832s
 15713 13480  596.73598  187 1295  583.00000  628.03537  7.72%  1274 2839s
 15747 13527  594.73028  202 1262  583.00000  628.03537  7.72%  1274 2845s
 15805 13543  589.32968  227 1225  583.00000  627.65238  7.66%  1272 2854s
 15868 13539  627.39807   35 1483  583.00000  627.62301  7.65%  1270 2862s
 15885 13542  627.16431   38 1476  583.00000  627.62301  7.65%  1272 2870s
 15894 13561  626.97323   39 1477  583.00000  627.62301  7.65%  1273 2878s
 15916 13574  626.64197   43 1469  583.00000  627.62301  7.65%  1274 2885s
 15936 13597  626.20149   46 1462  583.00000  627.62301  7.65%  1275 2892s
 15966 13622  619.82579   52 1433  583.00000  627.62301  7.65%  1276 2900s
 16001 13648  624.47070   60 1453  583.00000  627.62301  7.65%  1276 2909s
 16039 13683  623.44410   68 1444  583.00000  627.62301  7.65%  1277 2917s
 16086 13721  621.48369   78 1432  583.00000  627.62301  7.65%  1277 2926s
 16140 13761  619.59260   89 1415  583.00000  627.62301  7.65%  1276 2936s
 16198 13824  612.33256   99 1370  583.00000  627.62301  7.65%  1276 2945s
 16280 13908  615.39977  114 1393  583.00000  627.62301  7.65%  1273 2956s
 16392 13956  612.56135  130 1366  583.00000  627.62301  7.65%  1269 2966s
 16515 13978  609.23054  145 1329  583.00000  627.62301  7.65%  1264 2978s
 16578 14058  604.29591  171 1305  583.00000  627.62301  7.65%  1263 2991s
 16679 14085  590.85516  214 1112  583.00000  627.18045  7.58%  1260 3001s
 16775 14085  622.73047   37 1449  583.00000  627.18045  7.58%  1257 3012s
 16807 14096  626.05156   42 1477  583.00000  627.18045  7.58%  1258 3025s
 16828 14131  625.64993   46 1469  583.00000  627.18045  7.58%  1260 3039s
 16870 14179  617.14109   54 1417  583.00000  627.18045  7.58%  1261 3052s
 16932 14231  623.12991   66 1446  583.00000  627.18045  7.58%  1261 3067s
 17005 14288  621.32488   78 1430  583.00000  627.18045  7.58%  1261 3085s
 17086 14311  619.13666   93 1407  583.00000  627.18045  7.58%  1260 3115s
 17136 14420  617.89851  100 1405  583.00000  627.18045  7.58%  1258 3129s
 17278 14438  617.10394  105 1398  583.00000  627.18045  7.58%  1252 3145s
 17366 14505  609.74208  133 1355  583.00000  627.18045  7.58%  1252 3162s
 17463 14633  604.40624  174 1316  583.00000  626.79486  7.51%  1252 3180s
 17644 14635  625.12724   36 1463  583.00000  626.79486  7.51%  1247 3194s
 17706 14701  623.84618   49 1447  583.00000  626.79486  7.51%  1249 3211s
 17793 14797  622.10369   66 1424  583.00000  626.79486  7.51%  1250 3228s
 17918 14938  616.55489   93 1392  583.00000  626.79486  7.51%  1249 3248s
 18101 15122  611.40908  125 1361  583.00000  626.79486  7.51%  1244 3268s
 18368 15326  594.49319  184 1226  583.00000  626.56411  7.47%  1234 3290s
 18697 15526  619.50354   85 1406  583.00000  626.56411  7.47%  1220 3309s
 19021 15730  596.36164  190 1251  583.00000  626.45550  7.45%  1207 3331s
 19357 15989  621.11072   75 1425  583.00000  626.45550  7.45%  1193 3353s
 19760 16287  590.91301  192 1175  583.00000  626.43017  7.45%  1179 3376s
 20246 16468  592.14505  146 1244  583.00000  626.41123  7.45%  1160 3395s
 20607 16730  609.59725  138 1349  583.00000  626.41091  7.45%  1148 3417s
 21027 16677  621.27033   38 1444  583.00000  626.24845  7.42%  1135 3435s
 21122 17005  617.33634   49 1417  583.00000  626.22177  7.41%  1133 3454s
 21507 17209  622.84782   61 1451  583.00000  626.20246  7.41%  1120 3472s
 21875 17226  623.48169   46 1459  583.00000  626.12595  7.40%  1109 3491s
 22043 17312  596.23661   74 1297  583.00000  625.99064  7.37%  1106 3509s
 22225 17621  619.08099   39 1440  583.00000  625.87481  7.35%  1103 3530s
 22636 17623  610.07046   61 1374  583.00000  625.86234  7.35%  1092 3541s
 22795 17769  622.64158   64 1439  583.00000  625.80327  7.34%  1088 3554s
 22994 17904  608.97411  140 1358  583.00000  625.80327  7.34%  1083 3566s
 23217 18046  593.97483  199 1258  583.00000  625.76165  7.33%  1077 3577s
 23456 18234  615.81853   68 1396  583.00000  625.76109  7.33%  1070 3588s
 23744 18202     cutoff  214       583.00000  625.71892  7.33%  1062 3599s
 23836 18173  617.02672   44 1418  583.00000  625.66303  7.32%  1062 3600s

Cutting planes:
  Gomory: 8
  Clique: 1
  Flow cover: 108
  Zero half: 918
  RLT: 391
  BQP: 68

Explored 23837 nodes (25427979 simplex iterations) in 3600.00 seconds (9831.36 work units)
Thread count was 2 (of 24 available processors)

Solution count 10: 583 582 581 ... 567

Time limit reached
Best objective 5.830000000000e+02, best bound 6.250000000000e+02, gap 7.2041%

User-callback calls 310203, time in user-callback 0.93 sec

Gurobi 11.0.3 (linux64) logging started Sat Mar  7 13:20:15 2026

Set parameter LogFile to value "./log/train/IS_1500_6/IS_20.lp.log"
Set parameter TimeLimit to value 3600
Gurobi Optimizer version 11.0.3 build v11.0.3rc0 (linux64 - "Ubuntu 22.04.5 LTS")

CPU model: AMD Ryzen 9 9900X 12-Core Processor, instruction set [SSE2|AVX|AVX2|AVX512]
Thread count: 12 physical cores, 24 logical processors, using up to 1 threads

Optimize a model with 9209 rows, 1500 columns and 18132 nonzeros
Model fingerprint: 0x93f021cf
Variable types: 0 continuous, 1500 integer (1500 binary)
Coefficient statistics:
  Matrix range     [1e+00, 1e+00]
  Objective range  [1e+00, 1e+00]
  Bounds range     [1e+00, 1e+00]
  RHS range        [1e+00, 1e+00]
Found heuristic solution: objective 319.0000000
Presolve removed 1684 rows and 0 columns
Presolve time: 0.04s
Presolved: 7525 rows, 1500 columns, 16328 nonzeros
Variable types: 0 continuous, 1500 integer (1500 binary)

Root relaxation: objective 6.885000e+02, 3216 iterations, 0.18 seconds (0.21 work units)

    Nodes    |    Current Node    |     Objective Bounds      |     Work
 Expl Unexpl |  Obj  Depth IntInf | Incumbent    BestBd   Gap | It/Node Time

     0     0  688.50000    0 1347  319.00000  688.50000   116%     -    0s
H    0     0                     527.0000000  688.50000  30.6%     -    0s
H    0     0                     528.0000000  688.50000  30.4%     -    0s
     0     0  670.26389    0 1428  528.00000  670.26389  26.9%     -    1s
     0     0  670.26389    0 1428  528.00000  670.26389  26.9%     -    1s
     0     0  663.44261    0 1483  528.00000  663.44261  25.7%     -    2s
H    0     0                     550.0000000  663.44261  20.6%     -    2s
     0     0  663.33399    0 1483  550.00000  663.33399  20.6%     -    2s
     0     0  663.31948    0 1486  550.00000  663.31948  20.6%     -    2s
     0     0  663.31473    0 1485  550.00000  663.31473  20.6%     -    2s
     0     0  658.00129    0 1479  550.00000  658.00129  19.6%     -    3s
H    0     0                     553.0000000  658.00129  19.0%     -    3s
H    0     0                     557.0000000  658.00129  18.1%     -    3s
     0     0  657.63602    0 1480  557.00000  657.63602  18.1%     -    3s
     0     0  657.61069    0 1480  557.00000  657.61069  18.1%     -    3s
     0     0  657.60768    0 1480  557.00000  657.60768  18.1%     -    3s
     0     0  653.88089    0 1477  557.00000  653.88089  17.4%     -    5s
     0     0  653.64559    0 1475  557.00000  653.64559  17.4%     -    5s
     0     0  653.61596    0 1480  557.00000  653.61596  17.3%     -    5s
     0     0  653.60953    0 1479  557.00000  653.60953  17.3%     -    5s
     0     0  651.96482    0 1482  557.00000  651.96482  17.0%     -    5s
H    0     0                     559.0000000  651.96482  16.6%     -    5s
     0     0  651.77074    0 1479  559.00000  651.77074  16.6%     -    6s
     0     0  651.74878    0 1482  559.00000  651.74878  16.6%     -    6s
     0     0  651.73695    0 1479  559.00000  651.73695  16.6%     -    6s
     0     0  651.73585    0 1479  559.00000  651.73585  16.6%     -    6s
     0     0  649.56897    0 1481  559.00000  649.56897  16.2%     -    7s
     0     0  649.33669    0 1481  559.00000  649.33669  16.2%     -    7s
     0     0  649.28798    0 1483  559.00000  649.28798  16.2%     -    7s
     0     0  649.28378    0 1483  559.00000  649.28378  16.2%     -    7s
     0     0  647.48271    0 1484  559.00000  647.48271  15.8%     -    8s
     0     0  647.30227    0 1484  559.00000  647.30227  15.8%     -    8s
     0     0  647.27888    0 1483  559.00000  647.27888  15.8%     -    8s
     0     0  647.27092    0 1483  559.00000  647.27092  15.8%     -    9s
     0     0  646.33156    0 1487  559.00000  646.33156  15.6%     -    9s
     0     0  646.24645    0 1487  559.00000  646.24645  15.6%     -    9s
     0     0  646.23057    0 1486  559.00000  646.23057  15.6%     -    9s
     0     0  646.22869    0 1486  559.00000  646.22869  15.6%     -    9s
     0     0  644.78550    0 1488  559.00000  644.78550  15.3%     -   10s
     0     0  644.57327    0 1489  559.00000  644.57327  15.3%     -   10s
     0     0  644.53529    0 1488  559.00000  644.53529  15.3%     -   11s
     0     0  644.52579    0 1488  559.00000  644.52579  15.3%     -   11s
     0     0  643.95273    0 1487  559.00000  643.95273  15.2%     -   11s
H    0     0                     560.0000000  643.95273  15.0%     -   11s
     0     0  643.74719    0 1488  560.00000  643.74719  15.0%     -   11s
     0     0  643.71038    0 1487  560.00000  643.71038  14.9%     -   12s
     0     0  643.69393    0 1489  560.00000  643.69393  14.9%     -   12s
     0     0  643.68791    0 1489  560.00000  643.68791  14.9%     -   12s
     0     0  642.77583    0 1491  560.00000  642.77583  14.8%     -   12s
     0     0  642.66026    0 1492  560.00000  642.66026  14.8%     -   13s
     0     0  642.63618    0 1493  560.00000  642.63618  14.8%     -   13s
     0     0  642.63439    0 1493  560.00000  642.63439  14.8%     -   13s
     0     0  641.89831    0 1494  560.00000  641.89831  14.6%     -   13s
     0     0  641.70146    0 1490  560.00000  641.70146  14.6%     -   14s
     0     0  641.67997    0 1491  560.00000  641.67997  14.6%     -   14s
     0     0  641.67719    0 1492  560.00000  641.67719  14.6%     -   14s
     0     0  641.25306    0 1492  560.00000  641.25306  14.5%     -   14s
     0     0  641.18337    0 1494  560.00000  641.18337  14.5%     -   15s
     0     0  641.17094    0 1492  560.00000  641.17094  14.5%     -   15s
     0     0  640.83649    0 1492  560.00000  640.83649  14.4%     -   15s
     0     0  640.74411    0 1493  560.00000  640.74411  14.4%     -   15s
     0     0  640.73420    0 1494  560.00000  640.73420  14.4%     -   15s
     0     0  640.54354    0 1494  560.00000  640.54354  14.4%     -   16s
     0     0  640.50134    0 1494  560.00000  640.50134  14.4%     -   16s
     0     0  640.49562    0 1495  560.00000  640.49562  14.4%     -   16s
     0     0  640.19905    0 1493  560.00000  640.19905  14.3%     -   16s
     0     0  640.15457    0 1494  560.00000  640.15457  14.3%     -   17s
     0     0  640.14277    0 1494  560.00000  640.14277  14.3%     -   17s
     0     0  639.75805    0 1490  560.00000  639.75805  14.2%     -   17s
     0     0  639.68989    0 1491  560.00000  639.68989  14.2%     -   17s
     0     0  639.67801    0 1492  560.00000  639.67801  14.2%     -   17s
     0     0  639.28770    0 1492  560.00000  639.28770  14.2%     -   18s
     0     0  639.21278    0 1492  560.00000  639.21278  14.1%     -   18s
     0     0  639.19438    0 1492  560.00000  639.19438  14.1%     -   18s
     0     0  639.02966    0 1492  560.00000  639.02966  14.1%     -   19s
     0     0  638.98716    0 1492  560.00000  638.98716  14.1%     -   19s
     0     0  638.98364    0 1492  560.00000  638.98364  14.1%     -   19s
     0     0  638.74629    0 1490  560.00000  638.74629  14.1%     -   19s
H    0     0                     561.0000000  638.74629  13.9%     -   19s
     0     0  638.69733    0 1495  561.00000  638.69733  13.8%     -   19s
     0     0  638.68852    0 1494  561.00000  638.68852  13.8%     -   19s
     0     0  638.63796    0 1494  561.00000  638.63796  13.8%     -   20s
     0     0  638.63796    0 1492  561.00000  638.63796  13.8%     -   20s
H    0     0                     565.0000000  638.63796  13.0%     -   22s
     0     2  638.63701    0 1492  565.00000  638.63701  13.0%     -   22s
     5     7  632.00162    4 1454  565.00000  638.63701  13.0%  2652   25s
    10    12  628.58748    7 1437  565.00000  638.63701  13.0%  3428   30s
    21    23  617.03846   15 1365  565.00000  638.63701  13.0%  3046   35s
H   27    27                     569.0000000  638.63701  12.2%  2809   36s
    35    37  615.52923   23 1364  569.00000  638.63701  12.2%  2872   40s
    66    66  575.63770   43 1189  569.00000  638.63701  12.2%  2232   45s
    88    78  623.63893    3 1416  569.00000  638.53172  12.2%  2023   50s
    98    88  601.47931   10 1322  569.00000  638.53172  12.2%  2108   55s
H  104    92                     570.0000000  638.53172  12.0%  2059   56s
   157   123     cutoff   48       570.00000  638.53172  12.0%  1707   60s
   172   131  625.75223    6 1400  570.00000  638.46720  12.0%  1730   65s
H  189   137                     572.0000000  638.46720  11.6%  1752   68s
   202   152  575.56335   25 1154  572.00000  638.46720  11.6%  1724   70s
H  219   149                     573.0000000  638.46720  11.4%  1612   72s
   224   156  612.76532    6 1349  573.00000  638.29955  11.4%  1690   75s
H  246   162                     575.0000000  638.29955  11.0%  1661   78s
   258   164  633.27136    5 1450  575.00000  638.10206  11.0%  1626   80s
   272   178  610.39529   16 1344  575.00000  638.10206  11.0%  1675   85s
   297   203  578.14398   32 1173  575.00000  638.10206  11.0%  1672   90s
H  300   197                     576.0000000  638.10206  10.8%  1656   90s
   316   205  620.73682   13 1393  576.00000  638.10123  10.8%  1681   96s
   341   230  585.73259   31 1206  576.00000  638.10123  10.8%  1675  100s
   368   241  611.73121   10 1349  576.00000  637.75434  10.7%  1651  105s
   394   267  583.91485   27 1201  576.00000  637.75434  10.7%  1660  110s
   426   281  631.88902   11 1447  576.00000  637.75401  10.7%  1608  115s
   442   297  619.65510   23 1383  576.00000  637.75401  10.7%  1635  120s
H  489   340                     577.0000000  637.75401  10.5%  1601  124s
   490   343  578.63785   57 1164  577.00000  637.75401  10.5%  1602  125s
H  516   340                     579.0000000  637.45375  10.1%  1582  129s
   517   343  624.76447   16 1412  579.00000  637.45375  10.1%  1594  130s
   532   358  599.68852   23 1296  579.00000  637.45375  10.1%  1631  135s
   567   393  587.67407   41 1228  579.00000  637.45375  10.1%  1642  140s
   595   412  621.02677   19 1492  579.00000  637.45375  10.1%  1614  152s
   598   414  587.78074   32 1488  579.00000  637.45375  10.1%  1606  159s
   599   415  621.97365   10 1492  579.00000  637.45375  10.1%  1603  161s
   604   418  587.31065   46 1495  579.00000  637.45375  10.1%  1590  170s
   605   419  595.09619   43 1495  579.00000  637.45375  10.1%  1587  177s
   607   420  581.43783   28 1495  579.00000  637.45375  10.1%  1582  186s
   608   421  598.71055   21 1494  579.00000  637.45375  10.1%  1579  195s
   609   421  630.61241   14 1496  579.00000  637.45375  10.1%  1577  204s
   610   422  587.79712   32 1493  579.00000  637.45375  10.1%  1574  213s
   611   423  602.79400   28 1492  579.00000  637.45375  10.1%  1571  221s
   612   423  594.87363   44 1493  579.00000  637.45375  10.1%  1569  232s
   614   425  632.88940    7 1493  579.00000  637.45375  10.1%  1564  240s
   615   425  594.15317   31 1491  579.00000  637.45375  10.1%  1561  249s
   616   426  624.76398   17 1492  579.00000  637.45375  10.1%  1559  258s
   617   427  596.51055   34 1494  579.00000  637.45375  10.1%  1556  267s
   618   427  590.40899   29 1493  579.00000  637.45375  10.1%  1554  276s
   619   428  596.95694   12 1493  579.00000  637.45375  10.1%  1551  291s
   623   433  636.90008   17 1480  579.00000  637.45375  10.1%  1639  295s
   633   439  636.43317   22 1476  579.00000  637.45375  10.1%  1652  300s
   644   447  635.23049   28 1471  579.00000  637.45375  10.1%  1663  305s
   655   454  628.71392   33 1441  579.00000  637.45375  10.1%  1678  310s
   669   463  623.26301   40 1413  579.00000  637.45375  10.1%  1689  316s
   675   467  630.47937   43 1440  579.00000  637.45375  10.1%  1705  320s
   683   473  614.28705   47 1378  579.00000  637.45375  10.1%  1727  325s
   691   478  619.87562   51 1393  579.00000  637.45375  10.1%  1750  331s
   697   482  628.96500   54 1433  579.00000  637.45375  10.1%  1767  335s
   707   489  622.84680   59 1402  579.00000  637.45375  10.1%  1778  340s
   720   497  625.91737   66 1423  579.00000  637.45375  10.1%  1783  345s
   733   506  600.65412   72 1313  579.00000  637.45375  10.1%  1798  351s
   739   510  621.34427   75 1401  579.00000  637.45375  10.1%  1811  355s
   750   517  622.53732   81 1408  579.00000  637.45375  10.1%  1820  360s
   762   525  620.56353   87 1396  579.00000  637.45375  10.1%  1828  365s
   775   534  617.18823   93 1383  579.00000  637.45375  10.1%  1835  370s
   791   545  609.30542  101 1351  579.00000  637.45375  10.1%  1837  375s
   803   553  612.17227  107 1358  579.00000  637.45375  10.1%  1844  380s
   817   562  610.87207  114 1354  579.00000  637.45375  10.1%  1851  385s
   833   573  607.80352  122 1342  579.00000  637.45375  10.1%  1857  390s
   851   585  605.38412  131 1328  579.00000  637.45375  10.1%  1857  395s
   869   597  598.50914  140 1306  579.00000  637.45375  10.1%  1862  400s
   885   607  598.80188  148 1303  579.00000  637.45375  10.1%  1864  405s
   905   621  597.97906  158 1301  579.00000  637.45375  10.1%  1863  410s
   925   634  595.38668  168 1286  579.00000  637.45375  10.1%  1866  415s
   947   649  594.30732  179 1284  579.00000  637.45375  10.1%  1869  420s
   968   663  595.64068  190 1266  579.00000  637.45375  10.1%  1876  425s
   997   680  588.70349  204 1215  579.00000  637.45375  10.1%  1875  430s
  1039   706     cutoff  225       579.00000  637.45375  10.1%  1858  435s
H 1106   719                     580.0000000  637.45375  9.91%  1792  439s
  1116   715  637.37767   17 1478  580.00000  637.45375  9.91%  1781  440s
  1121   719  636.75899   20 1476  580.00000  637.45375  9.91%  1790  445s
  1126   722  634.01931   22 1449  580.00000  637.45375  9.91%  1805  450s
  1131   725  635.88410   25 1471  580.00000  637.45375  9.91%  1814  455s
  1136   729  630.10193   27 1438  580.00000  637.45375  9.91%  1830  461s
  1140   731  629.98628   29 1433  580.00000  637.45375  9.91%  1840  465s
  1146   735  630.59855   32 1438  580.00000  637.45375  9.91%  1853  470s
  1152   739  628.66076   35 1438  580.00000  637.45375  9.91%  1867  475s
  1158   743  628.10338   38 1427  580.00000  637.45375  9.91%  1881  480s
  1164   747  628.05170   41 1422  580.00000  637.45375  9.91%  1893  485s
  1170   751  628.10365   44 1422  580.00000  637.45375  9.91%  1906  490s
  1176   755  625.69978   47 1410  580.00000  637.45375  9.91%  1919  495s
  1184   761  620.97737   51 1381  580.00000  637.45375  9.91%  1935  501s
  1190   765  629.61854   54 1413  580.00000  637.45375  9.91%  1942  505s
  1198   770  622.13665   58 1386  580.00000  637.45375  9.91%  1957  511s
  1204   774  627.30874   61 1410  580.00000  637.45375  9.91%  1964  515s
H 1214   752                     581.0000000  637.45375  9.72%  1971  520s
  1224   760  626.04220   71 1395  581.00000  637.45375  9.72%  1982  525s
  1234   767  624.37981   76 1383  581.00000  637.45375  9.72%  1993  530s
  1243   773  628.69300   81 1404  581.00000  637.45375  9.72%  2001  535s
  1254   780  623.11102   86 1387  581.00000  637.45375  9.72%  2013  540s
  1264   787  621.51475   91 1379  581.00000  637.45375  9.72%  2020  545s
  1276   795  621.88681   97 1365  581.00000  637.45375  9.72%  2032  550s
  1288   803  620.73662  103 1357  581.00000  637.45375  9.72%  2038  555s
  1306   815  619.29142  112 1351  581.00000  637.45375  9.72%  2040  560s
  1322   826  616.02308  120 1340  581.00000  637.45375  9.72%  2043  565s
  1338   836  615.36673  128 1306  581.00000  637.45375  9.72%  2044  570s
  1356   848  608.14184  137 1289  581.00000  637.45375  9.72%  2044  575s
  1382   866  605.08826  150 1265  581.00000  637.45375  9.72%  2036  580s
  1421   892  608.67973  170 1271  581.00000  637.45375  9.72%  2013  585s
  1481   932  599.14619  200 1222  581.00000  637.45375  9.72%  1970  590s
H 1484   898                     582.0000000  637.45375  9.53%  1967  590s
  1594   944  636.85020   17 1473  582.00000  636.89997  9.43%  1867  595s
  1600   948  631.71171   20 1445  582.00000  636.89997  9.43%  1877  601s
  1604   951  631.30920   22 1434  582.00000  636.89997  9.43%  1884  605s
  1610   955  627.64108   25 1427  582.00000  636.89997  9.43%  1894  611s
  1614   957  629.43670   27 1426  582.00000  636.89997  9.43%  1901  615s
  1620   961  628.90704   30 1428  582.00000  636.89997  9.43%  1910  620s
  1626   965  628.76780   33 1430  582.00000  636.89997  9.43%  1920  625s
  1632   969  627.25214   36 1424  582.00000  636.89997  9.43%  1929  630s
  1638   973  626.69585   39 1412  582.00000  636.89997  9.43%  1939  635s
  1643   977  633.09334   42 1446  582.00000  636.89997  9.43%  1946  640s
  1650   981  626.65119   45 1412  582.00000  636.89997  9.43%  1955  645s
  1658   987  629.76713   49 1413  582.00000  636.89997  9.43%  1962  650s
  1666   992  627.99011   53 1419  582.00000  636.89997  9.43%  1970  655s
  1672   996  615.93276   56 1352  582.00000  636.89997  9.43%  1978  660s
  1680  1001  626.25484   60 1407  582.00000  636.89997  9.43%  1985  665s
  1689  1007  629.38521   65 1424  582.00000  636.89997  9.43%  1992  670s
  1696  1012  624.40553   68 1403  582.00000  636.89997  9.43%  2001  675s
  1706  1019  624.12559   73 1377  582.00000  636.89997  9.43%  2008  680s
  1716  1026  622.32201   78 1378  582.00000  636.89997  9.43%  2014  685s
  1726  1036  621.75384   83 1377  582.00000  636.89997  9.43%  2021  690s
  1738  1048  622.62067   89 1376  582.00000  636.89997  9.43%  2028  695s
  1750  1060  619.56708   95 1357  582.00000  636.89997  9.43%  2034  700s
  1764  1074  614.10161  102 1332  582.00000  636.89997  9.43%  2040  705s
  1778  1088  619.98419  109 1355  582.00000  636.89997  9.43%  2043  710s
  1794  1104  612.66455  117 1327  582.00000  636.89997  9.43%  2045  715s
  1814  1124  616.50856  127 1322  582.00000  636.89997  9.43%  2045  720s
  1836  1146  614.06525  138 1307  582.00000  636.89997  9.43%  2041  725s
  1862  1172  608.12591  151 1288  582.00000  636.89997  9.43%  2036  730s
  1891  1201  609.20384  166 1281  582.00000  636.89997  9.43%  2026  735s
  1938  1248  601.13665  189 1232  582.00000  636.89997  9.43%  2004  740s
  2005  1315  590.37640  223 1145  582.00000  636.89997  9.43%  1963  745s
  2060  1349  629.65401   19 1437  582.00000  636.89940  9.43%  1928  750s
  2067  1356  634.27855   23 1461  582.00000  636.89940  9.43%  1935  755s
  2073  1362  633.86025   26 1456  582.00000  636.89940  9.43%  1943  760s
  2078  1367  622.13453   28 1396  582.00000  636.89940  9.43%  1952  765s
  2085  1374  633.13399   32 1452  582.00000  636.89940  9.43%  1958  770s
  2091  1380  632.37209   35 1447  582.00000  636.89940  9.43%  1966  775s
  2099  1388  631.72673   39 1446  582.00000  636.89940  9.43%  1972  780s
  2106  1395  624.17977   42 1404  582.00000  636.89940  9.43%  1982  785s
  2114  1403  625.04879   46 1402  582.00000  636.89940  9.43%  1988  790s
  2121  1410  630.01476   50 1432  582.00000  636.89940  9.43%  1994  795s
H 2129  1404                     583.0000000  636.89940  9.25%  1999  799s
  2130  1407  622.51280   54 1392  583.00000  636.89940  9.25%  2001  800s
  2136  1413  622.23026   57 1390  583.00000  636.89940  9.25%  2007  805s
  2146  1423  624.49319   62 1393  583.00000  636.89940  9.25%  2013  810s
  2156  1433  624.03157   67 1395  583.00000  636.89940  9.25%  2020  815s
  2166  1443  624.38031   72 1383  583.00000  636.89940  9.25%  2026  820s
  2178  1455  622.46243   78 1381  583.00000  636.89940  9.25%  2031  825s
  2188  1465  618.66223   83 1365  583.00000  636.89940  9.25%  2034  830s
  2200  1477  619.04622   89 1362  583.00000  636.89940  9.25%  2041  835s
  2214  1491  615.65659   96 1357  583.00000  636.89940  9.25%  2047  840s
  2220  1497  613.23234   99 1342  583.00000  636.89940  9.25%  2050  845s
  2233  1510  619.61046  106 1365  583.00000  636.89940  9.25%  2052  850s
  2246  1523  616.70522  112 1341  583.00000  636.89940  9.25%  2056  855s
  2259  1536  617.05111  119 1343  583.00000  636.89940  9.25%  2057  860s
  2269  1546  616.49294  124 1339  583.00000  636.89940  9.25%  2059  865s
  2285  1562  614.99834  132 1326  583.00000  636.89940  9.25%  2059  870s
  2296  1573  610.78019  137 1300  583.00000  636.89940  9.25%  2058  875s
  2311  1588  613.34636  145 1313  583.00000  636.89940  9.25%  2056  880s
  2327  1604  611.84923  153 1303  583.00000  636.89940  9.25%  2054  885s
  2350  1627  607.07368  164 1269  583.00000  636.89940  9.25%  2046  890s
  2363  1640  606.35214  171 1267  583.00000  636.89940  9.25%  2042  895s
  2377  1654  604.31624  178 1252  583.00000  636.89940  9.25%  2037  901s
  2389  1666  602.12312  184 1240  583.00000  636.89940  9.25%  2032  905s
  2404  1681  599.01101  191 1205  583.00000  636.89940  9.25%  2026  911s
  2415  1692  597.37010  197 1228  583.00000  636.89940  9.25%  2020  915s
  2441  1716  593.26480  210 1203  583.00000  636.89940  9.25%  2008  921s
  2477  1752  587.77040  228 1176  583.00000  636.89940  9.25%  1988  925s
  2517  1768  636.43786   18 1482  583.00000  636.71235  9.21%  1961  930s
  2523  1774  627.62817   21 1429  583.00000  636.71235  9.21%  1968  935s
  2529  1780  626.18784   24 1416  583.00000  636.71235  9.21%  1974  940s
  2535  1786  629.89771   27 1431  583.00000  636.71235  9.21%  1980  945s
  2541  1792  627.60366   30 1422  583.00000  636.71235  9.21%  1986  950s
  2547  1798  628.58902   33 1426  583.00000  636.71235  9.21%  1992  955s
  2555  1806  630.77429   37 1435  583.00000  636.71235  9.21%  1999  960s
  2562  1813  632.76359   41 1455  583.00000  636.71235  9.21%  2005  965s
  2563  1814  622.55023   41 1412  583.00000  636.71235  9.21%  2008  972s
  2567  1818  627.04828   43 1417  583.00000  636.71235  9.21%  2011  979s
  2569  1820  623.16679   44 1397  583.00000  636.71235  9.21%  2013  980s
  2577  1828  617.77690   48 1360  583.00000  636.71235  9.21%  2021  986s
  2584  1835  631.29242   52 1440  583.00000  636.71235  9.21%  2024  990s
  2593  1844  625.65202   56 1407  583.00000  636.71235  9.21%  2031  995s
  2595  1846  625.27188   57 1406  583.00000  636.71235  9.21%  2033 1000s
  2604  1855  629.77755   62 1424  583.00000  636.71235  9.21%  2039 1005s
  2614  1865  628.45151   67 1421  583.00000  636.71235  9.21%  2045 1010s
  2621  1872  623.37213   70 1385  583.00000  636.71235  9.21%  2049 1015s
  2633  1884  618.72099   76 1375  583.00000  636.71235  9.21%  2054 1020s
  2645  1896  623.06859   82 1384  583.00000  636.71235  9.21%  2058 1025s
  2654  1905  625.54399   87 1397  583.00000  636.71235  9.21%  2061 1030s
  2669  1920  619.95666   94 1370  583.00000  636.71235  9.21%  2066 1035s
  2675  1926  616.53126   97 1339  583.00000  636.71235  9.21%  2069 1044s
  2677  1928  620.13713   98 1360  583.00000  636.71235  9.21%  2069 1045s
  2693  1944  610.90603  106 1322  583.00000  636.71235  9.21%  2073 1050s
  2702  1953  620.31587  111 1369  583.00000  636.71235  9.21%  2074 1057s
  2713  1964  615.40183  116 1335  583.00000  636.71235  9.21%  2077 1060s
  2729  1980  616.44600  124 1339  583.00000  636.71235  9.21%  2080 1082s
  2741  1992  614.55428  130 1326  583.00000  636.71235  9.21%  2080 1085s
  2769  2020  611.76350  144 1294  583.00000  636.71235  9.21%  2077 1090s
  2806  2057  608.98142  163 1301  583.00000  636.71235  9.21%  2069 1095s
  2861  2110  598.78814  190 1212  583.00000  636.71235  9.21%  2053 1100s
  2982  2209  636.16622   19 1480  583.00000  636.71221  9.21%  1994 1105s
  2988  2215  630.92371   22 1450  583.00000  636.71221  9.21%  2000 1111s
  2992  2219  628.85352   24 1444  583.00000  636.71221  9.21%  2003 1115s
  2996  2223  629.06813   26 1436  583.00000  636.71221  9.21%  2007 1120s
  3001  2228  634.54867   29 1464  583.00000  636.71221  9.21%  2010 1125s
  3006  2233  630.33020   31 1439  583.00000  636.71221  9.21%  2016 1140s
  3012  2239  623.47678   34 1412  583.00000  636.71221  9.21%  2021 1145s
  3018  2245  619.68576   37 1376  583.00000  636.71221  9.21%  2027 1151s
  3026  2253  627.14936   41 1417  583.00000  636.71221  9.21%  2031 1156s
  3032  2259  626.42734   44 1424  583.00000  636.71221  9.21%  2035 1160s
  3040  2267  625.98038   48 1411  583.00000  636.71221  9.21%  2040 1166s
  3046  2273  619.09699   51 1378  583.00000  636.71221  9.21%  2045 1170s
  3054  2281  625.90793   55 1408  583.00000  636.71221  9.21%  2049 1175s
  3064  2291  626.02928   60 1407  583.00000  636.71221  9.21%  2054 1180s
  3074  2301  622.21100   65 1394  583.00000  636.71221  9.21%  2058 1185s
  3084  2311  622.20073   70 1392  583.00000  636.71221  9.21%  2063 1190s
  3094  2321  618.39718   75 1361  583.00000  636.71221  9.21%  2068 1195s
  3104  2331  622.83067   80 1370  583.00000  636.71221  9.21%  2071 1200s
  3116  2343  616.17964   86 1357  583.00000  636.71221  9.21%  2076 1205s
  3129  2356  624.40690   93 1394  583.00000  636.71221  9.21%  2078 1210s
  3144  2371  619.03078  100 1361  583.00000  636.71221  9.21%  2082 1215s
  3160  2387  617.66551  108 1352  583.00000  636.71221  9.21%  2084 1220s
  3178  2405  616.29211  117 1338  583.00000  636.71221  9.21%  2085 1225s
  3198  2425  613.40403  127 1331  583.00000  636.71221  9.21%  2085 1232s
  3210  2437  608.95352  133 1306  583.00000  636.71221  9.21%  2085 1235s
  3238  2465  611.03401  147 1313  583.00000  636.71221  9.21%  2082 1240s
  3275  2502  607.04907  166 1286  583.00000  636.71221  9.21%  2074 1245s
  3330  2555  598.06444  193 1240  583.00000  636.71221  9.21%  2059 1250s
  3421  2642  585.10952  239 1157  583.00000  636.71221  9.21%  2025 1255s
  3443  2648  625.82351   21 1417  583.00000  636.46446  9.17%  2020 1260s
  3449  2654  627.54017   24 1424  583.00000  636.46446  9.17%  2025 1265s
  3455  2660  627.88508   27 1423  583.00000  636.46446  9.17%  2030 1270s
  3461  2666  625.57967   30 1409  583.00000  636.46446  9.17%  2034 1275s
  3467  2672  621.06433   33 1384  583.00000  636.46446  9.17%  2039 1281s
  3473  2678  627.16482   36 1412  583.00000  636.46446  9.17%  2043 1285s
  3481  2686  625.09757   40 1408  583.00000  636.46446  9.17%  2048 1291s
  3488  2693  630.53738   44 1432  583.00000  636.46446  9.17%  2050 1295s
  3495  2700  625.45989   47 1400  583.00000  636.46446  9.17%  2054 1300s
  3503  2708  623.02030   51 1388  583.00000  636.46446  9.17%  2058 1305s
  3511  2716  622.26543   55 1377  583.00000  636.46446  9.17%  2061 1310s
  3514  2719  628.96167   57 1414  583.00000  636.46446  9.17%  2062 1316s
  3520  2725  628.35276   60 1407  583.00000  636.46446  9.17%  2065 1320s
  3530  2735  627.44179   65 1405  583.00000  636.46446  9.17%  2069 1325s
  3539  2744  619.24394   69 1372  583.00000  636.46446  9.17%  2072 1330s
  3551  2756  621.78337   75 1375  583.00000  636.46446  9.17%  2076 1335s
  3563  2768  622.02126   81 1367  583.00000  636.46446  9.17%  2079 1340s
  3575  2780  619.22742   87 1364  583.00000  636.46446  9.17%  2081 1345s
  3588  2793  620.90829   94 1370  583.00000  636.46446  9.17%  2083 1350s
  3603  2808  610.44026  101 1317  583.00000  636.46446  9.17%  2085 1355s
  3617  2822  613.28047  108 1312  583.00000  636.46446  9.17%  2086 1375s
  3623  2828  614.15412  111 1319  583.00000  636.46446  9.17%  2086 1380s
  3641  2846  608.86807  120 1312  583.00000  636.46446  9.17%  2088 1385s
  3665  2870  611.46705  132 1292  583.00000  636.46446  9.17%  2087 1390s
  3699  2904  607.46032  149 1279  583.00000  636.46446  9.17%  2082 1395s
  3743  2948  602.15951  171 1239  583.00000  636.46446  9.17%  2072 1400s
  3817  3022  588.82185  208 1208  583.00000  636.46446  9.17%  2048 1405s
  3887  3050  635.89728   24 1477  583.00000  636.46409  9.17%  2021 1410s
  3892  3055  628.22698   26 1439  583.00000  636.46409  9.17%  2026 1416s
  3896  3059  626.21951   28 1417  583.00000  636.46409  9.17%  2029 1420s
  3902  3065  629.76161   31 1439  583.00000  636.46409  9.17%  2033 1425s
  3908  3071  629.07377   34 1436  583.00000  636.46409  9.17%  2037 1430s
  3914  3077  621.86821   37 1405  583.00000  636.46409  9.17%  2042 1436s
  3918  3081  629.45645   39 1438  583.00000  636.46409  9.17%  2045 1441s
  3924  3087  626.70754   42 1417  583.00000  636.46409  9.17%  2049 1446s
  3930  3093  628.86722   45 1433  583.00000  636.46409  9.17%  2052 1450s
  3936  3099  626.59779   48 1425  583.00000  636.46409  9.17%  2056 1456s
  3942  3105  624.98471   51 1406  583.00000  636.46409  9.17%  2059 1460s
  3948  3111  623.47479   54 1405  583.00000  636.46409  9.17%  2063 1465s
  3952  3115  625.44678   56 1417  583.00000  636.46409  9.17%  2065 1471s
  3958  3121  624.42906   59 1403  583.00000  636.46409  9.17%  2068 1475s
  3964  3127  626.34647   62 1406  583.00000  636.46409  9.17%  2071 1480s
  3972  3135  626.45158   66 1404  583.00000  636.46409  9.17%  2075 1485s
  3980  3143  626.86652   70 1404  583.00000  636.46409  9.17%  2078 1490s
  3988  3151  622.74374   74 1380  583.00000  636.46409  9.17%  2081 1495s
  3996  3159  623.82608   78 1396  583.00000  636.46409  9.17%  2084 1500s
  4006  3169  619.99609   83 1379  583.00000  636.46409  9.17%  2088 1505s
  4008  3171  623.19894   84 1383  583.00000  636.46409  9.17%  2088 1512s
  4014  3177  621.49735   87 1381  583.00000  636.46409  9.17%  2089 1515s
  4026  3189  621.63263   93 1377  583.00000  636.46409  9.17%  2092 1520s
  4040  3203  621.71945  100 1370  583.00000  636.46409  9.17%  2095 1525s
  4056  3219  619.31731  108 1356  583.00000  636.46409  9.17%  2096 1530s
  4072  3235  616.22720  116 1337  583.00000  636.46409  9.17%  2097 1535s
  4078  3241  615.85306  119 1340  583.00000  636.46409  9.17%  2098 1543s
  4086  3249  617.52924  123 1343  583.00000  636.46409  9.17%  2098 1545s
  4102  3265  610.80564  131 1311  583.00000  636.46409  9.17%  2100 1550s
  4120  3283  613.87862  140 1318  583.00000  636.46409  9.17%  2100 1555s
  4148  3311  609.31436  154 1302  583.00000  636.46409  9.17%  2097 1560s
  4186  3349  602.53949  173 1261  583.00000  636.46409  9.17%  2091 1565s
  4232  3393     cutoff  196       583.00000  636.46409  9.17%  2082 1570s
  4317  3478  585.30109  239 1121  583.00000  636.46409  9.17%  2055 1575s
  4354  3499  631.29374   41 1452  583.00000  636.33210  9.15%  2043 1580s
  4393  3538  625.24674   80 1400  583.00000  636.33210  9.15%  2032 1585s
  4428  3573  616.41174  109 1352  583.00000  636.33210  9.15%  2025 1590s
  4455  3600  613.77774  135 1332  583.00000  636.33210  9.15%  2018 1607s
  4476  3621  609.13585  146 1312  583.00000  636.33210  9.15%  2015 1610s
  4531  3676  601.74063  171 1264  583.00000  636.33210  9.15%  2005 1615s
  4615  3760  592.86528  194 1159  583.00000  636.33210  9.15%  1983 1620s
  4714  3859  588.87179  219 1162  583.00000  636.33210  9.15%  1957 1625s
  4852  3971  633.61949   23 1462  583.00000  636.33184  9.15%  1916 1630s
  4874  3993  629.84696   45 1431  583.00000  636.33184  9.15%  1912 1635s
  4908  4027  624.03355   79 1393  583.00000  636.33184  9.15%  1906 1640s
  4937  4056  619.73624  103 1361  583.00000  636.33184  9.15%  1903 1645s
  4982  4101  610.80892  138 1306  583.00000  636.33184  9.15%  1895 1650s
  5010  4129  607.40925  159 1276  583.00000  636.33184  9.15%  1890 1655s
  5053  4172  601.49626  173 1247  583.00000  636.33184  9.15%  1883 1660s
  5130  4249  594.64438  196 1220  583.00000  636.33184  9.15%  1868 1665s
  5257  4376  585.57140  225 1144  583.00000  636.33184  9.15%  1838 1670s
  5343  4425  633.86781   36 1459  583.00000  636.22313  9.13%  1817 1675s
  5378  4460  629.12683   71 1419  583.00000  636.22313  9.13%  1811 1680s
  5406  4488  623.49307   97 1384  583.00000  636.22313  9.13%  1808 1685s
  5444  4526  617.02584  130 1343  583.00000  636.22313  9.13%  1803 1690s
  5486  4568  608.31322  156 1296  583.00000  636.22313  9.13%  1798 1695s
  5537  4619  603.68141  178 1241  583.00000  636.22313  9.13%  1791 1700s
  5604  4686  598.11215  193 1228  583.00000  636.22313  9.13%  1781 1705s
  5707  4789  591.68703  213 1156  583.00000  636.22313  9.13%  1761 1710s
  5876  4930  633.87413   21 1463  583.00000  636.22146  9.13%  1725 1716s
  5898  4952  630.58251   43 1434  583.00000  636.22146  9.13%  1722 1720s
  5906  4960  629.40188   51 1430  583.00000  636.22146  9.13%  1721 1725s
  5941  4995  622.86205   84 1379  583.00000  636.22146  9.13%  1717 1730s
  5981  5035  615.79321  120 1341  583.00000  636.22146  9.13%  1713 1735s
  6012  5066  610.84164  143 1302  583.00000  636.22146  9.13%  1710 1741s
  6063  5117  603.91161  169 1278  583.00000  636.22146  9.13%  1704 1745s
  6141  5195  594.62782  190 1193  583.00000  636.22146  9.13%  1693 1750s
  6259  5313  588.73604  210 1193  583.00000  636.22146  9.13%  1673 1755s
  6412  5432  635.12227   26 1469  583.00000  635.95379  9.08%  1643 1760s
  6443  5463  631.08609   57 1432  583.00000  635.95379  9.08%  1640 1765s
  6480  5500  623.47569   93 1387  583.00000  635.95379  9.08%  1636 1770s
  6527  5547  614.55450  131 1330  583.00000  635.95379  9.08%  1632 1775s
  6567  5587  609.28010  157 1292  583.00000  635.95379  9.08%  1630 1780s
  6638  5658  600.58557  188 1256  583.00000  635.95379  9.08%  1621 1785s
  6723  5743  593.70665  206 1231  583.00000  635.95379  9.08%  1611 1790s
  6828  5848  588.59060  221 1155  583.00000  635.95379  9.08%  1595 1795s
  6948  5948  634.71490   24 1464  583.00000  635.95298  9.08%  1576 1800s
  6979  5979  630.77301   55 1426  583.00000  635.95298  9.08%  1573 1805s
  7002  6002  626.50088   78 1393  583.00000  635.95298  9.08%  1571 1811s
  7014  6014  623.38200   90 1375  583.00000  635.95298  9.08%  1570 1819s
  7016  6016  621.58844   89 1363  583.00000  635.95298  9.08%  1571 1820s
  7043  6043  618.11789  112 1347  583.00000  635.95298  9.08%  1570 1825s
  7084  6084  611.70436  141 1308  583.00000  635.95298  9.08%  1568 1831s
  7095  6095  608.97403  147 1292  583.00000  635.95298  9.08%  1567 1835s
  7153  6153  602.50714  175 1238  583.00000  635.95298  9.08%  1562 1840s
  7250  6250  594.41364  196 1173  583.00000  635.95298  9.08%  1550 1845s
  7397  6397  586.73380  215 1144  583.00000  635.95298  9.08%  1529 1850s
  7484  6466  631.77420   27 1451  583.00000  635.88564  9.07%  1518 1855s
  7514  6496  627.83247   57 1407  583.00000  635.88564  9.07%  1515 1860s
  7555  6537  618.83880   96 1365  583.00000  635.88564  9.07%  1513 1865s
  7611  6593  608.71001  142 1293  583.00000  635.88564  9.07%  1508 1870s
  7644  6626  603.65663  157 1263  583.00000  635.88564  9.07%  1507 1875s
  7745  6727  592.57444  196 1219  583.00000  635.88564  9.07%  1497 1880s
  7897  6857  630.23864   22 1443  583.00000  635.78256  9.05%  1480 1886s
  7920  6880  626.38823   45 1424  583.00000  635.78256  9.05%  1478 1890s
  7963  6923  618.32378   87 1362  583.00000  635.78256  9.05%  1476 1895s
  8009  6969  609.02205  126 1290  583.00000  635.78256  9.05%  1472 1900s
  8017  6977  608.63258  134 1304  583.00000  635.78256  9.05%  1472 1906s
  8067  7027  600.60279  163 1229  583.00000  635.78256  9.05%  1468 1910s
  8159  7119  591.15704  191 1177  583.00000  635.78256  9.05%  1460 1915s
  8273  7205  626.55733   24 1427  583.00000  635.61861  9.03%  1447 1920s
  8287  7219  606.14231   38 1327  583.00000  635.61861  9.03%  1448 1925s
  8327  7251  627.54020   31 1431  583.00000  635.61073  9.02%  1446 1930s
  8374  7298  618.94129   78 1378  583.00000  635.61073  9.02%  1443 1935s
  8473  7397  595.85849  177 1236  583.00000  635.61073  9.02%  1433 1940s
  8536  7434  626.60788   25 1429  583.00000  635.55257  9.01%  1428 1945s
  8545  7443  620.91339   29 1398  583.00000  635.55257  9.01%  1431 1950s
  8553  7451  617.55762   33 1383  583.00000  635.55257  9.01%  1433 1955s
  8563  7461  613.79167   38 1358  583.00000  635.55257  9.01%  1435 1960s
  8573  7471  613.75862   43 1360  583.00000  635.55257  9.01%  1438 1965s
  8583  7481  612.75154   48 1359  583.00000  635.55257  9.01%  1441 1971s
  8593  7491  615.70884   53 1363  583.00000  635.55257  9.01%  1443 1975s
  8605  7503  609.79312   59 1344  583.00000  635.55257  9.01%  1445 1980s
  8621  7519  615.63158   67 1360  583.00000  635.55257  9.01%  1447 1985s
  8639  7537  614.01851   76 1352  583.00000  635.55257  9.01%  1450 1990s
  8657  7555  605.74809   85 1311  583.00000  635.55257  9.01%  1452 1995s
  8675  7573  608.98620   94 1317  583.00000  635.55257  9.01%  1454 2000s
  8700  7598  610.45472  107 1328  583.00000  635.55257  9.01%  1456 2005s
  8731  7629  604.49559  122 1281  583.00000  635.55257  9.01%  1457 2010s
  8771  7669  600.45285  142 1261  583.00000  635.55257  9.01%  1457 2015s
  8849  7747  589.77002  181 1206  583.00000  635.55257  9.01%  1453 2020s
  8908  7790  632.11615   44 1448  583.00000  635.55237  9.01%  1449 2025s
  8950  7832  624.10532   86 1390  583.00000  635.55237  9.01%  1446 2030s
  9001  7883  614.26950  137 1330  583.00000  635.55237  9.01%  1443 2035s
  9066  7948  595.77647  202 1229  583.00000  635.55237  9.01%  1437 2040s
  9154  7996  630.73318   46 1436  583.00000  635.49477  9.00%  1428 2045s
  9203  8045  621.26428   95 1379  583.00000  635.49477  9.00%  1426 2050s
  9319  8149  629.52198   21 1442  583.00000  635.47437  9.00%  1416 2056s
  9351  8181  624.19008   53 1404  583.00000  635.47437  9.00%  1414 2060s
  9407  8237  610.41741  103 1326  583.00000  635.47437  9.00%  1411 2065s
  9498  8328  597.38739  171 1216  583.00000  635.47437  9.00%  1405 2070s
  9634  8464  586.35241  197 1142  583.00000  635.47437  9.00%  1395 2075s
  9702  8500  621.78333   34 1396  583.00000  635.36390  8.98%  1390 2080s
  9759  8557  588.46296   91 1174  583.00000  635.36390  8.98%  1387 2085s
  9810  8598  629.40215   53 1428  583.00000  635.36375  8.98%  1384 2090s
  9861  8649  618.59697  104 1361  583.00000  635.36375  8.98%  1382 2095s
  9999  8769  630.20077   26 1442  583.00000  635.36162  8.98%  1372 2101s
 10017  8787  618.54915   44 1379  583.00000  635.36162  8.98%  1372 2105s
 10020  8790  618.07490   47 1373  583.00000  635.36162  8.98%  1372 2111s
 10067  8825  626.07964   26 1423  583.00000  635.32854  8.98%  1370 2115s
 10075  8833  589.71082   32 1267  583.00000  635.32854  8.98%  1372 2120s
 10102  8846  585.24275   39 1238  583.00000  635.32854  8.98%  1374 2125s
 10134  8862  598.68912   40 1288  583.00000  635.23043  8.96%  1373 2130s
 10180  8894  624.58173   43 1414  583.00000  635.19237  8.95%  1371 2135s
 10203  8916  590.65745  185 1492  583.00000  635.19237  8.95%  1369 2956s
 10206  8918  623.99902   68 1490  583.00000  635.19237  8.95%  1369 2968s
 10207  8919  617.81630   51 1493  583.00000  632.94437  8.57%  1369 2971s
 10214  8923  590.30988  206 1494  583.00000  631.62580  8.34%  1368 2992s
 10215  8924  597.53235  204 1493  583.00000  631.55175  8.33%  1368 3008s
 10217  8925  619.15465  118 1494  583.00000  631.52468  8.32%  1367 3024s
 10218  8926  586.92996  221 1493  583.00000  631.39695  8.30%  1367 3037s
 10221  8928  596.06844  200 1493  583.00000  631.35697  8.29%  1367 3051s
 10222  8929  600.29386  187 1495  583.00000  631.10143  8.25%  1367 3067s
 10225  8931  592.96199  209 1495  583.00000  631.02613  8.24%  1366 3084s
 10226  8931  610.44543   29 1496  583.00000  630.62852  8.17%  1366 3099s
 10229  8933  594.10149  205 1496  583.00000  630.53554  8.15%  1366 3116s
 10230  8934  601.19008  178 1494  583.00000  630.41851  8.13%  1366 3133s
 10233  8936  630.34555   60 1496  583.00000  630.34555  8.12%  1365 3151s
 10234  8937  621.55720  108 1494  583.00000  630.26088  8.11%  1365 3167s
 10237  8939  587.79028  209 1494  583.00000  630.22099  8.10%  1365 3187s
 10238  8939  600.45285  143 1492  583.00000  629.98640  8.06%  1365 3205s
 10241  8941  621.42582   93 1496  583.00000  629.92085  8.05%  1364 3222s
 10242  8942  616.70155  113 1494  583.00000  629.75384  8.02%  1364 3239s
 10245  8944  610.43705  124 1494  583.00000  629.69614  8.01%  1364 3257s
 10246  8945  584.66220  233 1494  583.00000  629.52238  7.98%  1364 3273s
 10249  8947  629.38507   69 1495  583.00000  629.48227  7.97%  1363 3290s
 10250  8947  618.45949  104 1491  583.00000  629.28919  7.94%  1363 3307s
 10252  8949  610.16974  142 1494  583.00000  629.26245  7.94%  1363 3326s
 10253  8949  626.05877   27 1495  583.00000  629.19626  7.92%  1363 3343s
 10255  8951  591.02310  200 1495  583.00000  629.18371  7.92%  1362 3366s
 10256  8951  625.32657   78 1496  583.00000  629.15326  7.92%  1362 3386s
 10258  8953  613.69159  142 1496  583.00000  629.13872  7.91%  1362 3406s
 10259  8953  591.68602  204 1494  583.00000  629.09466  7.91%  1362 3424s
 10260  8954  592.76881  195 1495  583.00000  629.05438  7.90%  1362 3425s
 10262  8955  628.66666   22 1496  583.00000  629.04133  7.90%  1361 3446s
 10263  8956  585.21580  231 1494  583.00000  628.95293  7.88%  1361 3465s
 10265  8957  622.47796   91 1495  583.00000  628.93000  7.88%  1361 3483s
 10266  8958  610.53893  155 1495  583.00000  628.92889  7.88%  1361 3501s
 10267  8959  624.72369   70 1495  583.00000  628.92858  7.88%  1361 3518s
 10268  8959  617.83665   42 1495  583.00000  628.92841  7.88%  1361 3537s
 10269  8960  617.11250   55 1496  583.00000  628.92837  7.88%  1360 3555s
 10270  8961  598.53162  191 1495  583.00000  628.87851  7.87%  1360 3573s
 10272  8962  586.20799  228 1494  583.00000  628.85375  7.87%  1360 3594s

Cutting planes:
  Gomory: 7
  Clique: 1
  Flow cover: 70
  Zero half: 656
  RLT: 168
  BQP: 21

Explored 10272 nodes (14184411 simplex iterations) in 3600.27 seconds (4654.02 work units)
Thread count was 1 (of 24 available processors)

Solution count 10: 583 582 581 ... 572

Time limit reached
Best objective 5.830000000000e+02, best bound 6.280000000000e+02, gap 7.7187%

User-callback calls 173831, time in user-callback 1.23 sec
