
Gurobi 11.0.3 (linux64) logging started Thu Mar  5 15:04:10 2026

Set parameter LogFile to value "./log/train/IS_1500_6/IS_22.lp.log"
Set parameter TimeLimit to value 3600
Gurobi Optimizer version 11.0.3 build v11.0.3rc0 (linux64 - "Ubuntu 22.04.5 LTS")

CPU model: AMD Ryzen 9 9900X 12-Core Processor, instruction set [SSE2|AVX|AVX2|AVX512]
Thread count: 12 physical cores, 24 logical processors, using up to 2 threads

Optimize a model with 9220 rows, 1500 columns and 18144 nonzeros
Model fingerprint: 0x2ce8c02d
Variable types: 0 continuous, 1500 integer (1500 binary)
Coefficient statistics:
  Matrix range     [1e+00, 1e+00]
  Objective range  [1e+00, 1e+00]
  Bounds range     [1e+00, 1e+00]
  RHS range        [1e+00, 1e+00]
Found heuristic solution: objective 341.0000000
Presolve removed 1904 rows and 1 columns
Presolve time: 0.03s
Presolved: 7316 rows, 1499 columns, 15921 nonzeros
Variable types: 0 continuous, 1499 integer (1499 binary)

Root relaxation: objective 6.840000e+02, 4030 iterations, 0.17 seconds (0.29 work units)

    Nodes    |    Current Node    |     Objective Bounds      |     Work
 Expl Unexpl |  Obj  Depth IntInf | Incumbent    BestBd   Gap | It/Node Time

     0     0  684.00000    0 1334  341.00000  684.00000   101%     -    0s
H    0     0                     535.0000000  684.00000  27.9%     -    0s
H    0     0                     536.0000000  684.00000  27.6%     -    0s
     0     0  671.00000    0 1312  536.00000  671.00000  25.2%     -    0s
     0     0  667.17220    0 1480  536.00000  667.17220  24.5%     -    1s
H    0     0                     563.0000000  667.17220  18.5%     -    1s
     0     0  666.96339    0 1479  563.00000  666.96339  18.5%     -    1s
     0     0  666.93320    0 1476  563.00000  666.93320  18.5%     -    1s
     0     0  666.93018    0 1478  563.00000  666.93018  18.5%     -    1s
     0     0  660.49471    0 1477  563.00000  660.49471  17.3%     -    2s
H    0     0                     565.0000000  660.49471  16.9%     -    2s
     0     0  659.81713    0 1474  565.00000  659.81713  16.8%     -    2s
     0     0  659.73380    0 1475  565.00000  659.73380  16.8%     -    2s
     0     0  659.69477    0 1474  565.00000  659.69477  16.8%     -    2s
     0     0  659.68899    0 1476  565.00000  659.68899  16.8%     -    2s
     0     0  659.68591    0 1476  565.00000  659.68591  16.8%     -    2s
     0     0  656.69022    0 1483  565.00000  656.69022  16.2%     -    2s
H    0     0                     567.0000000  656.69022  15.8%     -    2s
     0     0  656.37257    0 1481  567.00000  656.37257  15.8%     -    3s
     0     0  656.34175    0 1480  567.00000  656.34175  15.8%     -    3s
     0     0  656.30828    0 1480  567.00000  656.30828  15.8%     -    3s
     0     0  656.30337    0 1482  567.00000  656.30337  15.8%     -    3s
     0     0  653.53639    0 1481  567.00000  653.53639  15.3%     -    3s
     0     0  653.37796    0 1482  567.00000  653.37796  15.2%     -    3s
     0     0  653.36520    0 1484  567.00000  653.36520  15.2%     -    3s
     0     0  653.35229    0 1483  567.00000  653.35229  15.2%     -    3s
     0     0  653.34740    0 1485  567.00000  653.34740  15.2%     -    3s
     0     0  651.83247    0 1480  567.00000  651.83247  15.0%     -    4s
     0     0  651.69523    0 1485  567.00000  651.69523  14.9%     -    4s
     0     0  651.67968    0 1483  567.00000  651.67968  14.9%     -    4s
     0     0  651.67369    0 1486  567.00000  651.67369  14.9%     -    4s
     0     0  650.29273    0 1481  567.00000  650.29273  14.7%     -    4s
     0     0  650.07728    0 1480  567.00000  650.07728  14.7%     -    4s
     0     0  650.05087    0 1482  567.00000  650.05087  14.6%     -    5s
     0     0  650.02625    0 1483  567.00000  650.02625  14.6%     -    5s
     0     0  650.02042    0 1482  567.00000  650.02042  14.6%     -    5s
     0     0  648.23072    0 1485  567.00000  648.23072  14.3%     -    5s
     0     0  647.91839    0 1483  567.00000  647.91839  14.3%     -    5s
     0     0  647.86706    0 1486  567.00000  647.86706  14.3%     -    5s
     0     0  647.86039    0 1487  567.00000  647.86039  14.3%     -    5s
     0     0  646.91084    0 1488  567.00000  646.91084  14.1%     -    6s
     0     0  646.80757    0 1486  567.00000  646.80757  14.1%     -    6s
     0     0  646.79075    0 1488  567.00000  646.79075  14.1%     -    6s
     0     0  646.78748    0 1488  567.00000  646.78748  14.1%     -    6s
     0     0  646.14120    0 1485  567.00000  646.14120  14.0%     -    6s
     0     0  646.04371    0 1490  567.00000  646.04371  13.9%     -    6s
     0     0  646.02004    0 1489  567.00000  646.02004  13.9%     -    7s
     0     0  646.01299    0 1490  567.00000  646.01299  13.9%     -    7s
     0     0  645.53267    0 1487  567.00000  645.53267  13.9%     -    7s
     0     0  645.46867    0 1488  567.00000  645.46867  13.8%     -    7s
     0     0  645.46003    0 1488  567.00000  645.46003  13.8%     -    7s
     0     0  644.78608    0 1486  567.00000  644.78608  13.7%     -    7s
     0     0  644.71354    0 1487  567.00000  644.71354  13.7%     -    7s
     0     0  644.70647    0 1490  567.00000  644.70647  13.7%     -    7s
     0     0  644.30774    0 1488  567.00000  644.30774  13.6%     -    8s
     0     0  644.22185    0 1488  567.00000  644.22185  13.6%     -    8s
     0     0  644.20658    0 1490  567.00000  644.20658  13.6%     -    8s
     0     0  644.20098    0 1490  567.00000  644.20098  13.6%     -    8s
     0     0  643.75909    0 1484  567.00000  643.75909  13.5%     -    8s
     0     0  643.64226    0 1486  567.00000  643.64226  13.5%     -    8s
     0     0  643.62038    0 1487  567.00000  643.62038  13.5%     -    8s
     0     0  643.61851    0 1488  567.00000  643.61851  13.5%     -    8s
     0     0  643.19222    0 1488  567.00000  643.19222  13.4%     -    9s
     0     0  643.06846    0 1482  567.00000  643.06846  13.4%     -    9s
     0     0  643.03797    0 1482  567.00000  643.03797  13.4%     -    9s
     0     0  643.02803    0 1484  567.00000  643.02803  13.4%     -    9s
     0     0  642.82609    0 1485  567.00000  642.82609  13.4%     -    9s
H    0     0                     568.0000000  642.82609  13.2%     -    9s
     0     0  642.76247    0 1484  568.00000  642.76247  13.2%     -    9s
     0     0  642.75131    0 1484  568.00000  642.75131  13.2%     -    9s
     0     0  642.35706    0 1486  568.00000  642.35706  13.1%     -   10s
     0     0  642.27556    0 1489  568.00000  642.27556  13.1%     -   10s
     0     0  642.25545    0 1488  568.00000  642.25545  13.1%     -   10s
     0     0  642.24818    0 1489  568.00000  642.24818  13.1%     -   10s
     0     0  641.74721    0 1484  568.00000  641.74721  13.0%     -   10s
     0     0  641.68457    0 1484  568.00000  641.68457  13.0%     -   10s
     0     0  641.66800    0 1486  568.00000  641.66800  13.0%     -   10s
     0     0  641.37011    0 1486  568.00000  641.37011  12.9%     -   11s
     0     0  641.31755    0 1486  568.00000  641.31755  12.9%     -   11s
     0     0  641.30898    0 1486  568.00000  641.30898  12.9%     -   11s
     0     0  641.11209    0 1484  568.00000  641.11209  12.9%     -   11s
     0     0  641.06170    0 1488  568.00000  641.06170  12.9%     -   11s
     0     0  641.04792    0 1487  568.00000  641.04792  12.9%     -   11s
     0     0  640.74431    0 1485  568.00000  640.74431  12.8%     -   11s
     0     0  640.67062    0 1490  568.00000  640.67062  12.8%     -   12s
     0     0  640.66215    0 1490  568.00000  640.66215  12.8%     -   12s
     0     0  640.42604    0 1489  568.00000  640.42604  12.8%     -   12s
     0     0  640.40137    0 1490  568.00000  640.40137  12.7%     -   12s
     0     0  640.39374    0 1491  568.00000  640.39374  12.7%     -   12s
     0     0  640.27860    0 1490  568.00000  640.27860  12.7%     -   12s
     0     0  640.27860    0 1490  568.00000  640.27860  12.7%     -   12s
H    0     0                     571.0000000  640.27860  12.1%     -   13s
H    0     0                     574.0000000  640.27860  11.5%     -   13s
H    0     0                     576.0000000  640.27860  11.2%     -   13s
     0     2  640.27860    0 1490  576.00000  640.27860  11.2%     -   13s
     7    10  633.68764    3 1434  576.00000  640.13698  11.1%  2956   15s
     9    12  633.50917    4 1433  576.00000  640.13698  11.1%  2520   22s
    21    26  622.19580    9 1382  576.00000  640.13698  11.1%  2359   25s
H   26    30                     578.0000000  640.13698  10.8%  2387   26s
H   29    35                     579.0000000  640.13698  10.6%  2589   27s
H   32    35                     581.0000000  640.13698  10.2%  2554   27s
H   59    64                     583.0000000  640.13698  9.80%  2160   29s
    67    65     cutoff   25       583.00000  640.03060  9.78%  2016   30s
H  127   112                     584.0000000  640.03060  9.59%  1821   34s
   133   120  589.32848   18 1238  584.00000  640.03060  9.59%  1760   35s
H  190   145                     585.0000000  639.92827  9.39%  1663   40s
   231   184  588.30053   26 1198  585.00000  639.80257  9.37%  1717   45s
H  261   193                     586.0000000  639.80257  9.18%  1650   46s
   286   211  633.28205   11 1435  586.00000  639.80257  9.18%  1624   50s
H  316   230                     588.0000000  639.39040  8.74%  1660   54s
   342   239  628.79065    7 1426  588.00000  639.39040  8.74%  1620   56s
   381   290  609.56601   15 1329  588.00000  639.39040  8.74%  1669   61s
   451   326  595.28749   31 1256  588.00000  639.28970  8.72%  1559   65s
   495   359  615.22454   19 1328  588.00000  639.28780  8.72%  1582   71s
   595   405  590.33620   47 1187  588.00000  639.05749  8.68%  1511   76s
   621   430  620.10339   15 1371  588.00000  639.05749  8.68%  1537   81s
   666   474  597.00005   36 1255  588.00000  638.86579  8.65%  1545   85s
   729   494  616.91272   15 1362  588.00000  638.86579  8.65%  1508   90s
   786   532  630.94863   14 1433  588.00000  638.41854  8.57%  1509   96s
   864   588  589.14098   25 1245  588.00000  638.09617  8.52%  1506  102s
   896   612  636.39025   38 1440  588.00000  638.08281  8.52%  1495  106s
   921   613  600.85655   32 1490  588.00000  638.08281  8.52%  1505  117s
   924   615  624.62671   19 1487  588.00000  638.08281  8.52%  1500  123s
   925   616  611.48207   13 1488  588.00000  638.08281  8.52%  1498  125s
   929   618  598.99279   25 1492  588.00000  638.08281  8.52%  1492  130s
   931   620  591.00077   29 1491  588.00000  638.08281  8.52%  1488  138s
   932   620  618.51675   23 1490  588.00000  638.08281  8.52%  1487  142s
   934   622  625.90423   51 1493  588.00000  638.08281  8.52%  1484  148s
   935   622  626.04003   11 1487  588.00000  638.08281  8.52%  1482  152s
   937   624  625.46305   13 1488  588.00000  638.08281  8.52%  1479  156s
   938   624  634.22104   16 1483  588.00000  638.08281  8.52%  1477  160s
   940   626  603.88715   23 1486  588.00000  638.08281  8.52%  1474  168s
   941   626  595.86642   26 1486  588.00000  638.08281  8.52%  1473  172s
   942   627  597.88887   55 1486  588.00000  638.08281  8.52%  1471  180s
   955   639  638.08281   17 1470  588.00000  638.08281  8.52%  1540  185s
   988   667  636.55556   25 1470  588.00000  638.08281  8.52%  1555  190s
  1023   690  633.90377   34 1429  588.00000  638.08281  8.52%  1569  195s
  1080   732  630.33725   48 1403  588.00000  638.08281  8.52%  1589  200s
  1116   759  627.75499   56 1400  588.00000  638.08281  8.52%  1601  205s
  1159   789  625.51305   66 1374  588.00000  638.08281  8.52%  1622  211s
  1193   817  623.83659   72 1360  588.00000  638.08281  8.52%  1631  215s
  1251   856  620.85216   85 1358  588.00000  638.08281  8.52%  1647  220s
  1320   907  618.08566   98 1345  588.00000  638.08281  8.52%  1671  226s
  1379   963  616.66165  108 1336  588.00000  638.08281  8.52%  1686  231s
  1473  1062  614.76511  122 1298  588.00000  638.08281  8.52%  1669  237s
  1553  1101  613.82669  130 1292  588.00000  638.08281  8.52%  1631  240s
  1671  1119  610.66233  149 1253  588.00000  638.08281  8.52%  1576  246s
  1745  1214  601.61273  177 1199  588.00000  638.08281  8.52%  1580  252s
  1820  1237  595.03226  210 1088  588.00000  638.08281  8.52%  1557  255s
  1902  1243  636.45164   22 1461  588.00000  638.08281  8.52%  1547  262s
  1920  1257  635.85212   25 1455  588.00000  638.08281  8.52%  1562  266s
  1940  1273  635.40659   28 1451  588.00000  638.08281  8.52%  1573  270s
  1990  1316  634.48993   35 1442  588.00000  638.08281  8.52%  1597  278s
  2022  1343  633.87348   39 1436  588.00000  638.08281  8.52%  1607  282s
  2060  1386  633.21183   43 1427  588.00000  638.08281  8.52%  1615  287s
  2116  1468  632.53443   48 1426  588.00000  638.08281  8.52%  1614  291s
  2216  1487  631.78329   53 1421  588.00000  638.08281  8.52%  1588  296s
  2297  1479  630.76918   59 1420  588.00000  638.08281  8.52%  1564  301s
  2316  1492  629.56711   65 1410  588.00000  638.08281  8.52%  1578  306s
  2335  1508  628.74566   71 1406  588.00000  638.08281  8.52%  1595  311s
  2357  1523  627.70269   78 1389  588.00000  638.08281  8.52%  1609  316s
  2380  1539  624.99129   85 1364  588.00000  638.08281  8.52%  1626  322s
  2403  1561  625.99307   93 1371  588.00000  638.08281  8.52%  1638  329s
  2433  1581  624.24095  103 1358  588.00000  638.08281  8.52%  1651  335s
  2463  1607  622.59056  113 1344  588.00000  638.08281  8.52%  1663  340s
  2499  1634  620.16320  125 1321  588.00000  638.08281  8.52%  1674  347s
  2538  1660  615.03526  137 1311  588.00000  638.08281  8.52%  1680  353s
  2577  1697  613.98333  151 1308  588.00000  638.08281  8.52%  1684  360s
  2627  1710  610.59267  168 1267  588.00000  638.08281  8.52%  1684  366s
  2657  1756  607.93756  177 1236  588.00000  638.08281  8.52%  1684  374s
  2713  1850  601.70159  197 1206  588.00000  638.08281  8.52%  1676  382s
  2839  1849  637.32673   20 1465  588.00000  638.08281  8.52%  1643  390s
  2875  1882  636.55462   25 1461  588.00000  638.08281  8.52%  1655  397s
  2908  1921  635.61597   30 1458  588.00000  638.08281  8.52%  1667  406s
  2947  1997  634.68733   36 1450  588.00000  638.08281  8.52%  1677  414s
  3023  2140  627.54313   42 1398  588.00000  638.08281  8.52%  1678  422s
  3184  2165  627.19937   49 1395  588.00000  638.08281  8.52%  1637  431s
  3209  2185  632.02524   56 1430  588.00000  638.08281  8.52%  1653  447s
  3229  2223  630.64448   64 1423  588.00000  638.08281  8.52%  1663  456s
  3267  2267  628.79600   76 1402  588.00000  638.08281  8.52%  1683  465s
  3311  2309  627.67496   89 1386  588.00000  638.08281  8.52%  1704  475s
  3353  2376  624.84181  103 1377  588.00000  638.08281  8.52%  1718  485s
  3420  2473  618.69590  124 1323  588.00000  638.08281  8.52%  1732  495s
  3517  2672  614.05381  159 1278  588.00000  638.08281  8.52%  1737  506s
  3733  2728  636.45097   22 1450  588.00000  638.08281  8.52%  1695  518s
  3789  2804  635.16369   31 1439  588.00000  638.08281  8.52%  1711  528s
  3865  3015  630.05168   40 1411  588.00000  638.08281  8.52%  1722  540s
  4109  3141  631.81782   53 1417  588.00000  638.08281  8.52%  1678  551s
  4235  3404  629.39000   66 1404  588.00000  638.08281  8.52%  1665  564s
  4498  3633  626.55658   85 1371  588.00000  638.08281  8.52%  1626  576s
  4755  3827  624.35478   97 1356  588.00000  638.08281  8.52%  1565  589s
  4949  4284  618.94707  127 1322  588.00000  638.08281  8.52%  1551  603s
  5441  4626  601.84922  191 1222  588.00000  638.08281  8.52%  1467  615s
  5806  4908  617.70115  123 1286  588.00000  638.08281  8.52%  1417  629s
  6088  5480  597.37309  193 1119  588.00000  638.08281  8.52%  1381  642s
  6696  5731  615.85954  134 1291  588.00000  638.08281  8.52%  1298  654s
  6947  6383  604.36855  187 1183  588.00000  638.08281  8.52%  1281  665s
  7654  6822  633.46229   46 1419  588.00000  638.08281  8.52%  1199  679s
  8093  7267  606.01758  181 1212  588.00000  637.87135  8.48%  1175  685s
  8583  7322  636.80046   19 1459  588.00000  637.86929  8.48%  1128  690s
  8640  7362  604.80436   40 1298  588.00000  637.84496  8.48%  1129  695s
  8698  7380  636.31590   23 1452  588.00000  637.84268  8.48%  1129  702s
  8716  7400  635.34829   28 1445  588.00000  637.84268  8.48%  1135  708s
  8736  7423  634.40922   33 1441  588.00000  637.84268  8.48%  1142  714s
  8759  7446  627.41777   38 1400  588.00000  637.84268  8.48%  1149  720s
  8782  7470  632.99947   44 1432  588.00000  637.84268  8.48%  1155  727s
  8806  7502  632.21080   50 1425  588.00000  637.84268  8.48%  1162  733s
  8838  7528  630.71870   58 1422  588.00000  637.84268  8.48%  1169  740s
  8864  7566  629.55534   63 1417  588.00000  637.84268  8.48%  1174  747s
  8902  7616  628.08860   72 1405  588.00000  637.84268  8.48%  1182  755s
  8952  7677  626.38520   83 1388  588.00000  637.84268  8.48%  1189  763s
  9013  7690  623.67605   97 1368  588.00000  637.84268  8.48%  1197  780s
  9026  7719  622.81633  100 1358  588.00000  637.84268  8.48%  1198  788s
  9055  7850  621.07068  100 1356  588.00000  637.84268  8.48%  1200  797s
  9186  8076  619.44233  122 1328  588.00000  637.84268  8.48%  1205  806s
  9429  8364  611.71087  156 1261  588.00000  637.77161  8.46%  1196  815s
  9768  8552  635.04346   37 1442  588.00000  637.76956  8.46%  1173  822s
  9956  8808  618.80990  125 1335  588.00000  637.76956  8.46%  1165  830s
 10212  9203  601.20000  197 1147  588.00000  637.76883  8.46%  1153  838s
 10664  9402  632.70044   51 1433  588.00000  637.70904  8.45%  1119  844s
 10863  9591  613.67149  162 1304  588.00000  637.66182  8.45%  1110  852s
 11097  9666  622.53653   25 1384  588.00000  637.59650  8.43%  1099  859s
 11218  9825  636.97213   24 1456  588.00000  637.54483  8.43%  1099  866s
 11401 10045  620.27626   78 1301  588.00000  637.48816  8.42%  1091  873s
 11651 10225  619.91759   35 1376  588.00000  637.48731  8.42%  1079  880s
 11894 10311  635.58450   31 1458  588.00000  637.47975  8.41%  1066  893s
 11980 10498  629.76082   68 1423  588.00000  637.47975  8.41%  1064  899s
 12167 10688  622.04073  114 1368  588.00000  637.46699  8.41%  1056  906s
 12392 10923  630.44607   33 1425  588.00000  637.41128  8.40%  1047  913s
 12659 11190  614.31058  130 1290  588.00000  637.36612  8.40%  1035  920s
 12950 11262  613.58157   40 1329  588.00000  637.35340  8.39%  1022  928s
 13056 11298  629.18734   24 1421  588.00000  637.34203  8.39%  1023  936s
 13092 11336  627.67443   33 1412  588.00000  637.34203  8.39%  1029  943s
 13130 11371  626.17176   42 1405  588.00000  637.34203  8.39%  1034  952s
 13165 11428  622.14596   51 1371  588.00000  637.34203  8.39%  1038  960s
 13222 11505  620.16158   66 1361  588.00000  637.34203  8.39%  1045  967s
 13299 11613  615.64304   86 1336  588.00000  637.34203  8.39%  1051  975s
 13407 11830  606.13779  115 1264  588.00000  637.32265  8.39%  1055  984s
 13644 12049  628.98268   23 1432  588.00000  637.32265  8.39%  1053  992s
 13889 12226  609.37555  137 1264  588.00000  637.30087  8.38%  1046 1001s
 14105 12474  612.75970   70 1294  588.00000  637.25874  8.38%  1039 1007s
 14381 12844  621.58330   69 1374  588.00000  637.25546  8.38%  1029 1014s
 14751 13093  591.39706  195 1060  588.00000  637.24665  8.38%  1017 1021s
 15055 13094  598.78656  190 1490  588.00000  637.24646  8.38%  1005 1540s
 15058 13096  609.37962  159 1490  588.00000  637.24646  8.38%  1005 1549s
 15059 13097  624.35911  100 1485  588.00000  634.40195  7.89%  1005 1552s
 15065 13101  608.31034  163 1491  588.00000  633.45129  7.73%  1004 1567s
 15066 13101  618.52530   83 1491  588.00000  633.40425  7.72%  1004 1577s
 15068 13103  593.50000  214 1491  588.00000  633.38780  7.72%  1004 1589s
 15069 13103  625.38386   72 1488  588.00000  633.15117  7.68%  1004 1600s
 15071 13105  592.13261  230 1491  588.00000  633.04343  7.66%  1004 1611s
 15072 13105  590.91907  234 1487  588.00000  632.89550  7.64%  1004 1621s
 15074 13107  623.62322   70 1490  588.00000  632.83956  7.63%  1004 1629s
 15075 13107  593.09470  217 1489  588.00000  632.66552  7.60%  1004 1638s
 15078 13109  589.26087  233 1488  588.00000  632.58838  7.58%  1004 1650s
 15079 13110  595.69542  200 1486  588.00000  632.49919  7.57%  1003 1660s
 15081 13111  629.89348   28 1489  588.00000  632.46601  7.56%  1003 1671s
 15082 13112  619.04456  129 1489  588.00000  632.40929  7.55%  1003 1682s
 15084 13113  601.24014  200 1489  588.00000  632.38707  7.55%  1003 1694s
 15085 13114  621.56411  104 1486  588.00000  632.35959  7.54%  1003 1706s
 15086 13115  597.41161  127 1489  588.00000  632.35220  7.54%  1003 1716s
 15087 13115  604.20129  162 1489  588.00000  632.32641  7.54%  1003 1724s
 15088 13116  605.45540  178 1490  588.00000  632.31754  7.54%  1003 1733s
 15089 13117  632.31419   31 1490  588.00000  632.31419  7.54%  1003 1743s
 15090 13117  618.71725   99 1489  588.00000  632.31322  7.54%  1003 1752s
 15091 13118  604.82689  184 1489  588.00000  632.29949  7.53%  1003 1760s
 15092 13119  591.42857  205 1489  588.00000  632.29164  7.53%  1003 1770s
 15093 13119  601.24188  204 1490  588.00000  632.26236  7.53%  1003 1780s
 15094 13120  632.25232   55 1490  588.00000  632.25232  7.53%  1002 1791s
 15095 13121  610.36750  160 1490  588.00000  632.19449  7.52%  1002 1799s
 15096 13121  629.17997   68 1489  588.00000  632.18543  7.51%  1002 1809s
 15097 13122  619.10645  118 1488  588.00000  632.13613  7.51%  1002 1817s
 15099 13123  632.12053   26 1490  588.00000  632.12053  7.50%  1002 1827s
 15100 13124  603.74063  109 1489  588.00000  632.10856  7.50%  1002 1837s
 15101 13125  630.68990   57 1489  588.00000  632.10100  7.50%  1002 1847s
 15102 13125  621.68108  117 1490  588.00000  632.08582  7.50%  1002 1856s
 15103 13126  632.08016   30 1489  588.00000  632.08016  7.50%  1002 1865s
 15104 13127  628.25303   42 1490  588.00000  632.07889  7.50%  1002 1876s
 15105 13127  632.07839   24 1489  588.00000  632.07839  7.50%  1002 1887s
 15106 13128  620.10080  126 1489  588.00000  632.07815  7.50%  1002 1898s
 15107 13129  632.07810   26 1489  588.00000  632.07810  7.50%  1002 1909s
 15108 13129  608.11249  168 1489  588.00000  632.07804  7.50%  1002 1920s
 15109 13130  622.47075   96 1489  588.00000  632.07804  7.50%  1001 1931s
 15110 13131  606.93339  173 1489  588.00000  632.06276  7.49%  1001 1951s
 15111 13131  594.67545  213 1489  588.00000  632.06156  7.49%  1001 1962s
 15112 13132  596.50741  195 1489  588.00000  632.06156  7.49%  1001 1973s
 15115 13137  631.49763   28 1491  588.00000  631.84637  7.46%  1006 1975s
 15131 13149  630.42049   32 1483  588.00000  630.92725  7.30%  1008 1980s
 15148 13159  628.78655   36 1470  588.00000  630.92725  7.30%  1010 1985s
 15171 13176  627.48018   42 1461  588.00000  630.92725  7.30%  1013 1990s
 15197 13192  624.87880   48 1444  588.00000  630.92725  7.30%  1015 2003s
 15205 13201  623.85679   50 1436  588.00000  630.92725  7.30%  1016 2005s
 15226 13211  622.35899   55 1431  588.00000  630.92725  7.30%  1018 2016s
 15241 13229  622.10300   59 1436  588.00000  630.92725  7.30%  1020 2020s
 15271 13250  620.10633   66 1432  588.00000  630.92725  7.30%  1022 2025s
 15304 13272  616.71094   73 1409  588.00000  630.92725  7.30%  1025 2030s
 15341 13300  614.39971   82 1397  588.00000  630.92725  7.30%  1028 2036s
 15370 13320  612.56213   89 1378  588.00000  630.92725  7.30%  1030 2040s
 15420 13354  610.79919  101 1378  588.00000  630.92725  7.30%  1034 2047s
 15454 13382  609.35534  109 1367  588.00000  630.92725  7.30%  1038 2052s
 15475 13395  608.43278  114 1359  588.00000  630.92725  7.30%  1040 2055s
 15519 13431  606.99157  123 1344  588.00000  630.92725  7.30%  1045 2061s
 15564 13466  605.49937  134 1335  588.00000  630.92725  7.30%  1048 2066s
 15631 13526  603.07019  149 1318  588.00000  630.92725  7.30%  1052 2073s
 15682 13576  599.22626  159 1283  588.00000  630.92725  7.30%  1054 2076s
 15827 13626  595.83369  188 1224  588.00000  630.69403  7.26%  1053 2083s
 15897 13613  630.05342   30 1473  588.00000  630.69403  7.26%  1053 2087s
 15908 13612  629.65877   33 1471  588.00000  630.69403  7.26%  1055 2101s
 15910 13622  627.23527   33 1444  588.00000  630.69403  7.26%  1055 2105s
 15933 13639  628.66869   39 1462  588.00000  630.69403  7.26%  1060 2113s
 15946 13648  628.19603   42 1460  588.00000  630.69403  7.26%  1062 2118s
 15959 13657  627.74027   45 1457  588.00000  630.69403  7.26%  1065 2122s
 15972 13665  627.28803   48 1450  588.00000  630.69403  7.26%  1067 2127s
 15985 13677  626.93495   51 1447  588.00000  630.69403  7.26%  1070 2132s
 16001 13690  626.50785   55 1444  588.00000  630.69403  7.26%  1073 2137s
 16019 13702  626.06702   59 1439  588.00000  630.69403  7.26%  1076 2143s
 16037 13718  625.59911   63 1434  588.00000  630.69403  7.26%  1079 2148s
 16059 13714  624.85157   68 1430  588.00000  630.69403  7.26%  1082 2155s
 16063 13739  624.72627   69 1428  588.00000  630.69403  7.26%  1083 2161s
 16089 13759  623.86553   75 1423  588.00000  630.69403  7.26%  1086 2166s
 16118 13781  618.22553   81 1394  588.00000  630.69403  7.26%  1090 2172s
 16149 13808  621.71288   88 1405  588.00000  630.69403  7.26%  1093 2179s
 16187 13843  620.37268   96 1400  588.00000  630.69403  7.26%  1096 2184s
 16234 13884  618.98377  106 1387  588.00000  630.69403  7.26%  1099 2190s
 16291 13952  616.00851  117 1370  588.00000  630.69403  7.26%  1102 2196s
 16378 14029  612.13893  131 1326  588.00000  630.69403  7.26%  1103 2203s
 16488 14053  608.60484  149 1319  588.00000  630.69403  7.26%  1102 2210s
 16606 14104  602.30079  170 1218  588.00000  630.50014  7.23%  1100 2219s
 16714 14089  629.93348   32 1475  588.00000  630.50014  7.23%  1099 2227s
 16735 14100  628.92274   37 1466  588.00000  630.50014  7.23%  1103 2235s
 16753 14116  628.45588   41 1461  588.00000  630.50014  7.23%  1107 2243s
 16775 14131  622.73910   46 1421  588.00000  630.50014  7.23%  1111 2251s
 16797 14151  621.12761   51 1407  588.00000  630.50014  7.23%  1116 2260s
 16825 14177  623.48511   57 1415  588.00000  630.50014  7.23%  1120 2270s
 16860 14193  625.16775   65 1427  588.00000  630.50014  7.23%  1124 2279s
 16888 14227  623.62631   73 1420  588.00000  630.50014  7.23%  1128 2289s
 16931 14254  619.25589   83 1389  588.00000  630.50014  7.23%  1133 2302s
 16972 14302  620.23391   93 1399  588.00000  630.50014  7.23%  1137 2313s
 17034 14286  615.40742  105 1375  588.00000  630.50014  7.23%  1142 2337s
 17039 14389  618.07405  107 1384  588.00000  630.50014  7.23%  1142 2348s
 17143 14532  613.99618  128 1346  588.00000  630.50014  7.23%  1146 2360s
 17346 14598  606.92698  160 1287  588.00000  630.43889  7.22%  1145 2376s
 17507 14576  629.82435   33 1477  588.00000  630.43889  7.22%  1145 2390s
 17538 14600  628.68996   40 1464  588.00000  630.43889  7.22%  1151 2404s
 17573 14631  627.76853   48 1457  588.00000  630.43889  7.22%  1157 2419s
 17615 14667  626.41736   57 1443  588.00000  630.43889  7.22%  1163 2435s
 17665 14714  624.93304   68 1435  588.00000  630.43889  7.22%  1169 2451s
 17729 14783  622.93132   81 1421  588.00000  630.43889  7.22%  1176 2466s
 17819 14795  619.63513   99 1395  588.00000  630.43889  7.22%  1182 2484s
 17861 14975  618.85553  106 1380  588.00000  630.43889  7.22%  1184 2499s
 18081 15145  612.99040  136 1342  588.00000  630.43889  7.22%  1185 2518s
 18325 15328  594.63957  205 1111  588.00000  630.01440  7.15%  1182 2535s
 18639 15462  616.11118  113 1365  588.00000  630.01386  7.15%  1173 2553s
 18878 15672  596.26972  185 1158  588.00000  629.95528  7.14%  1169 2572s
 19209 15879  619.39429   94 1396  588.00000  629.94626  7.13%  1160 2591s
 19527 16114  590.79629  212 1095  588.00000  629.67869  7.09%  1154 2610s
 19924 16286  608.10271  121 1316  588.00000  629.57677  7.07%  1146 2629s
 20261 16610  617.25167  110 1379  588.00000  629.55149  7.07%  1138 2649s
 20731 16835  623.16712   60 1428  588.00000  629.27605  7.02%  1129 2667s
 21146 17081  619.99214   65 1398  588.00000  629.22428  7.01%  1119 2684s
 21576 17326  606.74373   98 1327  588.00000  629.15059  7.00%  1110 2701s
 21993 17444  612.02188  106 1340  588.00000  629.12799  6.99%  1101 2718s
 22320 17628     cutoff   51       588.00000  629.09842  6.99%  1095 2741s
 22672 17683  589.58638  108 1212  588.00000  629.03120  6.98%  1092 2754s
 22892 17829  618.85381   34 1419  588.00000  628.92742  6.96%  1090 2779s
 23123 18069  624.11469   40 1423  588.00000  628.90384  6.96%  1086 2792s
 23486 18212  619.49441   49 1415  588.00000  628.89289  6.95%  1078 2805s
 23784 18139  622.43080   35 1428  588.00000  628.87271  6.95%  1073 2817s
 23811 18160  625.36111   42 1438  588.00000  628.87271  6.95%  1076 2828s
 23841 18190  624.35115   49 1435  588.00000  628.87271  6.95%  1080 2842s
 23881 18223  623.00599   59 1423  588.00000  628.87271  6.95%  1084 2856s
 23927 18258  621.35145   71 1407  588.00000  628.87271  6.95%  1089 2870s
 23977 18319  618.63724   84 1393  588.00000  628.87271  6.95%  1094 2884s
 24055 18415  616.16204  104 1367  588.00000  628.87271  6.95%  1099 2899s
 24177 18647  609.31418  137 1329  588.00000  628.85388  6.95%  1103 2915s
 24473 18791  622.03176   39 1436  588.00000  628.81542  6.94%  1103 2929s
 24761 18905  623.56107   38 1445  588.00000  628.78652  6.94%  1099 2941s
 25001 18940  619.29685   60 1415  588.00000  628.78594  6.94%  1095 2954s
 25116 19213  609.10133  121 1335  588.00000  628.74195  6.93%  1094 2968s
 25462 19408  623.66889   68 1431  588.00000  628.63685  6.91%  1089 2982s
 25803 19586  623.03736   39 1439  588.00000  628.60834  6.91%  1082 2994s
 26104 19654  596.26153  174 1251  588.00000  628.60777  6.91%  1077 3004s
 26301 19827  616.20132  102 1378  588.00000  628.59144  6.90%  1074 3017s
 26572 19796  617.52992   40 1400  588.00000  628.55716  6.90%  1070 3029s
 26704 20002  618.48007   32 1405  588.00000  628.50436  6.89%  1072 3041s
 26968 20085  620.47691   37 1421  588.00000  628.47195  6.88%  1067 3052s
 27167 20055  627.72694   42 1472  588.00000  628.45712  6.88%  1066 3065s
 27203 20085  626.58439   49 1463  588.00000  628.45712  6.88%  1069 3078s
 27245 20120  625.51956   57 1454  588.00000  628.45712  6.88%  1073 3091s
 27294 20165  624.67549   65 1441  588.00000  628.45712  6.88%  1077 3103s
 27356 20238  622.91486   75 1431  588.00000  628.45712  6.88%  1081 3116s
 27449 20333  621.06701   87 1416  588.00000  628.45712  6.88%  1085 3130s
 27611 20405  618.59777  102 1402  588.00000  628.45712  6.88%  1086 3144s
 27751 20550  616.13893  121 1357  588.00000  628.45712  6.88%  1087 3157s
 27960 20708  609.09171  151 1335  588.00000  628.39425  6.87%  1086 3172s
 28221 20897  622.68180   37 1438  588.00000  628.36852  6.87%  1084 3183s
 28511 20949  594.64307  183 1226  588.00000  628.35386  6.86%  1080 3197s
 28693 21005  599.44648   48 1297  588.00000  628.29799  6.85%  1079 3212s
 28895 21120  626.15910   36 1448  588.00000  628.28886  6.85%  1079 3225s
 29077 21296  612.98151  117 1358  588.00000  628.27750  6.85%  1076 3237s
 29347 21318  589.77535   68 1260  588.00000  628.23665  6.84%  1073 3250s
 29493 21555  621.18243   48 1423  588.00000  628.17724  6.83%  1073 3262s
 29815 21809  620.94099   39 1432  588.00000  628.14038  6.83%  1068 3282s
 30220 21770  614.08476   44 1382  588.00000  628.10365  6.82%  1063 3293s
 30334 21864  618.39189   58 1410  588.00000  628.08518  6.82%  1064 3304s
 30486 21957  604.40718   62 1343  588.00000  628.08041  6.82%  1063 3318s
 30668 22187  619.25432   44 1416  588.00000  628.02793  6.81%  1063 3330s
 30996 22243  617.23944   44 1409  588.00000  628.02370  6.81%  1058 3341s
 31188 22399  615.19748   51 1393  588.00000  627.99148  6.80%  1056 3352s
 31433 22387  611.14479   49 1384  588.00000  627.97969  6.80%  1053 3364s
 31539 22387  626.46934   39 1457  588.00000  627.97697  6.80%  1054 3376s
 31575 22418  625.47745   46 1449  588.00000  627.97697  6.80%  1057 3389s
 31618 22423  623.92442   54 1438  588.00000  627.97697  6.80%  1060 3500s
 31637 22479  623.49904   58 1430  588.00000  627.97697  6.80%  1062 3514s
 31699 22538  622.20539   69 1419  588.00000  627.97697  6.80%  1066 3530s
 31779 22643  620.12117   80 1408  588.00000  627.97697  6.80%  1068 3544s
 31927 22772  616.86152   99 1383  588.00000  627.97697  6.80%  1071 3558s
 32121 22924  613.37570  123 1361  588.00000  627.97697  6.80%  1071 3571s
 32347 23177  599.73136  171 1229  588.00000  627.94471  6.79%  1071 3584s
 32731 23342  604.73971  141 1290  588.00000  627.90430  6.79%  1066 3597s
 33055 23292  601.24431  131 1288  588.00000  627.90359  6.79%  1061 3600s

Cutting planes:
  Gomory: 6
  Flow cover: 87
  Zero half: 1005
  RLT: 346
  Relax-and-lift: 1
  BQP: 100

Explored 33135 nodes (35224383 simplex iterations) in 3600.00 seconds (11029.89 work units)
Thread count was 2 (of 24 available processors)

Solution count 10: 588 586 585 ... 574

Time limit reached
Best objective 5.880000000000e+02, best bound 6.270000000000e+02, gap 6.6327%

User-callback calls 310290, time in user-callback 0.86 sec

Gurobi 11.0.3 (linux64) logging started Sat Mar  7 13:20:15 2026

Set parameter LogFile to value "./log/train/IS_1500_6/IS_22.lp.log"
Set parameter TimeLimit to value 3600
Gurobi Optimizer version 11.0.3 build v11.0.3rc0 (linux64 - "Ubuntu 22.04.5 LTS")

CPU model: AMD Ryzen 9 9900X 12-Core Processor, instruction set [SSE2|AVX|AVX2|AVX512]
Thread count: 12 physical cores, 24 logical processors, using up to 1 threads

Optimize a model with 9220 rows, 1500 columns and 18144 nonzeros
Model fingerprint: 0x2ce8c02d
Variable types: 0 continuous, 1500 integer (1500 binary)
Coefficient statistics:
  Matrix range     [1e+00, 1e+00]
  Objective range  [1e+00, 1e+00]
  Bounds range     [1e+00, 1e+00]
  RHS range        [1e+00, 1e+00]
Found heuristic solution: objective 341.0000000
Presolve removed 1904 rows and 1 columns
Presolve time: 0.05s
Presolved: 7316 rows, 1499 columns, 15921 nonzeros
Variable types: 0 continuous, 1499 integer (1499 binary)

Root relaxation: objective 6.840000e+02, 4030 iterations, 0.25 seconds (0.29 work units)

    Nodes    |    Current Node    |     Objective Bounds      |     Work
 Expl Unexpl |  Obj  Depth IntInf | Incumbent    BestBd   Gap | It/Node Time

     0     0  684.00000    0 1334  341.00000  684.00000   101%     -    0s
H    0     0                     535.0000000  684.00000  27.9%     -    0s
H    0     0                     536.0000000  684.00000  27.6%     -    0s
     0     0  671.00000    0 1312  536.00000  671.00000  25.2%     -    1s
     0     0  667.17220    0 1480  536.00000  667.17220  24.5%     -    2s
H    0     0                     563.0000000  667.17220  18.5%     -    2s
     0     0  666.96339    0 1479  563.00000  666.96339  18.5%     -    2s
     0     0  666.93320    0 1476  563.00000  666.93320  18.5%     -    2s
     0     0  666.93018    0 1478  563.00000  666.93018  18.5%     -    2s
     0     0  660.49471    0 1477  563.00000  660.49471  17.3%     -    3s
H    0     0                     565.0000000  660.49471  16.9%     -    3s
     0     0  659.81713    0 1474  565.00000  659.81713  16.8%     -    3s
     0     0  659.73380    0 1475  565.00000  659.73380  16.8%     -    3s
     0     0  659.69477    0 1474  565.00000  659.69477  16.8%     -    3s
     0     0  659.68899    0 1476  565.00000  659.68899  16.8%     -    3s
     0     0  659.68591    0 1476  565.00000  659.68591  16.8%     -    3s
     0     0  656.69022    0 1483  565.00000  656.69022  16.2%     -    4s
H    0     0                     567.0000000  656.69022  15.8%     -    4s
     0     0  656.37257    0 1481  567.00000  656.37257  15.8%     -    4s
     0     0  656.34175    0 1480  567.00000  656.34175  15.8%     -    4s
     0     0  656.30828    0 1480  567.00000  656.30828  15.8%     -    4s
     0     0  656.30337    0 1482  567.00000  656.30337  15.8%     -    4s
     0     0  653.53639    0 1481  567.00000  653.53639  15.3%     -    5s
     0     0  653.37796    0 1482  567.00000  653.37796  15.2%     -    5s
     0     0  653.36520    0 1484  567.00000  653.36520  15.2%     -    5s
     0     0  653.35229    0 1483  567.00000  653.35229  15.2%     -    5s
     0     0  653.34740    0 1485  567.00000  653.34740  15.2%     -    6s
     0     0  651.83247    0 1480  567.00000  651.83247  15.0%     -    6s
     0     0  651.69523    0 1485  567.00000  651.69523  14.9%     -    6s
     0     0  651.67968    0 1483  567.00000  651.67968  14.9%     -    6s
     0     0  651.67369    0 1486  567.00000  651.67369  14.9%     -    6s
     0     0  650.29273    0 1481  567.00000  650.29273  14.7%     -    7s
     0     0  650.07728    0 1480  567.00000  650.07728  14.7%     -    7s
     0     0  650.05087    0 1482  567.00000  650.05087  14.6%     -    7s
     0     0  650.02625    0 1483  567.00000  650.02625  14.6%     -    7s
     0     0  650.02042    0 1482  567.00000  650.02042  14.6%     -    8s
     0     0  648.23072    0 1485  567.00000  648.23072  14.3%     -    8s
     0     0  647.91839    0 1483  567.00000  647.91839  14.3%     -    9s
     0     0  647.86706    0 1486  567.00000  647.86706  14.3%     -    9s
     0     0  647.86039    0 1487  567.00000  647.86039  14.3%     -    9s
     0     0  646.91084    0 1488  567.00000  646.91084  14.1%     -   10s
     0     0  646.80757    0 1486  567.00000  646.80757  14.1%     -   10s
     0     0  646.79075    0 1488  567.00000  646.79075  14.1%     -   10s
     0     0  646.78748    0 1488  567.00000  646.78748  14.1%     -   10s
     0     0  646.14120    0 1485  567.00000  646.14120  14.0%     -   10s
     0     0  646.04371    0 1490  567.00000  646.04371  13.9%     -   11s
     0     0  646.02004    0 1489  567.00000  646.02004  13.9%     -   11s
     0     0  646.01299    0 1490  567.00000  646.01299  13.9%     -   11s
     0     0  645.53267    0 1487  567.00000  645.53267  13.9%     -   11s
     0     0  645.46867    0 1488  567.00000  645.46867  13.8%     -   11s
     0     0  645.46003    0 1488  567.00000  645.46003  13.8%     -   11s
     0     0  644.78608    0 1486  567.00000  644.78608  13.7%     -   12s
     0     0  644.71354    0 1487  567.00000  644.71354  13.7%     -   12s
     0     0  644.70647    0 1490  567.00000  644.70647  13.7%     -   12s
     0     0  644.30774    0 1488  567.00000  644.30774  13.6%     -   13s
     0     0  644.22185    0 1488  567.00000  644.22185  13.6%     -   13s
     0     0  644.20658    0 1490  567.00000  644.20658  13.6%     -   13s
     0     0  644.20098    0 1490  567.00000  644.20098  13.6%     -   13s
     0     0  643.75909    0 1484  567.00000  643.75909  13.5%     -   13s
     0     0  643.64226    0 1486  567.00000  643.64226  13.5%     -   14s
     0     0  643.62038    0 1487  567.00000  643.62038  13.5%     -   14s
     0     0  643.61851    0 1488  567.00000  643.61851  13.5%     -   14s
     0     0  643.19222    0 1488  567.00000  643.19222  13.4%     -   14s
     0     0  643.06846    0 1482  567.00000  643.06846  13.4%     -   14s
     0     0  643.03797    0 1482  567.00000  643.03797  13.4%     -   15s
     0     0  643.02803    0 1484  567.00000  643.02803  13.4%     -   15s
     0     0  642.82609    0 1485  567.00000  642.82609  13.4%     -   15s
H    0     0                     568.0000000  642.82609  13.2%     -   15s
     0     0  642.76247    0 1484  568.00000  642.76247  13.2%     -   15s
     0     0  642.75131    0 1484  568.00000  642.75131  13.2%     -   15s
     0     0  642.35706    0 1486  568.00000  642.35706  13.1%     -   16s
     0     0  642.27556    0 1489  568.00000  642.27556  13.1%     -   16s
     0     0  642.25545    0 1488  568.00000  642.25545  13.1%     -   16s
     0     0  642.24818    0 1489  568.00000  642.24818  13.1%     -   16s
     0     0  641.74721    0 1484  568.00000  641.74721  13.0%     -   17s
     0     0  641.68457    0 1484  568.00000  641.68457  13.0%     -   17s
     0     0  641.66800    0 1486  568.00000  641.66800  13.0%     -   17s
     0     0  641.37011    0 1486  568.00000  641.37011  12.9%     -   17s
     0     0  641.31755    0 1486  568.00000  641.31755  12.9%     -   17s
     0     0  641.30898    0 1486  568.00000  641.30898  12.9%     -   18s
     0     0  641.11209    0 1484  568.00000  641.11209  12.9%     -   18s
     0     0  641.06170    0 1488  568.00000  641.06170  12.9%     -   18s
     0     0  641.04792    0 1487  568.00000  641.04792  12.9%     -   18s
     0     0  640.74431    0 1485  568.00000  640.74431  12.8%     -   19s
     0     0  640.67062    0 1490  568.00000  640.67062  12.8%     -   19s
     0     0  640.66215    0 1490  568.00000  640.66215  12.8%     -   19s
     0     0  640.42604    0 1489  568.00000  640.42604  12.8%     -   19s
     0     0  640.40137    0 1490  568.00000  640.40137  12.7%     -   19s
     0     0  640.39374    0 1491  568.00000  640.39374  12.7%     -   19s
     0     0  640.27860    0 1490  568.00000  640.27860  12.7%     -   19s
     0     0  640.27860    0 1490  568.00000  640.27860  12.7%     -   20s
H    0     0                     571.0000000  640.27860  12.1%     -   21s
H    0     0                     574.0000000  640.27860  11.5%     -   21s
H    0     0                     576.0000000  640.27860  11.2%     -   21s
     0     2  640.27828    0 1490  576.00000  640.27828  11.2%     -   21s
     7     9  625.88952    5 1405  576.00000  640.13698  11.1%  3081   25s
H   27    27                     581.0000000  640.13698  10.2%  1994   28s
    39    41  585.56771   27 1206  581.00000  640.13698  10.2%  1946   30s
H   52    52                     582.0000000  640.13698  10.0%  1633   30s
H   54    54                     583.0000000  640.13698  9.80%  1593   30s
H   81    67                     584.0000000  640.13698  9.61%  1264   31s
    93    75  627.61024    8 1412  584.00000  640.13676  9.61%  1381   35s
   101    83  621.26062   15 1380  584.00000  640.13676  9.61%  1389   41s
H  105    81                     585.0000000  640.13676  9.43%  1404   42s
   119    97  603.21326   27 1287  585.00000  640.13676  9.43%  1499   45s
H  162   128                     586.0000000  640.13676  9.24%  1382   49s
   167   129  633.49413    3 1446  586.00000  639.99129  9.21%  1408   51s
   179   141  610.09339   11 1327  586.00000  639.99129  9.21%  1494   55s
   205   157  637.55932    4 1458  586.00000  639.99123  9.21%  1497   60s
   220   172  616.69635   15 1348  586.00000  639.99123  9.21%  1560   65s
   262   214  591.78652   46 1215  586.00000  639.99123  9.21%  1517   70s
   292   232  629.92792   13 1415  586.00000  639.68907  9.16%  1494   75s
H  298   232                     587.0000000  639.68907  8.98%  1479   75s
   319   255  613.41371   33 1324  587.00000  639.68907  8.98%  1518   80s
   360   286  628.68580    5 1428  587.00000  639.59350  8.96%  1504   86s
   374   300  614.98645   15 1346  587.00000  639.59350  8.96%  1529   90s
H  379   293                     588.0000000  639.59350  8.77%  1530   91s
   392   308  611.27734   27 1308  588.00000  639.59350  8.77%  1555   95s
   455   353  589.46321   68 1185  588.00000  639.59350  8.77%  1460  100s
   469   359  631.91645   12 1440  588.00000  639.48187  8.76%  1481  105s
   504   386  589.90985   35 1200  588.00000  639.48187  8.76%  1479  110s
   537   397  620.00785   12 1370  588.00000  639.38738  8.74%  1466  115s
   565   425  608.08164   33 1293  588.00000  639.38738  8.74%  1471  120s
   585   444  590.97435   63 1490  588.00000  639.38738  8.74%  1445  133s
   588   446  606.38950   31 1491  588.00000  639.38738  8.74%  1437  142s
   590   447  590.98826   46 1489  588.00000  639.38738  8.74%  1433  145s
   593   449  615.53716   14 1493  588.00000  639.38738  8.74%  1425  151s
   594   450  617.12329   32 1491  588.00000  639.38738  8.74%  1423  159s
   596   451  592.60588   49 1492  588.00000  639.38738  8.74%  1418  167s
   597   452  628.06853   17 1490  588.00000  639.38738  8.74%  1416  173s
   599   453  610.08405   26 1488  588.00000  639.38738  8.74%  1411  179s
   600   454  621.13613   22 1487  588.00000  639.38738  8.74%  1409  186s
   601   455  623.94219   20 1488  588.00000  639.38738  8.74%  1406  193s
   602   455  630.68456    9 1488  588.00000  639.38738  8.74%  1404  200s
   603   456  620.00017   13 1491  588.00000  639.38738  8.74%  1402  207s
   604   457  616.10572   29 1490  588.00000  639.38738  8.74%  1399  215s
   605   457  603.48670   37 1489  588.00000  639.38738  8.74%  1397  222s
   606   458  592.67139   56 1491  588.00000  639.38738  8.74%  1395  228s
   608   459  610.57119   35 1491  588.00000  639.38738  8.74%  1390  240s
   616   467  638.41159   17 1471  588.00000  639.36494  8.74%  1485  245s
   628   475  637.46785   23 1474  588.00000  638.78980  8.64%  1501  250s
   644   485  634.28502   31 1448  588.00000  638.78980  8.64%  1519  255s
   659   495  633.90697   39 1453  588.00000  638.78980  8.64%  1530  260s
   669   502  632.94784   44 1441  588.00000  638.78980  8.64%  1554  265s
   684   512  612.38136   51 1350  588.00000  638.78980  8.64%  1579  271s
   692   517  625.48107   55 1395  588.00000  638.78980  8.64%  1600  275s
   704   525  620.70165   61 1382  588.00000  638.78980  8.64%  1623  280s
   714   532  628.12915   66 1402  588.00000  638.78980  8.64%  1647  285s
   727   541  628.10679   73 1407  588.00000  638.78980  8.64%  1661  290s
   744   552  610.47699   81 1346  588.00000  638.78980  8.64%  1670  296s
   754   559  619.96219   86 1373  588.00000  638.78980  8.64%  1685  300s
   771   570  621.41390   95 1379  588.00000  638.78980  8.64%  1691  305s
   793   585  619.18449  106 1358  588.00000  638.78980  8.64%  1690  310s
   814   599  615.65041  116 1342  588.00000  638.78980  8.64%  1696  315s
   838   615  608.54609  128 1310  588.00000  638.78980  8.64%  1695  320s
   859   629  611.57772  139 1315  588.00000  638.78980  8.64%  1696  325s
   884   645  605.38193  151 1274  588.00000  638.78980  8.64%  1697  330s
   912   664  598.82913  165 1259  588.00000  638.78980  8.64%  1696  335s
   946   687  593.64449  182 1224  588.00000  638.78980  8.64%  1688  340s
   980   707  593.07004  199 1211  588.00000  638.78980  8.64%  1682  345s
  1039   731  589.40000  229 1079  588.00000  638.78980  8.64%  1637  350s
  1097   741  633.78053   17 1445  588.00000  638.73582  8.63%  1584  355s
  1103   745  631.09013   20 1432  588.00000  638.73582  8.63%  1599  360s
  1111   751  633.47824   24 1444  588.00000  638.73582  8.63%  1611  365s
  1117   755  629.37597   27 1418  588.00000  638.73582  8.63%  1624  370s
  1126   761  635.86935   32 1453  588.00000  638.73582  8.63%  1639  375s
  1135   767  629.14245   36 1419  588.00000  638.73582  8.63%  1658  381s
  1141   771  630.21755   39 1424  588.00000  638.73582  8.63%  1669  385s
  1149   776  626.29756   43 1401  588.00000  638.73582  8.63%  1686  390s
  1157   781  627.75063   47 1411  588.00000  638.73582  8.63%  1699  395s
  1166   787  633.73569   52 1433  588.00000  638.73582  8.63%  1713  400s
  1177   795  626.68377   57 1401  588.00000  638.73582  8.63%  1731  405s
  1187   801  622.80902   62 1384  588.00000  638.73582  8.63%  1743  410s
  1197   808  625.99910   67 1389  588.00000  638.73582  8.63%  1758  415s
  1209   816  623.86669   73 1376  588.00000  638.73582  8.63%  1769  420s
  1219   823  623.00098   78 1370  588.00000  638.73582  8.63%  1782  425s
  1233   832  626.45181   85 1379  588.00000  638.73582  8.63%  1794  430s
  1249   843  624.88994   93 1357  588.00000  638.73582  8.63%  1803  435s
  1270   857  625.89538  104 1372  588.00000  638.73582  8.63%  1804  440s
  1293   872  622.72408  115 1353  588.00000  638.73582  8.63%  1804  445s
  1319   889  618.39415  128 1327  588.00000  638.73582  8.63%  1800  450s
  1353   912  615.24213  145 1290  588.00000  638.73582  8.63%  1789  455s
  1401   944  610.51685  169 1253  588.00000  638.73582  8.63%  1770  460s
  1493  1003  598.68734  215 1189  588.00000  638.73582  8.63%  1706  465s
  1575  1037  633.23821   17 1431  588.00000  638.53244  8.59%  1641  470s
  1583  1042  627.98620   21 1406  588.00000  638.53244  8.59%  1652  475s
  1589  1046  627.86314   24 1405  588.00000  638.53244  8.59%  1661  480s
  1597  1052  626.91733   28 1405  588.00000  638.53244  8.59%  1673  485s
  1605  1057  628.13063   32 1399  588.00000  638.53244  8.59%  1683  490s
  1613  1062  621.85744   36 1370  588.00000  638.53244  8.59%  1694  495s
  1621  1068  626.51762   40 1405  588.00000  638.53244  8.59%  1704  500s
  1631  1074  628.20929   45 1389  588.00000  638.53244  8.59%  1714  505s
  1642  1082  631.54112   51 1417  588.00000  638.53244  8.59%  1721  510s
  1653  1089  624.15164   56 1367  588.00000  638.53244  8.59%  1731  515s
  1667  1098  622.82995   63 1363  588.00000  638.53244  8.59%  1740  520s
  1683  1109  625.39332   71 1375  588.00000  638.53244  8.59%  1747  525s
  1701  1121  621.24029   80 1355  588.00000  638.53244  8.59%  1754  530s
  1719  1133  622.39155   89 1351  588.00000  638.53244  8.59%  1760  535s
  1740  1147  623.48889  100 1351  588.00000  638.53244  8.59%  1762  540s
  1763  1162  619.02855  111 1321  588.00000  638.53244  8.59%  1763  545s
  1795  1184  614.97885  127 1293  588.00000  638.53244  8.59%  1756  550s
  1833  1209  607.69674  146 1263  588.00000  638.53244  8.59%  1744  555s
  1890  1247  604.70477  175 1219  588.00000  638.53244  8.59%  1715  560s
  1985  1310  589.81700  222 1061  588.00000  638.53244  8.59%  1651  566s
  2008  1313  629.83198   21 1422  588.00000  638.53188  8.59%  1644  570s
  2016  1321  630.49489   25 1420  588.00000  638.53188  8.59%  1653  575s
  2022  1327  628.83468   28 1414  588.00000  638.53188  8.59%  1660  580s
  2032  1337  628.94399   33 1413  588.00000  638.53188  8.59%  1669  585s
  2039  1344  634.22280   37 1442  588.00000  638.53188  8.59%  1676  590s
  2047  1352  633.89848   41 1433  588.00000  638.53188  8.59%  1685  595s
  2056  1361  621.39365   45 1375  588.00000  638.53188  8.59%  1695  600s
  2068  1373  622.72207   51 1380  588.00000  638.53188  8.59%  1703  606s
  2078  1383  628.56139   56 1392  588.00000  638.53188  8.59%  1710  610s
  2090  1395  627.08622   62 1390  588.00000  638.53188  8.59%  1716  615s
  2102  1407  625.40148   68 1379  588.00000  638.53188  8.59%  1723  620s
  2114  1419  621.03322   74 1353  588.00000  638.53188  8.59%  1731  625s
  2128  1433  624.61391   81 1357  588.00000  638.53188  8.59%  1738  630s
  2144  1449  619.78785   89 1334  588.00000  638.53188  8.59%  1742  635s
  2158  1463  620.46072   96 1353  588.00000  638.53188  8.59%  1746  640s
  2174  1479  618.28525  104 1333  588.00000  638.53188  8.59%  1748  645s
  2196  1501  617.47410  115 1337  588.00000  638.53188  8.59%  1747  650s
  2214  1519  612.13492  124 1306  588.00000  638.53188  8.59%  1747  655s
  2230  1535  614.27215  132 1311  588.00000  638.53188  8.59%  1745  660s
  2255  1560  613.22868  145 1312  588.00000  638.53188  8.59%  1737  667s
  2272  1577  609.70246  153 1290  588.00000  638.53188  8.59%  1734  670s
  2284  1589  607.78603  159 1276  588.00000  638.53188  8.59%  1732  675s
  2309  1614  606.42427  172 1271  588.00000  638.53188  8.59%  1722  680s
  2326  1631  602.34786  180 1250  588.00000  638.53188  8.59%  1714  685s
  2352  1657  599.92073  193 1239  588.00000  638.53188  8.59%  1702  691s
  2378  1681  593.59087  206 1151  588.00000  638.53188  8.59%  1689  695s
  2404  1705  593.01329  219 1123  588.00000  638.53188  8.59%  1675  700s
  2446  1730  638.28038   19 1471  588.00000  638.41154  8.57%  1650  706s
  2452  1736  629.16125   22 1419  588.00000  638.41154  8.57%  1656  711s
  2458  1742  627.70482   25 1423  588.00000  638.41154  8.57%  1663  717s
  2462  1746  631.61940   27 1436  588.00000  638.41154  8.57%  1667  720s
  2469  1753  636.52839   31 1457  588.00000  638.41154  8.57%  1672  725s
  2476  1760  628.40217   34 1417  588.00000  638.41154  8.57%  1679  730s
  2483  1767  635.57794   38 1448  588.00000  638.41154  8.57%  1685  735s
  2492  1776  622.45023   42 1385  588.00000  638.41154  8.57%  1695  741s
  2500  1784  625.04807   46 1398  588.00000  638.41154  8.57%  1701  746s
  2506  1790  631.60076   49 1412  588.00000  638.41154  8.57%  1705  750s
  2518  1802  624.32184   55 1383  588.00000  638.41154  8.57%  1713  755s
  2526  1810  628.66534   59 1408  588.00000  638.41154  8.57%  1718  760s
  2536  1820  627.30517   64 1396  588.00000  638.41154  8.57%  1724  765s
  2548  1832  626.98134   70 1394  588.00000  638.41154  8.57%  1730  770s
  2554  1838  627.19982   73 1392  588.00000  638.41154  8.57%  1732  780s
  2569  1853  628.63829   81 1405  588.00000  638.41154  8.57%  1736  785s
  2584  1868  622.49586   88 1353  588.00000  638.41154  8.57%  1743  790s
  2602  1886  621.20155   97 1350  588.00000  638.41154  8.57%  1746  795s
  2620  1904  618.51100  106 1346  588.00000  638.41154  8.57%  1747  802s
  2633  1917  622.68409  113 1363  588.00000  638.41154  8.57%  1748  807s
  2642  1926  610.21646  117 1285  588.00000  638.41154  8.57%  1750  810s
  2674  1958  613.87264  133 1322  588.00000  638.41154  8.57%  1749  815s
  2716  2000  611.90943  154 1312  588.00000  638.41154  8.57%  1744  820s
  2778  2062  604.71612  185 1261  588.00000  638.41154  8.57%  1727  825s
  2911  2173  637.39907   18 1462  588.00000  638.41038  8.57%  1671  830s
  2917  2179  631.36292   21 1430  588.00000  638.41038  8.57%  1677  835s
  2925  2187  629.87263   25 1423  588.00000  638.41038  8.57%  1683  840s
  2931  2193  630.02771   28 1423  588.00000  638.41038  8.57%  1687  845s
  2939  2201  625.60541   32 1398  588.00000  638.41038  8.57%  1693  850s
  2944  2206  635.25056   35 1442  588.00000  638.41038  8.57%  1696  863s
  2946  2208  635.18479   36 1439  588.00000  638.41038  8.57%  1697  865s
  2953  2215  622.55186   39 1370  588.00000  638.41038  8.57%  1704  870s
  2963  2225  621.09029   44 1377  588.00000  638.41038  8.57%  1710  875s
  2967  2229  626.98461   46 1382  588.00000  638.41038  8.57%  1712  888s
  2970  2232  633.62376   48 1426  588.00000  638.41038  8.57%  1713  890s
  2979  2241  627.32902   52 1395  588.00000  638.41038  8.57%  1720  895s
  2990  2252  632.58146   58 1412  588.00000  638.41038  8.57%  1725  900s
  3000  2262  631.32062   63 1413  588.00000  638.41038  8.57%  1729  905s
  3006  2268  630.87187   66 1405  588.00000  638.41038  8.57%  1730  911s
  3014  2276  630.18248   70 1404  588.00000  638.41038  8.57%  1734  915s
  3031  2293  624.79219   78 1374  588.00000  638.41038  8.57%  1739  920s
  3047  2309  625.42842   86 1369  588.00000  638.41038  8.57%  1743  925s
  3069  2331  623.13968   97 1365  588.00000  638.41038  8.57%  1745  930s
  3093  2355  620.11165  109 1335  588.00000  638.41038  8.57%  1747  935s
  3121  2383  604.43822  123 1228  588.00000  638.41038  8.57%  1747  940s
  3160  2422  614.48496  143 1318  588.00000  638.41038  8.57%  1742  945s
  3219  2481  605.45663  172 1251  588.00000  638.41038  8.57%  1729  950s
  3355  2592  637.81583   18 1473  588.00000  637.87996  8.48%  1679  955s
  3363  2600  629.76236   22 1432  588.00000  637.87996  8.48%  1685  960s
  3369  2606  630.30953   25 1426  588.00000  637.87996  8.48%  1689  965s
  3377  2614  629.38202   29 1419  588.00000  637.87996  8.48%  1695  970s
  3385  2622  628.02613   33 1412  588.00000  637.87996  8.48%  1700  975s
  3393  2630  624.50200   37 1400  588.00000  637.87996  8.48%  1706  980s
  3401  2638  629.06577   41 1400  588.00000  637.87996  8.48%  1711  985s
  3409  2646  621.76266   45 1379  588.00000  637.87996  8.48%  1716  990s
  3419  2656  626.44883   50 1380  588.00000  637.87996  8.48%  1722  995s
  3431  2668  627.23464   56 1396  588.00000  637.87996  8.48%  1727 1000s
  3445  2682  624.69019   63 1375  588.00000  637.87996  8.48%  1732 1005s
  3455  2692  622.17045   68 1363  588.00000  637.87996  8.48%  1736 1011s
  3463  2700  628.21808   72 1392  588.00000  637.87996  8.48%  1739 1015s
  3476  2713  629.10075   79 1400  588.00000  637.87996  8.48%  1743 1020s
  3491  2728  623.69737   86 1376  588.00000  637.87996  8.48%  1747 1025s
  3509  2746  619.50901   95 1340  588.00000  637.87996  8.48%  1748 1030s
  3529  2766  618.67069  105 1355  588.00000  637.87996  8.48%  1750 1035s
  3549  2786  620.30090  115 1353  588.00000  637.87996  8.48%  1752 1040s
  3577  2814  615.96766  129 1334  588.00000  637.87996  8.48%  1751 1045s
  3597  2834  614.51349  139 1297  588.00000  637.87996  8.48%  1749 1050s
  3642  2879  610.01792  162 1290  588.00000  637.87996  8.48%  1743 1055s
  3707  2944  593.19569  194 1233  588.00000  637.87996  8.48%  1730 1060s
  3832  3027  630.64299   24 1424  588.00000  637.87993  8.48%  1688 1065s
  3838  3033  629.60658   27 1422  588.00000  637.87993  8.48%  1692 1070s
  3846  3041  630.99457   31 1423  588.00000  637.87993  8.48%  1697 1075s
  3853  3048  635.78636   35 1447  588.00000  637.87993  8.48%  1700 1081s
  3858  3053  628.53499   37 1406  588.00000  637.87993  8.48%  1704 1085s
  3866  3061  628.63318   41 1409  588.00000  637.87993  8.48%  1709 1090s
  3874  3069  627.73899   45 1396  588.00000  637.87993  8.48%  1713 1095s
  3882  3077  629.11768   49 1412  588.00000  637.87993  8.48%  1717 1100s
  3896  3091  626.30963   56 1403  588.00000  637.87993  8.48%  1723 1105s
  3909  3104  631.43569   63 1417  588.00000  637.87993  8.48%  1727 1110s
  3914  3109  627.56181   65 1397  588.00000  637.87993  8.48%  1729 1115s
  3926  3121  626.86104   71 1393  588.00000  637.87993  8.48%  1732 1120s
  3938  3133  624.15331   77 1372  588.00000  637.87993  8.48%  1736 1125s
  3954  3149  624.12491   85 1375  588.00000  637.87993  8.48%  1741 1130s
  3976  3171  623.00160   96 1361  588.00000  637.87993  8.48%  1744 1135s
  3994  3189  619.92109  105 1353  588.00000  637.87993  8.48%  1747 1140s
  4008  3203  621.29720  112 1350  588.00000  637.87993  8.48%  1747 1147s
  4022  3217  617.44060  119 1319  588.00000  637.87993  8.48%  1747 1150s
  4052  3247  616.06430  134 1319  588.00000  637.87993  8.48%  1746 1155s
  4096  3291  607.19845  156 1280  588.00000  637.87993  8.48%  1741 1160s
  4160  3355  595.69047  188 1200  588.00000  637.87993  8.48%  1729 1165s
  4287  3460  636.33114   27 1463  588.00000  637.83507  8.48%  1691 1170s
  4312  3485  633.36845   52 1431  588.00000  637.83507  8.48%  1685 1175s
  4367  3540  624.17264  107 1362  588.00000  637.83507  8.48%  1672 1180s
  4412  3585  616.92417  139 1328  588.00000  637.83507  8.48%  1666 1185s
  4461  3634  608.17029  164 1259  588.00000  637.83507  8.48%  1660 1190s
  4529  3702  602.95625  190 1245  588.00000  637.83507  8.48%  1645 1197s
  4585  3758  599.88650  202 1235  588.00000  637.83507  8.48%  1631 1200s
  4795  3966  589.46586  243 1041  588.00000  637.83507  8.48%  1574 1205s
  4844  3999  634.17880   42 1436  588.00000  637.83089  8.47%  1563 1210s
  4892  4047  625.63590   90 1382  588.00000  637.83089  8.47%  1556 1215s
  4912  4067  622.35558  104 1367  588.00000  637.83089  8.47%  1556 1220s
  4956  4111  614.73781  133 1323  588.00000  637.83089  8.47%  1551 1225s
  5003  4158  608.61767  161 1291  588.00000  637.83089  8.47%  1546 1230s
  5059  4214  602.37977  185 1261  588.00000  637.83089  8.47%  1537 1235s
  5215  4368  593.16237  218 1112  588.00000  637.83089  8.47%  1503 1240s
  5346  4473  633.16337   29 1436  588.00000  637.66460  8.45%  1474 1245s
  5398  4525  624.85116   80 1377  588.00000  637.66460  8.45%  1467 1250s
  5450  4577  614.97493  118 1315  588.00000  637.66460  8.45%  1462 1255s
  5490  4617  609.90495  145 1283  588.00000  637.66460  8.45%  1457 1261s
  5556  4683  601.23995  178 1228  588.00000  637.66460  8.45%  1448 1265s
  5723  4850  590.12417  219 1093  588.00000  637.66460  8.45%  1418 1270s
  5836  4925  632.14575   56 1423  588.00000  637.66287  8.45%  1399 1275s
  5883  4972  622.16950   95 1364  588.00000  637.66287  8.45%  1396 1280s
  5911  5000  618.79391  112 1347  588.00000  637.66287  8.45%  1397 1285s
  5962  5051  611.32038  145 1311  588.00000  637.66287  8.45%  1394 1290s
  6012  5101  605.39249  173 1277  588.00000  637.66287  8.45%  1390 1295s
  6115  5204  597.15151  200 1188  588.00000  637.66287  8.45%  1377 1300s
  6277  5339  635.57024   24 1453  588.00000  637.66220  8.45%  1350 1305s
  6321  5383  629.19757   68 1400  588.00000  637.66220  8.45%  1346 1310s
  6345  5407  624.84351   92 1371  588.00000  637.66220  8.45%  1343 1315s
  6384  5446  617.51097  117 1324  588.00000  637.66220  8.45%  1342 1320s
  6406  5468  613.74000  131 1294  588.00000  637.66220  8.45%  1341 1329s
  6413  5475  612.64265  134 1307  588.00000  637.66220  8.45%  1341 1330s
  6495  5557  602.57247  175 1229  588.00000  637.66220  8.45%  1334 1335s
  6668  5730  591.56448  220 1157  588.00000  637.66220  8.45%  1310 1340s
  6756  5798  632.90095   54 1421  588.00000  637.66108  8.45%  1299 1345s
  6798  5840  625.44709   94 1379  588.00000  637.66108  8.45%  1296 1350s
  6835  5877  618.31423  118 1336  588.00000  637.66108  8.45%  1296 1355s
  6887  5929  610.83238  156 1303  588.00000  637.66108  8.45%  1292 1365s
  6991  6033  599.47358  204 1181  588.00000  637.66108  8.45%  1282 1370s
  7180  6196  636.70464   23 1466  588.00000  637.48769  8.42%  1255 1375s
  7220  6236  630.83316   63 1416  588.00000  637.48769  8.42%  1253 1380s
  7269  6285  622.39532  109 1360  588.00000  637.48769  8.42%  1251 1385s
  7308  6324  615.24177  133 1327  588.00000  637.48769  8.42%  1250 1390s
  7375  6391  606.28808  176 1291  588.00000  637.48769  8.42%  1246 1395s
  7481  6497  598.56069  199 1229  588.00000  637.48769  8.42%  1237 1400s
  7639  6640  635.48517   21 1447  588.00000  637.48678  8.42%  1218 1405s
  7686  6687  629.08617   68 1395  588.00000  637.48678  8.42%  1215 1410s
  7734  6735  617.82760  108 1324  588.00000  637.48678  8.42%  1213 1415s
  7767  6768  614.34151  131 1296  588.00000  637.48678  8.42%  1214 1420s
  7856  6857  602.35909  173 1226  588.00000  637.48678  8.42%  1209 1425s
  8073  7039  636.35432   20 1461  588.00000  637.47237  8.41%  1183 1430s
  8100  7066  610.46016   47 1308  588.00000  637.47237  8.41%  1183 1435s
  8135  7094  627.34709   39 1400  588.00000  637.46768  8.41%  1183 1440s
  8209  7168  612.68415  113 1327  588.00000  637.46768  8.41%  1177 1445s
  8308  7249  630.16224   25 1434  588.00000  637.46646  8.41%  1169 1450s
  8314  7255  630.66966   28 1436  588.00000  637.46646  8.41%  1171 1455s
  8322  7263  626.72450   32 1414  588.00000  637.46646  8.41%  1174 1461s
  8328  7269  629.70985   35 1428  588.00000  637.46646  8.41%  1176 1465s
  8336  7277  623.99745   39 1406  588.00000  637.46646  8.41%  1179 1471s
  8342  7283  623.56632   42 1396  588.00000  637.46646  8.41%  1182 1475s
  8349  7290  634.21321   46 1449  588.00000  637.46646  8.41%  1184 1480s
  8358  7299  622.00724   50 1383  588.00000  637.46646  8.41%  1187 1485s
  8366  7307  623.83835   54 1391  588.00000  637.46646  8.41%  1189 1490s
  8376  7317  625.41808   59 1393  588.00000  637.46646  8.41%  1192 1495s
  8386  7327  626.31845   64 1400  588.00000  637.46646  8.41%  1194 1500s
  8398  7339  625.38564   70 1393  588.00000  637.46646  8.41%  1197 1505s
  8409  7350  629.24797   76 1414  588.00000  637.46646  8.41%  1199 1510s
  8422  7363  618.35483   82 1362  588.00000  637.46646  8.41%  1202 1515s
  8436  7377  623.75939   89 1386  588.00000  637.46646  8.41%  1205 1520s
  8452  7393  620.62994   97 1371  588.00000  637.46646  8.41%  1207 1525s
  8468  7409  622.10851  105 1377  588.00000  637.46646  8.41%  1210 1530s
  8488  7429  618.72339  115 1345  588.00000  637.46646  8.41%  1212 1535s
  8513  7454  618.56730  128 1360  588.00000  637.46646  8.41%  1214 1540s
  8548  7489  609.27290  145 1316  588.00000  637.46646  8.41%  1215 1545s
  8584  7525  608.17126  163 1286  588.00000  637.46646  8.41%  1216 1550s
  8652  7593  600.00621  197 1221  588.00000  637.46646  8.41%  1214 1555s
  8749  7676  635.16846   24 1460  588.00000  637.28475  8.38%  1207 1560s
  8787  7714  630.12185   62 1407  588.00000  637.28475  8.38%  1205 1565s
  8846  7773  617.07366  121 1336  588.00000  637.28475  8.38%  1202 1570s
  8973  7876  630.99281   18 1440  588.00000  637.25692  8.38%  1191 1576s
  8994  7897  624.87440   39 1381  588.00000  637.25692  8.38%  1190 1580s
  9018  7921  619.94045   63 1364  588.00000  637.25692  8.38%  1189 1585s
  9112  8005  636.04650   26 1458  588.00000  637.25594  8.38%  1182 1590s
  9155  8048  629.35285   69 1400  588.00000  637.25594  8.38%  1180 1595s
  9203  8096  621.00599  112 1345  588.00000  637.25594  8.38%  1178 1600s
  9258  8151  609.52216  152 1286  588.00000  637.25594  8.38%  1176 1605s
  9344  8237  602.26622  181 1227  588.00000  637.25594  8.38%  1172 1610s
  9520  8399  636.77165   26 1463  588.00000  637.19177  8.37%  1157 1615s
  9548  8427  618.18896   54 1355  588.00000  637.19177  8.37%  1157 1620s
  9631  8500  631.14052   23 1431  588.00000  637.15244  8.36%  1152 1625s
  9678  8547  622.94226   70 1379  588.00000  637.15244  8.36%  1150 1630s
  9784  8653  597.17286  176 1227  588.00000  637.15244  8.36%  1143 1635s
  9830  8685  603.58084   30 1284  588.00000  637.14594  8.36%  1142 1640s
  9875  8722  636.04151   24 1458  588.00000  637.14591  8.36%  1141 1645s
  9888  8735  611.95027   28 1336  588.00000  637.14591  8.36%  1143 1650s
  9933  8756  635.21098   24 1446  588.00000  637.12351  8.35%  1143 1655s
  9965  8788  617.80681   56 1347  588.00000  637.12351  8.35%  1142 1660s
 10020  8833  630.57454   19 1439  588.00000  637.03940  8.34%  1140 1674s
 10028  8841  629.27482   27 1426  588.00000  637.03940  8.34%  1140 1675s
 10101  8914  605.44759  100 1255  588.00000  637.03940  8.34%  1137 1680s
 10169  8970  621.56344   36 1359  588.00000  637.02746  8.34%  1133 1685s
 10203  9001  616.70250  124 1490  588.00000  637.02746  8.34%  1132 2293s
 10206  9003  594.11538  209 1485  588.00000  637.02746  8.34%  1132 2301s
 10208  9004  608.83715  159 1482  588.00000  633.79273  7.79%  1132 2305s
 10213  9008  604.77474  172 1489  588.00000  633.51951  7.74%  1131 2318s
 10214  9008  633.23972   53 1488  588.00000  633.48270  7.74%  1131 2331s
 10216  9010  591.28816  220 1491  588.00000  633.46991  7.73%  1131 2346s
 10217  9010  622.07794   99 1490  588.00000  633.18374  7.68%  1131 2360s
 10221  9013  599.91324  189 1490  588.00000  633.00607  7.65%  1130 2375s
 10222  9014  598.11791  197 1489  588.00000  632.68367  7.60%  1130 2389s
 10223  9014  614.50693  135 1488  588.00000  632.58780  7.58%  1130 2390s
 10226  9016  592.35266  220 1491  588.00000  632.55849  7.58%  1130 2405s
 10227  9017  613.15088  144 1488  588.00000  632.35268  7.54%  1130 2418s
 10231  9020  594.38000  227 1492  588.00000  632.28600  7.53%  1129 2434s
 10232  9020  611.81488  148 1492  588.00000  632.03698  7.49%  1129 2447s
 10235  9022  630.22564   61 1491  588.00000  631.96971  7.48%  1129 2462s
 10236  9023  598.34227  191 1493  588.00000  631.73479  7.44%  1129 2477s
 10239  9025  595.35470  207 1493  588.00000  631.65275  7.42%  1128 2493s
 10240  9026  618.39415  129 1491  588.00000  631.56043  7.41%  1128 2508s
 10242  9027  615.63371  117 1492  588.00000  631.52254  7.40%  1128 2523s
 10243  9028  600.92103  192 1491  588.00000  631.43273  7.39%  1128 2538s
 10246  9030  610.46825   82 1494  588.00000  631.38684  7.38%  1127 2554s
 10247  9030  600.72152  192 1487  588.00000  631.32519  7.37%  1127 2566s
 10250  9032  631.29037   44 1493  588.00000  631.29037  7.36%  1127 2583s
 10251  9033  605.59951  183 1489  588.00000  631.18740  7.34%  1127 2596s
 10253  9034  601.96330  180 1492  588.00000  631.17142  7.34%  1127 2609s
 10254  9035  597.12176  212 1489  588.00000  631.12395  7.33%  1127 2623s
 10256  9036  600.89773  198 1490  588.00000  631.11534  7.33%  1126 2639s
 10257  9037  624.07117   96 1488  588.00000  631.08444  7.33%  1126 2653s
 10260  9039  599.38702  196 1491  588.00000  631.06822  7.32%  1126 2669s
 10261  9040  631.00952   29 1488  588.00000  631.05078  7.32%  1126 2687s
 10262  9040  590.32394  246 1489  588.00000  631.04730  7.32%  1126 2703s
 10263  9041  597.12012  207 1490  588.00000  631.02805  7.32%  1126 2719s
 10265  9042  622.94096   71 1492  588.00000  631.01494  7.32%  1125 2733s
 10266  9043  619.33620   69 1492  588.00000  631.01223  7.32%  1125 2750s
 10267  9044  595.00879   51 1492  588.00000  631.01138  7.31%  1125 2767s
 10268  9044  594.91007  193 1491  588.00000  630.98758  7.31%  1125 2781s
 10271  9046  597.89660  198 1493  588.00000  630.96813  7.31%  1125 2798s
 10272  9047  630.96646   53 1492  588.00000  630.96646  7.31%  1125 2816s
 10273  9048  610.65734  150 1493  588.00000  630.96620  7.31%  1124 2833s
 10274  9048  611.85446  128 1492  588.00000  630.93870  7.30%  1124 2850s
 10276  9050  602.15885  159 1494  588.00000  630.92108  7.30%  1124 2867s
 10277  9050  603.92099  141 1493  588.00000  630.91416  7.30%  1124 2884s
 10278  9051  598.93533  196 1495  588.00000  630.91247  7.30%  1124 2901s
 10279  9052  605.16580  103 1492  588.00000  630.89244  7.29%  1124 2916s
 10281  9053  625.41550   92 1493  588.00000  630.88304  7.29%  1124 2933s
 10282  9054  595.40401  204 1490  588.00000  630.87438  7.29%  1123 2949s
 10283  9054  604.11137  140 1493  588.00000  630.87046  7.29%  1123 2967s
 10284  9055  590.22917  144 1493  588.00000  630.85406  7.29%  1123 2983s
 10286  9056  628.17066   34 1494  588.00000  630.84438  7.29%  1123 3000s
 10287  9057  593.55100  214 1493  588.00000  630.84384  7.29%  1123 3016s
 10288  9058  599.64695  197 1494  588.00000  630.84373  7.29%  1123 3032s
 10289  9058  595.62168  197 1493  588.00000  630.84367  7.29%  1123 3049s
 10290  9059  625.41284   79 1493  588.00000  630.84364  7.29%  1123 3065s
 10291  9060  621.64343   96 1493  588.00000  630.84362  7.29%  1122 3081s
 10292  9060  622.15205  101 1493  588.00000  630.84361  7.29%  1122 3098s
 10293  9061  623.64619   94 1493  588.00000  630.84361  7.29%  1122 3133s
 10294  9062  630.18400   22 1493  588.00000  630.84350  7.29%  1122 3150s
 10295  9062  598.57558  186 1493  588.00000  630.84336  7.29%  1122 3167s
 10296  9063  591.54169  238 1493  588.00000  630.84321  7.29%  1122 3184s
 10297  9064  607.25946  162 1494  588.00000  630.84318  7.29%  1122 3204s
 10298  9064  628.53210   58 1494  588.00000  630.84317  7.29%  1122 3222s
 10299  9065  595.37034  218 1494  588.00000  630.84317  7.29%  1122 3239s
 10300  9066  608.26237  166 1494  588.00000  630.83307  7.28%  1122 3275s
 10301  9066  626.40698   75 1494  588.00000  630.83307  7.28%  1121 3293s
 10302  9067  623.09995  104 1494  588.00000  630.83307  7.28%  1121 3306s
 10307  9072  630.08969   29 1488  588.00000  630.31883  7.20%  1131 3310s
 10314  9077  627.80050   32 1467  588.00000  630.16912  7.17%  1132 3316s
 10319  9080  628.64721   35 1480  588.00000  630.16912  7.17%  1133 3320s
 10328  9086  625.19570   39 1452  588.00000  630.16912  7.17%  1134 3326s
 10334  9090  625.36277   42 1455  588.00000  630.16912  7.17%  1135 3330s
 10343  9096  626.04982   47 1456  588.00000  630.16912  7.17%  1137 3335s
 10354  9104  622.69529   52 1425  588.00000  630.16912  7.17%  1138 3340s
 10364  9110  622.67611   57 1427  588.00000  630.16912  7.17%  1139 3345s
 10378  9120  619.81979   64 1409  588.00000  630.16912  7.17%  1140 3350s
 10390  9128  617.60330   70 1404  588.00000  630.16912  7.17%  1141 3355s
 10403  9136  617.14657   77 1410  588.00000  630.16912  7.17%  1142 3360s
 10416  9145  615.05338   83 1399  588.00000  630.16912  7.17%  1144 3365s
 10430  9154  611.48046   90 1378  588.00000  630.16912  7.17%  1145 3370s
 10443  9163  611.03647   97 1382  588.00000  630.16912  7.17%  1146 3375s
 10456  9172  607.99542  103 1370  588.00000  630.16912  7.17%  1147 3380s
 10471  9182  606.77784  111 1361  588.00000  630.16912  7.17%  1148 3385s
 10487  9192  604.45247  119 1351  588.00000  630.16912  7.17%  1149 3390s
 10504  9204  599.93589  127 1328  588.00000  630.16912  7.17%  1150 3395s
 10522  9216  596.42180  136 1312  588.00000  630.16912  7.17%  1152 3400s
 10538  9226  594.72209  144 1305  588.00000  630.16912  7.17%  1153 3405s
 10554  9237  593.80839  152 1296  588.00000  630.16912  7.17%  1155 3410s
 10574  9244  591.56223  162 1284  588.00000  630.16912  7.17%  1156 3415s
 10604  9244     cutoff  177       588.00000  630.16912  7.17%  1156 3420s
 10631  9238  622.27467   30 1419  588.00000  630.15471  7.17%  1156 3426s
 10635  9241  619.85676   32 1413  588.00000  630.15471  7.17%  1157 3430s
 10641  9245  625.40886   35 1439  588.00000  630.15471  7.17%  1159 3435s
 10647  9249  620.91701   38 1413  588.00000  630.15471  7.17%  1161 3440s
 10653  9253  621.08772   41 1414  588.00000  630.15471  7.17%  1162 3445s
 10659  9257  621.31390   44 1411  588.00000  630.15471  7.17%  1164 3450s
 10667  9262  623.50004   48 1421  588.00000  630.15471  7.17%  1166 3456s
 10673  9266  620.24857   51 1404  588.00000  630.15471  7.17%  1167 3460s
 10681  9272  618.78383   55 1387  588.00000  630.15471  7.17%  1169 3466s
 10689  9277  622.50768   59 1413  588.00000  630.15471  7.17%  1170 3470s
 10697  9282  617.07295   63 1392  588.00000  630.15471  7.17%  1172 3475s
 10705  9288  611.99636   67 1361  588.00000  630.15471  7.17%  1174 3480s
 10713  9293  621.43562   71 1404  588.00000  630.15471  7.17%  1176 3485s
 10723  9300  619.55096   76 1393  588.00000  630.15471  7.17%  1177 3490s
 10733  9306  616.02370   81 1383  588.00000  630.15471  7.17%  1179 3495s
 10743  9313  617.41124   86 1384  588.00000  630.15471  7.17%  1181 3500s
 10752  9319  619.79282   91 1391  588.00000  630.15471  7.17%  1182 3505s
 10767  9329  614.70179   98 1371  588.00000  630.15471  7.17%  1184 3510s
 10781  9338  614.73591  105 1365  588.00000  630.15471  7.17%  1185 3515s
 10795  9348  611.51617  112 1344  588.00000  630.15471  7.17%  1187 3520s
 10811  9358  612.01897  120 1343  588.00000  630.15471  7.17%  1188 3525s
 10828  9370  613.73524  129 1344  588.00000  630.15471  7.17%  1190 3530s
 10849  9384  610.40256  139 1319  588.00000  630.15471  7.17%  1191 3535s
 10871  9398  608.53110  150 1319  588.00000  630.15471  7.17%  1192 3540s
 10901  9418  603.36856  165 1288  588.00000  630.15471  7.17%  1192 3545s
 10941  9445  597.34367  185 1247  588.00000  630.15471  7.17%  1191 3550s
 11010  9461  629.78651   28 1475  588.00000  629.78651  7.11%  1187 3555s
 11014  9464  620.34196   30 1422  588.00000  629.59198  7.07%  1189 3560s
 11020  9468  619.04392   33 1414  588.00000  629.59198  7.07%  1191 3566s
 11024  9470  625.12104   35 1445  588.00000  629.59198  7.07%  1192 3570s
 11029  9474  628.69452   38 1466  588.00000  629.59198  7.07%  1194 3575s
 11034  9477  622.57918   40 1427  588.00000  629.59198  7.07%  1195 3580s
 11040  9481  617.27345   43 1390  588.00000  629.59198  7.07%  1197 3586s
 11046  9485  625.14273   46 1435  588.00000  629.59198  7.07%  1199 3590s
 11052  9489  623.03581   49 1424  588.00000  629.59198  7.07%  1200 3595s

Cutting planes:
  Gomory: 3
  Flow cover: 58
  Zero half: 724
  RLT: 172
  Relax-and-lift: 1
  BQP: 41

Explored 11058 nodes (13403326 simplex iterations) in 3600.00 seconds (4414.57 work units)
Thread count was 1 (of 24 available processors)

Solution count 10: 588 587 586 ... 574

Time limit reached
Best objective 5.880000000000e+02, best bound 6.290000000000e+02, gap 6.9728%

User-callback calls 158414, time in user-callback 1.11 sec
