
Gurobi 11.0.3 (linux64) logging started Thu Mar  5 15:04:10 2026

Set parameter LogFile to value "./log/train/IS_1500_6/IS_21.lp.log"
Set parameter TimeLimit to value 3600
Gurobi Optimizer version 11.0.3 build v11.0.3rc0 (linux64 - "Ubuntu 22.04.5 LTS")

CPU model: AMD Ryzen 9 9900X 12-Core Processor, instruction set [SSE2|AVX|AVX2|AVX512]
Thread count: 12 physical cores, 24 logical processors, using up to 2 threads

Optimize a model with 9205 rows, 1500 columns and 18130 nonzeros
Model fingerprint: 0x72542eb7
Variable types: 0 continuous, 1500 integer (1500 binary)
Coefficient statistics:
  Matrix range     [1e+00, 1e+00]
  Objective range  [1e+00, 1e+00]
  Bounds range     [1e+00, 1e+00]
  RHS range        [1e+00, 1e+00]
Found heuristic solution: objective 325.0000000
Presolve removed 1771 rows and 0 columns
Presolve time: 0.03s
Presolved: 7434 rows, 1500 columns, 16199 nonzeros
Variable types: 0 continuous, 1500 integer (1500 binary)

Root relaxation: objective 6.845000e+02, 4493 iterations, 0.19 seconds (0.32 work units)

    Nodes    |    Current Node    |     Objective Bounds      |     Work
 Expl Unexpl |  Obj  Depth IntInf | Incumbent    BestBd   Gap | It/Node Time

     0     0  684.50000    0 1345  325.00000  684.50000   111%     -    0s
H    0     0                     527.0000000  684.50000  29.9%     -    0s
H    0     0                     532.0000000  684.50000  28.7%     -    0s
     0     0  672.04020    0 1470  532.00000  672.04020  26.3%     -    1s
     0     0  671.89406    0 1466  532.00000  671.89406  26.3%     -    1s
     0     0  671.89319    0 1462  532.00000  671.89319  26.3%     -    1s
     0     0  663.69774    0 1484  532.00000  663.69774  24.8%     -    1s
H    0     0                     556.0000000  663.69774  19.4%     -    1s
     0     0  663.29210    0 1478  556.00000  663.29210  19.3%     -    1s
     0     0  663.27690    0 1480  556.00000  663.27690  19.3%     -    1s
     0     0  663.27354    0 1479  556.00000  663.27354  19.3%     -    1s
     0     0  658.03117    0 1482  556.00000  658.03117  18.4%     -    2s
H    0     0                     561.0000000  658.03117  17.3%     -    2s
H    0     0                     565.0000000  658.03117  16.5%     -    2s
     0     0  657.73417    0 1479  565.00000  657.73417  16.4%     -    2s
     0     0  657.71312    0 1479  565.00000  657.71312  16.4%     -    2s
     0     0  657.70504    0 1481  565.00000  657.70504  16.4%     -    2s
     0     0  657.70449    0 1481  565.00000  657.70449  16.4%     -    2s
     0     0  655.08998    0 1481  565.00000  655.08998  15.9%     -    3s
     0     0  654.77436    0 1477  565.00000  654.77436  15.9%     -    3s
     0     0  654.74026    0 1480  565.00000  654.74026  15.9%     -    3s
     0     0  654.72881    0 1480  565.00000  654.72881  15.9%     -    3s
     0     0  654.72371    0 1481  565.00000  654.72371  15.9%     -    3s
     0     0  651.47653    0 1480  565.00000  651.47653  15.3%     -    4s
     0     0  651.22134    0 1481  565.00000  651.22134  15.3%     -    4s
     0     0  651.18448    0 1480  565.00000  651.18448  15.3%     -    4s
     0     0  651.17409    0 1484  565.00000  651.17409  15.3%     -    4s
     0     0  651.17308    0 1484  565.00000  651.17308  15.3%     -    4s
     0     0  649.57279    0 1482  565.00000  649.57279  15.0%     -    4s
     0     0  649.40002    0 1480  565.00000  649.40002  14.9%     -    5s
     0     0  649.35974    0 1482  565.00000  649.35974  14.9%     -    5s
     0     0  649.35612    0 1483  565.00000  649.35612  14.9%     -    5s
     0     0  648.15485    0 1482  565.00000  648.15485  14.7%     -    5s
     0     0  647.93046    0 1482  565.00000  647.93046  14.7%     -    5s
     0     0  647.89595    0 1483  565.00000  647.89595  14.7%     -    5s
     0     0  647.88723    0 1484  565.00000  647.88723  14.7%     -    5s
     0     0  647.17098    0 1485  565.00000  647.17098  14.5%     -    6s
     0     0  647.02402    0 1484  565.00000  647.02402  14.5%     -    6s
     0     0  647.00958    0 1486  565.00000  647.00958  14.5%     -    6s
     0     0  647.00804    0 1486  565.00000  647.00804  14.5%     -    6s
     0     0  646.18804    0 1478  565.00000  646.18804  14.4%     -    6s
     0     0  646.06674    0 1482  565.00000  646.06674  14.3%     -    6s
     0     0  646.04656    0 1484  565.00000  646.04656  14.3%     -    6s
     0     0  646.02341    0 1487  565.00000  646.02341  14.3%     -    6s
     0     0  646.01213    0 1485  565.00000  646.01213  14.3%     -    6s
     0     0  645.56112    0 1484  565.00000  645.56112  14.3%     -    7s
     0     0  645.47539    0 1484  565.00000  645.47539  14.2%     -    7s
     0     0  645.46082    0 1485  565.00000  645.46082  14.2%     -    7s
     0     0  644.91146    0 1482  565.00000  644.91146  14.1%     -    7s
     0     0  644.83026    0 1486  565.00000  644.83026  14.1%     -    7s
     0     0  644.79343    0 1486  565.00000  644.79343  14.1%     -    7s
     0     0  644.78266    0 1488  565.00000  644.78266  14.1%     -    7s
     0     0  644.32751    0 1485  565.00000  644.32751  14.0%     -    8s
     0     0  644.23258    0 1488  565.00000  644.23258  14.0%     -    8s
     0     0  644.21680    0 1488  565.00000  644.21680  14.0%     -    8s
     0     0  644.21414    0 1487  565.00000  644.21414  14.0%     -    8s
     0     0  643.93375    0 1484  565.00000  643.93375  14.0%     -    8s
     0     0  643.85083    0 1487  565.00000  643.85083  14.0%     -    8s
     0     0  643.81977    0 1486  565.00000  643.81977  14.0%     -    8s
     0     0  643.80842    0 1486  565.00000  643.80842  13.9%     -    8s
     0     0  643.46038    0 1487  565.00000  643.46038  13.9%     -    8s
     0     0  643.38724    0 1491  565.00000  643.38724  13.9%     -    9s
     0     0  643.37720    0 1492  565.00000  643.37720  13.9%     -    9s
     0     0  643.19124    0 1490  565.00000  643.19124  13.8%     -    9s
     0     0  643.14946    0 1490  565.00000  643.14946  13.8%     -    9s
     0     0  643.14589    0 1489  565.00000  643.14589  13.8%     -    9s
     0     0  642.77913    0 1486  565.00000  642.77913  13.8%     -    9s
     0     0  642.71372    0 1486  565.00000  642.71372  13.8%     -    9s
     0     0  642.69748    0 1488  565.00000  642.69748  13.8%     -    9s
     0     0  642.41372    0 1489  565.00000  642.41372  13.7%     -   10s
     0     0  642.38221    0 1490  565.00000  642.38221  13.7%     -   10s
     0     0  642.37184    0 1489  565.00000  642.37184  13.7%     -   10s
     0     0  642.02382    0 1487  565.00000  642.02382  13.6%     -   10s
     0     0  641.92868    0 1487  565.00000  641.92868  13.6%     -   10s
     0     0  641.91902    0 1487  565.00000  641.91902  13.6%     -   10s
     0     0  641.63113    0 1490  565.00000  641.63113  13.6%     -   10s
     0     0  641.56348    0 1489  565.00000  641.56348  13.6%     -   11s
     0     0  641.54501    0 1490  565.00000  641.54501  13.5%     -   11s
     0     0  641.54027    0 1490  565.00000  641.54027  13.5%     -   11s
     0     0  641.41325    0 1492  565.00000  641.41325  13.5%     -   11s
H    0     0                     566.0000000  641.41325  13.3%     -   11s
     0     0  641.37955    0 1491  566.00000  641.37955  13.3%     -   11s
     0     0  641.36845    0 1492  566.00000  641.36845  13.3%     -   11s
     0     0  641.09049    0 1489  566.00000  641.09049  13.3%     -   11s
     0     0  641.01855    0 1490  566.00000  641.01855  13.3%     -   11s
     0     0  641.00381    0 1489  566.00000  641.00381  13.3%     -   11s
     0     0  640.90941    0 1490  566.00000  640.90941  13.2%     -   12s
     0     0  640.90941    0 1490  566.00000  640.90941  13.2%     -   12s
H    0     0                     571.0000000  640.90941  12.2%     -   13s
H    0     0                     572.0000000  640.90941  12.0%     -   13s
     0     2  640.90941    0 1489  572.00000  640.90941  12.0%     -   13s
     7    10  640.50574    4 1481  572.00000  640.86760  12.0%  2346   15s
H   27    31                     574.0000000  640.86760  11.6%  2497   20s
H   55    60                     575.0000000  640.86760  11.5%  1800   23s
    72    81  606.39320   26 1312  575.00000  640.86760  11.5%  1651   25s
H   85    90                     576.0000000  640.86760  11.3%  1645   26s
   127   123  630.72436    3 1424  576.00000  640.80144  11.3%  1504   30s
H  149   141                     577.0000000  640.80144  11.1%  1488   32s
H  216   198                     578.0000000  640.80144  10.9%  1352   36s
   249   223  580.84560   45 1173  578.00000  640.50523  10.8%  1380   40s
   289   254  612.24331   12 1336  578.00000  640.50523  10.8%  1422   46s
H  296   253                     579.0000000  640.50523  10.6%  1438   46s
   346   324  587.08252   40 1191  579.00000  640.40495  10.6%  1458   52s
   396   362  632.63303    8 1435  579.00000  640.40495  10.6%  1417   55s
H  430   355                     580.0000000  640.40495  10.4%  1363   57s
   451   374  617.99951   18 1357  580.00000  640.40495  10.4%  1383   60s
   489   422  594.14465   36 1239  580.00000  640.06433  10.4%  1405   65s
H  535   422                     581.0000000  640.06433  10.2%  1358   67s
   562   459  614.06299   14 1349  581.00000  640.06433  10.2%  1403   70s
H  634   486                     582.0000000  640.06433  10.0%  1358   77s
   686   502  628.63330   12 1420  582.00000  639.65821  9.91%  1373   81s
   708   531  604.65732   17 1318  582.00000  639.65821  9.91%  1425   86s
   752   569  610.37444   28 1327  582.00000  639.65821  9.91%  1454   90s
   790   577  583.80776   36 1206  582.00000  639.31004  9.85%  1434  100s
H  814   574                     583.0000000  639.31004  9.66%  1434  104s
   832   592  612.83440   22 1339  583.00000  639.11415  9.63%  1457  107s
   869   593  625.93587   13 1490  583.00000  639.11415  9.63%  1455  119s
   871   594  584.95725   42 1345  583.00000  639.11415  9.63%  1452  120s
   872   595  604.54216   26 1479  583.00000  639.11415  9.63%  1450  125s
   877   598  613.52120   17 1488  583.00000  639.11415  9.63%  1442  131s
   880   600  602.49423   46 1490  583.00000  639.11415  9.63%  1437  139s
   881   601  586.96627   32 1486  583.00000  639.11415  9.63%  1435  143s
   882   602  615.58137   21 1486  583.00000  639.11415  9.63%  1434  148s
   883   602  631.84966   13 1489  583.00000  639.11415  9.63%  1432  153s
   884   603  629.24802   18 1488  583.00000  639.11415  9.63%  1430  158s
   885   604  608.58117   24 1486  583.00000  639.11415  9.63%  1429  162s
   886   604  631.88746    8 1486  583.00000  639.11415  9.63%  1427  166s
   892   611  639.11415   17 1488  583.00000  639.11415  9.63%  1486  170s
   925   633  637.39637   25 1474  583.00000  639.11415  9.63%  1511  175s
   948   649  633.77954   30 1455  583.00000  639.11415  9.63%  1540  180s
   976   669  634.17802   37 1467  583.00000  639.11415  9.63%  1564  185s
   998   685  632.74219   42 1454  583.00000  639.11415  9.63%  1602  190s
  1024   704  632.12096   46 1451  583.00000  639.11415  9.63%  1629  196s
  1050   724  630.18023   52 1447  583.00000  639.11415  9.63%  1647  200s
H 1058   690                     584.0000000  639.11415  9.44%  1653  200s
  1090   722  628.07442   61 1436  584.00000  639.11415  9.44%  1674  206s
  1116   741  627.29816   66 1431  584.00000  639.11415  9.44%  1686  210s
  1154   765  625.32012   74 1426  584.00000  639.11415  9.44%  1719  215s
  1194   796  623.37277   82 1416  584.00000  639.11415  9.44%  1754  221s
  1227   819  622.07134   88 1410  584.00000  639.11415  9.44%  1778  226s
  1263   846  617.80352   94 1375  584.00000  639.11415  9.44%  1807  232s
  1283   863  620.18646   98 1394  584.00000  639.11415  9.44%  1820  235s
  1336   907  618.56638  107 1389  584.00000  639.11415  9.44%  1847  242s
  1369   934  618.13196  111 1380  584.00000  639.11415  9.44%  1857  246s
  1409   980  617.33993  116 1374  584.00000  639.11415  9.44%  1867  250s
  1539  1076  615.83152  128 1363  584.00000  639.11415  9.44%  1809  257s
  1617  1067  614.74824  134 1344  584.00000  639.11415  9.44%  1757  261s
  1666  1099  611.89708  150 1328  584.00000  639.11415  9.44%  1776  269s
  1693  1120  610.56834  160 1316  584.00000  639.11415  9.44%  1788  272s
  1723  1147  608.92643  172 1303  584.00000  639.11415  9.44%  1798  277s
  1760  1186  605.34208  186 1256  584.00000  639.11415  9.44%  1804  282s
  1811  1270  600.37704  208 1233  584.00000  639.11415  9.44%  1797  287s
  1912  1254     cutoff  254       584.00000  639.11415  9.44%  1751  292s
  1947  1258  638.25063   24 1471  584.00000  639.11415  9.44%  1751  297s
  1962  1270  637.66381   27 1471  584.00000  639.11415  9.44%  1767  302s
  1979  1278  626.80129   30 1406  584.00000  639.11415  9.44%  1785  308s
  1993  1287  636.68647   33 1456  584.00000  639.11415  9.44%  1801  313s
  2007  1303  636.18151   36 1455  584.00000  639.11415  9.44%  1815  318s
  2027  1317  635.47054   40 1450  584.00000  639.11415  9.44%  1834  324s
  2048  1333  631.05673   44 1426  584.00000  639.11415  9.44%  1853  330s
  2071  1352  633.96847   49 1441  584.00000  639.11415  9.44%  1869  336s
  2098  1376  633.31983   54 1433  584.00000  639.11415  9.44%  1885  342s
  2131  1401  632.33629   60 1428  584.00000  639.11415  9.44%  1900  349s
  2167  1432  631.21824   67 1422  584.00000  639.11415  9.44%  1916  355s
  2210  1468  630.38459   74 1411  584.00000  639.11415  9.44%  1927  361s
  2260  1514  625.72482   82 1384  584.00000  639.11415  9.44%  1936  369s
  2323  1596  627.29310   92 1396  584.00000  639.11415  9.44%  1933  376s
H 2342  1551                     585.0000000  639.11415  9.25%  1938  376s
  2426  1627  621.57257  101 1353  585.00000  639.11415  9.25%  1904  384s
  2549  1631  623.55548  113 1366  585.00000  639.11415  9.25%  1859  392s
  2585  1661  621.12465  126 1357  585.00000  639.11415  9.25%  1872  401s
  2615  1689  619.35294  135 1341  585.00000  639.11415  9.25%  1885  416s
  2643  1718  616.72147  142 1315  585.00000  639.11415  9.25%  1895  426s
  2672  1737  613.89857  149 1286  585.00000  639.11415  9.25%  1904  435s
  2691  1765  616.70478  152 1315  585.00000  639.11415  9.25%  1912  444s
  2719  1880  615.79655  157 1310  585.00000  639.11415  9.25%  1920  453s
  2834  2006  600.73182  204 1233  585.00000  639.11415  9.25%  1901  464s
  2982  2043  637.70981   23 1469  585.00000  639.11415  9.25%  1860  475s
  3019  2091  636.76015   29 1460  585.00000  639.11415  9.25%  1876  486s
  3067  2150  630.15945   36 1423  585.00000  639.11415  9.25%  1895  497s
  3126  2250  634.49536   43 1445  585.00000  639.11415  9.25%  1906  507s
  3226  2410  633.37255   52 1436  585.00000  639.11415  9.25%  1904  519s
H 3248  2393                     586.0000000  639.11415  9.06%  1915  519s
  3404  2424  631.62648   63 1421  586.00000  639.11415  9.06%  1861  531s
  3439  2468  627.52996   73 1391  586.00000  639.11415  9.06%  1879  543s
  3483  2524  628.43756   87 1398  586.00000  639.11415  9.06%  1900  556s
  3539  2537  624.65715  104 1373  586.00000  639.11415  9.06%  1920  574s
  3552  2589  623.52802  110 1368  586.00000  639.11415  9.06%  1922  588s
  3604  2706  619.49558  123 1336  586.00000  639.11415  9.06%  1938  602s
  3721  2909  611.45770  166 1301  586.00000  638.86162  9.02%  1945  618s
  3941  2956  637.05594   24 1465  586.00000  638.86162  9.02%  1908  633s
  3988  3038  635.38415   34 1450  586.00000  638.86162  9.02%  1922  655s
  4070  3283  629.13346   44 1405  586.00000  638.86162  9.02%  1933  671s
  4360  3470  631.23748   60 1419  586.00000  638.86162  9.02%  1878  687s
  4547  3887  628.89425   79 1399  586.00000  638.86162  9.02%  1856  702s
  4966  3937  624.20240  105 1371  586.00000  638.86162  9.02%  1767  718s
  5046  4245  621.88848  115 1351  586.00000  638.86162  9.02%  1753  736s
  5354  4793  606.34843  177 1256  586.00000  638.75416  9.00%  1716  753s
  5954  5232  623.18736  109 1354  586.00000  638.65693  8.99%  1607  769s
  6393  5708  595.96356  214 1179  586.00000  638.65653  8.99%  1557  785s
  6930  5803  623.11439  106 1371  586.00000  638.39883  8.94%  1479  804s
  7025  5957  616.20167  134 1349  586.00000  638.39883  8.94%  1476  825s
  7179  6540  603.23917  189 1267  586.00000  638.39846  8.94%  1463  840s
  7820  6915  630.21288   67 1424  586.00000  638.31132  8.93%  1388  858s
  8195  7355  600.56284  196 1241  586.00000  638.25563  8.92%  1371  869s
  8709  7459  606.37762   38 1299  586.00000  638.19570  8.91%  1322  875s
  8837  7481  622.87570   22 1389  586.00000  638.19515  8.91%  1315  881s
  8859  7508  627.47900   29 1405  586.00000  638.19515  8.91%  1322  889s
  8886  7540  626.17560   37 1398  586.00000  638.19515  8.91%  1329  896s
  8918  7578  624.23666   47 1386  586.00000  638.19515  8.91%  1336  904s
  8956  7619  616.24624   59 1347  586.00000  638.19515  8.91%  1344  912s
  8997  7663  619.30246   72 1363  586.00000  638.19515  8.91%  1351  921s
  9041  7741  617.20461   85 1338  586.00000  638.19515  8.91%  1358  930s
  9119  7871  611.53544  112 1309  586.00000  638.19515  8.91%  1365  940s
  9253  8009  597.09152  165 1219  586.00000  638.14939  8.90%  1369  950s
  9409  8219  628.72140   69 1403  586.00000  638.12973  8.90%  1365  960s
  9645  8352  631.49467   28 1426  586.00000  638.12973  8.90%  1354  970s
  9778  8741  615.77730  100 1333  586.00000  638.12973  8.90%  1351  981s
 10219  8849     cutoff  212       586.00000  638.09304  8.89%  1320  991s
 10350  9094  628.88022   78 1409  586.00000  638.05745  8.88%  1317 1000s
 10595  9205  606.46903  181 1279  586.00000  638.05655  8.88%  1302 1010s
 10759  9259  608.90366   26 1333  586.00000  637.95308  8.87%  1294 1020s
 10851  9480  626.62549   28 1406  586.00000  637.95022  8.87%  1297 1029s
 11115  9680  627.76556   24 1405  586.00000  637.90175  8.86%  1284 1038s
 11343  9863  629.23174   24 1423  586.00000  637.89529  8.86%  1273 1046s
 11554 10137  635.02712   36 1451  586.00000  637.89444  8.86%  1263 1055s
 11828 10357  622.74331  107 1369  586.00000  637.89444  8.86%  1250 1064s
 12068 10743  605.02050  180 1261  586.00000  637.73624  8.83%  1240 1072s
 12495 10909  634.93625   34 1451  586.00000  637.73585  8.83%  1215 1080s
 12661 11146  623.52000  104 1363  586.00000  637.72268  8.83%  1209 1088s
 12946 11176  635.27069   25 1454  586.00000  637.71746  8.83%  1196 1095s
 12976 11212  634.20108   31 1439  586.00000  637.71746  8.83%  1202 1104s
 13012 11242  632.65941   39 1434  586.00000  637.71746  8.83%  1208 1116s
 13042 11282  622.76720   46 1386  586.00000  637.71746  8.83%  1213 1123s
 13082 11334  630.14272   55 1409  586.00000  637.71746  8.83%  1219 1131s
 13134 11395  628.39817   66 1397  586.00000  637.71746  8.83%  1225 1139s
 13195 11484  626.79012   78 1380  586.00000  637.71746  8.83%  1231 1148s
 13284 11630  624.85287   93 1362  586.00000  637.71746  8.83%  1236 1156s
 13430 11786  619.63794  114 1342  586.00000  637.71746  8.83%  1239 1164s
 13612 12038  604.16393  142 1236  586.00000  637.71746  8.83%  1237 1171s
 13888 12189  597.04314  205 1179  586.00000  637.65287  8.81%  1228 1177s
 14069 12430  625.85751   63 1393  586.00000  637.64239  8.81%  1222 1184s
 14356 12620  634.12119   27 1456  586.00000  637.64239  8.81%  1210 1190s
 14568 12838  621.94327   99 1372  586.00000  637.64239  8.81%  1202 1197s
 14794 13128  597.70391  196 1212  586.00000  637.60305  8.81%  1196 1205s
 15144 13129  602.41061  177 1490  586.00000  637.55963  8.80%  1181 1654s
 15146 13130  612.42767  125 1345  586.00000  637.55963  8.80%  1180 1655s
 15147 13131  596.12519  183 1486  586.00000  637.55963  8.80%  1180 1663s
 15148 13132  589.96429  233 1493  586.00000  634.80947  8.33%  1180 1665s
 15154 13136  598.61582  201 1496  586.00000  633.68805  8.14%  1180 1677s
 15155 13136  611.91634  149 1492  586.00000  633.63022  8.13%  1180 1687s
 15157 13138  617.02093   86 1495  586.00000  633.61471  8.13%  1180 1697s
 15158 13138  619.90030  119 1494  586.00000  633.18185  8.05%  1180 1708s
 15161 13140  599.26911  198 1495  586.00000  633.02326  8.02%  1179 1721s
 15162 13141  588.16667  237 1493  586.00000  632.66143  7.96%  1179 1734s
 15165 13143  624.50679   72 1497  586.00000  632.55736  7.94%  1179 1747s
 15166 13144  628.69556   44 1493  586.00000  632.29612  7.90%  1179 1758s
 15169 13146  613.07161  149 1495  586.00000  632.22978  7.89%  1179 1770s
 15170 13146  593.12579  221 1494  586.00000  632.10334  7.87%  1179 1781s
 15173 13148  616.21538  135 1495  586.00000  632.05124  7.86%  1178 1793s
 15174 13149  589.00000  251 1496  586.00000  631.85054  7.82%  1178 1803s
 15177 13151  610.19814  167 1497  586.00000  631.78416  7.81%  1178 1815s
 15178 13152  618.74814   62 1495  586.00000  631.65513  7.79%  1178 1826s
 15180 13153  595.82922  195 1494  586.00000  631.62589  7.79%  1178 1837s
 15181 13154  614.77610  144 1493  586.00000  631.57972  7.78%  1178 1848s
 15183 13155  605.07071  168 1494  586.00000  631.54295  7.77%  1178 1859s
 15184 13156  606.28016  177 1494  586.00000  631.50563  7.77%  1178 1872s
 15186 13157  603.48200  189 1495  586.00000  631.48948  7.76%  1177 1884s
 15187 13158  590.11728   75 1493  586.00000  631.45030  7.76%  1177 1895s
 15189 13159  629.86980   25 1495  586.00000  631.43485  7.75%  1177 1909s
 15190 13160  627.48233   48 1491  586.00000  631.41771  7.75%  1177 1920s
 15192 13161  592.83558  228 1495  586.00000  631.40372  7.75%  1177 1932s
 15193 13162  604.52018  183 1494  586.00000  631.37994  7.74%  1177 1945s
 15194 13162  605.00787  181 1494  586.00000  631.37232  7.74%  1177 1957s
 15195 13163  612.45995  151 1495  586.00000  631.32500  7.73%  1177 1970s
 15196 13164  603.61107  184 1495  586.00000  631.31694  7.73%  1177 1984s
 15197 13164  606.42874  138 1494  586.00000  631.28402  7.73%  1177 1998s
 15198 13165  608.71118  163 1497  586.00000  631.27586  7.73%  1176 2011s
 15199 13166  612.35102  162 1496  586.00000  631.23898  7.72%  1176 2024s
 15201 13167  602.20627  186 1496  586.00000  631.22510  7.72%  1176 2037s
 15202 13168  597.33455  200 1498  586.00000  631.19487  7.71%  1176 2051s
 15204 13169  595.25000  212 1498  586.00000  631.17893  7.71%  1176 2064s
 15205 13170  611.41386  127 1495  586.00000  631.11770  7.70%  1176 2077s
 15207 13171  614.73681  129 1497  586.00000  631.09802  7.70%  1176 2092s
 15208 13172  617.93274  128 1495  586.00000  631.00517  7.68%  1176 2105s
 15210 13173  627.54246   65 1495  586.00000  630.98467  7.68%  1175 2119s
 15211 13174  625.58850   90 1493  586.00000  630.91847  7.67%  1175 2133s
 15213 13175  618.90267  124 1494  586.00000  630.90707  7.66%  1175 2150s
 15214 13176  607.54368  163 1494  586.00000  630.86647  7.66%  1175 2165s
 15216 13177  605.64757  169 1494  586.00000  630.85230  7.65%  1175 2179s
 15217 13178  616.35155  131 1495  586.00000  630.76877  7.64%  1175 2192s
 15219 13179  620.02515   80 1496  586.00000  630.73587  7.63%  1175 2206s
 15220 13180  598.88786  203 1494  586.00000  630.69811  7.63%  1175 2219s
 15222 13181  613.65700  139 1495  586.00000  630.67734  7.62%  1175 2233s
 15223 13182  630.67279   57 1495  586.00000  630.67279  7.62%  1174 2245s
 15224 13182  618.59407  124 1496  586.00000  630.67153  7.62%  1174 2259s
 15225 13183  603.48814  188 1496  586.00000  630.67091  7.62%  1174 2272s
 15226 13184  593.71186  223 1496  586.00000  630.67065  7.62%  1174 2285s
 15227 13184  604.25711  186 1496  586.00000  630.67060  7.62%  1174 2299s
 15228 13185  599.78121  200 1496  586.00000  630.65954  7.62%  1174 2314s
 15229 13186  620.71011   87 1496  586.00000  630.65954  7.62%  1174 2329s
 15230 13186  617.97299  112 1496  586.00000  630.65954  7.62%  1174 2345s
 15239 13195  629.17511   33 1478  586.00000  630.11650  7.53%  1181 2350s
 15251 13203  626.53522   36 1460  586.00000  629.76207  7.47%  1183 2355s
 15266 13214  628.25318   40 1472  586.00000  629.76207  7.47%  1184 2360s
 15279 13224  627.34898   43 1467  586.00000  629.76207  7.47%  1184 2365s
 15299 13237  625.86488   48 1461  586.00000  629.76207  7.47%  1186 2370s
 15317 13249  624.73522   52 1461  586.00000  629.76207  7.47%  1187 2375s
 15336 13264  620.75553   56 1432  586.00000  629.76207  7.47%  1189 2381s
 15357 13278  621.31563   61 1446  586.00000  629.76207  7.47%  1190 2386s
 15376 13294  619.87644   65 1440  586.00000  629.76207  7.47%  1192 2391s
 15393 13306  618.94147   69 1435  586.00000  629.76207  7.47%  1194 2395s
 15414 13318  615.64327   73 1415  586.00000  629.76207  7.47%  1195 2400s
 15431 13332  617.14593   77 1423  586.00000  629.76207  7.47%  1197 2405s
 15453 13346  615.95580   81 1421  586.00000  629.76207  7.47%  1199 2410s
 15473 13361  614.91037   85 1417  586.00000  629.76207  7.47%  1201 2416s
 15485 13371  614.25332   87 1413  586.00000  629.76207  7.47%  1203 2420s
 15513 13392  613.13684   93 1407  586.00000  629.76207  7.47%  1206 2427s
 15529 13402  612.55969   96 1406  586.00000  629.76207  7.47%  1207 2430s
 15558 13422  611.46990  102 1401  586.00000  629.76207  7.47%  1211 2438s
 15574 13433  601.87641  105 1360  586.00000  629.76207  7.47%  1213 2442s
 15590 13443  600.26033  108 1339  586.00000  629.76207  7.47%  1216 2446s
 15608 13458  590.45075  111 1286  586.00000  629.76207  7.47%  1218 2451s
 15629 13474  609.70421  115 1386  586.00000  629.76207  7.47%  1220 2456s
 15654 13493  604.15245  119 1349  586.00000  629.76207  7.47%  1223 2461s
 15681 13516  608.38330  124 1375  586.00000  629.76207  7.47%  1225 2466s
 15714 13541  599.68956  129 1324  586.00000  629.76207  7.47%  1228 2472s
 15751 13577  607.20232  135 1361  586.00000  629.76207  7.47%  1230 2478s
 15808 13587  606.52378  141 1354  586.00000  629.76207  7.47%  1231 2486s
 15853 13593  605.17258  148 1345  586.00000  629.76207  7.47%  1232 2492s
 15874 13609  603.68803  156 1336  586.00000  629.76207  7.47%  1235 2499s
 15897 13631  602.46434  165 1315  586.00000  629.76207  7.47%  1237 2505s
 15927 13655  599.84067  177 1304  586.00000  629.76207  7.47%  1240 2512s
 15961 13689  597.69932  191 1285  586.00000  629.76207  7.47%  1242 2517s
 16006 13719  594.01596  210 1255  586.00000  629.45623  7.42%  1244 2525s
 16071 13711  622.03137   36 1439  586.00000  629.45623  7.42%  1244 2533s
 16085 13720  626.82299   40 1470  586.00000  629.45623  7.42%  1247 2540s
 16099 13730  619.20728   43 1419  586.00000  629.45623  7.42%  1250 2548s
 16113 13741  625.62900   47 1459  586.00000  629.45623  7.42%  1253 2557s
 16129 13750  625.29955   51 1458  586.00000  629.45623  7.42%  1257 2567s
 16143 13764  624.73007   55 1446  586.00000  629.45623  7.42%  1259 2576s
 16162 13764  617.65839   59 1416  586.00000  629.45623  7.42%  1263 2592s
 16168 13784  624.03707   61 1443  586.00000  629.45623  7.42%  1264 2601s
 16190 13786  617.90912   66 1403  586.00000  629.45623  7.42%  1268 2615s
 16200 13810  623.21787   69 1432  586.00000  629.45623  7.42%  1269 2624s
 16227 13808  622.28531   76 1423  586.00000  629.45623  7.42%  1274 2635s
 16234 13837  621.76920   79 1423  586.00000  629.45623  7.42%  1275 2645s
 16265 13865  620.75271   86 1418  586.00000  629.45623  7.42%  1279 2655s
 16304 13897  619.20530   95 1403  586.00000  629.45623  7.42%  1283 2667s
 16349 13934  617.51680  105 1387  586.00000  629.45623  7.42%  1287 2678s
 16401 13919  615.20455  118 1380  586.00000  629.45623  7.42%  1291 2698s
 16403 13940  613.13398  118 1365  586.00000  629.45623  7.42%  1291 2716s
 16425 13992  614.74069  121 1368  586.00000  629.45623  7.42%  1292 2729s
 16484 14028  612.06912  136 1346  586.00000  629.45623  7.42%  1295 2752s
 16542 14158  608.67658  141 1327  586.00000  629.45623  7.42%  1296 2766s
 16708 14213  605.35374  168 1306  586.00000  629.45623  7.42%  1294 2778s
 16824 14201  590.01602  221 1111  586.00000  629.35848  7.40%  1294 2793s
 16873 14213  627.39000   39 1464  586.00000  629.35848  7.40%  1297 2808s
 16901 14235  626.47490   46 1454  586.00000  629.35848  7.40%  1303 2824s
 16933 14259  625.00203   54 1443  586.00000  629.35848  7.40%  1309 2839s
 16967 14284  618.00416   62 1403  586.00000  629.35848  7.40%  1315 2856s
 17004 14323  619.93429   71 1402  586.00000  629.35848  7.40%  1321 2874s
 17055 14369  621.07638   84 1409  586.00000  629.35848  7.40%  1327 2892s
 17118 14433  618.88253  100 1387  586.00000  629.35848  7.40%  1333 2910s
 17203 14518  614.92394  121 1365  586.00000  629.35848  7.40%  1339 2929s
 17316 14749  608.03892  149 1307  586.00000  629.35846  7.40%  1345 2950s
 17625 14675  628.79004   35 1481  586.00000  629.17492  7.37%  1336 2970s
 17654 14667  627.95962   42 1475  586.00000  629.17492  7.37%  1343 2992s
 17656 14699  624.46897   42 1447  586.00000  629.17492  7.37%  1343 3011s
 17688 14729  626.90297   50 1463  586.00000  629.17492  7.37%  1350 3031s
 17729 14757  620.82273   59 1425  586.00000  629.17492  7.37%  1357 3051s
 17771 14800  624.14425   69 1442  586.00000  629.17492  7.37%  1363 3073s
 17828 14791  622.53793   82 1427  586.00000  629.17492  7.37%  1371 3096s
 17838 14872  621.76884   85 1426  586.00000  629.17492  7.37%  1372 3119s
 17922 14954  618.12825  105 1397  586.00000  629.17492  7.37%  1380 3143s
 18032 15104  614.27661  128 1361  586.00000  629.17492  7.37%  1386 3168s
 18219 15300  607.02550  159 1321  586.00000  629.17490  7.37%  1387 3193s
 18547 15306  621.99982   68 1421  586.00000  628.82489  7.31%  1378 3218s
 18662 15650  613.95365  123 1355  586.00000  628.64379  7.28%  1375 3244s
 19087 15851  619.35985   47 1417  586.00000  628.55204  7.26%  1360 3270s
 19448 16090  589.82358  183 1214  586.00000  628.55020  7.26%  1349 3300s
 19846 16473  611.98768  143 1348  586.00000  628.42127  7.24%  1337 3327s
 20414 16534  620.61928   41 1427  586.00000  628.10632  7.19%  1321 3352s
 20691 16514  618.77866   46 1409  586.00000  628.10207  7.18%  1320 3376s
 20763 16587  615.08806   67 1383  586.00000  628.10207  7.18%  1329 3401s
 20860 16720  610.34227   97 1346  586.00000  628.10207  7.18%  1338 3427s
 21025 16922  598.32336  153 1265  586.00000  628.01238  7.17%  1345 3451s
 21303 17215  619.34087   45 1423  586.00000  627.83709  7.14%  1343 3476s
 21744 17268  612.22071   57 1372  586.00000  627.83648  7.14%  1335 3500s
 21986 17292  626.02676   42 1459  586.00000  627.76227  7.13%  1334 3523s
 22165 17626  618.66309   48 1414  586.00000  627.73253  7.12%  1334 3543s
 22590 18117  597.85444  178 1230  586.00000  627.63255  7.10%  1323 3572s
 23316 18044  622.19889   45 1434  586.00000  627.50566  7.08%  1301 3581s
 23485 18130  610.53592  117 1356  586.00000  627.50204  7.08%  1297 3592s
 23659 18113  610.39286   45 1376  586.00000  627.49732  7.08%  1293 3600s

Cutting planes:
  Gomory: 12
  Clique: 1
  Flow cover: 86
  Zero half: 1003
  RLT: 376
  BQP: 93

Explored 23722 nodes (30816630 simplex iterations) in 3600.00 seconds (9917.35 work units)
Thread count was 2 (of 24 available processors)

Solution count 10: 586 585 584 ... 577

Time limit reached
Best objective 5.860000000000e+02, best bound 6.270000000000e+02, gap 6.9966%

User-callback calls 305654, time in user-callback 0.92 sec

Gurobi 11.0.3 (linux64) logging started Sat Mar  7 13:20:15 2026

Set parameter LogFile to value "./log/train/IS_1500_6/IS_21.lp.log"
Set parameter TimeLimit to value 3600
Gurobi Optimizer version 11.0.3 build v11.0.3rc0 (linux64 - "Ubuntu 22.04.5 LTS")

CPU model: AMD Ryzen 9 9900X 12-Core Processor, instruction set [SSE2|AVX|AVX2|AVX512]
Thread count: 12 physical cores, 24 logical processors, using up to 1 threads

Optimize a model with 9205 rows, 1500 columns and 18130 nonzeros
Model fingerprint: 0x72542eb7
Variable types: 0 continuous, 1500 integer (1500 binary)
Coefficient statistics:
  Matrix range     [1e+00, 1e+00]
  Objective range  [1e+00, 1e+00]
  Bounds range     [1e+00, 1e+00]
  RHS range        [1e+00, 1e+00]
Found heuristic solution: objective 325.0000000
Presolve removed 1771 rows and 0 columns
Presolve time: 0.04s
Presolved: 7434 rows, 1500 columns, 16199 nonzeros
Variable types: 0 continuous, 1500 integer (1500 binary)

Root relaxation: objective 6.845000e+02, 4493 iterations, 0.28 seconds (0.32 work units)

    Nodes    |    Current Node    |     Objective Bounds      |     Work
 Expl Unexpl |  Obj  Depth IntInf | Incumbent    BestBd   Gap | It/Node Time

     0     0  684.50000    0 1345  325.00000  684.50000   111%     -    0s
H    0     0                     527.0000000  684.50000  29.9%     -    0s
H    0     0                     532.0000000  684.50000  28.7%     -    0s
     0     0  672.04020    0 1470  532.00000  672.04020  26.3%     -    1s
     0     0  671.89406    0 1466  532.00000  671.89406  26.3%     -    1s
     0     0  671.89319    0 1462  532.00000  671.89319  26.3%     -    1s
     0     0  663.69774    0 1484  532.00000  663.69774  24.8%     -    2s
H    0     0                     556.0000000  663.69774  19.4%     -    2s
     0     0  663.29210    0 1478  556.00000  663.29210  19.3%     -    2s
     0     0  663.27690    0 1480  556.00000  663.27690  19.3%     -    2s
     0     0  663.27354    0 1479  556.00000  663.27354  19.3%     -    2s
     0     0  658.03117    0 1482  556.00000  658.03117  18.4%     -    4s
H    0     0                     561.0000000  658.03117  17.3%     -    4s
H    0     0                     565.0000000  658.03117  16.5%     -    4s
     0     0  657.73417    0 1479  565.00000  657.73417  16.4%     -    4s
     0     0  657.71312    0 1479  565.00000  657.71312  16.4%     -    4s
     0     0  657.70504    0 1481  565.00000  657.70504  16.4%     -    4s
     0     0  657.70449    0 1481  565.00000  657.70449  16.4%     -    4s
     0     0  655.08998    0 1481  565.00000  655.08998  15.9%     -    5s
     0     0  654.77436    0 1477  565.00000  654.77436  15.9%     -    5s
     0     0  654.74026    0 1480  565.00000  654.74026  15.9%     -    5s
     0     0  654.72881    0 1480  565.00000  654.72881  15.9%     -    5s
     0     0  654.72371    0 1481  565.00000  654.72371  15.9%     -    5s
     0     0  651.47653    0 1480  565.00000  651.47653  15.3%     -    6s
     0     0  651.22134    0 1481  565.00000  651.22134  15.3%     -    6s
     0     0  651.18448    0 1480  565.00000  651.18448  15.3%     -    7s
     0     0  651.17409    0 1484  565.00000  651.17409  15.3%     -    7s
     0     0  651.17308    0 1484  565.00000  651.17308  15.3%     -    7s
     0     0  649.57279    0 1482  565.00000  649.57279  15.0%     -    7s
     0     0  649.40002    0 1480  565.00000  649.40002  14.9%     -    7s
     0     0  649.35974    0 1482  565.00000  649.35974  14.9%     -    8s
     0     0  649.35612    0 1483  565.00000  649.35612  14.9%     -    8s
     0     0  648.15485    0 1482  565.00000  648.15485  14.7%     -    8s
     0     0  647.93046    0 1482  565.00000  647.93046  14.7%     -    9s
     0     0  647.89595    0 1483  565.00000  647.89595  14.7%     -    9s
     0     0  647.88723    0 1484  565.00000  647.88723  14.7%     -    9s
     0     0  647.17098    0 1485  565.00000  647.17098  14.5%     -    9s
     0     0  647.02402    0 1484  565.00000  647.02402  14.5%     -    9s
     0     0  647.00958    0 1486  565.00000  647.00958  14.5%     -    9s
     0     0  647.00804    0 1486  565.00000  647.00804  14.5%     -    9s
     0     0  646.18804    0 1478  565.00000  646.18804  14.4%     -   10s
     0     0  646.06674    0 1482  565.00000  646.06674  14.3%     -   10s
     0     0  646.04656    0 1484  565.00000  646.04656  14.3%     -   10s
     0     0  646.02341    0 1487  565.00000  646.02341  14.3%     -   10s
     0     0  646.01213    0 1485  565.00000  646.01213  14.3%     -   10s
     0     0  645.56112    0 1484  565.00000  645.56112  14.3%     -   11s
     0     0  645.47539    0 1484  565.00000  645.47539  14.2%     -   11s
     0     0  645.46082    0 1485  565.00000  645.46082  14.2%     -   11s
     0     0  644.91146    0 1482  565.00000  644.91146  14.1%     -   12s
     0     0  644.83026    0 1486  565.00000  644.83026  14.1%     -   12s
     0     0  644.79343    0 1486  565.00000  644.79343  14.1%     -   12s
     0     0  644.78266    0 1488  565.00000  644.78266  14.1%     -   12s
     0     0  644.32751    0 1485  565.00000  644.32751  14.0%     -   12s
     0     0  644.23258    0 1488  565.00000  644.23258  14.0%     -   13s
     0     0  644.21680    0 1488  565.00000  644.21680  14.0%     -   13s
     0     0  644.21414    0 1487  565.00000  644.21414  14.0%     -   13s
     0     0  643.93375    0 1484  565.00000  643.93375  14.0%     -   13s
     0     0  643.85083    0 1487  565.00000  643.85083  14.0%     -   13s
     0     0  643.81977    0 1486  565.00000  643.81977  14.0%     -   13s
     0     0  643.80842    0 1486  565.00000  643.80842  13.9%     -   13s
     0     0  643.46038    0 1487  565.00000  643.46038  13.9%     -   14s
     0     0  643.38724    0 1491  565.00000  643.38724  13.9%     -   14s
     0     0  643.37720    0 1492  565.00000  643.37720  13.9%     -   14s
     0     0  643.19124    0 1490  565.00000  643.19124  13.8%     -   14s
     0     0  643.14946    0 1490  565.00000  643.14946  13.8%     -   14s
     0     0  643.14589    0 1489  565.00000  643.14589  13.8%     -   14s
     0     0  642.77913    0 1486  565.00000  642.77913  13.8%     -   14s
     0     0  642.71372    0 1486  565.00000  642.71372  13.8%     -   15s
     0     0  642.69748    0 1488  565.00000  642.69748  13.8%     -   15s
     0     0  642.41372    0 1489  565.00000  642.41372  13.7%     -   15s
     0     0  642.38221    0 1490  565.00000  642.38221  13.7%     -   15s
     0     0  642.37184    0 1489  565.00000  642.37184  13.7%     -   15s
     0     0  642.02382    0 1487  565.00000  642.02382  13.6%     -   16s
     0     0  641.92868    0 1487  565.00000  641.92868  13.6%     -   16s
     0     0  641.91902    0 1487  565.00000  641.91902  13.6%     -   16s
     0     0  641.63113    0 1490  565.00000  641.63113  13.6%     -   16s
     0     0  641.56348    0 1489  565.00000  641.56348  13.6%     -   16s
     0     0  641.54501    0 1490  565.00000  641.54501  13.5%     -   16s
     0     0  641.54027    0 1490  565.00000  641.54027  13.5%     -   16s
     0     0  641.41325    0 1492  565.00000  641.41325  13.5%     -   17s
H    0     0                     566.0000000  641.41325  13.3%     -   17s
     0     0  641.37955    0 1491  566.00000  641.37955  13.3%     -   17s
     0     0  641.36845    0 1492  566.00000  641.36845  13.3%     -   17s
     0     0  641.09049    0 1489  566.00000  641.09049  13.3%     -   17s
     0     0  641.01855    0 1490  566.00000  641.01855  13.3%     -   17s
     0     0  641.00381    0 1489  566.00000  641.00381  13.3%     -   17s
     0     0  640.90941    0 1490  566.00000  640.90941  13.2%     -   18s
     0     0  640.90941    0 1490  566.00000  640.90941  13.2%     -   18s
H    0     0                     571.0000000  640.90941  12.2%     -   19s
H    0     0                     572.0000000  640.90941  12.0%     -   19s
     0     2  640.90852    0 1489  572.00000  640.90852  12.0%     -   19s
     4     6  640.50574    4 1481  572.00000  640.90802  12.0%   822   20s
    18    20  620.01991   13 1371  572.00000  640.90802  12.0%  2204   25s
H   27    27                     574.0000000  640.90802  11.7%  1961   26s
H   55    53                     575.0000000  640.90802  11.5%  1505   29s
    78    64  624.50525    1 1402  575.00000  640.86760  11.5%  1334   31s
   107    93  620.86240   26 1367  575.00000  640.86760  11.5%  1319   35s
H  109    93                     576.0000000  640.86760  11.3%  1329   35s
   133   119  594.78865   41 1244  576.00000  640.86760  11.3%  1536   40s
H  136   118                     577.0000000  640.86760  11.1%  1539   40s
   196   160  630.79482    2 1428  577.00000  640.80144  11.1%  1301   45s
   202   166  618.91135    6 1375  577.00000  640.80144  11.1%  1346   51s
   248   196  620.84063    3 1368  577.00000  640.50533  11.0%  1330   56s
   270   218  602.04965   18 1289  577.00000  640.50533  11.0%  1363   60s
H  303   243                     578.0000000  640.50533  10.8%  1315   61s
   311   249  633.73806    9 1444  578.00000  640.50523  10.8%  1344   65s
   328   266  601.50167   20 1286  578.00000  640.50523  10.8%  1389   70s
H  340   267                     579.0000000  640.50523  10.6%  1373   71s
   367   282  627.01287    8 1401  579.00000  640.40495  10.6%  1360   75s
   386   301  600.04148   21 1276  579.00000  640.40495  10.6%  1389   80s
H  411   308                     580.0000000  640.40495  10.4%  1343   81s
H  418   300                     581.0000000  640.40495  10.2%  1326   81s
   434   310  633.89822   15 1436  581.00000  640.08711  10.2%  1319   85s
H  438   301                     582.0000000  640.08711  10.0%  1323   86s
   449   314  618.66032   25 1359  582.00000  640.08711  10.0%  1351   90s
   500   339  633.84128    8 1446  582.00000  640.08650  10.0%  1318   96s
   516   355  595.25943   19 1262  582.00000  640.08650  10.0%  1338  100s
   558   381  634.41719   13 1438  582.00000  639.92211  10.0%  1307  105s
   578   401  616.61732   29 1358  582.00000  639.92211  10.0%  1329  110s
   594   416  594.98972   26 1490  582.00000  639.92211  10.0%  1355  125s
   597   418  583.53110   32 1480  582.00000  639.92211  10.0%  1348  132s
   600   420  612.11412   33 1490  582.00000  639.92211  10.0%  1341  135s
   604   423  622.57255   14 1491  582.00000  639.92211  10.0%  1333  141s
   605   423  594.37581   24 1486  582.00000  639.92211  10.0%  1330  148s
   608   425  601.75098   26 1490  582.00000  639.92211  10.0%  1324  154s
   609   426  632.82563    5 1488  582.00000  639.92211  10.0%  1322  161s
   611   427  628.74671   20 1489  582.00000  639.92211  10.0%  1317  168s
   612   428  621.09682   25 1487  582.00000  639.92211  10.0%  1315  175s
   613   429  616.79454   27 1488  582.00000  639.92211  10.0%  1313  180s
   614   429  623.28815    7 1488  582.00000  639.92211  10.0%  1311  188s
   616   431  621.86666   35 1489  582.00000  639.92211  10.0%  1307  195s
   617   431  608.24951   11 1489  582.00000  639.92211  10.0%  1305  202s
   618   432  621.86666   35 1489  582.00000  639.92211  10.0%  1302  209s
   619   433  622.98635    9 1488  582.00000  639.92211  10.0%  1300  217s
   621   434  591.03978   44 1488  582.00000  639.92211  10.0%  1296  229s
   622   437  639.89071   16 1479  582.00000  639.92211  10.0%  1378  230s
   631   443  638.10074   20 1469  582.00000  639.82614  9.94%  1394  235s
   642   450  634.19380   26 1445  582.00000  639.82614  9.94%  1424  240s
   656   459  635.08001   33 1447  582.00000  639.82614  9.94%  1432  245s
   673   471  631.91180   41 1431  582.00000  639.82614  9.94%  1442  250s
   688   481  630.34533   49 1428  582.00000  639.82614  9.94%  1457  255s
   705   492  613.10173   57 1348  582.00000  639.82614  9.94%  1480  260s
   720   502  626.09016   65 1403  582.00000  639.82614  9.94%  1493  265s
   737   513  622.95462   73 1389  582.00000  639.82614  9.94%  1513  270s
   750   522  617.19503   80 1365  582.00000  639.82614  9.94%  1537  275s
   766   533  617.12985   88 1366  582.00000  639.82614  9.94%  1549  280s
   783   544  617.17471   96 1368  582.00000  639.82614  9.94%  1557  285s
   797   553  615.07957  103 1353  582.00000  639.82614  9.94%  1573  290s
   821   569  611.71626  115 1346  582.00000  639.82614  9.94%  1571  295s
   843   584  599.01963  126 1292  582.00000  639.82614  9.94%  1578  300s
   869   601  601.42815  139 1286  582.00000  639.82614  9.94%  1579  305s
   889   615  596.42650  149 1262  582.00000  639.82614  9.94%  1593  310s
   916   633  599.21712  163 1278  582.00000  639.82614  9.94%  1601  315s
   944   651  596.45481  177 1258  582.00000  639.82614  9.94%  1608  320s
   977   673  585.73170  193 1194  582.00000  639.82614  9.94%  1613  325s
  1025   701  588.23780  217 1146  582.00000  639.82614  9.94%  1594  330s
  1100   727  618.85241   18 1362  582.00000  639.72829  9.92%  1526  335s
  1106   731  633.24721   21 1435  582.00000  639.72829  9.92%  1540  340s
  1112   735  633.63154   24 1431  582.00000  639.72829  9.92%  1554  345s
  1120   741  631.73296   28 1429  582.00000  639.72829  9.92%  1571  351s
  1126   745  629.98881   31 1422  582.00000  639.72829  9.92%  1583  355s
  1134   750  631.82567   35 1425  582.00000  639.72829  9.92%  1596  360s
  1142   755  626.97787   39 1410  582.00000  639.72829  9.92%  1612  365s
  1150   761  627.74785   43 1402  582.00000  639.72829  9.92%  1626  370s
  1159   767  633.92622   48 1437  582.00000  639.72829  9.92%  1639  375s
  1168   773  623.91213   52 1383  582.00000  639.72829  9.92%  1657  380s
  1178   779  627.72920   57 1407  582.00000  639.72829  9.92%  1671  385s
  1188   786  623.94513   62 1380  582.00000  639.72829  9.92%  1686  390s
  1198   793  622.48872   67 1380  582.00000  639.72829  9.92%  1698  395s
  1211   801  630.31340   74 1407  582.00000  639.72829  9.92%  1708  400s
  1222   809  625.73496   79 1382  582.00000  639.72829  9.92%  1725  405s
  1235   817  628.64552   86 1393  582.00000  639.72829  9.92%  1733  410s
  1248   826  624.56729   92 1371  582.00000  639.72829  9.92%  1744  415s
  1264   837  621.87871  100 1356  582.00000  639.72829  9.92%  1752  420s
  1280   847  620.06990  108 1346  582.00000  639.72829  9.92%  1759  425s
  1298   859  617.04709  117 1338  582.00000  639.72829  9.92%  1766  430s
  1324   877  610.84633  130 1299  582.00000  639.72829  9.92%  1767  435s
  1352   895  614.64448  144 1293  582.00000  639.72829  9.92%  1764  440s
  1400   927  598.98621  168 1192  582.00000  639.72829  9.92%  1743  445s
  1478   979  596.72824  207 1211  582.00000  639.72829  9.92%  1689  450s
  1578  1026  633.19724   19 1441  582.00000  639.71633  9.92%  1617  456s
  1584  1030  633.65153   22 1437  582.00000  639.71633  9.92%  1627  461s
  1590  1034  633.18127   25 1434  582.00000  639.71633  9.92%  1638  466s
H 1595   996                     583.0000000  639.71633  9.73%  1643  469s
  1596   999  633.13265   28 1428  583.00000  639.71633  9.73%  1647  470s
  1602  1003  632.34173   31 1419  583.00000  639.71633  9.73%  1657  475s
  1608  1007  631.23853   34 1427  583.00000  639.71633  9.73%  1666  480s
  1616  1012  627.18041   38 1405  583.00000  639.71633  9.73%  1678  486s
  1622  1016  632.65326   41 1428  583.00000  639.71633  9.73%  1686  490s
  1630  1022  632.28058   45 1419  583.00000  639.71633  9.73%  1695  495s
  1638  1027  624.35078   49 1391  583.00000  639.71633  9.73%  1706  500s
  1648  1034  630.19625   54 1407  583.00000  639.71633  9.73%  1716  505s
  1656  1039  628.80016   58 1410  583.00000  639.71633  9.73%  1725  510s
H 1663  1004                     584.0000000  639.71633  9.54%  1731  513s
  1666  1008  629.04546   63 1402  584.00000  639.71633  9.54%  1735  515s
  1676  1014  628.81577   68 1396  584.00000  639.71633  9.54%  1743  520s
  1686  1021  623.15520   73 1371  584.00000  639.71633  9.54%  1751  525s
  1698  1029  617.63374   79 1358  584.00000  639.71633  9.54%  1760  530s
  1710  1037  619.81394   85 1346  584.00000  639.71633  9.54%  1768  535s
  1724  1046  625.84354   92 1375  584.00000  639.71633  9.54%  1773  540s
  1738  1056  611.22642   99 1319  584.00000  639.71633  9.54%  1780  545s
  1756  1068  622.67754  108 1358  584.00000  639.71633  9.54%  1784  550s
  1773  1079  623.28979  117 1362  584.00000  639.71633  9.54%  1788  555s
  1794  1094  618.64098  127 1328  584.00000  639.71633  9.54%  1791  560s
  1816  1116  616.05231  138 1325  584.00000  639.71633  9.54%  1789  565s
  1844  1144  613.89674  152 1324  584.00000  639.71633  9.54%  1785  570s
  1887  1187  607.75154  174 1285  584.00000  639.71633  9.54%  1768  575s
  1946  1246  598.60037  203 1201  584.00000  639.71633  9.54%  1739  580s
  2027  1325  585.52201  244 1082  584.00000  639.71633  9.54%  1685  586s
  2048  1325  634.94811   20 1438  584.00000  639.71382  9.54%  1677  590s
  2054  1331  632.60992   23 1433  584.00000  639.71382  9.54%  1687  596s
  2060  1337  629.59569   26 1423  584.00000  639.71382  9.54%  1694  601s
  2066  1343  629.05389   29 1416  584.00000  639.71382  9.54%  1701  606s
  2071  1348  636.88587   32 1456  584.00000  639.71382  9.54%  1706  610s
  2078  1355  632.57905   35 1424  584.00000  639.71382  9.54%  1714  615s
  2084  1361  627.99374   38 1405  584.00000  639.71382  9.54%  1720  621s
  2090  1367  632.63726   41 1414  584.00000  639.71382  9.54%  1727  625s
  2098  1375  628.35877   45 1410  584.00000  639.71382  9.54%  1734  630s
  2106  1383  630.41615   49 1413  584.00000  639.71382  9.54%  1742  635s
  2114  1391  623.75899   53 1383  584.00000  639.71382  9.54%  1750  641s
  2122  1399  627.74906   57 1399  584.00000  639.71382  9.54%  1756  646s
  2131  1408  632.48520   62 1418  584.00000  639.71382  9.54%  1760  650s
  2140  1417  628.60422   66 1400  584.00000  639.71382  9.54%  1766  655s
  2151  1428  630.99653   72 1408  584.00000  639.71382  9.54%  1771  660s
  2160  1437  620.46649   76 1353  584.00000  639.71382  9.54%  1779  665s
  2171  1448  629.38143   82 1401  584.00000  639.71382  9.54%  1783  670s
  2183  1460  628.52613   88 1388  584.00000  639.71382  9.54%  1788  675s
  2189  1466  627.97874   91 1392  584.00000  639.71382  9.54%  1791  680s
  2202  1479  622.44315   97 1348  584.00000  639.71382  9.54%  1796  685s
  2216  1493  620.77948  104 1351  584.00000  639.71382  9.54%  1800  693s
  2222  1499  620.18793  107 1352  584.00000  639.71382  9.54%  1800  695s
  2238  1515  617.92207  115 1326  584.00000  639.71382  9.54%  1803  700s
  2243  1520  622.40543  118 1366  584.00000  639.71382  9.54%  1803  710s
H 2261  1508                     585.0000000  639.71382  9.35%  1804  716s
  2270  1519  618.55416  131 1334  585.00000  639.71382  9.35%  1805  720s
  2287  1536  617.90587  140 1330  585.00000  639.71382  9.35%  1804  725s
  2300  1549  614.64946  146 1300  585.00000  639.71382  9.35%  1802  730s
  2313  1562  614.77795  153 1315  585.00000  639.71382  9.35%  1800  736s
  2324  1573  612.59158  158 1312  585.00000  639.71382  9.35%  1797  740s
  2342  1591  609.10483  167 1286  585.00000  639.71382  9.35%  1791  745s
  2365  1614  606.69214  179 1274  585.00000  639.71382  9.35%  1783  754s
  2373  1622  605.32909  183 1266  585.00000  639.71382  9.35%  1780  755s
  2426  1675  595.12825  209 1192  585.00000  639.71382  9.35%  1757  760s
  2488  1722  639.08575   18 1479  585.00000  639.60715  9.33%  1724  765s
  2492  1726  618.41994   20 1369  585.00000  639.60715  9.33%  1730  770s
  2498  1732  627.54765   23 1413  585.00000  639.60715  9.33%  1738  776s
  2502  1736  633.78985   25 1440  585.00000  639.60715  9.33%  1741  780s
  2508  1742  632.07080   28 1422  585.00000  639.60715  9.33%  1748  785s
  2515  1749  636.81065   32 1454  585.00000  639.60715  9.33%  1752  800s
  2522  1756  630.04209   35 1423  585.00000  639.60715  9.33%  1759  806s
  2524  1758  630.34358   36 1422  585.00000  639.60715  9.33%  1761  811s
  2530  1764  628.59021   39 1420  585.00000  639.60715  9.33%  1767  816s
  2536  1770  627.63976   42 1408  585.00000  639.60715  9.33%  1773  820s
  2544  1778  631.50797   46 1416  585.00000  639.60715  9.33%  1779  825s
  2552  1786  627.78899   50 1404  585.00000  639.60715  9.33%  1785  831s
  2558  1792  623.59261   53 1391  585.00000  639.60715  9.33%  1791  835s
  2568  1802  628.16576   58 1403  585.00000  639.60715  9.33%  1796  840s
  2578  1812  628.95949   63 1401  585.00000  639.60715  9.33%  1803  845s
  2588  1822  627.58485   68 1395  585.00000  639.60715  9.33%  1809  851s
  2598  1832  621.00171   73 1371  585.00000  639.60715  9.33%  1814  855s
  2608  1842  626.34878   78 1399  585.00000  639.60715  9.33%  1818  860s
  2622  1856  626.53751   85 1386  585.00000  639.60715  9.33%  1823  865s
  2636  1870  623.70602   92 1364  585.00000  639.60715  9.33%  1827  870s
  2650  1884  619.51589   99 1353  585.00000  639.60715  9.33%  1831  875s
  2662  1896  623.45286  105 1359  585.00000  639.60715  9.33%  1835  880s
  2682  1916  619.12494  115 1354  585.00000  639.60715  9.33%  1836  885s
  2704  1938  617.03128  126 1333  585.00000  639.60715  9.33%  1838  890s
  2728  1962  615.72653  138 1326  585.00000  639.60715  9.33%  1838  895s
  2764  1998  607.86443  156 1282  585.00000  639.60715  9.33%  1831  900s
  2808  2042  606.05386  178 1283  585.00000  639.60715  9.33%  1820  905s
  2883  2117  594.36295  216 1192  585.00000  639.60715  9.33%  1795  910s
  2938  2157  631.54348   21 1428  585.00000  639.60582  9.33%  1777  915s
  2944  2163  634.97306   24 1453  585.00000  639.60582  9.33%  1782  920s
  2950  2169  633.32041   27 1443  585.00000  639.60582  9.33%  1787  925s
  2956  2175  631.84644   30 1440  585.00000  639.60582  9.33%  1792  941s
  2960  2179  632.33162   32 1430  585.00000  639.60582  9.33%  1796  945s
  2964  2183  631.99937   34 1436  585.00000  639.60582  9.33%  1800  950s
  2970  2189  628.98626   37 1418  585.00000  639.60582  9.33%  1805  955s
  2976  2195  632.87996   40 1433  585.00000  639.60582  9.33%  1810  960s
  2984  2203  628.58632   44 1425  585.00000  639.60582  9.33%  1815  965s
  2990  2209  628.27022   47 1412  585.00000  639.60582  9.33%  1819  971s
  2995  2214  634.43028   50 1448  585.00000  639.60582  9.33%  1821  975s
  3002  2221  624.30857   53 1401  585.00000  639.60582  9.33%  1827  981s
  3006  2225  630.91670   55 1424  585.00000  639.60582  9.33%  1829  990s
  3014  2233  628.15895   59 1412  585.00000  639.60582  9.33%  1834  995s
  3020  2239  625.29690   62 1384  585.00000  639.60582  9.33%  1837 1001s
  3028  2247  620.68787   66 1375  585.00000  639.60582  9.33%  1843 1006s
  3036  2255  628.24375   70 1403  585.00000  639.60582  9.33%  1847 1010s
  3044  2263  613.07859   74 1335  585.00000  639.60582  9.33%  1851 1015s
  3056  2275  627.13189   80 1390  585.00000  639.60582  9.33%  1857 1020s
  3071  2290  629.31287   88 1400  585.00000  639.60582  9.33%  1861 1029s
  3074  2293  625.03064   89 1378  585.00000  639.60582  9.33%  1862 1030s
  3090  2309  624.66393   97 1379  585.00000  639.60582  9.33%  1865 1035s
  3108  2327  619.73154  106 1362  585.00000  639.60582  9.33%  1868 1040s
  3126  2345  612.25143  115 1313  585.00000  639.60582  9.33%  1871 1045s
  3146  2365  616.88391  125 1336  585.00000  639.60582  9.33%  1873 1050s
  3170  2389  617.41750  137 1335  585.00000  639.60582  9.33%  1874 1055s
  3199  2418  616.46015  152 1317  585.00000  639.60582  9.33%  1872 1060s
  3241  2460  610.97063  173 1294  585.00000  639.60582  9.33%  1863 1065s
  3292  2511  595.89569  198 1216  585.00000  639.60582  9.33%  1850 1071s
  3395  2600  638.47930   19 1477  585.00000  638.82682  9.20%  1809 1075s
  3401  2606  630.08330   22 1420  585.00000  638.82682  9.20%  1815 1080s
  3409  2614  631.49708   26 1427  585.00000  638.82682  9.20%  1820 1086s
  3415  2620  626.58556   29 1408  585.00000  638.82682  9.20%  1825 1090s
  3423  2628  630.58465   33 1415  585.00000  638.82682  9.20%  1830 1095s
  3429  2634  631.07208   36 1420  585.00000  638.82682  9.20%  1833 1111s
  3435  2640  631.30414   39 1422  585.00000  638.82682  9.20%  1836 1115s
  3443  2648  625.86739   43 1411  585.00000  638.82682  9.20%  1840 1120s
  3451  2656  626.12410   47 1401  585.00000  638.82682  9.20%  1845 1125s
  3461  2666  623.97054   52 1383  585.00000  638.82682  9.20%  1850 1130s
  3471  2676  624.55321   57 1389  585.00000  638.82682  9.20%  1855 1135s
  3479  2684  626.51185   61 1399  585.00000  638.82682  9.20%  1859 1140s
  3489  2694  628.23826   66 1399  585.00000  638.82682  9.20%  1864 1145s
  3500  2705  630.25822   72 1408  585.00000  638.82682  9.20%  1867 1150s
  3513  2718  625.68388   78 1377  585.00000  638.82682  9.20%  1871 1155s
  3527  2732  623.74897   85 1380  585.00000  638.82682  9.20%  1874 1160s
  3543  2748  623.15321   93 1367  585.00000  638.82682  9.20%  1877 1165s
  3561  2766  621.01895  102 1367  585.00000  638.82682  9.20%  1879 1170s
  3579  2784  617.71642  111 1341  585.00000  638.82682  9.20%  1881 1175s
  3602  2807  620.56352  123 1352  585.00000  638.82682  9.20%  1882 1180s
  3629  2834  616.68718  136 1337  585.00000  638.82682  9.20%  1881 1185s
  3670  2875  612.68666  157 1311  585.00000  638.82682  9.20%  1876 1190s
  3729  2934  602.48006  186 1251  585.00000  638.82682  9.20%  1863 1195s
  3858  3029  637.34979   20 1461  585.00000  638.82642  9.20%  1817 1200s
  3864  3035  631.83995   23 1429  585.00000  638.82642  9.20%  1822 1205s
  3872  3043  630.39605   27 1411  585.00000  638.82642  9.20%  1827 1210s
  3878  3049  627.56357   30 1403  585.00000  638.82642  9.20%  1831 1215s
  3886  3057  629.44719   34 1415  585.00000  638.82642  9.20%  1835 1220s
  3894  3065  631.51772   38 1408  585.00000  638.82642  9.20%  1839 1225s
  3902  3073  626.99285   42 1397  585.00000  638.82642  9.20%  1843 1230s
  3911  3082  633.42672   47 1429  585.00000  638.82642  9.20%  1846 1235s
  3920  3091  628.54256   51 1396  585.00000  638.82642  9.20%  1850 1240s
  3930  3101  619.60428   56 1368  585.00000  638.82642  9.20%  1854 1246s
  3940  3111  627.46288   61 1392  585.00000  638.82642  9.20%  1857 1250s
  3951  3122  629.79890   67 1410  585.00000  638.82642  9.20%  1860 1255s
  3964  3135  623.56583   73 1370  585.00000  638.82642  9.20%  1863 1260s
  3976  3147  610.02876   79 1300  585.00000  638.82642  9.20%  1866 1265s
  3988  3159  624.21990   85 1360  585.00000  638.82642  9.20%  1869 1270s
  3996  3167  624.72232   89 1357  585.00000  638.82642  9.20%  1870 1279s
  4000  3171  623.60079   91 1363  585.00000  638.82642  9.20%  1870 1280s
  4008  3179  621.60349   95 1351  585.00000  638.82642  9.20%  1872 1287s
  4020  3191  619.48983  101 1354  585.00000  638.82642  9.20%  1872 1290s
  4040  3211  619.17399  111 1339  585.00000  638.82642  9.20%  1873 1295s
  4044  3215  619.35528  113 1342  585.00000  638.82642  9.20%  1873 1311s
  4060  3231  616.84989  121 1331  585.00000  638.82642  9.20%  1874 1315s
  4086  3257  613.69415  134 1309  585.00000  638.82642  9.20%  1873 1320s
  4122  3293  611.56177  152 1291  585.00000  638.82642  9.20%  1868 1325s
  4181  3352  604.55671  182 1262  585.00000  638.82642  9.20%  1857 1330s
  4305  3454  638.15988   20 1469  585.00000  638.15988  9.09%  1817 1335s
  4338  3487  632.89144   53 1428  585.00000  638.15555  9.09%  1810 1340s
  4380  3529  623.47763   93 1354  585.00000  638.15555  9.09%  1802 1345s
  4401  3550  623.12700  107 1369  585.00000  638.15555  9.09%  1802 1350s
  4462  3611  614.04013  150 1318  585.00000  638.15555  9.09%  1788 1355s
  4516  3665  607.29580  173 1272  585.00000  638.15555  9.09%  1779 1360s
  4597  3746  602.64053  187 1258  585.00000  638.15555  9.09%  1761 1365s
  4698  3847  597.50903  200 1246  585.00000  638.15555  9.09%  1738 1370s
  4822  3971  591.24948  220 1215  585.00000  638.15555  9.09%  1709 1375s
  4997  4114  632.49141   21 1438  585.00000  638.09995  9.08%  1661 1380s
  5010  4127  630.32773   34 1421  585.00000  638.09995  9.08%  1659 1391s
  5044  4161  625.26649   68 1381  585.00000  638.09995  9.08%  1653 1395s
  5086  4203  615.87740  100 1321  585.00000  638.09995  9.08%  1649 1400s
  5152  4269  608.83898  146 1289  585.00000  638.09995  9.08%  1639 1405s
  5232  4349  599.69149  176 1247  585.00000  638.09995  9.08%  1625 1410s
  5378  4495  588.95318  205 1173  585.00000  638.09995  9.08%  1593 1415s
  5481  4577  633.14434   40 1434  585.00000  638.09937  9.08%  1571 1420s
  5533  4629  623.07473   88 1360  585.00000  638.09937  9.08%  1564 1425s
  5593  4689  614.06016  140 1311  585.00000  638.09937  9.08%  1556 1430s
  5653  4749  606.49681  171 1249  585.00000  638.09937  9.08%  1549 1435s
  5765  4861  598.13373  194 1194  585.00000  638.09937  9.08%  1530 1440s
  5937  5033  588.96715  219 1100  585.00000  638.09937  9.08%  1497 1445s
  6036  5120  634.15921   43 1438  585.00000  637.86688  9.04%  1479 1450s
  6077  5161  625.48656   81 1380  585.00000  637.86688  9.04%  1475 1455s
  6111  5195  621.76335  111 1354  585.00000  637.86688  9.04%  1473 1460s
  6177  5261  610.30822  154 1292  585.00000  637.86688  9.04%  1466 1465s
  6257  5341  602.32823  182 1231  585.00000  637.86688  9.04%  1457 1470s
  6388  5472  593.20107  209 1151  585.00000  637.86688  9.04%  1438 1475s
  6596  5647  628.98897   22 1420  585.00000  637.64851  9.00%  1403 1481s
  6629  5680  623.17729   55 1377  585.00000  637.64851  9.00%  1400 1485s
  6690  5741  609.62617  108 1297  585.00000  637.64851  9.00%  1394 1490s
  6763  5814  600.98166  158 1258  585.00000  637.64851  9.00%  1387 1495s
  6877  5928  589.75639  189 1157  585.00000  637.64851  9.00%  1374 1500s
  6971  6000  628.86213   23 1428  585.00000  637.63467  9.00%  1363 1505s
  7005  6034  623.01273   57 1395  585.00000  637.63467  9.00%  1360 1510s
  7014  6043  621.75853   66 1383  585.00000  637.63467  9.00%  1359 1516s
  7048  6077  615.58343   96 1342  585.00000  637.63467  9.00%  1357 1520s
  7116  6145  603.91325  140 1268  585.00000  637.63467  9.00%  1352 1525s
  7208  6237  594.51233  172 1227  585.00000  637.63467  9.00%  1342 1530s
  7341  6361     cutoff  197       585.00000  637.63467  9.00%  1327 1535s
  7390  6394  607.52594   62 1312  585.00000  637.54468  8.98%  1323 1540s
  7487  6491  590.30549  132 1210  585.00000  637.54468  8.98%  1314 1545s
  7549  6543  627.21479   51 1395  585.00000  637.47735  8.97%  1309 1550s
  7608  6602  615.92759  106 1318  585.00000  637.47735  8.97%  1304 1555s
  7666  6660  607.07779  138 1270  585.00000  637.47735  8.97%  1300 1560s
  7760  6754  596.39645  180 1212  585.00000  637.47735  8.97%  1292 1565s
  7874  6868  589.80357  198 1148  585.00000  637.47735  8.97%  1281 1570s
  7965  6932  623.16217   25 1387  585.00000  637.34720  8.95%  1273 1575s
  8005  6972  598.44185   65 1271  585.00000  637.34720  8.95%  1271 1580s
  8042  7001  629.51771   48 1411  585.00000  637.32330  8.94%  1269 1585s
  8103  7062  617.76025  109 1338  585.00000  637.32330  8.94%  1265 1590s
  8227  7165  633.89160   26 1452  585.00000  637.32242  8.94%  1252 1595s
  8235  7173  624.09724   30 1404  585.00000  637.32242  8.94%  1255 1601s
  8241  7179  611.56653   33 1339  585.00000  637.32242  8.94%  1257 1605s
  8249  7187  626.03866   37 1407  585.00000  637.32242  8.94%  1259 1611s
  8255  7193  625.65464   40 1405  585.00000  637.32242  8.94%  1261 1615s
  8263  7201  626.66188   44 1406  585.00000  637.32242  8.94%  1263 1620s
  8271  7209  619.60970   48 1381  585.00000  637.32242  8.94%  1266 1625s
  8281  7219  622.12429   53 1389  585.00000  637.32242  8.94%  1269 1630s
  8289  7227  620.33874   57 1368  585.00000  637.32242  8.94%  1271 1635s
  8299  7237  624.71834   62 1395  585.00000  637.32242  8.94%  1273 1640s
  8309  7247  621.85591   67 1377  585.00000  637.32242  8.94%  1275 1645s
  8321  7259  616.61191   73 1351  585.00000  637.32242  8.94%  1277 1650s
  8337  7275  620.83615   81 1371  585.00000  637.32242  8.94%  1280 1655s
  8353  7291  619.05499   89 1362  585.00000  637.32242  8.94%  1282 1660s
  8371  7309  618.43715   98 1351  585.00000  637.32242  8.94%  1284 1665s
  8393  7331  612.77738  109 1332  585.00000  637.32242  8.94%  1286 1670s
  8413  7351  615.43200  119 1321  585.00000  637.32242  8.94%  1288 1675s
  8441  7379  613.10328  133 1313  585.00000  637.32242  8.94%  1289 1680s
  8489  7427  605.52140  157 1260  585.00000  637.32242  8.94%  1288 1685s
  8563  7501  595.55301  194 1214  585.00000  637.32242  8.94%  1284 1690s
  8651  7560  634.32592   40 1455  585.00000  637.26219  8.93%  1277 1695s
  8697  7606  627.69330   86 1401  585.00000  637.26219  8.93%  1274 1700s
  8767  7676  612.19842  156 1325  585.00000  637.26219  8.93%  1269 1705s
  8884  7751  631.54708   24 1433  585.00000  637.20798  8.92%  1259 1710s
  8942  7809  621.76644   82 1360  585.00000  637.20798  8.92%  1255 1715s
  9050  7903     cutoff  179       585.00000  637.20798  8.92%  1245 1720s
  9079  7932  629.52705   50 1408  585.00000  637.20624  8.92%  1244 1725s
  9151  8004  617.40872  121 1328  585.00000  637.20624  8.92%  1239 1730s
  9217  8070  607.25677  158 1268  585.00000  637.20624  8.92%  1236 1735s
  9312  8165  596.25723  188 1184  585.00000  637.20624  8.92%  1231 1740s
  9491  8344  586.36863  218 1099  585.00000  637.20624  8.92%  1215 1745s
  9543  8374  629.22202   44 1416  585.00000  637.07056  8.90%  1212 1750s
  9601  8432  598.83367  102 1248  585.00000  637.07056  8.90%  1209 1755s
  9655  8476  627.27333   46 1412  585.00000  637.06244  8.90%  1206 1760s
  9729  8550  612.41866  120 1314  585.00000  637.06244  8.90%  1202 1765s
  9827  8636  627.91778   28 1409  585.00000  636.89613  8.87%  1195 1770s
  9873  8675     cutoff   71       585.00000  636.89613  8.87%  1193 1775s
  9881  8683  616.48756   29 1358  585.00000  636.84546  8.86%  1196 1780s
  9897  8699  595.62771   35 1268  585.00000  636.84546  8.86%  1198 1785s
  9942  8708  622.35110   29 1395  585.00000  636.80991  8.86%  1197 1790s
  9994  8760  589.45809   81 1225  585.00000  636.80991  8.86%  1195 1795s
 10020  8774  612.56743   35 1345  585.00000  636.79155  8.85%  1194 1802s
 10078  8832  598.88985   93 1273  585.00000  636.79155  8.85%  1191 1805s
 10124  8868  620.37121   39 1367  585.00000  636.76883  8.85%  1189 1810s
 10167  8901  631.65216   28 1427  585.00000  636.76004  8.85%  1188 1815s
 10203  8936  633.78094   37 1490  585.00000  636.76004  8.85%  1186 2500s
 10206  8938  598.02711  108 1485  585.00000  636.76004  8.85%  1186 2510s
 10208  8939  609.68354  163 1489  585.00000  633.96559  8.37%  1186 2515s
 10213  8943  630.80249   33 1495  585.00000  633.66297  8.32%  1185 2530s
 10214  8943  591.20779  223 1496  585.00000  633.56868  8.30%  1185 2546s
 10216  8945  622.21369   33 1493  585.00000  633.52348  8.29%  1185 2561s
 10217  8945  602.98801   83 1489  585.00000  632.61848  8.14%  1185 2577s
 10221  8948  591.88354  171 1492  585.00000  632.48426  8.12%  1184 2592s
 10222  8949  626.47865   61 1493  585.00000  632.21378  8.07%  1184 2605s
 10225  8951  605.31197  179 1494  585.00000  632.16469  8.06%  1184 2620s
 10226  8951  613.65777  139 1491  585.00000  631.96934  8.03%  1184 2634s
 10227  8952  602.10744  165 1492  585.00000  631.91644  8.02%  1184 2635s
 10229  8953  618.32295  135 1492  585.00000  631.90741  8.02%  1183 2648s
 10230  8954  622.03426  114 1491  585.00000  631.64620  7.97%  1183 2663s
 10233  8956  591.45783  226 1495  585.00000  631.56694  7.96%  1183 2681s
 10234  8957  631.30407   29 1490  585.00000  631.30407  7.92%  1183 2696s
 10237  8959  598.39735  201 1493  585.00000  631.25730  7.91%  1182 2711s
 10238  8959  596.65921   94 1492  585.00000  631.22481  7.90%  1182 2725s
 10240  8961  611.07829  131 1493  585.00000  631.21556  7.90%  1182 2739s
 10241  8961  622.03303  114 1491  585.00000  631.18469  7.89%  1182 2752s
 10244  8963  615.88703  139 1493  585.00000  631.16429  7.89%  1182 2768s
 10245  8964  596.41722  181 1493  585.00000  631.04359  7.87%  1182 2781s
 10247  8965  605.26819   67 1494  585.00000  631.02321  7.87%  1181 2797s
 10248  8966  602.37082  189 1493  585.00000  630.96359  7.86%  1181 2812s
 10250  8967  628.16400   43 1494  585.00000  630.95046  7.85%  1181 2827s
 10251  8968  587.87079  232 1494  585.00000  630.92244  7.85%  1181 2842s
 10252  8969  625.54704   92 1493  585.00000  630.91883  7.85%  1181 2857s
 10253  8969  615.46595  144 1493  585.00000  630.88898  7.84%  1181 2870s
 10255  8971  603.85637  184 1493  585.00000  630.87743  7.84%  1180 2885s
 10256  8971  593.31446  205 1493  585.00000  630.86340  7.84%  1180 2900s
 10257  8972  619.73173  124 1493  585.00000  630.85849  7.84%  1180 2915s
 10258  8973  604.28603  175 1492  585.00000  630.81020  7.83%  1180 2929s
 10260  8974  598.49623  204 1494  585.00000  630.79916  7.83%  1180 2943s
 10261  8975  599.24946   92 1492  585.00000  630.77828  7.83%  1180 2957s
 10263  8976  614.08383  145 1494  585.00000  630.77021  7.82%  1179 2971s
 10264  8977  622.36583  104 1494  585.00000  630.75728  7.82%  1179 2987s
 10266  8978  594.64827  205 1493  585.00000  630.75026  7.82%  1179 3001s
 10267  8979  596.69411   81 1491  585.00000  630.74680  7.82%  1179 3015s
 10268  8979  611.68068  129 1493  585.00000  630.74539  7.82%  1179 3030s
 10269  8980  598.20571  199 1494  585.00000  630.74389  7.82%  1179 3045s
 10270  8981  607.80367  173 1494  585.00000  630.74353  7.82%  1179 3059s
 10271  8981  622.96651   69 1494  585.00000  630.74350  7.82%  1179 3073s
 10272  8982  605.28632   78 1494  585.00000  630.74349  7.82%  1178 3087s
 10273  8983  609.74570  167 1494  585.00000  630.74349  7.82%  1178 3102s
 10274  8983  586.41597  229 1494  585.00000  630.73327  7.82%  1178 3117s
 10275  8984  601.71336  188 1494  585.00000  630.73189  7.82%  1178 3132s
 10276  8985  588.47758  220 1494  585.00000  630.73189  7.82%  1178 3148s
 10279  8989  630.25336   32 1490  585.00000  630.48262  7.77%  1187 3150s
 10287  8994  629.47732   36 1485  585.00000  630.09564  7.71%  1188 3155s
 10296  9000  628.32946   40 1479  585.00000  630.09564  7.71%  1189 3160s
 10305  9006  626.89660   45 1469  585.00000  630.09564  7.71%  1190 3165s
 10314  9012  624.97789   49 1449  585.00000  630.09564  7.71%  1192 3170s
 10324  9019  623.99155   54 1452  585.00000  630.09564  7.71%  1193 3175s
 10335  9026  623.09335   60 1453  585.00000  630.09564  7.71%  1194 3180s
 10344  9032  620.69963   64 1437  585.00000  630.09564  7.71%  1195 3185s
 10356  9040  619.40081   70 1432  585.00000  630.09564  7.71%  1197 3190s
 10369  9049  618.76593   77 1431  585.00000  630.09564  7.71%  1198 3195s
 10381  9057  615.67637   83 1422  585.00000  630.09564  7.71%  1199 3200s
 10395  9066  614.43963   90 1422  585.00000  630.09564  7.71%  1200 3205s
 10409  9075  612.05132   97 1415  585.00000  630.09564  7.71%  1201 3210s
 10422  9084  606.69395  103 1382  585.00000  630.09564  7.71%  1202 3215s
 10436  9093  607.01175  110 1388  585.00000  630.09564  7.71%  1204 3220s
 10451  9103  605.81907  118 1389  585.00000  630.09564  7.71%  1205 3225s
 10466  9113  602.31120  125 1375  585.00000  630.09564  7.71%  1206 3230s
 10478  9121  598.25397  131 1357  585.00000  630.09564  7.71%  1208 3235s
 10494  9132  598.04662  139 1353  585.00000  630.09564  7.71%  1209 3240s
 10508  9141  596.08325  146 1346  585.00000  630.09564  7.71%  1211 3245s
 10521  9150  596.15260  153 1349  585.00000  630.09564  7.71%  1212 3250s
 10534  9159  591.88569  159 1318  585.00000  630.09564  7.71%  1214 3255s
 10550  9167     cutoff  167       585.00000  630.09564  7.71%  1216 3260s
 10566  9178  587.17616  175 1296  585.00000  630.09564  7.71%  1218 3265s
 10589  9177  589.22974  187 1304  585.00000  630.09564  7.71%  1219 3270s
 10646  9156  629.47396   32 1474  585.00000  630.09507  7.71%  1214 3275s
 10652  9160  626.32920   35 1448  585.00000  630.09507  7.71%  1216 3280s
 10658  9164  620.20496   38 1420  585.00000  630.09507  7.71%  1218 3286s
 10662  9167  621.71517   40 1422  585.00000  630.09507  7.71%  1219 3291s
 10668  9171  619.12486   43 1407  585.00000  630.09507  7.71%  1221 3296s
 10672  9174  622.39394   45 1430  585.00000  630.09507  7.71%  1222 3300s
 10678  9178  623.53768   48 1426  585.00000  630.09507  7.71%  1224 3305s
 10684  9182  622.85973   51 1430  585.00000  630.09507  7.71%  1226 3310s
 10690  9186  623.11902   54 1423  585.00000  630.09507  7.71%  1228 3315s
 10696  9190  620.18845   57 1415  585.00000  630.09507  7.71%  1229 3320s
 10703  9194  625.35865   61 1437  585.00000  630.09507  7.71%  1231 3325s
 10710  9199  616.00409   64 1388  585.00000  630.09507  7.71%  1233 3331s
 10716  9203  616.90722   67 1397  585.00000  630.09507  7.71%  1235 3335s
 10724  9208  618.21284   71 1399  585.00000  630.09507  7.71%  1236 3341s
 10731  9213  623.19090   75 1421  585.00000  630.09507  7.71%  1238 3345s
 10741  9220  622.25242   80 1412  585.00000  630.09507  7.71%  1239 3350s
 10752  9227  619.62531   85 1394  585.00000  630.09507  7.71%  1241 3355s
 10762  9234  614.30564   90 1361  585.00000  630.09507  7.71%  1243 3360s
 10772  9240  614.48528   95 1365  585.00000  630.09507  7.71%  1245 3365s
 10782  9247  613.88104  100 1370  585.00000  630.09507  7.71%  1247 3370s
 10794  9255  615.45737  106 1361  585.00000  630.09507  7.71%  1248 3375s
 10805  9262  616.93816  112 1379  585.00000  630.09507  7.71%  1249 3380s
 10816  9270  611.43625  117 1342  585.00000  630.09507  7.71%  1251 3385s
 10828  9278  612.08188  123 1340  585.00000  630.09507  7.71%  1253 3390s
 10842  9287  595.05625  130 1241  585.00000  630.09507  7.71%  1254 3395s
 10860  9299  609.66176  139 1332  585.00000  630.09507  7.71%  1255 3400s
 10878  9311  610.30424  148 1326  585.00000  630.09507  7.71%  1256 3405s
 10902  9327  598.62405  160 1280  585.00000  630.09507  7.71%  1257 3410s
 10931  9346  600.91900  175 1238  585.00000  630.09507  7.71%  1256 3415s
 10973  9374  593.80467  196 1149  585.00000  630.09507  7.71%  1255 3420s
 11031  9397  629.74047   32 1484  585.00000  629.99697  7.69%  1251 3425s
 11035  9400  627.08919   34 1451  585.00000  629.99697  7.69%  1252 3430s
 11041  9404  626.53712   37 1447  585.00000  629.99697  7.69%  1254 3436s
 11045  9406  625.98570   39 1452  585.00000  629.99697  7.69%  1255 3440s
 11049  9409  621.39690   41 1425  585.00000  629.99697  7.69%  1256 3445s
 11053  9412  619.15088   43 1420  585.00000  629.99697  7.69%  1258 3450s
 11057  9414  623.61980   45 1434  585.00000  629.99697  7.69%  1259 3455s
 11061  9417  618.69908   47 1410  585.00000  629.99697  7.69%  1261 3460s
 11065  9420  621.48603   49 1428  585.00000  629.99697  7.69%  1262 3465s
 11071  9424  621.53772   52 1425  585.00000  629.99697  7.69%  1264 3471s
 11076  9427  626.55818   55 1451  585.00000  629.99697  7.69%  1266 3475s
 11081  9430  618.33130   57 1407  585.00000  629.99697  7.69%  1267 3480s
 11087  9434  622.25137   60 1424  585.00000  629.99697  7.69%  1269 3486s
 11093  9438  621.62978   63 1417  585.00000  629.99697  7.69%  1271 3490s
 11099  9442  623.04590   66 1423  585.00000  629.99697  7.69%  1272 3495s
 11107  9448  618.02977   70 1409  585.00000  629.99697  7.69%  1274 3501s
 11113  9452  617.87091   73 1396  585.00000  629.99697  7.69%  1275 3505s
 11119  9456  619.92362   76 1409  585.00000  629.99697  7.69%  1276 3510s
 11128  9462  622.74213   81 1421  585.00000  629.99697  7.69%  1278 3515s
 11135  9466  619.99971   84 1403  585.00000  629.99697  7.69%  1279 3520s
 11143  9472  611.11575   88 1363  585.00000  629.99697  7.69%  1281 3525s
 11153  9478  618.57144   93 1396  585.00000  629.99697  7.69%  1282 3530s
 11163  9485  615.22977   98 1388  585.00000  629.99697  7.69%  1284 3536s
 11171  9490  611.62447  102 1370  585.00000  629.99697  7.69%  1285 3540s
 11183  9498  608.78773  108 1349  585.00000  629.99697  7.69%  1287 3545s
 11193  9505  610.18172  113 1355  585.00000  629.99697  7.69%  1288 3550s
 11203  9512  609.96142  118 1338  585.00000  629.99697  7.69%  1290 3555s
 11217  9521  612.78789  125 1352  585.00000  629.99697  7.69%  1291 3560s
 11232  9531  613.26529  133 1361  585.00000  629.99697  7.69%  1292 3565s
 11249  9542  610.71283  141 1331  585.00000  629.99697  7.69%  1293 3570s
 11269  9556  608.47652  151 1325  585.00000  629.99697  7.69%  1294 3575s
 11294  9572  605.78648  164 1320  585.00000  629.99697  7.69%  1294 3580s
 11322  9591  602.21597  178 1302  585.00000  629.99697  7.69%  1294 3585s
 11351  9610  597.77103  192 1262  585.00000  629.99697  7.69%  1294 3590s
 11400  9643  590.72945  217 1186  585.00000  629.99697  7.69%  1292 3595s

Cutting planes:
  Gomory: 6
  Clique: 1
  Flow cover: 74
  Zero half: 705
  RLT: 225
  BQP: 54

Explored 11442 nodes (14863650 simplex iterations) in 3600.00 seconds (4906.84 work units)
Thread count was 1 (of 24 available processors)

Solution count 10: 585 584 583 ... 576

Time limit reached
Best objective 5.850000000000e+02, best bound 6.290000000000e+02, gap 7.5214%

User-callback calls 156398, time in user-callback 1.15 sec
