
Gurobi 11.0.3 (linux64) logging started Thu Mar  5 15:04:10 2026

Set parameter LogFile to value "./log/train/IS_1500_6/IS_24.lp.log"
Set parameter TimeLimit to value 3600
Gurobi Optimizer version 11.0.3 build v11.0.3rc0 (linux64 - "Ubuntu 22.04.5 LTS")

CPU model: AMD Ryzen 9 9900X 12-Core Processor, instruction set [SSE2|AVX|AVX2|AVX512]
Thread count: 12 physical cores, 24 logical processors, using up to 2 threads

Optimize a model with 9200 rows, 1500 columns and 18120 nonzeros
Model fingerprint: 0x5dd7fa9c
Variable types: 0 continuous, 1500 integer (1500 binary)
Coefficient statistics:
  Matrix range     [1e+00, 1e+00]
  Objective range  [1e+00, 1e+00]
  Bounds range     [1e+00, 1e+00]
  RHS range        [1e+00, 1e+00]
Found heuristic solution: objective 326.0000000
Presolve removed 1759 rows and 0 columns
Presolve time: 0.02s
Presolved: 7441 rows, 1500 columns, 16346 nonzeros
Variable types: 0 continuous, 1500 integer (1500 binary)

Root relaxation: objective 6.885000e+02, 3560 iterations, 0.15 seconds (0.25 work units)

    Nodes    |    Current Node    |     Objective Bounds      |     Work
 Expl Unexpl |  Obj  Depth IntInf | Incumbent    BestBd   Gap | It/Node Time

     0     0  688.50000    0 1349  326.00000  688.50000   111%     -    0s
H    0     0                     536.0000000  688.50000  28.5%     -    0s
H    0     0                     537.0000000  688.50000  28.2%     -    0s
     0     0  674.00000    0 1316  537.00000  674.00000  25.5%     -    0s
     0     0  670.90854    0 1471  537.00000  670.90854  24.9%     -    1s
H    0     0                     565.0000000  670.90854  18.7%     -    1s
H    0     0                     567.0000000  670.90854  18.3%     -    1s
     0     0  670.75788    0 1468  567.00000  670.75788  18.3%     -    1s
     0     0  670.74727    0 1468  567.00000  670.74727  18.3%     -    1s
     0     0  670.73998    0 1466  567.00000  670.73998  18.3%     -    1s
     0     0  663.71153    0 1480  567.00000  663.71153  17.1%     -    2s
     0     0  663.33603    0 1475  567.00000  663.33603  17.0%     -    2s
     0     0  663.29782    0 1479  567.00000  663.29782  17.0%     -    2s
     0     0  663.28906    0 1480  567.00000  663.28906  17.0%     -    2s
     0     0  663.28800    0 1479  567.00000  663.28800  17.0%     -    2s
     0     0  658.13356    0 1481  567.00000  658.13356  16.1%     -    3s
H    0     0                     568.0000000  658.13356  15.9%     -    3s
     0     0  657.64780    0 1482  568.00000  657.64780  15.8%     -    3s
     0     0  657.57888    0 1482  568.00000  657.57888  15.8%     -    3s
     0     0  657.56377    0 1483  568.00000  657.56377  15.8%     -    3s
     0     0  657.55646    0 1483  568.00000  657.55646  15.8%     -    3s
     0     0  654.78749    0 1482  568.00000  654.78749  15.3%     -    3s
     0     0  654.44895    0 1483  568.00000  654.44895  15.2%     -    4s
     0     0  654.39555    0 1482  568.00000  654.39555  15.2%     -    4s
     0     0  654.38063    0 1484  568.00000  654.38063  15.2%     -    4s
     0     0  654.37643    0 1485  568.00000  654.37643  15.2%     -    4s
     0     0  652.00541    0 1484  568.00000  652.00541  14.8%     -    4s
     0     0  651.75087    0 1484  568.00000  651.75087  14.7%     -    4s
     0     0  651.70143    0 1484  568.00000  651.70143  14.7%     -    5s
     0     0  651.69090    0 1484  568.00000  651.69090  14.7%     -    5s
     0     0  650.04624    0 1485  568.00000  650.04624  14.4%     -    5s
     0     0  649.91292    0 1484  568.00000  649.91292  14.4%     -    5s
     0     0  649.89235    0 1486  568.00000  649.89235  14.4%     -    5s
     0     0  649.88710    0 1488  568.00000  649.88710  14.4%     -    5s
     0     0  648.64736    0 1484  568.00000  648.64736  14.2%     -    6s
     0     0  648.46956    0 1485  568.00000  648.46956  14.2%     -    6s
     0     0  648.43437    0 1486  568.00000  648.43437  14.2%     -    6s
     0     0  648.42881    0 1486  568.00000  648.42881  14.2%     -    6s
     0     0  647.38286    0 1481  568.00000  647.38286  14.0%     -    7s
     0     0  647.25480    0 1488  568.00000  647.25480  14.0%     -    7s
     0     0  647.23591    0 1486  568.00000  647.23591  13.9%     -    7s
     0     0  647.23131    0 1486  568.00000  647.23131  13.9%     -    7s
     0     0  646.40925    0 1483  568.00000  646.40925  13.8%     -    7s
     0     0  646.27332    0 1485  568.00000  646.27332  13.8%     -    7s
     0     0  646.25416    0 1487  568.00000  646.25416  13.8%     -    7s
     0     0  646.24690    0 1487  568.00000  646.24690  13.8%     -    7s
     0     0  645.71989    0 1483  568.00000  645.71989  13.7%     -    8s
     0     0  645.61591    0 1483  568.00000  645.61591  13.7%     -    8s
     0     0  645.56753    0 1484  568.00000  645.56753  13.7%     -    8s
     0     0  645.55828    0 1484  568.00000  645.55828  13.7%     -    8s
     0     0  644.90358    0 1485  568.00000  644.90358  13.5%     -    8s
     0     0  644.77513    0 1486  568.00000  644.77513  13.5%     -    8s
     0     0  644.75480    0 1485  568.00000  644.75480  13.5%     -    9s
     0     0  644.74767    0 1488  568.00000  644.74767  13.5%     -    9s
     0     0  644.49700    0 1489  568.00000  644.49700  13.5%     -    9s
     0     0  644.43613    0 1486  568.00000  644.43613  13.5%     -    9s
     0     0  644.42070    0 1486  568.00000  644.42070  13.5%     -    9s
     0     0  644.07099    0 1486  568.00000  644.07099  13.4%     -    9s
     0     0  644.00835    0 1488  568.00000  644.00835  13.4%     -    9s
     0     0  643.99417    0 1487  568.00000  643.99417  13.4%     -    9s
     0     0  643.71353    0 1488  568.00000  643.71353  13.3%     -   10s
     0     0  643.65126    0 1489  568.00000  643.65126  13.3%     -   10s
     0     0  643.63735    0 1489  568.00000  643.63735  13.3%     -   10s
     0     0  643.40621    0 1490  568.00000  643.40621  13.3%     -   10s
     0     0  643.35319    0 1489  568.00000  643.35319  13.3%     -   10s
     0     0  643.34432    0 1491  568.00000  643.34432  13.3%     -   10s
     0     0  642.98777    0 1488  568.00000  642.98777  13.2%     -   11s
     0     0  642.90412    0 1488  568.00000  642.90412  13.2%     -   11s
     0     0  642.88809    0 1488  568.00000  642.88809  13.2%     -   11s
     0     0  642.61314    0 1482  568.00000  642.61314  13.1%     -   11s
     0     0  642.55189    0 1488  568.00000  642.55189  13.1%     -   11s
     0     0  642.54320    0 1490  568.00000  642.54320  13.1%     -   11s
     0     0  641.99860    0 1491  568.00000  641.99860  13.0%     -   12s
     0     0  641.90069    0 1489  568.00000  641.90069  13.0%     -   12s
     0     0  641.88442    0 1490  568.00000  641.88442  13.0%     -   12s
     0     0  641.63977    0 1490  568.00000  641.63977  13.0%     -   12s
     0     0  641.58142    0 1491  568.00000  641.58142  13.0%     -   12s
     0     0  641.56229    0 1490  568.00000  641.56229  13.0%     -   12s
     0     0  641.18838    0 1486  568.00000  641.18838  12.9%     -   13s
     0     0  641.09018    0 1489  568.00000  641.09018  12.9%     -   13s
     0     0  641.07425    0 1490  568.00000  641.07425  12.9%     -   13s
     0     0  640.83933    0 1487  568.00000  640.83933  12.8%     -   13s
H    0     0                     571.0000000  640.83933  12.2%     -   13s
     0     0  640.79736    0 1488  571.00000  640.79736  12.2%     -   13s
     0     0  640.79057    0 1490  571.00000  640.79057  12.2%     -   13s
     0     0  640.64594    0 1490  571.00000  640.64594  12.2%     -   13s
     0     0  640.64594    0 1490  571.00000  640.64594  12.2%     -   14s
H    0     0                     573.0000000  640.64594  11.8%     -   14s
     0     2  640.64594    0 1488  573.00000  640.64594  11.8%     -   15s
     9    12  624.85862    3 1407  573.00000  640.38552  11.8%  4166   24s
    11    15  633.34771    4 1438  573.00000  640.38552  11.8%  3548   25s
H   32    35                     575.0000000  640.38552  11.4%  2173   27s
H   58    60                     576.0000000  640.38552  11.2%  1609   28s
H   61    66                     579.0000000  640.38552  10.6%  1614   28s
    91    98  598.99230   30 1278  579.00000  640.38552  10.6%  1433   30s
H  127   109                     582.0000000  640.38552  10.0%  1179   32s
H  144   120                     583.0000000  640.38552  9.84%  1205   33s
H  155   116                     585.0000000  640.29887  9.45%  1203   33s
   175   121  631.95578    4 1442  585.00000  640.12598  9.42%  1187   35s
   202   151  603.87083   13 1312  585.00000  640.12598  9.42%  1322   40s
   298   211  635.67790   12 1445  585.00000  640.12564  9.42%  1169   45s
H  306   212                     586.0000000  640.12564  9.24%  1196   46s
H  325   224                     587.0000000  640.12564  9.05%  1256   49s
   331   233  610.81422   23 1323  587.00000  640.12564  9.05%  1272   50s
H  370   263                     588.0000000  640.12564  8.86%  1337   54s
   383   273  602.24423   38 1288  588.00000  640.12564  8.86%  1338   56s
H  387   265                     590.0000000  640.12564  8.50%  1343   56s
   443   289  625.80102   10 1392  590.00000  639.89223  8.46%  1316   61s
   479   312  606.69860   15 1312  590.00000  639.89223  8.46%  1327   66s
H  482   305                     591.0000000  639.89223  8.27%  1321   66s
H  522   313                     592.0000000  639.79685  8.07%  1297   69s
   535   318  625.22611    9 1403  592.00000  639.79685  8.07%  1318   71s
   597   362  605.92192   17 1303  592.00000  639.79685  8.07%  1318   77s
   635   379  632.99648   11 1428  592.00000  639.43404  8.01%  1336   81s
   667   407  620.59681   22 1352  592.00000  639.43404  8.01%  1370   86s
   739   442  593.61428   45 1224  592.00000  639.11467  7.96%  1342   90s
   787   487  627.41538   21 1400  592.00000  639.11467  7.96%  1357   95s
   853   527  606.35910   33 1291  592.00000  639.11467  7.96%  1357  100s
   915   550  594.43603   39 1490  592.00000  639.11467  7.96%  1370  116s
   918   552  595.93958   49 1485  592.00000  639.11467  7.96%  1366  122s
   923   555  594.56594   39 1490  592.00000  639.11467  7.96%  1359  128s
   924   556  632.16100   19 1488  592.00000  639.11467  7.96%  1357  132s
   926   557  596.63009   45 1491  592.00000  639.11467  7.96%  1354  136s
   927   558  612.20724    9 1487  592.00000  639.11467  7.96%  1353  141s
   928   559  617.65816   21 1489  592.00000  639.11467  7.96%  1351  146s
   929   559  616.13601   15 1488  592.00000  639.11467  7.96%  1350  150s
   931   561  621.74686   27 1488  592.00000  639.11467  7.96%  1347  155s
   933   562  613.00500   27 1488  592.00000  639.11467  7.96%  1344  164s
   934   563  595.00061   38 1487  592.00000  639.11467  7.96%  1343  169s
   935   563  624.12815    7 1487  592.00000  639.11467  7.96%  1341  174s
   936   564  614.69490   14 1487  592.00000  639.11467  7.96%  1340  183s
   939   569  639.11467   11 1480  592.00000  639.11467  7.96%  1395  185s
   957   581  637.96985   15 1472  592.00000  639.11467  7.96%  1419  190s
   981   598  636.38053   22 1465  592.00000  639.11467  7.96%  1446  195s
  1010   619  635.41187   28 1460  592.00000  639.11467  7.96%  1464  200s
  1037   638  633.69202   35 1450  592.00000  639.11467  7.96%  1483  205s
  1071   662  631.42464   43 1442  592.00000  639.11467  7.96%  1513  211s
  1101   681  629.93701   50 1435  592.00000  639.11467  7.96%  1540  216s
  1115   693  629.83682   53 1431  592.00000  639.11467  7.96%  1571  221s
  1133   707  629.36000   57 1426  592.00000  639.11467  7.96%  1596  225s
  1169   732  627.07489   64 1422  592.00000  639.11467  7.96%  1617  230s
  1194   751  625.76909   69 1415  592.00000  639.11467  7.96%  1634  235s
  1221   770  625.05688   74 1408  592.00000  639.11467  7.96%  1653  240s
  1251   789  623.88792   80 1401  592.00000  639.11467  7.96%  1674  245s
  1281   811  622.43595   86 1397  592.00000  639.11467  7.96%  1704  251s
  1316   836  616.73206   92 1368  592.00000  639.11467  7.96%  1737  257s
  1334   849  620.57341   96 1387  592.00000  639.11467  7.96%  1749  260s
  1377   886  619.32518  105 1375  592.00000  639.11467  7.96%  1783  268s
  1404   905  612.68075  109 1341  592.00000  639.11467  7.96%  1799  271s
  1434   940  617.86645  114 1361  592.00000  639.11467  7.96%  1808  275s
  1531  1026  616.00684  127 1353  592.00000  639.11467  7.96%  1801  284s
  1607  1023  614.89213  135 1336  592.00000  639.11467  7.96%  1765  288s
  1651  1034  606.04665  143 1279  592.00000  639.11467  7.96%  1759  292s
  1676  1054  612.27534  153 1319  592.00000  639.11467  7.96%  1770  297s
  1707  1081  610.03241  165 1294  592.00000  639.11467  7.96%  1776  301s
  1744  1125  604.23344  180 1273  592.00000  639.11467  7.96%  1777  306s
  1802  1142  599.96463  206 1233  592.00000  639.07728  7.95%  1763  312s
  1871  1133  638.69483   15 1478  592.00000  638.69483  7.89%  1741  317s
  1885  1145  638.43599   18 1472  592.00000  638.50378  7.86%  1761  322s
  1901  1157  638.18380   21 1467  592.00000  638.50378  7.86%  1778  329s
  1919  1169  637.13364   25 1463  592.00000  638.50378  7.86%  1802  334s
  1937  1183  636.32710   29 1460  592.00000  638.50378  7.86%  1821  340s
  1957  1201  635.83651   33 1458  592.00000  638.50378  7.86%  1841  346s
  1981  1220  635.35886   37 1453  592.00000  638.50378  7.86%  1861  353s
  2008  1241  631.37822   42 1422  592.00000  638.50378  7.86%  1879  360s
  2038  1269  633.38324   48 1436  592.00000  638.50378  7.86%  1897  366s
  2076  1298  629.70873   54 1404  592.00000  638.50378  7.86%  1914  372s
  2118  1333  631.56688   62 1412  592.00000  638.50378  7.86%  1927  380s
  2167  1377  630.29641   71 1402  592.00000  638.50378  7.86%  1940  387s
  2227  1450  625.57503   81 1378  592.00000  638.50378  7.86%  1943  395s
  2320  1533  627.35400   93 1382  592.00000  638.50378  7.86%  1925  403s
  2448  1530  625.76201  102 1362  592.00000  638.50378  7.86%  1871  412s
  2488  1549  623.11727  118 1357  592.00000  638.50378  7.86%  1883  421s
  2520  1577  621.75049  128 1340  592.00000  638.50378  7.86%  1895  432s
  2559  1603  619.57644  141 1303  592.00000  638.50378  7.86%  1904  444s
  2598  1650  617.00115  154 1280  592.00000  638.50378  7.86%  1912  453s
  2658  1767  610.35013  177 1280  592.00000  638.39808  7.84%  1910  465s
  2812  1799  637.78956   18 1473  592.00000  638.39808  7.84%  1861  475s
  2844  1829  637.04530   24 1462  592.00000  638.39808  7.84%  1884  485s
  2874  1873  635.61788   30 1458  592.00000  638.39808  7.84%  1901  497s
  2918  1927  634.19062   38 1451  592.00000  638.39808  7.84%  1921  508s
  2972  1979  633.48794   47 1439  592.00000  638.39808  7.84%  1941  520s
  3024  2021  628.73968   55 1395  592.00000  638.39808  7.84%  1951  532s
  3066  2119  630.62372   66 1403  592.00000  638.39808  7.84%  1958  545s
  3164  2246  628.63146   78 1389  592.00000  638.39808  7.84%  1951  558s
  3319  2318  626.25743   90 1378  592.00000  638.39808  7.84%  1908  571s
  3391  2404  621.94593  116 1338  592.00000  638.39808  7.84%  1932  584s
  3477  2585  617.21230  149 1316  592.00000  638.29865  7.82%  1940  599s
  3682  2628  637.47359   17 1458  592.00000  638.29865  7.82%  1905  614s
  3725  2701  635.71310   27 1450  592.00000  638.29865  7.82%  1925  630s
  3798  2803  633.73005   39 1437  592.00000  638.29865  7.82%  1949  647s
  3900  2937  631.85547   53 1420  592.00000  638.29865  7.82%  1968  664s
  4034  3135  629.26378   70 1401  592.00000  638.29865  7.82%  1963  681s
  4254  3544  624.98514   94 1357  592.00000  638.29865  7.82%  1918  696s
  4663  3769  617.41687  141 1306  592.00000  638.29865  7.82%  1831  712s
  4913  4302  615.19993  154 1260  592.00000  638.18719  7.80%  1771  731s
  5489  4699  627.88304   75 1397  592.00000  638.05176  7.78%  1652  747s
  5886  5185  600.70147  195 1214  592.00000  638.05173  7.78%  1597  765s
  6426  5668  623.79122  102 1365  592.00000  637.96940  7.77%  1510  779s
  6909  6024  593.66006  214 1128  592.00000  637.96854  7.76%  1456  794s
  7318  6596  628.43969   75 1401  592.00000  637.77223  7.73%  1406  811s
  7890  6791  593.44291  217 1140  592.00000  637.66412  7.71%  1359  818s
  8119  6842  593.19446   67 1231  592.00000  637.63262  7.71%  1337  823s
  8178  6899  636.36691   18 1454  592.00000  637.63262  7.71%  1338  830s
  8246  7000  635.55505   23 1450  592.00000  637.63262  7.71%  1339  838s
  8347  7129  634.09916   30 1442  592.00000  637.63262  7.71%  1337  846s
  8490  7247  633.01368   37 1432  592.00000  637.63262  7.71%  1330  856s
  8618  7350  632.12990   45 1426  592.00000  637.63262  7.71%  1325  866s
  8721  7520  630.52794   55 1417  592.00000  637.63262  7.71%  1325  875s
  8891  7718  628.55271   67 1406  592.00000  637.63262  7.71%  1322  884s
  9123  7824  626.14951   82 1385  592.00000  637.63262  7.71%  1310  893s
  9241  8025  621.06893  102 1358  592.00000  637.63262  7.71%  1311  904s
  9454  8184  613.10516  135 1316  592.00000  637.57579  7.70%  1303  914s
  9671  8294  636.52001   18 1461  592.00000  637.51966  7.69%  1297  924s
  9793  8493  594.75096   31 1249  592.00000  637.43156  7.67%  1298  933s
 10028  8732  619.01709   89 1355  592.00000  637.35109  7.66%  1283  942s
 10331  9026  627.23515   44 1400  592.00000  637.33486  7.66%  1262  951s
 10669  9271  634.85953   26 1442  592.00000  637.31396  7.65%  1239  960s
 10935  9447  616.34926  124 1319  592.00000  637.28889  7.65%  1224  969s
 11129  9643  612.53945   49 1308  592.00000  637.28834  7.65%  1214  979s
 11357  9677  626.53315   22 1416  592.00000  637.26549  7.65%  1205  989s
 11391  9713  624.50279   32 1399  592.00000  637.26549  7.65%  1213  999s
 11427  9755  623.41945   43 1393  592.00000  637.26549  7.65%  1220 1008s
 11469  9809  621.82164   57 1371  592.00000  637.26549  7.65%  1228 1019s
 11523  9885  618.47389   76 1351  592.00000  637.26549  7.65%  1236 1028s
 11599 10033  611.15591  104 1313  592.00000  637.26549  7.65%  1245 1039s
 11751 10180  596.25000  167 1097  592.00000  637.26320  7.65%  1249 1049s
 11916 10292  605.15355  124 1280  592.00000  637.21913  7.64%  1247 1058s
 12052 10465  626.36132   25 1419  592.00000  637.21639  7.64%  1247 1068s
 12235 10684  628.18325   19 1420  592.00000  637.20392  7.64%  1246 1077s
 12488 10932  624.44344   50 1385  592.00000  637.20392  7.64%  1239 1086s
 12762 11171  595.80635  173 1223  592.00000  637.17408  7.63%  1227 1096s
 13054 11408  628.60088   19 1414  592.00000  637.09734  7.62%  1213 1104s
 13316 11495  623.35772   20 1383  592.00000  637.08969  7.62%  1202 1113s
 13403 11734  612.32198   70 1334  592.00000  637.08445  7.62%  1199 1121s
 13680 11800  608.93791   25 1335  592.00000  637.04017  7.61%  1188 1130s
 13814 12088  617.24986   46 1352  592.00000  637.03685  7.61%  1188 1139s
 14134 12318  622.53463   50 1367  592.00000  637.01371  7.60%  1174 1147s
 14399 12568  632.52363   44 1440  592.00000  636.98880  7.60%  1164 1155s
 14666 12569  621.96827   77 1490  592.00000  636.98880  7.60%  1154 1784s
 14668 12570  622.24326  114 1349  592.00000  636.98880  7.60%  1154 1785s
 14669 12571  602.65072  181 1483  592.00000  636.98880  7.60%  1153 1791s
 14676 12576  632.27925   16 1491  592.00000  635.48323  7.35%  1153 1803s
 14677 12576  606.21681  158 1491  592.00000  635.43013  7.34%  1153 1811s
 14679 12578  623.80290   69 1490  592.00000  635.40557  7.33%  1153 1821s
 14680 12578  605.07340   61 1491  592.00000  635.04002  7.27%  1153 1829s
 14684 12581  608.25273  140 1492  592.00000  634.84484  7.24%  1152 1839s
 14685 12582  620.31609   60 1486  592.00000  634.44831  7.17%  1152 1850s
 14689 12584  603.53290  165 1491  592.00000  634.34960  7.15%  1152 1861s
 14690 12585  595.82238   67 1489  592.00000  634.28576  7.14%  1152 1873s
 14692 12586  611.88379  147 1492  592.00000  634.26388  7.14%  1152 1883s
 14693 12587  632.36484   26 1490  592.00000  634.09705  7.11%  1152 1893s
 14696 12589  599.78944  131 1490  592.00000  634.02822  7.10%  1151 1904s
 14697 12590  607.94033  159 1489  592.00000  633.91596  7.08%  1151 1916s
 14699 12591  630.10396   22 1490  592.00000  633.88574  7.08%  1151 1929s
 14700 12592  620.52735  101 1487  592.00000  633.85751  7.07%  1151 1940s
 14702 12593  595.82394  205 1489  592.00000  633.82617  7.07%  1151 1950s
 14703 12594  622.65972  104 1488  592.00000  633.75006  7.05%  1151 1959s
 14706 12596  612.34912   54 1491  592.00000  633.70682  7.05%  1151 1971s
 14707 12596  602.53890  162 1490  592.00000  633.69484  7.04%  1150 1983s
 14708 12597  597.89724  199 1491  592.00000  633.69290  7.04%  1150 1996s
 14709 12598  615.63792   65 1490  592.00000  633.66310  7.04%  1150 2006s
 14711 12599  631.63555   50 1490  592.00000  633.65010  7.04%  1150 2018s
 14712 12600  633.59401   27 1491  592.00000  633.59401  7.03%  1150 2029s
 14714 12601  604.84416  174 1490  592.00000  633.58138  7.02%  1150 2040s
 14715 12602  610.14194  169 1491  592.00000  633.53262  7.02%  1150 2052s
 14718 12604  623.86961   95 1491  592.00000  633.49122  7.01%  1150 2064s
 14719 12604  629.23038   41 1489  592.00000  633.42718  7.00%  1150 2076s
 14722 12606  616.28091  134 1491  592.00000  633.40442  6.99%  1149 2090s
 14723 12607  625.92053   42 1492  592.00000  633.33413  6.98%  1149 2101s
 14725 12608  595.24277  205 1493  592.00000  633.30522  6.98%  1149 2115s
 14726 12609  615.38952  113 1488  592.00000  633.26856  6.97%  1149 2128s
 14728 12610  598.15569  197 1492  592.00000  633.24928  6.97%  1149 2140s
 14729 12611  629.65734   42 1491  592.00000  633.19449  6.96%  1149 2154s
 14732 12613  630.06233   44 1493  592.00000  633.14088  6.95%  1148 2168s
 14733 12614  607.92022  168 1492  592.00000  633.08543  6.94%  1148 2181s
 14735 12615  595.45447   70 1493  592.00000  633.06441  6.94%  1148 2196s
 14736 12616  631.73372   28 1493  592.00000  633.06061  6.94%  1148 2211s
 14737 12616  616.77402  125 1493  592.00000  633.05917  6.94%  1148 2228s
 14738 12617  633.05864   41 1493  592.00000  633.05864  6.94%  1148 2244s
 14739 12618  628.55530   50 1493  592.00000  633.05837  6.94%  1148 2261s
 14740 12618  622.72093   91 1492  592.00000  633.05241  6.93%  1148 2275s
 14741 12619  612.16762  101 1493  592.00000  633.05084  6.93%  1148 2291s
 14742 12620  598.03616  200 1492  592.00000  633.04623  6.93%  1148 2305s
 14743 12620  624.67500   35 1491  592.00000  633.04356  6.93%  1148 2320s
 14744 12621  619.99541   77 1492  592.00000  633.04313  6.93%  1148 2334s
 14745 12622  602.38629  156 1492  592.00000  633.04311  6.93%  1147 2348s
 14746 12622  613.29000  131 1492  592.00000  633.04310  6.93%  1147 2362s
 14747 12623  594.00000  213 1492  592.00000  633.04309  6.93%  1147 2377s
 14748 12624  600.44981  129 1492  592.00000  633.04309  6.93%  1147 2392s
 14749 12624  597.87449  201 1492  592.00000  633.04308  6.93%  1147 2407s
 14750 12625  619.66761  112 1492  592.00000  633.04308  6.93%  1147 2424s
 14751 12626  630.48845   28 1492  592.00000  633.03748  6.93%  1147 2440s
 14752 12626  602.28441  152 1492  592.00000  633.03134  6.93%  1147 2455s
 14753 12627  597.75520  128 1492  592.00000  633.03134  6.93%  1147 2471s
 14762 12636  631.66807   21 1479  592.00000  632.29819  6.81%  1153 2476s
 14774 12644  630.76104   24 1476  592.00000  632.29819  6.81%  1155 2480s
 14787 12654  629.95920   27 1475  592.00000  632.29819  6.81%  1156 2485s
 14802 12665  629.13786   31 1477  592.00000  632.29819  6.81%  1158 2490s
 14818 12675  628.05379   35 1471  592.00000  632.29819  6.81%  1159 2496s
 14830 12683  627.29381   38 1470  592.00000  632.29819  6.81%  1161 2501s
 14839 12687  626.36008   40 1458  592.00000  632.29819  6.81%  1161 2518s
 14841 12694  625.48325   40 1452  592.00000  632.29819  6.81%  1162 2520s
 14858 12702  622.57738   44 1442  592.00000  632.29819  6.81%  1164 2525s
 14874 12717  623.90959   48 1455  592.00000  632.29819  6.81%  1166 2531s
 14891 12729  622.76658   52 1447  592.00000  632.29819  6.81%  1167 2535s
 14908 12739  621.87121   56 1446  592.00000  632.29819  6.81%  1168 2541s
 14924 12752  620.83847   60 1440  592.00000  632.29819  6.81%  1171 2545s
 14947 12764  620.18128   65 1437  592.00000  632.29819  6.81%  1172 2550s
 14964 12780  618.98996   69 1432  592.00000  632.29819  6.81%  1174 2556s
 14988 12798  617.60521   74 1423  592.00000  632.29819  6.81%  1176 2563s
 15001 12804  616.78846   77 1418  592.00000  632.29819  6.81%  1177 2567s
 15012 12815  615.84277   80 1416  592.00000  632.29819  6.81%  1179 2571s
 15026 12826  614.88995   83 1417  592.00000  632.29819  6.81%  1181 2575s
 15059 12845  608.86033   89 1379  592.00000  632.29819  6.81%  1185 2589s
 15072 12857  612.33701   92 1407  592.00000  632.29819  6.81%  1186 2593s
 15088 12867  607.93523   95 1370  592.00000  632.29819  6.81%  1188 2598s
 15104 12879  611.08109   99 1399  592.00000  632.29819  6.81%  1190 2603s
 15123 12888  610.42217  103 1390  592.00000  632.29819  6.81%  1193 2608s
 15140 12903  603.87701  106 1361  592.00000  632.29819  6.81%  1196 2612s
 15161 12921  603.96343  110 1355  592.00000  632.29819  6.81%  1198 2618s
 15186 12939  608.84802  115 1373  592.00000  632.29819  6.81%  1201 2623s
 15216 12957  608.20647  120 1366  592.00000  632.29819  6.81%  1204 2629s
 15254 12983  607.56236  126 1365  592.00000  632.29819  6.81%  1206 2635s
 15299 13003  607.04177  132 1353  592.00000  632.29819  6.81%  1208 2641s
 15360 13006  600.27154  139 1322  592.00000  632.29819  6.81%  1208 2648s
 15385 13019  604.25319  149 1330  592.00000  632.29819  6.81%  1210 2656s
 15411 13045  603.06495  159 1308  592.00000  632.29819  6.81%  1213 2662s
 15447 13039  600.59262  174 1299  592.00000  632.29819  6.81%  1216 2696s
 15455 13081  600.23865  177 1296  592.00000  632.29819  6.81%  1216 2703s
 15508 13077  595.12171  200 1252  592.00000  631.84535  6.73%  1217 2712s
 15545 13073  630.98206   24 1471  592.00000  631.84535  6.73%  1219 2721s
 15553 13086  630.63539   26 1467  592.00000  631.84535  6.73%  1221 2728s
 15569 13100  629.98703   30 1464  592.00000  631.84535  6.73%  1225 2738s
 15588 13113  626.51775   34 1437  592.00000  631.84535  6.73%  1228 2746s
 15607 13128  628.33201   39 1453  592.00000  631.84535  6.73%  1232 2756s
 15629 13143  627.68973   44 1449  592.00000  631.84535  6.73%  1236 2765s
 15651 13164  627.09776   49 1440  592.00000  631.84535  6.73%  1240 2775s
 15679 13174  626.21502   55 1439  592.00000  631.84535  6.73%  1244 2785s
 15699 13204  625.78594   61 1429  592.00000  631.84535  6.73%  1247 2797s
 15735 13234  624.41061   69 1415  592.00000  631.84535  6.73%  1252 2807s
 15777 13269  619.80323   78 1391  592.00000  631.84535  6.73%  1256 2818s
 15826 13312  621.07501   90 1388  592.00000  631.84535  6.73%  1261 2830s
 15886 13377  618.77339  103 1376  592.00000  631.84535  6.73%  1265 2841s
 15971 13474  615.69807  122 1343  592.00000  631.84535  6.73%  1268 2853s
 16102 13512  611.17442  143 1321  592.00000  631.84535  6.73%  1268 2866s
 16215 13531  600.98261  174 1252  592.00000  631.66800  6.70%  1268 2881s
 16308 13523  631.04651   26 1475  592.00000  631.66800  6.70%  1268 2894s
 16331 13537  619.06707   31 1403  592.00000  631.66800  6.70%  1273 2906s
 16353 13558  625.39569   36 1432  592.00000  631.66800  6.70%  1278 2920s
 16381 13583  628.98306   43 1456  592.00000  631.66800  6.70%  1283 2934s
 16416 13603  627.67098   51 1446  592.00000  631.66800  6.70%  1289 2950s
 16447 13631  622.25177   59 1415  592.00000  631.66800  6.70%  1293 2966s
 16486 13670  624.81986   69 1423  592.00000  631.66800  6.70%  1299 2982s
 16538 13725  623.07663   81 1406  592.00000  631.66800  6.70%  1304 3000s
 16610 13787  616.81274   97 1373  592.00000  631.66800  6.70%  1310 3018s
 16696 13903  617.43654  116 1369  592.00000  631.66800  6.70%  1315 3034s
 16843 13989  610.93844  146 1332  592.00000  631.66800  6.70%  1316 3054s
 17011 13968  594.64584  194 1150  592.00000  631.52390  6.68%  1315 3074s
 17070 13988  630.30641   30 1463  592.00000  631.52390  6.68%  1320 3093s
 17109 13994  628.69700   40 1456  592.00000  631.52390  6.68%  1327 3114s
 17128 14037  627.18622   49 1449  592.00000  631.52390  6.68%  1330 3135s
 17178 14023  625.48039   62 1429  592.00000  631.52390  6.68%  1338 3159s
 17180 14088  622.72337   62 1408  592.00000  631.52390  6.68%  1339 3181s
 17246 14158  622.39902   80 1410  592.00000  631.52390  6.68%  1346 3204s
 17338 14267  617.56831  105 1371  592.00000  631.52390  6.68%  1355 3227s
 17478 14485  611.06752  145 1310  592.00000  631.52337  6.68%  1361 3250s
 17776 14653  625.67725   63 1426  592.00000  631.52337  6.68%  1356 3274s
 18061 14909  602.77802  170 1263  592.00000  631.41720  6.66%  1348 3298s
 18455 15105  621.30585   87 1400  592.00000  631.23684  6.63%  1334 3324s
 18640 15043  629.12314   36 1454  592.00000  631.23684  6.63%  1329 3325s
 18782 15276  597.29963  181 1227  592.00000  631.23671  6.63%  1326 3348s
 19126 15555  612.91711  119 1332  592.00000  631.13368  6.61%  1314 3371s
 19560 15777  604.14039   52 1337  592.00000  630.96787  6.58%  1304 3394s
 19979 15961  621.45195   46 1415  592.00000  630.85631  6.56%  1295 3418s
 20351 16135  619.70780   66 1396  592.00000  630.77990  6.55%  1284 3441s
 20704 16369  627.03564   44 1454  592.00000  630.69681  6.54%  1276 3462s
 21103 16541  607.22196   39 1327  592.00000  630.62935  6.53%  1266 3483s
 21466 16797  596.89768  120 1258  592.00000  630.52602  6.51%  1258 3502s
 21895 17008  598.46973  153 1237  592.00000  630.50172  6.50%  1247 3528s
 22291 17098  623.29825   69 1416  592.00000  630.49818  6.50%  1239 3543s
 22545 17046  618.54600   26 1395  592.00000  630.49695  6.50%  1234 3556s
 22577 17081  617.14943   35 1393  592.00000  630.49695  6.50%  1238 3573s
 22623 17128  618.93351   49 1400  592.00000  630.49695  6.50%  1243 3589s
 22685 17161  612.66701   68 1351  592.00000  630.49695  6.50%  1248 3600s

Cutting planes:
  Gomory: 6
  Clique: 1
  MIR: 1
  Flow cover: 82
  Zero half: 893
  RLT: 334
  BQP: 64

Explored 22739 nodes (28596852 simplex iterations) in 3600.00 seconds (9404.08 work units)
Thread count was 2 (of 24 available processors)

Solution count 10: 592 591 590 ... 579

Time limit reached
Best objective 5.920000000000e+02, best bound 6.300000000000e+02, gap 6.4189%

User-callback calls 260289, time in user-callback 0.78 sec

Gurobi 11.0.3 (linux64) logging started Sat Mar  7 13:20:15 2026

Set parameter LogFile to value "./log/train/IS_1500_6/IS_24.lp.log"
Set parameter TimeLimit to value 3600
Gurobi Optimizer version 11.0.3 build v11.0.3rc0 (linux64 - "Ubuntu 22.04.5 LTS")

CPU model: AMD Ryzen 9 9900X 12-Core Processor, instruction set [SSE2|AVX|AVX2|AVX512]
Thread count: 12 physical cores, 24 logical processors, using up to 1 threads

Optimize a model with 9200 rows, 1500 columns and 18120 nonzeros
Model fingerprint: 0x5dd7fa9c
Variable types: 0 continuous, 1500 integer (1500 binary)
Coefficient statistics:
  Matrix range     [1e+00, 1e+00]
  Objective range  [1e+00, 1e+00]
  Bounds range     [1e+00, 1e+00]
  RHS range        [1e+00, 1e+00]
Found heuristic solution: objective 326.0000000
Presolve removed 1759 rows and 0 columns
Presolve time: 0.04s
Presolved: 7441 rows, 1500 columns, 16346 nonzeros
Variable types: 0 continuous, 1500 integer (1500 binary)

Root relaxation: objective 6.885000e+02, 3560 iterations, 0.21 seconds (0.25 work units)

    Nodes    |    Current Node    |     Objective Bounds      |     Work
 Expl Unexpl |  Obj  Depth IntInf | Incumbent    BestBd   Gap | It/Node Time

     0     0  688.50000    0 1349  326.00000  688.50000   111%     -    0s
H    0     0                     536.0000000  688.50000  28.5%     -    0s
H    0     0                     537.0000000  688.50000  28.2%     -    0s
     0     0  674.00000    0 1316  537.00000  674.00000  25.5%     -    1s
     0     0  670.90854    0 1471  537.00000  670.90854  24.9%     -    1s
H    0     0                     565.0000000  670.90854  18.7%     -    1s
H    0     0                     567.0000000  670.90854  18.3%     -    1s
     0     0  670.75788    0 1468  567.00000  670.75788  18.3%     -    1s
     0     0  670.74727    0 1468  567.00000  670.74727  18.3%     -    1s
     0     0  670.73998    0 1466  567.00000  670.73998  18.3%     -    1s
     0     0  663.71153    0 1480  567.00000  663.71153  17.1%     -    2s
     0     0  663.33603    0 1475  567.00000  663.33603  17.0%     -    2s
     0     0  663.29782    0 1479  567.00000  663.29782  17.0%     -    2s
     0     0  663.28906    0 1480  567.00000  663.28906  17.0%     -    2s
     0     0  663.28800    0 1479  567.00000  663.28800  17.0%     -    2s
     0     0  658.13356    0 1481  567.00000  658.13356  16.1%     -    3s
H    0     0                     568.0000000  658.13356  15.9%     -    3s
     0     0  657.64780    0 1482  568.00000  657.64780  15.8%     -    4s
     0     0  657.57888    0 1482  568.00000  657.57888  15.8%     -    4s
     0     0  657.56377    0 1483  568.00000  657.56377  15.8%     -    4s
     0     0  657.55646    0 1483  568.00000  657.55646  15.8%     -    4s
     0     0  654.78749    0 1482  568.00000  654.78749  15.3%     -    4s
     0     0  654.44895    0 1483  568.00000  654.44895  15.2%     -    5s
     0     0  654.39555    0 1482  568.00000  654.39555  15.2%     -    5s
     0     0  654.38063    0 1484  568.00000  654.38063  15.2%     -    5s
     0     0  654.37643    0 1485  568.00000  654.37643  15.2%     -    5s
     0     0  652.00541    0 1484  568.00000  652.00541  14.8%     -    6s
     0     0  651.75087    0 1484  568.00000  651.75087  14.7%     -    6s
     0     0  651.70143    0 1484  568.00000  651.70143  14.7%     -    6s
     0     0  651.69090    0 1484  568.00000  651.69090  14.7%     -    6s
     0     0  650.04624    0 1485  568.00000  650.04624  14.4%     -    7s
     0     0  649.91292    0 1484  568.00000  649.91292  14.4%     -    7s
     0     0  649.89235    0 1486  568.00000  649.89235  14.4%     -    7s
     0     0  649.88710    0 1488  568.00000  649.88710  14.4%     -    7s
     0     0  648.64736    0 1484  568.00000  648.64736  14.2%     -    8s
     0     0  648.46956    0 1485  568.00000  648.46956  14.2%     -    8s
     0     0  648.43437    0 1486  568.00000  648.43437  14.2%     -    8s
     0     0  648.42881    0 1486  568.00000  648.42881  14.2%     -    8s
     0     0  647.38286    0 1481  568.00000  647.38286  14.0%     -    9s
     0     0  647.25480    0 1488  568.00000  647.25480  14.0%     -    9s
     0     0  647.23591    0 1486  568.00000  647.23591  13.9%     -    9s
     0     0  647.23131    0 1486  568.00000  647.23131  13.9%     -    9s
     0     0  646.40925    0 1483  568.00000  646.40925  13.8%     -   10s
     0     0  646.27332    0 1485  568.00000  646.27332  13.8%     -   10s
     0     0  646.25416    0 1487  568.00000  646.25416  13.8%     -   10s
     0     0  646.24690    0 1487  568.00000  646.24690  13.8%     -   10s
     0     0  645.71989    0 1483  568.00000  645.71989  13.7%     -   11s
     0     0  645.61591    0 1483  568.00000  645.61591  13.7%     -   11s
     0     0  645.56753    0 1484  568.00000  645.56753  13.7%     -   11s
     0     0  645.55828    0 1484  568.00000  645.55828  13.7%     -   11s
     0     0  644.90358    0 1485  568.00000  644.90358  13.5%     -   12s
     0     0  644.77513    0 1486  568.00000  644.77513  13.5%     -   12s
     0     0  644.75480    0 1485  568.00000  644.75480  13.5%     -   12s
     0     0  644.74767    0 1488  568.00000  644.74767  13.5%     -   12s
     0     0  644.49700    0 1489  568.00000  644.49700  13.5%     -   13s
     0     0  644.43613    0 1486  568.00000  644.43613  13.5%     -   13s
     0     0  644.42070    0 1486  568.00000  644.42070  13.5%     -   13s
     0     0  644.07099    0 1486  568.00000  644.07099  13.4%     -   13s
     0     0  644.00835    0 1488  568.00000  644.00835  13.4%     -   13s
     0     0  643.99417    0 1487  568.00000  643.99417  13.4%     -   14s
     0     0  643.71353    0 1488  568.00000  643.71353  13.3%     -   14s
     0     0  643.65126    0 1489  568.00000  643.65126  13.3%     -   14s
     0     0  643.63735    0 1489  568.00000  643.63735  13.3%     -   14s
     0     0  643.40621    0 1490  568.00000  643.40621  13.3%     -   15s
     0     0  643.35319    0 1489  568.00000  643.35319  13.3%     -   15s
     0     0  643.34432    0 1491  568.00000  643.34432  13.3%     -   15s
     0     0  642.98777    0 1488  568.00000  642.98777  13.2%     -   15s
     0     0  642.90412    0 1488  568.00000  642.90412  13.2%     -   15s
     0     0  642.88809    0 1488  568.00000  642.88809  13.2%     -   15s
     0     0  642.61314    0 1482  568.00000  642.61314  13.1%     -   16s
     0     0  642.55189    0 1488  568.00000  642.55189  13.1%     -   16s
     0     0  642.54320    0 1490  568.00000  642.54320  13.1%     -   16s
     0     0  641.99860    0 1491  568.00000  641.99860  13.0%     -   17s
     0     0  641.90069    0 1489  568.00000  641.90069  13.0%     -   17s
     0     0  641.88442    0 1490  568.00000  641.88442  13.0%     -   17s
     0     0  641.63977    0 1490  568.00000  641.63977  13.0%     -   17s
     0     0  641.58142    0 1491  568.00000  641.58142  13.0%     -   18s
     0     0  641.56229    0 1490  568.00000  641.56229  13.0%     -   18s
     0     0  641.18838    0 1486  568.00000  641.18838  12.9%     -   18s
     0     0  641.09018    0 1489  568.00000  641.09018  12.9%     -   18s
     0     0  641.07425    0 1490  568.00000  641.07425  12.9%     -   18s
     0     0  640.83933    0 1487  568.00000  640.83933  12.8%     -   19s
H    0     0                     571.0000000  640.83933  12.2%     -   19s
     0     0  640.79736    0 1488  571.00000  640.79736  12.2%     -   19s
     0     0  640.79057    0 1490  571.00000  640.79057  12.2%     -   19s
     0     0  640.64594    0 1490  571.00000  640.64594  12.2%     -   19s
     0     0  640.64594    0 1490  571.00000  640.64594  12.2%     -   19s
H    0     0                     573.0000000  640.64594  11.8%     -   21s
     0     2  640.64549    0 1488  573.00000  640.64549  11.8%     -   21s
     6     8  626.64339    4 1397  573.00000  640.54928  11.8%  3188   25s
    31    33  584.24122   21 1178  573.00000  640.54928  11.8%  1969   30s
    65    57  621.10786    6 1380  573.00000  640.54872  11.8%  1578   36s
    76    68  628.15747   15 1402  573.00000  640.54872  11.8%  1629   40s
    96    88  600.41994   29 1283  573.00000  640.54872  11.8%  1705   45s
H  108    87                     578.0000000  640.54872  10.8%  1635   46s
   131   104  624.53062    4 1406  578.00000  640.27470  10.8%  1603   51s
H  135    99                     580.0000000  640.27470  10.4%  1615   52s
   152   114  583.89890   17 1218  580.00000  640.27470  10.4%  1624   55s
H  182   119                     581.0000000  640.27426  10.2%  1403   56s
   187   126  606.47114    9 1315  581.00000  640.27426  10.2%  1502   60s
   212   150  582.07937   29 1196  581.00000  640.27426  10.2%  1473   65s
H  217   142                     583.0000000  640.27426  9.82%  1457   65s
   247   154  626.04057    6 1400  583.00000  640.17833  9.81%  1396   70s
   264   171  603.69929   18 1303  583.00000  640.17833  9.81%  1453   75s
H  271   164                     586.0000000  640.17833  9.25%  1438   76s
   291   172  615.93690   10 1351  586.00000  640.06584  9.23%  1432   81s
   303   184  604.36563   17 1295  586.00000  640.06584  9.23%  1456   85s
   354   209  631.59096    6 1443  586.00000  639.93863  9.20%  1371   91s
   365   220  614.96535   14 1358  586.00000  639.93863  9.20%  1411   95s
   420   247     cutoff   47       586.00000  639.93863  9.20%  1324  100s
   446   259  625.29508   14 1400  586.00000  639.93810  9.20%  1313  105s
H  465   266                     587.0000000  639.93810  9.02%  1337  109s
   468   271  602.43479   28 1297  587.00000  639.93810  9.02%  1349  110s
H  519   285                     588.0000000  639.93810  8.83%  1283  116s
   546   299  628.73282    9 1423  588.00000  639.66108  8.79%  1308  120s
   557   310  611.64454   15 1329  588.00000  639.66108  8.79%  1339  125s
   605   334  633.74849   14 1439  588.00000  639.66090  8.79%  1313  131s
   606   335  638.99228   15 1463  588.00000  639.66090  8.79%  1313  142s
   610   339  626.92658   14 1402  588.00000  639.66090  8.79%  1339  145s
   630   359  603.17530   28 1289  588.00000  639.66090  8.79%  1359  150s
   654   372  594.14230   36 1490  588.00000  639.66090  8.79%  1342  164s
   656   373  601.85698   32 1349  588.00000  639.66090  8.79%  1338  165s
   657   374  631.02719    7 1482  588.00000  639.66090  8.79%  1336  173s
   658   375  594.88858   25 1489  588.00000  639.66090  8.79%  1334  175s
   663   378  609.17855   14 1491  588.00000  639.66090  8.79%  1324  184s
   664   379  625.30462   10 1486  588.00000  639.66090  8.79%  1322  192s
   667   381  632.18455    7 1489  588.00000  639.66090  8.79%  1316  199s
   668   381  607.04652   27 1487  588.00000  639.66090  8.79%  1314  208s
   670   383  610.65456   20 1489  588.00000  639.66090  8.79%  1310  217s
   671   383  611.02834   26 1487  588.00000  639.66090  8.79%  1308  225s
   673   385  594.43105   43 1489  588.00000  639.66090  8.79%  1304  234s
   674   385  633.09268    5 1487  588.00000  639.66090  8.79%  1302  243s
   676   387  610.03241   13 1489  588.00000  639.66090  8.79%  1299  252s
   677   387  628.44905   11 1489  588.00000  639.66090  8.79%  1297  260s
   678   388  597.61712   31 1489  588.00000  639.66090  8.79%  1295  269s
   679   389  602.68363   10 1487  588.00000  639.66090  8.79%  1293  278s
   680   389  603.53940   20 1489  588.00000  639.66090  8.79%  1291  287s
   685   393  603.54651   20 1486  588.00000  639.66090  8.79%  1281  304s
   686   395  639.66090   10 1485  588.00000  639.66090  8.79%  1358  305s
   695   401  637.73601   14 1470  588.00000  639.18252  8.70%  1379  310s
   707   409  636.63132   20 1460  588.00000  639.18252  8.70%  1390  315s
   717   416  631.38962   25 1426  588.00000  639.18252  8.70%  1408  320s
   733   427  619.50180   33 1378  588.00000  639.18252  8.70%  1426  326s
   739   431  623.01486   36 1386  588.00000  639.18252  8.70%  1451  331s
   748   437  631.93560   41 1436  588.00000  639.18252  8.70%  1465  335s
   760   445  626.62986   47 1404  588.00000  639.18252  8.70%  1484  340s
   771   452  620.79862   52 1381  588.00000  639.18252  8.70%  1504  345s
   783   460  615.71972   58 1357  588.00000  639.18252  8.70%  1529  350s
   795   468  625.89756   64 1398  588.00000  639.18252  8.70%  1541  355s
   808   477  625.06022   71 1390  588.00000  639.18252  8.70%  1553  360s
   823   487  615.86080   78 1349  588.00000  639.18252  8.70%  1567  365s
   840   498  619.61656   87 1361  588.00000  639.18252  8.70%  1575  370s
   861   512  613.45438   97 1335  588.00000  639.18252  8.70%  1590  375s
   887   529  614.60455  110 1338  588.00000  639.18252  8.70%  1590  380s
   912   546  608.13693  123 1304  588.00000  639.18252  8.70%  1595  385s
   945   568  598.45156  139 1261  588.00000  639.18252  8.70%  1589  390s
   981   592  595.50637  157 1237  588.00000  639.18252  8.70%  1596  395s
  1017   616  591.23182  175 1206  588.00000  639.18252  8.70%  1611  400s
H 1036   604                     589.0000000  639.18252  8.52%  1607  401s
H 1091   571                     590.0000000  639.18252  8.34%  1562  404s
  1097   570  637.83621   11 1459  590.00000  639.16430  8.33%  1559  406s
  1103   574  630.17485   14 1419  590.00000  639.16430  8.33%  1576  411s
  1108   578  636.73793   17 1453  590.00000  639.16430  8.33%  1586  415s
  1115   582  632.32407   20 1424  590.00000  639.16430  8.33%  1606  420s
  1123   588  627.16362   24 1409  590.00000  639.16430  8.33%  1622  426s
H 1127   558                     591.0000000  639.16430  8.15%  1624  428s
  1129   562  624.16768   27 1386  591.00000  639.16430  8.15%  1636  430s
  1137   567  626.97314   31 1400  591.00000  639.16430  8.15%  1655  435s
  1144   572  634.20757   35 1434  591.00000  639.16430  8.15%  1668  440s
  1153   578  628.91935   39 1402  591.00000  639.16430  8.15%  1688  445s
  1162   584  632.76235   44 1423  591.00000  639.16430  8.15%  1701  450s
  1172   590  632.23118   49 1418  591.00000  639.16430  8.15%  1717  455s
  1183   598  627.47524   54 1397  591.00000  639.16430  8.15%  1734  460s
  1197   607  627.04690   61 1382  591.00000  639.16430  8.15%  1747  465s
  1210   616  628.47445   68 1393  591.00000  639.16430  8.15%  1759  470s
  1225   626  622.29556   75 1351  591.00000  639.16430  8.15%  1774  475s
  1242   637  625.54540   84 1379  591.00000  639.16430  8.15%  1780  480s
  1261   650  622.48251   93 1353  591.00000  639.16430  8.15%  1790  485s
  1286   666  621.19138  106 1346  591.00000  639.16430  8.15%  1794  490s
  1308   681  608.24043  117 1273  591.00000  639.16430  8.15%  1804  495s
  1346   706  614.61893  136 1315  591.00000  639.16430  8.15%  1794  500s
  1403   744  603.85288  164 1241  591.00000  639.16430  8.15%  1777  505s
  1515   799  638.66237   12 1471  591.00000  639.13734  8.15%  1687  510s
  1520   802  633.67112   14 1442  591.00000  639.13734  8.15%  1697  515s
  1526   806  630.21362   17 1429  591.00000  639.13734  8.15%  1708  520s
  1533   811  637.35871   21 1453  591.00000  639.13734  8.15%  1718  525s
  1540   816  628.30128   24 1414  591.00000  639.13734  8.15%  1733  531s
  1546   820  631.21698   27 1429  591.00000  639.13734  8.15%  1744  536s
  1552   824  631.20634   30 1424  591.00000  639.13734  8.15%  1753  540s
  1560   829  630.04898   34 1420  591.00000  639.13734  8.15%  1763  545s
  1568   834  626.53700   38 1369  591.00000  639.13734  8.15%  1775  551s
  1576   840  631.14882   42 1420  591.00000  639.13734  8.15%  1784  555s
  1584   845  622.73487   46 1380  591.00000  639.13734  8.15%  1794  560s
  1596   853  620.91394   52 1362  591.00000  639.13734  8.15%  1806  565s
  1604   858  618.02366   56 1341  591.00000  639.13734  8.15%  1816  570s
  1616   866  627.89125   62 1398  591.00000  639.13734  8.15%  1824  575s
  1629   875  629.58233   69 1398  591.00000  639.13734  8.15%  1832  580s
  1642   884  610.70350   75 1320  591.00000  639.13734  8.15%  1843  585s
  1658   894  623.18163   83 1370  591.00000  639.13734  8.15%  1850  590s
  1677   907  624.86101   93 1376  591.00000  639.13734  8.15%  1856  595s
  1698   924  619.96409  103 1341  591.00000  639.13734  8.15%  1863  600s
  1720   946  615.05246  114 1322  591.00000  639.13734  8.15%  1866  605s
  1754   980  612.22772  131 1302  591.00000  639.13734  8.15%  1861  610s
  1794  1020  609.36329  151 1278  591.00000  639.13734  8.15%  1853  615s
  1862  1088  602.85053  185 1240  591.00000  639.13734  8.15%  1823  620s
  1958  1158  638.41554   14 1464  591.00000  639.10597  8.14%  1756  625s
  1963  1163  632.69749   16 1433  591.00000  639.10597  8.14%  1765  630s
  1969  1169  632.34092   19 1430  591.00000  639.10597  8.14%  1774  635s
  1977  1177  629.46673   23 1425  591.00000  639.10597  8.14%  1785  641s
  1983  1183  622.03914   26 1383  591.00000  639.10597  8.14%  1794  646s
  1989  1189  627.21814   29 1409  591.00000  639.10597  8.14%  1802  650s
  1995  1195  627.90382   32 1411  591.00000  639.10597  8.14%  1809  655s
  2000  1200  635.74714   35 1443  591.00000  639.10597  8.14%  1815  660s
  2007  1207  630.56118   38 1416  591.00000  639.10597  8.14%  1823  666s
  2013  1213  628.00936   41 1401  591.00000  639.10597  8.14%  1829  670s
  2021  1221  631.13155   45 1416  591.00000  639.10597  8.14%  1837  675s
  2031  1231  628.10768   50 1402  591.00000  639.10597  8.14%  1844  680s
  2039  1239  628.07437   54 1392  591.00000  639.10597  8.14%  1850  685s
  2049  1249  620.13425   59 1368  591.00000  639.10597  8.14%  1858  690s
  2063  1263  626.17124   66 1384  591.00000  639.10597  8.14%  1866  695s
  2073  1273  624.76311   71 1383  591.00000  639.10597  8.14%  1872  700s
  2087  1287  624.88177   78 1374  591.00000  639.10597  8.14%  1879  705s
  2102  1302  626.40796   86 1392  591.00000  639.10597  8.14%  1882  710s
  2118  1318  625.04574   94 1380  591.00000  639.10597  8.14%  1887  715s
  2135  1335  622.24188  102 1360  591.00000  639.10597  8.14%  1891  720s
H 2141  1317                     592.0000000  639.10597  7.96%  1890  721s
  2157  1335  616.94183  113 1317  592.00000  639.10597  7.96%  1893  725s
  2181  1359  617.32356  125 1314  592.00000  639.10597  7.96%  1892  730s
  2215  1393  610.32334  142 1277  592.00000  639.10597  7.96%  1885  735s
  2253  1431  608.28872  161 1263  592.00000  639.10597  7.96%  1878  741s
  2288  1466  602.80000  179 1194  592.00000  639.10597  7.96%  1862  745s
  2336  1510  595.73834  203 1138  592.00000  639.10597  7.96%  1834  750s
  2375  1516  637.98834   12 1464  592.00000  638.59988  7.87%  1808  756s
  2379  1520  632.27274   14 1428  592.00000  638.59988  7.87%  1813  760s
  2385  1526  627.15197   17 1406  592.00000  638.59988  7.87%  1819  765s
  2391  1532  632.55006   20 1431  592.00000  638.59988  7.87%  1827  770s
  2397  1538  630.67389   23 1419  592.00000  638.59988  7.87%  1832  775s
  2403  1544  627.77510   26 1419  592.00000  638.59988  7.87%  1838  781s
  2409  1550  623.69328   29 1389  592.00000  638.59988  7.87%  1845  785s
  2415  1556  625.78105   32 1400  592.00000  638.59988  7.87%  1850  790s
  2421  1562  621.24739   35 1368  592.00000  638.59988  7.87%  1856  795s
  2427  1568  627.28233   38 1405  592.00000  638.59988  7.87%  1860  805s
  2435  1576  623.34917   42 1378  592.00000  638.59988  7.87%  1867  811s
  2442  1583  633.29957   46 1425  592.00000  638.59988  7.87%  1871  815s
  2451  1592  624.08704   50 1362  592.00000  638.59988  7.87%  1877  820s
  2453  1594  630.03475   51 1403  592.00000  638.59988  7.87%  1878  829s
  2455  1596  629.43013   52 1400  592.00000  638.59988  7.87%  1879  830s
  2466  1607  631.60853   58 1412  592.00000  638.59988  7.87%  1884  835s
  2477  1618  627.07241   63 1388  592.00000  638.59988  7.87%  1889  840s
  2491  1632  624.95505   70 1378  592.00000  638.59988  7.87%  1893  845s
  2499  1640  624.28928   74 1372  592.00000  638.59988  7.87%  1896  850s
  2513  1654  623.25879   81 1353  592.00000  638.59988  7.87%  1898  855s
  2525  1666  619.20682   87 1340  592.00000  638.59988  7.87%  1903  860s
  2542  1683  623.59003   96 1366  592.00000  638.59988  7.87%  1906  865s
  2552  1693  622.61587  101 1362  592.00000  638.59988  7.87%  1908  870s
  2567  1708  618.82294  108 1345  592.00000  638.59988  7.87%  1911  875s
  2579  1720  617.97984  114 1340  592.00000  638.59988  7.87%  1912  881s
  2601  1742  616.99119  125 1303  592.00000  638.59988  7.87%  1910  885s
  2606  1747  617.48339  128 1320  592.00000  638.59988  7.87%  1909  890s
  2633  1774  612.77905  141 1285  592.00000  638.59988  7.87%  1903  895s
  2660  1801  608.75080  155 1276  592.00000  638.59988  7.87%  1895  901s
  2687  1828  604.96708  168 1254  592.00000  638.59988  7.87%  1888  906s
  2725  1864  598.63355  187 1221  592.00000  638.59988  7.87%  1870  910s
  2788  1895  632.74343   16 1436  592.00000  638.59599  7.87%  1841  916s
  2792  1899  627.49908   18 1412  592.00000  638.59599  7.87%  1845  920s
  2800  1907  631.95953   22 1427  592.00000  638.59599  7.87%  1852  925s
  2806  1913  630.25431   25 1431  592.00000  638.59599  7.87%  1858  930s
  2814  1921  629.92159   29 1427  592.00000  638.59599  7.87%  1865  935s
  2818  1925  624.96372   31 1392  592.00000  638.59599  7.87%  1868  940s
  2824  1931  627.50540   34 1406  592.00000  638.59599  7.87%  1874  945s
  2832  1939  630.24531   38 1422  592.00000  638.59599  7.87%  1881  950s
  2840  1947  626.38073   42 1393  592.00000  638.59599  7.87%  1887  955s
  2848  1955  627.90649   46 1404  592.00000  638.59599  7.87%  1892  960s
  2858  1965  628.26647   51 1399  592.00000  638.59599  7.87%  1898  965s
  2868  1975  628.11357   56 1400  592.00000  638.59599  7.87%  1903  970s
  2878  1985  621.76702   61 1367  592.00000  638.59599  7.87%  1908  975s
  2889  1996  630.05607   67 1410  592.00000  638.59599  7.87%  1911  994s
  2890  1997  626.01314   67 1374  592.00000  638.59599  7.87%  1912  999s
  2893  2000  629.50528   69 1405  592.00000  638.59599  7.87%  1912 1000s
  2906  2013  616.61701   75 1341  592.00000  638.59599  7.87%  1918 1005s
  2923  2030  626.67559   84 1393  592.00000  638.59599  7.87%  1924 1010s
  2948  2055  620.08617   96 1352  592.00000  638.59599  7.87%  1927 1015s
  2976  2083  617.26992  110 1337  592.00000  638.59599  7.87%  1930 1020s
  3002  2109  616.16253  123 1318  592.00000  638.59599  7.87%  1930 1025s
  3028  2135  609.21041  136 1285  592.00000  638.59599  7.87%  1930 1030s
  3085  2192  607.52903  165 1271  592.00000  638.59599  7.87%  1921 1035s
  3193  2276  630.78694   15 1430  592.00000  638.37308  7.83%  1878 1041s
  3199  2282  630.09992   18 1425  592.00000  638.37308  7.83%  1883 1046s
  3203  2286  632.40010   20 1440  592.00000  638.37308  7.83%  1886 1050s
  3209  2292  632.83732   23 1436  592.00000  638.37308  7.83%  1891 1055s
  3216  2299  636.26539   27 1461  592.00000  638.37308  7.83%  1896 1060s
  3223  2306  631.10086   30 1436  592.00000  638.37308  7.83%  1902 1065s
  3229  2312  627.45901   33 1421  592.00000  638.37308  7.83%  1906 1070s
  3235  2318  624.60657   36 1396  592.00000  638.37308  7.83%  1910 1075s
  3243  2326  628.25799   40 1407  592.00000  638.37308  7.83%  1916 1081s
  3250  2333  633.98665   44 1440  592.00000  638.37308  7.83%  1919 1085s
  3257  2340  623.95757   47 1392  592.00000  638.37308  7.83%  1925 1090s
  3267  2350  630.14745   52 1411  592.00000  638.37308  7.83%  1929 1095s
  3279  2362  629.83335   58 1401  592.00000  638.37308  7.83%  1932 1100s
  3291  2374  624.01841   64 1379  592.00000  638.37308  7.83%  1937 1105s
  3303  2386  626.96334   70 1392  592.00000  638.37308  7.83%  1942 1110s
  3315  2398  626.51468   76 1391  592.00000  638.37308  7.83%  1946 1118s
  3319  2402  625.27176   78 1377  592.00000  638.37308  7.83%  1947 1120s
  3335  2418  623.49213   86 1375  592.00000  638.37308  7.83%  1951 1125s
  3353  2436  622.15608   95 1369  592.00000  638.37308  7.83%  1954 1130s
  3375  2458  619.03369  106 1353  592.00000  638.37308  7.83%  1957 1135s
  3397  2480  617.38925  117 1348  592.00000  638.37308  7.83%  1959 1140s
  3429  2512  613.75024  133 1306  592.00000  638.37308  7.83%  1957 1145s
  3491  2574  604.85185  164 1245  592.00000  638.37308  7.83%  1949 1150s
  3616  2664  627.87983   17 1407  592.00000  638.36823  7.83%  1904 1155s
  3622  2670  629.93329   20 1429  592.00000  638.36823  7.83%  1909 1160s
  3628  2676  631.21456   23 1434  592.00000  638.36823  7.83%  1913 1165s
  3634  2682  628.51506   26 1423  592.00000  638.36823  7.83%  1917 1170s
  3640  2688  631.04128   29 1437  592.00000  638.36823  7.83%  1921 1175s
  3648  2696  624.68477   33 1403  592.00000  638.36823  7.83%  1926 1181s
  3654  2702  630.84013   36 1419  592.00000  638.36823  7.83%  1930 1185s
  3662  2710  629.33141   40 1426  592.00000  638.36823  7.83%  1934 1190s
  3670  2718  623.26495   44 1394  592.00000  638.36823  7.83%  1939 1195s
  3680  2728  623.47563   49 1395  592.00000  638.36823  7.83%  1944 1200s
  3692  2740  622.40955   55 1376  592.00000  638.36823  7.83%  1949 1205s
  3704  2752  620.91087   61 1374  592.00000  638.36823  7.83%  1954 1211s
  3714  2762  620.87440   66 1357  592.00000  638.36823  7.83%  1958 1215s
  3726  2774  617.23166   72 1334  592.00000  638.36823  7.83%  1961 1220s
  3738  2786  624.12818   78 1377  592.00000  638.36823  7.83%  1963 1225s
  3746  2794  622.92084   82 1365  592.00000  638.36823  7.83%  1964 1233s
  3752  2800  620.57828   85 1363  592.00000  638.36823  7.83%  1966 1235s
  3768  2816  621.18843   93 1366  592.00000  638.36823  7.83%  1968 1240s
  3776  2824  617.56895   97 1318  592.00000  638.36823  7.83%  1969 1245s
  3798  2846  618.95999  108 1358  592.00000  638.36823  7.83%  1971 1250s
  3824  2872  612.74454  121 1313  592.00000  638.36823  7.83%  1972 1255s
  3860  2908  606.34169  139 1279  592.00000  638.36823  7.83%  1969 1260s
  3918  2966  604.32084  168 1259  592.00000  638.36823  7.83%  1960 1265s
  4023  3054  636.12791   27 1468  592.00000  638.35436  7.83%  1925 1270s
  4067  3098  629.97186   71 1416  592.00000  638.35436  7.83%  1913 1275s
  4105  3136  621.93797  102 1361  592.00000  638.35436  7.83%  1906 1280s
  4144  3175  617.34806  133 1327  592.00000  638.35436  7.83%  1899 1285s
  4199  3230  608.61378  161 1277  592.00000  638.35436  7.83%  1889 1290s
  4282  3313  601.84363  188 1237  592.00000  638.35436  7.83%  1870 1295s
  4404  3435  597.94000  198 1177  592.00000  638.35436  7.83%  1833 1300s
  4570  3569  637.54928   14 1470  592.00000  638.35402  7.83%  1780 1305s
  4606  3605  632.43054   50 1432  592.00000  638.35402  7.83%  1773 1310s
  4646  3645  624.80490   88 1381  592.00000  638.35402  7.83%  1767 1315s
  4690  3689  618.06386  124 1325  592.00000  638.35402  7.83%  1761 1320s
  4752  3751  609.26856  155 1284  592.00000  638.35402  7.83%  1754 1325s
  4868  3867  600.06757  183 1217  592.00000  638.35402  7.83%  1729 1335s
  5026  3991  637.31864   13 1463  592.00000  637.97411  7.77%  1687 1340s
  5052  4017  632.88263   39 1434  592.00000  637.97411  7.77%  1683 1345s
  5088  4053  626.29921   73 1391  592.00000  637.97411  7.77%  1679 1350s
  5150  4115  615.78423  130 1323  592.00000  637.97411  7.77%  1667 1355s
  5230  4195  603.46479  162 1219  592.00000  637.97411  7.77%  1655 1360s
  5381  4346  596.75000  188 1202  592.00000  637.97411  7.77%  1624 1365s
  5480  4425  627.92001   19 1422  592.00000  637.86140  7.75%  1602 1370s
  5505  4450  623.50511   44 1395  592.00000  637.86140  7.75%  1598 1381s
  5543  4488  615.89321   80 1344  592.00000  637.86140  7.75%  1594 1385s
  5615  4560  604.88168  132 1233  592.00000  637.86140  7.75%  1584 1390s
  5729  4655  630.10299   18 1432  592.00000  637.75996  7.73%  1568 1396s
  5758  4684  624.90746   47 1401  592.00000  637.75996  7.73%  1564 1400s
  5803  4729  616.04534   87 1343  592.00000  637.75996  7.73%  1559 1405s
  5865  4791  606.22823  133 1275  592.00000  637.75996  7.73%  1552 1410s
  5987  4908  593.03333  176 1138  592.00000  637.75996  7.73%  1534 1415s
  6012  4909  628.62310   26 1428  592.00000  637.73526  7.73%  1531 1428s
  6031  4928  625.76053   45 1406  592.00000  637.73526  7.73%  1529 1430s
  6095  4992  614.13148  107 1324  592.00000  637.73526  7.73%  1520 1435s
  6177  5074  601.45626  158 1244  592.00000  637.73526  7.73%  1510 1440s
  6333  5230  593.20732  183 1204  592.00000  637.73526  7.73%  1484 1445s
  6396  5249  633.51334   40 1440  592.00000  637.73484  7.73%  1475 1450s
  6432  5285  627.38545   74 1399  592.00000  637.73484  7.73%  1472 1455s
  6472  5325  620.57534  108 1354  592.00000  637.73484  7.73%  1470 1460s
  6541  5394  609.20876  151 1276  592.00000  637.73484  7.73%  1464 1465s
  6644  5497  600.83636  182 1194  592.00000  637.73484  7.73%  1454 1470s
  6811  5664  594.40922  200 1142  592.00000  637.73484  7.73%  1428 1475s
  6881  5713  632.80345   42 1435  592.00000  637.72486  7.72%  1419 1480s
  6919  5751  626.13863   78 1394  592.00000  637.72486  7.72%  1417 1485s
  6976  5808  616.03826  131 1318  592.00000  637.72486  7.72%  1412 1490s
  7026  5858  608.25920  158 1279  592.00000  637.72486  7.72%  1409 1495s
  7135  5967  599.85714  185 1199  592.00000  637.72486  7.72%  1398 1500s
  7324  6156  593.25000  204 1063  592.00000  637.72486  7.72%  1372 1505s
  7357  6165  620.11118   29 1370  592.00000  637.71114  7.72%  1370 1510s
  7416  6214  635.65766   24 1445  592.00000  637.70875  7.72%  1364 1515s
  7456  6254  628.63669   64 1392  592.00000  637.70875  7.72%  1361 1520s
  7524  6322  614.36335  132 1309  592.00000  637.70875  7.72%  1355 1525s
  7613  6398  627.14355   20 1403  592.00000  637.64230  7.71%  1346 1531s
  7617  6402  628.73789   22 1420  592.00000  637.64230  7.71%  1348 1535s
  7623  6408  631.43402   25 1419  592.00000  637.64230  7.71%  1350 1540s
  7631  6416  630.71495   29 1419  592.00000  637.64230  7.71%  1353 1545s
  7639  6424  626.53924   33 1411  592.00000  637.64230  7.71%  1356 1550s
  7646  6431  633.57989   37 1432  592.00000  637.64230  7.71%  1358 1555s
  7653  6438  624.61265   40 1389  592.00000  637.64230  7.71%  1361 1560s
  7663  6448  626.61498   45 1397  592.00000  637.64230  7.71%  1363 1565s
  7671  6456  626.57835   49 1397  592.00000  637.64230  7.71%  1366 1570s
  7681  6466  623.11867   54 1370  592.00000  637.64230  7.71%  1368 1575s
  7692  6477  630.40387   60 1407  592.00000  637.64230  7.71%  1370 1580s
  7705  6490  626.06936   66 1381  592.00000  637.64230  7.71%  1373 1585s
  7718  6503  627.47344   73 1389  592.00000  637.64230  7.71%  1376 1590s
  7733  6518  623.85129   80 1378  592.00000  637.64230  7.71%  1378 1595s
  7749  6534  620.64675   88 1347  592.00000  637.64230  7.71%  1381 1600s
  7769  6554  610.76027   98 1318  592.00000  637.64230  7.71%  1383 1605s
  7795  6580  615.45331  111 1314  592.00000  637.64230  7.71%  1385 1610s
  7827  6612  606.75312  127 1277  592.00000  637.64230  7.71%  1388 1615s
  7873  6658  602.10540  150 1237  592.00000  637.64230  7.71%  1388 1620s
  7951  6734     cutoff  189       592.00000  637.64230  7.71%  1385 1625s
  8016  6775  620.98960   26 1385  592.00000  637.57164  7.70%  1378 1634s
  8018  6777  620.71012   28 1385  592.00000  637.57164  7.70%  1378 1635s
  8097  6856  604.14495  107 1279  592.00000  637.57164  7.70%  1370 1640s
  8167  6908  629.84774   39 1423  592.00000  637.54737  7.69%  1364 1645s
  8212  6953  614.78612   84 1319  592.00000  637.54737  7.69%  1361 1650s
  8285  7010  627.36641   17 1413  592.00000  637.43827  7.68%  1354 1655s
  8350  7075  614.16121   82 1323  592.00000  637.43827  7.68%  1349 1660s
  8467  7192  596.50000  156 1170  592.00000  637.43827  7.68%  1339 1665s
  8522  7229  623.43386   24 1401  592.00000  637.36333  7.66%  1336 1670s
  8561  7260  631.92262   22 1442  592.00000  637.31773  7.66%  1335 1676s
  8591  7290  627.48875   52 1399  592.00000  637.31773  7.66%  1334 1680s
  8649  7348  615.03756  110 1330  592.00000  637.31773  7.66%  1330 1685s
  8743  7422  627.43866   14 1412  592.00000  637.27539  7.65%  1322 1690s
  8787  7466  598.30743   58 1255  592.00000  637.27539  7.65%  1319 1695s
  8821  7490  609.64489   19 1320  592.00000  637.21561  7.64%  1319 1700s
  8837  7504  596.30530   25 1262  592.00000  637.21561  7.64%  1321 1705s
  8874  7523  593.32785   40 1247  592.00000  637.21561  7.64%  1320 1710s
  8895  7534  612.39035   29 1325  592.00000  637.20017  7.64%  1321 1715s
  8941  7570  634.54187   30 1443  592.00000  637.19855  7.63%  1318 1720s
  8978  7607  625.84798   67 1375  592.00000  637.19855  7.63%  1317 1725s
  9023  7652  613.43583  112 1287  592.00000  637.19855  7.63%  1313 1730s
  9106  7709  627.38587   27 1404  592.00000  637.17936  7.63%  1305 1735s
  9155  7752  594.80908   73 1233  592.00000  637.17936  7.63%  1303 1740s
  9188  7777  627.10733   46 1411  592.00000  637.13986  7.62%  1302 1745s
  9259  7848  613.79984  117 1321  592.00000  637.13986  7.62%  1297 1750s
  9359  7914  629.35690   17 1426  592.00000  637.12738  7.62%  1290 1755s
  9401  7956  598.93004   59 1274  592.00000  637.12738  7.62%  1288 1760s
  9454  7997  625.70754   32 1398  592.00000  637.12664  7.62%  1285 1765s
  9542  8085  608.12656  120 1273  592.00000  637.12664  7.62%  1278 1770s
  9629  8150  633.01538   38 1434  592.00000  637.12180  7.62%  1271 1775s
  9674  8195  625.55038   82 1382  592.00000  637.12180  7.62%  1269 1780s
  9722  8243  615.74672  122 1331  592.00000  637.12180  7.62%  1268 1785s
  9809  8330  602.81269  172 1225  592.00000  637.12180  7.62%  1264 1790s
  9983  8504  593.28571  205 1131  592.00000  637.12180  7.62%  1249 1795s
 10020  8523  632.85601   34 1433  592.00000  637.05034  7.61%  1247 1807s
 10042  8545  629.64485   56 1406  592.00000  637.05034  7.61%  1246 1810s
 10121  8624  613.52816  135 1301  592.00000  637.05034  7.61%  1241 1815s
 10203  8687  634.90921   30 1490  592.00000  637.05034  7.61%  1234 2568s
 10206  8689  596.93727  199 1483  592.00000  637.05034  7.61%  1234 2578s
 10207  8690  601.68182  182 1490  592.00000  636.89034  7.58%  1234 2581s
 10213  8694  609.82984  153 1493  592.00000  635.41060  7.33%  1233 2598s
 10214  8694  603.41667  185 1489  592.00000  635.35182  7.32%  1233 2611s
 10216  8696  614.14133  115 1489  592.00000  635.33566  7.32%  1233 2624s
 10217  8696  632.82625   41 1487  592.00000  635.10549  7.28%  1232 2637s
 10221  8699  606.87500  166 1490  592.00000  635.02168  7.27%  1232 2651s
 10222  8700  633.28177   38 1491  592.00000  634.71089  7.21%  1232 2666s
 10226  8702  608.60886  162 1493  592.00000  634.60352  7.20%  1231 2682s
 10227  8703  632.83703   24 1489  592.00000  634.05535  7.10%  1231 2697s
 10231  8706  612.69708  134 1490  592.00000  633.90092  7.08%  1231 2714s
 10232  8706  599.57143  194 1490  592.00000  633.63525  7.03%  1231 2729s
 10233  8707  608.30347  102 1494  592.00000  633.52961  7.02%  1231 2730s
 10236  8709  627.60289   61 1493  592.00000  633.51318  7.01%  1230 2746s
 10237  8710  596.18652  167 1491  592.00000  633.28099  6.97%  1230 2761s
 10240  8712  600.50206  162 1492  592.00000  633.19968  6.96%  1230 2777s
 10241  8712  631.03679   30 1490  592.00000  633.12414  6.95%  1230 2790s
 10243  8714  632.61253   15 1489  592.00000  633.10218  6.94%  1229 2806s
 10244  8714  609.09681  109 1491  592.00000  633.00502  6.93%  1229 2820s
 10246  8716  606.04186  164 1490  592.00000  632.97026  6.92%  1229 2836s
 10247  8716  597.10271  192 1491  592.00000  632.87849  6.91%  1229 2852s
 10249  8718  610.48201  148 1492  592.00000  632.85796  6.90%  1229 2864s
 10250  8718  619.39092  108 1489  592.00000  632.81378  6.89%  1229 2877s
 10252  8720  619.65347   88 1489  592.00000  632.79592  6.89%  1228 2891s
 10253  8720  620.22235   85 1491  592.00000  632.75973  6.89%  1228 2904s
 10255  8722  632.74302   37 1492  592.00000  632.74302  6.88%  1228 2919s
 10256  8722  628.76476   46 1491  592.00000  632.68963  6.87%  1228 2932s
 10259  8724  617.97644  115 1492  592.00000  632.66199  6.87%  1227 2947s
 10260  8725  623.11947   48 1488  592.00000  632.62995  6.86%  1227 2963s
 10262  8726  618.47778   76 1488  592.00000  632.61822  6.86%  1227 2978s
 10263  8727  601.95545  180 1487  592.00000  632.53939  6.85%  1227 2994s
 10266  8729  598.25000  190 1492  592.00000  632.48380  6.84%  1227 3008s
 10267  8730  594.37500  201 1488  592.00000  632.46199  6.83%  1226 3025s
 10269  8731  632.45047   30 1491  592.00000  632.45047  6.83%  1226 3040s
 10270  8732  593.00000  213 1489  592.00000  632.39236  6.82%  1226 3056s
 10273  8734  630.14533   53 1490  592.00000  632.35551  6.82%  1226 3071s
 10274  8734  627.25409   34 1488  592.00000  632.35453  6.82%  1226 3087s
 10275  8735  624.36468  100 1491  592.00000  632.35433  6.82%  1226 3106s
 10276  8736  632.31704   51 1489  592.00000  632.31704  6.81%  1225 3121s
 10279  8738  613.71612   89 1490  592.00000  632.29623  6.81%  1225 3137s
 10280  8738  607.72771  102 1488  592.00000  632.26861  6.80%  1225 3151s
 10282  8740  611.90625  150 1489  592.00000  632.25858  6.80%  1225 3166s
 10283  8740  626.37572   36 1488  592.00000  632.22857  6.80%  1225 3179s
 10285  8742  628.57848   41 1491  592.00000  632.21835  6.79%  1224 3194s
 10286  8742  618.84392  101 1491  592.00000  632.19272  6.79%  1224 3212s
 10287  8743  599.23206  183 1491  592.00000  632.18968  6.79%  1224 3228s
 10288  8744  629.83312   59 1489  592.00000  632.17464  6.79%  1224 3244s
 10289  8744  623.77303   69 1491  592.00000  632.17262  6.79%  1224 3260s
 10290  8745  601.67865  140 1488  592.00000  632.16990  6.79%  1224 3278s
 10291  8746  606.39762  133 1492  592.00000  632.16874  6.79%  1224 3295s
 10292  8746  597.58192  195 1489  592.00000  632.16814  6.79%  1224 3313s
 10293  8747  608.71638  133 1490  592.00000  632.16798  6.79%  1223 3330s
 10294  8748  632.16702   17 1489  592.00000  632.16702  6.78%  1223 3348s
 10295  8748  628.19658   63 1490  592.00000  632.16651  6.78%  1223 3366s
 10296  8749  600.68016  167 1491  592.00000  632.16571  6.78%  1223 3384s
 10297  8750  626.57262   22 1491  592.00000  632.16528  6.78%  1223 3404s
 10298  8750  596.50531  193 1491  592.00000  632.16514  6.78%  1223 3425s
 10299  8751  600.83858  144 1491  592.00000  632.16504  6.78%  1223 3444s
 10300  8752  628.47366   43 1490  592.00000  632.16504  6.78%  1223 3465s
 10301  8752  616.82386   93 1492  592.00000  632.15833  6.78%  1222 3483s
 10302  8753  599.66244  185 1491  592.00000  632.15726  6.78%  1222 3502s
 10303  8754  632.15726   30 1491  592.00000  632.15726  6.78%  1222 3520s
 10309  8760  630.64242   21 1461  592.00000  631.80844  6.72%  1232 3525s
 10317  8765  630.38070   25 1467  592.00000  631.80844  6.72%  1233 3530s
 10326  8771  628.48877   30 1454  592.00000  631.80844  6.72%  1234 3535s
 10335  8777  626.88962   34 1445  592.00000  631.80844  6.72%  1235 3540s
 10346  8784  625.79007   40 1438  592.00000  631.80844  6.72%  1237 3545s
 10357  8792  622.29989   45 1416  592.00000  631.80844  6.72%  1238 3551s
 10365  8797  622.56009   49 1421  592.00000  631.80844  6.72%  1239 3555s
 10374  8803  622.26818   54 1428  592.00000  631.80844  6.72%  1241 3560s
 10387  8812  617.01363   60 1409  592.00000  631.80844  6.72%  1242 3565s
 10398  8819  618.47788   66 1420  592.00000  631.80844  6.72%  1243 3570s
 10410  8827  615.46704   72 1400  592.00000  631.80844  6.72%  1244 3575s
 10422  8835  614.74268   78 1405  592.00000  631.80844  6.72%  1245 3580s
 10434  8843  612.17066   84 1394  592.00000  631.80844  6.72%  1247 3585s
 10449  8853  609.35643   91 1384  592.00000  631.80844  6.72%  1248 3590s
 10465  8864  608.00275   99 1384  592.00000  631.80844  6.72%  1249 3595s

Cutting planes:
  Gomory: 4
  Flow cover: 56
  Zero half: 630
  RLT: 163
  BQP: 29

Explored 10483 nodes (13217938 simplex iterations) in 3600.00 seconds (4252.72 work units)
Thread count was 1 (of 24 available processors)

Solution count 10: 592 591 590 ... 580

Time limit reached
Best objective 5.920000000000e+02, best bound 6.310000000000e+02, gap 6.5878%

User-callback calls 149488, time in user-callback 1.07 sec
