
Gurobi 11.0.3 (linux64) logging started Thu Mar  5 16:04:10 2026

Set parameter LogFile to value "./log/train/IS_1500_6/IS_27.lp.log"
Set parameter TimeLimit to value 3600
Gurobi Optimizer version 11.0.3 build v11.0.3rc0 (linux64 - "Ubuntu 22.04.5 LTS")

CPU model: AMD Ryzen 9 9900X 12-Core Processor, instruction set [SSE2|AVX|AVX2|AVX512]
Thread count: 12 physical cores, 24 logical processors, using up to 2 threads

Optimize a model with 9203 rows, 1500 columns and 18126 nonzeros
Model fingerprint: 0xa2e4b8c8
Variable types: 0 continuous, 1500 integer (1500 binary)
Coefficient statistics:
  Matrix range     [1e+00, 1e+00]
  Objective range  [1e+00, 1e+00]
  Bounds range     [1e+00, 1e+00]
  RHS range        [1e+00, 1e+00]
Found heuristic solution: objective 336.0000000
Presolve removed 1710 rows and 0 columns
Presolve time: 0.03s
Presolved: 7493 rows, 1500 columns, 16352 nonzeros
Variable types: 0 continuous, 1500 integer (1500 binary)

Root relaxation: objective 6.885000e+02, 3884 iterations, 0.15 seconds (0.25 work units)

    Nodes    |    Current Node    |     Objective Bounds      |     Work
 Expl Unexpl |  Obj  Depth IntInf | Incumbent    BestBd   Gap | It/Node Time

     0     0  688.50000    0 1367  336.00000  688.50000   105%     -    0s
H    0     0                     502.0000000  688.50000  37.2%     -    0s
     0     0  672.12500    0 1360  502.00000  672.12500  33.9%     -    1s
H    0     0                     506.0000000  672.12500  32.8%     -    1s
     0     0  665.74635    0 1486  506.00000  665.74635  31.6%     -    1s
H    0     0                     546.0000000  665.74635  21.9%     -    1s
     0     0  665.24515    0 1480  546.00000  665.24515  21.8%     -    2s
     0     0  665.19816    0 1483  546.00000  665.19816  21.8%     -    2s
     0     0  665.19481    0 1486  546.00000  665.19481  21.8%     -    2s
     0     0  658.03643    0 1485  546.00000  658.03643  20.5%     -    2s
     0     0  657.58764    0 1485  546.00000  657.58764  20.4%     -    3s
     0     0  657.50432    0 1486  546.00000  657.50432  20.4%     -    3s
     0     0  657.48643    0 1486  546.00000  657.48643  20.4%     -    3s
     0     0  657.47972    0 1488  546.00000  657.47972  20.4%     -    3s
     0     0  653.19455    0 1489  546.00000  653.19455  19.6%     -    3s
     0     0  652.70448    0 1485  546.00000  652.70448  19.5%     -    4s
     0     0  652.66294    0 1484  546.00000  652.66294  19.5%     -    4s
     0     0  652.65024    0 1485  546.00000  652.65024  19.5%     -    4s
     0     0  652.64442    0 1486  546.00000  652.64442  19.5%     -    4s
     0     0  648.63874    0 1485  546.00000  648.63874  18.8%     -    5s
     0     0  647.90398    0 1481  546.00000  647.90398  18.7%     -    5s
     0     0  647.85729    0 1485  546.00000  647.85729  18.7%     -    5s
     0     0  647.82382    0 1486  546.00000  647.82382  18.6%     -    5s
     0     0  647.81531    0 1489  546.00000  647.81531  18.6%     -    5s
     0     0  645.89218    0 1488  546.00000  645.89218  18.3%     -    6s
H    0     0                     547.0000000  645.89218  18.1%     -    6s
     0     0  645.65079    0 1490  547.00000  645.65079  18.0%     -    6s
     0     0  645.62677    0 1491  547.00000  645.62677  18.0%     -    6s
     0     0  645.60062    0 1489  547.00000  645.60062  18.0%     -    6s
     0     0  645.59205    0 1490  547.00000  645.59205  18.0%     -    6s
     0     0  643.99649    0 1489  547.00000  643.99649  17.7%     -    6s
     0     0  643.80325    0 1490  547.00000  643.80325  17.7%     -    6s
     0     0  643.76837    0 1486  547.00000  643.76837  17.7%     -    7s
     0     0  643.75824    0 1490  547.00000  643.75824  17.7%     -    7s
     0     0  642.58571    0 1493  547.00000  642.58571  17.5%     -    7s
H    0     0                     549.0000000  642.58571  17.0%     -    7s
     0     0  642.39501    0 1493  549.00000  642.39501  17.0%     -    7s
     0     0  642.37083    0 1492  549.00000  642.37083  17.0%     -    7s
     0     0  642.36530    0 1491  549.00000  642.36530  17.0%     -    7s
     0     0  641.63349    0 1489  549.00000  641.63349  16.9%     -    8s
     0     0  641.50005    0 1485  549.00000  641.50005  16.8%     -    8s
     0     0  641.46798    0 1489  549.00000  641.46798  16.8%     -    8s
     0     0  641.45267    0 1493  549.00000  641.45267  16.8%     -    8s
     0     0  640.86736    0 1487  549.00000  640.86736  16.7%     -    8s
H    0     0                     552.0000000  640.86736  16.1%     -    8s
     0     0  640.74518    0 1488  552.00000  640.74518  16.1%     -    9s
     0     0  640.73319    0 1492  552.00000  640.73319  16.1%     -    9s
     0     0  640.19158    0 1491  552.00000  640.19158  16.0%     -    9s
     0     0  640.05698    0 1492  552.00000  640.05698  16.0%     -    9s
     0     0  640.03202    0 1493  552.00000  640.03202  15.9%     -    9s
     0     0  640.02363    0 1494  552.00000  640.02363  15.9%     -    9s
     0     0  639.32497    0 1489  552.00000  639.32497  15.8%     -   10s
     0     0  639.19160    0 1486  552.00000  639.19160  15.8%     -   10s
     0     0  639.17715    0 1488  552.00000  639.17715  15.8%     -   10s
     0     0  638.51860    0 1491  552.00000  638.51860  15.7%     -   11s
     0     0  638.37175    0 1492  552.00000  638.37175  15.6%     -   11s
     0     0  638.36129    0 1494  552.00000  638.36129  15.6%     -   11s
     0     0  638.07616    0 1489  552.00000  638.07616  15.6%     -   11s
     0     0  637.97881    0 1492  552.00000  637.97881  15.6%     -   11s
     0     0  637.96029    0 1492  552.00000  637.96029  15.6%     -   11s
     0     0  637.72992    0 1490  552.00000  637.72992  15.5%     -   12s
     0     0  637.67855    0 1492  552.00000  637.67855  15.5%     -   12s
     0     0  637.66624    0 1492  552.00000  637.66624  15.5%     -   12s
     0     0  637.30599    0 1494  552.00000  637.30599  15.5%     -   12s
     0     0  637.20022    0 1493  552.00000  637.20022  15.4%     -   12s
     0     0  637.18310    0 1496  552.00000  637.18310  15.4%     -   12s
     0     0  636.81784    0 1491  552.00000  636.81784  15.4%     -   13s
H    0     0                     555.0000000  636.81784  14.7%     -   13s
     0     0  636.68830    0 1494  555.00000  636.68830  14.7%     -   13s
     0     0  636.65494    0 1492  555.00000  636.65494  14.7%     -   13s
     0     0  636.64604    0 1494  555.00000  636.64604  14.7%     -   13s
     0     0  636.25334    0 1492  555.00000  636.25334  14.6%     -   13s
H    0     0                     556.0000000  636.25334  14.4%     -   13s
     0     0  636.12704    0 1491  556.00000  636.12704  14.4%     -   14s
     0     0  636.11512    0 1493  556.00000  636.11512  14.4%     -   14s
     0     0  635.96364    0 1493  556.00000  635.96364  14.4%     -   14s
     0     0  635.92641    0 1492  556.00000  635.92641  14.4%     -   14s
     0     0  635.91142    0 1492  556.00000  635.91142  14.4%     -   14s
     0     0  635.57386    0 1490  556.00000  635.57386  14.3%     -   14s
H    0     0                     557.0000000  635.57386  14.1%     -   15s
     0     0  635.51083    0 1492  557.00000  635.51083  14.1%     -   15s
     0     0  635.49964    0 1492  557.00000  635.49964  14.1%     -   15s
     0     0  635.35926    0 1491  557.00000  635.35926  14.1%     -   15s
     0     0  635.35926    0 1490  557.00000  635.35926  14.1%     -   15s
H    0     0                     558.0000000  635.35926  13.9%     -   16s
     0     2  635.35926    0 1489  558.00000  635.35926  13.9%     -   16s
     5     8  626.59842    2 1445  558.00000  635.01824  13.8%  5352   20s
    19    23  626.99348    7 1438  558.00000  634.93786  13.8%  3283   25s
    46    53  615.40573   16 1387  558.00000  634.93786  13.8%  2193   30s
H   54    59                     561.0000000  634.93786  13.2%  1977   31s
    82    89  607.25713   29 1345  561.00000  634.93786  13.2%  2006   35s
H   89    96                     563.0000000  634.93786  12.8%  1967   36s
   137   143  593.92233   43 1279  563.00000  634.93786  12.8%  1767   41s
H  147   141                     564.0000000  634.93786  12.6%  1695   41s
H  150   145                     566.0000000  634.93786  12.2%  1766   42s
   167   171  573.06443   53 1189  566.00000  634.93786  12.2%  1841   45s
H  173   171                     567.0000000  634.93786  12.0%  1797   45s
   195   179  625.10204    6 1437  567.00000  634.68982  11.9%  1737   50s
H  200   183                     568.0000000  634.68982  11.7%  1772   51s
   225   213  609.91100   16 1353  568.00000  634.68982  11.7%  1844   55s
H  237   228                     569.0000000  634.68982  11.5%  1855   57s
H  279   245                     570.0000000  634.68982  11.3%  1746   58s
   286   248  597.51402   29 1300  570.00000  634.68982  11.3%  1717   60s
   308   268  590.16364   36 1276  570.00000  634.68982  11.3%  1715   65s
   356   300  627.21956    8 1443  570.00000  634.48277  11.3%  1681   70s
   395   353  611.50520   17 1367  570.00000  634.48277  11.3%  1730   75s
   472   410  578.65490   39 1212  570.00000  634.31395  11.3%  1617   81s
H  486   407                     571.0000000  634.31395  11.1%  1583   81s
   522   422  628.75186   11 1445  571.00000  634.31390  11.1%  1567   85s
   549   460  609.80698   19 1348  571.00000  634.31390  11.1%  1603   90s
   630   537  601.44322   39 1297  571.00000  634.31390  11.1%  1599   97s
   689   571  574.95833   61 1156  571.00000  634.17163  11.1%  1576  102s
   713   584  623.77614   10 1427  571.00000  634.17163  11.1%  1576  105s
   750   637  608.03401   22 1347  571.00000  634.17163  11.1%  1614  110s
   847   663  590.18944   31 1490  571.00000  633.68500  11.0%  1556  125s
   850   665  611.12283   15 1491  571.00000  633.68500  11.0%  1550  133s
   853   667  598.16526   32 1492  571.00000  633.68500  11.0%  1545  135s
   855   668  580.27648   42 1492  571.00000  633.68500  11.0%  1541  143s
   856   669  607.71921   13 1492  571.00000  633.68500  11.0%  1539  150s
   859   671  607.77779   13 1493  571.00000  633.68500  11.0%  1534  157s
   860   672  623.77389   11 1493  571.00000  633.68500  11.0%  1532  165s
   862   673  572.20449   55 1494  571.00000  633.68500  11.0%  1529  171s
   863   674  574.88818   44 1494  571.00000  633.68500  11.0%  1527  178s
   864   674  624.47932   13 1494  571.00000  633.68500  11.0%  1525  184s
   865   675  604.62801   26 1492  571.00000  633.68500  11.0%  1523  190s
   866   676  613.35678   17 1495  571.00000  633.68500  11.0%  1522  197s
   867   676  607.77779   13 1493  571.00000  633.68500  11.0%  1520  203s
   868   677  596.11764   35 1493  571.00000  633.68500  11.0%  1518  210s
   869   678  578.94924   54 1493  571.00000  633.68500  11.0%  1516  223s
   872   683  633.68500   13 1489  571.00000  633.68500  11.0%  1581  225s
   884   691  633.68500   16 1486  571.00000  633.68500  11.0%  1597  230s
   899   701  633.18885   19 1483  571.00000  633.68500  11.0%  1613  235s
   920   717  631.35136   25 1470  571.00000  633.68500  11.0%  1627  240s
   940   730  629.93464   30 1467  571.00000  633.68500  11.0%  1646  245s
   959   742  625.05210   34 1436  571.00000  633.68500  11.0%  1675  251s
   974   754  627.27624   37 1451  571.00000  633.68500  11.0%  1685  255s
   999   772  622.79093   43 1431  571.00000  633.68500  11.0%  1711  261s
  1015   785  625.10857   46 1452  571.00000  633.68500  11.0%  1715  265s
  1032   794  623.98031   51 1439  571.00000  633.68500  11.0%  1741  271s
  1048   806  623.52000   55 1438  571.00000  633.68500  11.0%  1770  276s
  1067   821  622.85299   59 1432  571.00000  633.68500  11.0%  1789  281s
  1089   837  620.97715   63 1422  571.00000  633.68500  11.0%  1803  286s
  1112   851  619.20498   69 1420  571.00000  633.68500  11.0%  1821  291s
  1122   861  618.61788   71 1419  571.00000  633.68500  11.0%  1834  295s
  1150   877  617.62279   77 1415  571.00000  633.68500  11.0%  1859  302s
  1161   886  613.17102   79 1384  571.00000  633.68500  11.0%  1877  305s
  1188   906  615.97748   85 1406  571.00000  633.68500  11.0%  1906  311s
  1203   916  615.11093   88 1401  571.00000  633.68500  11.0%  1920  315s
  1218   929  614.25941   91 1397  571.00000  633.68500  11.0%  1939  320s
  1254   954  612.75335   99 1389  571.00000  633.68500  11.0%  1977  329s
  1273   967  612.25330  103 1382  571.00000  633.68500  11.0%  1995  333s
  1292   985  611.35340  107 1376  571.00000  633.68500  11.0%  2015  338s
  1316  1003  610.55273  112 1374  571.00000  633.68500  11.0%  2033  343s
  1342  1026  604.53996  117 1341  571.00000  633.68500  11.0%  2052  347s
  1374  1051  608.65513  123 1357  571.00000  633.68500  11.0%  2063  353s
  1410  1083  607.40971  129 1354  571.00000  633.68500  11.0%  2075  358s
  1454  1119  606.35159  136 1343  571.00000  633.68500  11.0%  2078  364s
  1504  1184  605.39730  144 1335  571.00000  633.68500  11.0%  2080  369s
  1586  1251  603.89724  153 1323  571.00000  633.68500  11.0%  2046  374s
  1680  1286  602.21618  164 1308  571.00000  633.68500  11.0%  1988  380s
  1765  1292  600.55031  176 1291  571.00000  633.68500  11.0%  1942  385s
  1799  1327  597.71112  190 1281  571.00000  633.68500  11.0%  1951  391s
  1845  1394  593.26465  209 1259  571.00000  633.68500  11.0%  1951  396s
  1928  1437  582.04245  246 1145  571.00000  633.68500  11.0%  1919  403s
  2028  1417  633.06331   18 1474  571.00000  633.68500  11.0%  1871  409s
  2042  1427  632.48892   21 1474  571.00000  633.68500  11.0%  1891  415s
  2056  1440  631.85255   24 1473  571.00000  633.68500  11.0%  1910  421s
  2074  1452  631.09416   28 1466  571.00000  633.68500  11.0%  1930  428s
  2092  1466  630.59120   32 1463  571.00000  633.68500  11.0%  1950  435s
  2112  1482  630.32173   36 1459  571.00000  633.68500  11.0%  1971  443s
  2135  1498  629.37335   41 1454  571.00000  633.68500  11.0%  1992  451s
  2158  1518  628.60014   46 1449  571.00000  633.68500  11.0%  2014  459s
  2186  1539  627.65533   52 1444  571.00000  633.68500  11.0%  2036  468s
  2216  1560  626.97441   58 1436  571.00000  633.68500  11.0%  2057  475s
  2247  1584  626.03499   64 1431  571.00000  633.68500  11.0%  2075  484s
H 2254  1545                     572.0000000  633.68500  10.8%  2079  484s
  2282  1572  625.13363   70 1424  572.00000  633.68500  10.8%  2091  493s
  2318  1593  624.51218   77 1418  572.00000  633.68500  10.8%  2105  510s
  2351  1629  620.53306   84 1386  572.00000  633.68500  10.8%  2115  527s
  2398  1666  613.16842   94 1357  572.00000  633.68500  10.8%  2125  539s
  2451  1686  616.31345  105 1362  572.00000  633.68500  10.8%  2129  553s
  2489  1711  617.24806  116 1368  572.00000  633.68500  10.8%  2129  563s
  2526  1870  614.51733  131 1354  572.00000  633.68500  10.8%  2129  573s
  2698  1865  610.96443  153 1326  572.00000  633.68500  10.8%  2073  584s
  2750  2030  607.91658  165 1311  572.00000  633.68500  10.8%  2055  595s
  2944  2135  590.56034  224 1190  572.00000  633.68500  10.8%  1992  608s
  3085  2159  632.17126   22 1473  572.00000  633.68500  10.8%  1953  620s
  3109  2191  631.66431   27 1468  572.00000  633.68500  10.8%  1973  632s
  3141  2227  623.46350   34 1417  572.00000  633.68500  10.8%  2000  645s
  3177  2271  629.31643   42 1449  572.00000  633.68500  10.8%  2022  658s
  3221  2321  627.39372   52 1442  572.00000  633.68500  10.8%  2047  672s
  3271  2369  625.63335   63 1430  572.00000  633.68500  10.8%  2073  687s
  3319  2442  624.63717   72 1418  572.00000  633.68500  10.8%  2092  702s
  3392  2515  620.73902   85 1378  572.00000  633.68500  10.8%  2113  716s
  3465  2685  619.12943  102 1388  572.00000  633.68500  10.8%  2121  731s
  3635  2910  614.56556  126 1359  572.00000  633.68500  10.8%  2104  747s
  3878  3141  606.04152  168 1303  572.00000  633.68500  10.8%  2052  764s
  4111  3171  573.00000  274  830  572.00000  633.67475  10.8%  1999  780s
  4171  3217  632.27382   22 1467  572.00000  633.67475  10.8%  2009  797s
  4217  3271  630.99136   31 1458  572.00000  633.67475  10.8%  2034  815s
  4271  3337  628.68748   43 1444  572.00000  633.67475  10.8%  2057  834s
  4337  3399  627.09169   54 1432  572.00000  633.67475  10.8%  2079  854s
  4399  3449  625.11523   67 1419  572.00000  633.67475  10.8%  2095  875s
  4449  3675  623.89692   77 1408  572.00000  633.67475  10.8%  2104  894s
  4675  3964  619.25280  102 1379  572.00000  633.67475  10.8%  2084  914s
  4994  4395  610.22807  141 1311  572.00000  633.67475  10.8%  2022  934s
  5427  4997  577.66667  261 1060  572.00000  633.61059  10.8%  1938  950s
  6049  5473  612.27382  128 1339  572.00000  633.61059  10.8%  1796  969s
  6547  6147  582.70000  241 1086  572.00000  633.43202  10.7%  1720  988s
  7250  6642  618.63463  102 1386  572.00000  633.43202  10.7%  1610 1013s
  7775  7196  590.70509  224 1187  572.00000  633.29729  10.7%  1555 1023s
  8347  7516  631.63925   25 1462  572.00000  633.29729  10.7%  1479 1029s
  8667  7583  626.45843   60 1428  572.00000  633.29729  10.7%  1438 1034s
  8763  7624  619.41859   99 1387  572.00000  633.29729  10.7%  1430 1040s
  8804  7713  616.07742  105 1364  572.00000  633.29729  10.7%  1428 1045s
  8893  7831  608.33361  150 1316  572.00000  633.29729  10.7%  1425 1050s
  9011  7962  598.20957  195 1244  572.00000  633.29729  10.7%  1420 1056s
  9142  8324  590.58629  220 1214  572.00000  633.29729  10.7%  1410 1062s
  9504  8485  573.50000  266  859  572.00000  633.18859  10.7%  1376 1067s
  9688  8655  628.19726   38 1445  572.00000  633.18859  10.7%  1362 1073s
  9858  8742  622.51041   74 1403  572.00000  633.18859  10.7%  1346 1078s
  9976  8832  616.93994   97 1382  572.00000  633.18859  10.7%  1339 1085s
 10066  8965  608.19749  138 1328  572.00000  633.18859  10.7%  1336 1091s
 10213  9206  595.17524  200 1233  572.00000  633.18859  10.7%  1328 1097s
 10454  9404  582.00000  239 1125  572.00000  632.90341  10.6%  1311 1105s
 10674  9522  626.16263   16 1442  572.00000  632.90341  10.6%  1293 1112s
 10812  9560  625.17009   21 1433  572.00000  632.90341  10.6%  1286 1117s
 10850  9632  625.11140   22 1433  572.00000  632.90341  10.6%  1285 1124s
 10922  9785  624.18912   27 1428  572.00000  632.90341  10.6%  1285 1130s
 11075  9821  623.16440   33 1421  572.00000  632.90341  10.6%  1277 1136s
 11131  9896  618.23800   38 1392  572.00000  632.90341  10.6%  1277 1143s
 11206  9988  620.88109   45 1407  572.00000  632.90341  10.6%  1277 1151s
 11316 10044  616.77858   45 1378  572.00000  632.90341  10.6%  1270 1159s
 11372 10113  620.08448   52 1398  572.00000  632.90341  10.6%  1272 1166s
 11441 10214  618.95712   60 1385  572.00000  632.90341  10.6%  1274 1173s
 11542 10394  617.13431   69 1379  572.00000  632.90341  10.6%  1274 1181s
 11722 10554  615.43834   80 1370  572.00000  632.90341  10.6%  1269 1189s
 11904 10629  612.49830   92 1356  572.00000  632.90341  10.6%  1261 1195s
 11987 10695  608.88314  107 1334  572.00000  632.90341  10.6%  1264 1205s
 12053 10880  605.60041  121 1307  572.00000  632.90341  10.6%  1265 1212s
 12238 10928  601.20230  146 1270  572.00000  632.90341  10.6%  1260 1220s
 12313 11079  598.62972  148 1253  572.00000  632.90341  10.6%  1256 1227s
 12474 11190  586.51154  201 1157  572.00000  632.65764  10.6%  1255 1236s
 12609 11246  624.73438   42 1431  572.00000  632.65152  10.6%  1252 1244s
 12717 11352  630.65379   25 1465  572.00000  632.59032  10.6%  1252 1250s
 12823 11572  623.30996   73 1415  572.00000  632.59032  10.6%  1249 1256s
 13065 11700  590.18989  174 1188  572.00000  632.58572  10.6%  1238 1262s
 13206 11746  615.78237   52 1369  572.00000  632.58572  10.6%  1233 1269s
 13252 11993  598.10916   77 1290  572.00000  632.54991  10.6%  1232 1275s
 13527 12135  620.76686   42 1421  572.00000  632.54959  10.6%  1218 1280s
 13669 12373  603.43374  134 1289  572.00000  632.53464  10.6%  1214 1286s
 13940 12538  627.39280   35 1434  572.00000  632.53464  10.6%  1202 1292s
 14139 12728  617.98330   87 1383  572.00000  632.53464  10.6%  1193 1300s
 14329 12920  590.16047  210 1209  572.00000  632.47272  10.6%  1186 1306s
 14558 12921  591.72695  216 1490  572.00000  632.40358  10.6%  1176 1943s
 14561 12923  595.61133  187 1493  572.00000  632.40358  10.6%  1176 1953s
 14562 12924  597.13766  169 1491  572.00000  630.74298  10.3%  1176 1955s
 14568 12928  622.86016   32 1495  572.00000  629.40981  10.0%  1175 1971s
 14569 12928  600.26266  179 1494  572.00000  629.32933  10.0%  1175 1983s
 14572 12930  626.39462   47 1494  572.00000  629.29988  10.0%  1175 1999s
 14573 12931  586.75000  239 1491  572.00000  629.17949  10.0%  1175 2012s
 14576 12933  583.47111  246 1493  572.00000  629.08909  10.0%  1174 2027s
 14577 12934  612.41581   88 1492  572.00000  628.91871  10.0%  1174 2039s
 14578 12934  586.26154  227 1493  572.00000  628.88703  9.95%  1174 2040s
 14580 12936  622.60005   38 1494  572.00000  628.87186  9.94%  1174 2054s
 14581 12936  618.99251   55 1492  572.00000  628.62821  9.90%  1174 2068s
 14585 12939  599.83184  176 1494  572.00000  628.50791  9.88%  1174 2084s
 14586 12940  591.22139  213 1494  572.00000  628.40745  9.86%  1174 2100s
 14588 12941  582.84885  244 1495  572.00000  628.38270  9.86%  1173 2117s
 14589 12942  624.14579   72 1492  572.00000  628.20115  9.83%  1173 2132s
 14592 12944  593.74335  176 1495  572.00000  628.11840  9.81%  1173 2148s
 14593 12944  623.56504   53 1495  572.00000  628.01007  9.79%  1173 2165s
 14596 12946  589.37996  187 1496  572.00000  627.96207  9.78%  1173 2182s
 14597 12947  580.75000  245 1495  572.00000  627.76730  9.75%  1173 2198s
 14600 12949  624.24397   49 1493  572.00000  627.71212  9.74%  1173 2216s
 14601 12950  594.55645  174 1493  572.00000  627.63254  9.73%  1172 2232s
 14603 12951  604.28754  120 1495  572.00000  627.61168  9.72%  1172 2249s
 14604 12952  581.75000  239 1493  572.00000  627.48727  9.70%  1172 2265s
 14608 12954  574.50000  262 1493  572.00000  627.42166  9.69%  1172 2283s
 14609 12955  616.67306   86 1495  572.00000  627.29400  9.67%  1172 2299s
 14611 12956  598.85098  128 1494  572.00000  627.22994  9.66%  1172 2300s
 14612 12957  573.50000  268 1495  572.00000  627.22741  9.66%  1172 2318s
 14613 12958  592.13840  188 1493  572.00000  627.15937  9.64%  1171 2336s
 14615 12959  577.93750  246 1495  572.00000  627.12055  9.64%  1171 2353s
 14616 12960  602.75632  164 1493  572.00000  627.09478  9.63%  1171 2370s
 14618 12961  599.71216  167 1495  572.00000  627.08516  9.63%  1171 2388s
 14619 12962  627.07190   24 1495  572.00000  627.07190  9.63%  1171 2407s
 14620 12962  604.58789  176 1496  572.00000  627.06768  9.63%  1171 2423s
 14621 12963  586.63756  228 1495  572.00000  627.06628  9.63%  1171 2439s
 14622 12964  600.63473  173 1495  572.00000  627.06541  9.63%  1171 2456s
 14623 12964  587.21875  106 1495  572.00000  627.06510  9.63%  1171 2471s
 14624 12965  625.32410   66 1495  572.00000  627.06498  9.63%  1171 2487s
 14625 12966  604.76972  168 1496  572.00000  627.06494  9.63%  1171 2506s
 14626 12966  598.01747  195 1496  572.00000  627.06493  9.63%  1170 2524s
 14627 12967  623.79217   29 1496  572.00000  627.06493  9.63%  1170 2541s
 14628 12968  575.21986  267 1496  572.00000  627.06492  9.63%  1170 2559s
 14629 12968  599.03226  190 1496  572.00000  627.06492  9.63%  1170 2577s
 14630 12969  625.30890   32 1496  572.00000  627.06326  9.63%  1170 2596s
 14631 12970  574.39935  266 1496  572.00000  627.06178  9.63%  1170 2616s
 14632 12970  616.34673   92 1496  572.00000  627.06178  9.63%  1170 2636s
 14637 12977  625.99390   24 1481  572.00000  626.78537  9.58%  1177 2640s
 14649 12985  625.36574   27 1483  572.00000  626.36992  9.51%  1178 2645s
 14663 12995  624.47596   31 1480  572.00000  626.36992  9.51%  1179 2650s
 14673 13003  623.89351   33 1477  572.00000  626.36992  9.51%  1181 2656s
 14685 13011  623.20842   36 1475  572.00000  626.36992  9.51%  1182 2661s
 14697 13019  622.38996   39 1472  572.00000  626.36992  9.51%  1184 2665s
 14709 13027  621.65365   42 1466  572.00000  626.36992  9.51%  1185 2670s
 14720 13035  620.54122   44 1456  572.00000  626.36992  9.51%  1186 2676s
 14730 13042  620.20309   46 1457  572.00000  626.36992  9.51%  1187 2681s
 14741 13052  619.63721   49 1459  572.00000  626.36992  9.51%  1189 2686s
 14751 13058  619.03010   51 1457  572.00000  626.36992  9.51%  1190 2692s
 14758 13062  618.44790   53 1454  572.00000  626.36992  9.51%  1190 2695s
 14773 13074  617.28314   57 1450  572.00000  626.36992  9.51%  1192 2701s
 14790 13087  615.27957   60 1437  572.00000  626.36992  9.51%  1194 2707s
 14800 13094  615.26116   62 1439  572.00000  626.36992  9.51%  1195 2710s
 14817 13105  614.73578   67 1438  572.00000  626.36992  9.51%  1197 2716s
 14827 13112  614.27712   69 1438  572.00000  626.36992  9.51%  1198 2720s
 14838 13118  611.37819   71 1421  572.00000  626.36992  9.51%  1199 2726s
 14859 13134  612.14626   76 1432  572.00000  626.36992  9.51%  1201 2733s
 14870 13139  611.53428   78 1428  572.00000  626.36992  9.51%  1202 2737s
 14879 13149  610.94551   80 1427  572.00000  626.36992  9.51%  1203 2741s
 14892 13158  607.79541   82 1408  572.00000  626.36992  9.51%  1205 2746s
 14905 13159  609.67269   85 1421  572.00000  626.36992  9.51%  1207 2750s
 14925 13181  608.66094   90 1415  572.00000  626.36992  9.51%  1210 2759s
 14939 13187  608.23387   93 1412  572.00000  626.36992  9.51%  1212 2764s
 14950 13199  607.60209   96 1409  572.00000  626.36992  9.51%  1214 2770s
 14966 13210  601.89668   99 1380  572.00000  626.36992  9.51%  1216 2775s
 14982 13233  606.57608  103 1403  572.00000  626.36992  9.51%  1216 2780s
 15010 13234  605.58427  109 1394  572.00000  626.36992  9.51%  1216 2786s
 15021 13263  605.40271  111 1391  572.00000  626.36992  9.51%  1216 2791s
 15053 13268  604.68400  118 1382  572.00000  626.36992  9.51%  1217 2797s
 15069 13301  590.80921  120 1315  572.00000  626.36992  9.51%  1217 2803s
 15107 13330  602.78065  128 1376  572.00000  626.36992  9.51%  1216 2809s
 15149 13364  601.74632  136 1365  572.00000  626.36992  9.51%  1216 2816s
 15197 13401  600.24118  145 1352  572.00000  626.36992  9.51%  1215 2822s
 15252 13440  598.40319  155 1343  572.00000  626.36992  9.51%  1214 2845s
 15311 13502  594.79184  164 1325  572.00000  626.36992  9.51%  1212 2851s
 15407 13517  591.46820  178 1299  572.00000  626.36992  9.51%  1208 2858s
 15468 13537  591.79171  194 1306  572.00000  626.36992  9.51%  1206 2866s
 15508 13576  584.87935  212 1255  572.00000  626.36992  9.51%  1207 2874s
 15563 13608  581.70403  237 1204  572.00000  625.99310  9.44%  1206 2883s
 15639 13595  625.41527   27 1478  572.00000  625.99310  9.44%  1203 2894s
 15651 13611  625.05293   31 1473  572.00000  625.99310  9.44%  1206 2903s
 15671 13632  624.35346   36 1464  572.00000  625.99310  9.44%  1208 2911s
 15699 13651  623.51334   43 1457  572.00000  625.99310  9.44%  1209 2919s
 15727 13673  622.71225   50 1449  572.00000  625.99310  9.44%  1210 2927s
 15759 13699  621.73780   58 1442  572.00000  625.99310  9.44%  1211 2937s
 15795 13727  620.23572   67 1434  572.00000  625.99310  9.44%  1212 2947s
 15835 13760  618.82328   77 1422  572.00000  625.99310  9.44%  1213 2958s
 15882 13790  617.20520   89 1409  572.00000  625.99310  9.44%  1214 2969s
 15927 13830  615.35260  100 1399  572.00000  625.99310  9.44%  1214 2981s
 15982 13876  601.42794  114 1339  572.00000  625.99310  9.44%  1214 2993s
 16047 13938  604.90660  129 1343  572.00000  625.99310  9.44%  1213 3007s
 16130 14010  605.19796  152 1342  572.00000  625.99310  9.44%  1212 3019s
 16230 14160  591.94729  174 1272  572.00000  625.99310  9.44%  1209 3031s
 16413 14243  587.15612  223 1225  572.00000  625.99297  9.44%  1201 3047s
 16604 14189  625.25803   27 1477  572.00000  625.98711  9.44%  1192 3062s
 16614 14212  625.08973   29 1476  572.00000  625.98711  9.44%  1195 3076s
 16640 14227  624.47259   34 1469  572.00000  625.98711  9.44%  1198 3100s
 16664 14266  623.90425   38 1465  572.00000  625.98711  9.44%  1200 3113s
 16711 14305  622.07486   49 1454  572.00000  625.98711  9.44%  1202 3128s
 16766 14355  620.17783   62 1442  572.00000  625.98711  9.44%  1203 3144s
 16834 14394  617.62405   78 1424  572.00000  625.98711  9.44%  1204 3162s
 16896 14476  612.68731   91 1386  572.00000  625.98711  9.44%  1205 3180s
 16998 14541  611.91444  115 1380  572.00000  625.98711  9.44%  1205 3196s
 17097 14759  606.65472  133 1336  572.00000  625.98711  9.44%  1203 3214s
 17348 14842  597.98441  177 1293  572.00000  625.98577  9.44%  1194 3233s
 17556 14801  624.35238   26 1471  572.00000  625.77630  9.40%  1187 3251s
 17584 14850  615.40736   34 1424  572.00000  625.77630  9.40%  1192 3269s
 17643 14901  621.62552   49 1448  572.00000  625.77630  9.40%  1194 3288s
 17713 14969  618.52722   67 1430  572.00000  625.77630  9.40%  1197 3309s
 17805 15006  615.28663   91 1399  572.00000  625.77630  9.40%  1198 3330s
 17872 15144  602.80763  110 1330  572.00000  625.77630  9.40%  1198 3354s
 18033 15334  603.58160  153 1333  572.00000  625.77630  9.40%  1196 3379s
 18276 15497  584.67087  227 1211  572.00000  625.77488  9.40%  1189 3404s
 18564 15679  618.07806   78 1422  572.00000  625.36523  9.33%  1177 3430s
 18842 16080  592.62147  202 1238  572.00000  625.36510  9.33%  1168 3454s
 19359 16298  621.27417   48 1455  572.00000  625.36510  9.33%  1147 3476s
 19781 16159  587.42507  177 1260  572.00000  625.36510  9.33%  1132 3560s
 19783 16544  587.29825  178 1262  572.00000  625.25750  9.31%  1132 3583s
 20222 16671  621.43499   54 1452  572.00000  625.25668  9.31%  1116 3600s

Cutting planes:
  Gomory: 16
  Clique: 1
  MIR: 1
  Flow cover: 97
  Zero half: 846
  Mod-K: 1
  RLT: 356
  BQP: 69

Explored 20495 nodes (22853118 simplex iterations) in 3600.00 seconds (9594.55 work units)
Thread count was 2 (of 24 available processors)

Solution count 10: 572 571 570 ... 561

Time limit reached
Best objective 5.720000000000e+02, best bound 6.250000000000e+02, gap 9.2657%

User-callback calls 346802, time in user-callback 1.01 sec

Gurobi 11.0.3 (linux64) logging started Sat Mar  7 14:20:15 2026

Set parameter LogFile to value "./log/train/IS_1500_6/IS_27.lp.log"
Set parameter TimeLimit to value 3600
Gurobi Optimizer version 11.0.3 build v11.0.3rc0 (linux64 - "Ubuntu 22.04.5 LTS")

CPU model: AMD Ryzen 9 9900X 12-Core Processor, instruction set [SSE2|AVX|AVX2|AVX512]
Thread count: 12 physical cores, 24 logical processors, using up to 1 threads

Optimize a model with 9203 rows, 1500 columns and 18126 nonzeros
Model fingerprint: 0xa2e4b8c8
Variable types: 0 continuous, 1500 integer (1500 binary)
Coefficient statistics:
  Matrix range     [1e+00, 1e+00]
  Objective range  [1e+00, 1e+00]
  Bounds range     [1e+00, 1e+00]
  RHS range        [1e+00, 1e+00]
Found heuristic solution: objective 336.0000000
Presolve removed 1710 rows and 0 columns
Presolve time: 0.04s
Presolved: 7493 rows, 1500 columns, 16352 nonzeros
Variable types: 0 continuous, 1500 integer (1500 binary)

Root relaxation: objective 6.885000e+02, 3884 iterations, 0.20 seconds (0.25 work units)

    Nodes    |    Current Node    |     Objective Bounds      |     Work
 Expl Unexpl |  Obj  Depth IntInf | Incumbent    BestBd   Gap | It/Node Time

     0     0  688.50000    0 1367  336.00000  688.50000   105%     -    0s
H    0     0                     502.0000000  688.50000  37.2%     -    0s
     0     0  672.12500    0 1360  502.00000  672.12500  33.9%     -    1s
H    0     0                     506.0000000  672.12500  32.8%     -    1s
     0     0  665.74635    0 1486  506.00000  665.74635  31.6%     -    3s
H    0     0                     546.0000000  665.74635  21.9%     -    3s
     0     0  665.24515    0 1480  546.00000  665.24515  21.8%     -    3s
     0     0  665.19816    0 1483  546.00000  665.19816  21.8%     -    3s
     0     0  665.19481    0 1486  546.00000  665.19481  21.8%     -    3s
     0     0  658.03643    0 1485  546.00000  658.03643  20.5%     -    4s
     0     0  657.58764    0 1485  546.00000  657.58764  20.4%     -    5s
     0     0  657.50432    0 1486  546.00000  657.50432  20.4%     -    5s
     0     0  657.48643    0 1486  546.00000  657.48643  20.4%     -    5s
     0     0  657.47972    0 1488  546.00000  657.47972  20.4%     -    5s
     0     0  653.19455    0 1489  546.00000  653.19455  19.6%     -    6s
     0     0  652.70448    0 1485  546.00000  652.70448  19.5%     -    6s
     0     0  652.66294    0 1484  546.00000  652.66294  19.5%     -    6s
     0     0  652.65024    0 1485  546.00000  652.65024  19.5%     -    6s
     0     0  652.64442    0 1486  546.00000  652.64442  19.5%     -    6s
     0     0  648.63874    0 1485  546.00000  648.63874  18.8%     -    8s
     0     0  647.90398    0 1481  546.00000  647.90398  18.7%     -    8s
     0     0  647.85729    0 1485  546.00000  647.85729  18.7%     -    8s
     0     0  647.82382    0 1486  546.00000  647.82382  18.6%     -    8s
     0     0  647.81531    0 1489  546.00000  647.81531  18.6%     -    8s
     0     0  645.89218    0 1488  546.00000  645.89218  18.3%     -   10s
H    0     0                     547.0000000  645.89218  18.1%     -   10s
     0     0  645.65079    0 1490  547.00000  645.65079  18.0%     -   10s
     0     0  645.62677    0 1491  547.00000  645.62677  18.0%     -   10s
     0     0  645.60062    0 1489  547.00000  645.60062  18.0%     -   10s
     0     0  645.59205    0 1490  547.00000  645.59205  18.0%     -   10s
     0     0  643.99649    0 1489  547.00000  643.99649  17.7%     -   11s
     0     0  643.80325    0 1490  547.00000  643.80325  17.7%     -   11s
     0     0  643.76837    0 1486  547.00000  643.76837  17.7%     -   11s
     0     0  643.75824    0 1490  547.00000  643.75824  17.7%     -   11s
     0     0  642.58571    0 1493  547.00000  642.58571  17.5%     -   12s
H    0     0                     549.0000000  642.58571  17.0%     -   12s
     0     0  642.39501    0 1493  549.00000  642.39501  17.0%     -   12s
     0     0  642.37083    0 1492  549.00000  642.37083  17.0%     -   13s
     0     0  642.36530    0 1491  549.00000  642.36530  17.0%     -   13s
     0     0  641.63349    0 1489  549.00000  641.63349  16.9%     -   13s
     0     0  641.50005    0 1485  549.00000  641.50005  16.8%     -   14s
     0     0  641.46798    0 1489  549.00000  641.46798  16.8%     -   14s
     0     0  641.45267    0 1493  549.00000  641.45267  16.8%     -   14s
     0     0  640.86736    0 1487  549.00000  640.86736  16.7%     -   14s
H    0     0                     552.0000000  640.86736  16.1%     -   14s
     0     0  640.74518    0 1488  552.00000  640.74518  16.1%     -   15s
     0     0  640.73319    0 1492  552.00000  640.73319  16.1%     -   15s
     0     0  640.19158    0 1491  552.00000  640.19158  16.0%     -   15s
     0     0  640.05698    0 1492  552.00000  640.05698  16.0%     -   16s
     0     0  640.03202    0 1493  552.00000  640.03202  15.9%     -   16s
     0     0  640.02363    0 1494  552.00000  640.02363  15.9%     -   16s
     0     0  639.32497    0 1489  552.00000  639.32497  15.8%     -   17s
     0     0  639.19160    0 1486  552.00000  639.19160  15.8%     -   17s
     0     0  639.17715    0 1488  552.00000  639.17715  15.8%     -   17s
     0     0  638.51860    0 1491  552.00000  638.51860  15.7%     -   18s
     0     0  638.37175    0 1492  552.00000  638.37175  15.6%     -   18s
     0     0  638.36129    0 1494  552.00000  638.36129  15.6%     -   18s
     0     0  638.07616    0 1489  552.00000  638.07616  15.6%     -   19s
     0     0  637.97881    0 1492  552.00000  637.97881  15.6%     -   19s
     0     0  637.96029    0 1492  552.00000  637.96029  15.6%     -   19s
     0     0  637.72992    0 1490  552.00000  637.72992  15.5%     -   20s
     0     0  637.67855    0 1492  552.00000  637.67855  15.5%     -   20s
     0     0  637.66624    0 1492  552.00000  637.66624  15.5%     -   20s
     0     0  637.30599    0 1494  552.00000  637.30599  15.5%     -   21s
     0     0  637.20022    0 1493  552.00000  637.20022  15.4%     -   21s
     0     0  637.18310    0 1496  552.00000  637.18310  15.4%     -   21s
     0     0  636.81784    0 1491  552.00000  636.81784  15.4%     -   22s
H    0     0                     555.0000000  636.81784  14.7%     -   22s
     0     0  636.68830    0 1494  555.00000  636.68830  14.7%     -   22s
     0     0  636.65494    0 1492  555.00000  636.65494  14.7%     -   22s
     0     0  636.64604    0 1494  555.00000  636.64604  14.7%     -   22s
     0     0  636.25334    0 1492  555.00000  636.25334  14.6%     -   23s
H    0     0                     556.0000000  636.25334  14.4%     -   23s
     0     0  636.12704    0 1491  556.00000  636.12704  14.4%     -   23s
     0     0  636.11512    0 1493  556.00000  636.11512  14.4%     -   23s
     0     0  635.96364    0 1493  556.00000  635.96364  14.4%     -   24s
     0     0  635.92641    0 1492  556.00000  635.92641  14.4%     -   24s
     0     0  635.91142    0 1492  556.00000  635.91142  14.4%     -   24s
     0     0  635.57386    0 1490  556.00000  635.57386  14.3%     -   25s
H    0     0                     557.0000000  635.57386  14.1%     -   25s
     0     0  635.51083    0 1492  557.00000  635.51083  14.1%     -   25s
     0     0  635.49964    0 1492  557.00000  635.49964  14.1%     -   25s
     0     0  635.35926    0 1491  557.00000  635.35926  14.1%     -   25s
     0     0  635.35926    0 1490  557.00000  635.35926  14.1%     -   25s
H    0     0                     558.0000000  635.35926  13.9%     -   28s
     0     2  635.35925    0 1489  558.00000  635.35925  13.9%     -   28s
     2     4  630.27807    1 1457  558.00000  635.20783  13.8%  5154   30s
    10    12  607.95236    6 1353  558.00000  635.20783  13.8%  3608   35s
H   26    26                     559.0000000  635.20783  13.6%  2532   39s
    32    34  562.35508   21 1144  559.00000  635.20783  13.6%  2324   40s
    68    54  627.95381    4 1441  559.00000  635.20366  13.6%  1557   46s
    73    59  619.78327    7 1402  559.00000  635.20366  13.6%  1716   50s
    92    78  603.35783   22 1325  559.00000  635.20366  13.6%  1741   55s
   110    96  590.56463   33 1251  559.00000  635.20366  13.6%  1781   60s
H  157   121                     561.0000000  635.20366  13.2%  1519   64s
H  162   112                     564.0000000  635.20366  12.6%  1478   64s
   164   112  626.46361    2 1444  564.00000  635.06022  12.6%  1528   66s
   171   119  610.69955    6 1355  564.00000  635.06022  12.6%  1607   70s
   185   133  612.49216   16 1358  564.00000  635.06022  12.6%  1656   75s
H  189   132                     565.0000000  635.06022  12.4%  1632   76s
   202   147  597.20405   28 1294  565.00000  635.06022  12.4%  1685   80s
H  209   149                     566.0000000  635.06022  12.2%  1675   81s
   238   180  589.83134   54 1242  566.00000  635.06022  12.2%  1643   85s
H  272   198                     567.0000000  635.06022  12.0%  1522   88s
   274   202  620.92962    4 1412  567.00000  634.73596  11.9%  1591   91s
   281   209  604.89684    8 1342  567.00000  634.73596  11.9%  1636   95s
   298   226  577.92044   19 1225  567.00000  634.73596  11.9%  1645  100s
   337   243  624.51527   10 1433  567.00000  634.73570  11.9%  1541  105s
H  340   239                     568.0000000  634.73570  11.7%  1532  106s
   352   253  611.84595   21 1364  568.00000  634.73570  11.7%  1572  110s
H  366   260                     569.0000000  634.73570  11.6%  1590  114s
   367   263  595.84852   31 1288  569.00000  634.73570  11.6%  1605  115s
   403   287  628.07011    6 1446  569.00000  634.63890  11.5%  1556  121s
   404   288  627.87411    7 1443  569.00000  634.63890  11.5%  1555  135s
   419   303  613.35776   18 1364  569.00000  634.63890  11.5%  1581  140s
   429   313  610.80788   24 1350  569.00000  634.63890  11.5%  1611  145s
   443   327  608.11494   33 1327  569.00000  634.63890  11.5%  1642  150s
   470   354  590.97960   53 1253  569.00000  634.63890  11.5%  1637  155s
   539   405  627.51371    7 1447  569.00000  634.47040  11.5%  1533  161s
   548   414  600.72738   13 1320  569.00000  634.47040  11.5%  1554  165s
   576   435  570.81825   31 1490  569.00000  634.47040  11.5%  1534  183s
   579   437  580.16971   81 1490  569.00000  634.47040  11.5%  1526  194s
   580   438  573.78571   87 1489  569.00000  634.47040  11.5%  1523  196s
   585   441  589.93425   38 1492  569.00000  634.47040  11.5%  1510  211s
   586   442  579.46918   32 1492  569.00000  634.47040  11.5%  1507  222s
   588   443  604.88165   44 1495  569.00000  634.47040  11.5%  1502  234s
   589   444  620.00403   13 1493  569.00000  634.47040  11.5%  1500  246s
   591   445  576.97319   46 1494  569.00000  634.47040  11.5%  1495  258s
   592   446  603.63055    9 1493  569.00000  634.47040  11.5%  1492  268s
   594   447  596.37774   52 1493  569.00000  634.47040  11.5%  1487  280s
   595   448  609.79663   12 1492  569.00000  634.47040  11.5%  1485  290s
   596   448  603.63055    9 1494  569.00000  634.47040  11.5%  1482  302s
   597   449  618.68252    4 1492  569.00000  634.47040  11.5%  1480  311s
   598   450  604.49621   11 1492  569.00000  634.47040  11.5%  1477  322s
   599   450  611.06825   23 1491  569.00000  634.47040  11.5%  1475  332s
   603   453  589.66278   42 1491  569.00000  634.47040  11.5%  1465  355s
   607   458  633.41323   13 1476  569.00000  634.47040  11.5%  1569  360s
   612   461  632.37945   16 1473  569.00000  634.37051  11.5%  1587  365s
   625   470  629.66917   22 1458  569.00000  633.57491  11.3%  1595  371s
   633   475  631.16215   26 1461  569.00000  633.57491  11.3%  1601  375s
   643   482  629.70478   31 1459  569.00000  633.57491  11.3%  1611  380s
   654   489  626.33631   37 1439  569.00000  633.57491  11.3%  1630  385s
   665   496  626.26574   42 1438  569.00000  633.57491  11.3%  1636  390s
   677   504  624.92609   48 1432  569.00000  633.57491  11.3%  1640  395s
   687   511  620.52838   53 1412  569.00000  633.57491  11.3%  1659  400s
   696   517  619.48339   58 1409  569.00000  633.57491  11.3%  1680  405s
   705   523  618.91806   62 1400  569.00000  633.57491  11.3%  1695  410s
   712   528  619.23220   66 1406  569.00000  633.57491  11.3%  1715  415s
   729   539  610.28136   74 1367  569.00000  633.57491  11.3%  1727  420s
   736   544  614.89929   78 1383  569.00000  633.57491  11.3%  1747  425s
   749   552  615.21782   84 1389  569.00000  633.57491  11.3%  1759  430s
   763   562  612.37930   91 1378  569.00000  633.57491  11.3%  1766  435s
   775   570  612.24346   97 1384  569.00000  633.57491  11.3%  1772  440s
   791   580  608.65583  105 1365  569.00000  633.57491  11.3%  1775  445s
   807   591  607.20742  113 1365  569.00000  633.57491  11.3%  1779  450s
   819   599  602.93588  119 1345  569.00000  633.57491  11.3%  1793  455s
   832   608  600.59473  126 1332  569.00000  633.57491  11.3%  1804  460s
   849   619  598.82894  134 1324  569.00000  633.57491  11.3%  1812  465s
   865   630  596.28879  142 1316  569.00000  633.57491  11.3%  1818  470s
   881   640  590.56731  150 1291  569.00000  633.57491  11.3%  1828  475s
   899   652  591.91033  159 1297  569.00000  633.57491  11.3%  1835  480s
   921   667  587.94066  170 1268  569.00000  633.57491  11.3%  1838  485s
   945   683  586.38594  182 1263  569.00000  633.57491  11.3%  1848  490s
   969   699  582.77950  194 1246  569.00000  633.57491  11.3%  1859  495s
  1005   723  572.59620  212 1195  569.00000  633.57491  11.3%  1862  500s
  1056   757  582.13571  238 1204  569.00000  633.57491  11.3%  1841  505s
  1162   803  632.69826   14 1472  569.00000  633.47077  11.3%  1730  510s
  1167   806  626.17863   16 1438  569.00000  633.47077  11.3%  1747  516s
  1173   810  626.16405   19 1437  569.00000  633.47077  11.3%  1760  520s
  1179   814  626.08419   22 1431  569.00000  633.47077  11.3%  1774  525s
  1185   818  627.35922   25 1436  569.00000  633.47077  11.3%  1788  531s
  1191   822  625.12724   28 1433  569.00000  633.47077  11.3%  1801  535s
  1197   826  620.00883   31 1406  569.00000  633.47077  11.3%  1814  540s
  1203   830  625.78500   34 1426  569.00000  633.47077  11.3%  1826  545s
  1211   835  613.13910   38 1371  569.00000  633.47077  11.3%  1842  551s
  1219   841  624.15424   42 1411  569.00000  633.47077  11.3%  1854  555s
  1227   846  619.36986   46 1398  569.00000  633.47077  11.3%  1869  561s
  1233   850  623.83123   49 1416  569.00000  633.47077  11.3%  1878  565s
  1242   856  625.74385   54 1431  569.00000  633.47077  11.3%  1890  570s
H 1251   826                     570.0000000  633.47077  11.1%  1896  575s
  1260   834  623.65078   63 1417  570.00000  633.47077  11.1%  1913  580s
  1269   840  617.70704   67 1380  570.00000  633.47077  11.1%  1929  585s
  1279   847  615.69872   72 1376  570.00000  633.47077  11.1%  1940  590s
  1291   855  616.96173   78 1384  570.00000  633.47077  11.1%  1951  595s
  1302   862  620.58210   84 1397  570.00000  633.47077  11.1%  1959  600s
  1315   871  616.10565   90 1365  570.00000  633.47077  11.1%  1968  605s
  1327   879  612.23558   96 1343  570.00000  633.47077  11.1%  1978  610s
  1341   888  608.97831  103 1323  570.00000  633.47077  11.1%  1988  615s
  1355   897  613.15087  110 1353  570.00000  633.47077  11.1%  1994  620s
  1375   911  612.27768  120 1330  570.00000  633.47077  11.1%  1998  625s
H 1386   882                     571.0000000  633.47077  10.9%  2000  628s
  1393   889  608.00689  129 1305  571.00000  633.47077  10.9%  2004  630s
H 1413   864                     572.0000000  633.47077  10.7%  2001  634s
  1415   867  600.10341  140 1260  572.00000  633.47077  10.7%  2004  635s
  1443   886  600.94535  154 1276  572.00000  633.47077  10.7%  2001  640s
  1479   910  601.86314  172 1244  572.00000  633.47077  10.7%  1987  645s
  1550   957  592.91023  208 1172  572.00000  633.47077  10.7%  1938  650s
  1676  1015  630.67880   13 1461  572.00000  633.41293  10.7%  1827  655s
  1682  1019  625.37529   16 1437  572.00000  633.41293  10.7%  1836  660s
  1688  1023  625.49310   19 1430  572.00000  633.41293  10.7%  1845  665s
  1696  1029  621.04797   23 1411  572.00000  633.41293  10.7%  1856  670s
  1702  1033  622.98075   26 1416  572.00000  633.41293  10.7%  1866  675s
  1710  1038  620.35588   30 1398  572.00000  633.41293  10.7%  1876  680s
  1718  1043  623.12270   34 1418  572.00000  633.41293  10.7%  1885  685s
  1726  1049  623.15512   38 1412  572.00000  633.41293  10.7%  1896  690s
  1735  1055  624.91083   43 1430  572.00000  633.41293  10.7%  1904  695s
  1744  1061  619.75064   47 1395  572.00000  633.41293  10.7%  1914  700s
  1754  1067  618.11966   52 1397  572.00000  633.41293  10.7%  1923  705s
  1764  1074  617.93573   57 1386  572.00000  633.41293  10.7%  1933  710s
  1776  1086  612.46137   63 1364  572.00000  633.41293  10.7%  1942  715s
  1786  1096  614.53828   68 1371  572.00000  633.41293  10.7%  1950  720s
  1798  1108  613.65823   74 1352  572.00000  633.41293  10.7%  1959  725s
  1812  1122  615.54921   81 1363  572.00000  633.41293  10.7%  1966  730s
  1826  1136  604.79003   88 1312  572.00000  633.41293  10.7%  1973  735s
  1841  1151  616.11592   96 1365  572.00000  633.41293  10.7%  1978  740s
  1858  1168  609.98095  104 1336  572.00000  633.41293  10.7%  1983  745s
  1877  1187  612.29765  114 1333  572.00000  633.41293  10.7%  1986  750s
  1900  1210  605.50624  125 1299  572.00000  633.41293  10.7%  1989  755s
  1923  1233  608.44303  137 1305  572.00000  633.41293  10.7%  1991  760s
  1952  1262  598.22886  151 1258  572.00000  633.41293  10.7%  1988  765s
  1980  1290  601.16955  165 1267  572.00000  633.41293  10.7%  1979  770s
  2021  1331  596.00277  186 1226  572.00000  633.41293  10.7%  1962  775s
  2087  1397  585.40355  219 1159  572.00000  633.41293  10.7%  1925  780s
  2139  1447  577.87630  245 1087  572.00000  633.41293  10.7%  1890  786s
  2169  1475  574.33846  260 1001  572.00000  633.41293  10.7%  1868  790s
  2185  1476  629.66476   16 1455  572.00000  633.41268  10.7%  1864  795s
  2190  1481  621.06701   18 1417  572.00000  633.41268  10.7%  1872  800s
  2196  1487  623.68677   21 1422  572.00000  633.41268  10.7%  1879  806s
  2200  1491  623.24687   23 1418  572.00000  633.41268  10.7%  1884  810s
  2208  1499  623.51753   27 1418  572.00000  633.41268  10.7%  1891  815s
  2214  1505  623.87209   30 1420  572.00000  633.41268  10.7%  1897  820s
  2220  1511  621.67207   33 1418  572.00000  633.41268  10.7%  1901  825s
  2226  1517  620.70989   36 1412  572.00000  633.41268  10.7%  1906  830s
  2234  1525  616.50651   40 1389  572.00000  633.41268  10.7%  1914  836s
  2240  1531  618.18283   43 1393  572.00000  633.41268  10.7%  1919  840s
  2244  1535  619.97464   45 1399  572.00000  633.41268  10.7%  1922  846s
  2250  1541  620.59255   48 1407  572.00000  633.41268  10.7%  1926  850s
  2260  1551  609.38606   53 1335  572.00000  633.41268  10.7%  1933  855s
  2268  1559  617.95484   57 1384  572.00000  633.41268  10.7%  1939  860s
  2269  1560  622.71377   58 1413  572.00000  633.41268  10.7%  1938  865s
  2276  1567  615.69470   61 1381  572.00000  633.41268  10.7%  1945  870s
  2286  1577  617.68888   66 1385  572.00000  633.41268  10.7%  1952  875s
  2295  1586  620.39376   71 1405  572.00000  633.41268  10.7%  1956  883s
  2299  1590  619.91919   73 1399  572.00000  633.41268  10.7%  1958  885s
  2308  1599  613.47829   77 1356  572.00000  633.41268  10.7%  1965  890s
  2320  1611  614.53808   83 1358  572.00000  633.41268  10.7%  1971  895s
  2327  1618  617.37693   87 1386  572.00000  633.41268  10.7%  1973  900s
  2334  1625  612.75840   90 1358  572.00000  633.41268  10.7%  1975  905s
  2347  1638  615.09230   97 1365  572.00000  633.41268  10.7%  1977  912s
  2354  1645  604.99424  100 1307  572.00000  633.41268  10.7%  1980  915s
  2358  1649  611.40949  102 1340  572.00000  633.41268  10.7%  1981  920s
  2373  1664  613.45456  110 1355  572.00000  633.41268  10.7%  1983  935s
  2385  1676  612.19283  116 1348  572.00000  633.41268  10.7%  1984  941s
  2402  1693  605.91070  124 1306  572.00000  633.41268  10.7%  1984  945s
  2412  1703  607.94955  129 1317  572.00000  633.41268  10.7%  1986  951s
  2428  1719  606.11569  137 1308  572.00000  633.41268  10.7%  1988  955s
  2439  1730  607.21471  143 1297  572.00000  633.41268  10.7%  1985  970s
  2466  1757  600.46122  156 1244  572.00000  633.41268  10.7%  1981  977s
  2481  1772  602.37164  164 1262  572.00000  633.41268  10.7%  1978  980s
  2493  1784  600.46075  170 1254  572.00000  633.41268  10.7%  1974  985s
  2524  1815  593.03845  185 1232  572.00000  633.41268  10.7%  1964  990s
  2572  1863  588.37156  209 1162  572.00000  633.41268  10.7%  1944  995s
  2668  1955     cutoff  257       572.00000  633.41268  10.7%  1892 1000s
  2681  1958  624.13173   16 1426  572.00000  633.28220  10.7%  1892 1005s
  2687  1964  627.16520   19 1436  572.00000  633.28220  10.7%  1898 1011s
  2693  1970  616.26011   22 1386  572.00000  633.28220  10.7%  1904 1016s
  2699  1976  625.38801   25 1436  572.00000  633.28220  10.7%  1909 1020s
  2705  1982  623.09330   28 1417  572.00000  633.28220  10.7%  1915 1025s
  2711  1988  625.74536   31 1433  572.00000  633.28220  10.7%  1919 1030s
  2717  1994  624.12619   34 1428  572.00000  633.28220  10.7%  1924 1035s
  2723  2000  622.74189   37 1422  572.00000  633.28220  10.7%  1929 1040s
  2731  2008  618.90369   41 1401  572.00000  633.28220  10.7%  1936 1046s
  2737  2014  614.15055   44 1360  572.00000  633.28220  10.7%  1941 1050s
  2743  2020  622.51197   47 1418  572.00000  633.28220  10.7%  1945 1056s
  2749  2026  622.26240   50 1411  572.00000  633.28220  10.7%  1949 1060s
  2757  2034  619.48515   54 1395  572.00000  633.28220  10.7%  1954 1065s
  2765  2042  618.28651   58 1393  572.00000  633.28220  10.7%  1959 1070s
  2771  2048  618.23069   61 1389  572.00000  633.28220  10.7%  1963 1075s
  2781  2058  618.51733   66 1384  572.00000  633.28220  10.7%  1968 1080s
  2791  2068  620.46010   71 1390  572.00000  633.28220  10.7%  1972 1085s
  2799  2076  620.50542   75 1392  572.00000  633.28220  10.7%  1977 1090s
  2811  2088  611.44571   81 1361  572.00000  633.28220  10.7%  1983 1096s
  2822  2099  620.44184   87 1390  572.00000  633.28220  10.7%  1985 1101s
  2830  2107  619.90496   91 1392  572.00000  633.28220  10.7%  1988 1105s
  2843  2120  614.13143   97 1358  572.00000  633.28220  10.7%  1992 1110s
  2849  2126  611.42611  100 1339  572.00000  633.28220  10.7%  1994 1123s
  2853  2130  608.89998  102 1327  572.00000  633.28220  10.7%  1996 1125s
  2867  2144  610.32881  109 1334  572.00000  633.28220  10.7%  1999 1130s
  2885  2162  610.87958  118 1342  572.00000  633.28220  10.7%  2000 1135s
  2904  2181  612.99550  128 1351  572.00000  633.28220  10.7%  2001 1140s
  2929  2206  594.71093  140 1262  572.00000  633.28220  10.7%  2001 1145s
  2956  2233  606.99574  154 1301  572.00000  633.28220  10.7%  1998 1150s
  2993  2270  602.08862  172 1232  572.00000  633.28220  10.7%  1992 1155s
  3051  2328  594.24393  201 1217  572.00000  633.28220  10.7%  1974 1160s
  3202  2461  632.99937   15 1473  572.00000  633.28049  10.7%  1901 1165s
  3208  2467  627.14171   18 1438  572.00000  633.28049  10.7%  1907 1171s
  3212  2471  619.11436   20 1398  572.00000  633.28049  10.7%  1911 1175s
  3218  2477  626.10750   23 1436  572.00000  633.28049  10.7%  1916 1180s
  3224  2483  625.49196   26 1432  572.00000  633.28049  10.7%  1922 1186s
  3229  2488  630.66961   29 1460  572.00000  633.28049  10.7%  1925 1190s
  3234  2493  625.64951   31 1431  572.00000  633.28049  10.7%  1931 1195s
  3240  2499  625.56441   34 1432  572.00000  633.28049  10.7%  1935 1200s
  3246  2505  621.55238   37 1410  572.00000  633.28049  10.7%  1941 1205s
  3252  2511  625.31275   40 1426  572.00000  633.28049  10.7%  1945 1210s
  3258  2517  621.94259   43 1402  572.00000  633.28049  10.7%  1949 1215s
  3264  2523  620.91501   46 1404  572.00000  633.28049  10.7%  1953 1220s
  3272  2531  622.95310   50 1419  572.00000  633.28049  10.7%  1958 1226s
  3280  2539  622.30346   54 1407  572.00000  633.28049  10.7%  1962 1230s
  3288  2547  623.04785   58 1408  572.00000  633.28049  10.7%  1967 1235s
  3296  2555  622.14266   62 1401  572.00000  633.28049  10.7%  1970 1240s
  3306  2565  619.48124   67 1387  572.00000  633.28049  10.7%  1974 1245s
  3316  2575  615.46706   72 1381  572.00000  633.28049  10.7%  1979 1251s
  3324  2583  619.62210   76 1387  572.00000  633.28049  10.7%  1982 1255s
  3332  2591  614.62667   80 1375  572.00000  633.28049  10.7%  1985 1260s
  3340  2599  616.83962   84 1376  572.00000  633.28049  10.7%  1989 1265s
  3352  2611  618.29925   90 1376  572.00000  633.28049  10.7%  1993 1270s
  3362  2621  616.30402   95 1362  572.00000  633.28049  10.7%  1996 1275s
  3374  2633  613.41782  101 1363  572.00000  633.28049  10.7%  2000 1280s
  3388  2647  604.62900  108 1318  572.00000  633.28049  10.7%  2004 1285s
  3392  2651  612.86931  110 1357  572.00000  633.28049  10.7%  2004 1297s
  3400  2659  611.55066  114 1354  572.00000  633.28049  10.7%  2006 1300s
  3416  2675  610.89617  122 1344  572.00000  633.28049  10.7%  2009 1305s
  3434  2693  608.18034  131 1319  572.00000  633.28049  10.7%  2011 1310s
  3454  2713  604.69382  141 1301  572.00000  633.28049  10.7%  2012 1315s
  3468  2727  604.68763  148 1295  572.00000  633.28049  10.7%  2011 1322s
  3483  2742  607.01026  156 1307  572.00000  633.28049  10.7%  2009 1325s
  3514  2773  594.31134  171 1243  572.00000  633.28049  10.7%  2007 1330s
  3555  2814  598.15637  192 1251  572.00000  633.28049  10.7%  1998 1335s
  3654  2913  580.96427  241 1121  572.00000  633.28049  10.7%  1964 1340s
  3728  2952  625.68547   17 1431  572.00000  633.23729  10.7%  1936 1346s
  3732  2956  626.30086   19 1436  572.00000  633.23729  10.7%  1939 1350s
  3738  2962  614.94998   22 1383  572.00000  633.23729  10.7%  1944 1355s
  3744  2968  620.15290   25 1408  572.00000  633.23729  10.7%  1948 1361s
  3750  2974  621.75801   28 1407  572.00000  633.23729  10.7%  1952 1366s
  3754  2978  620.79065   30 1407  572.00000  633.23729  10.7%  1955 1370s
  3760  2984  623.91706   33 1417  572.00000  633.23729  10.7%  1958 1376s
  3766  2990  622.53079   36 1420  572.00000  633.23729  10.7%  1962 1380s
  3774  2998  623.51128   40 1416  572.00000  633.23729  10.7%  1966 1385s
  3782  3006  622.67482   44 1408  572.00000  633.23729  10.7%  1970 1390s
  3790  3014  620.75243   48 1407  572.00000  633.23729  10.7%  1974 1395s
  3798  3022  617.45045   52 1390  572.00000  633.23729  10.7%  1978 1401s
  3805  3029  624.59481   56 1422  572.00000  633.23729  10.7%  1981 1405s
  3814  3038  619.61689   60 1399  572.00000  633.23729  10.7%  1986 1410s
  3824  3048  618.49926   65 1390  572.00000  633.23729  10.7%  1989 1415s
  3834  3058  619.27565   70 1381  572.00000  633.23729  10.7%  1993 1420s
  3843  3067  621.93528   75 1397  572.00000  633.23729  10.7%  1995 1425s
  3854  3078  617.04653   80 1372  572.00000  633.23729  10.7%  2000 1430s
  3868  3092  615.30368   87 1362  572.00000  633.23729  10.7%  2002 1435s
  3881  3105  617.69332   94 1369  572.00000  633.23729  10.7%  2005 1440s
  3894  3118  606.90380  100 1317  572.00000  633.23729  10.7%  2008 1445s
  3908  3132  610.80742  107 1340  572.00000  633.23729  10.7%  2010 1450s
  3918  3142  607.65830  112 1321  572.00000  633.23729  10.7%  2011 1455s
  3920  3144  599.72581  113 1279  572.00000  633.23729  10.7%  2012 1472s
  3930  3154  607.43380  118 1313  572.00000  633.23729  10.7%  2013 1475s
  3942  3166  608.27417  124 1324  572.00000  633.23729  10.7%  2014 1480s
  3966  3190  605.72502  136 1303  572.00000  633.23729  10.7%  2015 1485s
  3994  3218  601.88958  150 1272  572.00000  633.23729  10.7%  2015 1490s
  4010  3234  603.07209  158 1270  572.00000  633.23729  10.7%  2013 1495s
  4036  3260  600.85356  171 1264  572.00000  633.23729  10.7%  2009 1509s
  4042  3266  597.85047  174 1248  572.00000  633.23729  10.7%  2009 1510s
  4111  3335  590.32694  209 1191  572.00000  633.23729  10.7%  1992 1515s
  4247  3428  631.56621   19 1470  572.00000  633.23503  10.7%  1944 1520s
  4252  3433  625.34821   21 1435  572.00000  633.23503  10.7%  1949 1525s
  4258  3439  627.12654   24 1435  572.00000  633.23503  10.7%  1952 1530s
  4266  3447  622.42351   28 1417  572.00000  633.23503  10.7%  1957 1535s
  4272  3453  624.79932   31 1429  572.00000  633.23503  10.7%  1961 1540s
  4280  3461  624.77674   35 1421  572.00000  633.23503  10.7%  1965 1546s
  4286  3467  621.80516   38 1413  572.00000  633.23503  10.7%  1968 1550s
  4292  3473  623.80092   41 1419  572.00000  633.23503  10.7%  1972 1555s
  4300  3481  622.34681   45 1417  572.00000  633.23503  10.7%  1976 1560s
  4308  3489  620.70980   49 1399  572.00000  633.23503  10.7%  1980 1565s
  4316  3497  621.58040   53 1408  572.00000  633.23503  10.7%  1984 1570s
  4326  3507  620.73007   58 1398  572.00000  633.23503  10.7%  1988 1575s
  4335  3516  624.25697   63 1425  572.00000  633.23503  10.7%  1991 1580s
  4344  3525  618.94772   67 1391  572.00000  633.23503  10.7%  1995 1585s
  4354  3535  618.17131   72 1385  572.00000  633.23503  10.7%  1999 1590s
  4366  3547  619.25940   78 1391  572.00000  633.23503  10.7%  2003 1595s
  4380  3561  615.75353   85 1371  572.00000  633.23503  10.7%  2007 1600s
  4396  3577  614.22831   93 1357  572.00000  633.23503  10.7%  2011 1605s
  4412  3593  606.31816  101 1315  572.00000  633.23503  10.7%  2015 1610s
  4432  3613  611.04746  111 1353  572.00000  633.23503  10.7%  2017 1615s
  4454  3635  607.18352  122 1332  572.00000  633.23503  10.7%  2020 1620s
  4482  3663  606.81611  136 1307  572.00000  633.23503  10.7%  2022 1625s
  4512  3693  605.49236  151 1291  572.00000  633.23503  10.7%  2021 1630s
  4554  3735  598.80248  172 1232  572.00000  633.23503  10.7%  2017 1635s
  4624  3805  591.97237  207 1215  572.00000  633.23503  10.7%  2003 1640s
  4760  3917  631.64665   23 1471  572.00000  633.08256  10.7%  1959 1645s
  4797  3954  625.88572   60 1434  572.00000  633.08256  10.7%  1952 1650s
  4838  3995  617.95583   96 1376  572.00000  633.08256  10.7%  1945 1656s
  4873  4030  612.39469  130 1353  572.00000  633.08256  10.7%  1939 1660s
  4929  4086  603.18040  169 1272  572.00000  633.08256  10.7%  1929 1665s
  5001  4158  595.48828  199 1219  572.00000  633.08256  10.7%  1915 1670s
  5047  4204  593.80285  204 1214  572.00000  633.08256  10.7%  1904 1676s
  5129  4286  589.32291  221 1177  572.00000  633.08256  10.7%  1885 1680s
  5293  4450  580.18333  251 1098  572.00000  633.08256  10.7%  1843 1685s
  5475  4600  630.96083   28 1468  572.00000  633.08242  10.7%  1794 1690s
  5508  4633  626.00715   61 1432  572.00000  633.08242  10.7%  1790 1695s
  5540  4665  618.78585   88 1378  572.00000  633.08242  10.7%  1787 1700s
  5566  4691  614.29989  109 1369  572.00000  633.08242  10.7%  1787 1705s
  5609  4734  609.46811  149 1321  572.00000  633.08242  10.7%  1781 1710s
  5663  4788  601.62322  184 1266  572.00000  633.08242  10.7%  1775 1715s
  5735  4860  595.68757  205 1244  572.00000  633.08242  10.7%  1765 1720s
  5806  4931  588.83553  223 1199  572.00000  633.08242  10.7%  1753 1726s
  5905  5030  583.87083  238 1176  572.00000  633.08242  10.7%  1734 1730s
  6050  5175  578.48077  253 1109  572.00000  633.08242  10.7%  1706 1735s
  6199  5300  631.03528   24 1462  572.00000  632.85310  10.6%  1674 1740s
  6227  5328  626.50918   52 1431  572.00000  632.85310  10.6%  1672 1745s
  6267  5368  620.30645   92 1389  572.00000  632.85310  10.6%  1667 1750s
  6295  5396  613.57454  112 1354  572.00000  632.85310  10.6%  1666 1755s
  6334  5435  608.38527  148 1317  572.00000  632.85310  10.6%  1663 1766s
  6368  5469  603.59626  167 1287  572.00000  632.85310  10.6%  1661 1770s
  6441  5542  595.26719  199 1210  572.00000  632.85310  10.6%  1652 1775s
  6561  5662  587.93452  220 1147  572.00000  632.85310  10.6%  1634 1780s
  6726  5827  578.78107  250 1096  572.00000  632.85310  10.6%  1606 1785s
  6856  5936  630.43318   29 1463  572.00000  632.85255  10.6%  1584 1790s
  6887  5967  625.62968   60 1431  572.00000  632.85255  10.6%  1582 1795s
  6920  6000  617.32892   88 1383  572.00000  632.85255  10.6%  1580 1800s
  6967  6047  609.80922  131 1330  572.00000  632.85255  10.6%  1577 1805s
  7014  6094  604.43051  165 1274  572.00000  632.85255  10.6%  1573 1811s
  7075  6155  597.07721  190 1211  572.00000  632.85255  10.6%  1568 1815s
  7188  6268  588.90705  217 1192  572.00000  632.85255  10.6%  1555 1820s
  7356  6436  578.20120  249 1108  572.00000  632.85255  10.6%  1532 1825s
  7489  6542  629.50389   30 1456  572.00000  632.56226  10.6%  1513 1830s
  7525  6578  623.83631   66 1422  572.00000  632.56226  10.6%  1511 1835s
  7563  6616  616.68247  102 1380  572.00000  632.56226  10.6%  1509 1840s
  7614  6667  607.10338  143 1309  572.00000  632.56226  10.6%  1506 1845s
  7642  6695  603.34651  156 1288  572.00000  632.56226  10.6%  1505 1856s
  7681  6734  598.07816  178 1269  572.00000  632.56226  10.6%  1502 1860s
  7793  6846  585.34336  218 1154  572.00000  632.56226  10.6%  1490 1865s
  7976  7029  577.41837  249 1147  572.00000  632.56226  10.6%  1466 1870s
  8104  7125  626.20159   22 1444  572.00000  632.51700  10.6%  1450 1875s
  8147  7168  619.89978   65 1397  572.00000  632.51700  10.6%  1447 1880s
  8199  7220  610.22890  114 1342  572.00000  632.51700  10.6%  1443 1885s
  8267  7288  599.43571  161 1250  572.00000  632.51700  10.6%  1439 1890s
  8366  7387  586.93966  197 1159  572.00000  632.51700  10.6%  1431 1895s
  8550  7571  576.96491  231 1075  572.00000  632.51700  10.6%  1410 1900s
  8644  7643  622.86506   38 1424  572.00000  632.37919  10.6%  1400 1905s
  8686  7685  615.58568   80 1370  572.00000  632.37919  10.6%  1397 1910s
  8734  7733  604.81964  122 1307  572.00000  632.37919  10.6%  1395 1915s
  8777  7776  600.10511  153 1265  572.00000  632.37919  10.6%  1394 1920s
  8859  7858  588.74448  193 1172  572.00000  632.37919  10.6%  1390 1925s
  8972  7971  579.75000  221 1109  572.00000  632.37919  10.6%  1381 1931s
  9069  8051  630.49498   19 1464  572.00000  632.37878  10.6%  1371 1935s
  9102  8084  625.22875   52 1426  572.00000  632.37878  10.6%  1370 1940s
  9147  8129  617.31088   97 1379  572.00000  632.37878  10.6%  1368 1945s
  9189  8171  608.62423  126 1332  572.00000  632.37878  10.6%  1368 1950s
  9242  8224  602.26383  170 1279  572.00000  632.37878  10.6%  1366 1955s
  9338  8320  592.00321  202 1206  572.00000  632.37878  10.6%  1360 1960s
  9484  8466  580.82647  235 1145  572.00000  632.37878  10.6%  1349 1965s
  9652  8598  631.46838   18 1469  572.00000  632.37441  10.6%  1332 1970s
  9673  8619  622.02128   39 1422  572.00000  632.37441  10.6%  1332 1975s
  9680  8626  612.93211   46 1378  572.00000  632.37441  10.6%  1333 1980s
  9715  8661  587.21561   81 1254  572.00000  632.37441  10.6%  1331 1985s
  9767  8701  623.62398   33 1427  572.00000  632.27485  10.5%  1328 1990s
  9808  8742  616.59716   74 1384  572.00000  632.27485  10.5%  1327 1995s
  9880  8814  601.51915  146 1291  572.00000  632.27485  10.5%  1323 2000s
  9881  8815  601.10932  147 1288  572.00000  632.27485  10.5%  1323 2007s
  9970  8904  577.50391  236 1118  572.00000  632.27485  10.5%  1315 2010s
  9998  8913  618.87161   24 1399  572.00000  632.27457  10.5%  1315 2015s
 10006  8921  623.63445   28 1419  572.00000  632.27457  10.5%  1317 2020s
 10014  8929  621.80235   32 1414  572.00000  632.27457  10.5%  1319 2026s
 10020  8935  620.37655   35 1413  572.00000  632.27457  10.5%  1321 2039s
 10022  8937  617.71166   36 1393  572.00000  632.27457  10.5%  1321 2040s
 10029  8944  625.04696   40 1432  572.00000  632.27457  10.5%  1323 2045s
 10038  8953  618.39731   44 1399  572.00000  632.27457  10.5%  1326 2051s
 10046  8961  611.18576   48 1358  572.00000  632.27457  10.5%  1328 2055s
 10054  8969  618.76949   52 1382  572.00000  632.27457  10.5%  1330 2060s
 10060  8975  618.51873   55 1385  572.00000  632.27457  10.5%  1332 2065s
 10070  8985  616.39376   60 1384  572.00000  632.27457  10.5%  1334 2070s
 10082  8997  614.04885   66 1363  572.00000  632.27457  10.5%  1336 2075s
 10094  9009  617.97125   72 1375  572.00000  632.27457  10.5%  1339 2080s
 10106  9021  615.39705   78 1368  572.00000  632.27457  10.5%  1341 2085s
 10120  9035  611.79845   85 1353  572.00000  632.27457  10.5%  1344 2090s
 10134  9049  612.43570   92 1345  572.00000  632.27457  10.5%  1346 2095s
 10150  9065  611.83871  100 1350  572.00000  632.27457  10.5%  1348 2100s
 10168  9083  608.17277  109 1331  572.00000  632.27457  10.5%  1351 2105s
 10190  9105  605.63946  120 1313  572.00000  632.27457  10.5%  1353 2110s
 10203  9117  619.34071   88 1490  572.00000  632.27457  10.5%  1353 3012s
 10206  9119  577.01017  250 1490  572.00000  632.27457  10.5%  1353 3026s
 10208  9120  591.53621  212 1491  572.00000  629.74465  10.1%  1353 3031s
 10214  9124  608.42108  152 1494  572.00000  629.36714  10.0%  1352 3056s
 10215  9125  576.23684  266 1493  572.00000  629.30283  10.0%  1352 3078s
 10217  9126  614.01827  122 1493  572.00000  629.28901  10.0%  1351 3099s
 10218  9127  610.87826  119 1493  572.00000  628.97039  10.0%  1351 3122s
 10222  9130  574.72222  269 1494  572.00000  628.72511  9.92%  1351 3145s
 10223  9130  581.72081  242 1494  572.00000  628.42914  9.87%  1351 3165s
 10227  9133  603.62532  149 1496  572.00000  628.32588  9.85%  1350 3187s
 10228  9134  574.66304  271 1494  572.00000  628.12479  9.81%  1350 3208s
 10231  9136  578.00000  245 1495  572.00000  628.06229  9.80%  1350 3229s
 10232  9136  601.35755  175 1495  572.00000  627.95938  9.78%  1349 3246s
 10235  9138  621.20582   45 1495  572.00000  627.91790  9.78%  1349 3267s
 10236  9139  584.82151  231 1492  572.00000  627.79539  9.75%  1349 3287s
 10239  9141  617.40980   58 1495  572.00000  627.72002  9.74%  1348 3310s
 10240  9142  591.03598  217 1492  572.00000  627.65256  9.73%  1348 3332s
 10243  9144  579.43103  252 1496  572.00000  627.59409  9.72%  1348 3358s
 10244  9144  584.95833  211 1492  572.00000  627.50096  9.70%  1348 3377s
 10247  9146  574.48709  260 1495  572.00000  627.46800  9.70%  1347 3399s
 10248  9147  589.81257  210 1493  572.00000  627.36287  9.68%  1347 3418s
 10251  9149  597.12898  193 1498  572.00000  627.31202  9.67%  1347 3439s
 10252  9150  608.36654  123 1497  572.00000  627.24157  9.66%  1347 3459s
 10254  9151  627.19218   24 1498  572.00000  627.19218  9.65%  1347 3460s
 10255  9152  597.70043  180 1498  572.00000  627.18843  9.65%  1346 3482s
 10256  9152  626.03464   28 1497  572.00000  627.15513  9.64%  1346 3500s
 10258  9154  578.31513  250 1498  572.00000  627.14317  9.64%  1346 3523s
 10259  9154  615.23253  105 1496  572.00000  627.03125  9.62%  1346 3545s
 10262  9156  609.02431  116 1496  572.00000  626.98508  9.61%  1345 3567s
 10263  9157  600.00885  178 1493  572.00000  626.94983  9.61%  1345 3588s

Cutting planes:
  Gomory: 9
  Flow cover: 78
  Zero half: 605
  RLT: 180
  BQP: 42

Explored 10264 nodes (14029340 simplex iterations) in 3600.21 seconds (4513.71 work units)
Thread count was 1 (of 24 available processors)

Solution count 10: 572 571 570 ... 561

Time limit reached
Best objective 5.720000000000e+02, best bound 6.260000000000e+02, gap 9.4406%

User-callback calls 180466, time in user-callback 1.23 sec
