
Gurobi 11.0.3 (linux64) logging started Thu Mar  5 15:04:10 2026

Set parameter LogFile to value "./log/train/IS_1500_6/IS_25.lp.log"
Set parameter TimeLimit to value 3600
Gurobi Optimizer version 11.0.3 build v11.0.3rc0 (linux64 - "Ubuntu 22.04.5 LTS")

CPU model: AMD Ryzen 9 9900X 12-Core Processor, instruction set [SSE2|AVX|AVX2|AVX512]
Thread count: 12 physical cores, 24 logical processors, using up to 2 threads

Optimize a model with 9191 rows, 1500 columns and 18112 nonzeros
Model fingerprint: 0xd36f5812
Variable types: 0 continuous, 1500 integer (1500 binary)
Coefficient statistics:
  Matrix range     [1e+00, 1e+00]
  Objective range  [1e+00, 1e+00]
  Bounds range     [1e+00, 1e+00]
  RHS range        [1e+00, 1e+00]
Found heuristic solution: objective 341.0000000
Presolve removed 1719 rows and 0 columns
Presolve time: 0.03s
Presolved: 7472 rows, 1500 columns, 16412 nonzeros
Variable types: 0 continuous, 1500 integer (1500 binary)

Root relaxation: objective 6.932500e+02, 2965 iterations, 0.10 seconds (0.15 work units)

    Nodes    |    Current Node    |     Objective Bounds      |     Work
 Expl Unexpl |  Obj  Depth IntInf | Incumbent    BestBd   Gap | It/Node Time

     0     0  693.25000    0 1370  341.00000  693.25000   103%     -    0s
H    0     0                     501.0000000  693.25000  38.4%     -    0s
H    0     0                     506.0000000  693.25000  37.0%     -    0s
     0     0  673.09226    0 1432  506.00000  673.09226  33.0%     -    1s
H    0     0                     509.0000000  673.09226  32.2%     -    1s
H    0     0                     517.0000000  673.09226  30.2%     -    1s
     0     0  673.08663    0 1433  517.00000  673.08663  30.2%     -    1s
     0     0  673.08537    0 1435  517.00000  673.08537  30.2%     -    1s
     0     0  666.21662    0 1478  517.00000  666.21662  28.9%     -    1s
H    0     0                     543.0000000  666.21662  22.7%     -    1s
H    0     0                     545.0000000  666.21662  22.2%     -    1s
     0     0  665.51661    0 1478  545.00000  665.51661  22.1%     -    2s
     0     0  665.18623    0 1482  545.00000  665.18623  22.1%     -    2s
     0     0  665.16387    0 1482  545.00000  665.16387  22.0%     -    2s
     0     0  665.15420    0 1479  545.00000  665.15420  22.0%     -    2s
     0     0  665.14927    0 1484  545.00000  665.14927  22.0%     -    2s
     0     0  659.73825    0 1477  545.00000  659.73825  21.1%     -    3s
     0     0  659.07728    0 1478  545.00000  659.07728  20.9%     -    3s
     0     0  658.94089    0 1481  545.00000  658.94089  20.9%     -    3s
     0     0  658.89122    0 1483  545.00000  658.89122  20.9%     -    3s
     0     0  658.88567    0 1481  545.00000  658.88567  20.9%     -    3s
     0     0  654.55341    0 1482  545.00000  654.55341  20.1%     -    4s
     0     0  653.99504    0 1481  545.00000  653.99504  20.0%     -    4s
     0     0  653.89147    0 1482  545.00000  653.89147  20.0%     -    4s
     0     0  653.86967    0 1482  545.00000  653.86967  20.0%     -    4s
     0     0  653.86778    0 1484  545.00000  653.86778  20.0%     -    4s
     0     0  651.44475    0 1479  545.00000  651.44475  19.5%     -    5s
     0     0  651.03214    0 1483  545.00000  651.03214  19.5%     -    5s
     0     0  650.95743    0 1480  545.00000  650.95743  19.4%     -    5s
     0     0  650.94218    0 1478  545.00000  650.94218  19.4%     -    5s
     0     0  650.93982    0 1479  545.00000  650.93982  19.4%     -    5s
     0     0  649.24485    0 1483  545.00000  649.24485  19.1%     -    6s
H    0     0                     547.0000000  649.24485  18.7%     -    6s
     0     0  648.99118    0 1486  547.00000  648.99118  18.6%     -    6s
     0     0  648.97072    0 1485  547.00000  648.97072  18.6%     -    6s
     0     0  648.96837    0 1486  547.00000  648.96837  18.6%     -    6s
     0     0  647.65792    0 1489  547.00000  647.65792  18.4%     -    7s
     0     0  647.48783    0 1486  547.00000  647.48783  18.4%     -    7s
     0     0  647.45159    0 1487  547.00000  647.45159  18.4%     -    7s
     0     0  647.44399    0 1488  547.00000  647.44399  18.4%     -    7s
     0     0  646.50012    0 1484  547.00000  646.50012  18.2%     -    7s
     0     0  646.33081    0 1486  547.00000  646.33081  18.2%     -    7s
     0     0  646.29205    0 1484  547.00000  646.29205  18.2%     -    7s
     0     0  646.28758    0 1484  547.00000  646.28758  18.2%     -    8s
     0     0  645.28698    0 1485  547.00000  645.28698  18.0%     -    8s
     0     0  645.11089    0 1488  547.00000  645.11089  17.9%     -    8s
     0     0  645.08968    0 1488  547.00000  645.08968  17.9%     -    8s
     0     0  645.08536    0 1487  547.00000  645.08536  17.9%     -    8s
     0     0  644.25882    0 1487  547.00000  644.25882  17.8%     -    9s
     0     0  644.05266    0 1487  547.00000  644.05266  17.7%     -    9s
     0     0  644.02575    0 1487  547.00000  644.02575  17.7%     -    9s
     0     0  644.01435    0 1487  547.00000  644.01435  17.7%     -    9s
     0     0  643.16898    0 1493  547.00000  643.16898  17.6%     -   10s
     0     0  642.97950    0 1491  547.00000  642.97950  17.5%     -   10s
     0     0  642.95251    0 1490  547.00000  642.95251  17.5%     -   10s
     0     0  642.93535    0 1492  547.00000  642.93535  17.5%     -   10s
     0     0  642.42187    0 1486  547.00000  642.42187  17.4%     -   11s
     0     0  642.35254    0 1492  547.00000  642.35254  17.4%     -   11s
     0     0  642.33547    0 1491  547.00000  642.33547  17.4%     -   11s
     0     0  641.67384    0 1491  547.00000  641.67384  17.3%     -   12s
     0     0  641.54313    0 1488  547.00000  641.54313  17.3%     -   12s
     0     0  641.52829    0 1490  547.00000  641.52829  17.3%     -   12s
     0     0  641.09158    0 1486  547.00000  641.09158  17.2%     -   12s
     0     0  641.02338    0 1487  547.00000  641.02338  17.2%     -   12s
     0     0  641.01111    0 1488  547.00000  641.01111  17.2%     -   12s
     0     0  640.72996    0 1488  547.00000  640.72996  17.1%     -   13s
     0     0  640.67008    0 1492  547.00000  640.67008  17.1%     -   13s
     0     0  640.65652    0 1491  547.00000  640.65652  17.1%     -   13s
     0     0  640.27156    0 1490  547.00000  640.27156  17.1%     -   13s
H    0     0                     549.0000000  640.27156  16.6%     -   13s
     0     0  640.19433    0 1489  549.00000  640.19433  16.6%     -   14s
     0     0  640.17732    0 1491  549.00000  640.17732  16.6%     -   14s
     0     0  640.04616    0 1490  549.00000  640.04616  16.6%     -   14s
     0     0  640.04616    0 1490  549.00000  640.04616  16.6%     -   14s
H    0     0                     553.0000000  640.04616  15.7%     -   16s
     0     2  640.04616    0 1489  553.00000  640.04616  15.7%     -   16s
     9    12  633.87696    4 1446  553.00000  639.85698  15.7%  3201   20s
    25    29  620.32474   10 1385  553.00000  639.85698  15.7%  2792   25s
    51    57  609.56826   19 1343  553.00000  639.85698  15.7%  2405   30s
H   52    57                     555.0000000  639.85698  15.3%  2358   30s
H   60    65                     559.0000000  639.85698  14.5%  2313   31s
    89    99  600.32226   35 1297  559.00000  639.85698  14.5%  2196   35s
H   95    99                     562.0000000  639.85698  13.9%  2110   35s
H  119   125                     563.0000000  639.85698  13.7%  2021   37s
H  134   139                     564.0000000  639.85698  13.4%  1922   37s
H  174   178                     565.0000000  639.85698  13.2%  1714   38s
   179   185  569.75648   69 1115  565.00000  639.72387  13.2%  1683   41s
   218   205  626.10080   10 1416  565.00000  639.49745  13.2%  1661   45s
   251   246  618.47630   20 1379  565.00000  639.49745  13.2%  1711   50s
H  265   251                     566.0000000  639.49745  13.0%  1699   52s
   299   265  603.68176   29 1298  566.00000  639.49745  13.0%  1639   58s
   313   294  587.65413   35 1219  566.00000  639.49745  13.0%  1665   61s
   368   320  634.49546    7 1454  566.00000  639.18338  12.9%  1608   66s
   392   353  627.60342   13 1415  566.00000  639.18338  12.9%  1673   71s
   443   416  607.26257   26 1317  566.00000  639.18338  12.9%  1665   76s
   503   462  576.24588   43 1173  566.00000  638.90036  12.9%  1601   82s
H  516   460                     567.0000000  638.90036  12.7%  1582   82s
   550   468  632.98415    8 1448  567.00000  638.90036  12.7%  1547   85s
H  554   446                     568.0000000  638.90036  12.5%  1553   85s
   575   476  621.03170   18 1378  568.00000  638.90036  12.5%  1589   90s
   611   533  606.42602   29 1309  568.00000  638.90036  12.5%  1634   95s
H  615   518                     569.0000000  638.90036  12.3%  1632   95s
H  680   557                     570.0000000  638.90036  12.1%  1588   98s
   723   592  582.94271   58 1202  570.00000  638.69870  12.1%  1525  102s
   788   602  632.00504    9 1450  570.00000  638.69870  12.1%  1480  106s
   798   624  615.25052   12 1368  570.00000  638.69870  12.1%  1513  111s
   821   625  621.72726   19 1490  570.00000  638.69870  12.1%  1520  124s
   824   627  582.39941   49 1483  570.00000  638.69870  12.1%  1514  131s
   830   631  575.98897   48 1490  570.00000  638.69870  12.1%  1503  140s
   831   632  612.22500   20 1489  570.00000  638.69870  12.1%  1501  147s
   834   634  608.44315   34 1491  570.00000  638.69870  12.1%  1496  154s
   835   634  612.35053   35 1492  570.00000  638.69870  12.1%  1494  161s
   837   636  603.31175   31 1490  570.00000  638.69870  12.1%  1491  170s
   838   636  600.05115   18 1489  570.00000  638.69870  12.1%  1489  177s
   839   637  581.63072   38 1492  570.00000  638.69870  12.1%  1487  186s
   840   638  600.78093   32 1491  570.00000  638.69870  12.1%  1485  194s
   841   638  572.95557   52 1491  570.00000  638.69870  12.1%  1483  203s
   842   639  608.64997   26 1490  570.00000  638.69870  12.1%  1482  212s
   843   640  622.98911   12 1491  570.00000  638.69870  12.1%  1480  220s
   844   640  574.78874   28 1491  570.00000  638.69870  12.1%  1478  229s
   845   641  586.71855   43 1491  570.00000  638.69870  12.1%  1476  239s
   846   642  595.06804   39 1491  570.00000  638.69870  12.1%  1475  242s
   849   647  638.69870   16 1488  570.00000  638.69870  12.1%  1540  246s
   861   655  638.27951   19 1484  570.00000  638.66990  12.0%  1561  250s
   875   665  637.56046   22 1481  570.00000  638.66990  12.0%  1581  256s
   895   679  636.32429   27 1475  570.00000  638.66990  12.0%  1583  260s
   916   694  635.01359   32 1469  570.00000  638.66990  12.0%  1602  266s
   934   707  633.90768   36 1460  570.00000  638.66990  12.0%  1621  270s
   947   717  632.96248   39 1458  570.00000  638.66990  12.0%  1630  275s
   969   733  631.55725   44 1444  570.00000  638.66990  12.0%  1640  280s
   989   745  630.25911   49 1440  570.00000  638.66990  12.0%  1673  286s
  1002   756  629.11970   52 1437  570.00000  638.66990  12.0%  1691  290s
  1032   777  623.92426   58 1408  570.00000  638.66990  12.0%  1710  297s
  1042   784  626.59297   61 1427  570.00000  638.66990  12.0%  1717  300s
  1065   800  624.67662   66 1420  570.00000  638.66990  12.0%  1735  305s
  1089   815  623.50728   72 1415  570.00000  638.66990  12.0%  1755  311s
  1113   835  622.00852   77 1410  570.00000  638.66990  12.0%  1776  316s
  1127   846  621.48445   80 1409  570.00000  638.66990  12.0%  1786  320s
  1157   864  620.21415   86 1400  570.00000  638.66990  12.0%  1808  327s
  1171   875  619.33463   89 1398  570.00000  638.66990  12.0%  1823  331s
  1203   897  617.73363   96 1391  570.00000  638.66990  12.0%  1852  339s
  1219   909  616.73111  100 1387  570.00000  638.66990  12.0%  1868  343s
  1237   924  616.01627  104 1383  570.00000  638.66990  12.0%  1884  347s
  1258   936  615.52867  109 1378  570.00000  638.66990  12.0%  1897  351s
  1277   954  614.82895  113 1378  570.00000  638.66990  12.0%  1914  355s
  1301   973  614.12845  118 1367  570.00000  638.66990  12.0%  1927  360s
  1328   994  608.69691  123 1349  570.00000  638.66990  12.0%  1941  365s
  1358  1017  611.92889  130 1359  570.00000  638.66990  12.0%  1948  370s
  1391  1043  610.77878  137 1351  570.00000  638.66990  12.0%  1960  375s
  1428  1075  603.16084  144 1303  570.00000  638.66990  12.0%  1973  380s
  1472  1115  608.28676  152 1334  570.00000  638.66990  12.0%  1973  386s
  1527  1179  606.51593  162 1321  570.00000  638.66990  12.0%  1966  391s
H 1549  1138                     571.0000000  638.66990  11.9%  1969  391s
  1609  1222  604.38558  173 1307  571.00000  638.66990  11.9%  1933  397s
  1713  1224  597.21682  186 1238  571.00000  638.66990  11.9%  1872  402s
H 1748  1179                     572.0000000  638.66990  11.7%  1864  402s
  1765  1228  598.92840  203 1266  572.00000  638.66990  11.7%  1861  407s
  1824  1310  592.22705  230 1225  572.00000  638.66990  11.7%  1851  412s
  1929  1299  576.27632  279 1051  572.00000  638.35708  11.6%  1800  418s
  1972  1298  637.62393   20 1475  572.00000  637.96201  11.5%  1793  424s
  1986  1310  636.97109   23 1475  572.00000  637.96201  11.5%  1812  430s
  2002  1310  633.53872   26 1453  572.00000  637.96201  11.5%  1831  443s
  2008  1326  635.86722   28 1472  572.00000  637.96201  11.5%  1838  451s
  2026  1338  635.18952   32 1464  572.00000  637.96201  11.5%  1860  457s
  2044  1352  634.39263   36 1460  572.00000  637.96201  11.5%  1879  464s
  2064  1370  633.44551   41 1454  572.00000  637.96201  11.5%  1899  470s
  2088  1388  632.61265   46 1450  572.00000  637.96201  11.5%  1919  478s
  2114  1405  631.34317   52 1442  572.00000  637.96201  11.5%  1939  487s
  2140  1425  630.30656   58 1438  572.00000  637.96201  11.5%  1961  494s
  2169  1449  626.27193   64 1405  572.00000  637.96201  11.5%  1982  503s
  2202  1474  628.27110   72 1422  572.00000  637.96201  11.5%  2000  512s
  2238  1494  627.20589   79 1413  572.00000  637.96201  11.5%  2018  520s
H 2266  1447                     573.0000000  637.96201  11.3%  2032  520s
  2270  1489  626.14539   86 1402  573.00000  637.96201  11.3%  2034  529s
  2313  1523  621.67413   96 1371  573.00000  637.96201  11.3%  2045  545s
  2361  1555  622.30364  108 1373  573.00000  637.96201  11.3%  2049  555s
  2409  1604  620.09289  119 1359  573.00000  637.96201  11.3%  2055  566s
  2474  1587  617.31050  132 1348  573.00000  637.96201  11.3%  2049  577s
  2479  1639  616.95624  134 1347  573.00000  637.96201  11.3%  2049  591s
  2533  1697  611.74967  147 1314  573.00000  637.96201  11.3%  2043  603s
  2595  1976  611.38254  165 1300  573.00000  637.96201  11.3%  2028  613s
  2888  2097  596.19446  224 1222  573.00000  637.96156  11.3%  1907  625s
  3051  2123  628.32062   22 1426  573.00000  637.40764  11.2%  1858  636s
  3077  2153  632.63178   29 1450  573.00000  637.40764  11.2%  1877  647s
  3107  2188  627.12921   37 1416  573.00000  637.40764  11.2%  1900  660s
  3142  2228  629.33840   46 1432  573.00000  637.40764  11.2%  1919  672s
  3182  2264  627.58711   57 1422  573.00000  637.40764  11.2%  1940  686s
  3218  2314  626.28955   66 1411  573.00000  637.40764  11.2%  1957  699s
  3268  2354  624.67099   79 1395  573.00000  637.40764  11.2%  1980  713s
  3308  2426  622.29810   91 1384  573.00000  637.40764  11.2%  1993  727s
  3380  2485  618.19165  111 1359  573.00000  637.40764  11.2%  2011  741s
  3439  2608  614.85359  128 1333  573.00000  637.40764  11.2%  2017  755s
  3562  2782  607.33454  164 1274  573.00000  637.40764  11.2%  2019  772s
  3736  2989  585.00171  237 1135  573.00000  637.40653  11.2%  1977  787s
  3970  3122  633.77056   28 1459  573.00000  637.40653  11.2%  1929  804s
  4133  3168  632.15989   38 1445  573.00000  637.40653  11.2%  1901  822s
  4179  3224  629.85915   50 1437  573.00000  637.40653  11.2%  1926  839s
  4235  3292  627.39441   65 1420  573.00000  637.40653  11.2%  1949  857s
  4303  3379  624.99987   82 1395  573.00000  637.40653  11.2%  1973  876s
  4390  3474  617.68709  106 1352  573.00000  637.40653  11.2%  1993  895s
  4485  3684  613.99848  133 1336  573.00000  637.40653  11.2%  2002  915s
  4695  3951  600.58030  198 1249  573.00000  636.96663  11.2%  1993  935s
  5013  4206  634.27063   32 1459  573.00000  636.96663  11.2%  1920  955s
  5289  4636  622.14785  102 1373  573.00000  636.96663  11.2%  1855  976s
  5719  5537  592.88155  229 1201  573.00000  636.95097  11.2%  1785  996s
  6695  5756  627.31418   59 1415  573.00000  636.91196  11.2%  1595 1010s
  6914  6341  607.21613  157 1285  573.00000  636.91196  11.2%  1583 1027s
  7499  7020  579.10556  252 1108  573.00000  636.81950  11.1%  1516 1048s
  8248  7043  607.41977  149 1293  573.00000  636.81916  11.1%  1432 1058s
  8271  7228  606.82477  151 1292  573.00000  636.81916  11.1%  1431 1066s
  8456  7587  591.11687  211 1189  573.00000  636.62823  11.1%  1420 1074s
  8843  7780  635.59856   25 1467  573.00000  636.62823  11.1%  1382 1080s
  9036  7921  630.64313   51 1438  573.00000  636.62823  11.1%  1367 1086s
  9212  7986  624.13369   91 1393  573.00000  636.62823  11.1%  1352 1090s
  9277  8088  617.89839  119 1360  573.00000  636.62823  11.1%  1352 1096s
  9379  8251  608.16116  168 1297  573.00000  636.62823  11.1%  1349 1102s
  9542  8499  595.86971  211 1228  573.00000  636.62823  11.1%  1341 1108s
  9790  8854  583.11236  249 1156  573.00000  636.60011  11.1%  1326 1115s
 10162  9113  631.54999   24 1444  573.00000  636.60011  11.1%  1297 1122s
 10459  9180  600.88034   48 1297  573.00000  636.58305  11.1%  1273 1127s
 10534  9235  634.28242   22 1456  573.00000  636.58305  11.1%  1273 1132s
 10589  9338  633.36476   26 1450  573.00000  636.58305  11.1%  1273 1137s
 10692  9428  632.41402   30 1447  573.00000  636.58305  11.1%  1270 1144s
 10798  9479  631.10416   35 1441  573.00000  636.58305  11.1%  1266 1150s
 10849  9534  630.28597   40 1437  573.00000  636.58305  11.1%  1267 1155s
 10904  9692  629.29357   45 1433  573.00000  636.58305  11.1%  1268 1161s
 11062  9709  624.43758   50 1408  573.00000  636.58305  11.1%  1261 1167s
 11101  9765  627.66012   55 1420  573.00000  636.58305  11.1%  1261 1173s
 11157  9767  626.43258   62 1411  573.00000  636.58305  11.1%  1262 1191s
 11159  9877  621.72086   62 1386  573.00000  636.58305  11.1%  1263 1196s
 11269  9944  625.55343   69 1402  573.00000  636.58305  11.1%  1260 1204s
 11380 10021  625.37159   71 1395  573.00000  636.58305  11.1%  1253 1209s
 11457 10092  624.21154   80 1386  573.00000  636.58305  11.1%  1254 1215s
 11528 10209  622.21007   91 1376  573.00000  636.58305  11.1%  1258 1221s
 11645 10476  619.18618  102 1362  573.00000  636.58305  11.1%  1258 1227s
 11912 10527  615.95317  115 1347  573.00000  636.58305  11.1%  1247 1233s
 11999 10602  610.68044  130 1309  573.00000  636.58305  11.1%  1248 1240s
 12084 10700  608.83629  143 1295  573.00000  636.58305  11.1%  1248 1246s
 12182 10935  603.41655  172 1254  573.00000  636.58305  11.1%  1248 1252s
 12417 11107  579.33659  251 1131  573.00000  636.29405  11.0%  1241 1257s
 12648 11232  622.29389   52 1392  573.00000  636.25156  11.0%  1228 1264s
 12783 11317  631.78533   22 1437  573.00000  636.25156  11.0%  1226 1270s
 12882 11437  599.52823   56 1291  573.00000  636.15768  11.0%  1224 1275s
 13024 11485  630.03422   33 1429  573.00000  636.15768  11.0%  1220 1283s
 13072 11641  629.39830   36 1427  573.00000  636.15768  11.0%  1218 1289s
 13255 11805  607.44578  101 1307  573.00000  636.11089  11.0%  1210 1294s
 13437 12024  627.23607   38 1420  573.00000  636.11007  11.0%  1203 1301s
 13720 12107  635.18944   21 1462  573.00000  636.01916  11.0%  1191 1307s
 13803 12268  627.18882   60 1418  573.00000  636.01916  11.0%  1191 1313s
 13964 12517  612.07470  133 1337  573.00000  635.98864  11.0%  1186 1320s
 14286 12624  631.29312   20 1438  573.00000  635.90134  11.0%  1170 1326s
 14393 12903  620.70327   70 1381  573.00000  635.90134  11.0%  1168 1332s
 14694 13032  596.02410  181 1230  573.00000  635.84766  11.0%  1157 1338s
 14856 13033  576.30401  244 1490  573.00000  635.84766  11.0%  1153 1682s
 14859 13035  578.75000  268 1491  573.00000  635.84766  11.0%  1152 1695s
 14865 13039  625.32516   57 1493  573.00000  633.25399  10.5%  1152 1713s
 14866 13040  581.65698   83 1490  573.00000  633.17405  10.5%  1152 1725s
 14868 13041  575.50255  261 1491  573.00000  633.15448  10.5%  1152 1738s
 14869 13042  620.16896   87 1494  573.00000  632.92935  10.5%  1152 1750s
 14873 13044  577.20594  257 1493  573.00000  632.76643  10.4%  1151 1764s
 14874 13045  580.75000  244 1492  573.00000  632.51926  10.4%  1151 1776s
 14877 13047  620.52175   96 1491  573.00000  632.46772  10.4%  1151 1791s
 14878 13048  606.84564  168 1491  573.00000  632.33252  10.4%  1151 1804s
 14882 13050  609.18553  133 1493  573.00000  632.25422  10.3%  1151 1817s
 14883 13051  631.95115   28 1490  573.00000  631.98114  10.3%  1151 1830s
 14886 13053  591.84091  219 1492  573.00000  631.83610  10.3%  1150 1843s
 14887 13054  620.84693   93 1489  573.00000  631.61577  10.2%  1150 1856s
 14890 13056  609.93833  139 1492  573.00000  631.49237  10.2%  1150 1869s
 14891 13056  600.05416  143 1492  573.00000  631.28821  10.2%  1150 1882s
 14894 13058  627.61222   44 1494  573.00000  631.20515  10.2%  1150 1896s
 14895 13059  625.08394   68 1491  573.00000  630.82182  10.1%  1150 1908s
 14898 13061  591.53047  235 1492  573.00000  630.74425  10.1%  1149 1921s
 14899 13062  627.19177   80 1493  573.00000  630.66233  10.1%  1149 1934s
 14901 13063  622.56749   72 1494  573.00000  630.64290  10.1%  1149 1950s
 14902 13064  620.33342  101 1490  573.00000  630.56928  10.0%  1149 1962s
 14905 13066  604.84362  160 1490  573.00000  630.53532  10.0%  1149 1975s
 14906 13066  600.05529  143 1491  573.00000  630.46464  10.0%  1149 1987s
 14908 13068  629.58858   38 1494  573.00000  630.44621  10.0%  1149 2000s
 14909 13068  596.60338  204 1490  573.00000  630.29815  10.0%  1149 2013s
 14912 13070  617.06177  111 1493  573.00000  630.23245  10.0%  1148 2027s
 14913 13071  605.64973  168 1493  573.00000  630.13913  10.0%  1148 2042s
 14915 13072  624.37707   78 1492  573.00000  630.11091  10.0%  1148 2056s
 14916 13073  577.37500  248 1494  573.00000  630.06564  10.0%  1148 2068s
 14918 13074  592.78144  216 1493  573.00000  630.04625  10.0%  1148 2081s
 14919 13075  623.38732   45 1492  573.00000  629.91744  9.93%  1148 2094s
 14920 13076  596.40161  161 1491  573.00000  629.89218  9.93%  1148 2095s
 14921 13076  579.26667  239 1493  573.00000  629.88692  9.93%  1148 2108s
 14922 13077  629.27286   34 1490  573.00000  629.85637  9.92%  1148 2120s
 14924 13078  593.75720  216 1493  573.00000  629.84589  9.92%  1147 2132s
 14925 13079  581.58676  247 1492  573.00000  629.79843  9.91%  1147 2145s
 14927 13080  586.66760  245 1491  573.00000  629.78208  9.91%  1147 2159s
 14928 13081  575.83173  270 1491  573.00000  629.77479  9.91%  1147 2174s
 14929 13082  594.96608  201 1491  573.00000  629.77375  9.91%  1147 2187s
 14930 13082  589.59259  225 1492  573.00000  629.77245  9.91%  1147 2200s
 14931 13083  601.78065  193 1492  573.00000  629.77189  9.91%  1147 2215s
 14932 13084  620.97058   74 1493  573.00000  629.77164  9.91%  1147 2230s
 14933 13084  614.39321  126 1493  573.00000  629.77151  9.91%  1147 2244s
 14934 13085  620.79052   94 1493  573.00000  629.77149  9.91%  1147 2258s
 14935 13086  595.20630  207 1493  573.00000  629.77148  9.91%  1147 2272s
 14936 13086  620.78393   82 1493  573.00000  629.76549  9.91%  1147 2301s
 14937 13087  578.73438  269 1493  573.00000  629.76549  9.91%  1146 2316s
 14938 13088  574.16667  279 1493  573.00000  629.76549  9.91%  1146 2332s
 14943 13094  629.01404   30 1484  573.00000  629.31764  9.83%  1153 2335s
 14959 13105  627.44689   34 1477  573.00000  629.01280  9.78%  1155 2341s
 14969 13113  627.69677   37 1485  573.00000  629.01280  9.78%  1156 2345s
 14981 13121  627.03282   40 1481  573.00000  629.01280  9.78%  1158 2350s
 14997 13132  626.15891   44 1476  573.00000  629.01280  9.78%  1160 2355s
 15009 13142  625.37868   47 1473  573.00000  629.01280  9.78%  1161 2360s
 15021 13148  624.60729   50 1471  573.00000  629.01280  9.78%  1162 2374s
 15025 13155  624.15868   51 1468  573.00000  629.01280  9.78%  1163 2375s
 15049 13169  622.76538   56 1463  573.00000  629.01280  9.78%  1163 2382s
 15063 13181  621.84786   59 1460  573.00000  629.01280  9.78%  1163 2385s
 15081 13187  620.86977   63 1456  573.00000  629.01280  9.78%  1163 2390s
 15091 13200  619.02551   65 1445  573.00000  629.01280  9.78%  1164 2395s
 15117 13214  618.60342   71 1447  573.00000  629.01280  9.78%  1166 2401s
 15133 13233  617.58732   75 1444  573.00000  629.01280  9.78%  1167 2406s
 15158 13245  613.90812   80 1420  573.00000  629.01280  9.78%  1168 2412s
 15168 13258  615.89474   82 1436  573.00000  629.01280  9.78%  1169 2415s
 15197 13273  614.27127   88 1431  573.00000  629.01280  9.78%  1171 2425s
 15228 13301  609.90056   94 1403  573.00000  629.01280  9.78%  1172 2432s
 15247 13311  611.52545   98 1419  573.00000  629.01280  9.78%  1172 2435s
 15284 13340  609.77361  105 1410  573.00000  629.01280  9.78%  1174 2441s
 15305 13357  609.26219  109 1404  573.00000  629.01280  9.78%  1174 2445s
 15329 13379  608.31073  114 1401  573.00000  629.01280  9.78%  1175 2450s
 15359 13380  607.42960  120 1397  573.00000  629.01280  9.78%  1175 2459s
 15370 13410  606.72735  125 1392  573.00000  629.01280  9.78%  1175 2464s
 15403 13435  605.53443  132 1385  573.00000  629.01280  9.78%  1175 2469s
 15439 13466  604.51374  139 1378  573.00000  629.01280  9.78%  1174 2474s
 15482 13498  600.43146  146 1346  573.00000  629.01280  9.78%  1173 2479s
 15529 13538  602.26982  155 1355  573.00000  629.01280  9.78%  1172 2484s
 15584 13590  600.89588  164 1347  573.00000  629.01280  9.78%  1171 2489s
 15655 13647  598.72267  175 1323  573.00000  629.01280  9.78%  1168 2495s
 15748 13650  595.59649  189 1316  573.00000  629.01280  9.78%  1164 2500s
 15825 13717  590.19683  220 1277  573.00000  629.01280  9.78%  1163 2510s
 15877 13759  580.27630  241 1191  573.00000  629.01280  9.78%  1162 2516s
 15936 13766  578.32502  266 1182  573.00000  628.75830  9.73%  1160 2523s
 15999 13765  628.23369   33 1481  573.00000  628.41178  9.67%  1158 2529s
 16019 13781  627.48869   37 1477  573.00000  628.41178  9.67%  1159 2535s
 16042 13776  626.63262   42 1470  573.00000  628.41178  9.67%  1160 2547s
 16044 13800  621.52035   42 1435  573.00000  628.41178  9.67%  1160 2554s
 16069 13820  625.68615   48 1464  573.00000  628.41178  9.67%  1161 2559s
 16097 13842  624.51479   54 1457  573.00000  628.41178  9.67%  1162 2566s
 16129 13866  623.75887   60 1450  573.00000  628.41178  9.67%  1162 2573s
 16163 13891  622.53598   67 1442  573.00000  628.41178  9.67%  1163 2581s
 16200 13918  621.69654   74 1436  573.00000  628.41178  9.67%  1163 2590s
 16239 13956  620.11360   82 1422  573.00000  628.41178  9.67%  1164 2599s
 16290 13997  616.53331   91 1404  573.00000  628.41178  9.67%  1164 2608s
 16348 14002  616.32314  101 1400  573.00000  628.41178  9.67%  1163 2621s
 16372 14072  613.51050  101 1375  573.00000  628.41178  9.67%  1162 2630s
 16450 14175  614.57392  113 1388  573.00000  628.41178  9.67%  1160 2639s
 16579 14211  611.24331  130 1362  573.00000  628.41178  9.67%  1156 2649s
 16686 14236  607.73538  146 1343  573.00000  628.41178  9.67%  1153 2659s
 16747 14303  602.40903  168 1306  573.00000  628.41178  9.67%  1153 2671s
 16834 14405  595.90225  203 1266  573.00000  628.41178  9.67%  1151 2682s
 16969 14423  579.75209  259 1149  573.00000  628.40967  9.67%  1147 2693s
 17054 14422  626.41432   38 1474  573.00000  628.40967  9.67%  1146 2718s
 17082 14466  620.93294   43 1441  573.00000  628.40967  9.67%  1147 2730s
 17135 14518  623.95559   53 1454  573.00000  628.40967  9.67%  1148 2744s
 17205 14555  622.17349   65 1444  573.00000  628.40967  9.67%  1149 2759s
 17265 14647  620.17149   77 1431  573.00000  628.40967  9.67%  1149 2773s
 17377 14792  616.70047   95 1405  573.00000  628.40967  9.67%  1148 2788s
 17559 14845  612.91568  119 1371  573.00000  628.40967  9.67%  1143 2805s
 17701 14909  606.80976  151 1326  573.00000  628.40967  9.67%  1140 2819s
 17812 15015  597.28214  195 1279  573.00000  628.40967  9.67%  1139 2841s
 17955 15045  578.41529  253 1122  573.00000  628.13678  9.62%  1135 2858s
 18061 15088  625.24564   43 1460  573.00000  628.13678  9.62%  1135 2874s
 18139 15160  622.78585   58 1445  573.00000  628.13678  9.62%  1136 2891s
 18237 15193  619.72736   76 1425  573.00000  628.13678  9.62%  1137 2911s
 18303 15366  616.75577   94 1397  573.00000  628.13678  9.62%  1137 2932s
 18498 15534  610.17266  127 1362  573.00000  628.13678  9.62%  1133 2954s
 18774 15742  599.15062  179 1295  573.00000  628.10863  9.62%  1125 2976s
 19096 15984  623.91613   45 1458  573.00000  628.10863  9.62%  1114 2999s
 19474 16246  604.56843  126 1318  573.00000  627.86792  9.58%  1101 3021s
 19882 16334  624.87976   40 1464  573.00000  627.86792  9.58%  1088 3061s
 20106 16661  608.37551  133 1363  573.00000  627.86792  9.58%  1081 3084s
 20529 16810  576.23290  256 1139  573.00000  627.58255  9.53%  1066 3102s
 20837 17260  606.67353  138 1341  573.00000  627.58255  9.53%  1058 3121s
 21409 17300  574.16691  253 1036  573.00000  627.44393  9.50%  1040 3139s
 21663 17710  606.28955  129 1348  573.00000  627.44393  9.50%  1034 3158s
 22175 17814  574.80703  248 1138  573.00000  627.38434  9.49%  1019 3179s
 22491 17966  599.12593  176 1309  573.00000  627.26254  9.47%  1012 3193s
 22785 18067  617.15867   56 1422  573.00000  627.21052  9.46%  1005 3204s
 22984 18209  594.35356  169 1279  573.00000  627.12337  9.45%  1000 3218s
 23222 18318  618.36741   52 1426  573.00000  627.07952  9.44%   994 3229s
 23411 18644  599.81960  146 1315  573.00000  627.07952  9.44%   990 3241s
 23800 18631  575.41667  233 1096  573.00000  627.07903  9.44%   979 3251s
 23967 18718  620.22456   74 1434  573.00000  627.03766  9.43%   976 3260s
 24110 18890  604.61065  152 1344  573.00000  627.03766  9.43%   973 3271s
 24330 18877  577.76260  258 1185  573.00000  626.97792  9.42%   967 3281s
 24432 18902  619.89248   43 1439  573.00000  626.88064  9.40%   966 3293s
 24519 18975  574.78458   64 1194  573.00000  626.78533  9.39%   967 3304s
 24637 19096  595.78269   69 1301  573.00000  626.77447  9.38%   966 3315s
 24834 19195  617.74700   59 1422  573.00000  626.77056  9.38%   962 3326s
 24999 19345  599.03644  152 1307  573.00000  626.75766  9.38%   959 3338s
 25240 19405  622.74452   41 1456  573.00000  626.75766  9.38%   953 3348s
 25396 19590  610.89267  110 1372  573.00000  626.75766  9.38%   950 3360s
 25661 19687     cutoff  263       573.00000  626.73471  9.38%   945 3371s
 25855 19907  611.49733   97 1375  573.00000  626.73471  9.38%   941 3383s
 26179 19914  576.01434  246 1172  573.00000  626.68358  9.37%   934 3393s
 26306 20084  617.39685   75 1419  573.00000  626.68358  9.37%   932 3403s
 26548 20189  595.70607  186 1283  573.00000  626.63123  9.36%   928 3414s
 26776 20157  624.73650   39 1447  573.00000  626.54210  9.34%   924 3423s
 26820 20144  622.37188   50 1438  573.00000  626.54210  9.34%   925 3446s
 26822 20193  618.33201   50 1413  573.00000  626.54210  9.34%   925 3456s
 26872 20241  620.20319   63 1420  573.00000  626.54210  9.34%   926 3466s
 26936 20297  617.23831   79 1402  573.00000  626.54210  9.34%   927 3477s
 27014 20353  614.52519   98 1375  573.00000  626.54210  9.34%   928 3493s
 27096 20458  607.56537  118 1339  573.00000  626.54210  9.34%   929 3505s
 27228 20623  601.77676  148 1316  573.00000  626.54210  9.34%   928 3517s
 27437 20743  593.14000  197 1255  573.00000  626.54209  9.34%   926 3531s
 27684 20879  619.69002   40 1432  573.00000  626.51911  9.34%   922 3542s
 27902 21002  600.86248  137 1310  573.00000  626.51739  9.34%   918 3554s
 28161 21116  622.18973   42 1433  573.00000  626.51005  9.34%   913 3565s
 28361 21225  598.36053  129 1305  573.00000  626.48124  9.33%   910 3576s
 28569 21383  617.40016   55 1420  573.00000  626.38006  9.32%   907 3588s
 28796 21608  599.01124  150 1304  573.00000  626.38006  9.32%   903 3600s

Cutting planes:
  Gomory: 15
  MIR: 2
  Flow cover: 71
  Zero half: 1060
  RLT: 460
  BQP: 97

Explored 29137 nodes (26252511 simplex iterations) in 3600.01 seconds (10636.32 work units)
Thread count was 2 (of 24 available processors)

Solution count 10: 573 572 571 ... 564

Time limit reached
Best objective 5.730000000000e+02, best bound 6.260000000000e+02, gap 9.2496%

User-callback calls 351918, time in user-callback 0.99 sec

Gurobi 11.0.3 (linux64) logging started Sat Mar  7 13:20:15 2026

Set parameter LogFile to value "./log/train/IS_1500_6/IS_25.lp.log"
Set parameter TimeLimit to value 3600
Gurobi Optimizer version 11.0.3 build v11.0.3rc0 (linux64 - "Ubuntu 22.04.5 LTS")

CPU model: AMD Ryzen 9 9900X 12-Core Processor, instruction set [SSE2|AVX|AVX2|AVX512]
Thread count: 12 physical cores, 24 logical processors, using up to 1 threads

Optimize a model with 9191 rows, 1500 columns and 18112 nonzeros
Model fingerprint: 0xd36f5812
Variable types: 0 continuous, 1500 integer (1500 binary)
Coefficient statistics:
  Matrix range     [1e+00, 1e+00]
  Objective range  [1e+00, 1e+00]
  Bounds range     [1e+00, 1e+00]
  RHS range        [1e+00, 1e+00]
Found heuristic solution: objective 341.0000000
Presolve removed 1719 rows and 0 columns
Presolve time: 0.04s
Presolved: 7472 rows, 1500 columns, 16412 nonzeros
Variable types: 0 continuous, 1500 integer (1500 binary)

Root relaxation: objective 6.932500e+02, 2965 iterations, 0.13 seconds (0.15 work units)

    Nodes    |    Current Node    |     Objective Bounds      |     Work
 Expl Unexpl |  Obj  Depth IntInf | Incumbent    BestBd   Gap | It/Node Time

     0     0  693.25000    0 1370  341.00000  693.25000   103%     -    0s
H    0     0                     501.0000000  693.25000  38.4%     -    0s
H    0     0                     506.0000000  693.25000  37.0%     -    0s
     0     0  673.09226    0 1432  506.00000  673.09226  33.0%     -    1s
H    0     0                     509.0000000  673.09226  32.2%     -    1s
H    0     0                     517.0000000  673.09226  30.2%     -    1s
     0     0  673.08663    0 1433  517.00000  673.08663  30.2%     -    1s
     0     0  673.08537    0 1435  517.00000  673.08537  30.2%     -    1s
     0     0  666.21662    0 1478  517.00000  666.21662  28.9%     -    2s
H    0     0                     543.0000000  666.21662  22.7%     -    2s
H    0     0                     545.0000000  666.21662  22.2%     -    2s
     0     0  665.51661    0 1478  545.00000  665.51661  22.1%     -    2s
     0     0  665.18623    0 1482  545.00000  665.18623  22.1%     -    3s
     0     0  665.16387    0 1482  545.00000  665.16387  22.0%     -    3s
     0     0  665.15420    0 1479  545.00000  665.15420  22.0%     -    3s
     0     0  665.14927    0 1484  545.00000  665.14927  22.0%     -    3s
     0     0  659.73825    0 1477  545.00000  659.73825  21.1%     -    3s
     0     0  659.07728    0 1478  545.00000  659.07728  20.9%     -    4s
     0     0  658.94089    0 1481  545.00000  658.94089  20.9%     -    4s
     0     0  658.89122    0 1483  545.00000  658.89122  20.9%     -    4s
     0     0  658.88567    0 1481  545.00000  658.88567  20.9%     -    4s
     0     0  654.55341    0 1482  545.00000  654.55341  20.1%     -    5s
     0     0  653.99504    0 1481  545.00000  653.99504  20.0%     -    6s
     0     0  653.89147    0 1482  545.00000  653.89147  20.0%     -    6s
     0     0  653.86967    0 1482  545.00000  653.86967  20.0%     -    6s
     0     0  653.86778    0 1484  545.00000  653.86778  20.0%     -    6s
     0     0  651.44475    0 1479  545.00000  651.44475  19.5%     -    7s
     0     0  651.03214    0 1483  545.00000  651.03214  19.5%     -    7s
     0     0  650.95743    0 1480  545.00000  650.95743  19.4%     -    7s
     0     0  650.94218    0 1478  545.00000  650.94218  19.4%     -    7s
     0     0  650.93982    0 1479  545.00000  650.93982  19.4%     -    7s
     0     0  649.24485    0 1483  545.00000  649.24485  19.1%     -    8s
H    0     0                     547.0000000  649.24485  18.7%     -    8s
     0     0  648.99118    0 1486  547.00000  648.99118  18.6%     -    8s
     0     0  648.97072    0 1485  547.00000  648.97072  18.6%     -    8s
     0     0  648.96837    0 1486  547.00000  648.96837  18.6%     -    9s
     0     0  647.65792    0 1489  547.00000  647.65792  18.4%     -    9s
     0     0  647.48783    0 1486  547.00000  647.48783  18.4%     -   10s
     0     0  647.45159    0 1487  547.00000  647.45159  18.4%     -   10s
     0     0  647.44399    0 1488  547.00000  647.44399  18.4%     -   10s
     0     0  646.50012    0 1484  547.00000  646.50012  18.2%     -   10s
     0     0  646.33081    0 1486  547.00000  646.33081  18.2%     -   11s
     0     0  646.29205    0 1484  547.00000  646.29205  18.2%     -   11s
     0     0  646.28758    0 1484  547.00000  646.28758  18.2%     -   11s
     0     0  645.28698    0 1485  547.00000  645.28698  18.0%     -   12s
     0     0  645.11089    0 1488  547.00000  645.11089  17.9%     -   12s
     0     0  645.08968    0 1488  547.00000  645.08968  17.9%     -   12s
     0     0  645.08536    0 1487  547.00000  645.08536  17.9%     -   12s
     0     0  644.25882    0 1487  547.00000  644.25882  17.8%     -   13s
     0     0  644.05266    0 1487  547.00000  644.05266  17.7%     -   13s
     0     0  644.02575    0 1487  547.00000  644.02575  17.7%     -   13s
     0     0  644.01435    0 1487  547.00000  644.01435  17.7%     -   13s
     0     0  643.16898    0 1493  547.00000  643.16898  17.6%     -   14s
     0     0  642.97950    0 1491  547.00000  642.97950  17.5%     -   15s
     0     0  642.95251    0 1490  547.00000  642.95251  17.5%     -   15s
     0     0  642.93535    0 1492  547.00000  642.93535  17.5%     -   15s
     0     0  642.42187    0 1486  547.00000  642.42187  17.4%     -   16s
     0     0  642.35254    0 1492  547.00000  642.35254  17.4%     -   16s
     0     0  642.33547    0 1491  547.00000  642.33547  17.4%     -   16s
     0     0  641.67384    0 1491  547.00000  641.67384  17.3%     -   17s
     0     0  641.54313    0 1488  547.00000  641.54313  17.3%     -   17s
     0     0  641.52829    0 1490  547.00000  641.52829  17.3%     -   17s
     0     0  641.09158    0 1486  547.00000  641.09158  17.2%     -   18s
     0     0  641.02338    0 1487  547.00000  641.02338  17.2%     -   18s
     0     0  641.01111    0 1488  547.00000  641.01111  17.2%     -   18s
     0     0  640.72996    0 1488  547.00000  640.72996  17.1%     -   18s
     0     0  640.67008    0 1492  547.00000  640.67008  17.1%     -   19s
     0     0  640.65652    0 1491  547.00000  640.65652  17.1%     -   19s
     0     0  640.27156    0 1490  547.00000  640.27156  17.1%     -   19s
H    0     0                     549.0000000  640.27156  16.6%     -   19s
     0     0  640.19433    0 1489  549.00000  640.19433  16.6%     -   20s
     0     0  640.17732    0 1491  549.00000  640.17732  16.6%     -   20s
     0     0  640.04616    0 1490  549.00000  640.04616  16.6%     -   20s
     0     0  640.04616    0 1490  549.00000  640.04616  16.6%     -   20s
H    0     0                     553.0000000  640.04616  15.7%     -   22s
     0     2  640.04582    0 1489  553.00000  640.04582  15.7%     -   22s
     2     4  635.64086    1 1455  553.00000  639.85760  15.7%  5092   25s
    13    15  628.35036    9 1415  553.00000  639.85760  15.7%  2990   30s
    31    33  607.75794   21 1322  553.00000  639.85760  15.7%  2599   35s
    77    79  577.56706   53 1169  553.00000  639.85760  15.7%  1780   40s
H  131   121                     554.0000000  639.85760  15.5%  1326   43s
   134   126  634.37581    4 1458  554.00000  639.85698  15.5%  1388   45s
   143   135  619.97464   10 1384  554.00000  639.85698  15.5%  1537   51s
   153   145  617.18479   17 1374  554.00000  639.85698  15.5%  1603   55s
H  157   146                     555.0000000  639.85698  15.3%  1581   55s
   176   167  597.19348   35 1253  555.00000  639.85698  15.3%  1641   60s
H  189   173                     560.0000000  639.85698  14.3%  1613   62s
H  216   200                     561.0000000  639.85698  14.1%  1521   64s
   221   207  572.73391   66 1108  561.00000  639.85698  14.1%  1497   65s
H  243   211                     564.0000000  639.85698  13.4%  1398   65s
   253   215  632.75176    7 1449  564.00000  639.78587  13.4%  1435   70s
   264   226  590.49645   13 1268  564.00000  639.78587  13.4%  1512   75s
   300   246  634.09982    3 1456  564.00000  639.53526  13.4%  1455   80s
   303   249  627.61694    5 1424  564.00000  639.53526  13.4%  1481   94s
   305   251  622.43545    6 1393  564.00000  639.53526  13.4%  1498   95s
   322   268  611.16015   18 1329  564.00000  639.53526  13.4%  1531  100s
   346   292  583.15662   36 1222  564.00000  639.53526  13.4%  1545  105s
   389   325  632.79124    7 1448  564.00000  639.53467  13.4%  1488  111s
   399   335  622.29133   15 1403  564.00000  639.53467  13.4%  1512  115s
H  409   341                     565.0000000  639.53467  13.2%  1529  118s
   418   352  577.00751   27 1221  565.00000  639.53467  13.2%  1529  120s
H  437   353                     567.0000000  639.53467  12.8%  1499  121s
   462   362  634.34607    7 1454  567.00000  639.36215  12.8%  1455  125s
H  464   350                     568.0000000  639.36215  12.6%  1452  126s
   470   358  614.45993   11 1360  568.00000  639.36215  12.6%  1501  130s
   492   380  595.70640   26 1259  568.00000  639.36215  12.6%  1508  135s
H  518   392                     569.0000000  639.36215  12.4%  1485  137s
   554   410  632.02776    6 1448  569.00000  639.19764  12.3%  1426  141s
   562   418  617.40306   11 1379  569.00000  639.19764  12.3%  1450  145s
   567   422  573.65192   17 1490  569.00000  639.19764  12.3%  1449  161s
   570   424  581.34205   47 1484  569.00000  639.19764  12.3%  1441  171s
   577   429  604.05286   24 1489  569.00000  639.19764  12.3%  1424  183s
   578   429  594.28212   25 1490  569.00000  639.19764  12.3%  1421  191s
   581   431  627.44156    9 1491  569.00000  639.19764  12.3%  1414  201s
   582   432  581.52845   43 1490  569.00000  639.19764  12.3%  1412  211s
   584   433  622.43306    7 1489  569.00000  639.19764  12.3%  1407  222s
   585   434  595.74345   27 1490  569.00000  639.19764  12.3%  1404  231s
   587   435  628.34863   10 1491  569.00000  639.19764  12.3%  1400  241s
   588   436  594.15201   35 1490  569.00000  639.19764  12.3%  1397  251s
   589   437  570.71175   62 1491  569.00000  639.19764  12.3%  1395  261s
   590   437  595.03169   21 1490  569.00000  639.19764  12.3%  1392  271s
   591   438  573.88486   18 1492  569.00000  639.19764  12.3%  1390  281s
   592   439  628.05614   11 1488  569.00000  639.19764  12.3%  1388  291s
   597   442  622.18976   17 1490  569.00000  639.19764  12.3%  1376  295s
   600   446  637.66007   15 1467  569.00000  639.19764  12.3%  1467  301s
   605   449  638.32834   18 1481  569.00000  638.89111  12.3%  1479  305s
   614   455  635.66985   22 1464  569.00000  638.77071  12.3%  1496  310s
   622   461  636.34779   26 1478  569.00000  638.77071  12.3%  1508  315s
   632   467  634.21246   31 1465  569.00000  638.77071  12.3%  1522  320s
   638   471  631.34117   34 1447  569.00000  638.77071  12.3%  1539  325s
   648   478  614.38944   39 1374  569.00000  638.77071  12.3%  1564  331s
   656   483  631.13472   43 1441  569.00000  638.77071  12.3%  1576  335s
   661   487  631.86800   46 1448  569.00000  638.77071  12.3%  1588  340s
   670   493  605.85617   50 1335  569.00000  638.77071  12.3%  1607  346s
   676   497  627.90606   53 1419  569.00000  638.77071  12.3%  1625  350s
   681   500  629.49365   56 1433  569.00000  638.77071  12.3%  1640  355s
   691   507  626.74802   61 1421  569.00000  638.77071  12.3%  1650  360s
   704   515  624.16177   67 1411  569.00000  638.77071  12.3%  1658  365s
   707   517  625.92400   69 1420  569.00000  638.77071  12.3%  1663  375s
   719   525  623.78503   75 1413  569.00000  638.77071  12.3%  1673  380s
   728   531  622.05359   79 1400  569.00000  638.77071  12.3%  1688  385s
   741   540  621.49521   86 1391  569.00000  638.77071  12.3%  1699  390s
   756   550  617.76671   93 1371  569.00000  638.77071  12.3%  1707  395s
   773   561  616.21136  102 1370  569.00000  638.77071  12.3%  1710  400s
   790   573  610.37650  110 1345  569.00000  638.77071  12.3%  1713  405s
   806   583  608.14875  118 1335  569.00000  638.77071  12.3%  1722  410s
   824   595  608.10625  127 1331  569.00000  638.77071  12.3%  1724  415s
   846   610  600.90691  138 1305  569.00000  638.77071  12.3%  1725  420s
   866   623  599.23870  148 1297  569.00000  638.77071  12.3%  1732  425s
   886   637  593.53232  158 1271  569.00000  638.77071  12.3%  1740  430s
   906   650  589.36610  168 1265  569.00000  638.77071  12.3%  1745  435s
   928   665  588.13463  179 1247  569.00000  638.77071  12.3%  1749  440s
   952   681  589.94075  191 1246  569.00000  638.77071  12.3%  1752  445s
   976   697  581.18148  203 1196  569.00000  638.77071  12.3%  1759  450s
  1008   718  582.64485  219 1203  569.00000  638.77071  12.3%  1753  455s
  1052   747  580.18285  241 1165  569.00000  638.77071  12.3%  1731  460s
  1156   800  570.33333  289 1017  569.00000  638.77071  12.3%  1633  465s
  1166   798  630.42564   19 1434  569.00000  638.76987  12.3%  1641  470s
  1172   802  631.92353   22 1435  569.00000  638.76987  12.3%  1655  476s
  1178   806  631.97714   25 1431  569.00000  638.76987  12.3%  1667  480s
  1184   810  629.45469   28 1424  569.00000  638.76987  12.3%  1678  485s
  1192   816  630.01776   32 1430  569.00000  638.76987  12.3%  1693  491s
  1198   820  629.42484   35 1418  569.00000  638.76987  12.3%  1703  495s
  1206   825  630.57266   39 1423  569.00000  638.76987  12.3%  1717  500s
  1213   830  631.91238   43 1435  569.00000  638.76987  12.3%  1725  505s
  1220   834  623.19658   46 1398  569.00000  638.76987  12.3%  1738  510s
  1228   840  619.15889   50 1372  569.00000  638.76987  12.3%  1754  515s
  1236   845  626.28966   54 1404  569.00000  638.76987  12.3%  1766  520s
  1246   852  625.69134   59 1401  569.00000  638.76987  12.3%  1777  525s
  1254   857  623.54133   63 1385  569.00000  638.76987  12.3%  1789  530s
  1263   863  627.37739   68 1407  569.00000  638.76987  12.3%  1800  535s
  1271   868  624.40731   72 1387  569.00000  638.76987  12.3%  1813  540s
  1282   876  620.18154   77 1373  569.00000  638.76987  12.3%  1821  545s
  1292   882  618.46659   82 1350  569.00000  638.76987  12.3%  1833  550s
  1302   889  622.35891   87 1379  569.00000  638.76987  12.3%  1842  555s
  1312   896  619.78668   92 1354  569.00000  638.76987  12.3%  1852  560s
  1324   904  614.25989   98 1320  569.00000  638.76987  12.3%  1862  565s
H 1327   873                     571.0000000  638.76987  11.9%  1861  566s
  1338   882  618.50009  105 1347  571.00000  638.76987  11.9%  1866  570s
  1354   893  616.23737  113 1350  571.00000  638.76987  11.9%  1872  575s
  1370   903  613.31711  121 1328  571.00000  638.76987  11.9%  1877  580s
  1387   915  616.48163  130 1347  571.00000  638.76987  11.9%  1880  585s
  1406   927  608.55479  139 1310  571.00000  638.76987  11.9%  1883  590s
  1424   939  609.30757  148 1292  571.00000  638.76987  11.9%  1887  595s
  1448   955  606.25136  160 1296  571.00000  638.76987  11.9%  1886  600s
H 1462   929                     572.0000000  638.76987  11.7%  1880  602s
  1480   943  604.81735  176 1269  572.00000  638.76987  11.7%  1877  605s
  1526   973  599.16732  199 1247  572.00000  638.76987  11.7%  1854  610s
H 1586   983                     573.0000000  638.76987  11.5%  1808  613s
  1614  1004  584.60354  243 1140  573.00000  638.76987  11.5%  1789  615s
  1714  1049  632.44033   18 1447  573.00000  638.32834  11.4%  1708  620s
  1719  1052  637.83987   21 1476  573.00000  638.32834  11.4%  1715  625s
  1724  1055  634.17376   23 1449  573.00000  638.32834  11.4%  1725  630s
  1730  1059  632.88991   26 1444  573.00000  638.32834  11.4%  1735  636s
  1734  1063  631.12592   28 1437  573.00000  638.32834  11.4%  1743  640s
  1740  1069  630.43046   31 1429  573.00000  638.32834  11.4%  1754  646s
  1746  1075  632.38025   34 1441  573.00000  638.32834  11.4%  1761  650s
  1752  1081  627.24256   37 1425  573.00000  638.32834  11.4%  1770  656s
  1756  1085  628.33640   39 1417  573.00000  638.32834  11.4%  1776  660s
  1762  1091  628.99564   42 1416  573.00000  638.32834  11.4%  1784  666s
  1768  1097  628.40127   45 1412  573.00000  638.32834  11.4%  1793  671s
  1774  1103  626.55719   48 1403  573.00000  638.32834  11.4%  1800  675s
  1780  1109  630.08244   51 1425  573.00000  638.32834  11.4%  1807  680s
  1788  1117  626.77602   55 1422  573.00000  638.32834  11.4%  1816  685s
  1795  1124  630.85669   59 1432  573.00000  638.32834  11.4%  1824  690s
  1802  1131  626.06400   62 1406  573.00000  638.32834  11.4%  1834  695s
  1808  1137  623.75809   65 1400  573.00000  638.32834  11.4%  1841  700s
  1817  1146  629.07082   70 1423  573.00000  638.32834  11.4%  1848  705s
  1826  1155  625.93436   74 1398  573.00000  638.32834  11.4%  1857  710s
  1836  1165  623.35121   79 1385  573.00000  638.32834  11.4%  1864  715s
  1846  1175  620.67932   84 1374  573.00000  638.32834  11.4%  1872  720s
  1857  1186  625.22357   90 1400  573.00000  638.32834  11.4%  1879  725s
  1868  1197  620.78970   95 1374  573.00000  638.32834  11.4%  1885  730s
  1880  1209  618.90004  101 1369  573.00000  638.32834  11.4%  1891  735s
  1894  1223  614.95328  108 1354  573.00000  638.32834  11.4%  1895  740s
  1906  1235  617.02970  114 1359  573.00000  638.32834  11.4%  1902  745s
  1920  1249  616.41670  121 1354  573.00000  638.32834  11.4%  1908  750s
  1934  1263  614.37529  128 1335  573.00000  638.32834  11.4%  1913  755s
  1950  1279  614.15182  136 1323  573.00000  638.32834  11.4%  1916  760s
  1970  1299  610.20953  146 1304  573.00000  638.32834  11.4%  1916  765s
  1990  1319  610.63618  156 1300  573.00000  638.32834  11.4%  1916  770s
  2004  1333  610.12158  163 1310  573.00000  638.32834  11.4%  1913  777s
  2022  1351  606.26774  172 1297  573.00000  638.32834  11.4%  1911  780s
  2038  1367  605.10867  180 1270  573.00000  638.32834  11.4%  1907  785s
  2058  1387  604.42291  190 1280  573.00000  638.32834  11.4%  1901  790s
  2083  1412  602.67590  203 1269  573.00000  638.32834  11.4%  1894  795s
  2110  1439  598.04968  216 1251  573.00000  638.32834  11.4%  1883  802s
  2132  1461  593.53213  227 1230  573.00000  638.32834  11.4%  1871  805s
  2161  1490  589.91091  242 1209  573.00000  638.32834  11.4%  1858  810s
  2204  1533  581.85570  263 1112  573.00000  638.32834  11.4%  1832  815s
  2236  1565  576.49092  279 1096  573.00000  638.32834  11.4%  1811  823s
  2262  1584  574.00000  292  983  573.00000  638.32834  11.4%  1793  842s
  2272  1583  637.76139   21 1479  573.00000  638.32609  11.4%  1790  845s
  2277  1588  633.49697   23 1452  573.00000  638.32609  11.4%  1798  851s
  2281  1592  629.50878   25 1431  573.00000  638.32609  11.4%  1803  855s
  2287  1598  633.24930   28 1438  573.00000  638.32609  11.4%  1810  860s
  2293  1604  630.22220   31 1429  573.00000  638.32609  11.4%  1816  866s
  2299  1610  631.76025   34 1437  573.00000  638.32609  11.4%  1822  871s
  2304  1615  634.93723   37 1460  573.00000  638.32609  11.4%  1825  875s
  2311  1622  630.67200   40 1430  573.00000  638.32609  11.4%  1833  880s
  2317  1628  628.26477   43 1423  573.00000  638.32609  11.4%  1840  885s
  2323  1634  626.72608   46 1409  573.00000  638.32609  11.4%  1846  890s
  2329  1640  627.39322   49 1417  573.00000  638.32609  11.4%  1852  895s
  2336  1647  632.07592   53 1438  573.00000  638.32609  11.4%  1856  900s
  2343  1654  622.82358   56 1404  573.00000  638.32609  11.4%  1862  905s
  2351  1662  627.42240   60 1416  573.00000  638.32609  11.4%  1867  910s
  2357  1668  625.29653   63 1401  573.00000  638.32609  11.4%  1872  915s
  2367  1678  626.15979   68 1401  573.00000  638.32609  11.4%  1879  920s
  2377  1688  624.97591   73 1392  573.00000  638.32609  11.4%  1885  925s
  2380  1691  627.97929   75 1411  573.00000  638.32609  11.4%  1885  930s
  2390  1701  626.92181   80 1405  573.00000  638.32609  11.4%  1891  935s
  2401  1712  622.59073   85 1390  573.00000  638.32609  11.4%  1897  940s
  2407  1718  620.87788   88 1377  573.00000  638.32609  11.4%  1900  945s
  2419  1730  621.39151   94 1368  573.00000  638.32609  11.4%  1906  950s
  2431  1742  616.47316  100 1350  573.00000  638.32609  11.4%  1912  955s
  2441  1752  618.88621  105 1360  573.00000  638.32609  11.4%  1917  960s
  2457  1768  618.61616  113 1358  573.00000  638.32609  11.4%  1921  965s
  2461  1772  618.95487  115 1359  573.00000  638.32609  11.4%  1921  972s
  2469  1780  617.35390  119 1351  573.00000  638.32609  11.4%  1922  975s
  2487  1798  613.96883  128 1339  573.00000  638.32609  11.4%  1925  980s
  2488  1799  618.00302  129 1353  573.00000  638.32609  11.4%  1924  991s
  2497  1808  615.14469  133 1339  573.00000  638.32609  11.4%  1927  995s
  2523  1834  612.24005  146 1315  573.00000  638.32609  11.4%  1927 1000s
  2535  1846  610.82350  152 1313  573.00000  638.32609  11.4%  1927 1006s
  2553  1864  607.22943  161 1291  573.00000  638.32609  11.4%  1926 1010s
  2585  1896  606.45032  177 1294  573.00000  638.32609  11.4%  1921 1015s
  2621  1932  601.16871  195 1256  573.00000  638.32609  11.4%  1912 1020s
  2675  1986  595.81045  222 1226  573.00000  638.32609  11.4%  1894 1025s
  2804  2115  574.00000  287  876  573.00000  638.32609  11.4%  1831 1030s
  2830  2112  636.64979   22 1463  573.00000  637.88416  11.3%  1823 1035s
  2835  2117  630.84241   24 1434  573.00000  637.88416  11.3%  1829 1040s
  2843  2125  631.93098   28 1437  573.00000  637.88416  11.3%  1835 1045s
  2849  2131  630.32000   31 1434  573.00000  637.88416  11.3%  1839 1050s
  2857  2139  631.85262   35 1435  573.00000  637.88416  11.3%  1845 1055s
  2863  2145  627.66500   38 1412  573.00000  637.88416  11.3%  1850 1060s
  2869  2151  626.11857   41 1407  573.00000  637.88416  11.3%  1854 1065s
  2877  2159  627.81016   45 1413  573.00000  637.88416  11.3%  1860 1070s
  2885  2167  625.21808   49 1397  573.00000  637.88416  11.3%  1865 1076s
  2892  2174  631.24565   53 1433  573.00000  637.88416  11.3%  1868 1080s
  2895  2177  626.71222   54 1407  573.00000  637.88416  11.3%  1871 1085s
  2903  2185  626.67396   58 1411  573.00000  637.88416  11.3%  1876 1090s
  2913  2195  624.79170   63 1403  573.00000  637.88416  11.3%  1880 1095s
  2921  2203  623.67036   67 1392  573.00000  637.88416  11.3%  1884 1100s
  2931  2213  623.08768   72 1390  573.00000  637.88416  11.3%  1889 1105s
  2941  2223  619.81356   77 1369  573.00000  637.88416  11.3%  1893 1110s
  2951  2233  620.71052   82 1381  573.00000  637.88416  11.3%  1898 1115s
  2963  2245  618.11532   88 1363  573.00000  637.88416  11.3%  1902 1120s
  2975  2257  619.89389   94 1359  573.00000  637.88416  11.3%  1906 1125s
  2988  2270  621.93777  101 1370  573.00000  637.88416  11.3%  1908 1137s
  2995  2277  609.00003  104 1320  573.00000  637.88416  11.3%  1911 1140s
  3006  2288  620.29146  110 1362  573.00000  637.88416  11.3%  1912 1147s
  3013  2295  612.88253  113 1325  573.00000  637.88416  11.3%  1913 1150s
  3031  2313  611.89255  122 1329  573.00000  637.88416  11.3%  1916 1155s
  3051  2333  613.53526  132 1326  573.00000  637.88416  11.3%  1917 1160s
  3071  2353  606.94445  142 1301  573.00000  637.88416  11.3%  1918 1165s
  3095  2377  608.19314  154 1298  573.00000  637.88416  11.3%  1917 1170s
  3129  2411  606.23617  171 1284  573.00000  637.88416  11.3%  1913 1175s
  3175  2457  599.55914  194 1240  573.00000  637.88416  11.3%  1903 1180s
  3251  2533  589.69471  232 1204  573.00000  637.88416  11.3%  1878 1185s
  3371  2629  636.15833   22 1467  573.00000  637.88383  11.3%  1826 1190s
  3376  2634  631.13324   24 1439  573.00000  637.88383  11.3%  1831 1195s
  3382  2640  631.69713   27 1435  573.00000  637.88383  11.3%  1836 1200s
  3387  2645  634.43801   30 1455  573.00000  637.88383  11.3%  1838 1214s
  3388  2646  629.99566   30 1432  573.00000  637.88383  11.3%  1840 1216s
  3395  2653  633.44451   34 1451  573.00000  637.88383  11.3%  1843 1220s
  3402  2660  627.09745   37 1416  573.00000  637.88383  11.3%  1849 1226s
  3408  2666  627.74388   40 1424  573.00000  637.88383  11.3%  1853 1230s
  3416  2674  628.27818   44 1420  573.00000  637.88383  11.3%  1856 1235s
  3424  2682  626.00850   48 1408  573.00000  637.88383  11.3%  1860 1240s
  3433  2691  629.94973   53 1429  573.00000  637.88383  11.3%  1864 1246s
  3438  2696  622.91040   55 1395  573.00000  637.88383  11.3%  1868 1250s
  3446  2704  622.64073   59 1392  573.00000  637.88383  11.3%  1871 1255s
  3454  2712  624.96061   63 1399  573.00000  637.88383  11.3%  1875 1260s
  3462  2720  624.99981   67 1399  573.00000  637.88383  11.3%  1879 1265s
  3472  2730  621.31474   72 1385  573.00000  637.88383  11.3%  1883 1270s
  3480  2738  620.56528   76 1377  573.00000  637.88383  11.3%  1887 1275s
  3490  2748  619.42887   81 1371  573.00000  637.88383  11.3%  1890 1280s
  3496  2754  622.14110   84 1371  573.00000  637.88383  11.3%  1892 1285s
  3508  2766  620.50470   90 1368  573.00000  637.88383  11.3%  1895 1290s
  3519  2777  622.70849   96 1383  573.00000  637.88383  11.3%  1898 1295s
  3530  2788  616.85656  101 1354  573.00000  637.88383  11.3%  1902 1300s
  3546  2804  616.41315  109 1358  573.00000  637.88383  11.3%  1905 1305s
  3562  2820  615.38871  117 1343  573.00000  637.88383  11.3%  1907 1310s
  3578  2836  612.95861  125 1324  573.00000  637.88383  11.3%  1908 1315s
  3600  2858  612.44098  136 1314  573.00000  637.88383  11.3%  1909 1320s
  3614  2872  610.52987  143 1312  573.00000  637.88383  11.3%  1910 1336s
  3628  2886  605.32675  150 1284  573.00000  637.88383  11.3%  1910 1340s
  3658  2916  607.00904  165 1301  573.00000  637.88383  11.3%  1908 1345s
  3696  2954  601.41578  184 1274  573.00000  637.88383  11.3%  1902 1350s
  3752  3010  593.89377  212 1235  573.00000  637.88383  11.3%  1890 1355s
  3844  3098  580.26721  258 1125  573.00000  637.88383  11.3%  1861 1360s
  3921  3129  631.40539   23 1440  573.00000  637.63770  11.3%  1833 1365s
  3925  3133  632.63474   25 1444  573.00000  637.63770  11.3%  1836 1370s
  3931  3139  628.55326   28 1427  573.00000  637.63770  11.3%  1841 1376s
  3935  3143  631.12164   30 1434  573.00000  637.63770  11.3%  1843 1380s
  3941  3149  629.80211   33 1431  573.00000  637.63770  11.3%  1847 1385s
  3947  3155  631.60149   36 1439  573.00000  637.63770  11.3%  1851 1391s
  3953  3161  628.34458   39 1411  573.00000  637.63770  11.3%  1854 1396s
  3958  3166  633.38264   42 1449  573.00000  637.63770  11.3%  1857 1400s
  3965  3173  627.73826   45 1422  573.00000  637.63770  11.3%  1861 1405s
  3971  3179  628.13239   48 1420  573.00000  637.63770  11.3%  1864 1410s
  3979  3187  626.89948   52 1415  573.00000  637.63770  11.3%  1868 1415s
  3987  3195  626.17090   56 1406  573.00000  637.63770  11.3%  1871 1420s
  3993  3201  623.55785   59 1401  573.00000  637.63770  11.3%  1873 1425s
  3999  3207  626.17958   62 1408  573.00000  637.63770  11.3%  1876 1430s
  4007  3215  623.88699   66 1398  573.00000  637.63770  11.3%  1879 1435s
  4008  3216  628.34005   67 1425  573.00000  637.63770  11.3%  1879 1444s
  4009  3217  623.38247   67 1398  573.00000  637.63770  11.3%  1880 1445s
  4017  3225  621.91702   71 1385  573.00000  637.63770  11.3%  1884 1450s
  4027  3235  621.83644   76 1387  573.00000  637.63770  11.3%  1888 1455s
  4037  3245  614.87497   81 1354  573.00000  637.63770  11.3%  1892 1461s
  4046  3254  626.01271   86 1402  573.00000  637.63770  11.3%  1894 1465s
  4057  3265  619.77205   91 1369  573.00000  637.63770  11.3%  1898 1470s
  4067  3275  618.14518   96 1363  573.00000  637.63770  11.3%  1900 1475s
  4079  3287  620.52315  102 1363  573.00000  637.63770  11.3%  1903 1480s
  4093  3301  617.77167  109 1355  573.00000  637.63770  11.3%  1906 1485s
  4109  3317  612.11864  117 1334  573.00000  637.63770  11.3%  1909 1490s
  4123  3331  614.42947  124 1339  573.00000  637.63770  11.3%  1911 1495s
  4141  3349  613.02395  133 1333  573.00000  637.63770  11.3%  1912 1500s
  4161  3369  610.23422  143 1316  573.00000  637.63770  11.3%  1914 1505s
  4185  3393  610.18838  155 1315  573.00000  637.63770  11.3%  1913 1510s
  4217  3425  602.72259  171 1273  573.00000  637.63770  11.3%  1911 1523s
  4231  3439  603.02528  178 1288  573.00000  637.63770  11.3%  1909 1525s
  4266  3474  600.68632  196 1271  573.00000  637.63770  11.3%  1905 1530s
  4318  3526  592.33459  222 1222  573.00000  637.63770  11.3%  1894 1535s
  4473  3635  637.04954   19 1474  573.00000  637.63700  11.3%  1843 1540s
  4478  3640  630.56651   21 1441  573.00000  637.63700  11.3%  1846 1545s
  4484  3646  629.06856   24 1428  573.00000  637.63700  11.3%  1850 1551s
  4488  3650  632.19000   26 1438  573.00000  637.63700  11.3%  1852 1555s
  4494  3656  628.35006   29 1429  573.00000  637.63700  11.3%  1855 1560s
  4500  3662  627.04772   32 1422  573.00000  637.63700  11.3%  1858 1566s
  4504  3666  631.00877   34 1435  573.00000  637.63700  11.3%  1860 1570s
  4510  3672  628.75182   37 1428  573.00000  637.63700  11.3%  1864 1575s
  4516  3678  628.59711   40 1434  573.00000  637.63700  11.3%  1867 1580s
  4522  3684  629.37682   43 1428  573.00000  637.63700  11.3%  1869 1585s
  4530  3692  626.24184   47 1409  573.00000  637.63700  11.3%  1872 1590s
  4538  3700  624.77535   51 1406  573.00000  637.63700  11.3%  1876 1595s
  4540  3702  624.73754   52 1403  573.00000  637.63700  11.3%  1877 1600s
  4548  3710  626.89696   56 1404  573.00000  637.63700  11.3%  1880 1605s
  4556  3718  624.29740   60 1396  573.00000  637.63700  11.3%  1883 1610s
  4565  3727  628.68164   65 1422  573.00000  637.63700  11.3%  1886 1615s
  4574  3736  623.91277   69 1391  573.00000  637.63700  11.3%  1890 1620s
  4582  3744  623.48203   73 1394  573.00000  637.63700  11.3%  1893 1625s
  4592  3754  615.12825   78 1352  573.00000  637.63700  11.3%  1896 1631s
  4600  3762  623.31705   82 1390  573.00000  637.63700  11.3%  1898 1635s
  4614  3776  621.02578   89 1382  573.00000  637.63700  11.3%  1901 1640s
  4624  3786  615.99524   94 1357  573.00000  637.63700  11.3%  1903 1645s
  4627  3789  622.77659   96 1387  573.00000  637.63700  11.3%  1904 1650s
  4640  3802  617.11055  102 1356  573.00000  637.63700  11.3%  1907 1655s
  4654  3816  617.51740  109 1361  573.00000  637.63700  11.3%  1909 1660s
  4670  3832  614.14572  117 1340  573.00000  637.63700  11.3%  1911 1665s
  4688  3850  612.12580  126 1334  573.00000  637.63700  11.3%  1913 1670s
  4708  3870  612.13007  136 1321  573.00000  637.63700  11.3%  1915 1675s
  4728  3890  610.71820  146 1304  573.00000  637.63700  11.3%  1915 1680s
  4740  3902  609.24169  152 1304  573.00000  637.63700  11.3%  1915 1685s
  4768  3930  608.08635  166 1303  573.00000  637.63700  11.3%  1913 1690s
  4806  3968  602.63693  185 1271  573.00000  637.63700  11.3%  1908 1695s
  4850  4012  596.51704  207 1232  573.00000  637.63700  11.3%  1901 1712s
  4898  4060  588.41341  231 1199  573.00000  637.63700  11.3%  1889 1715s
  5019  4157  635.87358   20 1461  573.00000  637.58497  11.3%  1854 1720s
  5042  4180  631.41447   43 1437  573.00000  637.58497  11.3%  1851 1725s
  5079  4217  625.36969   80 1394  573.00000  637.58497  11.3%  1844 1730s
  5103  4241  619.06152   96 1362  573.00000  637.58497  11.3%  1844 1735s
  5129  4267  616.60347  117 1357  573.00000  637.58497  11.3%  1842 1740s
  5163  4301  610.39762  142 1318  573.00000  637.58497  11.3%  1839 1745s
  5211  4349  601.16096  171 1272  573.00000  637.58497  11.3%  1832 1750s
  5274  4412  596.24948  191 1227  573.00000  637.58497  11.3%  1822 1755s
  5372  4510  590.11582  219 1195  573.00000  637.58497  11.3%  1802 1760s
  5526  4664  580.03352  248 1126  573.00000  637.58497  11.3%  1766 1765s
  5638  4770  575.28179  266 1086  573.00000  637.58497  11.3%  1737 1771s
  5694  4788  634.65564   26 1457  573.00000  637.57386  11.3%  1724 1775s
  5721  4815  629.93235   53 1429  573.00000  637.57386  11.3%  1722 1780s
  5764  4858  622.10191   96 1379  573.00000  637.57386  11.3%  1716 1785s
  5786  4880  618.33655  111 1365  573.00000  637.57386  11.3%  1716 1790s
  5823  4917  612.62280  142 1331  573.00000  637.57386  11.3%  1712 1795s
  5859  4953  606.22523  159 1290  573.00000  637.57386  11.3%  1710 1800s
  5913  5007  599.86674  190 1256  573.00000  637.57386  11.3%  1705 1805s
  5995  5089  590.83745  224 1203  573.00000  637.57386  11.3%  1691 1810s
  6113  5207  582.74787  246 1149  573.00000  637.57386  11.3%  1668 1815s
  6309  5403  575.43011  274 1054  573.00000  637.57386  11.3%  1627 1820s
  6384  5446  633.86638   36 1458  573.00000  637.57261  11.3%  1614 1825s
  6416  5478  628.24232   68 1418  573.00000  637.57261  11.3%  1611 1830s
  6454  5516  621.10474  105 1382  573.00000  637.57261  11.3%  1607 1835s
  6502  5564  612.74475  148 1328  573.00000  637.57261  11.3%  1602 1840s
  6543  5605  606.65887  173 1302  573.00000  637.57261  11.3%  1600 1845s
  6593  5655  599.78369  198 1271  573.00000  637.57261  11.3%  1596 1850s
  6687  5749  590.43315  225 1215  573.00000  637.57261  11.3%  1583 1855s
  6845  5907  578.58630  263 1149  573.00000  637.57261  11.3%  1557 1860s
  6967  6010  635.16011   27 1456  573.00000  637.56770  11.3%  1537 1865s
  6982  6025  631.87971   42 1443  573.00000  637.56770  11.3%  1536 1870s
  7011  6054  626.57617   71 1408  573.00000  637.56770  11.3%  1534 1875s
  7014  6057  625.94442   74 1400  573.00000  637.56770  11.3%  1534 1883s
  7017  6060  625.57187   77 1406  573.00000  637.56770  11.3%  1534 1885s
  7055  6098  618.82042  112 1364  573.00000  637.56770  11.3%  1532 1890s
  7072  6115  614.12219  122 1335  573.00000  637.56770  11.3%  1532 1895s
  7096  6139  609.38539  140 1309  573.00000  637.56770  11.3%  1531 1900s
  7143  6186  604.27715  169 1281  573.00000  637.56770  11.3%  1529 1905s
  7223  6266  593.13590  204 1190  573.00000  637.56770  11.3%  1522 1910s
  7435  6478  577.80000  256  984  573.00000  637.56770  11.3%  1489 1915s
  7548  6560  633.26564   28 1447  573.00000  637.20830  11.2%  1472 1920s
  7582  6594  626.92970   62 1409  573.00000  637.20830  11.2%  1470 1925s
  7597  6609  624.79493   77 1394  573.00000  637.20830  11.2%  1469 1932s
  7612  6624  621.23855   90 1374  573.00000  637.20830  11.2%  1469 1935s
  7654  6666  613.62653  127 1333  573.00000  637.20830  11.2%  1467 1940s
  7706  6718  605.73033  160 1289  573.00000  637.20830  11.2%  1464 1945s
  7769  6781  596.15547  194 1246  573.00000  637.20830  11.2%  1460 1950s
  7865  6877  586.77739  218 1218  573.00000  637.20830  11.2%  1451 1955s
  7914  6926  583.48265  233 1194  573.00000  637.20830  11.2%  1445 1960s
  8100  7091  636.25226   25 1473  573.00000  637.20503  11.2%  1421 1965s
  8123  7114  631.64733   48 1447  573.00000  637.20503  11.2%  1420 1970s
  8156  7147  626.29899   81 1410  573.00000  637.20503  11.2%  1418 1975s
  8184  7175  620.79882  106 1380  573.00000  637.20503  11.2%  1418 1980s
  8223  7214  613.83850  140 1342  573.00000  637.20503  11.2%  1417 1985s
  8290  7281  603.30245  186 1290  573.00000  637.20503  11.2%  1414 1990s
  8366  7357  591.42437  211 1217  573.00000  637.20503  11.2%  1409 1995s
  8508  7499  582.47041  251 1171  573.00000  637.20503  11.2%  1395 2000s
  8725  7685  633.33702   34 1450  573.00000  637.16107  11.2%  1369 2005s
  8768  7728  625.16227   77 1408  573.00000  637.16107  11.2%  1367 2010s
  8799  7759  619.28591  105 1372  573.00000  637.16107  11.2%  1367 2016s
  8849  7809  610.16936  151 1306  573.00000  637.16107  11.2%  1364 2020s
  8900  7860  602.70487  173 1270  573.00000  637.16107  11.2%  1364 2025s
  8982  7942  594.75986  205 1238  573.00000  637.16107  11.2%  1360 2030s
  9129  8089  581.71049  254 1107  573.00000  637.16107  11.2%  1347 2035s
  9322  8245  634.48231   31 1467  573.00000  637.15960  11.2%  1326 2040s
  9353  8276  629.34843   62 1426  573.00000  637.15960  11.2%  1325 2045s
  9382  8305  624.06467   91 1390  573.00000  637.15960  11.2%  1324 2050s
  9420  8343  615.57650  123 1330  573.00000  637.15960  11.2%  1323 2055s
  9465  8388  608.85716  161 1312  573.00000  637.15960  11.2%  1322 2060s
  9521  8444  601.37352  188 1270  573.00000  637.15960  11.2%  1321 2065s
  9613  8536  592.12379  225 1230  573.00000  637.15960  11.2%  1317 2070s
  9653  8576  589.57890  234 1219  573.00000  637.15960  11.2%  1314 2078s
  9697  8620  586.22207  244 1210  573.00000  637.15960  11.2%  1311 2080s
  9854  8777  578.43162  265 1154  573.00000  637.15960  11.2%  1298 2085s
  9971  8858  633.55035   24 1455  573.00000  636.88652  11.1%  1288 2097s
  9977  8864  626.24834   30 1412  573.00000  636.88652  11.1%  1288 2101s
 10004  8891  608.58045   57 1329  573.00000  636.88652  11.1%  1288 2105s
 10035  8922  580.26562   88 1183  573.00000  636.88652  11.1%  1287 2110s
 10090  8961  624.76254   39 1407  573.00000  636.72100  11.1%  1285 2115s
 10150  9021  612.82412   99 1346  573.00000  636.72100  11.1%  1282 2120s
 10203  9073  584.75532  234 1490  573.00000  636.72100  11.1%  1278 2962s
 10206  9075  582.52778  251 1481  573.00000  636.72100  11.1%  1278 2972s
 10207  9076  630.77505   54 1491  573.00000  634.81276  10.8%  1278 2976s
 10214  9080  585.36974  246 1493  573.00000  633.13718  10.5%  1277 2999s
 10215  9081  610.66490  144 1492  573.00000  633.06859  10.5%  1277 3016s
 10218  9083  607.70820  128 1493  573.00000  633.04200  10.5%  1276 3035s
 10219  9084  583.19076  253 1492  573.00000  632.64555  10.4%  1276 3053s
 10222  9086  575.12500  275 1494  573.00000  632.49426  10.4%  1276 3076s
 10223  9086  588.84922  228 1494  573.00000  632.16814  10.3%  1276 3095s
 10227  9089  628.97514   51 1494  573.00000  632.06712  10.3%  1275 3115s
 10228  9090  619.11960  107 1492  573.00000  631.93476  10.3%  1275 3134s
 10232  9092  624.55106   84 1494  573.00000  631.84436  10.3%  1275 3153s
 10233  9093  592.80124  215 1493  573.00000  631.71243  10.2%  1275 3174s
 10237  9096  580.28138  263 1494  573.00000  631.65228  10.2%  1274 3194s
 10238  9096  576.69767  271 1493  573.00000  631.59513  10.2%  1274 3212s
 10242  9099  586.74032  227 1494  573.00000  631.53460  10.2%  1273 3232s
 10243  9100  627.65309   58 1492  573.00000  631.45698  10.2%  1273 3252s
 10246  9102  617.86692  103 1492  573.00000  631.43028  10.2%  1273 3272s
 10247  9102  579.16867  251 1490  573.00000  631.40099  10.2%  1273 3291s
 10249  9104  614.59854  132 1492  573.00000  631.39496  10.2%  1273 3310s
 10250  9104  623.04404   62 1491  573.00000  631.38883  10.2%  1272 3335s
 10251  9105  616.41997  120 1491  573.00000  631.38730  10.2%  1272 3358s
 10252  9106  605.77613  161 1493  573.00000  631.36242  10.2%  1272 3379s
 10254  9107  598.73238  215 1493  573.00000  631.35406  10.2%  1272 3402s
 10255  9108  630.26884   45 1491  573.00000  631.35342  10.2%  1272 3424s
 10256  9108  579.12500  252 1493  573.00000  631.35317  10.2%  1272 3447s
 10257  9109  624.47764   80 1493  573.00000  631.35293  10.2%  1272 3469s
 10258  9110  599.37368  184 1493  573.00000  631.35285  10.2%  1271 3492s
 10259  9110  626.59703   65 1492  573.00000  631.35282  10.2%  1271 3516s
 10260  9111  617.41485   80 1493  573.00000  631.35280  10.2%  1271 3538s
 10261  9112  589.46908  204 1493  573.00000  631.35280  10.2%  1271 3562s
 10262  9112  594.54539  202 1493  573.00000  631.35280  10.2%  1271 3587s

Cutting planes:
  Gomory: 7
  MIR: 1
  Flow cover: 74
  Zero half: 608
  RLT: 191
  BQP: 37

Explored 10262 nodes (13240102 simplex iterations) in 3600.26 seconds (4658.20 work units)
Thread count was 1 (of 24 available processors)

Solution count 10: 573 572 571 ... 560

Time limit reached
Best objective 5.730000000000e+02, best bound 6.310000000000e+02, gap 10.1222%

User-callback calls 179983, time in user-callback 1.26 sec
