
Gurobi 11.0.3 (linux64) logging started Thu Mar  5 16:04:10 2026

Set parameter LogFile to value "./log/train/IS_1500_6/IS_32.lp.log"
Set parameter TimeLimit to value 3600
Gurobi Optimizer version 11.0.3 build v11.0.3rc0 (linux64 - "Ubuntu 22.04.5 LTS")

CPU model: AMD Ryzen 9 9900X 12-Core Processor, instruction set [SSE2|AVX|AVX2|AVX512]
Thread count: 12 physical cores, 24 logical processors, using up to 2 threads

Optimize a model with 9217 rows, 1500 columns and 18140 nonzeros
Model fingerprint: 0xce0f7a3d
Variable types: 0 continuous, 1500 integer (1500 binary)
Coefficient statistics:
  Matrix range     [1e+00, 1e+00]
  Objective range  [1e+00, 1e+00]
  Bounds range     [1e+00, 1e+00]
  RHS range        [1e+00, 1e+00]
Found heuristic solution: objective 353.0000000
Presolve removed 1795 rows and 0 columns
Presolve time: 0.03s
Presolved: 7422 rows, 1500 columns, 16252 nonzeros
Variable types: 0 continuous, 1500 integer (1500 binary)

Root relaxation: objective 6.860000e+02, 3887 iterations, 0.14 seconds (0.24 work units)

    Nodes    |    Current Node    |     Objective Bounds      |     Work
 Expl Unexpl |  Obj  Depth IntInf | Incumbent    BestBd   Gap | It/Node Time

     0     0  686.00000    0 1338  353.00000  686.00000  94.3%     -    0s
H    0     0                     527.0000000  686.00000  30.2%     -    0s
H    0     0                     531.0000000  686.00000  29.2%     -    0s
     0     0  672.02549    0 1474  531.00000  672.02549  26.6%     -    0s
H    0     0                     544.0000000  672.02549  23.5%     -    0s
H    0     0                     547.0000000  672.02549  22.9%     -    0s
     0     0  672.02085    0 1470  547.00000  672.02085  22.9%     -    1s
     0     0  672.02045    0 1470  547.00000  672.02045  22.9%     -    1s
     0     0  663.92553    0 1478  547.00000  663.92553  21.4%     -    1s
H    0     0                     563.0000000  663.92553  17.9%     -    1s
     0     0  663.29442    0 1478  563.00000  663.29442  17.8%     -    1s
     0     0  663.23754    0 1479  563.00000  663.23754  17.8%     -    1s
     0     0  663.21407    0 1480  563.00000  663.21407  17.8%     -    1s
     0     0  663.20987    0 1479  563.00000  663.20987  17.8%     -    1s
     0     0  658.44199    0 1473  563.00000  658.44199  17.0%     -    2s
     0     0  658.08004    0 1475  563.00000  658.08004  16.9%     -    2s
     0     0  658.02690    0 1472  563.00000  658.02690  16.9%     -    2s
     0     0  657.99624    0 1475  563.00000  657.99624  16.9%     -    2s
     0     0  657.99255    0 1477  563.00000  657.99255  16.9%     -    2s
     0     0  655.18295    0 1478  563.00000  655.18295  16.4%     -    3s
     0     0  654.91901    0 1481  563.00000  654.91901  16.3%     -    3s
     0     0  654.89533    0 1481  563.00000  654.89533  16.3%     -    3s
     0     0  654.88684    0 1483  563.00000  654.88684  16.3%     -    3s
     0     0  654.88007    0 1480  563.00000  654.88007  16.3%     -    3s
     0     0  653.44966    0 1480  563.00000  653.44966  16.1%     -    4s
     0     0  653.22351    0 1481  563.00000  653.22351  16.0%     -    4s
     0     0  653.18003    0 1481  563.00000  653.18003  16.0%     -    4s
     0     0  653.16619    0 1481  563.00000  653.16619  16.0%     -    4s
     0     0  653.16397    0 1482  563.00000  653.16397  16.0%     -    4s
     0     0  651.85249    0 1478  563.00000  651.85249  15.8%     -    4s
     0     0  651.68252    0 1477  563.00000  651.68252  15.8%     -    4s
     0     0  651.66507    0 1476  563.00000  651.66507  15.7%     -    4s
     0     0  651.65862    0 1477  563.00000  651.65862  15.7%     -    4s
     0     0  650.56960    0 1481  563.00000  650.56960  15.6%     -    5s
     0     0  650.43591    0 1479  563.00000  650.43591  15.5%     -    5s
     0     0  650.40607    0 1478  563.00000  650.40607  15.5%     -    5s
     0     0  650.39999    0 1479  563.00000  650.39999  15.5%     -    5s
     0     0  649.94207    0 1481  563.00000  649.94207  15.4%     -    5s
     0     0  649.89440    0 1481  563.00000  649.89440  15.4%     -    5s
     0     0  649.89101    0 1482  563.00000  649.89101  15.4%     -    5s
     0     0  649.28816    0 1485  563.00000  649.28816  15.3%     -    6s
     0     0  649.20101    0 1482  563.00000  649.20101  15.3%     -    6s
     0     0  649.17014    0 1481  563.00000  649.17014  15.3%     -    6s
     0     0  649.15764    0 1483  563.00000  649.15764  15.3%     -    6s
     0     0  649.15299    0 1483  563.00000  649.15299  15.3%     -    6s
     0     0  648.57581    0 1479  563.00000  648.57581  15.2%     -    6s
     0     0  648.50568    0 1484  563.00000  648.50568  15.2%     -    6s
     0     0  648.49891    0 1483  563.00000  648.49891  15.2%     -    6s
     0     0  647.78411    0 1483  563.00000  647.78411  15.1%     -    7s
     0     0  647.67024    0 1481  563.00000  647.67024  15.0%     -    7s
     0     0  647.65939    0 1484  563.00000  647.65939  15.0%     -    7s
     0     0  647.33640    0 1483  563.00000  647.33640  15.0%     -    7s
     0     0  647.27567    0 1483  563.00000  647.27567  15.0%     -    7s
     0     0  647.25982    0 1485  563.00000  647.25982  15.0%     -    7s
     0     0  647.25389    0 1485  563.00000  647.25389  15.0%     -    7s
     0     0  646.81660    0 1483  563.00000  646.81660  14.9%     -    8s
     0     0  646.73017    0 1478  563.00000  646.73017  14.9%     -    8s
     0     0  646.71741    0 1481  563.00000  646.71741  14.9%     -    8s
     0     0  646.31484    0 1479  563.00000  646.31484  14.8%     -    8s
H    0     0                     564.0000000  646.31484  14.6%     -    8s
     0     0  646.22899    0 1481  564.00000  646.22899  14.6%     -    8s
     0     0  646.20510    0 1480  564.00000  646.20510  14.6%     -    8s
     0     0  646.20116    0 1482  564.00000  646.20116  14.6%     -    8s
     0     0  645.77039    0 1485  564.00000  645.77039  14.5%     -    9s
H    0     0                     572.0000000  645.77039  12.9%     -    9s
     0     0  645.69054    0 1483  572.00000  645.69054  12.9%     -    9s
     0     0  645.68093    0 1484  572.00000  645.68093  12.9%     -    9s
     0     0  645.35361    0 1483  572.00000  645.35361  12.8%     -    9s
H    0     0                     573.0000000  645.35361  12.6%     -    9s
     0     0  645.29352    0 1484  573.00000  645.29352  12.6%     -    9s
     0     0  645.28174    0 1484  573.00000  645.28174  12.6%     -    9s
     0     0  644.97013    0 1482  573.00000  644.97013  12.6%     -    9s
     0     0  644.88727    0 1483  573.00000  644.88727  12.5%     -    9s
     0     0  644.86901    0 1484  573.00000  644.86901  12.5%     -    9s
     0     0  644.86450    0 1486  573.00000  644.86450  12.5%     -    9s
     0     0  644.54189    0 1485  573.00000  644.54189  12.5%     -   10s
     0     0  644.47160    0 1488  573.00000  644.47160  12.5%     -   10s
     0     0  644.45939    0 1488  573.00000  644.45939  12.5%     -   10s
     0     0  644.11950    0 1484  573.00000  644.11950  12.4%     -   10s
     0     0  644.06453    0 1487  573.00000  644.06453  12.4%     -   10s
     0     0  644.05131    0 1488  573.00000  644.05131  12.4%     -   10s
     0     0  643.78049    0 1485  573.00000  643.78049  12.4%     -   11s
H    0     0                     574.0000000  643.78049  12.2%     -   11s
     0     0  643.71767    0 1484  574.00000  643.71767  12.1%     -   11s
     0     0  643.70603    0 1487  574.00000  643.70603  12.1%     -   11s
     0     0  643.45942    0 1485  574.00000  643.45942  12.1%     -   11s
H    0     0                     579.0000000  643.45942  11.1%     -   11s
     0     0  643.40861    0 1487  579.00000  643.40861  11.1%     -   11s
     0     0  643.40039    0 1487  579.00000  643.40039  11.1%     -   11s
     0     0  643.23136    0 1487  579.00000  643.23136  11.1%     -   11s
     0     0  643.18817    0 1487  579.00000  643.18817  11.1%     -   11s
     0     0  643.17672    0 1489  579.00000  643.17672  11.1%     -   11s
     0     0  642.80402    0 1488  579.00000  642.80402  11.0%     -   12s
     0     0  642.74872    0 1489  579.00000  642.74872  11.0%     -   12s
     0     0  642.74265    0 1489  579.00000  642.74265  11.0%     -   12s
     0     0  642.57073    0 1489  579.00000  642.57073  11.0%     -   12s
     0     0  642.52912    0 1488  579.00000  642.52912  11.0%     -   12s
     0     0  642.52313    0 1488  579.00000  642.52313  11.0%     -   12s
     0     0  642.43624    0 1489  579.00000  642.43624  11.0%     -   12s
     0     0  642.43624    0 1489  579.00000  642.43624  11.0%     -   12s
H    0     0                     581.0000000  642.43624  10.6%     -   13s
     0     2  642.43624    0 1489  581.00000  642.43624  10.6%     -   14s
     3     6  642.12737    2 1486  581.00000  642.24963  10.5%  3207   15s
    15    19  623.77076    6 1392  581.00000  642.24963  10.5%  3434   20s
    68    74  602.01784   22 1283  581.00000  642.24963  10.5%  1956   25s
H   90    89                     583.0000000  642.24963  10.2%  1661   25s
H  121   103                     586.0000000  642.24963  9.60%  1450   28s
   132   106  588.00821   48 1176  586.00000  641.90885  9.54%  1402   30s
H  154   117                     587.0000000  641.90885  9.35%  1396   31s
H  159   119                     588.0000000  641.90885  9.17%  1443   32s
   177   124  608.94732   15 1316  588.00000  641.90885  9.17%  1492   35s
H  181   118                     589.0000000  641.90885  8.98%  1468   35s
H  186   117                     590.0000000  641.90885  8.80%  1451   35s
   257   165  594.32157   40 1233  590.00000  641.90885  8.80%  1262   41s
H  301   177                     591.0000000  641.58267  8.56%  1283   45s
H  305   180                     592.0000000  641.58267  8.38%  1311   46s
   363   239  598.53387   31 1264  592.00000  641.58267  8.38%  1306   50s
H  391   231                     593.0000000  641.58267  8.19%  1241   50s
   428   255  633.31842    9 1433  593.00000  641.22200  8.13%  1251   55s
   521   323  604.74935   32 1288  593.00000  640.89901  8.08%  1224   61s
   569   335  626.86803   11 1403  593.00000  640.89442  8.08%  1218   65s
   594   384  613.44505   17 1330  593.00000  640.89442  8.08%  1289   70s
H  653   381                     594.0000000  640.63231  7.85%  1259   74s
   664   395  625.98931   15 1387  594.00000  640.63231  7.85%  1286   76s
   708   421  635.55680   13 1441  594.00000  640.38229  7.81%  1298   81s
   749   449  626.55719   18 1393  594.00000  640.38229  7.81%  1332   86s
H  759   424                     595.0000000  640.38229  7.63%  1341   86s
   764   446  621.30008   22 1367  595.00000  640.38229  7.63%  1337   90s
   869   485  639.96535   16 1469  595.00000  640.18639  7.59%  1287   95s
H  916   523                     596.0000000  640.18639  7.41%  1309  100s
   970   523  600.07792   26 1489  596.00000  640.18639  7.41%  1281  114s
   972   524  618.48774   18 1338  596.00000  640.18639  7.41%  1279  115s
   973   525  601.32208   21 1486  596.00000  640.18639  7.41%  1277  120s
   978   528  625.56495   14 1487  596.00000  640.18639  7.41%  1271  127s
   979   529  600.07792   26 1486  596.00000  640.18639  7.41%  1270  131s
   981   530  627.93952   18 1486  596.00000  640.18639  7.41%  1267  135s
   982   531  620.86564   21 1486  596.00000  640.18639  7.41%  1266  140s
   984   532  599.78004   36 1487  596.00000  640.18639  7.41%  1263  145s
   985   533  605.00321   27 1483  596.00000  640.18639  7.41%  1262  150s
   986   534  612.45792   15 1487  596.00000  640.18639  7.41%  1261  155s
   987   534  604.45588   34 1487  596.00000  640.18639  7.41%  1259  160s
   988   535  635.87413    9 1488  596.00000  640.18639  7.41%  1258  165s
   990   536  626.55360   19 1487  596.00000  640.18639  7.41%  1255  173s
   991   537  613.27555   24 1487  596.00000  640.18639  7.41%  1254  182s
   998   545  640.18639   13 1483  596.00000  640.18639  7.41%  1312  185s
  1018   560  640.03618   18 1474  596.00000  640.18639  7.41%  1342  190s
  1038   573  638.77575   23 1467  596.00000  640.18639  7.41%  1370  195s
  1066   592  636.50546   30 1457  596.00000  640.18639  7.41%  1400  200s
  1113   627  633.06969   40 1440  596.00000  640.18639  7.41%  1422  205s
  1154   658  629.86000   49 1425  596.00000  640.18639  7.41%  1445  211s
  1190   682  627.26070   58 1415  596.00000  640.18639  7.41%  1455  215s
  1226   706  625.86311   65 1411  596.00000  640.18639  7.41%  1472  220s
  1263   731  621.83006   72 1384  596.00000  640.18639  7.41%  1492  225s
  1305   762  621.98769   81 1391  596.00000  640.18639  7.41%  1517  232s
  1336   786  620.82031   87 1385  596.00000  640.18639  7.41%  1540  236s
  1372   812  619.66582   94 1374  596.00000  640.18639  7.41%  1566  241s
  1415   848  618.58652  102 1364  596.00000  640.18639  7.41%  1587  246s
  1476   901  616.67003  112 1354  596.00000  640.18639  7.41%  1599  252s
  1520   942  615.43799  118 1344  596.00000  640.18639  7.41%  1593  256s
  1587   951  614.62472  125 1337  596.00000  640.18639  7.41%  1570  260s
  1665   969  613.04563  140 1318  596.00000  640.18639  7.41%  1562  267s
  1689   993  611.53799  149 1301  596.00000  640.18639  7.41%  1574  271s
  1721  1025  610.00163  162 1280  596.00000  640.18639  7.41%  1583  275s
  1850  1062  597.69797  220 1101  596.00000  640.18639  7.41%  1544  283s
  1877  1066  631.77889   18 1416  596.00000  640.18639  7.41%  1552  287s
  1890  1075  637.79859   21 1455  596.00000  640.18639  7.41%  1567  291s
  1904  1087  637.46713   24 1451  596.00000  640.18639  7.41%  1582  296s
  1920  1098  637.10885   28 1445  596.00000  640.18639  7.41%  1601  301s
  1937  1113  634.64015   31 1424  596.00000  640.18639  7.41%  1621  306s
  1957  1127  635.94856   36 1436  596.00000  640.18639  7.41%  1634  310s
  1978  1144  634.73917   41 1430  596.00000  640.18639  7.41%  1651  316s
  2002  1162  633.50933   47 1424  596.00000  640.18639  7.41%  1666  321s
  2028  1181  632.59158   53 1417  596.00000  640.18639  7.41%  1682  327s
  2056  1206  631.28943   59 1412  596.00000  640.18639  7.41%  1699  333s
  2090  1233  630.41651   66 1405  596.00000  640.18639  7.41%  1715  339s
  2128  1272  629.26483   74 1393  596.00000  640.18639  7.41%  1728  345s
  2180  1319  627.38371   84 1382  596.00000  640.18639  7.41%  1736  351s
  2244  1424  625.83895   95 1372  596.00000  640.18639  7.41%  1740  358s
  2375  1453  623.19068  109 1339  596.00000  640.18639  7.41%  1705  363s
  2472  1489  619.36919  128 1318  596.00000  640.18639  7.41%  1681  371s
  2541  1569  612.99611  158 1266  596.00000  639.86869  7.36%  1682  377s
  2670  1565  638.12452   15 1464  596.00000  639.86869  7.36%  1642  385s
  2686  1589  637.49609   19 1458  596.00000  639.86869  7.36%  1656  392s
  2710  1606  636.55086   25 1449  596.00000  639.86869  7.36%  1676  399s
  2727  1635  626.13185   29 1401  596.00000  639.86869  7.36%  1689  408s
  2756  1644  635.44528   36 1439  596.00000  639.86869  7.36%  1709  416s
  2765  1678  627.42708   36 1396  596.00000  639.86869  7.36%  1715  425s
  2799  1709  633.89105   44 1430  596.00000  639.86869  7.36%  1731  434s
  2830  1722  632.18686   51 1422  596.00000  639.86869  7.36%  1745  442s
  2843  1757  624.82855   54 1392  596.00000  639.86869  7.36%  1751  451s
  2878  1785  630.05095   64 1409  596.00000  639.86869  7.36%  1765  458s
  2906  1835  629.36505   71 1404  596.00000  639.86869  7.36%  1774  478s
  2956  1918  622.74570   83 1353  596.00000  639.86869  7.36%  1787  487s
  3039  2118  622.95812  101 1344  596.00000  639.86869  7.36%  1795  496s
  3241  2301  618.08336  134 1292  596.00000  639.86842  7.36%  1757  506s
  3481  2334  638.80088   17 1467  596.00000  639.78826  7.35%  1691  518s
  3514  2346  637.75025   25 1452  596.00000  639.78826  7.35%  1714  529s
  3526  2388  636.98831   30 1447  596.00000  639.78826  7.35%  1723  541s
  3568  2439  635.49957   40 1433  596.00000  639.78826  7.35%  1744  552s
  3619  2492  628.16389   52 1392  596.00000  639.78826  7.35%  1766  565s
  3672  2567  630.83325   66 1411  596.00000  639.78826  7.35%  1783  576s
  3747  2650  617.59888   84 1338  596.00000  639.78826  7.35%  1803  587s
  3830  2911  624.95183  101 1356  596.00000  639.78826  7.35%  1811  601s
  4127  3197  614.59258  146 1289  596.00000  639.51287  7.30%  1756  613s
  4447  3702  631.24981   69 1412  596.00000  639.51287  7.30%  1680  626s
  4994  4022  606.70492  180 1200  596.00000  639.41058  7.28%  1553  639s
  5340  4538  628.55629   78 1388  596.00000  639.41058  7.28%  1483  652s
  5888  4786  601.95586  192 1128  596.00000  639.23041  7.25%  1393  663s
  6155  5165  622.55025   49 1393  596.00000  639.22966  7.25%  1361  674s
  6590  5631  632.08899   39 1419  596.00000  639.09062  7.23%  1309  683s
  7064  5909  604.57085  164 1252  596.00000  639.07617  7.23%  1263  692s
  7409  5978  599.46989   80 1232  596.00000  639.04276  7.22%  1232  709s
  7498  6199  634.00743   32 1427  596.00000  639.04275  7.22%  1248  747s
  7719  6822  623.96252   89 1359  596.00000  639.02176  7.22%  1294  780s
  8416  7123  614.24908  131 1276  596.00000  638.81788  7.18%  1263  794s
  8784  7414  624.04403   69 1369  596.00000  638.66811  7.16%  1237  807s
  9139  7676  626.47452   30 1399  596.00000  638.56580  7.14%  1213  819s
  9438  7900  598.86827   45 1276  596.00000  638.54503  7.14%  1196  830s
  9684  8355  612.46045  128 1275  596.00000  638.53269  7.14%  1183  842s
 10198  8573  631.76193   49 1419  596.00000  638.44411  7.12%  1148  851s
 10436  8681  617.90426   23 1362  596.00000  638.42833  7.12%  1137  861s
 10568  8736  627.44468   20 1405  596.00000  638.38742  7.11%  1137  870s
 10663  8907  626.99307   36 1401  596.00000  638.37086  7.11%  1140  880s
 10860  9131  628.71002   47 1398  596.00000  638.32365  7.10%  1134  889s
 11114  9432  629.86997   39 1418  596.00000  638.26788  7.09%  1121  898s
 11452  9658  605.58333  151 1271  596.00000  638.21737  7.08%  1105  906s
 11695  9881  604.47022   59 1275  596.00000  638.20556  7.08%  1096  914s
 11948 10133  626.78591   84 1381  596.00000  638.16048  7.07%  1084  923s
 12237 10411  627.18019   18 1419  596.00000  638.13611  7.07%  1070  930s
 12546 10465  629.01779   18 1420  596.00000  638.06560  7.06%  1057  939s
 12600 10589  613.84243   28 1325  596.00000  638.04505  7.05%  1063  947s
 12756 10845  616.89392   97 1327  596.00000  638.04243  7.05%  1061  955s
 13071 11089  630.83494   59 1415  596.00000  638.02214  7.05%  1046  963s
 13359 11305  631.33535   25 1416  596.00000  638.01351  7.05%  1035  970s
 13610 11367  636.24225   21 1456  596.00000  638.00111  7.05%  1027  979s
 13681 11456  620.03650   55 1359  596.00000  637.97757  7.04%  1027  988s
 13786 11720  624.10783   52 1377  596.00000  637.96503  7.04%  1026  996s
 14084 11846  634.14228   43 1423  596.00000  637.94336  7.04%  1015 1061s
 14210 12101  625.45811   90 1381  596.00000  637.89583  7.03%  1012 1070s
 14505 12398  625.96482   40 1396  596.00000  637.87946  7.03%  1002 1077s
 14825 12399  627.12346   42 1489  596.00000  637.87946  7.03%   993 1653s
 14828 12401  626.80508   27 1483  596.00000  637.87946  7.03%   993 1664s
 14829 12402  631.69154   31 1485  596.00000  636.93631  6.87%   993 1667s
 14834 12405  620.82060  121 1493  596.00000  635.43267  6.62%   992 1680s
 14835 12406  630.11641   26 1489  596.00000  635.32325  6.60%   992 1690s
 14837 12407  635.29308   33 1492  596.00000  635.29308  6.59%   992 1701s
 14838 12408  615.12275   26 1490  596.00000  634.58221  6.47%   992 1712s
 14841 12410  623.41301   82 1491  596.00000  634.43224  6.45%   992 1724s
 14842 12410  621.90380   90 1491  596.00000  634.00343  6.38%   992 1736s
 14844 12412  633.91964   31 1492  596.00000  633.91964  6.36%   992 1748s
 14845 12412  600.71275  167 1491  596.00000  633.67637  6.32%   991 1758s
 14848 12414  604.37528  150 1493  596.00000  633.56764  6.30%   991 1770s
 14849 12415  615.10005  148 1491  596.00000  633.45490  6.28%   991 1780s
 14851 12416  617.58014   83 1493  596.00000  633.41302  6.28%   991 1791s
 14852 12417  607.51264  137 1491  596.00000  633.36668  6.27%   991 1801s
 14854 12418  607.61773  120 1493  596.00000  633.34870  6.27%   991 1812s
 14855 12419  618.73545   99 1493  596.00000  633.34421  6.27%   991 1822s
 14856 12420  620.47741   64 1493  596.00000  633.34305  6.27%   991 1833s
 14857 12420  608.46483  132 1493  596.00000  633.34102  6.27%   991 1843s
 14858 12421  627.05384   18 1492  596.00000  633.34069  6.27%   991 1853s
 14859 12422  627.64180   54 1492  596.00000  633.34062  6.27%   991 1863s
 14860 12422  605.01533  169 1492  596.00000  633.34050  6.27%   990 1874s
 14861 12423  622.44077   57 1492  596.00000  633.34046  6.27%   990 1884s
 14862 12424  622.21668   72 1492  596.00000  633.34042  6.27%   990 1895s
 14863 12424  603.58993  161 1492  596.00000  633.34041  6.27%   990 1905s
 14864 12425  627.00525   22 1492  596.00000  633.33072  6.26%   990 1915s
 14865 12426  609.65272  129 1491  596.00000  633.33072  6.26%   990 1925s
 14866 12426  620.97578   68 1491  596.00000  633.33072  6.26%   990 1934s
 14867 12430  633.21836   21 1491  596.00000  633.31950  6.26%   994 1935s
 14887 12443  630.87315   26 1467  596.00000  632.11278  6.06%   997 1940s
 14903 12456  630.68876   30 1469  596.00000  632.11278  6.06%   999 1945s
 14927 12472  629.06451   36 1458  596.00000  632.11278  6.06%  1001 1950s
 14952 12489  627.18361   42 1453  596.00000  632.11278  6.06%  1004 1955s
 14982 12511  624.63158   48 1442  596.00000  632.11278  6.06%  1006 1960s
 15011 12528  623.24362   56 1443  596.00000  632.11278  6.06%  1009 1967s
 15026 12544  621.09410   59 1426  596.00000  632.11278  6.06%  1010 1970s
 15047 12558  621.15140   64 1432  596.00000  632.11278  6.06%  1011 1975s
 15068 12573  617.34490   68 1403  596.00000  632.11278  6.06%  1013 1984s
 15079 12582  618.40551   71 1419  596.00000  632.11278  6.06%  1014 1985s
 15105 12601  617.09985   76 1413  596.00000  632.11278  6.06%  1016 1990s
 15147 12631  614.89703   85 1408  596.00000  632.11278  6.06%  1021 1996s
 15179 12638  613.91932   91 1399  596.00000  632.11278  6.06%  1024 2012s
 15199 12667  613.07812   95 1396  596.00000  632.11278  6.06%  1027 2017s
 15219 12683  612.43024   99 1389  596.00000  632.11278  6.06%  1029 2020s
 15269 12715  611.15810  108 1381  596.00000  632.11278  6.06%  1033 2026s
 15336 12750  605.88149  118 1344  596.00000  632.11278  6.06%  1036 2032s
 15395 12743  608.82124  124 1351  596.00000  632.11278  6.06%  1036 2035s
 15440 12766  607.05022  137 1339  596.00000  632.11278  6.06%  1040 2042s
 15462 12783  605.98153  146 1323  596.00000  632.11278  6.06%  1042 2046s
 15526 12831  602.44936  172 1276  596.00000  632.11278  6.06%  1046 2053s
 15579 12817     cutoff  195       596.00000  632.09507  6.06%  1046 2057s
 15590 12826  630.43059   25 1469  596.00000  632.09507  6.06%  1048 2061s
 15603 12835  629.85977   28 1463  596.00000  632.09507  6.06%  1050 2065s
 15631 12856  625.09639   34 1421  596.00000  632.09507  6.06%  1056 2073s
 15647 12868  628.09162   38 1454  596.00000  632.09507  6.06%  1058 2078s
 15664 12882  627.56543   42 1450  596.00000  632.09507  6.06%  1061 2083s
 15684 12897  626.51560   47 1439  596.00000  632.09507  6.06%  1064 2087s
 15705 12913  625.97199   52 1434  596.00000  632.09507  6.06%  1068 2092s
 15728 12933  625.27280   57 1433  596.00000  632.09507  6.06%  1071 2097s
 15756 12954  619.67516   63 1397  596.00000  632.09507  6.06%  1075 2102s
 15786 12980  623.03488   70 1410  596.00000  632.09507  6.06%  1079 2108s
 15822 13012  622.02075   78 1405  596.00000  632.09507  6.06%  1083 2114s
 15866 13036  620.58449   88 1392  596.00000  632.09507  6.06%  1087 2120s
 15905 13089  619.90232   95 1378  596.00000  632.09507  6.06%  1090 2126s
 15971 13169  617.92321  107 1369  596.00000  632.09507  6.06%  1093 2132s
 16104 13178  614.49032  124 1353  596.00000  632.09507  6.06%  1093 2139s
 16165 13229  608.06495  147 1292  596.00000  631.97892  6.04%  1096 2147s
 16271 13214  630.43596   28 1472  596.00000  631.97892  6.04%  1096 2154s
 16291 13230  629.85981   33 1464  596.00000  631.97892  6.04%  1100 2161s
 16314 13245  619.51418   38 1405  596.00000  631.97892  6.04%  1105 2168s
 16336 13268  624.50831   44 1435  596.00000  631.97892  6.04%  1109 2175s
 16367 13292  626.33459   52 1446  596.00000  631.97892  6.04%  1114 2184s
 16401 13296  625.14817   60 1437  596.00000  631.97892  6.04%  1119 2202s
 16416 13319  620.37157   63 1413  596.00000  631.97892  6.04%  1121 2210s
 16444 13328  623.88868   67 1429  596.00000  631.97892  6.04%  1124 2221s
 16463 13360  623.38071   70 1424  596.00000  631.97892  6.04%  1127 2231s
 16501 13404  614.01272   79 1367  596.00000  631.97892  6.04%  1132 2241s
 16558 13472  620.15350   92 1400  596.00000  631.97892  6.04%  1138 2251s
 16647 13596  617.67772  110 1378  596.00000  631.97892  6.04%  1143 2261s
 16825 13657  613.35244  136 1341  596.00000  631.75369  6.00%  1144 2272s
 16970 13643  631.11467   25 1479  596.00000  631.75369  6.00%  1145 2282s
 17004 13674  629.93895   32 1465  596.00000  631.75369  6.00%  1151 2293s
 17046 13697  628.84164   41 1455  596.00000  631.75369  6.00%  1158 2305s
 17083 13743  619.89806   49 1416  596.00000  631.75369  6.00%  1163 2318s
 17142 13800  625.32764   61 1435  596.00000  631.75369  6.00%  1170 2330s
 17218 13895  619.22697   75 1399  596.00000  631.75369  6.00%  1178 2342s
 17341 14002  617.89422   92 1375  596.00000  631.75369  6.00%  1184 2355s
 17513 14239  615.01391  115 1342  596.00000  631.75369  6.00%  1184 2369s
 17807 14360  603.50826  164 1259  596.00000  631.44572  5.95%  1179 2382s
 18062 14592  620.10961   95 1392  596.00000  631.23004  5.91%  1173 2397s
 18412 14753  629.56957   32 1464  596.00000  631.22874  5.91%  1163 2411s
 18700 14975  612.96593  135 1324  596.00000  630.91455  5.86%  1156 2427s
 19033 15064  624.59283   68 1422  596.00000  630.91455  5.86%  1148 2443s
 19247 15298  612.51412  135 1327  596.00000  630.87281  5.85%  1144 2459s
 19618 15561  627.83499   33 1456  596.00000  630.78575  5.84%  1137 2474s
 20031 15694  619.02401   67 1376  596.00000  630.74694  5.83%  1127 2492s
 20349 15840  624.11207   31 1430  596.00000  630.51618  5.79%  1120 2507s
 20655 15950  602.31850   33 1329  596.00000  630.36272  5.77%  1117 2522s
 20941 16289  621.53467   41 1403  596.00000  630.27287  5.75%  1115 2536s
 21431 16449  617.64586   98 1353  596.00000  630.24077  5.75%  1103 2549s
 21794 16519  607.56973   91 1327  596.00000  630.16298  5.73%  1097 2565s
 22018 16498  627.70971   35 1442  596.00000  630.13504  5.73%  1096 2589s
 22072 16581  622.71748   48 1406  596.00000  630.13504  5.73%  1102 2608s
 22173 17152  620.83723   73 1397  596.00000  630.12979  5.73%  1111 2648s
 22829 17218  605.38222  146 1266  596.00000  630.06678  5.72%  1114 2660s
 23150 17415  616.94912   43 1377  596.00000  629.98103  5.70%  1109 2673s
 23480 17573  608.36582  120 1307  596.00000  629.86476  5.68%  1103 2684s
 23768 17717  609.72061  125 1322  596.00000  629.85608  5.68%  1097 2694s
 24036 17744  608.44492  119 1304  596.00000  629.84389  5.68%  1092 2705s
 24173 17760  597.98719   33 1311  596.00000  629.79857  5.67%  1092 2718s
 24335 17944  621.24950   33 1419  596.00000  629.77144  5.67%  1092 2731s
 24597 18085  623.62469   34 1432  596.00000  629.76729  5.67%  1087 2743s
 24850 18255  615.69707   46 1375  596.00000  629.72881  5.66%  1083 2754s
 25141 18425  623.13550   68 1407  596.00000  629.70643  5.66%  1078 2765s
 25435 18581  623.97497   53 1412  596.00000  629.69808  5.65%  1072 2775s
 25716 18718  626.90781   43 1447  596.00000  629.69471  5.65%  1067 2785s
 25946 18840  605.87244  160 1299  596.00000  629.68550  5.65%  1064 2794s
 26181 18999  614.13368   93 1356  596.00000  629.65563  5.65%  1060 2804s
 26450 19165  625.19734   47 1429  596.00000  629.63630  5.64%  1056 2817s
 26734 19259  620.35923   31 1420  596.00000  629.57011  5.63%  1051 2827s
 26947 19423  624.28572   32 1428  596.00000  629.54967  5.63%  1049 2838s
 27192 19539  624.17852   34 1432  596.00000  629.54967  5.63%  1045 2847s
 27414 19508  602.34161  154 1278  596.00000  629.51760  5.62%  1042 2858s
 27487 19531  627.45823   40 1446  596.00000  629.49039  5.62%  1044 2869s
 27535 19572  625.67665   49 1439  596.00000  629.49039  5.62%  1048 2881s
 27592 19637  624.94557   58 1427  596.00000  629.49039  5.62%  1052 2892s
 27676 19675  620.70431   68 1401  596.00000  629.49039  5.62%  1056 2904s
 27766 19689  622.57777   76 1406  596.00000  629.49039  5.62%  1056 2915s
 27820 19752  620.51578   90 1382  596.00000  629.49039  5.62%  1060 2927s
 27925 19887  617.09275  109 1366  596.00000  629.49039  5.62%  1062 2938s
 28105 19957  611.31317  138 1323  596.00000  629.46660  5.62%  1062 2948s
 28281 20084  621.98705   37 1410  596.00000  629.39097  5.60%  1062 2959s
 28492 20243  614.74526   67 1376  596.00000  629.38445  5.60%  1060 2970s
 28758 20397  612.44825   85 1354  596.00000  629.37536  5.60%  1056 2980s
 29026 20469  616.08117   78 1373  596.00000  629.30387  5.59%  1052 2991s
 29198 20668  622.34215   35 1408  596.00000  629.30369  5.59%  1050 3001s
 29482 20859  626.71646   43 1451  596.00000  629.27987  5.58%  1045 3018s
 29831 20941  601.30176   72 1303  596.00000  629.23887  5.58%  1042 3028s
 30061 21083  612.54373   88 1340  596.00000  629.20368  5.57%  1039 3037s
 30306 21203  611.35810   75 1360  596.00000  629.19211  5.57%  1036 3046s
 30535 21342  621.63169   72 1384  596.00000  629.17853  5.57%  1032 3055s
 30787 21450  623.80630   43 1418  596.00000  629.17853  5.57%  1029 3065s
 31005 21438  599.83079  163 1221  596.00000  629.14486  5.56%  1026 3074s
 31080 21536  612.75903   67 1355  596.00000  629.08735  5.55%  1027 3082s
 31227 21645  619.32348   65 1393  596.00000  629.08710  5.55%  1027 3092s
 31423 21758  611.42111   39 1367  596.00000  629.03916  5.54%  1025 3102s
 31622 21922  619.73471   62 1392  596.00000  629.03390  5.54%  1023 3111s
 31866 22029  627.21617   34 1436  596.00000  629.03390  5.54%  1020 3120s
 32066 22042  610.01695  121 1295  596.00000  629.01233  5.54%  1018 3131s
 32175 22046  624.58092   40 1427  596.00000  629.00642  5.54%  1019 3142s
 32215 22074  622.99673   50 1418  596.00000  629.00642  5.54%  1022 3153s
 32257 22112  621.76417   60 1405  596.00000  629.00642  5.54%  1025 3164s
 32311 22165  620.09321   74 1383  596.00000  629.00642  5.54%  1029 3174s
 32382 22249  613.14872   91 1333  596.00000  629.00642  5.54%  1032 3187s
 32489 22392  612.72534  118 1322  596.00000  629.00503  5.54%  1035 3199s
 32720 22459  622.49752   29 1412  596.00000  628.93247  5.53%  1034 3210s
 32906 22647  611.29884   39 1352  596.00000  628.91367  5.52%  1033 3221s
 33184 22742  604.41726  118 1279  596.00000  628.89234  5.52%  1030 3233s
 33392 22880  625.17344   44 1426  596.00000  628.88894  5.52%  1028 3243s
 33627 22897  627.66319   35 1445  596.00000  628.85178  5.51%  1026 3253s
 33750 23003  597.64882   62 1304  596.00000  628.81870  5.51%  1027 3265s
 33919 23052  599.35333   43 1293  596.00000  628.80831  5.50%  1026 3276s
 34081 23255  615.35948  117 1355  596.00000  628.80484  5.50%  1026 3287s
 34362 23397  622.00328   67 1407  596.00000  628.78013  5.50%  1023 3299s
 34658 23466  614.86545   51 1375  596.00000  628.76527  5.50%  1019 3310s
 34860 23476  626.53351   41 1447  596.00000  628.76121  5.50%  1018 3321s
 34957 23612  619.11243   45 1393  596.00000  628.72077  5.49%  1019 3332s
 35148 23751  610.01678   86 1338  596.00000  628.68461  5.48%  1018 3343s
 35392 23848  598.89541   72 1304  596.00000  628.65282  5.48%  1016 3355s
 35611 24017  624.06455   31 1428  596.00000  628.64514  5.48%  1014 3366s
 35883 24097  614.06731   43 1387  596.00000  628.62000  5.47%  1011 3378s
 36073 24077  622.71590   39 1416  596.00000  628.61810  5.47%  1010 3390s
 36117 24117  621.23200   49 1411  596.00000  628.61810  5.47%  1013 3402s
 36171 24165  619.35539   62 1400  596.00000  628.61810  5.47%  1016 3415s
 36237 24243  616.84515   78 1383  596.00000  628.61810  5.47%  1019 3428s
 36337 24364  612.42095  101 1354  596.00000  628.61810  5.47%  1023 3440s
 36508 24536  604.59636  139 1273  596.00000  628.61089  5.47%  1024 3453s
 36781 24696  626.37631   31 1441  596.00000  628.59453  5.47%  1022 3471s
 37096 24783  618.22821   86 1382  596.00000  628.56837  5.46%  1020 3482s
 37324 24870  613.56868   65 1346  596.00000  628.55163  5.46%  1019 3494s
 37529 25047  621.27790   37 1418  596.00000  628.50442  5.45%  1017 3505s
 37800 25019  622.07782   33 1425  596.00000  628.49833  5.45%  1014 3515s
 37882 25029  613.30636   36 1381  596.00000  628.48678  5.45%  1016 3527s
 37966 25070  603.62263   41 1313  596.00000  628.46500  5.45%  1018 3538s
 38053 25168  619.47459   80 1383  596.00000  628.45425  5.45%  1019 3554s
 38192 25300  610.00154   45 1355  596.00000  628.44853  5.44%  1020 3569s
 38392 25418  623.08196   32 1427  596.00000  628.43201  5.44%  1020 3583s
 38587 25597  617.10839   74 1368  596.00000  628.42147  5.44%  1020 3598s
 38853 25525  612.26525   50 1349  596.00000  628.42147  5.44%  1019 3600s

Cutting planes:
  Gomory: 14
  Clique: 1
  Flow cover: 112
  Zero half: 966
  RLT: 411
  BQP: 85

Explored 38885 nodes (39752516 simplex iterations) in 3600.00 seconds (11772.20 work units)
Thread count was 2 (of 24 available processors)

Solution count 10: 596 595 594 ... 587

Time limit reached
Best objective 5.960000000000e+02, best bound 6.280000000000e+02, gap 5.3691%

User-callback calls 300085, time in user-callback 0.78 sec

Gurobi 11.0.3 (linux64) logging started Sat Mar  7 14:20:15 2026

Set parameter LogFile to value "./log/train/IS_1500_6/IS_32.lp.log"
Set parameter TimeLimit to value 3600
Gurobi Optimizer version 11.0.3 build v11.0.3rc0 (linux64 - "Ubuntu 22.04.5 LTS")

CPU model: AMD Ryzen 9 9900X 12-Core Processor, instruction set [SSE2|AVX|AVX2|AVX512]
Thread count: 12 physical cores, 24 logical processors, using up to 1 threads

Optimize a model with 9217 rows, 1500 columns and 18140 nonzeros
Model fingerprint: 0xce0f7a3d
Variable types: 0 continuous, 1500 integer (1500 binary)
Coefficient statistics:
  Matrix range     [1e+00, 1e+00]
  Objective range  [1e+00, 1e+00]
  Bounds range     [1e+00, 1e+00]
  RHS range        [1e+00, 1e+00]
Found heuristic solution: objective 353.0000000
Presolve removed 1795 rows and 0 columns
Presolve time: 0.04s
Presolved: 7422 rows, 1500 columns, 16252 nonzeros
Variable types: 0 continuous, 1500 integer (1500 binary)

Root relaxation: objective 6.860000e+02, 3887 iterations, 0.26 seconds (0.24 work units)

    Nodes    |    Current Node    |     Objective Bounds      |     Work
 Expl Unexpl |  Obj  Depth IntInf | Incumbent    BestBd   Gap | It/Node Time

     0     0  686.00000    0 1338  353.00000  686.00000  94.3%     -    0s
H    0     0                     527.0000000  686.00000  30.2%     -    0s
H    0     0                     531.0000000  686.00000  29.2%     -    0s
     0     0  672.02549    0 1474  531.00000  672.02549  26.6%     -    1s
H    0     0                     544.0000000  672.02549  23.5%     -    1s
H    0     0                     547.0000000  672.02549  22.9%     -    1s
     0     0  672.02085    0 1470  547.00000  672.02085  22.9%     -    1s
     0     0  672.02045    0 1470  547.00000  672.02045  22.9%     -    1s
     0     0  663.92553    0 1478  547.00000  663.92553  21.4%     -    2s
H    0     0                     563.0000000  663.92553  17.9%     -    2s
     0     0  663.29442    0 1478  563.00000  663.29442  17.8%     -    3s
     0     0  663.23754    0 1479  563.00000  663.23754  17.8%     -    3s
     0     0  663.21407    0 1480  563.00000  663.21407  17.8%     -    3s
     0     0  663.20987    0 1479  563.00000  663.20987  17.8%     -    3s
     0     0  658.44199    0 1473  563.00000  658.44199  17.0%     -    4s
     0     0  658.08004    0 1475  563.00000  658.08004  16.9%     -    4s
     0     0  658.02690    0 1472  563.00000  658.02690  16.9%     -    4s
     0     0  657.99624    0 1475  563.00000  657.99624  16.9%     -    4s
     0     0  657.99255    0 1477  563.00000  657.99255  16.9%     -    4s
     0     0  655.18295    0 1478  563.00000  655.18295  16.4%     -    5s
     0     0  654.91901    0 1481  563.00000  654.91901  16.3%     -    5s
     0     0  654.89533    0 1481  563.00000  654.89533  16.3%     -    5s
     0     0  654.88684    0 1483  563.00000  654.88684  16.3%     -    5s
     0     0  654.88007    0 1480  563.00000  654.88007  16.3%     -    6s
     0     0  653.44966    0 1480  563.00000  653.44966  16.1%     -    6s
     0     0  653.22351    0 1481  563.00000  653.22351  16.0%     -    6s
     0     0  653.18003    0 1481  563.00000  653.18003  16.0%     -    7s
     0     0  653.16619    0 1481  563.00000  653.16619  16.0%     -    7s
     0     0  653.16397    0 1482  563.00000  653.16397  16.0%     -    7s
     0     0  651.85249    0 1478  563.00000  651.85249  15.8%     -    7s
     0     0  651.68252    0 1477  563.00000  651.68252  15.8%     -    7s
     0     0  651.66507    0 1476  563.00000  651.66507  15.7%     -    7s
     0     0  651.65862    0 1477  563.00000  651.65862  15.7%     -    8s
     0     0  650.56960    0 1481  563.00000  650.56960  15.6%     -    8s
     0     0  650.43591    0 1479  563.00000  650.43591  15.5%     -    8s
     0     0  650.40607    0 1478  563.00000  650.40607  15.5%     -    8s
     0     0  650.39999    0 1479  563.00000  650.39999  15.5%     -    9s
     0     0  649.94207    0 1481  563.00000  649.94207  15.4%     -    9s
     0     0  649.89440    0 1481  563.00000  649.89440  15.4%     -    9s
     0     0  649.89101    0 1482  563.00000  649.89101  15.4%     -    9s
     0     0  649.28816    0 1485  563.00000  649.28816  15.3%     -   10s
     0     0  649.20101    0 1482  563.00000  649.20101  15.3%     -   10s
     0     0  649.17014    0 1481  563.00000  649.17014  15.3%     -   10s
     0     0  649.15764    0 1483  563.00000  649.15764  15.3%     -   10s
     0     0  649.15299    0 1483  563.00000  649.15299  15.3%     -   10s
     0     0  648.57581    0 1479  563.00000  648.57581  15.2%     -   10s
     0     0  648.50568    0 1484  563.00000  648.50568  15.2%     -   11s
     0     0  648.49891    0 1483  563.00000  648.49891  15.2%     -   11s
     0     0  647.78411    0 1483  563.00000  647.78411  15.1%     -   11s
     0     0  647.67024    0 1481  563.00000  647.67024  15.0%     -   11s
     0     0  647.65939    0 1484  563.00000  647.65939  15.0%     -   12s
     0     0  647.33640    0 1483  563.00000  647.33640  15.0%     -   12s
     0     0  647.27567    0 1483  563.00000  647.27567  15.0%     -   12s
     0     0  647.25982    0 1485  563.00000  647.25982  15.0%     -   12s
     0     0  647.25389    0 1485  563.00000  647.25389  15.0%     -   12s
     0     0  646.81660    0 1483  563.00000  646.81660  14.9%     -   13s
     0     0  646.73017    0 1478  563.00000  646.73017  14.9%     -   13s
     0     0  646.71741    0 1481  563.00000  646.71741  14.9%     -   13s
     0     0  646.31484    0 1479  563.00000  646.31484  14.8%     -   13s
H    0     0                     564.0000000  646.31484  14.6%     -   13s
     0     0  646.22899    0 1481  564.00000  646.22899  14.6%     -   14s
     0     0  646.20510    0 1480  564.00000  646.20510  14.6%     -   14s
     0     0  646.20116    0 1482  564.00000  646.20116  14.6%     -   14s
     0     0  645.77039    0 1485  564.00000  645.77039  14.5%     -   14s
H    0     0                     572.0000000  645.77039  12.9%     -   14s
     0     0  645.69054    0 1483  572.00000  645.69054  12.9%     -   14s
     0     0  645.68093    0 1484  572.00000  645.68093  12.9%     -   14s
     0     0  645.35361    0 1483  572.00000  645.35361  12.8%     -   15s
H    0     0                     573.0000000  645.35361  12.6%     -   15s
     0     0  645.29352    0 1484  573.00000  645.29352  12.6%     -   15s
     0     0  645.28174    0 1484  573.00000  645.28174  12.6%     -   15s
     0     0  644.97013    0 1482  573.00000  644.97013  12.6%     -   15s
     0     0  644.88727    0 1483  573.00000  644.88727  12.5%     -   16s
     0     0  644.86901    0 1484  573.00000  644.86901  12.5%     -   16s
     0     0  644.86450    0 1486  573.00000  644.86450  12.5%     -   16s
     0     0  644.54189    0 1485  573.00000  644.54189  12.5%     -   16s
     0     0  644.47160    0 1488  573.00000  644.47160  12.5%     -   16s
     0     0  644.45939    0 1488  573.00000  644.45939  12.5%     -   17s
     0     0  644.11950    0 1484  573.00000  644.11950  12.4%     -   17s
     0     0  644.06453    0 1487  573.00000  644.06453  12.4%     -   17s
     0     0  644.05131    0 1488  573.00000  644.05131  12.4%     -   17s
     0     0  643.78049    0 1485  573.00000  643.78049  12.4%     -   18s
H    0     0                     574.0000000  643.78049  12.2%     -   18s
     0     0  643.71767    0 1484  574.00000  643.71767  12.1%     -   18s
     0     0  643.70603    0 1487  574.00000  643.70603  12.1%     -   18s
     0     0  643.45942    0 1485  574.00000  643.45942  12.1%     -   18s
H    0     0                     579.0000000  643.45942  11.1%     -   18s
     0     0  643.40861    0 1487  579.00000  643.40861  11.1%     -   18s
     0     0  643.40039    0 1487  579.00000  643.40039  11.1%     -   18s
     0     0  643.23136    0 1487  579.00000  643.23136  11.1%     -   19s
     0     0  643.18817    0 1487  579.00000  643.18817  11.1%     -   19s
     0     0  643.17672    0 1489  579.00000  643.17672  11.1%     -   19s
     0     0  642.80402    0 1488  579.00000  642.80402  11.0%     -   19s
     0     0  642.74872    0 1489  579.00000  642.74872  11.0%     -   20s
     0     0  642.74265    0 1489  579.00000  642.74265  11.0%     -   20s
     0     0  642.57073    0 1489  579.00000  642.57073  11.0%     -   20s
     0     0  642.52912    0 1488  579.00000  642.52912  11.0%     -   20s
     0     0  642.52313    0 1488  579.00000  642.52313  11.0%     -   20s
     0     0  642.43624    0 1489  579.00000  642.43624  11.0%     -   20s
     0     0  642.43624    0 1489  579.00000  642.43624  11.0%     -   21s
H    0     0                     581.0000000  642.43624  10.6%     -   22s
     0     2  642.43596    0 1489  581.00000  642.43596  10.6%     -   22s
     6     8  636.19981    5 1443  581.00000  642.43596  10.6%  2394   25s
    18    20  619.88219   14 1365  581.00000  642.43596  10.6%  2218   32s
    27    29  601.90118   19 1276  581.00000  642.43596  10.6%  2217   35s
H   52    50                     583.0000000  642.43596  10.2%  1833   39s
    55    49  637.99824    1 1450  583.00000  642.24963  10.2%  1866   40s
    66    60  615.91124    9 1355  583.00000  642.24963  10.2%  2019   45s
H   83    73                     584.0000000  642.24963  10.0%  1867   48s
   109    93  585.01641   38 1199  584.00000  642.24963  10.0%  1606   50s
H  112    88                     587.0000000  642.24963  9.41%  1564   50s
   126    98  627.46277   10 1407  587.00000  642.15833  9.40%  1634   55s
   137   109  621.55176   17 1360  587.00000  642.15833  9.40%  1742   60s
   180   132  637.28663    3 1458  587.00000  641.72840  9.32%  1560   65s
   192   144  614.53706   11 1342  587.00000  641.72840  9.32%  1623   70s
H  193   142                     588.0000000  641.72840  9.14%  1614   70s
H  212   140                     589.0000000  641.72840  8.95%  1535   71s
   217   147  627.64919    8 1406  589.00000  641.72821  8.95%  1591   75s
   237   167  612.89407   23 1333  589.00000  641.72821  8.95%  1612   80s
   267   183  633.97749    5 1439  589.00000  641.38526  8.89%  1559   85s
H  274   183                     590.0000000  641.38526  8.71%  1588   88s
   285   196  598.76458   18 1273  590.00000  641.38526  8.71%  1582   90s
   321   216  622.68286   14 1382  590.00000  641.38435  8.71%  1509   95s
   351   228  635.17988    8 1445  590.00000  641.13357  8.67%  1488  100s
H  355   220                     591.0000000  641.13357  8.48%  1492  102s
   368   235  595.52974   19 1243  591.00000  641.13357  8.48%  1517  105s
   389   246  615.30549   10 1350  591.00000  641.02425  8.46%  1530  110s
   420   269  592.47872   29 1253  591.00000  641.02425  8.46%  1515  115s
   456   287  625.81061   13 1397  591.00000  640.88232  8.44%  1471  120s
   468   299  618.24484   19 1354  591.00000  640.88232  8.44%  1509  125s
   484   313  599.81220   26 1289  591.00000  640.88232  8.44%  1519  130s
H  494   301                     593.0000000  640.88232  8.07%  1522  132s
   505   310  603.06807   37 1288  593.00000  640.88232  8.07%  1514  135s
   524   322  626.93944   13 1393  593.00000  640.88091  8.07%  1523  141s
   543   341  614.85152   27 1337  593.00000  640.88091  8.07%  1523  145s
   564   354  632.76484   11 1429  593.00000  640.48811  8.01%  1537  150s
   579   369  617.14981   20 1343  593.00000  640.48811  8.01%  1555  155s
H  611   375                     594.0000000  640.48811  7.83%  1523  158s
   617   377  630.53384   15 1421  594.00000  640.48381  7.83%  1527  160s
   627   387  615.25318   18 1345  594.00000  640.48381  7.83%  1557  165s
   630   389  602.38473   19 1489  594.00000  640.48381  7.83%  1550  179s
   633   391  612.63776   26 1488  594.00000  640.48381  7.83%  1543  187s
   635   392  603.22128   30 1487  594.00000  640.48381  7.83%  1538  190s
   639   395  622.36865   17 1488  594.00000  640.48381  7.83%  1529  199s
   640   396  630.85097    5 1485  594.00000  640.48381  7.83%  1526  208s
   642   397  630.72854   18 1488  594.00000  640.48381  7.83%  1521  217s
   643   398  604.29397   32 1485  594.00000  640.48381  7.83%  1519  225s
   644   398  632.74483   10 1486  594.00000  640.48381  7.83%  1517  235s
   645   399  626.25040   17 1486  594.00000  640.48381  7.83%  1514  244s
   646   400  615.30003   14 1485  594.00000  640.48381  7.83%  1512  253s
   647   400  609.84284   27 1488  594.00000  640.48381  7.83%  1510  262s
   648   401  598.14870   27 1488  594.00000  640.48381  7.83%  1507  270s
   649   402  630.85097    5 1488  594.00000  640.48381  7.83%  1505  281s
   654   407  640.48381   13 1473  594.00000  640.48381  7.83%  1586  285s
   666   415  638.85494   19 1462  594.00000  640.48381  7.83%  1600  290s
   682   426  637.20345   27 1453  594.00000  640.48381  7.83%  1606  295s
   691   432  629.66978   31 1423  594.00000  640.48381  7.83%  1632  300s
   705   441  619.72790   38 1368  594.00000  640.48381  7.83%  1650  306s
   711   445  627.80202   41 1400  594.00000  640.48381  7.83%  1668  310s
   719   450  622.76410   45 1377  594.00000  640.48381  7.83%  1693  315s
   735   461  628.38144   53 1406  594.00000  640.48381  7.83%  1696  320s
   745   468  624.41376   58 1390  594.00000  640.48381  7.83%  1708  325s
   755   474  625.27590   63 1387  594.00000  640.48381  7.83%  1726  330s
   773   486  627.25623   72 1406  594.00000  640.48381  7.83%  1729  335s
   791   498  623.94706   81 1397  594.00000  640.48381  7.83%  1728  340s
   809   510  617.37820   90 1360  594.00000  640.48381  7.83%  1732  345s
   831   525  611.87584  101 1339  594.00000  640.48381  7.83%  1734  350s
   851   538  613.71275  111 1354  594.00000  640.48381  7.83%  1731  355s
   876   555  610.21268  124 1330  594.00000  640.48381  7.83%  1727  360s
   902   572  603.49900  137 1304  594.00000  640.48381  7.83%  1722  365s
   928   590  602.21455  150 1294  594.00000  640.48381  7.83%  1718  370s
   960   603     cutoff  166       594.00000  640.48381  7.83%  1706  375s
   996   595  630.73887   14 1428  594.00000  640.48381  7.83%  1674  380s
  1004   600  635.06219   18 1434  594.00000  640.48381  7.83%  1691  385s
  1012   606  628.18257   22 1411  594.00000  640.48381  7.83%  1707  390s
  1020   611  632.72147   26 1419  594.00000  640.48381  7.83%  1725  395s
  1028   616  630.03537   30 1407  594.00000  640.48381  7.83%  1745  401s
  1036   622  632.63571   34 1408  594.00000  640.48381  7.83%  1758  405s
  1046   628  632.50172   39 1409  594.00000  640.48381  7.83%  1777  410s
  1056   635  632.24255   44 1409  594.00000  640.48381  7.83%  1790  415s
  1068   643  630.42087   50 1406  594.00000  640.48381  7.83%  1804  420s
  1080   651  628.17876   56 1392  594.00000  640.48381  7.83%  1818  425s
  1092   659  627.98712   62 1389  594.00000  640.48381  7.83%  1829  430s
  1104   667  629.61945   68 1390  594.00000  640.48381  7.83%  1841  435s
  1120   678  626.36224   76 1376  594.00000  640.48381  7.83%  1855  440s
  1136   688  619.88597   84 1342  594.00000  640.48381  7.83%  1868  445s
  1154   700  623.09156   93 1351  594.00000  640.48381  7.83%  1874  450s
  1176   715  617.82618  104 1305  594.00000  640.48381  7.83%  1880  455s
  1208   736  614.92762  120 1297  594.00000  640.48381  7.83%  1871  460s
  1260   771  614.38272  146 1302  594.00000  640.48381  7.83%  1843  465s
  1331   816  602.47233  182 1252  594.00000  640.48381  7.83%  1788  470s
  1407   830  639.16788   14 1463  594.00000  640.48381  7.83%  1721  475s
  1414   835  631.55124   17 1410  594.00000  640.48381  7.83%  1735  480s
  1424   841  632.80766   22 1419  594.00000  640.48381  7.83%  1749  485s
  1433   847  637.14070   27 1443  594.00000  640.48381  7.83%  1760  490s
  1443   854  636.23878   32 1437  594.00000  640.48381  7.83%  1773  495s
  1452   860  631.41970   36 1415  594.00000  640.48381  7.83%  1786  500s
  1463   867  634.87906   42 1425  594.00000  640.48381  7.83%  1797  505s
  1475   875  633.52645   48 1422  594.00000  640.48381  7.83%  1809  510s
  1488   884  628.35584   54 1392  594.00000  640.48381  7.83%  1823  515s
  1502   893  627.55320   61 1389  594.00000  640.48381  7.83%  1834  520s
  1518   904  626.86351   69 1364  594.00000  640.48381  7.83%  1846  525s
  1536   916  624.62583   78 1359  594.00000  640.48381  7.83%  1855  530s
  1553   927  627.77448   87 1371  594.00000  640.48381  7.83%  1861  535s
  1572   940  624.87546   96 1354  594.00000  640.48381  7.83%  1865  540s
  1598   957  622.68760  109 1334  594.00000  640.48381  7.83%  1863  545s
  1636   983  609.94976  128 1281  594.00000  640.48381  7.83%  1848  550s
  1691  1019  609.63152  156 1239  594.00000  640.48381  7.83%  1818  555s
  1787  1061  634.33471   14 1433  594.00000  640.48381  7.83%  1749  561s
  1794  1066  638.41272   18 1459  594.00000  640.48381  7.83%  1756  565s
  1801  1071  628.05838   21 1408  594.00000  640.48381  7.83%  1767  570s
  1809  1076  630.00845   25 1411  594.00000  640.48381  7.83%  1776  575s
H 1812  1052                     595.0000000  640.48381  7.64%  1777  576s
  1817  1059  630.55788   29 1398  595.00000  640.48381  7.64%  1786  580s
  1825  1067  627.38208   33 1394  595.00000  640.48381  7.64%  1795  585s
  1835  1077  630.91656   38 1414  595.00000  640.48381  7.64%  1804  590s
  1845  1087  630.16802   43 1402  595.00000  640.48381  7.64%  1811  595s
  1857  1099  627.95513   49 1403  595.00000  640.48381  7.64%  1820  600s
  1869  1111  626.73944   55 1383  595.00000  640.48381  7.64%  1828  605s
  1884  1126  631.06117   63 1406  595.00000  640.48381  7.64%  1837  610s
H 1893  1125                     596.0000000  640.48381  7.46%  1839  612s
  1903  1137  625.94113   72 1384  596.00000  640.48381  7.46%  1846  615s
  1919  1153  625.20290   80 1374  596.00000  640.48381  7.46%  1855  620s
  1935  1169  620.03709   88 1340  596.00000  640.48381  7.46%  1860  625s
  1957  1191  624.24682   99 1360  596.00000  640.48381  7.46%  1861  630s
  1988  1222  621.94494  115 1348  596.00000  640.48381  7.46%  1854  635s
  2023  1257  600.95395  132 1255  596.00000  640.48381  7.46%  1843  640s
  2065  1299  608.42944  153 1299  596.00000  640.48381  7.46%  1829  645s
  2155  1364  640.45127   13 1471  596.00000  640.48381  7.46%  1776  650s
  2163  1372  632.87233   17 1426  596.00000  640.48381  7.46%  1785  655s
  2171  1380  631.80601   21 1422  596.00000  640.48381  7.46%  1793  660s
  2179  1388  628.84514   25 1416  596.00000  640.48381  7.46%  1803  666s
  2187  1396  627.16323   29 1410  596.00000  640.48381  7.46%  1811  671s
  2195  1404  631.74055   33 1422  596.00000  640.48381  7.46%  1816  675s
  2205  1414  627.92404   38 1404  596.00000  640.48381  7.46%  1824  680s
  2215  1424  629.61080   43 1407  596.00000  640.48381  7.46%  1833  685s
  2224  1433  634.38185   48 1429  596.00000  640.48381  7.46%  1839  690s
  2235  1444  630.25249   53 1405  596.00000  640.48381  7.46%  1847  695s
  2244  1453  632.93363   58 1422  596.00000  640.48381  7.46%  1851  700s
  2255  1464  624.80250   63 1380  596.00000  640.48381  7.46%  1859  705s
  2267  1476  621.51154   69 1363  596.00000  640.48381  7.46%  1867  710s
  2279  1488  620.57291   75 1352  596.00000  640.48381  7.46%  1873  715s
  2295  1504  625.06481   83 1359  596.00000  640.48381  7.46%  1877  720s
  2311  1520  626.13680   91 1376  596.00000  640.48381  7.46%  1882  725s
  2327  1536  626.15160   99 1364  596.00000  640.48381  7.46%  1881  730s
  2352  1561  623.74971  112 1359  596.00000  640.48381  7.46%  1879  736s
  2374  1583  620.02961  123 1348  596.00000  640.48381  7.46%  1873  740s
  2390  1599  618.18327  131 1331  596.00000  640.48381  7.46%  1870  745s
  2400  1609  616.65260  136 1319  596.00000  640.48381  7.46%  1868  750s
  2418  1627  614.20738  145 1315  596.00000  640.48381  7.46%  1863  755s
  2444  1653  609.55958  158 1311  596.00000  640.48381  7.46%  1854  760s
  2487  1696  601.35547  179 1236  596.00000  640.48381  7.46%  1833  766s
  2514  1719  597.27273  193 1158  596.00000  640.48381  7.46%  1817  770s
  2538  1713  634.48075   17 1440  596.00000  640.48381  7.46%  1806  776s
  2542  1717  634.90724   19 1446  596.00000  640.48381  7.46%  1810  780s
  2548  1723  634.06989   22 1435  596.00000  640.48381  7.46%  1816  785s
  2550  1725  632.13005   23 1428  596.00000  640.48381  7.46%  1818  793s
  2552  1727  633.74109   24 1434  596.00000  640.48381  7.46%  1820  795s
  2560  1735  633.48857   28 1440  596.00000  640.48381  7.46%  1826  800s
  2568  1743  633.71809   32 1429  596.00000  640.48381  7.46%  1832  807s
  2572  1747  631.82992   34 1421  596.00000  640.48381  7.46%  1836  810s
  2580  1755  629.68803   38 1412  596.00000  640.48381  7.46%  1843  816s
  2586  1761  628.57272   41 1407  596.00000  640.48381  7.46%  1847  820s
  2595  1770  636.17714   46 1446  596.00000  640.48381  7.46%  1853  826s
  2600  1775  631.14284   48 1415  596.00000  640.48381  7.46%  1857  830s
  2610  1785  627.81337   53 1398  596.00000  640.48381  7.46%  1863  835s
  2619  1794  633.74199   58 1429  596.00000  640.48381  7.46%  1867  840s
  2622  1797  631.16860   59 1407  596.00000  640.48381  7.46%  1870  845s
  2633  1808  632.63575   65 1421  596.00000  640.48381  7.46%  1874  850s
  2645  1820  631.94472   71 1410  596.00000  640.48381  7.46%  1879  855s
  2649  1824  631.77247   73 1408  596.00000  640.48381  7.46%  1880  865s
  2658  1833  627.57953   77 1390  596.00000  640.48381  7.46%  1885  870s
  2672  1847  626.95338   84 1373  596.00000  640.48381  7.46%  1889  875s
  2676  1851  626.78812   86 1366  596.00000  640.48381  7.46%  1890  881s
  2688  1863  625.72649   92 1377  596.00000  640.48381  7.46%  1892  885s
  2703  1878  627.11906  100 1383  596.00000  640.48381  7.46%  1893  900s
  2722  1897  624.16564  109 1355  596.00000  640.48381  7.46%  1892  905s
  2748  1923  616.97408  122 1342  596.00000  640.48381  7.46%  1890  910s
  2782  1957  615.15139  139 1330  596.00000  640.48381  7.46%  1883  915s
  2823  1998  610.66482  160 1312  596.00000  640.48381  7.46%  1872  920s
  2893  2064  597.93515  195 1219  596.00000  640.48381  7.46%  1845  925s
  2926  2065  637.25937   19 1452  596.00000  640.48381  7.46%  1834  930s
  2933  2072  634.12645   22 1427  596.00000  640.48381  7.46%  1840  935s
  2943  2082  631.08693   27 1414  596.00000  640.48381  7.46%  1846  940s
  2947  2086  630.24679   29 1417  596.00000  640.48381  7.46%  1849  947s
  2953  2092  630.10704   32 1409  596.00000  640.48381  7.46%  1852  950s
  2963  2102  629.38265   37 1408  596.00000  640.48381  7.46%  1858  955s
  2971  2110  624.52222   41 1382  596.00000  640.48381  7.46%  1863  960s
  2981  2120  628.89921   46 1388  596.00000  640.48381  7.46%  1868  965s
  2992  2131  631.84039   52 1413  596.00000  640.48381  7.46%  1872  970s
  3001  2140  625.50036   56 1370  596.00000  640.48381  7.46%  1876  975s
  3006  2145  630.87776   59 1409  596.00000  640.48381  7.46%  1877  982s
  3012  2151  630.59113   62 1402  596.00000  640.48381  7.46%  1878  985s
  3021  2160  625.63539   66 1376  596.00000  640.48381  7.46%  1881  993s
  3025  2164  624.35383   68 1368  596.00000  640.48381  7.46%  1882  995s
  3041  2180  624.30516   76 1371  596.00000  640.48381  7.46%  1885 1000s
  3061  2200  616.21192   86 1325  596.00000  640.48381  7.46%  1889 1005s
  3081  2220  622.61213   96 1339  596.00000  640.48381  7.46%  1891 1010s
  3107  2246  619.16054  109 1312  596.00000  640.48381  7.46%  1890 1015s
  3143  2282  613.53649  127 1313  596.00000  640.48381  7.46%  1885 1020s
  3206  2345  606.81253  159 1243  596.00000  640.48381  7.46%  1867 1025s
  3279  2389  635.14973   15 1440  596.00000  640.48381  7.46%  1840 1030s
  3285  2395  635.95134   18 1436  596.00000  640.48381  7.46%  1844 1035s
  3291  2401  634.33923   21 1422  596.00000  640.48381  7.46%  1849 1040s
  3297  2407  628.46191   24 1418  596.00000  640.48381  7.46%  1853 1045s
  3305  2415  628.89088   28 1403  596.00000  640.48381  7.46%  1859 1051s
  3311  2421  626.61541   31 1402  596.00000  640.48381  7.46%  1864 1055s
  3315  2425  622.54543   33 1379  596.00000  640.48381  7.46%  1867 1064s
  3317  2427  632.69706   34 1421  596.00000  640.48381  7.46%  1868 1065s
  3325  2435  633.94762   38 1424  596.00000  640.48381  7.46%  1871 1070s
  3328  2438  636.34214   40 1438  596.00000  640.48381  7.46%  1871 1076s
  3335  2445  633.11876   43 1411  596.00000  640.48381  7.46%  1875 1080s
  3345  2455  632.19957   48 1409  596.00000  640.48381  7.46%  1879 1085s
  3355  2465  630.82723   53 1409  596.00000  640.48381  7.46%  1882 1090s
  3366  2476  632.70464   59 1416  596.00000  640.48381  7.46%  1886 1095s
  3378  2488  631.83183   65 1411  596.00000  640.48381  7.46%  1889 1100s
  3389  2499  624.92930   70 1376  596.00000  640.48381  7.46%  1895 1105s
  3401  2511  626.05032   76 1368  596.00000  640.48381  7.46%  1898 1110s
  3414  2524  629.02769   83 1391  596.00000  640.48381  7.46%  1902 1115s
  3431  2541  623.61133   91 1365  596.00000  640.48381  7.46%  1905 1120s
  3453  2563  624.42322  102 1357  596.00000  640.48381  7.46%  1905 1125s
  3482  2592  622.84076  117 1347  596.00000  640.48381  7.46%  1902 1130s
  3517  2627  615.62627  134 1327  596.00000  640.48381  7.46%  1897 1135s
  3557  2665  610.67755  154 1295  596.00000  640.48381  7.46%  1889 1140s
  3629  2737  598.07327  190 1216  596.00000  640.48381  7.46%  1866 1145s
  3652  2744  637.86560   20 1461  596.00000  640.22611  7.42%  1859 1150s
  3692  2784  631.38781   60 1410  596.00000  640.22611  7.42%  1847 1155s
  3747  2839  623.55649  104 1334  596.00000  640.22611  7.42%  1831 1160s
  3783  2875  619.59737  123 1318  596.00000  640.22611  7.42%  1825 1165s
  3849  2941  611.94358  146 1298  596.00000  640.22611  7.42%  1807 1170s
  3928  3020  600.11799  162 1236  596.00000  640.22611  7.42%  1787 1175s
  4042  3134  598.52030  183 1177  596.00000  640.22611  7.42%  1751 1180s
  4124  3196  637.43029   27 1457  596.00000  640.22607  7.42%  1725 1185s
  4160  3232  630.02177   59 1397  596.00000  640.22607  7.42%  1719 1190s
  4164  3236  631.51409   65 1413  596.00000  640.22607  7.42%  1718 1196s
  4204  3276  624.98228  100 1362  596.00000  640.22607  7.42%  1709 1200s
  4240  3312  617.19069  120 1330  596.00000  640.22607  7.42%  1703 1205s
  4295  3367  612.54916  145 1304  596.00000  640.22607  7.42%  1692 1210s
  4368  3440  605.91357  163 1285  596.00000  640.22607  7.42%  1676 1215s
  4475  3547  600.07458  181 1251  596.00000  640.22607  7.42%  1649 1220s
  4553  3609  637.36211   24 1455  596.00000  640.13623  7.41%  1630 1225s
  4577  3633  634.40536   46 1429  596.00000  640.13623  7.41%  1628 1230s
  4624  3680  625.82584   92 1378  596.00000  640.13623  7.41%  1620 1235s
  4673  3729  618.27743  123 1324  596.00000  640.13623  7.41%  1613 1240s
  4680  3736  617.82611  126 1325  596.00000  640.13623  7.41%  1613 1245s
  4744  3800  609.89897  151 1291  596.00000  640.13623  7.41%  1602 1250s
  4835  3891  603.06107  171 1238  596.00000  640.13623  7.41%  1582 1255s
  4983  4037  597.73081  188 1191  596.00000  640.13623  7.41%  1548 1260s
  5042  4072  632.95197   39 1419  596.00000  640.13372  7.40%  1537 1265s
  5085  4115  624.99818   77 1362  596.00000  640.13372  7.40%  1533 1270s
  5130  4160  618.84074  109 1303  596.00000  640.13372  7.40%  1528 1275s
  5203  4233  609.47271  145 1256  596.00000  640.13372  7.40%  1517 1280s
  5223  4253  608.07237  149 1241  596.00000  640.13372  7.40%  1514 1292s
  5274  4304  604.04364  160 1177  596.00000  640.13372  7.40%  1505 1295s
  5433  4432  639.57808   18 1462  596.00000  639.82665  7.35%  1473 1300s
  5473  4472  633.08394   58 1412  596.00000  639.82665  7.35%  1468 1305s
  5519  4518  625.66278  100 1370  596.00000  639.82665  7.35%  1463 1310s
  5571  4570  618.15530  128 1320  596.00000  639.82665  7.35%  1458 1315s
  5640  4639  610.59593  149 1292  596.00000  639.82665  7.35%  1449 1320s
  5715  4714  605.55870  164 1254  596.00000  639.82665  7.35%  1439 1325s
  5828  4827  599.88535  181 1211  596.00000  639.82665  7.35%  1422 1330s
  5902  4879  630.54781   30 1414  596.00000  639.57753  7.31%  1412 1335s
  5970  4947  618.06538   94 1326  596.00000  639.57753  7.31%  1403 1340s
  6010  4987  613.38913  117 1312  596.00000  639.57753  7.31%  1401 1345s
  6055  5032  607.67939  133 1263  596.00000  639.57753  7.31%  1397 1350s
  6153  5130  598.91333  161 1226  596.00000  639.57753  7.31%  1384 1355s
  6210  5154  631.04448   37 1406  596.00000  639.53130  7.30%  1376 1360s
  6277  5221  618.98121   99 1322  596.00000  639.53130  7.30%  1368 1365s
  6319  5263  613.60659  123 1304  596.00000  639.53130  7.30%  1366 1370s
  6397  5341  604.32336  148 1255  596.00000  639.53130  7.30%  1359 1375s
  6548  5450  632.70437   16 1434  596.00000  639.38784  7.28%  1338 1381s
  6580  5482  626.50247   48 1395  596.00000  639.38784  7.28%  1335 1385s
  6643  5545  616.23499  105 1337  596.00000  639.38784  7.28%  1329 1390s
  6716  5618  605.82610  134 1261  596.00000  639.38784  7.28%  1323 1395s
  6831  5719  633.96630   20 1438  596.00000  639.37955  7.28%  1308 1400s
  6863  5751  617.37610   52 1343  596.00000  639.37955  7.28%  1307 1405s
  6897  5778  630.55727   25 1416  596.00000  639.23663  7.25%  1305 1410s
  6962  5843  619.42020   90 1338  596.00000  639.23663  7.25%  1299 1415s
  7044  5909  633.21189   17 1441  596.00000  639.17642  7.24%  1290 1421s
  7050  5915  628.37298   20 1407  596.00000  639.17642  7.24%  1292 1425s
  7059  5924  631.50667   25 1429  596.00000  639.17642  7.24%  1294 1430s
  7068  5933  625.25594   29 1398  596.00000  639.17642  7.24%  1297 1435s
  7078  5943  624.55472   34 1393  596.00000  639.17642  7.24%  1300 1440s
  7088  5953  624.27517   39 1393  596.00000  639.17642  7.24%  1303 1445s
  7100  5965  621.45079   45 1381  596.00000  639.17642  7.24%  1306 1450s
  7112  5977  619.11102   51 1369  596.00000  639.17642  7.24%  1308 1455s
  7126  5991  619.62952   58 1348  596.00000  639.17642  7.24%  1311 1460s
  7142  6007  621.28036   66 1358  596.00000  639.17642  7.24%  1313 1465s
  7164  6029  615.44613   77 1342  596.00000  639.17642  7.24%  1316 1470s
  7184  6049  615.42906   87 1327  596.00000  639.17642  7.24%  1319 1475s
  7208  6073  613.01270   99 1321  596.00000  639.17642  7.24%  1321 1480s
  7244  6109  613.86792  117 1326  596.00000  639.17642  7.24%  1322 1485s
  7292  6157  606.52911  141 1279  596.00000  639.17642  7.24%  1321 1490s
  7363  6200  633.06820   21 1431  596.00000  639.16912  7.24%  1314 1495s
  7430  6267  621.12204   88 1339  596.00000  639.16912  7.24%  1309 1500s
  7534  6345  636.96491   23 1445  596.00000  639.16765  7.24%  1297 1505s
  7576  6387  626.65435   65 1385  596.00000  639.16765  7.24%  1295 1510s
  7676  6475  638.23635   20 1460  596.00000  639.14917  7.24%  1284 1515s
  7712  6511  631.89022   56 1416  596.00000  639.14917  7.24%  1283 1520s
  7779  6578  620.40605  112 1342  596.00000  639.14917  7.24%  1279 1525s
  7865  6664  609.16719  153 1287  596.00000  639.14917  7.24%  1274 1530s
  7984  6783  599.94619  180 1208  596.00000  639.14917  7.24%  1263 1535s
  8054  6831  621.23842   20 1359  596.00000  639.06294  7.23%  1257 1540s
  8102  6869  628.15237   17 1417  596.00000  639.04640  7.22%  1254 1545s
  8160  6927  617.73635   75 1352  596.00000  639.04640  7.22%  1250 1550s
  8241  6998  628.18577   18 1423  596.00000  639.03270  7.22%  1243 1555s
  8280  7029     cutoff   54       596.00000  639.03270  7.22%  1242 1560s
  8300  7041  622.99503   25 1386  596.00000  638.96081  7.21%  1243 1565s
  8329  7056  633.76083   19 1433  596.00000  638.91063  7.20%  1245 1571s
  8345  7072  617.45736   35 1346  596.00000  638.91063  7.20%  1246 1575s
  8390  7109  632.01204   26 1418  596.00000  638.86078  7.19%  1243 1580s
  8446  7165  618.35096   82 1345  596.00000  638.86078  7.19%  1239 1585s
  8518  7219  622.04584   20 1385  596.00000  638.85357  7.19%  1234 1590s
  8564  7257  599.78659   60 1280  596.00000  638.85357  7.19%  1232 1595s
  8607  7288  633.48361   45 1424  596.00000  638.85085  7.19%  1230 1600s
  8672  7353  622.34990  110 1358  596.00000  638.85085  7.19%  1225 1605s
  8779  7430  637.65904   22 1456  596.00000  638.78922  7.18%  1216 1610s
  8809  7460  618.64406   52 1338  596.00000  638.78922  7.18%  1216 1615s
  8862  7501  632.79968   31 1423  596.00000  638.75955  7.17%  1213 1620s
  8921  7560  622.36292   90 1356  596.00000  638.75955  7.17%  1209 1625s
  9015  7637  632.79650   23 1428  596.00000  638.70679  7.17%  1202 1631s
  9018  7640  632.21525   26 1420  596.00000  638.70679  7.17%  1202 1638s
  9032  7654  629.54340   40 1407  596.00000  638.70679  7.17%  1202 1640s
  9098  7720  618.11295  102 1324  596.00000  638.70679  7.17%  1198 1645s
  9180  7802  605.33335  145 1267  596.00000  638.70679  7.17%  1194 1650s
  9297  7894  637.05111   27 1455  596.00000  638.70236  7.16%  1185 1655s
  9337  7934  630.58211   67 1404  596.00000  638.70236  7.16%  1183 1660s
  9414  8011  613.70862  144 1324  596.00000  638.70236  7.16%  1179 1665s
  9496  8063  633.53532   29 1435  596.00000  638.67697  7.16%  1173 1670s
  9553  8120  620.49366   86 1350  596.00000  638.67697  7.16%  1171 1675s
  9640  8186  632.86075   26 1426  596.00000  638.64251  7.15%  1165 1680s
  9735  8281  613.94519  121 1310  596.00000  638.64251  7.15%  1159 1685s
  9818  8332  622.06964   27 1361  596.00000  638.61668  7.15%  1154 1690s
  9862  8366  628.56886   20 1398  596.00000  638.60327  7.15%  1154 1695s
  9872  8376  623.74716   25 1376  596.00000  638.60327  7.15%  1156 1700s
  9882  8386  620.23138   30 1372  596.00000  638.60327  7.15%  1159 1705s
  9895  8399  629.77056   37 1406  596.00000  638.60327  7.15%  1161 1710s
  9908  8412  623.92468   43 1381  596.00000  638.60327  7.15%  1164 1715s
  9922  8426  619.21540   50 1358  596.00000  638.60327  7.15%  1166 1720s
  9936  8440  619.54098   57 1354  596.00000  638.60327  7.15%  1168 1725s
  9952  8456  618.89785   65 1352  596.00000  638.60327  7.15%  1171 1730s
  9970  8474  616.03313   74 1338  596.00000  638.60327  7.15%  1173 1735s
  9986  8490  619.87114   82 1350  596.00000  638.60327  7.15%  1174 1740s
 10018  8522  617.06218   98 1309  596.00000  638.60327  7.15%  1176 1745s
 10034  8538  614.71805  106 1313  596.00000  638.60327  7.15%  1178 1750s
 10094  8596  605.97027  136 1277  596.00000  638.60327  7.15%  1177 1755s
 10170  8640  627.23175   23 1412  596.00000  638.60229  7.15%  1174 1760s
 10182  8652  609.61907   29 1325  596.00000  638.60229  7.15%  1176 1765s
 10203  8660  599.80357  174 1489  596.00000  638.60229  7.15%  1176 2454s
 10205  8661  605.38486  142 1338  596.00000  638.60229  7.15%  1176 2455s
 10206  8662  631.82723   52 1487  596.00000  638.60229  7.15%  1176 2463s
 10207  8663  627.31900   45 1489  596.00000  636.94564  6.87%  1175 2466s
 10211  8665  619.34034   60 1492  596.00000  635.99543  6.71%  1175 2478s
 10212  8666  627.08900   72 1488  596.00000  635.94651  6.70%  1175 2488s
 10215  8668  628.30570   74 1492  596.00000  635.91062  6.70%  1175 2503s
 10216  8669  599.69259  159 1485  596.00000  635.13361  6.57%  1174 2516s
 10220  8671  623.30230   72 1487  596.00000  634.88243  6.52%  1174 2528s
 10221  8672  619.35910   76 1489  596.00000  634.50030  6.46%  1174 2541s
 10225  8675  601.89515  145 1492  596.00000  634.37675  6.44%  1173 2554s
 10226  8675  618.39650   82 1490  596.00000  634.20639  6.41%  1173 2566s
 10229  8677  598.18834  185 1492  596.00000  634.12253  6.40%  1173 2579s
 10230  8678  601.49294  176 1490  596.00000  633.91916  6.36%  1173 2590s
 10233  8680  633.79650   21 1489  596.00000  633.79650  6.34%  1172 2603s
 10234  8681  603.87339  142 1490  596.00000  633.51872  6.30%  1172 2615s
 10237  8683  631.84362   28 1494  596.00000  633.42918  6.28%  1172 2629s
 10238  8683  622.22483  101 1491  596.00000  633.37805  6.27%  1172 2641s
 10239  8684  620.38326  123 1493  596.00000  633.36880  6.27%  1172 2653s
 10240  8685  619.59708   44 1491  596.00000  633.33682  6.26%  1172 2666s
 10242  8686  620.17477   91 1493  596.00000  633.31839  6.26%  1171 2676s
 10243  8687  629.44266   20 1489  596.00000  633.22001  6.24%  1171 2690s
 10245  8688  620.51241  113 1487  596.00000  633.17391  6.24%  1171 2702s
 10246  8689  605.36660  123 1486  596.00000  633.11999  6.23%  1171 2715s
 10248  8690  627.40663   49 1492  596.00000  633.10442  6.23%  1171 2728s
 10249  8691  622.74263   23 1491  596.00000  633.05684  6.22%  1171 2740s
 10251  8692  630.28864   70 1490  596.00000  633.03316  6.21%  1170 2751s
 10252  8693  603.76255  170 1488  596.00000  633.00926  6.21%  1170 2763s
 10253  8693  607.78302  156 1490  596.00000  633.00334  6.21%  1170 2776s
 10254  8694  631.13404   23 1489  596.00000  632.99771  6.21%  1170 2789s
 10255  8695  604.95767  149 1488  596.00000  632.99475  6.21%  1170 2803s
 10256  8695  631.64913   60 1490  596.00000  632.93328  6.20%  1170 2814s
 10258  8697  608.45155  141 1490  596.00000  632.90977  6.19%  1170 2827s
 10259  8697  599.76688  183 1488  596.00000  632.87855  6.19%  1169 2839s
 10261  8699  619.34181  102 1491  596.00000  632.86365  6.19%  1169 2853s
 10262  8699  601.36115  177 1483  596.00000  632.79384  6.17%  1169 2865s
 10264  8701  599.09921  179 1488  596.00000  632.75490  6.17%  1169 2877s
 10265  8701  598.85858  153 1484  596.00000  632.66276  6.15%  1169 2889s
 10267  8703  629.90360   39 1488  596.00000  632.63613  6.15%  1169 2904s
 10268  8703  627.16160   30 1487  596.00000  632.62844  6.15%  1168 2919s
 10269  8704  619.85950  113 1488  596.00000  632.62475  6.15%  1168 2935s
 10270  8705  620.61407   93 1485  596.00000  632.62364  6.14%  1168 2952s
 10271  8705  622.08130  114 1487  596.00000  632.62314  6.14%  1168 2970s
 10272  8706  606.48190  148 1486  596.00000  632.55440  6.13%  1168 2987s
 10274  8707  619.92195   72 1486  596.00000  632.54103  6.13%  1168 3004s
 10275  8708  614.07109   74 1486  596.00000  632.54055  6.13%  1168 3018s
 10276  8709  602.20090  175 1488  596.00000  632.54051  6.13%  1168 3034s
 10277  8709  630.82705   54 1486  596.00000  632.53803  6.13%  1167 3050s
 10278  8710  598.92009  148 1488  596.00000  632.53580  6.13%  1167 3065s
 10279  8711  632.53525   48 1488  596.00000  632.53525  6.13%  1167 3080s
 10280  8711  626.90428   60 1488  596.00000  632.53501  6.13%  1167 3096s
 10281  8712  623.82299  104 1488  596.00000  632.53498  6.13%  1167 3113s
 10282  8713  598.30303  151 1488  596.00000  632.53498  6.13%  1167 3129s
 10283  8713  597.05465  159 1486  596.00000  632.52165  6.13%  1167 3144s
 10285  8715  626.41465   73 1488  596.00000  632.50820  6.13%  1167 3159s
 10286  8715  604.92575  164 1484  596.00000  632.45099  6.12%  1166 3171s
 10288  8717  601.30451  148 1486  596.00000  632.42893  6.11%  1166 3187s
 10289  8717  603.08043  152 1485  596.00000  632.42281  6.11%  1166 3202s
 10290  8718  621.88277  112 1488  596.00000  632.42073  6.11%  1166 3217s
 10291  8719  628.95201   51 1484  596.00000  632.39770  6.11%  1166 3229s
 10292  8719  625.22353   90 1489  596.00000  632.39260  6.11%  1166 3245s
 10293  8720  606.16884  167 1485  596.00000  632.33580  6.10%  1166 3258s
 10295  8721  631.73883   29 1489  596.00000  632.30995  6.09%  1165 3271s
 10296  8722  606.98023  124 1488  596.00000  632.28683  6.09%  1165 3285s
 10297  8723  597.05465  159 1491  596.00000  632.27968  6.09%  1165 3299s
 10298  8723  629.09154   76 1488  596.00000  632.26486  6.08%  1165 3314s
 10299  8724  625.56568   92 1491  596.00000  632.25985  6.08%  1165 3328s
 10300  8725  622.02743   21 1492  596.00000  632.23772  6.08%  1165 3344s
 10301  8725  600.69218  157 1492  596.00000  632.23365  6.08%  1165 3356s
 10302  8726  607.99807   66 1486  596.00000  632.19196  6.07%  1165 3369s
 10304  8727  630.70619   28 1491  596.00000  632.17367  6.07%  1164 3382s
 10305  8728  605.38486  142 1491  596.00000  632.17187  6.07%  1164 3395s
 10306  8729  631.82723   52 1492  596.00000  632.17072  6.07%  1164 3409s
 10307  8729  627.31900   45 1490  596.00000  632.16769  6.07%  1164 3423s
 10308  8730  614.25316  111 1490  596.00000  632.16504  6.07%  1164 3437s
 10309  8731  598.06102  187 1490  596.00000  632.16435  6.07%  1164 3450s
 10310  8731  626.38618   95 1491  596.00000  632.16374  6.07%  1164 3465s
 10311  8732  619.34034   60 1490  596.00000  632.16122  6.07%  1164 3479s
 10312  8733  627.08900   72 1492  596.00000  632.16021  6.07%  1163 3496s
 10313  8733  610.93377   89 1490  596.00000  632.15989  6.07%  1163 3510s
 10314  8734  610.10840  121 1491  596.00000  632.15974  6.07%  1163 3524s
 10315  8735  628.30570   74 1490  596.00000  632.15961  6.07%  1163 3541s
 10316  8735  599.69259  159 1492  596.00000  632.15959  6.07%  1163 3556s
 10317  8736  602.00780  184 1491  596.00000  632.15958  6.07%  1163 3572s
 10318  8737  611.90653  124 1492  596.00000  632.15958  6.07%  1163 3587s
 10319  8737  627.55320   62 1487  596.00000  632.15586  6.07%  1163 3599s

Cutting planes:
  Gomory: 2
  Flow cover: 66
  Zero half: 640
  RLT: 161
  BQP: 26

Explored 10319 nodes (12218279 simplex iterations) in 3600.09 seconds (4146.80 work units)
Thread count was 1 (of 24 available processors)

Solution count 10: 596 595 594 ... 584

Time limit reached
Best objective 5.960000000000e+02, best bound 6.320000000000e+02, gap 6.0403%

User-callback calls 150054, time in user-callback 1.11 sec
