
Gurobi 11.0.3 (linux64) logging started Thu Mar  5 17:04:10 2026

Set parameter LogFile to value "./log/train/IS_1500_6/IS_37.lp.log"
Set parameter TimeLimit to value 3600
Gurobi Optimizer version 11.0.3 build v11.0.3rc0 (linux64 - "Ubuntu 22.04.5 LTS")

CPU model: AMD Ryzen 9 9900X 12-Core Processor, instruction set [SSE2|AVX|AVX2|AVX512]
Thread count: 12 physical cores, 24 logical processors, using up to 2 threads

Optimize a model with 9206 rows, 1500 columns and 18132 nonzeros
Model fingerprint: 0x904a81f9
Variable types: 0 continuous, 1500 integer (1500 binary)
Coefficient statistics:
  Matrix range     [1e+00, 1e+00]
  Objective range  [1e+00, 1e+00]
  Bounds range     [1e+00, 1e+00]
  RHS range        [1e+00, 1e+00]
Found heuristic solution: objective 333.0000000
Presolve removed 1771 rows and 0 columns
Presolve time: 0.03s
Presolved: 7435 rows, 1500 columns, 16217 nonzeros
Variable types: 0 continuous, 1500 integer (1500 binary)

Root relaxation: objective 6.830000e+02, 3818 iterations, 0.14 seconds (0.24 work units)

    Nodes    |    Current Node    |     Objective Bounds      |     Work
 Expl Unexpl |  Obj  Depth IntInf | Incumbent    BestBd   Gap | It/Node Time

     0     0  683.00000    0 1330  333.00000  683.00000   105%     -    0s
H    0     0                     521.0000000  683.00000  31.1%     -    0s
H    0     0                     524.0000000  683.00000  30.3%     -    0s
     0     0  665.53046    0 1464  524.00000  665.53046  27.0%     -    0s
H    0     0                     529.0000000  665.53046  25.8%     -    0s
     0     0  658.64064    0 1472  529.00000  658.64064  24.5%     -    1s
H    0     0                     551.0000000  658.64064  19.5%     -    1s
     0     0  658.32271    0 1470  551.00000  658.32271  19.5%     -    1s
     0     0  658.14684    0 1474  551.00000  658.14684  19.4%     -    1s
     0     0  658.11671    0 1473  551.00000  658.11671  19.4%     -    1s
     0     0  658.11486    0 1474  551.00000  658.11486  19.4%     -    1s
     0     0  653.82216    0 1478  551.00000  653.82216  18.7%     -    2s
     0     0  653.44362    0 1474  551.00000  653.44362  18.6%     -    2s
     0     0  653.39287    0 1475  551.00000  653.39287  18.6%     -    2s
     0     0  653.38291    0 1474  551.00000  653.38291  18.6%     -    2s
     0     0  653.37929    0 1477  551.00000  653.37929  18.6%     -    2s
     0     0  650.62344    0 1468  551.00000  650.62344  18.1%     -    2s
H    0     0                     553.0000000  650.62344  17.7%     -    2s
     0     0  650.12924    0 1473  553.00000  650.12924  17.6%     -    3s
     0     0  650.08727    0 1476  553.00000  650.08727  17.6%     -    3s
     0     0  650.08384    0 1475  553.00000  650.08384  17.6%     -    3s
     0     0  648.30545    0 1477  553.00000  648.30545  17.2%     -    3s
     0     0  648.00892    0 1480  553.00000  648.00892  17.2%     -    3s
     0     0  647.97775    0 1482  553.00000  647.97775  17.2%     -    3s
     0     0  647.97278    0 1482  553.00000  647.97278  17.2%     -    3s
     0     0  646.68434    0 1475  553.00000  646.68434  16.9%     -    4s
H    0     0                     554.0000000  646.68434  16.7%     -    4s
     0     0  646.52544    0 1478  554.00000  646.52544  16.7%     -    4s
     0     0  646.48963    0 1479  554.00000  646.48963  16.7%     -    4s
     0     0  646.47786    0 1482  554.00000  646.47786  16.7%     -    4s
     0     0  646.47400    0 1482  554.00000  646.47400  16.7%     -    4s
     0     0  645.10878    0 1477  554.00000  645.10878  16.4%     -    4s
     0     0  644.81347    0 1479  554.00000  644.81347  16.4%     -    5s
     0     0  644.77958    0 1478  554.00000  644.77958  16.4%     -    5s
     0     0  644.77203    0 1477  554.00000  644.77203  16.4%     -    5s
     0     0  643.71522    0 1479  554.00000  643.71522  16.2%     -    5s
     0     0  643.56040    0 1481  554.00000  643.56040  16.2%     -    5s
     0     0  643.54159    0 1481  554.00000  643.54159  16.2%     -    5s
     0     0  643.52950    0 1481  554.00000  643.52950  16.2%     -    5s
     0     0  642.78163    0 1480  554.00000  642.78163  16.0%     -    6s
     0     0  642.69827    0 1481  554.00000  642.69827  16.0%     -    6s
     0     0  642.69155    0 1482  554.00000  642.69155  16.0%     -    6s
     0     0  642.05359    0 1480  554.00000  642.05359  15.9%     -    6s
     0     0  641.95528    0 1481  554.00000  641.95528  15.9%     -    6s
     0     0  641.94467    0 1480  554.00000  641.94467  15.9%     -    6s
     0     0  641.15183    0 1485  554.00000  641.15183  15.7%     -    7s
H    0     0                     556.0000000  641.15183  15.3%     -    7s
     0     0  641.02978    0 1481  556.00000  641.02978  15.3%     -    7s
     0     0  641.00857    0 1487  556.00000  641.00857  15.3%     -    7s
     0     0  640.99882    0 1489  556.00000  640.99882  15.3%     -    7s
     0     0  640.46310    0 1484  556.00000  640.46310  15.2%     -    7s
     0     0  640.35430    0 1484  556.00000  640.35430  15.2%     -    8s
     0     0  640.33093    0 1484  556.00000  640.33093  15.2%     -    8s
     0     0  640.32727    0 1484  556.00000  640.32727  15.2%     -    8s
     0     0  639.91411    0 1480  556.00000  639.91411  15.1%     -    8s
     0     0  639.84836    0 1485  556.00000  639.84836  15.1%     -    8s
     0     0  639.83583    0 1486  556.00000  639.83583  15.1%     -    8s
     0     0  639.46932    0 1483  556.00000  639.46932  15.0%     -    8s
     0     0  639.40067    0 1482  556.00000  639.40067  15.0%     -    8s
     0     0  639.37792    0 1482  556.00000  639.37792  15.0%     -    9s
     0     0  639.37364    0 1483  556.00000  639.37364  15.0%     -    9s
     0     0  639.19787    0 1484  556.00000  639.19787  15.0%     -    9s
     0     0  639.13419    0 1484  556.00000  639.13419  15.0%     -    9s
     0     0  639.12339    0 1486  556.00000  639.12339  15.0%     -    9s
     0     0  638.77725    0 1487  556.00000  638.77725  14.9%     -    9s
     0     0  638.71449    0 1487  556.00000  638.71449  14.9%     -    9s
     0     0  638.69857    0 1487  556.00000  638.69857  14.9%     -    9s
     0     0  638.17160    0 1489  556.00000  638.17160  14.8%     -   10s
     0     0  638.07007    0 1490  556.00000  638.07007  14.8%     -   10s
     0     0  638.05056    0 1490  556.00000  638.05056  14.8%     -   10s
     0     0  638.04261    0 1490  556.00000  638.04261  14.8%     -   10s
     0     0  637.74475    0 1488  556.00000  637.74475  14.7%     -   10s
H    0     0                     558.0000000  637.74475  14.3%     -   10s
     0     0  637.71075    0 1487  558.00000  637.71075  14.3%     -   11s
     0     0  637.70442    0 1489  558.00000  637.70442  14.3%     -   11s
     0     0  637.50792    0 1488  558.00000  637.50792  14.2%     -   11s
     0     0  637.46345    0 1488  558.00000  637.46345  14.2%     -   11s
     0     0  637.45371    0 1492  558.00000  637.45371  14.2%     -   11s
     0     0  637.30351    0 1492  558.00000  637.30351  14.2%     -   11s
H    0     0                     559.0000000  637.30351  14.0%     -   11s
     0     0  637.27207    0 1491  559.00000  637.27207  14.0%     -   11s
     0     0  637.26196    0 1492  559.00000  637.26196  14.0%     -   11s
     0     0  637.06595    0 1490  559.00000  637.06595  14.0%     -   11s
H    0     0                     563.0000000  637.06595  13.2%     -   11s
     0     0  637.02961    0 1490  563.00000  637.02961  13.1%     -   11s
     0     0  637.02097    0 1490  563.00000  637.02097  13.1%     -   12s
     0     0  636.76011    0 1490  563.00000  636.76011  13.1%     -   12s
     0     0  636.71831    0 1490  563.00000  636.71831  13.1%     -   12s
     0     0  636.70466    0 1491  563.00000  636.70466  13.1%     -   12s
     0     0  636.63008    0 1490  563.00000  636.63008  13.1%     -   12s
     0     0  636.63008    0 1490  563.00000  636.63008  13.1%     -   12s
H    0     0                     564.0000000  636.63008  12.9%     -   13s
     0     2  636.63008    0 1489  564.00000  636.63008  12.9%     -   13s
     3     6  636.31880    2 1488  564.00000  636.40026  12.8%  3329   15s
     9    12  628.60996    4 1437  564.00000  636.40026  12.8%  2959   23s
    18    23  622.09222    7 1396  564.00000  636.40026  12.8%  2712   25s
H   59    66                     566.0000000  636.40026  12.4%  1856   29s
    65    75  583.95017   21 1198  566.00000  636.40026  12.4%  1856   30s
H  131   117                     568.0000000  636.27222  12.0%  1458   34s
   132   123  628.37945    7 1440  568.00000  636.27222  12.0%  1465   35s
   188   159  609.77630   15 1336  568.00000  636.27222  12.0%  1402   40s
H  189   155                     571.0000000  636.27222  11.4%  1395   40s
H  194   159                     572.0000000  636.27222  11.2%  1424   41s
H  219   173                     575.0000000  636.08944  10.6%  1404   44s
   233   170  627.97540    5 1441  575.00000  636.08944  10.6%  1407   45s
   293   209  621.17580   16 1395  575.00000  636.08944  10.6%  1417   50s
H  310   223                     577.0000000  636.08944  10.2%  1465   54s
   325   228     cutoff   33       577.00000  635.93649  10.2%  1468   56s
   371   262  608.62734   12 1327  577.00000  635.93649  10.2%  1490   60s
H  410   270                     578.0000000  635.93649  10.0%  1424   62s
   437   296  592.70678   31 1260  578.00000  635.37481  9.93%  1433   66s
H  477   289                     579.0000000  635.37481  9.74%  1410   68s
   494   319  624.45724   14 1411  579.00000  635.37481  9.74%  1440   71s
H  509   310                     580.0000000  635.37481  9.55%  1450   71s
   539   365  603.42289   19 1313  580.00000  635.37481  9.55%  1448   76s
   605   413  593.98205   34 1233  580.00000  635.37481  9.55%  1424   80s
   669   438  610.70282   15 1357  580.00000  635.11493  9.50%  1441   87s
   680   457  610.55422   16 1356  580.00000  635.11493  9.50%  1472   90s
   727   504  604.55053   26 1319  580.00000  634.78644  9.45%  1509   96s
   803   544  611.02803   21 1356  580.00000  634.69911  9.43%  1492  101s
   826   574  589.41427   26 1260  580.00000  634.69911  9.43%  1514  105s
   914   575  615.90276   20 1490  580.00000  634.69911  9.43%  1452  118s
   917   577  601.51317   22 1488  580.00000  634.69911  9.43%  1447  124s
   918   578  621.17580   17 1488  580.00000  634.69911  9.43%  1446  125s
   923   581  601.52558   13 1492  580.00000  634.69911  9.43%  1438  131s
   924   582  587.70278   37 1491  580.00000  634.69911  9.43%  1436  135s
   926   583  585.63540   43 1494  580.00000  634.69911  9.43%  1433  140s
   927   584  581.42713   25 1490  580.00000  634.69911  9.43%  1432  145s
   929   585  582.81344   47 1493  580.00000  634.69911  9.43%  1429  151s
   930   586  611.57136   22 1490  580.00000  634.69911  9.43%  1427  156s
   931   586  622.71363   17 1492  580.00000  634.69911  9.43%  1426  163s
   932   587  619.12248   17 1488  580.00000  634.69911  9.43%  1424  169s
   933   588  582.42644   25 1488  580.00000  634.69911  9.43%  1423  174s
   934   588  610.52168   26 1488  580.00000  634.69911  9.43%  1421  183s
   937   593  634.69911   12 1489  580.00000  634.69911  9.43%  1476  185s
   959   608  632.49298   17 1462  580.00000  634.69911  9.43%  1501  190s
   981   625  632.45890   22 1475  580.00000  634.69911  9.43%  1521  195s
  1005   641  630.77325   28 1468  580.00000  634.69911  9.43%  1550  200s
  1033   662  629.11378   34 1459  580.00000  634.69911  9.43%  1575  205s
  1071   689  626.56631   43 1439  580.00000  634.69911  9.43%  1599  211s
  1087   698  625.58751   47 1434  580.00000  634.69911  9.43%  1615  215s
  1106   713  611.75299   51 1375  580.00000  634.69911  9.43%  1657  221s
  1127   730  624.64986   55 1427  580.00000  634.69911  9.43%  1665  225s
  1165   754  622.51119   63 1416  580.00000  634.69911  9.43%  1686  231s
  1193   777  621.21811   68 1415  580.00000  634.69911  9.43%  1700  236s
  1221   795  619.83751   73 1407  580.00000  634.69911  9.43%  1714  240s
  1250   815  618.52980   79 1402  580.00000  634.69911  9.43%  1740  245s
  1281   838  617.28920   85 1391  580.00000  634.69911  9.43%  1769  251s
  1317   869  616.10518   92 1384  580.00000  634.69911  9.43%  1800  256s
  1341   891  615.21663   96 1377  580.00000  634.69911  9.43%  1810  260s
  1403   942  613.70592  106 1365  580.00000  634.69911  9.43%  1830  267s
  1443   978  612.75168  112 1360  580.00000  634.69911  9.43%  1836  270s
  1562  1083  610.75108  126 1345  580.00000  634.69911  9.43%  1806  277s
  1643  1085  609.63299  135 1332  580.00000  634.69911  9.43%  1762  282s
  1688  1096  608.98014  143 1316  580.00000  634.69911  9.43%  1755  286s
  1746  1151  604.85729  166 1289  580.00000  634.69911  9.43%  1771  293s
  1788  1200  602.58494  184 1255  580.00000  634.69911  9.43%  1769  297s
  1851  1272  595.37634  212 1209  580.00000  634.69911  9.43%  1753  302s
  1950  1249  581.30000  258 1008  580.00000  634.54249  9.40%  1703  307s
  1980  1253  627.11783   16 1418  580.00000  634.54249  9.40%  1708  311s
  1994  1259  619.86944   19 1400  580.00000  634.54249  9.40%  1725  316s
  2005  1271  631.23240   22 1445  580.00000  634.54249  9.40%  1736  321s
  2021  1285  630.73621   26 1443  580.00000  634.54249  9.40%  1754  327s
  2040  1300  625.71442   30 1411  580.00000  634.54249  9.40%  1773  332s
  2061  1319  629.48244   35 1432  580.00000  634.54249  9.40%  1788  338s
  2087  1336  627.83814   41 1420  580.00000  634.54249  9.40%  1804  344s
  2113  1357  626.85832   47 1416  580.00000  634.54249  9.40%  1820  350s
  2143  1379  625.63185   54 1409  580.00000  634.54249  9.40%  1838  356s
  2175  1407  624.52889   62 1393  580.00000  634.54249  9.40%  1856  362s
  2213  1434  622.52211   71 1384  580.00000  634.54249  9.40%  1870  369s
  2253  1458  620.75617   81 1376  580.00000  634.54249  9.40%  1883  376s
H 2267  1408                     581.0000000  634.54249  9.22%  1888  376s
  2290  1448  615.57288   88 1355  581.00000  634.54249  9.22%  1894  383s
  2338  1481  615.55630   98 1334  581.00000  634.54249  9.22%  1898  390s
  2387  1512  616.46606  111 1335  581.00000  634.54249  9.22%  1900  397s
  2434  1565  614.71109  122 1328  581.00000  634.54249  9.22%  1897  404s
  2503  1680  613.30002  134 1313  581.00000  634.54249  9.22%  1883  411s
  2645  1668  612.30319  139 1304  581.00000  634.54249  9.22%  1814  418s
  2688  1722  610.43759  148 1291  581.00000  634.54249  9.22%  1808  430s
  2742  1858  603.00230  170 1256  581.00000  634.51035  9.21%  1805  439s
  2908  1877  621.16331   16 1417  581.00000  634.51035  9.21%  1754  448s
  2927  1905  631.22063   22 1457  581.00000  634.51035  9.21%  1768  458s
  2955  1933  630.17921   29 1448  581.00000  634.51035  9.21%  1789  468s
  2983  1966  629.35410   36 1430  581.00000  634.51035  9.21%  1806  478s
  3016  1999  628.15334   44 1426  581.00000  634.51035  9.21%  1824  488s
  3049  2043  626.15232   53 1417  581.00000  634.51035  9.21%  1839  498s
  3093  2103  624.47406   63 1404  581.00000  634.51035  9.21%  1856  509s
  3153  2180  621.47254   78 1387  581.00000  634.51035  9.21%  1876  519s
  3230  2289  618.33780   97 1365  581.00000  634.51035  9.21%  1893  531s
  3339  2515  614.09938  124 1331  581.00000  634.51035  9.21%  1902  542s
  3565  2731  599.39613  182 1246  581.00000  634.51015  9.21%  1864  555s
  3831  2767  633.45497   19 1466  581.00000  634.00704  9.12%  1778  567s
  3867  2806  628.18112   27 1427  581.00000  634.00704  9.12%  1801  579s
  3906  2845  630.80959   37 1449  581.00000  634.00704  9.12%  1823  593s
  3945  2904  629.44935   46 1437  581.00000  634.00704  9.12%  1841  607s
  4004  2942  627.27952   60 1422  581.00000  634.00704  9.12%  1864  622s
  4042  3027  617.55272   67 1370  581.00000  634.00704  9.12%  1875  636s
  4127  3101  621.98125   87 1384  581.00000  634.00704  9.12%  1897  651s
  4201  3129  619.68313  104 1350  581.00000  634.00704  9.12%  1908  664s
  4229  3408  618.42060  109 1355  581.00000  634.00704  9.12%  1910  679s
  4514  3795  606.98230  154 1280  581.00000  634.00607  9.12%  1873  695s
  4956  4271  626.66387   51 1422  581.00000  633.95923  9.12%  1773  711s
  5459  4773  606.05159  156 1288  581.00000  633.80965  9.09%  1664  725s
  5999  5143  624.61074   60 1402  581.00000  633.80965  9.09%  1571  739s
  6394  5700  607.98628  122 1307  581.00000  633.71087  9.07%  1514  754s
  6965  5981  632.22314   20 1458  581.00000  633.71087  9.07%  1444  766s
  7278  6549  622.48107   67 1381  581.00000  633.71087  9.07%  1407  786s
  7846  6815  586.49285  220 1149  581.00000  633.53408  9.04%  1357  803s
  8150  6966  626.12667   52 1418  581.00000  633.53290  9.04%  1323  810s
  8301  7205  608.95224  127 1305  581.00000  633.53290  9.04%  1314  818s
  8540  7581  593.30499  192 1182  581.00000  633.47954  9.03%  1302  826s
  8977  7665  629.15728   44 1432  581.00000  633.47564  9.03%  1260  836s
  9061  7977  621.58425   86 1392  581.00000  633.45698  9.03%  1256  844s
  9393  8070  628.74323   15 1440  581.00000  633.45698  9.03%  1230  850s
  9500  8333  618.78342   73 1373  581.00000  633.32218  9.01%  1226  856s
  9785  8406  631.65314   20 1446  581.00000  633.32218  9.01%  1205  862s
  9872  8522  625.26924   59 1407  581.00000  633.32218  9.01%  1203  868s
  9996  8825  612.00108  122 1324  581.00000  633.32218  9.01%  1199  875s
 10305  9005  592.36932  201 1144  581.00000  633.15403  8.98%  1180  881s
 10525  9119  616.52835   28 1372  581.00000  633.12443  8.97%  1167  886s
 10667  9244  626.45157   22 1427  581.00000  633.12441  8.97%  1161  893s
 10808  9342  587.77700   76 1225  581.00000  632.99895  8.95%  1157  899s
 10930  9452  626.55955   52 1427  581.00000  632.93280  8.94%  1153  905s
 11040  9742  615.24285  113 1349  581.00000  632.93268  8.94%  1150  912s
 11383  9947  624.80248   28 1408  581.00000  632.92633  8.94%  1129  918s
 11588 10154  597.94868  146 1223  581.00000  632.91716  8.94%  1120  924s
 11832 10361  617.72137   55 1385  581.00000  632.91392  8.94%  1107  929s
 12039 10539  586.25000  191 1131  581.00000  632.90721  8.93%  1098  935s
 12263 10711  625.36791   58 1413  581.00000  632.86429  8.93%  1088  942s
 12435 10909  602.40293  161 1251  581.00000  632.86370  8.93%  1082  949s
 12672 10933  631.44574   22 1455  581.00000  632.85195  8.92%  1072  956s
 12696 10959  630.62940   28 1443  581.00000  632.85195  8.92%  1077  964s
 12722 10985  629.83074   34 1434  581.00000  632.85195  8.92%  1083  971s
 12748 11015  629.08403   40 1430  581.00000  632.85195  8.92%  1088  978s
 12778 11047  619.58320   47 1386  581.00000  632.85195  8.92%  1094  985s
 12810 11088  626.24182   55 1421  581.00000  632.85195  8.92%  1099  993s
 12851 11133  624.10595   65 1407  581.00000  632.85195  8.92%  1104 1000s
 12896 11189  622.83782   75 1396  581.00000  632.85195  8.92%  1111 1008s
 12952 11252  619.58109   88 1381  581.00000  632.85195  8.92%  1117 1015s
 13015 11315  616.70252  102 1355  581.00000  632.85195  8.92%  1122 1023s
 13078 11452  613.06016  114 1334  581.00000  632.85195  8.92%  1126 1030s
 13215 11641  608.73207  138 1306  581.00000  632.85195  8.92%  1129 1037s
 13439 11824  599.18605  178 1216  581.00000  632.82530  8.92%  1124 1044s
 13648 12014  607.88248   33 1341  581.00000  632.80885  8.92%  1118 1049s
 13874 12156  627.20856   42 1432  581.00000  632.77071  8.91%  1109 1055s
 14016 12305  609.38175  115 1314  581.00000  632.71398  8.90%  1106 1063s
 14209 12502  624.23614   39 1398  581.00000  632.69120  8.90%  1098 1070s
 14406 12859  607.74334  114 1297  581.00000  632.67083  8.89%  1093 1077s
 14805 12860  595.97487  185 1490  581.00000  632.66876  8.89%  1077 1608s
 14808 12862  585.52273  194 1486  581.00000  632.66876  8.89%  1077 1617s
 14810 12863  611.27315  142 1491  581.00000  630.72071  8.56%  1077 1620s
 14814 12866  625.40457   58 1493  581.00000  630.41115  8.50%  1076 1633s
 14815 12867  594.35632  166 1487  581.00000  630.35411  8.49%  1076 1646s
 14817 12868  613.49865   98 1493  581.00000  630.33676  8.49%  1076 1659s
 14818 12869  623.82009   51 1491  581.00000  629.93331  8.42%  1076 1671s
 14821 12871  606.79849  115 1494  581.00000  629.82124  8.40%  1076 1683s
 14822 12871  608.87874  133 1494  581.00000  629.42065  8.33%  1076 1692s
 14825 12873  597.27037  179 1492  581.00000  629.32706  8.32%  1076 1705s
 14826 12874  596.25729  172 1492  581.00000  629.23306  8.30%  1075 1715s
 14829 12876  616.77314   68 1491  581.00000  629.16002  8.29%  1075 1727s
 14830 12877  625.08931   60 1492  581.00000  629.00224  8.26%  1075 1738s
 14833 12879  587.16328   80 1494  581.00000  628.93261  8.25%  1075 1748s
 14834 12879  626.86507   27 1491  581.00000  628.72626  8.21%  1075 1758s
 14836 12881  618.80993   86 1492  581.00000  628.66194  8.20%  1075 1768s
 14837 12881  624.57321   30 1491  581.00000  628.57550  8.19%  1075 1778s
 14839 12883  600.44290  125 1492  581.00000  628.55969  8.19%  1075 1788s
 14840 12883  628.31301   44 1491  581.00000  628.44195  8.17%  1074 1797s
 14842 12885  587.78030  225 1494  581.00000  628.40885  8.16%  1074 1808s
 14843 12885  606.74907  153 1491  581.00000  628.35165  8.15%  1074 1817s
 14845 12887  616.73504   69 1493  581.00000  628.31559  8.14%  1074 1827s
 14846 12887  596.14667  183 1492  581.00000  628.27481  8.14%  1074 1838s
 14848 12889  594.84185  207 1495  581.00000  628.26256  8.13%  1074 1849s
 14849 12889  588.00000  227 1490  581.00000  628.22739  8.13%  1074 1859s
 14851 12891  586.34162  219 1494  581.00000  628.21113  8.13%  1074 1871s
 14852 12891  608.25946  149 1495  581.00000  628.17786  8.12%  1074 1881s
 14854 12893  602.95455  160 1496  581.00000  628.15591  8.12%  1073 1891s
 14855 12893  582.67248  233 1493  581.00000  628.07752  8.10%  1073 1901s
 14857 12895  588.80400  211 1493  581.00000  628.05037  8.10%  1073 1912s
 14858 12895  626.52197   29 1494  581.00000  628.01519  8.09%  1073 1922s
 14859 12896  622.29254   31 1493  581.00000  628.00666  8.09%  1073 1933s
 14860 12897  608.07381  143 1493  581.00000  627.97577  8.09%  1073 1942s
 14862 12898  592.16234  203 1494  581.00000  627.96233  8.08%  1073 1952s
 14863 12899  599.72105  184 1492  581.00000  627.81943  8.06%  1073 1962s
 14865 12900  615.17985   90 1493  581.00000  627.76840  8.05%  1073 1973s
 14866 12901  592.62186  191 1493  581.00000  627.74938  8.05%  1073 1983s
 14867 12901  613.86971   91 1495  581.00000  627.74205  8.05%  1073 1995s
 14868 12902  591.90254  209 1493  581.00000  627.73702  8.04%  1072 2006s
 14869 12903  618.62481  100 1493  581.00000  627.72822  8.04%  1072 2017s
 14870 12903  594.49745  163 1493  581.00000  627.72466  8.04%  1072 2030s
 14871 12904  601.38420  163 1493  581.00000  627.72345  8.04%  1072 2042s
 14872 12905  587.61877  214 1493  581.00000  627.72297  8.04%  1072 2054s
 14873 12905  608.85899  150 1493  581.00000  627.72272  8.04%  1072 2065s
 14874 12906  591.80638  204 1492  581.00000  627.72266  8.04%  1072 2077s
 14875 12907  591.85714  218 1493  581.00000  627.72263  8.04%  1072 2088s
 14876 12907  604.14693  130 1493  581.00000  627.71099  8.04%  1072 2113s
 14877 12908  599.78748  166 1493  581.00000  627.71044  8.04%  1072 2125s
 14878 12909  584.42857  198 1493  581.00000  627.71044  8.04%  1072 2136s
 14885 12916  626.35822   23 1478  581.00000  627.13586  7.94%  1078 2140s
 14901 12927  625.09427   27 1471  581.00000  627.13586  7.94%  1080 2145s
 14917 12940  624.25302   31 1467  581.00000  627.13586  7.94%  1082 2150s
 14945 12958  622.46375   38 1462  581.00000  627.13586  7.94%  1083 2155s
 14965 12973  620.84044   43 1457  581.00000  627.13586  7.94%  1085 2161s
 14982 12986  619.54076   47 1441  581.00000  627.13586  7.94%  1087 2165s
 15001 12997  618.12605   52 1435  581.00000  627.13586  7.94%  1089 2170s
 15022 13009  615.50941   56 1416  581.00000  627.13586  7.94%  1091 2175s
 15043 13031  615.33529   61 1422  581.00000  627.13586  7.94%  1092 2180s
 15054 13029  614.42802   63 1412  581.00000  627.13586  7.94%  1093 2185s
 15074 13051  611.40676   68 1399  581.00000  627.13586  7.94%  1096 2191s
 15089 13062  612.40961   72 1410  581.00000  627.13586  7.94%  1097 2195s
 15115 13074  609.76503   78 1395  581.00000  627.13586  7.94%  1099 2201s
 15135 13097  609.22340   83 1394  581.00000  627.13586  7.94%  1101 2207s
 15151 13097  608.48260   87 1395  581.00000  627.13586  7.94%  1103 2213s
 15156 13110  606.40132   87 1381  581.00000  627.13586  7.94%  1104 2216s
 15171 13121  607.47397   91 1390  581.00000  627.13586  7.94%  1106 2220s
 15203 13142  605.81365   99 1382  581.00000  627.13586  7.94%  1111 2227s
 15219 13156  605.00255  103 1370  581.00000  627.13586  7.94%  1113 2230s
 15258 13184  603.78245  112 1355  581.00000  627.13586  7.94%  1119 2237s
 15279 13202  602.81204  117 1352  581.00000  627.13586  7.94%  1122 2241s
 15304 13221  601.90852  123 1339  581.00000  627.13586  7.94%  1125 2245s
 15331 13242  601.13761  129 1337  581.00000  627.13586  7.94%  1128 2250s
 15400 13260  591.88578  144 1280  581.00000  627.13586  7.94%  1134 2268s
 15402 13307  598.81157  145 1315  581.00000  627.13586  7.94%  1134 2273s
 15450 13346  593.30893  155 1258  581.00000  627.13586  7.94%  1136 2278s
 15505 13401  594.70534  167 1279  581.00000  627.13586  7.94%  1138 2283s
 15588 13442  584.74107  183 1216  581.00000  627.13586  7.94%  1140 2288s
 15695 13425  585.68973  209 1199  581.00000  626.82311  7.89%  1138 2293s
 15734 13424  626.33668   26 1481  581.00000  626.34151  7.80%  1139 2299s
 15746 13432  625.84774   29 1479  581.00000  626.34151  7.80%  1142 2304s
 15758 13440  625.36393   32 1475  581.00000  626.34151  7.80%  1145 2309s
 15770 13450  625.01976   35 1469  581.00000  626.34151  7.80%  1148 2315s
 15784 13460  624.57708   38 1468  581.00000  626.34151  7.80%  1151 2321s
H15798 12817                     582.0000000  626.34151  7.62%  1154 2327s
 15812 12828  624.06099   44 1460  582.00000  626.34151  7.62%  1157 2333s
 15828 12842  623.64321   48 1453  582.00000  626.34151  7.62%  1161 2340s
 15847 12857  619.77300   52 1432  582.00000  626.34151  7.62%  1164 2347s
 15868 12872  622.54096   57 1448  582.00000  626.34151  7.62%  1168 2352s
 15890 12890  621.76988   62 1431  582.00000  626.34151  7.62%  1172 2359s
 15916 12912  620.97822   68 1427  582.00000  626.34151  7.62%  1176 2367s
 15946 12932  619.49565   75 1420  582.00000  626.34151  7.62%  1180 2374s
 15976 12960  617.93630   82 1417  582.00000  626.34151  7.62%  1183 2382s
 16014 12995  616.70596   91 1404  582.00000  626.34151  7.62%  1187 2390s
 16062 13040  614.40410  102 1388  582.00000  626.34151  7.62%  1192 2397s
 16123 13087  610.62293  115 1352  582.00000  626.34151  7.62%  1196 2407s
 16190 13168  608.89407  130 1355  582.00000  626.34151  7.62%  1200 2415s
 16294 13259  602.66806  148 1307  582.00000  626.34151  7.62%  1202 2424s
 16439 13290  597.55611  176 1278  582.00000  626.34151  7.62%  1200 2434s
 16521 13294  585.58500  212 1147  582.00000  625.99977  7.56%  1201 2444s
 16586 13277  624.72174   29 1468  582.00000  625.99977  7.56%  1203 2455s
 16591 13282  619.98519   29 1438  582.00000  625.99977  7.56%  1204 2466s
 16597 13305  624.37457   32 1463  582.00000  625.99977  7.56%  1205 2476s
 16622 13328  623.47088   38 1454  582.00000  625.99977  7.56%  1210 2487s
 16654 13352  622.66937   45 1440  582.00000  625.99977  7.56%  1216 2497s
 16688 13380  621.90441   53 1435  582.00000  625.99977  7.56%  1222 2508s
 16728 13419  618.83138   61 1408  582.00000  625.99977  7.56%  1228 2521s
 16780 13456  618.88221   73 1400  582.00000  625.99977  7.56%  1234 2534s
 16834 13527  614.64996   85 1375  582.00000  625.99977  7.56%  1239 2548s
 16923 13629  612.68063  104 1361  582.00000  625.99977  7.56%  1246 2563s
 17055 13775  606.95330  130 1329  582.00000  625.99977  7.56%  1250 2577s
 17263 13775  592.99060  184 1209  582.00000  625.73953  7.52%  1249 2600s
 17356 13765  623.28654   31 1450  582.00000  625.73953  7.52%  1252 2615s
 17377 13799  616.37696   33 1418  582.00000  625.73953  7.52%  1256 2632s
 17418 13837  621.64760   43 1442  582.00000  625.73953  7.52%  1264 2650s
 17470 13886  619.90716   55 1426  582.00000  625.73953  7.52%  1272 2669s
 17536 13958  618.17675   69 1411  582.00000  625.73953  7.52%  1280 2689s
 17630 13963  614.63834   89 1382  582.00000  625.73953  7.52%  1289 2709s
 17667 14153  609.30485   97 1364  582.00000  625.73953  7.52%  1291 2731s
 17869 14362  600.21852  133 1301  582.00000  625.73816  7.52%  1295 2752s
 18182 14604  624.18846   28 1464  582.00000  625.62378  7.50%  1288 2774s
 18541 14812  604.99569  139 1313  582.00000  625.60152  7.49%  1279 2793s
 18884 15058  621.01650   47 1436  582.00000  625.60152  7.49%  1270 2816s
 19259 15270  600.26473  139 1275  582.00000  625.60126  7.49%  1261 2838s
 19630 15626  610.04852   98 1347  582.00000  625.38702  7.45%  1252 2860s
 20147 15933  616.70080   70 1398  582.00000  625.38442  7.45%  1240 2883s
 20669 15943  615.17696   46 1395  582.00000  625.06215  7.40%  1228 2904s
 20882 15938  611.89334   33 1409  582.00000  625.06152  7.40%  1228 2925s
 20948 16008  608.87659   52 1380  582.00000  625.06152  7.40%  1237 2947s
 21040 16079  603.46305   80 1345  582.00000  625.06152  7.40%  1245 2969s
 21141 16245  596.27878  119 1291  582.00000  624.99608  7.39%  1250 2990s
 21359 16532  604.92757   92 1330  582.00000  624.96882  7.38%  1253 3009s
 21757 16866  594.76539  150 1239  582.00000  624.89018  7.37%  1248 3029s
 22257 16936  586.66581  182 1257  582.00000  624.80145  7.35%  1235 3055s
 22554 17034     cutoff   52       582.00000  624.76138  7.35%  1234 3073s
 22823 17132  607.29302   32 1389  582.00000  624.61709  7.32%  1231 3086s
 23057 17385  618.60428   30 1433  582.00000  624.53228  7.31%  1227 3103s
 23422 17474  611.77440   29 1422  582.00000  624.47284  7.30%  1218 3115s
 23665 17484  610.74355   30 1376  582.00000  624.43069  7.29%  1213 3129s
 23779 17490  609.44265   31 1378  582.00000  624.40459  7.29%  1215 3143s
 23885 17574  618.76745   30 1428  582.00000  624.38026  7.28%  1217 3157s
 24025 17678  606.21780   50 1356  582.00000  624.33340  7.27%  1217 3171s
 24199 17798  588.96448   69 1259  582.00000  624.27325  7.26%  1215 3185s
 24433 18035  618.70454   26 1424  582.00000  624.22960  7.26%  1213 3200s
 24776 18059  619.64691   32 1436  582.00000  624.18771  7.25%  1205 3213s
 24935 18178  607.51890   39 1363  582.00000  624.14262  7.24%  1204 3225s
 25148 18447  606.80165   91 1351  582.00000  624.06529  7.23%  1201 3241s
 25537 18356  618.25238   31 1419  582.00000  624.06490  7.23%  1194 3254s
 25575 18389  616.76899   42 1399  582.00000  624.06490  7.23%  1198 3266s
 25621 18430  614.55675   56 1389  582.00000  624.06490  7.23%  1203 3281s
 25677 18489  611.02077   74 1367  582.00000  624.06490  7.23%  1207 3294s
 25755 18615  606.04806  100 1330  582.00000  624.06490  7.23%  1212 3307s
 25907 18684  588.46034  159 1191  582.00000  624.06475  7.23%  1215 3322s
 26066 18847  615.72217   30 1427  582.00000  624.04318  7.22%  1215 3336s
 26294 18981  618.33636   27 1428  582.00000  624.04039  7.22%  1213 3349s
 26532 19220  614.02655   67 1387  582.00000  623.98486  7.21%  1211 3362s
 26886 19389  614.39345   60 1385  582.00000  623.95927  7.21%  1203 3375s
 27210 19556  616.57597   46 1409  582.00000  623.95357  7.21%  1196 3387s
 27485 19724  592.24588  158 1233  582.00000  623.93288  7.20%  1192 3400s
 27779 19885  605.06540   91 1351  582.00000  623.88822  7.20%  1187 3412s
 28064 20003  613.97216   63 1384  582.00000  623.87181  7.19%  1181 3423s
 28297 20196  614.34663   70 1388  582.00000  623.82580  7.19%  1177 3434s
 28587 20248  616.25708   38 1412  582.00000  623.82580  7.19%  1172 3448s
 28754 20315  600.68961  120 1307  582.00000  623.81417  7.18%  1169 3462s
 28909 20300  617.74108   38 1420  582.00000  623.81088  7.18%  1169 3475s
 28945 20340  616.39044   47 1400  582.00000  623.81088  7.18%  1172 3489s
 28997 20388  614.92611   59 1391  582.00000  623.81088  7.18%  1176 3503s
 29063 20460  612.29517   75 1361  582.00000  623.81088  7.18%  1180 3517s
 29157 20616  607.78576   96 1339  582.00000  623.81088  7.18%  1183 3532s
 29369 20679  601.67662  129 1304  582.00000  623.79075  7.18%  1184 3546s
 29555 20906  618.00407   33 1432  582.00000  623.76996  7.18%  1184 3568s
 29944 20939  615.61482   30 1423  582.00000  623.75125  7.17%  1179 3590s
 30136 21020  610.03523   42 1387  582.00000  623.70829  7.17%  1177 3600s

Cutting planes:
  Gomory: 18
  Clique: 1
  Flow cover: 104
  Zero half: 949
  RLT: 431
  BQP: 79

Explored 30291 nodes (35727149 simplex iterations) in 3600.00 seconds (10600.85 work units)
Thread count was 2 (of 24 available processors)

Solution count 10: 582 581 580 ... 568

Time limit reached
Best objective 5.820000000000e+02, best bound 6.230000000000e+02, gap 7.0447%

User-callback calls 321100, time in user-callback 0.77 sec

Gurobi 11.0.3 (linux64) logging started Sat Mar  7 14:20:15 2026

Set parameter LogFile to value "./log/train/IS_1500_6/IS_37.lp.log"
Set parameter TimeLimit to value 3600
Gurobi Optimizer version 11.0.3 build v11.0.3rc0 (linux64 - "Ubuntu 22.04.5 LTS")

CPU model: AMD Ryzen 9 9900X 12-Core Processor, instruction set [SSE2|AVX|AVX2|AVX512]
Thread count: 12 physical cores, 24 logical processors, using up to 1 threads

Optimize a model with 9206 rows, 1500 columns and 18132 nonzeros
Model fingerprint: 0x904a81f9
Variable types: 0 continuous, 1500 integer (1500 binary)
Coefficient statistics:
  Matrix range     [1e+00, 1e+00]
  Objective range  [1e+00, 1e+00]
  Bounds range     [1e+00, 1e+00]
  RHS range        [1e+00, 1e+00]
Found heuristic solution: objective 333.0000000
Presolve removed 1771 rows and 0 columns
Presolve time: 0.04s
Presolved: 7435 rows, 1500 columns, 16217 nonzeros
Variable types: 0 continuous, 1500 integer (1500 binary)

Root relaxation: objective 6.830000e+02, 3818 iterations, 0.19 seconds (0.24 work units)

    Nodes    |    Current Node    |     Objective Bounds      |     Work
 Expl Unexpl |  Obj  Depth IntInf | Incumbent    BestBd   Gap | It/Node Time

     0     0  683.00000    0 1330  333.00000  683.00000   105%     -    0s
H    0     0                     521.0000000  683.00000  31.1%     -    0s
H    0     0                     524.0000000  683.00000  30.3%     -    0s
     0     0  665.53046    0 1464  524.00000  665.53046  27.0%     -    1s
H    0     0                     529.0000000  665.53046  25.8%     -    1s
     0     0  658.64064    0 1472  529.00000  658.64064  24.5%     -    2s
H    0     0                     551.0000000  658.64064  19.5%     -    2s
     0     0  658.32271    0 1470  551.00000  658.32271  19.5%     -    2s
     0     0  658.14684    0 1474  551.00000  658.14684  19.4%     -    2s
     0     0  658.11671    0 1473  551.00000  658.11671  19.4%     -    2s
     0     0  658.11486    0 1474  551.00000  658.11486  19.4%     -    2s
     0     0  653.82216    0 1478  551.00000  653.82216  18.7%     -    3s
     0     0  653.44362    0 1474  551.00000  653.44362  18.6%     -    3s
     0     0  653.39287    0 1475  551.00000  653.39287  18.6%     -    3s
     0     0  653.38291    0 1474  551.00000  653.38291  18.6%     -    3s
     0     0  653.37929    0 1477  551.00000  653.37929  18.6%     -    3s
     0     0  650.62344    0 1468  551.00000  650.62344  18.1%     -    4s
H    0     0                     553.0000000  650.62344  17.7%     -    4s
     0     0  650.12924    0 1473  553.00000  650.12924  17.6%     -    4s
     0     0  650.08727    0 1476  553.00000  650.08727  17.6%     -    5s
     0     0  650.08384    0 1475  553.00000  650.08384  17.6%     -    5s
     0     0  648.30545    0 1477  553.00000  648.30545  17.2%     -    5s
     0     0  648.00892    0 1480  553.00000  648.00892  17.2%     -    5s
     0     0  647.97775    0 1482  553.00000  647.97775  17.2%     -    6s
     0     0  647.97278    0 1482  553.00000  647.97278  17.2%     -    6s
     0     0  646.68434    0 1475  553.00000  646.68434  16.9%     -    6s
H    0     0                     554.0000000  646.68434  16.7%     -    6s
     0     0  646.52544    0 1478  554.00000  646.52544  16.7%     -    6s
     0     0  646.48963    0 1479  554.00000  646.48963  16.7%     -    7s
     0     0  646.47786    0 1482  554.00000  646.47786  16.7%     -    7s
     0     0  646.47400    0 1482  554.00000  646.47400  16.7%     -    7s
     0     0  645.10878    0 1477  554.00000  645.10878  16.4%     -    7s
     0     0  644.81347    0 1479  554.00000  644.81347  16.4%     -    8s
     0     0  644.77958    0 1478  554.00000  644.77958  16.4%     -    8s
     0     0  644.77203    0 1477  554.00000  644.77203  16.4%     -    8s
     0     0  643.71522    0 1479  554.00000  643.71522  16.2%     -    8s
     0     0  643.56040    0 1481  554.00000  643.56040  16.2%     -    9s
     0     0  643.54159    0 1481  554.00000  643.54159  16.2%     -    9s
     0     0  643.52950    0 1481  554.00000  643.52950  16.2%     -    9s
     0     0  642.78163    0 1480  554.00000  642.78163  16.0%     -   10s
     0     0  642.69827    0 1481  554.00000  642.69827  16.0%     -   10s
     0     0  642.69155    0 1482  554.00000  642.69155  16.0%     -   10s
     0     0  642.05359    0 1480  554.00000  642.05359  15.9%     -   11s
     0     0  641.95528    0 1481  554.00000  641.95528  15.9%     -   11s
     0     0  641.94467    0 1480  554.00000  641.94467  15.9%     -   11s
     0     0  641.15183    0 1485  554.00000  641.15183  15.7%     -   12s
H    0     0                     556.0000000  641.15183  15.3%     -   12s
     0     0  641.02978    0 1481  556.00000  641.02978  15.3%     -   12s
     0     0  641.00857    0 1487  556.00000  641.00857  15.3%     -   12s
     0     0  640.99882    0 1489  556.00000  640.99882  15.3%     -   12s
     0     0  640.46310    0 1484  556.00000  640.46310  15.2%     -   13s
     0     0  640.35430    0 1484  556.00000  640.35430  15.2%     -   13s
     0     0  640.33093    0 1484  556.00000  640.33093  15.2%     -   13s
     0     0  640.32727    0 1484  556.00000  640.32727  15.2%     -   13s
     0     0  639.91411    0 1480  556.00000  639.91411  15.1%     -   14s
     0     0  639.84836    0 1485  556.00000  639.84836  15.1%     -   14s
     0     0  639.83583    0 1486  556.00000  639.83583  15.1%     -   14s
     0     0  639.46932    0 1483  556.00000  639.46932  15.0%     -   14s
     0     0  639.40067    0 1482  556.00000  639.40067  15.0%     -   15s
     0     0  639.37792    0 1482  556.00000  639.37792  15.0%     -   15s
     0     0  639.37364    0 1483  556.00000  639.37364  15.0%     -   15s
     0     0  639.19787    0 1484  556.00000  639.19787  15.0%     -   15s
     0     0  639.13419    0 1484  556.00000  639.13419  15.0%     -   15s
     0     0  639.12339    0 1486  556.00000  639.12339  15.0%     -   15s
     0     0  638.77725    0 1487  556.00000  638.77725  14.9%     -   16s
     0     0  638.71449    0 1487  556.00000  638.71449  14.9%     -   16s
     0     0  638.69857    0 1487  556.00000  638.69857  14.9%     -   16s
     0     0  638.17160    0 1489  556.00000  638.17160  14.8%     -   17s
     0     0  638.07007    0 1490  556.00000  638.07007  14.8%     -   17s
     0     0  638.05056    0 1490  556.00000  638.05056  14.8%     -   17s
     0     0  638.04261    0 1490  556.00000  638.04261  14.8%     -   17s
     0     0  637.74475    0 1488  556.00000  637.74475  14.7%     -   18s
H    0     0                     558.0000000  637.74475  14.3%     -   18s
     0     0  637.71075    0 1487  558.00000  637.71075  14.3%     -   18s
     0     0  637.70442    0 1489  558.00000  637.70442  14.3%     -   18s
     0     0  637.50792    0 1488  558.00000  637.50792  14.2%     -   18s
     0     0  637.46345    0 1488  558.00000  637.46345  14.2%     -   18s
     0     0  637.45371    0 1492  558.00000  637.45371  14.2%     -   18s
     0     0  637.30351    0 1492  558.00000  637.30351  14.2%     -   19s
H    0     0                     559.0000000  637.30351  14.0%     -   19s
     0     0  637.27207    0 1491  559.00000  637.27207  14.0%     -   19s
     0     0  637.26196    0 1492  559.00000  637.26196  14.0%     -   19s
     0     0  637.06595    0 1490  559.00000  637.06595  14.0%     -   19s
H    0     0                     563.0000000  637.06595  13.2%     -   19s
     0     0  637.02961    0 1490  563.00000  637.02961  13.1%     -   19s
     0     0  637.02097    0 1490  563.00000  637.02097  13.1%     -   20s
     0     0  636.76011    0 1490  563.00000  636.76011  13.1%     -   20s
     0     0  636.71831    0 1490  563.00000  636.71831  13.1%     -   20s
     0     0  636.70466    0 1491  563.00000  636.70466  13.1%     -   20s
     0     0  636.63008    0 1490  563.00000  636.63008  13.1%     -   20s
     0     0  636.63008    0 1490  563.00000  636.63008  13.1%     -   20s
H    0     0                     564.0000000  636.63008  12.9%     -   22s
     0     2  636.62992    0 1489  564.00000  636.62992  12.9%     -   22s
     4     6  625.09491    2 1408  564.00000  636.40125  12.8%  4124   25s
    20    22  618.31491   15 1370  564.00000  636.40125  12.8%  2238   30s
    49    51  581.10823   34 1188  564.00000  636.40125  12.8%  1755   35s
H   54    54                     565.0000000  636.40125  12.6%  1614   35s
H   78    69                     567.0000000  636.40026  12.2%  1539   39s
H   81    66                     572.0000000  636.40026  11.3%  1513   39s
    82    69  624.07271   11 1407  572.00000  636.40026  11.3%  1509   40s
   102    89  614.23453   27 1355  572.00000  636.40026  11.3%  1571   45s
   123   110  611.75739   43 1324  572.00000  636.40026  11.3%  1585   50s
   170   145  629.16987    2 1445  572.00000  636.21624  11.2%  1474   56s
   179   154  616.34850    8 1357  572.00000  636.21624  11.2%  1537   60s
H  189   162                     574.0000000  636.21624  10.8%  1542   62s
   202   177  592.66440   24 1257  574.00000  636.21624  10.8%  1546   66s
   246   210  630.14580    5 1451  574.00000  636.21492  10.8%  1396   70s
   257   221  617.02557   12 1381  574.00000  636.21492  10.8%  1458   75s
   273   237  599.68004   22 1294  574.00000  636.21492  10.8%  1514   80s
H  286   245                     575.0000000  636.21492  10.6%  1496   81s
H  298   254                     576.0000000  636.21492  10.5%  1468   82s
   322   280  585.09131   58 1209  576.00000  636.21492  10.5%  1437   85s
   343   291  614.15862    9 1362  576.00000  636.04279  10.4%  1437   90s
   365   313  604.31807   25 1324  576.00000  636.04279  10.4%  1459   95s
H  379   323                     577.0000000  636.04279  10.2%  1478   97s
   402   348  583.09281   49 1187  577.00000  636.04279  10.2%  1469  100s
   422   360  621.58785   11 1403  577.00000  636.04003  10.2%  1461  105s
   444   382  612.06614   28 1348  577.00000  636.04003  10.2%  1479  110s
H  460   385                     578.0000000  636.04003  10.0%  1495  115s
   514   417  630.24006    6 1444  578.00000  635.87965  10.0%  1437  120s
   531   434  604.63062   19 1323  578.00000  635.87965  10.0%  1450  125s
H  541   435                     579.0000000  635.87965  9.82%  1459  127s
   555   450  599.67771   23 1490  579.00000  635.87965  9.82%  1455  143s
   558   452  605.55371   22 1488  579.00000  635.87965  9.82%  1447  154s
   559   453  611.18385   40 1487  579.00000  635.87965  9.82%  1445  156s
   563   455  632.28195    3 1490  579.00000  635.87965  9.82%  1435  166s
   564   456  616.69416   24 1488  579.00000  635.87965  9.82%  1432  175s
   566   457  582.31821   63 1491  579.00000  635.87965  9.82%  1427  184s
   567   458  592.65760   25 1490  579.00000  635.87965  9.82%  1424  194s
   568   459  623.08559   13 1491  579.00000  635.87965  9.82%  1422  204s
   569   459  614.55129   28 1491  579.00000  635.87965  9.82%  1419  214s
   570   460  622.19658   24 1491  579.00000  635.87965  9.82%  1417  224s
   571   461  590.78694   35 1492  579.00000  635.87965  9.82%  1414  233s
   572   461  616.69416   24 1493  579.00000  635.87965  9.82%  1412  241s
   579   466  591.55316   50 1491  579.00000  635.87965  9.82%  1395  257s
   585   472  635.06397   13 1478  579.00000  635.76910  9.80%  1486  260s
   599   481  634.11055   20 1466  579.00000  635.76873  9.80%  1499  265s
   615   492  623.03347   28 1416  579.00000  635.76873  9.80%  1523  271s
   621   496  629.98712   31 1439  579.00000  635.76873  9.80%  1544  275s
   635   505  625.39199   38 1418  579.00000  635.76873  9.80%  1570  280s
   646   513  628.46427   44 1428  579.00000  635.76873  9.80%  1586  285s
   656   519  625.33782   49 1411  579.00000  635.76873  9.80%  1611  290s
   665   525  623.58458   53 1406  579.00000  635.76873  9.80%  1634  295s
   677   533  616.14214   59 1365  579.00000  635.76873  9.80%  1653  300s
   686   539  625.12772   64 1411  579.00000  635.76873  9.80%  1668  305s
   701   549  621.43716   71 1389  579.00000  635.76873  9.80%  1678  310s
   719   561  619.69886   80 1387  579.00000  635.76873  9.80%  1683  315s
   731   569  618.83190   86 1376  579.00000  635.76873  9.80%  1699  320s
   745   579  615.89948   93 1374  579.00000  635.76873  9.80%  1716  325s
   764   591  608.97646  103 1338  579.00000  635.76873  9.80%  1721  330s
   785   605  610.37713  113 1353  579.00000  635.76873  9.80%  1724  335s
   805   619  606.62760  123 1337  579.00000  635.76873  9.80%  1727  340s
   831   636  600.61971  136 1308  579.00000  635.76873  9.80%  1722  345s
   855   652  597.96990  148 1293  579.00000  635.76873  9.80%  1725  350s
   877   667  595.47069  159 1277  579.00000  635.76873  9.80%  1726  355s
   903   684  589.13150  172 1262  579.00000  635.76873  9.80%  1736  360s
   928   701  593.23141  185 1263  579.00000  635.76873  9.80%  1745  365s
   955   719  581.76546  198 1203  579.00000  635.76873  9.80%  1748  370s
  1005   744  584.42063  223 1142  579.00000  635.76873  9.80%  1718  375s
  1066   754  629.83395   13 1426  579.00000  635.74569  9.80%  1656  380s
  1073   758  633.91797   17 1459  579.00000  635.74569  9.80%  1671  385s
  1080   763  621.57953   20 1418  579.00000  635.74569  9.80%  1688  390s
  1090   770  629.33483   25 1432  579.00000  635.74569  9.80%  1706  395s
  1097   774  631.79248   29 1448  579.00000  635.74569  9.80%  1718  400s
  1105   780  631.03409   33 1445  579.00000  635.74569  9.80%  1734  405s
  1114   786  626.09000   37 1416  579.00000  635.74569  9.80%  1752  410s
  1122   791  624.53644   41 1403  579.00000  635.74569  9.80%  1765  415s
  1132   798  623.97519   46 1409  579.00000  635.74569  9.80%  1781  420s
  1144   806  624.84618   52 1397  579.00000  635.74569  9.80%  1794  425s
  1156   814  623.80428   58 1387  579.00000  635.74569  9.80%  1811  430s
  1170   823  619.58329   65 1377  579.00000  635.74569  9.80%  1825  435s
H 1173   790                     580.0000000  635.74569  9.61%  1826  435s
  1186   801  618.14487   73 1369  580.00000  635.74569  9.61%  1841  440s
  1200   810  619.20402   80 1370  580.00000  635.74569  9.61%  1853  445s
  1214   819  610.50956   87 1323  580.00000  635.74569  9.61%  1865  450s
  1234   833  617.48148   97 1363  580.00000  635.74569  9.61%  1870  455s
  1257   848  618.25282  109 1354  580.00000  635.74569  9.61%  1873  460s
  1284   866  607.03042  122 1290  580.00000  635.74569  9.61%  1883  465s
  1312   885  610.83951  136 1302  580.00000  635.74569  9.61%  1882  470s
  1354   913  608.27821  157 1289  580.00000  635.74569  9.61%  1867  475s
  1412   951  602.14285  186 1248  580.00000  635.74569  9.61%  1831  480s
H 1416   923                     581.0000000  635.74569  9.42%  1827  480s
  1533  1001  582.81250  247 1055  581.00000  635.74569  9.42%  1727  485s
  1548  1001  634.72780   16 1474  581.00000  635.40474  9.36%  1728  490s
  1555  1006  628.16834   19 1442  581.00000  635.40474  9.36%  1740  495s
  1561  1010  628.36779   22 1436  581.00000  635.40474  9.36%  1749  500s
  1569  1015  622.96841   26 1406  581.00000  635.40474  9.36%  1764  506s
  1575  1019  627.17421   29 1427  581.00000  635.40474  9.36%  1774  510s
  1585  1026  623.25531   34 1403  581.00000  635.40474  9.36%  1788  515s
  1593  1031  622.65204   38 1403  581.00000  635.40474  9.36%  1799  520s
  1601  1036  619.51745   42 1398  581.00000  635.40474  9.36%  1810  525s
  1611  1043  625.95359   47 1416  581.00000  635.40474  9.36%  1820  530s
  1619  1048  626.07888   51 1412  581.00000  635.40474  9.36%  1828  535s
  1629  1055  623.75493   56 1401  581.00000  635.40474  9.36%  1839  540s
  1641  1063  624.59404   62 1397  581.00000  635.40474  9.36%  1847  545s
  1655  1072  619.53552   69 1377  581.00000  635.40474  9.36%  1854  550s
  1668  1081  624.54307   76 1399  581.00000  635.40474  9.36%  1861  555s
  1683  1091  619.14964   83 1368  581.00000  635.40474  9.36%  1871  560s
  1695  1099  616.34811   89 1369  581.00000  635.40474  9.36%  1881  565s
  1711  1110  616.59073   97 1345  581.00000  635.40474  9.36%  1887  570s
  1727  1120  618.44114  105 1356  581.00000  635.40474  9.36%  1892  575s
H 1749  1104                     582.0000000  635.40474  9.18%  1892  580s
  1767  1118  608.42224  125 1301  582.00000  635.40474  9.18%  1899  585s
  1793  1142  610.51844  138 1316  582.00000  635.40474  9.18%  1898  590s
  1823  1172  609.45888  153 1311  582.00000  635.40474  9.18%  1892  595s
  1871  1220  603.57109  177 1265  582.00000  635.40474  9.18%  1873  600s
  1932  1281  593.71516  208 1219  582.00000  635.40474  9.18%  1839  605s
  2032  1341  629.01319   16 1439  582.00000  635.40331  9.18%  1770  611s
  2037  1346  634.41460   19 1473  582.00000  635.40331  9.18%  1775  615s
  2043  1352  633.97380   22 1472  582.00000  635.40331  9.18%  1783  620s
  2050  1359  630.07611   25 1436  582.00000  635.40331  9.18%  1792  625s
  2056  1365  625.24695   28 1421  582.00000  635.40331  9.18%  1800  630s
  2062  1371  626.71116   31 1420  582.00000  635.40331  9.18%  1806  635s
  2069  1378  631.88915   35 1452  582.00000  635.40331  9.18%  1812  640s
  2076  1385  627.05277   38 1427  582.00000  635.40331  9.18%  1821  645s
  2084  1393  619.69706   42 1402  582.00000  635.40331  9.18%  1828  650s
  2094  1403  622.77164   47 1409  582.00000  635.40331  9.18%  1836  655s
  2104  1413  626.56164   52 1417  582.00000  635.40331  9.18%  1843  660s
  2114  1423  623.31387   57 1409  582.00000  635.40331  9.18%  1849  665s
  2124  1433  621.69940   62 1397  582.00000  635.40331  9.18%  1855  670s
  2134  1443  611.68869   67 1347  582.00000  635.40331  9.18%  1864  675s
  2145  1454  625.29303   73 1410  582.00000  635.40331  9.18%  1868  681s
  2156  1465  619.06554   78 1384  582.00000  635.40331  9.18%  1874  685s
  2165  1474  623.94278   83 1398  582.00000  635.40331  9.18%  1879  690s
  2176  1485  614.85155   88 1352  582.00000  635.40331  9.18%  1886  695s
  2191  1500  621.23050   96 1377  582.00000  635.40331  9.18%  1891  703s
  2198  1507  617.23564   99 1352  582.00000  635.40331  9.18%  1894  705s
  2202  1511  612.61626  101 1327  582.00000  635.40331  9.18%  1895  710s
  2221  1530  618.46117  111 1362  582.00000  635.40331  9.18%  1897  715s
  2232  1541  610.11513  116 1312  582.00000  635.40331  9.18%  1899  720s
  2243  1552  616.97084  122 1349  582.00000  635.40331  9.18%  1901  725s
  2253  1562  615.98137  127 1342  582.00000  635.40331  9.18%  1901  730s
  2269  1578  614.40881  135 1331  582.00000  635.40331  9.18%  1900  738s
  2280  1589  610.87493  140 1309  582.00000  635.40331  9.18%  1899  741s
  2306  1615  607.24805  153 1297  582.00000  635.40331  9.18%  1896  745s
  2307  1616  610.62197  154 1310  582.00000  635.40331  9.18%  1896  755s
  2334  1643  607.73671  167 1282  582.00000  635.40331  9.18%  1888  765s
  2338  1647  607.16518  169 1291  582.00000  635.40331  9.18%  1887  770s
  2406  1713  594.64196  203 1213  582.00000  635.40331  9.18%  1861  775s
  2499  1776  629.84720   16 1437  582.00000  635.31854  9.16%  1813  780s
  2505  1782  628.79567   19 1442  582.00000  635.31854  9.16%  1819  785s
  2511  1788  629.37294   22 1441  582.00000  635.31854  9.16%  1827  791s
  2517  1794  628.25050   25 1430  582.00000  635.31854  9.16%  1834  796s
  2523  1800  627.70313   28 1423  582.00000  635.31854  9.16%  1839  800s
  2531  1808  624.85630   32 1424  582.00000  635.31854  9.16%  1846  806s
  2537  1814  623.70912   35 1417  582.00000  635.31854  9.16%  1853  810s
  2543  1820  627.60303   38 1425  582.00000  635.31854  9.16%  1859  815s
  2551  1828  621.55150   42 1395  582.00000  635.31854  9.16%  1866  820s
  2561  1838  626.56388   47 1414  582.00000  635.31854  9.16%  1871  825s
  2569  1846  626.48201   51 1425  582.00000  635.31854  9.16%  1876  830s
  2577  1854  625.85635   55 1414  582.00000  635.31854  9.16%  1880  835s
  2585  1862  624.97728   59 1415  582.00000  635.31854  9.16%  1885  840s
  2595  1872  622.53794   64 1399  582.00000  635.31854  9.16%  1890  845s
  2605  1882  620.02613   69 1392  582.00000  635.31854  9.16%  1896  850s
  2615  1892  617.63152   74 1377  582.00000  635.31854  9.16%  1902  858s
  2619  1896  621.04149   76 1395  582.00000  635.31854  9.16%  1904  860s
  2631  1908  619.13534   82 1378  582.00000  635.31854  9.16%  1910  865s
  2646  1923  622.30745   90 1391  582.00000  635.31854  9.16%  1915  870s
  2661  1938  608.56528   97 1328  582.00000  635.31854  9.16%  1922  875s
  2677  1954  618.40672  105 1362  582.00000  635.31854  9.16%  1927  880s
  2693  1970  616.83572  113 1348  582.00000  635.31854  9.16%  1932  885s
  2715  1992  615.45718  124 1346  582.00000  635.31854  9.16%  1934  890s
  2745  2022  610.97878  139 1314  582.00000  635.31854  9.16%  1931  895s
  2771  2048  608.03975  152 1310  582.00000  635.31854  9.16%  1929  903s
  2780  2057  609.08481  157 1311  582.00000  635.31854  9.16%  1927  905s
  2821  2098  603.87005  177 1278  582.00000  635.31854  9.16%  1919  910s
  2893  2168     cutoff  213       582.00000  635.31854  9.16%  1891  915s
  2969  2226  634.28464   15 1465  582.00000  635.31767  9.16%  1856  920s
  2975  2232  633.82079   18 1461  582.00000  635.31767  9.16%  1861  925s
  2976  2233  626.46435   18 1423  582.00000  635.31767  9.16%  1863  937s
  2980  2237  624.91702   20 1414  582.00000  635.31767  9.16%  1867  941s
  2986  2243  628.53090   23 1420  582.00000  635.31767  9.16%  1871  945s
  2992  2249  623.46811   26 1398  582.00000  635.31767  9.16%  1876  950s
  2998  2255  625.87979   29 1417  582.00000  635.31767  9.16%  1880  955s
  3006  2263  617.82462   33 1366  582.00000  635.31767  9.16%  1887  966s
  3012  2269  626.89839   36 1414  582.00000  635.31767  9.16%  1890  970s
  3019  2276  629.90216   40 1433  582.00000  635.31767  9.16%  1892  976s
  3026  2283  624.59516   43 1407  582.00000  635.31767  9.16%  1896  980s
  3034  2291  624.31749   47 1394  582.00000  635.31767  9.16%  1900  985s
  3046  2303  621.58430   53 1394  582.00000  635.31767  9.16%  1906  990s
  3056  2313  623.13928   58 1398  582.00000  635.31767  9.16%  1910  995s
  3068  2325  622.30653   64 1395  582.00000  635.31767  9.16%  1916 1000s
  3078  2335  616.58093   69 1364  582.00000  635.31767  9.16%  1921 1005s
  3090  2347  616.55799   75 1342  582.00000  635.31767  9.16%  1927 1010s
  3104  2361  617.80748   82 1350  582.00000  635.31767  9.16%  1931 1015s
  3116  2373  610.72839   88 1328  582.00000  635.31767  9.16%  1935 1020s
  3128  2385  618.99303   94 1358  582.00000  635.31767  9.16%  1937 1025s
  3146  2403  615.80724  103 1333  582.00000  635.31767  9.16%  1940 1030s
  3168  2425  604.99060  114 1296  582.00000  635.31767  9.16%  1944 1035s
  3194  2451  613.82268  127 1309  582.00000  635.31767  9.16%  1943 1040s
  3228  2485  606.92491  144 1281  582.00000  635.31767  9.16%  1940 1045s
  3280  2537  601.97612  170 1253  582.00000  635.31767  9.16%  1928 1050s
  3384  2639  586.12865  222 1180  582.00000  635.31767  9.16%  1890 1055s
  3441  2668  628.41894   15 1439  582.00000  635.06355  9.12%  1868 1060s
  3447  2674  629.54944   18 1439  582.00000  635.06355  9.12%  1873 1065s
  3453  2680  626.17675   21 1429  582.00000  635.06355  9.12%  1878 1070s
  3459  2686  628.17745   24 1426  582.00000  635.06355  9.12%  1882 1075s
  3465  2692  625.38378   27 1417  582.00000  635.06355  9.12%  1887 1080s
  3469  2696  626.54931   29 1425  582.00000  635.06355  9.12%  1889 1085s
  3475  2702  628.51951   32 1429  582.00000  635.06355  9.12%  1893 1090s
  3483  2710  627.62945   36 1425  582.00000  635.06355  9.12%  1898 1095s
  3491  2718  626.93286   40 1419  582.00000  635.06355  9.12%  1902 1100s
  3500  2727  629.53174   45 1435  582.00000  635.06355  9.12%  1905 1105s
  3503  2730  627.22930   46 1415  582.00000  635.06355  9.12%  1906 1111s
  3510  2737  628.55684   50 1435  582.00000  635.06355  9.12%  1909 1115s
  3519  2746  622.31173   54 1400  582.00000  635.06355  9.12%  1913 1120s
  3531  2758  617.64775   60 1383  582.00000  635.06355  9.12%  1918 1125s
  3539  2766  621.22796   64 1382  582.00000  635.06355  9.12%  1921 1130s
  3551  2778  619.56778   70 1392  582.00000  635.06355  9.12%  1925 1135s
  3563  2790  609.25926   76 1320  582.00000  635.06355  9.12%  1930 1140s
  3577  2804  609.87865   83 1328  582.00000  635.06355  9.12%  1934 1145s
  3593  2820  614.33214   91 1351  582.00000  635.06355  9.12%  1938 1150s
  3609  2836  614.98582   99 1347  582.00000  635.06355  9.12%  1942 1155s
  3624  2851  619.75625  107 1373  582.00000  635.06355  9.12%  1946 1160s
  3644  2871  618.05574  117 1346  582.00000  635.06355  9.12%  1946 1165s
  3665  2892  609.10726  127 1283  582.00000  635.06355  9.12%  1948 1170s
  3693  2920  612.55798  141 1295  582.00000  635.06355  9.12%  1946 1175s
  3729  2956  605.27804  159 1237  582.00000  635.06355  9.12%  1940 1180s
  3787  3014  594.38604  188 1216  582.00000  635.06355  9.12%  1927 1185s
  3894  3101     cutoff  236       582.00000  635.06355  9.12%  1890 1190s
  3920  3103  627.92289   16 1435  582.00000  635.06344  9.12%  1884 1195s
  3925  3108  633.77310   19 1466  582.00000  635.06344  9.12%  1886 1200s
  3930  3113  628.85441   21 1431  582.00000  635.06344  9.12%  1890 1205s
  3937  3120  632.77034   25 1463  582.00000  635.06344  9.12%  1894 1210s
  3944  3127  619.30080   28 1390  582.00000  635.06344  9.12%  1899 1216s
  3945  3128  632.04150   29 1452  582.00000  635.06344  9.12%  1899 1220s
  3951  3134  631.45858   32 1451  582.00000  635.06344  9.12%  1903 1225s
  3958  3141  619.62487   35 1402  582.00000  635.06344  9.12%  1907 1230s
  3966  3149  626.74199   39 1414  582.00000  635.06344  9.12%  1910 1235s
  3974  3157  627.02855   43 1412  582.00000  635.06344  9.12%  1913 1240s
  3984  3167  624.38328   48 1403  582.00000  635.06344  9.12%  1917 1245s
  3992  3175  624.82210   52 1415  582.00000  635.06344  9.12%  1920 1250s
  4000  3183  621.37681   56 1400  582.00000  635.06344  9.12%  1923 1255s
  4008  3191  620.32606   60 1383  582.00000  635.06344  9.12%  1927 1265s
  4016  3199  623.66574   64 1396  582.00000  635.06344  9.12%  1931 1270s
  4027  3210  625.13914   70 1413  582.00000  635.06344  9.12%  1934 1275s
  4040  3223  620.75630   76 1379  582.00000  635.06344  9.12%  1937 1280s
  4044  3227  618.68758   78 1368  582.00000  635.06344  9.12%  1938 1287s
  4050  3233  618.57828   81 1380  582.00000  635.06344  9.12%  1940 1290s
  4062  3245  609.33774   87 1312  582.00000  635.06344  9.12%  1943 1295s
  4070  3253  615.19009   91 1348  582.00000  635.06344  9.12%  1946 1306s
  4086  3269  617.83817   99 1353  582.00000  635.06344  9.12%  1948 1310s
  4105  3288  618.53758  109 1360  582.00000  635.06344  9.12%  1949 1315s
  4128  3311  613.22093  120 1331  582.00000  635.06344  9.12%  1949 1320s
  4159  3342  611.67648  136 1333  582.00000  635.06344  9.12%  1947 1325s
  4192  3375  604.80398  152 1265  582.00000  635.06344  9.12%  1944 1330s
  4241  3424  600.87294  177 1257  582.00000  635.06344  9.12%  1934 1335s
  4347  3520  585.91814  230 1190  582.00000  635.06344  9.12%  1903 1340s
  4409  3553  631.20147   33 1449  582.00000  634.80476  9.07%  1884 1345s
  4451  3595  624.87638   75 1393  582.00000  634.80476  9.07%  1875 1350s
  4483  3627  619.88480  100 1358  582.00000  634.80476  9.07%  1871 1355s
  4528  3672  612.37122  131 1316  582.00000  634.80476  9.07%  1864 1360s
  4584  3728  604.69729  161 1274  582.00000  634.80476  9.07%  1854 1365s
  4664  3808  597.87374  186 1227  582.00000  634.80476  9.07%  1837 1370s
  4783  3927  589.96686  212 1176  582.00000  634.80476  9.07%  1807 1375s
  4991  4109  633.40563   16 1460  582.00000  634.80395  9.07%  1745 1380s
  5010  4128  630.14482   35 1438  582.00000  634.80395  9.07%  1741 1392s
  5011  4129  630.01881   36 1437  582.00000  634.80395  9.07%  1741 1398s
  5024  4142  627.25621   49 1422  582.00000  634.80395  9.07%  1739 1400s
  5073  4191  620.24417   95 1364  582.00000  634.80395  9.07%  1731 1405s
  5124  4242  611.64898  132 1310  582.00000  634.80395  9.07%  1723 1410s
  5176  4294  603.48476  161 1269  582.00000  634.80395  9.07%  1716 1415s
  5283  4401  595.63511  190 1223  582.00000  634.80395  9.07%  1695 1420s
  5439  4557  587.50000  216 1109  582.00000  634.80395  9.07%  1660 1425s
  5565  4667  632.46758   29 1450  582.00000  634.69215  9.05%  1633 1430s
  5595  4697  626.71913   58 1418  582.00000  634.69215  9.05%  1630 1435s
  5635  4737  618.97913   92 1363  582.00000  634.69215  9.05%  1626 1440s
  5679  4781  613.10487  127 1322  582.00000  634.69215  9.05%  1622 1445s
  5728  4830  605.60828  152 1258  582.00000  634.69215  9.05%  1617 1450s
  5790  4892  601.09281  172 1231  582.00000  634.69215  9.05%  1610 1455s
  5903  5005  591.02203  200 1179  582.00000  634.69215  9.05%  1591 1460s
  6050  5129  629.25101   15 1426  582.00000  634.54617  9.03%  1561 1465s
  6083  5162  623.33245   48 1386  582.00000  634.54617  9.03%  1557 1470s
  6129  5208  612.32738   88 1320  582.00000  634.54617  9.03%  1552 1475s
  6195  5274  603.33855  127 1249  582.00000  634.54617  9.03%  1546 1480s
  6303  5382  590.84817  176 1172  582.00000  634.54617  9.03%  1531 1485s
  6485  5527  633.65836   20 1464  582.00000  634.54588  9.03%  1498 1490s
  6503  5545  630.62283   38 1444  582.00000  634.54588  9.03%  1497 1497s
  6521  5563  627.31417   56 1426  582.00000  634.54588  9.03%  1495 1500s
  6569  5611  618.05672  101 1355  582.00000  634.54588  9.03%  1491 1505s
  6602  5644  612.67710  122 1328  582.00000  634.54588  9.03%  1491 1510s
  6638  5680  608.84472  142 1318  582.00000  634.54588  9.03%  1490 1515s
  6709  5751  599.20754  176 1251  582.00000  634.54588  9.03%  1483 1520s
  6825  5867  589.23032  204 1191  582.00000  634.54588  9.03%  1468 1525s
  6992  6016  634.14567   18 1472  582.00000  634.41734  9.01%  1443 1530s
  7014  6038  630.46460   40 1450  582.00000  634.41734  9.01%  1442 1543s
  7026  6050  627.98808   52 1434  582.00000  634.41734  9.01%  1441 1545s
  7041  6065  625.58278   67 1421  582.00000  634.41734  9.01%  1440 1564s
  7042  6066  625.30052   68 1420  582.00000  634.41734  9.01%  1440 1568s
  7045  6069  620.42513   67 1394  582.00000  634.41734  9.01%  1441 1570s
  7074  6098  618.34386   91 1373  582.00000  634.41734  9.01%  1441 1575s
  7113  6137  613.38503  123 1330  582.00000  634.41734  9.01%  1440 1580s
  7168  6192  605.21349  158 1294  582.00000  634.41734  9.01%  1437 1585s
  7275  6299  594.79012  201 1229  582.00000  634.41734  9.01%  1426 1590s
  7457  6481  584.36111  233 1092  582.00000  634.41734  9.01%  1403 1595s
  7528  6532  623.04391   39 1403  582.00000  634.39941  9.00%  1394 1600s
  7591  6595  609.92986   93 1331  582.00000  634.39941  9.00%  1389 1605s
  7636  6640  605.10380  123 1297  582.00000  634.39941  9.00%  1388 1610s
  7729  6733  592.54659  169 1210  582.00000  634.39941  9.00%  1381 1615s
  7883  6845  626.57515   17 1429  582.00000  634.27399  8.98%  1363 1621s
  7892  6854  625.08479   26 1418  582.00000  634.27399  8.98%  1362 1628s
  7914  6876  619.28237   46 1371  582.00000  634.27399  8.98%  1361 1630s
  7959  6921  611.69909   84 1333  582.00000  634.27399  8.98%  1359 1635s
  8016  6978  604.44378  129 1289  582.00000  634.27399  8.98%  1355 1640s
  8129  7091  589.60891  175 1209  582.00000  634.27399  8.98%  1345 1645s
  8241  7166  619.53111   22 1392  582.00000  634.26634  8.98%  1333 1650s
  8294  7211  628.84034   18 1426  582.00000  634.25926  8.98%  1331 1655s
  8338  7255  620.55934   62 1372  582.00000  634.25926  8.98%  1328 1660s
  8463  7380  587.71875  187 1197  582.00000  634.25926  8.98%  1315 1665s
  8498  7397  624.88551   23 1412  582.00000  634.25888  8.98%  1314 1670s
  8506  7405  627.22566   27 1408  582.00000  634.25888  8.98%  1317 1675s
  8514  7413  623.14324   31 1395  582.00000  634.25888  8.98%  1319 1680s
  8522  7421  621.94198   35 1387  582.00000  634.25888  8.98%  1321 1685s
  8532  7431  621.38293   40 1385  582.00000  634.25888  8.98%  1324 1690s
  8540  7439  625.56807   44 1389  582.00000  634.25888  8.98%  1326 1695s
  8552  7451  623.01768   50 1393  582.00000  634.25888  8.98%  1329 1700s
  8564  7463  623.77911   56 1383  582.00000  634.25888  8.98%  1331 1705s
  8578  7477  620.61194   63 1378  582.00000  634.25888  8.98%  1334 1710s
  8590  7489  617.81033   69 1364  582.00000  634.25888  8.98%  1336 1715s
  8604  7503  614.07929   76 1335  582.00000  634.25888  8.98%  1338 1734s
  8606  7505  618.41422   77 1351  582.00000  634.25888  8.98%  1338 1735s
  8623  7522  621.67768   86 1365  582.00000  634.25888  8.98%  1341 1740s
  8646  7545  612.52668   97 1341  582.00000  634.25888  8.98%  1343 1745s
  8670  7569  613.03537  109 1317  582.00000  634.25888  8.98%  1346 1750s
  8706  7605  610.81646  127 1296  582.00000  634.25888  8.98%  1347 1755s
  8758  7657  605.56316  153 1267  582.00000  634.25888  8.98%  1348 1760s
  8852  7751  591.21429  200 1184  582.00000  634.25888  8.98%  1343 1765s
  8950  7826  629.07233   46 1424  582.00000  634.20998  8.97%  1334 1770s
  8999  7875  621.13206   95 1355  582.00000  634.20998  8.97%  1331 1775s
  9057  7933  606.99110  153 1267  582.00000  634.20998  8.97%  1326 1780s
  9196  8028  630.31322   36 1432  582.00000  634.20539  8.97%  1312 1785s
  9253  8085  618.05433   93 1337  582.00000  634.20539  8.97%  1309 1790s
  9370  8186  632.38341   22 1461  582.00000  634.16068  8.96%  1298 1795s
  9415  8231  625.14568   66 1405  582.00000  634.16068  8.96%  1297 1800s
  9467  8283  616.50527  114 1351  582.00000  634.16068  8.96%  1295 1805s
  9533  8349  605.35089  158 1286  582.00000  634.16068  8.96%  1292 1810s
  9625  8441  595.60233  194 1214  582.00000  634.16068  8.96%  1287 1815s
  9823  8637  584.61682  226 1123  582.00000  634.16068  8.96%  1268 1820s
  9901  8685  619.24351   41 1380  582.00000  634.14489  8.96%  1262 1825s
  9966  8732  629.02620   19 1444  582.00000  634.09140  8.95%  1259 1830s
  9989  8755  625.29039   42 1422  582.00000  634.09140  8.95%  1258 1835s
 10020  8786  619.44944   73 1379  582.00000  634.09140  8.95%  1257 1843s
 10046  8812  613.86914   99 1356  582.00000  634.09140  8.95%  1255 1845s
 10188  8927  623.24047   19 1410  582.00000  633.99038  8.93%  1245 1851s
 10203  8941  632.00360   15 1490  582.00000  633.99038  8.93%  1245 2562s
 10206  8943  619.14036   97 1488  582.00000  633.99038  8.93%  1245 2571s
 10208  8944  583.37778  231 1487  582.00000  631.08018  8.43%  1245 2575s
 10214  8948  615.47987   86 1491  582.00000  630.69180  8.37%  1244 2592s
 10215  8949  588.05825  220 1490  582.00000  630.60258  8.35%  1244 2605s
 10218  8951  620.74119   77 1491  582.00000  630.57670  8.35%  1243 2620s
 10219  8952  593.44202  193 1490  582.00000  630.22131  8.29%  1243 2632s
 10224  8955  587.20710  224 1489  582.00000  630.10543  8.27%  1243 2649s
 10225  8956  624.91337   21 1488  582.00000  630.04433  8.26%  1242 2662s
 10228  8958  599.77713  147 1492  582.00000  630.01375  8.25%  1242 2678s
 10229  8958  591.61656  212 1489  582.00000  629.61435  8.18%  1242 2690s
 10233  8961  629.50769   38 1491  582.00000  629.50769  8.16%  1242 2706s
 10234  8962  611.92412  105 1489  582.00000  629.14757  8.10%  1241 2723s
 10238  8964  621.34440   93 1490  582.00000  629.06644  8.09%  1241 2738s
 10239  8965  611.58784  136 1491  582.00000  629.00584  8.08%  1241 2752s
 10242  8967  600.25463  181 1489  582.00000  628.97121  8.07%  1240 2770s
 10243  8968  587.43310  190 1490  582.00000  628.90290  8.06%  1240 2785s
 10246  8970  605.38000  163 1491  582.00000  628.86721  8.05%  1240 2802s
 10247  8970  628.81645   39 1491  582.00000  628.81645  8.04%  1240 2817s
 10250  8972  609.12811  141 1491  582.00000  628.78298  8.04%  1239 2834s
 10251  8973  606.11997  132 1488  582.00000  628.65277  8.02%  1239 2849s
 10255  8976  620.47414   69 1492  582.00000  628.59604  8.01%  1239 2865s
 10256  8976  623.84982   32 1490  582.00000  628.55846  8.00%  1239 2880s
 10259  8978  617.68002  110 1492  582.00000  628.54341  8.00%  1238 2898s
 10260  8979  584.22500  239 1490  582.00000  628.50368  7.99%  1238 2913s
 10262  8980  596.40000  203 1492  582.00000  628.49345  7.99%  1238 2929s
 10263  8981  628.46757   35 1492  582.00000  628.46757  7.98%  1238 2946s
 10266  8983  618.57717   82 1490  582.00000  628.45025  7.98%  1238 2963s
 10267  8984  589.33371  223 1491  582.00000  628.40636  7.97%  1237 2981s
 10270  8986  585.81454  219 1493  582.00000  628.37250  7.97%  1237 2997s
 10271  8986  608.97304  142 1490  582.00000  628.34315  7.96%  1237 3013s
 10273  8988  601.92418  135 1491  582.00000  628.32957  7.96%  1237 3031s
 10274  8988  602.29167  172 1491  582.00000  628.32789  7.96%  1237 3050s
 10275  8989  619.53718   80 1491  582.00000  628.32717  7.96%  1236 3067s
 10276  8990  583.37345  231 1492  582.00000  628.32693  7.96%  1236 3087s
 10277  8990  597.06571  188 1492  582.00000  628.32691  7.96%  1236 3106s
 10278  8991  610.77986  116 1492  582.00000  628.32690  7.96%  1236 3126s
 10279  8992  586.71614  224 1492  582.00000  628.32689  7.96%  1236 3145s
 10280  8992  592.14167  199 1492  582.00000  628.32689  7.96%  1236 3164s
 10281  8993  622.23171   78 1492  582.00000  628.32688  7.96%  1236 3183s
 10282  8994  614.20129  129 1492  582.00000  628.32033  7.96%  1236 3220s
 10283  8994  610.87663  122 1492  582.00000  628.32004  7.96%  1235 3239s
 10284  8995  585.99780  226 1492  582.00000  628.32004  7.96%  1235 3255s
 10290  9001  626.22554   23 1470  582.00000  627.86179  7.88%  1245 3260s
 10297  9006  626.70828   27 1480  582.00000  627.86179  7.88%  1245 3265s
 10306  9012  624.70363   31 1463  582.00000  627.86179  7.88%  1247 3270s
 10314  9017  624.03148   35 1465  582.00000  627.86179  7.88%  1248 3275s
 10323  9023  622.75169   40 1466  582.00000  627.86179  7.88%  1249 3280s
 10334  9030  620.34715   45 1447  582.00000  627.86179  7.88%  1249 3285s
 10346  9038  617.99659   51 1437  582.00000  627.86179  7.88%  1250 3290s
 10356  9045  615.36996   56 1427  582.00000  627.86179  7.88%  1251 3295s
 10369  9054  616.17440   63 1439  582.00000  627.86179  7.88%  1251 3300s
 10380  9061  612.80549   68 1416  582.00000  627.86179  7.88%  1253 3305s
 10391  9068  612.56581   74 1427  582.00000  627.86179  7.88%  1254 3310s
 10404  9077  610.44074   80 1417  582.00000  627.86179  7.88%  1255 3315s
 10418  9086  608.66379   87 1404  582.00000  627.86179  7.88%  1256 3320s
 10436  9098  604.13825   96 1372  582.00000  627.86179  7.88%  1257 3325s
 10451  9108  602.69941  104 1364  582.00000  627.86179  7.88%  1258 3330s
 10467  9119  599.96294  112 1353  582.00000  627.86179  7.88%  1259 3335s
 10483  9130  597.77981  120 1347  582.00000  627.86179  7.88%  1260 3340s
 10501  9142  595.06929  129 1334  582.00000  627.86179  7.88%  1261 3345s
 10520  9154  591.83004  138 1311  582.00000  627.86179  7.88%  1262 3350s
 10538  9166  587.01938  147 1290  582.00000  627.86179  7.88%  1263 3355s
 10555  9176  588.26926  156 1302  582.00000  627.86179  7.88%  1264 3360s
 10580  9179  583.52051  168 1277  582.00000  627.86179  7.88%  1265 3365s
 10609  9171  623.49949   23 1456  582.00000  627.84465  7.88%  1264 3370s
 10615  9175  622.24258   26 1441  582.00000  627.84465  7.88%  1266 3376s
 10619  9177  618.69910   28 1436  582.00000  627.84465  7.88%  1268 3380s
 10624  9181  626.00595   31 1469  582.00000  627.84465  7.88%  1269 3385s
 10629  9184  619.70632   33 1430  582.00000  627.84465  7.88%  1271 3390s
 10635  9188  621.26915   36 1436  582.00000  627.84465  7.88%  1273 3395s
 10641  9192  619.46447   39 1435  582.00000  627.84465  7.88%  1275 3401s
 10647  9196  615.88789   42 1409  582.00000  627.84465  7.88%  1277 3406s
 10653  9200  609.98270   45 1386  582.00000  627.84465  7.88%  1279 3411s
 10659  9204  619.66281   48 1411  582.00000  627.84465  7.88%  1280 3415s
 10665  9208  620.65836   51 1421  582.00000  627.84465  7.88%  1282 3420s
 10673  9213  620.13617   55 1423  582.00000  627.84465  7.88%  1284 3425s
 10683  9220  618.68103   60 1414  582.00000  627.84465  7.88%  1286 3430s
 10691  9225  617.32212   64 1407  582.00000  627.84465  7.88%  1287 3435s
 10701  9232  616.61145   69 1405  582.00000  627.84465  7.88%  1289 3440s
 10709  9237  614.26185   73 1391  582.00000  627.84465  7.88%  1291 3445s
 10718  9243  618.81279   78 1411  582.00000  627.84465  7.88%  1293 3450s
 10727  9249  611.49695   82 1374  582.00000  627.84465  7.88%  1295 3455s
 10737  9256  614.13951   87 1383  582.00000  627.84465  7.88%  1297 3460s
 10749  9264  614.56880   93 1374  582.00000  627.84465  7.88%  1298 3465s
 10761  9272  610.01205   99 1362  582.00000  627.84465  7.88%  1300 3470s
 10773  9280  607.40984  105 1340  582.00000  627.84465  7.88%  1302 3475s
 10789  9291  610.77102  113 1358  582.00000  627.84465  7.88%  1303 3480s
 10809  9304  606.96680  123 1343  582.00000  627.84465  7.88%  1304 3485s
 10826  9315  606.15267  132 1329  582.00000  627.84465  7.88%  1305 3490s
 10852  9333  604.86618  145 1329  582.00000  627.84465  7.88%  1306 3495s
 10887  9356  596.73105  162 1278  582.00000  627.84465  7.88%  1305 3500s
 10931  9385  591.45360  184 1217  582.00000  627.84465  7.88%  1304 3505s
 10994  9413  627.21513   22 1477  582.00000  627.21513  7.77%  1300 3510s
 10998  9416  622.27512   24 1436  582.00000  627.13224  7.75%  1301 3515s
 11004  9420  621.46663   27 1433  582.00000  627.13224  7.75%  1303 3521s
 11008  9423  621.96152   29 1428  582.00000  627.13224  7.75%  1304 3525s
 11014  9427  615.42523   32 1411  582.00000  627.13224  7.75%  1307 3531s
 11019  9430  625.44467   35 1455  582.00000  627.13224  7.75%  1308 3535s
 11026  9435  620.87408   38 1421  582.00000  627.13224  7.75%  1310 3541s
 11032  9439  618.16578   41 1411  582.00000  627.13224  7.75%  1312 3546s
 11037  9442  623.85452   44 1444  582.00000  627.13224  7.75%  1313 3550s
 11044  9447  619.72882   47 1417  582.00000  627.13224  7.75%  1315 3556s
 11050  9451  620.60999   50 1412  582.00000  627.13224  7.75%  1316 3560s
 11058  9456  618.45562   54 1409  582.00000  627.13224  7.75%  1318 3565s
 11066  9461  618.05067   58 1402  582.00000  627.13224  7.75%  1319 3570s
 11076  9468  617.41880   63 1410  582.00000  627.13224  7.75%  1321 3575s
 11086  9475  617.80903   68 1397  582.00000  627.13224  7.75%  1323 3580s
 11098  9483  616.54789   74 1396  582.00000  627.13224  7.75%  1325 3585s
 11109  9490  617.72514   80 1406  582.00000  627.13224  7.75%  1326 3590s
 11120  9497  615.19372   85 1389  582.00000  627.13224  7.75%  1328 3595s

Cutting planes:
  Gomory: 17
  Flow cover: 76
  Zero half: 619
  RLT: 226
  BQP: 41

Explored 11132 nodes (14910010 simplex iterations) in 3600.00 seconds (4817.22 work units)
Thread count was 1 (of 24 available processors)

Solution count 10: 582 581 580 ... 572

Time limit reached
Best objective 5.820000000000e+02, best bound 6.270000000000e+02, gap 7.7320%

User-callback calls 167997, time in user-callback 1.21 sec
