
Gurobi 11.0.3 (linux64) logging started Thu Mar  5 16:04:10 2026

Set parameter LogFile to value "./log/train/IS_1500_6/IS_31.lp.log"
Set parameter TimeLimit to value 3600
Gurobi Optimizer version 11.0.3 build v11.0.3rc0 (linux64 - "Ubuntu 22.04.5 LTS")

CPU model: AMD Ryzen 9 9900X 12-Core Processor, instruction set [SSE2|AVX|AVX2|AVX512]
Thread count: 12 physical cores, 24 logical processors, using up to 2 threads

Optimize a model with 9181 rows, 1500 columns and 18098 nonzeros
Model fingerprint: 0xa1c4368d
Variable types: 0 continuous, 1500 integer (1500 binary)
Coefficient statistics:
  Matrix range     [1e+00, 1e+00]
  Objective range  [1e+00, 1e+00]
  Bounds range     [1e+00, 1e+00]
  RHS range        [1e+00, 1e+00]
Found heuristic solution: objective 328.0000000
Presolve removed 1743 rows and 0 columns
Presolve time: 0.02s
Presolved: 7438 rows, 1500 columns, 16237 nonzeros
Variable types: 0 continuous, 1500 integer (1500 binary)

Root relaxation: objective 6.835000e+02, 4487 iterations, 0.17 seconds (0.29 work units)

    Nodes    |    Current Node    |     Objective Bounds      |     Work
 Expl Unexpl |  Obj  Depth IntInf | Incumbent    BestBd   Gap | It/Node Time

     0     0  683.50000    0 1325  328.00000  683.50000   108%     -    0s
H    0     0                     520.0000000  683.50000  31.4%     -    0s
H    0     0                     525.0000000  683.50000  30.2%     -    0s
     0     0  671.46742    0 1465  525.00000  671.46742  27.9%     -    0s
     0     0  671.46742    0 1465  525.00000  671.46742  27.9%     -    1s
     0     0  663.71826    0 1473  525.00000  663.71826  26.4%     -    1s
H    0     0                     553.0000000  663.71826  20.0%     -    1s
     0     0  663.17128    0 1477  553.00000  663.17128  19.9%     -    1s
     0     0  663.13621    0 1472  553.00000  663.13621  19.9%     -    1s
     0     0  663.12915    0 1472  553.00000  663.12915  19.9%     -    1s
     0     0  663.12506    0 1475  553.00000  663.12506  19.9%     -    1s
     0     0  658.40514    0 1473  553.00000  658.40514  19.1%     -    2s
H    0     0                     560.0000000  658.40514  17.6%     -    2s
     0     0  657.94454    0 1475  560.00000  657.94454  17.5%     -    2s
     0     0  657.88786    0 1478  560.00000  657.88786  17.5%     -    2s
     0     0  657.87169    0 1477  560.00000  657.87169  17.5%     -    2s
     0     0  657.86038    0 1478  560.00000  657.86038  17.5%     -    2s
     0     0  657.85622    0 1477  560.00000  657.85622  17.5%     -    2s
     0     0  654.90331    0 1478  560.00000  654.90331  16.9%     -    3s
     0     0  654.57116    0 1480  560.00000  654.57116  16.9%     -    3s
     0     0  654.52834    0 1480  560.00000  654.52834  16.9%     -    3s
     0     0  654.52425    0 1480  560.00000  654.52425  16.9%     -    3s
     0     0  652.41406    0 1472  560.00000  652.41406  16.5%     -    4s
     0     0  652.28071    0 1476  560.00000  652.28071  16.5%     -    4s
     0     0  652.27085    0 1478  560.00000  652.27085  16.5%     -    4s
     0     0  652.25820    0 1478  560.00000  652.25820  16.5%     -    4s
     0     0  652.25238    0 1478  560.00000  652.25238  16.5%     -    4s
     0     0  650.93968    0 1477  560.00000  650.93968  16.2%     -    4s
     0     0  650.83091    0 1483  560.00000  650.83091  16.2%     -    4s
     0     0  650.80374    0 1482  560.00000  650.80374  16.2%     -    4s
     0     0  650.80015    0 1482  560.00000  650.80015  16.2%     -    4s
     0     0  649.47080    0 1483  560.00000  649.47080  16.0%     -    5s
     0     0  649.32131    0 1482  560.00000  649.32131  16.0%     -    5s
     0     0  649.31313    0 1482  560.00000  649.31313  15.9%     -    5s
     0     0  648.32882    0 1482  560.00000  648.32882  15.8%     -    6s
H    0     0                     562.0000000  648.32882  15.4%     -    6s
     0     0  648.18642    0 1488  562.00000  648.18642  15.3%     -    6s
     0     0  648.16452    0 1486  562.00000  648.16452  15.3%     -    6s
     0     0  648.16046    0 1486  562.00000  648.16046  15.3%     -    6s
     0     0  646.98792    0 1483  562.00000  646.98792  15.1%     -    6s
     0     0  646.90922    0 1481  562.00000  646.90922  15.1%     -    6s
     0     0  646.89353    0 1479  562.00000  646.89353  15.1%     -    6s
     0     0  646.89199    0 1482  562.00000  646.89199  15.1%     -    6s
     0     0  646.29801    0 1483  562.00000  646.29801  15.0%     -    7s
H    0     0                     564.0000000  646.29801  14.6%     -    7s
     0     0  646.18403    0 1483  564.00000  646.18403  14.6%     -    7s
     0     0  646.17389    0 1487  564.00000  646.17389  14.6%     -    7s
     0     0  645.12192    0 1482  564.00000  645.12192  14.4%     -    7s
     0     0  645.02794    0 1483  564.00000  645.02794  14.4%     -    7s
     0     0  645.00506    0 1484  564.00000  645.00506  14.4%     -    7s
     0     0  644.99770    0 1487  564.00000  644.99770  14.4%     -    7s
     0     0  644.65986    0 1485  564.00000  644.65986  14.3%     -    8s
H    0     0                     565.0000000  644.65986  14.1%     -    8s
     0     0  644.58937    0 1487  565.00000  644.58937  14.1%     -    8s
     0     0  644.57696    0 1486  565.00000  644.57696  14.1%     -    8s
     0     0  644.10931    0 1489  565.00000  644.10931  14.0%     -    8s
     0     0  643.98370    0 1486  565.00000  643.98370  14.0%     -    8s
     0     0  643.96404    0 1485  565.00000  643.96404  14.0%     -    8s
     0     0  643.95641    0 1486  565.00000  643.95641  14.0%     -    8s
     0     0  643.46559    0 1481  565.00000  643.46559  13.9%     -    9s
H    0     0                     568.0000000  643.46559  13.3%     -    9s
     0     0  643.40003    0 1485  568.00000  643.40003  13.3%     -    9s
     0     0  643.39260    0 1486  568.00000  643.39260  13.3%     -    9s
     0     0  643.07769    0 1485  568.00000  643.07769  13.2%     -    9s
     0     0  643.00131    0 1483  568.00000  643.00131  13.2%     -    9s
     0     0  642.99049    0 1486  568.00000  642.99049  13.2%     -    9s
     0     0  642.76756    0 1482  568.00000  642.76756  13.2%     -   10s
     0     0  642.72340    0 1485  568.00000  642.72340  13.2%     -   10s
     0     0  642.71894    0 1486  568.00000  642.71894  13.2%     -   10s
     0     0  642.44130    0 1484  568.00000  642.44130  13.1%     -   10s
     0     0  642.37174    0 1482  568.00000  642.37174  13.1%     -   10s
     0     0  642.36051    0 1486  568.00000  642.36051  13.1%     -   10s
     0     0  642.00695    0 1486  568.00000  642.00695  13.0%     -   10s
H    0     0                     569.0000000  642.00695  12.8%     -   10s
     0     0  641.94896    0 1485  569.00000  641.94896  12.8%     -   10s
     0     0  641.93586    0 1485  569.00000  641.93586  12.8%     -   10s
     0     0  641.64883    0 1487  569.00000  641.64883  12.8%     -   11s
     0     0  641.59679    0 1487  569.00000  641.59679  12.8%     -   11s
     0     0  641.58918    0 1488  569.00000  641.58918  12.8%     -   11s
     0     0  641.39007    0 1489  569.00000  641.39007  12.7%     -   11s
H    0     0                     571.0000000  641.39007  12.3%     -   11s
     0     0  641.32675    0 1489  571.00000  641.32675  12.3%     -   11s
     0     0  641.31834    0 1489  571.00000  641.31834  12.3%     -   11s
     0     0  640.79730    0 1486  571.00000  640.79730  12.2%     -   12s
     0     0  640.73494    0 1483  571.00000  640.73494  12.2%     -   12s
     0     0  640.72545    0 1486  571.00000  640.72545  12.2%     -   12s
     0     0  640.29224    0 1482  571.00000  640.29224  12.1%     -   12s
H    0     0                     573.0000000  640.29224  11.7%     -   12s
     0     0  640.19363    0 1484  573.00000  640.19363  11.7%     -   12s
     0     0  640.18222    0 1486  573.00000  640.18222  11.7%     -   12s
     0     0  639.85105    0 1486  573.00000  639.85105  11.7%     -   13s
     0     0  639.80327    0 1486  573.00000  639.80327  11.7%     -   13s
     0     0  639.78984    0 1489  573.00000  639.78984  11.7%     -   13s
     0     0  639.54622    0 1483  573.00000  639.54622  11.6%     -   13s
H    0     0                     574.0000000  639.54622  11.4%     -   13s
     0     0  639.51179    0 1483  574.00000  639.51179  11.4%     -   13s
     0     0  639.50815    0 1484  574.00000  639.50815  11.4%     -   13s
     0     0  639.37909    0 1485  574.00000  639.37909  11.4%     -   13s
     0     0  639.37909    0 1479  574.00000  639.37909  11.4%     -   13s
H    0     0                     576.0000000  639.37909  11.0%     -   14s
     0     2  639.37909    0 1478  576.00000  639.37909  11.0%     -   14s
     1     4  639.31479    1 1478  576.00000  639.37683  11.0%   836   16s
    13    16  623.36023    4 1399  576.00000  639.21174  11.0%  3087   20s
    37    43  604.41631   12 1285  576.00000  639.21174  11.0%  2921   25s
H   56    61                     578.0000000  639.21174  10.6%  2363   26s
   111    93  581.24645   35 1203  578.00000  639.21174  10.6%  1574   30s
H  119    93                     579.0000000  639.21174  10.4%  1485   30s
   144   111  629.94729    8 1421  579.00000  639.08250  10.4%  1626   35s
   170   136  616.11048   15 1357  579.00000  639.08250  10.4%  1745   40s
H  172   133                     580.0000000  639.08250  10.2%  1750   40s
H  232   192                     581.0000000  639.08250  10.0%  1566   44s
   271   189     cutoff   47       581.00000  638.76603  9.94%  1399   46s
   289   206  630.45660   11 1431  581.00000  638.76603  9.94%  1463   50s
   302   217  630.11140   13 1427  581.00000  638.76603  9.94%  1507   59s
   306   223  629.92674   14 1422  581.00000  638.76603  9.94%  1526   60s
H  351   264                     582.0000000  638.76603  9.75%  1575   64s
   365   289  589.62146   31 1238  582.00000  638.76603  9.75%  1545   66s
H  417   279                     583.0000000  638.76603  9.57%  1407   66s
   428   288  633.88804    8 1445  583.00000  638.32770  9.49%  1435   70s
   476   323  617.31937   15 1379  583.00000  638.32770  9.49%  1452   76s
   548   362  584.74484   44 1225  583.00000  638.20588  9.47%  1426   81s
   584   387  631.24586   18 1424  583.00000  638.07861  9.45%  1431   85s
   615   411  614.10668   21 1345  583.00000  638.07861  9.45%  1457   90s
   677   474  588.08486   46 1220  583.00000  637.92735  9.42%  1496   96s
   757   515  618.84163   19 1361  583.00000  637.92735  9.42%  1451  101s
   818   572  592.52077   35 1211  583.00000  637.72350  9.39%  1447  108s
   867   593  631.37209   15 1435  583.00000  637.72350  9.39%  1428  111s
   889   594  586.49716   48 1479  583.00000  637.72350  9.39%  1451  123s
   892   596  584.47464   43 1482  583.00000  637.72350  9.39%  1446  128s
   893   597  603.35025   35 1486  583.00000  637.72350  9.39%  1445  130s
   899   601  637.52747   19 1483  583.00000  637.72350  9.39%  1435  139s
   901   602  616.83533    8 1483  583.00000  637.72350  9.39%  1432  144s
   902   603  611.61331   18 1483  583.00000  637.72350  9.39%  1430  151s
   903   603  613.98488   20 1483  583.00000  637.72350  9.39%  1429  156s
   904   604  611.65663   20 1483  583.00000  637.72350  9.39%  1427  161s
   905   605  589.58473   31 1483  583.00000  637.72350  9.39%  1426  166s
   906   605  629.68238   23 1484  583.00000  637.72350  9.39%  1424  171s
   907   606  614.36183   11 1484  583.00000  637.72350  9.39%  1422  177s
   909   610  637.72350   13 1481  583.00000  637.72350  9.39%  1472  180s
   931   627  637.41777   19 1474  583.00000  637.72350  9.39%  1502  185s
   955   642  635.18938   25 1457  583.00000  637.72350  9.39%  1531  190s
   983   665  632.79523   32 1443  583.00000  637.72350  9.39%  1565  195s
  1000   674  630.33821   36 1427  583.00000  637.72350  9.39%  1581  204s
  1005   678  631.18588   37 1439  583.00000  637.72350  9.39%  1580  205s
  1033   699  629.52714   44 1429  583.00000  637.72350  9.39%  1602  211s
  1061   724  627.62751   51 1408  583.00000  637.72350  9.39%  1621  215s
  1096   747  625.43696   59 1400  583.00000  637.72350  9.39%  1635  221s
  1124   765  623.99327   65 1390  583.00000  637.72350  9.39%  1646  225s
  1165   797  621.21919   74 1378  583.00000  637.72350  9.39%  1677  231s
  1204   820  618.46095   83 1362  583.00000  637.72350  9.39%  1681  236s
  1237   843  616.39788   91 1359  583.00000  637.72350  9.39%  1700  241s
  1271   871  614.60643   99 1349  583.00000  637.72350  9.39%  1725  247s
  1292   883  613.51960  104 1338  583.00000  637.72350  9.39%  1736  250s
  1333   922  612.02002  114 1329  583.00000  637.72350  9.39%  1768  257s
  1364   944  610.09675  121 1326  583.00000  637.72350  9.39%  1774  260s
  1433   998  607.49899  138 1297  583.00000  637.72350  9.39%  1782  267s
  1473  1031  606.79089  147 1286  583.00000  637.72350  9.39%  1783  271s
  1520  1075  605.84176  158 1261  583.00000  637.72350  9.39%  1775  275s
  1694  1213  594.54326  193 1149  583.00000  637.72350  9.39%  1701  284s
  1797  1192  587.46774  230 1058  583.00000  637.27386  9.31%  1647  287s
  1842  1187  635.07241   18 1464  583.00000  637.27386  9.31%  1633  292s
  1852  1194  634.71518   21 1458  583.00000  637.27386  9.31%  1649  297s
  1862  1203  634.41095   24 1458  583.00000  637.27386  9.31%  1667  302s
  1874  1211  633.95123   27 1456  583.00000  637.27386  9.31%  1684  306s
  1886  1221  633.52169   30 1454  583.00000  637.27386  9.31%  1699  311s
  1900  1228  632.96383   33 1445  583.00000  637.27386  9.31%  1715  315s
  1912  1240  632.29018   36 1447  583.00000  637.27386  9.31%  1730  321s
  1928  1251  631.67132   40 1443  583.00000  637.27386  9.31%  1745  326s
  1944  1263  631.25199   44 1438  583.00000  637.27386  9.31%  1762  331s
  1962  1275  630.23330   49 1430  583.00000  637.27386  9.31%  1782  337s
  1980  1289  629.06016   54 1427  583.00000  637.27386  9.31%  1796  342s
  2000  1301  627.96158   59 1421  583.00000  637.27386  9.31%  1812  347s
H 2015  1255                     584.0000000  637.27386  9.12%  1823  347s
  2018  1276  627.05415   64 1413  584.00000  637.27386  9.12%  1827  353s
  2040  1294  625.92127   70 1405  584.00000  637.27386  9.12%  1843  359s
  2066  1314  624.61010   77 1398  584.00000  637.27386  9.12%  1856  365s
  2094  1336  623.36217   84 1390  584.00000  637.27386  9.12%  1872  372s
  2126  1356  621.61120   92 1384  584.00000  637.27386  9.12%  1885  379s
  2156  1385  620.69568  100 1369  584.00000  637.27386  9.12%  1896  386s
  2195  1415  618.45972  111 1357  584.00000  637.27386  9.12%  1909  392s
  2238  1432  615.99953  124 1337  584.00000  637.27386  9.12%  1918  399s
  2270  1471  614.69659  131 1331  584.00000  637.27386  9.12%  1923  406s
  2319  1512  612.19310  145 1313  584.00000  637.27386  9.12%  1922  417s
  2377  1580  609.26060  161 1278  584.00000  637.27386  9.12%  1920  425s
  2464  1591  600.03921  190 1213  584.00000  637.27386  9.12%  1899  436s
  2504  1741  597.52275  200 1198  584.00000  637.26816  9.12%  1886  445s
  2704  1774  636.45187   18 1460  584.00000  637.26816  9.12%  1803  454s
  2805  1796  635.81492   22 1456  584.00000  637.26816  9.12%  1772  464s
  2827  1822  634.79125   28 1451  584.00000  637.26816  9.12%  1793  474s
  2853  1846  634.07681   35 1439  584.00000  637.26816  9.12%  1817  483s
  2877  1853  632.53455   42 1433  584.00000  637.26816  9.12%  1834  493s
  2884  1882  632.01024   45 1430  584.00000  637.26816  9.12%  1837  502s
  2913  1918  630.46623   53 1424  584.00000  637.26816  9.12%  1857  511s
  2949  1944  629.17969   63 1413  584.00000  637.26816  9.12%  1880  522s
  2975  1984  627.57674   72 1403  584.00000  637.26816  9.12%  1892  536s
  3015  2037  625.48750   82 1396  584.00000  637.26816  9.12%  1908  546s
  3068  2052  621.77354   97 1381  584.00000  637.26816  9.12%  1926  558s
  3083  2120  620.39546  104 1373  584.00000  637.26816  9.12%  1929  570s
  3151  2224  617.52395  124 1342  584.00000  637.26816  9.12%  1945  583s
  3255  2430  610.55761  158 1282  584.00000  636.94016  9.07%  1948  595s
  3497  2537  634.74770   16 1454  584.00000  636.94016  9.07%  1886  608s
  3604  2698  633.38792   25 1450  584.00000  636.94016  9.07%  1889  621s
  3799  2739  631.78661   36 1430  584.00000  636.94016  9.07%  1850  635s
  3840  2787  629.87374   48 1419  584.00000  636.94016  9.07%  1874  649s
  3888  2851  625.26315   62 1395  584.00000  636.94016  9.07%  1897  664s
  3952  2927  618.32896   82 1353  584.00000  636.94016  9.07%  1916  680s
  4028  3044  618.09452  106 1352  584.00000  636.94016  9.07%  1934  694s
  4145  3277  609.76098  146 1291  584.00000  636.89377  9.06%  1943  708s
  4406  3449  629.92048   49 1429  584.00000  636.89377  9.06%  1894  726s
  4578  3617  609.38112  148 1298  584.00000  636.89377  9.06%  1871  743s
  4746  4056  600.52049  185 1207  584.00000  636.88127  9.06%  1846  762s
  5243  4444  630.53741   50 1426  584.00000  636.88127  9.06%  1723  780s
  5631  4998  602.72941  185 1236  584.00000  636.87301  9.05%  1663  797s
  6248  5363  630.80388   46 1422  584.00000  636.87239  9.05%  1545  814s
  6613  5950  609.66234  150 1284  584.00000  636.52676  8.99%  1509  831s
  7236  6338  634.16052   31 1443  584.00000  636.52501  8.99%  1428  850s
  7657  6618  602.74384  170 1232  584.00000  636.52501  8.99%  1394  860s
  7937  6788  587.75910  217 1095  584.00000  636.43816  8.98%  1367  870s
  8135  7094  589.80038   55 1236  584.00000  636.41372  8.97%  1353  878s
  8449  7227  610.04451   80 1333  584.00000  636.29015  8.95%  1325  887s
  8621  7255  624.28074   23 1409  584.00000  636.28678  8.95%  1316  896s
  8649  7302  623.00998   30 1400  584.00000  636.28678  8.95%  1322  903s
  8696  7357  615.96564   41 1356  584.00000  636.28678  8.95%  1332  912s
  8751  7430  617.85999   55 1377  584.00000  636.28678  8.95%  1342  922s
  8824  7524  602.69059   74 1305  584.00000  636.28678  8.95%  1351  932s
  8918  7650  605.32885   97 1292  584.00000  636.28678  8.95%  1357  941s
  9044  7865  601.58808  126 1279  584.00000  636.20687  8.94%  1359  952s
  9320  8099  628.84519   32 1418  584.00000  636.15913  8.93%  1345  963s
  9574  8281  630.28466   22 1427  584.00000  636.13692  8.93%  1327  973s
  9770  8368  585.28759  123 1162  584.00000  636.12686  8.93%  1317  984s
  9877  8462     cutoff   35       584.00000  636.11990  8.92%  1319  996s
 10029  8706  617.77946   82 1335  584.00000  636.01742  8.91%  1317 1005s
 10301  8953  616.82856   68 1369  584.00000  635.90934  8.89%  1299 1015s
 10583  9219  624.48825   32 1400  584.00000  635.90934  8.89%  1280 1024s
 10873  9401  588.63756  185 1181  584.00000  635.83953  8.88%  1261 1033s
 11071  9710  613.21446  100 1333  584.00000  635.76778  8.86%  1253 1042s
 11432  9913  622.55654   55 1383  584.00000  635.70823  8.85%  1231 1051s
 11655 10054  611.76466   34 1347  584.00000  635.64637  8.84%  1221 1061s
 11822 10102  618.92656   26 1382  584.00000  635.57594  8.83%  1217 1070s
 11910 10213  626.06210   19 1409  584.00000  635.55132  8.83%  1221 1080s
 12042 10328  600.37516   38 1292  584.00000  635.51179  8.82%  1220 1090s
 12197 10574  625.57849   26 1414  584.00000  635.48533  8.82%  1218 1098s
 12463 10827  624.02108   20 1397  584.00000  635.48335  8.82%  1206 1107s
 12762 11062  631.52704   28 1430  584.00000  635.47458  8.81%  1191 1116s
 12997 11206  615.13121  111 1343  584.00000  635.46473  8.81%  1181 1126s
 13182 11286  615.18250   27 1365  584.00000  635.46145  8.81%  1176 1136s
 13298 11509  631.97390   23 1433  584.00000  635.44683  8.81%  1177 1144s
 13542 11749  614.75298  111 1331  584.00000  635.43439  8.81%  1167 1154s
 13823 11783  624.74949   27 1407  584.00000  635.41059  8.80%  1155 1164s
 13857 11823  623.11331   37 1393  584.00000  635.41059  8.80%  1162 1174s
 13897 11873  621.24536   49 1378  584.00000  635.41059  8.80%  1169 1185s
 13947 11923  616.86439   65 1363  584.00000  635.41059  8.80%  1175 1193s
 13997 11985  613.21616   81 1347  584.00000  635.41059  8.80%  1181 1202s
 14059 12081  609.27929  100 1322  584.00000  635.41059  8.80%  1186 1212s
 14155 12214  601.53197  134 1269  584.00000  635.41041  8.80%  1192 1222s
 14306 12343  619.82225   31 1381  584.00000  635.39210  8.80%  1194 1232s
 14450 12344  603.76527  109 1479  584.00000  635.39210  8.80%  1194 1897s
 14453 12346  610.29286  136 1483  584.00000  635.39210  8.80%  1194 1906s
 14460 12351  616.67685  116 1490  584.00000  632.96260  8.38%  1193 1920s
 14461 12351  620.06820   22 1488  584.00000  632.87543  8.37%  1193 1931s
 14463 12353  596.45796  160 1488  584.00000  632.84985  8.36%  1193 1945s
 14464 12353  621.66597   32 1489  584.00000  632.37105  8.28%  1193 1958s
 14468 12356  610.32478   67 1490  584.00000  632.18771  8.25%  1193 1970s
 14469 12357  599.72904  147 1489  584.00000  631.74626  8.18%  1192 1981s
 14472 12359  602.29736  108 1492  584.00000  631.63987  8.16%  1192 1995s
 14473 12359  602.05706  169 1489  584.00000  631.46255  8.13%  1192 2007s
 14476 12361  591.45833  191 1491  584.00000  631.39052  8.11%  1192 2020s
 14477 12362  614.88302   94 1488  584.00000  631.13509  8.07%  1192 2032s
 14480 12364  613.23483  126 1492  584.00000  631.04821  8.06%  1192 2045s
 14481 12365  619.66028   90 1491  584.00000  630.89419  8.03%  1191 2058s
 14483 12366  620.62379   93 1494  584.00000  630.83406  8.02%  1191 2072s
 14484 12367  589.05730  229 1491  584.00000  630.76497  8.01%  1191 2084s
 14486 12368  624.01717   66 1494  584.00000  630.74871  8.00%  1191 2099s
 14487 12369  630.64491   34 1492  584.00000  630.64491  7.99%  1191 2111s
 14489 12370  610.22680  158 1493  584.00000  630.60702  7.98%  1191 2126s
 14490 12371  622.68076   80 1488  584.00000  630.55923  7.97%  1191 2139s
 14492 12372  587.09375  168 1493  584.00000  630.53809  7.97%  1191 2153s
 14493 12373  587.41277  236 1488  584.00000  630.50024  7.96%  1190 2167s
 14495 12374  625.48991   57 1491  584.00000  630.48597  7.96%  1190 2181s
 14496 12375  590.90999  164 1491  584.00000  630.45975  7.96%  1190 2194s
 14497 12375  627.93649   41 1493  584.00000  630.45656  7.95%  1190 2208s
 14498 12376  597.84354  160 1489  584.00000  630.45380  7.95%  1190 2223s
 14499 12377  625.26335   56 1491  584.00000  630.45299  7.95%  1190 2237s
 14500 12377  594.61818  203 1488  584.00000  630.44984  7.95%  1190 2252s
 14501 12378  605.47647   90 1491  584.00000  630.44688  7.95%  1190 2268s
 14502 12379  630.38877   41 1490  584.00000  630.38877  7.94%  1190 2281s
 14504 12380  592.71667  186 1490  584.00000  630.35629  7.94%  1190 2297s
 14505 12381  594.93929  150 1486  584.00000  630.34228  7.94%  1189 2313s
 14506 12381  597.10405  176 1488  584.00000  630.34048  7.94%  1189 2330s
 14507 12382  610.50685  151 1489  584.00000  630.31799  7.93%  1189 2344s
 14509 12383  622.59148   83 1490  584.00000  630.30304  7.93%  1189 2361s
 14510 12384  590.12953  195 1487  584.00000  630.30233  7.93%  1189 2377s
 14511 12385  604.65323  108 1488  584.00000  630.30119  7.93%  1189 2392s
 14512 12385  603.88347  171 1487  584.00000  630.29154  7.93%  1189 2406s
 14513 12386  591.87971   81 1490  584.00000  630.28901  7.93%  1189 2421s
 14514 12387  609.17799  149 1488  584.00000  630.26595  7.92%  1189 2435s
 14515 12387  604.64941  169 1490  584.00000  630.26003  7.92%  1189 2450s
 14516 12388  594.95717  203 1490  584.00000  630.24552  7.92%  1189 2466s
 14517 12389  585.80417  234 1491  584.00000  630.24194  7.92%  1188 2486s
 14518 12389  624.47767   67 1488  584.00000  630.23600  7.92%  1188 2504s
 14519 12390  630.23429   28 1489  584.00000  630.23429  7.92%  1188 2521s
 14520 12391  613.64731   87 1488  584.00000  630.23411  7.92%  1188 2537s
 14521 12391  603.74337  112 1490  584.00000  630.23398  7.92%  1188 2556s
 14522 12392  623.01137   56 1490  584.00000  630.23392  7.92%  1188 2573s
 14523 12393  599.10614  180 1491  584.00000  630.23391  7.92%  1188 2593s
 14524 12393  609.16349  154 1491  584.00000  630.23391  7.92%  1188 2614s
 14525 12394  596.34434  144 1491  584.00000  630.21359  7.91%  1188 2633s
 14526 12395  587.56762  229 1488  584.00000  630.21359  7.91%  1188 2652s
 14527 12395  609.86701  100 1488  584.00000  630.21359  7.91%  1188 2670s
 14536 12404  628.87980   27 1477  584.00000  629.28130  7.75%  1195 2675s
 14550 12414  628.31555   31 1475  584.00000  628.94037  7.70%  1196 2680s
 14561 12421  626.64116   33 1459  584.00000  628.94037  7.70%  1197 2685s
 14578 12434  626.47194   38 1466  584.00000  628.94037  7.70%  1199 2690s
H14583 11815                     585.0000000  628.94037  7.51%  1199 2692s
H14587 11227                     586.0000000  628.94037  7.33%  1200 2693s
 14590 11230  625.78815   41 1460  586.00000  628.94037  7.33%  1200 2695s
 14601 11237  623.91074   43 1444  586.00000  628.94037  7.33%  1201 2700s
 14612 11243  623.89958   46 1450  586.00000  628.94037  7.33%  1203 2718s
 14614 11248  623.55422   46 1438  586.00000  628.94037  7.33%  1203 2720s
 14632 11259  622.36459   51 1442  586.00000  628.94037  7.33%  1205 2725s
 14648 11273  620.92152   55 1438  586.00000  628.94037  7.33%  1207 2730s
 14672 11290  619.09593   61 1430  586.00000  628.94037  7.33%  1209 2736s
 14690 11301  617.51304   66 1429  586.00000  628.94037  7.33%  1211 2741s
 14707 11313  616.48074   70 1421  586.00000  628.94037  7.33%  1212 2746s
 14727 11329  615.15300   75 1415  586.00000  628.94037  7.33%  1215 2753s
 14738 11337  614.07376   78 1411  586.00000  628.94037  7.33%  1216 2756s
 14750 11345  613.15657   81 1409  586.00000  628.94037  7.33%  1217 2760s
 14774 11362  611.77645   87 1404  586.00000  628.94037  7.33%  1220 2767s
 14787 11371  610.97176   90 1401  586.00000  628.94037  7.33%  1222 2771s
 14800 11382  610.37501   93 1396  586.00000  628.94037  7.33%  1224 2776s
 14816 11393  609.46349   97 1391  586.00000  628.94037  7.33%  1225 2780s
 14848 11406  608.14934  105 1382  586.00000  628.94037  7.33%  1229 2789s
 14856 11421  607.82567  107 1379  586.00000  628.94037  7.33%  1231 2794s
 14873 11432  607.12798  111 1377  586.00000  628.94037  7.33%  1233 2799s
 14890 11446  606.51386  115 1371  586.00000  628.94037  7.33%  1236 2805s
 14910 11462  605.78917  120 1362  586.00000  628.94037  7.33%  1239 2810s
 14958 11481  603.48061  132 1349  586.00000  628.94037  7.33%  1244 2821s
 14967 11503  602.96681  136 1347  586.00000  628.94037  7.33%  1245 2827s
 14994 11525  602.03251  143 1341  586.00000  628.94037  7.33%  1247 2833s
 15025 11553  601.03626  151 1321  586.00000  628.94037  7.33%  1250 2840s
 15064 11584  599.75073  160 1314  586.00000  628.94037  7.33%  1253 2847s
 15110 11617  597.72653  172 1296  586.00000  628.94037  7.33%  1255 2854s
 15163 11671  592.38337  185 1256  586.00000  628.94037  7.33%  1257 2861s
 15237 11695  592.12841  204 1241  586.00000  628.93999  7.33%  1258 2869s
 15346 11669  618.40650   29 1402  586.00000  628.87966  7.32%  1255 2878s
 15357 11678  627.32593   32 1456  586.00000  628.87966  7.32%  1258 2898s
 15369 11690  626.85566   35 1455  586.00000  628.87966  7.32%  1260 2906s
 15385 11700  626.38686   39 1445  586.00000  628.87966  7.32%  1264 2914s
 15401 11711  625.81172   43 1441  586.00000  628.87966  7.32%  1267 2922s
 15417 11725  625.30254   47 1435  586.00000  628.87966  7.32%  1270 2930s
 15436 11737  620.71625   51 1411  586.00000  628.87966  7.32%  1274 2938s
 15455 11754  623.73021   56 1428  586.00000  628.87966  7.32%  1277 2947s
 15478 11769  619.06475   61 1403  586.00000  628.87966  7.32%  1281 2956s
 15501 11790  622.22004   67 1416  586.00000  628.87966  7.32%  1285 2966s
 15529 11810  620.65129   75 1403  586.00000  628.87966  7.32%  1289 2975s
 15559 11837  619.15152   83 1395  586.00000  628.87966  7.32%  1293 2986s
 15596 11866  618.15358   92 1388  586.00000  628.87966  7.32%  1297 2996s
 15637 11903  615.27930  102 1365  586.00000  628.87966  7.32%  1301 3007s
 15688 11942  614.07861  116 1356  586.00000  628.87966  7.32%  1305 3019s
 15744 11996  610.76216  131 1329  586.00000  628.87966  7.32%  1308 3031s
 15816 12065  607.43923  148 1316  586.00000  628.87966  7.32%  1311 3043s
 15909 12204  601.95562  172 1277  586.00000  628.87963  7.32%  1312 3057s
 16111 12141  628.31923   30 1476  586.00000  628.87963  7.32%  1306 3084s
 16116 12162  628.03456   32 1468  586.00000  628.87963  7.32%  1307 3099s
 16151 12172  627.32867   37 1463  586.00000  628.87963  7.32%  1311 3112s
 16173 12190  626.79022   42 1458  586.00000  628.87963  7.32%  1316 3126s
 16198 12192  625.87319   48 1448  586.00000  628.87963  7.32%  1321 3140s
 16209 12217  625.41407   52 1445  586.00000  628.87963  7.32%  1324 3153s
 16237 12241  624.30904   59 1436  586.00000  628.87963  7.32%  1329 3167s
 16271 12270  623.26032   67 1428  586.00000  628.87963  7.32%  1335 3182s
 16311 12302  621.18783   77 1425  586.00000  628.87963  7.32%  1341 3197s
 16356 12322  617.76085   87 1390  586.00000  628.87963  7.32%  1348 3213s
 16391 12377  614.66569   96 1380  586.00000  628.87963  7.32%  1351 3229s
 16458 12405  612.91040  112 1357  586.00000  628.87963  7.32%  1357 3246s
 16508 12504  612.93331  126 1364  586.00000  628.87963  7.32%  1360 3264s
 16624 12682  606.78420  151 1312  586.00000  628.87963  7.32%  1364 3282s
 16872 12644  592.60412  201 1203  586.00000  628.56558  7.26%  1359 3300s
 16944 12647  626.72141   35 1457  586.00000  628.56558  7.26%  1363 3318s
 16971 12672  622.97603   41 1429  586.00000  628.56558  7.26%  1368 3337s
 17005 12703  619.23835   49 1417  586.00000  628.56558  7.26%  1375 3357s
 17048 12722  623.17087   60 1425  586.00000  628.56558  7.26%  1381 3379s
 17081 12756  619.11667   69 1393  586.00000  628.56558  7.26%  1387 3400s
 17126 12819  619.85967   82 1403  586.00000  628.56558  7.26%  1393 3421s
 17204 12893  616.10683  102 1374  586.00000  628.56558  7.26%  1400 3444s
 17304 13034  612.02805  128 1348  586.00000  628.56558  7.26%  1407 3466s
 17478 13205  600.13814  175 1253  586.00000  628.56505  7.26%  1411 3490s
 17741 13382  621.99272   66 1409  586.00000  628.45849  7.25%  1402 3513s
 18006 13522  600.88380  165 1269  586.00000  628.45720  7.25%  1396 3538s
 18256 13738  623.85860   50 1442  586.00000  628.45720  7.25%  1387 3564s
 18582 13978  601.94533  168 1286  586.00000  628.45130  7.24%  1376 3592s
 18966 13872  623.15337   65 1438  586.00000  628.45045  7.24%  1364 3600s

Cutting planes:
  Gomory: 5
  Clique: 1
  Flow cover: 88
  Zero half: 906
  RLT: 321
  BQP: 73

Explored 18988 nodes (26020625 simplex iterations) in 3600.00 seconds (9003.94 work units)
Thread count was 2 (of 24 available processors)

Solution count 10: 586 585 584 ... 576

Time limit reached
Best objective 5.860000000000e+02, best bound 6.280000000000e+02, gap 7.1672%

User-callback calls 290244, time in user-callback 0.82 sec

Gurobi 11.0.3 (linux64) logging started Sat Mar  7 14:20:15 2026

Set parameter LogFile to value "./log/train/IS_1500_6/IS_31.lp.log"
Set parameter TimeLimit to value 3600
Gurobi Optimizer version 11.0.3 build v11.0.3rc0 (linux64 - "Ubuntu 22.04.5 LTS")

CPU model: AMD Ryzen 9 9900X 12-Core Processor, instruction set [SSE2|AVX|AVX2|AVX512]
Thread count: 12 physical cores, 24 logical processors, using up to 1 threads

Optimize a model with 9181 rows, 1500 columns and 18098 nonzeros
Model fingerprint: 0xa1c4368d
Variable types: 0 continuous, 1500 integer (1500 binary)
Coefficient statistics:
  Matrix range     [1e+00, 1e+00]
  Objective range  [1e+00, 1e+00]
  Bounds range     [1e+00, 1e+00]
  RHS range        [1e+00, 1e+00]
Found heuristic solution: objective 328.0000000
Presolve removed 1743 rows and 0 columns
Presolve time: 0.04s
Presolved: 7438 rows, 1500 columns, 16237 nonzeros
Variable types: 0 continuous, 1500 integer (1500 binary)

Root relaxation: objective 6.835000e+02, 4487 iterations, 0.24 seconds (0.29 work units)

    Nodes    |    Current Node    |     Objective Bounds      |     Work
 Expl Unexpl |  Obj  Depth IntInf | Incumbent    BestBd   Gap | It/Node Time

     0     0  683.50000    0 1325  328.00000  683.50000   108%     -    0s
H    0     0                     520.0000000  683.50000  31.4%     -    0s
H    0     0                     525.0000000  683.50000  30.2%     -    0s
     0     0  671.46742    0 1465  525.00000  671.46742  27.9%     -    1s
     0     0  671.46742    0 1465  525.00000  671.46742  27.9%     -    1s
     0     0  663.71826    0 1473  525.00000  663.71826  26.4%     -    2s
H    0     0                     553.0000000  663.71826  20.0%     -    2s
     0     0  663.17128    0 1477  553.00000  663.17128  19.9%     -    3s
     0     0  663.13621    0 1472  553.00000  663.13621  19.9%     -    3s
     0     0  663.12915    0 1472  553.00000  663.12915  19.9%     -    3s
     0     0  663.12506    0 1475  553.00000  663.12506  19.9%     -    3s
     0     0  658.40514    0 1473  553.00000  658.40514  19.1%     -    4s
H    0     0                     560.0000000  658.40514  17.6%     -    4s
     0     0  657.94454    0 1475  560.00000  657.94454  17.5%     -    4s
     0     0  657.88786    0 1478  560.00000  657.88786  17.5%     -    4s
     0     0  657.87169    0 1477  560.00000  657.87169  17.5%     -    4s
     0     0  657.86038    0 1478  560.00000  657.86038  17.5%     -    4s
     0     0  657.85622    0 1477  560.00000  657.85622  17.5%     -    4s
     0     0  654.90331    0 1478  560.00000  654.90331  16.9%     -    5s
     0     0  654.57116    0 1480  560.00000  654.57116  16.9%     -    5s
     0     0  654.52834    0 1480  560.00000  654.52834  16.9%     -    5s
     0     0  654.52425    0 1480  560.00000  654.52425  16.9%     -    5s
     0     0  652.41406    0 1472  560.00000  652.41406  16.5%     -    6s
     0     0  652.28071    0 1476  560.00000  652.28071  16.5%     -    6s
     0     0  652.27085    0 1478  560.00000  652.27085  16.5%     -    6s
     0     0  652.25820    0 1478  560.00000  652.25820  16.5%     -    6s
     0     0  652.25238    0 1478  560.00000  652.25238  16.5%     -    6s
     0     0  650.93968    0 1477  560.00000  650.93968  16.2%     -    7s
     0     0  650.83091    0 1483  560.00000  650.83091  16.2%     -    7s
     0     0  650.80374    0 1482  560.00000  650.80374  16.2%     -    7s
     0     0  650.80015    0 1482  560.00000  650.80015  16.2%     -    7s
     0     0  649.47080    0 1483  560.00000  649.47080  16.0%     -    8s
     0     0  649.32131    0 1482  560.00000  649.32131  16.0%     -    8s
     0     0  649.31313    0 1482  560.00000  649.31313  15.9%     -    8s
     0     0  648.32882    0 1482  560.00000  648.32882  15.8%     -    9s
H    0     0                     562.0000000  648.32882  15.4%     -    9s
     0     0  648.18642    0 1488  562.00000  648.18642  15.3%     -    9s
     0     0  648.16452    0 1486  562.00000  648.16452  15.3%     -    9s
     0     0  648.16046    0 1486  562.00000  648.16046  15.3%     -    9s
     0     0  646.98792    0 1483  562.00000  646.98792  15.1%     -   10s
     0     0  646.90922    0 1481  562.00000  646.90922  15.1%     -   10s
     0     0  646.89353    0 1479  562.00000  646.89353  15.1%     -   10s
     0     0  646.89199    0 1482  562.00000  646.89199  15.1%     -   10s
     0     0  646.29801    0 1483  562.00000  646.29801  15.0%     -   11s
H    0     0                     564.0000000  646.29801  14.6%     -   11s
     0     0  646.18403    0 1483  564.00000  646.18403  14.6%     -   11s
     0     0  646.17389    0 1487  564.00000  646.17389  14.6%     -   11s
     0     0  645.12192    0 1482  564.00000  645.12192  14.4%     -   12s
     0     0  645.02794    0 1483  564.00000  645.02794  14.4%     -   12s
     0     0  645.00506    0 1484  564.00000  645.00506  14.4%     -   12s
     0     0  644.99770    0 1487  564.00000  644.99770  14.4%     -   12s
     0     0  644.65986    0 1485  564.00000  644.65986  14.3%     -   13s
H    0     0                     565.0000000  644.65986  14.1%     -   13s
     0     0  644.58937    0 1487  565.00000  644.58937  14.1%     -   13s
     0     0  644.57696    0 1486  565.00000  644.57696  14.1%     -   13s
     0     0  644.10931    0 1489  565.00000  644.10931  14.0%     -   13s
     0     0  643.98370    0 1486  565.00000  643.98370  14.0%     -   13s
     0     0  643.96404    0 1485  565.00000  643.96404  14.0%     -   13s
     0     0  643.95641    0 1486  565.00000  643.95641  14.0%     -   13s
     0     0  643.46559    0 1481  565.00000  643.46559  13.9%     -   14s
H    0     0                     568.0000000  643.46559  13.3%     -   14s
     0     0  643.40003    0 1485  568.00000  643.40003  13.3%     -   14s
     0     0  643.39260    0 1486  568.00000  643.39260  13.3%     -   14s
     0     0  643.07769    0 1485  568.00000  643.07769  13.2%     -   15s
     0     0  643.00131    0 1483  568.00000  643.00131  13.2%     -   15s
     0     0  642.99049    0 1486  568.00000  642.99049  13.2%     -   15s
     0     0  642.76756    0 1482  568.00000  642.76756  13.2%     -   15s
     0     0  642.72340    0 1485  568.00000  642.72340  13.2%     -   16s
     0     0  642.71894    0 1486  568.00000  642.71894  13.2%     -   16s
     0     0  642.44130    0 1484  568.00000  642.44130  13.1%     -   16s
     0     0  642.37174    0 1482  568.00000  642.37174  13.1%     -   16s
     0     0  642.36051    0 1486  568.00000  642.36051  13.1%     -   16s
     0     0  642.00695    0 1486  568.00000  642.00695  13.0%     -   17s
H    0     0                     569.0000000  642.00695  12.8%     -   17s
     0     0  641.94896    0 1485  569.00000  641.94896  12.8%     -   17s
     0     0  641.93586    0 1485  569.00000  641.93586  12.8%     -   17s
     0     0  641.64883    0 1487  569.00000  641.64883  12.8%     -   17s
     0     0  641.59679    0 1487  569.00000  641.59679  12.8%     -   18s
     0     0  641.58918    0 1488  569.00000  641.58918  12.8%     -   18s
     0     0  641.39007    0 1489  569.00000  641.39007  12.7%     -   18s
H    0     0                     571.0000000  641.39007  12.3%     -   18s
     0     0  641.32675    0 1489  571.00000  641.32675  12.3%     -   18s
     0     0  641.31834    0 1489  571.00000  641.31834  12.3%     -   18s
     0     0  640.79730    0 1486  571.00000  640.79730  12.2%     -   19s
     0     0  640.73494    0 1483  571.00000  640.73494  12.2%     -   19s
     0     0  640.72545    0 1486  571.00000  640.72545  12.2%     -   19s
     0     0  640.29224    0 1482  571.00000  640.29224  12.1%     -   20s
H    0     0                     573.0000000  640.29224  11.7%     -   20s
     0     0  640.19363    0 1484  573.00000  640.19363  11.7%     -   20s
     0     0  640.18222    0 1486  573.00000  640.18222  11.7%     -   20s
     0     0  639.85105    0 1486  573.00000  639.85105  11.7%     -   21s
     0     0  639.80327    0 1486  573.00000  639.80327  11.7%     -   21s
     0     0  639.78984    0 1489  573.00000  639.78984  11.7%     -   21s
     0     0  639.54622    0 1483  573.00000  639.54622  11.6%     -   21s
H    0     0                     574.0000000  639.54622  11.4%     -   21s
     0     0  639.51179    0 1483  574.00000  639.51179  11.4%     -   21s
     0     0  639.50815    0 1484  574.00000  639.50815  11.4%     -   21s
     0     0  639.37909    0 1485  574.00000  639.37909  11.4%     -   22s
     0     0  639.37909    0 1479  574.00000  639.37909  11.4%     -   22s
H    0     0                     576.0000000  639.37909  11.0%     -   23s
     0     2  639.37906    0 1478  576.00000  639.37906  11.0%     -   23s
     3     5  633.17495    2 1445  576.00000  639.37683  11.0%  3385   26s
    10    12  621.05010    6 1381  576.00000  639.37683  11.0%  3781   30s
    18    20  620.13312   11 1373  576.00000  639.37683  11.0%  3236   37s
    26    28  594.72535   16 1276  576.00000  639.37683  11.0%  2976   40s
    67    53  632.76442    1 1442  576.00000  639.21174  11.0%  1697   45s
H   78    58                     577.0000000  639.21174  10.8%  1804   50s
H  137    73                     579.0000000  639.21174  10.4%  1365   54s
   139    77  638.91892    5 1479  579.00000  639.20959  10.4%  1368   55s
   150    88  626.46183   13 1406  579.00000  639.20959  10.4%  1473   60s
   161    99  590.57025   19 1223  579.00000  639.20959  10.4%  1565   65s
H  191   114                     581.0000000  639.20959  10.0%  1430   67s
   198   115  613.09882    5 1355  581.00000  639.17055  10.0%  1477   70s
   212   129  604.26217   14 1318  581.00000  639.17055  10.0%  1534   75s
   249   152  630.51530    4 1440  581.00000  639.01016  10.0%  1465   80s
   260   163  624.38878   12 1404  581.00000  639.01016  10.0%  1516   85s
   276   179  609.06806   23 1323  581.00000  639.01016  10.0%  1558   90s
H  304   193                     582.0000000  639.01016  9.80%  1482   91s
   312   195  624.74757    6 1394  582.00000  638.83821  9.77%  1502   95s
   332   215  604.78197   20 1301  582.00000  638.83821  9.77%  1537  100s
   374   251  587.55945   49 1177  582.00000  638.83821  9.77%  1489  105s
   396   261  618.83961   11 1367  582.00000  638.62747  9.73%  1496  110s
   444   285  637.83005   13 1468  582.00000  638.62733  9.73%  1425  115s
   452   293  608.52464   17 1326  582.00000  638.62733  9.73%  1472  120s
   475   316  603.74325   34 1283  582.00000  638.62733  9.73%  1483  125s
   511   352  583.05862   58 1169  582.00000  638.62733  9.73%  1466  130s
   543   366  616.77396   17 1369  582.00000  638.39094  9.69%  1447  135s
   557   380  603.00124   25 1303  582.00000  638.39094  9.69%  1475  140s
   576   399  604.06148   38 1294  582.00000  638.39094  9.69%  1491  145s
   597   420  597.02096   49 1252  582.00000  638.39094  9.69%  1504  150s
   601   423  632.99696   15 1479  582.00000  638.39094  9.69%  1495  164s
   603   424  609.16106   23 1325  582.00000  638.39094  9.69%  1490  165s
   604   425  604.15509   16 1482  582.00000  638.39094  9.69%  1487  174s
   605   426  614.38797   29 1485  582.00000  638.39094  9.69%  1485  176s
   609   428  612.10151   17 1485  582.00000  638.39094  9.69%  1475  185s
   610   429  609.35403   21 1485  582.00000  638.39094  9.69%  1473  193s
   613   431  590.21005   43 1485  582.00000  638.39094  9.69%  1465  201s
   614   432  616.75997   18 1481  582.00000  638.39094  9.69%  1463  209s
   616   433  593.78739   29 1485  582.00000  638.39094  9.69%  1458  217s
   617   434  638.23867   11 1481  582.00000  638.39094  9.69%  1456  226s
   618   434  609.86659   22 1485  582.00000  638.39094  9.69%  1454  235s
   619   435  597.60470   40 1485  582.00000  638.39094  9.69%  1451  244s
   621   436  610.08480   25 1485  582.00000  638.39094  9.69%  1447  253s
   622   437  585.46039   42 1482  582.00000  638.39094  9.69%  1444  261s
   624   438  631.81928    7 1483  582.00000  638.39094  9.69%  1440  270s
   625   439  601.56382   41 1484  582.00000  638.39094  9.69%  1437  280s
   629   442  587.70019   13 1482  582.00000  638.39094  9.69%  1428  297s
   633   446  637.25009   14 1474  582.00000  638.39094  9.69%  1524  300s
   641   452  635.36242   18 1464  582.00000  637.88568  9.60%  1543  305s
   651   458  634.94880   23 1459  582.00000  637.88568  9.60%  1556  310s
   663   466  632.70652   29 1452  582.00000  637.88568  9.60%  1569  315s
   673   473  622.87071   34 1399  582.00000  637.88568  9.60%  1583  320s
   685   481  630.98109   40 1444  582.00000  637.88568  9.60%  1597  325s
   699   490  622.33287   47 1407  582.00000  637.88568  9.60%  1611  330s
   705   494  614.74623   50 1368  582.00000  637.88568  9.60%  1638  336s
   713   500  617.49862   54 1386  582.00000  637.88568  9.60%  1651  340s
   725   508  618.99109   60 1380  582.00000  637.88568  9.60%  1664  345s
   737   516  619.42834   66 1366  582.00000  637.88568  9.60%  1678  350s
   746   522  625.94103   71 1410  582.00000  637.88568  9.60%  1690  355s
   757   529  622.34685   76 1390  582.00000  637.88568  9.60%  1709  360s
   771   538  613.54557   83 1357  582.00000  637.88568  9.60%  1725  365s
   785   548  620.67680   90 1381  582.00000  637.88568  9.60%  1731  370s
   800   558  616.29748   98 1368  582.00000  637.88568  9.60%  1740  375s
   813   566  613.02176  104 1355  582.00000  637.88568  9.60%  1751  380s
   832   579  613.49052  114 1351  582.00000  637.88568  9.60%  1752  385s
   852   592  608.66196  124 1333  582.00000  637.88568  9.60%  1755  390s
   873   606  603.78547  134 1316  582.00000  637.88568  9.60%  1753  395s
   891   618  601.52832  143 1300  582.00000  637.88568  9.60%  1757  400s
   913   633  596.64845  154 1293  582.00000  637.88568  9.60%  1763  405s
   935   648  595.80692  165 1285  582.00000  637.88568  9.60%  1767  410s
   961   665  591.12779  178 1245  582.00000  637.88568  9.60%  1772  415s
   992   682  593.75562  194 1249  582.00000  637.88568  9.60%  1769  420s
  1048   713  587.81040  222 1161  582.00000  637.88568  9.60%  1739  425s
  1133   745  628.86322   15 1431  582.00000  637.87247  9.60%  1664  431s
  1138   748  636.97623   18 1465  582.00000  637.87247  9.60%  1675  435s
  1145   753  633.54006   21 1441  582.00000  637.87247  9.60%  1693  441s
  1151   757  632.44264   24 1431  582.00000  637.87247  9.60%  1706  445s
  1157   761  629.91872   27 1432  582.00000  637.87247  9.60%  1721  450s
  1165   766  628.12028   31 1410  582.00000  637.87247  9.60%  1737  456s
  1173   771  627.06131   35 1407  582.00000  637.87247  9.60%  1751  461s
  1181   777  623.97965   39 1391  582.00000  637.87247  9.60%  1766  466s
  1189   782  629.82412   43 1418  582.00000  637.87247  9.60%  1779  470s
  1201   790  628.18629   49 1409  582.00000  637.87247  9.60%  1795  475s
  1211   797  623.43063   54 1384  582.00000  637.87247  9.60%  1810  480s
  1221   803  617.33180   59 1351  582.00000  637.87247  9.60%  1821  485s
  1233   811  622.04995   65 1374  582.00000  637.87247  9.60%  1836  490s
  1243   818  624.64066   70 1380  582.00000  637.87247  9.60%  1852  495s
  1257   827  624.41400   77 1380  582.00000  637.87247  9.60%  1866  500s
  1275   839  623.45299   86 1381  582.00000  637.87247  9.60%  1874  505s
  1291   850  622.37686   94 1374  582.00000  637.87247  9.60%  1883  510s
  1311   863  619.90126  104 1351  582.00000  637.87247  9.60%  1894  515s
  1337   881  617.37767  117 1336  582.00000  637.87247  9.60%  1900  520s
  1361   897  609.41042  129 1285  582.00000  637.87247  9.60%  1904  525s
  1393   918  609.67561  145 1278  582.00000  637.87247  9.60%  1902  530s
  1447   954  606.17405  172 1248  582.00000  637.87247  9.60%  1882  535s
  1546  1020  592.48642  222 1164  582.00000  637.87247  9.60%  1804  540s
  1625  1055  636.07592   17 1456  582.00000  637.44028  9.53%  1742  545s
  1632  1059  626.70145   20 1406  582.00000  637.44028  9.53%  1756  550s
  1642  1066  624.15267   25 1396  582.00000  637.44028  9.53%  1772  555s
  1652  1073  627.56793   30 1407  582.00000  637.44028  9.53%  1785  560s
  1659  1077  633.67512   34 1439  582.00000  637.44028  9.53%  1793  565s
  1666  1082  629.64476   37 1420  582.00000  637.44028  9.53%  1802  570s
  1676  1089  627.36322   42 1408  582.00000  637.44028  9.53%  1812  575s
  1684  1094  627.31419   46 1407  582.00000  637.44028  9.53%  1821  580s
  1696  1102  626.28381   52 1390  582.00000  637.44028  9.53%  1829  585s
  1706  1109  625.09073   57 1387  582.00000  637.44028  9.53%  1838  590s
  1716  1115  625.13874   62 1382  582.00000  637.44028  9.53%  1846  595s
  1728  1123  624.31656   68 1381  582.00000  637.44028  9.53%  1853  600s
  1740  1131  623.93989   74 1377  582.00000  637.44028  9.53%  1860  605s
  1754  1141  610.13820   81 1329  582.00000  637.44028  9.53%  1869  610s
  1764  1147  615.86480   86 1331  582.00000  637.44028  9.53%  1876  615s
  1778  1157  621.47542   93 1354  582.00000  637.44028  9.53%  1883  620s
  1797  1169  620.43128  103 1353  582.00000  637.44028  9.53%  1886  625s
  1818  1183  616.14560  113 1345  582.00000  637.44028  9.53%  1888  630s
  1840  1198  613.55896  124 1321  582.00000  637.44028  9.53%  1889  635s
  1870  1218  610.41861  139 1292  582.00000  637.44028  9.53%  1885  640s
H 1871  1170                     584.0000000  637.44028  9.15%  1884  640s
  1904  1200  607.01950  156 1262  584.00000  637.44028  9.15%  1877  645s
  1958  1254  600.40598  183 1224  584.00000  637.44028  9.15%  1853  650s
  2033  1327  590.37389  221 1130  584.00000  637.44028  9.15%  1808  655s
  2085  1362  635.56873   19 1460  584.00000  637.43711  9.15%  1780  660s
  2091  1368  635.05984   22 1456  584.00000  637.43711  9.15%  1788  665s
  2098  1375  629.69121   25 1419  584.00000  637.43711  9.15%  1797  670s
  2106  1383  622.75893   29 1399  584.00000  637.43711  9.15%  1806  676s
  2112  1389  626.38200   32 1401  584.00000  637.43711  9.15%  1812  680s
  2118  1395  626.04989   35 1401  584.00000  637.43711  9.15%  1820  685s
  2126  1403  626.79223   39 1416  584.00000  637.43711  9.15%  1827  690s
  2136  1413  626.58427   44 1412  584.00000  637.43711  9.15%  1835  695s
  2141  1418  631.05781   47 1432  584.00000  637.43711  9.15%  1837  700s
  2150  1427  623.13765   51 1382  584.00000  637.43711  9.15%  1847  706s
  2158  1435  627.49005   55 1401  584.00000  637.43711  9.15%  1853  710s
  2168  1445  626.02437   60 1393  584.00000  637.43711  9.15%  1859  716s
  2176  1453  623.72852   64 1390  584.00000  637.43711  9.15%  1864  720s
  2186  1463  624.54814   69 1382  584.00000  637.43711  9.15%  1872  725s
  2195  1472  626.07596   74 1398  584.00000  637.43711  9.15%  1875  730s
  2206  1483  622.44052   79 1375  584.00000  637.43711  9.15%  1880  735s
  2218  1495  615.56201   85 1348  584.00000  637.43711  9.15%  1885  740s
  2231  1508  622.47194   92 1374  584.00000  637.43711  9.15%  1889  745s
  2244  1521  618.23160   98 1343  584.00000  637.43711  9.15%  1893  750s
  2249  1526  621.01092  101 1367  584.00000  637.43711  9.15%  1894  756s
  2259  1536  620.11897  106 1364  584.00000  637.43711  9.15%  1897  760s
  2273  1550  618.97186  113 1353  584.00000  637.43711  9.15%  1899  765s
  2276  1553  615.53591  114 1329  584.00000  637.43711  9.15%  1900  770s
  2296  1573  614.80500  124 1323  584.00000  637.43711  9.15%  1901  780s
  2310  1587  612.52681  131 1312  584.00000  637.43711  9.15%  1900  785s
  2330  1607  608.21391  141 1283  584.00000  637.43711  9.15%  1897  790s
  2348  1625  607.01475  150 1268  584.00000  637.43711  9.15%  1894  795s
  2374  1651  603.25508  163 1232  584.00000  637.43711  9.15%  1887  814s
  2380  1657  602.68208  166 1214  584.00000  637.43711  9.15%  1886  815s
  2396  1673  603.68571  174 1238  584.00000  637.43711  9.15%  1881  820s
  2436  1713  597.83830  194 1207  584.00000  637.43711  9.15%  1863  825s
  2474  1751  588.37500  213 1080  584.00000  637.43711  9.15%  1845  830s
  2547  1796  636.94398   16 1473  584.00000  637.19234  9.11%  1802  839s
  2549  1798  631.54546   17 1441  584.00000  637.19234  9.11%  1804  840s
  2553  1802  627.40411   19 1421  584.00000  637.19234  9.11%  1810  845s
  2559  1808  631.58874   22 1434  584.00000  637.19234  9.11%  1817  850s
  2565  1814  629.46645   25 1423  584.00000  637.19234  9.11%  1824  856s
  2571  1820  622.57358   28 1389  584.00000  637.19234  9.11%  1831  861s
  2574  1823  634.90712   30 1456  584.00000  637.19234  9.11%  1832  870s
  2581  1830  629.58075   33 1421  584.00000  637.19234  9.11%  1839  875s
  2587  1836  626.63052   36 1416  584.00000  637.19234  9.11%  1844  880s
  2594  1843  633.22718   40 1447  584.00000  637.19234  9.11%  1850  885s
  2601  1850  628.54804   43 1420  584.00000  637.19234  9.11%  1856  900s
  2607  1856  626.06141   46 1407  584.00000  637.19234  9.11%  1861  905s
  2615  1864  618.22750   50 1380  584.00000  637.19234  9.11%  1868  911s
  2623  1872  627.16067   54 1404  584.00000  637.19234  9.11%  1873  916s
  2631  1880  623.01199   58 1381  584.00000  637.19234  9.11%  1878  920s
  2639  1888  622.16794   62 1384  584.00000  637.19234  9.11%  1884  925s
  2647  1896  625.25783   66 1395  584.00000  637.19234  9.11%  1888  930s
  2655  1904  624.39870   70 1392  584.00000  637.19234  9.11%  1894  935s
  2667  1916  623.29499   76 1381  584.00000  637.19234  9.11%  1899  940s
  2677  1926  622.14925   81 1374  584.00000  637.19234  9.11%  1904  945s
  2685  1934  622.08620   85 1370  584.00000  637.19234  9.11%  1908  950s
  2698  1947  625.06607   92 1384  584.00000  637.19234  9.11%  1911  955s
  2715  1964  620.00243  100 1368  584.00000  637.19234  9.11%  1913  960s
  2734  1983  620.08235  110 1370  584.00000  637.19234  9.11%  1915  965s
  2755  2004  616.76060  120 1337  584.00000  637.19234  9.11%  1917  970s
  2779  2028  605.78985  132 1249  584.00000  637.19234  9.11%  1916  975s
  2806  2055  612.41029  146 1300  584.00000  637.19234  9.11%  1913  980s
  2841  2090  602.69166  163 1245  584.00000  637.19234  9.11%  1908  985s
  2891  2140  598.51410  188 1204  584.00000  637.19234  9.11%  1893  990s
  3007  2235  635.73235   15 1463  584.00000  637.17379  9.11%  1842  996s
  3013  2241  630.58301   18 1427  584.00000  637.17379  9.11%  1848 1001s
  3019  2247  620.69567   21 1387  584.00000  637.17379  9.11%  1853 1006s
  3024  2252  634.31545   24 1450  584.00000  637.17379  9.11%  1856 1011s
  3027  2255  620.24297   25 1377  584.00000  637.17379  9.11%  1860 1015s
  3035  2263  628.94404   29 1411  584.00000  637.17379  9.11%  1866 1020s
  3041  2269  628.55590   32 1405  584.00000  637.17379  9.11%  1870 1025s
  3049  2277  627.88009   36 1417  584.00000  637.17379  9.11%  1876 1030s
  3057  2285  628.24604   40 1409  584.00000  637.17379  9.11%  1880 1035s
  3061  2289  625.17920   42 1397  584.00000  637.17379  9.11%  1882 1040s
  3069  2297  623.19587   46 1386  584.00000  637.17379  9.11%  1887 1045s
  3077  2305  626.47984   50 1406  584.00000  637.17379  9.11%  1891 1050s
  3087  2315  615.27284   55 1357  584.00000  637.17379  9.11%  1897 1056s
  3095  2323  623.72257   59 1374  584.00000  637.17379  9.11%  1900 1060s
  3105  2333  621.81090   64 1377  584.00000  637.17379  9.11%  1904 1065s
  3115  2343  622.55226   69 1378  584.00000  637.17379  9.11%  1908 1070s
  3117  2345  619.11031   70 1361  584.00000  637.17379  9.11%  1909 1075s
  3129  2357  623.08323   76 1364  584.00000  637.17379  9.11%  1913 1082s
  3139  2367  619.97228   81 1354  584.00000  637.17379  9.11%  1915 1085s
  3153  2381  619.40959   88 1352  584.00000  637.17379  9.11%  1918 1090s
  3171  2399  617.83350   97 1345  584.00000  637.17379  9.11%  1921 1095s
  3189  2417  614.74310  106 1338  584.00000  637.17379  9.11%  1921 1100s
  3210  2438  617.17867  117 1334  584.00000  637.17379  9.11%  1922 1105s
  3234  2462  614.17944  129 1309  584.00000  637.17379  9.11%  1921 1110s
  3265  2493  607.99161  144 1264  584.00000  637.17379  9.11%  1918 1115s
  3309  2537  604.07735  166 1262  584.00000  637.17379  9.11%  1909 1120s
  3360  2588  598.90700  192 1188  584.00000  637.17379  9.11%  1895 1125s
  3463  2666  630.67831   16 1439  584.00000  636.89960  9.06%  1852 1131s
  3469  2672  627.67847   19 1428  584.00000  636.89960  9.06%  1857 1136s
  3473  2676  626.54602   21 1419  584.00000  636.89960  9.06%  1861 1140s
  3477  2680  629.41942   23 1422  584.00000  636.89960  9.06%  1864 1148s
  3479  2682  627.14480   24 1410  584.00000  636.89960  9.06%  1866 1150s
  3485  2688  621.07619   27 1385  584.00000  636.89960  9.06%  1871 1155s
  3490  2693  634.44033   30 1455  584.00000  636.89960  9.06%  1873 1167s
  3493  2696  629.86215   31 1428  584.00000  636.89960  9.06%  1876 1170s
  3499  2702  627.84787   34 1419  584.00000  636.89960  9.06%  1879 1175s
  3507  2710  620.07135   38 1391  584.00000  636.89960  9.06%  1885 1181s
  3513  2716  629.24570   41 1425  584.00000  636.89960  9.06%  1888 1185s
  3521  2724  624.98559   45 1399  584.00000  636.89960  9.06%  1893 1191s
  3529  2732  620.66810   49 1378  584.00000  636.89960  9.06%  1897 1196s
  3535  2738  621.02519   52 1383  584.00000  636.89960  9.06%  1900 1200s
  3543  2746  618.04926   56 1360  584.00000  636.89960  9.06%  1905 1206s
  3551  2754  625.89392   60 1406  584.00000  636.89960  9.06%  1908 1210s
  3562  2765  628.98435   66 1409  584.00000  636.89960  9.06%  1911 1215s
  3573  2776  624.04826   71 1381  584.00000  636.89960  9.06%  1915 1220s
  3583  2786  622.75446   76 1379  584.00000  636.89960  9.06%  1919 1225s
  3597  2800  623.98171   83 1373  584.00000  636.89960  9.06%  1921 1230s
  3611  2814  619.50152   90 1377  584.00000  636.89960  9.06%  1924 1235s
  3625  2828  616.93366   97 1359  584.00000  636.89960  9.06%  1926 1240s
  3641  2844  616.40211  105 1351  584.00000  636.89960  9.06%  1928 1245s
  3659  2862  613.23561  114 1325  584.00000  636.89960  9.06%  1930 1250s
  3679  2882  613.13458  124 1329  584.00000  636.89960  9.06%  1931 1255s
  3707  2910  609.99298  138 1288  584.00000  636.89960  9.06%  1929 1260s
  3739  2942  607.77276  154 1272  584.00000  636.89960  9.06%  1926 1265s
  3793  2996  597.29182  181 1229  584.00000  636.89960  9.06%  1915 1270s
  3885  3086  587.16874  227 1131  584.00000  636.89960  9.06%  1886 1275s
H 3931  3064                     585.0000000  636.89869  8.87%  1869 1281s
  3932  3067  635.42863   23 1460  585.00000  636.89869  8.87%  1871 1285s
  3937  3072  631.11982   25 1427  585.00000  636.89869  8.87%  1875 1291s
  3941  3076  629.69785   27 1426  585.00000  636.89869  8.87%  1877 1295s
  3947  3082  623.83439   30 1398  585.00000  636.89869  8.87%  1881 1300s
  3953  3088  624.97899   33 1403  585.00000  636.89869  8.87%  1885 1305s
  3959  3094  625.87639   36 1399  585.00000  636.89869  8.87%  1889 1313s
  3963  3098  623.11830   38 1389  585.00000  636.89869  8.87%  1891 1316s
  3969  3104  619.41375   41 1366  585.00000  636.89869  8.87%  1895 1320s
  3975  3110  624.22254   44 1387  585.00000  636.89869  8.87%  1898 1325s
  3982  3117  632.34434   48 1430  585.00000  636.89869  8.87%  1901 1330s
  3989  3124  627.28806   51 1400  585.00000  636.89869  8.87%  1904 1335s
  3995  3130  627.57239   54 1403  585.00000  636.89869  8.87%  1907 1340s
  4003  3138  623.80549   58 1392  585.00000  636.89869  8.87%  1911 1345s
  4008  3143  629.67731   61 1414  585.00000  636.89869  8.87%  1912 1356s
  4009  3144  626.14331   61 1396  585.00000  636.89869  8.87%  1913 1362s
  4013  3148  624.95996   63 1387  585.00000  636.89869  8.87%  1914 1365s
  4025  3160  623.02966   69 1385  585.00000  636.89869  8.87%  1918 1370s
  4037  3172  620.85673   75 1371  585.00000  636.89869  8.87%  1921 1375s
  4049  3184  621.31869   81 1371  585.00000  636.89869  8.87%  1923 1380s
  4062  3197  624.59406   88 1384  585.00000  636.89869  8.87%  1926 1385s
  4079  3214  617.58609   96 1355  585.00000  636.89869  8.87%  1928 1390s
  4095  3230  617.57147  104 1344  585.00000  636.89869  8.87%  1929 1395s
  4115  3250  616.61870  114 1325  585.00000  636.89869  8.87%  1930 1400s
  4133  3268  613.10840  123 1316  585.00000  636.89869  8.87%  1929 1405s
  4155  3290  612.77823  134 1307  585.00000  636.89869  8.87%  1928 1410s
  4190  3325  610.49768  152 1284  585.00000  636.89869  8.87%  1924 1415s
  4237  3372  600.47333  175 1226  585.00000  636.89869  8.87%  1915 1420s
  4299  3434  594.20754  206 1155  585.00000  636.89869  8.87%  1900 1427s
  4374  3489  635.99755   22 1467  585.00000  636.82545  8.86%  1873 1430s
  4407  3522  631.81995   55 1433  585.00000  636.82545  8.86%  1865 1435s
  4445  3560  624.31097   89 1374  585.00000  636.82545  8.86%  1858 1440s
  4474  3589  618.13964  112 1346  585.00000  636.82545  8.86%  1855 1445s
  4492  3607  616.67945  130 1322  585.00000  636.82545  8.86%  1851 1450s
  4550  3665  607.02445  161 1267  585.00000  636.82545  8.86%  1838 1455s
  4634  3749  598.34700  196 1168  585.00000  636.82545  8.86%  1819 1460s
  4801  3916  586.73671  219 1092  585.00000  636.82545  8.86%  1771 1465s
  4907  4000  633.65692   36 1438  585.00000  636.82321  8.86%  1741 1470s
  4916  4009  631.85958   45 1431  585.00000  636.82321  8.86%  1739 1475s
  4959  4052  624.66623   88 1386  585.00000  636.82321  8.86%  1731 1480s
  4987  4080  619.64373  108 1362  585.00000  636.82321  8.86%  1729 1485s
  5010  4103  616.45841  125 1327  585.00000  636.82321  8.86%  1727 1491s
  5038  4131  611.79588  144 1300  585.00000  636.82321  8.86%  1724 1495s
  5106  4199  602.39812  175 1246  585.00000  636.82321  8.86%  1712 1500s
  5205  4298  594.43750  201 1022  585.00000  636.82321  8.86%  1692 1505s
  5415  4480  635.07885   22 1450  585.00000  636.73403  8.84%  1637 1510s
  5460  4525  628.01476   67 1397  585.00000  636.73403  8.84%  1631 1515s
  5500  4565  619.59653  100 1351  585.00000  636.73403  8.84%  1627 1520s
  5540  4605  610.92800  128 1282  585.00000  636.73403  8.84%  1624 1525s
  5577  4642  607.09136  152 1270  585.00000  636.73403  8.84%  1621 1541s
  5634  4699  601.83701  170 1229  585.00000  636.73403  8.84%  1612 1545s
  5774  4839  590.52885  209 1093  585.00000  636.73403  8.84%  1586 1550s
  5894  4932  631.82124   46 1432  585.00000  636.73106  8.84%  1563 1555s
  5936  4974  623.90959   88 1388  585.00000  636.73106  8.84%  1558 1560s
  5951  4989  620.41870   97 1355  585.00000  636.73106  8.84%  1557 1565s
  5988  5026  615.28661  130 1319  585.00000  636.73106  8.84%  1554 1570s
  6013  5051  611.42713  143 1295  585.00000  636.73106  8.84%  1553 1575s
  6068  5106  603.08683  169 1230  585.00000  636.73106  8.84%  1549 1580s
  6203  5241  591.98340  208 1101  585.00000  636.73106  8.84%  1527 1585s
  6326  5337  633.94031   32 1449  585.00000  636.32294  8.77%  1505 1590s
  6364  5375  628.27038   70 1409  585.00000  636.32294  8.77%  1501 1595s
  6389  5400  622.52414   88 1369  585.00000  636.32294  8.77%  1501 1600s
  6413  5424  620.04484  107 1368  585.00000  636.32294  8.77%  1501 1605s
  6453  5464  611.11438  134 1295  585.00000  636.32294  8.77%  1499 1610s
  6518  5529  603.47034  175 1229  585.00000  636.32294  8.77%  1493 1615s
  6630  5641  594.15000  203 1168  585.00000  636.32294  8.77%  1479 1620s
  6784  5772  630.07260   18 1431  585.00000  636.32170  8.77%  1453 1625s
  6829  5817  622.01067   63 1381  585.00000  636.32170  8.77%  1449 1630s
  6842  5830  619.55460   76 1366  585.00000  636.32170  8.77%  1447 1635s
  6870  5858  614.65320   98 1345  585.00000  636.32170  8.77%  1447 1640s
  6916  5904  605.92602  131 1281  585.00000  636.32170  8.77%  1444 1645s
  6996  5984  594.44066  172 1197  585.00000  636.32170  8.77%  1437 1650s
  7100  6061  635.01554   24 1464  585.00000  636.31582  8.77%  1424 1655s
  7145  6106  628.27650   69 1416  585.00000  636.31582  8.77%  1421 1660s
  7181  6142  621.15046  102 1374  585.00000  636.31582  8.77%  1419 1665s
  7225  6186  612.79949  132 1321  585.00000  636.31582  8.77%  1418 1670s
  7271  6232  603.68806  158 1277  585.00000  636.31582  8.77%  1416 1675s
  7378  6339  593.68999  208 1157  585.00000  636.31582  8.77%  1405 1680s
  7547  6483  634.47671   21 1459  585.00000  636.28982  8.77%  1382 1685s
  7590  6526  628.36298   64 1412  585.00000  636.28982  8.77%  1379 1690s
  7627  6563  620.07303   95 1354  585.00000  636.28982  8.77%  1378 1695s
  7663  6599  615.00027  127 1329  585.00000  636.28982  8.77%  1376 1706s
  7694  6630  610.40597  151 1282  585.00000  636.28982  8.77%  1375 1710s
  7767  6703  599.72466  190 1232  585.00000  636.28982  8.77%  1370 1715s
  7966  6898     cutoff  227       585.00000  636.28982  8.77%  1346 1720s
  8007  6920  618.78493   39 1375  585.00000  636.12729  8.74%  1343 1725s
  8016  6929  607.93840   48 1313  585.00000  636.12729  8.74%  1343 1730s
  8055  6960  625.42769   30 1423  585.00000  636.12053  8.74%  1341 1735s
  8106  7011  615.61572   81 1350  585.00000  636.12053  8.74%  1338 1740s
  8214  7119  587.75306  189 1159  585.00000  636.12053  8.74%  1327 1745s
  8238  7127  615.32796   22 1363  585.00000  636.08398  8.73%  1327 1750s
  8251  7140  618.73792   29 1388  585.00000  636.08398  8.73%  1330 1755s
  8268  7157  609.94613   37 1344  585.00000  636.08398  8.73%  1334 1760s
  8286  7175  612.00696   46 1346  585.00000  636.08398  8.73%  1336 1765s
  8302  7191  609.67760   54 1333  585.00000  636.08398  8.73%  1338 1770s
  8316  7205  600.26602   61 1305  585.00000  636.08398  8.73%  1341 1775s
  8334  7223  608.26456   70 1331  585.00000  636.08398  8.73%  1343 1780s
  8352  7241  599.18665   79 1283  585.00000  636.08398  8.73%  1345 1785s
  8378  7267  601.54594   92 1296  585.00000  636.08398  8.73%  1346 1790s
  8404  7293  598.86184  105 1255  585.00000  636.08398  8.73%  1348 1795s
  8440  7329  597.51533  123 1252  585.00000  636.08398  8.73%  1348 1800s
  8518  7403  587.06835  162 1153  585.00000  636.08398  8.73%  1344 1805s
  8561  7424  627.46067   43 1406  585.00000  636.04750  8.73%  1341 1810s
  8621  7484  615.02969  103 1339  585.00000  636.04750  8.73%  1336 1815s
  8737  7581  629.59803   20 1436  585.00000  635.99727  8.72%  1325 1820s
  8780  7624  622.14942   63 1391  585.00000  635.99727  8.72%  1323 1825s
  8858  7702  599.30765  141 1224  585.00000  635.99727  8.72%  1317 1830s
  8921  7752  615.55805   45 1376  585.00000  635.96148  8.71%  1312 1835s
  8973  7804  606.31050   93 1321  585.00000  635.96148  8.71%  1309 1840s
  9012  7843  599.96134  120 1285  585.00000  635.96148  8.71%  1308 1845s
  9078  7909  589.01844  160 1217  585.00000  635.96148  8.71%  1304 1850s
  9112  7930  602.25568   25 1311  585.00000  635.92579  8.71%  1303 1855s
  9140  7950  627.83014   33 1428  585.00000  635.87924  8.70%  1302 1860s
  9188  7998  618.57456   81 1375  585.00000  635.87924  8.70%  1300 1865s
  9273  8083  598.44276  166 1243  585.00000  635.87924  8.70%  1293 1870s
  9352  8123  623.67153   25 1405  585.00000  635.85302  8.69%  1286 1875s
  9402  8173  602.65931   75 1288  585.00000  635.85302  8.69%  1284 1880s
  9444  8205  620.69598   23 1376  585.00000  635.85257  8.69%  1282 1885s
  9456  8217  600.03969   27 1279  585.00000  635.85257  8.69%  1285 1890s
  9488  8239  587.06376   40 1168  585.00000  635.85257  8.69%  1285 1895s
  9515  8256  608.87334   35 1324  585.00000  635.82748  8.69%  1285 1900s
  9586  8312  633.73501   32 1447  585.00000  635.82622  8.69%  1280 1905s
  9625  8351  627.70077   71 1400  585.00000  635.82622  8.69%  1279 1910s
  9687  8413  613.57458  133 1298  585.00000  635.82622  8.69%  1275 1915s
  9776  8482  629.13697   28 1429  585.00000  635.76647  8.68%  1268 1920s
  9813  8519  610.20627   65 1327  585.00000  635.76647  8.68%  1267 1925s
  9838  8536  625.69270   27 1415  585.00000  635.74861  8.67%  1268 1930s
  9904  8602  613.11027   93 1332  585.00000  635.74861  8.67%  1264 1935s
 10038  8700  624.17843   22 1406  585.00000  635.70036  8.67%  1253 1940s
 10075  8737  588.18539   59 1239  585.00000  635.70036  8.67%  1252 1945s
 10121  8773  623.81961   55 1390  585.00000  635.67816  8.66%  1250 1950s
 10200  8852  605.80884  134 1279  585.00000  635.67816  8.66%  1245 1955s
 10203  8854  608.20978  142 1479  585.00000  635.67816  8.66%  1245 2744s
 10205  8855  619.77476   90 1325  585.00000  635.67816  8.66%  1245 2745s
 10206  8856  589.83333  212 1476  585.00000  635.67816  8.66%  1245 2751s
 10207  8857  587.63057  226 1486  585.00000  635.05815  8.56%  1245 2755s
 10214  8861  628.24439   41 1491  585.00000  633.30018  8.26%  1244 2772s
 10215  8862  620.30216   82 1487  585.00000  633.23778  8.25%  1244 2783s
 10219  8865  588.81633  212 1491  585.00000  633.18459  8.24%  1243 2798s
 10220  8865  588.83333  223 1486  585.00000  632.69999  8.15%  1243 2809s
 10221  8866  627.31559   73 1486  585.00000  632.61000  8.14%  1243 2810s
 10224  8868  593.43750  204 1486  585.00000  632.57899  8.13%  1243 2824s
 10225  8869  622.23452   81 1488  585.00000  632.37882  8.10%  1242 2839s
 10229  8871  603.29214  174 1487  585.00000  632.24201  8.08%  1242 2854s
 10230  8872  600.05883  186 1488  585.00000  631.81396  8.00%  1242 2867s
 10233  8874  600.69107  183 1488  585.00000  631.74673  7.99%  1241 2883s
 10234  8875  589.42500  223 1483  585.00000  631.68471  7.98%  1241 2898s
 10236  8876  603.93157   75 1485  585.00000  631.66654  7.98%  1241 2914s
 10237  8877  629.55046   17 1481  585.00000  631.55914  7.96%  1241 2928s
 10240  8879  598.01471  193 1484  585.00000  631.50374  7.95%  1241 2948s
 10241  8879  597.76421  196 1488  585.00000  631.41598  7.93%  1240 2965s
 10244  8881  587.12738  233 1489  585.00000  631.37597  7.93%  1240 2986s
 10245  8882  594.50847  203 1488  585.00000  631.34989  7.92%  1240 3003s
 10247  8883  616.89251   45 1487  585.00000  631.33888  7.92%  1240 3022s
 10248  8884  623.49194   89 1488  585.00000  631.23748  7.90%  1240 3039s
 10251  8886  604.92971  131 1490  585.00000  631.19391  7.90%  1239 3060s
 10252  8887  627.73934   54 1485  585.00000  631.15665  7.89%  1239 3079s
 10254  8888  604.09732  171 1487  585.00000  631.14957  7.89%  1239 3096s
 10255  8889  602.30776  149 1485  585.00000  631.13151  7.89%  1239 3111s
 10257  8890  624.15468   90 1488  585.00000  631.12383  7.88%  1239 3130s
 10258  8891  617.66718   96 1486  585.00000  631.10904  7.88%  1238 3147s
 10259  8891  626.91278   76 1489  585.00000  631.10493  7.88%  1238 3166s
 10260  8892  604.94861  163 1490  585.00000  631.08244  7.88%  1238 3182s
 10262  8893  608.27217  156 1490  585.00000  631.06787  7.87%  1238 3201s
 10263  8894  627.33016   34 1487  585.00000  631.02074  7.87%  1238 3221s
 10265  8895  587.58427  227 1491  585.00000  631.00432  7.86%  1238 3242s
 10266  8896  620.89326   98 1490  585.00000  630.98286  7.86%  1237 3262s
 10267  8897  610.45539   52 1491  585.00000  630.97897  7.86%  1237 3283s
 10268  8897  592.11765  208 1486  585.00000  630.88539  7.84%  1237 3300s
 10271  8899  610.91777  129 1491  585.00000  630.83205  7.83%  1237 3319s
 10272  8900  592.35329  215 1485  585.00000  630.76565  7.82%  1237 3338s
 10274  8901  587.00000  231 1488  585.00000  630.74149  7.82%  1236 3355s
 10275  8902  592.38410  204 1487  585.00000  630.66330  7.81%  1236 3373s
 10278  8904  608.03226  168 1490  585.00000  630.62055  7.80%  1236 3393s
 10279  8905  619.25359  107 1491  585.00000  630.56625  7.79%  1236 3412s
 10281  8906  596.81818  194 1489  585.00000  630.55228  7.79%  1236 3433s
 10282  8907  627.28983   58 1487  585.00000  630.52356  7.78%  1235 3453s
 10284  8908  600.47357  191 1490  585.00000  630.51506  7.78%  1235 3473s
 10285  8909  630.41643   56 1489  585.00000  630.41643  7.76%  1235 3492s
 10288  8911  619.84469   63 1492  585.00000  630.36347  7.75%  1235 3509s
 10289  8911  613.80942   91 1492  585.00000  630.35147  7.75%  1235 3529s
 10290  8912  590.63400  208 1492  585.00000  630.34817  7.75%  1235 3548s
 10291  8913  597.12231   87 1491  585.00000  630.28731  7.74%  1234 3567s
 10294  8915  627.47880   20 1491  585.00000  630.26045  7.74%  1234 3584s

Cutting planes:
  Gomory: 6
  Clique: 1
  Flow cover: 62
  Zero half: 645
  RLT: 154
  BQP: 28

Explored 10294 nodes (12927283 simplex iterations) in 3600.05 seconds (4358.47 work units)
Thread count was 1 (of 24 available processors)

Solution count 10: 585 584 582 ... 571

Time limit reached
Best objective 5.850000000000e+02, best bound 6.300000000000e+02, gap 7.6923%

User-callback calls 172180, time in user-callback 1.15 sec
