
Gurobi 11.0.3 (linux64) logging started Thu Mar  5 16:04:10 2026

Set parameter LogFile to value "./log/train/IS_1500_6/IS_33.lp.log"
Set parameter TimeLimit to value 3600
Gurobi Optimizer version 11.0.3 build v11.0.3rc0 (linux64 - "Ubuntu 22.04.5 LTS")

CPU model: AMD Ryzen 9 9900X 12-Core Processor, instruction set [SSE2|AVX|AVX2|AVX512]
Thread count: 12 physical cores, 24 logical processors, using up to 2 threads

Optimize a model with 9224 rows, 1500 columns and 18150 nonzeros
Model fingerprint: 0x2cd7756c
Variable types: 0 continuous, 1500 integer (1500 binary)
Coefficient statistics:
  Matrix range     [1e+00, 1e+00]
  Objective range  [1e+00, 1e+00]
  Bounds range     [1e+00, 1e+00]
  RHS range        [1e+00, 1e+00]
Found heuristic solution: objective 337.0000000
Presolve removed 1750 rows and 0 columns
Presolve time: 0.02s
Presolved: 7474 rows, 1500 columns, 16311 nonzeros
Variable types: 0 continuous, 1500 integer (1500 binary)

Root relaxation: objective 6.875000e+02, 3778 iterations, 0.12 seconds (0.20 work units)

    Nodes    |    Current Node    |     Objective Bounds      |     Work
 Expl Unexpl |  Obj  Depth IntInf | Incumbent    BestBd   Gap | It/Node Time

     0     0  687.50000    0 1339  337.00000  687.50000   104%     -    0s
H    0     0                     523.0000000  687.50000  31.5%     -    0s
     0     0  671.46870    0 1482  523.00000  671.46870  28.4%     -    1s
H    0     0                     535.0000000  671.46870  25.5%     -    1s
     0     0  671.46870    0 1482  535.00000  671.46870  25.5%     -    1s
     0     0  662.23850    0 1480  535.00000  662.23850  23.8%     -    1s
H    0     0                     557.0000000  662.23850  18.9%     -    1s
H    0     0                     560.0000000  662.23850  18.3%     -    1s
     0     0  661.98738    0 1478  560.00000  661.98738  18.2%     -    2s
     0     0  661.95559    0 1480  560.00000  661.95559  18.2%     -    2s
     0     0  661.95154    0 1483  560.00000  661.95154  18.2%     -    2s
     0     0  657.81766    0 1474  560.00000  657.81766  17.5%     -    2s
     0     0  657.47725    0 1477  560.00000  657.47725  17.4%     -    2s
     0     0  657.45430    0 1477  560.00000  657.45430  17.4%     -    2s
     0     0  657.45307    0 1477  560.00000  657.45307  17.4%     -    2s
     0     0  654.69918    0 1481  560.00000  654.69918  16.9%     -    3s
     0     0  654.37065    0 1483  560.00000  654.37065  16.9%     -    3s
     0     0  654.33100    0 1481  560.00000  654.33100  16.8%     -    3s
     0     0  654.31731    0 1480  560.00000  654.31731  16.8%     -    3s
     0     0  654.31560    0 1484  560.00000  654.31560  16.8%     -    3s
     0     0  652.59372    0 1484  560.00000  652.59372  16.5%     -    4s
     0     0  652.25479    0 1486  560.00000  652.25479  16.5%     -    4s
     0     0  652.21895    0 1485  560.00000  652.21895  16.5%     -    4s
     0     0  652.19595    0 1486  560.00000  652.19595  16.5%     -    4s
     0     0  652.18500    0 1488  560.00000  652.18500  16.5%     -    4s
     0     0  652.18314    0 1489  560.00000  652.18314  16.5%     -    4s
     0     0  650.94181    0 1487  560.00000  650.94181  16.2%     -    4s
     0     0  650.72278    0 1484  560.00000  650.72278  16.2%     -    5s
     0     0  650.68513    0 1486  560.00000  650.68513  16.2%     -    5s
     0     0  650.67465    0 1486  560.00000  650.67465  16.2%     -    5s
     0     0  649.59438    0 1492  560.00000  649.59438  16.0%     -    5s
H    0     0                     562.0000000  649.59438  15.6%     -    5s
     0     0  649.48116    0 1490  562.00000  649.48116  15.6%     -    5s
     0     0  649.46315    0 1489  562.00000  649.46315  15.6%     -    5s
     0     0  649.46095    0 1489  562.00000  649.46095  15.6%     -    5s
     0     0  648.49086    0 1489  562.00000  648.49086  15.4%     -    6s
H    0     0                     563.0000000  648.49086  15.2%     -    6s
     0     0  648.37036    0 1487  563.00000  648.37036  15.2%     -    6s
     0     0  648.35641    0 1490  563.00000  648.35641  15.2%     -    6s
     0     0  648.35053    0 1492  563.00000  648.35053  15.2%     -    6s
     0     0  647.33230    0 1490  563.00000  647.33230  15.0%     -    7s
     0     0  647.22121    0 1488  563.00000  647.22121  15.0%     -    7s
     0     0  647.20477    0 1490  563.00000  647.20477  15.0%     -    7s
     0     0  647.19895    0 1486  563.00000  647.19895  15.0%     -    7s
     0     0  646.52299    0 1491  563.00000  646.52299  14.8%     -    7s
     0     0  646.41174    0 1486  563.00000  646.41174  14.8%     -    7s
     0     0  646.38140    0 1489  563.00000  646.38140  14.8%     -    7s
     0     0  646.37480    0 1488  563.00000  646.37480  14.8%     -    7s
     0     0  645.48162    0 1486  563.00000  645.48162  14.7%     -    8s
     0     0  645.37664    0 1486  563.00000  645.37664  14.6%     -    8s
     0     0  645.35733    0 1487  563.00000  645.35733  14.6%     -    8s
     0     0  645.34919    0 1487  563.00000  645.34919  14.6%     -    8s
     0     0  644.91262    0 1486  563.00000  644.91262  14.5%     -    8s
     0     0  644.82840    0 1488  563.00000  644.82840  14.5%     -    8s
     0     0  644.80632    0 1487  563.00000  644.80632  14.5%     -    8s
     0     0  644.79976    0 1490  563.00000  644.79976  14.5%     -    8s
     0     0  644.38130    0 1490  563.00000  644.38130  14.5%     -    9s
     0     0  644.31569    0 1492  563.00000  644.31569  14.4%     -    9s
     0     0  644.30759    0 1488  563.00000  644.30759  14.4%     -    9s
     0     0  643.69066    0 1491  563.00000  643.69066  14.3%     -    9s
H    0     0                     564.0000000  643.69066  14.1%     -    9s
     0     0  643.59078    0 1490  564.00000  643.59078  14.1%     -   10s
     0     0  643.57418    0 1492  564.00000  643.57418  14.1%     -   10s
     0     0  643.22365    0 1490  564.00000  643.22365  14.0%     -   10s
     0     0  643.15292    0 1491  564.00000  643.15292  14.0%     -   10s
     0     0  643.14226    0 1493  564.00000  643.14226  14.0%     -   10s
     0     0  642.65861    0 1489  564.00000  642.65861  13.9%     -   11s
     0     0  642.54165    0 1489  564.00000  642.54165  13.9%     -   11s
     0     0  642.51557    0 1494  564.00000  642.51557  13.9%     -   11s
     0     0  642.50596    0 1492  564.00000  642.50596  13.9%     -   11s
     0     0  642.17466    0 1490  564.00000  642.17466  13.9%     -   11s
H    0     0                     567.0000000  642.17466  13.3%     -   11s
     0     0  642.08800    0 1491  567.00000  642.08800  13.2%     -   11s
     0     0  642.07779    0 1494  567.00000  642.07779  13.2%     -   11s
     0     0  641.82011    0 1490  567.00000  641.82011  13.2%     -   12s
H    0     0                     568.0000000  641.82011  13.0%     -   12s
     0     0  641.76467    0 1489  568.00000  641.76467  13.0%     -   12s
     0     0  641.76027    0 1491  568.00000  641.76027  13.0%     -   12s
     0     0  641.51033    0 1492  568.00000  641.51033  12.9%     -   12s
     0     0  641.46453    0 1489  568.00000  641.46453  12.9%     -   12s
     0     0  641.45301    0 1492  568.00000  641.45301  12.9%     -   12s
     0     0  641.25119    0 1490  568.00000  641.25119  12.9%     -   12s
H    0     0                     569.0000000  641.25119  12.7%     -   12s
     0     0  641.17319    0 1490  569.00000  641.17319  12.7%     -   12s
     0     0  641.16388    0 1491  569.00000  641.16388  12.7%     -   12s
     0     0  640.90837    0 1490  569.00000  640.90837  12.6%     -   13s
     0     0  640.82784    0 1494  569.00000  640.82784  12.6%     -   13s
     0     0  640.81681    0 1494  569.00000  640.81681  12.6%     -   13s
     0     0  640.62499    0 1491  569.00000  640.62499  12.6%     -   13s
     0     0  640.57918    0 1493  569.00000  640.57918  12.6%     -   13s
     0     0  640.57279    0 1492  569.00000  640.57279  12.6%     -   13s
     0     0  640.42711    0 1490  569.00000  640.42711  12.6%     -   14s
     0     0  640.42711    0 1489  569.00000  640.42711  12.6%     -   14s
H    0     0                     571.0000000  640.42711  12.2%     -   15s
     0     2  640.42711    0 1489  571.00000  640.42711  12.2%     -   15s
    11    14  627.48144    5 1412  571.00000  640.31570  12.1%  3617   20s
    17    22  617.67360    7 1357  571.00000  640.31570  12.1%  3394   29s
    21    25  603.60450    8 1299  571.00000  640.31570  12.1%  2915   30s
H   30    38                     575.0000000  640.31570  11.4%  2295   31s
H   62    70                     578.0000000  640.31570  10.8%  2005   35s
H   91    90                     579.0000000  640.31570  10.6%  1672   36s
   114    98  632.35639    4 1439  579.00000  640.13247  10.6%  1730   40s
H  153   129                     580.0000000  640.13247  10.4%  1730   44s
   160   140  604.85606   17 1292  580.00000  640.13247  10.4%  1746   45s
   254   195     cutoff   48       580.00000  639.97864  10.3%  1444   51s
   285   217  609.77388   10 1335  580.00000  639.97864  10.3%  1476   55s
H  321   235                     581.0000000  639.82078  10.1%  1486   58s
   326   254  625.29694    7 1416  581.00000  639.82078  10.1%  1484   60s
H  383   291                     582.0000000  639.82078  9.93%  1468   64s
   416   293     cutoff   42       582.00000  639.50767  9.88%  1406   66s
H  421   284                     583.0000000  639.50767  9.69%  1411   66s
   435   304  626.25834   12 1402  583.00000  639.50767  9.69%  1441   70s
   481   355  603.76916   21 1281  583.00000  639.50767  9.69%  1480   75s
   560   399  630.14120   11 1423  583.00000  639.21389  9.64%  1430   81s
   626   422     cutoff   20       583.00000  639.02337  9.61%  1379   85s
   685   455  622.94428   16 1392  583.00000  639.02337  9.61%  1359   90s
   758   495  584.76332   35 1221  583.00000  638.87164  9.58%  1379   98s
   778   510  621.30889   17 1387  583.00000  638.87164  9.58%  1391  100s
   825   552  630.81609   18 1433  583.00000  638.71142  9.56%  1417  106s
   878   607  596.13974   27 1276  583.00000  638.71142  9.56%  1426  112s
   935   608  603.07588   23 1489  583.00000  638.71142  9.56%  1397  123s
   938   610  586.16895   45 1487  583.00000  638.71142  9.56%  1393  129s
   939   611  589.68725   25 1487  583.00000  638.71142  9.56%  1391  130s
   943   613  627.75673   48 1491  583.00000  638.71142  9.56%  1385  136s
   944   614  599.63216   16 1492  583.00000  638.71142  9.56%  1384  141s
   946   615  623.00334   22 1490  583.00000  638.71142  9.56%  1381  145s
   947   616  588.58002   40 1493  583.00000  638.71142  9.56%  1379  151s
   948   617  587.98275   46 1493  583.00000  638.71142  9.56%  1378  157s
   949   617  600.92189   23 1490  583.00000  638.71142  9.56%  1376  163s
   950   618  630.38447   18 1494  583.00000  638.71142  9.56%  1375  168s
   951   619  619.81475   14 1494  583.00000  638.71142  9.56%  1374  173s
   952   619  612.01395    7 1492  583.00000  638.71142  9.56%  1372  179s
   953   620  599.63845   17 1492  583.00000  638.71142  9.56%  1371  180s
   970   634  637.92073   16 1471  583.00000  638.71142  9.56%  1444  185s
   992   651  637.60288   22 1473  583.00000  638.71142  9.56%  1465  190s
  1012   664  636.56463   27 1470  583.00000  638.71142  9.56%  1484  195s
  1040   685  633.41056   34 1450  583.00000  638.71142  9.56%  1508  200s
  1070   706  631.20529   41 1450  583.00000  638.71142  9.56%  1523  205s
  1107   732  629.47055   50 1420  583.00000  638.71142  9.56%  1527  210s
  1132   749  628.30296   57 1411  583.00000  638.71142  9.56%  1553  216s
  1150   761  627.11128   61 1405  583.00000  638.71142  9.56%  1576  220s
  1183   785  624.81079   68 1401  583.00000  638.71142  9.56%  1591  226s
  1208   802  622.62903   75 1390  583.00000  638.71142  9.56%  1606  230s
  1242   828  620.52767   83 1376  583.00000  638.71142  9.56%  1638  237s
  1256   836  619.79344   86 1380  583.00000  638.71142  9.56%  1651  240s
  1282   856  618.45897   92 1369  583.00000  638.71142  9.56%  1672  245s
  1314   876  612.96038   99 1343  583.00000  638.71142  9.56%  1700  252s
  1328   887  615.75063  103 1361  583.00000  638.71142  9.56%  1714  256s
  1344   900  615.08701  107 1353  583.00000  638.71142  9.56%  1731  260s
  1381   928  609.20092  115 1318  583.00000  638.71142  9.56%  1768  267s
  1403   948  608.93697  120 1313  583.00000  638.71142  9.56%  1783  271s
  1430   970  607.51489  126 1306  583.00000  638.71142  9.56%  1793  276s
  1461   994  610.97191  133 1316  583.00000  638.71142  9.56%  1800  280s
  1536  1066  609.34233  148 1301  583.00000  638.71142  9.56%  1810  289s
  1592  1136  608.03865  158 1280  583.00000  638.71142  9.56%  1799  293s
  1681  1187  606.45066  171 1255  583.00000  638.71142  9.56%  1760  298s
  1786  1211  593.33511  188 1176  583.00000  638.71142  9.56%  1706  303s
  1845  1251  594.48325  215 1188  583.00000  638.67853  9.55%  1691  309s
  1933  1233  637.38350   16 1465  583.00000  638.67853  9.55%  1652  314s
  1945  1243  637.00021   19 1458  583.00000  638.67853  9.55%  1672  320s
  1959  1255  636.29254   23 1453  583.00000  638.67853  9.55%  1691  326s
  1975  1265  635.57424   27 1446  583.00000  638.67853  9.55%  1711  332s
  1991  1275  635.02508   31 1445  583.00000  638.67853  9.55%  1730  338s
  2006  1289  634.27739   35 1442  583.00000  638.67853  9.55%  1746  344s
  2025  1303  633.22828   40 1431  583.00000  638.67853  9.55%  1766  350s
  2045  1320  632.38053   45 1430  583.00000  638.67853  9.55%  1783  356s
  2069  1338  631.62156   51 1423  583.00000  638.67853  9.55%  1803  363s
  2095  1357  630.55160   58 1413  583.00000  638.67853  9.55%  1823  369s
  2123  1378  626.63007   65 1392  583.00000  638.67853  9.55%  1841  376s
  2153  1406  627.61377   74 1399  583.00000  638.67853  9.55%  1858  384s
  2191  1435  626.17763   84 1385  583.00000  638.67853  9.55%  1874  391s
  2233  1473  620.77657   94 1346  583.00000  638.67853  9.55%  1887  399s
  2285  1519  622.81557  108 1349  583.00000  638.67853  9.55%  1899  407s
  2348  1576  618.50256  127 1316  583.00000  638.67853  9.55%  1901  414s
H 2426  1637                     584.0000000  638.67853  9.36%  1892  423s
  2547  1750  602.18397  188 1220  584.00000  638.67608  9.36%  1854  431s
H 2667  1681                     585.0000000  638.67608  9.18%  1794  431s
  2725  1765  636.85731   17 1463  585.00000  638.67608  9.18%  1778  440s
  2815  1798  636.17016   21 1453  585.00000  638.67608  9.18%  1753  449s
  2888  1803  635.80534   24 1446  585.00000  638.67608  9.18%  1736  469s
  2893  1827  635.52882   26 1446  585.00000  638.67608  9.18%  1740  478s
  2917  1852  631.47962   32 1420  585.00000  638.67608  9.18%  1764  488s
  2942  1884  633.79977   39 1435  585.00000  638.67608  9.18%  1783  498s
  2974  1914  632.62891   47 1427  585.00000  638.67608  9.18%  1808  508s
  3004  1920  631.72490   54 1413  585.00000  638.67608  9.18%  1827  519s
  3010  1948  626.31531   55 1388  585.00000  638.67608  9.18%  1830  530s
  3038  1994  630.28443   63 1403  585.00000  638.67608  9.18%  1845  540s
  3084  2044  628.35323   75 1392  585.00000  638.67608  9.18%  1864  557s
  3134  2122  622.59736   87 1354  585.00000  638.67608  9.18%  1876  569s
  3212  2256  622.46362  108 1331  585.00000  638.67608  9.18%  1891  581s
  3346  2535  611.64188  147 1290  585.00000  638.44791  9.14%  1890  595s
  3650  2650  637.99635   18 1473  585.00000  638.44791  9.14%  1816  608s
  3786  2675  637.06585   25 1462  585.00000  638.44791  9.14%  1798  621s
  3811  2712  625.77305   30 1408  585.00000  638.44791  9.14%  1816  636s
  3848  2756  635.18431   39 1451  585.00000  638.44791  9.14%  1840  650s
  3892  2788  633.16317   50 1438  585.00000  638.44791  9.14%  1863  665s
  3924  2848  631.96852   60 1427  585.00000  638.44791  9.14%  1879  681s
  3984  2898  629.82794   75 1410  585.00000  638.44791  9.14%  1901  698s
  4034  2997  622.97696   87 1364  585.00000  638.44791  9.14%  1913  713s
  4133  3095  622.96917  112 1355  585.00000  638.44791  9.14%  1928  737s
  4231  3212  616.13138  137 1320  585.00000  638.44791  9.14%  1930  753s
  4348  3579  605.20303  180 1271  585.00000  638.43022  9.13%  1917  769s
  4771  3889  626.53264   80 1391  585.00000  638.36125  9.12%  1816  786s
  5081  4655  603.80354  170 1256  585.00000  638.36110  9.12%  1768  802s
  5907  4846  636.47102   30 1466  585.00000  638.36110  9.12%  1590  818s
  6119  5287  618.08064  126 1332  585.00000  638.36110  9.12%  1564  833s
  6560  5768  597.17925  206 1220  585.00000  638.28783  9.11%  1515  847s
  7091  6051  627.55968   77 1402  585.00000  638.19297  9.09%  1439  861s
  7374  6778  608.73441  159 1294  585.00000  638.19221  9.09%  1423  883s
  8146  6842  630.52650   62 1413  585.00000  638.19201  9.09%  1339  904s
  8210  6978  623.97447   98 1359  585.00000  638.19201  9.09%  1337  911s
  8346  7235  611.11429  141 1300  585.00000  638.19201  9.09%  1332  918s
  8603  7620  599.39329  187 1236  585.00000  638.19052  9.09%  1312  925s
  9028  7705  624.02562   15 1387  585.00000  638.15814  9.09%  1270  931s
  9113  7740  597.65176   52 1253  585.00000  638.15782  9.09%  1267  937s
  9170  7756  637.44417   21 1472  585.00000  638.02652  9.06%  1268  945s
  9186  7774  636.82814   25 1467  585.00000  638.02652  9.06%  1274  952s
  9204  7792  636.16112   29 1462  585.00000  638.02652  9.06%  1280  959s
  9222  7812  635.76841   33 1461  585.00000  638.02652  9.06%  1286  967s
  9242  7834  634.83556   38 1455  585.00000  638.02652  9.06%  1293  974s
  9264  7858  634.07597   43 1452  585.00000  638.02652  9.06%  1299  982s
  9288  7884  632.83342   49 1442  585.00000  638.02652  9.06%  1306  990s
  9314  7914  631.79593   55 1436  585.00000  638.02652  9.06%  1312  998s
  9344  7948  630.67521   62 1428  585.00000  638.02652  9.06%  1319 1013s
  9378  7988  629.66275   70 1417  585.00000  638.02652  9.06%  1326 1022s
  9418  8038  627.84323   79 1406  585.00000  638.02652  9.06%  1333 1030s
  9468  8098  626.20064   90 1388  585.00000  638.02652  9.06%  1339 1039s
  9528  8186  623.48843  103 1363  585.00000  638.02652  9.06%  1346 1049s
  9616  8341  620.55733  121 1344  585.00000  638.02652  9.06%  1352 1058s
  9771  8535  612.61370  147 1302  585.00000  638.02652  9.06%  1350 1067s
  9994  8720  598.44279  194 1233  585.00000  637.93463  9.05%  1338 1077s
 10215  8884  622.90139   40 1397  585.00000  637.93463  9.05%  1322 1085s
 10408  9081  603.47119  130 1285  585.00000  637.91912  9.05%  1313 1094s
 10622  9232  625.87360   19 1416  585.00000  637.90620  9.04%  1301 1102s
 10783  9328  625.55825   18 1397  585.00000  637.88900  9.04%  1293 1111s
 10909  9464  625.48157   18 1394  585.00000  637.79751  9.03%  1289 1119s
 11065  9622  629.57547   30 1420  585.00000  637.77464  9.02%  1282 1128s
 11246  9778  623.14836   28 1390  585.00000  637.76107  9.02%  1275 1139s
 11438  9960  633.37829   43 1436  585.00000  637.76029  9.02%  1265 1148s
 11620 10229  617.85970  125 1323  585.00000  637.76029  9.02%  1259 1157s
 11889 10649  600.90741  185 1225  585.00000  637.70433  9.01%  1248 1167s
 12357 10876  630.32024   30 1436  585.00000  637.69521  9.01%  1217 1175s
 12599 10900  611.77171  121 1323  585.00000  637.69521  9.01%  1205 1200s
 12623 10984  611.63764  122 1323  585.00000  637.64977  9.00%  1205 1208s
 12733 11022  627.39979   24 1411  585.00000  637.62239  9.00%  1205 1217s
 12771 11056  625.53071   34 1399  585.00000  637.62239  9.00%  1212 1226s
 12805 11110  623.79375   43 1386  585.00000  637.62239  9.00%  1218 1235s
 12859 11172  620.38648   58 1374  585.00000  637.62239  9.00%  1224 1244s
 12921 11234  617.98938   75 1351  585.00000  637.62239  9.00%  1231 1251s
 12983 11334  613.28787   96 1317  585.00000  637.62239  9.00%  1235 1258s
 13083 11518  605.78935  126 1279  585.00000  637.58754  8.99%  1239 1264s
 13289 11715  632.23031   24 1442  585.00000  637.58754  8.99%  1236 1272s
 13490 11824  616.04161  118 1319  585.00000  637.58754  8.99%  1231 1279s
 13631 12036  598.00679  178 1247  585.00000  637.54722  8.98%  1225 1286s
 13885 12251  608.06587  104 1285  585.00000  637.48511  8.97%  1214 1293s
 14124 12595  615.87224   65 1351  585.00000  637.48362  8.97%  1204 1302s
 14482 12751  586.47452  178 1140  585.00000  637.46103  8.97%  1189 1309s
 14671 12752  602.39955  182 1489  585.00000  637.46103  8.97%  1184 1989s
 14673 12753  621.92383   35 1339  585.00000  637.46103  8.97%  1184 1990s
 14674 12754  590.57143  219 1494  585.00000  637.46103  8.97%  1183 1998s
 14675 12755  597.00740  204 1494  585.00000  634.82624  8.52%  1183 2000s
 14681 12759  587.06877  229 1491  585.00000  633.85411  8.35%  1183 2014s
 14682 12759  625.01991   85 1493  585.00000  633.81303  8.34%  1183 2025s
 14684 12761  613.45431   96 1494  585.00000  633.78645  8.34%  1183 2037s
 14685 12761  591.89308  217 1491  585.00000  633.48162  8.29%  1183 2045s
 14689 12764  593.53427  206 1493  585.00000  633.34709  8.26%  1182 2057s
 14690 12765  593.08244  215 1492  585.00000  633.24219  8.25%  1182 2069s
 14692 12766  599.48777  125 1494  585.00000  633.22124  8.24%  1182 2081s
 14693 12767  592.11109  170 1494  585.00000  632.79266  8.17%  1182 2092s
 14696 12769  630.75558   24 1495  585.00000  632.65453  8.15%  1182 2106s
 14697 12769  597.50000  153 1492  585.00000  632.51353  8.12%  1182 2116s
 14699 12771  603.80426  182 1496  585.00000  632.47090  8.11%  1181 2128s
 14700 12771  592.43238  218 1493  585.00000  632.36265  8.10%  1181 2139s
 14702 12773  598.57703  142 1496  585.00000  632.32162  8.09%  1181 2150s
 14703 12773  590.20022   86 1493  585.00000  632.14829  8.06%  1181 2162s
 14706 12775  621.05892   76 1496  585.00000  632.08767  8.05%  1181 2175s
 14707 12776  617.66017  119 1495  585.00000  631.85059  8.01%  1181 2186s
 14711 12779  613.06942  149 1495  585.00000  631.76339  7.99%  1180 2197s
 14712 12779  612.92332   29 1496  585.00000  631.69434  7.98%  1180 2211s
 14714 12781  593.08244  215 1496  585.00000  631.66164  7.98%  1180 2224s
 14715 12781  602.82471  190 1495  585.00000  631.63353  7.97%  1180 2236s
 14716 12782  586.77725  176 1495  585.00000  631.62590  7.97%  1180 2249s
 14717 12783  603.27434  179 1495  585.00000  631.57572  7.96%  1180 2261s
 14720 12785  604.45071  173 1496  585.00000  631.54829  7.96%  1180 2277s
 14721 12785  603.62569  176 1495  585.00000  631.38818  7.93%  1180 2288s
 14723 12787  589.37207  221 1494  585.00000  631.34288  7.92%  1180 2301s
 14724 12787  590.12748  222 1490  585.00000  631.23501  7.90%  1179 2313s
 14726 12789  590.58968  218 1493  585.00000  631.19294  7.90%  1179 2327s
 14727 12789  622.18820  114 1491  585.00000  631.04844  7.87%  1179 2338s
 14730 12791  623.30521   71 1492  585.00000  631.00965  7.86%  1179 2349s
 14731 12792  630.85398   35 1493  585.00000  630.99161  7.86%  1179 2363s
 14732 12793  615.25804  112 1492  585.00000  630.98337  7.86%  1179 2376s
 14733 12793  614.41389  107 1491  585.00000  630.90708  7.85%  1179 2389s
 14734 12794  586.11596  184 1492  585.00000  630.88492  7.84%  1179 2390s
 14735 12795  611.53672   32 1492  585.00000  630.88013  7.84%  1179 2403s
 14736 12795  615.86814  105 1491  585.00000  630.87588  7.84%  1178 2417s
 14737 12796  621.05137  123 1491  585.00000  630.87447  7.84%  1178 2431s
 14738 12797  587.27891  229 1492  585.00000  630.87316  7.84%  1178 2446s
 14739 12797  611.02993  142 1493  585.00000  630.87305  7.84%  1178 2461s
 14740 12798  628.02157   47 1492  585.00000  630.87292  7.84%  1178 2476s
 14741 12799  604.49388  172 1492  585.00000  630.87291  7.84%  1178 2491s
 14742 12799  624.85093   66 1492  585.00000  630.84688  7.84%  1178 2520s
 14743 12800  593.60288  213 1492  585.00000  630.84688  7.84%  1178 2533s
 14744 12801  614.87397  139 1492  585.00000  630.84688  7.84%  1178 2549s
 14745 12804  630.77948   23 1492  585.00000  630.84688  7.84%  1184 2551s
 14757 12812  628.86036   26 1478  585.00000  630.05637  7.70%  1185 2556s
 14769 12820  627.51254   29 1473  585.00000  630.05637  7.70%  1187 2560s
 14780 12829  628.31033   32 1480  585.00000  630.05637  7.70%  1188 2565s
 14795 12840  627.33455   36 1478  585.00000  630.05637  7.70%  1189 2570s
 14811 12850  626.13756   40 1474  585.00000  630.05637  7.70%  1191 2576s
 14823 12859  625.13198   43 1471  585.00000  630.05637  7.70%  1193 2580s
 14839 12870  623.39382   46 1457  585.00000  630.05637  7.70%  1194 2585s
 14864 12889  621.82869   51 1451  585.00000  630.05637  7.70%  1196 2591s
 14876 12897  622.26273   54 1454  585.00000  630.05637  7.70%  1198 2595s
 14898 12913  621.21965   58 1455  585.00000  630.05637  7.70%  1200 2601s
 14917 12927  620.13126   62 1445  585.00000  630.05637  7.70%  1201 2606s
 14938 12940  617.65343   66 1431  585.00000  630.05637  7.70%  1203 2610s
 14959 12955  617.24812   70 1438  585.00000  630.05637  7.70%  1205 2616s
 14980 12970  614.51452   74 1424  585.00000  630.05637  7.70%  1207 2622s
 14991 12979  615.52276   77 1431  585.00000  630.05637  7.70%  1209 2625s
 15015 12994  614.51636   82 1430  585.00000  630.05637  7.70%  1212 2632s
 15027 13002  610.95446   84 1405  585.00000  630.05637  7.70%  1213 2636s
 15053 13022  612.83554   90 1417  585.00000  630.05637  7.70%  1217 2643s
 15067 13031  612.16160   93 1413  585.00000  630.05637  7.70%  1219 2648s
 15081 13040  611.63409   96 1412  585.00000  630.05637  7.70%  1221 2652s
 15095 13051  611.02675   99 1407  585.00000  630.05637  7.70%  1223 2657s
 15110 13061  610.61570  102 1404  585.00000  630.05637  7.70%  1225 2662s
 15125 13074  610.30353  105 1401  585.00000  630.05637  7.70%  1228 2667s
 15143 13088  609.74504  109 1396  585.00000  630.05637  7.70%  1231 2673s
 15163 13103  609.17702  113 1393  585.00000  630.05637  7.70%  1234 2679s
 15187 13116  608.09140  118 1388  585.00000  630.05637  7.70%  1237 2685s
 15212 13133  599.71266  122 1351  585.00000  630.05637  7.70%  1240 2691s
 15239 13152  607.21457  127 1373  585.00000  630.05637  7.70%  1242 2698s
 15271 13182  606.17713  133 1368  585.00000  630.05637  7.70%  1245 2705s
 15318 13213  605.37116  140 1354  585.00000  630.05637  7.70%  1247 2711s
 15375 13215  601.56808  147 1335  585.00000  630.05637  7.70%  1248 2719s
 15414 13227  599.15475  155 1331  585.00000  630.05637  7.70%  1249 2726s
 15439 13249  596.91777  165 1310  585.00000  630.05637  7.70%  1252 2733s
 15469 13277  599.15665  177 1321  585.00000  630.05637  7.70%  1255 2742s
 15507 13307  594.48469  192 1281  585.00000  630.05637  7.70%  1257 2751s
 15556 13319  591.22787  213 1244  585.00000  629.92848  7.68%  1258 2762s
 15610 13317  629.24921   28 1479  585.00000  629.92848  7.68%  1257 2770s
 15626 13325  628.74552   32 1476  585.00000  629.92848  7.68%  1261 2779s
 15639 13325  628.24688   35 1470  585.00000  629.92848  7.68%  1265 2788s
 15644 13341  617.78008   36 1419  585.00000  629.92848  7.68%  1266 2798s
 15661 13352  627.60818   40 1464  585.00000  629.92848  7.68%  1270 2815s
 15678 13366  627.11396   44 1461  585.00000  629.92848  7.68%  1273 2826s
 15698 13374  615.49100   48 1404  585.00000  629.92848  7.68%  1278 2848s
 15712 13396  625.90474   52 1452  585.00000  629.92848  7.68%  1280 2859s
 15739 13417  624.99809   58 1446  585.00000  629.92848  7.68%  1284 2869s
 15769 13441  624.18085   64 1438  585.00000  629.92848  7.68%  1289 2882s
 15803 13472  623.30165   71 1428  585.00000  629.92848  7.68%  1295 2894s
 15845 13506  621.88926   79 1422  585.00000  629.92848  7.68%  1299 2908s
 15893 13557  620.84673   88 1413  585.00000  629.92848  7.68%  1304 2921s
 15960 13623  618.57002  100 1402  585.00000  629.92848  7.68%  1308 2936s
 16049 13702  616.35330  113 1386  585.00000  629.92848  7.68%  1311 2953s
 16181 13661  613.36907  128 1367  585.00000  629.92848  7.68%  1311 2975s
 16184 13709  609.39853  128 1348  585.00000  629.92848  7.68%  1312 2989s
 16233 13758  608.86926  148 1339  585.00000  629.92848  7.68%  1317 3004s
 16299 13846  602.92425  176 1305  585.00000  629.39702  7.59%  1320 3021s
 16436 13824  628.65886   26 1476  585.00000  629.39702  7.59%  1319 3038s
 16459 13844  628.08476   31 1471  585.00000  629.39702  7.59%  1324 3057s
 16487 13871  627.33556   38 1462  585.00000  629.39702  7.59%  1330 3075s
 16523 13888  626.07769   46 1453  585.00000  629.39702  7.59%  1337 3093s
H16552 13233                     586.0000000  629.39702  7.41%  1342 3120s
 16588 13277  624.08192   61 1436  586.00000  629.39702  7.41%  1347 3139s
 16644 13331  622.13458   73 1420  586.00000  629.39702  7.41%  1354 3157s
 16717 13413  619.96025   88 1405  586.00000  629.39702  7.41%  1361 3178s
 16823 13544  616.43667  108 1382  586.00000  629.39702  7.41%  1368 3200s
 16993 13564  611.34469  133 1355  586.00000  629.39702  7.41%  1368 3222s
 17091 13668  603.67366  163 1309  586.00000  629.30819  7.39%  1371 3246s
 17249 13656  628.42979   32 1479  586.00000  629.30819  7.39%  1373 3271s
 17289 13698  627.60172   40 1468  586.00000  629.30819  7.39%  1381 3295s
 17345 13713  625.83144   51 1458  586.00000  629.30819  7.39%  1390 3319s
 17378 13788  625.14150   57 1449  586.00000  629.30819  7.39%  1395 3347s
 17464 13874  617.75694   72 1410  586.00000  629.30819  7.39%  1404 3374s
 17579 14040  620.00819   90 1415  586.00000  629.30819  7.39%  1411 3399s
 17803 14230  614.67386  118 1381  586.00000  629.30819  7.39%  1411 3429s
 18068 14405  603.69107  165 1285  586.00000  629.12638  7.36%  1410 3458s
 18369 14698  625.20845   46 1445  586.00000  629.08704  7.35%  1400 3488s
 18763 14861  600.45970  170 1279  586.00000  628.86014  7.31%  1388 3517s
 19107 15043  618.23758   85 1389  586.00000  628.85939  7.31%  1376 3550s
 19418 15419  596.10774  182 1220  586.00000  628.51734  7.26%  1368 3578s
 19923 15608  603.16297  152 1304  586.00000  628.49942  7.25%  1355 3600s

Cutting planes:
  Gomory: 8
  Flow cover: 95
  Zero half: 888
  RLT: 319
  BQP: 92

Explored 20346 nodes (27476802 simplex iterations) in 3600.01 seconds (9739.80 work units)
Thread count was 2 (of 24 available processors)

Solution count 10: 586 585 584 ... 575

Time limit reached
Best objective 5.860000000000e+02, best bound 6.280000000000e+02, gap 7.1672%

User-callback calls 323758, time in user-callback 0.93 sec

Gurobi 11.0.3 (linux64) logging started Sat Mar  7 14:20:15 2026

Set parameter LogFile to value "./log/train/IS_1500_6/IS_33.lp.log"
Set parameter TimeLimit to value 3600
Gurobi Optimizer version 11.0.3 build v11.0.3rc0 (linux64 - "Ubuntu 22.04.5 LTS")

CPU model: AMD Ryzen 9 9900X 12-Core Processor, instruction set [SSE2|AVX|AVX2|AVX512]
Thread count: 12 physical cores, 24 logical processors, using up to 1 threads

Optimize a model with 9224 rows, 1500 columns and 18150 nonzeros
Model fingerprint: 0x2cd7756c
Variable types: 0 continuous, 1500 integer (1500 binary)
Coefficient statistics:
  Matrix range     [1e+00, 1e+00]
  Objective range  [1e+00, 1e+00]
  Bounds range     [1e+00, 1e+00]
  RHS range        [1e+00, 1e+00]
Found heuristic solution: objective 337.0000000
Presolve removed 1750 rows and 0 columns
Presolve time: 0.04s
Presolved: 7474 rows, 1500 columns, 16311 nonzeros
Variable types: 0 continuous, 1500 integer (1500 binary)

Root relaxation: objective 6.875000e+02, 3778 iterations, 0.17 seconds (0.20 work units)

    Nodes    |    Current Node    |     Objective Bounds      |     Work
 Expl Unexpl |  Obj  Depth IntInf | Incumbent    BestBd   Gap | It/Node Time

     0     0  687.50000    0 1339  337.00000  687.50000   104%     -    0s
H    0     0                     523.0000000  687.50000  31.5%     -    0s
     0     0  671.46870    0 1482  523.00000  671.46870  28.4%     -    1s
H    0     0                     535.0000000  671.46870  25.5%     -    1s
     0     0  671.46870    0 1482  535.00000  671.46870  25.5%     -    1s
     0     0  662.23850    0 1480  535.00000  662.23850  23.8%     -    3s
H    0     0                     557.0000000  662.23850  18.9%     -    3s
H    0     0                     560.0000000  662.23850  18.3%     -    3s
     0     0  661.98738    0 1478  560.00000  661.98738  18.2%     -    3s
     0     0  661.95559    0 1480  560.00000  661.95559  18.2%     -    3s
     0     0  661.95154    0 1483  560.00000  661.95154  18.2%     -    3s
     0     0  657.81766    0 1474  560.00000  657.81766  17.5%     -    4s
     0     0  657.47725    0 1477  560.00000  657.47725  17.4%     -    4s
     0     0  657.45430    0 1477  560.00000  657.45430  17.4%     -    4s
     0     0  657.45307    0 1477  560.00000  657.45307  17.4%     -    4s
     0     0  654.69918    0 1481  560.00000  654.69918  16.9%     -    5s
     0     0  654.37065    0 1483  560.00000  654.37065  16.9%     -    5s
     0     0  654.33100    0 1481  560.00000  654.33100  16.8%     -    5s
     0     0  654.31731    0 1480  560.00000  654.31731  16.8%     -    5s
     0     0  654.31560    0 1484  560.00000  654.31560  16.8%     -    5s
     0     0  652.59372    0 1484  560.00000  652.59372  16.5%     -    6s
     0     0  652.25479    0 1486  560.00000  652.25479  16.5%     -    6s
     0     0  652.21895    0 1485  560.00000  652.21895  16.5%     -    6s
     0     0  652.19595    0 1486  560.00000  652.19595  16.5%     -    7s
     0     0  652.18500    0 1488  560.00000  652.18500  16.5%     -    7s
     0     0  652.18314    0 1489  560.00000  652.18314  16.5%     -    7s
     0     0  650.94181    0 1487  560.00000  650.94181  16.2%     -    7s
     0     0  650.72278    0 1484  560.00000  650.72278  16.2%     -    8s
     0     0  650.68513    0 1486  560.00000  650.68513  16.2%     -    8s
     0     0  650.67465    0 1486  560.00000  650.67465  16.2%     -    8s
     0     0  649.59438    0 1492  560.00000  649.59438  16.0%     -    9s
H    0     0                     562.0000000  649.59438  15.6%     -    9s
     0     0  649.48116    0 1490  562.00000  649.48116  15.6%     -    9s
     0     0  649.46315    0 1489  562.00000  649.46315  15.6%     -    9s
     0     0  649.46095    0 1489  562.00000  649.46095  15.6%     -    9s
     0     0  648.49086    0 1489  562.00000  648.49086  15.4%     -   10s
H    0     0                     563.0000000  648.49086  15.2%     -   10s
     0     0  648.37036    0 1487  563.00000  648.37036  15.2%     -   10s
     0     0  648.35641    0 1490  563.00000  648.35641  15.2%     -   10s
     0     0  648.35053    0 1492  563.00000  648.35053  15.2%     -   10s
     0     0  647.33230    0 1490  563.00000  647.33230  15.0%     -   11s
     0     0  647.22121    0 1488  563.00000  647.22121  15.0%     -   11s
     0     0  647.20477    0 1490  563.00000  647.20477  15.0%     -   11s
     0     0  647.19895    0 1486  563.00000  647.19895  15.0%     -   11s
     0     0  646.52299    0 1491  563.00000  646.52299  14.8%     -   12s
     0     0  646.41174    0 1486  563.00000  646.41174  14.8%     -   12s
     0     0  646.38140    0 1489  563.00000  646.38140  14.8%     -   12s
     0     0  646.37480    0 1488  563.00000  646.37480  14.8%     -   12s
     0     0  645.48162    0 1486  563.00000  645.48162  14.7%     -   13s
     0     0  645.37664    0 1486  563.00000  645.37664  14.6%     -   13s
     0     0  645.35733    0 1487  563.00000  645.35733  14.6%     -   13s
     0     0  645.34919    0 1487  563.00000  645.34919  14.6%     -   13s
     0     0  644.91262    0 1486  563.00000  644.91262  14.5%     -   14s
     0     0  644.82840    0 1488  563.00000  644.82840  14.5%     -   14s
     0     0  644.80632    0 1487  563.00000  644.80632  14.5%     -   14s
     0     0  644.79976    0 1490  563.00000  644.79976  14.5%     -   14s
     0     0  644.38130    0 1490  563.00000  644.38130  14.5%     -   15s
     0     0  644.31569    0 1492  563.00000  644.31569  14.4%     -   15s
     0     0  644.30759    0 1488  563.00000  644.30759  14.4%     -   15s
     0     0  643.69066    0 1491  563.00000  643.69066  14.3%     -   16s
H    0     0                     564.0000000  643.69066  14.1%     -   16s
     0     0  643.59078    0 1490  564.00000  643.59078  14.1%     -   16s
     0     0  643.57418    0 1492  564.00000  643.57418  14.1%     -   16s
     0     0  643.22365    0 1490  564.00000  643.22365  14.0%     -   17s
     0     0  643.15292    0 1491  564.00000  643.15292  14.0%     -   17s
     0     0  643.14226    0 1493  564.00000  643.14226  14.0%     -   17s
     0     0  642.65861    0 1489  564.00000  642.65861  13.9%     -   18s
     0     0  642.54165    0 1489  564.00000  642.54165  13.9%     -   18s
     0     0  642.51557    0 1494  564.00000  642.51557  13.9%     -   18s
     0     0  642.50596    0 1492  564.00000  642.50596  13.9%     -   18s
     0     0  642.17466    0 1490  564.00000  642.17466  13.9%     -   18s
H    0     0                     567.0000000  642.17466  13.3%     -   18s
     0     0  642.08800    0 1491  567.00000  642.08800  13.2%     -   19s
     0     0  642.07779    0 1494  567.00000  642.07779  13.2%     -   19s
     0     0  641.82011    0 1490  567.00000  641.82011  13.2%     -   19s
H    0     0                     568.0000000  641.82011  13.0%     -   19s
     0     0  641.76467    0 1489  568.00000  641.76467  13.0%     -   19s
     0     0  641.76027    0 1491  568.00000  641.76027  13.0%     -   19s
     0     0  641.51033    0 1492  568.00000  641.51033  12.9%     -   20s
     0     0  641.46453    0 1489  568.00000  641.46453  12.9%     -   20s
     0     0  641.45301    0 1492  568.00000  641.45301  12.9%     -   20s
     0     0  641.25119    0 1490  568.00000  641.25119  12.9%     -   21s
H    0     0                     569.0000000  641.25119  12.7%     -   21s
     0     0  641.17319    0 1490  569.00000  641.17319  12.7%     -   21s
     0     0  641.16388    0 1491  569.00000  641.16388  12.7%     -   21s
     0     0  640.90837    0 1490  569.00000  640.90837  12.6%     -   21s
     0     0  640.82784    0 1494  569.00000  640.82784  12.6%     -   22s
     0     0  640.81681    0 1494  569.00000  640.81681  12.6%     -   22s
     0     0  640.62499    0 1491  569.00000  640.62499  12.6%     -   22s
     0     0  640.57918    0 1493  569.00000  640.57918  12.6%     -   22s
     0     0  640.57279    0 1492  569.00000  640.57279  12.6%     -   22s
     0     0  640.42711    0 1490  569.00000  640.42711  12.6%     -   23s
     0     0  640.42711    0 1489  569.00000  640.42711  12.6%     -   23s
H    0     0                     571.0000000  640.42711  12.2%     -   25s
     0     2  640.42686    0 1489  571.00000  640.42686  12.2%     -   25s
     7     9  632.12330    5 1433  571.00000  640.31570  12.1%  3056   30s
    16    18  599.22610   10 1294  571.00000  640.31570  12.1%  3305   35s
H   27    27                     575.0000000  640.31570  11.4%  2539   37s
    38    34  632.84077    3 1442  575.00000  640.22651  11.3%  2234   40s
H   54    43                     579.0000000  640.22651  10.6%  2111   44s
    65    54  582.48049   21 1154  579.00000  640.22651  10.6%  1898   45s
H   84    53                     580.0000000  640.22651  10.4%  1529   47s
    89    60  606.09247    6 1321  580.00000  640.15163  10.4%  1738   50s
   129    92     cutoff   31       580.00000  640.15163  10.4%  1630   55s
   170   109  612.26295    9 1350  580.00000  640.06685  10.4%  1463   60s
   195   134  601.74475   28 1288  580.00000  640.06685  10.4%  1462   65s
   260   176  639.64589    8 1482  580.00000  640.06604  10.4%  1278   70s
   267   183  633.46144   12 1434  580.00000  640.06604  10.4%  1357   76s
   274   190  625.30712   17 1404  580.00000  640.06604  10.4%  1394   80s
   289   205  623.65101   30 1382  580.00000  640.06604  10.4%  1399   85s
H  301   207                     581.0000000  640.06604  10.2%  1424   88s
   303   211  607.59298   39 1308  581.00000  640.06604  10.2%  1436   92s
   320   228  585.52746   50 1199  581.00000  640.06604  10.2%  1439   95s
H  328   223                     582.0000000  640.06604  10.0%  1417   95s
   338   228  618.76768    9 1369  582.00000  639.97203  10.0%  1451  100s
H  355   236                     583.0000000  639.97203  9.77%  1474  104s
   356   239  610.95804   21 1329  583.00000  639.97203  9.77%  1483  105s
   393   256  632.47241    7 1448  583.00000  639.64513  9.72%  1436  110s
   402   265  625.77204   13 1405  583.00000  639.64513  9.72%  1466  115s
   415   278  611.06763   22 1337  583.00000  639.64513  9.72%  1498  120s
   433   296  617.55739   34 1361  583.00000  639.64513  9.72%  1523  125s
   457   320  604.37439   49 1284  583.00000  639.64513  9.72%  1538  130s
   498   345  622.70922   14 1388  583.00000  639.51738  9.69%  1500  136s
   507   354  605.77020   20 1300  583.00000  639.51738  9.69%  1525  140s
   519   366  615.97756   27 1336  583.00000  639.51738  9.69%  1548  145s
   543   390  584.60495   41 1190  583.00000  639.51738  9.69%  1564  150s
   558   395  621.73029   13 1390  583.00000  639.28798  9.65%  1571  155s
   585   408  617.44926   14 1358  583.00000  639.11082  9.62%  1562  160s
   611   425  633.95344    8 1489  583.00000  639.11082  9.62%  1551  177s
   614   427  623.76062   29 1486  583.00000  639.11082  9.62%  1543  187s
   616   428  599.64012   27 1486  583.00000  639.11082  9.62%  1538  190s
   619   430  584.89061   38 1495  583.00000  639.11082  9.62%  1530  199s
   620   431  624.66490   21 1489  583.00000  639.11082  9.62%  1528  209s
   622   432  631.09994    9 1491  583.00000  639.11082  9.62%  1523  217s
   623   433  617.03821   37 1490  583.00000  639.11082  9.62%  1521  227s
   624   434  621.89432   13 1491  583.00000  639.11082  9.62%  1518  236s
   625   434  603.50333   49 1490  583.00000  639.11082  9.62%  1516  245s
   627   436  603.50333   49 1490  583.00000  639.11082  9.62%  1511  252s
   628   436  624.28549   26 1487  583.00000  639.11082  9.62%  1509  262s
   630   438  623.04612    7 1490  583.00000  639.11082  9.62%  1504  271s
   631   438  632.00523   11 1491  583.00000  639.11082  9.62%  1501  279s
   632   439  624.14574   27 1492  583.00000  639.11082  9.62%  1499  288s
   633   440  601.99370   21 1493  583.00000  639.11082  9.62%  1497  298s
   634   440  618.70767   25 1491  583.00000  639.11082  9.62%  1494  305s
   637   442  596.76863   19 1489  583.00000  639.11082  9.62%  1487  323s
   639   446  637.74302   12 1463  583.00000  639.11082  9.62%  1573  325s
   649   452  635.95280   17 1454  583.00000  639.04814  9.61%  1591  331s
   656   457  637.59448   21 1473  583.00000  639.04814  9.61%  1601  335s
   667   464  634.41405   26 1454  583.00000  639.04814  9.61%  1617  340s
   682   474  634.26861   34 1448  583.00000  639.04814  9.61%  1620  345s
   693   482  628.02105   39 1415  583.00000  639.04814  9.61%  1642  350s
   703   488  617.61238   44 1373  583.00000  639.04814  9.61%  1660  356s
   712   494  629.94127   49 1413  583.00000  639.04814  9.61%  1669  360s
   724   502  629.47509   55 1416  583.00000  639.04814  9.61%  1680  365s
   732   508  627.59704   59 1399  583.00000  639.04814  9.61%  1705  370s
   746   517  627.08148   66 1403  583.00000  639.04814  9.61%  1709  375s
   757   524  609.70856   71 1331  583.00000  639.04814  9.61%  1731  380s
   767   531  622.82914   76 1379  583.00000  639.04814  9.61%  1742  385s
   779   539  623.32919   82 1388  583.00000  639.04814  9.61%  1754  390s
   791   547  619.40304   88 1371  583.00000  639.04814  9.61%  1764  395s
   810   560  614.65940   98 1355  583.00000  639.04814  9.61%  1763  400s
   824   569  613.77743  105 1348  583.00000  639.04814  9.61%  1770  405s
   843   582  612.09017  114 1346  583.00000  639.04814  9.61%  1777  410s
   862   594  610.58101  124 1342  583.00000  639.04814  9.61%  1783  415s
   881   607  603.16922  133 1305  583.00000  639.04814  9.61%  1792  420s
   913   628  599.81218  149 1295  583.00000  639.04814  9.61%  1792  425s
H  923   610                     584.0000000  639.04814  9.43%  1785  426s
   941   624  595.74262  163 1275  584.00000  639.04814  9.43%  1793  430s
   971   644  589.26906  178 1247  584.00000  639.04814  9.43%  1800  435s
   996   657  594.30941  191 1264  584.00000  639.04814  9.43%  1802  440s
  1038   669  588.67834  212 1179  584.00000  639.04814  9.43%  1781  445s
  1098   688  632.41071   16 1433  584.00000  639.04754  9.43%  1727  450s
  1104   692  619.84410   19 1376  584.00000  639.04754  9.43%  1746  456s
  1110   696  634.27214   22 1449  584.00000  639.04754  9.43%  1760  460s
  1116   700  630.92342   25 1433  584.00000  639.04754  9.43%  1776  466s
  1122   704  629.63853   28 1428  584.00000  639.04754  9.43%  1789  470s
  1128   708  631.37140   31 1424  584.00000  639.04754  9.43%  1803  475s
  1136   713  631.23658   35 1424  584.00000  639.04754  9.43%  1816  480s
  1143   718  634.85100   39 1452  584.00000  639.04754  9.43%  1825  485s
  1152   724  621.24536   43 1376  584.00000  639.04754  9.43%  1845  491s
  1158   728  629.17001   46 1416  584.00000  639.04754  9.43%  1857  495s
  1166   733  628.91439   50 1415  584.00000  639.04754  9.43%  1869  500s
  1176   740  628.48688   55 1411  584.00000  639.04754  9.43%  1885  505s
  1184   745  624.10827   59 1394  584.00000  639.04754  9.43%  1899  510s
  1192   750  625.04146   63 1395  584.00000  639.04754  9.43%  1912  515s
  1200   756  619.02067   67 1356  584.00000  639.04754  9.43%  1926  520s
  1211   763  629.66680   73 1414  584.00000  639.04754  9.43%  1934  525s
  1224   772  625.17542   79 1383  584.00000  639.04754  9.43%  1945  530s
  1236   780  624.99955   85 1388  584.00000  639.04754  9.43%  1954  535s
  1250   789  617.34401   92 1342  584.00000  639.04754  9.43%  1962  540s
  1266   800  622.33967  100 1365  584.00000  639.04754  9.43%  1965  545s
  1284   812  619.76140  109 1340  584.00000  639.04754  9.43%  1968  550s
  1301   823  621.39504  118 1357  584.00000  639.04754  9.43%  1971  555s
  1324   838  616.64466  129 1328  584.00000  639.04754  9.43%  1971  560s
  1356   860  607.52103  145 1275  584.00000  639.04754  9.43%  1959  565s
  1394   885  610.86090  164 1277  584.00000  639.04754  9.43%  1945  570s
  1466   933  600.76898  200 1195  584.00000  639.04754  9.43%  1888  575s
H 1503   924                     585.0000000  639.04754  9.24%  1852  576s
  1590   953  636.97349   15 1460  585.00000  638.95987  9.22%  1772  580s
  1598   958  632.38437   19 1425  585.00000  638.95987  9.22%  1786  586s
  1604   962  627.74870   22 1413  585.00000  638.95987  9.22%  1796  590s
  1610   966  628.55664   25 1416  585.00000  638.95987  9.22%  1807  595s
  1616   970  627.30547   28 1415  585.00000  638.95987  9.22%  1817  600s
  1622   974  625.54367   31 1393  585.00000  638.95987  9.22%  1827  605s
  1630   979  628.68350   35 1410  585.00000  638.95987  9.22%  1837  610s
  1638   985  625.77080   39 1404  585.00000  638.95987  9.22%  1847  615s
  1648   991  624.23560   44 1393  585.00000  638.95987  9.22%  1858  621s
  1654   995  625.54207   47 1401  585.00000  638.95987  9.22%  1866  625s
  1664  1002  624.63412   52 1395  585.00000  638.95987  9.22%  1877  630s
  1673  1008  630.08760   57 1412  585.00000  638.95987  9.22%  1886  635s
  1684  1015  626.67263   62 1400  585.00000  638.95987  9.22%  1894  640s
  1697  1024  627.77205   69 1403  585.00000  638.95987  9.22%  1901  645s
  1710  1033  620.83067   75 1369  585.00000  638.95987  9.22%  1909  650s
  1724  1042  621.50258   82 1367  585.00000  638.95987  9.22%  1915  655s
  1740  1053  620.10431   90 1359  585.00000  638.95987  9.22%  1922  660s
  1757  1064  621.94173   99 1370  585.00000  638.95987  9.22%  1925  665s
  1776  1077  616.17914  108 1336  585.00000  638.95987  9.22%  1929  670s
  1800  1093  603.36516  120 1261  585.00000  638.95987  9.22%  1928  675s
  1832  1114  599.68785  136 1225  585.00000  638.95987  9.22%  1922  680s
  1876  1158  606.80483  158 1268  585.00000  638.95987  9.22%  1908  685s
  1938  1220  598.32797  189 1192  585.00000  638.95987  9.22%  1877  690s
  2019  1301  586.92975  230 1084  585.00000  638.95987  9.22%  1821  696s
  2039  1303  626.25164   18 1402  585.00000  638.95982  9.22%  1817  701s
  2045  1309  627.48381   21 1413  585.00000  638.95982  9.22%  1824  706s
  2051  1315  630.74956   24 1422  585.00000  638.95982  9.22%  1831  710s
  2059  1323  629.51281   28 1419  585.00000  638.95982  9.22%  1839  715s
  2066  1330  633.14732   32 1445  585.00000  638.95982  9.22%  1845  720s
  2073  1337  626.15104   35 1412  585.00000  638.95982  9.22%  1854  725s
  2081  1345  626.90237   39 1405  585.00000  638.95982  9.22%  1861  730s
  2087  1351  612.83274   42 1330  585.00000  638.95982  9.22%  1868  735s
  2095  1359  616.89250   46 1359  585.00000  638.95982  9.22%  1876  740s
  2103  1367  623.30637   50 1395  585.00000  638.95982  9.22%  1882  745s
  2113  1377  627.44705   55 1404  585.00000  638.95982  9.22%  1887  750s
  2122  1386  628.94639   60 1415  585.00000  638.95982  9.22%  1892  755s
  2133  1397  623.91238   65 1388  585.00000  638.95982  9.22%  1898  760s
  2146  1410  626.35310   72 1403  585.00000  638.95982  9.22%  1902  765s
  2158  1422  625.38819   78 1390  585.00000  638.95982  9.22%  1906  770s
  2171  1435  621.45810   84 1366  585.00000  638.95982  9.22%  1911  775s
  2181  1445  611.85098   89 1306  585.00000  638.95982  9.22%  1912  780s
  2197  1461  615.21775   97 1320  585.00000  638.95982  9.22%  1915  785s
  2208  1472  621.27709  103 1356  585.00000  638.95982  9.22%  1914  790s
  2229  1493  610.12289  113 1289  585.00000  638.95982  9.22%  1917  795s
  2249  1513  613.96538  123 1305  585.00000  638.95982  9.22%  1916  800s
  2259  1523  610.94225  128 1290  585.00000  638.95982  9.22%  1916  805s
  2281  1545  609.69242  139 1260  585.00000  638.95982  9.22%  1912  810s
  2302  1566  610.49118  150 1282  585.00000  638.95982  9.22%  1908  815s
  2328  1592  607.22632  163 1245  585.00000  638.95982  9.22%  1900  820s
  2354  1618  602.88747  176 1189  585.00000  638.95982  9.22%  1889  827s
  2370  1634  599.71281  184 1167  585.00000  638.95982  9.22%  1880  831s
  2383  1647  592.41720  190 1138  585.00000  638.95982  9.22%  1873  835s
  2397  1661  595.62510  197 1129  585.00000  638.95982  9.22%  1866  842s
  2406  1670  594.30348  202 1112  585.00000  638.95982  9.22%  1860  847s
  2424  1688  591.33463  211 1122  585.00000  638.95982  9.22%  1849  850s
  2476  1714  638.51653   16 1485  585.00000  638.85599  9.21%  1817  857s
  2480  1718  629.71636   18 1426  585.00000  638.85599  9.21%  1822  862s
  2484  1722  634.69751   20 1449  585.00000  638.85599  9.21%  1826  866s
  2488  1726  631.56096   22 1443  585.00000  638.85599  9.21%  1831  870s
  2494  1732  630.61665   25 1434  585.00000  638.85599  9.21%  1837  875s
  2499  1737  636.71807   28 1471  585.00000  638.85599  9.21%  1841  880s
  2504  1742  630.69604   30 1428  585.00000  638.85599  9.21%  1848  885s
  2508  1746  628.58095   32 1429  585.00000  638.85599  9.21%  1852  890s
  2516  1754  628.82429   36 1433  585.00000  638.85599  9.21%  1858  896s
  2522  1760  627.24284   39 1412  585.00000  638.85599  9.21%  1863  900s
  2528  1766  630.43303   42 1431  585.00000  638.85599  9.21%  1868  905s
  2532  1770  620.14041   44 1381  585.00000  638.85599  9.21%  1872  911s
  2538  1776  623.13386   47 1403  585.00000  638.85599  9.21%  1877  915s
  2544  1782  615.55592   50 1344  585.00000  638.85599  9.21%  1883  920s
  2552  1790  623.72777   54 1383  585.00000  638.85599  9.21%  1890  925s
  2558  1796  624.52841   57 1399  585.00000  638.85599  9.21%  1895  930s
  2560  1798  620.83152   58 1377  585.00000  638.85599  9.21%  1897  938s
  2564  1802  628.97180   60 1413  585.00000  638.85599  9.21%  1899  940s
  2576  1814  627.52459   66 1401  585.00000  638.85599  9.21%  1904  945s
  2586  1824  626.15929   71 1402  585.00000  638.85599  9.21%  1908  950s
  2596  1834  625.53133   76 1400  585.00000  638.85599  9.21%  1911  955s
  2606  1844  624.63693   81 1389  585.00000  638.85599  9.21%  1916  960s
  2613  1851  627.33405   85 1404  585.00000  638.85599  9.21%  1918  965s
  2626  1864  620.48253   91 1361  585.00000  638.85599  9.21%  1922  970s
  2640  1878  621.44441   98 1375  585.00000  638.85599  9.21%  1925  978s
  2644  1882  621.32984  100 1362  585.00000  638.85599  9.21%  1926  980s
  2660  1898  619.66656  108 1367  585.00000  638.85599  9.21%  1927  985s
  2667  1905  622.03264  112 1379  585.00000  638.85599  9.21%  1927  995s
  2681  1919  621.12701  119 1372  585.00000  638.85599  9.21%  1929 1000s
  2707  1945  617.19375  132 1348  585.00000  638.85599  9.21%  1928 1005s
  2738  1976  610.83181  147 1293  585.00000  638.85599  9.21%  1925 1010s
  2779  2017  609.73378  168 1280  585.00000  638.85599  9.21%  1917 1015s
  2844  2082  598.35864  200 1226  585.00000  638.85599  9.21%  1895 1022s
  2901  2137  591.78372  229 1173  585.00000  638.85599  9.21%  1870 1025s
  2963  2175  631.74290   16 1444  585.00000  638.85595  9.21%  1844 1031s
  2967  2179  627.63191   18 1414  585.00000  638.85595  9.21%  1849 1035s
  2973  2185  634.12209   21 1438  585.00000  638.85595  9.21%  1854 1040s
  2979  2191  632.94385   24 1437  585.00000  638.85595  9.21%  1860 1045s
  2985  2197  630.86228   27 1429  585.00000  638.85595  9.21%  1865 1050s
  2991  2203  629.47052   30 1427  585.00000  638.85595  9.21%  1869 1055s
  2997  2209  627.23864   33 1411  585.00000  638.85595  9.21%  1874 1061s
  3001  2213  630.02380   35 1424  585.00000  638.85595  9.21%  1877 1065s
  3007  2219  627.41064   38 1413  585.00000  638.85595  9.21%  1882 1070s
  3014  2226  634.22187   42 1442  585.00000  638.85595  9.21%  1887 1075s
  3019  2231  628.99666   44 1409  585.00000  638.85595  9.21%  1891 1080s
  3027  2239  626.82755   48 1401  585.00000  638.85595  9.21%  1895 1086s
  3031  2243  617.38222   50 1361  585.00000  638.85595  9.21%  1899 1091s
  3039  2251  619.88528   54 1360  585.00000  638.85595  9.21%  1904 1096s
  3045  2257  622.98099   57 1383  585.00000  638.85595  9.21%  1908 1100s
  3055  2267  627.01665   62 1393  585.00000  638.85595  9.21%  1913 1107s
  3060  2272  630.33056   65 1411  585.00000  638.85595  9.21%  1914 1110s
  3071  2283  626.17839   70 1391  585.00000  638.85595  9.21%  1918 1115s
  3081  2293  624.68591   75 1383  585.00000  638.85595  9.21%  1922 1120s
  3096  2308  626.79311   83 1403  585.00000  638.85595  9.21%  1925 1125s
  3111  2323  622.85582   90 1373  585.00000  638.85595  9.21%  1928 1130s
  3123  2335  621.08709   96 1361  585.00000  638.85595  9.21%  1930 1136s
  3129  2341  619.81704   99 1356  585.00000  638.85595  9.21%  1930 1140s
  3147  2359  615.27139  108 1317  585.00000  638.85595  9.21%  1932 1145s
  3163  2375  612.31898  116 1317  585.00000  638.85595  9.21%  1934 1150s
  3186  2398  618.13915  128 1343  585.00000  638.85595  9.21%  1933 1155s
  3219  2431  598.31316  144 1226  585.00000  638.85595  9.21%  1929 1160s
  3259  2471  607.27371  164 1259  585.00000  638.85595  9.21%  1923 1165s
  3295  2507  601.11364  182 1258  585.00000  638.85595  9.21%  1912 1171s
  3369  2581  588.27407  219 1131  585.00000  638.85595  9.21%  1884 1175s
  3444  2632  627.43662   16 1411  585.00000  637.77840  9.02%  1854 1181s
  3448  2636  630.67661   18 1428  585.00000  637.77840  9.02%  1858 1185s
  3454  2642  631.94677   21 1434  585.00000  637.77840  9.02%  1862 1190s
  3460  2648  629.78456   24 1423  585.00000  637.77840  9.02%  1867 1195s
  3466  2654  627.48623   27 1405  585.00000  637.77840  9.02%  1871 1201s
  3468  2656  630.39200   28 1414  585.00000  637.77840  9.02%  1872 1205s
  3474  2662  626.88937   31 1413  585.00000  637.77840  9.02%  1876 1210s
  3482  2670  629.11812   35 1411  585.00000  637.77840  9.02%  1881 1218s
  3486  2674  624.72475   37 1394  585.00000  637.77840  9.02%  1883 1220s
  3492  2680  625.47416   40 1400  585.00000  637.77840  9.02%  1887 1225s
  3498  2686  617.79865   43 1360  585.00000  637.77840  9.02%  1892 1230s
  3504  2692  621.06789   46 1368  585.00000  637.77840  9.02%  1896 1235s
  3512  2700  626.93871   50 1390  585.00000  637.77840  9.02%  1900 1240s
  3520  2708  628.37300   54 1400  585.00000  637.77840  9.02%  1904 1245s
  3529  2717  630.92166   59 1421  585.00000  637.77840  9.02%  1907 1250s
  3538  2726  626.14445   63 1399  585.00000  637.77840  9.02%  1911 1255s
  3544  2732  624.64607   66 1383  585.00000  637.77840  9.02%  1913 1260s
  3554  2742  626.28677   71 1386  585.00000  637.77840  9.02%  1916 1265s
  3566  2754  624.91592   77 1384  585.00000  637.77840  9.02%  1919 1270s
  3582  2770  620.78763   85 1365  585.00000  637.77840  9.02%  1922 1275s
  3596  2784  620.97137   92 1350  585.00000  637.77840  9.02%  1924 1280s
  3612  2800  612.93622  100 1313  585.00000  637.77840  9.02%  1925 1285s
  3629  2817  622.52006  109 1357  585.00000  637.77840  9.02%  1925 1290s
  3636  2824  618.06374  112 1330  585.00000  637.77840  9.02%  1926 1305s
  3652  2840  616.84330  120 1328  585.00000  637.77840  9.02%  1926 1310s
  3680  2868  612.57157  134 1303  585.00000  637.77840  9.02%  1924 1315s
  3713  2901  612.35677  151 1287  585.00000  637.77840  9.02%  1919 1320s
  3768  2956  603.93023  178 1215  585.00000  637.77840  9.02%  1906 1325s
  3866  3052  586.99136  227 1089  585.00000  637.77840  9.02%  1874 1330s
  3919  3075  630.29282   22 1431  585.00000  637.77552  9.02%  1856 1335s
  3925  3081  625.75033   25 1398  585.00000  637.77552  9.02%  1860 1340s
  3931  3087  629.11905   28 1415  585.00000  637.77552  9.02%  1864 1345s
  3937  3093  629.07807   31 1415  585.00000  637.77552  9.02%  1868 1350s
  3943  3099  629.45426   34 1426  585.00000  637.77552  9.02%  1871 1355s
  3951  3107  629.04747   38 1418  585.00000  637.77552  9.02%  1875 1360s
  3957  3113  623.55899   41 1394  585.00000  637.77552  9.02%  1878 1365s
  3963  3119  628.77830   44 1412  585.00000  637.77552  9.02%  1881 1376s
  3969  3125  625.10301   47 1391  585.00000  637.77552  9.02%  1885 1380s
  3976  3132  632.54630   51 1429  585.00000  637.77552  9.02%  1887 1385s
  3985  3141  625.80830   55 1401  585.00000  637.77552  9.02%  1892 1390s
  3991  3147  618.29338   58 1361  585.00000  637.77552  9.02%  1895 1395s
  3999  3155  627.95100   62 1398  585.00000  637.77552  9.02%  1897 1400s
  4008  3164  629.74944   67 1410  585.00000  637.77552  9.02%  1899 1412s
  4013  3169  625.51016   69 1389  585.00000  637.77552  9.02%  1901 1415s
  4025  3181  619.79866   75 1372  585.00000  637.77552  9.02%  1904 1420s
  4035  3191  622.40601   80 1366  585.00000  637.77552  9.02%  1907 1425s
  4049  3205  620.42614   87 1343  585.00000  637.77552  9.02%  1909 1430s
  4061  3217  617.98447   93 1351  585.00000  637.77552  9.02%  1911 1435s
  4073  3229  621.29736   99 1364  585.00000  637.77552  9.02%  1913 1440s
  4089  3245  618.73453  107 1342  585.00000  637.77552  9.02%  1914 1445s
  4107  3263  613.26190  116 1313  585.00000  637.77552  9.02%  1915 1450s
  4127  3283  617.89032  126 1335  585.00000  637.77552  9.02%  1915 1455s
  4151  3307  611.32428  138 1306  585.00000  637.77552  9.02%  1915 1460s
  4171  3327  610.86191  148 1291  585.00000  637.77552  9.02%  1913 1471s
  4201  3357  607.53151  163 1245  585.00000  637.77552  9.02%  1909 1475s
  4261  3417  596.40295  193 1202  585.00000  637.77552  9.02%  1897 1480s
  4380  3502  636.46549   22 1457  585.00000  637.68946  9.01%  1858 1485s
  4425  3547  629.72358   67 1404  585.00000  637.68946  9.01%  1847 1490s
  4455  3577  624.24532   92 1369  585.00000  637.68946  9.01%  1843 1495s
  4505  3627  614.84141  131 1313  585.00000  637.68946  9.01%  1833 1500s
  4552  3674  607.11510  159 1260  585.00000  637.68946  9.01%  1826 1505s
  4645  3767  600.83505  187 1237  585.00000  637.68946  9.01%  1803 1510s
  4770  3892  591.70000  211 1081  585.00000  637.68946  9.01%  1770 1515s
  4970  4070  636.94458   14 1467  585.00000  637.68888  9.01%  1709 1520s
  4991  4091  633.79530   35 1444  585.00000  637.68888  9.01%  1706 1525s
  5010  4110  631.45771   54 1423  585.00000  637.68888  9.01%  1702 1535s
  5041  4141  625.17979   83 1383  585.00000  637.68888  9.01%  1698 1540s
  5086  4186  614.73843  118 1325  585.00000  637.68888  9.01%  1693 1545s
  5139  4239  608.30341  151 1285  585.00000  637.68888  9.01%  1686 1550s
  5214  4314  600.89536  181 1225  585.00000  637.68888  9.01%  1674 1555s
  5337  4437  590.35109  206 1100  585.00000  637.68888  9.01%  1647 1560s
  5500  4579  636.02973   17 1451  585.00000  637.49914  8.97%  1609 1565s
  5537  4616  629.94570   54 1409  585.00000  637.49914  8.97%  1604 1570s
  5591  4670  620.17341  106 1343  585.00000  637.49914  8.97%  1596 1575s
  5620  4699  615.09953  127 1310  585.00000  637.49914  8.97%  1592 1583s
  5621  4700  615.56133  131 1299  585.00000  637.49914  8.97%  1592 1586s
  5652  4731  610.47772  146 1269  585.00000  637.49914  8.97%  1589 1590s
  5741  4820  601.32774  181 1208  585.00000  637.49914  8.97%  1574 1595s
  5866  4945  594.05623  201 1186  585.00000  637.49914  8.97%  1551 1600s
  6053  5103  636.65605   18 1463  585.00000  637.49849  8.97%  1512 1605s
  6098  5148  629.64796   63 1413  585.00000  637.49849  8.97%  1507 1610s
  6155  5205  619.09349  116 1350  585.00000  637.49849  8.97%  1501 1615s
  6225  5275  608.48277  155 1286  585.00000  637.49849  8.97%  1496 1620s
  6344  5394  598.07469  190 1233  585.00000  637.49849  8.97%  1481 1625s
  6495  5545  588.89243  218 1111  585.00000  637.49849  8.97%  1458 1630s
  6594  5626  631.51858   32 1427  585.00000  637.17972  8.92%  1442 1635s
  6639  5671  623.98390   76 1370  585.00000  637.17972  8.92%  1438 1640s
  6696  5728  613.82642  122 1315  585.00000  637.17972  8.92%  1434 1645s
  6786  5818  601.32157  168 1207  585.00000  637.17972  8.92%  1425 1650s
  6950  5982  589.15610  203 1102  585.00000  637.17972  8.92%  1402 1655s
  7080  6072  625.56573   29 1397  585.00000  636.94347  8.88%  1382 1660s
  7110  6102  617.13929   53 1358  585.00000  636.94347  8.88%  1382 1665s
  7174  6166  607.58904  107 1301  585.00000  636.94347  8.88%  1378 1670s
  7307  6299  590.67730  172 1156  585.00000  636.94347  8.88%  1364 1675s
  7417  6387  618.74863   56 1372  585.00000  636.83237  8.86%  1352 1680s
  7501  6471  601.69876  130 1253  585.00000  636.83237  8.86%  1345 1685s
  7678  6629  635.47235   19 1453  585.00000  636.83061  8.86%  1324 1690s
  7728  6679  627.23480   69 1385  585.00000  636.83061  8.86%  1321 1695s
  7782  6733  615.53438  113 1333  585.00000  636.83061  8.86%  1320 1700s
  7841  6792  608.13246  149 1282  585.00000  636.83061  8.86%  1317 1705s
  7970  6921  593.42329  206 1186  585.00000  636.83061  8.86%  1305 1710s
  8154  7079  635.91093   20 1458  585.00000  636.81415  8.86%  1283 1715s
  8184  7109  603.82030   50 1290  585.00000  636.81415  8.86%  1283 1720s
  8233  7150  632.68552   40 1437  585.00000  636.81275  8.86%  1281 1725s
  8286  7203  622.80382   93 1376  585.00000  636.81275  8.86%  1278 1730s
  8391  7308  596.45104  198 1212  585.00000  636.81275  8.86%  1269 1735s
  8477  7338  624.81551   23 1400  585.00000  636.80886  8.86%  1261 1740s
  8485  7346  628.53567   27 1422  585.00000  636.80886  8.86%  1264 1746s
  8491  7352  627.44816   30 1413  585.00000  636.80886  8.86%  1266 1750s
  8499  7360  624.17793   34 1407  585.00000  636.80886  8.86%  1269 1755s
  8507  7368  625.89812   38 1407  585.00000  636.80886  8.86%  1272 1761s
  8513  7374  628.15132   41 1418  585.00000  636.80886  8.86%  1274 1765s
  8521  7382  626.59674   45 1403  585.00000  636.80886  8.86%  1277 1770s
  8530  7391  631.50138   50 1430  585.00000  636.80886  8.86%  1279 1775s
  8539  7400  627.22052   54 1402  585.00000  636.80886  8.86%  1282 1780s
  8549  7410  613.86280   59 1355  585.00000  636.80886  8.86%  1285 1785s
  8560  7421  628.52127   65 1413  585.00000  636.80886  8.86%  1287 1790s
  8577  7438  623.00012   73 1384  585.00000  636.80886  8.86%  1290 1795s
  8591  7452  620.47745   80 1379  585.00000  636.80886  8.86%  1292 1800s
  8605  7466  621.24268   87 1378  585.00000  636.80886  8.86%  1295 1805s
  8623  7484  619.47105   96 1359  585.00000  636.80886  8.86%  1297 1810s
  8643  7504  617.08896  106 1326  585.00000  636.80886  8.86%  1299 1815s
  8663  7524  610.89162  116 1303  585.00000  636.80886  8.86%  1301 1820s
  8691  7552  603.35265  130 1255  585.00000  636.80886  8.86%  1303 1825s
  8726  7587  610.99205  148 1307  585.00000  636.80886  8.86%  1305 1830s
  8776  7637  605.04798  173 1254  585.00000  636.80886  8.86%  1305 1835s
  8874  7735  591.37643  222 1183  585.00000  636.80886  8.86%  1299 1840s
  8956  7781  625.74737   45 1400  585.00000  636.80739  8.86%  1292 1845s
  9018  7843  613.30749  107 1326  585.00000  636.80739  8.86%  1287 1852s
  9117  7942  586.78125  206 1143  585.00000  636.80739  8.86%  1277 1855s
  9174  7970  624.12517   47 1396  585.00000  636.79743  8.85%  1273 1860s
  9309  8087  627.50841   18 1415  585.00000  636.79360  8.85%  1262 1866s
  9346  8124  620.66002   55 1367  585.00000  636.79360  8.85%  1260 1870s
  9422  8200  604.46943  124 1262  585.00000  636.79360  8.85%  1255 1875s
  9573  8351  586.60971  189 1095  585.00000  636.79360  8.85%  1243 1880s
  9622  8382  611.35429   43 1331  585.00000  636.76984  8.85%  1241 1885s
  9666  8418  633.19097   42 1444  585.00000  636.76974  8.85%  1239 1890s
  9718  8470  623.84628   94 1380  585.00000  636.76974  8.85%  1237 1895s
  9804  8556  604.29019  180 1256  585.00000  636.76974  8.85%  1231 1900s
  9900  8622  625.66251   36 1400  585.00000  636.73225  8.84%  1224 1905s
  9944  8664     cutoff   80       585.00000  636.73225  8.84%  1223 1910s
  9964  8674  613.48484   26 1339  585.00000  636.72911  8.84%  1224 1915s
  9974  8684  601.75681   29 1292  585.00000  636.72911  8.84%  1226 1920s
 10009  8703  588.48681   44 1245  585.00000  636.72911  8.84%  1227 1925s
 10058  8730  615.53677   47 1353  585.00000  636.72345  8.84%  1225 1930s
 10105  8765  630.30220   17 1431  585.00000  636.64927  8.83%  1223 1935s
 10154  8814  621.25144   66 1365  585.00000  636.64927  8.83%  1220 1940s
 10203  8862  610.99891   99 1489  585.00000  636.64927  8.83%  1217 2714s
 10205  8863  601.48507  168 1339  585.00000  636.64927  8.83%  1217 2715s
 10206  8864  598.60473  171 1491  585.00000  636.64927  8.83%  1217 2721s
 10207  8865  608.64549  146 1493  585.00000  635.36197  8.61%  1217 2725s
 10213  8869  587.28253  180 1493  585.00000  634.03192  8.38%  1216 2742s
 10214  8869  598.01823  191 1491  585.00000  633.94295  8.37%  1216 2757s
 10216  8871  593.39726  191 1493  585.00000  633.91462  8.36%  1216 2772s
 10217  8871  603.65467  161 1492  585.00000  633.30106  8.26%  1216 2786s
 10221  8874  603.15926  175 1495  585.00000  633.04681  8.21%  1215 2802s
 10222  8875  607.91163  135 1494  585.00000  632.75060  8.16%  1215 2817s
 10225  8877  595.77356  203 1498  585.00000  632.68192  8.15%  1215 2833s
 10226  8877  589.82672  219 1492  585.00000  632.41750  8.11%  1215 2846s
 10229  8879  603.29999  131 1491  585.00000  632.32758  8.09%  1214 2863s
 10230  8880  622.06136   74 1493  585.00000  632.05388  8.04%  1214 2876s
 10233  8882  618.62118   52 1492  585.00000  631.96159  8.03%  1214 2891s
 10234  8883  602.30426   58 1491  585.00000  631.78402  8.00%  1214 2908s
 10237  8885  618.68686  105 1493  585.00000  631.71068  7.98%  1213 2927s
 10238  8885  602.41825  185 1489  585.00000  631.57768  7.96%  1213 2945s
 10241  8887  616.80319  109 1493  585.00000  631.51561  7.95%  1213 2961s
 10242  8888  614.51877  137 1492  585.00000  631.38758  7.93%  1213 2978s
 10245  8890  596.79185  198 1493  585.00000  631.33824  7.92%  1212 2998s
 10246  8891  631.23262   35 1494  585.00000  631.23262  7.90%  1212 3017s
 10249  8893  587.95489  184 1495  585.00000  631.19220  7.90%  1212 3037s
 10250  8893  603.07597  129 1494  585.00000  631.12693  7.88%  1212 3056s
 10252  8895  598.33728  189 1494  585.00000  631.10684  7.88%  1212 3076s
 10253  8895  588.20141  220 1492  585.00000  631.04711  7.87%  1211 3096s
 10255  8897  621.29674  100 1494  585.00000  631.02154  7.87%  1211 3115s
 10256  8897  624.89804   68 1493  585.00000  630.97829  7.86%  1211 3132s
 10258  8899  598.18294  170 1494  585.00000  630.95519  7.86%  1211 3153s
 10259  8899  590.99773  170 1494  585.00000  630.93141  7.85%  1211 3172s
 10261  8901  600.06011  142 1495  585.00000  630.91928  7.85%  1210 3192s
 10262  8901  597.88449  209 1492  585.00000  630.89119  7.84%  1210 3210s
 10263  8902  610.67962   57 1493  585.00000  630.88574  7.84%  1210 3228s
 10264  8903  603.50465  180 1493  585.00000  630.86886  7.84%  1210 3246s
 10265  8903  630.86617   21 1493  585.00000  630.86617  7.84%  1210 3262s
 10266  8904  614.39747  135 1493  585.00000  630.85334  7.84%  1210 3281s
 10267  8905  614.28238  105 1494  585.00000  630.84962  7.84%  1210 3298s
 10268  8905  593.08172  218 1492  585.00000  630.81606  7.83%  1210 3316s
 10270  8907  586.52632  210 1494  585.00000  630.80649  7.83%  1209 3336s
 10271  8907  600.59473  169 1492  585.00000  630.79464  7.83%  1209 3353s
 10272  8908  616.88097  106 1494  585.00000  630.79091  7.83%  1209 3374s
 10273  8909  589.74249  178 1493  585.00000  630.78920  7.83%  1209 3393s
 10274  8909  592.04688  209 1494  585.00000  630.78852  7.83%  1209 3414s
 10275  8910  606.30473  132 1492  585.00000  630.78569  7.83%  1209 3433s
 10276  8911  623.59759   87 1494  585.00000  630.78513  7.83%  1209 3451s
 10277  8911  606.67681  142 1494  585.00000  630.78484  7.83%  1209 3469s
 10278  8912  614.48149  128 1494  585.00000  630.78428  7.83%  1208 3489s
 10279  8913  587.98534  237 1492  585.00000  630.78423  7.83%  1208 3509s
 10280  8913  616.01876  134 1494  585.00000  630.78418  7.83%  1208 3530s
 10281  8914  609.04964  169 1493  585.00000  630.78418  7.83%  1208 3550s
 10282  8915  613.08376  139 1494  585.00000  630.77471  7.82%  1208 3570s
 10283  8915  609.82078  151 1494  585.00000  630.76519  7.82%  1208 3588s

Cutting planes:
  Gomory: 5
  Flow cover: 65
  Zero half: 642
  Mod-K: 1
  RLT: 163
  BQP: 36

Explored 10283 nodes (12636740 simplex iterations) in 3600.00 seconds (4391.74 work units)
Thread count was 1 (of 24 available processors)

Solution count 10: 585 584 583 ... 569

Time limit reached
Best objective 5.850000000000e+02, best bound 6.300000000000e+02, gap 7.6923%

User-callback calls 165384, time in user-callback 1.14 sec
