
Gurobi 11.0.3 (linux64) logging started Thu Mar  5 17:04:10 2026

Set parameter LogFile to value "./log/train/IS_1500_6/IS_39.lp.log"
Set parameter TimeLimit to value 3600
Gurobi Optimizer version 11.0.3 build v11.0.3rc0 (linux64 - "Ubuntu 22.04.5 LTS")

CPU model: AMD Ryzen 9 9900X 12-Core Processor, instruction set [SSE2|AVX|AVX2|AVX512]
Thread count: 12 physical cores, 24 logical processors, using up to 2 threads

Optimize a model with 9226 rows, 1500 columns and 18144 nonzeros
Model fingerprint: 0x10819b81
Variable types: 0 continuous, 1500 integer (1500 binary)
Coefficient statistics:
  Matrix range     [1e+00, 1e+00]
  Objective range  [1e+00, 1e+00]
  Bounds range     [1e+00, 1e+00]
  RHS range        [1e+00, 1e+00]
Found heuristic solution: objective 337.0000000
Presolve removed 1892 rows and 0 columns
Presolve time: 0.03s
Presolved: 7334 rows, 1500 columns, 16165 nonzeros
Variable types: 0 continuous, 1500 integer (1500 binary)

Root relaxation: objective 6.830000e+02, 4373 iterations, 0.16 seconds (0.29 work units)

    Nodes    |    Current Node    |     Objective Bounds      |     Work
 Expl Unexpl |  Obj  Depth IntInf | Incumbent    BestBd   Gap | It/Node Time

     0     0  683.00000    0 1330  337.00000  683.00000   103%     -    0s
H    0     0                     537.0000000  683.00000  27.2%     -    0s
     0     0  670.39639    0 1480  537.00000  670.39639  24.8%     -    0s
H    0     0                     568.0000000  670.39639  18.0%     -    0s
H    0     0                     572.0000000  670.39639  17.2%     -    0s
     0     0  662.69082    0 1475  572.00000  662.69082  15.9%     -    1s
     0     0  662.35406    0 1475  572.00000  662.35406  15.8%     -    1s
     0     0  662.34143    0 1475  572.00000  662.34143  15.8%     -    1s
     0     0  662.33443    0 1475  572.00000  662.33443  15.8%     -    1s
     0     0  662.33258    0 1475  572.00000  662.33258  15.8%     -    1s
     0     0  658.18195    0 1472  572.00000  658.18195  15.1%     -    2s
     0     0  657.85655    0 1475  572.00000  657.85655  15.0%     -    2s
     0     0  657.81668    0 1475  572.00000  657.81668  15.0%     -    2s
     0     0  657.81054    0 1476  572.00000  657.81054  15.0%     -    2s
     0     0  657.80851    0 1475  572.00000  657.80851  15.0%     -    2s
     0     0  656.15133    0 1473  572.00000  656.15133  14.7%     -    2s
     0     0  655.93090    0 1480  572.00000  655.93090  14.7%     -    2s
     0     0  655.86985    0 1483  572.00000  655.86985  14.7%     -    2s
     0     0  655.85899    0 1483  572.00000  655.85899  14.7%     -    2s
     0     0  655.85676    0 1484  572.00000  655.85676  14.7%     -    3s
     0     0  653.64619    0 1483  572.00000  653.64619  14.3%     -    3s
     0     0  653.35321    0 1479  572.00000  653.35321  14.2%     -    3s
     0     0  653.32177    0 1481  572.00000  653.32177  14.2%     -    3s
     0     0  653.31538    0 1481  572.00000  653.31538  14.2%     -    3s
     0     0  651.88336    0 1483  572.00000  651.88336  14.0%     -    4s
     0     0  651.66745    0 1483  572.00000  651.66745  13.9%     -    4s
     0     0  651.63934    0 1486  572.00000  651.63934  13.9%     -    4s
     0     0  651.62781    0 1487  572.00000  651.62781  13.9%     -    4s
     0     0  651.62213    0 1487  572.00000  651.62213  13.9%     -    4s
     0     0  650.45139    0 1485  572.00000  650.45139  13.7%     -    4s
     0     0  650.31474    0 1484  572.00000  650.31474  13.7%     -    4s
     0     0  650.29842    0 1485  572.00000  650.29842  13.7%     -    4s
     0     0  650.29524    0 1484  572.00000  650.29524  13.7%     -    4s
     0     0  649.23490    0 1484  572.00000  649.23490  13.5%     -    5s
     0     0  649.03379    0 1486  572.00000  649.03379  13.5%     -    5s
     0     0  649.01562    0 1486  572.00000  649.01562  13.5%     -    5s
     0     0  649.01303    0 1488  572.00000  649.01303  13.5%     -    5s
     0     0  648.28693    0 1485  572.00000  648.28693  13.3%     -    5s
     0     0  648.15576    0 1487  572.00000  648.15576  13.3%     -    6s
     0     0  648.12168    0 1486  572.00000  648.12168  13.3%     -    6s
     0     0  648.11397    0 1487  572.00000  648.11397  13.3%     -    6s
     0     0  646.83131    0 1485  572.00000  646.83131  13.1%     -    6s
     0     0  646.62919    0 1485  572.00000  646.62919  13.0%     -    6s
     0     0  646.59094    0 1486  572.00000  646.59094  13.0%     -    6s
     0     0  646.58929    0 1487  572.00000  646.58929  13.0%     -    6s
     0     0  645.84447    0 1486  572.00000  645.84447  12.9%     -    7s
     0     0  645.71258    0 1486  572.00000  645.71258  12.9%     -    7s
     0     0  645.69986    0 1487  572.00000  645.69986  12.9%     -    7s
     0     0  645.01102    0 1489  572.00000  645.01102  12.8%     -    7s
H    0     0                     573.0000000  645.01102  12.6%     -    7s
     0     0  644.88598    0 1489  573.00000  644.88598  12.5%     -    7s
     0     0  644.87113    0 1488  573.00000  644.87113  12.5%     -    7s
     0     0  644.86967    0 1490  573.00000  644.86967  12.5%     -    7s
     0     0  644.34043    0 1488  573.00000  644.34043  12.5%     -    8s
     0     0  644.27583    0 1490  573.00000  644.27583  12.4%     -    8s
     0     0  644.26404    0 1491  573.00000  644.26404  12.4%     -    8s
     0     0  643.79085    0 1488  573.00000  643.79085  12.4%     -    8s
     0     0  643.68873    0 1489  573.00000  643.68873  12.3%     -    8s
     0     0  643.67033    0 1489  573.00000  643.67033  12.3%     -    8s
     0     0  643.66415    0 1489  573.00000  643.66415  12.3%     -    9s
     0     0  643.14804    0 1493  573.00000  643.14804  12.2%     -    9s
     0     0  643.08654    0 1493  573.00000  643.08654  12.2%     -    9s
     0     0  643.07877    0 1492  573.00000  643.07877  12.2%     -    9s
     0     0  642.78034    0 1490  573.00000  642.78034  12.2%     -    9s
     0     0  642.75923    0 1488  573.00000  642.75923  12.2%     -    9s
     0     0  642.75458    0 1489  573.00000  642.75458  12.2%     -   10s
     0     0  642.39749    0 1486  573.00000  642.39749  12.1%     -   10s
     0     0  642.34966    0 1485  573.00000  642.34966  12.1%     -   10s
     0     0  642.34597    0 1485  573.00000  642.34597  12.1%     -   10s
     0     0  642.08241    0 1489  573.00000  642.08241  12.1%     -   10s
     0     0  642.02067    0 1491  573.00000  642.02067  12.0%     -   10s
     0     0  642.00002    0 1490  573.00000  642.00002  12.0%     -   10s
     0     0  641.99520    0 1489  573.00000  641.99520  12.0%     -   10s
     0     0  641.69118    0 1487  573.00000  641.69118  12.0%     -   11s
     0     0  641.64390    0 1489  573.00000  641.64390  12.0%     -   11s
     0     0  641.63897    0 1488  573.00000  641.63897  12.0%     -   11s
     0     0  641.54806    0 1490  573.00000  641.54806  12.0%     -   11s
     0     0  641.54806    0 1490  573.00000  641.54806  12.0%     -   11s
H    0     0                     576.0000000  641.54806  11.4%     -   12s
     0     2  641.54806    0 1490  576.00000  641.54806  11.4%     -   12s
     9    12  640.85769    5 1481  576.00000  641.37225  11.3%  2473   15s
H   27    28                     579.0000000  641.37225  10.8%  2150   18s
    39    44  634.94731   15 1435  579.00000  641.37225  10.8%  2025   20s
H   53    56                     580.0000000  641.37225  10.6%  1665   21s
    78    74  624.35255   27 1379  580.00000  641.37225  10.6%  1840   25s
H   85    80                     581.0000000  641.37225  10.4%  1776   25s
   142   132  586.25314   49 1198  581.00000  641.37225  10.4%  1738   30s
H  152   127                     582.0000000  641.37225  10.2%  1648   30s
   198   146  628.39089    8 1412  582.00000  640.85714  10.1%  1592   35s
   231   168  616.80304   14 1350  582.00000  640.85714  10.1%  1598   40s
   283   229  597.59819   30 1251  582.00000  640.85714  10.1%  1620   45s
H  302   232                     583.0000000  640.85714  9.92%  1571   48s
   325   242  640.47038    8 1479  583.00000  640.58591  9.88%  1497   50s
H  352   254                     584.0000000  640.58591  9.69%  1555   53s
   377   291  591.14034   20 1233  584.00000  640.58591  9.69%  1547   55s
H  427   301                     585.0000000  640.53103  9.49%  1442   58s
   462   312  631.08857    8 1439  585.00000  640.37338  9.47%  1398   60s
   502   364  605.99833   20 1329  585.00000  640.37338  9.47%  1477   65s
   585   415  630.14478   11 1426  585.00000  640.16053  9.43%  1451   72s
   613   439  625.97899   21 1390  585.00000  640.16053  9.43%  1496   76s
   641   471  623.23559   32 1374  585.00000  640.16053  9.43%  1536   80s
   718   552  602.49136   49 1260  585.00000  640.16053  9.43%  1540   87s
   759   569  587.02267   67 1187  585.00000  639.96074  9.39%  1533   90s
   802   583  625.61292   14 1400  585.00000  639.87547  9.38%  1510  100s
   840   641  602.24693   27 1292  585.00000  639.87508  9.38%  1542  107s
   875   642  601.74476   39 1490  585.00000  639.87508  9.38%  1548  118s
   878   644  620.25689   23 1490  585.00000  639.87508  9.38%  1543  124s
   879   645  612.16966   15 1486  585.00000  639.87508  9.38%  1541  125s
   884   648  612.84150   26 1488  585.00000  639.87508  9.38%  1532  133s
   887   650  608.50515   20 1490  585.00000  639.87508  9.38%  1527  138s
   888   651  601.24061   57 1485  585.00000  639.87508  9.38%  1525  142s
   889   651  633.33058   16 1486  585.00000  639.87508  9.38%  1524  146s
   890   652  592.60439   44 1487  585.00000  639.87508  9.38%  1522  150s
   892   653  608.05333   45 1486  585.00000  639.87508  9.38%  1519  159s
   893   654  627.31694   29 1489  585.00000  639.87508  9.38%  1517  163s
   894   655  622.89487   42 1489  585.00000  639.87508  9.38%  1515  168s
   895   655  618.88037   31 1489  585.00000  639.87508  9.38%  1513  173s
   896   656  602.23722   28 1489  585.00000  639.87508  9.38%  1512  181s
   907   667  639.47747   14 1472  585.00000  639.87508  9.38%  1590  185s
   933   685  638.05121   19 1468  585.00000  639.87508  9.38%  1596  190s
   964   707  636.32735   27 1465  585.00000  639.87508  9.38%  1615  195s
   995   728  633.36538   33 1455  585.00000  639.87508  9.38%  1635  200s
  1031   754  631.85676   42 1444  585.00000  639.87508  9.38%  1654  205s
  1061   776  630.92157   48 1439  585.00000  639.87508  9.38%  1683  211s
  1097   800  628.92875   54 1433  585.00000  639.87508  9.38%  1695  215s
  1119   817  628.05183   59 1432  585.00000  639.87508  9.38%  1708  220s
  1157   845  627.10332   65 1424  585.00000  639.87508  9.38%  1735  226s
  1201   878  625.50065   72 1419  585.00000  639.87508  9.38%  1762  231s
  1238   906  624.04012   78 1410  585.00000  639.87508  9.38%  1782  236s
  1283   942  622.90339   84 1404  585.00000  639.87508  9.38%  1801  241s
  1347  1010  621.40656   92 1396  585.00000  639.87508  9.38%  1809  247s
  1460  1092  620.20532  100 1386  585.00000  639.87508  9.38%  1740  252s
  1551  1085  612.65008  108 1354  585.00000  639.87508  9.38%  1693  257s
  1564  1094  618.65928  113 1375  585.00000  639.87508  9.38%  1702  260s
  1592  1117  612.49508  123 1339  585.00000  639.87508  9.38%  1733  267s
  1610  1131  616.37208  129 1348  585.00000  639.87508  9.38%  1744  270s
  1652  1163  609.08464  144 1281  585.00000  639.87508  9.38%  1766  276s
  1703  1211  605.08374  164 1259  585.00000  639.87508  9.38%  1787  283s
  1741  1261  607.87143  180 1275  585.00000  639.87508  9.38%  1783  286s
  1804  1339  601.00710  208 1218  585.00000  639.87508  9.38%  1762  290s
  1933  1325  636.06870   16 1454  585.00000  639.47718  9.31%  1710  298s
  1947  1336  635.62108   19 1451  585.00000  639.47718  9.31%  1724  303s
  1962  1349  634.86840   22 1447  585.00000  639.47718  9.31%  1743  308s
  1980  1361  634.29281   26 1443  585.00000  639.47718  9.31%  1758  314s
  1998  1374  634.02028   30 1441  585.00000  639.47718  9.31%  1775  319s
  2017  1387  628.56909   33 1410  585.00000  639.47718  9.31%  1791  324s
  2037  1402  627.99488   37 1405  585.00000  639.47718  9.31%  1808  329s
  2058  1421  631.83936   42 1424  585.00000  639.47718  9.31%  1822  334s
  2084  1441  631.31784   47 1416  585.00000  639.47718  9.31%  1835  340s
  2113  1463  630.64124   53 1412  585.00000  639.47718  9.31%  1847  345s
  2145  1478  625.43304   59 1387  585.00000  639.47718  9.31%  1863  352s
  2170  1505  628.06488   66 1402  585.00000  639.47718  9.31%  1870  357s
  2206  1536  626.39052   74 1393  585.00000  639.47718  9.31%  1877  363s
  2249  1585  625.14066   84 1379  585.00000  639.47718  9.31%  1886  370s
  2312  1640  622.57981   96 1367  585.00000  639.47718  9.31%  1882  376s
  2388  1748  621.27244  106 1356  585.00000  639.47718  9.31%  1861  383s
  2543  1705  620.55359  111 1342  585.00000  639.47718  9.31%  1779  393s
  2552  1731  604.25593  111 1260  585.00000  639.47718  9.31%  1787  401s
  2581  1747  619.01288  121 1332  585.00000  639.47718  9.31%  1798  411s
  2607  1798  617.10385  129 1325  585.00000  639.47718  9.31%  1805  417s
  2666  1788  613.80226  152 1281  585.00000  639.47718  9.31%  1811  426s
  2676  1922  610.52037  152 1267  585.00000  639.47718  9.31%  1820  432s
  2813  1941  594.83929  213 1183  585.00000  638.85844  9.21%  1790  440s
  2907  1960  635.46012   21 1449  585.00000  638.85844  9.21%  1774  449s
  2943  2000  633.59240   29 1436  585.00000  638.85844  9.21%  1794  458s
  2983  2012  632.96252   37 1425  585.00000  638.85844  9.21%  1815  469s
  2995  2041  623.36604   37 1387  585.00000  638.85844  9.21%  1821  479s
  3024  2092  626.95089   43 1391  585.00000  638.85844  9.21%  1831  488s
  3075  2130  630.21889   55 1409  585.00000  638.85844  9.21%  1846  498s
  3113  2246  623.34816   62 1377  585.00000  638.85844  9.21%  1853  508s
  3229  2459  625.99885   79 1383  585.00000  638.85844  9.21%  1851  519s
  3465  2545  622.67860  102 1358  585.00000  638.85844  9.21%  1793  529s
  3551  2752  616.13534  137 1301  585.00000  638.45326  9.14%  1800  541s
  3781  2791  636.98610   22 1459  585.00000  638.45326  9.14%  1751  552s
  3820  2836  631.90411   31 1416  585.00000  638.45326  9.14%  1771  566s
  3865  2880  633.70457   42 1435  585.00000  638.45326  9.14%  1792  577s
  3909  2942  631.81468   52 1421  585.00000  638.45326  9.14%  1808  590s
  3971  3010  629.71168   66 1410  585.00000  638.45326  9.14%  1828  605s
  4039  3142  627.59026   81 1390  585.00000  638.45326  9.14%  1842  619s
  4171  3340  622.81435  108 1361  585.00000  638.45326  9.14%  1848  633s
  4383  3614  622.13693  113 1352  585.00000  638.45326  9.14%  1796  648s
  4657  4199  606.83401  177 1262  585.00000  638.05121  9.07%  1757  662s
  5271  4589  622.79043  112 1357  585.00000  638.05121  9.07%  1609  675s
  5690  5282  594.47222  216 1136  585.00000  637.97375  9.06%  1542  687s
  6464  5750  619.82240  125 1339  585.00000  637.95871  9.05%  1402  699s
  6932  6221  596.09155  213 1162  585.00000  637.95851  9.05%  1353  710s
  7478  6993  625.64409   88 1369  585.00000  637.80507  9.03%  1283  725s
  8405  7189  621.49766   85 1366  585.00000  637.80507  9.03%  1200  733s
  8527  7414  608.67422  140 1266  585.00000  637.80507  9.03%  1193  738s
  8752  7614  593.28441  198 1136  585.00000  637.59454  8.99%  1176  743s
  8988  7630  636.46669   21 1451  585.00000  637.59444  8.99%  1156  748s
  9004  7648  635.77830   25 1441  585.00000  637.59444  8.99%  1161  754s
  9022  7668  634.98531   30 1436  585.00000  637.59444  8.99%  1165  760s
  9042  7686  634.26208   35 1431  585.00000  637.59444  8.99%  1171  766s
  9060  7708  633.60168   40 1428  585.00000  637.59444  8.99%  1176  772s
  9082  7732  632.43125   46 1424  585.00000  637.59444  8.99%  1182  778s
  9106  7758  631.48699   52 1418  585.00000  637.59444  8.99%  1188  784s
  9132  7786  630.54273   59 1406  585.00000  637.59444  8.99%  1194  791s
  9160  7822  629.63032   66 1402  585.00000  637.59444  8.99%  1200  797s
  9196  7860  627.19223   76 1393  585.00000  637.59444  8.99%  1205  803s
  9234  7910  625.66962   86 1372  585.00000  637.59444  8.99%  1212  810s
  9284  7976  623.28388  100 1347  585.00000  637.59444  8.99%  1219  817s
  9350  8081  618.51337  119 1322  585.00000  637.59444  8.99%  1225  824s
  9455  8297  610.54446  151 1285  585.00000  637.57589  8.99%  1230  832s
  9711  8486  635.46720   23 1448  585.00000  637.57589  8.99%  1220  839s
  9904  8677  625.95533   82 1372  585.00000  637.57379  8.99%  1212  845s
 10148  8818  635.76341   31 1459  585.00000  637.55070  8.98%  1194  852s
 10289  9102  626.85266   89 1396  585.00000  637.55070  8.98%  1188  858s
 10573  9457  611.12401  164 1289  585.00000  637.55070  8.98%  1172  866s
 10952  9699  591.18056  233 1142  585.00000  637.53363  8.98%  1147  873s
 11240  9821  624.64610   46 1379  585.00000  637.45385  8.97%  1128  880s
 11386  9927  626.79305   28 1386  585.00000  637.35900  8.95%  1123  885s
 11514 10019  631.65545   20 1428  585.00000  637.33454  8.95%  1120  891s
 11606 10105  586.27928   76 1217  585.00000  637.33451  8.95%  1120  898s
 11710 10219  617.50009   44 1356  585.00000  637.25786  8.93%  1119  905s
 11846 10397  624.75182   33 1400  585.00000  637.19591  8.92%  1116  911s
 12024 10608  608.18386  125 1274  585.00000  637.18702  8.92%  1109  919s
 12255 10937  631.99616   20 1430  585.00000  637.18702  8.92%  1099  926s
 12616 11117  618.81903   99 1345  585.00000  637.07634  8.90%  1080  932s
 12814 11276  624.16466   39 1389  585.00000  637.05708  8.90%  1072  938s
 12995 11305  625.49409   27 1412  585.00000  637.05397  8.90%  1066  945s
 13024 11311  623.90277   35 1400  585.00000  637.05397  8.90%  1071  953s
 13030 11335  619.24432   36 1379  585.00000  637.05397  8.90%  1072  960s
 13054 11356  614.20130   42 1355  585.00000  637.05397  8.90%  1076  967s
 13075 11400  621.86984   48 1387  585.00000  637.05397  8.90%  1079  974s
 13119 11458  620.39752   60 1369  585.00000  637.05397  8.90%  1084  981s
 13177 11524  617.16224   77 1343  585.00000  637.05397  8.90%  1090  988s
 13243 11616  613.65774   97 1328  585.00000  637.05397  8.90%  1096  996s
 13335 11803  608.42002  125 1272  585.00000  637.05397  8.90%  1101 1003s
 13524 11953  587.50611  196 1147  585.00000  636.99413  8.89%  1100 1010s
 13695 12206  622.90315   81 1373  585.00000  636.97926  8.89%  1097 1017s
 14009 12290  621.94385   22 1377  585.00000  636.92191  8.88%  1083 1023s
 14119 12390  630.56877   29 1421  585.00000  636.91771  8.87%  1082 1030s
 14251 12503  624.51546   35 1395  585.00000  636.85732  8.86%  1081 1037s
 14393 12607  623.72140   40 1385  585.00000  636.83802  8.86%  1078 1044s
 14521 12826  622.82767   38 1390  585.00000  636.78680  8.85%  1077 1051s
 14759 12827  594.65254  174 1490  585.00000  636.78680  8.85%  1069 1530s
 14762 12829  629.11980   29 1486  585.00000  636.78680  8.85%  1068 1541s
 14764 12830  597.30769  196 1491  585.00000  633.72515  8.33%  1068 1545s
 14768 12833  612.69942   87 1493  585.00000  633.38782  8.27%  1068 1558s
 14769 12834  598.17000  180 1490  585.00000  633.32264  8.26%  1068 1567s
 14772 12836  608.82122  107 1492  585.00000  633.28220  8.25%  1068 1579s
 14773 12836  615.80560   98 1492  585.00000  632.76792  8.17%  1068 1591s
 14776 12838  622.21570   64 1493  585.00000  632.60405  8.14%  1067 1606s
 14777 12839  628.62900   47 1495  585.00000  632.40073  8.10%  1067 1618s
 14780 12841  588.58824  205 1496  585.00000  632.31941  8.09%  1067 1633s
 14781 12842  622.39381   98 1493  585.00000  632.20676  8.07%  1067 1646s
 14784 12844  598.26170  207 1497  585.00000  632.15618  8.06%  1067 1660s
 14785 12844  610.77606  102 1493  585.00000  632.08949  8.05%  1067 1673s
 14787 12846  612.68767  136 1489  585.00000  632.06270  8.04%  1067 1687s
 14788 12846  614.99558  114 1491  585.00000  631.94289  8.02%  1067 1702s
 14791 12848  631.89699   49 1492  585.00000  631.89699  8.02%  1066 1716s
 14792 12849  615.07642  146 1493  585.00000  631.83061  8.01%  1066 1729s
 14794 12850  592.83779   84 1495  585.00000  631.80502  8.00%  1066 1743s
 14795 12851  627.47037   56 1490  585.00000  631.71059  7.98%  1066 1754s
 14798 12853  630.81365   70 1494  585.00000  631.66038  7.98%  1066 1767s
 14799 12854  598.85631  194 1495  585.00000  631.56819  7.96%  1066 1781s
 14801 12855  626.94844   44 1495  585.00000  631.53912  7.96%  1066 1796s
 14802 12856  611.28439  157 1495  585.00000  631.49097  7.95%  1066 1811s
 14804 12857  614.29762  165 1496  585.00000  631.46654  7.94%  1065 1826s
 14805 12858  588.50000  235 1496  585.00000  631.41221  7.93%  1065 1839s
 14807 12859  623.45898   99 1495  585.00000  631.39628  7.93%  1065 1854s
 14808 12860  631.35876   34 1493  585.00000  631.35876  7.92%  1065 1866s
 14810 12861  614.37353  117 1493  585.00000  631.34135  7.92%  1065 1881s
 14811 12862  596.42241  219 1494  585.00000  631.26942  7.91%  1065 1896s
 14813 12863  587.00000  242 1494  585.00000  631.24250  7.90%  1065 1912s
 14814 12864  591.72464  230 1494  585.00000  631.19800  7.90%  1065 1924s
 14815 12864  612.75860  156 1493  585.00000  631.19045  7.90%  1065 1939s
 14816 12865  609.62362   54 1494  585.00000  631.16871  7.89%  1065 1954s
 14818 12866  626.85006   90 1497  585.00000  631.15411  7.89%  1064 1968s
 14819 12867  602.46699  161 1494  585.00000  631.13551  7.89%  1064 1983s
 14820 12868  619.26472  110 1497  585.00000  631.13034  7.89%  1064 1997s
 14821 12868  591.65806  229 1494  585.00000  631.08362  7.88%  1064 2010s
 14823 12870  605.53193  139 1495  585.00000  631.06900  7.88%  1064 2027s
 14824 12870  592.93296  212 1494  585.00000  631.04976  7.87%  1064 2041s
 14826 12872  610.48598  112 1493  585.00000  631.03793  7.87%  1064 2057s
 14827 12872  616.88728  153 1494  585.00000  630.97350  7.86%  1064 2072s
 14829 12874  619.63405  109 1495  585.00000  630.94819  7.85%  1064 2086s
 14830 12874  616.05282  109 1492  585.00000  630.92232  7.85%  1064 2099s
 14832 12876  587.82143  215 1494  585.00000  630.90435  7.85%  1063 2114s
 14833 12876  598.50000  193 1493  585.00000  630.89575  7.85%  1063 2129s
 14834 12877  626.39560   92 1494  585.00000  630.89048  7.84%  1063 2145s
 14835 12878  597.81122   63 1493  585.00000  630.87068  7.84%  1063 2161s
 14836 12878  613.40072  101 1493  585.00000  630.86444  7.84%  1063 2175s
 14837 12879  616.82990  135 1493  585.00000  630.86330  7.84%  1063 2189s
 14838 12880  586.50000  244 1494  585.00000  630.86295  7.84%  1063 2204s
 14839 12880  618.85143  109 1493  585.00000  630.83044  7.83%  1063 2218s
 14841 12882  628.93366   36 1494  585.00000  630.81589  7.83%  1063 2231s
 14842 12882  593.62500  216 1493  585.00000  630.80742  7.83%  1063 2245s
 14843 12883  587.05952  243 1494  585.00000  630.80078  7.83%  1063 2257s
 14844 12884  620.49881   60 1494  585.00000  630.79536  7.83%  1063 2270s
 14845 12884  617.62086   91 1495  585.00000  630.79370  7.83%  1062 2283s
 14846 12885  623.75200   34 1495  585.00000  630.77822  7.83%  1062 2297s
 14847 12886  596.77101  212 1495  585.00000  630.77146  7.82%  1062 2313s
 14848 12886  590.36585  226 1494  585.00000  630.77016  7.82%  1062 2329s
 14849 12887  626.54033   33 1495  585.00000  630.76947  7.82%  1062 2344s
 14850 12888  630.37510   58 1493  585.00000  630.75922  7.82%  1062 2358s
 14851 12888  627.97587   71 1494  585.00000  630.75657  7.82%  1062 2373s
 14852 12889  620.88951   85 1494  585.00000  630.75526  7.82%  1062 2387s
 14853 12890  590.22917  236 1494  585.00000  630.75501  7.82%  1062 2405s
 14854 12890  624.97163   39 1493  585.00000  630.73674  7.82%  1062 2420s
 14855 12891  625.04896   91 1494  585.00000  630.72946  7.82%  1062 2435s
 14856 12892  606.35492  157 1493  585.00000  630.72719  7.82%  1062 2450s
 14857 12892  611.85445  154 1494  585.00000  630.72649  7.82%  1062 2466s
 14858 12893  611.61097  123 1493  585.00000  630.70567  7.81%  1062 2481s
 14859 12894  594.65254  174 1494  585.00000  630.70513  7.81%  1061 2498s
 14860 12894  603.26638  162 1493  585.00000  630.69914  7.81%  1061 2513s
 14861 12895  599.97495  176 1494  585.00000  630.69763  7.81%  1061 2528s
 14862 12896  629.11980   29 1493  585.00000  630.69712  7.81%  1061 2545s
 14863 12896  592.18519  224 1494  585.00000  630.69694  7.81%  1061 2560s
 14864 12897  597.30769  196 1494  585.00000  630.69688  7.81%  1061 2577s
 14865 12898  593.46699  206 1494  585.00000  630.69684  7.81%  1061 2595s
 14866 12898  630.68531   37 1494  585.00000  630.68531  7.81%  1061 2630s
 14867 12899  611.18982  144 1494  585.00000  630.68335  7.81%  1061 2646s
 14868 12900  612.69942   87 1494  585.00000  630.68335  7.81%  1061 2663s
 14871 12905  630.20922   22 1492  585.00000  630.45148  7.77%  1067 2665s
 14883 12913  628.66854   25 1478  585.00000  629.94541  7.68%  1069 2670s
 14895 12921  628.36700   28 1484  585.00000  629.94541  7.68%  1070 2675s
 14907 12931  627.48665   31 1482  585.00000  629.94541  7.68%  1071 2681s
 14919 12939  626.66697   34 1476  585.00000  629.94541  7.68%  1073 2686s
 14923 12939  626.37092   35 1477  585.00000  629.94541  7.68%  1073 2690s
H14924 12292                     586.0000000  629.94541  7.50%  1073 2690s
 14935 12302  625.64696   38 1476  586.00000  629.94541  7.50%  1075 2696s
 14947 12311  624.76310   41 1470  586.00000  629.94541  7.50%  1077 2701s
 14952 12312  624.58004   42 1467  586.00000  629.94541  7.50%  1077 2712s
 14958 12318  623.70009   43 1464  586.00000  629.94541  7.50%  1078 2716s
 14968 12326  623.31275   46 1463  586.00000  629.94541  7.50%  1079 2721s
 14981 12332  622.52457   49 1460  586.00000  629.94541  7.50%  1080 2726s
 14992 12345  621.82658   52 1450  586.00000  629.94541  7.50%  1082 2732s
 15009 12352  620.68212   56 1452  586.00000  629.94541  7.50%  1083 2741s
 15022 12366  619.83447   59 1453  586.00000  629.94541  7.50%  1085 2747s
 15032 12375  618.18256   61 1438  586.00000  629.94541  7.50%  1086 2750s
 15056 12390  616.87784   67 1434  586.00000  629.94541  7.50%  1088 2756s
 15067 12396  614.72360   69 1417  586.00000  629.94541  7.50%  1089 2761s
 15087 12414  614.52176   74 1428  586.00000  629.94541  7.50%  1092 2768s
 15101 12423  613.80917   77 1427  586.00000  629.94541  7.50%  1094 2772s
 15115 12433  613.07026   80 1423  586.00000  629.94541  7.50%  1095 2775s
 15144 12453  609.58624   86 1399  586.00000  629.94541  7.50%  1099 2783s
 15159 12466  610.75552   90 1408  586.00000  629.94541  7.50%  1101 2788s
 15177 12474  609.84825   94 1406  586.00000  629.94541  7.50%  1103 2793s
 15191 12487  609.30258   97 1403  586.00000  629.94541  7.50%  1105 2798s
 15209 12499  608.49215  101 1398  586.00000  629.94541  7.50%  1108 2803s
 15227 12514  607.82975  105 1390  586.00000  629.94541  7.50%  1111 2808s
 15248 12530  598.24206  109 1344  586.00000  629.94541  7.50%  1114 2814s
 15271 12535  606.49142  114 1377  586.00000  629.94541  7.50%  1117 2820s
 15284 12561  603.94168  118 1358  586.00000  629.94541  7.50%  1118 2826s
 15314 12582  602.68383  125 1355  586.00000  629.94541  7.50%  1121 2832s
 15351 12610  601.49862  134 1339  586.00000  629.94541  7.50%  1125 2838s
 15393 12646  600.45117  143 1316  586.00000  629.94541  7.50%  1128 2844s
 15445 12699  598.42736  153 1301  586.00000  629.94541  7.50%  1130 2851s
 15519 12720  596.81601  166 1282  586.00000  629.94541  7.50%  1132 2858s
 15592 12716  589.88155  182 1230  586.00000  629.94541  7.50%  1132 2873s
H15614 12087                     587.0000000  629.94541  7.32%  1132 2873s
 15615 12099     cutoff  192       587.00000  629.74408  7.28%  1132 2879s
 15653 12098  628.45470   26 1470  587.00000  629.74408  7.28%  1133 2885s
 15665 12108  628.02536   29 1468  587.00000  629.74408  7.28%  1136 2894s
 15679 12119  627.50918   33 1463  587.00000  629.74408  7.28%  1140 2902s
 15695 12130  627.01167   37 1456  587.00000  629.74408  7.28%  1143 2910s
 15711 12142  626.46028   41 1453  587.00000  629.74408  7.28%  1147 2917s
 15728 12154  609.68852   45 1364  587.00000  629.74408  7.28%  1151 2925s
 15746 12167  625.38116   50 1434  587.00000  629.74408  7.28%  1154 2933s
 15765 12185  624.84800   55 1431  587.00000  629.74408  7.28%  1158 2941s
 15789 12205  623.86336   61 1430  587.00000  629.74408  7.28%  1162 2950s
 15817 12223  622.71803   68 1424  587.00000  629.74408  7.28%  1167 2959s
 15845 12243  621.22767   75 1416  587.00000  629.74408  7.28%  1170 2969s
 15874 12274  616.13580   82 1387  587.00000  629.74408  7.28%  1174 2979s
 15915 12303  618.42912   93 1397  587.00000  629.74408  7.28%  1178 2989s
 15957 12338  616.57128  104 1388  587.00000  629.74408  7.28%  1182 3000s
 16006 12375  612.95245  118 1348  587.00000  629.74408  7.28%  1186 3010s
 16060 12398  605.87961  131 1317  587.00000  629.74408  7.28%  1189 3023s
 16101 12432  608.63768  137 1323  587.00000  629.74408  7.28%  1190 3042s
 16148 12470  602.37742  140 1266  587.00000  629.74408  7.28%  1191 3061s
 16202 12635  605.38692  150 1294  587.00000  629.74348  7.28%  1191 3077s
 16428 12586  628.93011   25 1471  587.00000  629.41078  7.23%  1186 3091s
 16454 12605  628.15187   31 1462  587.00000  629.41078  7.23%  1191 3105s
 16482 12628  627.41428   37 1456  587.00000  629.41078  7.23%  1197 3120s
 16514 12657  626.55153   44 1447  587.00000  629.41078  7.23%  1203 3135s
 16554 12691  625.24529   53 1431  587.00000  629.41078  7.23%  1209 3151s
 16601 12734  623.58855   63 1420  587.00000  629.41078  7.23%  1216 3164s
 16660 12789  621.55285   76 1410  587.00000  629.41078  7.23%  1223 3179s
 16735 12867  616.30509   90 1361  587.00000  629.41078  7.23%  1229 3196s
 16838 13006  616.60454  109 1370  587.00000  629.41078  7.23%  1234 3213s
 17024 13047  610.32068  138 1319  587.00000  629.41078  7.23%  1235 3241s
 17127 13079  596.27103  184 1175  587.00000  629.21560  7.19%  1237 3261s
 17212 13087  627.70744   28 1466  587.00000  629.21560  7.19%  1239 3281s
 17249 13119  626.42907   37 1456  587.00000  629.21560  7.19%  1247 3301s
 17293 13138  625.03908   48 1443  587.00000  629.21560  7.19%  1255 3323s
 17327 13175  618.07490   57 1398  587.00000  629.21560  7.19%  1261 3346s
 17375 13240  621.99733   71 1410  587.00000  629.21560  7.19%  1267 3367s
 17456 13334  618.14663   92 1385  587.00000  629.21560  7.19%  1276 3391s
 17577 13590  608.97176  122 1308  587.00000  629.21544  7.19%  1284 3416s
 17883 13690  627.83491   25 1464  587.00000  629.21544  7.19%  1283 3440s
 18101 13742  612.84902  117 1335  587.00000  629.21544  7.19%  1277 3465s
 18226 14089  601.12777  165 1240  587.00000  629.16928  7.18%  1274 3491s
 18653 14310  617.24037   99 1384  587.00000  629.04400  7.16%  1260 3517s
 19018 14503  590.30185  201 1101  587.00000  629.04368  7.16%  1252 3541s
 19364 14802  606.84861  143 1279  587.00000  628.66664  7.10%  1243 3564s
 19826 15062  613.17973  115 1343  587.00000  628.55085  7.08%  1232 3588s
 20286 15208  588.61468   63 1249  587.00000  628.43760  7.06%  1222 3600s

Cutting planes:
  Gomory: 9
  Flow cover: 97
  Zero half: 909
  RLT: 326
  BQP: 82

Explored 20593 nodes (25122173 simplex iterations) in 3600.00 seconds (8313.85 work units)
Thread count was 2 (of 24 available processors)

Solution count 10: 587 586 585 ... 576

Time limit reached
Best objective 5.870000000000e+02, best bound 6.280000000000e+02, gap 6.9847%

User-callback calls 285811, time in user-callback 0.88 sec

Gurobi 11.0.3 (linux64) logging started Sat Mar  7 14:20:15 2026

Set parameter LogFile to value "./log/train/IS_1500_6/IS_39.lp.log"
Set parameter TimeLimit to value 3600
Gurobi Optimizer version 11.0.3 build v11.0.3rc0 (linux64 - "Ubuntu 22.04.5 LTS")

CPU model: AMD Ryzen 9 9900X 12-Core Processor, instruction set [SSE2|AVX|AVX2|AVX512]
Thread count: 12 physical cores, 24 logical processors, using up to 1 threads

Optimize a model with 9226 rows, 1500 columns and 18144 nonzeros
Model fingerprint: 0x10819b81
Variable types: 0 continuous, 1500 integer (1500 binary)
Coefficient statistics:
  Matrix range     [1e+00, 1e+00]
  Objective range  [1e+00, 1e+00]
  Bounds range     [1e+00, 1e+00]
  RHS range        [1e+00, 1e+00]
Found heuristic solution: objective 337.0000000
Presolve removed 1892 rows and 0 columns
Presolve time: 0.04s
Presolved: 7334 rows, 1500 columns, 16165 nonzeros
Variable types: 0 continuous, 1500 integer (1500 binary)

Root relaxation: objective 6.830000e+02, 4373 iterations, 0.24 seconds (0.29 work units)

    Nodes    |    Current Node    |     Objective Bounds      |     Work
 Expl Unexpl |  Obj  Depth IntInf | Incumbent    BestBd   Gap | It/Node Time

     0     0  683.00000    0 1330  337.00000  683.00000   103%     -    0s
H    0     0                     537.0000000  683.00000  27.2%     -    0s
     0     0  670.39639    0 1480  537.00000  670.39639  24.8%     -    1s
H    0     0                     568.0000000  670.39639  18.0%     -    1s
H    0     0                     572.0000000  670.39639  17.2%     -    1s
     0     0  662.69082    0 1475  572.00000  662.69082  15.9%     -    2s
     0     0  662.35406    0 1475  572.00000  662.35406  15.8%     -    2s
     0     0  662.34143    0 1475  572.00000  662.34143  15.8%     -    2s
     0     0  662.33443    0 1475  572.00000  662.33443  15.8%     -    2s
     0     0  662.33258    0 1475  572.00000  662.33258  15.8%     -    2s
     0     0  658.18195    0 1472  572.00000  658.18195  15.1%     -    3s
     0     0  657.85655    0 1475  572.00000  657.85655  15.0%     -    3s
     0     0  657.81668    0 1475  572.00000  657.81668  15.0%     -    3s
     0     0  657.81054    0 1476  572.00000  657.81054  15.0%     -    4s
     0     0  657.80851    0 1475  572.00000  657.80851  15.0%     -    4s
     0     0  656.15133    0 1473  572.00000  656.15133  14.7%     -    4s
     0     0  655.93090    0 1480  572.00000  655.93090  14.7%     -    5s
     0     0  655.86985    0 1483  572.00000  655.86985  14.7%     -    5s
     0     0  655.85899    0 1483  572.00000  655.85899  14.7%     -    5s
     0     0  655.85676    0 1484  572.00000  655.85676  14.7%     -    5s
     0     0  653.64619    0 1483  572.00000  653.64619  14.3%     -    6s
     0     0  653.35321    0 1479  572.00000  653.35321  14.2%     -    6s
     0     0  653.32177    0 1481  572.00000  653.32177  14.2%     -    6s
     0     0  653.31538    0 1481  572.00000  653.31538  14.2%     -    6s
     0     0  651.88336    0 1483  572.00000  651.88336  14.0%     -    7s
     0     0  651.66745    0 1483  572.00000  651.66745  13.9%     -    7s
     0     0  651.63934    0 1486  572.00000  651.63934  13.9%     -    7s
     0     0  651.62781    0 1487  572.00000  651.62781  13.9%     -    7s
     0     0  651.62213    0 1487  572.00000  651.62213  13.9%     -    7s
     0     0  650.45139    0 1485  572.00000  650.45139  13.7%     -    8s
     0     0  650.31474    0 1484  572.00000  650.31474  13.7%     -    8s
     0     0  650.29842    0 1485  572.00000  650.29842  13.7%     -    8s
     0     0  650.29524    0 1484  572.00000  650.29524  13.7%     -    8s
     0     0  649.23490    0 1484  572.00000  649.23490  13.5%     -    9s
     0     0  649.03379    0 1486  572.00000  649.03379  13.5%     -    9s
     0     0  649.01562    0 1486  572.00000  649.01562  13.5%     -    9s
     0     0  649.01303    0 1488  572.00000  649.01303  13.5%     -    9s
     0     0  648.28693    0 1485  572.00000  648.28693  13.3%     -   10s
     0     0  648.15576    0 1487  572.00000  648.15576  13.3%     -   10s
     0     0  648.12168    0 1486  572.00000  648.12168  13.3%     -   10s
     0     0  648.11397    0 1487  572.00000  648.11397  13.3%     -   10s
     0     0  646.83131    0 1485  572.00000  646.83131  13.1%     -   11s
     0     0  646.62919    0 1485  572.00000  646.62919  13.0%     -   11s
     0     0  646.59094    0 1486  572.00000  646.59094  13.0%     -   11s
     0     0  646.58929    0 1487  572.00000  646.58929  13.0%     -   11s
     0     0  645.84447    0 1486  572.00000  645.84447  12.9%     -   12s
     0     0  645.71258    0 1486  572.00000  645.71258  12.9%     -   12s
     0     0  645.69986    0 1487  572.00000  645.69986  12.9%     -   12s
     0     0  645.01102    0 1489  572.00000  645.01102  12.8%     -   13s
H    0     0                     573.0000000  645.01102  12.6%     -   13s
     0     0  644.88598    0 1489  573.00000  644.88598  12.5%     -   13s
     0     0  644.87113    0 1488  573.00000  644.87113  12.5%     -   13s
     0     0  644.86967    0 1490  573.00000  644.86967  12.5%     -   13s
     0     0  644.34043    0 1488  573.00000  644.34043  12.5%     -   14s
     0     0  644.27583    0 1490  573.00000  644.27583  12.4%     -   14s
     0     0  644.26404    0 1491  573.00000  644.26404  12.4%     -   14s
     0     0  643.79085    0 1488  573.00000  643.79085  12.4%     -   15s
     0     0  643.68873    0 1489  573.00000  643.68873  12.3%     -   15s
     0     0  643.67033    0 1489  573.00000  643.67033  12.3%     -   15s
     0     0  643.66415    0 1489  573.00000  643.66415  12.3%     -   15s
     0     0  643.14804    0 1493  573.00000  643.14804  12.2%     -   16s
     0     0  643.08654    0 1493  573.00000  643.08654  12.2%     -   16s
     0     0  643.07877    0 1492  573.00000  643.07877  12.2%     -   16s
     0     0  642.78034    0 1490  573.00000  642.78034  12.2%     -   16s
     0     0  642.75923    0 1488  573.00000  642.75923  12.2%     -   16s
     0     0  642.75458    0 1489  573.00000  642.75458  12.2%     -   16s
     0     0  642.39749    0 1486  573.00000  642.39749  12.1%     -   17s
     0     0  642.34966    0 1485  573.00000  642.34966  12.1%     -   17s
     0     0  642.34597    0 1485  573.00000  642.34597  12.1%     -   17s
     0     0  642.08241    0 1489  573.00000  642.08241  12.1%     -   17s
     0     0  642.02067    0 1491  573.00000  642.02067  12.0%     -   18s
     0     0  642.00002    0 1490  573.00000  642.00002  12.0%     -   18s
     0     0  641.99520    0 1489  573.00000  641.99520  12.0%     -   18s
     0     0  641.69118    0 1487  573.00000  641.69118  12.0%     -   18s
     0     0  641.64390    0 1489  573.00000  641.64390  12.0%     -   19s
     0     0  641.63897    0 1488  573.00000  641.63897  12.0%     -   19s
     0     0  641.54806    0 1490  573.00000  641.54806  12.0%     -   19s
     0     0  641.54806    0 1490  573.00000  641.54806  12.0%     -   19s
H    0     0                     576.0000000  641.54806  11.4%     -   21s
     0     2  641.54770    0 1490  576.00000  641.54770  11.4%     -   21s
     9    11  620.36634    7 1375  576.00000  641.37368  11.3%  2269   25s
    38    30  640.86177    4 1486  576.00000  641.37225  11.3%  1490   30s
    49    41  623.13642   11 1395  576.00000  641.37225  11.3%  1833   36s
    66    58  617.80835   23 1367  576.00000  641.37225  11.3%  1828   40s
H   81    67                     578.0000000  641.37225  11.0%  1816   43s
   101    89  582.23031   48 1173  578.00000  641.37225  11.0%  1642   45s
H  108    94                     579.0000000  641.37225  10.8%  1556   45s
   124   102  620.61556    7 1380  579.00000  641.22564  10.7%  1583   50s
   162   140  589.34605   35 1206  579.00000  641.22564  10.7%  1560   55s
H  183   146                     580.0000000  641.22564  10.6%  1453   58s
   187   152  621.29077    5 1364  580.00000  640.86086  10.5%  1546   60s
H  189   150                     581.0000000  640.86086  10.3%  1533   60s
   216   179  592.76715   25 1215  581.00000  640.86086  10.3%  1532   65s
   278   211  632.28611    7 1440  581.00000  640.85897  10.3%  1367   70s
   289   222  623.62711   16 1393  581.00000  640.85897  10.3%  1402   75s
   306   239  606.64725   27 1299  581.00000  640.85897  10.3%  1439   80s
   356   269  635.04355    5 1443  581.00000  640.67331  10.3%  1383   86s
   365   278  633.92626   12 1443  581.00000  640.67331  10.3%  1409   90s
   379   292  627.63124   22 1400  581.00000  640.67331  10.3%  1449   96s
   394   307  613.43084   32 1319  581.00000  640.67331  10.3%  1479  100s
   405   318  608.47060   39 1305  581.00000  640.67331  10.3%  1488  105s
H  406   311                     582.0000000  640.67331  10.1%  1485  105s
   453   344  630.37513    8 1415  582.00000  640.40071  10.0%  1430  110s
   463   354  617.73375   15 1355  582.00000  640.40071  10.0%  1459  115s
   518   381  631.01714    8 1439  582.00000  640.34638  10.0%  1394  121s
   531   394  617.96639   18 1367  582.00000  640.34638  10.0%  1405  125s
   544   407  605.61450   25 1313  582.00000  640.34638  10.0%  1432  130s
H  575   417                     583.0000000  640.34638  9.84%  1405  134s
   577   421  628.37271   10 1405  583.00000  640.28366  9.83%  1428  135s
   592   436  598.47809   20 1284  583.00000  640.28366  9.83%  1453  140s
   596   439  617.40594   19 1490  583.00000  640.28366  9.83%  1446  155s
   599   441  585.69724   46 1487  583.00000  640.28366  9.83%  1439  164s
   600   442  584.56653   49 1486  583.00000  640.28366  9.83%  1436  165s
   606   446  635.44815   10 1491  583.00000  640.28366  9.83%  1422  176s
   607   446  618.18735   35 1485  583.00000  640.28366  9.83%  1420  184s
   609   448  617.58892   17 1489  583.00000  640.28366  9.83%  1415  192s
   610   448  599.95487   35 1489  583.00000  640.28366  9.83%  1413  200s
   611   449  595.51585   53 1487  583.00000  640.28366  9.83%  1411  208s
   612   450  598.53047   40 1488  583.00000  640.28366  9.83%  1408  217s
   614   451  629.43757   19 1487  583.00000  640.28366  9.83%  1404  224s
   615   452  611.66176   18 1489  583.00000  640.28366  9.83%  1401  233s
   616   452  585.69724   46 1489  583.00000  640.28366  9.83%  1399  241s
   617   453  588.73648   25 1491  583.00000  640.28366  9.83%  1397  248s
   618   454  605.34591   27 1491  583.00000  640.28366  9.83%  1395  255s
   619   454  614.89501   23 1491  583.00000  640.28366  9.83%  1392  267s
   624   460  640.28366   13 1482  583.00000  640.28366  9.83%  1479  270s
   641   471  638.31387   21 1472  583.00000  640.28366  9.83%  1491  275s
   655   480  634.14169   28 1448  583.00000  640.28366  9.83%  1513  280s
   669   490  633.61004   35 1456  583.00000  640.28366  9.83%  1524  285s
   681   498  625.77457   41 1406  583.00000  640.28366  9.83%  1547  290s
   693   506  626.68365   47 1394  583.00000  640.28366  9.83%  1562  295s
   705   514  625.93636   53 1400  583.00000  640.28366  9.83%  1585  300s
   719   523  614.41751   60 1343  583.00000  640.28366  9.83%  1601  305s
   733   532  627.38933   67 1388  583.00000  640.28366  9.83%  1609  310s
   747   542  616.20373   74 1350  583.00000  640.28366  9.83%  1622  315s
   765   554  624.49272   83 1379  583.00000  640.28366  9.83%  1630  320s
   780   564  622.87337   91 1371  583.00000  640.28366  9.83%  1642  325s
   801   578  613.10923  101 1326  583.00000  640.28366  9.83%  1646  330s
   823   592  616.30868  112 1340  583.00000  640.28366  9.83%  1649  335s
   850   610  612.84203  126 1329  583.00000  640.28366  9.83%  1648  340s
   875   627  607.24381  138 1300  583.00000  640.28366  9.83%  1651  345s
   901   644  602.60481  151 1284  583.00000  640.28366  9.83%  1651  350s
H  916   628                     584.0000000  640.28366  9.64%  1650  352s
   929   639  597.50654  165 1248  584.00000  640.28366  9.64%  1654  355s
   961   660  595.31785  181 1247  584.00000  640.28366  9.64%  1664  360s
  1005   688  593.73533  203 1188  584.00000  640.28366  9.64%  1648  365s
  1109   733  639.75423   15 1478  584.00000  640.28366  9.64%  1544  370s
  1114   736  629.97781   17 1431  584.00000  640.28366  9.64%  1564  376s
  1120   740  631.85171   20 1434  584.00000  640.28366  9.64%  1579  381s
  1126   744  634.95153   23 1441  584.00000  640.28366  9.64%  1591  385s
  1134   750  631.75803   27 1434  584.00000  640.28366  9.64%  1607  390s
  1141   754  637.31501   31 1460  584.00000  640.28366  9.64%  1619  395s
  1148   759  631.69381   34 1422  584.00000  640.28366  9.64%  1636  400s
  1156   764  631.86640   38 1429  584.00000  640.28366  9.64%  1650  405s
  1166   771  624.87619   43 1409  584.00000  640.28366  9.64%  1668  411s
  1172   775  624.47822   46 1395  584.00000  640.28366  9.64%  1679  415s
  1180   780  629.48698   50 1417  584.00000  640.28366  9.64%  1696  420s
  1190   787  631.65157   55 1422  584.00000  640.28366  9.64%  1707  425s
  1200   794  629.33203   60 1402  584.00000  640.28366  9.64%  1719  430s
  1212   802  626.17215   66 1395  584.00000  640.28366  9.64%  1733  435s
  1222   808  619.59526   71 1369  584.00000  640.28366  9.64%  1750  440s
  1236   818  628.44393   78 1395  584.00000  640.28366  9.64%  1760  445s
  1250   827  625.11836   85 1392  584.00000  640.28366  9.64%  1775  450s
  1266   838  626.95332   93 1394  584.00000  640.28366  9.64%  1781  455s
  1284   850  624.83086  102 1381  584.00000  640.28366  9.64%  1789  460s
  1306   864  618.90086  113 1357  584.00000  640.28366  9.64%  1791  465s
  1324   876  618.95746  122 1355  584.00000  640.28366  9.64%  1798  470s
  1348   892  609.37916  134 1296  584.00000  640.28366  9.64%  1803  475s
  1376   911  608.90523  148 1300  584.00000  640.28366  9.64%  1803  480s
  1409   933  613.58941  165 1304  584.00000  640.28366  9.64%  1800  485s
  1466   971  604.95782  193 1235  584.00000  640.28366  9.64%  1770  490s
  1607  1065  586.46000  264  970  584.00000  640.28366  9.64%  1652  495s
  1628  1064  634.60678   17 1438  584.00000  640.04381  9.60%  1650  501s
  1634  1068  633.57962   20 1435  584.00000  640.04381  9.60%  1659  505s
  1640  1072  627.96728   23 1420  584.00000  640.04381  9.60%  1670  510s
  1646  1076  629.03003   26 1419  584.00000  640.04381  9.60%  1679  515s
  1654  1081  631.31139   30 1419  584.00000  640.04381  9.60%  1691  521s
  1660  1085  631.87197   33 1434  584.00000  640.04381  9.60%  1700  525s
  1668  1091  621.27593   37 1390  584.00000  640.04381  9.60%  1712  530s
  1676  1096  631.22111   41 1424  584.00000  640.04381  9.60%  1721  535s
  1686  1103  628.91221   46 1408  584.00000  640.04381  9.60%  1732  540s
  1696  1109  630.36155   51 1414  584.00000  640.04381  9.60%  1739  545s
H 1703  1078                     585.0000000  640.04381  9.41%  1744  548s
  1706  1082  628.34278   56 1410  585.00000  640.04381  9.41%  1748  550s
  1716  1089  624.28390   61 1392  585.00000  640.04381  9.41%  1757  555s
  1726  1095  625.76610   66 1388  585.00000  640.04381  9.41%  1766  560s
  1738  1103  613.10187   72 1320  585.00000  640.04381  9.41%  1778  565s
  1751  1112  628.49787   79 1400  585.00000  640.04381  9.41%  1785  570s
  1766  1122  618.94773   86 1338  585.00000  640.04381  9.41%  1795  575s
  1780  1131  623.69842   93 1366  585.00000  640.04381  9.41%  1803  580s
  1798  1143  606.74320  102 1297  585.00000  640.04381  9.41%  1811  585s
  1816  1155  621.24187  111 1350  585.00000  640.04381  9.41%  1818  590s
  1837  1169  621.97246  122 1351  585.00000  640.04381  9.41%  1823  595s
  1865  1195  619.80614  136 1336  585.00000  640.04381  9.41%  1821  600s
  1900  1230  612.06548  153 1291  585.00000  640.04381  9.41%  1815  605s
  1938  1268  610.38346  172 1269  585.00000  640.04381  9.41%  1807  610s
  1994  1324  602.61990  200 1204  585.00000  640.04381  9.41%  1782  615s
  2059  1387  592.12500  233 1094  585.00000  640.04381  9.41%  1742  620s
  2132  1423  629.53018   17 1421  585.00000  640.04323  9.41%  1697  626s
  2138  1429  633.76320   20 1436  585.00000  640.04323  9.41%  1705  631s
  2144  1435  633.18128   23 1439  585.00000  640.04323  9.41%  1712  635s
  2150  1441  633.44668   26 1437  585.00000  640.04323  9.41%  1719  640s
  2158  1449  630.33240   30 1420  585.00000  640.04323  9.41%  1727  646s
  2164  1455  632.15103   33 1431  585.00000  640.04323  9.41%  1732  650s
  2172  1463  629.63244   37 1424  585.00000  640.04323  9.41%  1740  655s
  2180  1471  624.70822   41 1395  585.00000  640.04323  9.41%  1747  660s
  2186  1477  631.74597   44 1423  585.00000  640.04323  9.41%  1754  665s
  2196  1487  619.41272   49 1376  585.00000  640.04323  9.41%  1764  671s
  2204  1495  630.17523   53 1416  585.00000  640.04323  9.41%  1768  675s
  2214  1505  629.07614   58 1391  585.00000  640.04323  9.41%  1774  680s
  2224  1515  624.68567   63 1392  585.00000  640.04323  9.41%  1782  685s
  2236  1527  624.33203   69 1390  585.00000  640.04323  9.41%  1789  690s
  2248  1539  623.08673   75 1385  585.00000  640.04323  9.41%  1799  695s
  2259  1550  628.38130   81 1405  585.00000  640.04323  9.41%  1803  700s
  2272  1563  620.92611   87 1357  585.00000  640.04323  9.41%  1810  705s
  2285  1576  626.31637   94 1380  585.00000  640.04323  9.41%  1813  713s
  2290  1581  623.89481   96 1358  585.00000  640.04323  9.41%  1816  715s
  2306  1597  621.50619  104 1356  585.00000  640.04323  9.41%  1819  720s
  2311  1602  624.17634  107 1367  585.00000  640.04323  9.41%  1820  725s
  2324  1615  621.15268  113 1336  585.00000  640.04323  9.41%  1822  730s
  2344  1635  615.89250  123 1308  585.00000  640.04323  9.41%  1824  735s
  2362  1653  617.18597  132 1317  585.00000  640.04323  9.41%  1823  740s
  2369  1660  617.85264  136 1327  585.00000  640.04323  9.41%  1822  745s
  2391  1682  615.50987  147 1291  585.00000  640.04323  9.41%  1821  750s
  2429  1720  610.83400  166 1265  585.00000  640.04323  9.41%  1812  755s
  2432  1723  609.93621  167 1254  585.00000  640.04323  9.41%  1812  760s
  2470  1761  599.18750  186 1156  585.00000  640.04323  9.41%  1801  765s
  2513  1802  599.53488  208 1192  585.00000  640.04323  9.41%  1783  770s
  2514  1803  599.44516  208 1185  585.00000  640.04323  9.41%  1783  777s
  2560  1847  590.66029  231 1115  585.00000  640.04323  9.41%  1761  780s
  2605  1874  629.10560   16 1416  585.00000  639.81703  9.37%  1739  785s
  2611  1880  633.89853   19 1427  585.00000  639.81703  9.37%  1745  790s
  2618  1887  638.04127   23 1459  585.00000  639.81703  9.37%  1751  795s
  2623  1892  632.94615   25 1415  585.00000  639.81703  9.37%  1756  801s
  2629  1898  633.31314   28 1426  585.00000  639.81703  9.37%  1761  805s
  2637  1906  631.93138   32 1421  585.00000  639.81703  9.37%  1767  810s
  2647  1916  624.94817   37 1393  585.00000  639.81703  9.37%  1775  816s
  2651  1920  620.15504   39 1378  585.00000  639.81703  9.37%  1778  820s
  2660  1929  634.60813   44 1428  585.00000  639.81703  9.37%  1783  825s
  2669  1938  617.71926   48 1336  585.00000  639.81703  9.37%  1790  830s
  2677  1946  628.00412   52 1396  585.00000  639.81703  9.37%  1796  835s
  2687  1956  629.03425   57 1397  585.00000  639.81703  9.37%  1801  840s
  2700  1969  631.62985   64 1407  585.00000  639.81703  9.37%  1806  845s
  2702  1971  631.33664   65 1405  585.00000  639.81703  9.37%  1806  856s
  2711  1980  628.18306   69 1393  585.00000  639.81703  9.37%  1811  860s
  2723  1992  627.42156   75 1391  585.00000  639.81703  9.37%  1816  865s
  2737  2006  625.62261   82 1376  585.00000  639.81703  9.37%  1821  870s
  2753  2022  623.24808   90 1364  585.00000  639.81703  9.37%  1825  875s
  2771  2040  622.59930   99 1348  585.00000  639.81703  9.37%  1828  880s
  2790  2059  624.36188  109 1350  585.00000  639.81703  9.37%  1831  885s
  2813  2082  620.72859  120 1328  585.00000  639.81703  9.37%  1833  890s
  2843  2112  617.11532  135 1310  585.00000  639.81703  9.37%  1832  895s
  2882  2151  612.96975  155 1287  585.00000  639.81703  9.37%  1828  900s
  2945  2214  603.16050  186 1230  585.00000  639.81703  9.37%  1813  905s
  3092  2333  639.39507   13 1473  585.00000  639.81458  9.37%  1749  910s
  3098  2339  634.22331   16 1436  585.00000  639.81458  9.37%  1754  915s
  3104  2345  627.93056   19 1408  585.00000  639.81458  9.37%  1759  920s
  3112  2353  632.89825   23 1437  585.00000  639.81458  9.37%  1765  925s
  3120  2361  632.78121   27 1426  585.00000  639.81458  9.37%  1770  930s
  3126  2367  627.06613   30 1399  585.00000  639.81458  9.37%  1774  936s
  3132  2373  626.99282   33 1405  585.00000  639.81458  9.37%  1778  940s
  3138  2379  621.37759   36 1387  585.00000  639.81458  9.37%  1783  945s
  3146  2387  629.65993   40 1412  585.00000  639.81458  9.37%  1788  950s
  3154  2395  629.32865   44 1412  585.00000  639.81458  9.37%  1793  955s
  3164  2405  630.97256   49 1400  585.00000  639.81458  9.37%  1798  960s
  3170  2411  630.82105   52 1405  585.00000  639.81458  9.37%  1801  965s
  3180  2421  621.85484   57 1366  585.00000  639.81458  9.37%  1807  970s
  3190  2431  628.58122   62 1398  585.00000  639.81458  9.37%  1811  975s
  3202  2443  625.96390   68 1383  585.00000  639.81458  9.37%  1814  980s
  3216  2457  624.11285   75 1379  585.00000  639.81458  9.37%  1820  985s
H 3222  2442                     586.0000000  639.81458  9.18%  1820  990s
  3236  2458  623.64019   85 1369  586.00000  639.81458  9.18%  1826  995s
  3244  2466  622.19161   89 1371  586.00000  639.81458  9.18%  1827 1000s
  3261  2483  625.09283   98 1364  586.00000  639.81458  9.18%  1831 1005s
  3282  2504  621.37428  108 1329  586.00000  639.81458  9.18%  1833 1010s
  3309  2531  620.14629  122 1333  586.00000  639.81458  9.18%  1832 1015s
  3343  2565  616.17892  139 1304  586.00000  639.81458  9.18%  1831 1020s
  3392  2614  608.74334  163 1240  586.00000  639.81458  9.18%  1824 1025s
  3485  2707  598.12232  210 1166  586.00000  639.81458  9.18%  1797 1030s
  3568  2767  630.90602   14 1434  586.00000  639.70795  9.17%  1765 1036s
  3572  2771  633.16615   16 1448  586.00000  639.70795  9.17%  1768 1040s
  3578  2777  633.59193   19 1438  586.00000  639.70795  9.17%  1773 1045s
  3586  2785  632.24664   23 1441  586.00000  639.70795  9.17%  1778 1050s
  3593  2792  636.58996   27 1461  586.00000  639.70795  9.17%  1782 1055s
  3602  2801  626.77317   31 1405  586.00000  639.70795  9.17%  1788 1061s
  3608  2807  628.95015   34 1413  586.00000  639.70795  9.17%  1792 1067s
  3614  2813  631.24974   37 1416  586.00000  639.70795  9.17%  1795 1070s
  3622  2821  630.32969   41 1419  586.00000  639.70795  9.17%  1799 1075s
  3632  2831  628.00156   46 1414  586.00000  639.70795  9.17%  1804 1080s
  3636  2835  628.34465   48 1408  586.00000  639.70795  9.17%  1806 1088s
  3640  2839  629.27203   50 1405  586.00000  639.70795  9.17%  1808 1090s
  3646  2845  630.49178   53 1405  586.00000  639.70795  9.17%  1810 1107s
  3651  2850  633.16375   56 1431  586.00000  639.70795  9.17%  1812 1110s
  3660  2859  630.62832   60 1405  586.00000  639.70795  9.17%  1816 1115s
  3672  2871  618.53574   66 1371  586.00000  639.70795  9.17%  1821 1120s
  3682  2881  628.81946   71 1402  586.00000  639.70795  9.17%  1824 1125s
  3696  2895  626.07530   78 1385  586.00000  639.70795  9.17%  1827 1130s
  3711  2910  626.91500   86 1394  586.00000  639.70795  9.17%  1829 1135s
  3728  2927  616.99830   94 1343  586.00000  639.70795  9.17%  1833 1140s
  3746  2945  620.97993  103 1370  586.00000  639.70795  9.17%  1835 1145s
  3768  2967  619.10793  114 1337  586.00000  639.70795  9.17%  1837 1150s
  3794  2993  612.36423  127 1296  586.00000  639.70795  9.17%  1838 1155s
  3826  3025  615.03407  143 1297  586.00000  639.70795  9.17%  1837 1160s
  3871  3070  610.29419  166 1282  586.00000  639.70795  9.17%  1832 1165s
  3950  3149  597.89679  205 1205  586.00000  639.70795  9.17%  1815 1170s
  4093  3210  628.59265   13 1416  586.00000  639.67058  9.16%  1766 1176s
  4099  3216  630.66001   16 1428  586.00000  639.67058  9.16%  1770 1181s
  4105  3222  633.99256   19 1441  586.00000  639.67058  9.16%  1774 1185s
  4113  3230  632.43024   23 1429  586.00000  639.67058  9.16%  1778 1191s
  4119  3236  631.75120   26 1426  586.00000  639.67058  9.16%  1781 1195s
  4128  3245  635.94927   31 1444  586.00000  639.67058  9.16%  1785 1200s
  4135  3252  626.79341   34 1403  586.00000  639.67058  9.16%  1790 1205s
  4143  3260  624.50003   38 1389  586.00000  639.67058  9.16%  1794 1210s
  4151  3268  628.86400   42 1403  586.00000  639.67058  9.16%  1798 1215s
  4159  3276  628.21452   46 1400  586.00000  639.67058  9.16%  1802 1220s
  4170  3287  632.23578   52 1415  586.00000  639.67058  9.16%  1805 1225s
  4181  3298  628.22726   57 1396  586.00000  639.67058  9.16%  1809 1230s
  4193  3310  624.15041   63 1390  586.00000  639.67058  9.16%  1813 1235s
  4205  3322  617.68732   69 1356  586.00000  639.67058  9.16%  1817 1240s
  4213  3330  625.16754   73 1381  586.00000  639.67058  9.16%  1819 1245s
  4227  3344  623.12004   80 1370  586.00000  639.67058  9.16%  1822 1250s
  4240  3357  626.98893   87 1385  586.00000  639.67058  9.16%  1825 1255s
  4255  3372  614.24128   94 1321  586.00000  639.67058  9.16%  1828 1260s
  4272  3389  623.97419  103 1365  586.00000  639.67058  9.16%  1829 1265s
  4293  3410  616.68155  113 1330  586.00000  639.67058  9.16%  1830 1270s
  4319  3436  617.50821  126 1322  586.00000  639.67058  9.16%  1830 1275s
  4353  3470  608.25917  143 1249  586.00000  639.67058  9.16%  1829 1280s
  4406  3523  608.12783  170 1226  586.00000  639.67058  9.16%  1821 1285s
  4516  3633  591.50000  225  967  586.00000  639.67058  9.16%  1794 1290s
  4569  3666  633.89290   19 1437  586.00000  639.53656  9.14%  1781 1295s
  4585  3682  636.06731   34 1446  586.00000  639.53656  9.14%  1781 1300s
  4628  3725  628.73547   77 1404  586.00000  639.53656  9.14%  1772 1305s
  4649  3746  625.08751   96 1382  586.00000  639.53656  9.14%  1769 1310s
  4684  3781  619.33471  122 1347  586.00000  639.53656  9.14%  1766 1315s
  4708  3805  614.96439  134 1310  586.00000  639.53656  9.14%  1764 1320s
  4776  3873  606.66183  173 1238  586.00000  639.53656  9.14%  1751 1325s
  4871  3968  599.47307  198 1185  586.00000  639.53656  9.14%  1731 1330s
  5033  4130  589.75000  231 1099  586.00000  639.53656  9.14%  1689 1335s
  5121  4175  633.35847   21 1444  586.00000  639.53656  9.14%  1668 1341s
  5141  4195  634.63402   42 1444  586.00000  639.53656  9.14%  1665 1345s
  5185  4239  627.78501   86 1395  586.00000  639.53656  9.14%  1658 1350s
  5215  4269  622.51572  115 1355  586.00000  639.53656  9.14%  1653 1355s
  5251  4305  615.97356  138 1310  586.00000  639.53656  9.14%  1651 1360s
  5335  4389  606.40476  181 1234  586.00000  639.53656  9.14%  1637 1365s
  5459  4513  597.48031  205 1159  586.00000  639.53656  9.14%  1614 1370s
  5677  4704  638.49769   16 1463  586.00000  639.14848  9.07%  1564 1375s
  5707  4734  633.39597   46 1424  586.00000  639.14848  9.07%  1560 1380s
  5739  4766  628.36666   78 1393  586.00000  639.14848  9.07%  1556 1385s
  5740  4767  628.33236   79 1392  586.00000  639.14848  9.07%  1556 1390s
  5780  4807  621.67646  113 1349  586.00000  639.14848  9.07%  1553 1395s
  5833  4860  612.01164  144 1298  586.00000  639.14848  9.07%  1548 1400s
  5906  4933  603.07704  180 1231  586.00000  639.14848  9.07%  1540 1405s
  6023  5050  593.33651  213 1156  586.00000  639.14848  9.07%  1520 1410s
  6154  5166  627.28805   17 1418  586.00000  639.12421  9.07%  1496 1415s
  6213  5225  617.29974   75 1352  586.00000  639.12421  9.07%  1488 1420s
  6258  5270  608.60999  107 1302  586.00000  639.12421  9.07%  1485 1425s
  6320  5332  600.23016  141 1207  586.00000  639.12421  9.07%  1481 1430s
  6485  5453  638.64199   17 1471  586.00000  639.12281  9.07%  1455 1435s
  6498  5466  636.44483   28 1453  586.00000  639.12281  9.07%  1456 1440s
  6537  5505  629.76499   67 1413  586.00000  639.12281  9.07%  1452 1445s
  6593  5561  621.23130  121 1338  586.00000  639.12281  9.07%  1446 1450s
  6637  5605  614.11346  143 1299  586.00000  639.12281  9.07%  1445 1455s
  6644  5612  611.22109  146 1305  586.00000  639.12281  9.07%  1444 1461s
  6693  5661  605.15967  166 1232  586.00000  639.12281  9.07%  1442 1465s
  6803  5771  595.29344  208 1183  586.00000  639.12281  9.07%  1430 1470s
  6972  5921  637.05314   23 1450  586.00000  639.04087  9.05%  1405 1475s
  6995  5944  632.97498   46 1430  586.00000  639.04087  9.05%  1403 1480s
  7014  5963  629.83727   65 1410  586.00000  639.04087  9.05%  1402 1487s
  7046  5995  623.97820   94 1359  586.00000  639.04087  9.05%  1398 1490s
  7086  6035  617.34607  125 1307  586.00000  639.04087  9.05%  1398 1495s
  7141  6090  608.39210  153 1274  586.00000  639.04087  9.05%  1395 1500s
  7269  6218  594.93379  207 1180  586.00000  639.04087  9.05%  1382 1505s
  7427  6352  628.95278   14 1427  586.00000  638.93204  9.03%  1360 1510s
  7478  6403  620.19177   65 1369  586.00000  638.93204  9.03%  1356 1515s
  7559  6484  605.16172  133 1262  586.00000  638.93204  9.03%  1348 1520s
  7633  6558  594.87382  167 1225  586.00000  638.93204  9.03%  1342 1525s
  7688  6613  590.30000  188 1117  586.00000  638.93204  9.03%  1335 1530s
  7765  6666  624.30861   40 1394  586.00000  638.93184  9.03%  1328 1535s
  7820  6721  613.60267   89 1328  586.00000  638.93184  9.03%  1325 1540s
  7893  6794  600.76520  137 1261  586.00000  638.93184  9.03%  1322 1545s
  7908  6809  598.74270  145 1236  586.00000  638.93184  9.03%  1321 1551s
  8005  6906  588.80899  184 1132  586.00000  638.93184  9.03%  1312 1555s
  8040  6927  620.68307   31 1374  586.00000  638.79192  9.01%  1311 1560s
  8094  6967  633.26383   16 1435  586.00000  638.78336  9.01%  1308 1565s
  8145  7018  624.32308   67 1378  586.00000  638.78336  9.01%  1304 1570s
  8252  7125  599.12391  174 1222  586.00000  638.78336  9.01%  1294 1575s
  8318  7162  630.72657   21 1429  586.00000  638.78298  9.01%  1289 1580s
  8326  7170  631.27957   25 1418  586.00000  638.78298  9.01%  1291 1585s
  8335  7179  634.98312   30 1440  586.00000  638.78298  9.01%  1294 1590s
  8344  7188  629.54264   34 1408  586.00000  638.78298  9.01%  1296 1595s
  8353  7197  633.58232   39 1428  586.00000  638.78298  9.01%  1299 1600s
  8362  7206  630.18714   43 1416  586.00000  638.78298  9.01%  1302 1605s
  8374  7218  624.96020   49 1387  586.00000  638.78298  9.01%  1304 1610s
  8388  7232  624.58846   56 1392  586.00000  638.78298  9.01%  1307 1615s
  8400  7244  622.94174   62 1380  586.00000  638.78298  9.01%  1310 1620s
  8414  7258  619.27835   69 1363  586.00000  638.78298  9.01%  1313 1625s
  8429  7273  627.05936   77 1391  586.00000  638.78298  9.01%  1315 1631s
  8430  7274  620.91727   77 1370  586.00000  638.78298  9.01%  1315 1635s
  8448  7292  622.30429   86 1367  586.00000  638.78298  9.01%  1318 1640s
  8471  7315  622.53230   98 1357  586.00000  638.78298  9.01%  1320 1645s
  8500  7344  617.20238  112 1336  586.00000  638.78298  9.01%  1322 1650s
  8538  7382  613.49624  131 1318  586.00000  638.78298  9.01%  1324 1655s
  8598  7442  604.00940  161 1261  586.00000  638.78298  9.01%  1323 1660s
  8667  7511  599.14890  196 1189  586.00000  638.78298  9.01%  1321 1665s
  8777  7583  636.12786   29 1454  586.00000  638.70915  8.99%  1311 1670s
  8824  7630  629.25932   76 1409  586.00000  638.70915  8.99%  1308 1675s
  8893  7699  614.00816  145 1318  586.00000  638.70915  8.99%  1303 1680s
  9018  7792  637.39588   21 1464  586.00000  638.70579  8.99%  1291 1695s
  9037  7811  634.26997   40 1449  586.00000  638.70579  8.99%  1290 1700s
  9085  7859  625.45909   88 1392  586.00000  638.70579  8.99%  1288 1705s
  9158  7932  597.83700  161 1197  586.00000  638.70579  8.99%  1284 1710s
  9224  7982  632.89825   43 1431  586.00000  638.64722  8.98%  1278 1715s
  9261  8019  625.96133   77 1389  586.00000  638.64722  8.98%  1278 1720s
  9308  8066  618.55010  119 1331  586.00000  638.64722  8.98%  1276 1725s
  9314  8072  617.24740  125 1338  586.00000  638.64722  8.98%  1276 1730s
  9341  8099  611.95570  139 1308  586.00000  638.64722  8.98%  1276 1736s
  9407  8165  602.92077  172 1239  586.00000  638.64722  8.98%  1273 1740s
  9542  8300  592.00000  212 1000  586.00000  638.64722  8.98%  1264 1745s
  9670  8404  626.67926   25 1411  586.00000  638.63254  8.98%  1252 1750s
  9725  8449  632.33550   18 1443  586.00000  638.61848  8.98%  1250 1755s
  9765  8489  625.99262   58 1395  586.00000  638.61848  8.98%  1248 1760s
  9842  8566  610.08138  135 1294  586.00000  638.61848  8.98%  1244 1765s
  9939  8645  628.71960   21 1426  586.00000  638.53119  8.96%  1237 1770s
  9976  8682  599.40323   58 1275  586.00000  638.53119  8.96%  1236 1775s
 10030  8720  617.36424   24 1359  586.00000  638.49612  8.96%  1233 1780s
 10047  8737  599.49576   31 1270  586.00000  638.49612  8.96%  1236 1785s
 10080  8754  616.31804   26 1336  586.00000  638.49132  8.96%  1236 1790s
 10136  8800  632.66646   20 1444  586.00000  638.38359  8.94%  1233 1795s
 10181  8845  623.05117   65 1379  586.00000  638.38359  8.94%  1231 1800s
 10203  8866  628.81946   72 1490  586.00000  638.38359  8.94%  1230 2584s
 10205  8867  626.28992   78 1330  586.00000  638.38359  8.94%  1230 2585s
 10206  8868  602.38884  192 1484  586.00000  638.38359  8.94%  1230 2593s
 10207  8869  598.11250  202 1487  586.00000  635.20798  8.40%  1230 2596s
 10212  8872  594.22963  206 1488  586.00000  633.65996  8.13%  1229 2612s
 10213  8873  587.04742  180 1491  586.00000  633.53444  8.11%  1229 2627s
 10216  8875  623.22443   92 1490  586.00000  633.48024  8.10%  1228 2644s
 10217  8875  601.41860  195 1492  586.00000  632.75982  7.98%  1228 2657s
 10221  8878  597.46154  207 1495  586.00000  632.55415  7.94%  1228 2673s
 10222  8879  632.13679   56 1493  586.00000  632.13679  7.87%  1228 2686s
 10225  8881  614.19536   63 1495  586.00000  632.04020  7.86%  1227 2702s
 10226  8881  588.50000  236 1495  586.00000  631.86025  7.83%  1227 2716s
 10229  8883  596.56154  207 1494  586.00000  631.80644  7.82%  1227 2732s
 10230  8884  588.60714  229 1495  586.00000  631.65797  7.79%  1227 2746s
 10233  8886  594.28571  222 1492  586.00000  631.57345  7.78%  1226 2763s
 10234  8887  598.26185  218 1495  586.00000  631.47855  7.76%  1226 2779s
 10237  8889  631.44612   52 1494  586.00000  631.44612  7.76%  1226 2796s
 10238  8889  598.32218  197 1497  586.00000  631.37764  7.74%  1226 2812s
 10240  8891  624.85324   52 1496  586.00000  631.35898  7.74%  1226 2829s
 10241  8891  618.03625  116 1494  586.00000  631.26510  7.72%  1225 2844s
 10243  8893  613.52848  138 1496  586.00000  631.22120  7.72%  1225 2845s
 10244  8893  593.95385  213 1494  586.00000  631.21788  7.72%  1225 2860s
 10245  8894  624.08909   40 1494  586.00000  631.16894  7.71%  1225 2875s
 10247  8895  627.61971   76 1493  586.00000  631.14931  7.70%  1225 2890s
 10248  8896  603.78850  179 1495  586.00000  631.11644  7.70%  1225 2907s
 10250  8897  594.08656  171 1495  586.00000  631.10556  7.70%  1224 2926s
 10251  8898  591.01862  197 1491  586.00000  630.99596  7.68%  1224 2944s
 10254  8900  601.88536   54 1492  586.00000  630.93921  7.67%  1224 2961s
 10255  8901  593.23284  223 1492  586.00000  630.88789  7.66%  1224 2977s
 10257  8902  626.80356   94 1493  586.00000  630.86832  7.66%  1224 2996s
 10258  8903  630.83472   42 1492  586.00000  630.83472  7.65%  1223 3014s
 10260  8904  591.00000  227 1492  586.00000  630.81238  7.65%  1223 3033s
 10261  8905  628.92833   59 1492  586.00000  630.78782  7.64%  1223 3050s
 10263  8906  597.43860  209 1492  586.00000  630.77805  7.64%  1223 3069s
 10264  8907  590.84234  239 1495  586.00000  630.75195  7.64%  1223 3087s
 10265  8907  592.16923  231 1496  586.00000  630.74681  7.64%  1223 3104s
 10266  8908  602.41210  178 1493  586.00000  630.69940  7.63%  1222 3120s
 10268  8909  622.25691   74 1493  586.00000  630.67892  7.62%  1222 3135s
 10269  8910  626.79605   67 1491  586.00000  630.62059  7.61%  1222 3150s
 10271  8911  624.61488   84 1493  586.00000  630.59750  7.61%  1222 3167s
 10272  8912  597.34694  205 1491  586.00000  630.57614  7.61%  1222 3185s
 10273  8913  596.56897  207 1493  586.00000  630.57068  7.61%  1222 3203s
 10274  8913  615.00181  126 1493  586.00000  630.54703  7.60%  1221 3220s
 10276  8915  620.15358   40 1494  586.00000  630.53849  7.60%  1221 3238s
 10277  8915  592.70182  186 1493  586.00000  630.50307  7.59%  1221 3255s
 10279  8917  629.46280   15 1495  586.00000  630.49218  7.59%  1221 3271s
 10280  8917  630.48710   29 1496  586.00000  630.48710  7.59%  1221 3287s
 10281  8918  619.68161  112 1495  586.00000  630.48393  7.59%  1221 3303s
 10282  8919  614.44406  130 1494  586.00000  630.43673  7.58%  1221 3320s
 10284  8920  628.27416   40 1495  586.00000  630.42062  7.58%  1220 3337s
 10285  8921  597.58568  205 1496  586.00000  630.40639  7.58%  1220 3353s
 10286  8921  625.75482   93 1495  586.00000  630.40111  7.58%  1220 3369s
 10287  8922  619.31418  101 1494  586.00000  630.39076  7.58%  1220 3385s
 10288  8923  630.38576   52 1494  586.00000  630.38576  7.57%  1220 3401s
 10289  8923  615.49282  116 1494  586.00000  630.37316  7.57%  1220 3416s
 10290  8924  613.01315  140 1494  586.00000  630.36723  7.57%  1220 3433s
 10291  8925  589.38806  233 1494  586.00000  630.35057  7.57%  1219 3447s
 10293  8926  628.81335   16 1493  586.00000  630.32871  7.56%  1219 3463s
 10294  8927  598.24185  203 1495  586.00000  630.31756  7.56%  1219 3479s
 10295  8927  600.62314  211 1493  586.00000  630.31496  7.56%  1219 3495s
 10296  8928  596.96917  155 1494  586.00000  630.29476  7.56%  1219 3511s
 10298  8929  630.28521   20 1494  586.00000  630.28521  7.56%  1219 3527s
 10299  8930  614.43053   69 1495  586.00000  630.27036  7.55%  1219 3545s
 10301  8931  625.15183   34 1495  586.00000  630.25030  7.55%  1218 3561s
 10302  8932  592.27956  204 1495  586.00000  630.24601  7.55%  1218 3579s
 10303  8933  628.81946   72 1496  586.00000  630.24477  7.55%  1218 3596s

Cutting planes:
  Gomory: 6
  Flow cover: 67
  Zero half: 635
  RLT: 159
  BQP: 30

Explored 10303 nodes (12756332 simplex iterations) in 3600.05 seconds (4114.83 work units)
Thread count was 1 (of 24 available processors)

Solution count 10: 586 585 584 ... 576

Time limit reached
Best objective 5.860000000000e+02, best bound 6.300000000000e+02, gap 7.5085%

User-callback calls 172214, time in user-callback 1.19 sec
