
Gurobi 11.0.3 (linux64) logging started Thu Mar  5 16:04:10 2026

Set parameter LogFile to value "./log/train/IS_1500_6/IS_30.lp.log"
Set parameter TimeLimit to value 3600
Gurobi Optimizer version 11.0.3 build v11.0.3rc0 (linux64 - "Ubuntu 22.04.5 LTS")

CPU model: AMD Ryzen 9 9900X 12-Core Processor, instruction set [SSE2|AVX|AVX2|AVX512]
Thread count: 12 physical cores, 24 logical processors, using up to 2 threads

Optimize a model with 9194 rows, 1500 columns and 18120 nonzeros
Model fingerprint: 0xc86fab56
Variable types: 0 continuous, 1500 integer (1500 binary)
Coefficient statistics:
  Matrix range     [1e+00, 1e+00]
  Objective range  [1e+00, 1e+00]
  Bounds range     [1e+00, 1e+00]
  RHS range        [1e+00, 1e+00]
Found heuristic solution: objective 341.0000000
Presolve removed 1643 rows and 0 columns
Presolve time: 0.04s
Presolved: 7551 rows, 1500 columns, 16408 nonzeros
Variable types: 0 continuous, 1500 integer (1500 binary)

Root relaxation: objective 6.872500e+02, 3727 iterations, 0.16 seconds (0.28 work units)

    Nodes    |    Current Node    |     Objective Bounds      |     Work
 Expl Unexpl |  Obj  Depth IntInf | Incumbent    BestBd   Gap | It/Node Time

     0     0  687.25000    0 1352  341.00000  687.25000   102%     -    0s
H    0     0                     511.0000000  687.25000  34.5%     -    0s
     0     0  671.03731    0 1441  511.00000  671.03731  31.3%     -    1s
     0     0  671.02195    0 1438  511.00000  671.02195  31.3%     -    1s
     0     0  671.02143    0 1438  511.00000  671.02143  31.3%     -    1s
     0     0  662.14318    0 1484  511.00000  662.14318  29.6%     -    1s
H    0     0                     544.0000000  662.14318  21.7%     -    1s
H    0     0                     548.0000000  662.14318  20.8%     -    1s
     0     0  661.65966    0 1485  548.00000  661.65966  20.7%     -    2s
     0     0  661.61663    0 1485  548.00000  661.61663  20.7%     -    2s
     0     0  661.61399    0 1483  548.00000  661.61399  20.7%     -    2s
     0     0  655.79301    0 1479  548.00000  655.79301  19.7%     -    2s
     0     0  655.50969    0 1482  548.00000  655.50969  19.6%     -    3s
     0     0  655.43037    0 1484  548.00000  655.43037  19.6%     -    3s
     0     0  655.41874    0 1485  548.00000  655.41874  19.6%     -    3s
     0     0  655.41056    0 1484  548.00000  655.41056  19.6%     -    3s
     0     0  655.40982    0 1484  548.00000  655.40982  19.6%     -    3s
     0     0  651.96187    0 1482  548.00000  651.96187  19.0%     -    3s
     0     0  651.58684    0 1482  548.00000  651.58684  18.9%     -    3s
     0     0  651.56507    0 1482  548.00000  651.56507  18.9%     -    3s
     0     0  651.50995    0 1482  548.00000  651.50995  18.9%     -    3s
     0     0  651.50768    0 1483  548.00000  651.50768  18.9%     -    3s
     0     0  648.26007    0 1483  548.00000  648.26007  18.3%     -    4s
     0     0  647.92814    0 1484  548.00000  647.92814  18.2%     -    4s
     0     0  647.85555    0 1485  548.00000  647.85555  18.2%     -    4s
     0     0  647.83492    0 1482  548.00000  647.83492  18.2%     -    4s
     0     0  647.82858    0 1483  548.00000  647.82858  18.2%     -    4s
     0     0  646.05923    0 1486  548.00000  646.05923  17.9%     -    5s
H    0     0                     550.0000000  646.05923  17.5%     -    5s
     0     0  645.88687    0 1490  550.00000  645.88687  17.4%     -    5s
     0     0  645.86442    0 1488  550.00000  645.86442  17.4%     -    5s
     0     0  645.85233    0 1491  550.00000  645.85233  17.4%     -    5s
     0     0  644.51413    0 1488  550.00000  644.51413  17.2%     -    6s
     0     0  644.28787    0 1491  550.00000  644.28787  17.1%     -    6s
     0     0  644.25859    0 1489  550.00000  644.25859  17.1%     -    6s
     0     0  644.24883    0 1490  550.00000  644.24883  17.1%     -    6s
     0     0  642.81507    0 1491  550.00000  642.81507  16.9%     -    7s
     0     0  642.59332    0 1493  550.00000  642.59332  16.8%     -    7s
     0     0  642.56415    0 1493  550.00000  642.56415  16.8%     -    7s
     0     0  642.55985    0 1493  550.00000  642.55985  16.8%     -    7s
     0     0  641.44594    0 1490  550.00000  641.44594  16.6%     -    8s
     0     0  641.26568    0 1492  550.00000  641.26568  16.6%     -    8s
     0     0  641.24776    0 1492  550.00000  641.24776  16.6%     -    8s
     0     0  641.23650    0 1494  550.00000  641.23650  16.6%     -    8s
     0     0  640.58616    0 1487  550.00000  640.58616  16.5%     -    8s
     0     0  640.42931    0 1491  550.00000  640.42931  16.4%     -    9s
     0     0  640.40861    0 1490  550.00000  640.40861  16.4%     -    9s
     0     0  640.40608    0 1490  550.00000  640.40608  16.4%     -    9s
     0     0  639.77807    0 1490  550.00000  639.77807  16.3%     -    9s
     0     0  639.68328    0 1490  550.00000  639.68328  16.3%     -    9s
     0     0  639.65012    0 1491  550.00000  639.65012  16.3%     -    9s
     0     0  639.64538    0 1492  550.00000  639.64538  16.3%     -    9s
     0     0  639.06060    0 1488  550.00000  639.06060  16.2%     -   10s
     0     0  638.99718    0 1488  550.00000  638.99718  16.2%     -   10s
     0     0  638.98882    0 1489  550.00000  638.98882  16.2%     -   10s
     0     0  638.35544    0 1484  550.00000  638.35544  16.1%     -   10s
     0     0  638.23123    0 1486  550.00000  638.23123  16.0%     -   10s
     0     0  638.21900    0 1487  550.00000  638.21900  16.0%     -   11s
     0     0  638.01182    0 1488  550.00000  638.01182  16.0%     -   11s
H    0     0                     551.0000000  638.01182  15.8%     -   11s
     0     0  637.96910    0 1490  551.00000  637.96910  15.8%     -   11s
     0     0  637.95700    0 1490  551.00000  637.95700  15.8%     -   11s
     0     0  637.68340    0 1491  551.00000  637.68340  15.7%     -   11s
     0     0  637.62739    0 1491  551.00000  637.62739  15.7%     -   11s
     0     0  637.61483    0 1489  551.00000  637.61483  15.7%     -   11s
     0     0  637.25707    0 1486  551.00000  637.25707  15.7%     -   12s
     0     0  637.19969    0 1485  551.00000  637.19969  15.6%     -   12s
     0     0  637.18485    0 1485  551.00000  637.18485  15.6%     -   12s
     0     0  636.96067    0 1489  551.00000  636.96067  15.6%     -   12s
     0     0  636.91355    0 1486  551.00000  636.91355  15.6%     -   12s
     0     0  636.90643    0 1485  551.00000  636.90643  15.6%     -   12s
     0     0  636.61719    0 1484  551.00000  636.61719  15.5%     -   13s
H    0     0                     554.0000000  636.61719  14.9%     -   13s
     0     0  636.55015    0 1484  554.00000  636.55015  14.9%     -   13s
     0     0  636.53808    0 1488  554.00000  636.53808  14.9%     -   13s
     0     0  636.12507    0 1489  554.00000  636.12507  14.8%     -   13s
     0     0  636.06850    0 1489  554.00000  636.06850  14.8%     -   13s
     0     0  636.05796    0 1491  554.00000  636.05796  14.8%     -   13s
     0     0  635.68914    0 1489  554.00000  635.68914  14.7%     -   14s
H    0     0                     556.0000000  635.68914  14.3%     -   14s
     0     0  635.61640    0 1491  556.00000  635.61640  14.3%     -   14s
     0     0  635.60671    0 1493  556.00000  635.60671  14.3%     -   14s
     0     0  635.37169    0 1490  556.00000  635.37169  14.3%     -   14s
     0     0  635.34515    0 1492  556.00000  635.34515  14.3%     -   14s
     0     0  635.33968    0 1493  556.00000  635.33968  14.3%     -   14s
     0     0  635.12682    0 1491  556.00000  635.12682  14.2%     -   15s
     0     0  635.08804    0 1491  556.00000  635.08804  14.2%     -   15s
     0     0  635.07990    0 1490  556.00000  635.07990  14.2%     -   15s
     0     0  634.97567    0 1487  556.00000  634.97567  14.2%     -   15s
     0     0  634.97567    0 1486  556.00000  634.97567  14.2%     -   15s
H    0     0                     560.0000000  634.97567  13.4%     -   17s
     0     2  634.97567    0 1485  560.00000  634.97567  13.4%     -   17s
     5     8  626.25565    2 1430  560.00000  634.85506  13.4%  4414   21s
    22    27  618.09055    8 1388  560.00000  634.85501  13.4%  2457   25s
H   26    32                     561.0000000  634.85501  13.2%  2216   25s
H   58    61                     562.0000000  634.85501  13.0%  1754   28s
    80    91  584.76617   28 1215  562.00000  634.85501  13.0%  1644   30s
H   82    91                     563.0000000  634.85501  12.8%  1608   30s
H   96   100                     564.0000000  634.85501  12.6%  1517   30s
H  119   124                     565.0000000  634.85501  12.4%  1446   31s
H  160   158                     566.0000000  634.73709  12.1%  1347   34s
   166   169  625.28617    4 1436  566.00000  634.73709  12.1%  1329   35s
H  173   166                     567.0000000  634.73709  11.9%  1327   35s
H  191   168                     568.0000000  634.73709  11.7%  1366   38s
   197   174  604.23720    9 1337  568.00000  634.73709  11.7%  1372   40s
H  218   197                     569.0000000  634.73709  11.6%  1424   43s
   247   229  574.60606   35 1189  569.00000  634.70075  11.5%  1439   45s
   279   252  630.33161   10 1447  569.00000  634.69916  11.5%  1452   50s
   319   272  618.13434   15 1374  569.00000  634.69916  11.5%  1424   55s
   344   305  599.95988   25 1281  569.00000  634.69916  11.5%  1508   60s
H  349   303                     570.0000000  634.69916  11.4%  1505   60s
H  376   323                     572.0000000  634.69916  11.0%  1505   63s
   411   332     cutoff   58       572.00000  634.53523  10.9%  1429   65s
H  424   327                     573.0000000  634.53523  10.7%  1438   65s
   464   361  606.85844    9 1341  573.00000  634.53523  10.7%  1390   70s
   477   378  594.36792   13 1274  573.00000  634.16990  10.7%  1403   85s
   537   418  626.14333   15 1429  573.00000  634.16658  10.7%  1400   91s
   582   479  620.36918   23 1399  573.00000  634.16658  10.7%  1415   96s
   655   514  605.13399   32 1305  573.00000  634.16658  10.7%  1366  101s
   717   546  629.86381   10 1445  573.00000  633.74067  10.6%  1367  106s
   749   583  616.45409   21 1367  573.00000  633.74067  10.6%  1402  111s
   798   641  591.31152   31 1257  573.00000  633.74067  10.6%  1430  116s
   856   642  618.94860   15 1486  573.00000  633.74067  10.6%  1396  127s
   859   644  578.44638   37 1485  573.00000  633.74067  10.6%  1391  134s
   860   645  604.67286   20 1487  573.00000  633.74067  10.6%  1389  136s
   864   647  585.83220   14 1492  573.00000  633.74067  10.6%  1383  143s
   865   648  601.98768   15 1487  573.00000  633.74067  10.6%  1381  149s
   867   649  596.81243   47 1490  573.00000  633.74067  10.6%  1378  156s
   868   650  608.68228   37 1489  573.00000  633.74067  10.6%  1376  162s
   870   651  590.01235   37 1491  573.00000  633.74067  10.6%  1373  169s
   871   652  597.88006   29 1489  573.00000  633.74067  10.6%  1372  175s
   872   653  575.11963   55 1489  573.00000  633.74067  10.6%  1370  180s
   873   653  593.83372   22 1485  573.00000  633.74067  10.6%  1369  187s
   874   654  617.91330   17 1488  573.00000  633.74067  10.6%  1367  193s
   875   655  599.24988   30 1489  573.00000  633.74067  10.6%  1365  199s
   876   655  598.58042   28 1489  573.00000  633.74067  10.6%  1364  205s
   882   662  633.66090   17 1478  573.00000  633.74067  10.6%  1422  210s
   896   672  632.63143   21 1474  573.00000  633.74067  10.6%  1453  215s
   909   680  631.78795   24 1473  573.00000  633.66090  10.6%  1470  230s
   925   692  631.37383   28 1467  573.00000  633.66090  10.6%  1483  235s
   940   704  630.58473   32 1469  573.00000  633.66090  10.6%  1504  240s
   965   720  627.05131   38 1448  573.00000  633.66090  10.6%  1530  245s
   986   739  626.88415   43 1452  573.00000  633.66090  10.6%  1550  251s
  1010   756  624.72435   48 1438  573.00000  633.66090  10.6%  1563  255s
  1051   782  621.76172   57 1423  573.00000  633.66090  10.6%  1572  261s
  1068   792  620.83372   62 1428  573.00000  633.66090  10.6%  1594  265s
  1086   806  620.24867   66 1421  573.00000  633.66090  10.6%  1620  270s
  1105   818  619.12171   70 1421  573.00000  633.66090  10.6%  1638  275s
  1125   833  618.44913   74 1415  573.00000  633.66090  10.6%  1661  280s
  1148   852  617.56529   79 1410  573.00000  633.66090  10.6%  1689  287s
  1162   860  616.86865   82 1408  573.00000  633.66090  10.6%  1704  290s
  1190   883  615.44022   88 1402  573.00000  633.66090  10.6%  1732  297s
  1207   890  614.59897   92 1396  573.00000  633.66090  10.6%  1746  300s
  1238   916  613.06721   99 1391  573.00000  633.66090  10.6%  1777  308s
  1256   930  612.32370  103 1384  573.00000  633.66090  10.6%  1793  312s
  1276   943  611.69923  107 1379  573.00000  633.66090  10.6%  1807  316s
  1296   958  611.26515  111 1376  573.00000  633.66090  10.6%  1827  321s
  1318   977  610.66130  115 1374  573.00000  633.66090  10.6%  1847  326s
  1344   997  609.91026  120 1369  573.00000  633.66090  10.6%  1861  331s
  1373  1019  604.30678  125 1341  573.00000  633.66090  10.6%  1876  335s
  1404  1041  596.64963  131 1310  573.00000  633.66090  10.6%  1892  340s
  1437  1072  607.32304  137 1350  573.00000  633.66090  10.6%  1902  346s
  1479  1116  606.09737  145 1338  573.00000  633.66090  10.6%  1908  351s
  1537  1180  604.24314  153 1329  573.00000  633.66090  10.6%  1898  356s
  1622  1218  602.37967  162 1317  573.00000  633.66090  10.6%  1853  361s
  1711  1219  600.74789  172 1299  573.00000  633.66090  10.6%  1806  367s
  1742  1246  599.10122  184 1283  573.00000  633.66090  10.6%  1818  372s
  1779  1282  593.95210  198 1262  573.00000  633.66090  10.6%  1825  378s
H 1828  1308                     574.0000000  633.66090  10.4%  1823  385s
H 1912  1270                     575.0000000  633.66090  10.2%  1797  392s
  1971  1266  632.60797   22 1471  575.00000  633.14865  10.1%  1783  398s
  1991  1282  632.02977   26 1468  575.00000  633.14865  10.1%  1806  406s
  2013  1296  631.36504   30 1464  575.00000  633.14865  10.1%  1826  412s
  2035  1313  630.68570   34 1457  575.00000  633.14865  10.1%  1848  418s
  2059  1331  630.16620   38 1453  575.00000  633.14865  10.1%  1869  425s
  2085  1352  629.22433   43 1446  575.00000  633.14865  10.1%  1891  432s
  2115  1376  628.32486   49 1446  575.00000  633.14865  10.1%  1911  440s
H 2145  1332                     576.0000000  633.14865  9.92%  1931  440s
  2149  1369  627.54400   55 1438  576.00000  633.14865  9.92%  1933  448s
  2187  1404  626.21828   62 1428  576.00000  633.14865  9.92%  1952  456s
  2235  1445  625.24394   70 1418  576.00000  633.14865  9.92%  1968  464s
  2292  1499  623.56843   78 1411  576.00000  633.14865  9.92%  1975  473s
  2365  1592  621.18569   88 1398  576.00000  633.14865  9.92%  1971  482s
  2482  1617  619.60967   98 1384  576.00000  633.14865  9.92%  1936  492s
  2574  1604  617.70962  106 1380  576.00000  633.14865  9.92%  1897  502s
  2587  1643  616.81908  112 1371  576.00000  633.14865  9.92%  1901  513s
  2626  1691  614.74993  125 1356  576.00000  633.14865  9.92%  1919  523s
  2674  1721  611.68731  141 1334  576.00000  633.14865  9.92%  1934  540s
  2704  1768  609.68573  150 1317  576.00000  633.14865  9.92%  1943  553s
  2751  1797  604.76694  163 1296  576.00000  633.14865  9.92%  1952  565s
  2780  1841  604.85275  169 1303  576.00000  633.14865  9.92%  1960  579s
  2824  2042  603.03867  177 1288  576.00000  632.92760  9.88%  1967  593s
  3047  2086  632.36934   23 1469  576.00000  632.92760  9.88%  1901  605s
  3091  2162  621.82952   30 1410  576.00000  632.92760  9.88%  1919  620s
  3167  2244  629.77363   39 1451  576.00000  632.92760  9.88%  1931  634s
  3249  2418  628.61664   46 1444  576.00000  632.92760  9.88%  1931  649s
  3449  2465  626.76053   57 1439  576.00000  632.92760  9.88%  1883  665s
  3496  2516  624.58794   70 1411  576.00000  632.92760  9.88%  1910  681s
  3547  2589  619.61775   83 1378  576.00000  632.92760  9.88%  1932  698s
  3620  2667  617.66215  103 1380  576.00000  632.92760  9.88%  1953  715s
  3698  2797  613.81465  123 1358  576.00000  632.92760  9.88%  1968  733s
  3828  2917  605.12953  161 1278  576.00000  632.92760  9.88%  1975  756s
  3948  3261  598.14218  192 1278  576.00000  632.62958  9.83%  1967  776s
  4351  3263  631.46046   25 1459  576.00000  632.62856  9.83%  1860  804s
  4353  3303  626.42934   25 1432  576.00000  632.62856  9.83%  1861  824s
  4393  3359  629.88375   36 1447  576.00000  632.62856  9.83%  1887  843s
  4449  3429  627.29378   51 1431  576.00000  632.62856  9.83%  1912  861s
  4519  3515  623.31094   69 1413  576.00000  632.62856  9.83%  1937  880s
  4605  3606  618.45652   92 1381  576.00000  632.62856  9.83%  1959  900s
  4696  3783  613.72463  118 1350  576.00000  632.62856  9.83%  1971  921s
  4873  4191  602.69829  169 1277  576.00000  632.49936  9.81%  1974  941s
  5304  4515  621.45714   78 1404  576.00000  632.49936  9.81%  1891  963s
  5651  5374  599.21825  182 1280  576.00000  632.39006  9.79%  1827  984s
  6561  5605  627.36698   45 1444  576.00000  632.38891  9.79%  1650 1000s
  6792  5782  607.26278  144 1332  576.00000  632.38891  9.79%  1631 1018s
  6969  6443  597.99607  186 1257  576.00000  632.18061  9.75%  1615 1036s
  7690  7031  628.25275   20 1440  576.00000  632.17988  9.75%  1511 1060s
  8278  7438  587.76087  203 1143  576.00000  632.15742  9.75%  1458 1069s
  8725  7521  626.29270   32 1430  576.00000  632.15721  9.75%  1406 1075s
  8808  7628  617.93049   81 1377  576.00000  632.15721  9.75%  1401 1082s
  8915  7765  606.47968  130 1312  576.00000  632.15721  9.75%  1396 1088s
  9052  8058  594.25345  184 1218  576.00000  632.15721  9.75%  1389 1095s
  9345  8251  578.89032  232 1138  576.00000  631.95763  9.71%  1363 1101s
  9562  8484  626.40379   48 1437  576.00000  631.95763  9.71%  1345 1108s
  9834  8574  617.69400   99 1374  576.00000  631.95763  9.71%  1321 1115s
  9924  8658  599.22666  181 1265  576.00000  631.78737  9.69%  1318 1132s
 10031  8718  625.68761   29 1438  576.00000  631.78737  9.69%  1313 1138s
 10091  8851  615.41898   79 1389  576.00000  631.78737  9.69%  1313 1147s
 10224  8911  588.16751  200 1234  576.00000  631.75467  9.68%  1307 1156s
 10304  8975  628.69548   43 1451  576.00000  631.75467  9.68%  1304 1163s
 10368  9092  608.64832   93 1334  576.00000  631.75107  9.68%  1306 1170s
 10517  9160  628.52331   38 1446  576.00000  631.75107  9.68%  1299 1177s
 10585  9241  618.43326   89 1388  576.00000  631.75107  9.68%  1301 1185s
 10666  9362  607.14502  143 1325  576.00000  631.75107  9.68%  1303 1193s
 10787  9637  592.88422  198 1238  576.00000  631.72069  9.67%  1302 1201s
 11091  9718  620.23462   23 1408  576.00000  631.72069  9.67%  1283 1209s
 11172  9827  584.38677   76 1243  576.00000  631.68083  9.67%  1285 1216s
 11293 10040  618.57955   69 1382  576.00000  631.68083  9.67%  1284 1224s
 11506 10178  578.00000  226 1116  576.00000  631.66560  9.66%  1274 1232s
 11658 10273  579.64626   64 1226  576.00000  631.61117  9.65%  1272 1239s
 11791 10346  597.45474   29 1306  576.00000  631.60844  9.65%  1270 1247s
 11940 10441  626.56511   47 1429  576.00000  631.60844  9.65%  1267 1256s
 12045 10607  603.58097  121 1282  576.00000  631.59364  9.65%  1265 1263s
 12237 10770  624.39519   61 1423  576.00000  631.58184  9.65%  1256 1269s
 12400 11036  607.36318  148 1320  576.00000  631.52113  9.64%  1250 1277s
 12707 11263  607.34021   52 1343  576.00000  631.44478  9.63%  1232 1283s
 12959 11445  618.59185   38 1399  576.00000  631.44478  9.63%  1219 1291s
 13162 11641  604.13734  106 1317  576.00000  631.44388  9.63%  1209 1297s
 13372 11861  618.43235   44 1394  576.00000  631.44388  9.63%  1200 1304s
 13604 11921  588.78617  173 1205  576.00000  631.40629  9.62%  1191 1312s
 13703 11950  628.95483   29 1458  576.00000  631.39923  9.62%  1191 1319s
 13732 11986  628.20130   35 1454  576.00000  631.39923  9.62%  1197 1326s
 13768 12027  626.70868   42 1446  576.00000  631.39923  9.62%  1204 1333s
 13809 12070  625.41539   50 1438  576.00000  631.39923  9.62%  1209 1341s
 13852 12120  617.28533   58 1391  576.00000  631.39923  9.62%  1216 1348s
 13902 12186  619.97243   67 1404  576.00000  631.39923  9.62%  1222 1355s
 13968 12271  620.59754   79 1409  576.00000  631.39923  9.62%  1227 1363s
 14053 12434  618.00288   91 1389  576.00000  631.39923  9.62%  1232 1370s
 14222 12547  614.76755  105 1374  576.00000  631.39923  9.62%  1233 1377s
 14365 12748  611.37597  123 1347  576.00000  631.39923  9.62%  1231 1384s
 14584 12878  605.51270  146 1322  576.00000  631.39923  9.62%  1225 1392s
 14714 12969  597.48975  178 1272  576.00000  631.39923  9.62%  1226 1400s
 14815 13116  592.76925  203 1242  576.00000  631.36709  9.61%  1224 1407s
 14981 13117  587.98211  227 1486  576.00000  631.36709  9.61%  1218 1900s
 14984 13119  625.83366   34 1489  576.00000  631.36709  9.61%  1218 1910s
 14991 13124  596.64778  132 1493  576.00000  628.59770  9.13%  1217 1926s
 14992 13124  583.06933  220 1492  576.00000  628.55984  9.12%  1217 1938s
 14994 13126  579.52717  245 1492  576.00000  628.54393  9.12%  1217 1953s
 14995 13126  613.10360  103 1491  576.00000  628.12299  9.05%  1217 1967s
 14999 13129  621.89682   22 1492  576.00000  627.85281  9.00%  1216 1983s
 15000 13130  579.54249  222 1490  576.00000  627.53078  8.95%  1216 1996s
 15004 13132  627.16980   45 1491  576.00000  627.41475  8.93%  1216 2010s
 15005 13133  579.28645  246 1492  576.00000  627.23087  8.89%  1216 2023s
 15008 13135  610.87545  128 1493  576.00000  627.17539  8.88%  1216 2036s
 15009 13136  623.46960   41 1489  576.00000  627.05214  8.86%  1216 2046s
 15012 13138  580.63711  237 1493  576.00000  627.00639  8.86%  1215 2061s
 15013 13138  580.18959  247 1490  576.00000  626.88736  8.83%  1215 2073s
 15016 13140  592.29735  202 1490  576.00000  626.83834  8.83%  1215 2087s
 15017 13141  621.22273   34 1490  576.00000  626.77568  8.82%  1215 2100s
 15019 13142  602.74197  164 1491  576.00000  626.74513  8.81%  1215 2115s
 15020 13143  614.26393   91 1493  576.00000  626.66133  8.80%  1215 2129s
 15023 13145  583.73076  131 1495  576.00000  626.62040  8.79%  1214 2143s
 15024 13146  608.37156  133 1491  576.00000  626.54302  8.77%  1214 2157s
 15026 13147  597.86539  193 1496  576.00000  626.52206  8.77%  1214 2173s
 15027 13148  622.54799   60 1494  576.00000  626.45681  8.76%  1214 2185s
 15029 13149  592.66200  201 1494  576.00000  626.43626  8.76%  1214 2199s
 15030 13150  616.67059   79 1493  576.00000  626.37122  8.75%  1214 2211s
 15032 13151  604.39585  157 1494  576.00000  626.33729  8.74%  1214 2226s
 15033 13152  581.87464  237 1491  576.00000  626.28927  8.73%  1214 2240s
 15035 13153  592.39349  200 1493  576.00000  626.27491  8.73%  1214 2255s
 15036 13154  586.87475  221 1496  576.00000  626.14874  8.71%  1213 2270s
 15039 13156  624.27547   68 1496  576.00000  626.11574  8.70%  1213 2287s
 15040 13156  595.72894  194 1495  576.00000  626.01100  8.68%  1213 2301s
 15043 13158  617.28473   59 1494  576.00000  625.96994  8.68%  1213 2318s
 15044 13159  611.70887  136 1493  576.00000  625.91623  8.67%  1213 2331s
 15046 13160  597.11440  198 1496  576.00000  625.89501  8.66%  1213 2347s
 15047 13161  605.39406  159 1493  576.00000  625.82883  8.65%  1213 2361s
 15049 13162  584.56814  230 1495  576.00000  625.80144  8.65%  1212 2379s
 15050 13163  610.00596  125 1493  576.00000  625.79990  8.65%  1212 2396s
 15051 13164  595.33466  195 1495  576.00000  625.79921  8.65%  1212 2414s
 15052 13164  623.50437   30 1495  576.00000  625.78333  8.64%  1212 2430s
 15053 13165  605.39406  159 1496  576.00000  625.77938  8.64%  1212 2447s
 15054 13166  624.24843   32 1492  576.00000  625.75310  8.64%  1212 2463s
 15056 13167  592.88055  207 1496  576.00000  625.74016  8.64%  1212 2484s
 15057 13168  621.94384   54 1496  576.00000  625.73993  8.64%  1212 2505s
 15058 13168  582.92958  194 1496  576.00000  625.73964  8.64%  1212 2524s
 15059 13169  619.98413   82 1496  576.00000  625.73961  8.64%  1212 2544s
 15060 13170  596.93661  187 1496  576.00000  625.73956  8.64%  1211 2564s
 15061 13170  608.71282  132 1496  576.00000  625.73955  8.64%  1211 2584s
 15062 13171  624.27547   68 1496  576.00000  625.73954  8.64%  1211 2602s
 15063 13172  605.39215  159 1496  576.00000  625.73953  8.64%  1211 2621s
 15064 13172  616.99016   67 1496  576.00000  625.73952  8.64%  1211 2641s
 15065 13173  597.08888  169 1496  576.00000  625.73124  8.63%  1211 2685s
 15066 13174  584.73525  237 1496  576.00000  625.73043  8.63%  1211 2706s
 15067 13174  585.08331  230 1496  576.00000  625.73043  8.63%  1211 2728s
 15068 13178  625.45025   31 1494  576.00000  625.72574  8.63%  1217 2730s
 15078 13185  624.70122   34 1490  576.00000  624.95929  8.50%  1218 2735s
 15084 13189  623.23169   35 1476  576.00000  624.58199  8.43%  1219 2740s
 15095 13196  623.46073   38 1483  576.00000  624.57308  8.43%  1220 2745s
 15107 13205  622.29112   41 1468  576.00000  624.57308  8.43%  1222 2750s
 15120 13215  621.29281   44 1462  576.00000  624.57308  8.43%  1223 2755s
 15132 13223  620.36275   47 1459  576.00000  624.57308  8.43%  1224 2760s
 15144 13231  619.48782   50 1457  576.00000  624.57308  8.43%  1225 2765s
 15152 13236  619.06761   52 1455  576.00000  624.57308  8.43%  1226 2781s
 15160 13244  618.59830   54 1454  576.00000  624.57308  8.43%  1227 2786s
 15171 13251  617.31503   56 1442  576.00000  624.57308  8.43%  1229 2790s
 15183 13255  615.61054   59 1435  576.00000  624.57308  8.43%  1230 2798s
 15185 13262  616.53193   60 1447  576.00000  624.57308  8.43%  1230 2800s
 15201 13273  615.24159   64 1443  576.00000  624.57308  8.43%  1231 2806s
 15209 13276  614.68747   66 1440  576.00000  624.57308  8.43%  1232 2810s
 15222 13288  613.74557   69 1436  576.00000  624.57308  8.43%  1234 2816s
 15240 13295  612.85223   73 1434  576.00000  624.57308  8.43%  1236 2827s
 15244 13304  612.60482   74 1431  576.00000  624.57308  8.43%  1236 2830s
 15267 13323  610.55648   79 1418  576.00000  624.57308  8.43%  1238 2837s
 15281 13330  610.09603   83 1419  576.00000  624.57308  8.43%  1239 2841s
 15293 13338  609.16678   86 1417  576.00000  624.57308  8.43%  1240 2845s
 15318 13357  608.09694   92 1410  576.00000  624.57308  8.43%  1243 2854s
 15332 13366  607.37827   95 1407  576.00000  624.57308  8.43%  1245 2858s
 15346 13376  606.69105   98 1403  576.00000  624.57308  8.43%  1247 2863s
 15361 13386  601.34822  101 1374  576.00000  624.57308  8.43%  1249 2868s
 15376 13396  605.02217  105 1394  576.00000  624.57308  8.43%  1251 2873s
 15391 13407  597.39448  108 1365  576.00000  624.57308  8.43%  1253 2878s
 15407 13410  603.82271  112 1390  576.00000  624.57308  8.43%  1255 2900s
 15415 13424  594.21372  114 1334  576.00000  624.57308  8.43%  1257 2906s
 15432 13447  602.88472  118 1384  576.00000  624.57308  8.43%  1260 2911s
 15460 13472  601.81999  125 1374  576.00000  624.57308  8.43%  1260 2917s
 15495 13497  594.26040  133 1335  576.00000  624.57308  8.43%  1259 2922s
 15531 13524  599.25609  142 1355  576.00000  624.57308  8.43%  1259 2928s
 15570 13556  595.57004  151 1333  576.00000  624.57308  8.43%  1259 2934s
 15615 13582  592.07865  162 1307  576.00000  624.57308  8.43%  1258 2940s
 15656 13630  594.33105  172 1321  576.00000  624.57308  8.43%  1257 2947s
 15718 13693  592.69166  186 1296  576.00000  624.57308  8.43%  1255 2953s
 15802 13752  588.57535  204 1264  576.00000  624.57308  8.43%  1251 2960s
 15920 13748  582.78363  229 1208  576.00000  624.56976  8.43%  1245 2969s
 15978 13741  624.15756   35 1483  576.00000  624.56837  8.43%  1244 2979s
 15990 13747  623.88893   37 1483  576.00000  624.56837  8.43%  1246 2988s
 16000 13762  623.57655   39 1481  576.00000  624.56837  8.43%  1247 2994s
 16019 13775  619.29959   42 1451  576.00000  624.56837  8.43%  1248 3001s
 16038 13793  622.31733   46 1472  576.00000  624.56837  8.43%  1249 3007s
 16062 13812  621.47101   51 1464  576.00000  624.56837  8.43%  1250 3015s
 16089 13833  620.56189   57 1456  576.00000  624.56837  8.43%  1250 3022s
 16119 13856  619.47598   64 1448  576.00000  624.56837  8.43%  1251 3029s
 16152 13886  618.48020   71 1441  576.00000  624.56837  8.43%  1252 3037s
 16193 13916  611.01432   79 1407  576.00000  624.56837  8.43%  1252 3045s
 16237 13903  615.62667   88 1424  576.00000  624.56837  8.43%  1252 3066s
 16239 13958  612.03534   88 1404  576.00000  624.56837  8.43%  1252 3074s
 16294 14000  613.82667   99 1413  576.00000  624.56837  8.43%  1251 3083s
 16355 14047  611.86717  111 1400  576.00000  624.56837  8.43%  1250 3093s
 16422 14116  609.77037  123 1388  576.00000  624.56837  8.43%  1248 3104s
 16513 14148  607.53976  138 1371  576.00000  624.56837  8.43%  1245 3116s
 16576 14189  607.03988  141 1367  576.00000  624.56837  8.43%  1242 3129s
 16664 14167  598.75864  161 1314  576.00000  624.56837  8.43%  1240 3148s
 16671 14243  602.33958  162 1338  576.00000  624.56837  8.43%  1241 3160s
 16749 14338  593.63184  194 1291  576.00000  624.56837  8.43%  1240 3172s
 16878 14323  577.91725  251 1146  576.00000  624.50626  8.42%  1235 3183s
 16918 14349  617.34259   38 1432  576.00000  624.50626  8.42%  1236 3195s
 16958 14384  619.40807   47 1447  576.00000  624.50626  8.42%  1237 3208s
 17006 14426  617.98511   58 1433  576.00000  624.50626  8.42%  1238 3231s
 17064 14489  612.55100   72 1400  576.00000  624.50626  8.42%  1239 3245s
 17146 14569  611.96368   91 1399  576.00000  624.50626  8.42%  1238 3260s
 17254 14689  607.73665  114 1366  576.00000  624.50626  8.42%  1237 3276s
 17410 14826  598.62691  144 1315  576.00000  624.50626  8.42%  1233 3294s
 17622 14866  590.48234  194 1268  576.00000  624.27761  8.38%  1225 3313s
 17748 14869  623.65022   37 1479  576.00000  624.27761  8.38%  1222 3331s
 17793 14922  622.64970   44 1474  576.00000  624.27761  8.38%  1225 3347s
 17861 14918  614.00266   57 1424  576.00000  624.27761  8.38%  1226 3370s
 17880 14978  619.28157   64 1445  576.00000  624.27761  8.38%  1227 3389s
 17946 15066  617.47164   77 1435  576.00000  624.27761  8.38%  1227 3408s
 18056 15235  615.39607   95 1414  576.00000  624.27761  8.38%  1226 3429s
 18262 15322  609.20716  126 1378  576.00000  624.27761  8.38%  1221 3451s
 18454 15545  599.38813  168 1319  576.00000  623.87105  8.31%  1215 3474s
 18762 15723  623.36792   40 1487  576.00000  623.87105  8.31%  1203 3498s
 19063 15918  607.88941  132 1385  576.00000  623.87105  8.31%  1191 3522s
 19359 16107  586.51563  223 1230  576.00000  623.69777  8.28%  1181 3545s
 19681 16367  621.58873   45 1462  576.00000  623.63666  8.27%  1168 3566s
 20049 16515  589.63637  180 1222  576.00000  623.57216  8.26%  1156 3600s

Cutting planes:
  Gomory: 6
  MIR: 1
  Flow cover: 97
  Zero half: 958
  RLT: 332
  BQP: 64

Explored 20377 nodes (23463603 simplex iterations) in 3600.00 seconds (9547.41 work units)
Thread count was 2 (of 24 available processors)

Solution count 10: 576 575 574 ... 566

Time limit reached
Best objective 5.760000000000e+02, best bound 6.230000000000e+02, gap 8.1597%

User-callback calls 335390, time in user-callback 1.04 sec

Gurobi 11.0.3 (linux64) logging started Sat Mar  7 14:20:15 2026

Set parameter LogFile to value "./log/train/IS_1500_6/IS_30.lp.log"
Set parameter TimeLimit to value 3600
Gurobi Optimizer version 11.0.3 build v11.0.3rc0 (linux64 - "Ubuntu 22.04.5 LTS")

CPU model: AMD Ryzen 9 9900X 12-Core Processor, instruction set [SSE2|AVX|AVX2|AVX512]
Thread count: 12 physical cores, 24 logical processors, using up to 1 threads

Optimize a model with 9194 rows, 1500 columns and 18120 nonzeros
Model fingerprint: 0xc86fab56
Variable types: 0 continuous, 1500 integer (1500 binary)
Coefficient statistics:
  Matrix range     [1e+00, 1e+00]
  Objective range  [1e+00, 1e+00]
  Bounds range     [1e+00, 1e+00]
  RHS range        [1e+00, 1e+00]
Found heuristic solution: objective 341.0000000
Presolve removed 1643 rows and 0 columns
Presolve time: 0.04s
Presolved: 7551 rows, 1500 columns, 16408 nonzeros
Variable types: 0 continuous, 1500 integer (1500 binary)

Root relaxation: objective 6.872500e+02, 3727 iterations, 0.20 seconds (0.28 work units)

    Nodes    |    Current Node    |     Objective Bounds      |     Work
 Expl Unexpl |  Obj  Depth IntInf | Incumbent    BestBd   Gap | It/Node Time

     0     0  687.25000    0 1352  341.00000  687.25000   102%     -    0s
H    0     0                     511.0000000  687.25000  34.5%     -    0s
     0     0  671.03731    0 1441  511.00000  671.03731  31.3%     -    1s
     0     0  671.02195    0 1438  511.00000  671.02195  31.3%     -    1s
     0     0  671.02143    0 1438  511.00000  671.02143  31.3%     -    1s
     0     0  662.14318    0 1484  511.00000  662.14318  29.6%     -    3s
H    0     0                     544.0000000  662.14318  21.7%     -    3s
H    0     0                     548.0000000  662.14318  20.8%     -    3s
     0     0  661.65966    0 1485  548.00000  661.65966  20.7%     -    3s
     0     0  661.61663    0 1485  548.00000  661.61663  20.7%     -    3s
     0     0  661.61399    0 1483  548.00000  661.61399  20.7%     -    3s
     0     0  655.79301    0 1479  548.00000  655.79301  19.7%     -    4s
     0     0  655.50969    0 1482  548.00000  655.50969  19.6%     -    4s
     0     0  655.43037    0 1484  548.00000  655.43037  19.6%     -    4s
     0     0  655.41874    0 1485  548.00000  655.41874  19.6%     -    4s
     0     0  655.41056    0 1484  548.00000  655.41056  19.6%     -    4s
     0     0  655.40982    0 1484  548.00000  655.40982  19.6%     -    4s
     0     0  651.96187    0 1482  548.00000  651.96187  19.0%     -    5s
     0     0  651.58684    0 1482  548.00000  651.58684  18.9%     -    6s
     0     0  651.56507    0 1482  548.00000  651.56507  18.9%     -    6s
     0     0  651.50995    0 1482  548.00000  651.50995  18.9%     -    6s
     0     0  651.50768    0 1483  548.00000  651.50768  18.9%     -    6s
     0     0  648.26007    0 1483  548.00000  648.26007  18.3%     -    7s
     0     0  647.92814    0 1484  548.00000  647.92814  18.2%     -    7s
     0     0  647.85555    0 1485  548.00000  647.85555  18.2%     -    7s
     0     0  647.83492    0 1482  548.00000  647.83492  18.2%     -    7s
     0     0  647.82858    0 1483  548.00000  647.82858  18.2%     -    7s
     0     0  646.05923    0 1486  548.00000  646.05923  17.9%     -    8s
H    0     0                     550.0000000  646.05923  17.5%     -    8s
     0     0  645.88687    0 1490  550.00000  645.88687  17.4%     -    9s
     0     0  645.86442    0 1488  550.00000  645.86442  17.4%     -    9s
     0     0  645.85233    0 1491  550.00000  645.85233  17.4%     -    9s
     0     0  644.51413    0 1488  550.00000  644.51413  17.2%     -   10s
     0     0  644.28787    0 1491  550.00000  644.28787  17.1%     -   10s
     0     0  644.25859    0 1489  550.00000  644.25859  17.1%     -   10s
     0     0  644.24883    0 1490  550.00000  644.24883  17.1%     -   10s
     0     0  642.81507    0 1491  550.00000  642.81507  16.9%     -   11s
     0     0  642.59332    0 1493  550.00000  642.59332  16.8%     -   12s
     0     0  642.56415    0 1493  550.00000  642.56415  16.8%     -   12s
     0     0  642.55985    0 1493  550.00000  642.55985  16.8%     -   12s
     0     0  641.44594    0 1490  550.00000  641.44594  16.6%     -   13s
     0     0  641.26568    0 1492  550.00000  641.26568  16.6%     -   13s
     0     0  641.24776    0 1492  550.00000  641.24776  16.6%     -   13s
     0     0  641.23650    0 1494  550.00000  641.23650  16.6%     -   13s
     0     0  640.58616    0 1487  550.00000  640.58616  16.5%     -   14s
     0     0  640.42931    0 1491  550.00000  640.42931  16.4%     -   14s
     0     0  640.40861    0 1490  550.00000  640.40861  16.4%     -   14s
     0     0  640.40608    0 1490  550.00000  640.40608  16.4%     -   14s
     0     0  639.77807    0 1490  550.00000  639.77807  16.3%     -   15s
     0     0  639.68328    0 1490  550.00000  639.68328  16.3%     -   15s
     0     0  639.65012    0 1491  550.00000  639.65012  16.3%     -   15s
     0     0  639.64538    0 1492  550.00000  639.64538  16.3%     -   15s
     0     0  639.06060    0 1488  550.00000  639.06060  16.2%     -   16s
     0     0  638.99718    0 1488  550.00000  638.99718  16.2%     -   16s
     0     0  638.98882    0 1489  550.00000  638.98882  16.2%     -   16s
     0     0  638.35544    0 1484  550.00000  638.35544  16.1%     -   17s
     0     0  638.23123    0 1486  550.00000  638.23123  16.0%     -   17s
     0     0  638.21900    0 1487  550.00000  638.21900  16.0%     -   18s
     0     0  638.01182    0 1488  550.00000  638.01182  16.0%     -   18s
H    0     0                     551.0000000  638.01182  15.8%     -   18s
     0     0  637.96910    0 1490  551.00000  637.96910  15.8%     -   18s
     0     0  637.95700    0 1490  551.00000  637.95700  15.8%     -   18s
     0     0  637.68340    0 1491  551.00000  637.68340  15.7%     -   19s
     0     0  637.62739    0 1491  551.00000  637.62739  15.7%     -   19s
     0     0  637.61483    0 1489  551.00000  637.61483  15.7%     -   19s
     0     0  637.25707    0 1486  551.00000  637.25707  15.7%     -   20s
     0     0  637.19969    0 1485  551.00000  637.19969  15.6%     -   20s
     0     0  637.18485    0 1485  551.00000  637.18485  15.6%     -   20s
     0     0  636.96067    0 1489  551.00000  636.96067  15.6%     -   20s
     0     0  636.91355    0 1486  551.00000  636.91355  15.6%     -   21s
     0     0  636.90643    0 1485  551.00000  636.90643  15.6%     -   21s
     0     0  636.61719    0 1484  551.00000  636.61719  15.5%     -   21s
H    0     0                     554.0000000  636.61719  14.9%     -   21s
     0     0  636.55015    0 1484  554.00000  636.55015  14.9%     -   21s
     0     0  636.53808    0 1488  554.00000  636.53808  14.9%     -   22s
     0     0  636.12507    0 1489  554.00000  636.12507  14.8%     -   22s
     0     0  636.06850    0 1489  554.00000  636.06850  14.8%     -   23s
     0     0  636.05796    0 1491  554.00000  636.05796  14.8%     -   23s
     0     0  635.68914    0 1489  554.00000  635.68914  14.7%     -   23s
H    0     0                     556.0000000  635.68914  14.3%     -   23s
     0     0  635.61640    0 1491  556.00000  635.61640  14.3%     -   24s
     0     0  635.60671    0 1493  556.00000  635.60671  14.3%     -   24s
     0     0  635.37169    0 1490  556.00000  635.37169  14.3%     -   24s
     0     0  635.34515    0 1492  556.00000  635.34515  14.3%     -   24s
     0     0  635.33968    0 1493  556.00000  635.33968  14.3%     -   24s
     0     0  635.12682    0 1491  556.00000  635.12682  14.2%     -   25s
     0     0  635.08804    0 1491  556.00000  635.08804  14.2%     -   25s
     0     0  635.07990    0 1490  556.00000  635.07990  14.2%     -   25s
     0     0  634.97567    0 1487  556.00000  634.97567  14.2%     -   25s
     0     0  634.97567    0 1486  556.00000  634.97567  14.2%     -   26s
H    0     0                     560.0000000  634.97567  13.4%     -   28s
     0     2  634.97533    0 1485  560.00000  634.97533  13.4%     -   28s
     3     5  626.25565    2 1430  560.00000  634.97474  13.4%  3900   31s
     8    10  611.27116    5 1356  560.00000  634.97474  13.4%  4028   35s
H   26    26                     561.0000000  634.97474  13.2%  2102   38s
    43    43  569.19360   29 1161  561.00000  634.97474  13.2%  1545   40s
    63    51  621.24059    2 1401  561.00000  634.85501  13.2%  1429   45s
    78    66  612.52598   13 1349  561.00000  634.85501  13.2%  1537   50s
    85    73  600.94646   17 1285  561.00000  634.85501  13.2%  1601   55s
   140   110  625.52938    3 1438  561.00000  634.73709  13.1%  1283   60s
   154   124  608.73183   13 1348  561.00000  634.73709  13.1%  1379   65s
   181   151  596.67935   32 1283  561.00000  634.73709  13.1%  1410   70s
H  210   170                     562.0000000  634.73709  12.9%  1404   73s
H  217   171                     563.0000000  634.73709  12.7%  1366   73s
   230   178  630.73783    7 1449  563.00000  634.73688  12.7%  1343   76s
   240   188  615.02997   15 1367  563.00000  634.73688  12.7%  1378   80s
   259   207  617.42561   30 1370  563.00000  634.73688  12.7%  1401   85s
H  271   212                     564.0000000  634.73688  12.5%  1426   90s
H  288   223                     565.0000000  634.73688  12.3%  1448   93s
   296   233  589.08042   54 1220  565.00000  634.73688  12.3%  1461   95s
H  314   238                     566.0000000  634.73688  12.1%  1435   96s
   336   248  626.73482    8 1433  566.00000  634.69916  12.1%  1410  100s
   348   260  614.88070   16 1364  566.00000  634.69916  12.1%  1449  105s
   379   291  585.82929   37 1211  566.00000  634.69916  12.1%  1457  110s
   398   302  605.81402    9 1330  566.00000  634.43026  12.1%  1470  115s
   406   310  592.17453   15 1276  566.00000  634.43026  12.1%  1483  120s
H  407   306                     567.0000000  634.43026  11.9%  1479  120s
   437   328  623.04985   12 1414  567.00000  634.42955  11.9%  1453  125s
   448   339  624.87162   20 1417  567.00000  634.42955  11.9%  1483  130s
   459   350  602.70081   28 1326  567.00000  634.42955  11.9%  1514  136s
H  461   341                     568.0000000  634.42955  11.7%  1509  137s
   469   351  612.67922   34 1366  568.00000  634.42955  11.7%  1538  140s
H  488   353                     570.0000000  634.42955  11.3%  1535  143s
   497   364  578.87184   54 1182  570.00000  634.42955  11.3%  1537  145s
   523   374  620.00582   11 1398  570.00000  634.41159  11.3%  1522  150s
   536   387  626.08008   21 1426  570.00000  634.41159  11.3%  1534  155s
   548   399  610.71591   28 1326  570.00000  634.41159  11.3%  1565  160s
   569   419  606.22668   15 1486  570.00000  634.41159  11.3%  1547  177s
   572   421  613.24804   11 1484  570.00000  634.41159  11.3%  1539  186s
   579   426  600.72376   52 1492  570.00000  634.41159  11.3%  1521  199s
   580   426  587.39155   61 1492  570.00000  634.41159  11.3%  1518  209s
   583   428  592.05367   17 1491  570.00000  634.41159  11.3%  1510  219s
   584   429  615.32961   22 1488  570.00000  634.41159  11.3%  1508  227s
   586   430  620.12438   33 1490  570.00000  634.41159  11.3%  1502  237s
   587   431  623.37054   14 1491  570.00000  634.41159  11.3%  1500  247s
   589   432  594.24729   34 1491  570.00000  634.41159  11.3%  1495  256s
   590   433  572.75797   67 1490  570.00000  634.41159  11.3%  1492  267s
   593   435  609.34191   12 1492  570.00000  634.41159  11.3%  1485  278s
   594   436  617.19979   10 1492  570.00000  634.41159  11.3%  1482  288s
   595   436  618.82213    5 1493  570.00000  634.41159  11.3%  1480  298s
   596   437  620.86036   28 1489  570.00000  634.41159  11.3%  1477  307s
   597   438  575.49823   21 1492  570.00000  634.41159  11.3%  1475  316s
   603   442  601.63059   24 1491  570.00000  634.41159  11.3%  1460  320s
   606   446  633.87601   16 1482  570.00000  634.32719  11.3%  1546  325s
   614   451  632.71688   20 1473  570.00000  633.87599  11.2%  1559  330s
   626   459  631.21996   26 1465  570.00000  633.87599  11.2%  1571  335s
   640   468  630.52333   33 1468  570.00000  633.87599  11.2%  1574  340s
   652   476  611.89402   39 1374  570.00000  633.87599  11.2%  1588  345s
   657   480  627.70678   42 1438  570.00000  633.87599  11.2%  1606  350s
   662   483  615.12314   44 1379  570.00000  633.87599  11.2%  1622  356s
   671   489  627.92167   49 1437  570.00000  633.87599  11.2%  1627  360s
   682   496  624.23076   54 1413  570.00000  633.87599  11.2%  1642  365s
   689   501  626.15660   58 1424  570.00000  633.87599  11.2%  1657  370s
   698   507  623.51610   62 1405  570.00000  633.87599  11.2%  1675  375s
   707   513  623.73865   67 1409  570.00000  633.87599  11.2%  1687  388s
   713   517  622.81817   70 1400  570.00000  633.87599  11.2%  1687  390s
   725   525  619.27493   76 1389  570.00000  633.87599  11.2%  1697  395s
   742   536  614.82585   84 1369  570.00000  633.87599  11.2%  1701  400s
   758   547  600.82864   92 1316  570.00000  633.87599  11.2%  1711  405s
   773   557  613.95807  100 1372  570.00000  633.87599  11.2%  1720  410s
   798   574  607.50215  112 1344  570.00000  633.87599  11.2%  1718  415s
   817   586  606.13305  122 1348  570.00000  633.87599  11.2%  1716  420s
   835   598  603.08453  131 1335  570.00000  633.87599  11.2%  1722  425s
   854   611  594.16548  140 1279  570.00000  633.87599  11.2%  1730  430s
   874   624  595.72216  150 1301  570.00000  633.87599  11.2%  1735  435s
   896   639  589.88610  161 1278  570.00000  633.87599  11.2%  1739  440s
   918   654  583.67395  172 1256  570.00000  633.87599  11.2%  1741  445s
   944   671  580.76017  185 1244  570.00000  633.87599  11.2%  1744  450s
   971   689  585.41187  199 1243  570.00000  633.87599  11.2%  1746  455s
  1009   714  582.34797  218 1201  570.00000  633.87599  11.2%  1731  460s
  1111   774  575.06751  269 1091  570.00000  633.87599  11.2%  1635  465s
  1151   783  628.40718   20 1449  570.00000  633.87592  11.2%  1614  471s
  1157   787  625.63021   23 1431  570.00000  633.87592  11.2%  1628  476s
  1161   790  626.76203   25 1432  570.00000  633.87592  11.2%  1637  480s
  1167   794  625.40631   28 1437  570.00000  633.87592  11.2%  1653  485s
  1173   798  626.09151   31 1439  570.00000  633.87592  11.2%  1666  490s
  1180   802  630.64637   35 1459  570.00000  633.87592  11.2%  1679  495s
  1187   807  625.81396   38 1425  570.00000  633.87592  11.2%  1696  500s
  1193   811  624.75228   41 1415  570.00000  633.87592  11.2%  1708  505s
  1201   816  622.22924   45 1414  570.00000  633.87592  11.2%  1724  511s
  1207   820  621.94980   48 1414  570.00000  633.87592  11.2%  1736  515s
  1215   826  619.62845   52 1401  570.00000  633.87592  11.2%  1748  520s
  1223   831  624.53793   56 1412  570.00000  633.87592  11.2%  1761  525s
H 1226   802                     571.0000000  633.87592  11.0%  1763  526s
  1231   807  619.08183   60 1391  571.00000  633.87592  11.0%  1776  531s
  1239   813  616.97783   64 1378  571.00000  633.87592  11.0%  1788  536s
  1247   818  623.99725   68 1408  571.00000  633.87592  11.0%  1797  540s
  1257   825  611.13519   73 1343  571.00000  633.87592  11.0%  1810  545s
  1268   832  623.49061   79 1415  571.00000  633.87592  11.0%  1817  550s
  1279   839  617.08499   84 1384  571.00000  633.87592  11.0%  1830  555s
  1290   847  621.49667   90 1400  571.00000  633.87592  11.0%  1839  560s
  1305   857  617.00766   97 1373  571.00000  633.87592  11.0%  1847  565s
  1319   866  614.30098  104 1361  571.00000  633.87592  11.0%  1853  570s
  1335   877  614.96461  112 1356  571.00000  633.87592  11.0%  1859  575s
  1353   889  611.08226  121 1339  571.00000  633.87592  11.0%  1865  580s
  1370   900  613.11741  130 1353  571.00000  633.87592  11.0%  1868  585s
  1389   913  606.77096  139 1310  571.00000  633.87592  11.0%  1875  590s
  1412   928  609.91222  151 1329  571.00000  633.87592  11.0%  1875  595s
  1453   955  602.28848  171 1299  571.00000  633.87592  11.0%  1864  600s
  1499   986  597.48002  194 1267  571.00000  633.87592  11.0%  1841  605s
  1569  1033  588.03922  229 1214  571.00000  633.87592  11.0%  1796  610s
  1691  1097  632.69472   17 1474  571.00000  633.20379  10.9%  1694  615s
  1697  1101  625.00725   20 1433  571.00000  633.20379  10.9%  1705  621s
  1701  1104  627.55383   22 1435  571.00000  633.20379  10.9%  1712  625s
  1707  1108  627.59532   25 1429  571.00000  633.20379  10.9%  1721  630s
  1715  1113  626.56980   29 1430  571.00000  633.20379  10.9%  1731  636s
  1721  1117  624.71638   32 1426  571.00000  633.20379  10.9%  1740  641s
  1727  1121  626.11783   35 1428  571.00000  633.20379  10.9%  1748  645s
  1733  1125  619.62734   38 1400  571.00000  633.20379  10.9%  1758  650s
  1739  1129  625.09953   41 1431  571.00000  633.20379  10.9%  1766  655s
  1747  1134  624.44577   45 1422  571.00000  633.20379  10.9%  1777  660s
  1755  1140  624.70317   49 1418  571.00000  633.20379  10.9%  1785  665s
  1763  1145  622.47772   53 1410  571.00000  633.20379  10.9%  1794  670s
  1771  1150  619.35432   57 1401  571.00000  633.20379  10.9%  1802  675s
  1779  1156  619.72840   61 1389  571.00000  633.20379  10.9%  1810  680s
  1789  1162  621.54779   66 1399  571.00000  633.20379  10.9%  1818  685s
  1799  1169  618.98061   71 1401  571.00000  633.20379  10.9%  1826  690s
  1809  1176  617.31026   76 1380  571.00000  633.20379  10.9%  1834  695s
  1819  1182  615.75615   81 1375  571.00000  633.20379  10.9%  1841  700s
H 1826  1161                     572.0000000  633.20379  10.7%  1846  704s
  1828  1165  620.26450   86 1398  572.00000  633.20379  10.7%  1847  705s
  1841  1178  616.76769   92 1372  572.00000  633.20379  10.7%  1853  710s
  1853  1190  615.08643   98 1361  572.00000  633.20379  10.7%  1859  715s
  1867  1204  607.88540  105 1329  572.00000  633.20379  10.7%  1865  720s
  1881  1218  611.44864  112 1340  572.00000  633.20379  10.7%  1869  725s
  1897  1234  607.80319  120 1323  572.00000  633.20379  10.7%  1874  730s
  1915  1252  609.80477  129 1321  572.00000  633.20379  10.7%  1877  735s
  1936  1273  609.56792  140 1327  572.00000  633.20379  10.7%  1880  740s
  1959  1296  605.51097  151 1295  572.00000  633.20379  10.7%  1879  745s
  1986  1323  603.72729  165 1298  572.00000  633.20379  10.7%  1876  750s
  2004  1341  601.92282  174 1290  572.00000  633.20379  10.7%  1872  755s
H 2036  1347                     573.0000000  633.20379  10.5%  1860  760s
  2069  1382  591.69294  206 1242  573.00000  633.20379  10.5%  1848  765s
  2131  1444  581.44136  237 1164  573.00000  633.20379  10.5%  1813  770s
  2164  1475  577.85698  254 1121  573.00000  633.20379  10.5%  1792  776s
  2190  1501  574.93931  267 1088  573.00000  633.20379  10.5%  1775  780s
  2202  1499  615.77690   20 1372  573.00000  633.20375  10.5%  1773  785s
  2209  1506  631.18840   24 1452  573.00000  633.20375  10.5%  1779  790s
  2215  1512  630.75712   27 1451  573.00000  633.20375  10.5%  1786  795s
  2218  1515  625.28192   28 1425  573.00000  633.20375  10.5%  1790  800s
  2224  1521  623.66445   31 1409  573.00000  633.20375  10.5%  1797  805s
  2230  1527  621.15863   34 1406  573.00000  633.20375  10.5%  1803  811s
  2236  1533  620.95863   37 1401  573.00000  633.20375  10.5%  1808  815s
  2242  1539  624.25118   40 1406  573.00000  633.20375  10.5%  1815  821s
  2248  1545  622.31740   43 1405  573.00000  633.20375  10.5%  1820  825s
  2254  1551  623.94382   46 1406  573.00000  633.20375  10.5%  1825  831s
  2261  1558  627.26785   50 1430  573.00000  633.20375  10.5%  1828  835s
  2268  1565  623.89979   53 1406  573.00000  633.20375  10.5%  1836  843s
  2272  1569  622.00865   55 1395  573.00000  633.20375  10.5%  1839  845s
  2280  1577  621.15777   59 1396  573.00000  633.20375  10.5%  1843  850s
  2288  1585  620.67933   63 1390  573.00000  633.20375  10.5%  1847  855s
  2294  1591  618.42896   66 1376  573.00000  633.20375  10.5%  1850  866s
  2304  1601  615.64797   71 1375  573.00000  633.20375  10.5%  1855  870s
  2308  1605  619.07492   73 1386  573.00000  633.20375  10.5%  1857  876s
  2316  1613  616.77250   77 1372  573.00000  633.20375  10.5%  1862  880s
  2326  1623  615.53745   82 1362  573.00000  633.20375  10.5%  1867  885s
  2335  1632  620.79669   87 1382  573.00000  633.20375  10.5%  1871  893s
  2340  1637  616.70118   89 1372  573.00000  633.20375  10.5%  1873  895s
  2353  1650  618.99803   96 1374  573.00000  633.20375  10.5%  1876  900s
  2362  1659  614.78155  100 1354  573.00000  633.20375  10.5%  1880  905s
  2377  1674  616.28970  108 1365  573.00000  633.20375  10.5%  1882  910s
  2389  1686  615.26884  114 1356  573.00000  633.20375  10.5%  1885  918s
  2394  1691  610.26711  116 1326  573.00000  633.20375  10.5%  1886  920s
  2416  1713  609.35125  127 1326  573.00000  633.20375  10.5%  1887  927s
  2428  1725  606.84583  133 1321  573.00000  633.20375  10.5%  1887  930s
  2443  1740  609.26120  141 1320  573.00000  633.20375  10.5%  1885  940s
  2456  1753  605.12889  147 1297  573.00000  633.20375  10.5%  1884  945s
  2478  1775  603.58861  158 1293  573.00000  633.20375  10.5%  1881  950s
  2497  1794  602.54846  168 1283  573.00000  633.20375  10.5%  1876  959s
  2502  1799  600.31142  170 1265  573.00000  633.20375  10.5%  1875  960s
  2532  1829  596.43582  185 1249  573.00000  633.20375  10.5%  1866  965s
  2614  1911  584.20114  226 1200  573.00000  633.20375  10.5%  1831  970s
  2714  1984  616.33368   20 1386  573.00000  633.19013  10.5%  1782  977s
  2718  1988  624.06703   22 1423  573.00000  633.19013  10.5%  1787  981s
  2722  1992  629.82136   24 1446  573.00000  633.19013  10.5%  1790  985s
  2728  1998  624.69795   27 1425  573.00000  633.19013  10.5%  1796  991s
  2732  2002  627.69069   29 1438  573.00000  633.19013  10.5%  1800 1009s
  2734  2004  624.44232   30 1433  573.00000  633.19013  10.5%  1802 1011s
  2738  2008  621.79658   32 1412  573.00000  633.19013  10.5%  1807 1015s
  2744  2014  626.47208   35 1432  573.00000  633.19013  10.5%  1813 1020s
  2749  2019  629.82045   38 1453  573.00000  633.19013  10.5%  1815 1025s
  2754  2024  622.62754   40 1417  573.00000  633.19013  10.5%  1820 1030s
  2762  2032  622.89010   44 1414  573.00000  633.19013  10.5%  1826 1035s
  2770  2040  619.34814   48 1404  573.00000  633.19013  10.5%  1831 1041s
  2776  2046  621.90510   51 1404  573.00000  633.19013  10.5%  1835 1046s
  2782  2052  622.63116   54 1409  573.00000  633.19013  10.5%  1838 1050s
  2790  2060  622.46636   58 1403  573.00000  633.19013  10.5%  1843 1055s
  2798  2068  623.27399   62 1398  573.00000  633.19013  10.5%  1848 1060s
  2803  2073  625.18509   65 1417  573.00000  633.19013  10.5%  1850 1066s
  2808  2078  618.19798   67 1381  573.00000  633.19013  10.5%  1854 1070s
  2816  2086  616.89718   71 1388  573.00000  633.19013  10.5%  1857 1075s
  2825  2095  623.21647   76 1402  573.00000  633.19013  10.5%  1861 1080s
  2835  2105  622.08338   81 1405  573.00000  633.19013  10.5%  1866 1085s
  2846  2116  618.54434   86 1384  573.00000  633.19013  10.5%  1870 1090s
  2858  2128  617.34728   92 1374  573.00000  633.19013  10.5%  1873 1095s
  2870  2140  612.81073   98 1352  573.00000  633.19013  10.5%  1878 1100s
  2882  2152  608.44829  104 1320  573.00000  633.19013  10.5%  1882 1105s
  2894  2164  612.97351  110 1353  573.00000  633.19013  10.5%  1885 1110s
  2910  2180  604.17662  118 1306  573.00000  633.19013  10.5%  1887 1115s
  2914  2184  610.87391  120 1334  573.00000  633.19013  10.5%  1888 1129s
  2918  2188  609.97962  122 1333  573.00000  633.19013  10.5%  1888 1130s
  2936  2206  610.62821  131 1319  573.00000  633.19013  10.5%  1890 1135s
  2960  2230  607.43526  143 1311  573.00000  633.19013  10.5%  1889 1140s
  2990  2260  604.03150  158 1290  573.00000  633.19013  10.5%  1885 1145s
  3010  2280  600.75037  168 1281  573.00000  633.19013  10.5%  1882 1150s
  3054  2324  592.65805  190 1246  573.00000  633.19013  10.5%  1870 1155s
  3123  2393  588.52251  225 1235  573.00000  633.19013  10.5%  1845 1160s
  3235  2478  631.81238   19 1469  573.00000  633.17877  10.5%  1796 1165s
  3240  2483  624.36999   21 1424  573.00000  633.17877  10.5%  1802 1170s
  3246  2489  625.07007   24 1430  573.00000  633.17877  10.5%  1807 1175s
  3252  2495  621.24623   27 1406  573.00000  633.17877  10.5%  1813 1181s
  3256  2499  615.90271   29 1377  573.00000  633.17877  10.5%  1817 1185s
  3262  2505  627.35802   32 1433  573.00000  633.17877  10.5%  1821 1190s
  3270  2513  621.93983   36 1410  573.00000  633.17877  10.5%  1826 1196s
  3276  2519  620.77276   39 1405  573.00000  633.17877  10.5%  1829 1200s
  3283  2526  628.54036   43 1443  573.00000  633.17877  10.5%  1833 1205s
  3292  2535  622.71954   47 1406  573.00000  633.17877  10.5%  1838 1211s
  3298  2541  620.32557   50 1393  573.00000  633.17877  10.5%  1843 1215s
  3306  2549  624.07806   54 1412  573.00000  633.17877  10.5%  1847 1220s
  3314  2557  617.92399   58 1371  573.00000  633.17877  10.5%  1851 1226s
  3321  2564  625.17179   62 1420  573.00000  633.17877  10.5%  1853 1230s
  3331  2574  624.30895   67 1418  573.00000  633.17877  10.5%  1857 1235s
  3340  2583  618.63892   71 1381  573.00000  633.17877  10.5%  1861 1240s
  3350  2593  618.64947   76 1382  573.00000  633.17877  10.5%  1865 1245s
  3360  2603  617.72768   81 1379  573.00000  633.17877  10.5%  1870 1250s
  3372  2615  614.94993   87 1357  573.00000  633.17877  10.5%  1873 1255s
  3386  2629  615.14712   94 1368  573.00000  633.17877  10.5%  1876 1260s
  3399  2642  617.74762  101 1363  573.00000  633.17877  10.5%  1878 1265s
  3414  2657  611.27862  108 1337  573.00000  633.17877  10.5%  1881 1270s
  3428  2671  612.88407  115 1341  573.00000  633.17877  10.5%  1884 1275s
  3444  2687  606.24060  123 1299  573.00000  633.17877  10.5%  1886 1280s
  3464  2707  609.44640  133 1320  573.00000  633.17877  10.5%  1887 1285s
  3487  2730  608.48908  145 1318  573.00000  633.17877  10.5%  1885 1290s
  3518  2761  600.36225  160 1249  573.00000  633.17877  10.5%  1882 1295s
  3558  2801  596.05809  180 1257  573.00000  633.17877  10.5%  1875 1300s
  3597  2840  593.02948  200 1244  573.00000  633.17877  10.5%  1865 1305s
  3678  2919  580.77100  240 1176  573.00000  633.17877  10.5%  1840 1310s
  3737  2962  616.33990   19 1388  573.00000  633.10404  10.5%  1822 1315s
  3743  2968  623.93955   22 1431  573.00000  633.10404  10.5%  1827 1321s
  3747  2972  626.36430   24 1440  573.00000  633.10404  10.5%  1830 1326s
  3751  2976  624.81621   26 1433  573.00000  633.10404  10.5%  1833 1330s
  3757  2982  623.79098   29 1429  573.00000  633.10404  10.5%  1837 1335s
  3763  2988  625.64681   32 1432  573.00000  633.10404  10.5%  1840 1341s
  3767  2992  626.30397   34 1424  573.00000  633.10404  10.5%  1843 1345s
  3772  2997  630.25136   37 1460  573.00000  633.10404  10.5%  1846 1350s
  3777  3002  620.91494   39 1408  573.00000  633.10404  10.5%  1850 1355s
  3783  3008  623.11373   42 1422  573.00000  633.10404  10.5%  1854 1361s
  3789  3014  624.34074   45 1425  573.00000  633.10404  10.5%  1857 1365s
  3795  3020  623.65106   48 1420  573.00000  633.10404  10.5%  1861 1370s
  3801  3026  622.30337   51 1407  573.00000  633.10404  10.5%  1864 1376s
  3807  3032  624.79663   54 1421  573.00000  633.10404  10.5%  1867 1380s
  3815  3040  623.20508   58 1410  573.00000  633.10404  10.5%  1870 1385s
  3823  3048  623.24548   62 1410  573.00000  633.10404  10.5%  1872 1390s
  3826  3051  625.29145   64 1430  573.00000  633.10404  10.5%  1873 1397s
  3831  3056  621.01809   66 1401  573.00000  633.10404  10.5%  1875 1400s
  3839  3064  619.55075   70 1395  573.00000  633.10404  10.5%  1878 1405s
  3847  3072  616.26443   74 1378  573.00000  633.10404  10.5%  1881 1410s
  3857  3082  619.18689   79 1384  573.00000  633.10404  10.5%  1884 1415s
  3867  3092  613.45666   84 1358  573.00000  633.10404  10.5%  1888 1420s
  3877  3102  617.09459   89 1382  573.00000  633.10404  10.5%  1891 1425s
  3883  3108  618.30993   92 1375  573.00000  633.10404  10.5%  1893 1442s
  3891  3116  615.95567   96 1368  573.00000  633.10404  10.5%  1894 1445s
  3904  3129  617.74312  103 1380  573.00000  633.10404  10.5%  1896 1450s
  3917  3142  606.27461  109 1327  573.00000  633.10404  10.5%  1899 1455s
  3931  3156  606.14674  116 1314  573.00000  633.10404  10.5%  1901 1460s
  3947  3172  605.26058  124 1320  573.00000  633.10404  10.5%  1903 1465s
  3953  3178  609.58036  127 1333  573.00000  633.10404  10.5%  1904 1470s
  3973  3198  609.63690  137 1331  573.00000  633.10404  10.5%  1905 1475s
  3993  3218  597.32893  147 1287  573.00000  633.10404  10.5%  1905 1480s
  4008  3233  606.54226  155 1316  573.00000  633.10404  10.5%  1904 1485s
  4031  3256  600.97867  166 1288  573.00000  633.10404  10.5%  1903 1490s
  4074  3299  598.74948  188 1276  573.00000  633.10404  10.5%  1895 1495s
  4135  3360  576.42254  218 1168  573.00000  633.10404  10.5%  1881 1500s
  4247  3447  631.65040   20 1462  573.00000  633.10378  10.5%  1847 1505s
  4251  3451  624.22093   22 1423  573.00000  633.10378  10.5%  1850 1510s
  4257  3457  622.55651   25 1417  573.00000  633.10378  10.5%  1854 1515s
  4263  3463  623.95535   28 1422  573.00000  633.10378  10.5%  1857 1520s
  4270  3470  629.79492   32 1447  573.00000  633.10378  10.5%  1860 1525s
  4276  3476  629.55523   35 1449  573.00000  633.10378  10.5%  1863 1539s
  4277  3477  619.24298   35 1390  573.00000  633.10378  10.5%  1865 1541s
  4283  3483  623.15822   38 1414  573.00000  633.10378  10.5%  1868 1546s
  4289  3489  623.19936   41 1410  573.00000  633.10378  10.5%  1871 1550s
  4297  3497  621.42028   45 1407  573.00000  633.10378  10.5%  1875 1555s
  4306  3506  626.55499   50 1434  573.00000  633.10378  10.5%  1878 1560s
  4315  3515  621.93473   54 1404  573.00000  633.10378  10.5%  1881 1565s
  4325  3525  619.81139   59 1390  573.00000  633.10378  10.5%  1884 1570s
  4335  3535  620.06694   64 1394  573.00000  633.10378  10.5%  1887 1575s
  4345  3545  619.09742   69 1385  573.00000  633.10378  10.5%  1891 1580s
  4357  3557  618.99878   75 1385  573.00000  633.10378  10.5%  1894 1585s
  4367  3567  616.89949   80 1373  573.00000  633.10378  10.5%  1897 1590s
  4379  3579  615.18039   86 1368  573.00000  633.10378  10.5%  1900 1595s
  4391  3591  611.86924   92 1352  573.00000  633.10378  10.5%  1903 1600s
  4405  3605  613.59922   99 1360  573.00000  633.10378  10.5%  1905 1605s
  4419  3619  612.76668  106 1357  573.00000  633.10378  10.5%  1907 1610s
  4433  3633  612.39732  113 1339  573.00000  633.10378  10.5%  1909 1615s
  4449  3649  609.13375  121 1332  573.00000  633.10378  10.5%  1911 1620s
  4471  3671  608.10357  132 1320  573.00000  633.10378  10.5%  1911 1625s
  4495  3695  600.59387  144 1291  573.00000  633.10378  10.5%  1911 1630s
  4533  3733  602.51181  163 1288  573.00000  633.10378  10.5%  1907 1635s
  4577  3777  596.75593  185 1257  573.00000  633.10378  10.5%  1900 1640s
  4666  3866  584.55561  230 1182  573.00000  633.10378  10.5%  1878 1645s
  4778  3954  629.22067   44 1444  573.00000  633.08836  10.5%  1846 1650s
  4828  4004  618.84829   90 1382  573.00000  633.08836  10.5%  1836 1655s
  4859  4035  614.97162  120 1361  573.00000  633.08836  10.5%  1831 1660s
  4888  4064  609.06281  137 1319  573.00000  633.08836  10.5%  1830 1665s
  4897  4073  606.95817  142 1314  573.00000  633.08836  10.5%  1829 1678s
  4918  4094  605.65477  160 1297  573.00000  633.08836  10.5%  1825 1680s
  4962  4138  599.28862  186 1265  573.00000  633.08836  10.5%  1818 1685s
  5020  4196  593.44489  207 1239  573.00000  633.08836  10.5%  1806 1690s
  5142  4318  583.02128  235 1171  573.00000  633.08836  10.5%  1776 1695s
  5336  4486  631.91968   27 1472  573.00000  633.08659  10.5%  1722 1700s
  5368  4518  624.47213   56 1420  573.00000  633.08659  10.5%  1719 1705s
  5425  4575  616.28265  115 1371  573.00000  633.08659  10.5%  1709 1710s
  5463  4613  609.61828  146 1327  573.00000  633.08659  10.5%  1704 1715s
  5497  4647  604.18697  162 1288  573.00000  633.08659  10.5%  1703 1720s
  5552  4702  597.05646  197 1249  573.00000  633.08659  10.5%  1695 1725s
  5631  4781  588.53260  224 1231  573.00000  633.08659  10.5%  1681 1730s
  5749  4899  579.44966  247 1140  573.00000  633.08659  10.5%  1657 1735s
  5881  5015  630.73410   30 1457  573.00000  632.71688  10.4%  1627 1740s
  5917  5051  625.12425   66 1421  573.00000  632.71688  10.4%  1623 1745s
  5947  5081  617.63349   89 1372  573.00000  632.71688  10.4%  1621 1750s
  5968  5102  613.49889  104 1354  573.00000  632.71688  10.4%  1622 1755s
  5993  5127  609.81193  125 1332  573.00000  632.71688  10.4%  1620 1760s
  6012  5146  608.40095  141 1330  573.00000  632.71688  10.4%  1619 1765s
  6063  5197  600.44539  177 1260  573.00000  632.71688  10.4%  1612 1770s
  6127  5261  591.07085  195 1213  573.00000  632.71688  10.4%  1604 1775s
  6249  5383  581.67778  235 1104  573.00000  632.71688  10.4%  1582 1780s
  6435  5538  631.55112   23 1464  573.00000  632.71578  10.4%  1545 1785s
  6466  5569  626.94078   54 1433  573.00000  632.71578  10.4%  1542 1790s
  6510  5613  618.01395   98 1378  573.00000  632.71578  10.4%  1538 1795s
  6547  5650  609.69839  124 1339  573.00000  632.71578  10.4%  1535 1800s
  6587  5690  603.24960  151 1299  573.00000  632.71578  10.4%  1534 1805s
  6647  5750  597.04582  186 1254  573.00000  632.71578  10.4%  1528 1810s
  6747  5850  587.07890  219 1193  573.00000  632.71578  10.4%  1514 1815s
  6930  6033  574.91714  259 1115  573.00000  632.71578  10.4%  1484 1820s
  6982  6067  630.38999   35 1460  573.00000  632.65368  10.4%  1477 1826s
  7000  6085  627.47396   53 1439  573.00000  632.65368  10.4%  1475 1830s
  7014  6099  624.81607   67 1423  573.00000  632.65368  10.4%  1474 1839s
  7015  6100  624.69508   68 1420  573.00000  632.65368  10.4%  1474 1846s
  7035  6120  621.01923   87 1402  573.00000  632.65368  10.4%  1473 1862s
  7062  6147  616.52337  113 1364  573.00000  632.65368  10.4%  1471 1865s
  7093  6178  609.85259  133 1327  573.00000  632.65368  10.4%  1470 1870s
  7138  6223  604.26990  168 1301  573.00000  632.65368  10.4%  1468 1875s
  7202  6287  595.40166  201 1252  573.00000  632.65368  10.4%  1462 1880s
  7332  6417  583.55794  237 1157  573.00000  632.65368  10.4%  1445 1885s
  7496  6547  615.52735   21 1384  573.00000  632.56662  10.4%  1420 1891s
  7540  6591  603.91271   61 1328  573.00000  632.56662  10.4%  1417 1895s
  7589  6640  597.36136  101 1286  573.00000  632.56662  10.4%  1413 1900s
  7680  6731  583.42250  164 1190  573.00000  632.56662  10.4%  1405 1905s
  7782  6811  624.95433   23 1429  573.00000  632.54793  10.4%  1393 1910s
  7827  6856  616.45335   68 1374  573.00000  632.54793  10.4%  1390 1915s
  7877  6906  606.83802  113 1335  573.00000  632.54793  10.4%  1386 1920s
  7942  6971  595.64069  163 1239  573.00000  632.54793  10.4%  1381 1925s
  8020  7049  585.13749  196 1222  573.00000  632.54793  10.4%  1374 1930s
  8160  7167  615.10206   23 1388  573.00000  632.48226  10.4%  1358 1936s
  8206  7213  606.69743   69 1342  573.00000  632.48226  10.4%  1354 1940s
  8271  7278  593.00416  122 1259  573.00000  632.48226  10.4%  1350 1945s
  8347  7354  580.75758  166 1145  573.00000  632.48226  10.4%  1344 1950s
  8431  7422  619.71382   26 1404  573.00000  632.43278  10.4%  1337 1955s
  8462  7453  592.73992   57 1272  573.00000  632.43278  10.4%  1336 1960s
  8517  7498  628.49849   41 1449  573.00000  632.43049  10.4%  1332 1965s
  8557  7538  621.68148   81 1399  573.00000  632.43049  10.4%  1329 1970s
  8590  7571  614.15988  114 1361  573.00000  632.43049  10.4%  1328 1975s
  8676  7657  593.59627  200 1262  573.00000  632.43049  10.4%  1320 1980s
  8759  7717  624.65423   28 1427  573.00000  632.37777  10.4%  1312 1986s
  8764  7722  631.11533   31 1464  573.00000  632.37777  10.4%  1314 1990s
  8769  7727  626.05142   33 1433  573.00000  632.37777  10.4%  1316 1995s
  8775  7733  625.11203   36 1423  573.00000  632.37777  10.4%  1318 2000s
  8781  7739  623.47232   39 1427  573.00000  632.37777  10.4%  1320 2005s
  8788  7746  629.57709   43 1454  573.00000  632.37777  10.4%  1322 2010s
  8793  7751  622.18247   45 1416  573.00000  632.37777  10.4%  1324 2016s
  8801  7759  619.16115   49 1395  573.00000  632.37777  10.4%  1327 2021s
  8809  7767  621.08444   53 1404  573.00000  632.37777  10.4%  1329 2026s
  8817  7775  622.43977   57 1404  573.00000  632.37777  10.4%  1331 2030s
  8820  7778  626.56625   59 1435  573.00000  632.37777  10.4%  1331 2035s
  8827  7785  621.95516   62 1413  573.00000  632.37777  10.4%  1333 2040s
  8837  7795  621.67889   67 1394  573.00000  632.37777  10.4%  1336 2045s
  8845  7803  611.05055   71 1348  573.00000  632.37777  10.4%  1338 2050s
  8855  7813  618.29042   76 1389  573.00000  632.37777  10.4%  1340 2055s
  8865  7823  620.74804   81 1393  573.00000  632.37777  10.4%  1342 2060s
  8876  7834  622.00484   87 1407  573.00000  632.37777  10.4%  1344 2065s
  8887  7845  606.84108   92 1332  573.00000  632.37777  10.4%  1347 2070s
  8901  7859  616.28390   99 1367  573.00000  632.37777  10.4%  1348 2075s
  8915  7873  612.84029  106 1353  573.00000  632.37777  10.4%  1351 2080s
  8917  7875  616.45599  107 1367  573.00000  632.37777  10.4%  1351 2086s
  8930  7888  615.79935  114 1370  573.00000  632.37777  10.4%  1352 2090s
  8949  7907  610.50420  123 1342  573.00000  632.37777  10.4%  1354 2095s
  8969  7927  608.84103  133 1331  573.00000  632.37777  10.4%  1356 2100s
  8987  7945  606.86277  142 1319  573.00000  632.37777  10.4%  1358 2105s
  9017  7975  604.27181  157 1276  573.00000  632.37777  10.4%  1359 2110s
  9035  7993  601.21830  166 1291  573.00000  632.37777  10.4%  1359 2115s
  9079  8037  597.33738  188 1264  573.00000  632.37777  10.4%  1359 2120s
  9155  8113  575.32029  226 1196  573.00000  632.37777  10.4%  1355 2125s
  9256  8194  627.66159   25 1443  573.00000  632.33712  10.4%  1347 2130s
  9298  8236  619.86660   67 1389  573.00000  632.33712  10.4%  1345 2135s
  9369  8307  604.36719  138 1309  573.00000  632.33712  10.4%  1340 2140s
  9509  8408  630.20518   26 1463  573.00000  632.33636  10.4%  1325 2145s
  9547  8446  623.53329   64 1420  573.00000  632.33636  10.4%  1324 2150s
  9602  8501  612.16910  119 1356  573.00000  632.33636  10.4%  1321 2155s
  9730  8595  631.59161   25 1469  573.00000  632.32197  10.4%  1309 2160s
  9757  8622  627.29904   52 1441  573.00000  632.32197  10.4%  1308 2165s
  9804  8669  618.20545   99 1381  573.00000  632.32197  10.4%  1306 2170s
  9851  8716  608.68548  136 1327  573.00000  632.32197  10.4%  1305 2175s
  9881  8746  602.80598  160 1305  573.00000  632.32197  10.4%  1304 2186s
  9933  8798  595.92325  196 1242  573.00000  632.32197  10.4%  1301 2190s
 10025  8890  586.78693  218 1201  573.00000  632.32197  10.4%  1294 2195s
 10203  9067  582.77124  237 1486  573.00000  632.32197  10.4%  1279 3078s
 10206  9069  596.77709  159 1485  573.00000  632.32197  10.4%  1279 3086s
 10207  9070  581.65000  236 1490  573.00000  630.41140  10.0%  1279 3090s
 10215  9075  576.63364  251 1493  573.00000  628.51167  9.69%  1278 3111s
 10216  9076  579.81424  248 1492  573.00000  628.41416  9.67%  1278 3128s
 10219  9078  580.98945  168 1494  573.00000  628.38426  9.67%  1277 3149s
 10220  9078  620.78912   63 1491  573.00000  628.01985  9.60%  1277 3165s
 10225  9082  618.00773   99 1494  573.00000  627.87040  9.58%  1277 3187s
 10226  9082  609.17114  119 1490  573.00000  627.69837  9.55%  1277 3206s
 10230  9085  591.01010  208 1492  573.00000  627.61990  9.53%  1276 3228s
 10231  9086  616.30465   95 1493  573.00000  627.49883  9.51%  1276 3247s
 10235  9088  625.65024   65 1492  573.00000  627.41829  9.50%  1275 3271s
 10236  9089  625.64959   22 1489  573.00000  627.27456  9.47%  1275 3290s
 10240  9092  589.04393  221 1491  573.00000  627.18540  9.46%  1275 3308s
 10241  9092  582.47865  161 1491  573.00000  627.04549  9.43%  1275 3325s
 10246  9096  584.45274  228 1491  573.00000  626.96368  9.42%  1274 3344s
 10247  9096  626.85867   50 1488  573.00000  626.85867  9.40%  1274 3362s
 10250  9098  588.38152  219 1492  573.00000  626.82628  9.39%  1274 3382s
 10251  9099  623.95335   29 1488  573.00000  626.73620  9.38%  1273 3402s
 10254  9101  622.74075   73 1490  573.00000  626.70684  9.37%  1273 3424s
 10255  9102  576.70506  269 1490  573.00000  626.67491  9.37%  1273 3446s
 10257  9103  623.10130   43 1491  573.00000  626.65857  9.36%  1273 3467s
 10258  9104  616.77248   78 1491  573.00000  626.64756  9.36%  1273 3490s
 10260  9105  615.23237  104 1492  573.00000  626.63010  9.36%  1272 3510s
 10261  9106  583.11878  232 1493  573.00000  626.61836  9.36%  1272 3531s
 10263  9107  600.73040  175 1494  573.00000  626.61291  9.36%  1272 3555s
 10264  9108  623.19730   42 1494  573.00000  626.60866  9.36%  1272 3577s
 10265  9108  620.88834   60 1494  573.00000  626.60696  9.36%  1272 3599s

Cutting planes:
  Gomory: 11
  MIR: 1
  Flow cover: 79
  Zero half: 615
  RLT: 183
  BQP: 24

Explored 10265 nodes (13267673 simplex iterations) in 3600.13 seconds (4780.47 work units)
Thread count was 1 (of 24 available processors)

Solution count 10: 573 572 571 ... 563

Time limit reached
Best objective 5.730000000000e+02, best bound 6.260000000000e+02, gap 9.2496%

User-callback calls 185332, time in user-callback 1.26 sec
