
Gurobi 11.0.3 (linux64) logging started Thu Mar  5 18:04:10 2026

Set parameter LogFile to value "./log/train/IS_1500_6/IS_46.lp.log"
Set parameter TimeLimit to value 3600
Gurobi Optimizer version 11.0.3 build v11.0.3rc0 (linux64 - "Ubuntu 22.04.5 LTS")

CPU model: AMD Ryzen 9 9900X 12-Core Processor, instruction set [SSE2|AVX|AVX2|AVX512]
Thread count: 12 physical cores, 24 logical processors, using up to 2 threads

Optimize a model with 9187 rows, 1500 columns and 18110 nonzeros
Model fingerprint: 0xce7eb890
Variable types: 0 continuous, 1500 integer (1500 binary)
Coefficient statistics:
  Matrix range     [1e+00, 1e+00]
  Objective range  [1e+00, 1e+00]
  Bounds range     [1e+00, 1e+00]
  RHS range        [1e+00, 1e+00]
Found heuristic solution: objective 337.0000000
Presolve removed 1744 rows and 0 columns
Presolve time: 0.03s
Presolved: 7443 rows, 1500 columns, 16244 nonzeros
Variable types: 0 continuous, 1500 integer (1500 binary)

Root relaxation: objective 6.867500e+02, 3755 iterations, 0.15 seconds (0.25 work units)

    Nodes    |    Current Node    |     Objective Bounds      |     Work
 Expl Unexpl |  Obj  Depth IntInf | Incumbent    BestBd   Gap | It/Node Time

     0     0  686.75000    0 1351  337.00000  686.75000   104%     -    0s
H    0     0                     521.0000000  686.75000  31.8%     -    0s
     0     0  668.78662    0 1480  521.00000  668.78662  28.4%     -    1s
     0     0  662.21196    0 1485  521.00000  662.21196  27.1%     -    2s
H    0     0                     542.0000000  662.21196  22.2%     -    2s
     0     0  661.55610    0 1487  542.00000  661.55610  22.1%     -    2s
     0     0  661.46480    0 1486  542.00000  661.46480  22.0%     -    2s
     0     0  661.44958    0 1486  542.00000  661.44958  22.0%     -    2s
     0     0  661.43910    0 1486  542.00000  661.43910  22.0%     -    2s
     0     0  661.43729    0 1485  542.00000  661.43729  22.0%     -    2s
     0     0  655.74295    0 1483  542.00000  655.74295  21.0%     -    3s
     0     0  655.51805    0 1480  542.00000  655.51805  20.9%     -    3s
     0     0  655.49031    0 1481  542.00000  655.49031  20.9%     -    3s
     0     0  655.48357    0 1479  542.00000  655.48357  20.9%     -    3s
     0     0  653.08026    0 1485  542.00000  653.08026  20.5%     -    3s
H    0     0                     545.0000000  653.08026  19.8%     -    3s
     0     0  652.68094    0 1485  545.00000  652.68094  19.8%     -    3s
     0     0  652.62090    0 1488  545.00000  652.62090  19.7%     -    4s
     0     0  652.61094    0 1489  545.00000  652.61094  19.7%     -    4s
     0     0  652.60187    0 1489  545.00000  652.60187  19.7%     -    4s
     0     0  652.60101    0 1489  545.00000  652.60101  19.7%     -    4s
     0     0  650.67945    0 1485  545.00000  650.67945  19.4%     -    4s
     0     0  650.42010    0 1482  545.00000  650.42010  19.3%     -    4s
     0     0  650.34911    0 1482  545.00000  650.34911  19.3%     -    4s
     0     0  650.34115    0 1483  545.00000  650.34115  19.3%     -    4s
     0     0  648.87204    0 1485  545.00000  648.87204  19.1%     -    5s
     0     0  648.70941    0 1483  545.00000  648.70941  19.0%     -    5s
     0     0  648.69757    0 1484  545.00000  648.69757  19.0%     -    5s
     0     0  647.19410    0 1486  545.00000  647.19410  18.8%     -    6s
     0     0  647.07999    0 1482  545.00000  647.07999  18.7%     -    6s
     0     0  647.06514    0 1484  545.00000  647.06514  18.7%     -    6s
     0     0  647.05499    0 1484  545.00000  647.05499  18.7%     -    6s
     0     0  646.03288    0 1478  545.00000  646.03288  18.5%     -    6s
H    0     0                     546.0000000  646.03288  18.3%     -    6s
H    0     0                     548.0000000  646.03288  17.9%     -    6s
     0     0  645.87765    0 1481  548.00000  645.87765  17.9%     -    6s
     0     0  645.85896    0 1481  548.00000  645.85896  17.9%     -    6s
     0     0  645.85100    0 1482  548.00000  645.85100  17.9%     -    6s
     0     0  644.55680    0 1483  548.00000  644.55680  17.6%     -    7s
     0     0  644.41558    0 1483  548.00000  644.41558  17.6%     -    7s
     0     0  644.37671    0 1485  548.00000  644.37671  17.6%     -    7s
     0     0  644.36910    0 1486  548.00000  644.36910  17.6%     -    7s
     0     0  643.09062    0 1481  548.00000  643.09062  17.4%     -    8s
H    0     0                     551.0000000  643.09062  16.7%     -    8s
     0     0  642.95095    0 1487  551.00000  642.95095  16.7%     -    8s
     0     0  642.92542    0 1488  551.00000  642.92542  16.7%     -    8s
     0     0  642.91673    0 1488  551.00000  642.91673  16.7%     -    8s
     0     0  642.10463    0 1488  551.00000  642.10463  16.5%     -    8s
     0     0  641.95225    0 1487  551.00000  641.95225  16.5%     -    8s
     0     0  641.93374    0 1487  551.00000  641.93374  16.5%     -    8s
     0     0  641.92712    0 1487  551.00000  641.92712  16.5%     -    8s
     0     0  641.50737    0 1487  551.00000  641.50737  16.4%     -    9s
     0     0  641.43490    0 1486  551.00000  641.43490  16.4%     -    9s
     0     0  641.41888    0 1487  551.00000  641.41888  16.4%     -    9s
     0     0  641.00101    0 1488  551.00000  641.00101  16.3%     -    9s
     0     0  640.91265    0 1488  551.00000  640.91265  16.3%     -    9s
     0     0  640.90138    0 1488  551.00000  640.90138  16.3%     -    9s
     0     0  640.65857    0 1488  551.00000  640.65857  16.3%     -   10s
H    0     0                     553.0000000  640.65857  15.9%     -   10s
     0     0  640.62271    0 1488  553.00000  640.62271  15.8%     -   10s
     0     0  640.61648    0 1488  553.00000  640.61648  15.8%     -   10s
     0     0  640.29025    0 1488  553.00000  640.29025  15.8%     -   10s
     0     0  640.23544    0 1490  553.00000  640.23544  15.8%     -   10s
     0     0  640.23243    0 1490  553.00000  640.23243  15.8%     -   10s
     0     0  640.05450    0 1485  553.00000  640.05450  15.7%     -   10s
     0     0  640.02198    0 1492  553.00000  640.02198  15.7%     -   10s
     0     0  640.01899    0 1492  553.00000  640.01899  15.7%     -   10s
     0     0  639.80626    0 1488  553.00000  639.80626  15.7%     -   11s
     0     0  639.76871    0 1489  553.00000  639.76871  15.7%     -   11s
     0     0  639.75717    0 1491  553.00000  639.75717  15.7%     -   11s
     0     0  639.62592    0 1486  553.00000  639.62592  15.7%     -   11s
     0     0  639.62592    0 1485  553.00000  639.62592  15.7%     -   11s
H    0     0                     556.0000000  639.62592  15.0%     -   12s
H    0     0                     558.0000000  639.62592  14.6%     -   12s
     0     2  639.62592    0 1484  558.00000  639.62592  14.6%     -   12s
     5     8  632.61989    2 1446  558.00000  639.40867  14.6%  4651   15s
    22    26  625.68917    9 1416  558.00000  639.40448  14.6%  2881   20s
    36    39  611.46406   13 1349  558.00000  639.40448  14.6%  2432   29s
    38    42  605.06420   13 1318  558.00000  639.40448  14.6%  2440   30s
H   54    60                     559.0000000  639.40448  14.4%  2168   32s
    75    78  561.51570   29 1100  559.00000  639.40448  14.4%  1973   35s
   104    93  623.62147    9 1405  559.00000  639.25802  14.4%  1965   40s
H  118   111                     563.0000000  639.25802  13.5%  2041   42s
   145   143  589.66840   22 1264  563.00000  639.25802  13.5%  1984   45s
H  150   143                     565.0000000  639.25802  13.1%  1948   45s
H  180   163                     567.0000000  639.25802  12.7%  1801   45s
H  231   178                     568.0000000  639.04116  12.5%  1534   48s
H  243   176                     569.0000000  639.04078  12.3%  1469   48s
   253   193  618.67326   10 1378  569.00000  639.04078  12.3%  1533   51s
   296   241  598.31567   35 1263  569.00000  639.04078  12.3%  1553   55s
   363   306  571.55574   73 1126  569.00000  638.88861  12.3%  1467   60s
H  434   339                     570.0000000  638.88725  12.1%  1391   64s
   457   343  637.66848   20 1461  570.00000  638.88725  12.1%  1353   65s
H  487   375                     571.0000000  638.88725  11.9%  1398   70s
   564   420  615.78358   40 1355  571.00000  638.88725  11.9%  1369   75s
H  589   446                     573.0000000  638.88725  11.5%  1403   79s
   607   474  614.28989   52 1344  573.00000  638.88725  11.5%  1414   81s
H  635   503                     575.0000000  638.88725  11.1%  1409   83s
H  696   511                     576.0000000  638.88725  10.9%  1350   87s
   745   534  621.95045   13 1387  576.00000  638.70526  10.9%  1359   92s
H  759   548                     577.0000000  638.70526  10.7%  1386   94s
   790   574     cutoff   30       577.00000  638.44300  10.6%  1396   98s
   868   587  631.76847   12 1441  577.00000  638.44300  10.6%  1340  101s
   902   588  581.00000   25 1485  577.00000  638.44300  10.6%  1335  114s
   904   589  604.03615   70 1351  577.00000  638.44300  10.6%  1332  115s
   905   590  592.55126   22 1488  577.00000  638.44300  10.6%  1330  121s
   911   594  626.37510   16 1487  577.00000  638.44300  10.6%  1321  128s
   912   595  585.32007   43 1487  577.00000  638.44300  10.6%  1320  131s
   914   596  620.51815   16 1489  577.00000  638.44300  10.6%  1317  136s
   915   597  590.07184   38 1490  577.00000  638.44300  10.6%  1316  141s
   917   598  623.00981    8 1490  577.00000  638.44300  10.6%  1313  146s
   918   599  623.77021   17 1488  577.00000  638.44300  10.6%  1311  150s
   919   599  605.87408   31 1489  577.00000  638.44300  10.6%  1310  155s
   921   601  581.46457   31 1488  577.00000  638.44300  10.6%  1307  164s
   922   601  608.79385   13 1489  577.00000  638.44300  10.6%  1306  169s
   923   602  611.23742   18 1488  577.00000  638.44300  10.6%  1304  173s
   924   603  638.24019   16 1488  577.00000  638.44300  10.6%  1303  182s
   929   609  636.97459   17 1474  577.00000  638.44300  10.6%  1362  185s
   949   623  637.35692   22 1484  577.00000  637.93697  10.6%  1383  190s
   974   640  635.89542   28 1470  577.00000  637.93697  10.6%  1404  195s
   998   657  634.43506   34 1465  577.00000  637.93697  10.6%  1430  200s
  1020   672  632.92103   39 1457  577.00000  637.93697  10.6%  1459  206s
  1041   689  631.29772   44 1443  577.00000  637.93697  10.6%  1485  210s
  1071   710  629.19065   51 1438  577.00000  637.93697  10.6%  1504  215s
  1096   731  627.47725   57 1427  577.00000  637.93697  10.6%  1528  220s
  1125   748  625.97505   64 1420  577.00000  637.93697  10.6%  1561  225s
  1147   763  625.54426   68 1413  577.00000  637.93697  10.6%  1580  230s
  1185   794  623.43540   76 1409  577.00000  637.93697  10.6%  1611  237s
  1201   806  622.61654   79 1400  577.00000  637.93697  10.6%  1619  240s
  1235   827  620.76292   86 1394  577.00000  637.93697  10.6%  1640  245s
  1267   850  619.00985   92 1387  577.00000  637.93697  10.6%  1663  250s
  1304   876  617.65895  100 1381  577.00000  637.93697  10.6%  1689  257s
  1323   892  617.08243  104 1370  577.00000  637.93697  10.6%  1706  260s
  1369   927  616.14994  112 1363  577.00000  637.93697  10.6%  1735  267s
  1396   950  615.16290  117 1359  577.00000  637.93697  10.6%  1746  270s
  1465  1016  613.64556  129 1342  577.00000  637.93697  10.6%  1763  278s
  1517  1067  612.18136  137 1335  577.00000  637.93697  10.6%  1759  282s
  1585  1129  610.67160  145 1330  577.00000  637.93697  10.6%  1742  287s
  1670  1183  609.50838  154 1317  577.00000  637.93697  10.6%  1706  291s
  1792  1196  606.06510  175 1281  577.00000  637.93697  10.6%  1657  298s
  1821  1228  605.15858  187 1268  577.00000  637.93697  10.6%  1665  303s
  1862  1271  598.95698  204 1217  577.00000  637.93697  10.6%  1667  307s
  1919  1350  595.65264  230 1179  577.00000  637.93697  10.6%  1654  311s
  2026  1324     cutoff  278       577.00000  637.56488  10.5%  1603  316s
  2052  1330  636.74894   24 1467  577.00000  637.56488  10.5%  1609  321s
  2066  1340  632.04086   27 1439  577.00000  637.56488  10.5%  1629  327s
  2081  1351  635.31481   31 1460  577.00000  637.56488  10.5%  1645  332s
  2097  1362  634.62596   35 1456  577.00000  637.56488  10.5%  1663  338s
  2113  1374  634.09652   39 1453  577.00000  637.56488  10.5%  1683  343s
  2131  1386  633.79024   43 1448  577.00000  637.56488  10.5%  1701  349s
  2149  1402  633.15958   47 1444  577.00000  637.56488  10.5%  1721  354s
  2171  1421  632.12438   52 1436  577.00000  637.56488  10.5%  1738  361s
  2197  1439  631.01657   58 1432  577.00000  637.56488  10.5%  1755  367s
  2224  1459  629.90144   64 1425  577.00000  637.56488  10.5%  1771  373s
  2253  1484  629.10663   71 1412  577.00000  637.56488  10.5%  1788  379s
  2287  1502  628.21590   79 1411  577.00000  637.56488  10.5%  1804  385s
  2317  1524  627.36220   86 1402  577.00000  637.56488  10.5%  1816  392s
  2349  1556  625.98988   94 1395  577.00000  637.56488  10.5%  1826  399s
  2391  1587  621.10382  104 1360  577.00000  637.56488  10.5%  1836  409s
  2436  1576  622.88040  114 1365  577.00000  637.56488  10.5%  1841  423s
  2440  1618  622.64346  115 1368  577.00000  637.56488  10.5%  1841  434s
  2484  1606  620.80896  126 1352  577.00000  637.56488  10.5%  1842  444s
  2486  1669  617.21213  126 1326  577.00000  637.56488  10.5%  1842  452s
  2550  1796  615.33973  138 1324  577.00000  637.56488  10.5%  1838  460s
  2698  1974  614.89774  165 1294  577.00000  637.56488  10.5%  1800  470s
  2941  2105  600.63804  216 1195  577.00000  637.48286  10.5%  1714  480s
  3095  2129  636.14152   26 1466  577.00000  637.48286  10.5%  1678  489s
  3119  2157  635.37484   32 1460  577.00000  637.48286  10.5%  1698  498s
  3147  2188  634.24265   39 1450  577.00000  637.48286  10.5%  1720  508s
  3178  2207  628.49645   46 1415  577.00000  637.48286  10.5%  1741  524s
  3197  2243  632.49507   50 1435  577.00000  637.48286  10.5%  1751  534s
  3233  2283  630.69226   59 1428  577.00000  637.48286  10.5%  1772  544s
  3273  2329  629.24096   69 1414  577.00000  637.48286  10.5%  1791  555s
  3319  2360  627.74101   80 1405  577.00000  637.48286  10.5%  1808  567s
  3350  2429  618.38945   85 1353  577.00000  637.48286  10.5%  1817  579s
  3419  2527  624.37695  101 1382  577.00000  637.48286  10.5%  1829  590s
  3517  2687  620.97911  122 1356  577.00000  637.48286  10.5%  1835  602s
  3677  2997  615.21903  154 1298  577.00000  637.48286  10.5%  1820  615s
  4013  3132  596.45089  223 1191  577.00000  637.45448  10.5%  1736  626s
  4171  3171  635.63684   28 1454  577.00000  637.45448  10.5%  1713  640s
  4210  3205  634.20135   38 1443  577.00000  637.45448  10.5%  1733  657s
  4244  3258  633.05738   48 1431  577.00000  637.45448  10.5%  1749  671s
  4297  3326  630.77188   61 1416  577.00000  637.45448  10.5%  1769  685s
  4365  3410  628.09783   78 1395  577.00000  637.45448  10.5%  1790  699s
  4449  3527  624.22142   99 1374  577.00000  637.45448  10.5%  1806  713s
  4566  3555  619.12779  129 1328  577.00000  637.45448  10.5%  1815  729s
  4594  3834  617.25543  138 1322  577.00000  637.45448  10.5%  1815  745s
  4875  4187  595.75160  220 1181  577.00000  637.45365  10.5%  1779  761s
  5277  4546  634.25217   37 1454  577.00000  637.37796  10.5%  1683  775s
  5636  5166  612.89104  161 1301  577.00000  637.37796  10.5%  1627  794s
  6281  5697  593.00000  232 1064  577.00000  637.34482  10.5%  1508  809s
  6836  6200  623.36220  102 1360  577.00000  637.34482  10.5%  1427  824s
  7373  6881  603.90183  180 1234  577.00000  637.18412  10.4%  1366  844s
  8091  7053  622.94897  103 1373  577.00000  637.18412  10.4%  1291  850s
  8263  7323  616.48622  133 1327  577.00000  637.18412  10.4%  1280  856s
  8555  7471  607.13675  169 1275  577.00000  637.18412  10.4%  1251  861s
  8703  7765  595.73171  208 1192  577.00000  637.18412  10.4%  1242  866s
  8997  7851  580.16667  252  988  577.00000  637.04734  10.4%  1217  871s
  9111  7949  632.55793   50 1437  577.00000  637.04734  10.4%  1208  876s
  9209  8187  624.11668   92 1394  577.00000  637.04734  10.4%  1206  881s
  9447  8416  613.93424  144 1323  577.00000  637.04734  10.4%  1190  887s
  9716  8528  603.95613  170 1259  577.00000  637.04734  10.4%  1170  893s
  9828  8788  596.32415  212 1172  577.00000  637.02447  10.4%  1168  901s
 10126  8878  626.01612   21 1419  577.00000  636.97427  10.4%  1146  906s
 10216  9020  615.92210   74 1360  577.00000  636.97427  10.4%  1143  911s
 10358  9120  592.97690  169 1237  577.00000  636.97263  10.4%  1136  922s
 10478  9273  635.27087   26 1460  577.00000  636.97263  10.4%  1128  928s
 10664  9386  629.48659   61 1425  577.00000  636.97263  10.4%  1117  932s
 10777  9513  619.66460  116 1350  577.00000  636.97263  10.4%  1113  937s
 10904  9665  599.97520  188 1247  577.00000  636.89702  10.4%  1106  943s
 11093  9777  632.36552   37 1435  577.00000  636.88396  10.4%  1095  948s
 11205  9916  622.92358   91 1374  577.00000  636.88396  10.4%  1092  954s
 11344 10143  610.12121  142 1276  577.00000  636.88396  10.4%  1088  960s
 11571 10493  599.56715  189 1233  577.00000  636.88396  10.4%  1080  965s
 11941 10581  580.62500  240  985  577.00000  636.84104  10.4%  1059  971s
 12047 10701  614.79250   39 1353  577.00000  636.84038  10.4%  1056  976s
 12181 10834  612.55097   25 1351  577.00000  636.84038  10.4%  1053  982s
 12328 10892  612.09414   27 1349  577.00000  636.78247  10.4%  1047  988s
 12422 10979  636.00636   25 1466  577.00000  636.77411  10.4%  1048  993s
 12509 11090  630.54110   58 1427  577.00000  636.77411  10.4%  1046  999s
 12620 11152  627.73450   79 1405  577.00000  636.77411  10.4%  1042 1005s
 12700 11301  615.88024  114 1330  577.00000  636.76799  10.4%  1040 1011s
 12883 11408  634.66403   33 1458  577.00000  636.76799  10.4%  1033 1018s
 12990 11579  607.23374   61 1311  577.00000  636.66861  10.3%  1032 1024s
 13201 11715  631.07888   22 1429  577.00000  636.66484  10.3%  1023 1030s
 13337 11782  618.90583   84 1347  577.00000  636.66484  10.3%  1020 1038s
H13342 11543                     578.0000000  636.66484  10.1%  1019 1038s
 13404 11613  615.90160   99 1332  578.00000  636.66484  10.1%  1017 1045s
 13474 11807  611.96337  117 1305  578.00000  636.54134  10.1%  1014 1051s
 13698 12037  626.26576   40 1410  578.00000  636.49647  10.1%  1006 1057s
 13948 12193  609.99507  125 1287  578.00000  636.45670  10.1%   997 1063s
 14118 12357  620.77281   30 1384  578.00000  636.45659  10.1%   992 1092s
 14296 12405  629.59641   20 1438  578.00000  636.45659  10.1%   987 1098s
 14358 12429  629.11595   23 1433  578.00000  636.45659  10.1%   988 1104s
 14382 12470  628.60710   28 1427  578.00000  636.45659  10.1%   992 1111s
 14435 12573  627.09174   35 1422  578.00000  636.45659  10.1%   995 1117s
 14538 12696  625.59978   43 1415  578.00000  636.45659  10.1%   996 1124s
 14677 12697  634.76989   35 1485  578.00000  636.45659  10.1%   995 1578s
 14680 12699  627.84623   63 1491  578.00000  636.45659  10.1%   994 1591s
 14683 12701  628.41455   58 1491  578.00000  632.74512  9.47%   994 1595s
 14687 12704  598.90172  203 1492  578.00000  632.66236  9.46%   994 1611s
 14688 12704  618.03358   86 1491  578.00000  632.61885  9.45%   994 1625s
 14690 12706  579.40909  268 1492  578.00000  632.60178  9.45%   994 1641s
 14691 12706  628.60189   52 1492  578.00000  632.07555  9.36%   994 1654s
 14695 12709  606.93568  105 1492  578.00000  631.88722  9.32%   993 1669s
 14696 12710  627.93089   53 1493  578.00000  631.60622  9.27%   993 1682s
 14699 12712  592.10610  238 1493  578.00000  631.53497  9.26%   993 1695s
 14700 12712  622.06322   43 1490  578.00000  631.23947  9.21%   993 1708s
 14703 12714  625.26291   27 1492  578.00000  631.09973  9.19%   993 1722s
 14704 12715  619.62769  120 1491  578.00000  630.95999  9.16%   993 1735s
 14707 12717  620.41664   48 1493  578.00000  630.87839  9.15%   993 1750s
 14708 12718  618.85289  112 1490  578.00000  630.67634  9.11%   993 1763s
 14711 12720  606.64351  158 1491  578.00000  630.61301  9.10%   992 1777s
 14712 12720  579.73737  220 1490  578.00000  630.54389  9.09%   992 1792s
 14714 12722  583.45536  252 1492  578.00000  630.51581  9.09%   992 1808s
 14715 12722  625.34896   26 1491  578.00000  630.32117  9.05%   992 1819s
 14716 12723  628.93552   26 1492  578.00000  630.28666  9.05%   992 1820s
 14718 12724  621.22139   99 1491  578.00000  630.27809  9.04%   992 1833s
 14719 12725  630.15136   26 1492  578.00000  630.15136  9.02%   992 1845s
 14722 12727  585.50000  233 1494  578.00000  630.09072  9.01%   992 1859s
 14723 12728  620.10689  105 1492  578.00000  630.03717  9.00%   992 1872s
 14725 12729  625.96137   53 1494  578.00000  630.01160  9.00%   991 1885s
 14726 12730  622.40599   62 1492  578.00000  629.95203  8.99%   991 1898s
 14728 12731  579.38889  258 1494  578.00000  629.92871  8.98%   991 1910s
 14729 12732  622.04081   91 1495  578.00000  629.92539  8.98%   991 1923s
 14730 12732  609.28811  157 1495  578.00000  629.92432  8.98%   991 1935s
 14731 12733  621.44953  102 1493  578.00000  629.90613  8.98%   991 1947s
 14733 12734  579.37500  263 1494  578.00000  629.89347  8.98%   991 1961s
 14734 12735  592.68839  227 1494  578.00000  629.86699  8.97%   991 1974s
 14736 12736  586.14286  237 1495  578.00000  629.85836  8.97%   991 1988s
 14737 12737  594.33333  230 1494  578.00000  629.82297  8.97%   991 2002s
 14739 12738  629.81348   56 1496  578.00000  629.81348  8.96%   990 2016s
 14740 12739  597.86593  204 1493  578.00000  629.80933  8.96%   990 2031s
 14741 12740  600.45461  145 1494  578.00000  629.80625  8.96%   990 2045s
 14742 12740  592.17479  219 1494  578.00000  629.79794  8.96%   990 2060s
 14743 12741  603.33920  201 1494  578.00000  629.79461  8.96%   990 2074s
 14744 12742  604.51825  152 1493  578.00000  629.77189  8.96%   990 2090s
 14745 12742  599.26024  165 1493  578.00000  629.76865  8.96%   990 2103s
 14746 12743  592.33021  158 1491  578.00000  629.74750  8.95%   990 2117s
 14748 12744  607.03281  186 1493  578.00000  629.73553  8.95%   990 2131s
 14749 12745  615.05983   68 1492  578.00000  629.73027  8.95%   990 2144s
 14750 12746  606.69800  171 1492  578.00000  629.72908  8.95%   990 2159s
 14751 12746  604.83448  155 1492  578.00000  629.72812  8.95%   990 2173s
 14752 12747  620.02665  116 1493  578.00000  629.72781  8.95%   990 2187s
 14753 12748  598.71571  169 1493  578.00000  629.72775  8.95%   990 2201s
 14754 12748  591.03725  234 1493  578.00000  629.72765  8.95%   989 2216s
 14755 12749  614.44673  138 1493  578.00000  629.72764  8.95%   989 2232s
 14756 12750  607.71890  181 1493  578.00000  629.72763  8.95%   989 2247s
 14757 12750  605.93862  202 1493  578.00000  629.72763  8.95%   989 2276s
 14758 12751  613.04937  161 1493  578.00000  629.70619  8.95%   989 2291s
 14760 12752  596.87157  201 1493  578.00000  629.69230  8.94%   989 2306s
 14761 12753  623.22265   59 1492  578.00000  629.67209  8.94%   989 2320s
 14762 12754  579.37500  274 1492  578.00000  629.66873  8.94%   989 2335s
 14763 12754  614.80443  141 1492  578.00000  629.66839  8.94%   989 2349s
 14764 12755  583.00000  257 1492  578.00000  629.66815  8.94%   989 2363s
 14765 12756  604.86575  181 1492  578.00000  629.66807  8.94%   989 2377s
 14766 12756  629.02003   24 1492  578.00000  629.65641  8.94%   989 2392s
 14767 12757  583.85000  257 1491  578.00000  629.65641  8.94%   989 2407s
 14768 12758  602.56303  164 1491  578.00000  629.65641  8.94%   989 2425s
 14777 12767  627.96458   33 1472  578.00000  628.80733  8.79%   996 2430s
 14793 12777  626.54629   37 1477  578.00000  628.72540  8.78%   998 2436s
 14802 12784  625.17504   39 1464  578.00000  628.72540  8.78%   999 2440s
 14813 12793  626.61070   42 1481  578.00000  628.72540  8.78%  1001 2445s
 14833 12806  625.16857   47 1475  578.00000  628.72540  8.78%  1003 2450s
 14853 12820  623.76779   52 1469  578.00000  628.72540  8.78%  1005 2456s
 14868 12830  621.35143   55 1453  578.00000  628.72540  8.78%  1007 2460s
 14884 12843  621.33572   58 1455  578.00000  628.72540  8.78%  1009 2465s
 14898 12852  618.87275   61 1442  578.00000  628.72540  8.78%  1010 2470s
 14919 12867  619.68526   66 1453  578.00000  628.72540  8.78%  1012 2476s
 14936 12880  618.87207   70 1447  578.00000  628.72540  8.78%  1014 2481s
 14955 12893  617.52369   74 1445  578.00000  628.72540  8.78%  1017 2486s
 14975 12907  616.32874   78 1441  578.00000  628.72540  8.78%  1019 2491s
 14995 12924  615.25499   82 1438  578.00000  628.72540  8.78%  1022 2498s
 15009 12935  614.61117   85 1433  578.00000  628.72540  8.78%  1023 2501s
 15039 12953  613.39233   91 1429  578.00000  628.72540  8.78%  1026 2508s
 15053 12963  612.93259   94 1423  578.00000  628.72540  8.78%  1028 2512s
 15067 12972  612.25607   97 1419  578.00000  628.72540  8.78%  1030 2516s
 15096 12992  611.06476  103 1407  578.00000  628.72540  8.78%  1034 2523s
 15111 13004  610.54900  106 1402  578.00000  628.72540  8.78%  1037 2527s
 15128 13017  595.48108  109 1330  578.00000  628.72540  8.78%  1040 2532s
 15146 13032  609.52715  113 1399  578.00000  628.72540  8.78%  1042 2537s
 15167 13047  608.63222  117 1394  578.00000  628.72540  8.78%  1045 2542s
 15189 13063  608.29038  121 1387  578.00000  628.72540  8.78%  1048 2546s
 15213 13084  607.74517  125 1382  578.00000  628.72540  8.78%  1051 2552s
 15242 13106  601.38346  130 1352  578.00000  628.72540  8.78%  1054 2558s
 15273 13133  606.23444  136 1373  578.00000  628.72540  8.78%  1057 2564s
 15311 13171  605.26583  142 1361  578.00000  628.72540  8.78%  1061 2571s
 15361 13219  604.34784  149 1357  578.00000  628.72540  8.78%  1064 2577s
 15432 13235  598.27383  157 1322  578.00000  628.72540  8.78%  1066 2585s
 15493 13240  601.59745  165 1337  578.00000  628.72540  8.78%  1067 2592s
 15518 13261  596.88676  174 1315  578.00000  628.72540  8.78%  1070 2599s
 15547 13287  598.47461  186 1310  578.00000  628.72540  8.78%  1073 2606s
 15583 13326  596.21875  201 1290  578.00000  628.72540  8.78%  1076 2613s
 15634 13380  590.74754  223 1244  578.00000  628.72540  8.78%  1078 2621s
 15727 13359  579.37621  264 1141  578.00000  628.57242  8.75%  1078 2630s
 15753 13363  626.86997   37 1463  578.00000  628.57242  8.75%  1081 2638s
 15766 13375  626.49733   40 1460  578.00000  628.57242  8.75%  1084 2646s
 15782 13386  626.01602   44 1454  578.00000  628.57242  8.75%  1088 2655s
 15798 13397  625.57529   48 1450  578.00000  628.57242  8.75%  1092 2663s
 15815 13409  625.08577   52 1445  578.00000  628.57242  8.75%  1095 2673s
 15832 13425  624.53695   56 1438  578.00000  628.57242  8.75%  1099 2681s
 15854 13438  623.71010   61 1436  578.00000  628.57242  8.75%  1104 2690s
 15874 13459  622.96577   65 1431  578.00000  628.57242  8.75%  1107 2700s
 15902 13472  621.74171   72 1418  578.00000  628.57242  8.75%  1111 2711s
 15924 13495  621.09713   77 1417  578.00000  628.57242  8.75%  1115 2723s
 15955 13521  618.39875   84 1394  578.00000  628.57242  8.75%  1119 2734s
 15991 13544  615.40267   92 1382  578.00000  628.57242  8.75%  1124 2746s
 16026 13548  616.93842  100 1391  578.00000  628.57242  8.75%  1127 2762s
 16042 13596  616.10253  104 1385  578.00000  628.57242  8.75%  1129 2779s
 16095 13632  614.04177  117 1369  578.00000  628.57242  8.75%  1133 2798s
 16149 13687  609.91762  130 1336  578.00000  628.57242  8.75%  1137 2814s
 16222 13771  609.56454  144 1338  578.00000  628.57242  8.75%  1141 2829s
 16330 13800  608.91268  148 1332  578.00000  628.57242  8.75%  1141 2842s
 16416 13818  607.14309  155 1326  578.00000  628.57242  8.75%  1141 2856s
 16463 13959  603.21155  175 1281  578.00000  628.15880  8.68%  1145 2873s
 16640 13928  628.02494   34 1480  578.00000  628.07382  8.66%  1146 2891s
 16668 13946  627.51596   40 1477  578.00000  628.07382  8.66%  1153 2907s
 16696 13951  626.77562   46 1469  578.00000  628.07382  8.66%  1159 2928s
 16710 13983  626.16755   52 1461  578.00000  628.07382  8.66%  1162 2945s
 16747 14004  624.92366   60 1453  578.00000  628.07382  8.66%  1169 2963s
 16780 14047  623.33761   69 1443  578.00000  628.07382  8.66%  1174 2982s
 16834 14077  621.31044   81 1424  578.00000  628.07382  8.66%  1182 3007s
 16882 14151  619.18163   93 1411  578.00000  628.07382  8.66%  1188 3026s
 16972 14249  616.73152  110 1390  578.00000  628.07382  8.66%  1196 3048s
 17100 14426  612.32318  134 1364  578.00000  628.07382  8.66%  1204 3070s
 17350 14521  603.16928  174 1296  578.00000  627.96439  8.64%  1206 3092s
 17552 14491  627.32961   37 1475  578.00000  627.96439  8.64%  1209 3114s
 17589 14523  621.38897   45 1437  578.00000  627.96439  8.64%  1217 3137s
 17634 14563  625.03183   55 1458  578.00000  627.96439  8.64%  1225 3159s
 17689 14589  610.93061   66 1383  578.00000  627.96439  8.64%  1234 3181s
 17733 14658  621.51791   79 1430  578.00000  627.96439  8.64%  1240 3206s
 17817 14749  618.30517   98 1411  578.00000  627.96439  8.64%  1250 3231s
 17936 14935  613.60406  123 1383  578.00000  627.96439  8.64%  1260 3259s
 18161 15118  604.76885  161 1321  578.00000  627.96439  8.64%  1266 3289s
 18456 15505  589.21653  223 1225  578.00000  627.89371  8.63%  1261 3317s
 18984 15605  610.78660  136 1358  578.00000  627.89261  8.63%  1245 3345s
 19319 15746  627.22180   37 1477  578.00000  627.65778  8.59%  1238 3371s
 19571 16130  613.80057  121 1382  578.00000  627.65740  8.59%  1237 3399s
 20071 15965  619.27014   56 1420  578.00000  627.64918  8.59%  1228 3514s
 20073 16306  619.02575   57 1421  578.00000  627.64918  8.59%  1228 3543s
 20415 16631  591.66058  185 1242  578.00000  627.64853  8.59%  1225 3567s
 20908 17017  606.43435  148 1303  578.00000  627.52541  8.57%  1216 3590s
 21514 16891  617.97023   60 1395  578.00000  627.36843  8.54%  1203 3600s

Cutting planes:
  Gomory: 6
  Clique: 3
  MIR: 2
  Flow cover: 83
  Zero half: 894
  RLT: 322
  BQP: 80

Explored 21614 nodes (26106917 simplex iterations) in 3600.00 seconds (9435.74 work units)
Thread count was 2 (of 24 available processors)

Solution count 10: 578 577 576 ... 567

Time limit reached
Best objective 5.780000000000e+02, best bound 6.270000000000e+02, gap 8.4775%

User-callback calls 348926, time in user-callback 1.02 sec

Gurobi 11.0.3 (linux64) logging started Sat Mar  7 15:20:15 2026

Set parameter LogFile to value "./log/train/IS_1500_6/IS_46.lp.log"
Set parameter TimeLimit to value 3600
Gurobi Optimizer version 11.0.3 build v11.0.3rc0 (linux64 - "Ubuntu 22.04.5 LTS")

CPU model: AMD Ryzen 9 9900X 12-Core Processor, instruction set [SSE2|AVX|AVX2|AVX512]
Thread count: 12 physical cores, 24 logical processors, using up to 1 threads

Optimize a model with 9187 rows, 1500 columns and 18110 nonzeros
Model fingerprint: 0xce7eb890
Variable types: 0 continuous, 1500 integer (1500 binary)
Coefficient statistics:
  Matrix range     [1e+00, 1e+00]
  Objective range  [1e+00, 1e+00]
  Bounds range     [1e+00, 1e+00]
  RHS range        [1e+00, 1e+00]
Found heuristic solution: objective 337.0000000
Presolve removed 1744 rows and 0 columns
Presolve time: 0.04s
Presolved: 7443 rows, 1500 columns, 16244 nonzeros
Variable types: 0 continuous, 1500 integer (1500 binary)

Root relaxation: objective 6.867500e+02, 3755 iterations, 0.20 seconds (0.25 work units)

    Nodes    |    Current Node    |     Objective Bounds      |     Work
 Expl Unexpl |  Obj  Depth IntInf | Incumbent    BestBd   Gap | It/Node Time

     0     0  686.75000    0 1351  337.00000  686.75000   104%     -    0s
H    0     0                     521.0000000  686.75000  31.8%     -    0s
     0     0  668.78662    0 1480  521.00000  668.78662  28.4%     -    1s
     0     0  662.21196    0 1485  521.00000  662.21196  27.1%     -    3s
H    0     0                     542.0000000  662.21196  22.2%     -    3s
     0     0  661.55610    0 1487  542.00000  661.55610  22.1%     -    3s
     0     0  661.46480    0 1486  542.00000  661.46480  22.0%     -    3s
     0     0  661.44958    0 1486  542.00000  661.44958  22.0%     -    3s
     0     0  661.43910    0 1486  542.00000  661.43910  22.0%     -    3s
     0     0  661.43729    0 1485  542.00000  661.43729  22.0%     -    3s
     0     0  655.74295    0 1483  542.00000  655.74295  21.0%     -    4s
     0     0  655.51805    0 1480  542.00000  655.51805  20.9%     -    5s
     0     0  655.49031    0 1481  542.00000  655.49031  20.9%     -    5s
     0     0  655.48357    0 1479  542.00000  655.48357  20.9%     -    5s
     0     0  653.08026    0 1485  542.00000  653.08026  20.5%     -    5s
H    0     0                     545.0000000  653.08026  19.8%     -    5s
     0     0  652.68094    0 1485  545.00000  652.68094  19.8%     -    6s
     0     0  652.62090    0 1488  545.00000  652.62090  19.7%     -    6s
     0     0  652.61094    0 1489  545.00000  652.61094  19.7%     -    6s
     0     0  652.60187    0 1489  545.00000  652.60187  19.7%     -    6s
     0     0  652.60101    0 1489  545.00000  652.60101  19.7%     -    6s
     0     0  650.67945    0 1485  545.00000  650.67945  19.4%     -    7s
     0     0  650.42010    0 1482  545.00000  650.42010  19.3%     -    7s
     0     0  650.34911    0 1482  545.00000  650.34911  19.3%     -    7s
     0     0  650.34115    0 1483  545.00000  650.34115  19.3%     -    7s
     0     0  648.87204    0 1485  545.00000  648.87204  19.1%     -    8s
     0     0  648.70941    0 1483  545.00000  648.70941  19.0%     -    8s
     0     0  648.69757    0 1484  545.00000  648.69757  19.0%     -    8s
     0     0  647.19410    0 1486  545.00000  647.19410  18.8%     -    9s
     0     0  647.07999    0 1482  545.00000  647.07999  18.7%     -    9s
     0     0  647.06514    0 1484  545.00000  647.06514  18.7%     -    9s
     0     0  647.05499    0 1484  545.00000  647.05499  18.7%     -    9s
     0     0  646.03288    0 1478  545.00000  646.03288  18.5%     -   10s
H    0     0                     546.0000000  646.03288  18.3%     -   10s
H    0     0                     548.0000000  646.03288  17.9%     -   10s
     0     0  645.87765    0 1481  548.00000  645.87765  17.9%     -   10s
     0     0  645.85896    0 1481  548.00000  645.85896  17.9%     -   10s
     0     0  645.85100    0 1482  548.00000  645.85100  17.9%     -   10s
     0     0  644.55680    0 1483  548.00000  644.55680  17.6%     -   11s
     0     0  644.41558    0 1483  548.00000  644.41558  17.6%     -   11s
     0     0  644.37671    0 1485  548.00000  644.37671  17.6%     -   11s
     0     0  644.36910    0 1486  548.00000  644.36910  17.6%     -   11s
     0     0  643.09062    0 1481  548.00000  643.09062  17.4%     -   12s
H    0     0                     551.0000000  643.09062  16.7%     -   12s
     0     0  642.95095    0 1487  551.00000  642.95095  16.7%     -   12s
     0     0  642.92542    0 1488  551.00000  642.92542  16.7%     -   12s
     0     0  642.91673    0 1488  551.00000  642.91673  16.7%     -   12s
     0     0  642.10463    0 1488  551.00000  642.10463  16.5%     -   13s
     0     0  641.95225    0 1487  551.00000  641.95225  16.5%     -   13s
     0     0  641.93374    0 1487  551.00000  641.93374  16.5%     -   13s
     0     0  641.92712    0 1487  551.00000  641.92712  16.5%     -   13s
     0     0  641.50737    0 1487  551.00000  641.50737  16.4%     -   14s
     0     0  641.43490    0 1486  551.00000  641.43490  16.4%     -   14s
     0     0  641.41888    0 1487  551.00000  641.41888  16.4%     -   14s
     0     0  641.00101    0 1488  551.00000  641.00101  16.3%     -   14s
     0     0  640.91265    0 1488  551.00000  640.91265  16.3%     -   14s
     0     0  640.90138    0 1488  551.00000  640.90138  16.3%     -   14s
     0     0  640.65857    0 1488  551.00000  640.65857  16.3%     -   15s
H    0     0                     553.0000000  640.65857  15.9%     -   15s
     0     0  640.62271    0 1488  553.00000  640.62271  15.8%     -   15s
     0     0  640.61648    0 1488  553.00000  640.61648  15.8%     -   15s
     0     0  640.29025    0 1488  553.00000  640.29025  15.8%     -   15s
     0     0  640.23544    0 1490  553.00000  640.23544  15.8%     -   16s
     0     0  640.23243    0 1490  553.00000  640.23243  15.8%     -   16s
     0     0  640.05450    0 1485  553.00000  640.05450  15.7%     -   16s
     0     0  640.02198    0 1492  553.00000  640.02198  15.7%     -   16s
     0     0  640.01899    0 1492  553.00000  640.01899  15.7%     -   16s
     0     0  639.80626    0 1488  553.00000  639.80626  15.7%     -   16s
     0     0  639.76871    0 1489  553.00000  639.76871  15.7%     -   16s
     0     0  639.75717    0 1491  553.00000  639.75717  15.7%     -   16s
     0     0  639.62592    0 1486  553.00000  639.62592  15.7%     -   17s
     0     0  639.62592    0 1485  553.00000  639.62592  15.7%     -   17s
H    0     0                     556.0000000  639.62592  15.0%     -   18s
H    0     0                     558.0000000  639.62592  14.6%     -   18s
     0     2  639.62562    0 1484  558.00000  639.62562  14.6%     -   18s
     3     5  633.12542    2 1446  558.00000  639.62562  14.6%  3291   20s
    18    20  598.15367   13 1292  558.00000  639.62562  14.6%  2571   25s
H   53    49                     559.0000000  639.62562  14.4%  1537   28s
    74    63  632.46022    1 1447  559.00000  639.44818  14.4%  1277   30s
    82    71  623.07932    6 1409  559.00000  639.44818  14.4%  1532   36s
    97    86  629.54511   19 1429  559.00000  639.44818  14.4%  1552   40s
H  105    90                     560.0000000  639.44818  14.2%  1627   44s
   107    94  623.25158   25 1393  560.00000  639.44818  14.2%  1745   45s
   120   107  600.07535   33 1291  560.00000  639.44818  14.2%  1845   50s
H  131   111                     561.0000000  639.44818  14.0%  1792   51s
H  157   135                     562.0000000  639.44818  13.8%  1678   54s
   174   152     cutoff   72       562.00000  639.44818  13.8%  1596   55s
   193   159  631.79365    6 1440  562.00000  639.44556  13.8%  1570   60s
   223   189  574.46532   26 1193  562.00000  639.44556  13.8%  1605   65s
   253   211  610.57449    8 1345  562.00000  639.12405  13.7%  1582   70s
H  262   213                     564.0000000  639.12405  13.3%  1580   71s
H  273   215                     567.0000000  639.12405  12.7%  1570   72s
   309   227  632.27031    5 1445  567.00000  638.95565  12.7%  1449   75s
   325   243  615.16842   15 1368  567.00000  638.95565  12.7%  1502   80s
H  327   238                     568.0000000  638.95565  12.5%  1495   80s
H  354   250                     570.0000000  638.95565  12.1%  1493   83s
H  366   254                     571.0000000  638.95565  11.9%  1463   84s
   389   261  628.55196    8 1418  571.00000  638.95382  11.9%  1420   86s
   400   272  625.72146   17 1396  571.00000  638.95382  11.9%  1441   90s
   404   276  609.88537   19 1332  571.00000  638.95382  11.9%  1460   95s
   446   318  578.80668   49 1142  571.00000  638.95382  11.9%  1435  100s
   487   339  610.85860   10 1352  571.00000  638.70026  11.9%  1409  105s
   510   362  613.38055   27 1346  571.00000  638.70026  11.9%  1428  110s
H  548   388                     572.0000000  638.70026  11.7%  1417  114s
   581   391  630.27234    9 1438  572.00000  638.63277  11.6%  1369  117s
   591   401  614.36239   16 1346  572.00000  638.63277  11.6%  1387  120s
   595   404  598.64764   17 1485  572.00000  638.63277  11.6%  1379  134s
   597   405  577.31317   50 1351  572.00000  638.63277  11.6%  1375  135s
   598   406  581.15635   39 1487  572.00000  638.63277  11.6%  1372  144s
   599   407  580.17703   65 1486  572.00000  638.63277  11.6%  1370  147s
   604   410  632.40540    7 1488  572.00000  638.63277  11.6%  1359  156s
   605   411  604.54351   37 1487  572.00000  638.63277  11.6%  1356  164s
   607   412  623.24915   26 1488  572.00000  638.63277  11.6%  1352  171s
   608   413  584.80706   24 1485  572.00000  638.63277  11.6%  1350  179s
   610   414  604.33180   32 1491  572.00000  638.63277  11.6%  1345  188s
   611   415  632.54711    5 1489  572.00000  638.63277  11.6%  1343  194s
   612   415  579.80746   28 1488  572.00000  638.63277  11.6%  1341  195s
   613   416  638.44552   12 1486  572.00000  638.63277  11.6%  1339  202s
   614   417  630.06754   11 1487  572.00000  638.63277  11.6%  1337  209s
   616   418  625.96896   10 1491  572.00000  638.63277  11.6%  1332  215s
   617   419  623.07430    7 1489  572.00000  638.63277  11.6%  1330  222s
   618   419  618.08779    9 1490  572.00000  638.63277  11.6%  1328  229s
   619   420  592.73714   21 1485  572.00000  638.63277  11.6%  1326  235s
   625   424  582.19485   39 1487  572.00000  638.63277  11.6%  1313  247s
   629   429  637.79843   17 1478  572.00000  638.63277  11.6%  1401  250s
   642   437  636.85203   24 1475  572.00000  638.63277  11.6%  1421  255s
   659   449  634.00174   32 1463  572.00000  638.63277  11.6%  1438  260s
   671   457  630.53854   38 1442  572.00000  638.63277  11.6%  1459  265s
   684   465  628.59457   45 1421  572.00000  638.63277  11.6%  1489  270s
   695   473  629.72401   50 1431  572.00000  638.63277  11.6%  1509  275s
   709   482  629.69361   57 1429  572.00000  638.63277  11.6%  1522  280s
   721   490  613.66456   63 1349  572.00000  638.63277  11.6%  1546  286s
   730   496  623.76806   68 1396  572.00000  638.63277  11.6%  1568  290s
   742   504  625.51088   74 1410  572.00000  638.63277  11.6%  1580  295s
   755   513  621.67511   80 1390  572.00000  638.63277  11.6%  1598  300s
   767   521  611.12785   86 1348  572.00000  638.63277  11.6%  1622  305s
   783   531  619.13191   94 1380  572.00000  638.63277  11.6%  1627  310s
   801   543  608.98632  103 1328  572.00000  638.63277  11.6%  1636  315s
   819   555  612.86371  112 1350  572.00000  638.63277  11.6%  1646  320s
   836   567  611.20842  121 1345  572.00000  638.63277  11.6%  1655  325s
   856   580  608.71196  131 1341  572.00000  638.63277  11.6%  1657  330s
   878   595  607.57951  142 1336  572.00000  638.63277  11.6%  1661  335s
   900   609  604.14628  153 1318  572.00000  638.63277  11.6%  1666  340s
   921   623  599.33818  163 1292  572.00000  638.63277  11.6%  1673  345s
   944   639  599.38042  175 1298  572.00000  638.63277  11.6%  1678  350s
   967   654  590.62530  186 1257  572.00000  638.63277  11.6%  1686  355s
   997   674  589.85708  201 1247  572.00000  638.63277  11.6%  1688  360s
H 1003   654                     573.0000000  638.63277  11.5%  1689  361s
  1030   674  588.95955  218 1220  573.00000  638.63277  11.5%  1684  365s
  1087   712  584.02273  246 1106  573.00000  638.63277  11.5%  1647  370s
H 1111   705                     574.0000000  638.63277  11.3%  1623  371s
  1190   740  628.32650   18 1428  574.00000  638.63277  11.3%  1548  376s
  1194   742  632.46973   20 1447  574.00000  638.63277  11.3%  1559  380s
  1200   746  631.38746   23 1436  574.00000  638.63277  11.3%  1575  386s
  1206   750  625.75251   26 1414  574.00000  638.63277  11.3%  1590  391s
  1210   753  632.06023   28 1428  574.00000  638.63277  11.3%  1600  395s
  1216   757  625.63744   31 1405  574.00000  638.63277  11.3%  1615  400s
  1222   761  632.19755   34 1435  574.00000  638.63277  11.3%  1627  405s
  1228   765  623.36009   37 1397  574.00000  638.63277  11.3%  1641  410s
  1234   769  631.01536   40 1418  574.00000  638.63277  11.3%  1654  415s
  1241   774  634.76811   44 1448  574.00000  638.63277  11.3%  1662  420s
  1249   779  634.10773   48 1442  574.00000  638.63277  11.3%  1673  425s
  1256   784  626.94189   51 1407  574.00000  638.63277  11.3%  1688  431s
  1262   788  630.26881   54 1417  574.00000  638.63277  11.3%  1699  435s
  1272   794  629.15807   59 1420  574.00000  638.63277  11.3%  1707  440s
  1281   800  631.17242   64 1424  574.00000  638.63277  11.3%  1717  445s
  1290   806  622.17205   68 1381  574.00000  638.63277  11.3%  1730  450s
  1300   813  627.40893   73 1394  574.00000  638.63277  11.3%  1740  455s
  1312   821  625.33669   79 1384  574.00000  638.63277  11.3%  1749  460s
  1324   829  624.88310   85 1377  574.00000  638.63277  11.3%  1759  465s
  1336   837  624.39891   91 1377  574.00000  638.63277  11.3%  1767  470s
  1350   846  620.62415   98 1360  574.00000  638.63277  11.3%  1775  475s
  1364   856  614.50661  105 1323  574.00000  638.63277  11.3%  1785  480s
H 1382   843                     575.0000000  638.63277  11.1%  1784  485s
  1400   857  616.34184  123 1321  575.00000  638.63277  11.1%  1793  490s
  1418   869  617.19384  132 1333  575.00000  638.63277  11.1%  1797  495s
  1442   885  609.64251  144 1299  575.00000  638.63277  11.1%  1798  500s
H 1457   862                     576.0000000  638.63277  10.9%  1799  503s
  1464   868  613.22762  155 1287  576.00000  638.63277  10.9%  1799  505s
  1502   894  608.24054  174 1268  576.00000  638.63277  10.9%  1783  510s
  1558   931  601.55934  202 1198  576.00000  638.63277  10.9%  1753  515s
  1642   987  590.36667  244 1107  576.00000  638.63277  10.9%  1695  520s
  1722  1046  631.48573   19 1434  576.00000  637.86563  10.7%  1640  526s
  1726  1050  631.67213   21 1429  576.00000  637.75890  10.7%  1647  530s
  1732  1056  626.70018   24 1414  576.00000  637.75890  10.7%  1657  535s
  1738  1062  628.75648   27 1417  576.00000  637.75890  10.7%  1667  541s
  1744  1068  631.22312   30 1427  576.00000  637.75890  10.7%  1677  546s
  1750  1074  624.33677   33 1395  576.00000  637.75890  10.7%  1686  551s
  1756  1080  627.87426   36 1402  576.00000  637.75890  10.7%  1695  556s
  1760  1084  625.99361   38 1410  576.00000  637.75890  10.7%  1702  560s
  1768  1092  630.56346   42 1425  576.00000  637.75890  10.7%  1712  565s
  1774  1098  619.69327   45 1368  576.00000  637.75890  10.7%  1720  570s
  1784  1108  629.76996   50 1417  576.00000  637.75890  10.7%  1728  575s
  1792  1116  627.68562   54 1403  576.00000  637.75890  10.7%  1736  580s
  1800  1124  628.53705   58 1406  576.00000  637.75890  10.7%  1743  585s
  1810  1134  626.92292   63 1400  576.00000  637.75890  10.7%  1750  590s
  1820  1144  623.31899   68 1386  576.00000  637.75890  10.7%  1759  595s
  1830  1154  614.63034   73 1329  576.00000  637.75890  10.7%  1768  600s
  1839  1163  628.55540   78 1404  576.00000  637.75890  10.7%  1773  605s
  1852  1176  624.74482   84 1379  576.00000  637.75890  10.7%  1781  610s
  1866  1190  620.55124   91 1360  576.00000  637.75890  10.7%  1786  615s
  1880  1204  621.97896   98 1366  576.00000  637.75890  10.7%  1792  620s
  1894  1218  619.27166  105 1354  576.00000  637.75890  10.7%  1797  625s
  1914  1238  616.59434  115 1339  576.00000  637.75890  10.7%  1799  630s
  1930  1254  617.08946  123 1306  576.00000  637.75890  10.7%  1802  635s
  1949  1273  617.61363  133 1326  576.00000  637.75890  10.7%  1803  640s
  1972  1296  613.39428  144 1299  576.00000  637.75890  10.7%  1802  645s
  1996  1320  612.22453  156 1281  576.00000  637.75890  10.7%  1797  650s
  2025  1349  609.15120  171 1265  576.00000  637.75890  10.7%  1788  655s
  2060  1384  602.25919  188 1230  576.00000  637.75890  10.7%  1776  660s
H 2108  1422                     577.0000000  637.75890  10.5%  1753  665s
  2165  1481  588.08510  241 1125  577.00000  637.75890  10.5%  1722  671s
  2213  1527  580.58804  265 1064  577.00000  637.75890  10.5%  1693  675s
  2243  1535  625.80027   19 1409  577.00000  637.75256  10.5%  1680  681s
  2248  1540  635.84918   22 1461  577.00000  637.75256  10.5%  1685  685s
  2253  1545  621.50934   24 1396  577.00000  637.75256  10.5%  1694  690s
  2259  1551  626.98426   27 1412  577.00000  637.75256  10.5%  1702  695s
  2266  1558  634.86239   31 1446  577.00000  637.75256  10.5%  1709  700s
  2267  1559  629.73911   31 1415  577.00000  637.75256  10.5%  1711  705s
  2274  1566  634.12091   35 1443  577.00000  637.75256  10.5%  1717  710s
  2283  1575  626.27171   39 1405  577.00000  637.75256  10.5%  1726  715s
  2291  1583  625.21694   43 1393  577.00000  637.75256  10.5%  1732  720s
  2295  1587  619.01387   45 1367  577.00000  637.75256  10.5%  1736  726s
  2300  1592  632.20743   48 1423  577.00000  637.75256  10.5%  1738  730s
  2307  1599  627.85874   51 1399  577.00000  637.75256  10.5%  1745  735s
  2318  1610  630.31819   57 1418  577.00000  637.75256  10.5%  1750  740s
  2321  1613  626.30064   58 1402  577.00000  637.75256  10.5%  1752  745s
  2329  1621  620.54407   62 1378  577.00000  637.75256  10.5%  1758  750s
  2340  1632  628.36128   68 1407  577.00000  637.75256  10.5%  1763  755s
  2345  1637  624.82978   70 1387  577.00000  637.75256  10.5%  1766  763s
  2349  1641  623.11990   72 1382  577.00000  637.75256  10.5%  1769  765s
  2357  1649  623.54146   76 1386  577.00000  637.75256  10.5%  1772  770s
  2372  1664  624.42140   84 1389  577.00000  637.75256  10.5%  1775  775s
  2383  1675  618.84733   89 1363  577.00000  637.75256  10.5%  1781  780s
  2397  1689  614.45130   96 1339  577.00000  637.75256  10.5%  1786  785s
  2408  1700  621.11562  102 1357  577.00000  637.75256  10.5%  1787  798s
  2412  1704  620.44471  104 1353  577.00000  637.75256  10.5%  1788  800s
  2433  1725  614.93153  114 1336  577.00000  637.75256  10.5%  1790  805s
  2444  1736  617.19620  120 1345  577.00000  637.75256  10.5%  1791  810s
H 2462  1750                     578.0000000  637.75256  10.3%  1790  816s
  2482  1772  614.11066  139 1322  578.00000  637.75256  10.3%  1790  820s
  2495  1785  606.21659  145 1276  578.00000  637.75256  10.3%  1791  825s
  2516  1806  611.50631  156 1294  578.00000  637.75256  10.3%  1789  832s
  2534  1824  609.64778  165 1277  578.00000  637.75256  10.3%  1786  835s
  2543  1833  606.57666  169 1266  578.00000  637.75256  10.3%  1784  840s
  2570  1860  604.52764  183 1262  578.00000  637.75256  10.3%  1775  855s
  2637  1927  594.72084  216 1204  578.00000  637.75256  10.3%  1751  860s
  2732  2006  627.01119   19 1417  578.00000  637.60364  10.3%  1709  865s
  2736  2010  630.79533   21 1435  578.00000  637.60364  10.3%  1714  870s
  2742  2016  630.66697   24 1442  578.00000  637.60364  10.3%  1721  876s
  2748  2022  630.95365   27 1432  578.00000  637.60364  10.3%  1727  881s
  2753  2027  635.62329   30 1457  578.00000  637.60364  10.3%  1731  885s
  2758  2032  630.79480   32 1432  578.00000  637.60364  10.3%  1737  892s
  2762  2036  628.38592   34 1426  578.00000  637.60364  10.3%  1740  895s
  2769  2043  634.36496   38 1448  578.00000  637.60364  10.3%  1745  900s
  2776  2050  627.31567   41 1407  578.00000  637.60364  10.3%  1751  905s
  2782  2056  626.71355   44 1403  578.00000  637.60364  10.3%  1757  910s
  2790  2064  628.32986   48 1412  578.00000  637.60364  10.3%  1763  915s
  2800  2074  628.06631   53 1416  578.00000  637.60364  10.3%  1768  920s
  2808  2082  628.20652   57 1410  578.00000  637.60364  10.3%  1772  925s
  2816  2090  619.88202   61 1365  578.00000  637.60364  10.3%  1777  930s
  2826  2100  623.49229   66 1384  578.00000  637.60364  10.3%  1783  935s
  2836  2110  625.11342   71 1390  578.00000  637.60364  10.3%  1788  940s
  2846  2120  620.16231   76 1370  578.00000  637.60364  10.3%  1793  945s
  2859  2133  626.79627   83 1397  578.00000  637.60364  10.3%  1796  950s
  2872  2146  617.49086   89 1348  578.00000  637.60364  10.3%  1800  955s
  2886  2160  621.17220   96 1363  578.00000  637.60364  10.3%  1804  960s
  2892  2166  619.72510   99 1355  578.00000  637.60364  10.3%  1805  965s
  2906  2180  620.24285  106 1357  578.00000  637.60364  10.3%  1807  970s
  2924  2198  614.58897  115 1347  578.00000  637.60364  10.3%  1809  975s
  2944  2218  614.00368  125 1321  578.00000  637.60364  10.3%  1810  980s
  2968  2242  608.40519  137 1290  578.00000  637.60364  10.3%  1811  985s
  2991  2265  614.70569  149 1322  578.00000  637.60364  10.3%  1812  990s
  3010  2284  610.50068  158 1291  578.00000  637.60364  10.3%  1811  995s
  3054  2328  605.06832  180 1275  578.00000  637.60364  10.3%  1801 1000s
  3110  2384  598.04314  208 1198  578.00000  637.60364  10.3%  1786 1005s
  3198  2472  582.72917  252 1119  578.00000  637.60364  10.3%  1752 1010s
  3239  2489  624.86593   22 1419  578.00000  637.59500  10.3%  1740 1015s
  3245  2495  628.00828   25 1421  578.00000  637.59500  10.3%  1745 1020s
  3252  2502  635.66714   29 1468  578.00000  637.59500  10.3%  1751 1025s
  3259  2509  630.37840   32 1434  578.00000  637.59500  10.3%  1757 1030s
  3267  2517  629.44403   36 1430  578.00000  637.59500  10.3%  1763 1035s
  3275  2525  623.56544   40 1398  578.00000  637.59500  10.3%  1769 1041s
  3281  2531  626.59739   43 1417  578.00000  637.59500  10.3%  1774 1045s
  3283  2533  627.98320   44 1411  578.00000  637.59500  10.3%  1775 1050s
  3291  2541  618.69616   48 1371  578.00000  637.59500  10.3%  1781 1055s
  3299  2549  624.16921   52 1388  578.00000  637.59500  10.3%  1786 1060s
  3305  2555  622.56942   55 1397  578.00000  637.59500  10.3%  1789 1066s
  3313  2563  620.32287   59 1370  578.00000  637.59500  10.3%  1795 1070s
  3324  2574  631.06853   65 1423  578.00000  637.59500  10.3%  1800 1075s
  3331  2581  625.15642   68 1395  578.00000  637.59500  10.3%  1804 1081s
  3343  2593  624.68878   74 1389  578.00000  637.59500  10.3%  1808 1085s
  3359  2609  617.89958   82 1365  578.00000  637.59500  10.3%  1813 1090s
  3371  2621  622.60397   88 1378  578.00000  637.59500  10.3%  1816 1095s
  3387  2637  615.24808   96 1345  578.00000  637.59500  10.3%  1819 1100s
  3403  2653  619.08397  104 1359  578.00000  637.59500  10.3%  1822 1105s
  3423  2673  616.28640  114 1342  578.00000  637.59500  10.3%  1824 1110s
  3441  2691  614.89883  123 1327  578.00000  637.59500  10.3%  1827 1115s
  3462  2712  616.35973  134 1326  578.00000  637.59500  10.3%  1828 1120s
  3486  2736  614.24423  146 1321  578.00000  637.59500  10.3%  1828 1125s
  3519  2769  608.29632  162 1276  578.00000  637.59500  10.3%  1826 1130s
  3531  2781  606.85300  168 1285  578.00000  637.59500  10.3%  1824 1135s
  3589  2839  599.48490  197 1240  578.00000  637.59500  10.3%  1812 1140s
  3699  2947     cutoff  252       578.00000  637.59500  10.3%  1777 1145s
  3735  2970  624.51785   23 1406  578.00000  637.55372  10.3%  1770 1151s
  3741  2976  631.08073   26 1424  578.00000  637.55372  10.3%  1774 1155s
  3747  2982  629.58641   29 1433  578.00000  637.55372  10.3%  1778 1162s
  3751  2986  629.96863   31 1428  578.00000  637.55372  10.3%  1781 1165s
  3759  2994  629.70549   35 1418  578.00000  637.55372  10.3%  1786 1170s
  3766  3001  633.75348   39 1448  578.00000  637.55372  10.3%  1790 1175s
  3775  3010  626.02456   43 1405  578.00000  637.55372  10.3%  1796 1180s
  3779  3014  625.95399   45 1397  578.00000  637.55372  10.3%  1798 1185s
  3789  3024  617.86892   50 1355  578.00000  637.55372  10.3%  1804 1190s
  3799  3034  628.57319   55 1408  578.00000  637.55372  10.3%  1809 1195s
  3811  3046  621.89865   61 1384  578.00000  637.55372  10.3%  1815 1200s
  3826  3061  628.83818   69 1409  578.00000  637.55372  10.3%  1819 1205s
  3829  3064  622.48405   70 1374  578.00000  637.55372  10.3%  1821 1215s
  3839  3074  617.94083   75 1365  578.00000  637.55372  10.3%  1824 1220s
  3851  3086  617.85922   81 1353  578.00000  637.55372  10.3%  1827 1226s
  3861  3096  616.28107   86 1358  578.00000  637.55372  10.3%  1830 1230s
  3875  3110  621.47890   93 1370  578.00000  637.55372  10.3%  1832 1235s
  3891  3126  618.30297  101 1358  578.00000  637.55372  10.3%  1835 1240s
  3909  3144  616.51223  110 1343  578.00000  637.55372  10.3%  1838 1245s
  3931  3166  611.49955  121 1310  578.00000  637.55372  10.3%  1840 1250s
  3955  3190  611.86127  133 1319  578.00000  637.55372  10.3%  1840 1255s
  3981  3216  610.61161  146 1300  578.00000  637.55372  10.3%  1840 1260s
  4008  3243  610.14982  160 1291  578.00000  637.55372  10.3%  1837 1266s
  4044  3279  605.66654  178 1259  578.00000  637.55372  10.3%  1832 1270s
  4131  3366  587.29187  221 1143  578.00000  637.55372  10.3%  1810 1275s
  4249  3437  625.68308   20 1411  578.00000  637.55367  10.3%  1771 1280s
  4255  3443  629.66088   23 1428  578.00000  637.55367  10.3%  1775 1285s
  4263  3451  628.60832   27 1418  578.00000  637.55367  10.3%  1779 1295s
  4271  3459  627.53010   31 1415  578.00000  637.55367  10.3%  1784 1300s
  4277  3465  626.82716   34 1403  578.00000  637.55367  10.3%  1788 1305s
  4285  3473  628.48899   38 1413  578.00000  637.55367  10.3%  1792 1310s
  4293  3481  624.45711   42 1381  578.00000  637.55367  10.3%  1796 1316s
  4300  3488  632.24539   46 1434  578.00000  637.55367  10.3%  1799 1320s
  4308  3496  631.68280   50 1425  578.00000  637.55367  10.3%  1804 1325s
  4319  3507  625.23670   55 1392  578.00000  637.55367  10.3%  1807 1330s
  4329  3517  621.93833   60 1370  578.00000  637.55367  10.3%  1811 1335s
  4340  3528  629.34147   66 1405  578.00000  637.55367  10.3%  1814 1340s
  4351  3539  621.30279   71 1367  578.00000  637.55367  10.3%  1817 1345s
  4363  3551  624.82785   77 1370  578.00000  637.55367  10.3%  1821 1350s
  4379  3567  622.23368   85 1359  578.00000  637.55367  10.3%  1824 1355s
  4402  3590  622.40890   97 1362  578.00000  637.55367  10.3%  1827 1360s
  4409  3597  618.53828  100 1346  578.00000  637.55367  10.3%  1828 1365s
  4431  3619  612.81178  111 1316  578.00000  637.55367  10.3%  1830 1370s
  4457  3645  615.18766  124 1326  578.00000  637.55367  10.3%  1831 1375s
  4486  3674  613.61354  139 1316  578.00000  637.55367  10.3%  1830 1380s
  4539  3727  606.13948  165 1263  578.00000  637.55367  10.3%  1824 1385s
  4613  3801  596.16424  202 1201  578.00000  637.55367  10.3%  1809 1390s
  4731  3899  636.51965   22 1470  578.00000  637.15066  10.2%  1778 1395s
  4760  3928  632.04222   50 1432  578.00000  637.15066  10.2%  1774 1400s
  4804  3972  621.90311   89 1367  578.00000  637.15066  10.2%  1766 1405s
  4825  3993  620.86489  106 1367  578.00000  637.15066  10.2%  1766 1410s
  4879  4047  612.31627  151 1309  578.00000  637.15066  10.2%  1757 1415s
  4943  4111  601.98792  182 1260  578.00000  637.15066  10.2%  1747 1420s
  4946  4114  601.93086  183 1268  578.00000  637.15066  10.2%  1746 1433s
  4949  4117  600.21421  185 1259  578.00000  637.15066  10.2%  1746 1435s
  5028  4196  594.24182  215 1219  578.00000  637.15066  10.2%  1729 1440s
  5158  4326  587.08305  233 1164  578.00000  637.15066  10.2%  1698 1445s
  5358  4475  636.50908   22 1472  578.00000  637.14972  10.2%  1647 1450s
  5383  4500  632.82550   47 1444  578.00000  637.14972  10.2%  1644 1456s
  5412  4529  628.10387   76 1413  578.00000  637.14972  10.2%  1640 1460s
  5451  4568  619.66500  113 1359  578.00000  637.14972  10.2%  1635 1465s
  5507  4624  609.27849  158 1285  578.00000  637.14972  10.2%  1628 1470s
  5561  4678  602.78195  188 1260  578.00000  637.14972  10.2%  1622 1475s
  5648  4765  593.60833  215 1181  578.00000  637.14972  10.2%  1609 1480s
  5825  4942  582.11585  252 1115  578.00000  637.14972  10.2%  1571 1485s
  5931  5018  632.48950   41 1442  578.00000  637.03755  10.2%  1550 1490s
  5977  5064  625.10588   87 1392  578.00000  637.03755  10.2%  1544 1495s
  5999  5086  620.14038  102 1364  578.00000  637.03755  10.2%  1544 1500s
  6012  5099  618.80509  112 1355  578.00000  637.03755  10.2%  1544 1506s
  6037  5124  614.63564  129 1341  578.00000  637.03755  10.2%  1543 1510s
  6089  5176  604.95605  163 1288  578.00000  637.03755  10.2%  1539 1515s
  6163  5250  596.58738  204 1236  578.00000  637.03755  10.2%  1530 1520s
  6270  5357  588.59212  229 1172  578.00000  637.03755  10.2%  1514 1525s
  6336  5423  583.87655  243 1164  578.00000  637.03755  10.2%  1503 1530s
  6441  5510  626.41255   20 1422  578.00000  637.03341  10.2%  1485 1535s
  6487  5556  618.17512   66 1364  578.00000  637.03341  10.2%  1480 1540s
  6538  5607  607.64309  111 1306  578.00000  637.03341  10.2%  1475 1545s
  6587  5656  599.51759  140 1258  578.00000  637.03341  10.2%  1472 1550s
  6681  5750  587.18139  185 1157  578.00000  637.03341  10.2%  1461 1555s
  6795  5845  635.21714   26 1462  578.00000  637.03286  10.2%  1444 1560s
  6830  5880  629.76658   61 1419  578.00000  637.03286  10.2%  1442 1565s
  6870  5920  621.26053   96 1367  578.00000  637.03286  10.2%  1439 1570s
  6917  5967  612.46465  138 1309  578.00000  637.03286  10.2%  1436 1575s
  6981  6031  602.40828  174 1236  578.00000  637.03286  10.2%  1430 1580s
  7070  6120  593.85989  207 1195  578.00000  637.03286  10.2%  1420 1585s
  7237  6287  581.24074  251 1088  578.00000  637.03286  10.2%  1395 1590s
  7319  6337  633.68626   40 1451  578.00000  636.96298  10.2%  1385 1595s
  7355  6373  627.35471   76 1408  578.00000  636.96298  10.2%  1383 1600s
  7392  6410  617.37280  106 1339  578.00000  636.96298  10.2%  1381 1605s
  7446  6464  609.29540  152 1303  578.00000  636.96298  10.2%  1377 1610s
  7505  6523  602.23119  182 1267  578.00000  636.96298  10.2%  1374 1618s
  7526  6544  598.51058  192 1252  578.00000  636.96298  10.2%  1372 1620s
  7590  6608  594.80347  207 1219  578.00000  636.96298  10.2%  1366 1625s
  7740  6758  582.59036  248 1111  578.00000  636.96298  10.2%  1348 1630s
  7866  6856  633.93149   33 1450  578.00000  636.96215  10.2%  1332 1635s
  7893  6883  624.66701   57 1384  578.00000  636.96215  10.2%  1332 1640s
  7927  6917  624.01667   90 1387  578.00000  636.96215  10.2%  1331 1645s
  7941  6931  620.17147   97 1362  578.00000  636.96215  10.2%  1332 1651s
  7974  6964  613.97417  123 1324  578.00000  636.96215  10.2%  1331 1655s
  8016  7006  608.76166  157 1301  578.00000  636.96215  10.2%  1328 1662s
  8055  7045  601.91786  180 1257  578.00000  636.96215  10.2%  1327 1665s
  8151  7141  592.10840  214 1219  578.00000  636.96215  10.2%  1320 1670s
  8270  7260  583.33865  239 1133  578.00000  636.96215  10.2%  1308 1675s
  8381  7345  634.42117   33 1454  578.00000  636.94710  10.2%  1296 1680s
  8409  7373  630.01774   61 1425  578.00000  636.94710  10.2%  1295 1685s
  8443  7407  620.46326   89 1379  578.00000  636.94710  10.2%  1294 1690s
  8482  7446  616.23350  127 1344  578.00000  636.94710  10.2%  1292 1695s
  8514  7478  609.44163  149 1305  578.00000  636.94710  10.2%  1290 1704s
  8527  7491  607.03257  159 1281  578.00000  636.94710  10.2%  1290 1705s
  8591  7555  599.74374  190 1238  578.00000  636.94710  10.2%  1287 1710s
  8699  7663  588.74974  225 1166  578.00000  636.94710  10.2%  1279 1715s
  8902  7836  636.26482   24 1470  578.00000  636.94628  10.2%  1256 1720s
  8922  7856  619.40997   44 1364  578.00000  636.94628  10.2%  1257 1725s
  8979  7913  582.01663  101 1193  578.00000  636.94628  10.2%  1254 1730s
  9018  7942  633.25178   46 1449  578.00000  636.83442  10.2%  1252 1745s
  9023  7947  632.62855   51 1435  578.00000  636.83442  10.2%  1252 1750s
  9063  7987  625.67309   91 1396  578.00000  636.83442  10.2%  1250 1755s
  9117  8041  613.78629  145 1324  578.00000  636.83442  10.2%  1247 1760s
  9251  8155  630.51381   21 1447  578.00000  636.64560  10.1%  1235 1766s
  9255  8159  623.76274   23 1402  578.00000  636.64560  10.1%  1236 1770s
  9263  8167  622.15955   27 1405  578.00000  636.64560  10.1%  1239 1775s
  9270  8174  628.90987   31 1430  578.00000  636.64560  10.1%  1241 1780s
  9277  8181  617.91353   34 1378  578.00000  636.64560  10.1%  1243 1785s
  9285  8189  620.89479   38 1385  578.00000  636.64560  10.1%  1246 1790s
  9293  8197  623.19505   42 1391  578.00000  636.64560  10.1%  1248 1795s
  9303  8207  619.44322   47 1380  578.00000  636.64560  10.1%  1250 1800s
  9313  8217  621.21444   52 1394  578.00000  636.64560  10.1%  1253 1805s
  9319  8223  618.19379   55 1366  578.00000  636.64560  10.1%  1254 1810s
  9331  8235  622.09428   61 1377  578.00000  636.64560  10.1%  1256 1815s
  9343  8247  619.92327   67 1364  578.00000  636.64560  10.1%  1258 1820s
  9351  8255  619.13346   71 1372  578.00000  636.64560  10.1%  1259 1825s
  9363  8267  618.79739   77 1366  578.00000  636.64560  10.1%  1261 1830s
  9380  8284  618.42571   86 1368  578.00000  636.64560  10.1%  1263 1835s
  9397  8301  609.77659   94 1320  578.00000  636.64560  10.1%  1265 1840s
  9415  8319  611.34668  103 1339  578.00000  636.64560  10.1%  1267 1845s
  9424  8328  613.83247  108 1349  578.00000  636.64560  10.1%  1267 1850s
  9445  8349  605.64622  118 1311  578.00000  636.64560  10.1%  1269 1856s
  9462  8366  609.80592  127 1314  578.00000  636.64560  10.1%  1270 1860s
  9490  8394  607.33917  141 1297  578.00000  636.64560  10.1%  1271 1865s
  9535  8439  600.25754  163 1251  578.00000  636.64560  10.1%  1271 1870s
  9623  8525  585.88648  207 1177  578.00000  636.64560  10.1%  1267 1875s
  9702  8571  623.30384   25 1412  578.00000  636.63622  10.1%  1262 1880s
  9718  8587  620.52124   41 1387  578.00000  636.63622  10.1%  1261 1897s
  9748  8617  614.91717   71 1353  578.00000  636.63622  10.1%  1259 1900s
  9891  8752  579.65974  207 1125  578.00000  636.63622  10.1%  1247 1905s
  9926  8771  627.55017   43 1420  578.00000  636.51951  10.1%  1245 1910s
  9970  8815  613.12307   87 1336  578.00000  636.51951  10.1%  1244 1915s
 10038  8883  594.66466  155 1209  578.00000  636.51951  10.1%  1239 1920s
 10124  8939  627.05563   40 1417  578.00000  636.50583  10.1%  1232 1925s
 10152  8967  622.37163   68 1389  578.00000  636.50583  10.1%  1231 1930s
 10203  9017  595.21581  208 1485  578.00000  636.50583  10.1%  1228 2696s
 10206  9019  633.86371   39 1489  578.00000  636.50583  10.1%  1228 2704s
 10207  9020  620.31826   60 1490  578.00000  634.52043  9.78%  1228 2708s
 10209  9021  590.69055  232 1492  578.00000  632.86265  9.49%  1228 2710s
 10213  9024  590.19413  233 1491  578.00000  632.75084  9.47%  1227 2725s
 10214  9024  583.46875  247 1488  578.00000  632.69343  9.46%  1227 2738s
 10216  9026  613.87760  126 1490  578.00000  632.67807  9.46%  1227 2754s
 10217  9026  594.33441  215 1486  578.00000  632.24029  9.38%  1227 2770s
 10221  9029  623.47643   43 1489  578.00000  632.11318  9.36%  1226 2789s
 10222  9030  618.57896  122 1486  578.00000  631.57679  9.27%  1226 2804s
 10226  9032  631.38305   50 1491  578.00000  631.38305  9.24%  1226 2822s
 10227  9033  587.32724  230 1493  578.00000  631.06012  9.18%  1225 2838s
 10231  9036  594.36414  182 1491  578.00000  630.96013  9.16%  1225 2856s
 10232  9036  613.98560  117 1491  578.00000  630.90826  9.15%  1225 2875s
 10234  9038  609.53316  164 1492  578.00000  630.89210  9.15%  1225 2895s
 10235  9038  579.00000  264 1488  578.00000  630.72916  9.12%  1224 2912s
 10238  9040  596.68440  193 1488  578.00000  630.65902  9.11%  1224 2932s
 10239  9041  594.88167  209 1490  578.00000  630.52661  9.09%  1224 2949s
 10242  9043  587.13422  237 1490  578.00000  630.48155  9.08%  1224 2967s
 10243  9044  606.44988  111 1491  578.00000  630.42357  9.07%  1223 2983s
 10246  9046  616.04420   85 1493  578.00000  630.38345  9.06%  1223 3001s
 10247  9046  618.53749  101 1492  578.00000  630.35473  9.06%  1223 3018s
 10249  9048  630.34627   55 1489  578.00000  630.34627  9.06%  1223 3036s
 10250  9048  608.29377  167 1490  578.00000  630.32996  9.05%  1223 3054s
 10252  9050  601.46018  185 1493  578.00000  630.31977  9.05%  1222 3073s
 10253  9050  579.43053  214 1492  578.00000  630.30451  9.05%  1222 3091s
 10255  9052  615.91557   86 1491  578.00000  630.29782  9.05%  1222 3107s
 10256  9052  582.33333  246 1491  578.00000  630.27478  9.04%  1222 3124s
 10257  9053  583.53793  249 1491  578.00000  630.26451  9.04%  1222 3125s
 10258  9054  600.51023  185 1490  578.00000  630.26020  9.04%  1222 3144s
 10259  9054  596.85039  143 1489  578.00000  630.22855  9.04%  1222 3161s
 10261  9056  602.12514  193 1490  578.00000  630.21458  9.03%  1221 3183s
 10262  9056  595.48735  162 1490  578.00000  630.13395  9.02%  1221 3203s
 10265  9058  588.97368  221 1490  578.00000  630.10919  9.02%  1221 3224s
 10266  9059  584.97980  242 1490  578.00000  630.09245  9.01%  1221 3244s
 10268  9060  612.94331  144 1490  578.00000  630.08193  9.01%  1220 3265s
 10269  9061  625.08379   87 1489  578.00000  630.05378  9.01%  1220 3284s
 10271  9062  630.03538   37 1489  578.00000  630.03538  9.00%  1220 3302s
 10272  9063  595.20742  209 1491  578.00000  629.99958  9.00%  1220 3319s
 10274  9064  583.00758  211 1491  578.00000  629.98164  8.99%  1220 3336s
 10275  9065  615.34993  125 1491  578.00000  629.95472  8.99%  1220 3353s
 10277  9066  587.31364  242 1490  578.00000  629.94603  8.99%  1219 3371s
 10278  9067  580.42262  276 1490  578.00000  629.91492  8.98%  1219 3388s
 10280  9068  591.36415  211 1491  578.00000  629.89543  8.98%  1219 3407s
 10281  9069  580.88095  253 1489  578.00000  629.82517  8.97%  1219 3426s
 10283  9070  584.41693  242 1491  578.00000  629.79658  8.96%  1219 3445s
 10284  9071  590.19413  233 1492  578.00000  629.75509  8.95%  1219 3464s
 10285  9072  600.06931  205 1492  578.00000  629.74294  8.95%  1218 3465s
 10286  9072  606.23883   57 1490  578.00000  629.73846  8.95%  1218 3483s
 10287  9073  622.49826   92 1491  578.00000  629.70098  8.94%  1218 3501s
 10288  9074  615.41302  139 1493  578.00000  629.69658  8.94%  1218 3521s
 10289  9074  621.90261   90 1487  578.00000  629.66736  8.94%  1218 3540s
 10291  9076  606.64751  139 1491  578.00000  629.64086  8.93%  1218 3560s
 10292  9076  604.25590  184 1488  578.00000  629.59356  8.93%  1218 3579s
 10294  9078  583.65849   97 1490  578.00000  629.57521  8.92%  1217 3599s

Cutting planes:
  Gomory: 4
  Clique: 1
  Flow cover: 69
  Zero half: 627
  RLT: 188
  BQP: 27

Explored 10294 nodes (12736718 simplex iterations) in 3600.08 seconds (4397.15 work units)
Thread count was 1 (of 24 available processors)

Solution count 10: 578 577 576 ... 568

Time limit reached
Best objective 5.780000000000e+02, best bound 6.290000000000e+02, gap 8.8235%

User-callback calls 184325, time in user-callback 1.20 sec
