
Gurobi 11.0.3 (linux64) logging started Thu Mar  5 17:04:10 2026

Set parameter LogFile to value "./log/train/IS_1500_6/IS_44.lp.log"
Set parameter TimeLimit to value 3600
Gurobi Optimizer version 11.0.3 build v11.0.3rc0 (linux64 - "Ubuntu 22.04.5 LTS")

CPU model: AMD Ryzen 9 9900X 12-Core Processor, instruction set [SSE2|AVX|AVX2|AVX512]
Thread count: 12 physical cores, 24 logical processors, using up to 2 threads

Optimize a model with 9199 rows, 1500 columns and 18128 nonzeros
Model fingerprint: 0x0b0e47ee
Variable types: 0 continuous, 1500 integer (1500 binary)
Coefficient statistics:
  Matrix range     [1e+00, 1e+00]
  Objective range  [1e+00, 1e+00]
  Bounds range     [1e+00, 1e+00]
  RHS range        [1e+00, 1e+00]
Found heuristic solution: objective 345.0000000
Presolve removed 1717 rows and 0 columns
Presolve time: 0.02s
Presolved: 7482 rows, 1500 columns, 16286 nonzeros
Variable types: 0 continuous, 1500 integer (1500 binary)

Root relaxation: objective 6.855000e+02, 4198 iterations, 0.20 seconds (0.34 work units)

    Nodes    |    Current Node    |     Objective Bounds      |     Work
 Expl Unexpl |  Obj  Depth IntInf | Incumbent    BestBd   Gap | It/Node Time

     0     0  685.50000    0 1339  345.00000  685.50000  98.7%     -    0s
H    0     0                     513.0000000  685.50000  33.6%     -    0s
     0     0  670.66204    0 1451  513.00000  670.66204  30.7%     -    0s
     0     0  663.34148    0 1478  513.00000  663.34148  29.3%     -    1s
H    0     0                     541.0000000  663.34148  22.6%     -    1s
     0     0  662.92056    0 1476  541.00000  662.92056  22.5%     -    1s
     0     0  662.77426    0 1480  541.00000  662.77426  22.5%     -    1s
     0     0  662.75694    0 1473  541.00000  662.75694  22.5%     -    1s
     0     0  662.75060    0 1477  541.00000  662.75060  22.5%     -    1s
     0     0  662.74992    0 1477  541.00000  662.74992  22.5%     -    1s
     0     0  657.90052    0 1479  541.00000  657.90052  21.6%     -    2s
     0     0  657.42206    0 1479  541.00000  657.42206  21.5%     -    2s
     0     0  657.37505    0 1479  541.00000  657.37505  21.5%     -    2s
     0     0  657.36080    0 1480  541.00000  657.36080  21.5%     -    2s
     0     0  657.35668    0 1481  541.00000  657.35668  21.5%     -    2s
     0     0  653.74569    0 1478  541.00000  653.74569  20.8%     -    3s
H    0     0                     542.0000000  653.74569  20.6%     -    3s
     0     0  653.31536    0 1482  542.00000  653.31536  20.5%     -    3s
     0     0  653.24235    0 1483  542.00000  653.24235  20.5%     -    3s
     0     0  653.22487    0 1486  542.00000  653.22487  20.5%     -    3s
     0     0  653.22183    0 1488  542.00000  653.22183  20.5%     -    3s
     0     0  650.94323    0 1486  542.00000  650.94323  20.1%     -    4s
     0     0  650.61608    0 1488  542.00000  650.61608  20.0%     -    4s
     0     0  650.57351    0 1489  542.00000  650.57351  20.0%     -    4s
     0     0  650.55382    0 1488  542.00000  650.55382  20.0%     -    4s
     0     0  650.55201    0 1491  542.00000  650.55201  20.0%     -    4s
     0     0  648.74759    0 1490  542.00000  648.74759  19.7%     -    5s
     0     0  648.50470    0 1489  542.00000  648.50470  19.7%     -    5s
     0     0  648.47106    0 1491  542.00000  648.47106  19.6%     -    5s
     0     0  648.46643    0 1491  542.00000  648.46643  19.6%     -    5s
     0     0  647.47402    0 1488  542.00000  647.47402  19.5%     -    5s
     0     0  647.29681    0 1487  542.00000  647.29681  19.4%     -    5s
     0     0  647.27387    0 1488  542.00000  647.27387  19.4%     -    5s
     0     0  647.26949    0 1490  542.00000  647.26949  19.4%     -    5s
     0     0  646.58612    0 1488  542.00000  646.58612  19.3%     -    6s
H    0     0                     544.0000000  646.58612  18.9%     -    6s
     0     0  646.41943    0 1489  544.00000  646.41943  18.8%     -    6s
     0     0  646.40021    0 1488  544.00000  646.40021  18.8%     -    6s
     0     0  646.39597    0 1490  544.00000  646.39597  18.8%     -    6s
     0     0  645.40295    0 1488  544.00000  645.40295  18.6%     -    7s
     0     0  645.14474    0 1484  544.00000  645.14474  18.6%     -    7s
     0     0  645.12766    0 1485  544.00000  645.12766  18.6%     -    7s
     0     0  645.12576    0 1486  544.00000  645.12576  18.6%     -    7s
     0     0  644.32144    0 1490  544.00000  644.32144  18.4%     -    7s
     0     0  644.22211    0 1492  544.00000  644.22211  18.4%     -    7s
     0     0  644.19695    0 1491  544.00000  644.19695  18.4%     -    7s
     0     0  644.18129    0 1492  544.00000  644.18129  18.4%     -    7s
     0     0  644.17775    0 1492  544.00000  644.17775  18.4%     -    7s
     0     0  643.88246    0 1490  544.00000  643.88246  18.4%     -    8s
     0     0  643.83383    0 1493  544.00000  643.83383  18.4%     -    8s
     0     0  643.82395    0 1493  544.00000  643.82395  18.3%     -    8s
     0     0  643.07257    0 1487  544.00000  643.07257  18.2%     -    8s
H    0     0                     545.0000000  643.07257  18.0%     -    8s
     0     0  642.96377    0 1487  545.00000  642.96377  18.0%     -    9s
     0     0  642.95565    0 1486  545.00000  642.95565  18.0%     -    9s
     0     0  642.24875    0 1488  545.00000  642.24875  17.8%     -    9s
     0     0  642.10724    0 1487  545.00000  642.10724  17.8%     -    9s
     0     0  642.08429    0 1488  545.00000  642.08429  17.8%     -    9s
     0     0  642.07865    0 1489  545.00000  642.07865  17.8%     -    9s
     0     0  641.77135    0 1489  545.00000  641.77135  17.8%     -   10s
     0     0  641.70031    0 1489  545.00000  641.70031  17.7%     -   10s
     0     0  641.69288    0 1491  545.00000  641.69288  17.7%     -   10s
     0     0  641.35786    0 1491  545.00000  641.35786  17.7%     -   10s
     0     0  641.27145    0 1492  545.00000  641.27145  17.7%     -   10s
     0     0  641.21282    0 1492  545.00000  641.21282  17.7%     -   11s
     0     0  641.20232    0 1494  545.00000  641.20232  17.7%     -   11s
     0     0  641.02328    0 1493  545.00000  641.02328  17.6%     -   11s
H    0     0                     548.0000000  641.02328  17.0%     -   11s
     0     0  640.97941    0 1491  548.00000  640.97941  17.0%     -   11s
     0     0  640.96971    0 1492  548.00000  640.96971  17.0%     -   11s
     0     0  640.78688    0 1491  548.00000  640.78688  16.9%     -   11s
     0     0  640.70755    0 1494  548.00000  640.70755  16.9%     -   11s
     0     0  640.69230    0 1493  548.00000  640.69230  16.9%     -   11s
     0     0  640.37064    0 1494  548.00000  640.37064  16.9%     -   12s
H    0     0                     552.0000000  640.37064  16.0%     -   12s
     0     0  640.32133    0 1491  552.00000  640.32133  16.0%     -   12s
     0     0  640.30602    0 1493  552.00000  640.30602  16.0%     -   12s
     0     0  640.00797    0 1491  552.00000  640.00797  15.9%     -   12s
     0     0  639.91985    0 1490  552.00000  639.91985  15.9%     -   12s
     0     0  639.90529    0 1491  552.00000  639.90529  15.9%     -   12s
     0     0  639.74113    0 1490  552.00000  639.74113  15.9%     -   13s
H    0     0                     554.0000000  639.74113  15.5%     -   13s
     0     0  639.68142    0 1492  554.00000  639.68142  15.5%     -   13s
     0     0  639.66932    0 1493  554.00000  639.66932  15.5%     -   13s
     0     0  639.37538    0 1490  554.00000  639.37538  15.4%     -   13s
     0     0  639.29408    0 1493  554.00000  639.29408  15.4%     -   13s
     0     0  639.27701    0 1493  554.00000  639.27701  15.4%     -   13s
     0     0  638.89193    0 1492  554.00000  638.89193  15.3%     -   14s
H    0     0                     555.0000000  638.89193  15.1%     -   14s
     0     0  638.83328    0 1492  555.00000  638.83328  15.1%     -   14s
     0     0  638.82465    0 1494  555.00000  638.82465  15.1%     -   14s
     0     0  638.67610    0 1493  555.00000  638.67610  15.1%     -   14s
     0     0  638.63827    0 1492  555.00000  638.63827  15.1%     -   14s
     0     0  638.63328    0 1493  555.00000  638.63328  15.1%     -   14s
     0     0  638.50821    0 1488  555.00000  638.50821  15.0%     -   14s
     0     0  638.50821    0 1487  555.00000  638.50821  15.0%     -   15s
H    0     0                     557.0000000  638.50821  14.6%     -   16s
H    0     2                     560.0000000  638.50821  14.0%     -   16s
     0     2  638.50821    0 1487  560.00000  638.50821  14.0%     -   16s
     7    10  631.92103    3 1447  560.00000  638.44863  14.0%  3314   20s
    25    29  614.89008    8 1359  560.00000  638.44863  14.0%  2726   25s
H   26    29                     562.0000000  638.44863  13.6%  2621   25s
H   52    60                     564.0000000  638.44863  13.2%  2425   29s
    59    64  594.87671   19 1267  564.00000  638.44863  13.2%  2347   30s
H   89    95                     565.0000000  638.44863  13.0%  2087   32s
H  123   125                     568.0000000  638.44863  12.4%  1769   33s
H  136   125                     570.0000000  638.44863  12.0%  1632   33s
   163   132  629.13199    3 1442  570.00000  638.12221  12.0%  1494   35s
   177   145  623.75914    6 1413  570.00000  638.12221  12.0%  1589   40s
H  199   149                     573.0000000  638.12221  11.4%  1660   43s
   201   153  608.26042   15 1336  573.00000  638.12221  11.4%  1672   45s
   234   180  596.94552   23 1276  573.00000  638.12221  11.4%  1661   50s
   281   227     cutoff   44       573.00000  637.98648  11.3%  1661   56s
H  287   225                     574.0000000  637.98648  11.1%  1631   56s
   318   237  631.92398   10 1446  574.00000  637.98648  11.1%  1604   60s
H  337   233                     577.0000000  637.98648  10.6%  1656   62s
   358   275  603.77241   25 1301  577.00000  637.98648  10.6%  1672   65s
   411   313  599.28298   49 1257  577.00000  637.98648  10.6%  1608   70s
   494   363  637.43578   13 1479  577.00000  637.73845  10.5%  1520   77s
   504   371  627.61398   15 1429  577.00000  637.73845  10.5%  1546   86s
   534   415  604.17938   23 1315  577.00000  637.73845  10.5%  1568   93s
   588   431  592.60034   29 1265  577.00000  637.61239  10.5%  1507   96s
   635   467  623.79009   11 1414  577.00000  637.61239  10.5%  1518  102s
   658   480  617.46029   15 1374  577.00000  637.61239  10.5%  1540  105s
   755   521  629.44559   12 1436  577.00000  637.35656  10.5%  1503  111s
   797   560  610.97371   20 1334  577.00000  637.35656  10.5%  1529  117s
   862   603  583.14202   31 1487  577.00000  637.35656  10.5%  1540  132s
   865   605  627.61313   16 1489  577.00000  637.35656  10.5%  1535  137s
   871   609  583.44366   42 1490  577.00000  637.35656  10.5%  1524  145s
   874   611  619.20678   17 1491  577.00000  637.35656  10.5%  1519  155s
   875   612  610.53597   23 1490  577.00000  637.35656  10.5%  1517  160s
   877   613  613.50287    8 1494  577.00000  637.35656  10.5%  1514  167s
   878   614  584.93119   39 1491  577.00000  637.35656  10.5%  1512  172s
   879   614  623.57962    8 1491  577.00000  637.35656  10.5%  1510  178s
   880   615  591.67447   39 1492  577.00000  637.35656  10.5%  1509  183s
   881   616  581.11604   73 1492  577.00000  637.35656  10.5%  1507  189s
   882   616  603.33680   23 1492  577.00000  637.35656  10.5%  1505  194s
   883   617  616.75780   28 1492  577.00000  637.35656  10.5%  1504  199s
   884   618  601.09589   35 1492  577.00000  637.35656  10.5%  1502  210s
   897   629  635.73883   17 1475  577.00000  637.29246  10.4%  1577  216s
   910   639  635.46768   20 1474  577.00000  637.29246  10.4%  1597  220s
   930   653  634.93768   24 1471  577.00000  637.29246  10.4%  1616  225s
   946   663  633.63365   28 1469  577.00000  637.29246  10.4%  1631  230s
   965   680  632.40873   32 1464  577.00000  637.29246  10.4%  1653  235s
   989   697  630.63781   38 1459  577.00000  637.29246  10.4%  1670  240s
  1022   720  628.30575   46 1451  577.00000  637.29246  10.4%  1685  246s
  1051   740  626.81961   52 1440  577.00000  637.29246  10.4%  1695  250s
  1071   753  625.52855   57 1428  577.00000  637.29246  10.4%  1710  255s
  1089   768  624.51613   61 1423  577.00000  637.29246  10.4%  1726  260s
  1127   792  621.65751   70 1415  577.00000  637.29246  10.4%  1738  266s
  1149   805  619.84674   76 1409  577.00000  637.29246  10.4%  1750  270s
  1171   823  618.40989   81 1403  577.00000  637.29246  10.4%  1774  276s
  1197   843  617.10693   87 1393  577.00000  637.29246  10.4%  1797  282s
  1213   852  616.18477   91 1395  577.00000  637.29246  10.4%  1809  285s
  1243   876  614.65270   98 1385  577.00000  637.29246  10.4%  1836  292s
  1261   888  613.95893  102 1378  577.00000  637.29246  10.4%  1851  295s
  1297   918  612.94674  110 1367  577.00000  637.29246  10.4%  1884  303s
  1321   931  612.23821  115 1365  577.00000  637.29246  10.4%  1896  306s
  1342   949  602.62556  119 1311  577.00000  637.29246  10.4%  1917  310s
  1367   969  610.79715  125 1351  577.00000  637.29246  10.4%  1927  315s
  1431  1021  608.40002  139 1328  577.00000  637.29246  10.4%  1952  323s
  1469  1052  607.38491  147 1323  577.00000  637.29246  10.4%  1962  328s
  1512  1094  599.44814  155 1277  577.00000  637.29246  10.4%  1970  333s
  1569  1164  605.46242  166 1292  577.00000  637.29246  10.4%  1961  338s
  1658  1231  603.86913  179 1270  577.00000  637.29246  10.4%  1919  342s
  1772  1249  600.85201  197 1251  577.00000  637.29246  10.4%  1846  347s
  1828  1317  592.98195  222 1227  577.00000  637.29246  10.4%  1832  352s
  1927  1290  578.56485  268 1134  577.00000  636.91158  10.4%  1783  358s
  1955  1294  636.48751   19 1477  577.00000  636.82757  10.4%  1787  363s
  1968  1302  636.11730   22 1473  577.00000  636.82757  10.4%  1802  369s
  1981  1312  635.76399   25 1471  577.00000  636.82757  10.4%  1819  375s
  1995  1319  635.30559   28 1467  577.00000  636.82757  10.4%  1838  382s
  2007  1333  634.68284   31 1466  577.00000  636.82757  10.4%  1854  388s
  2025  1345  633.95899   35 1459  577.00000  636.82757  10.4%  1875  394s
  2043  1359  633.27553   39 1457  577.00000  636.82757  10.4%  1894  401s
  2063  1375  632.71327   43 1449  577.00000  636.82757  10.4%  1913  408s
  2085  1390  631.93271   48 1443  577.00000  636.82757  10.4%  1933  415s
H 2095  1349                     578.0000000  636.82757  10.2%  1944  415s
  2108  1372  631.28551   53 1441  578.00000  636.82757  10.2%  1952  422s
  2135  1391  630.26432   59 1435  578.00000  636.82757  10.2%  1972  429s
  2163  1415  629.43347   65 1427  578.00000  636.82757  10.2%  1992  436s
  2197  1440  628.22039   72 1414  578.00000  636.82757  10.2%  2011  444s
  2233  1464  627.03604   79 1407  578.00000  636.82757  10.2%  2029  452s
  2269  1488  626.24014   86 1403  578.00000  636.82757  10.2%  2043  462s
  2305  1524  625.32097   95 1394  578.00000  636.82757  10.2%  2057  477s
  2353  1552  621.76530  105 1361  578.00000  636.82757  10.2%  2069  486s
  2397  1602  609.76813  116 1313  578.00000  636.82757  10.2%  2074  496s
  2462  1614  617.12196  129 1341  578.00000  636.82757  10.2%  2069  505s
  2495  1736  619.02724  139 1330  578.00000  636.82757  10.2%  2063  515s
  2628  1819  612.92989  157 1293  578.00000  636.82757  10.2%  2018  525s
  2780  1943  608.09278  182 1269  578.00000  636.82757  10.2%  1956  543s
  2908  2018  589.61173  241 1160  578.00000  636.33142  10.1%  1922  555s
  3006  2046  635.53991   22 1469  578.00000  636.33142  10.1%  1904  566s
  3034  2070  630.29850   27 1431  578.00000  636.33142  10.1%  1925  581s
  3058  2107  633.38901   33 1454  578.00000  636.33142  10.1%  1944  594s
  3095  2136  623.48737   41 1386  578.00000  636.33142  10.1%  1972  606s
  3124  2184  631.71452   48 1438  578.00000  636.33142  10.1%  1987  619s
  3172  2204  630.52985   58 1429  578.00000  636.33142  10.1%  2012  632s
  3192  2272  630.31017   61 1424  578.00000  636.33142  10.1%  2020  646s
  3260  2362  628.08978   74 1411  578.00000  636.33142  10.1%  2041  660s
  3350  2532  626.05126   90 1391  578.00000  636.33142  10.1%  2053  676s
  3520  2710  621.89669  112 1371  578.00000  636.33142  10.1%  2038  691s
  3723  2849  616.53493  140 1327  578.00000  636.33142  10.1%  1995  707s
  3862  2994  600.26336  200 1230  578.00000  636.11490  10.1%  1989  724s
  4039  3044  633.17555   22 1459  578.00000  636.11490  10.1%  1949  742s
  4089  3088  630.98121   34 1442  578.00000  636.11490  10.1%  1976  759s
  4133  3156  629.99081   45 1432  578.00000  636.11490  10.1%  1996  778s
  4201  3250  627.68791   61 1413  578.00000  636.11490  10.1%  2023  797s
  4295  3332  623.85439   82 1389  578.00000  636.11490  10.1%  2042  817s
  4377  3550  621.15730   99 1372  578.00000  636.11490  10.1%  2052  838s
  4595  3798  614.42453  138 1312  578.00000  636.11490  10.1%  2036  858s
  4872  4077  598.62110  196 1237  578.00000  635.73863  10.0%  1972  878s
  5171  4644  634.15116   23 1462  578.00000  635.73863  10.0%  1901  899s
  5765  5245  609.19265  158 1284  578.00000  635.70658  10.0%  1777  919s
  6390  5743  632.02115   27 1449  578.00000  635.70658  10.0%  1676  946s
  6888  6171  610.83078  132 1311  578.00000  635.70658  10.0%  1608  963s
  7349  6633  584.74072  222 1154  578.00000  635.49036  9.95%  1549  985s
  7852  7003  612.42247  152 1317  578.00000  635.49036  9.95%  1504  994s
  8222  7215  598.95162  200 1247  578.00000  635.49036  9.95%  1465 1001s
  8461  7457  588.11017  230 1193  578.00000  635.46768  9.94%  1440 1008s
  8731  7548  633.89200   24 1460  578.00000  635.46768  9.94%  1413 1014s
  8822  7681  627.78247   70 1404  578.00000  635.46768  9.94%  1411 1020s
  8955  7880  619.80472  108 1363  578.00000  635.46768  9.94%  1405 1027s
  9154  8159  610.66104  152 1302  578.00000  635.46768  9.94%  1391 1035s
  9467  8356  598.32769  194 1240  578.00000  635.46768  9.94%  1363 1042s
  9664  8383  585.36667  228 1168  578.00000  635.46768  9.94%  1351 1053s
  9691  8583  585.65714  230 1180  578.00000  635.43748  9.94%  1350 1059s
  9940  8687  631.93492   33 1444  578.00000  635.38457  9.93%  1329 1065s
 10044  8864  626.84307   70 1411  578.00000  635.38457  9.93%  1323 1071s
 10247  9018  610.13880  155 1309  578.00000  635.38345  9.93%  1310 1080s
 10433  9165  633.24116   27 1449  578.00000  635.38345  9.93%  1296 1086s
 10580  9372  623.16222   75 1362  578.00000  635.38345  9.93%  1290 1092s
 10825  9450     cutoff  201       578.00000  635.31652  9.92%  1273 1099s
 10934  9565  621.13882   51 1381  578.00000  635.31031  9.92%  1269 1105s
 11059  9737  623.85718   23 1417  578.00000  635.31031  9.92%  1265 1110s
 11231 10006  609.74058   98 1329  578.00000  635.30987  9.92%  1258 1116s
 11520 10222  628.18374   23 1427  578.00000  635.27456  9.91%  1243 1124s
 11764 10257  623.62805   21 1414  578.00000  635.25859  9.91%  1231 1131s
 11807 10328  607.10096   26 1335  578.00000  635.18775  9.89%  1236 1137s
 11900 10494  624.83888   22 1429  578.00000  635.18720  9.89%  1235 1143s
 12094 10607  630.27326   20 1428  578.00000  635.18205  9.89%  1227 1148s
 12207 10829  617.76876   87 1350  578.00000  635.15778  9.89%  1224 1155s
 12473 11013  620.90589   23 1414  578.00000  635.15778  9.89%  1211 1160s
 12681 11182  605.31442   97 1326  578.00000  635.03000  9.87%  1201 1166s
 12870 11330  623.35350   23 1411  578.00000  635.03000  9.87%  1194 1172s
 13018 11557  609.05993   96 1317  578.00000  635.03000  9.87%  1191 1178s
 13245 11706  581.17727  202 1190  578.00000  635.02962  9.87%  1182 1184s
 13446 11931  614.59957   61 1346  578.00000  635.01952  9.86%  1174 1191s
 13685 12025  623.26158   25 1413  578.00000  635.01921  9.86%  1165 1197s
 13800 12048  628.66869   21 1423  578.00000  634.94530  9.85%  1164 1203s
 13823 12078  626.95226   28 1421  578.00000  634.94530  9.85%  1169 1210s
 13853 12107  625.72278   37 1406  578.00000  634.94530  9.85%  1175 1216s
 13882 12138  624.49020   46 1396  578.00000  634.94530  9.85%  1180 1223s
 13913 12177  623.04226   56 1387  578.00000  634.94530  9.85%  1186 1230s
 13952 12218  619.90270   69 1367  578.00000  634.94530  9.85%  1192 1238s
 13993 12268  616.06883   84 1348  578.00000  634.94530  9.85%  1197 1247s
 14043 12347  612.81231  102 1325  578.00000  634.94530  9.85%  1202 1254s
 14122 12504  606.38274  132 1279  578.00000  634.94530  9.85%  1206 1262s
 14279 12596  585.73511  201 1132  578.00000  634.93765  9.85%  1207 1269s
 14412 12790  623.36219   68 1384  578.00000  634.93682  9.85%  1205 1276s
 14623 12791  630.93187   39 1487  578.00000  634.93682  9.85%  1199 1753s
 14626 12793  610.50698   92 1490  578.00000  634.93682  9.85%  1198 1762s
 14628 12794  625.07663   87 1489  578.00000  632.15990  9.37%  1198 1765s
 14633 12798  594.25184  203 1492  578.00000  631.82006  9.31%  1198 1779s
 14634 12798  596.24153  200 1490  578.00000  631.77327  9.30%  1198 1792s
 14636 12800  592.82613  141 1492  578.00000  631.76048  9.30%  1198 1807s
 14637 12800  596.88140  197 1491  578.00000  631.51743  9.26%  1198 1819s
 14639 12802  628.12868   42 1492  578.00000  631.41765  9.24%  1197 1832s
 14640 12802  604.43846  179 1491  578.00000  631.31906  9.22%  1197 1844s
 14643 12804  619.04153   93 1494  578.00000  631.28460  9.22%  1197 1858s
 14644 12805  626.14925   40 1490  578.00000  631.23883  9.21%  1197 1870s
 14646 12806  580.26068  262 1491  578.00000  631.20738  9.21%  1197 1883s
 14647 12807  593.77620  174 1494  578.00000  630.97651  9.17%  1197 1895s
 14651 12810  579.93750  249 1491  578.00000  630.86028  9.15%  1196 1910s
 14652 12810  615.10324  130 1491  578.00000  630.64687  9.11%  1196 1923s
 14656 12813  592.98922  199 1489  578.00000  630.55643  9.09%  1196 1937s
 14657 12814  608.60588  151 1489  578.00000  630.47321  9.08%  1196 1950s
 14659 12815  615.80673  114 1491  578.00000  630.44247  9.07%  1196 1965s
 14660 12816  618.68893  123 1492  578.00000  630.31669  9.05%  1196 1974s
 14662 12817  616.02552   44 1492  578.00000  630.27268  9.04%  1195 1975s
 14663 12818  596.06839  184 1493  578.00000  630.27005  9.04%  1195 1987s
 14664 12818  590.67176  231 1490  578.00000  630.13478  9.02%  1195 2000s
 14667 12820  621.17059   75 1492  578.00000  630.07123  9.01%  1195 2016s
 14668 12821  597.07882  193 1494  578.00000  629.93134  8.98%  1195 2028s
 14671 12823  618.75364   24 1494  578.00000  629.86376  8.97%  1195 2045s
 14672 12824  581.14905  211 1492  578.00000  629.78744  8.96%  1195 2060s
 14674 12825  611.58344  137 1492  578.00000  629.76921  8.96%  1195 2078s
 14675 12826  607.72400  152 1492  578.00000  629.69567  8.94%  1194 2093s
 14677 12827  619.03687   53 1493  578.00000  629.67505  8.94%  1194 2110s
 14678 12828  613.88105   75 1491  578.00000  629.63346  8.93%  1194 2125s
 14679 12828  612.92856  140 1491  578.00000  629.62852  8.93%  1194 2143s
 14680 12829  586.03825  226 1492  578.00000  629.59366  8.93%  1194 2157s
 14682 12830  611.61742   77 1493  578.00000  629.57956  8.92%  1194 2171s
 14683 12831  617.82292   80 1493  578.00000  629.56606  8.92%  1194 2184s
 14684 12832  603.08554  147 1493  578.00000  629.56150  8.92%  1194 2198s
 14685 12832  581.72297  240 1493  578.00000  629.54541  8.92%  1194 2212s
 14687 12834  600.73321  155 1494  578.00000  629.53683  8.92%  1193 2226s
 14688 12834  611.22245  163 1492  578.00000  629.52413  8.91%  1193 2242s
 14689 12835  581.09091  244 1496  578.00000  629.52113  8.91%  1193 2260s
 14690 12836  584.03247  173 1496  578.00000  629.52010  8.91%  1193 2276s
 14691 12836  605.02854  170 1496  578.00000  629.51980  8.91%  1193 2293s
 14692 12837  592.71831  221 1493  578.00000  629.49623  8.91%  1193 2308s
 14694 12838  624.57496   85 1492  578.00000  629.48662  8.91%  1193 2322s
 14695 12839  599.50407  161 1493  578.00000  629.48116  8.91%  1193 2338s
 14696 12840  594.58274  205 1492  578.00000  629.47934  8.91%  1193 2354s
 14697 12840  614.75871  126 1492  578.00000  629.47805  8.91%  1193 2370s
 14698 12841  600.31847  142 1492  578.00000  629.47790  8.91%  1193 2387s
 14699 12842  601.56223  174 1493  578.00000  629.47783  8.91%  1192 2405s
 14700 12842  628.36410   31 1493  578.00000  629.47775  8.91%  1192 2423s
 14701 12843  579.85000  246 1493  578.00000  629.47773  8.91%  1192 2443s
 14702 12844  628.60547   31 1493  578.00000  629.47773  8.91%  1192 2459s
 14703 12844  586.35368  235 1493  578.00000  629.46765  8.90%  1192 2494s
 14704 12845  625.07663   87 1493  578.00000  629.45719  8.90%  1192 2512s
 14705 12846  599.19586  204 1493  578.00000  629.45719  8.90%  1192 2527s
 14706 12849  629.20016   27 1492  578.00000  629.45719  8.90%  1198 2530s
 14720 12859  627.93124   31 1489  578.00000  628.64218  8.76%  1199 2535s
 14732 12868  627.17953   34 1487  578.00000  628.64218  8.76%  1201 2540s
 14746 12878  626.49439   37 1482  578.00000  628.64218  8.76%  1202 2545s
 14762 12889  625.28863   41 1476  578.00000  628.64218  8.76%  1204 2550s
 14774 12897  624.63362   44 1473  578.00000  628.64218  8.76%  1205 2556s
 14787 12904  624.16311   47 1469  578.00000  628.64218  8.76%  1206 2561s
 14790 12907  623.85791   48 1468  578.00000  628.64218  8.76%  1207 2568s
 14794 12911  623.60511   49 1468  578.00000  628.64218  8.76%  1207 2570s
 14810 12923  621.81490   52 1457  578.00000  628.64218  8.76%  1209 2575s
 14820 12925  621.76194   55 1464  578.00000  628.64218  8.76%  1210 2581s
 14828 12936  621.48039   57 1462  578.00000  628.64218  8.76%  1211 2585s
 14842 12944  620.58727   60 1458  578.00000  628.64218  8.76%  1212 2590s
 14848 12944  620.34829   61 1456  578.00000  628.64218  8.76%  1213 2604s
 14850 12953  619.82976   61 1449  578.00000  628.64218  8.76%  1213 2606s
 14860 12961  619.47720   64 1456  578.00000  628.64218  8.76%  1214 2610s
 14882 12975  618.06477   69 1447  578.00000  628.64218  8.76%  1216 2616s
 14904 12990  615.40848   73 1433  578.00000  628.64218  8.76%  1218 2621s
 14925 13005  615.38196   78 1437  578.00000  628.64218  8.76%  1220 2628s
 14937 13013  612.20052   80 1422  578.00000  628.64218  8.76%  1222 2632s
 14949 13022  614.27044   83 1432  578.00000  628.64218  8.76%  1223 2636s
 14962 13032  613.71021   86 1425  578.00000  628.64218  8.76%  1225 2640s
 14990 13052  612.22057   92 1419  578.00000  628.64218  8.76%  1228 2648s
 15005 13065  605.85617   95 1388  578.00000  628.64218  8.76%  1230 2653s
 15023 13076  607.03654   98 1399  578.00000  628.64218  8.76%  1232 2658s
 15040 13090  610.17528  102 1408  578.00000  628.64218  8.76%  1234 2663s
 15060 13101  609.22795  106 1406  578.00000  628.64218  8.76%  1236 2669s
 15078 13115  608.82852  110 1401  578.00000  628.64218  8.76%  1239 2675s
 15098 13129  608.36133  114 1396  578.00000  628.64218  8.76%  1242 2682s
 15118 13146  607.82462  118 1392  578.00000  628.64218  8.76%  1244 2687s
 15142 13165  607.43719  122 1387  578.00000  628.64218  8.76%  1247 2694s
 15169 13185  597.56234  127 1340  578.00000  628.64218  8.76%  1250 2700s
 15198 13215  606.07937  132 1370  578.00000  628.64218  8.76%  1253 2706s
 15238 13238  604.86478  139 1365  578.00000  628.64218  8.76%  1255 2713s
 15278 13279  604.15670  145 1358  578.00000  628.64218  8.76%  1257 2720s
 15334 13315  602.60545  153 1348  578.00000  628.64218  8.76%  1258 2727s
 15406 13315  601.33231  161 1335  578.00000  628.64218  8.76%  1258 2735s
 15430 13338  600.03935  170 1327  578.00000  628.64218  8.76%  1261 2742s
 15461 13330  597.48584  182 1305  578.00000  628.64218  8.76%  1263 2770s
 15463 13366  592.52838  182 1278  578.00000  628.64218  8.76%  1264 2777s
 15500 13394  594.47281  197 1281  578.00000  628.64218  8.76%  1266 2785s
 15540 13441  591.70550  213 1265  578.00000  628.64218  8.76%  1268 2794s
 15605 13452  583.88617  241 1217  578.00000  628.24603  8.69%  1269 2804s
 15650 13450  627.95729   31 1482  578.00000  627.98912  8.65%  1269 2812s
 15663 13462  627.51009   34 1481  578.00000  627.98912  8.65%  1272 2820s
 15680 13477  626.87251   38 1475  578.00000  627.98912  8.65%  1276 2830s
 15700 13490  626.51290   42 1471  578.00000  627.98912  8.65%  1279 2840s
 15720 13507  626.02824   46 1462  578.00000  627.98912  8.65%  1283 2850s
 15744 13524  625.30932   51 1457  578.00000  627.98912  8.65%  1287 2859s
 15769 13545  620.44065   56 1420  578.00000  627.98912  8.65%  1291 2870s
 15798 13567  624.11371   62 1443  578.00000  627.98912  8.65%  1296 2881s
 15830 13596  623.42978   69 1435  578.00000  627.98912  8.65%  1300 2893s
 15869 13624  622.53024   77 1431  578.00000  627.98912  8.65%  1305 2906s
 15910 13661  621.53558   84 1424  578.00000  627.98912  8.65%  1309 2918s
 15961 13710  616.19324   92 1391  578.00000  627.98912  8.65%  1313 2933s
 16027 13773  618.23699  102 1404  578.00000  627.98912  8.65%  1316 2948s
 16114 13833  617.66919  106 1401  578.00000  627.98912  8.65%  1316 2965s
 16218 13800  615.64600  118 1386  578.00000  627.98912  8.65%  1317 2985s
 16220 13848  613.76712  118 1377  578.00000  627.98912  8.65%  1317 3002s
 16268 13894  611.93795  136 1361  578.00000  627.98912  8.65%  1322 3018s
 16330 13965  605.56211  160 1321  578.00000  627.98912  8.65%  1327 3035s
 16422 14045  595.86738  198 1261  578.00000  627.92046  8.64%  1331 3052s
 16554 14035  627.01306   34 1480  578.00000  627.92046  8.64%  1331 3071s
 16588 14067  626.36728   41 1467  578.00000  627.92046  8.64%  1338 3089s
 16631 14107  625.39819   49 1462  578.00000  627.92046  8.64%  1344 3108s
 16685 14107  624.01238   58 1454  578.00000  627.92046  8.64%  1351 3137s
 16703 14171  623.61478   61 1448  578.00000  627.92046  8.64%  1353 3157s
 16773 14257  622.64453   71 1438  578.00000  627.92046  8.64%  1360 3177s
 16883 14372  620.41929   85 1416  578.00000  627.92046  8.64%  1365 3198s
 17060 14334  617.24473  103 1391  578.00000  627.92046  8.64%  1365 3222s
 17081 14394  613.99634  106 1378  578.00000  627.92046  8.64%  1368 3246s
 17148 14473  612.56994  130 1367  578.00000  627.92046  8.64%  1376 3270s
 17250 14616  603.32850  170 1295  578.00000  627.31292  8.53%  1381 3295s
 17461 14599  626.04445   32 1467  578.00000  627.31292  8.53%  1381 3321s
 17514 14648  624.59888   43 1454  578.00000  627.31292  8.53%  1389 3348s
 17581 14723  622.90422   56 1444  578.00000  627.31292  8.53%  1397 3375s
 17678 14875  617.67296   72 1399  578.00000  627.31292  8.53%  1406 3403s
 17864 14999  617.44374   93 1395  578.00000  627.31292  8.53%  1410 3431s
 18077 15239  611.23715  125 1356  578.00000  627.31292  8.53%  1408 3460s
 18388 15510  599.28267  178 1285  578.00000  627.07435  8.49%  1405 3490s
 18827 15921  615.23751  105 1386  578.00000  626.97691  8.47%  1388 3521s
 19440 15874  625.62966   35 1467  578.00000  626.97656  8.47%  1367 3554s
 19598 16180  608.84796  116 1343  578.00000  626.97656  8.47%  1366 3600s

Cutting planes:
  Gomory: 5
  Flow cover: 73
  Zero half: 949
  Mod-K: 1
  RLT: 323
  BQP: 55

Explored 19956 nodes (27217476 simplex iterations) in 3600.00 seconds (9649.49 work units)
Thread count was 2 (of 24 available processors)

Solution count 10: 578 577 574 ... 560

Time limit reached
Best objective 5.780000000000e+02, best bound 6.260000000000e+02, gap 8.3045%

User-callback calls 313500, time in user-callback 0.93 sec

Gurobi 11.0.3 (linux64) logging started Sat Mar  7 14:20:15 2026

Set parameter LogFile to value "./log/train/IS_1500_6/IS_44.lp.log"
Set parameter TimeLimit to value 3600
Gurobi Optimizer version 11.0.3 build v11.0.3rc0 (linux64 - "Ubuntu 22.04.5 LTS")

CPU model: AMD Ryzen 9 9900X 12-Core Processor, instruction set [SSE2|AVX|AVX2|AVX512]
Thread count: 12 physical cores, 24 logical processors, using up to 1 threads

Optimize a model with 9199 rows, 1500 columns and 18128 nonzeros
Model fingerprint: 0x0b0e47ee
Variable types: 0 continuous, 1500 integer (1500 binary)
Coefficient statistics:
  Matrix range     [1e+00, 1e+00]
  Objective range  [1e+00, 1e+00]
  Bounds range     [1e+00, 1e+00]
  RHS range        [1e+00, 1e+00]
Found heuristic solution: objective 345.0000000
Presolve removed 1717 rows and 0 columns
Presolve time: 0.05s
Presolved: 7482 rows, 1500 columns, 16286 nonzeros
Variable types: 0 continuous, 1500 integer (1500 binary)

Root relaxation: objective 6.855000e+02, 4198 iterations, 0.27 seconds (0.34 work units)

    Nodes    |    Current Node    |     Objective Bounds      |     Work
 Expl Unexpl |  Obj  Depth IntInf | Incumbent    BestBd   Gap | It/Node Time

     0     0  685.50000    0 1339  345.00000  685.50000  98.7%     -    0s
H    0     0                     513.0000000  685.50000  33.6%     -    0s
     0     0  670.66204    0 1451  513.00000  670.66204  30.7%     -    1s
     0     0  663.34148    0 1478  513.00000  663.34148  29.3%     -    2s
H    0     0                     541.0000000  663.34148  22.6%     -    2s
     0     0  662.92056    0 1476  541.00000  662.92056  22.5%     -    2s
     0     0  662.77426    0 1480  541.00000  662.77426  22.5%     -    2s
     0     0  662.75694    0 1473  541.00000  662.75694  22.5%     -    2s
     0     0  662.75060    0 1477  541.00000  662.75060  22.5%     -    2s
     0     0  662.74992    0 1477  541.00000  662.74992  22.5%     -    2s
     0     0  657.90052    0 1479  541.00000  657.90052  21.6%     -    4s
     0     0  657.42206    0 1479  541.00000  657.42206  21.5%     -    4s
     0     0  657.37505    0 1479  541.00000  657.37505  21.5%     -    4s
     0     0  657.36080    0 1480  541.00000  657.36080  21.5%     -    4s
     0     0  657.35668    0 1481  541.00000  657.35668  21.5%     -    4s
     0     0  653.74569    0 1478  541.00000  653.74569  20.8%     -    5s
H    0     0                     542.0000000  653.74569  20.6%     -    5s
     0     0  653.31536    0 1482  542.00000  653.31536  20.5%     -    5s
     0     0  653.24235    0 1483  542.00000  653.24235  20.5%     -    5s
     0     0  653.22487    0 1486  542.00000  653.22487  20.5%     -    5s
     0     0  653.22183    0 1488  542.00000  653.22183  20.5%     -    5s
     0     0  650.94323    0 1486  542.00000  650.94323  20.1%     -    6s
     0     0  650.61608    0 1488  542.00000  650.61608  20.0%     -    7s
     0     0  650.57351    0 1489  542.00000  650.57351  20.0%     -    7s
     0     0  650.55382    0 1488  542.00000  650.55382  20.0%     -    7s
     0     0  650.55201    0 1491  542.00000  650.55201  20.0%     -    7s
     0     0  648.74759    0 1490  542.00000  648.74759  19.7%     -    8s
     0     0  648.50470    0 1489  542.00000  648.50470  19.7%     -    8s
     0     0  648.47106    0 1491  542.00000  648.47106  19.6%     -    8s
     0     0  648.46643    0 1491  542.00000  648.46643  19.6%     -    8s
     0     0  647.47402    0 1488  542.00000  647.47402  19.5%     -    9s
     0     0  647.29681    0 1487  542.00000  647.29681  19.4%     -    9s
     0     0  647.27387    0 1488  542.00000  647.27387  19.4%     -    9s
     0     0  647.26949    0 1490  542.00000  647.26949  19.4%     -    9s
     0     0  646.58612    0 1488  542.00000  646.58612  19.3%     -   10s
H    0     0                     544.0000000  646.58612  18.9%     -   10s
     0     0  646.41943    0 1489  544.00000  646.41943  18.8%     -   10s
     0     0  646.40021    0 1488  544.00000  646.40021  18.8%     -   10s
     0     0  646.39597    0 1490  544.00000  646.39597  18.8%     -   10s
     0     0  645.40295    0 1488  544.00000  645.40295  18.6%     -   11s
     0     0  645.14474    0 1484  544.00000  645.14474  18.6%     -   11s
     0     0  645.12766    0 1485  544.00000  645.12766  18.6%     -   11s
     0     0  645.12576    0 1486  544.00000  645.12576  18.6%     -   11s
     0     0  644.32144    0 1490  544.00000  644.32144  18.4%     -   12s
     0     0  644.22211    0 1492  544.00000  644.22211  18.4%     -   12s
     0     0  644.19695    0 1491  544.00000  644.19695  18.4%     -   12s
     0     0  644.18129    0 1492  544.00000  644.18129  18.4%     -   12s
     0     0  644.17775    0 1492  544.00000  644.17775  18.4%     -   12s
     0     0  643.88246    0 1490  544.00000  643.88246  18.4%     -   13s
     0     0  643.83383    0 1493  544.00000  643.83383  18.4%     -   13s
     0     0  643.82395    0 1493  544.00000  643.82395  18.3%     -   13s
     0     0  643.07257    0 1487  544.00000  643.07257  18.2%     -   14s
H    0     0                     545.0000000  643.07257  18.0%     -   14s
     0     0  642.96377    0 1487  545.00000  642.96377  18.0%     -   14s
     0     0  642.95565    0 1486  545.00000  642.95565  18.0%     -   14s
     0     0  642.24875    0 1488  545.00000  642.24875  17.8%     -   15s
     0     0  642.10724    0 1487  545.00000  642.10724  17.8%     -   15s
     0     0  642.08429    0 1488  545.00000  642.08429  17.8%     -   15s
     0     0  642.07865    0 1489  545.00000  642.07865  17.8%     -   15s
     0     0  641.77135    0 1489  545.00000  641.77135  17.8%     -   16s
     0     0  641.70031    0 1489  545.00000  641.70031  17.7%     -   16s
     0     0  641.69288    0 1491  545.00000  641.69288  17.7%     -   16s
     0     0  641.35786    0 1491  545.00000  641.35786  17.7%     -   17s
     0     0  641.27145    0 1492  545.00000  641.27145  17.7%     -   17s
     0     0  641.21282    0 1492  545.00000  641.21282  17.7%     -   17s
     0     0  641.20232    0 1494  545.00000  641.20232  17.7%     -   17s
     0     0  641.02328    0 1493  545.00000  641.02328  17.6%     -   17s
H    0     0                     548.0000000  641.02328  17.0%     -   17s
     0     0  640.97941    0 1491  548.00000  640.97941  17.0%     -   18s
     0     0  640.96971    0 1492  548.00000  640.96971  17.0%     -   18s
     0     0  640.78688    0 1491  548.00000  640.78688  16.9%     -   18s
     0     0  640.70755    0 1494  548.00000  640.70755  16.9%     -   18s
     0     0  640.69230    0 1493  548.00000  640.69230  16.9%     -   18s
     0     0  640.37064    0 1494  548.00000  640.37064  16.9%     -   19s
H    0     0                     552.0000000  640.37064  16.0%     -   19s
     0     0  640.32133    0 1491  552.00000  640.32133  16.0%     -   19s
     0     0  640.30602    0 1493  552.00000  640.30602  16.0%     -   19s
     0     0  640.00797    0 1491  552.00000  640.00797  15.9%     -   20s
     0     0  639.91985    0 1490  552.00000  639.91985  15.9%     -   20s
     0     0  639.90529    0 1491  552.00000  639.90529  15.9%     -   20s
     0     0  639.74113    0 1490  552.00000  639.74113  15.9%     -   21s
H    0     0                     554.0000000  639.74113  15.5%     -   21s
     0     0  639.68142    0 1492  554.00000  639.68142  15.5%     -   21s
     0     0  639.66932    0 1493  554.00000  639.66932  15.5%     -   21s
     0     0  639.37538    0 1490  554.00000  639.37538  15.4%     -   21s
     0     0  639.29408    0 1493  554.00000  639.29408  15.4%     -   22s
     0     0  639.27701    0 1493  554.00000  639.27701  15.4%     -   22s
     0     0  638.89193    0 1492  554.00000  638.89193  15.3%     -   22s
H    0     0                     555.0000000  638.89193  15.1%     -   22s
     0     0  638.83328    0 1492  555.00000  638.83328  15.1%     -   23s
     0     0  638.82465    0 1494  555.00000  638.82465  15.1%     -   23s
     0     0  638.67610    0 1493  555.00000  638.67610  15.1%     -   23s
     0     0  638.63827    0 1492  555.00000  638.63827  15.1%     -   23s
     0     0  638.63328    0 1493  555.00000  638.63328  15.1%     -   23s
     0     0  638.50821    0 1488  555.00000  638.50821  15.0%     -   23s
     0     0  638.50821    0 1487  555.00000  638.50821  15.0%     -   24s
H    0     0                     557.0000000  638.50821  14.6%     -   26s
H    0     0                     560.0000000  638.50821  14.0%     -   26s
     0     2  638.50764    0 1487  560.00000  638.50764  14.0%     -   26s
     9    11  612.85281    7 1362  560.00000  638.44963  14.0%  2578   31s
    19    21  612.90200   13 1349  560.00000  638.44963  14.0%  2662   35s
H   26    26                     562.0000000  638.44963  13.6%  2247   36s
    39    41  594.75306   27 1266  562.00000  638.44963  13.6%  2240   40s
H   52    52                     564.0000000  638.44963  13.2%  1978   42s
H  104    88                     567.0000000  638.44963  12.6%  1287   44s
   108    88  638.17284    3 1488  567.00000  638.44863  12.6%  1266   45s
   112    92  630.98394    5 1441  567.00000  638.44863  12.6%  1401   50s
   126   106  618.08673   16 1378  567.00000  638.44863  12.6%  1474   55s
   146   126  598.98773   32 1293  567.00000  638.44863  12.6%  1482   60s
H  191   149                     568.0000000  638.44863  12.4%  1345   66s
   200   160  620.97705    9 1395  568.00000  638.17183  12.4%  1427   70s
   202   162  620.55625   11 1392  568.00000  638.17183  12.4%  1420   77s
   210   170  612.99235   17 1338  568.00000  638.17183  12.4%  1439   80s
H  218   171                     569.0000000  638.17183  12.2%  1469   83s
   226   181  612.34997   28 1338  569.00000  638.17183  12.2%  1478   85s
H  245   184                     572.0000000  638.17183  11.6%  1514   89s
   250   191  597.98597   42 1268  572.00000  638.17183  11.6%  1516   90s
   326   253  634.13261    4 1451  572.00000  637.93082  11.5%  1376   96s
   331   258  627.71203    7 1422  572.00000  637.93082  11.5%  1414  100s
   340   267  602.32059   12 1309  572.00000  637.93082  11.5%  1467  105s
   369   284  631.95525   10 1447  572.00000  637.92825  11.5%  1449  111s
   379   294  602.49360   17 1312  572.00000  637.92825  11.5%  1479  115s
   405   320  591.94813   36 1255  572.00000  637.92825  11.5%  1479  120s
   445   351  624.98212    6 1416  572.00000  637.83068  11.5%  1463  126s
   454   360  606.13299   11 1335  572.00000  637.83068  11.5%  1493  130s
H  461   360                     573.0000000  637.83068  11.3%  1489  132s
   475   376  592.38056   26 1263  573.00000  637.83068  11.3%  1499  135s
   513   396  631.84199    7 1451  573.00000  637.68123  11.3%  1458  140s
   521   404  597.02959   12 1279  573.00000  637.68123  11.3%  1488  145s
   562   425  631.93899    8 1450  573.00000  637.56024  11.3%  1442  150s
   570   433  623.87556   13 1404  573.00000  637.56024  11.3%  1478  156s
   574   436  595.11855   23 1487  573.00000  637.56024  11.3%  1471  171s
   577   438  583.30519   37 1490  573.00000  637.56024  11.3%  1463  179s
   578   439  624.67298   17 1492  573.00000  637.56024  11.3%  1461  182s
   583   442  601.66642   16 1492  573.00000  637.56024  11.3%  1448  191s
   584   443  577.09118   50 1492  573.00000  637.56024  11.3%  1446  199s
   586   444  610.65633   22 1494  573.00000  637.56024  11.3%  1441  209s
   587   445  589.16993   35 1492  573.00000  637.56024  11.3%  1439  219s
   590   447  609.36447   13 1493  573.00000  637.56024  11.3%  1431  229s
   591   447  596.62833   24 1492  573.00000  637.56024  11.3%  1429  238s
   593   449  623.49767    6 1495  573.00000  637.56024  11.3%  1424  248s
   594   449  620.21559   13 1492  573.00000  637.56024  11.3%  1422  258s
   596   451  587.35397   28 1492  573.00000  637.56024  11.3%  1417  268s
   597   451  594.61540   36 1491  573.00000  637.56024  11.3%  1414  278s
   598   452  615.05634   12 1491  573.00000  637.56024  11.3%  1412  288s
   599   453  583.23715   79 1493  573.00000  637.56024  11.3%  1410  298s
   603   455  584.12673   77 1491  573.00000  637.56024  11.3%  1400  300s
   606   457  575.88700   30 1490  573.00000  637.56024  11.3%  1393  319s
   607   460  637.24752   14 1485  573.00000  637.56024  11.3%  1485  321s
   612   463  636.17983   16 1476  573.00000  637.22427  11.2%  1498  325s
   620   469  635.49376   20 1475  573.00000  637.22427  11.2%  1510  330s
   627   473  635.26935   24 1482  573.00000  637.22427  11.2%  1523  335s
   637   480  634.01396   29 1470  573.00000  637.22427  11.2%  1536  340s
   648   487  631.01336   34 1450  573.00000  637.22427  11.2%  1555  345s
   657   493  631.54235   39 1451  573.00000  637.22427  11.2%  1565  350s
   668   501  628.24714   44 1430  573.00000  637.22427  11.2%  1579  355s
   678   507  612.67760   49 1358  573.00000  637.22427  11.2%  1594  360s
   686   513  617.57631   53 1394  573.00000  637.22427  11.2%  1620  365s
   693   517  625.42940   57 1417  573.00000  637.22427  11.2%  1636  370s
   703   524  624.14585   62 1412  573.00000  637.22427  11.2%  1655  375s
   715   532  623.01276   68 1400  573.00000  637.22427  11.2%  1658  380s
   723   537  621.77809   72 1398  573.00000  637.22427  11.2%  1671  385s
   734   545  611.40891   77 1361  573.00000  637.22427  11.2%  1688  390s
   746   553  619.66845   83 1391  573.00000  637.22427  11.2%  1697  395s
   758   561  620.02900   89 1396  573.00000  637.22427  11.2%  1708  400s
   773   571  617.19607   97 1387  573.00000  637.22427  11.2%  1715  405s
   793   584  613.87122  107 1369  573.00000  637.22427  11.2%  1718  410s
   814   598  604.42037  117 1332  573.00000  637.22427  11.2%  1725  415s
   834   611  608.25538  127 1344  573.00000  637.22427  11.2%  1724  420s
   856   626  594.70634  138 1280  573.00000  637.22427  11.2%  1728  425s
   884   645  599.20405  152 1270  573.00000  637.22427  11.2%  1724  430s
   910   662  592.91681  165 1243  573.00000  637.22427  11.2%  1726  435s
H  930   649                     574.0000000  637.22427  11.0%  1724  438s
   940   658  588.01691  180 1213  574.00000  637.22427  11.0%  1725  440s
   974   681  589.53064  197 1209  574.00000  637.22427  11.0%  1717  445s
  1018   710  586.06731  219 1144  574.00000  637.22427  11.0%  1702  450s
  1134   760  636.97126   15 1482  574.00000  637.22071  11.0%  1578  455s
  1140   764  631.67942   18 1442  574.00000  637.22071  11.0%  1596  461s
  1144   767  632.22989   20 1454  574.00000  637.22071  11.0%  1608  465s
  1150   771  631.50698   23 1450  574.00000  637.22071  11.0%  1621  470s
  1156   775  629.32929   26 1440  574.00000  637.22071  11.0%  1635  475s
  1162   779  628.70983   29 1431  574.00000  637.22071  11.0%  1648  480s
  1170   784  629.79858   33 1432  574.00000  637.22071  11.0%  1664  485s
  1177   789  633.18903   37 1455  574.00000  637.22071  11.0%  1677  490s
  1186   795  624.86030   41 1405  574.00000  637.22071  11.0%  1698  495s
  1194   800  628.16243   45 1426  574.00000  637.22071  11.0%  1716  501s
  1200   804  625.77058   48 1418  574.00000  637.22071  11.0%  1729  505s
  1206   808  617.85121   51 1371  574.00000  637.22071  11.0%  1744  510s
  1214   814  626.59485   55 1414  574.00000  637.22071  11.0%  1757  515s
  1224   820  619.09877   60 1383  574.00000  637.22071  11.0%  1772  521s
  1234   827  626.13140   65 1404  574.00000  637.22071  11.0%  1782  525s
  1244   834  625.19317   70 1399  574.00000  637.22071  11.0%  1792  530s
  1254   840  625.37075   75 1402  574.00000  637.22071  11.0%  1806  535s
  1266   848  622.27462   81 1387  574.00000  637.22071  11.0%  1817  540s
  1275   854  622.52022   86 1383  574.00000  637.22071  11.0%  1831  545s
H 1282   833                     575.0000000  637.22071  10.8%  1831  547s
  1288   839  619.95267   92 1371  575.00000  637.22071  10.8%  1838  550s
  1302   848  618.95043   99 1363  575.00000  637.22071  10.8%  1849  555s
  1316   858  611.18395  106 1335  575.00000  637.22071  10.8%  1859  560s
  1330   867  616.86204  113 1334  575.00000  637.22071  10.8%  1867  565s
  1348   879  603.64042  122 1287  575.00000  637.22071  10.8%  1876  570s
H 1362   849                     577.0000000  637.22071  10.4%  1876  573s
  1368   855  615.25697  132 1323  577.00000  637.22071  10.4%  1880  575s
  1394   873  603.43490  145 1277  577.00000  637.22071  10.4%  1879  580s
H 1412   855                     578.0000000  637.22071  10.2%  1875  583s
  1420   862  607.17273  158 1273  578.00000  637.22071  10.2%  1878  585s
  1453   884  609.22524  175 1270  578.00000  637.22071  10.2%  1870  590s
  1506   919  598.94158  201 1243  578.00000  637.22071  10.2%  1843  595s
  1631  1003  582.32258  264 1099  578.00000  637.22071  10.2%  1739  600s
  1661  1009  629.35049   17 1435  578.00000  636.45267  10.1%  1723  605s
  1667  1013  625.95532   20 1428  578.00000  636.45267  10.1%  1733  610s
  1673  1017  624.79037   23 1413  578.00000  636.45267  10.1%  1744  616s
  1679  1021  630.38327   26 1430  578.00000  636.45267  10.1%  1751  620s
  1685  1025  628.52307   29 1428  578.00000  636.45267  10.1%  1760  625s
  1693  1030  622.72365   33 1406  578.00000  636.45267  10.1%  1772  631s
  1699  1034  630.87127   36 1432  578.00000  636.45267  10.1%  1778  635s
  1706  1039  632.54212   40 1448  578.00000  636.45267  10.1%  1788  640s
  1713  1043  628.88395   43 1424  578.00000  636.45267  10.1%  1797  645s
  1723  1052  627.63077   48 1417  578.00000  636.45267  10.1%  1807  650s
  1730  1059  630.12978   52 1435  578.00000  636.45267  10.1%  1812  655s
  1737  1066  621.72089   55 1397  578.00000  636.45267  10.1%  1821  660s
  1747  1076  619.74406   60 1379  578.00000  636.45267  10.1%  1831  666s
  1757  1086  624.02845   65 1395  578.00000  636.45267  10.1%  1840  670s
  1773  1102  622.20993   73 1383  578.00000  636.45267  10.1%  1849  675s
  1783  1112  610.07124   78 1319  578.00000  636.45267  10.1%  1858  680s
  1797  1126  622.06528   85 1379  578.00000  636.45267  10.1%  1866  685s
  1813  1142  620.21594   93 1364  578.00000  636.45267  10.1%  1872  690s
  1831  1160  610.38391  102 1324  578.00000  636.45267  10.1%  1881  695s
  1847  1176  614.27595  110 1330  578.00000  636.45267  10.1%  1886  700s
  1865  1194  610.96612  119 1326  578.00000  636.45267  10.1%  1891  705s
  1882  1211  616.54972  128 1336  578.00000  636.45267  10.1%  1894  710s
  1905  1234  609.13622  139 1300  578.00000  636.45267  10.1%  1895  715s
  1933  1262  608.48926  153 1296  578.00000  636.45267  10.1%  1890  720s
  1967  1296  605.35672  170 1271  578.00000  636.45267  10.1%  1881  725s
  2010  1339  599.96835  192 1223  578.00000  636.45267  10.1%  1863  730s
  2065  1394  589.93237  219 1205  578.00000  636.45267  10.1%  1833  735s
  2118  1445  583.92189  246 1145  578.00000  636.45267  10.1%  1801  740s
  2171  1467  635.07800   18 1464  578.00000  636.45259  10.1%  1764  745s
  2177  1473  630.38010   21 1437  578.00000  636.45259  10.1%  1773  751s
  2183  1479  629.71427   24 1425  578.00000  636.45259  10.1%  1779  756s
  2189  1485  619.62101   27 1398  578.00000  636.45259  10.1%  1787  761s
  2194  1490  632.82850   30 1452  578.00000  636.45259  10.1%  1790  766s
  2199  1495  627.04019   32 1418  578.00000  636.45259  10.1%  1796  770s
  2203  1499  624.49110   34 1403  578.00000  636.45259  10.1%  1802  776s
  2209  1505  622.47564   37 1395  578.00000  636.45259  10.1%  1808  780s
  2215  1511  625.86746   40 1416  578.00000  636.45259  10.1%  1814  785s
  2220  1516  630.66117   43 1434  578.00000  636.45259  10.1%  1817  792s
  2225  1521  618.69154   45 1372  578.00000  636.45259  10.1%  1823  796s
  2227  1523  627.89718   46 1405  578.00000  636.45259  10.1%  1824  801s
  2233  1529  626.04693   49 1403  578.00000  636.45259  10.1%  1829  805s
  2241  1537  625.74320   53 1407  578.00000  636.45259  10.1%  1836  810s
  2247  1543  626.35959   56 1405  578.00000  636.45259  10.1%  1838  815s
  2254  1550  628.30561   60 1419  578.00000  636.45259  10.1%  1842  820s
  2264  1560  627.33475   65 1410  578.00000  636.45259  10.1%  1847  825s
  2272  1568  626.75232   69 1406  578.00000  636.45259  10.1%  1852  832s
  2277  1573  618.43811   71 1373  578.00000  636.45259  10.1%  1857  835s
  2282  1578  625.75525   74 1404  578.00000  636.45259  10.1%  1857  840s
  2293  1589  619.97783   79 1371  578.00000  636.45259  10.1%  1863  845s
  2298  1594  624.27161   82 1394  578.00000  636.45259  10.1%  1864  851s
  2307  1603  621.23280   86 1373  578.00000  636.45259  10.1%  1868  855s
  2309  1605  609.00227   87 1316  578.00000  636.45259  10.1%  1870  860s
  2323  1619  621.03893   94 1369  578.00000  636.45259  10.1%  1874  865s
  2324  1620  621.87034   95 1379  578.00000  636.45259  10.1%  1873  871s
  2334  1630  621.14218  100 1372  578.00000  636.45259  10.1%  1876  875s
  2346  1642  620.34431  106 1367  578.00000  636.45259  10.1%  1880  880s
  2361  1657  614.80706  113 1322  578.00000  636.45259  10.1%  1884  885s
  2367  1663  615.83492  116 1346  578.00000  636.45259  10.1%  1884  890s
  2387  1683  605.93009  126 1305  578.00000  636.45259  10.1%  1885  895s
  2389  1685  614.05830  127 1331  578.00000  636.45259  10.1%  1885  907s
  2402  1698  614.36359  134 1332  578.00000  636.45259  10.1%  1883  910s
  2416  1712  613.08382  141 1321  578.00000  636.45259  10.1%  1883  922s
  2427  1723  601.57796  146 1267  578.00000  636.45259  10.1%  1882  925s
  2457  1753  607.33571  161 1289  578.00000  636.45259  10.1%  1877  930s
  2502  1798  602.34149  184 1245  578.00000  636.45259  10.1%  1866  935s
  2587  1883  584.00000  226  954  578.00000  636.45259  10.1%  1830  940s
  2665  1938  625.78586   20 1433  578.00000  636.17948  10.1%  1793  947s
  2669  1942  628.26381   22 1438  578.00000  636.17948  10.1%  1797  951s
  2673  1946  621.16309   24 1414  578.00000  636.17948  10.1%  1803  956s
  2677  1950  626.40137   26 1427  578.00000  636.17948  10.1%  1807  960s
  2683  1956  622.88458   29 1409  578.00000  636.17948  10.1%  1814  965s
  2688  1961  633.80229   32 1466  578.00000  636.17948  10.1%  1819  970s
  2693  1966  628.25439   34 1428  578.00000  636.17948  10.1%  1824  975s
  2699  1972  625.77179   37 1419  578.00000  636.17948  10.1%  1829  980s
  2705  1978  630.17614   40 1436  578.00000  636.17948  10.1%  1834  985s
  2710  1983  632.21052   43 1456  578.00000  636.17948  10.1%  1837  990s
  2717  1990  628.98376   46 1428  578.00000  636.17948  10.1%  1842  995s
  2725  1998  627.43996   50 1422  578.00000  636.17948  10.1%  1847 1000s
  2731  2004  625.59067   53 1413  578.00000  636.17948  10.1%  1851 1005s
  2737  2010  619.87791   56 1380  578.00000  636.17948  10.1%  1856 1012s
  2743  2016  617.89031   59 1382  578.00000  636.17948  10.1%  1860 1015s
  2752  2025  628.03779   64 1432  578.00000  636.17948  10.1%  1863 1020s
  2761  2034  624.54512   68 1406  578.00000  636.17948  10.1%  1869 1025s
  2771  2044  622.73819   73 1396  578.00000  636.17948  10.1%  1874 1033s
  2775  2048  622.71705   75 1388  578.00000  636.17948  10.1%  1875 1035s
  2783  2056  619.06754   79 1369  578.00000  636.17948  10.1%  1879 1040s
  2793  2066  621.43943   84 1384  578.00000  636.17948  10.1%  1884 1045s
  2801  2074  616.29003   88 1353  578.00000  636.17948  10.1%  1888 1050s
  2811  2084  613.78820   93 1347  578.00000  636.17948  10.1%  1893 1055s
  2825  2098  619.46338  100 1373  578.00000  636.17948  10.1%  1897 1060s
  2835  2108  617.89326  105 1366  578.00000  636.17948  10.1%  1899 1065s
  2851  2124  616.47037  113 1353  578.00000  636.17948  10.1%  1903 1070s
  2867  2140  615.42580  121 1339  578.00000  636.17948  10.1%  1906 1075s
  2877  2150  612.91065  126 1329  578.00000  636.17948  10.1%  1907 1085s
  2893  2166  613.12579  134 1336  578.00000  636.17948  10.1%  1908 1090s
  2921  2194  609.77442  148 1319  578.00000  636.17948  10.1%  1906 1095s
  2951  2224  600.87242  163 1273  578.00000  636.17948  10.1%  1906 1100s
  2992  2265  602.69330  184 1244  578.00000  636.17948  10.1%  1899 1105s
  3051  2324  592.87651  213 1191  578.00000  636.17948  10.1%  1881 1110s
  3062  2335  591.96780  219 1187  578.00000  636.17948  10.1%  1877 1118s
  3095  2368  587.16980  235 1176  578.00000  636.17948  10.1%  1863 1120s
  3168  2409  631.11388   19 1451  578.00000  636.17898  10.1%  1832 1126s
  3172  2413  625.56872   21 1424  578.00000  636.17898  10.1%  1836 1130s
  3176  2417  627.81382   23 1431  578.00000  636.17898  10.1%  1840 1135s
  3181  2422  634.55835   26 1471  578.00000  636.17898  10.1%  1844 1140s
  3186  2427  622.83506   28 1396  578.00000  636.17898  10.1%  1851 1146s
  3190  2431  629.87304   30 1440  578.00000  636.17898  10.1%  1854 1150s
  3196  2437  628.84208   33 1437  578.00000  636.17898  10.1%  1858 1155s
  3202  2443  625.16885   36 1416  578.00000  636.17898  10.1%  1863 1161s
  3208  2449  628.55639   39 1429  578.00000  636.17898  10.1%  1867 1165s
  3214  2455  624.06061   42 1404  578.00000  636.17898  10.1%  1871 1171s
  3219  2460  631.69673   45 1449  578.00000  636.17898  10.1%  1874 1175s
  3225  2466  631.12040   48 1448  578.00000  636.17898  10.1%  1879 1180s
  3232  2473  626.04144   51 1413  578.00000  636.17898  10.1%  1885 1186s
  3238  2479  619.52441   54 1385  578.00000  636.17898  10.1%  1888 1190s
  3242  2483  626.58724   56 1414  578.00000  636.17898  10.1%  1890 1206s
  3250  2491  612.96539   60 1336  578.00000  636.17898  10.1%  1894 1211s
  3258  2499  622.80511   64 1394  578.00000  636.17898  10.1%  1899 1216s
  3266  2507  623.35505   68 1394  578.00000  636.17898  10.1%  1902 1220s
  3274  2515  624.09637   72 1403  578.00000  636.17898  10.1%  1905 1225s
  3284  2525  621.25396   77 1385  578.00000  636.17898  10.1%  1908 1230s
  3293  2534  625.44886   82 1413  578.00000  636.17898  10.1%  1912 1235s
  3304  2545  621.30722   87 1381  578.00000  636.17898  10.1%  1916 1240s
  3314  2555  612.73464   92 1344  578.00000  636.17898  10.1%  1920 1245s
  3328  2569  619.62047   99 1369  578.00000  636.17898  10.1%  1922 1250s
  3342  2583  616.68119  106 1360  578.00000  636.17898  10.1%  1925 1255s
  3358  2599  615.64123  114 1348  578.00000  636.17898  10.1%  1927 1260s
  3372  2613  613.23626  121 1334  578.00000  636.17898  10.1%  1930 1265s
  3391  2632  615.69744  131 1337  578.00000  636.17898  10.1%  1931 1270s
  3410  2651  611.04910  140 1315  578.00000  636.17898  10.1%  1933 1275s
  3434  2675  609.18614  152 1303  578.00000  636.17898  10.1%  1933 1280s
  3466  2707  606.10638  168 1282  578.00000  636.17898  10.1%  1930 1285s
  3508  2749  600.02665  189 1259  578.00000  636.17898  10.1%  1921 1290s
  3580  2821  583.58824  225 1146  578.00000  636.17898  10.1%  1898 1295s
  3666  2876  624.57977   18 1420  578.00000  636.12397  10.1%  1866 1301s
  3670  2880  627.00902   20 1422  578.00000  636.12397  10.1%  1869 1305s
  3676  2886  620.20688   23 1403  578.00000  636.12397  10.1%  1874 1311s
  3682  2892  627.36707   26 1420  578.00000  636.12397  10.1%  1878 1316s
  3688  2898  623.75608   29 1404  578.00000  636.12397  10.1%  1882 1321s
  3694  2904  629.03300   32 1425  578.00000  636.12397  10.1%  1885 1326s
  3700  2910  627.95901   35 1414  578.00000  636.12397  10.1%  1888 1330s
  3706  2916  621.00580   38 1389  578.00000  636.12397  10.1%  1892 1335s
  3714  2924  626.90888   42 1417  578.00000  636.12397  10.1%  1896 1340s
  3720  2930  626.91451   45 1408  578.00000  636.12397  10.1%  1899 1345s
  3728  2938  613.84733   49 1365  578.00000  636.12397  10.1%  1904 1350s
  3737  2947  628.60140   54 1422  578.00000  636.12397  10.1%  1907 1355s
  3749  2959  627.23745   60 1409  578.00000  636.12397  10.1%  1911 1360s
  3760  2970  610.64154   65 1318  578.00000  636.12397  10.1%  1916 1365s
  3770  2980  623.62196   70 1385  578.00000  636.12397  10.1%  1919 1370s
  3780  2990  621.38639   75 1380  578.00000  636.12397  10.1%  1923 1375s
  3792  3002  619.08273   81 1371  578.00000  636.12397  10.1%  1926 1380s
  3794  3004  620.60133   82 1373  578.00000  636.12397  10.1%  1927 1389s
  3796  3006  620.35879   83 1365  578.00000  636.12397  10.1%  1927 1390s
  3810  3020  619.81338   90 1366  578.00000  636.12397  10.1%  1930 1395s
  3825  3035  620.10262   98 1371  578.00000  636.12397  10.1%  1932 1400s
  3842  3052  616.75305  106 1342  578.00000  636.12397  10.1%  1934 1405s
  3859  3069  616.66939  115 1344  578.00000  636.12397  10.1%  1936 1410s
  3878  3088  612.33726  124 1325  578.00000  636.12397  10.1%  1937 1415s
  3898  3108  608.41941  134 1294  578.00000  636.12397  10.1%  1937 1422s
  3910  3120  608.71200  140 1305  578.00000  636.12397  10.1%  1936 1425s
  3940  3150  606.39718  155 1291  578.00000  636.12397  10.1%  1933 1430s
  3976  3186  600.30414  173 1258  578.00000  636.12397  10.1%  1928 1435s
  4015  3225  597.81816  193 1246  578.00000  636.12397  10.1%  1919 1440s
  4123  3333  580.47368  247 1076  578.00000  636.12397  10.1%  1884 1445s
  4172  3337  628.70330   22 1441  578.00000  636.12252  10.1%  1869 1451s
  4176  3341  630.79378   24 1448  578.00000  636.12252  10.1%  1872 1455s
  4181  3346  634.65899   27 1474  578.00000  636.12252  10.1%  1875 1460s
  4186  3351  630.13541   29 1436  578.00000  636.12252  10.1%  1879 1466s
  4192  3357  630.51725   32 1444  578.00000  636.12252  10.1%  1882 1470s
  4196  3361  629.76459   34 1441  578.00000  636.12252  10.1%  1885 1475s
  4202  3367  627.74961   37 1435  578.00000  636.12252  10.1%  1889 1480s
  4208  3373  628.39397   40 1432  578.00000  636.12252  10.1%  1892 1485s
  4214  3379  620.80006   43 1401  578.00000  636.12252  10.1%  1897 1490s
  4220  3385  615.28526   46 1362  578.00000  636.12252  10.1%  1901 1495s
  4221  3386  631.28887   47 1452  578.00000  636.12252  10.1%  1900 1501s
  4227  3392  630.76205   50 1447  578.00000  636.12252  10.1%  1903 1505s
  4234  3399  623.16379   53 1394  578.00000  636.12252  10.1%  1907 1510s
  4240  3405  625.46781   56 1413  578.00000  636.12252  10.1%  1910 1515s
  4248  3413  618.09281   60 1373  578.00000  636.12252  10.1%  1915 1521s
  4256  3421  615.79918   64 1355  578.00000  636.12252  10.1%  1918 1526s
  4264  3429  625.30698   68 1407  578.00000  636.12252  10.1%  1920 1530s
  4274  3439  623.87738   73 1399  578.00000  636.12252  10.1%  1923 1535s
  4284  3449  620.84219   78 1393  578.00000  636.12252  10.1%  1926 1540s
  4296  3461  616.75116   84 1361  578.00000  636.12252  10.1%  1930 1545s
  4308  3473  612.50855   90 1341  578.00000  636.12252  10.1%  1934 1550s
  4318  3483  619.36216   95 1381  578.00000  636.12252  10.1%  1937 1555s
  4322  3487  621.65620   97 1383  578.00000  636.12252  10.1%  1937 1569s
  4324  3489  621.47251   98 1382  578.00000  636.12252  10.1%  1937 1570s
  4342  3507  618.03455  107 1362  578.00000  636.12252  10.1%  1941 1575s
  4362  3527  615.98979  117 1351  578.00000  636.12252  10.1%  1942 1580s
  4380  3545  613.45116  126 1345  578.00000  636.12252  10.1%  1944 1585s
  4400  3565  613.69398  136 1321  578.00000  636.12252  10.1%  1945 1590s
  4422  3587  610.39031  147 1308  578.00000  636.12252  10.1%  1946 1595s
  4452  3617  607.14156  162 1310  578.00000  636.12252  10.1%  1944 1600s
  4487  3652  604.07881  180 1281  578.00000  636.12252  10.1%  1940 1605s
  4538  3703  596.05019  205 1235  578.00000  636.12252  10.1%  1931 1610s
  4663  3806  635.12225   20 1471  578.00000  636.09667  10.1%  1895 1622s
  4680  3823  632.40702   37 1452  578.00000  636.09667  10.1%  1892 1625s
  4708  3851  627.44038   64 1422  578.00000  636.09667  10.1%  1887 1630s
  4739  3882  620.76450   89 1379  578.00000  636.09667  10.1%  1882 1635s
  4765  3908  617.01298  109 1353  578.00000  636.09667  10.1%  1879 1640s
  4799  3942  610.95716  134 1322  578.00000  636.09667  10.1%  1876 1645s
  4847  3990  604.91939  168 1289  578.00000  636.09667  10.1%  1869 1650s
  4915  4058  595.44048  196 1237  578.00000  636.09667  10.1%  1856 1655s
  5009  4152  588.18181  225 1210  578.00000  636.09667  10.1%  1834 1660s
  5196  4311  634.86921   20 1475  578.00000  636.08996  10.1%  1781 1665s
  5231  4346  629.78602   55 1438  578.00000  636.08996  10.1%  1775 1670s
  5256  4371  624.97997   78 1407  578.00000  636.08996  10.1%  1773 1675s
  5297  4412  618.01721  116 1358  578.00000  636.08996  10.1%  1767 1680s
  5328  4443  613.19992  139 1332  578.00000  636.08996  10.1%  1764 1685s
  5375  4490  605.28053  169 1287  578.00000  636.08996  10.1%  1758 1690s
  5445  4560  596.21110  194 1255  578.00000  636.08996  10.1%  1747 1695s
  5542  4657  588.28742  223 1203  578.00000  636.08996  10.1%  1729 1700s
  5785  4890  579.00000  256  908  578.00000  636.08996  10.1%  1670 1705s
  5820  4907  631.34783   40 1444  578.00000  635.92994  10.0%  1665 1710s
  5856  4943  624.75502   74 1394  578.00000  635.92994  10.0%  1661 1715s
  5889  4976  618.25893  102 1360  578.00000  635.92994  10.0%  1658 1720s
  5921  5008  612.68714  125 1332  578.00000  635.92994  10.0%  1656 1725s
  5966  5053  604.83613  157 1292  578.00000  635.92994  10.0%  1652 1730s
  6012  5099  599.99264  184 1271  578.00000  635.92994  10.0%  1647 1735s
  6101  5188  591.95513  206 1166  578.00000  635.92994  10.0%  1633 1740s
  6280  5365  580.53254  246 1087  578.00000  635.92994  10.0%  1597 1745s
  6360  5411  631.31413   42 1442  578.00000  635.92880  10.0%  1582 1750s
  6388  5439  627.28581   70 1413  578.00000  635.92880  10.0%  1579 1755s
  6415  5466  619.76394   93 1371  578.00000  635.92880  10.0%  1578 1760s
  6454  5505  613.25774  125 1326  578.00000  635.92880  10.0%  1575 1765s
  6506  5557  604.89482  165 1283  578.00000  635.92880  10.0%  1570 1770s
  6601  5652  593.30006  208 1234  578.00000  635.92880  10.0%  1560 1775s
  6816  5865  580.59375  249 1047  578.00000  635.92880  10.0%  1524 1780s
  6908  5928  631.27142   38 1445  578.00000  635.63812  10.0%  1508 1785s
  6935  5955  626.87168   65 1411  578.00000  635.63812  10.0%  1506 1790s
  6973  5993  619.30856   97 1366  578.00000  635.63812  10.0%  1504 1795s
  7005  6025  614.21060  125 1338  578.00000  635.63812  10.0%  1503 1801s
  7014  6034  612.85167  132 1326  578.00000  635.63812  10.0%  1503 1805s
  7085  6105  600.57258  177 1268  578.00000  635.63812  10.0%  1496 1810s
  7189  6209  591.60335  213 1195  578.00000  635.63812  10.0%  1484 1818s
  7241  6261  587.76034  226 1171  578.00000  635.63812  10.0%  1477 1820s
  7433  6419  625.28838   17 1431  578.00000  635.49329  9.95%  1449 1825s
  7473  6459  614.90244   54 1369  578.00000  635.49329  9.95%  1446 1830s
  7527  6513  608.61712  101 1336  578.00000  635.49329  9.95%  1443 1835s
  7595  6581  596.49817  152 1273  578.00000  635.49329  9.95%  1438 1840s
  7713  6699  580.17544  205 1163  578.00000  635.49329  9.95%  1426 1845s
  7773  6726  632.06093   42 1452  578.00000  635.49272  9.95%  1419 1850s
  7806  6759  624.07223   72 1400  578.00000  635.49272  9.95%  1418 1855s
  7843  6796  616.63218  105 1371  578.00000  635.49272  9.95%  1417 1862s
  7862  6815  616.37676  125 1354  578.00000  635.49272  9.95%  1415 1865s
  7908  6861  606.03966  158 1299  578.00000  635.49272  9.95%  1414 1870s
  7967  6920  598.74680  189 1220  578.00000  635.49272  9.95%  1411 1875s
  8060  7013  589.55584  220 1221  578.00000  635.49272  9.95%  1402 1880s
  8100  7053  587.14655  226 1191  578.00000  635.49272  9.95%  1398 1885s
  8251  7182  632.71225   21 1458  578.00000  635.48632  9.95%  1379 1891s
  8279  7210  628.64554   49 1420  578.00000  635.48632  9.95%  1378 1895s
  8313  7244  622.65654   81 1386  578.00000  635.48632  9.95%  1377 1900s
  8348  7279  612.28395  108 1345  578.00000  635.48632  9.95%  1376 1905s
  8382  7313  610.09449  131 1312  578.00000  635.48632  9.95%  1375 1910s
  8446  7377  599.43198  171 1267  578.00000  635.48632  9.95%  1371 1915s
  8550  7481  588.87984  213 1213  578.00000  635.48632  9.95%  1362 1920s
  8712  7605  628.07841   18 1441  578.00000  635.46166  9.94%  1344 1926s
  8725  7618  610.36164   31 1340  578.00000  635.46166  9.94%  1345 1930s
  8776  7667  582.81241   81 1188  578.00000  635.46166  9.94%  1342 1941s
  8811  7692  632.53289   37 1455  578.00000  635.45996  9.94%  1339 1945s
  8822  7703  630.74310   48 1442  578.00000  635.45996  9.94%  1339 1950s
  8864  7745  622.69774   90 1389  578.00000  635.45996  9.94%  1337 1955s
  8930  7811  608.54600  156 1308  578.00000  635.45996  9.94%  1332 1960s
  9044  7911  628.61454   23 1435  578.00000  635.31615  9.92%  1321 1966s
  9050  7917  625.74122   26 1420  578.00000  635.31615  9.92%  1324 1970s
  9055  7922  632.54695   29 1453  578.00000  635.31615  9.92%  1325 1975s
  9064  7931  624.40987   33 1412  578.00000  635.31615  9.92%  1328 1981s
  9068  7935  618.05118   35 1387  578.00000  635.31615  9.92%  1330 1985s
  9074  7941  623.01487   38 1399  578.00000  635.31615  9.92%  1332 1994s
  9076  7943  627.08801   39 1420  578.00000  635.31615  9.92%  1333 1995s
  9084  7951  625.92694   43 1416  578.00000  635.31615  9.92%  1335 2000s
  9094  7961  618.08423   48 1374  578.00000  635.31615  9.92%  1338 2006s
  9101  7968  629.09301   52 1430  578.00000  635.31615  9.92%  1340 2010s
  9111  7978  627.85530   57 1422  578.00000  635.31615  9.92%  1342 2015s
  9121  7988  627.09699   62 1413  578.00000  635.31615  9.92%  1345 2020s
  9132  7999  609.28175   67 1313  578.00000  635.31615  9.92%  1347 2025s
  9146  8013  622.42433   74 1387  578.00000  635.31615  9.92%  1349 2030s
  9158  8025  620.45538   80 1383  578.00000  635.31615  9.92%  1352 2035s
  9172  8039  617.41933   87 1361  578.00000  635.31615  9.92%  1354 2040s
  9186  8053  614.98276   94 1339  578.00000  635.31615  9.92%  1356 2045s
  9204  8071  615.00102  103 1350  578.00000  635.31615  9.92%  1359 2050s
  9226  8093  614.37326  114 1328  578.00000  635.31615  9.92%  1361 2055s
  9234  8101  612.09267  118 1327  578.00000  635.31615  9.92%  1361 2072s
  9247  8114  614.26525  125 1337  578.00000  635.31615  9.92%  1362 2075s
  9274  8141  608.54496  138 1311  578.00000  635.31615  9.92%  1365 2080s
  9312  8179  604.83148  157 1300  578.00000  635.31615  9.92%  1366 2085s
  9364  8231  593.44040  183 1232  578.00000  635.31615  9.92%  1365 2090s
  9464  8329     cutoff  233       578.00000  635.31615  9.92%  1359 2095s
  9534  8379  627.22583   38 1424  578.00000  635.21807  9.90%  1353 2100s
  9591  8436  616.25590   95 1364  578.00000  635.21807  9.90%  1349 2105s
  9724  8569  580.04327  228 1161  578.00000  635.21807  9.90%  1337 2110s
  9775  8598  625.62876   49 1416  578.00000  635.16187  9.89%  1334 2115s
  9794  8617  621.80575   68 1386  578.00000  635.16187  9.89%  1333 2120s
  9872  8695  602.22264  146 1248  578.00000  635.16187  9.89%  1328 2125s
  9943  8748  627.18547   38 1427  578.00000  635.12062  9.88%  1322 2130s
  9975  8780  622.42558   68 1390  578.00000  635.12062  9.88%  1321 2135s
 10020  8825  613.51955  109 1342  578.00000  635.12062  9.88%  1320 2142s
 10059  8864  604.98854  138 1285  578.00000  635.12062  9.88%  1318 2145s
 10158  8963  590.07785  190 1225  578.00000  635.12062  9.88%  1313 2150s
 10203  9007  593.31082  216 1487  578.00000  635.12062  9.88%  1309 2959s
 10205  9008  608.77460  155 1339  578.00000  635.12062  9.88%  1309 2960s
 10206  9009  629.79254   22 1489  578.00000  635.12062  9.88%  1309 2969s
 10207  9010  619.53048  101 1482  578.00000  633.05268  9.52%  1308 2972s
 10213  9014  587.00000  220 1498  578.00000  631.54084  9.26%  1308 2992s
 10214  9014  614.12878  128 1490  578.00000  631.34846  9.23%  1308 3010s
 10218  9017  631.27086   21 1490  578.00000  631.27086  9.22%  1307 3031s
 10219  9018  597.83121  190 1489  578.00000  630.92017  9.16%  1307 3047s
 10222  9020  604.98465  158 1491  578.00000  630.81380  9.14%  1307 3069s
 10223  9020  611.81430  126 1489  578.00000  630.44896  9.07%  1306 3086s
 10227  9023  630.32809   47 1492  578.00000  630.32809  9.05%  1306 3110s
 10228  9024  608.53065  139 1488  578.00000  630.19641  9.03%  1306 3128s
 10232  9026  593.46832  215 1492  578.00000  630.13359  9.02%  1305 3148s
 10233  9027  598.46994  187 1488  578.00000  630.02640  9.00%  1305 3167s
 10236  9029  614.36309  125 1493  578.00000  629.99747  9.00%  1305 3185s
 10237  9030  612.21155  135 1490  578.00000  629.91126  8.98%  1305 3203s
 10240  9032  610.96434  120 1493  578.00000  629.87667  8.98%  1304 3223s
 10241  9032  593.12674  212 1492  578.00000  629.81381  8.96%  1304 3241s
 10243  9034  615.24219  102 1494  578.00000  629.79509  8.96%  1304 3261s
 10244  9034  608.13484  125 1489  578.00000  629.72024  8.95%  1304 3281s
 10247  9036  629.68255   41 1491  578.00000  629.68255  8.94%  1303 3300s
 10248  9037  579.37500  251 1492  578.00000  629.53514  8.92%  1303 3317s
 10251  9039  627.86243   52 1491  578.00000  629.47983  8.91%  1303 3336s
 10252  9040  627.86243   52 1492  578.00000  629.38533  8.89%  1303 3359s
 10254  9041  624.33526   71 1493  578.00000  629.34660  8.88%  1302 3383s
 10255  9042  597.14959  168 1492  578.00000  629.27046  8.87%  1302 3405s
 10258  9044  618.40674  121 1493  578.00000  629.23895  8.86%  1302 3426s
 10259  9044  623.28619   28 1492  578.00000  629.15984  8.85%  1302 3447s
 10261  9046  608.25251  134 1496  578.00000  629.13493  8.85%  1302 3471s
 10262  9046  602.97225  175 1494  578.00000  629.07260  8.84%  1301 3493s
 10264  9048  612.75371  138 1495  578.00000  629.04808  8.83%  1301 3515s
 10265  9048  621.34078  102 1491  578.00000  629.00228  8.82%  1301 3536s
 10267  9050  625.38392   68 1494  578.00000  628.97915  8.82%  1301 3558s
 10268  9050  601.71601  166 1492  578.00000  628.93785  8.81%  1301 3578s
 10271  9052  588.03510  215 1493  578.00000  628.90769  8.81%  1300 3599s

Cutting planes:
  Gomory: 5
  Flow cover: 62
  Zero half: 657
  RLT: 159
  BQP: 16

Explored 10271 nodes (13576603 simplex iterations) in 3600.14 seconds (4752.47 work units)
Thread count was 1 (of 24 available processors)

Solution count 10: 578 577 575 ... 564

Time limit reached
Best objective 5.780000000000e+02, best bound 6.280000000000e+02, gap 8.6505%

User-callback calls 180082, time in user-callback 1.21 sec
