
Gurobi 11.0.3 (linux64) logging started Thu Mar  5 17:04:10 2026

Set parameter LogFile to value "./log/train/IS_1500_6/IS_42.lp.log"
Set parameter TimeLimit to value 3600
Gurobi Optimizer version 11.0.3 build v11.0.3rc0 (linux64 - "Ubuntu 22.04.5 LTS")

CPU model: AMD Ryzen 9 9900X 12-Core Processor, instruction set [SSE2|AVX|AVX2|AVX512]
Thread count: 12 physical cores, 24 logical processors, using up to 2 threads

Optimize a model with 9176 rows, 1500 columns and 18092 nonzeros
Model fingerprint: 0x7d0c4700
Variable types: 0 continuous, 1500 integer (1500 binary)
Coefficient statistics:
  Matrix range     [1e+00, 1e+00]
  Objective range  [1e+00, 1e+00]
  Bounds range     [1e+00, 1e+00]
  RHS range        [1e+00, 1e+00]
Found heuristic solution: objective 344.0000000
Presolve removed 1713 rows and 0 columns
Presolve time: 0.02s
Presolved: 7463 rows, 1500 columns, 16320 nonzeros
Variable types: 0 continuous, 1500 integer (1500 binary)

Root relaxation: objective 6.885000e+02, 3932 iterations, 0.16 seconds (0.27 work units)

    Nodes    |    Current Node    |     Objective Bounds      |     Work
 Expl Unexpl |  Obj  Depth IntInf | Incumbent    BestBd   Gap | It/Node Time

     0     0  688.50000    0 1349  344.00000  688.50000   100%     -    0s
H    0     0                     523.0000000  688.50000  31.6%     -    0s
H    0     0                     527.0000000  688.50000  30.6%     -    0s
     0     0  670.42281    0 1485  527.00000  670.42281  27.2%     -    1s
H    0     0                     541.0000000  670.42281  23.9%     -    1s
     0     0  670.41956    0 1485  541.00000  670.41956  23.9%     -    1s
     0     0  670.41952    0 1485  541.00000  670.41952  23.9%     -    1s
     0     0  662.28932    0 1481  541.00000  662.28932  22.4%     -    1s
H    0     0                     547.0000000  662.28932  21.1%     -    1s
     0     0  661.77461    0 1479  547.00000  661.77461  21.0%     -    1s
     0     0  661.72153    0 1481  547.00000  661.72153  21.0%     -    1s
     0     0  661.70615    0 1482  547.00000  661.70615  21.0%     -    2s
     0     0  661.70279    0 1481  547.00000  661.70279  21.0%     -    2s
     0     0  657.85912    0 1486  547.00000  657.85912  20.3%     -    2s
H    0     0                     548.0000000  657.85912  20.0%     -    2s
H    0     0                     557.0000000  657.85912  18.1%     -    2s
     0     0  657.36863    0 1487  557.00000  657.36863  18.0%     -    2s
     0     0  657.29102    0 1488  557.00000  657.29102  18.0%     -    2s
     0     0  657.25079    0 1491  557.00000  657.25079  18.0%     -    2s
     0     0  657.22027    0 1492  557.00000  657.22027  18.0%     -    2s
     0     0  657.21420    0 1491  557.00000  657.21420  18.0%     -    2s
     0     0  653.28895    0 1483  557.00000  653.28895  17.3%     -    3s
H    0     0                     558.0000000  653.28895  17.1%     -    3s
     0     0  652.82125    0 1483  558.00000  652.82125  17.0%     -    3s
     0     0  652.77313    0 1483  558.00000  652.77313  17.0%     -    3s
     0     0  652.76135    0 1482  558.00000  652.76135  17.0%     -    3s
     0     0  652.75880    0 1482  558.00000  652.75880  17.0%     -    3s
     0     0  650.41780    0 1485  558.00000  650.41780  16.6%     -    4s
     0     0  650.13612    0 1482  558.00000  650.13612  16.5%     -    4s
     0     0  650.07615    0 1483  558.00000  650.07615  16.5%     -    4s
     0     0  650.06529    0 1481  558.00000  650.06529  16.5%     -    4s
     0     0  648.68403    0 1486  558.00000  648.68403  16.3%     -    5s
     0     0  648.48087    0 1485  558.00000  648.48087  16.2%     -    5s
     0     0  648.44720    0 1485  558.00000  648.44720  16.2%     -    5s
     0     0  648.43952    0 1486  558.00000  648.43952  16.2%     -    5s
     0     0  647.39754    0 1487  558.00000  647.39754  16.0%     -    6s
     0     0  647.22907    0 1487  558.00000  647.22907  16.0%     -    6s
     0     0  647.17709    0 1487  558.00000  647.17709  16.0%     -    6s
     0     0  647.17429    0 1488  558.00000  647.17429  16.0%     -    6s
     0     0  646.07843    0 1486  558.00000  646.07843  15.8%     -    6s
H    0     0                     561.0000000  646.07843  15.2%     -    6s
     0     0  645.91302    0 1489  561.00000  645.91302  15.1%     -    6s
     0     0  645.89669    0 1489  561.00000  645.89669  15.1%     -    6s
     0     0  645.89376    0 1490  561.00000  645.89376  15.1%     -    6s
     0     0  645.37304    0 1490  561.00000  645.37304  15.0%     -    7s
     0     0  645.27408    0 1490  561.00000  645.27408  15.0%     -    7s
     0     0  645.25456    0 1490  561.00000  645.25456  15.0%     -    7s
     0     0  645.25147    0 1490  561.00000  645.25147  15.0%     -    7s
     0     0  644.76632    0 1486  561.00000  644.76632  14.9%     -    7s
     0     0  644.69793    0 1489  561.00000  644.69793  14.9%     -    7s
     0     0  644.67940    0 1489  561.00000  644.67940  14.9%     -    7s
     0     0  644.67695    0 1490  561.00000  644.67695  14.9%     -    7s
     0     0  644.20246    0 1487  561.00000  644.20246  14.8%     -    8s
     0     0  644.12346    0 1487  561.00000  644.12346  14.8%     -    8s
     0     0  644.10410    0 1487  561.00000  644.10410  14.8%     -    8s
     0     0  644.10170    0 1489  561.00000  644.10170  14.8%     -    8s
     0     0  643.83870    0 1485  561.00000  643.83870  14.8%     -    8s
H    0     0                     564.0000000  643.83870  14.2%     -    8s
     0     0  643.78646    0 1487  564.00000  643.78646  14.1%     -    8s
     0     0  643.77011    0 1490  564.00000  643.77011  14.1%     -    8s
     0     0  643.47931    0 1491  564.00000  643.47931  14.1%     -    9s
     0     0  643.39452    0 1488  564.00000  643.39452  14.1%     -    9s
     0     0  643.37354    0 1490  564.00000  643.37354  14.1%     -    9s
     0     0  643.36890    0 1490  564.00000  643.36890  14.1%     -    9s
     0     0  642.93484    0 1490  564.00000  642.93484  14.0%     -    9s
     0     0  642.85484    0 1491  564.00000  642.85484  14.0%     -    9s
     0     0  642.85042    0 1492  564.00000  642.85042  14.0%     -    9s
     0     0  642.59634    0 1489  564.00000  642.59634  13.9%     -   10s
     0     0  642.54561    0 1488  564.00000  642.54561  13.9%     -   10s
     0     0  642.53726    0 1489  564.00000  642.53726  13.9%     -   10s
     0     0  642.41171    0 1490  564.00000  642.41171  13.9%     -   10s
     0     0  642.41171    0 1489  564.00000  642.41171  13.9%     -   10s
H    0     0                     568.0000000  642.41171  13.1%     -   11s
     0     2  642.41171    0 1489  568.00000  642.41171  13.1%     -   11s
    15    18  634.63634    7 1439  568.00000  642.15957  13.1%  2407   15s
H   29    31                     569.0000000  642.15957  12.9%  1868   16s
    80    81  607.51628   27 1317  569.00000  642.15957  12.9%  1520   20s
    97    97  599.83854   34 1288  569.00000  642.15957  12.9%  1656   25s
H  121   120                     571.0000000  642.15957  12.5%  1710   27s
   139   138  633.09189    4 1441  571.00000  642.06392  12.4%  1697   31s
H  143   137                     572.0000000  642.06392  12.2%  1708   31s
H  148   140                     573.0000000  642.06392  12.1%  1699   31s
H  169   163                     574.0000000  642.06392  11.9%  1676   33s
H  179   172                     575.0000000  642.06392  11.7%  1669   34s
   197   177  614.91082   20 1353  575.00000  642.06392  11.7%  1597   35s
   250   227  604.72261   39 1293  575.00000  642.06392  11.7%  1629   40s
H  298   263                     576.0000000  642.06392  11.5%  1563   43s
   306   269     cutoff   68       576.00000  641.69911  11.4%  1565   45s
H  327   281                     578.0000000  641.69911  11.0%  1583   48s
   356   322  597.20311   17 1272  578.00000  641.69911  11.0%  1610   50s
H  376   318                     579.0000000  641.69911  10.8%  1595   50s
H  440   336                     580.0000000  641.69911  10.6%  1431   52s
   460   346  635.14813   10 1443  580.00000  641.60735  10.6%  1416   56s
   492   382  619.85247   21 1371  580.00000  641.60735  10.6%  1460   61s
H  505   375                     581.0000000  641.60735  10.4%  1460   61s
   529   408  606.40022   30 1301  581.00000  641.60735  10.4%  1472   65s
   602   446  584.80634   49 1198  581.00000  641.42982  10.4%  1435   75s
   684   489  610.74245   17 1331  581.00000  641.32000  10.4%  1418   81s
   710   524  603.00879   27 1299  581.00000  641.32000  10.4%  1431   85s
H  729   512                     582.0000000  641.32000  10.2%  1427   85s
   805   551  635.62959   15 1434  582.00000  641.07508  10.2%  1406   91s
   847   603  615.43264   24 1349  582.00000  641.07508  10.2%  1455   96s
   876   604  634.73682    3 1489  582.00000  641.07508  10.2%  1471  109s
   878   605  586.64545   42 1349  582.00000  641.07508  10.2%  1468  110s
   879   606  631.08398   15 1487  582.00000  641.07508  10.2%  1466  115s
   886   611  613.11944   20 1489  582.00000  641.07508  10.2%  1455  123s
   887   611  598.62786   36 1488  582.00000  641.07508  10.2%  1453  128s
   889   613  623.21883   17 1488  582.00000  641.07508  10.2%  1450  133s
   890   613  610.54803   18 1490  582.00000  641.07508  10.2%  1448  138s
   891   614  607.78543   32 1491  582.00000  641.07508  10.2%  1446  143s
   892   615  635.23509    4 1489  582.00000  641.07508  10.2%  1445  148s
   893   615  590.44811   33 1490  582.00000  641.07508  10.2%  1443  153s
   894   616  613.86916   25 1489  582.00000  641.07508  10.2%  1442  159s
   895   617  627.33950   16 1489  582.00000  641.07508  10.2%  1440  164s
   896   617  610.49650   15 1488  582.00000  641.07508  10.2%  1438  168s
   897   618  610.14172   25 1488  582.00000  641.07508  10.2%  1437  173s
   898   619  625.76085    8 1488  582.00000  641.07508  10.2%  1435  183s
   901   624  641.07508   17 1488  582.00000  641.07508  10.2%  1489  185s
   928   642  638.24875   23 1461  582.00000  641.01166  10.1%  1520  190s
   959   664  637.18646   31 1469  582.00000  641.01166  10.1%  1540  195s
   998   692  634.41328   40 1444  582.00000  641.01166  10.1%  1559  200s
  1025   714  632.36734   46 1433  582.00000  641.01166  10.1%  1566  205s
  1052   729  630.35483   52 1419  582.00000  641.01166  10.1%  1584  210s
  1085   755  628.59304   60 1418  582.00000  641.01166  10.1%  1609  216s
  1105   766  627.42416   65 1410  582.00000  641.01166  10.1%  1626  220s
  1132   786  626.79376   71 1403  582.00000  641.01166  10.1%  1659  226s
  1154   803  625.69366   76 1396  582.00000  641.01166  10.1%  1678  230s
  1179   819  624.31240   82 1396  582.00000  641.01166  10.1%  1695  235s
  1205   838  623.13792   88 1390  582.00000  641.01166  10.1%  1719  240s
  1235   862  621.34598   95 1379  582.00000  641.01166  10.1%  1742  246s
  1271   887  619.60613  103 1370  582.00000  641.01166  10.1%  1768  252s
  1290   901  613.45615  107 1344  582.00000  641.01166  10.1%  1786  255s
  1334   935  617.43212  118 1356  582.00000  641.01166  10.1%  1810  262s
  1359   954  616.43418  124 1349  582.00000  641.01166  10.1%  1823  265s
  1423  1010  613.45066  138 1337  582.00000  641.01166  10.1%  1845  273s
  1463  1041  612.07731  146 1322  582.00000  641.01166  10.1%  1852  277s
  1508  1086  611.11924  156 1311  582.00000  641.01166  10.1%  1853  281s
  1568  1162  609.89672  167 1294  582.00000  641.01166  10.1%  1839  285s
  1775  1239  603.77900  198 1243  582.00000  641.01166  10.1%  1724  292s
  1832  1314  597.66559  223 1189  582.00000  641.01166  10.1%  1708  296s
  1932  1286  583.00000  270 1022  582.00000  640.64348  10.1%  1659  300s
  1969  1300  639.81377   25 1471  582.00000  640.56095  10.1%  1675  309s
  1983  1309  639.36831   28 1467  582.00000  640.56095  10.1%  1691  313s
  1997  1318  638.98961   31 1462  582.00000  640.56095  10.1%  1706  319s
  2011  1330  638.49549   34 1465  582.00000  640.56095  10.1%  1723  323s
  2027  1341  637.69527   38 1459  582.00000  640.56095  10.1%  1738  328s
  2044  1352  637.22997   42 1453  582.00000  640.56095  10.1%  1754  333s
  2060  1366  636.61452   46 1451  582.00000  640.56095  10.1%  1771  338s
  2080  1380  630.66608   50 1421  582.00000  640.56095  10.1%  1790  343s
H 2083  1333                     583.0000000  640.56095  9.87%  1791  343s
  2100  1351  630.44759   54 1410  583.00000  640.56095  9.87%  1805  349s
H 2124  1320                     584.0000000  640.56095  9.69%  1819  355s
  2149  1342  633.21251   65 1429  584.00000  640.56095  9.69%  1836  361s
  2179  1364  631.67881   72 1421  584.00000  640.56095  9.69%  1852  367s
  2211  1390  630.94868   79 1411  584.00000  640.56095  9.69%  1871  373s
  2248  1413  629.12934   87 1398  584.00000  640.56095  9.69%  1884  380s
  2283  1441  627.51886   94 1386  584.00000  640.56095  9.69%  1896  386s
  2323  1456  626.63839  101 1379  584.00000  640.56095  9.69%  1903  394s
  2351  1496  625.63671  108 1369  584.00000  640.56095  9.69%  1906  402s
  2401  1529  617.84597  119 1334  584.00000  640.56095  9.69%  1907  411s
  2450  1566  618.64835  130 1327  584.00000  640.56095  9.69%  1905  423s
  2504  1741  620.17761  144 1327  584.00000  640.56095  9.69%  1898  431s
  2701  1763  615.87431  162 1305  584.00000  640.56095  9.69%  1817  439s
  2771  1938  610.60601  182 1275  584.00000  640.50770  9.68%  1803  449s
  2970  1964  639.77134   20 1471  584.00000  640.50770  9.68%  1742  457s
  2996  1990  638.64938   26 1464  584.00000  640.50770  9.68%  1762  464s
  3022  1998  637.85520   32 1457  584.00000  640.50770  9.68%  1779  472s
  3030  2026  637.32748   35 1459  584.00000  640.50770  9.68%  1785  481s
  3058  2063  636.20268   42 1451  584.00000  640.50770  9.68%  1803  494s
  3095  2105  634.81070   51 1440  584.00000  640.50770  9.68%  1824  504s
  3137  2150  629.22773   60 1404  584.00000  640.50770  9.68%  1845  514s
  3182  2210  631.86051   70 1419  584.00000  640.50770  9.68%  1864  523s
  3242  2266  629.36864   83 1400  584.00000  640.50770  9.68%  1883  538s
  3298  2374  627.17928   96 1387  584.00000  640.50770  9.68%  1895  548s
  3406  2631  623.72378  116 1357  584.00000  640.50770  9.68%  1900  561s
  3681  2767  619.09438  144 1332  584.00000  640.50770  9.68%  1838  572s
  3817  2907  604.75735  204 1198  584.00000  640.10633  9.61%  1828  585s
  3972  2945  638.96946   28 1467  584.00000  640.10633  9.61%  1802  599s
  4010  2991  637.34418   37 1455  584.00000  640.10633  9.61%  1821  613s
  4056  3041  635.68622   47 1446  584.00000  640.10633  9.61%  1843  626s
  4106  3105  634.31381   57 1437  584.00000  640.10633  9.61%  1864  641s
  4170  3128  631.83743   71 1414  584.00000  640.10633  9.61%  1884  655s
  4193  3183  630.23187   82 1403  584.00000  640.10633  9.61%  1890  683s
  4248  3311  627.87521   93 1388  584.00000  640.10633  9.61%  1901  698s
  4376  3627  623.56829  119 1359  584.00000  640.10633  9.61%  1910  714s
  4728  4091  615.59447  164 1294  584.00000  639.84159  9.56%  1842  729s
  5215  4571  633.72089   55 1431  584.00000  639.83942  9.56%  1732  744s
  5741  5240  606.10018  196 1245  584.00000  639.72165  9.54%  1627  760s
  6436  5791  618.65724   97 1340  584.00000  639.67794  9.53%  1513  773s
  7042  6207  637.50270   30 1461  584.00000  639.55142  9.51%  1432  785s
  7481  6991  614.47043  154 1289  584.00000  639.50578  9.50%  1384  803s
  8323  6993  630.13488   78 1409  584.00000  639.41724  9.49%  1297  815s
  8325  7082  630.01061   79 1405  584.00000  639.41724  9.49%  1297  820s
  8579  7555  607.63353  172 1261  584.00000  639.41724  9.49%  1282  830s
  9188  7898  636.71991   31 1455  584.00000  639.41693  9.49%  1227  838s
  9261  8026  630.97415   66 1412  584.00000  639.41693  9.49%  1225  842s
  9389  8270  620.39142  127 1340  584.00000  639.41611  9.49%  1217  847s
  9661  8331  638.13075   24 1462  584.00000  639.31170  9.47%  1193  851s
  9722  8416  633.44575   52 1435  584.00000  639.31170  9.47%  1192  855s
  9991  8749  609.64770  175 1273  584.00000  639.22959  9.46%  1178  864s
 10193  8864  633.18386   33 1424  584.00000  639.21212  9.45%  1163  869s
 10308  9051  624.04584   87 1354  584.00000  639.21212  9.45%  1159  874s
 10495  9288  608.63791  145 1250  584.00000  639.21212  9.45%  1151  879s
 10748  9444  592.08333  213 1122  584.00000  639.14953  9.44%  1137  885s
 11042  9696  590.60512   91 1204  584.00000  639.14725  9.44%  1123  895s
 11227  9720  629.70956   32 1408  584.00000  639.14717  9.44%  1113  900s
 11251  9754  608.78765   38 1310  584.00000  639.06371  9.43%  1118  905s
 11305  9832  631.08968   39 1418  584.00000  639.06371  9.43%  1120  910s
 11383  9956  620.24862  100 1346  584.00000  638.98304  9.41%  1120  916s
 11535 10071  626.56625   27 1397  584.00000  638.95335  9.41%  1115  922s
 11678 10177  633.07605   23 1427  584.00000  638.89373  9.40%  1112  927s
 11784 10281  617.56526   71 1349  584.00000  638.89091  9.40%  1109  933s
 11908 10379  636.13048   35 1458  584.00000  638.82168  9.39%  1106  937s
 12006 10417  628.62347   80 1408  584.00000  638.82168  9.39%  1104  944s
 12044 10598  625.24603   99 1377  584.00000  638.82168  9.39%  1104  949s
 12225 11006  609.15990  177 1265  584.00000  638.82168  9.39%  1099  955s
 12633 11138  590.54167  244 1128  584.00000  638.81569  9.39%  1080  961s
 12812 11320  624.62481   42 1391  584.00000  638.81103  9.39%  1072  966s
 12994 11446  605.69194  135 1243  584.00000  638.78988  9.38%  1066  972s
 13150 11596  624.15705   45 1388  584.00000  638.78043  9.38%  1061  979s
 13328 11625  630.62008   22 1425  584.00000  638.77738  9.38%  1056  986s
 13357 11672  616.05853   27 1356  584.00000  638.72233  9.37%  1061  992s
 13440 11737  636.88321   23 1458  584.00000  638.72233  9.37%  1063  998s
 13532 11826  587.91844   66 1208  584.00000  638.66548  9.36%  1062 1003s
 13633 11986  594.28542   40 1255  584.00000  638.64543  9.36%  1062 1009s
 13835 12168  618.58814   53 1358  584.00000  638.62582  9.35%  1054 1015s
 14017 12350  597.18474  144 1198  584.00000  638.57513  9.35%  1050 1021s
 14219 12570  628.52542   35 1419  584.00000  638.57513  9.35%  1043 1029s
 14458 12734  613.83182  117 1321  584.00000  638.52624  9.34%  1035 1035s
 14648 12872  630.77624   39 1414  584.00000  638.51932  9.34%  1030 1040s
 14787 12873  618.28590  121 1489  584.00000  638.51932  9.34%  1027 1299s
 14789 12874  588.00000  237 1349  584.00000  638.51932  9.34%  1027 1300s
 14790 12875  598.45880  167 1483  584.00000  638.51932  9.34%  1027 1307s
 14792 12876  614.71976   72 1492  584.00000  634.68040  8.68%  1027 1310s
 14796 12879  616.29826  107 1493  584.00000  634.45393  8.64%  1026 1320s
 14797 12880  634.26482   33 1485  584.00000  634.26482  8.61%  1026 1328s
 14800 12882  603.20907  150 1493  584.00000  634.21124  8.60%  1026 1337s
 14801 12882  618.71679   84 1493  584.00000  633.46463  8.47%  1026 1345s
 14805 12885  590.54902  238 1494  584.00000  633.30867  8.44%  1026 1356s
 14806 12886  602.15211  188 1490  584.00000  632.76220  8.35%  1026 1367s
 14809 12888  604.61064  161 1493  584.00000  632.69170  8.34%  1026 1380s
 14810 12888  600.88167  165 1493  584.00000  632.41023  8.29%  1025 1391s
 14813 12890  605.77166  191 1494  584.00000  632.31022  8.27%  1025 1404s
 14814 12891  626.09984   78 1490  584.00000  631.97252  8.21%  1025 1414s
 14817 12893  616.89470  117 1493  584.00000  631.89574  8.20%  1025 1426s
 14818 12894  609.61179  178 1492  584.00000  631.79707  8.18%  1025 1435s
 14821 12896  614.41077  148 1493  584.00000  631.75478  8.18%  1025 1448s
 14822 12896  626.68075   61 1490  584.00000  631.62945  8.16%  1025 1459s
 14823 12897  597.31088  197 1494  584.00000  631.58675  8.15%  1025 1460s
 14825 12898  592.07107  231 1493  584.00000  631.57459  8.15%  1024 1471s
 14826 12899  602.30794  202 1489  584.00000  631.50133  8.13%  1024 1482s
 14828 12900  618.77826  135 1492  584.00000  631.46868  8.13%  1024 1495s
 14829 12901  630.22067   40 1492  584.00000  631.41044  8.12%  1024 1506s
 14831 12902  603.68167  203 1492  584.00000  631.38149  8.11%  1024 1518s
 14832 12903  616.21378  109 1492  584.00000  631.23242  8.09%  1024 1531s
 14835 12905  623.43566  113 1495  584.00000  631.16681  8.08%  1024 1544s
 14836 12906  603.12231  198 1492  584.00000  631.10875  8.07%  1024 1555s
 14838 12907  605.87145  140 1492  584.00000  631.08869  8.06%  1024 1567s
 14839 12908  629.34257   34 1493  584.00000  630.98291  8.05%  1023 1577s
 14841 12909  596.93893  146 1490  584.00000  630.93906  8.04%  1023 1588s
 14842 12910  622.51925  119 1487  584.00000  630.79563  8.01%  1023 1598s
 14845 12912  620.76956   47 1491  584.00000  630.71185  8.00%  1023 1608s
 14846 12912  614.58192  110 1489  584.00000  630.67260  7.99%  1023 1618s
 14848 12914  627.60779   71 1488  584.00000  630.63590  7.99%  1023 1627s
 14849 12914  598.37138  216 1489  584.00000  630.53504  7.97%  1023 1636s
 14852 12916  630.47824   60 1490  584.00000  630.47824  7.96%  1023 1647s
 14853 12917  601.75000  204 1487  584.00000  630.37209  7.94%  1022 1657s
 14856 12919  629.77888   70 1491  584.00000  630.31579  7.93%  1022 1670s
 14857 12920  615.18001  156 1489  584.00000  630.28676  7.93%  1022 1680s
 14859 12921  613.31853  142 1490  584.00000  630.27461  7.92%  1022 1691s
 14860 12922  617.92888  135 1489  584.00000  630.19723  7.91%  1022 1701s
 14863 12924  613.88361  115 1494  584.00000  630.14294  7.90%  1022 1713s
 14864 12924  603.42002  171 1491  584.00000  630.10613  7.89%  1022 1724s
 14866 12926  630.08156   47 1491  584.00000  630.09193  7.89%  1022 1735s
 14867 12926  608.42391  133 1491  584.00000  630.07965  7.89%  1022 1746s
 14868 12927  589.53226  234 1490  584.00000  630.07361  7.89%  1021 1756s
 14869 12928  589.80769  232 1492  584.00000  630.04924  7.89%  1021 1767s
 14870 12928  602.71561  202 1494  584.00000  630.04274  7.88%  1021 1777s
 14871 12929  630.00032   55 1491  584.00000  630.00032  7.88%  1021 1787s
 14873 12930  588.00000  237 1493  584.00000  629.98550  7.87%  1021 1799s
 14874 12931  618.28673  134 1492  584.00000  629.94405  7.87%  1021 1809s
 14876 12932  609.41133  165 1493  584.00000  629.92786  7.86%  1021 1820s
 14877 12933  610.25856  168 1491  584.00000  629.80953  7.84%  1021 1830s
 14879 12934  590.90164  233 1494  584.00000  629.75753  7.84%  1021 1842s
 14880 12935  601.38203  211 1492  584.00000  629.71979  7.83%  1021 1852s
 14882 12936  629.27002   64 1493  584.00000  629.69373  7.82%  1020 1863s
 14883 12937  615.54414  126 1493  584.00000  629.68914  7.82%  1020 1875s
 14884 12938  609.34148  175 1493  584.00000  629.68775  7.82%  1020 1888s
 14885 12938  604.50633  176 1491  584.00000  629.68740  7.82%  1020 1900s
 14886 12939  622.97865  118 1491  584.00000  629.68725  7.82%  1020 1913s
 14887 12940  618.28590  121 1493  584.00000  629.68715  7.82%  1020 1925s
 14888 12940  624.06764  106 1493  584.00000  629.68714  7.82%  1020 1938s
 14889 12941  588.00000  237 1493  584.00000  629.68711  7.82%  1020 1950s
 14890 12942  598.45880  167 1493  584.00000  629.68711  7.82%  1020 1962s
 14891 12942  627.61991   90 1493  584.00000  629.68711  7.82%  1020 1975s
 14892 12943  614.71976   72 1493  584.00000  629.68711  7.82%  1020 1988s
 14893 12944  629.67840   70 1493  584.00000  629.67840  7.82%  1020 2016s
 14894 12944  586.04583  254 1493  584.00000  629.67840  7.82%  1020 2029s
 14895 12945  620.32654  124 1493  584.00000  629.67840  7.82%  1020 2041s
 14904 12954  628.03080   33 1481  584.00000  629.07393  7.72%  1028 2045s
 14920 12965  627.36729   37 1474  584.00000  628.83180  7.68%  1030 2050s
 14938 12979  626.83071   41 1479  584.00000  628.83180  7.68%  1032 2055s
 14958 12992  625.33855   46 1474  584.00000  628.83180  7.68%  1033 2060s
 14978 13003  623.40042   50 1462  584.00000  628.83180  7.68%  1035 2068s
 14986 13013  623.84839   52 1470  584.00000  628.83180  7.68%  1036 2070s
 15005 13023  622.82468   56 1467  584.00000  628.83180  7.68%  1037 2079s
 15009 13029  622.65868   57 1464  584.00000  628.83180  7.68%  1037 2080s
 15031 13045  621.22517   62 1459  584.00000  628.83180  7.68%  1039 2085s
 15049 13056  617.49080   66 1428  584.00000  628.83180  7.68%  1041 2090s
 15073 13073  613.81491   71 1420  584.00000  628.83180  7.68%  1044 2096s
 15091 13086  616.15666   75 1432  584.00000  628.83180  7.68%  1046 2100s
 15108 13101  616.27180   79 1441  584.00000  628.83180  7.68%  1048 2105s
 15134 13108  614.76642   85 1435  584.00000  628.83180  7.68%  1051 2111s
 15150 13130  613.93870   89 1428  584.00000  628.83180  7.68%  1053 2116s
 15170 13143  613.07930   93 1422  584.00000  628.83180  7.68%  1056 2122s
 15184 13153  612.57302   96 1419  584.00000  628.83180  7.68%  1058 2125s
 15205 13172  611.53611  101 1413  584.00000  628.83180  7.68%  1062 2132s
 15224 13183  610.89603  105 1408  584.00000  628.83180  7.68%  1063 2135s
 15270 13226  609.36868  115 1396  584.00000  628.83180  7.68%  1064 2141s
 15336 13272  607.30640  129 1380  584.00000  628.83180  7.68%  1064 2155s
 15411 13341  599.65933  144 1331  584.00000  628.83180  7.68%  1064 2163s
 15462 13385  604.36226  154 1351  584.00000  628.83180  7.68%  1063 2167s
 15523 13433  602.40644  166 1329  584.00000  628.83180  7.68%  1062 2171s
 15599 13458  597.52516  179 1299  584.00000  628.83180  7.68%  1060 2176s
 15678 13472  594.42103  194 1284  584.00000  628.83180  7.68%  1057 2180s
 15780 13526  587.65531  236 1208  584.00000  628.23464  7.57%  1055 2188s
 15830 13521  627.01576   35 1462  584.00000  628.23464  7.57%  1055 2193s
 15842 13540  626.53731   38 1458  584.00000  628.23464  7.57%  1055 2197s
 15865 13558  620.03637   43 1425  584.00000  628.23464  7.57%  1057 2201s
 15890 13575  621.51441   49 1420  584.00000  628.23464  7.57%  1057 2205s
 15916 13599  624.45529   56 1439  584.00000  628.23464  7.57%  1059 2211s
 15948 13618  623.47513   64 1429  584.00000  628.23464  7.57%  1060 2216s
 15978 13633  622.64258   71 1421  584.00000  628.23464  7.57%  1060 2230s
 16003 13669  619.54357   77 1392  584.00000  628.23464  7.57%  1061 2237s
 16047 13707  611.88308   88 1360  584.00000  628.23464  7.57%  1061 2243s
 16100 13746  618.13773  101 1385  584.00000  628.23464  7.57%  1061 2250s
 16157 13800  616.47332  115 1367  584.00000  628.23464  7.57%  1061 2256s
 16230 13840  612.75193  133 1340  584.00000  628.23464  7.57%  1060 2264s
 16294 13942  609.98285  150 1315  584.00000  628.23464  7.57%  1059 2271s
 16419 14050  604.17362  180 1257  584.00000  628.23464  7.57%  1055 2278s
 16571 14060  592.15812  217 1150  584.00000  628.23420  7.57%  1049 2286s
 16669 14048  625.86023   41 1468  584.00000  628.02992  7.54%  1047 2294s
 16689 14070  624.88330   47 1459  584.00000  628.02992  7.54%  1049 2303s
 16718 14092  616.04964   56 1406  584.00000  628.02992  7.54%  1051 2313s
 16750 14129  613.88337   64 1394  584.00000  628.02992  7.54%  1053 2320s
 16797 14175  621.22872   77 1424  584.00000  628.02992  7.54%  1054 2328s
 16859 14226  618.15945   94 1405  584.00000  628.02992  7.54%  1056 2338s
 16931 14280  614.94596  114 1384  584.00000  628.02992  7.54%  1056 2349s
 17009 14351  610.81060  137 1356  584.00000  628.02992  7.54%  1057 2359s
 17108 14516  604.60979  168 1304  584.00000  628.02992  7.54%  1055 2369s
 17312 14455     cutoff  234       584.00000  628.02980  7.54%  1050 2385s
 17343 14579  621.70462   35 1434  584.00000  628.02980  7.54%  1049 2396s
 17481 14605  626.85760   41 1467  584.00000  628.02980  7.54%  1047 2408s
 17570 14624  620.51911   54 1431  584.00000  628.02980  7.54%  1047 2421s
 17619 14682  622.90096   69 1439  584.00000  628.02980  7.54%  1049 2433s
 17693 14755  620.45818   89 1414  584.00000  628.02980  7.54%  1051 2447s
 17791 14861  615.92368  116 1383  584.00000  628.02980  7.54%  1052 2460s
 17929 15030  607.53275  154 1324  584.00000  628.02980  7.54%  1052 2475s
 18144 15166  593.63681  220 1216  584.00000  628.02464  7.54%  1047 2491s
 18393 15348  621.66804   67 1428  584.00000  627.99921  7.53%  1039 2508s
 18658 15638  597.30908  194 1247  584.00000  627.99867  7.53%  1031 2524s
 19070 15782  621.63564   74 1422  584.00000  627.95609  7.53%  1016 2540s
 19352 15773  596.11032  192 1209  584.00000  627.95600  7.53%  1008 2562s
 19463 16078  625.72859   34 1461  584.00000  627.95600  7.53%  1005 2577s
 19836 16334  608.39381  145 1329  584.00000  627.87965  7.51%   995 2602s
 20246 16475  625.44686   44 1461  584.00000  627.87965  7.51%   983 2620s
 20552 16791  604.88723  168 1297  584.00000  627.74289  7.49%   975 2639s
 21009 16738  589.59499  114 1234  584.00000  627.73218  7.49%   964 2655s
 21129 16711  625.83131   46 1462  584.00000  627.48587  7.45%   964 2784s
 21142 16772  621.16722   49 1428  584.00000  627.48587  7.45%   965 2801s
 21207 16863  622.92212   67 1438  584.00000  627.48587  7.45%   967 2816s
 21320 16998  613.27800   95 1366  584.00000  627.48587  7.45%   969 2835s
 21493 17235  610.80459  139 1352  584.00000  627.48587  7.45%   970 2855s
 21789 17394  588.35723  230 1180  584.00000  627.48309  7.45%   964 2872s
 22110 17667  610.26326  140 1346  584.00000  627.36547  7.43%   957 2898s
 22545 17810  618.45142   97 1406  584.00000  627.25303  7.41%   949 2914s
 22874 17832  620.26183   37 1433  584.00000  627.19427  7.40%   941 2926s
 23024 17839  625.26196   47 1458  584.00000  627.16645  7.39%   939 2938s
 23081 17985  617.78816   70 1404  584.00000  627.12679  7.38%   938 2951s
 23268 18060  613.75163   56 1388  584.00000  627.09619  7.38%   936 2961s
 23429 18228  622.64724   67 1441  584.00000  627.09235  7.38%   933 2973s
 23651 18442  605.54906  171 1310  584.00000  627.08020  7.38%   929 2987s
 23974 18507  619.27781   41 1429  584.00000  627.03190  7.37%   922 2999s
 24146 18661  605.88118  125 1322  584.00000  627.02737  7.37%   919 3012s
 24397 18663  591.75236   88 1269  584.00000  627.00306  7.36%   914 3024s
 24504 18687  598.17332   44 1317  584.00000  626.96659  7.36%   914 3036s
 24632 18795  625.45631   41 1462  584.00000  626.95169  7.35%   914 3049s
 24807 18895  616.42476   37 1403  584.00000  626.88213  7.34%   912 3062s
 24993 18927  606.72300   59 1345  584.00000  626.88046  7.34%   910 3082s
 25109 19054  617.73444   44 1424  584.00000  626.75922  7.32%   909 3093s
 25305 19264  619.10265   48 1416  584.00000  626.69531  7.31%   906 3107s
 25612 19272  612.96265   40 1399  584.00000  626.63704  7.30%   901 3121s
 25752 19391  609.39119   65 1360  584.00000  626.62783  7.30%   900 3134s
 25950 19641  612.01924   88 1361  584.00000  626.56401  7.29%   897 3148s
 26286 19636  619.40324   39 1425  584.00000  626.56401  7.29%   891 3161s
 26409 19799  616.62130   58 1400  584.00000  626.56401  7.29%   891 3175s
 26624 19890  612.00663   85 1369  584.00000  626.56401  7.29%   888 3188s
 26797 20075  605.49171  124 1308  584.00000  626.56401  7.29%   887 3200s
 27043 20098     cutoff  200       584.00000  626.54189  7.28%   884 3214s
 27178 20181  619.88534   42 1423  584.00000  626.52820  7.28%   881 3227s
 27324 20423  618.21707   48 1432  584.00000  626.50931  7.28%   881 3244s
 27637 20430  619.12045   43 1436  584.00000  626.50137  7.28%   875 3258s
 27787 20654  619.20682   41 1432  584.00000  626.48628  7.28%   875 3273s
 28087 20809  598.21660  163 1256  584.00000  626.45048  7.27%   870 3287s
 28368 20862  588.53195   72 1272  584.00000  626.44605  7.27%   866 3303s
 28548 21004  622.31757   39 1441  584.00000  626.43546  7.27%   865 3315s
 28758 21172  598.73164  173 1272  584.00000  626.41512  7.26%   862 3329s
 29030 21140  587.15483   94 1267  584.00000  626.40787  7.26%   858 3343s
 29105 21400  619.59950   59 1413  584.00000  626.39481  7.26%   858 3353s
 29390 21576  595.87125  181 1255  584.00000  626.32967  7.25%   854 3375s
 29715 21753  618.01198   55 1419  584.00000  626.31468  7.25%   850 3389s
 30036 21684     cutoff  216       584.00000  626.29467  7.24%   845 3408s
 30086 21857  619.19792   55 1416  584.00000  626.29467  7.24%   845 3420s
 30284 21915  587.11762  196 1189  584.00000  626.28336  7.24%   843 3432s
 30452 22091  613.99425   94 1378  584.00000  626.27097  7.24%   841 3445s
 30698 22225  618.24019   45 1422  584.00000  626.27097  7.24%   838 3458s
 30935 22326  597.83951  163 1278  584.00000  626.22812  7.23%   835 3469s
 31136 22529  618.97790   55 1425  584.00000  626.22042  7.23%   833 3479s
 31426 22593  594.93349  185 1255  584.00000  626.19102  7.22%   829 3491s
 31600 22684  593.18391   74 1273  584.00000  626.16622  7.22%   827 3503s
 31781 22900  613.94091   72 1389  584.00000  626.10636  7.21%   825 3518s
 32088 23014  619.19294   41 1435  584.00000  626.10201  7.21%   821 3527s
 32304 23116  601.69997  142 1303  584.00000  626.09160  7.21%   819 3538s
 32524 23285  615.41261   60 1399  584.00000  626.08890  7.21%   816 3549s
 32804 23397  619.60993   41 1429  584.00000  626.08090  7.21%   813 3559s
 33010 23494  601.52079  145 1289  584.00000  626.06266  7.20%   810 3570s
 33229 23676  617.76416   61 1407  584.00000  626.05459  7.20%   808 3582s
 33484 23673  588.04720  205 1210  584.00000  626.04748  7.20%   805 3594s
 33612 23730  612.40935   42 1389  584.00000  626.03843  7.20%   805 3600s

Cutting planes:
  Gomory: 11
  Clique: 4
  Flow cover: 71
  Zero half: 984
  Mod-K: 1
  RLT: 494
  BQP: 113

Explored 33740 nodes (27221137 simplex iterations) in 3600.00 seconds (11389.99 work units)
Thread count was 2 (of 24 available processors)

Solution count 10: 584 583 582 ... 574

Time limit reached
Best objective 5.840000000000e+02, best bound 6.260000000000e+02, gap 7.1918%

User-callback calls 335447, time in user-callback 0.90 sec

Gurobi 11.0.3 (linux64) logging started Sat Mar  7 14:20:15 2026

Set parameter LogFile to value "./log/train/IS_1500_6/IS_42.lp.log"
Set parameter TimeLimit to value 3600
Gurobi Optimizer version 11.0.3 build v11.0.3rc0 (linux64 - "Ubuntu 22.04.5 LTS")

CPU model: AMD Ryzen 9 9900X 12-Core Processor, instruction set [SSE2|AVX|AVX2|AVX512]
Thread count: 12 physical cores, 24 logical processors, using up to 1 threads

Optimize a model with 9176 rows, 1500 columns and 18092 nonzeros
Model fingerprint: 0x7d0c4700
Variable types: 0 continuous, 1500 integer (1500 binary)
Coefficient statistics:
  Matrix range     [1e+00, 1e+00]
  Objective range  [1e+00, 1e+00]
  Bounds range     [1e+00, 1e+00]
  RHS range        [1e+00, 1e+00]
Found heuristic solution: objective 344.0000000
Presolve removed 1713 rows and 0 columns
Presolve time: 0.11s
Presolved: 7463 rows, 1500 columns, 16320 nonzeros
Variable types: 0 continuous, 1500 integer (1500 binary)

Root relaxation: objective 6.885000e+02, 3932 iterations, 0.22 seconds (0.27 work units)

    Nodes    |    Current Node    |     Objective Bounds      |     Work
 Expl Unexpl |  Obj  Depth IntInf | Incumbent    BestBd   Gap | It/Node Time

     0     0  688.50000    0 1349  344.00000  688.50000   100%     -    0s
H    0     0                     523.0000000  688.50000  31.6%     -    0s
H    0     0                     527.0000000  688.50000  30.6%     -    0s
     0     0  670.42281    0 1485  527.00000  670.42281  27.2%     -    1s
H    0     0                     541.0000000  670.42281  23.9%     -    1s
     0     0  670.41956    0 1485  541.00000  670.41956  23.9%     -    1s
     0     0  670.41952    0 1485  541.00000  670.41952  23.9%     -    1s
     0     0  662.28932    0 1481  541.00000  662.28932  22.4%     -    3s
H    0     0                     547.0000000  662.28932  21.1%     -    3s
     0     0  661.77461    0 1479  547.00000  661.77461  21.0%     -    3s
     0     0  661.72153    0 1481  547.00000  661.72153  21.0%     -    3s
     0     0  661.70615    0 1482  547.00000  661.70615  21.0%     -    3s
     0     0  661.70279    0 1481  547.00000  661.70279  21.0%     -    3s
     0     0  657.85912    0 1486  547.00000  657.85912  20.3%     -    4s
H    0     0                     548.0000000  657.85912  20.0%     -    4s
H    0     0                     557.0000000  657.85912  18.1%     -    4s
     0     0  657.36863    0 1487  557.00000  657.36863  18.0%     -    4s
     0     0  657.29102    0 1488  557.00000  657.29102  18.0%     -    4s
     0     0  657.25079    0 1491  557.00000  657.25079  18.0%     -    4s
     0     0  657.22027    0 1492  557.00000  657.22027  18.0%     -    4s
     0     0  657.21420    0 1491  557.00000  657.21420  18.0%     -    4s
     0     0  653.28895    0 1483  557.00000  653.28895  17.3%     -    6s
H    0     0                     558.0000000  653.28895  17.1%     -    6s
     0     0  652.82125    0 1483  558.00000  652.82125  17.0%     -    6s
     0     0  652.77313    0 1483  558.00000  652.77313  17.0%     -    6s
     0     0  652.76135    0 1482  558.00000  652.76135  17.0%     -    6s
     0     0  652.75880    0 1482  558.00000  652.75880  17.0%     -    6s
     0     0  650.41780    0 1485  558.00000  650.41780  16.6%     -    7s
     0     0  650.13612    0 1482  558.00000  650.13612  16.5%     -    7s
     0     0  650.07615    0 1483  558.00000  650.07615  16.5%     -    7s
     0     0  650.06529    0 1481  558.00000  650.06529  16.5%     -    7s
     0     0  648.68403    0 1486  558.00000  648.68403  16.3%     -    8s
     0     0  648.48087    0 1485  558.00000  648.48087  16.2%     -    8s
     0     0  648.44720    0 1485  558.00000  648.44720  16.2%     -    8s
     0     0  648.43952    0 1486  558.00000  648.43952  16.2%     -    9s
     0     0  647.39754    0 1487  558.00000  647.39754  16.0%     -    9s
     0     0  647.22907    0 1487  558.00000  647.22907  16.0%     -   10s
     0     0  647.17709    0 1487  558.00000  647.17709  16.0%     -   10s
     0     0  647.17429    0 1488  558.00000  647.17429  16.0%     -   10s
     0     0  646.07843    0 1486  558.00000  646.07843  15.8%     -   11s
H    0     0                     561.0000000  646.07843  15.2%     -   11s
     0     0  645.91302    0 1489  561.00000  645.91302  15.1%     -   11s
     0     0  645.89669    0 1489  561.00000  645.89669  15.1%     -   11s
     0     0  645.89376    0 1490  561.00000  645.89376  15.1%     -   11s
     0     0  645.37304    0 1490  561.00000  645.37304  15.0%     -   12s
     0     0  645.27408    0 1490  561.00000  645.27408  15.0%     -   12s
     0     0  645.25456    0 1490  561.00000  645.25456  15.0%     -   12s
     0     0  645.25147    0 1490  561.00000  645.25147  15.0%     -   12s
     0     0  644.76632    0 1486  561.00000  644.76632  14.9%     -   13s
     0     0  644.69793    0 1489  561.00000  644.69793  14.9%     -   13s
     0     0  644.67940    0 1489  561.00000  644.67940  14.9%     -   13s
     0     0  644.67695    0 1490  561.00000  644.67695  14.9%     -   13s
     0     0  644.20246    0 1487  561.00000  644.20246  14.8%     -   13s
     0     0  644.12346    0 1487  561.00000  644.12346  14.8%     -   14s
     0     0  644.10410    0 1487  561.00000  644.10410  14.8%     -   14s
     0     0  644.10170    0 1489  561.00000  644.10170  14.8%     -   14s
     0     0  643.83870    0 1485  561.00000  643.83870  14.8%     -   14s
H    0     0                     564.0000000  643.83870  14.2%     -   14s
     0     0  643.78646    0 1487  564.00000  643.78646  14.1%     -   14s
     0     0  643.77011    0 1490  564.00000  643.77011  14.1%     -   14s
     0     0  643.47931    0 1491  564.00000  643.47931  14.1%     -   15s
     0     0  643.39452    0 1488  564.00000  643.39452  14.1%     -   15s
     0     0  643.37354    0 1490  564.00000  643.37354  14.1%     -   15s
     0     0  643.36890    0 1490  564.00000  643.36890  14.1%     -   15s
     0     0  642.93484    0 1490  564.00000  642.93484  14.0%     -   16s
     0     0  642.85484    0 1491  564.00000  642.85484  14.0%     -   16s
     0     0  642.85042    0 1492  564.00000  642.85042  14.0%     -   16s
     0     0  642.59634    0 1489  564.00000  642.59634  13.9%     -   16s
     0     0  642.54561    0 1488  564.00000  642.54561  13.9%     -   17s
     0     0  642.53726    0 1489  564.00000  642.53726  13.9%     -   17s
     0     0  642.41171    0 1490  564.00000  642.41171  13.9%     -   17s
     0     0  642.41171    0 1489  564.00000  642.41171  13.9%     -   17s
H    0     0                     568.0000000  642.41171  13.1%     -   18s
     0     2  642.41035    0 1489  568.00000  642.41035  13.1%     -   18s
     4     6  632.56196    3 1426  568.00000  642.40843  13.1%  2983   21s
    14    16  625.66334   10 1387  568.00000  642.40843  13.1%  2480   25s
    29    31  596.71689   20 1265  568.00000  642.40843  13.1%  2300   30s
    63    57  635.71597    1 1445  568.00000  642.32377  13.1%  1612   45s
    71    65  625.01156    6 1396  568.00000  642.32377  13.1%  1842   50s
    92    86  593.73276   21 1239  568.00000  642.32377  13.1%  1766   55s
   123   105  629.19602    5 1415  568.00000  642.11638  13.0%  1608   60s
H  137   115                     570.0000000  642.11638  12.7%  1680   64s
   138   118  613.57958   14 1339  570.00000  642.11638  12.7%  1705   65s
   190   152  634.65467    5 1450  570.00000  642.11545  12.7%  1488   71s
H  191   147                     572.0000000  642.11545  12.3%  1481   71s
   203   161  614.56330   14 1338  572.00000  642.11545  12.3%  1540   75s
H  218   168                     573.0000000  642.11545  12.1%  1536   78s
   228   180  604.53553   33 1283  573.00000  642.11545  12.1%  1534   80s
H  234   179                     574.0000000  642.11545  11.9%  1527   80s
   256   193  627.10930    6 1403  574.00000  641.74542  11.8%  1524   85s
H  260   187                     575.0000000  641.74542  11.6%  1532   87s
   268   197  624.86930   14 1398  575.00000  641.74542  11.6%  1574   90s
   285   214  596.51007   25 1274  575.00000  641.74542  11.6%  1615   95s
   316   245  602.46480   46 1288  575.00000  641.74542  11.6%  1599  100s
H  354   276                     577.0000000  641.74542  11.2%  1536  103s
H  390   285                     579.0000000  641.74516  10.8%  1419  104s
   393   290  641.22496   11 1475  579.00000  641.74516  10.8%  1417  105s
   400   297  623.15006   15 1388  579.00000  641.74516  10.8%  1459  110s
   415   312  608.02255   25 1310  579.00000  641.74516  10.8%  1491  115s
   453   338  633.91082    7 1449  579.00000  641.67627  10.8%  1450  120s
   465   350  627.85554   15 1404  579.00000  641.67627  10.8%  1484  125s
   484   369  622.86224   30 1366  579.00000  641.67627  10.8%  1490  130s
   507   392  599.60749   44 1273  579.00000  641.67627  10.8%  1504  135s
H  516   391                     580.0000000  641.67627  10.6%  1499  136s
   552   407  636.59741    9 1444  580.00000  641.60954  10.6%  1448  140s
   567   422  619.76812   20 1378  580.00000  641.60954  10.6%  1472  145s
H  571   417                     581.0000000  641.60954  10.4%  1473  146s
   579   426  634.54058    6 1489  581.00000  641.60954  10.4%  1472  162s
   582   428  607.43151   17 1486  581.00000  641.60954  10.4%  1464  172s
   585   430  582.92273   76 1491  581.00000  641.60954  10.4%  1457  175s
   589   433  634.35951    9 1492  581.00000  641.60954  10.4%  1447  184s
   590   433  595.47287   24 1488  581.00000  641.60954  10.4%  1445  193s
   592   435  618.46140   21 1490  581.00000  641.60954  10.4%  1440  204s
   593   435  611.90243   13 1489  581.00000  641.60954  10.4%  1437  213s
   595   437  631.57740   15 1490  581.00000  641.60954  10.4%  1432  223s
   596   437  598.70089   42 1489  581.00000  641.60954  10.4%  1430  233s
   598   439  615.05475   28 1490  581.00000  641.60954  10.4%  1425  242s
   599   439  607.43151   17 1488  581.00000  641.60954  10.4%  1423  251s
   600   440  633.05937    5 1490  581.00000  641.60954  10.4%  1420  259s
   601   441  619.41932   12 1488  581.00000  641.60954  10.4%  1418  267s
   602   441  625.08052   10 1491  581.00000  641.60954  10.4%  1416  274s
   603   442  605.72333   16 1490  581.00000  641.60954  10.4%  1413  275s
   608   447  641.51327   16 1486  581.00000  641.60954  10.4%  1483  280s
   616   453  639.76490   20 1470  581.00000  640.65424  10.3%  1499  285s
   629   461  638.41789   26 1473  581.00000  640.65424  10.3%  1513  290s
   641   469  623.71334   32 1404  581.00000  640.65424  10.3%  1535  295s
   651   476  633.68155   37 1434  581.00000  640.65424  10.3%  1554  301s
   660   482  634.54119   42 1444  581.00000  640.65424  10.3%  1564  305s
   670   489  632.25273   47 1424  581.00000  640.65424  10.3%  1572  310s
   681   496  614.15038   52 1350  581.00000  640.65424  10.3%  1599  316s
   691   503  624.52539   57 1390  581.00000  640.65424  10.3%  1612  320s
   705   512  621.94338   64 1372  581.00000  640.65424  10.3%  1624  325s
   707   513  628.32399   65 1404  581.00000  640.65424  10.3%  1625  332s
   715   519  627.88708   69 1404  581.00000  640.65424  10.3%  1629  335s
   733   531  623.13374   78 1383  581.00000  640.65424  10.3%  1638  340s
   751   543  621.20648   87 1376  581.00000  640.65424  10.3%  1642  345s
   770   555  616.61186   97 1363  581.00000  640.65424  10.3%  1649  350s
   789   568  615.63345  106 1367  581.00000  640.65424  10.3%  1644  355s
   809   581  609.72536  116 1338  581.00000  640.65424  10.3%  1649  360s
   831   596  606.35743  127 1326  581.00000  640.65424  10.3%  1655  365s
   853   611  602.28025  138 1307  581.00000  640.65424  10.3%  1658  370s
   876   626  602.37930  150 1310  581.00000  640.65424  10.3%  1668  375s
   900   642  594.30152  162 1273  581.00000  640.65424  10.3%  1672  380s
   925   659  588.00001  174 1247  581.00000  640.65424  10.3%  1679  385s
   955   679  588.90191  189 1220  581.00000  640.65424  10.3%  1685  390s
   989   699  582.85108  206 1205  581.00000  640.65424  10.3%  1683  395s
  1053   720  583.00000  238 1143  581.00000  640.65424  10.3%  1644  400s
  1099   722  634.81238   19 1449  581.00000  640.62843  10.3%  1611  405s
  1105   726  633.25331   22 1429  581.00000  640.62843  10.3%  1627  410s
  1111   730  634.60970   25 1433  581.00000  640.62843  10.3%  1640  415s
  1118   734  638.67861   29 1466  581.00000  640.62843  10.3%  1652  420s
  1125   739  633.96307   32 1429  581.00000  640.62843  10.3%  1671  426s
  1131   743  633.93479   35 1431  581.00000  640.62843  10.3%  1683  430s
  1139   748  631.67908   39 1431  581.00000  640.62843  10.3%  1698  435s
  1147   754  629.58210   43 1418  581.00000  640.62843  10.3%  1712  440s
  1155   759  623.92329   47 1388  581.00000  640.62843  10.3%  1728  445s
  1164   765  635.39786   52 1435  581.00000  640.62843  10.3%  1740  450s
  1173   771  628.72107   56 1398  581.00000  640.62843  10.3%  1756  455s
  1183   778  628.50515   61 1405  581.00000  640.62843  10.3%  1770  460s
  1193   784  630.15973   66 1401  581.00000  640.62843  10.3%  1784  465s
  1205   792  626.37649   72 1398  581.00000  640.62843  10.3%  1798  470s
  1217   800  627.91108   78 1386  581.00000  640.62843  10.3%  1810  475s
  1229   808  620.42494   84 1363  581.00000  640.62843  10.3%  1825  480s
  1239   815  613.60349   89 1319  581.00000  640.62843  10.3%  1835  485s
  1253   824  616.92995   96 1326  581.00000  640.62843  10.3%  1846  490s
  1271   836  622.24919  105 1350  581.00000  640.62843  10.3%  1852  495s
H 1284   806                     582.0000000  640.62843  10.1%  1854  498s
  1289   811  618.92861  114 1341  582.00000  640.62843  10.1%  1858  500s
  1307   823  620.70362  123 1346  582.00000  640.62843  10.1%  1862  505s
  1331   839  618.19152  135 1331  582.00000  640.62843  10.1%  1863  510s
  1353   854  617.18596  146 1320  582.00000  640.62843  10.1%  1868  515s
  1384   875  615.53985  162 1308  582.00000  640.62843  10.1%  1862  520s
  1437   910  603.48175  188 1233  582.00000  640.62843  10.1%  1830  525s
  1556   989  588.50000  248  963  582.00000  640.62843  10.1%  1733  530s
  1610   998  638.37387   20 1460  582.00000  640.55936  10.1%  1695  535s
  1615  1002  621.92659   22 1375  582.00000  640.55936  10.1%  1706  540s
  1622  1006  637.59563   26 1455  582.00000  640.55936  10.1%  1716  545s
H 1623   968                     583.0000000  640.55936  9.87%  1715  546s
  1629   974  629.68921   29 1421  583.00000  640.55936  9.87%  1727  550s
  1637   979  631.58383   33 1423  583.00000  640.55936  9.87%  1738  555s
  1646   985  635.65250   38 1443  583.00000  640.55936  9.87%  1747  560s
  1655   991  630.59214   42 1411  583.00000  640.55936  9.87%  1759  565s
  1665   998  629.21654   47 1406  583.00000  640.55936  9.87%  1771  570s
  1674  1004  633.42271   52 1422  583.00000  640.55936  9.87%  1779  575s
  1684  1011  632.67562   57 1418  583.00000  640.55936  9.87%  1788  580s
  1695  1018  628.03851   62 1396  583.00000  640.55936  9.87%  1799  585s
  1707  1026  626.27585   68 1386  583.00000  640.55936  9.87%  1809  590s
  1719  1034  625.96236   74 1387  583.00000  640.55936  9.87%  1820  595s
  1735  1045  620.05639   82 1349  583.00000  640.55936  9.87%  1830  600s
  1750  1055  626.11228   90 1383  583.00000  640.55936  9.87%  1837  605s
  1769  1067  619.53334   99 1354  583.00000  640.55936  9.87%  1844  610s
  1788  1080  622.86428  109 1361  583.00000  640.55936  9.87%  1848  615s
  1813  1099  614.39761  121 1315  583.00000  640.55936  9.87%  1850  620s
  1841  1127  616.12056  135 1313  583.00000  640.55936  9.87%  1849  625s
  1873  1159  612.48214  151 1297  583.00000  640.55936  9.87%  1846  630s
  1927  1213  605.89019  178 1237  583.00000  640.55936  9.87%  1825  635s
  1993  1277  594.06305  211 1171  583.00000  640.55936  9.87%  1790  640s
  2070  1342  584.22105  248 1100  583.00000  640.55936  9.87%  1740  645s
  2097  1341  638.05834   21 1458  583.00000  640.55908  9.87%  1730  650s
  2106  1350  627.94902   25 1403  583.00000  640.55908  9.87%  1740  656s
  2114  1358  624.08482   29 1396  583.00000  640.55908  9.87%  1749  661s
  2120  1364  625.62171   32 1399  583.00000  640.55908  9.87%  1755  665s
  2127  1371  635.85211   36 1446  583.00000  640.55908  9.87%  1760  670s
  2136  1380  627.93898   40 1409  583.00000  640.55908  9.87%  1770  675s
  2146  1390  627.37558   45 1408  583.00000  640.55908  9.87%  1777  681s
  2152  1396  627.11511   48 1402  583.00000  640.55908  9.87%  1782  685s
  2162  1406  628.76227   53 1405  583.00000  640.55908  9.87%  1791  690s
  2170  1414  627.35535   57 1394  583.00000  640.55908  9.87%  1796  695s
  2179  1423  631.70365   62 1418  583.00000  640.55908  9.87%  1800  700s
  2190  1434  624.42550   67 1377  583.00000  640.55908  9.87%  1807  705s
  2200  1444  615.58416   72 1341  583.00000  640.55908  9.87%  1813  710s
  2211  1455  628.33493   78 1398  583.00000  640.55908  9.87%  1816  715s
  2223  1467  627.08682   84 1393  583.00000  640.55908  9.87%  1821  720s
  2240  1484  621.53789   92 1369  583.00000  640.55908  9.87%  1826  725s
  2249  1493  624.43162   97 1381  583.00000  640.55908  9.87%  1829  730s
  2264  1508  619.80884  104 1350  583.00000  640.55908  9.87%  1832  735s
  2280  1524  614.82759  112 1308  583.00000  640.55908  9.87%  1836  740s
  2292  1536  618.30459  118 1344  583.00000  640.55908  9.87%  1836  745s
  2313  1557  619.39227  129 1344  583.00000  640.55908  9.87%  1835  750s
  2334  1578  608.70946  139 1275  583.00000  640.55908  9.87%  1833  755s
  2352  1596  612.58685  148 1295  583.00000  640.55908  9.87%  1830  761s
  2376  1620  607.95523  160 1256  583.00000  640.55908  9.87%  1826  765s
  2394  1638  604.19377  169 1221  583.00000  640.55908  9.87%  1821  776s
  2421  1665  604.03502  183 1254  583.00000  640.55908  9.87%  1809  780s
  2475  1719  594.41176  210 1133  583.00000  640.55908  9.87%  1784  786s
  2502  1746  590.02660  223 1102  583.00000  640.55908  9.87%  1771  790s
  2568  1785  634.46580   20 1442  583.00000  640.39845  9.85%  1739  796s
  2574  1791  634.68344   23 1434  583.00000  640.39845  9.85%  1744  801s
  2580  1797  634.22800   26 1443  583.00000  640.39845  9.85%  1749  805s
  2586  1803  630.55596   29 1427  583.00000  640.39845  9.85%  1755  810s
  2593  1810  637.30816   33 1455  583.00000  640.39845  9.85%  1760  815s
  2600  1817  620.68048   36 1375  583.00000  640.39845  9.85%  1767  821s
H 2606  1788                     584.0000000  640.39845  9.66%  1770  828s
  2610  1794  625.74781   41 1400  584.00000  640.39845  9.66%  1775  830s
  2618  1802  627.22098   45 1399  584.00000  640.39845  9.66%  1782  836s
  2624  1808  631.70742   48 1417  584.00000  640.39845  9.66%  1787  840s
  2630  1814  630.88903   51 1407  584.00000  640.39845  9.66%  1792  845s
  2638  1822  624.10074   55 1385  584.00000  640.39845  9.66%  1797  850s
  2646  1830  629.44579   59 1406  584.00000  640.39845  9.66%  1802  855s
  2658  1842  628.32708   65 1402  584.00000  640.39845  9.66%  1807  860s
  2671  1855  630.92796   72 1411  584.00000  640.39845  9.66%  1812  865s
  2682  1866  624.86482   77 1383  584.00000  640.39845  9.66%  1818  872s
  2692  1876  624.10231   82 1367  584.00000  640.39845  9.66%  1822  875s
  2704  1888  624.12598   88 1383  584.00000  640.39845  9.66%  1826  880s
  2718  1902  623.31674   95 1369  584.00000  640.39845  9.66%  1830  885s
  2734  1918  622.45651  103 1362  584.00000  640.39845  9.66%  1834  890s
  2750  1934  622.21064  111 1348  584.00000  640.39845  9.66%  1837  895s
  2766  1950  615.46044  119 1307  584.00000  640.39845  9.66%  1838  900s
  2787  1971  620.65695  130 1347  584.00000  640.39845  9.66%  1839  905s
  2817  2001  616.64167  145 1324  584.00000  640.39845  9.66%  1836  910s
  2836  2020  613.56856  154 1301  584.00000  640.39845  9.66%  1833  915s
  2893  2077  606.74066  183 1279  584.00000  640.39845  9.66%  1820  920s
  3002  2182  588.48148  237 1085  584.00000  640.39845  9.66%  1775  925s
  3049  2199  634.96702   22 1437  584.00000  640.39720  9.66%  1759  930s
  3055  2205  634.17141   25 1438  584.00000  640.39720  9.66%  1763  935s
  3061  2211  631.55981   28 1433  584.00000  640.39720  9.66%  1768  944s
  3063  2213  631.23017   29 1430  584.00000  640.39720  9.66%  1770  946s
  3069  2219  630.55793   32 1430  584.00000  640.39720  9.66%  1774  951s
  3073  2223  631.38394   34 1430  584.00000  640.39720  9.66%  1777  956s
  3079  2229  630.05420   37 1429  584.00000  640.39720  9.66%  1781  960s
  3087  2237  622.36543   41 1389  584.00000  640.39720  9.66%  1787  966s
  3093  2243  626.72887   44 1402  584.00000  640.39720  9.66%  1792  970s
  3099  2249  621.86799   47 1383  584.00000  640.39720  9.66%  1798  975s
  3107  2257  631.52696   51 1411  584.00000  640.39720  9.66%  1804  980s
  3115  2265  630.03059   55 1411  584.00000  640.39720  9.66%  1808  986s
  3123  2273  629.31765   59 1410  584.00000  640.39720  9.66%  1812  990s
  3131  2281  627.82697   63 1404  584.00000  640.39720  9.66%  1816  995s
  3143  2293  627.30550   69 1399  584.00000  640.39720  9.66%  1821 1000s
  3153  2303  625.62048   74 1392  584.00000  640.39720  9.66%  1824 1005s
  3165  2315  626.32884   80 1387  584.00000  640.39720  9.66%  1829 1010s
  3171  2321  624.81628   83 1385  584.00000  640.39720  9.66%  1832 1017s
  3179  2329  625.04033   87 1385  584.00000  640.39720  9.66%  1835 1020s
  3191  2341  623.66219   93 1383  584.00000  640.39720  9.66%  1839 1025s
  3207  2357  622.13147  101 1369  584.00000  640.39720  9.66%  1842 1030s
  3223  2373  618.02242  109 1357  584.00000  640.39720  9.66%  1845 1035s
  3241  2391  610.51652  118 1283  584.00000  640.39720  9.66%  1849 1040s
  3263  2413  615.01166  129 1313  584.00000  640.39720  9.66%  1849 1045s
  3291  2441  616.55277  143 1327  584.00000  640.39720  9.66%  1848 1050s
  3321  2471  613.67941  158 1304  584.00000  640.39720  9.66%  1844 1055s
  3369  2519  605.45950  182 1240  584.00000  640.39720  9.66%  1835 1060s
  3502  2638  585.18841  244 1112  584.00000  640.39720  9.66%  1786 1065s
  3527  2638  635.43178   22 1444  584.00000  639.76471  9.55%  1781 1071s
  3532  2643  639.16120   25 1477  584.00000  639.76471  9.55%  1784 1075s
  3533  2644  630.79693   25 1429  584.00000  639.76471  9.55%  1786 1081s
  3539  2650  632.27125   28 1439  584.00000  639.76471  9.55%  1790 1086s
  3545  2656  630.97728   31 1434  584.00000  639.76471  9.55%  1794 1090s
  3551  2662  628.95272   34 1425  584.00000  639.76471  9.55%  1798 1095s
  3557  2668  621.66102   37 1388  584.00000  639.76471  9.55%  1803 1101s
  3563  2674  630.43761   40 1422  584.00000  639.76471  9.55%  1806 1105s
  3569  2680  628.39311   43 1412  584.00000  639.76471  9.55%  1811 1110s
  3577  2688  632.97293   47 1431  584.00000  639.76471  9.55%  1815 1115s
  3583  2694  623.83596   50 1389  584.00000  639.76471  9.55%  1819 1120s
  3591  2702  623.53639   54 1380  584.00000  639.76471  9.55%  1824 1125s
  3601  2712  630.60627   59 1407  584.00000  639.76471  9.55%  1828 1130s
  3608  2719  633.62183   63 1434  584.00000  639.76471  9.55%  1830 1141s
  3615  2726  629.06230   66 1414  584.00000  639.76471  9.55%  1833 1145s
  3627  2738  627.34359   72 1390  584.00000  639.76471  9.55%  1837 1150s
  3639  2750  626.35800   78 1399  584.00000  639.76471  9.55%  1841 1155s
  3653  2764  626.49161   85 1394  584.00000  639.76471  9.55%  1844 1160s
  3667  2778  622.82807   92 1373  584.00000  639.76471  9.55%  1847 1165s
  3681  2792  620.69257   99 1366  584.00000  639.76471  9.55%  1851 1170s
  3697  2808  619.89832  107 1363  584.00000  639.76471  9.55%  1854 1175s
  3713  2824  620.90705  115 1355  584.00000  639.76471  9.55%  1857 1180s
  3735  2846  617.05404  126 1336  584.00000  639.76471  9.55%  1858 1185s
  3761  2872  611.83652  139 1293  584.00000  639.76471  9.55%  1858 1190s
  3791  2902  608.02202  154 1273  584.00000  639.76471  9.55%  1857 1195s
  3837  2948  601.78791  177 1228  584.00000  639.76471  9.55%  1850 1200s
  3901  3012  598.57793  209 1213  584.00000  639.76471  9.55%  1836 1205s
  4003  3084  638.49613   23 1467  584.00000  639.76394  9.55%  1801 1210s
  4006  3087  633.31636   24 1438  584.00000  639.76394  9.55%  1803 1217s
  4008  3089  631.29372   25 1425  584.00000  639.76394  9.55%  1804 1228s
  4010  3091  633.44471   26 1439  584.00000  639.76394  9.55%  1805 1230s
  4014  3095  631.29505   28 1425  584.00000  639.76394  9.55%  1808 1235s
  4022  3103  629.92197   32 1421  584.00000  639.76394  9.55%  1812 1241s
  4028  3109  629.38820   35 1418  584.00000  639.76394  9.55%  1816 1245s
  4034  3115  630.27235   38 1418  584.00000  639.76394  9.55%  1820 1250s
  4042  3123  626.76105   42 1400  584.00000  639.76394  9.55%  1824 1256s
  4048  3129  626.96704   45 1398  584.00000  639.76394  9.55%  1827 1260s
  4054  3135  630.94421   48 1413  584.00000  639.76394  9.55%  1830 1265s
  4064  3145  619.26006   53 1373  584.00000  639.76394  9.55%  1834 1270s
  4073  3154  632.85095   58 1424  584.00000  639.76394  9.55%  1837 1275s
  4084  3165  625.36335   63 1392  584.00000  639.76394  9.55%  1841 1280s
  4092  3173  627.13599   67 1396  584.00000  639.76394  9.55%  1844 1290s
  4103  3184  630.15888   73 1413  584.00000  639.76394  9.55%  1847 1295s
  4114  3195  627.24537   78 1389  584.00000  639.76394  9.55%  1851 1300s
  4128  3209  617.34127   85 1355  584.00000  639.76394  9.55%  1854 1305s
  4142  3223  622.53695   92 1365  584.00000  639.76394  9.55%  1858 1310s
  4160  3241  620.37604  101 1352  584.00000  639.76394  9.55%  1860 1315s
  4182  3263  620.16179  112 1349  584.00000  639.76394  9.55%  1861 1320s
  4204  3285  619.57808  123 1337  584.00000  639.76394  9.55%  1863 1325s
  4232  3313  615.89675  137 1316  584.00000  639.76394  9.55%  1862 1330s
  4264  3345  612.94488  153 1288  584.00000  639.76394  9.55%  1860 1335s
  4308  3389  604.00671  175 1252  584.00000  639.76394  9.55%  1855 1340s
  4422  3501  588.23745  232 1167  584.00000  639.76394  9.55%  1825 1345s
  4491  3529  634.99522   42 1435  584.00000  639.47285  9.50%  1806 1350s
  4541  3579  623.81718   88 1358  584.00000  639.47285  9.50%  1796 1355s
  4580  3618  617.64725  120 1325  584.00000  639.47285  9.50%  1791 1360s
  4630  3668  612.62256  153 1286  584.00000  639.47285  9.50%  1784 1365s
  4723  3761  601.46457  189 1222  584.00000  639.47285  9.50%  1765 1370s
  4752  3790  598.71230  200 1208  584.00000  639.47285  9.50%  1758 1375s
  4894  3932  591.00000  223 1117  584.00000  639.47285  9.50%  1723 1380s
  5072  4097  636.82300   28 1448  584.00000  639.47278  9.50%  1675 1385s
  5085  4110  634.83587   41 1434  584.00000  639.47278  9.50%  1673 1390s
  5121  4146  627.81046   77 1397  584.00000  639.47278  9.50%  1668 1395s
  5170  4195  618.27830  119 1328  584.00000  639.47278  9.50%  1661 1400s
  5220  4245  611.86518  157 1284  584.00000  639.47278  9.50%  1654 1405s
  5297  4322  602.50746  187 1220  584.00000  639.47278  9.50%  1643 1410s
  5397  4422  594.95805  204 1215  584.00000  639.47278  9.50%  1626 1415s
  5548  4573  588.91626  221 1154  584.00000  639.47278  9.50%  1596 1420s
  5676  4670  637.04933   33 1453  584.00000  639.24792  9.46%  1569 1425s
  5718  4712  630.04423   75 1410  584.00000  639.24792  9.46%  1564 1430s
  5756  4750  623.25800  109 1368  584.00000  639.24792  9.46%  1561 1435s
  5795  4789  615.82064  135 1313  584.00000  639.24792  9.46%  1558 1440s
  5871  4865  607.06114  174 1258  584.00000  639.24792  9.46%  1548 1445s
  5980  4974  597.57043  204 1199  584.00000  639.24792  9.46%  1533 1450s
  6076  5070  591.20139  226 1149  584.00000  639.24792  9.46%  1516 1459s
  6086  5080  590.71450  228 1154  584.00000  639.24792  9.46%  1514 1460s
  6279  5244  637.14317   29 1460  584.00000  639.24606  9.46%  1478 1465s
  6313  5278  631.18275   63 1419  584.00000  639.24606  9.46%  1476 1470s
  6357  5322  623.34253  106 1375  584.00000  639.24606  9.46%  1472 1475s
  6403  5368  616.08251  141 1329  584.00000  639.24606  9.46%  1469 1480s
  6480  5445  605.32803  176 1251  584.00000  639.24606  9.46%  1462 1485s
  6610  5575  595.41765  212 1178  584.00000  639.24606  9.46%  1446 1490s
  6855  5776  637.95290   21 1464  584.00000  638.98006  9.41%  1406 1495s
  6893  5814  632.03188   59 1421  584.00000  638.98006  9.41%  1404 1500s
  6905  5826  627.01062   66 1390  584.00000  638.98006  9.41%  1405 1505s
  6965  5886  617.54081  122 1332  584.00000  638.98006  9.41%  1400 1510s
  7014  5935  610.83517  156 1284  584.00000  638.98006  9.41%  1397 1515s
  7156  6077  595.84414  203 1160  584.00000  638.98006  9.41%  1382 1520s
  7441  6319  628.57553   23 1415  584.00000  638.92261  9.40%  1343 1525s
  7516  6394  614.22024   98 1321  584.00000  638.92261  9.40%  1336 1530s
  7597  6475  600.53721  149 1231  584.00000  638.92261  9.40%  1332 1535s
  7777  6618  638.16877   23 1466  584.00000  638.92147  9.40%  1311 1540s
  7818  6659  631.23366   64 1413  584.00000  638.92147  9.40%  1309 1545s
  7867  6708  619.67882  108 1348  584.00000  638.92147  9.40%  1307 1550s
  7925  6766  611.42080  151 1286  584.00000  638.92147  9.40%  1303 1555s
  8016  6857  600.76471  189 1219  584.00000  638.92147  9.40%  1298 1560s
  8204  7045  588.25000  223  995  584.00000  638.92147  9.40%  1280 1565s
  8325  7138  632.48774   52 1416  584.00000  638.91831  9.40%  1269 1570s
  8372  7185  623.62534   97 1370  584.00000  638.91831  9.40%  1267 1575s
  8413  7226  616.04571  128 1325  584.00000  638.91831  9.40%  1267 1580s
  8479  7292  605.00000  171 1251  584.00000  638.91831  9.40%  1264 1585s
  8628  7441  593.89503  212 1155  584.00000  638.91831  9.40%  1251 1590s
  8835  7616  638.24904   24 1468  584.00000  638.91705  9.40%  1231 1595s
  8855  7636  620.32138   44 1381  584.00000  638.91705  9.40%  1232 1600s
  8936  7695  637.47309   24 1457  584.00000  638.85749  9.39%  1227 1605s
  8966  7725  632.34525   54 1422  584.00000  638.85749  9.39%  1226 1610s
  8999  7758  625.62923   87 1386  584.00000  638.85749  9.39%  1225 1615s
  9018  7777  622.66909  106 1359  584.00000  638.85749  9.39%  1224 1620s
  9107  7866  601.76571  195 1235  584.00000  638.85749  9.39%  1217 1625s
  9178  7914  626.54616   26 1391  584.00000  638.80635  9.38%  1212 1630s
  9186  7922  623.28697   30 1377  584.00000  638.80635  9.38%  1215 1635s
  9196  7932  628.84300   35 1401  584.00000  638.80635  9.38%  1217 1640s
  9206  7942  625.11069   40 1395  584.00000  638.80635  9.38%  1219 1645s
  9218  7954  623.18351   46 1375  584.00000  638.80635  9.38%  1222 1650s
  9230  7966  623.59466   52 1371  584.00000  638.80635  9.38%  1224 1655s
  9242  7978  624.01078   58 1375  584.00000  638.80635  9.38%  1227 1660s
  9258  7994  621.77234   66 1361  584.00000  638.80635  9.38%  1230 1665s
  9276  8012  622.14537   75 1360  584.00000  638.80635  9.38%  1232 1670s
  9296  8032  618.88243   85 1347  584.00000  638.80635  9.38%  1234 1675s
  9318  8054  614.42321   96 1314  584.00000  638.80635  9.38%  1237 1680s
  9340  8076  610.10153  107 1300  584.00000  638.80635  9.38%  1239 1685s
  9370  8106  609.44787  122 1278  584.00000  638.80635  9.38%  1241 1690s
  9415  8151  609.49669  145 1272  584.00000  638.80635  9.38%  1241 1695s
  9504  8240  594.85405  189 1154  584.00000  638.80635  9.38%  1237 1700s
  9599  8303  631.17318   30 1427  584.00000  638.69721  9.37%  1230 1705s
  9660  8364  619.27972   91 1360  584.00000  638.69721  9.37%  1227 1710s
  9800  8488     cutoff  219       584.00000  638.69721  9.37%  1216 1715s
  9829  8515  619.53634   49 1370  584.00000  638.63952  9.36%  1216 1720s
  9966  8632  628.41668   21 1419  584.00000  638.63654  9.36%  1206 1726s
  9999  8665  622.81239   54 1383  584.00000  638.63654  9.36%  1205 1730s
 10020  8686  618.84366   75 1353  584.00000  638.63654  9.36%  1204 1736s
 10073  8739  608.26229  120 1278  584.00000  638.63654  9.36%  1202 1740s
 10203  8868  620.58978  113 1489  584.00000  638.63654  9.36%  1194 2472s
 10206  8870  604.03301  183 1488  584.00000  638.63654  9.36%  1193 2480s
 10209  8872  585.25000  234 1492  584.00000  634.15069  8.59%  1193 2485s
 10214  8875  589.81899  221 1493  584.00000  634.02836  8.57%  1192 2497s
 10215  8876  587.05000  229 1491  584.00000  633.96739  8.56%  1192 2510s
 10218  8878  587.62500  226 1494  584.00000  633.92962  8.55%  1192 2524s
 10219  8879  601.08958  197 1488  584.00000  633.44052  8.47%  1192 2540s
 10224  8882  626.36433   90 1491  584.00000  633.21319  8.43%  1191 2555s
 10225  8883  590.02099  225 1490  584.00000  632.91416  8.38%  1191 2567s
 10229  8885  608.01648  168 1493  584.00000  632.81253  8.36%  1190 2583s
 10230  8886  620.99132  113 1490  584.00000  632.57481  8.32%  1190 2598s
 10234  8889  601.43323  201 1493  584.00000  632.51579  8.31%  1190 2614s
 10235  8889  618.97064  119 1487  584.00000  632.16685  8.25%  1190 2629s
 10239  8892  603.13492  163 1492  584.00000  632.00893  8.22%  1189 2646s
 10240  8893  587.01485  229 1490  584.00000  631.75267  8.18%  1189 2659s
 10244  8895  589.95231  228 1492  584.00000  631.64360  8.16%  1189 2675s
 10245  8896  621.47629   61 1491  584.00000  631.46661  8.13%  1189 2688s
 10249  8899  612.08918  150 1493  584.00000  631.40877  8.12%  1188 2701s
 10250  8899  586.33333  231 1490  584.00000  631.32577  8.10%  1188 2715s
 10253  8901  628.71972   57 1492  584.00000  631.30023  8.10%  1188 2729s
 10254  8902  631.21294   40 1491  584.00000  631.21294  8.08%  1188 2743s
 10257  8904  631.16385   35 1494  584.00000  631.16385  8.08%  1187 2757s
 10258  8905  590.38630  234 1493  584.00000  631.07977  8.06%  1187 2770s
 10261  8907  616.30060  106 1493  584.00000  631.04749  8.06%  1187 2786s
 10262  8907  599.00000  193 1493  584.00000  630.98263  8.04%  1187 2801s
 10266  8910  605.65105  159 1494  584.00000  630.94630  8.04%  1186 2817s
 10267  8911  620.70117   91 1489  584.00000  630.91590  8.03%  1186 2830s
 10269  8912  601.55805  200 1492  584.00000  630.89734  8.03%  1186 2845s
 10270  8913  599.00000  193 1490  584.00000  630.84841  8.02%  1186 2860s
 10272  8914  606.62235  161 1493  584.00000  630.83876  8.02%  1186 2875s
 10273  8915  614.70543  128 1491  584.00000  630.79911  8.01%  1185 2887s
 10275  8916  623.60052   80 1494  584.00000  630.78395  8.01%  1185 2905s
 10276  8917  586.19355  238 1493  584.00000  630.78269  8.01%  1185 2921s
 10277  8917  596.63526  165 1493  584.00000  630.78233  8.01%  1185 2937s
 10278  8918  625.89212   66 1493  584.00000  630.78218  8.01%  1185 2953s
 10279  8919  586.63770  239 1493  584.00000  630.78214  8.01%  1185 2970s
 10280  8919  592.28872  211 1493  584.00000  630.78213  8.01%  1185 2987s
 10281  8920  628.13304   83 1493  584.00000  630.78212  8.01%  1184 3004s
 10282  8921  600.31352  190 1491  584.00000  630.77399  8.01%  1184 3018s
 10283  8921  630.77179   28 1493  584.00000  630.77179  8.01%  1184 3033s
 10284  8922  595.33508  205 1491  584.00000  630.77097  8.01%  1184 3049s
 10285  8923  630.77075   51 1493  584.00000  630.77075  8.01%  1184 3065s
 10286  8923  585.62109  240 1490  584.00000  630.77068  8.01%  1184 3080s
 10287  8924  588.81905  231 1492  584.00000  630.77066  8.01%  1184 3096s
 10288  8925  626.28373   92 1492  584.00000  630.77057  8.01%  1184 3113s
 10289  8925  615.96054  128 1492  584.00000  630.77055  8.01%  1184 3129s
 10290  8926  613.27516  113 1492  584.00000  630.77053  8.01%  1183 3143s
 10291  8927  630.77052   40 1492  584.00000  630.77052  8.01%  1183 3159s
 10292  8927  588.37500  234 1492  584.00000  630.77052  8.01%  1183 3174s
 10293  8928  591.80303  213 1492  584.00000  630.77051  8.01%  1183 3191s
 10294  8929  596.93833  208 1491  584.00000  630.77051  8.01%  1183 3207s
 10295  8929  607.42888  180 1492  584.00000  630.77051  8.01%  1183 3222s
 10296  8930  616.34926  139 1492  584.00000  630.76608  8.01%  1183 3252s
 10297  8931  630.76549   65 1491  584.00000  630.76549  8.01%  1183 3268s
 10298  8931  590.22727  230 1491  584.00000  630.76549  8.01%  1183 3286s
 10303  8937  630.24585   33 1487  584.00000  630.51351  7.96%  1192 3290s
 10308  8940  628.97295   35 1473  584.00000  630.31481  7.93%  1194 3295s
 10314  8944  627.79402   38 1473  584.00000  630.31481  7.93%  1195 3300s
 10324  8951  627.76088   43 1477  584.00000  630.31481  7.93%  1195 3305s
 10334  8957  625.56330   48 1469  584.00000  630.31481  7.93%  1197 3310s
 10343  8963  625.29720   53 1462  584.00000  630.31481  7.93%  1197 3315s
 10352  8969  621.29179   57 1427  584.00000  630.31481  7.93%  1199 3320s
 10366  8979  622.40740   64 1450  584.00000  630.31481  7.93%  1199 3325s
 10378  8987  619.29398   70 1431  584.00000  630.31481  7.93%  1200 3330s
 10389  8994  618.83710   76 1434  584.00000  630.31481  7.93%  1201 3335s
 10402  9003  615.09079   82 1414  584.00000  630.31481  7.93%  1202 3340s
 10414  9011  614.70233   88 1409  584.00000  630.31481  7.93%  1203 3345s
 10430  9021  612.21868   96 1398  584.00000  630.31481  7.93%  1204 3350s
 10442  9029  608.79611  102 1380  584.00000  630.31481  7.93%  1205 3355s
 10458  9040  606.34007  110 1366  584.00000  630.31481  7.93%  1207 3360s
 10472  9049  604.93892  117 1366  584.00000  630.31481  7.93%  1208 3365s
 10490  9061  602.25271  126 1345  584.00000  630.31481  7.93%  1209 3370s
 10508  9073  599.50709  135 1347  584.00000  630.31481  7.93%  1210 3375s
 10522  9083  594.21602  142 1328  584.00000  630.31481  7.93%  1211 3380s
 10538  9093  593.39501  150 1317  584.00000  630.31481  7.93%  1213 3385s
 10554  9104  589.37891  158 1301  584.00000  630.31481  7.93%  1215 3390s
 10568  9113  587.98894  165 1291  584.00000  630.31481  7.93%  1216 3395s
 10582  9121  586.67506  172 1277  584.00000  630.31481  7.93%  1218 3400s
 10604  9120     cutoff  183       584.00000  630.31481  7.93%  1219 3405s
 10663  9100  629.36292   33 1473  584.00000  630.31389  7.93%  1215 3411s
 10667  9102  622.86745   35 1432  584.00000  630.31389  7.93%  1217 3415s
 10673  9106  616.93301   38 1400  584.00000  630.31389  7.93%  1219 3421s
 10677  9109  624.33189   40 1432  584.00000  630.31389  7.93%  1220 3425s
 10683  9113  621.30892   43 1429  584.00000  630.31389  7.93%  1222 3430s
 10689  9117  625.32359   46 1432  584.00000  630.31389  7.93%  1224 3435s
 10695  9121  622.04745   49 1425  584.00000  630.31389  7.93%  1226 3440s
 10701  9125  622.31727   52 1418  584.00000  630.31389  7.93%  1227 3445s
 10707  9129  620.29377   55 1401  584.00000  630.31389  7.93%  1229 3450s
 10713  9133  613.08540   58 1380  584.00000  630.31389  7.93%  1231 3455s
 10719  9137  622.04385   61 1424  584.00000  630.31389  7.93%  1232 3460s
 10727  9142  620.91585   65 1412  584.00000  630.31389  7.93%  1234 3465s
 10733  9146  620.43256   68 1401  584.00000  630.31389  7.93%  1235 3470s
 10741  9152  619.61096   72 1402  584.00000  630.31389  7.93%  1237 3475s
 10749  9157  617.25018   76 1400  584.00000  630.31389  7.93%  1239 3480s
 10759  9164  618.33275   81 1397  584.00000  630.31389  7.93%  1241 3485s
 10767  9169  617.63243   85 1391  584.00000  630.31389  7.93%  1243 3490s
 10775  9174  618.41225   89 1391  584.00000  630.31389  7.93%  1244 3495s
 10785  9181  617.59772   94 1387  584.00000  630.31389  7.93%  1246 3500s
 10796  9188  618.91200  100 1401  584.00000  630.31389  7.93%  1247 3505s
 10806  9195  618.22135  105 1394  584.00000  630.31389  7.93%  1249 3510s
 10819  9204  611.32753  111 1357  584.00000  630.31389  7.93%  1251 3515s
 10831  9212  612.93573  117 1349  584.00000  630.31389  7.93%  1252 3520s
 10845  9221  611.68921  124 1346  584.00000  630.31389  7.93%  1254 3525s
 10860  9231  614.09159  132 1363  584.00000  630.31389  7.93%  1255 3530s
 10877  9242  607.91846  140 1334  584.00000  630.31389  7.93%  1256 3535s
 10899  9257  608.10740  151 1325  584.00000  630.31389  7.93%  1257 3540s
 10927  9276  603.42910  165 1303  584.00000  630.31389  7.93%  1257 3545s
 10963  9300  597.69302  183 1258  584.00000  630.31389  7.93%  1256 3550s
 11014  9332  589.59274  209 1220  584.00000  630.31389  7.93%  1254 3555s
 11057  9336  629.68977   35 1480  584.00000  630.07661  7.89%  1252 3560s
 11062  9340  623.68873   37 1434  584.00000  630.07661  7.89%  1254 3566s
 11066  9342  624.34353   39 1436  584.00000  630.07661  7.89%  1256 3570s
 11070  9345  618.34896   41 1403  584.00000  630.07661  7.89%  1257 3575s
 11076  9349  623.80747   44 1435  584.00000  630.07661  7.89%  1259 3580s
 11080  9352  623.09886   46 1436  584.00000  630.07661  7.89%  1260 3585s
 11086  9356  619.94809   49 1407  584.00000  630.07661  7.89%  1262 3590s
 11092  9360  623.88958   52 1432  584.00000  630.07661  7.89%  1264 3595s

Cutting planes:
  Gomory: 11
  Clique: 3
  Flow cover: 69
  Zero half: 632
  Mod-K: 2
  RLT: 261
  BQP: 41

Explored 11098 nodes (14141705 simplex iterations) in 3600.00 seconds (4497.64 work units)
Thread count was 1 (of 24 available processors)

Solution count 10: 584 583 582 ... 573

Time limit reached
Best objective 5.840000000000e+02, best bound 6.300000000000e+02, gap 7.8767%

User-callback calls 154203, time in user-callback 1.05 sec
