
Gurobi 11.0.3 (linux64) logging started Thu Mar  5 18:04:10 2026

Set parameter LogFile to value "./log/train/IS_1500_6/IS_51.lp.log"
Set parameter TimeLimit to value 3600
Gurobi Optimizer version 11.0.3 build v11.0.3rc0 (linux64 - "Ubuntu 22.04.5 LTS")

CPU model: AMD Ryzen 9 9900X 12-Core Processor, instruction set [SSE2|AVX|AVX2|AVX512]
Thread count: 12 physical cores, 24 logical processors, using up to 2 threads

Optimize a model with 9193 rows, 1500 columns and 18114 nonzeros
Model fingerprint: 0x58a015c2
Variable types: 0 continuous, 1500 integer (1500 binary)
Coefficient statistics:
  Matrix range     [1e+00, 1e+00]
  Objective range  [1e+00, 1e+00]
  Bounds range     [1e+00, 1e+00]
  RHS range        [1e+00, 1e+00]
Found heuristic solution: objective 304.0000000
Presolve removed 1781 rows and 0 columns
Presolve time: 0.02s
Presolved: 7412 rows, 1500 columns, 16281 nonzeros
Variable types: 0 continuous, 1500 integer (1500 binary)

Root relaxation: objective 6.870000e+02, 3446 iterations, 0.12 seconds (0.20 work units)

    Nodes    |    Current Node    |     Objective Bounds      |     Work
 Expl Unexpl |  Obj  Depth IntInf | Incumbent    BestBd   Gap | It/Node Time

     0     0  687.00000    0 1350  304.00000  687.00000   126%     -    0s
H    0     0                     515.0000000  687.00000  33.4%     -    0s
H    0     0                     520.0000000  687.00000  32.1%     -    0s
     0     0  668.85581    0 1454  520.00000  668.85581  28.6%     -    0s
     0     0  668.82827    0 1455  520.00000  668.82827  28.6%     -    1s
     0     0  668.82258    0 1454  520.00000  668.82258  28.6%     -    1s
     0     0  668.82258    0 1454  520.00000  668.82258  28.6%     -    1s
     0     0  661.39434    0 1476  520.00000  661.39434  27.2%     -    1s
H    0     0                     544.0000000  661.39434  21.6%     -    1s
H    0     0                     547.0000000  661.39434  20.9%     -    1s
     0     0  660.91375    0 1475  547.00000  660.91375  20.8%     -    1s
     0     0  660.86778    0 1473  547.00000  660.86778  20.8%     -    1s
     0     0  660.85386    0 1475  547.00000  660.85386  20.8%     -    1s
     0     0  660.85270    0 1474  547.00000  660.85270  20.8%     -    1s
     0     0  655.74578    0 1479  547.00000  655.74578  19.9%     -    2s
H    0     0                     552.0000000  655.74578  18.8%     -    2s
     0     0  654.73378    0 1476  552.00000  654.73378  18.6%     -    2s
     0     0  654.60119    0 1479  552.00000  654.60119  18.6%     -    2s
     0     0  654.57422    0 1480  552.00000  654.57422  18.6%     -    2s
     0     0  654.57090    0 1484  552.00000  654.57090  18.6%     -    2s
     0     0  651.10946    0 1479  552.00000  651.10946  18.0%     -    3s
     0     0  650.61885    0 1477  552.00000  650.61885  17.9%     -    3s
     0     0  650.59714    0 1480  552.00000  650.59714  17.9%     -    3s
     0     0  650.58627    0 1481  552.00000  650.58627  17.9%     -    3s
     0     0  650.58463    0 1483  552.00000  650.58463  17.9%     -    3s
     0     0  649.11062    0 1478  552.00000  649.11062  17.6%     -    4s
     0     0  648.98068    0 1480  552.00000  648.98068  17.6%     -    4s
     0     0  648.94299    0 1482  552.00000  648.94299  17.6%     -    4s
     0     0  648.93024    0 1481  552.00000  648.93024  17.6%     -    4s
     0     0  648.92742    0 1482  552.00000  648.92742  17.6%     -    4s
     0     0  647.78487    0 1482  552.00000  647.78487  17.4%     -    4s
     0     0  647.59170    0 1484  552.00000  647.59170  17.3%     -    4s
     0     0  647.54390    0 1485  552.00000  647.54390  17.3%     -    5s
     0     0  647.53621    0 1484  552.00000  647.53621  17.3%     -    5s
     0     0  646.31284    0 1487  552.00000  646.31284  17.1%     -    5s
     0     0  646.10886    0 1487  552.00000  646.10886  17.0%     -    5s
     0     0  646.08747    0 1487  552.00000  646.08747  17.0%     -    5s
     0     0  646.07405    0 1486  552.00000  646.07405  17.0%     -    5s
     0     0  645.27091    0 1488  552.00000  645.27091  16.9%     -    6s
     0     0  645.09284    0 1485  552.00000  645.09284  16.9%     -    6s
     0     0  645.05516    0 1486  552.00000  645.05516  16.9%     -    6s
     0     0  645.04892    0 1486  552.00000  645.04892  16.9%     -    6s
     0     0  644.12465    0 1489  552.00000  644.12465  16.7%     -    6s
     0     0  644.02787    0 1489  552.00000  644.02787  16.7%     -    7s
     0     0  644.01809    0 1489  552.00000  644.01809  16.7%     -    7s
     0     0  643.28072    0 1486  552.00000  643.28072  16.5%     -    7s
     0     0  643.21126    0 1484  552.00000  643.21126  16.5%     -    7s
     0     0  643.20074    0 1486  552.00000  643.20074  16.5%     -    7s
     0     0  642.36367    0 1486  552.00000  642.36367  16.4%     -    8s
     0     0  642.18489    0 1485  552.00000  642.18489  16.3%     -    8s
     0     0  642.15629    0 1487  552.00000  642.15629  16.3%     -    8s
     0     0  642.14355    0 1488  552.00000  642.14355  16.3%     -    8s
     0     0  641.69909    0 1483  552.00000  641.69909  16.2%     -    8s
H    0     0                     555.0000000  641.69909  15.6%     -    8s
     0     0  641.60277    0 1484  555.00000  641.60277  15.6%     -    8s
     0     0  641.58796    0 1485  555.00000  641.58796  15.6%     -    8s
     0     0  640.85541    0 1486  555.00000  640.85541  15.5%     -    9s
     0     0  640.75688    0 1486  555.00000  640.75688  15.5%     -    9s
     0     0  640.73334    0 1490  555.00000  640.73334  15.4%     -    9s
     0     0  640.72452    0 1489  555.00000  640.72452  15.4%     -    9s
     0     0  640.22947    0 1485  555.00000  640.22947  15.4%     -    9s
     0     0  640.15669    0 1488  555.00000  640.15669  15.3%     -   10s
     0     0  640.14607    0 1488  555.00000  640.14607  15.3%     -   10s
     0     0  639.56992    0 1482  555.00000  639.56992  15.2%     -   10s
     0     0  639.43525    0 1488  555.00000  639.43525  15.2%     -   10s
     0     0  639.41245    0 1487  555.00000  639.41245  15.2%     -   10s
     0     0  639.40648    0 1488  555.00000  639.40648  15.2%     -   10s
     0     0  639.04172    0 1483  555.00000  639.04172  15.1%     -   11s
H    0     0                     556.0000000  639.04172  14.9%     -   11s
     0     0  638.99391    0 1486  556.00000  638.99391  14.9%     -   11s
     0     0  638.98226    0 1487  556.00000  638.98226  14.9%     -   11s
     0     0  638.72768    0 1489  556.00000  638.72768  14.9%     -   11s
     0     0  638.70027    0 1490  556.00000  638.70027  14.9%     -   11s
     0     0  638.68852    0 1489  556.00000  638.68852  14.9%     -   11s
     0     0  638.46693    0 1488  556.00000  638.46693  14.8%     -   11s
     0     0  638.41573    0 1488  556.00000  638.41573  14.8%     -   12s
     0     0  638.40608    0 1488  556.00000  638.40608  14.8%     -   12s
     0     0  638.12540    0 1488  556.00000  638.12540  14.8%     -   12s
     0     0  638.04157    0 1488  556.00000  638.04157  14.8%     -   12s
     0     0  638.02700    0 1489  556.00000  638.02700  14.8%     -   12s
     0     0  637.83566    0 1491  556.00000  637.83566  14.7%     -   13s
     0     0  637.79128    0 1489  556.00000  637.79128  14.7%     -   13s
     0     0  637.78119    0 1489  556.00000  637.78119  14.7%     -   13s
     0     0  637.67233    0 1491  556.00000  637.67233  14.7%     -   13s
     0     0  637.67233    0 1490  556.00000  637.67233  14.7%     -   13s
H    0     0                     560.0000000  637.67233  13.9%     -   14s
     0     2  637.67233    0 1489  560.00000  637.67233  13.9%     -   14s
     1     4  637.58558    1 1483  560.00000  637.67044  13.9%  1291   16s
    16    20  632.75457    7 1449  560.00000  637.34842  13.8%  2897   20s
H   26    31                     561.0000000  637.34842  13.6%  2612   26s
H   29    31                     565.0000000  637.34842  12.8%  2424   26s
H   57    62                     567.0000000  637.34842  12.4%  1867   29s
    63    64  611.44676   17 1342  567.00000  637.34842  12.4%  1723   30s
H   84    85                     569.0000000  637.34842  12.0%  1810   33s
    99   100  594.67460   33 1257  569.00000  637.34842  12.0%  1742   35s
H  114   118                     570.0000000  637.34842  11.8%  1731   36s
H  116   118                     571.0000000  637.34842  11.6%  1707   36s
   162   146  630.89436    5 1444  571.00000  636.96020  11.6%  1567   40s
H  205   191                     572.0000000  636.96020  11.4%  1575   44s
   215   205  589.12246   20 1275  572.00000  636.96020  11.4%  1574   45s
   301   254  631.94589    7 1443  572.00000  636.95984  11.4%  1386   50s
H  322   267                     573.0000000  636.95984  11.2%  1459   53s
   343   304  599.83685   22 1285  573.00000  636.95984  11.2%  1460   56s
   412   345  582.77600   36 1223  573.00000  636.71835  11.1%  1357   60s
H  439   340                     574.0000000  636.71835  10.9%  1324   60s
   458   362  630.27140   15 1432  574.00000  636.71835  10.9%  1374   65s
   487   401  607.17153   26 1322  574.00000  636.71835  10.9%  1447   70s
H  521   423                     575.0000000  636.71835  10.7%  1447   72s
   540   448  587.19288   46 1216  575.00000  636.49899  10.7%  1433   75s
   629   498  601.08065   16 1288  575.00000  636.24095  10.7%  1389   81s
H  646   489                     576.0000000  636.24095  10.5%  1388   81s
   704   525  631.27924   10 1443  576.00000  636.10880  10.4%  1364   86s
   737   547  622.65253   16 1386  576.00000  636.10880  10.4%  1409   91s
   762   588  611.01397   20 1329  576.00000  636.10880  10.4%  1443   96s
H  789   572                     577.0000000  636.10880  10.2%  1443   96s
   814   607  585.05490   38 1217  577.00000  635.71696  10.2%  1462  101s
   844   608  585.14491   27 1490  577.00000  635.71696  10.2%  1458  113s
   847   610  610.46284    9 1486  577.00000  635.71696  10.2%  1453  122s
   852   613  606.79867   24 1489  577.00000  635.71696  10.2%  1444  130s
   853   614  605.60324   28 1490  577.00000  635.71696  10.2%  1443  135s
   855   615  608.20429   36 1492  577.00000  635.71696  10.2%  1439  141s
   856   616  605.46987   20 1490  577.00000  635.71696  10.2%  1437  147s
   857   617  601.09484   27 1489  577.00000  635.71696  10.2%  1436  153s
   858   617  584.04435   29 1488  577.00000  635.71696  10.2%  1434  160s
   859   618  617.56925   13 1491  577.00000  635.71696  10.2%  1432  166s
   860   619  605.98520   34 1490  577.00000  635.71696  10.2%  1431  172s
   861   619  599.68256   53 1489  577.00000  635.71696  10.2%  1429  178s
   862   620  605.80137   27 1489  577.00000  635.71696  10.2%  1427  189s
   863   624  635.71696   11 1488  577.00000  635.71696  10.2%  1491  190s
   884   638  635.71696   17 1482  577.00000  635.71696  10.2%  1523  195s
   904   653  634.87656   22 1472  577.00000  635.71696  10.2%  1552  200s
   927   669  633.06938   28 1464  577.00000  635.71696  10.2%  1579  205s
   951   684  631.77524   34 1458  577.00000  635.71696  10.2%  1609  210s
   975   704  629.49640   40 1447  577.00000  635.71696  10.2%  1636  215s
  1009   728  627.60611   48 1440  577.00000  635.71696  10.2%  1656  220s
  1046   753  625.54112   57 1430  577.00000  635.71696  10.2%  1671  226s
  1064   770  624.07782   61 1428  577.00000  635.71696  10.2%  1691  230s
  1098   790  616.46965   69 1393  577.00000  635.71696  10.2%  1713  235s
  1140   818  614.79446   78 1391  577.00000  635.71696  10.2%  1727  241s
  1164   835  617.45541   84 1400  577.00000  635.71696  10.2%  1750  247s
  1192   854  609.73795   90 1364  577.00000  635.71696  10.2%  1787  252s
  1205   868  615.23725   93 1389  577.00000  635.71696  10.2%  1802  256s
  1241   892  613.64293  101 1382  577.00000  635.71696  10.2%  1835  262s
  1259   908  612.91426  105 1380  577.00000  635.71696  10.2%  1853  266s
  1281   927  611.80755  110 1368  577.00000  635.71696  10.2%  1872  270s
  1334   967  604.41951  121 1332  577.00000  635.71696  10.2%  1905  277s
  1365   992  600.85555  127 1314  577.00000  635.71696  10.2%  1919  281s
  1401  1022  606.92334  134 1344  577.00000  635.71696  10.2%  1929  285s
H 1405   989                     578.0000000  635.71696  10.0%  1930  285s
  1495  1089  604.56830  151 1319  578.00000  635.71696  10.0%  1932  293s
  1573  1151  603.18825  161 1308  578.00000  635.71696  10.0%  1907  298s
  1672  1153  598.44681  174 1281  578.00000  635.71696  10.0%  1848  303s
  1715  1194  597.99253  190 1279  578.00000  635.71696  10.0%  1846  307s
  1770  1251  590.99222  214 1176  578.00000  635.71696  10.0%  1835  312s
  1862  1233  634.27844   15 1454  578.00000  635.71696  10.0%  1788  316s
  1874  1241  633.78482   18 1449  578.00000  635.71696  10.0%  1802  320s
  1898  1259  632.57944   24 1443  578.00000  635.71696  10.0%  1832  329s
  1912  1270  631.96870   27 1439  578.00000  635.71696  10.0%  1849  335s
  1928  1281  631.39022   31 1436  578.00000  635.71696  10.0%  1867  340s
  1944  1293  630.61734   35 1431  578.00000  635.71696  10.0%  1885  345s
  1962  1305  623.88763   39 1390  578.00000  635.71696  10.0%  1903  350s
  1980  1321  628.74680   44 1418  578.00000  635.71696  10.0%  1920  356s
  2002  1338  628.13326   49 1414  578.00000  635.71696  10.0%  1937  361s
  2026  1357  627.42444   55 1405  578.00000  635.71696  10.0%  1957  367s
H 2053  1340                     579.0000000  635.71696  9.80%  1973  373s
  2085  1368  623.89060   70 1386  579.00000  635.71696  9.80%  1987  380s
  2124  1397  621.91290   80 1364  579.00000  635.71696  9.80%  2002  386s
  2166  1435  620.09696   91 1356  579.00000  635.71696  9.80%  2015  393s
  2218  1479  617.64727  104 1336  579.00000  635.71696  9.80%  2024  400s
  2279  1525  614.87466  120 1317  579.00000  635.71696  9.80%  2026  407s
  2345  1598  609.02972  138 1260  579.00000  635.71696  9.80%  2021  415s
  2440  1683  603.52520  165 1253  579.00000  635.71696  9.80%  1992  423s
  2557  1801  595.35872  190 1180  579.00000  635.71696  9.80%  1945  431s
  2727  1804  634.95947   17 1465  579.00000  635.71696  9.80%  1862  448s
  2730  1854  634.65418   18 1466  579.00000  635.71696  9.80%  1864  457s
  2800  1875  629.04964   23 1427  579.00000  635.71696  9.80%  1852  467s
  2821  1902  632.92218   28 1453  579.00000  635.71696  9.80%  1870  476s
  2848  1922  625.44982   34 1416  579.00000  635.71696  9.80%  1893  485s
  2868  1955  630.93535   40 1440  579.00000  635.71696  9.80%  1905  494s
  2901  1987  629.26333   48 1428  579.00000  635.71696  9.80%  1928  504s
  2933  2025  627.99078   55 1422  579.00000  635.71696  9.80%  1945  514s
  2971  2067  626.52390   63 1414  579.00000  635.71696  9.80%  1964  524s
  3013  2112  624.82378   72 1393  579.00000  635.71696  9.80%  1979  534s
  3058  2148  622.63711   81 1381  579.00000  635.71696  9.80%  1988  551s
  3094  2249  621.05462   90 1375  579.00000  635.71696  9.80%  1995  563s
  3195  2442  617.14396  111 1351  579.00000  635.71696  9.80%  2004  574s
  3388  2686  610.94997  142 1310  579.00000  635.71696  9.80%  1971  585s
  3658  2765  588.57568  218 1165  579.00000  635.71696  9.80%  1894  598s
  3752  2804  632.04938   21 1448  579.00000  635.71696  9.80%  1889  610s
  3791  2851  630.02777   31 1438  579.00000  635.71696  9.80%  1912  624s
  3838  2907  627.67165   43 1418  579.00000  635.71696  9.80%  1937  637s
  3894  2973  624.90092   58 1405  579.00000  635.71696  9.80%  1961  650s
  3960  3019  622.73202   75 1387  579.00000  635.71696  9.80%  1983  666s
  4006  3105  621.63086   81 1381  579.00000  635.71696  9.80%  1994  681s
  4092  3298  615.89295  102 1353  579.00000  635.71696  9.80%  1999  693s
  4285  3698  606.61781  148 1280  579.00000  635.71696  9.80%  1988  708s
  4733  3869  626.67735   48 1419  579.00000  635.71512  9.80%  1872  733s
  4904  4440  610.92381  134 1311  579.00000  635.71512  9.80%  1841  750s
  5475  4998  587.78185  209 1142  579.00000  635.71510  9.80%  1729  767s
  6091  5374  618.42997   93 1362  579.00000  635.66133  9.79%  1604  782s
  6467  5903  595.88350  190 1200  579.00000  635.66104  9.79%  1565  795s
  7046  6054  634.60530   17 1471  579.00000  635.53174  9.76%  1472  807s
  7197  6340  619.17570   98 1372  579.00000  635.53174  9.76%  1466  819s
  7483  7102  596.93860  192 1208  579.00000  635.53089  9.76%  1450  836s
  8300  7163  622.71194   73 1402  579.00000  635.45775  9.75%  1358  840s
  8361  7269  614.22213  105 1342  579.00000  635.45775  9.75%  1358  845s
  8467  7373  605.54861  148 1265  579.00000  635.45775  9.75%  1353  859s
  8571  7761  596.98651  183 1207  579.00000  635.45730  9.75%  1347  865s
  8987  8020  633.21034   14 1449  579.00000  635.45730  9.75%  1308  875s
  9246  8130  623.69483   46 1390  579.00000  635.39587  9.74%  1284  880s
  9470  8345  629.56527   42 1435  579.00000  635.39579  9.74%  1272  889s
  9610  8567  619.93742   95 1371  579.00000  635.29178  9.72%  1264  895s
  9869  8635  634.64472   16 1458  579.00000  635.29128  9.72%  1243  900s
  9937  8743  628.83452   46 1426  579.00000  635.29128  9.72%  1242  906s
 10045  8953  621.81733   86 1371  579.00000  635.29128  9.72%  1237  912s
 10275  9047  596.47555  188 1224  579.00000  635.23927  9.71%  1221  919s
 10383  9153  613.51590   31 1345  579.00000  635.17851  9.70%  1217  924s
 10497  9262  630.99080   25 1444  579.00000  635.17851  9.70%  1214  930s
 10606  9530  621.92923   68 1395  579.00000  635.17851  9.70%  1213  937s
 10874  9783  597.05150  179 1239  579.00000  635.07731  9.69%  1198  943s
 11179  9879  626.09816   35 1421  579.00000  635.02520  9.68%  1177  949s
 11275  9997  602.27288   87 1298  579.00000  635.01501  9.67%  1175  954s
 11412 10079  624.95057   34 1414  579.00000  635.01376  9.67%  1171  960s
 11504 10140  583.04081   94 1196  579.00000  634.93018  9.66%  1170  966s
 11575 10273  626.89613   43 1422  579.00000  634.93018  9.66%  1169  973s
 11718 10427  610.87271  119 1326  579.00000  634.88800  9.65%  1164  980s
 11905 10523  629.65114   23 1443  579.00000  634.88800  9.65%  1156  986s
 12016 10541  619.75651   79 1374  579.00000  634.88800  9.65%  1153  995s
 12034 10753  617.54993   88 1366  579.00000  634.84922  9.65%  1153 1003s
 12262 10966  628.36160   15 1436  579.00000  634.84922  9.65%  1144 1010s
 12475 11206  617.59108   74 1367  579.00000  634.84922  9.65%  1137 1022s
 12731 11349  599.04582  150 1251  579.00000  634.83485  9.64%  1124 1028s
 12886 11520  624.08194   43 1414  579.00000  634.83485  9.64%  1118 1040s
 13062 11673  613.04190  102 1330  579.00000  634.82248  9.64%  1112 1047s
 13255 11827  627.57895   29 1420  579.00000  634.82176  9.64%  1104 1055s
 13421 11915  586.29853  111 1203  579.00000  634.76653  9.63%  1101 1061s
 13521 12022  628.23032   53 1427  579.00000  634.76653  9.63%  1101 1068s
 13664 12180  611.90341  132 1316  579.00000  634.73245  9.63%  1099 1074s
 13864 12311  631.18454   34 1447  579.00000  634.69934  9.62%  1091 1081s
 13995 12503  619.43374   91 1378  579.00000  634.69934  9.62%  1090 1088s
 14213 12604  580.50000  201  901  579.00000  634.64385  9.61%  1081 1096s
 14330 12692  605.75479   48 1332  579.00000  634.63495  9.61%  1080 1103s
 14438 12938  627.40698   18 1421  579.00000  634.63495  9.61%  1078 1110s
 14684 12940  613.78890   86 1321  579.00000  634.63495  9.61%  1072 1172s
 14686 12961  613.46806   87 1324  579.00000  634.63495  9.61%  1072 1179s
 14708 12962  629.92216   46 1490  579.00000  634.63495  9.61%  1071 1451s
 14711 12964  598.41930  162 1486  579.00000  634.63495  9.61%  1071 1459s
 14712 12965  596.90362  191 1484  579.00000  634.46265  9.58%  1071 1461s
 14718 12969  608.48301  129 1492  579.00000  632.96364  9.32%  1070 1477s
 14719 12969  580.62500  233 1490  579.00000  632.88006  9.31%  1070 1490s
 14721 12971  628.04546   15 1489  579.00000  632.86423  9.30%  1070 1504s
 14722 12971  632.18569   29 1490  579.00000  632.18569  9.19%  1070 1518s
 14725 12973  615.88081   62 1492  579.00000  632.03287  9.16%  1070 1534s
 14726 12974  594.47463  190 1490  579.00000  631.84453  9.13%  1070 1548s
 14729 12976  621.13192   89 1491  579.00000  631.77930  9.12%  1069 1564s
 14730 12977  630.93811   36 1489  579.00000  631.63934  9.09%  1069 1577s
 14732 12978  584.64344  223 1491  579.00000  631.58496  9.08%  1069 1592s
 14733 12979  587.72269  213 1486  579.00000  631.46724  9.06%  1069 1607s
 14735 12980  611.44749  132 1490  579.00000  631.42261  9.05%  1069 1622s
 14736 12981  615.28757   98 1489  579.00000  631.30240  9.03%  1069 1635s
 14738 12982  582.22648  232 1489  579.00000  631.25884  9.03%  1069 1650s
 14739 12983  583.60000  223 1488  579.00000  631.08935  9.00%  1069 1664s
 14742 12985  595.92105  185 1491  579.00000  631.04056  8.99%  1068 1678s
 14743 12985  588.76603  220 1488  579.00000  630.93746  8.97%  1068 1689s
 14746 12987  625.26576   41 1490  579.00000  630.87201  8.96%  1068 1703s
 14747 12988  630.66436   28 1490  579.00000  630.66436  8.92%  1068 1716s
 14749 12989  605.56004   37 1489  579.00000  630.59419  8.91%  1068 1730s
 14750 12990  625.19352   28 1490  579.00000  630.44673  8.89%  1068 1741s
 14753 12992  625.81330   58 1490  579.00000  630.37291  8.87%  1068 1755s
 14754 12993  591.15385  206 1488  579.00000  630.30143  8.86%  1068 1769s
 14757 12995  625.09630   60 1491  579.00000  630.26390  8.85%  1067 1783s
 14758 12995  604.63940  125 1490  579.00000  630.15421  8.83%  1067 1800s
 14761 12997  611.82105  104 1491  579.00000  630.10794  8.83%  1067 1815s
 14762 12998  588.79348  211 1489  579.00000  630.06197  8.82%  1067 1828s
 14764 12999  606.59412  149 1492  579.00000  630.03550  8.81%  1067 1842s
 14765 13000  626.09723   68 1490  579.00000  629.98966  8.81%  1067 1856s
 14767 13001  611.97072  130 1488  579.00000  629.96843  8.80%  1067 1871s
 14768 13002  597.34135  177 1489  579.00000  629.94156  8.80%  1067 1887s
 14769 13003  594.34633  202 1491  579.00000  629.93246  8.80%  1066 1902s
 14770 13003  617.57200  104 1489  579.00000  629.89501  8.79%  1066 1915s
 14772 13005  582.48845  210 1490  579.00000  629.88168  8.79%  1066 1932s
 14773 13005  598.99463  168 1492  579.00000  629.83720  8.78%  1066 1946s
 14775 13007  626.75429   45 1493  579.00000  629.81077  8.78%  1066 1962s
 14776 13007  588.66934  210 1491  579.00000  629.74380  8.76%  1066 1976s
 14778 13009  602.10224  148 1493  579.00000  629.72439  8.76%  1066 1990s
 14779 13009  591.22253  199 1492  579.00000  629.68984  8.75%  1066 2005s
 14781 13011  603.07426  163 1491  579.00000  629.66566  8.75%  1066 2020s
 14782 13011  585.36312  200 1493  579.00000  629.58395  8.74%  1066 2032s
 14784 13013  582.55172  239 1492  579.00000  629.56026  8.73%  1065 2049s
 14785 13013  617.93608   99 1490  579.00000  629.55624  8.73%  1065 2064s
 14786 13014  629.41947   42 1491  579.00000  629.55423  8.73%  1065 2082s
 14787 13015  622.93099   73 1491  579.00000  629.53188  8.73%  1065 2098s
 14789 13016  580.72408  239 1491  579.00000  629.51797  8.73%  1065 2114s
 14790 13017  589.68750  211 1492  579.00000  629.51206  8.72%  1065 2130s
 14791 13017  626.35849   60 1492  579.00000  629.51061  8.72%  1065 2146s
 14792 13018  605.85118  151 1490  579.00000  629.49262  8.72%  1065 2160s
 14793 13019  602.25452  165 1490  579.00000  629.48524  8.72%  1065 2176s
 14794 13019  608.26930  121 1489  579.00000  629.48359  8.72%  1065 2191s
 14795 13020  587.79167  214 1490  579.00000  629.48239  8.72%  1065 2209s
 14796 13021  623.93184   59 1491  579.00000  629.48208  8.72%  1065 2227s
 14797 13021  616.36879   77 1491  579.00000  629.48190  8.72%  1064 2244s
 14798 13022  587.04545  214 1491  579.00000  629.48187  8.72%  1064 2262s
 14799 13023  612.25968  113 1491  579.00000  629.48184  8.72%  1064 2278s
 14800 13023  624.81099   71 1491  579.00000  629.48180  8.72%  1064 2296s
 14801 13024  587.28526  217 1490  579.00000  629.48173  8.72%  1064 2314s
 14802 13025  598.64564  160 1491  579.00000  629.48167  8.72%  1064 2331s
 14803 13025  604.72639  148 1491  579.00000  629.48165  8.72%  1064 2348s
 14804 13026  629.48165   21 1490  579.00000  629.48165  8.72%  1064 2366s
 14805 13027  596.66956  193 1490  579.00000  629.48165  8.72%  1064 2385s
 14806 13027  624.90027   57 1491  579.00000  629.48165  8.72%  1064 2402s
 14807 13028  609.85976  144 1491  579.00000  629.47110  8.72%  1064 2421s
 14808 13029  629.47110   46 1490  579.00000  629.47110  8.72%  1064 2440s
 14809 13029  592.96021   96 1490  579.00000  629.47110  8.72%  1064 2459s
 14810 13033  629.29361   21 1488  579.00000  629.47110  8.72%  1070 2460s
 14822 13041  627.54017   24 1479  579.00000  628.67320  8.58%  1071 2466s
 14832 13048  627.54714   27 1482  579.00000  628.67320  8.58%  1073 2470s
 14846 13059  626.80581   31 1479  579.00000  628.67320  8.58%  1074 2476s
 14858 13067  625.97867   34 1475  579.00000  628.67320  8.58%  1076 2480s
 14878 13080  624.40576   39 1470  579.00000  628.67320  8.58%  1078 2486s
 14890 13090  623.19058   42 1457  579.00000  628.67320  8.58%  1079 2491s
 14896 13090  619.65126   43 1444  579.00000  628.67320  8.58%  1080 2501s
 14909 13101  620.65529   46 1455  579.00000  628.67320  8.58%  1082 2506s
 14924 13109  620.38721   50 1453  579.00000  628.67320  8.58%  1084 2513s
 14926 13114  619.78030   50 1444  579.00000  628.67320  8.58%  1084 2515s
 14940 13126  619.22381   54 1450  579.00000  628.67320  8.58%  1085 2520s
 14957 13136  617.98140   58 1444  579.00000  628.67320  8.58%  1087 2527s
 14973 13151  616.51710   62 1437  579.00000  628.67320  8.58%  1089 2532s
 14984 13150  615.19731   65 1427  579.00000  628.67320  8.58%  1089 2535s
 15000 13171  614.17252   69 1422  579.00000  628.67320  8.58%  1091 2541s
 15013 13169  613.34630   72 1421  579.00000  628.67320  8.58%  1092 2545s
 15026 13187  612.74108   75 1418  579.00000  628.67320  8.58%  1093 2551s
 15038 13195  612.15752   78 1413  579.00000  628.67320  8.58%  1094 2555s
 15063 13211  610.70804   84 1407  579.00000  628.67320  8.58%  1098 2567s
 15074 13221  609.90504   87 1406  579.00000  628.67320  8.58%  1099 2572s
 15088 13231  609.13524   90 1400  579.00000  628.67320  8.58%  1101 2576s
 15103 13241  606.24035   93 1383  579.00000  628.67320  8.58%  1103 2581s
 15118 13251  607.53096   97 1391  579.00000  628.67320  8.58%  1106 2586s
 15133 13265  602.64242  100 1367  579.00000  628.67320  8.58%  1108 2591s
 15152 13279  605.96465  105 1383  579.00000  628.67320  8.58%  1111 2596s
 15172 13294  605.04340  110 1377  579.00000  628.67320  8.58%  1114 2602s
 15194 13311  604.00221  115 1369  579.00000  628.67320  8.58%  1117 2607s
 15218 13329  603.01624  121 1362  579.00000  628.67320  8.58%  1120 2613s
 15244 13346  602.21300  127 1354  579.00000  628.67320  8.58%  1123 2619s
 15272 13371  601.01252  134 1346  579.00000  628.67320  8.58%  1127 2624s
 15306 13400  598.86973  143 1332  579.00000  628.67320  8.58%  1130 2629s
 15346 13388  597.47180  152 1326  579.00000  628.67320  8.58%  1133 2648s
 15348 13436  593.98725  152 1305  579.00000  628.67320  8.58%  1133 2653s
 15396 13475  593.44052  163 1299  579.00000  628.67320  8.58%  1136 2660s
 15453 13538  593.63085  177 1290  579.00000  628.67320  8.58%  1139 2666s
 15539 13593  587.27571  194 1249  579.00000  628.67320  8.58%  1140 2675s
 15648 13586  584.86389  223 1171  579.00000  628.29239  8.51%  1139 2681s
 15692 13583  627.53898   26 1477  579.00000  628.13911  8.49%  1140 2688s
 15704 13593  626.94968   29 1476  579.00000  628.13911  8.49%  1143 2695s
 15718 13593  626.43034   32 1471  579.00000  628.13911  8.49%  1146 2706s
 15723 13607  619.32338   32 1421  579.00000  628.13911  8.49%  1147 2714s
 15738 13617  625.73080   36 1463  579.00000  628.13911  8.49%  1150 2721s
 15753 13614  622.18736   39 1438  579.00000  628.13911  8.49%  1154 2734s
 15755 13629  625.18992   40 1457  579.00000  628.13911  8.49%  1154 2742s
 15771 13642  624.73249   44 1457  579.00000  628.13911  8.49%  1158 2750s
 15789 13657  612.46613   48 1381  579.00000  628.13911  8.49%  1162 2759s
 15810 13672  623.57896   53 1447  579.00000  628.13911  8.49%  1165 2767s
 15832 13691  622.61556   58 1439  579.00000  628.13911  8.49%  1169 2775s
 15859 13711  621.44590   64 1435  579.00000  628.13911  8.49%  1173 2784s
 15888 13730  620.40349   71 1423  579.00000  628.13911  8.49%  1177 2795s
 15916 13759  619.49989   77 1416  579.00000  628.13911  8.49%  1181 2806s
 15955 13772  617.96437   86 1404  579.00000  628.13911  8.49%  1186 2816s
 15981 13807  617.66991   89 1400  579.00000  628.13911  8.49%  1188 2828s
 16024 13820  615.79367   98 1387  579.00000  628.13911  8.49%  1192 2839s
 16052 13877  612.59803  105 1365  579.00000  628.13911  8.49%  1194 2852s
 16120 13918  611.66606  118 1363  579.00000  628.13911  8.49%  1197 2864s
 16184 14061  608.50198  132 1339  579.00000  628.13911  8.49%  1201 2878s
 16369 14088  603.26542  157 1290  579.00000  628.13911  8.49%  1200 2891s
 16458 14136  593.52357  197 1242  579.00000  628.03523  8.47%  1203 2904s
 16556 14122  625.84953   27 1462  579.00000  628.03523  8.47%  1204 2917s
 16575 14143  620.73815   32 1426  579.00000  628.03523  8.47%  1209 2931s
 16602 14136  623.96823   39 1445  579.00000  628.03523  8.47%  1214 2949s
 16604 14167  621.05467   39 1419  579.00000  628.03523  8.47%  1214 2964s
 16636 14194  622.64885   48 1434  579.00000  628.03523  8.47%  1220 2978s
 16674 14230  621.60358   57 1425  579.00000  628.03523  8.47%  1226 2993s
 16722 14246  619.65264   69 1408  579.00000  628.03523  8.47%  1232 3008s
 16754 14303  618.53646   73 1405  579.00000  628.03523  8.47%  1236 3024s
 16822 14377  615.69668   89 1387  579.00000  628.03523  8.47%  1243 3039s
 16919 14487  611.77724  111 1360  579.00000  628.03523  8.47%  1250 3058s
 17061 14699  599.60053  143 1282  579.00000  628.03523  8.47%  1254 3079s
 17342 14638  581.03553  218 1102  579.00000  627.58550  8.39%  1251 3096s
 17388 14659  625.10637   32 1460  579.00000  627.58550  8.39%  1257 3114s
 17424 14691  623.73541   41 1454  579.00000  627.58550  8.39%  1264 3133s
 17468 14726  621.93660   52 1439  579.00000  627.58550  8.39%  1272 3154s
 17518 14774  619.78721   65 1423  579.00000  627.58550  8.39%  1280 3175s
 17583 14764  616.73085   81 1406  579.00000  627.58550  8.39%  1288 3198s
 17594 14849  613.49930   85 1370  579.00000  627.58550  8.39%  1289 3219s
 17683 14966  611.79144  109 1372  579.00000  627.58550  8.39%  1298 3243s
 17830 15239  603.94982  147 1307  579.00000  627.58447  8.39%  1305 3266s
 18168 15360  624.16453   36 1450  579.00000  627.58447  8.39%  1301 3291s
 18425 15759  603.85883  145 1293  579.00000  627.53888  8.38%  1296 3316s
 18934 15767  623.39566   47 1446  579.00000  627.53888  8.38%  1280 3342s
 19127 16036  608.46244  123 1341  579.00000  627.44121  8.37%  1277 3368s
 19502 16286  626.43564   29 1470  579.00000  627.44121  8.37%  1268 3391s
 19893 16158  603.30034  149 1324  579.00000  627.44121  8.37%  1261 3478s
 19895 16609  603.21927  148 1319  579.00000  627.28183  8.34%  1261 3501s
 20371 16829  620.79001   54 1426  579.00000  627.28183  8.34%  1249 3519s
 20774 17061  589.31164  182 1176  579.00000  627.13759  8.31%  1242 3541s
 21186 17273  620.44536   27 1433  579.00000  626.96301  8.28%  1234 3561s
 21559 17554  620.33874   34 1430  579.00000  626.83227  8.26%  1225 3580s
 22009 17809  614.78392   51 1388  579.00000  626.78656  8.25%  1214 3600s

Cutting planes:
  Gomory: 13
  Flow cover: 49
  Zero half: 910
  RLT: 370
  BQP: 78

Explored 22438 nodes (27128353 simplex iterations) in 3600.00 seconds (9303.85 work units)
Thread count was 2 (of 24 available processors)

Solution count 10: 579 578 577 ... 570

Time limit reached
Best objective 5.790000000000e+02, best bound 6.260000000000e+02, gap 8.1174%

User-callback calls 365612, time in user-callback 1.08 sec

Gurobi 11.0.3 (linux64) logging started Sat Mar  7 15:20:15 2026

Set parameter LogFile to value "./log/train/IS_1500_6/IS_51.lp.log"
Set parameter TimeLimit to value 3600
Gurobi Optimizer version 11.0.3 build v11.0.3rc0 (linux64 - "Ubuntu 22.04.5 LTS")

CPU model: AMD Ryzen 9 9900X 12-Core Processor, instruction set [SSE2|AVX|AVX2|AVX512]
Thread count: 12 physical cores, 24 logical processors, using up to 1 threads

Optimize a model with 9193 rows, 1500 columns and 18114 nonzeros
Model fingerprint: 0x58a015c2
Variable types: 0 continuous, 1500 integer (1500 binary)
Coefficient statistics:
  Matrix range     [1e+00, 1e+00]
  Objective range  [1e+00, 1e+00]
  Bounds range     [1e+00, 1e+00]
  RHS range        [1e+00, 1e+00]
Found heuristic solution: objective 304.0000000
Presolve removed 1781 rows and 0 columns
Presolve time: 0.03s
Presolved: 7412 rows, 1500 columns, 16281 nonzeros
Variable types: 0 continuous, 1500 integer (1500 binary)

Root relaxation: objective 6.870000e+02, 3446 iterations, 0.15 seconds (0.20 work units)

    Nodes    |    Current Node    |     Objective Bounds      |     Work
 Expl Unexpl |  Obj  Depth IntInf | Incumbent    BestBd   Gap | It/Node Time

     0     0  687.00000    0 1350  304.00000  687.00000   126%     -    0s
H    0     0                     515.0000000  687.00000  33.4%     -    0s
H    0     0                     520.0000000  687.00000  32.1%     -    0s
     0     0  668.85581    0 1454  520.00000  668.85581  28.6%     -    1s
     0     0  668.82827    0 1455  520.00000  668.82827  28.6%     -    1s
     0     0  668.82258    0 1454  520.00000  668.82258  28.6%     -    1s
     0     0  668.82258    0 1454  520.00000  668.82258  28.6%     -    1s
     0     0  661.39434    0 1476  520.00000  661.39434  27.2%     -    2s
H    0     0                     544.0000000  661.39434  21.6%     -    2s
H    0     0                     547.0000000  661.39434  20.9%     -    2s
     0     0  660.91375    0 1475  547.00000  660.91375  20.8%     -    2s
     0     0  660.86778    0 1473  547.00000  660.86778  20.8%     -    2s
     0     0  660.85386    0 1475  547.00000  660.85386  20.8%     -    2s
     0     0  660.85270    0 1474  547.00000  660.85270  20.8%     -    2s
     0     0  655.74578    0 1479  547.00000  655.74578  19.9%     -    3s
H    0     0                     552.0000000  655.74578  18.8%     -    3s
     0     0  654.73378    0 1476  552.00000  654.73378  18.6%     -    3s
     0     0  654.60119    0 1479  552.00000  654.60119  18.6%     -    3s
     0     0  654.57422    0 1480  552.00000  654.57422  18.6%     -    3s
     0     0  654.57090    0 1484  552.00000  654.57090  18.6%     -    3s
     0     0  651.10946    0 1479  552.00000  651.10946  18.0%     -    4s
     0     0  650.61885    0 1477  552.00000  650.61885  17.9%     -    5s
     0     0  650.59714    0 1480  552.00000  650.59714  17.9%     -    5s
     0     0  650.58627    0 1481  552.00000  650.58627  17.9%     -    5s
     0     0  650.58463    0 1483  552.00000  650.58463  17.9%     -    5s
     0     0  649.11062    0 1478  552.00000  649.11062  17.6%     -    5s
     0     0  648.98068    0 1480  552.00000  648.98068  17.6%     -    6s
     0     0  648.94299    0 1482  552.00000  648.94299  17.6%     -    6s
     0     0  648.93024    0 1481  552.00000  648.93024  17.6%     -    6s
     0     0  648.92742    0 1482  552.00000  648.92742  17.6%     -    6s
     0     0  647.78487    0 1482  552.00000  647.78487  17.4%     -    6s
     0     0  647.59170    0 1484  552.00000  647.59170  17.3%     -    7s
     0     0  647.54390    0 1485  552.00000  647.54390  17.3%     -    7s
     0     0  647.53621    0 1484  552.00000  647.53621  17.3%     -    7s
     0     0  646.31284    0 1487  552.00000  646.31284  17.1%     -    7s
     0     0  646.10886    0 1487  552.00000  646.10886  17.0%     -    8s
     0     0  646.08747    0 1487  552.00000  646.08747  17.0%     -    8s
     0     0  646.07405    0 1486  552.00000  646.07405  17.0%     -    8s
     0     0  645.27091    0 1488  552.00000  645.27091  16.9%     -    9s
     0     0  645.09284    0 1485  552.00000  645.09284  16.9%     -    9s
     0     0  645.05516    0 1486  552.00000  645.05516  16.9%     -    9s
     0     0  645.04892    0 1486  552.00000  645.04892  16.9%     -    9s
     0     0  644.12465    0 1489  552.00000  644.12465  16.7%     -   10s
     0     0  644.02787    0 1489  552.00000  644.02787  16.7%     -   10s
     0     0  644.01809    0 1489  552.00000  644.01809  16.7%     -   10s
     0     0  643.28072    0 1486  552.00000  643.28072  16.5%     -   11s
     0     0  643.21126    0 1484  552.00000  643.21126  16.5%     -   11s
     0     0  643.20074    0 1486  552.00000  643.20074  16.5%     -   11s
     0     0  642.36367    0 1486  552.00000  642.36367  16.4%     -   12s
     0     0  642.18489    0 1485  552.00000  642.18489  16.3%     -   12s
     0     0  642.15629    0 1487  552.00000  642.15629  16.3%     -   12s
     0     0  642.14355    0 1488  552.00000  642.14355  16.3%     -   12s
     0     0  641.69909    0 1483  552.00000  641.69909  16.2%     -   13s
H    0     0                     555.0000000  641.69909  15.6%     -   13s
     0     0  641.60277    0 1484  555.00000  641.60277  15.6%     -   13s
     0     0  641.58796    0 1485  555.00000  641.58796  15.6%     -   13s
     0     0  640.85541    0 1486  555.00000  640.85541  15.5%     -   14s
     0     0  640.75688    0 1486  555.00000  640.75688  15.5%     -   14s
     0     0  640.73334    0 1490  555.00000  640.73334  15.4%     -   14s
     0     0  640.72452    0 1489  555.00000  640.72452  15.4%     -   14s
     0     0  640.22947    0 1485  555.00000  640.22947  15.4%     -   15s
     0     0  640.15669    0 1488  555.00000  640.15669  15.3%     -   15s
     0     0  640.14607    0 1488  555.00000  640.14607  15.3%     -   15s
     0     0  639.56992    0 1482  555.00000  639.56992  15.2%     -   16s
     0     0  639.43525    0 1488  555.00000  639.43525  15.2%     -   16s
     0     0  639.41245    0 1487  555.00000  639.41245  15.2%     -   16s
     0     0  639.40648    0 1488  555.00000  639.40648  15.2%     -   16s
     0     0  639.04172    0 1483  555.00000  639.04172  15.1%     -   16s
H    0     0                     556.0000000  639.04172  14.9%     -   16s
     0     0  638.99391    0 1486  556.00000  638.99391  14.9%     -   17s
     0     0  638.98226    0 1487  556.00000  638.98226  14.9%     -   17s
     0     0  638.72768    0 1489  556.00000  638.72768  14.9%     -   17s
     0     0  638.70027    0 1490  556.00000  638.70027  14.9%     -   17s
     0     0  638.68852    0 1489  556.00000  638.68852  14.9%     -   17s
     0     0  638.46693    0 1488  556.00000  638.46693  14.8%     -   18s
     0     0  638.41573    0 1488  556.00000  638.41573  14.8%     -   18s
     0     0  638.40608    0 1488  556.00000  638.40608  14.8%     -   18s
     0     0  638.12540    0 1488  556.00000  638.12540  14.8%     -   19s
     0     0  638.04157    0 1488  556.00000  638.04157  14.8%     -   19s
     0     0  638.02700    0 1489  556.00000  638.02700  14.8%     -   19s
     0     0  637.83566    0 1491  556.00000  637.83566  14.7%     -   20s
     0     0  637.79128    0 1489  556.00000  637.79128  14.7%     -   20s
     0     0  637.78119    0 1489  556.00000  637.78119  14.7%     -   20s
     0     0  637.67233    0 1491  556.00000  637.67233  14.7%     -   20s
     0     0  637.67233    0 1490  556.00000  637.67233  14.7%     -   20s
H    0     0                     560.0000000  637.67233  13.9%     -   22s
     0     2  637.67208    0 1489  560.00000  637.67208  13.9%     -   22s
     3     5  633.72125    2 1454  560.00000  637.67044  13.9%  3701   25s
    16    18  610.94728   10 1335  560.00000  637.67044  13.9%  3010   30s
H   26    26                     562.0000000  637.67044  13.5%  2029   31s
    64    66  574.42195   45 1161  562.00000  637.67044  13.5%  1351   35s
H  104    94                     563.0000000  637.38211  13.2%  1068   38s
H  108    93                     565.0000000  637.38211  12.8%  1136   40s
H  130   110                     566.0000000  637.38211  12.6%  1260   43s
   146   128  572.50000   30 1133  566.00000  637.38211  12.6%  1257   45s
H  183   124                     568.0000000  637.38144  12.2%  1103   46s
H  189   123                     569.0000000  637.38144  12.0%  1111   48s
   193   129  630.21089   14 1436  569.00000  637.38144  12.0%  1152   50s
   202   138  623.77415   21 1397  569.00000  637.38144  12.0%  1195   59s
   204   140  598.30504   22 1289  569.00000  637.38144  12.0%  1229   60s
H  209   139                     570.0000000  637.38144  11.8%  1241   62s
H  216   142                     571.0000000  637.38144  11.6%  1284   64s
   221   149  602.39389   33 1306  571.00000  637.38144  11.6%  1307   65s
H  243   165                     573.0000000  637.38144  11.2%  1330   68s
   278   196  575.86551   73 1146  573.00000  637.38144  11.2%  1277   70s
   299   205  616.24945   10 1377  573.00000  637.19819  11.2%  1313   75s
   331   237  593.66657   34 1245  573.00000  637.19819  11.2%  1330   80s
   377   273  632.55903    4 1449  573.00000  636.99944  11.2%  1284   85s
   395   291  622.91826   19 1396  573.00000  636.99944  11.2%  1315   90s
   433   319  576.25801   43 1180  573.00000  636.99944  11.2%  1316   95s
   456   324  620.30325    7 1388  573.00000  636.88814  11.1%  1317  100s
   477   345  610.05284   22 1336  573.00000  636.88814  11.1%  1345  105s
   516   374  630.43340    6 1442  573.00000  636.77523  11.1%  1353  111s
   528   386  606.28497   16 1328  573.00000  636.77523  11.1%  1367  115s
   548   406  610.85190   29 1332  573.00000  636.77523  11.1%  1400  120s
H  570   415                     574.0000000  636.77523  10.9%  1402  122s
   572   418  577.94239   54 1490  574.00000  636.77523  10.9%  1401  135s
   575   420  577.03503   69 1484  574.00000  636.77523  10.9%  1394  147s
   577   421  616.37725    9 1485  574.00000  636.77523  10.9%  1389  150s
   583   425  579.81818   60 1489  574.00000  636.77523  10.9%  1375  158s
   584   426  636.77523    7 1487  574.00000  636.77523  10.9%  1372  168s
   586   427  623.52662   17 1491  574.00000  636.77523  10.9%  1368  179s
   587   428  610.78666   28 1490  574.00000  636.77523  10.9%  1365  189s
   589   429  582.36335   52 1490  574.00000  636.77523  10.9%  1361  200s
   590   430  586.47853   33 1488  574.00000  636.77523  10.9%  1358  209s
   592   431  609.99024   13 1492  574.00000  636.77523  10.9%  1354  219s
   593   432  594.89536   34 1488  574.00000  636.77523  10.9%  1351  228s
   594   433  598.36879   33 1488  574.00000  636.77523  10.9%  1349  237s
   595   433  632.55867    5 1490  574.00000  636.77523  10.9%  1347  246s
   603   439  594.91070   39 1491  574.00000  636.77523  10.9%  1329  261s
   609   445  636.28744   13 1473  574.00000  636.75941  10.9%  1436  265s
   622   453  634.59767   20 1459  574.00000  636.49327  10.9%  1460  270s
   635   462  633.06909   26 1458  574.00000  636.49327  10.9%  1479  275s
   651   473  630.85848   34 1446  574.00000  636.49327  10.9%  1490  280s
   661   479  619.58673   39 1389  574.00000  636.49327  10.9%  1521  285s
   671   486  613.65711   44 1368  574.00000  636.49327  10.9%  1557  291s
   681   493  628.11423   49 1409  574.00000  636.49327  10.9%  1572  295s
   696   503  626.18517   57 1418  574.00000  636.49327  10.9%  1592  300s
   709   511  620.70641   63 1392  574.00000  636.49327  10.9%  1615  305s
   721   519  621.97901   69 1395  574.00000  636.49327  10.9%  1632  310s
   733   527  622.65932   75 1396  574.00000  636.49327  10.9%  1648  315s
   747   537  615.19048   82 1354  574.00000  636.49327  10.9%  1662  320s
   763   547  616.48326   90 1366  574.00000  636.49327  10.9%  1674  325s
   783   561  613.19274  100 1346  574.00000  636.49327  10.9%  1677  330s
   803   574  611.11202  110 1338  574.00000  636.49327  10.9%  1682  335s
   825   589  608.41986  121 1326  574.00000  636.49327  10.9%  1682  340s
   845   602  596.80654  131 1269  574.00000  636.49327  10.9%  1690  345s
   867   617  597.47569  142 1291  574.00000  636.49327  10.9%  1699  350s
   888   631  595.58199  153 1283  574.00000  636.49327  10.9%  1711  355s
   913   647  594.07710  165 1268  574.00000  636.49327  10.9%  1714  360s
   945   669  587.44769  181 1237  574.00000  636.49327  10.9%  1717  365s
H  981   668                     575.0000000  636.49327  10.7%  1713  370s
  1035   702  585.91680  226 1187  575.00000  636.49327  10.7%  1690  375s
  1124   730  630.03026   13 1435  575.00000  636.49036  10.7%  1601  380s
  1130   734  630.20357   16 1444  575.00000  636.49036  10.7%  1620  386s
  1136   738  631.27415   19 1441  575.00000  636.49036  10.7%  1635  391s
  1141   741  634.01263   22 1460  575.00000  636.49036  10.7%  1646  395s
  1146   745  626.90981   24 1421  575.00000  636.49036  10.7%  1661  400s
  1154   750  628.08473   28 1434  575.00000  636.49036  10.7%  1678  405s
  1162   755  628.87026   32 1431  575.00000  636.49036  10.7%  1691  410s
  1170   761  625.60129   36 1412  575.00000  636.49036  10.7%  1706  416s
  1176   765  627.14971   39 1415  575.00000  636.49036  10.7%  1718  420s
  1184   770  624.59513   43 1408  575.00000  636.49036  10.7%  1735  425s
  1192   775  628.70543   47 1420  575.00000  636.49036  10.7%  1750  430s
  1202   782  624.43827   52 1399  575.00000  636.49036  10.7%  1764  435s
  1210   787  622.00059   56 1396  575.00000  636.49036  10.7%  1779  440s
  1220   794  624.70009   61 1399  575.00000  636.49036  10.7%  1790  445s
  1231   801  626.19605   67 1410  575.00000  636.49036  10.7%  1803  450s
  1242   809  623.14525   72 1389  575.00000  636.49036  10.7%  1817  455s
  1256   818  618.14297   79 1358  575.00000  636.49036  10.7%  1829  460s
  1265   824  623.11915   84 1390  575.00000  636.49036  10.7%  1839  465s
  1279   833  621.69810   91 1379  575.00000  636.49036  10.7%  1850  470s
  1291   841  620.99538   97 1365  575.00000  636.49036  10.7%  1860  475s
  1306   851  616.78546  104 1340  575.00000  636.49036  10.7%  1873  480s
  1324   863  615.89145  113 1332  575.00000  636.49036  10.7%  1880  485s
  1346   878  615.54154  124 1339  575.00000  636.49036  10.7%  1884  490s
  1372   895  609.51406  137 1304  575.00000  636.49036  10.7%  1886  495s
  1406   918  605.40146  154 1293  575.00000  636.49036  10.7%  1881  500s
  1452   949  599.55556  177 1231  575.00000  636.49036  10.7%  1860  505s
  1521   995  592.10000  212 1032  575.00000  636.49036  10.7%  1814  510s
H 1523   970                     576.0000000  636.49036  10.5%  1812  510s
  1616  1016  634.96229   13 1465  576.00000  636.28744  10.5%  1737  515s
  1621  1019  627.42665   15 1419  576.00000  636.28744  10.5%  1748  520s
  1627  1023  627.43254   18 1408  576.00000  636.28744  10.5%  1758  525s
  1633  1027  629.96738   21 1424  576.00000  636.28744  10.5%  1768  531s
  1639  1031  626.87281   24 1411  576.00000  636.28744  10.5%  1777  536s
H 1643  1000                     577.0000000  636.28744  10.3%  1778  539s
  1644  1003  632.42699   27 1450  577.00000  636.28744  10.3%  1782  540s
  1651  1007  626.62160   30 1419  577.00000  636.28744  10.3%  1794  545s
  1659  1013  625.35508   34 1403  577.00000  636.28744  10.3%  1804  550s
  1666  1017  630.66235   38 1436  577.00000  636.28744  10.3%  1813  555s
  1674  1023  630.07283   42 1428  577.00000  636.28744  10.3%  1822  560s
  1683  1029  624.93611   46 1399  577.00000  636.28744  10.3%  1833  566s
  1691  1034  625.25919   50 1404  577.00000  636.28744  10.3%  1841  570s
  1701  1041  623.78640   55 1404  577.00000  636.28744  10.3%  1849  575s
  1711  1047  614.81888   60 1353  577.00000  636.28744  10.3%  1857  580s
  1721  1054  619.36462   65 1371  577.00000  636.28744  10.3%  1866  585s
  1733  1065  619.83020   71 1380  577.00000  636.28744  10.3%  1875  590s
  1743  1075  615.31877   76 1358  577.00000  636.28744  10.3%  1885  595s
  1754  1086  622.28964   82 1388  577.00000  636.28744  10.3%  1890  600s
  1769  1101  611.16692   89 1332  577.00000  636.28744  10.3%  1900  605s
  1783  1115  617.19230   96 1338  577.00000  636.28744  10.3%  1905  610s
H 1793  1112                     578.0000000  636.28744  10.1%  1906  613s
H 1799  1100                     579.0000000  636.28744  9.89%  1908  615s
  1819  1122  612.84788  114 1328  579.00000  636.28744  9.89%  1917  620s
  1843  1146  611.12682  126 1309  579.00000  636.28744  9.89%  1919  625s
  1873  1176  607.18868  141 1271  579.00000  636.28744  9.89%  1919  630s
  1911  1214  602.22833  160 1244  579.00000  636.28744  9.89%  1913  635s
  1962  1265  598.81606  186 1246  579.00000  636.28744  9.89%  1891  640s
  2032  1335  587.59061  221 1177  579.00000  636.28744  9.89%  1848  645s
  2092  1371  628.79165   15 1426  579.00000  636.28609  9.89%  1808  650s
  2098  1377  630.66170   18 1447  579.00000  636.28609  9.89%  1816  655s
  2104  1383  628.65014   21 1425  579.00000  636.28609  9.89%  1824  660s
  2110  1389  627.93993   24 1426  579.00000  636.28609  9.89%  1832  666s
  2116  1395  627.04970   27 1418  579.00000  636.28609  9.89%  1840  671s
  2122  1401  625.36632   30 1403  579.00000  636.28609  9.89%  1847  676s
  2128  1407  620.92697   33 1388  579.00000  636.28609  9.89%  1854  681s
  2134  1413  628.72724   36 1423  579.00000  636.28609  9.89%  1860  685s
  2142  1421  627.71980   40 1428  579.00000  636.28609  9.89%  1867  690s
  2148  1427  626.03469   43 1408  579.00000  636.28609  9.89%  1873  695s
  2157  1436  629.66630   48 1438  579.00000  636.28609  9.89%  1881  700s
  2166  1445  625.37195   52 1413  579.00000  636.28609  9.89%  1889  705s
  2174  1453  624.94710   56 1410  579.00000  636.28609  9.89%  1896  710s
  2184  1463  623.04400   61 1401  579.00000  636.28609  9.89%  1903  715s
  2192  1471  623.31529   65 1401  579.00000  636.28609  9.89%  1908  720s
  2201  1480  625.22928   70 1414  579.00000  636.28609  9.89%  1914  725s
  2212  1491  620.49538   75 1382  579.00000  636.28609  9.89%  1921  730s
  2222  1501  615.06164   80 1365  579.00000  636.28609  9.89%  1925  735s
  2232  1511  615.58482   85 1349  579.00000  636.28609  9.89%  1930  740s
  2241  1520  622.32358   90 1378  579.00000  636.28609  9.89%  1933  745s
  2252  1531  614.96442   95 1346  579.00000  636.28609  9.89%  1941  762s
  2262  1541  618.37987  100 1349  579.00000  636.28609  9.89%  1944  765s
  2276  1555  616.53021  107 1334  579.00000  636.28609  9.89%  1947  770s
  2288  1567  616.00951  113 1334  579.00000  636.28609  9.89%  1948  775s
  2297  1576  616.91847  118 1342  579.00000  636.28609  9.89%  1948  780s
  2310  1589  608.82274  124 1311  579.00000  636.28609  9.89%  1949  785s
  2319  1598  614.74735  129 1326  579.00000  636.28609  9.89%  1949  791s
  2333  1612  612.88588  136 1323  579.00000  636.28609  9.89%  1947  795s
  2348  1627  610.32321  143 1289  579.00000  636.28609  9.89%  1945  800s
  2370  1649  607.08346  154 1295  579.00000  636.28609  9.89%  1942  805s
  2387  1666  606.11806  163 1284  579.00000  636.28609  9.89%  1937  814s
  2397  1676  604.69517  168 1278  579.00000  636.28609  9.89%  1933  817s
  2414  1693  602.08930  176 1268  579.00000  636.28609  9.89%  1928  822s
  2441  1720  598.77960  190 1257  579.00000  636.28609  9.89%  1916  825s
  2495  1772  590.07038  217 1193  579.00000  636.28609  9.89%  1888  831s
  2549  1818  582.02439  244 1094  579.00000  636.28609  9.89%  1858  836s
  2575  1826  628.01134   16 1415  579.00000  636.11563  9.86%  1849  841s
  2581  1832  628.93324   19 1429  579.00000  636.11563  9.86%  1856  846s
  2587  1838  627.70360   22 1421  579.00000  636.11563  9.86%  1861  851s
  2593  1844  625.43346   25 1409  579.00000  636.11563  9.86%  1868  856s
  2597  1848  628.57145   27 1417  579.00000  636.11563  9.86%  1871  865s
  2605  1856  626.64938   31 1422  579.00000  636.11563  9.86%  1878  870s
  2612  1863  630.93345   35 1445  579.00000  636.11563  9.86%  1883  878s
  2615  1866  624.06402   36 1403  579.00000  636.11563  9.86%  1886  880s
  2623  1874  625.24731   40 1403  579.00000  636.11563  9.86%  1892  885s
  2631  1882  625.34058   44 1409  579.00000  636.11563  9.86%  1898  890s
  2639  1890  617.41495   48 1375  579.00000  636.11563  9.86%  1905  895s
  2651  1902  623.77518   54 1394  579.00000  636.11563  9.86%  1912  900s
  2663  1914  623.31054   60 1393  579.00000  636.11563  9.86%  1918  905s
  2675  1926  620.96630   66 1387  579.00000  636.11563  9.86%  1925  910s
  2686  1937  624.87308   72 1403  579.00000  636.11563  9.86%  1930  915s
  2699  1950  620.03943   78 1380  579.00000  636.11563  9.86%  1935  920s
  2711  1962  614.17121   84 1338  579.00000  636.11563  9.86%  1939  925s
  2727  1978  615.19334   92 1339  579.00000  636.11563  9.86%  1944  930s
  2744  1995  619.86392  101 1353  579.00000  636.11563  9.86%  1946  935s
  2767  2018  611.27804  112 1321  579.00000  636.11563  9.86%  1950  940s
  2792  2043  614.10748  125 1315  579.00000  636.11563  9.86%  1951  945s
  2803  2054  609.81137  130 1303  579.00000  636.11563  9.86%  1951  958s
  2811  2062  610.86179  134 1308  579.00000  636.11563  9.86%  1952  960s
  2858  2109  604.87743  158 1272  579.00000  636.11563  9.86%  1946  965s
  2935  2186  592.32982  196 1179  579.00000  636.11563  9.86%  1919  970s
  3045  2273  628.62270   16 1425  579.00000  636.11493  9.86%  1866  975s
  3051  2279  628.76865   19 1431  579.00000  636.11493  9.86%  1872  988s
  3055  2283  628.85294   21 1437  579.00000  636.11493  9.86%  1875  991s
  3061  2289  627.73055   24 1429  579.00000  636.11493  9.86%  1881  996s
  3067  2295  626.64703   27 1418  579.00000  636.11493  9.86%  1885 1001s
  3073  2301  629.23239   30 1434  579.00000  636.11493  9.86%  1890 1005s
  3080  2308  631.95422   34 1458  579.00000  636.11493  9.86%  1894 1010s
  3087  2315  626.94570   37 1426  579.00000  636.11493  9.86%  1901 1015s
  3095  2323  626.37667   41 1414  579.00000  636.11493  9.86%  1906 1020s
  3103  2331  620.63274   45 1399  579.00000  636.11493  9.86%  1912 1025s
  3111  2339  621.48358   49 1396  579.00000  636.11493  9.86%  1918 1030s
  3119  2347  617.71199   53 1370  579.00000  636.11493  9.86%  1924 1035s
  3130  2358  627.46184   59 1426  579.00000  636.11493  9.86%  1929 1040s
  3143  2371  620.87119   65 1396  579.00000  636.11493  9.86%  1937 1045s
  3153  2381  622.06184   70 1388  579.00000  636.11493  9.86%  1943 1050s
  3165  2393  620.93681   76 1391  579.00000  636.11493  9.86%  1948 1055s
  3185  2413  618.47340   86 1375  579.00000  636.11493  9.86%  1955 1060s
  3201  2429  618.63751   94 1360  579.00000  636.11493  9.86%  1961 1065s
  3219  2447  614.26214  103 1350  579.00000  636.11493  9.86%  1965 1070s
  3237  2465  609.82128  112 1324  579.00000  636.11493  9.86%  1969 1075s
  3262  2490  614.24889  125 1329  579.00000  636.11493  9.86%  1972 1080s
  3295  2523  608.77663  141 1299  579.00000  636.11493  9.86%  1973 1085s
  3350  2578  603.31379  169 1268  579.00000  636.11493  9.86%  1964 1090s
  3436  2664  590.79167  212 1159  579.00000  636.11493  9.86%  1937 1095s
  3515  2723  634.44928   17 1468  579.00000  636.08822  9.86%  1906 1100s
  3520  2728  628.10864   19 1421  579.00000  636.08822  9.86%  1911 1105s
  3526  2734  626.41628   22 1416  579.00000  636.08822  9.86%  1916 1112s
  3530  2738  627.01008   24 1432  579.00000  636.08822  9.86%  1919 1116s
  3536  2744  628.29343   27 1428  579.00000  636.08822  9.86%  1923 1120s
  3542  2750  623.67857   30 1407  579.00000  636.08822  9.86%  1927 1125s
  3550  2758  625.21002   34 1409  579.00000  636.08822  9.86%  1932 1130s
  3556  2764  625.20925   37 1416  579.00000  636.08822  9.86%  1936 1135s
  3564  2772  624.74803   41 1408  579.00000  636.08822  9.86%  1941 1140s
  3572  2780  617.72902   45 1368  579.00000  636.08822  9.86%  1946 1145s
  3580  2788  625.80912   49 1412  579.00000  636.08822  9.86%  1950 1159s
  3582  2790  624.78326   50 1412  579.00000  636.08822  9.86%  1951 1160s
  3592  2800  623.02071   55 1401  579.00000  636.08822  9.86%  1955 1165s
  3596  2804  623.26233   57 1394  579.00000  636.08822  9.86%  1957 1170s
  3606  2814  622.55863   62 1399  579.00000  636.08822  9.86%  1961 1175s
  3618  2826  620.01549   68 1377  579.00000  636.08822  9.86%  1966 1180s
  3628  2836  620.64944   73 1373  579.00000  636.08822  9.86%  1969 1185s
  3641  2849  622.40562   80 1385  579.00000  636.08822  9.86%  1973 1190s
  3656  2864  616.60573   87 1346  579.00000  636.08822  9.86%  1976 1195s
  3673  2881  618.83337   96 1362  579.00000  636.08822  9.86%  1979 1200s
  3690  2898  609.69040  104 1322  579.00000  636.08822  9.86%  1983 1205s
  3712  2920  612.23786  115 1321  579.00000  636.08822  9.86%  1986 1210s
  3740  2948  610.74527  129 1291  579.00000  636.08822  9.86%  1986 1215s
  3778  2986  605.33089  148 1261  579.00000  636.08822  9.86%  1985 1220s
  3833  3041  600.48101  176 1248  579.00000  636.08822  9.86%  1974 1225s
  3919  3127  585.36364  219 1135  579.00000  636.08822  9.86%  1950 1230s
  3987  3161  629.46675   15 1435  579.00000  636.08129  9.86%  1926 1235s
  3991  3165  631.79627   17 1443  579.00000  636.08129  9.86%  1929 1240s
  3997  3171  628.32502   20 1426  579.00000  636.08129  9.86%  1932 1246s
  4003  3177  627.77189   23 1429  579.00000  636.08129  9.86%  1936 1250s
  4008  3182  633.33124   26 1458  579.00000  636.08129  9.86%  1939 1266s
  4009  3183  626.55749   26 1425  579.00000  636.08129  9.86%  1940 1273s
  4013  3187  628.84077   28 1431  579.00000  636.08129  9.86%  1943 1276s
  4020  3194  632.55391   32 1449  579.00000  636.08129  9.86%  1946 1280s
  4027  3201  627.45687   35 1423  579.00000  636.08129  9.86%  1951 1285s
  4035  3209  623.33182   39 1409  579.00000  636.08129  9.86%  1955 1290s
  4041  3215  618.85128   42 1376  579.00000  636.08129  9.86%  1958 1296s
  4047  3221  620.58031   45 1397  579.00000  636.08129  9.86%  1961 1300s
  4057  3231  626.34475   50 1415  579.00000  636.08129  9.86%  1965 1305s
  4067  3241  616.45693   55 1379  579.00000  636.08129  9.86%  1970 1310s
  4080  3254  627.33427   62 1417  579.00000  636.08129  9.86%  1973 1315s
  4092  3266  626.04440   68 1415  579.00000  636.08129  9.86%  1977 1320s
  4103  3277  620.81163   73 1376  579.00000  636.08129  9.86%  1981 1325s
  4115  3289  614.57724   79 1340  579.00000  636.08129  9.86%  1984 1330s
  4117  3291  620.22470   80 1379  579.00000  636.08129  9.86%  1985 1335s
  4131  3305  620.39732   87 1378  579.00000  636.08129  9.86%  1988 1340s
  4147  3321  617.67703   95 1352  579.00000  636.08129  9.86%  1991 1345s
  4163  3337  615.27508  103 1333  579.00000  636.08129  9.86%  1993 1350s
  4183  3357  615.34659  113 1331  579.00000  636.08129  9.86%  1995 1355s
  4205  3379  612.23586  124 1307  579.00000  636.08129  9.86%  1996 1360s
  4233  3407  610.25290  138 1300  579.00000  636.08129  9.86%  1995 1365s
  4273  3447  603.74644  158 1267  579.00000  636.08129  9.86%  1992 1370s
  4336  3510  597.21904  190 1218  579.00000  636.08129  9.86%  1978 1375s
  4456  3609  635.08836   13 1466  579.00000  635.69141  9.79%  1940 1380s
  4480  3633  630.08456   37 1441  579.00000  635.69141  9.79%  1936 1385s
  4522  3675  623.02759   79 1377  579.00000  635.69141  9.79%  1926 1390s
  4553  3706  617.60849  103 1345  579.00000  635.69141  9.79%  1923 1395s
  4601  3754  609.30973  137 1274  579.00000  635.69141  9.79%  1915 1400s
  4610  3763  607.55339  144 1251  579.00000  635.69141  9.79%  1913 1417s
  4630  3783  606.21161  156 1254  579.00000  635.69141  9.79%  1911 1420s
  4714  3867  594.88044  182 1195  579.00000  635.69141  9.79%  1891 1425s
  4847  4000  590.43454  205 1156  579.00000  635.69141  9.79%  1854 1430s
  5008  4155  581.14500  234 1059  579.00000  635.69141  9.79%  1806 1436s
  5072  4196  634.27031   20 1469  579.00000  635.69123  9.79%  1787 1440s
  5099  4223  629.59749   47 1442  579.00000  635.69123  9.79%  1783 1445s
  5140  4264  622.04196   88 1389  579.00000  635.69123  9.79%  1777 1450s
  5166  4290  615.66252  104 1342  579.00000  635.69123  9.79%  1777 1455s
  5198  4322  610.70860  128 1303  579.00000  635.69123  9.79%  1775 1460s
  5240  4364  604.92565  151 1278  579.00000  635.69123  9.79%  1773 1465s
  5318  4442  597.70967  185 1233  579.00000  635.69123  9.79%  1761 1470s
  5435  4559  588.73412  213 1191  579.00000  635.69123  9.79%  1737 1475s
  5609  4700  633.94438   16 1461  579.00000  635.31455  9.73%  1695 1480s
  5638  4729  629.15547   45 1424  579.00000  635.31455  9.73%  1691 1485s
  5675  4766  621.13041   82 1380  579.00000  635.31455  9.73%  1687 1490s
  5713  4804  613.00314  112 1316  579.00000  635.31455  9.73%  1683 1495s
  5754  4845  606.89815  139 1284  579.00000  635.31455  9.73%  1681 1500s
  5814  4905  600.23618  167 1256  579.00000  635.31455  9.73%  1676 1505s
  5917  5008  591.52896  196 1188  579.00000  635.31455  9.73%  1659 1510s
  5921  5012  590.70940  199 1204  579.00000  635.31455  9.73%  1658 1515s
  6025  5116  583.92332  215 1152  579.00000  635.31455  9.73%  1638 1520s
  6147  5214  633.18934   28 1468  579.00000  635.31215  9.73%  1612 1525s
  6178  5245  628.43368   59 1434  579.00000  635.31215  9.73%  1609 1530s
  6213  5280  620.73718   90 1376  579.00000  635.31215  9.73%  1606 1535s
  6234  5301  616.49128  105 1355  579.00000  635.31215  9.73%  1608 1540s
  6272  5339  610.35972  135 1318  579.00000  635.31215  9.73%  1607 1545s
  6321  5388  603.92725  163 1278  579.00000  635.31215  9.73%  1604 1550s
  6391  5458  596.39850  190 1210  579.00000  635.31215  9.73%  1597 1555s
  6515  5582  587.25129  221 1156  579.00000  635.31215  9.73%  1579 1560s
  6674  5717  633.61713   21 1464  579.00000  635.08781  9.69%  1549 1565s
  6702  5745  628.52647   49 1433  579.00000  635.08781  9.69%  1547 1570s
  6738  5781  622.60875   84 1395  579.00000  635.08781  9.69%  1545 1575s
  6768  5811  616.79791  109 1352  579.00000  635.08781  9.69%  1545 1580s
  6809  5852  609.68607  138 1307  579.00000  635.08781  9.69%  1544 1585s
  6882  5925  599.94861  179 1251  579.00000  635.08781  9.69%  1538 1590s
  6987  6030  591.26087  204 1182  579.00000  635.08781  9.69%  1524 1595s
  7172  6194  627.27280   14 1418  579.00000  635.01836  9.68%  1495 1602s
  7200  6222  621.94029   42 1378  579.00000  635.01836  9.68%  1492 1605s
  7256  6278  609.30332   91 1298  579.00000  635.01836  9.68%  1487 1610s
  7338  6360  596.65095  150 1202  579.00000  635.01836  9.68%  1479 1615s
  7497  6519  582.25000  198 1032  579.00000  635.01836  9.68%  1458 1620s
  7559  6565  623.68169   36 1409  579.00000  634.99633  9.67%  1450 1625s
  7613  6619  613.57611   89 1346  579.00000  634.99633  9.67%  1446 1630s
  7672  6678  602.89638  138 1270  579.00000  634.99633  9.67%  1441 1635s
  7787  6793  587.85965  191 1167  579.00000  634.99633  9.67%  1429 1640s
  7904  6869  625.84460   24 1418  579.00000  634.98998  9.67%  1414 1645s
  7937  6902  619.34251   57 1381  579.00000  634.98998  9.67%  1412 1650s
  7982  6947  610.29580  100 1319  579.00000  634.98998  9.67%  1408 1655s
  8022  6987  603.34922  132 1260  579.00000  634.98998  9.67%  1406 1660s
  8116  7081  590.55819  182 1185  579.00000  634.98998  9.67%  1398 1665s
  8253  7192  626.55739   21 1420  579.00000  634.98802  9.67%  1381 1670s
  8279  7218  607.91915   47 1295  579.00000  634.98802  9.67%  1381 1675s
  8337  7260  632.78948   26 1460  579.00000  634.94035  9.66%  1376 1680s
  8349  7272  630.92021   38 1442  579.00000  634.94035  9.66%  1376 1685s
  8386  7309  623.49839   75 1400  579.00000  634.94035  9.66%  1374 1690s
  8444  7367  611.30014  133 1319  579.00000  634.94035  9.66%  1370 1695s
  8575  7480  628.12902   15 1426  579.00000  634.87088  9.65%  1356 1701s
  8581  7486  622.16564   18 1398  579.00000  634.87088  9.65%  1357 1705s
  8589  7494  620.48410   22 1387  579.00000  634.87088  9.65%  1360 1710s
  8593  7498  623.41228   24 1401  579.00000  634.87088  9.65%  1361 1719s
  8596  7501  625.55149   26 1416  579.00000  634.87088  9.65%  1361 1720s
  8605  7510  619.23372   30 1375  579.00000  634.87088  9.65%  1363 1730s
  8615  7520  619.44304   35 1375  579.00000  634.87088  9.65%  1366 1735s
  8625  7530  618.03267   40 1371  579.00000  634.87088  9.65%  1368 1740s
  8639  7544  618.82967   47 1363  579.00000  634.87088  9.65%  1370 1745s
  8653  7558  609.45483   54 1324  579.00000  634.87088  9.65%  1373 1750s
  8665  7570  617.02897   60 1350  579.00000  634.87088  9.65%  1375 1755s
  8681  7586  612.66952   68 1326  579.00000  634.87088  9.65%  1377 1760s
  8699  7604  612.93633   77 1330  579.00000  634.87088  9.65%  1380 1765s
  8720  7625  613.05803   88 1335  579.00000  634.87088  9.65%  1381 1770s
  8742  7647  610.94848   99 1323  579.00000  634.87088  9.65%  1383 1775s
  8771  7676  585.06818  113 1147  579.00000  634.87088  9.65%  1385 1780s
  8806  7711  604.68889  131 1275  579.00000  634.87088  9.65%  1386 1785s
  8859  7764  593.23111  157 1211  579.00000  634.87088  9.65%  1386 1790s
  8978  7867  627.99148   18 1432  579.00000  634.86514  9.65%  1375 1797s
  8989  7878  625.45872   29 1424  579.00000  634.86514  9.65%  1375 1800s
  9018  7907  619.99096   58 1378  579.00000  634.86514  9.65%  1373 1807s
  9041  7930  615.45408   81 1349  579.00000  634.86514  9.65%  1371 1810s
  9058  7947  611.80322   98 1331  579.00000  634.86514  9.65%  1370 1818s
  9087  7976  605.41506  127 1281  579.00000  634.86514  9.65%  1368 1820s
  9189  8062  629.46709   22 1459  579.00000  634.83250  9.64%  1358 1825s
  9219  8092  624.01640   52 1418  579.00000  634.83250  9.64%  1356 1830s
  9268  8141  614.32147  101 1354  579.00000  634.83250  9.64%  1354 1835s
  9387  8240  633.27136   19 1459  579.00000  634.83155  9.64%  1344 1841s
  9411  8264  628.91604   43 1431  579.00000  634.83155  9.64%  1343 1845s
  9444  8297  622.48057   75 1387  579.00000  634.83155  9.64%  1342 1850s
  9487  8340  614.43066  112 1334  579.00000  634.83155  9.64%  1341 1855s
  9543  8396  604.95737  151 1260  579.00000  634.83155  9.64%  1339 1860s
  9637  8490  593.54699  192 1182  579.00000  634.83155  9.64%  1334 1865s
  9825  8666  634.17635   19 1464  579.00000  634.79353  9.64%  1316 1870s
  9832  8673  606.31616   26 1329  579.00000  634.79353  9.64%  1318 1875s
  9875  8708  627.79549   16 1428  579.00000  634.74301  9.63%  1317 1880s
  9905  8738  621.71725   46 1393  579.00000  634.74301  9.63%  1316 1885s
  9958  8791  610.44844   99 1314  579.00000  634.74301  9.63%  1313 1893s
  9976  8809  606.46779  117 1293  579.00000  634.74301  9.63%  1311 1895s
 10089  8897  627.58102   19 1437  579.00000  634.69088  9.62%  1301 1900s
 10109  8917  611.46727   39 1359  579.00000  634.69088  9.62%  1302 1905s
 10163  8957  627.63261   21 1442  579.00000  634.62315  9.61%  1299 1910s
 10172  8966  614.55116   25 1376  579.00000  634.62315  9.61%  1301 1915s
 10182  8976  601.54234   30 1312  579.00000  634.62315  9.61%  1303 1920s
 10203  8988  619.58600   57 1490  579.00000  634.62315  9.61%  1304 2674s
 10205  8989  625.37186   53 1350  579.00000  634.62315  9.61%  1304 2675s
 10206  8990  613.02917  118 1483  579.00000  634.62315  9.61%  1304 2684s
 10207  8991  614.22631   80 1490  579.00000  633.74440  9.45%  1303 2687s
 10213  8995  607.32885   28 1489  579.00000  631.98617  9.15%  1303 2706s
 10214  8995  618.86633   66 1491  579.00000  631.88350  9.13%  1303 2722s
 10218  8998  598.68923  139 1492  579.00000  631.82795  9.12%  1302 2742s
 10219  8999  591.28746  213 1489  579.00000  631.33490  9.04%  1302 2757s
 10223  9001  629.32440   55 1492  579.00000  631.12715  9.00%  1301 2775s
 10224  9002  588.05445  190 1485  579.00000  630.74175  8.94%  1301 2789s
 10227  9004  630.03004   14 1489  579.00000  630.59650  8.91%  1301 2790s
 10228  9005  589.47993  217 1489  579.00000  630.59434  8.91%  1301 2808s
 10229  9005  594.75160  172 1489  579.00000  630.17445  8.84%  1301 2822s
 10232  9007  591.24257  215 1489  579.00000  630.08208  8.82%  1300 2839s
 10233  9008  629.94972   36 1489  579.00000  629.94972  8.80%  1300 2854s
 10236  9010  617.07699   74 1489  579.00000  629.87795  8.79%  1300 2875s
 10237  9011  627.68535   33 1491  579.00000  629.73555  8.76%  1300 2893s
 10240  9013  622.02002   46 1492  579.00000  629.67588  8.75%  1299 2912s
 10241  9013  586.30806  194 1490  579.00000  629.57676  8.74%  1299 2929s
 10244  9015  600.69696  129 1492  579.00000  629.53020  8.73%  1299 2948s
 10245  9016  587.94296  185 1489  579.00000  629.48301  8.72%  1299 2966s
 10247  9017  619.68958   90 1493  579.00000  629.45941  8.71%  1298 2986s
 10248  9018  619.46451   43 1492  579.00000  629.39900  8.70%  1298 3002s
 10250  9019  582.72510  229 1492  579.00000  629.37536  8.70%  1298 3019s
 10251  9020  599.95426  135 1489  579.00000  629.29653  8.69%  1298 3034s
 10255  9023  602.90488  163 1492  579.00000  629.24004  8.68%  1297 3052s
 10256  9023  612.86722   81 1489  579.00000  629.19150  8.67%  1297 3068s
 10258  9025  629.17255   24 1491  579.00000  629.17255  8.67%  1297 3084s
 10259  9025  621.01081   80 1491  579.00000  629.15452  8.66%  1297 3100s
 10261  9027  610.42609  103 1493  579.00000  629.14738  8.66%  1297 3118s
 10262  9027  590.49697  204 1491  579.00000  629.11456  8.66%  1296 3134s
 10264  9029  594.74400  167 1491  579.00000  629.09752  8.65%  1296 3152s
 10265  9029  605.81851  150 1493  579.00000  629.03201  8.64%  1296 3170s
 10268  9031  606.97626  140 1493  579.00000  629.00066  8.64%  1296 3188s
 10269  9032  597.56221  189 1490  579.00000  628.99641  8.63%  1296 3205s
 10270  9033  598.65231  141 1492  579.00000  628.99440  8.63%  1295 3223s
 10271  9033  611.02214  131 1493  579.00000  628.93932  8.63%  1295 3240s
 10273  9035  603.55216  118 1493  579.00000  628.92378  8.62%  1295 3259s
 10274  9035  623.85020   55 1491  579.00000  628.90107  8.62%  1295 3277s
 10276  9037  583.36966  202 1491  579.00000  628.88855  8.62%  1295 3296s
 10277  9037  587.86200  214 1491  579.00000  628.87119  8.61%  1295 3313s
 10279  9039  614.48681  117 1491  579.00000  628.86057  8.61%  1294 3332s
 10280  9039  606.89672  140 1491  579.00000  628.82569  8.61%  1294 3350s
 10282  9041  588.97698   65 1494  579.00000  628.80945  8.60%  1294 3372s
 10283  9041  584.18818  188 1492  579.00000  628.80782  8.60%  1294 3391s
 10284  9042  619.56336   65 1492  579.00000  628.80706  8.60%  1294 3412s
 10285  9043  581.10443  245 1491  579.00000  628.80694  8.60%  1294 3433s
 10286  9043  610.60182  137 1492  579.00000  628.80688  8.60%  1293 3453s
 10287  9044  601.24347  136 1492  579.00000  628.80686  8.60%  1293 3472s
 10288  9045  584.33180  232 1491  579.00000  628.80682  8.60%  1293 3491s
 10289  9045  602.97333  165 1490  579.00000  628.80680  8.60%  1293 3510s
 10290  9046  594.87500  189 1492  579.00000  628.80680  8.60%  1293 3529s
 10291  9047  591.62006  207 1492  579.00000  628.79296  8.60%  1293 3568s
 10292  9047  593.21485  198 1492  579.00000  628.79296  8.60%  1293 3588s

Cutting planes:
  Gomory: 9
  Flow cover: 57
  Zero half: 643
  RLT: 181
  BQP: 33

Explored 10292 nodes (13526176 simplex iterations) in 3600.00 seconds (4323.79 work units)
Thread count was 1 (of 24 available processors)

Solution count 10: 579 578 577 ... 569

Time limit reached
Best objective 5.790000000000e+02, best bound 6.280000000000e+02, gap 8.4629%

User-callback calls 172783, time in user-callback 1.11 sec
