
Gurobi 11.0.3 (linux64) logging started Thu Mar  5 19:04:10 2026

Set parameter LogFile to value "./log/train/IS_1500_6/IS_57.lp.log"
Set parameter TimeLimit to value 3600
Gurobi Optimizer version 11.0.3 build v11.0.3rc0 (linux64 - "Ubuntu 22.04.5 LTS")

CPU model: AMD Ryzen 9 9900X 12-Core Processor, instruction set [SSE2|AVX|AVX2|AVX512]
Thread count: 12 physical cores, 24 logical processors, using up to 2 threads

Optimize a model with 9205 rows, 1500 columns and 18122 nonzeros
Model fingerprint: 0x4cc6b831
Variable types: 0 continuous, 1500 integer (1500 binary)
Coefficient statistics:
  Matrix range     [1e+00, 1e+00]
  Objective range  [1e+00, 1e+00]
  Bounds range     [1e+00, 1e+00]
  RHS range        [1e+00, 1e+00]
Found heuristic solution: objective 341.0000000
Presolve removed 1785 rows and 0 columns
Presolve time: 0.02s
Presolved: 7420 rows, 1500 columns, 16337 nonzeros
Variable types: 0 continuous, 1500 integer (1500 binary)

Root relaxation: objective 6.885000e+02, 3868 iterations, 0.14 seconds (0.26 work units)

    Nodes    |    Current Node    |     Objective Bounds      |     Work
 Expl Unexpl |  Obj  Depth IntInf | Incumbent    BestBd   Gap | It/Node Time

     0     0  688.50000    0 1349  341.00000  688.50000   102%     -    0s
H    0     0                     524.0000000  688.50000  31.4%     -    0s
     0     0  672.98529    0 1442  524.00000  672.98529  28.4%     -    0s
     0     0  672.98529    0 1442  524.00000  672.98529  28.4%     -    0s
     0     0  664.52895    0 1480  524.00000  664.52895  26.8%     -    1s
H    0     0                     567.0000000  664.52895  17.2%     -    1s
     0     0  663.84590    0 1473  567.00000  663.84590  17.1%     -    1s
     0     0  663.70300    0 1475  567.00000  663.70300  17.1%     -    2s
     0     0  663.69361    0 1478  567.00000  663.69361  17.1%     -    2s
     0     0  663.69134    0 1480  567.00000  663.69134  17.1%     -    2s
     0     0  658.79655    0 1479  567.00000  658.79655  16.2%     -    2s
     0     0  658.53452    0 1483  567.00000  658.53452  16.1%     -    2s
     0     0  658.44439    0 1482  567.00000  658.44439  16.1%     -    3s
     0     0  658.43167    0 1486  567.00000  658.43167  16.1%     -    3s
     0     0  658.43028    0 1486  567.00000  658.43028  16.1%     -    3s
     0     0  655.57997    0 1483  567.00000  655.57997  15.6%     -    3s
     0     0  655.12946    0 1482  567.00000  655.12946  15.5%     -    3s
     0     0  655.07185    0 1483  567.00000  655.07185  15.5%     -    3s
     0     0  655.06375    0 1483  567.00000  655.06375  15.5%     -    3s
     0     0  652.59088    0 1483  567.00000  652.59088  15.1%     -    4s
     0     0  652.25761    0 1485  567.00000  652.25761  15.0%     -    4s
     0     0  652.23410    0 1484  567.00000  652.23410  15.0%     -    4s
     0     0  652.22549    0 1484  567.00000  652.22549  15.0%     -    4s
     0     0  650.36253    0 1483  567.00000  650.36253  14.7%     -    5s
H    0     0                     569.0000000  650.36253  14.3%     -    5s
     0     0  650.19750    0 1490  569.00000  650.19750  14.3%     -    5s
     0     0  650.18375    0 1490  569.00000  650.18375  14.3%     -    5s
     0     0  650.18223    0 1490  569.00000  650.18223  14.3%     -    5s
     0     0  648.53835    0 1483  569.00000  648.53835  14.0%     -    6s
     0     0  648.34616    0 1484  569.00000  648.34616  13.9%     -    6s
     0     0  648.32741    0 1486  569.00000  648.32741  13.9%     -    6s
     0     0  648.32609    0 1486  569.00000  648.32609  13.9%     -    6s
     0     0  646.54074    0 1482  569.00000  646.54074  13.6%     -    6s
     0     0  646.43123    0 1484  569.00000  646.43123  13.6%     -    7s
     0     0  646.42164    0 1484  569.00000  646.42164  13.6%     -    7s
     0     0  645.58174    0 1486  569.00000  645.58174  13.5%     -    7s
     0     0  645.47758    0 1490  569.00000  645.47758  13.4%     -    7s
     0     0  645.45261    0 1490  569.00000  645.45261  13.4%     -    7s
     0     0  645.44375    0 1490  569.00000  645.44375  13.4%     -    7s
     0     0  644.58456    0 1485  569.00000  644.58456  13.3%     -    8s
     0     0  644.43222    0 1488  569.00000  644.43222  13.3%     -    8s
     0     0  644.39721    0 1490  569.00000  644.39721  13.3%     -    8s
     0     0  644.38918    0 1488  569.00000  644.38918  13.2%     -    8s
     0     0  643.67647    0 1485  569.00000  643.67647  13.1%     -    8s
     0     0  643.57730    0 1489  569.00000  643.57730  13.1%     -    8s
     0     0  643.56012    0 1491  569.00000  643.56012  13.1%     -    8s
     0     0  643.55553    0 1490  569.00000  643.55553  13.1%     -    8s
     0     0  642.93254    0 1486  569.00000  642.93254  13.0%     -    9s
     0     0  642.81198    0 1488  569.00000  642.81198  13.0%     -    9s
     0     0  642.80309    0 1488  569.00000  642.80309  13.0%     -    9s
     0     0  642.49523    0 1487  569.00000  642.49523  12.9%     -    9s
     0     0  642.42590    0 1488  569.00000  642.42590  12.9%     -    9s
     0     0  642.41519    0 1489  569.00000  642.41519  12.9%     -    9s
     0     0  642.01102    0 1488  569.00000  642.01102  12.8%     -   10s
     0     0  641.96078    0 1485  569.00000  641.96078  12.8%     -   10s
     0     0  641.95433    0 1489  569.00000  641.95433  12.8%     -   10s
     0     0  641.46442    0 1489  569.00000  641.46442  12.7%     -   10s
     0     0  641.39632    0 1485  569.00000  641.39632  12.7%     -   10s
     0     0  641.38099    0 1488  569.00000  641.38099  12.7%     -   10s
     0     0  641.04759    0 1487  569.00000  641.04759  12.7%     -   11s
     0     0  640.98834    0 1489  569.00000  640.98834  12.7%     -   11s
     0     0  640.97861    0 1489  569.00000  640.97861  12.7%     -   11s
     0     0  640.65101    0 1488  569.00000  640.65101  12.6%     -   11s
     0     0  640.57887    0 1492  569.00000  640.57887  12.6%     -   11s
     0     0  640.56429    0 1489  569.00000  640.56429  12.6%     -   11s
     0     0  640.39955    0 1488  569.00000  640.39955  12.5%     -   12s
H    0     0                     572.0000000  640.39955  12.0%     -   12s
     0     0  640.36990    0 1489  572.00000  640.36990  12.0%     -   12s
     0     0  640.36553    0 1490  572.00000  640.36553  12.0%     -   12s
     0     0  640.23933    0 1489  572.00000  640.23933  11.9%     -   12s
     0     0  640.23933    0 1489  572.00000  640.23933  11.9%     -   12s
H    0     0                     574.0000000  640.23933  11.5%     -   13s
     0     2  640.23933    0 1488  574.00000  640.23933  11.5%     -   13s
     5     8  639.88870    3 1484  574.00000  640.18256  11.5%  2626   15s
     9    12  639.71279    4 1481  574.00000  640.18256  11.5%  3637   28s
    17    22  639.41642    6 1480  574.00000  640.18256  11.5%  3017   30s
H   57    61                     576.0000000  640.18256  11.1%  1903   34s
H   59    61                     577.0000000  640.18256  11.0%  1851   34s
    60    69  606.16619   18 1324  577.00000  640.18256  11.0%  1882   35s
H  120   109                     578.0000000  640.18256  10.8%  1240   36s
   137   124  580.22133   42 1169  578.00000  639.41595  10.6%  1245   40s
H  163   127                     580.0000000  639.41595  10.2%  1294   43s
   177   144  620.55664   15 1370  580.00000  639.41595  10.2%  1332   45s
H  190   149                     581.0000000  639.41595  10.1%  1362   46s
   218   180  590.01620   26 1245  581.00000  639.41595  10.1%  1409   50s
H  281   209                     582.0000000  639.08287  9.81%  1276   53s
   293   216  638.94728    8 1479  582.00000  639.08057  9.81%  1270   55s
H  310   212                     584.0000000  639.08057  9.43%  1351   57s
   348   237  614.24846   20 1351  584.00000  639.08057  9.43%  1311   60s
   382   255  630.17746    9 1431  584.00000  638.88136  9.40%  1333   65s
H  436   322                     585.0000000  638.88136  9.21%  1354   71s
   503   334  630.21178   11 1428  585.00000  638.65479  9.17%  1294   75s
   583   369     cutoff   34       585.00000  638.58664  9.16%  1289   81s
   604   386  628.95602   17 1428  585.00000  638.53344  9.15%  1326   85s
   660   431  599.59059   32 1282  585.00000  638.47932  9.14%  1357   92s
H  699   422                     586.0000000  638.42870  8.95%  1355   94s
   701   436  626.08313   18 1405  586.00000  638.42870  8.95%  1371   97s
   715   462  605.85971   23 1314  586.00000  638.33942  8.93%  1394  101s
H  769   467                     587.0000000  638.33942  8.75%  1389  103s
   783   494  632.16737   22 1425  587.00000  638.33942  8.75%  1392  107s
   868   540  610.32951   28 1318  587.00000  638.22642  8.73%  1385  112s
   950   571  632.58168   33 1489  587.00000  638.22611  8.73%  1347  126s
   953   573  616.93394   14 1484  587.00000  638.22611  8.73%  1343  133s
   956   575  614.64142   19 1486  587.00000  638.22611  8.73%  1338  135s
   959   577  620.30164   17 1483  587.00000  638.22611  8.73%  1334  143s
   961   578  601.07645   27 1484  587.00000  638.22611  8.73%  1331  148s
   962   579  602.36222   16 1486  587.00000  638.22611  8.73%  1330  153s
   963   580  623.02532    4 1487  587.00000  638.22611  8.73%  1329  159s
   964   580  605.44783   20 1484  587.00000  638.22611  8.73%  1327  164s
   965   581  604.17343   38 1486  587.00000  638.22611  8.73%  1326  170s
   966   582  631.16648   19 1487  587.00000  638.22611  8.73%  1324  175s
   967   582  603.30930   30 1486  587.00000  638.22611  8.73%  1323  181s
   968   583  609.60619   32 1486  587.00000  638.22611  8.73%  1322  190s
   981   595  636.11675   16 1459  587.00000  638.22611  8.73%  1390  196s
   998   606  637.31706   21 1466  587.00000  638.22611  8.73%  1418  200s
  1025   626  635.39162   28 1453  587.00000  638.22611  8.73%  1437  205s
  1054   646  632.61718   34 1440  587.00000  638.22611  8.73%  1466  210s
  1090   672  630.12892   43 1430  587.00000  638.22611  8.73%  1482  216s
  1120   692  627.67517   50 1421  587.00000  638.22611  8.73%  1507  220s
  1143   713  625.99895   56 1413  587.00000  638.22611  8.73%  1524  225s
  1176   734  622.92150   63 1401  587.00000  638.22611  8.73%  1541  230s
  1209   757  622.18534   71 1399  587.00000  638.22611  8.73%  1567  236s
  1235   777  621.07883   77 1392  587.00000  638.22611  8.73%  1584  241s
  1262   793  619.56038   83 1386  587.00000  638.22611  8.73%  1600  245s
  1289   813  618.26666   89 1381  587.00000  638.22611  8.73%  1625  251s
  1318   832  613.03657   95 1348  587.00000  638.22611  8.73%  1652  257s
  1333   845  615.79333   99 1372  587.00000  638.22611  8.73%  1665  260s
  1370   872  614.49409  107 1361  587.00000  638.22611  8.73%  1694  266s
  1413   909  612.97611  116 1355  587.00000  638.22611  8.73%  1717  272s
  1441   931  612.00802  122 1348  587.00000  638.22611  8.73%  1728  276s
  1505   979  602.07297  134 1304  587.00000  638.22611  8.73%  1743  283s
  1542  1010  609.63669  141 1323  587.00000  638.22611  8.73%  1746  287s
  1587  1059  607.70839  150 1317  587.00000  638.22611  8.73%  1750  291s
  1653  1110  606.30555  160 1299  587.00000  638.22611  8.73%  1733  295s
  1782  1144  602.78086  185 1256  587.00000  638.22611  8.73%  1689  303s
  1832  1189  597.63336  207 1231  587.00000  638.22611  8.73%  1684  308s
  1924  1172  638.00097   18 1472  587.00000  638.22611  8.73%  1642  313s
  1938  1182  637.43676   21 1468  587.00000  638.22611  8.73%  1660  318s
  1952  1194  636.83665   24 1463  587.00000  638.22611  8.73%  1676  323s
  1969  1205  632.41212   27 1432  587.00000  638.22611  8.73%  1695  329s
  1986  1218  635.66420   31 1454  587.00000  638.22611  8.73%  1711  334s
  2004  1232  634.89147   35 1449  587.00000  638.22611  8.73%  1728  340s
  2024  1249  634.23813   39 1445  587.00000  638.22611  8.73%  1745  345s
  2048  1264  633.15299   44 1441  587.00000  638.22611  8.73%  1762  350s
  2071  1279  632.41031   49 1432  587.00000  638.22611  8.73%  1778  356s
  2094  1302  631.66848   54 1426  587.00000  638.22611  8.73%  1798  363s
  2124  1328  630.38171   60 1419  587.00000  638.22611  8.73%  1816  369s
  2160  1356  629.72120   67 1415  587.00000  638.22611  8.73%  1830  376s
  2200  1386  627.92198   74 1412  587.00000  638.22611  8.73%  1843  383s
  2244  1434  626.77771   81 1402  587.00000  638.22611  8.73%  1856  391s
  2306  1504  624.91852   90 1395  587.00000  638.22611  8.73%  1860  398s
  2399  1581  623.39616  101 1384  587.00000  638.22611  8.73%  1837  406s
  2537  1570  621.36831  113 1365  587.00000  638.22611  8.73%  1790  413s
  2572  1591  613.20878  125 1325  587.00000  638.22611  8.73%  1805  421s
  2605  1616  617.56998  136 1337  587.00000  638.22611  8.73%  1817  429s
  2641  1658  615.31557  149 1317  587.00000  638.22611  8.73%  1824  438s
  2695  1722  610.67550  169 1296  587.00000  638.22611  8.73%  1825  447s
  2779  1805  600.15051  205 1221  587.00000  638.08154  8.70%  1809  458s
  2901  1833  637.72969   16 1474  587.00000  638.08154  8.70%  1764  468s
  2929  1846  636.59013   22 1467  587.00000  638.08154  8.70%  1782  478s
  2942  1868  636.12141   24 1465  587.00000  638.08154  8.70%  1791  501s
  2964  1908  626.20277   29 1416  587.00000  638.08154  8.70%  1804  510s
  3004  1935  634.35793   36 1451  587.00000  638.08154  8.70%  1825  535s
  3031  1998  627.19199   37 1411  587.00000  638.08154  8.70%  1832  546s
  3094  2114  632.79109   46 1442  587.00000  638.08154  8.70%  1848  558s
  3210  2249  630.78260   57 1434  587.00000  638.08154  8.70%  1846  571s
  3367  2294  629.12412   69 1418  587.00000  638.08154  8.70%  1815  584s
  3412  2351  626.65841   83 1399  587.00000  638.08154  8.70%  1837  597s
  3469  2427  622.86226  102 1381  587.00000  638.08154  8.70%  1858  610s
  3545  2557  618.54105  129 1340  587.00000  638.08154  8.70%  1876  624s
  3675  2723  607.10062  180 1273  587.00000  637.72793  8.64%  1879  639s
  3874  2792  627.64828   21 1409  587.00000  637.72793  8.64%  1844  653s
  3943  2832  631.10281   35 1420  587.00000  637.72793  8.64%  1863  668s
  3983  2925  629.65333   44 1410  587.00000  637.72793  8.64%  1873  685s
  4076  3159  627.51432   57 1393  587.00000  637.72793  8.64%  1882  701s
  4346  3379  623.03865   81 1368  587.00000  637.72793  8.64%  1835  718s
  4566  3888  612.47038  120 1292  587.00000  637.38077  8.58%  1812  734s
  5111  4080  630.06249   39 1422  587.00000  637.38077  8.58%  1695  752s
  5325  4654  629.93813   40 1419  587.00000  637.38077  8.58%  1647  770s
  5899  4999  597.96591  191 1233  587.00000  637.31696  8.57%  1550  785s
  6323  5380  628.05610   74 1402  587.00000  637.31676  8.57%  1480  800s
  6704  6015  601.36283  194 1225  587.00000  637.21428  8.55%  1444  825s
  7382  6513  630.06690   60 1422  587.00000  637.20486  8.55%  1351  843s
  7880  6730  603.09378  187 1259  587.00000  637.20486  8.55%  1315  860s
  8166  6893  592.80640  219 1217  587.00000  637.05395  8.53%  1286  868s
  8378  7036  619.08279   38 1375  587.00000  637.05324  8.53%  1268  875s
  8529  7332  632.25206   43 1442  587.00000  637.05324  8.53%  1263  882s
  8825  7560  618.24858  121 1361  587.00000  636.95247  8.51%  1242  890s
  9082  7586  634.87729   23 1457  587.00000  636.94104  8.51%  1222  899s
  9108  7616  633.58997   29 1451  587.00000  636.94104  8.51%  1230  908s
  9138  7646  632.68567   36 1441  587.00000  636.94104  8.51%  1238  918s
  9168  7682  631.61655   43 1434  587.00000  636.94104  8.51%  1247  927s
  9204  7721  626.47631   51 1407  587.00000  636.94104  8.51%  1256  937s
  9243  7767  623.58157   60 1386  587.00000  636.94104  8.51%  1265  947s
  9289  7823  627.28449   70 1401  587.00000  636.94104  8.51%  1273  957s
  9345  7896  625.57786   82 1383  587.00000  636.94104  8.51%  1283  966s
  9418  8012  621.76845   98 1373  587.00000  636.94104  8.51%  1293  976s
  9534  8195  617.35706  119 1343  587.00000  636.94104  8.51%  1299  987s
  9760  8433  608.38890  150 1283  587.00000  636.87814  8.50%  1295  998s
 10038  8605  635.33545   29 1459  587.00000  636.87814  8.50%  1280 1008s
 10231  8819  623.23984  100 1383  587.00000  636.87814  8.50%  1271 1018s
 10453  9288  603.64158  189 1267  587.00000  636.80297  8.48%  1260 1028s
 10959  9395  632.13635   18 1440  587.00000  636.80290  8.48%  1221 1036s
 11066  9558  610.33957   68 1316  587.00000  636.74571  8.47%  1219 1045s
 11263  9702  613.98299   52 1326  587.00000  636.69918  8.47%  1211 1052s
 11432  9888  621.51908   45 1392  587.00000  636.65440  8.46%  1205 1062s
 11640 10082  631.58335   22 1440  587.00000  636.60501  8.45%  1196 1072s
 11848 10222  590.76208  112 1229  587.00000  636.53998  8.44%  1188 1080s
 11998 10364  625.42243   81 1392  587.00000  636.53998  8.44%  1184 1088s
 12140 10750  613.42289  146 1310  587.00000  636.52904  8.44%  1179 1098s
 12570 10946  623.73820   63 1389  587.00000  636.51609  8.44%  1156 1106s
 12778 11097  625.67189   29 1408  587.00000  636.50611  8.43%  1149 1115s
 12962 11123  635.08328   27 1453  587.00000  636.49552  8.43%  1144 1125s
 12988 11157  633.81643   33 1441  587.00000  636.49552  8.43%  1150 1133s
 13022 11167  632.14201   41 1436  587.00000  636.49552  8.43%  1156 1143s
 13032 11200  624.95253   43 1393  587.00000  636.49552  8.43%  1158 1153s
 13065 11243  626.94982   51 1402  587.00000  636.49552  8.43%  1165 1162s
 13108 11288  629.21421   62 1414  587.00000  636.49552  8.43%  1171 1171s
 13153 11343  627.73763   73 1398  587.00000  636.49552  8.43%  1178 1180s
 13208 11370  625.35083   86 1381  587.00000  636.49552  8.43%  1185 1190s
 13235 11445  621.33972   92 1356  587.00000  636.49552  8.43%  1188 1199s
 13310 11565  619.69826  110 1353  587.00000  636.49552  8.43%  1194 1208s
 13430 11755  614.54532  135 1332  587.00000  636.49552  8.43%  1199 1217s
 13670 11981  602.84496  181 1240  587.00000  636.39447  8.41%  1196 1224s
 13920 12183  617.40462   52 1348  587.00000  636.39403  8.41%  1187 1232s
 14156 12457  626.60036   67 1400  587.00000  636.31458  8.40%  1178 1238s
 14455 12636  630.56422   24 1433  587.00000  636.31458  8.40%  1165 1244s
 14657 12637  590.46934  231 1489  587.00000  636.31458  8.40%  1160 1713s
 14660 12639  615.77772  105 1488  587.00000  636.31458  8.40%  1159 1722s
 14662 12640  590.74680  228 1484  587.00000  633.57297  7.93%  1159 1725s
 14666 12643  598.38595  153 1486  587.00000  633.29146  7.89%  1159 1738s
 14667 12644  591.16486  205 1486  587.00000  633.12789  7.86%  1159 1750s
 14670 12646  607.85112  120 1487  587.00000  633.06699  7.85%  1159 1762s
 14671 12646  609.18106  145 1490  587.00000  632.84207  7.81%  1158 1772s
 14674 12648  590.93333  234 1491  587.00000  632.76143  7.80%  1158 1783s
 14675 12649  604.95185  173 1491  587.00000  632.58640  7.77%  1158 1795s
 14678 12651  598.56439  151 1490  587.00000  632.49405  7.75%  1158 1808s
 14679 12652  605.24803  146 1486  587.00000  632.23299  7.71%  1158 1817s
 14682 12654  609.56825  113 1490  587.00000  632.14738  7.69%  1158 1829s
 14683 12654  626.37149   64 1491  587.00000  631.82748  7.64%  1158 1838s
 14686 12656  593.90617  203 1490  587.00000  631.70807  7.62%  1157 1850s
 14687 12657  625.06523   40 1492  587.00000  631.62250  7.60%  1157 1861s
 14689 12658  588.19534  224 1490  587.00000  631.59690  7.60%  1157 1873s
 14690 12659  601.63187  168 1490  587.00000  631.33639  7.55%  1157 1884s
 14692 12660  593.56600  209 1492  587.00000  631.27979  7.54%  1157 1895s
 14693 12661  626.99848   59 1491  587.00000  631.05898  7.51%  1157 1907s
 14695 12662  603.55049  171 1494  587.00000  631.02564  7.50%  1157 1918s
 14696 12663  630.92631   54 1493  587.00000  630.92631  7.48%  1156 1931s
 14698 12664  595.76280  195 1493  587.00000  630.90153  7.48%  1156 1943s
 14699 12665  630.79935   26 1490  587.00000  630.79935  7.46%  1156 1955s
 14701 12666  604.76889  168 1492  587.00000  630.78662  7.46%  1156 1968s
 14702 12667  600.12717   96 1489  587.00000  630.75033  7.45%  1156 1980s
 14703 12668  595.93204  209 1493  587.00000  630.74136  7.45%  1156 1992s
 14704 12668  601.33712  193 1490  587.00000  630.66526  7.44%  1156 2003s
 14707 12670  628.12669   37 1493  587.00000  630.61470  7.43%  1156 2017s
 14708 12671  592.20947  214 1493  587.00000  630.49876  7.41%  1156 2029s
 14710 12672  605.33453  118 1493  587.00000  630.45863  7.40%  1155 2044s
 14711 12673  594.95238  204 1492  587.00000  630.41892  7.40%  1155 2056s
 14712 12674  590.09495  231 1493  587.00000  630.40897  7.40%  1155 2068s
 14713 12674  618.04996   36 1492  587.00000  630.38412  7.39%  1155 2081s
 14714 12675  605.39236  101 1492  587.00000  630.37569  7.39%  1155 2095s
 14715 12676  601.74312  177 1494  587.00000  630.34573  7.38%  1155 2107s
 14717 12677  612.22029  154 1493  587.00000  630.32938  7.38%  1155 2120s
 14718 12678  629.18988   32 1492  587.00000  630.32094  7.38%  1155 2135s
 14720 12679  596.21744  211 1492  587.00000  630.29866  7.38%  1155 2147s
 14721 12680  594.64649  221 1493  587.00000  630.29696  7.38%  1155 2160s
 14722 12680  600.27159  205 1492  587.00000  630.29670  7.38%  1154 2173s
 14723 12681  617.19698  131 1492  587.00000  630.28764  7.37%  1154 2187s
 14724 12682  597.20903  211 1492  587.00000  630.28490  7.37%  1154 2202s
 14725 12682  596.47305  197 1493  587.00000  630.28336  7.37%  1154 2217s
 14726 12683  594.68923  192 1492  587.00000  630.28298  7.37%  1154 2232s
 14727 12684  618.29204  103 1493  587.00000  630.27262  7.37%  1154 2246s
 14728 12684  606.75415  175 1494  587.00000  630.26961  7.37%  1154 2260s
 14729 12685  591.08006  220 1492  587.00000  630.22088  7.36%  1154 2273s
 14731 12686  610.30484  170 1494  587.00000  630.20507  7.36%  1154 2285s
 14732 12687  606.38741  181 1492  587.00000  630.20364  7.36%  1154 2298s
 14733 12688  614.52869   77 1493  587.00000  630.20322  7.36%  1154 2313s
 14734 12688  602.92516  184 1492  587.00000  630.20321  7.36%  1153 2329s
 14735 12689  608.38890  151 1493  587.00000  630.20321  7.36%  1153 2344s
 14736 12690  594.60484  208 1492  587.00000  630.20321  7.36%  1153 2360s
 14737 12690  604.31508  184 1494  587.00000  630.19407  7.36%  1153 2376s
 14738 12691  610.33276   68 1493  587.00000  630.19407  7.36%  1153 2392s
 14739 12692  621.57180  110 1493  587.00000  630.19407  7.36%  1153 2407s
 14744 12698  628.97023   26 1479  587.00000  629.88403  7.31%  1160 2410s
 14754 12705  629.12459   29 1486  587.00000  629.28510  7.20%  1161 2415s
 14766 12715  628.59190   32 1483  587.00000  629.05779  7.16%  1162 2420s
 14782 12725  627.79519   36 1481  587.00000  629.05779  7.16%  1164 2425s
 14794 12733  626.90172   39 1478  587.00000  629.05779  7.16%  1165 2430s
 14810 12744  625.78164   43 1469  587.00000  629.05779  7.16%  1167 2435s
 14825 12752  624.20274   46 1458  587.00000  629.05779  7.16%  1168 2454s
 14827 12757  624.59176   47 1464  587.00000  629.05779  7.16%  1168 2456s
 14838 12765  623.60059   49 1454  587.00000  629.05779  7.16%  1169 2460s
 14856 12777  621.57736   53 1443  587.00000  629.05779  7.16%  1171 2465s
 14879 12793  620.47003   59 1451  587.00000  629.05779  7.16%  1173 2472s
 14895 12806  619.39782   63 1442  587.00000  629.05779  7.16%  1175 2476s
 14913 12817  618.51091   67 1442  587.00000  629.05779  7.16%  1177 2482s
 14921 12823  618.02256   69 1439  587.00000  629.05779  7.16%  1178 2485s
 14940 12839  614.73495   73 1414  587.00000  629.05779  7.16%  1180 2491s
 14961 12851  615.65389   78 1430  587.00000  629.05779  7.16%  1182 2497s
 14971 12860  615.00583   80 1426  587.00000  629.05779  7.16%  1183 2501s
 14997 12877  613.57805   86 1419  587.00000  629.05779  7.16%  1186 2508s
 15009 12886  612.79811   89 1417  587.00000  629.05779  7.16%  1187 2512s
 15022 12896  612.07152   92 1415  587.00000  629.05779  7.16%  1189 2517s
 15037 12904  611.36274   96 1410  587.00000  629.05779  7.16%  1191 2522s
 15050 12914  610.69578   99 1405  587.00000  629.05779  7.16%  1193 2526s
 15064 12927  610.08851  102 1402  587.00000  629.05779  7.16%  1195 2532s
 15082 12939  609.41227  106 1399  587.00000  629.05779  7.16%  1197 2537s
 15100 12951  608.68844  110 1394  587.00000  629.05779  7.16%  1200 2546s
 15118 12966  607.96894  114 1390  587.00000  629.05779  7.16%  1202 2552s
 15139 12982  602.76498  118 1359  587.00000  629.05779  7.16%  1205 2558s
 15162 13001  606.60170  123 1379  587.00000  629.05779  7.16%  1208 2563s
 15188 13022  606.12160  128 1377  587.00000  629.05779  7.16%  1211 2569s
 15218 13045  605.45185  134 1368  587.00000  629.05779  7.16%  1214 2576s
 15252 13071  604.03165  141 1359  587.00000  629.05779  7.16%  1217 2583s
 15291 13101  602.87063  149 1346  587.00000  629.05779  7.16%  1219 2590s
 15340 13115  602.02341  157 1339  587.00000  629.05779  7.16%  1221 2600s
 15377 13147  600.75958  163 1334  587.00000  629.05779  7.16%  1222 2608s
 15450 13156  599.53886  174 1318  587.00000  629.05779  7.16%  1222 2614s
 15483 13191  598.33620  187 1293  587.00000  629.05779  7.16%  1224 2622s
 15529 13215  589.91281  206 1255  587.00000  628.96946  7.15%  1226 2630s
 15607 13203  628.34510   30 1477  587.00000  628.96946  7.15%  1225 2638s
 15621 13214  628.00890   33 1471  587.00000  628.96946  7.15%  1228 2646s
 15636 13226  623.94872   36 1449  587.00000  628.96946  7.15%  1232 2655s
 15653 13238  627.00573   40 1465  587.00000  628.96946  7.15%  1235 2664s
 15671 13234  626.55058   44 1460  587.00000  628.96946  7.15%  1239 2692s
 15673 13252  621.05816   44 1429  587.00000  628.96946  7.15%  1239 2702s
 15692 13264  622.76349   48 1425  587.00000  628.96946  7.15%  1243 2710s
 15710 13283  625.31748   52 1454  587.00000  628.96946  7.15%  1246 2719s
 15735 13304  624.77060   57 1449  587.00000  628.96946  7.15%  1250 2730s
 15764 13327  623.78439   63 1442  587.00000  628.96946  7.15%  1254 2743s
 15797 13352  622.11618   70 1435  587.00000  628.96946  7.15%  1259 2757s
 15833 13382  620.90843   78 1428  587.00000  628.96946  7.15%  1263 2771s
 15875 13420  616.77224   86 1400  587.00000  628.96946  7.15%  1268 2785s
 15927 13469  618.58789   96 1404  587.00000  628.96946  7.15%  1272 2800s
 15993 13544  616.96881  107 1390  587.00000  628.96946  7.15%  1276 2814s
 16092 13577  614.56390  118 1374  587.00000  628.96946  7.15%  1277 2829s
 16181 13592  612.73210  128 1363  587.00000  628.96946  7.15%  1276 2843s
 16226 13613  605.53132  144 1317  587.00000  628.96946  7.15%  1281 2857s
 16262 13670  607.54959  155 1313  587.00000  628.96946  7.15%  1284 2871s
 16331 13727  600.63143  186 1269  587.00000  628.56761  7.08%  1285 2887s
 16433 13708  622.55571   30 1443  587.00000  628.56761  7.08%  1287 2904s
 16448 13741  627.19527   35 1463  587.00000  628.56761  7.08%  1289 2921s
 16486 13769  626.14463   43 1457  587.00000  628.56761  7.08%  1295 2940s
 16527 13807  619.36834   51 1421  587.00000  628.56761  7.08%  1302 2956s
 16578 13858  623.97071   61 1438  587.00000  628.56761  7.08%  1309 2974s
 16646 13929  621.99770   73 1425  587.00000  628.56761  7.08%  1316 2993s
 16740 14052  620.01201   87 1412  587.00000  628.56761  7.08%  1322 3014s
 16914 14057  611.69547  105 1358  587.00000  628.56761  7.08%  1323 3034s
 16977 14130  612.11078  128 1360  587.00000  628.56761  7.08%  1330 3056s
 17071 14244  605.13358  163 1297  587.00000  628.54108  7.08%  1335 3078s
 17226 14195  619.56564   32 1429  587.00000  628.54108  7.08%  1338 3103s
 17228 14248  627.39133   33 1466  587.00000  628.54108  7.08%  1338 3126s
 17282 14273  625.82821   43 1459  587.00000  628.54108  7.08%  1346 3149s
 17325 14347  624.94724   50 1452  587.00000  628.54108  7.08%  1351 3172s
 17413 14478  622.47690   64 1436  587.00000  628.54108  7.08%  1359 3198s
 17574 14582  620.00133   81 1415  587.00000  628.54108  7.08%  1364 3225s
 17765 14824  617.20173  102 1390  587.00000  628.54108  7.08%  1363 3252s
 18073 14993  610.41939  136 1348  587.00000  628.40135  7.05%  1359 3278s
 18397 15279  626.71819   29 1461  587.00000  628.40114  7.05%  1352 3307s
 18809 15437  604.44242  152 1298  587.00000  628.19452  7.02%  1338 3334s
 19114 15782  615.99922   78 1392  587.00000  628.09302  7.00%  1331 3361s
 19634 15940  627.26157   33 1472  587.00000  628.04978  6.99%  1317 3388s
 19985 16279  607.73811  146 1325  587.00000  627.97804  6.98%  1309 3416s
 20501 16482  624.11724   40 1452  587.00000  627.86599  6.96%  1295 3444s
 20936 16640  620.34749   45 1420  587.00000  627.77838  6.95%  1282 3473s
 21273 16687  616.64339   52 1415  587.00000  627.77786  6.95%  1273 3498s
 21480 16752  619.87074   36 1441  587.00000  627.64368  6.92%  1273 3522s
 21682 17079  620.73172   32 1435  587.00000  627.56036  6.91%  1275 3542s
 22109 17436  606.87544   85 1342  587.00000  627.48921  6.90%  1264 3567s
 22666 17380  621.98004   41 1444  587.00000  627.40349  6.88%  1250 3577s
 22808 17401  606.41835  119 1336  587.00000  627.39160  6.88%  1248 3588s
 22888 17409  621.55558   34 1438  587.00000  627.39160  6.88%  1249 3600s

Cutting planes:
  Gomory: 7
  MIR: 1
  Flow cover: 87
  Zero half: 972
  Mod-K: 2
  RLT: 375
  BQP: 80

Explored 22977 nodes (28851656 simplex iterations) in 3600.00 seconds (9805.98 work units)
Thread count was 2 (of 24 available processors)

Solution count 10: 587 586 585 ... 576

Time limit reached
Best objective 5.870000000000e+02, best bound 6.270000000000e+02, gap 6.8143%

User-callback calls 281454, time in user-callback 0.89 sec

Gurobi 11.0.3 (linux64) logging started Sat Mar  7 15:20:15 2026

Set parameter LogFile to value "./log/train/IS_1500_6/IS_57.lp.log"
Set parameter TimeLimit to value 3600
Gurobi Optimizer version 11.0.3 build v11.0.3rc0 (linux64 - "Ubuntu 22.04.5 LTS")

CPU model: AMD Ryzen 9 9900X 12-Core Processor, instruction set [SSE2|AVX|AVX2|AVX512]
Thread count: 12 physical cores, 24 logical processors, using up to 1 threads

Optimize a model with 9205 rows, 1500 columns and 18122 nonzeros
Model fingerprint: 0x4cc6b831
Variable types: 0 continuous, 1500 integer (1500 binary)
Coefficient statistics:
  Matrix range     [1e+00, 1e+00]
  Objective range  [1e+00, 1e+00]
  Bounds range     [1e+00, 1e+00]
  RHS range        [1e+00, 1e+00]
Found heuristic solution: objective 341.0000000
Presolve removed 1785 rows and 0 columns
Presolve time: 0.04s
Presolved: 7420 rows, 1500 columns, 16337 nonzeros
Variable types: 0 continuous, 1500 integer (1500 binary)

Root relaxation: objective 6.885000e+02, 3868 iterations, 0.21 seconds (0.26 work units)

    Nodes    |    Current Node    |     Objective Bounds      |     Work
 Expl Unexpl |  Obj  Depth IntInf | Incumbent    BestBd   Gap | It/Node Time

     0     0  688.50000    0 1349  341.00000  688.50000   102%     -    0s
H    0     0                     524.0000000  688.50000  31.4%     -    0s
     0     0  672.98529    0 1442  524.00000  672.98529  28.4%     -    1s
     0     0  672.98529    0 1442  524.00000  672.98529  28.4%     -    1s
     0     0  664.52895    0 1480  524.00000  664.52895  26.8%     -    2s
H    0     0                     567.0000000  664.52895  17.2%     -    2s
     0     0  663.84590    0 1473  567.00000  663.84590  17.1%     -    2s
     0     0  663.70300    0 1475  567.00000  663.70300  17.1%     -    3s
     0     0  663.69361    0 1478  567.00000  663.69361  17.1%     -    3s
     0     0  663.69134    0 1480  567.00000  663.69134  17.1%     -    3s
     0     0  658.79655    0 1479  567.00000  658.79655  16.2%     -    4s
     0     0  658.53452    0 1483  567.00000  658.53452  16.1%     -    4s
     0     0  658.44439    0 1482  567.00000  658.44439  16.1%     -    4s
     0     0  658.43167    0 1486  567.00000  658.43167  16.1%     -    4s
     0     0  658.43028    0 1486  567.00000  658.43028  16.1%     -    4s
     0     0  655.57997    0 1483  567.00000  655.57997  15.6%     -    5s
     0     0  655.12946    0 1482  567.00000  655.12946  15.5%     -    5s
     0     0  655.07185    0 1483  567.00000  655.07185  15.5%     -    5s
     0     0  655.06375    0 1483  567.00000  655.06375  15.5%     -    5s
     0     0  652.59088    0 1483  567.00000  652.59088  15.1%     -    6s
     0     0  652.25761    0 1485  567.00000  652.25761  15.0%     -    7s
     0     0  652.23410    0 1484  567.00000  652.23410  15.0%     -    7s
     0     0  652.22549    0 1484  567.00000  652.22549  15.0%     -    7s
     0     0  650.36253    0 1483  567.00000  650.36253  14.7%     -    7s
H    0     0                     569.0000000  650.36253  14.3%     -    7s
     0     0  650.19750    0 1490  569.00000  650.19750  14.3%     -    8s
     0     0  650.18375    0 1490  569.00000  650.18375  14.3%     -    8s
     0     0  650.18223    0 1490  569.00000  650.18223  14.3%     -    8s
     0     0  648.53835    0 1483  569.00000  648.53835  14.0%     -    8s
     0     0  648.34616    0 1484  569.00000  648.34616  13.9%     -    8s
     0     0  648.32741    0 1486  569.00000  648.32741  13.9%     -    9s
     0     0  648.32609    0 1486  569.00000  648.32609  13.9%     -    9s
     0     0  646.54074    0 1482  569.00000  646.54074  13.6%     -    9s
     0     0  646.43123    0 1484  569.00000  646.43123  13.6%     -    9s
     0     0  646.42164    0 1484  569.00000  646.42164  13.6%     -    9s
     0     0  645.58174    0 1486  569.00000  645.58174  13.5%     -   10s
     0     0  645.47758    0 1490  569.00000  645.47758  13.4%     -   10s
     0     0  645.45261    0 1490  569.00000  645.45261  13.4%     -   10s
     0     0  645.44375    0 1490  569.00000  645.44375  13.4%     -   10s
     0     0  644.58456    0 1485  569.00000  644.58456  13.3%     -   11s
     0     0  644.43222    0 1488  569.00000  644.43222  13.3%     -   11s
     0     0  644.39721    0 1490  569.00000  644.39721  13.3%     -   11s
     0     0  644.38918    0 1488  569.00000  644.38918  13.2%     -   11s
     0     0  643.67647    0 1485  569.00000  643.67647  13.1%     -   12s
     0     0  643.57730    0 1489  569.00000  643.57730  13.1%     -   12s
     0     0  643.56012    0 1491  569.00000  643.56012  13.1%     -   12s
     0     0  643.55553    0 1490  569.00000  643.55553  13.1%     -   12s
     0     0  642.93254    0 1486  569.00000  642.93254  13.0%     -   13s
     0     0  642.81198    0 1488  569.00000  642.81198  13.0%     -   13s
     0     0  642.80309    0 1488  569.00000  642.80309  13.0%     -   13s
     0     0  642.49523    0 1487  569.00000  642.49523  12.9%     -   13s
     0     0  642.42590    0 1488  569.00000  642.42590  12.9%     -   14s
     0     0  642.41519    0 1489  569.00000  642.41519  12.9%     -   14s
     0     0  642.01102    0 1488  569.00000  642.01102  12.8%     -   14s
     0     0  641.96078    0 1485  569.00000  641.96078  12.8%     -   14s
     0     0  641.95433    0 1489  569.00000  641.95433  12.8%     -   14s
     0     0  641.46442    0 1489  569.00000  641.46442  12.7%     -   15s
     0     0  641.39632    0 1485  569.00000  641.39632  12.7%     -   15s
     0     0  641.38099    0 1488  569.00000  641.38099  12.7%     -   15s
     0     0  641.04759    0 1487  569.00000  641.04759  12.7%     -   16s
     0     0  640.98834    0 1489  569.00000  640.98834  12.7%     -   16s
     0     0  640.97861    0 1489  569.00000  640.97861  12.7%     -   16s
     0     0  640.65101    0 1488  569.00000  640.65101  12.6%     -   17s
     0     0  640.57887    0 1492  569.00000  640.57887  12.6%     -   17s
     0     0  640.56429    0 1489  569.00000  640.56429  12.6%     -   17s
     0     0  640.39955    0 1488  569.00000  640.39955  12.5%     -   17s
H    0     0                     572.0000000  640.39955  12.0%     -   17s
     0     0  640.36990    0 1489  572.00000  640.36990  12.0%     -   17s
     0     0  640.36553    0 1490  572.00000  640.36553  12.0%     -   17s
     0     0  640.23933    0 1489  572.00000  640.23933  11.9%     -   18s
     0     0  640.23933    0 1489  572.00000  640.23933  11.9%     -   18s
H    0     0                     574.0000000  640.23933  11.5%     -   19s
     0     2  640.23897    0 1488  574.00000  640.23897  11.5%     -   19s
     3     5  639.88870    3 1484  574.00000  640.23814  11.5%  1134   20s
     9    11  633.15196    6 1444  574.00000  640.23814  11.5%  3413   25s
    35    37  597.47197   26 1266  574.00000  640.23814  11.5%  1706   30s
    66    56  626.23184    2 1402  574.00000  640.18256  11.5%  1443   35s
H   81    68                     575.0000000  640.18256  11.3%  1508   38s
H  107    79                     576.0000000  640.18256  11.1%  1287   41s
   122    96  607.80541   12 1318  576.00000  639.71259  11.1%  1480   45s
H  133   104                     577.0000000  639.71259  10.9%  1467   46s
H  163   103                     580.0000000  639.71259  10.3%  1248   47s
   169   107  627.91203    8 1420  580.00000  639.41413  10.2%  1327   50s
   182   120  606.21223   17 1315  580.00000  639.41413  10.2%  1426   55s
   202   140  590.42779   30 1244  580.00000  639.41413  10.2%  1451   61s
H  217   143                     581.0000000  639.41413  10.1%  1403   61s
   238   152  623.06946   11 1392  581.00000  639.41316  10.1%  1390   65s
H  244   150                     582.0000000  639.41316  9.86%  1392   67s
   262   166  585.96355   27 1203  582.00000  639.41316  9.86%  1391   70s
   294   176  628.91128   11 1415  582.00000  639.00950  9.80%  1352   76s
H  299   171                     583.0000000  639.00950  9.61%  1361   77s
   303   177  620.36329   18 1369  583.00000  639.00950  9.61%  1371   85s
   338   200  638.88973    9 1479  583.00000  639.00534  9.61%  1348   90s
   347   209  627.01665   16 1402  583.00000  639.00534  9.61%  1386   95s
   366   228  599.15573   28 1264  583.00000  639.00534  9.61%  1422  100s
H  381   211                     585.0000000  639.00534  9.23%  1391  101s
   390   214  611.29701   13 1342  585.00000  638.78912  9.19%  1413  105s
   410   234  600.33338   26 1280  585.00000  638.78912  9.19%  1444  110s
   434   250  617.80377   19 1366  585.00000  638.74152  9.19%  1456  115s
   451   267  604.87590   30 1315  585.00000  638.74152  9.19%  1500  120s
   479   293     cutoff   48       585.00000  638.74152  9.19%  1508  125s
   511   297  620.75422   15 1372  585.00000  638.67633  9.18%  1484  130s
   534   320  596.45877   29 1264  585.00000  638.67633  9.18%  1504  135s
   578   332  624.63667   14 1393  585.00000  638.61983  9.17%  1458  140s
   615   351  628.83778   14 1426  585.00000  638.53666  9.15%  1457  147s
   621   357  620.00642   16 1380  585.00000  638.53666  9.15%  1479  150s
   634   370  612.89755   25 1341  585.00000  638.53666  9.15%  1510  155s
   643   378  628.36629   15 1489  585.00000  638.53666  9.15%  1493  169s
   646   380  611.37383   27 1483  585.00000  638.53666  9.15%  1486  179s
   647   381  598.04402   17 1490  585.00000  638.53666  9.15%  1484  180s
   651   383  614.02227   26 1488  585.00000  638.53666  9.15%  1475  189s
   652   384  610.46463   35 1487  585.00000  638.53666  9.15%  1473  197s
   654   385  596.00676   29 1487  585.00000  638.53666  9.15%  1468  207s
   655   386  637.11210    5 1485  585.00000  638.53666  9.15%  1466  216s
   656   387  589.95556   30 1485  585.00000  638.53666  9.15%  1464  225s
   657   387  628.57569   14 1487  585.00000  638.53666  9.15%  1462  232s
   658   388  596.96713   30 1488  585.00000  638.53666  9.15%  1459  241s
   659   389  627.36548    8 1487  585.00000  638.53666  9.15%  1457  249s
   660   389  617.00465   18 1488  585.00000  638.53666  9.15%  1455  256s
   661   390  596.97075   30 1486  585.00000  638.53666  9.15%  1453  264s
   662   391  596.95159   29 1486  585.00000  638.53666  9.15%  1451  272s
   663   391  587.02428   25 1486  585.00000  638.53666  9.15%  1448  285s
   672   399  638.53666   17 1478  585.00000  638.53666  9.15%  1526  290s
   685   408  636.53340   23 1459  585.00000  638.53666  9.15%  1539  295s
   699   417  634.23350   30 1449  585.00000  638.53666  9.15%  1559  300s
   711   425  633.43046   36 1449  585.00000  638.53666  9.15%  1569  305s
   725   435  630.44000   43 1437  585.00000  638.53666  9.15%  1576  310s
   739   444  627.30614   50 1420  585.00000  638.53666  9.15%  1588  315s
   755   455  611.03320   58 1354  585.00000  638.53666  9.15%  1601  320s
   767   463  623.37373   64 1404  585.00000  638.53666  9.15%  1609  325s
   777   469  609.47350   69 1353  585.00000  638.53666  9.15%  1624  330s
   791   479  619.46694   76 1382  585.00000  638.53666  9.15%  1640  335s
   801   485  618.32093   81 1373  585.00000  638.53666  9.15%  1659  340s
   814   494  617.65094   88 1371  585.00000  638.53666  9.15%  1670  345s
   830   505  617.53487   96 1379  585.00000  638.53666  9.15%  1676  350s
   851   519  614.34696  106 1364  585.00000  638.53666  9.15%  1679  355s
   869   531  599.96889  115 1302  585.00000  638.53666  9.15%  1695  360s
   891   545  603.86486  126 1304  585.00000  638.53666  9.15%  1695  365s
   916   562  607.19676  139 1318  585.00000  638.53666  9.15%  1694  370s
   940   578  599.93396  151 1278  585.00000  638.53666  9.15%  1702  375s
   966   595  601.75753  164 1282  585.00000  638.53666  9.15%  1701  380s
   995   615  591.26344  178 1232  585.00000  638.53666  9.15%  1705  385s
  1035   641  587.28078  198 1173  585.00000  638.53666  9.15%  1696  390s
  1125   666  638.51819   14 1472  585.00000  638.53666  9.15%  1609  395s
  1131   670  632.43916   17 1441  585.00000  638.53666  9.15%  1624  400s
  1137   674  634.27329   20 1447  585.00000  638.53666  9.15%  1637  405s
  1143   678  631.08856   23 1433  585.00000  638.53666  9.15%  1649  410s
  1150   683  635.89264   27 1456  585.00000  638.53666  9.15%  1660  415s
  1157   688  630.25614   30 1428  585.00000  638.53666  9.15%  1674  420s
  1163   692  630.59742   33 1427  585.00000  638.53666  9.15%  1687  425s
  1171   697  626.96496   37 1408  585.00000  638.53666  9.15%  1704  430s
  1177   701  628.49514   40 1414  585.00000  638.53666  9.15%  1717  435s
  1185   706  628.94930   44 1405  585.00000  638.53666  9.15%  1732  440s
  1191   710  620.98483   47 1390  585.00000  638.53666  9.15%  1744  445s
  1199   716  627.06902   51 1396  585.00000  638.53666  9.15%  1756  450s
  1207   721  627.18000   55 1409  585.00000  638.53666  9.15%  1770  455s
  1219   729  627.31802   61 1394  585.00000  638.53666  9.15%  1783  460s
  1227   734  627.30228   65 1401  585.00000  638.53666  9.15%  1795  465s
  1239   742  624.78477   71 1388  585.00000  638.53666  9.15%  1807  470s
  1251   750  623.78438   77 1375  585.00000  638.53666  9.15%  1819  475s
  1261   757  620.91108   82 1370  585.00000  638.53666  9.15%  1828  480s
  1274   766  626.45176   89 1389  585.00000  638.53666  9.15%  1837  485s
  1285   773  617.38127   94 1345  585.00000  638.53666  9.15%  1848  490s
  1300   783  624.32398  102 1371  585.00000  638.53666  9.15%  1855  495s
  1319   796  619.42790  111 1350  585.00000  638.53666  9.15%  1859  500s
  1337   808  613.19600  120 1322  585.00000  638.53666  9.15%  1866  505s
  1358   822  618.08926  131 1340  585.00000  638.53666  9.15%  1864  510s
  1385   840  611.16300  144 1296  585.00000  638.53666  9.15%  1861  515s
  1423   865  609.19008  163 1284  585.00000  638.53666  9.15%  1842  520s
  1493   912  599.86905  198 1218  585.00000  638.53666  9.15%  1793  525s
  1599   955  633.46340   15 1442  585.00000  638.53666  9.15%  1705  530s
  1605   959  634.74841   18 1450  585.00000  638.53666  9.15%  1714  536s
  1611   963  630.88704   21 1438  585.00000  638.53666  9.15%  1723  541s
  1617   967  625.43273   24 1417  585.00000  638.53666  9.15%  1733  546s
  1621   970  628.25071   26 1423  585.00000  638.53666  9.15%  1740  550s
  1627   974  630.95259   29 1426  585.00000  638.53666  9.15%  1750  555s
  1633   978  628.74521   32 1420  585.00000  638.53666  9.15%  1760  561s
  1639   982  632.20002   35 1436  585.00000  638.53666  9.15%  1767  565s
  1645   986  629.51760   38 1426  585.00000  638.53666  9.15%  1776  570s
  1653   991  628.50592   42 1416  585.00000  638.53666  9.15%  1784  575s
  1661   997  627.40188   46 1416  585.00000  638.53666  9.15%  1794  581s
  1667  1001  625.81989   49 1403  585.00000  638.53666  9.15%  1801  585s
  1675  1006  627.99963   53 1409  585.00000  638.53666  9.15%  1811  590s
  1682  1011  631.41020   57 1425  585.00000  638.53666  9.15%  1816  595s
  1691  1017  625.39248   61 1393  585.00000  638.53666  9.15%  1825  600s
  1699  1022  621.07728   65 1370  585.00000  638.53666  9.15%  1834  605s
  1708  1028  629.93245   70 1413  585.00000  638.53666  9.15%  1840  610s
  1717  1034  621.03626   74 1373  585.00000  638.53666  9.15%  1849  615s
  1728  1041  628.86220   80 1407  585.00000  638.53666  9.15%  1855  620s
  1738  1048  628.26603   85 1401  585.00000  638.53666  9.15%  1864  625s
  1749  1055  625.54427   90 1372  585.00000  638.53666  9.15%  1872  630s
  1763  1065  608.44685   97 1313  585.00000  638.53666  9.15%  1880  635s
  1777  1074  620.16898  104 1347  585.00000  638.53666  9.15%  1885  640s
  1794  1085  622.46303  113 1362  585.00000  638.53666  9.15%  1890  645s
  1812  1097  620.60925  122 1350  585.00000  638.53666  9.15%  1893  650s
  1839  1116  615.26809  135 1325  585.00000  638.53666  9.15%  1889  655s
  1869  1146  610.25429  150 1314  585.00000  638.53666  9.15%  1883  660s
  1908  1185  607.65483  170 1293  585.00000  638.53666  9.15%  1870  665s
  1973  1248  594.57807  202 1196  585.00000  638.53666  9.15%  1838  670s
H 2016  1271                     586.0000000  638.53666  8.97%  1808  672s
  2062  1305  634.23290   16 1447  586.00000  638.53666  8.97%  1778  675s
  2067  1310  638.04611   19 1474  586.00000  638.53666  8.97%  1784  680s
  2072  1315  629.08886   21 1427  586.00000  638.53666  8.97%  1792  685s
  2078  1321  632.38623   24 1443  586.00000  638.53666  8.97%  1801  691s
  2084  1327  630.89282   27 1427  586.00000  638.53666  8.97%  1809  696s
  2090  1333  628.76161   30 1423  586.00000  638.53666  8.97%  1816  701s
  2095  1338  635.80204   33 1452  586.00000  638.53666  8.97%  1821  705s
  2101  1344  635.09079   36 1449  586.00000  638.53666  8.97%  1827  710s
  2108  1351  627.82010   39 1405  586.00000  638.53666  8.97%  1836  716s
  2114  1357  627.36812   42 1408  586.00000  638.53666  8.97%  1842  721s
  2120  1363  630.93987   45 1418  586.00000  638.53666  8.97%  1848  725s
  2128  1371  629.30784   49 1414  586.00000  638.53666  8.97%  1854  730s
  2136  1379  622.22838   53 1381  586.00000  638.53666  8.97%  1861  735s
  2144  1387  628.17510   57 1413  586.00000  638.53666  8.97%  1867  740s
  2152  1395  627.96786   61 1405  586.00000  638.53666  8.97%  1874  745s
  2162  1405  628.26839   66 1408  586.00000  638.53666  8.97%  1881  750s
  2171  1414  629.94651   71 1417  586.00000  638.53666  8.97%  1886  755s
  2180  1423  627.00419   75 1396  586.00000  638.53666  8.97%  1892  760s
  2190  1433  624.48003   80 1390  586.00000  638.53666  8.97%  1899  765s
H 2198  1421                     587.0000000  638.53666  8.78%  1901  768s
  2202  1427  613.17910   86 1338  587.00000  638.53666  8.78%  1906  770s
  2212  1437  621.13841   91 1363  587.00000  638.53666  8.78%  1910  775s
  2225  1450  625.77605   98 1389  587.00000  638.53666  8.78%  1915  780s
  2236  1461  618.50542  103 1338  587.00000  638.53666  8.78%  1921  785s
  2254  1479  620.71881  112 1351  587.00000  638.53666  8.78%  1924  790s
  2270  1495  616.08970  120 1341  587.00000  638.53666  8.78%  1926  795s
  2284  1509  616.77545  127 1337  587.00000  638.53666  8.78%  1926  800s
  2301  1526  617.59211  136 1339  587.00000  638.53666  8.78%  1925  805s
  2313  1538  616.23498  142 1332  587.00000  638.53666  8.78%  1924  810s
  2338  1563  599.58223  154 1253  587.00000  638.53666  8.78%  1919  815s
  2340  1565  610.49723  155 1299  587.00000  638.53666  8.78%  1918  820s
  2366  1591  607.96736  168 1280  587.00000  638.53666  8.78%  1912  825s
  2367  1592  608.99548  169 1283  587.00000  638.53666  8.78%  1911  830s
  2394  1619  602.67510  182 1237  587.00000  638.53666  8.78%  1901  835s
  2406  1631  589.33936  188 1163  587.00000  638.53666  8.78%  1897  840s
  2432  1657  596.57953  201 1224  587.00000  638.53666  8.78%  1883  847s
  2448  1671  594.71706  209 1215  587.00000  638.53666  8.78%  1876  852s
  2458  1681  593.33117  214 1194  587.00000  638.53666  8.78%  1870  861s
  2497  1700  637.92069   15 1468  587.00000  638.53666  8.78%  1847  865s
  2502  1705  637.30194   18 1465  587.00000  638.53666  8.78%  1850  872s
  2505  1708  630.37518   19 1425  587.00000  638.53666  8.78%  1855  875s
  2511  1714  631.42862   22 1431  587.00000  638.53666  8.78%  1861  881s
  2516  1719  635.93878   25 1459  587.00000  638.53666  8.78%  1865  885s
  2523  1726  625.57075   28 1401  587.00000  638.53666  8.78%  1872  891s
  2529  1732  632.19987   31 1426  587.00000  638.53666  8.78%  1877  900s
  2537  1740  627.40421   35 1401  587.00000  638.53666  8.78%  1885  906s
  2543  1746  628.48248   38 1399  587.00000  638.53666  8.78%  1890  910s
  2551  1754  630.63850   42 1408  587.00000  638.53666  8.78%  1896  915s
  2556  1759  632.74830   45 1433  587.00000  638.53666  8.78%  1898  927s
  2559  1762  626.86411   46 1405  587.00000  638.53666  8.78%  1901  930s
  2569  1772  623.47681   51 1385  587.00000  638.53666  8.78%  1907  936s
  2575  1778  624.18038   54 1396  587.00000  638.53666  8.78%  1911  940s
  2583  1786  624.45585   58 1388  587.00000  638.53666  8.78%  1916  955s
  2593  1796  624.42344   63 1388  587.00000  638.53666  8.78%  1921  960s
  2603  1806  619.88522   68 1365  587.00000  638.53666  8.78%  1927  966s
  2610  1813  628.84841   72 1407  587.00000  638.53666  8.78%  1930  986s
  2619  1822  623.73922   76 1378  587.00000  638.53666  8.78%  1934  990s
  2629  1832  619.37756   81 1348  587.00000  638.53666  8.78%  1938  995s
  2641  1844  622.55640   87 1365  587.00000  638.53666  8.78%  1942 1000s
  2656  1859  624.60884   95 1376  587.00000  638.53666  8.78%  1944 1005s
  2672  1875  622.87888  103 1373  587.00000  638.53666  8.78%  1948 1010s
  2693  1896  603.78094  113 1287  587.00000  638.53666  8.78%  1950 1015s
  2713  1916  616.99835  123 1333  587.00000  638.53666  8.78%  1951 1020s
  2745  1948  607.87089  139 1280  587.00000  638.53666  8.78%  1948 1025s
  2787  1990  606.82829  160 1288  587.00000  638.53666  8.78%  1938 1030s
  2874  2077  594.47538  204 1161  587.00000  638.53666  8.78%  1905 1035s
  2938  2121  633.95991   18 1440  587.00000  638.53666  8.78%  1878 1041s
  2944  2127  627.55746   21 1416  587.00000  638.53666  8.78%  1884 1046s
  2948  2131  631.60780   23 1440  587.00000  638.53666  8.78%  1887 1050s
  2954  2137  620.09863   26 1388  587.00000  638.53666  8.78%  1893 1055s
  2960  2143  632.14360   29 1431  587.00000  638.53666  8.78%  1898 1060s
  2966  2149  631.79768   32 1433  587.00000  638.53666  8.78%  1902 1065s
  2972  2155  626.63328   35 1416  587.00000  638.53666  8.78%  1907 1070s
  2980  2163  632.22185   39 1427  587.00000  638.53666  8.78%  1912 1075s
  2988  2171  631.16310   43 1423  587.00000  638.53666  8.78%  1915 1080s
  2993  2176  633.44225   46 1438  587.00000  638.53666  8.78%  1917 1086s
  2997  2180  632.95393   48 1438  587.00000  638.53666  8.78%  1919 1090s
  3004  2187  629.16896   51 1413  587.00000  638.53666  8.78%  1924 1095s
  3006  2189  626.96397   52 1412  587.00000  638.53666  8.78%  1925 1104s
  3008  2191  625.59431   53 1400  587.00000  638.53666  8.78%  1927 1105s
  3018  2201  627.36163   58 1404  587.00000  638.53666  8.78%  1931 1110s
  3028  2211  626.69213   63 1389  587.00000  638.53666  8.78%  1936 1115s
  3038  2221  625.33569   68 1393  587.00000  638.53666  8.78%  1939 1120s
  3050  2233  621.87635   74 1384  587.00000  638.53666  8.78%  1945 1125s
  3060  2243  624.18454   79 1390  587.00000  638.53666  8.78%  1948 1130s
  3074  2257  622.94821   86 1366  587.00000  638.53666  8.78%  1952 1135s
  3091  2274  625.78329   95 1389  587.00000  638.53666  8.78%  1955 1140s
  3106  2289  622.62844  102 1352  587.00000  638.53666  8.78%  1959 1145s
  3124  2307  606.21465  111 1291  587.00000  638.53666  8.78%  1961 1150s
  3146  2329  614.30145  122 1338  587.00000  638.53666  8.78%  1961 1155s
  3172  2355  615.62821  135 1338  587.00000  638.53666  8.78%  1960 1164s
  3173  2356  616.13050  136 1332  587.00000  638.53666  8.78%  1959 1165s
  3205  2388  611.53660  152 1315  587.00000  638.53666  8.78%  1954 1170s
  3260  2443  599.92326  179 1231  587.00000  638.53666  8.78%  1939 1175s
  3355  2532  588.94152  227 1156  587.00000  638.53666  8.78%  1904 1180s
  3376  2537  636.53662   19 1463  587.00000  638.01616  8.69%  1900 1185s
  3383  2544  631.69859   22 1428  587.00000  638.01616  8.69%  1905 1190s
  3389  2550  630.84934   25 1427  587.00000  638.01616  8.69%  1909 1195s
  3396  2557  634.77074   29 1449  587.00000  638.01616  8.69%  1913 1200s
  3403  2564  629.22054   32 1417  587.00000  638.01616  8.69%  1918 1205s
  3411  2572  630.68768   36 1428  587.00000  638.01616  8.69%  1923 1210s
  3419  2580  626.46247   40 1408  587.00000  638.01616  8.69%  1927 1215s
  3425  2586  629.17919   43 1415  587.00000  638.01616  8.69%  1930 1220s
  3434  2595  631.90048   48 1431  587.00000  638.01616  8.69%  1933 1225s
  3443  2604  626.40662   52 1392  587.00000  638.01616  8.69%  1938 1230s
  3453  2614  616.06867   57 1350  587.00000  638.01616  8.69%  1942 1235s
  3465  2626  626.27466   63 1393  587.00000  638.01616  8.69%  1946 1240s
  3475  2636  625.55777   68 1387  587.00000  638.01616  8.69%  1949 1245s
  3487  2648  623.66517   74 1374  587.00000  638.01616  8.69%  1952 1250s
  3488  2649  627.83552   75 1400  587.00000  638.01616  8.69%  1952 1265s
  3501  2662  622.73057   81 1373  587.00000  638.01616  8.69%  1955 1270s
  3517  2678  621.54177   89 1349  587.00000  638.01616  8.69%  1960 1275s
  3535  2696  612.77832   98 1316  587.00000  638.01616  8.69%  1962 1280s
  3553  2714  619.86595  107 1354  587.00000  638.01616  8.69%  1964 1285s
  3577  2738  616.45289  119 1342  587.00000  638.01616  8.69%  1963 1290s
  3619  2780  612.37166  140 1313  587.00000  638.01616  8.69%  1961 1295s
  3686  2847  605.19582  174 1251  587.00000  638.01616  8.69%  1946 1300s
  3836  2948  632.76798   19 1440  587.00000  638.01514  8.69%  1889 1311s
  3841  2953  636.70243   22 1464  587.00000  638.01514  8.69%  1891 1315s
  3848  2960  630.86403   25 1430  587.00000  638.01514  8.69%  1896 1320s
  3858  2970  627.79135   30 1413  587.00000  638.01514  8.69%  1903 1325s
  3866  2978  628.82138   34 1414  587.00000  638.01514  8.69%  1908 1330s
  3875  2987  634.09768   39 1441  587.00000  638.01514  8.69%  1913 1335s
  3886  2998  629.95101   44 1421  587.00000  638.01514  8.69%  1918 1340s
  3898  3010  628.04792   50 1410  587.00000  638.01514  8.69%  1922 1345s
  3908  3020  624.12514   55 1398  587.00000  638.01514  8.69%  1926 1350s
  3916  3028  624.99635   59 1385  587.00000  638.01514  8.69%  1930 1355s
  3928  3040  623.65033   65 1392  587.00000  638.01514  8.69%  1934 1360s
  3938  3050  621.64228   70 1381  587.00000  638.01514  8.69%  1937 1365s
  3950  3062  624.04986   76 1384  587.00000  638.01514  8.69%  1940 1370s
  3962  3074  622.50461   82 1371  587.00000  638.01514  8.69%  1944 1375s
  3976  3088  619.18062   89 1355  587.00000  638.01514  8.69%  1947 1380s
  3988  3100  622.48909   95 1356  587.00000  638.01514  8.69%  1950 1385s
  4001  3113  623.29719  102 1375  587.00000  638.01514  8.69%  1951 1390s
  4008  3120  620.29855  105 1354  587.00000  638.01514  8.69%  1952 1395s
  4028  3140  614.31175  115 1328  587.00000  638.01514  8.69%  1954 1400s
  4052  3164  615.64116  127 1336  587.00000  638.01514  8.69%  1953 1405s
  4078  3190  612.80142  140 1305  587.00000  638.01514  8.69%  1953 1410s
  4114  3226  609.30784  158 1272  587.00000  638.01514  8.69%  1947 1415s
  4161  3273  602.38020  182 1248  587.00000  638.01514  8.69%  1938 1420s
  4233  3341  590.19932  218 1192  587.00000  638.01514  8.69%  1921 1425s
  4280  3370  634.04955   39 1453  587.00000  637.96638  8.68%  1907 1430s
  4317  3407  628.04162   76 1409  587.00000  637.96638  8.68%  1898 1435s
  4367  3457  618.99335  120 1342  587.00000  637.96638  8.68%  1886 1440s
  4395  3485  614.67361  136 1315  587.00000  637.96638  8.68%  1884 1445s
  4437  3527  608.22701  157 1279  587.00000  637.96638  8.68%  1879 1450s
  4498  3588  604.15368  170 1272  587.00000  637.96638  8.68%  1867 1455s
  4576  3666  598.47892  198 1251  587.00000  637.96638  8.68%  1848 1460s
  4700  3790  591.63475  215 1213  587.00000  637.96638  8.68%  1813 1465s
  4835  3894  636.35020   21 1463  587.00000  637.96392  8.68%  1773 1470s
  4860  3919  631.75102   46 1439  587.00000  637.96392  8.68%  1769 1475s
  4900  3959  623.67366   84 1380  587.00000  637.96392  8.68%  1762 1484s
  4909  3968  622.94778   94 1382  587.00000  637.96392  8.68%  1761 1485s
  4948  4007  617.00977  127 1341  587.00000  637.96392  8.68%  1754 1493s
  4956  4015  615.98515  131 1330  587.00000  637.96392  8.68%  1754 1495s
  4994  4053  609.76651  150 1292  587.00000  637.96392  8.68%  1749 1500s
  5041  4100  605.04527  166 1256  587.00000  637.96392  8.68%  1740 1505s
  5124  4183  597.67149  195 1214  587.00000  637.96392  8.68%  1725 1510s
  5223  4278  592.50000  210 1146  587.00000  637.96392  8.68%  1704 1515s
  5313  4346  634.89619   30 1458  587.00000  637.91953  8.67%  1684 1520s
  5349  4382  629.17453   66 1418  587.00000  637.91953  8.67%  1679 1525s
  5383  4416  623.44398   97 1389  587.00000  637.91953  8.67%  1675 1530s
  5413  4446  617.79524  121 1337  587.00000  637.91953  8.67%  1672 1536s
  5440  4473  614.41125  138 1334  587.00000  637.91953  8.67%  1670 1540s
  5503  4536  606.33269  169 1262  587.00000  637.91953  8.67%  1662 1545s
  5588  4621  597.97845  190 1222  587.00000  637.91953  8.67%  1647 1550s
  5727  4760  591.70157  215 1200  587.00000  637.91953  8.67%  1617 1555s
  5826  4823  635.54818   30 1467  587.00000  637.91937  8.67%  1596 1560s
  5855  4852  630.71476   59 1434  587.00000  637.91937  8.67%  1594 1571s
  5879  4876  626.78222   81 1412  587.00000  637.91937  8.67%  1592 1575s
  5917  4914  621.01152  115 1373  587.00000  637.91937  8.67%  1589 1580s
  5954  4951  614.22493  141 1333  587.00000  637.91937  8.67%  1586 1585s
  5989  4986  608.38611  158 1302  587.00000  637.91937  8.67%  1585 1590s
  6027  5024  605.32266  172 1279  587.00000  637.91937  8.67%  1581 1595s
  6082  5079  601.30273  187 1278  587.00000  637.91937  8.67%  1573 1601s
  6150  5147  596.52682  199 1231  587.00000  637.91937  8.67%  1562 1605s
  6288  5285  588.94565  224 1147  587.00000  637.91937  8.67%  1537 1610s
  6351  5325  633.71093   36 1450  587.00000  637.60456  8.62%  1527 1615s
  6381  5355  628.19544   66 1420  587.00000  637.60456  8.62%  1525 1620s
  6420  5394  621.53134  104 1379  587.00000  637.60456  8.62%  1521 1625s
  6461  5435  614.42418  135 1324  587.00000  637.60456  8.62%  1518 1630s
  6501  5475  608.70406  155 1315  587.00000  637.60456  8.62%  1516 1635s
  6554  5528  602.98419  174 1280  587.00000  637.60456  8.62%  1512 1640s
  6631  5605  596.32488  198 1234  587.00000  637.60456  8.62%  1503 1645s
  6768  5736  588.19328  224 1163  587.00000  637.60456  8.62%  1482 1650s
  6804  5744  629.93892   41 1431  587.00000  637.51286  8.61%  1478 1655s
  6846  5786  622.59985   83 1384  587.00000  637.51286  8.61%  1474 1664s
  6850  5790  621.82190   87 1376  587.00000  637.51286  8.61%  1473 1665s
  6880  5820  614.52429  107 1331  587.00000  637.51286  8.61%  1473 1670s
  6923  5863  609.57831  135 1306  587.00000  637.51286  8.61%  1471 1675s
  6980  5920  601.85334  165 1240  587.00000  637.51286  8.61%  1466 1680s
  7066  6006  592.15955  193 1183  587.00000  637.51286  8.61%  1456 1685s
  7113  6053  590.36364  199 1155  587.00000  637.51286  8.61%  1450 1691s
  7199  6086  632.11061   22 1439  587.00000  637.37330  8.58%  1438 1695s
  7245  6132  624.38237   68 1388  587.00000  637.37330  8.58%  1434 1700s
  7293  6180  615.73764  109 1342  587.00000  637.37330  8.58%  1430 1705s
  7346  6233  606.46610  140 1289  587.00000  637.37330  8.58%  1427 1710s
  7430  6317  597.40962  177 1221  587.00000  637.37330  8.58%  1420 1715s
  7552  6413  632.62773   18 1448  587.00000  637.33609  8.58%  1404 1720s
  7590  6451  625.89862   56 1404  587.00000  637.33609  8.58%  1401 1725s
  7643  6504  616.26582  106 1346  587.00000  637.33609  8.58%  1397 1730s
  7669  6530  610.86273  126 1300  587.00000  637.33609  8.58%  1396 1738s
  7689  6550  608.16467  138 1298  587.00000  637.33609  8.58%  1395 1740s
  7770  6631  597.03445  174 1202  587.00000  637.33609  8.58%  1389 1745s
  7910  6743  631.14214   21 1450  587.00000  637.30911  8.57%  1373 1751s
  7930  6763  619.75593   41 1385  587.00000  637.30911  8.57%  1373 1755s
  7990  6813  632.30554   18 1445  587.00000  637.21985  8.56%  1369 1761s
  8016  6839  627.87185   44 1407  587.00000  637.21985  8.56%  1367 1772s
  8044  6867  622.95346   72 1383  587.00000  637.21985  8.56%  1365 1775s
  8123  6946  605.17699  151 1271  587.00000  637.21985  8.56%  1358 1780s
  8189  7001  624.50305   21 1402  587.00000  637.16529  8.55%  1351 1785s
  8196  7008  630.53830   25 1431  587.00000  637.16529  8.55%  1353 1790s
  8203  7015  621.65024   28 1389  587.00000  637.16529  8.55%  1356 1795s
  8211  7023  626.44997   32 1401  587.00000  637.16529  8.55%  1358 1800s
  8221  7033  613.98137   37 1354  587.00000  637.16529  8.55%  1361 1806s
  8229  7041  623.07912   41 1388  587.00000  637.16529  8.55%  1363 1810s
  8239  7051  620.54866   46 1381  587.00000  637.16529  8.55%  1365 1815s
  8250  7062  625.54328   52 1398  587.00000  637.16529  8.55%  1367 1820s
  8263  7075  620.92331   58 1374  587.00000  637.16529  8.55%  1370 1825s
  8277  7089  618.15134   65 1364  587.00000  637.16529  8.55%  1372 1830s
  8292  7104  621.94812   73 1365  587.00000  637.16529  8.55%  1374 1835s
  8306  7118  621.01635   80 1363  587.00000  637.16529  8.55%  1377 1840s
  8325  7137  616.31959   89 1344  587.00000  637.16529  8.55%  1379 1845s
  8345  7157  614.09285   99 1310  587.00000  637.16529  8.55%  1380 1850s
  8370  7182  613.85441  112 1318  587.00000  637.16529  8.55%  1381 1855s
  8409  7221  606.86335  131 1293  587.00000  637.16529  8.55%  1382 1860s
  8457  7269  601.43374  155 1261  587.00000  637.16529  8.55%  1381 1865s
  8562  7341  636.05454   22 1463  587.00000  637.16445  8.55%  1371 1870s
  8593  7372  630.19548   53 1432  587.00000  637.16445  8.55%  1370 1875s
  8642  7421  622.60096  102 1378  587.00000  637.16445  8.55%  1367 1880s
  8708  7487  605.02003  168 1302  587.00000  637.16445  8.55%  1361 1885s
  8791  7556  634.48887   34 1454  587.00000  637.15742  8.54%  1353 1890s
  8823  7588  629.03824   66 1419  587.00000  637.15742  8.54%  1352 1895s
  8867  7632  619.37471  110 1352  587.00000  637.15742  8.54%  1350 1900s
  8951  7702  631.32900   22 1447  587.00000  637.09704  8.53%  1343 1905s
  8976  7727  626.73349   47 1418  587.00000  637.09704  8.53%  1342 1910s
  9018  7769  620.28044   89 1370  587.00000  637.09704  8.53%  1339 1918s
  9022  7773  615.33030   87 1351  587.00000  637.09704  8.53%  1339 1920s
  9063  7814  611.36736  121 1324  587.00000  637.09704  8.53%  1338 1925s
  9129  7880  601.07191  165 1277  587.00000  637.09704  8.53%  1335 1930s
  9256  8007  590.27216  202 1197  587.00000  637.09704  8.53%  1324 1935s
  9325  8047  624.91068   39 1399  587.00000  637.09426  8.53%  1319 1940s
  9389  8111  592.32566  103 1218  587.00000  637.09426  8.53%  1315 1945s
  9432  8144  632.21160   42 1435  587.00000  637.04937  8.53%  1312 1950s
  9474  8186  624.13058   84 1393  587.00000  637.04937  8.53%  1310 1955s
  9544  8256  608.04564  154 1321  587.00000  637.04937  8.53%  1306 1960s
  9635  8321  623.31006   21 1399  587.00000  637.03611  8.52%  1298 1965s
  9684  8370  600.19922   70 1256  587.00000  637.03611  8.52%  1296 1970s
  9723  8397  617.64263   23 1371  587.00000  637.03440  8.52%  1295 1975s
  9739  8413  605.13243   31 1297  587.00000  637.03440  8.52%  1297 1980s
  9784  8428  631.17183   19 1435  587.00000  636.95116  8.51%  1295 1985s
  9818  8462  607.43583   53 1301  587.00000  636.95116  8.51%  1294 1990s
  9858  8490  628.70256   38 1423  587.00000  636.83801  8.49%  1292 1995s
  9911  8543  617.04643   91 1324  587.00000  636.83801  8.49%  1290 2000s
 10007  8622  630.14536   24 1432  587.00000  636.82934  8.49%  1282 2005s
 10020  8635  605.60936   37 1316  587.00000  636.82934  8.49%  1283 2011s
 10049  8655  630.59386   21 1438  587.00000  636.82108  8.49%  1282 2015s
 10095  8701  622.30768   67 1383  587.00000  636.82108  8.49%  1280 2020s
 10188  8794  598.58258  160 1264  587.00000  636.82108  8.49%  1273 2025s
 10203  8808  591.04247  217 1489  587.00000  636.82108  8.49%  1272 2749s
 10205  8809  596.06783  210 1349  587.00000  636.82108  8.49%  1272 2750s
 10206  8810  622.68618   79 1488  587.00000  636.82108  8.49%  1272 2757s
 10207  8811  628.03370   68 1484  587.00000  634.73945  8.13%  1272 2760s
 10212  8814  590.86201  222 1491  587.00000  632.99862  7.84%  1271 2777s
 10213  8815  623.63650   94 1489  587.00000  632.91993  7.82%  1271 2790s
 10215  8816  616.58604   30 1489  587.00000  632.88673  7.82%  1271 2803s
 10216  8817  620.03953  109 1489  587.00000  632.68165  7.78%  1270 2818s
 10220  8819  616.86948  100 1490  587.00000  632.54633  7.76%  1270 2834s
 10221  8820  603.93222  177 1488  587.00000  632.05115  7.67%  1270 2847s
 10224  8822  619.92827  100 1489  587.00000  631.87841  7.65%  1269 2860s
 10225  8823  631.50436   25 1489  587.00000  631.50436  7.58%  1269 2873s
 10228  8825  612.63015   52 1489  587.00000  631.40834  7.57%  1269 2887s
 10229  8825  623.06457   68 1490  587.00000  631.14403  7.52%  1269 2901s
 10232  8827  611.04882  130 1490  587.00000  631.03220  7.50%  1268 2917s
 10233  8828  592.90187  191 1490  587.00000  630.86650  7.47%  1268 2932s
 10236  8830  624.78471   87 1491  587.00000  630.82845  7.47%  1268 2948s
 10237  8831  597.80996  193 1489  587.00000  630.74757  7.45%  1268 2962s
 10239  8832  622.04497   72 1487  587.00000  630.70430  7.45%  1268 2977s
 10240  8833  603.79309  173 1491  587.00000  630.58819  7.43%  1267 2990s
 10242  8834  591.16680  224 1491  587.00000  630.55616  7.42%  1267 3006s
 10243  8835  623.95353   74 1487  587.00000  630.49137  7.41%  1267 3021s
 10244  8835  616.64570  106 1489  587.00000  630.48324  7.41%  1267 3037s
 10245  8836  595.08223  182 1488  587.00000  630.42610  7.40%  1267 3052s
 10247  8837  603.34270  178 1490  587.00000  630.41106  7.40%  1267 3069s
 10248  8838  615.05217  140 1489  587.00000  630.36308  7.39%  1266 3085s
 10250  8839  606.86220  132 1490  587.00000  630.34557  7.38%  1266 3102s
 10251  8840  605.59631  167 1489  587.00000  630.31476  7.38%  1266 3116s
 10252  8841  617.93008  122 1490  587.00000  630.30818  7.38%  1266 3132s
 10253  8841  591.43829  216 1488  587.00000  630.27027  7.37%  1266 3147s
 10255  8843  625.33476   69 1489  587.00000  630.25416  7.37%  1266 3162s
 10256  8843  630.22718   46 1487  587.00000  630.22718  7.36%  1265 3176s
 10257  8844  627.63947   30 1487  587.00000  630.22078  7.36%  1265 3190s
 10258  8845  609.47697  151 1488  587.00000  630.20756  7.36%  1265 3204s
 10259  8845  591.98701  178 1488  587.00000  630.20570  7.36%  1265 3218s
 10260  8846  621.03953   97 1488  587.00000  630.20308  7.36%  1265 3235s
 10261  8847  594.80024  176 1489  587.00000  630.20264  7.36%  1265 3252s
 10262  8847  615.03054  130 1489  587.00000  630.19961  7.36%  1265 3267s
 10263  8848  619.36111   61 1489  587.00000  630.19940  7.36%  1265 3283s
 10264  8849  607.70690  162 1489  587.00000  630.19921  7.36%  1264 3301s
 10265  8849  617.37972   96 1489  587.00000  630.19919  7.36%  1264 3318s
 10266  8850  588.77973  204 1489  587.00000  630.18928  7.36%  1264 3351s
 10267  8851  625.54300   91 1489  587.00000  630.18928  7.36%  1264 3367s
 10268  8851  597.84924  197 1489  587.00000  630.18928  7.36%  1264 3382s
 10272  8856  628.55596   26 1465  587.00000  629.66851  7.27%  1273 3385s
 10279  8861  628.55684   30 1479  587.00000  629.34008  7.21%  1274 3390s
 10288  8867  626.56548   34 1466  587.00000  629.34008  7.21%  1275 3395s
 10298  8873  625.48714   39 1463  587.00000  629.34008  7.21%  1276 3400s
 10307  8879  625.03019   44 1468  587.00000  629.34008  7.21%  1277 3405s
 10318  8887  623.01547   49 1436  587.00000  629.34008  7.21%  1278 3410s
 10330  8895  620.77606   55 1432  587.00000  629.34008  7.21%  1280 3415s
 10341  8902  620.28316   61 1435  587.00000  629.34008  7.21%  1281 3420s
 10354  8911  617.50898   67 1420  587.00000  629.34008  7.21%  1282 3425s
 10366  8919  615.33945   73 1410  587.00000  629.34008  7.21%  1284 3430s
 10383  8930  613.73704   82 1410  587.00000  629.34008  7.21%  1285 3435s
 10402  8943  609.39607   91 1390  587.00000  629.34008  7.21%  1286 3440s
 10416  8952  606.48334   98 1382  587.00000  629.34008  7.21%  1288 3445s
 10432  8963  601.83388  106 1367  587.00000  629.34008  7.21%  1289 3450s
 10443  8970  604.04887  112 1383  587.00000  629.34008  7.21%  1290 3455s
 10464  8984  596.00611  122 1343  587.00000  629.34008  7.21%  1292 3460s
 10482  8996  595.51960  131 1334  587.00000  629.34008  7.21%  1294 3465s
 10504  9011  593.17566  142 1326  587.00000  629.34008  7.21%  1295 3470s
 10522  9021  590.18915  151 1315  587.00000  629.34008  7.21%  1297 3475s
 10546  9025     cutoff  163       587.00000  629.34008  7.21%  1298 3480s
 10576  9016  621.02510   29 1429  587.00000  629.33953  7.21%  1297 3485s
 10584  9021  623.20378   33 1433  587.00000  629.33953  7.21%  1299 3490s
 10592  9026  624.04148   37 1434  587.00000  629.33953  7.21%  1301 3495s
 10600  9032  620.48596   41 1421  587.00000  629.33953  7.21%  1303 3500s
 10608  9037  622.81742   45 1423  587.00000  629.33953  7.21%  1305 3506s
 10614  9041  619.76136   48 1407  587.00000  629.33953  7.21%  1307 3510s
 10623  9047  624.06411   53 1440  587.00000  629.33953  7.21%  1309 3515s
 10630  9052  618.33617   56 1403  587.00000  629.33953  7.21%  1311 3520s
 10638  9057  615.98174   60 1392  587.00000  629.33953  7.21%  1313 3526s
 10646  9062  612.94376   64 1382  587.00000  629.33953  7.21%  1315 3531s
 10652  9066  618.99823   67 1410  587.00000  629.33953  7.21%  1316 3535s
 10663  9074  621.35295   73 1417  587.00000  629.33953  7.21%  1318 3540s
 10674  9081  618.19234   78 1389  587.00000  629.33953  7.21%  1321 3545s
 10686  9089  615.02260   84 1383  587.00000  629.33953  7.21%  1323 3550s
 10698  9097  614.77399   90 1380  587.00000  629.33953  7.21%  1325 3555s
 10712  9106  615.01658   97 1378  587.00000  629.33953  7.21%  1327 3560s
 10724  9114  612.04897  103 1365  587.00000  629.33953  7.21%  1329 3565s
 10738  9124  605.13976  110 1330  587.00000  629.33953  7.21%  1330 3570s
 10753  9134  613.97150  118 1367  587.00000  629.33953  7.21%  1332 3575s
 10770  9145  610.94251  126 1337  587.00000  629.33953  7.21%  1333 3580s
 10790  9158  609.28125  136 1328  587.00000  629.33953  7.21%  1334 3585s
 10815  9175  606.14578  149 1309  587.00000  629.33953  7.21%  1335 3590s
 10843  9194  602.43015  163 1289  587.00000  629.33953  7.21%  1335 3595s
 10879  9218  597.89448  181 1245  587.00000  629.33953  7.21%  1334 3600s

Cutting planes:
  Gomory: 9
  MIR: 1
  Flow cover: 74
  Zero half: 632
  Mod-K: 2
  RLT: 173
  BQP: 34

Explored 10880 nodes (14635579 simplex iterations) in 3600.00 seconds (4990.15 work units)
Thread count was 1 (of 24 available processors)

Solution count 10: 587 586 585 ... 575

Time limit reached
Best objective 5.870000000000e+02, best bound 6.290000000000e+02, gap 7.1550%

User-callback calls 162625, time in user-callback 1.10 sec
