
Gurobi 11.0.3 (linux64) logging started Thu Mar  5 19:04:10 2026

Set parameter LogFile to value "./log/train/IS_1500_6/IS_56.lp.log"
Set parameter TimeLimit to value 3600
Gurobi Optimizer version 11.0.3 build v11.0.3rc0 (linux64 - "Ubuntu 22.04.5 LTS")

CPU model: AMD Ryzen 9 9900X 12-Core Processor, instruction set [SSE2|AVX|AVX2|AVX512]
Thread count: 12 physical cores, 24 logical processors, using up to 2 threads

Optimize a model with 9205 rows, 1500 columns and 18122 nonzeros
Model fingerprint: 0x1b8fdd05
Variable types: 0 continuous, 1500 integer (1500 binary)
Coefficient statistics:
  Matrix range     [1e+00, 1e+00]
  Objective range  [1e+00, 1e+00]
  Bounds range     [1e+00, 1e+00]
  RHS range        [1e+00, 1e+00]
Found heuristic solution: objective 338.0000000
Presolve removed 1782 rows and 0 columns
Presolve time: 0.03s
Presolved: 7423 rows, 1500 columns, 16263 nonzeros
Variable types: 0 continuous, 1500 integer (1500 binary)

Root relaxation: objective 6.865000e+02, 3527 iterations, 0.13 seconds (0.22 work units)

    Nodes    |    Current Node    |     Objective Bounds      |     Work
 Expl Unexpl |  Obj  Depth IntInf | Incumbent    BestBd   Gap | It/Node Time

     0     0  686.50000    0 1345  338.00000  686.50000   103%     -    0s
H    0     0                     521.0000000  686.50000  31.8%     -    0s
     0     0  669.82857    0 1478  521.00000  669.82857  28.6%     -    1s
H    0     0                     538.0000000  669.82857  24.5%     -    1s
     0     0  660.79690    0 1476  538.00000  660.79690  22.8%     -    1s
H    0     0                     546.0000000  660.79690  21.0%     -    1s
     0     0  660.13612    0 1474  546.00000  660.13612  20.9%     -    2s
     0     0  660.10429    0 1475  546.00000  660.10429  20.9%     -    2s
     0     0  660.09375    0 1476  546.00000  660.09375  20.9%     -    2s
     0     0  660.07928    0 1477  546.00000  660.07928  20.9%     -    2s
     0     0  660.07575    0 1476  546.00000  660.07575  20.9%     -    2s
     0     0  655.31805    0 1481  546.00000  655.31805  20.0%     -    2s
H    0     0                     552.0000000  655.31805  18.7%     -    2s
     0     0  655.01741    0 1480  552.00000  655.01741  18.7%     -    2s
     0     0  654.97370    0 1486  552.00000  654.97370  18.7%     -    3s
     0     0  654.96522    0 1483  552.00000  654.96522  18.7%     -    3s
     0     0  654.96301    0 1483  552.00000  654.96301  18.7%     -    3s
     0     0  651.92559    0 1478  552.00000  651.92559  18.1%     -    3s
     0     0  651.77881    0 1482  552.00000  651.77881  18.1%     -    3s
     0     0  651.74636    0 1481  552.00000  651.74636  18.1%     -    3s
     0     0  651.73595    0 1481  552.00000  651.73595  18.1%     -    3s
     0     0  651.70251    0 1478  552.00000  651.70251  18.1%     -    3s
     0     0  651.69344    0 1479  552.00000  651.69344  18.1%     -    3s
     0     0  649.72525    0 1480  552.00000  649.72525  17.7%     -    4s
     0     0  649.58284    0 1479  552.00000  649.58284  17.7%     -    4s
     0     0  649.55773    0 1482  552.00000  649.55773  17.7%     -    4s
     0     0  649.54732    0 1484  552.00000  649.54732  17.7%     -    4s
     0     0  649.54306    0 1484  552.00000  649.54306  17.7%     -    4s
     0     0  647.16749    0 1482  552.00000  647.16749  17.2%     -    5s
     0     0  646.95844    0 1483  552.00000  646.95844  17.2%     -    5s
     0     0  646.92877    0 1484  552.00000  646.92877  17.2%     -    5s
     0     0  646.92518    0 1485  552.00000  646.92518  17.2%     -    5s
     0     0  645.36977    0 1485  552.00000  645.36977  16.9%     -    5s
     0     0  645.19570    0 1483  552.00000  645.19570  16.9%     -    6s
     0     0  645.16269    0 1485  552.00000  645.16269  16.9%     -    6s
     0     0  645.13711    0 1487  552.00000  645.13711  16.9%     -    6s
     0     0  645.13104    0 1487  552.00000  645.13104  16.9%     -    6s
     0     0  643.73472    0 1483  552.00000  643.73472  16.6%     -    6s
H    0     0                     554.0000000  643.73472  16.2%     -    6s
     0     0  643.52386    0 1482  554.00000  643.52386  16.2%     -    6s
     0     0  643.50704    0 1484  554.00000  643.50704  16.2%     -    7s
     0     0  643.50035    0 1485  554.00000  643.50035  16.2%     -    7s
     0     0  642.80568    0 1482  554.00000  642.80568  16.0%     -    7s
     0     0  642.66296    0 1482  554.00000  642.66296  16.0%     -    7s
     0     0  642.64663    0 1482  554.00000  642.64663  16.0%     -    7s
     0     0  642.64150    0 1480  554.00000  642.64150  16.0%     -    7s
     0     0  642.20630    0 1484  554.00000  642.20630  15.9%     -    7s
     0     0  642.08916    0 1488  554.00000  642.08916  15.9%     -    8s
     0     0  642.07483    0 1486  554.00000  642.07483  15.9%     -    8s
     0     0  641.58481    0 1489  554.00000  641.58481  15.8%     -    8s
     0     0  641.47375    0 1483  554.00000  641.47375  15.8%     -    8s
     0     0  641.46223    0 1486  554.00000  641.46223  15.8%     -    8s
     0     0  641.01690    0 1485  554.00000  641.01690  15.7%     -    9s
     0     0  640.95449    0 1486  554.00000  640.95449  15.7%     -    9s
     0     0  640.94436    0 1488  554.00000  640.94436  15.7%     -    9s
     0     0  640.30477    0 1487  554.00000  640.30477  15.6%     -    9s
     0     0  640.22101    0 1490  554.00000  640.22101  15.6%     -    9s
     0     0  640.21108    0 1490  554.00000  640.21108  15.6%     -    9s
     0     0  639.69879    0 1487  554.00000  639.69879  15.5%     -   10s
H    0     0                     556.0000000  639.69879  15.1%     -   10s
     0     0  639.59237    0 1488  556.00000  639.59237  15.0%     -   10s
     0     0  639.57982    0 1487  556.00000  639.57982  15.0%     -   10s
     0     0  639.48922    0 1488  556.00000  639.48922  15.0%     -   10s
     0     0  639.46261    0 1487  556.00000  639.46261  15.0%     -   10s
     0     0  639.44989    0 1488  556.00000  639.44989  15.0%     -   10s
     0     0  639.22820    0 1489  556.00000  639.22820  15.0%     -   10s
     0     0  639.16697    0 1489  556.00000  639.16697  15.0%     -   11s
     0     0  639.16030    0 1485  556.00000  639.16030  15.0%     -   11s
     0     0  638.96858    0 1487  556.00000  638.96858  14.9%     -   11s
     0     0  638.94511    0 1486  556.00000  638.94511  14.9%     -   11s
     0     0  638.94140    0 1488  556.00000  638.94140  14.9%     -   11s
     0     0  638.61454    0 1488  556.00000  638.61454  14.9%     -   11s
H    0     0                     557.0000000  638.61454  14.7%     -   11s
     0     0  638.55072    0 1487  557.00000  638.55072  14.6%     -   11s
     0     0  638.54198    0 1487  557.00000  638.54198  14.6%     -   11s
     0     0  638.23351    0 1484  557.00000  638.23351  14.6%     -   12s
     0     0  638.16269    0 1483  557.00000  638.16269  14.6%     -   12s
     0     0  638.14392    0 1484  557.00000  638.14392  14.6%     -   12s
     0     0  637.88929    0 1486  557.00000  637.88929  14.5%     -   12s
H    0     0                     558.0000000  637.88929  14.3%     -   12s
     0     0  637.84340    0 1486  558.00000  637.84340  14.3%     -   12s
     0     0  637.83252    0 1489  558.00000  637.83252  14.3%     -   12s
     0     0  637.58536    0 1488  558.00000  637.58536  14.3%     -   13s
H    0     0                     562.0000000  637.58536  13.4%     -   13s
     0     0  637.55609    0 1487  562.00000  637.55609  13.4%     -   13s
     0     0  637.54864    0 1487  562.00000  637.54864  13.4%     -   13s
     0     0  637.18688    0 1486  562.00000  637.18688  13.4%     -   13s
     0     0  637.12440    0 1486  562.00000  637.12440  13.4%     -   13s
     0     0  637.12000    0 1489  562.00000  637.12000  13.4%     -   13s
     0     0  636.94521    0 1491  562.00000  636.94521  13.3%     -   14s
     0     0  636.91976    0 1492  562.00000  636.91976  13.3%     -   14s
     0     0  636.91456    0 1492  562.00000  636.91456  13.3%     -   14s
     0     0  636.71081    0 1490  562.00000  636.71081  13.3%     -   14s
     0     0  636.66460    0 1489  562.00000  636.66460  13.3%     -   14s
     0     0  636.65912    0 1489  562.00000  636.65912  13.3%     -   14s
     0     0  636.49223    0 1490  562.00000  636.49223  13.3%     -   15s
     0     0  636.49223    0 1488  562.00000  636.49223  13.3%     -   15s
H    0     0                     563.0000000  636.49223  13.1%     -   16s
     0     2  636.49223    0 1488  563.00000  636.49223  13.1%     -   16s
     7    10  628.65151    3 1449  563.00000  636.17142  13.0%  3748   21s
     9    12  621.70657    3 1408  563.00000  636.17142  13.0%  4719   29s
    11    15  621.58363    4 1408  563.00000  636.17142  13.0%  4049   30s
H   27    31                     564.0000000  636.17142  12.8%  2296   31s
    45    52  600.41278   17 1298  564.00000  636.17142  12.8%  2135   35s
H   60    63                     565.0000000  636.17142  12.6%  1889   36s
   131   128  635.88400    5 1484  565.00000  636.16972  12.6%  1313   42s
   149   140  622.90370    7 1409  565.00000  636.16972  12.6%  1359   45s
H  178   160                     566.0000000  636.16972  12.4%  1457   48s
H  184   167                     568.0000000  636.16972  12.0%  1468   49s
   194   178  598.42390   19 1297  568.00000  636.16972  12.0%  1480   50s
H  227   203                     569.0000000  636.16972  11.8%  1463   51s
   276   221  625.91554    4 1429  569.00000  635.88367  11.8%  1339   56s
H  285   215                     570.0000000  635.88367  11.6%  1335   56s
   303   242  619.65268   13 1381  570.00000  635.88367  11.6%  1380   60s
   347   294  611.89881   31 1346  570.00000  635.88367  11.6%  1448   65s
H  407   347                     571.0000000  635.88367  11.4%  1410   68s
   419   390  582.32243   58 1178  571.00000  635.88163  11.4%  1407   71s
   506   410  622.29428   11 1402  571.00000  635.80000  11.3%  1332   76s
   526   441  614.32485   16 1367  571.00000  635.80000  11.3%  1376   80s
H  530   429                     572.0000000  635.80000  11.2%  1377   80s
   568   491  597.01327   26 1280  572.00000  635.80000  11.2%  1380   85s
   704   541  629.27524    8 1442  572.00000  635.65537  11.1%  1277   90s
   733   581  610.01799   18 1338  572.00000  635.65537  11.1%  1317   95s
   790   611  604.88293   27 1310  572.00000  635.65537  11.1%  1321  100s
   859   643  610.07278   18 1488  572.00000  635.53671  11.1%  1314  116s
   862   645  613.91957   10 1487  572.00000  635.53671  11.1%  1309  123s
   863   646  606.68749   36 1491  572.00000  635.53671  11.1%  1308  125s
   868   649  630.49186   11 1489  572.00000  635.53671  11.1%  1300  131s
   869   650  573.53352   51 1486  572.00000  635.53671  11.1%  1299  138s
   871   651  579.22222   52 1488  572.00000  635.53671  11.1%  1296  144s
   872   652  586.34003   34 1487  572.00000  635.53671  11.1%  1294  150s
   873   652  621.23097    4 1490  572.00000  635.53671  11.1%  1293  157s
   874   653  621.93537   18 1491  572.00000  635.53671  11.1%  1291  163s
   875   654  625.75901    9 1493  572.00000  635.53671  11.1%  1290  169s
   876   654  606.61179   26 1493  572.00000  635.53671  11.1%  1288  174s
   877   655  606.36010   20 1492  572.00000  635.53671  11.1%  1287  179s
   878   656  598.42342   20 1489  572.00000  635.53671  11.1%  1285  185s
   880   657  578.25048   56 1490  572.00000  635.53671  11.1%  1282  191s
   881   658  596.89353   40 1488  572.00000  635.53671  11.1%  1281  196s
   882   658  607.46142   33 1489  572.00000  635.53671  11.1%  1279  203s
   883   659  599.09280   36 1489  572.00000  635.53671  11.1%  1278  210s
   884   660  601.47643   13 1489  572.00000  635.53671  11.1%  1277  217s
   885   660  630.27716    5 1489  572.00000  635.53671  11.1%  1275  231s
   892   668  635.40472   12 1485  572.00000  635.53671  11.1%  1344  235s
   908   680  634.24177   16 1480  572.00000  634.94177  11.0%  1366  240s
   928   693  629.51923   20 1445  572.00000  634.94177  11.0%  1391  245s
   953   711  630.67337   27 1446  572.00000  634.94177  11.0%  1411  251s
   973   726  629.25403   32 1445  572.00000  634.94177  11.0%  1426  255s
  1001   744  623.83864   39 1410  572.00000  634.94177  11.0%  1454  260s
  1029   766  624.64511   46 1421  572.00000  634.94177  11.0%  1470  266s
  1046   777  624.35915   50 1416  572.00000  634.94177  11.0%  1488  270s
  1072   796  619.88968   56 1387  572.00000  634.94177  11.0%  1515  275s
  1093   811  619.52651   61 1389  572.00000  634.94177  11.0%  1532  280s
  1117   831  619.24016   67 1383  572.00000  634.94177  11.0%  1548  285s
  1158   857  614.57010   77 1367  572.00000  634.94177  11.0%  1579  291s
  1186   878  615.64651   83 1371  572.00000  634.94177  11.0%  1595  296s
  1218   901  614.34312   90 1365  572.00000  634.94177  11.0%  1616  302s
  1255   926  607.68702   98 1329  572.00000  634.94177  11.0%  1641  307s
  1273   939  612.23971  102 1351  572.00000  634.94177  11.0%  1652  311s
  1316   975  610.73784  111 1344  572.00000  634.94177  11.0%  1681  317s
  1342   994  609.96078  116 1337  572.00000  634.94177  11.0%  1693  321s
  1370  1018  605.57562  121 1313  572.00000  634.94177  11.0%  1709  325s
  1441  1077  603.10074  135 1303  572.00000  634.94177  11.0%  1724  332s
  1486  1124  604.98358  143 1306  572.00000  634.94177  11.0%  1725  336s
  1548  1190  603.70637  152 1295  572.00000  634.94177  11.0%  1719  341s
  1741  1260  600.20425  177 1266  572.00000  634.94177  11.0%  1626  349s
  1788  1288  597.10364  193 1244  572.00000  634.94177  11.0%  1621  353s
  1832  1340  592.38288  212 1210  572.00000  634.94177  11.0%  1622  357s
  1900  1380  583.92191  243 1170  572.00000  634.59577  10.9%  1600  361s
  1995  1360  634.28655   14 1473  572.00000  634.49147  10.9%  1558  366s
  2007  1368  633.80680   17 1470  572.00000  634.49147  10.9%  1576  372s
  2019  1377  633.46033   20 1466  572.00000  634.49147  10.9%  1595  376s
  2032  1386  633.05724   23 1466  572.00000  634.49147  10.9%  1611  381s
  2045  1400  632.52946   26 1459  572.00000  634.49147  10.9%  1627  387s
  2063  1412  631.77502   30 1454  572.00000  634.49147  10.9%  1645  393s
  2081  1424  631.15035   34 1450  572.00000  634.49147  10.9%  1663  397s
  2099  1436  630.55915   38 1449  572.00000  634.49147  10.9%  1679  403s
  2117  1451  630.13412   42 1445  572.00000  634.49147  10.9%  1697  410s
  2138  1465  624.57554   46 1417  572.00000  634.49147  10.9%  1719  416s
  2159  1484  628.79854   51 1432  572.00000  634.49147  10.9%  1734  422s
  2185  1505  628.30587   56 1429  572.00000  634.49147  10.9%  1747  429s
  2215  1519  627.01162   62 1422  572.00000  634.49147  10.9%  1765  435s
  2239  1543  625.99219   68 1416  572.00000  634.49147  10.9%  1779  447s
  2271  1574  624.44106   76 1402  572.00000  634.49147  10.9%  1793  455s
  2313  1578  620.48863   84 1382  572.00000  634.49147  10.9%  1809  464s
  2331  1613  621.43623   93 1386  572.00000  634.49147  10.9%  1816  471s
  2372  1619  617.07679  103 1355  572.00000  634.49147  10.9%  1828  479s
  2391  1658  619.12361  111 1370  572.00000  634.49147  10.9%  1832  488s
H 2436  1598                     573.0000000  634.49147  10.7%  1836  488s
  2437  1681  617.54270  122 1356  573.00000  634.49147  10.7%  1837  497s
H 2459  1635                     574.0000000  634.49147  10.5%  1841  497s
  2520  1636  608.84732  139 1297  574.00000  634.49147  10.5%  1838  504s
H 2541  1583                     575.0000000  634.49147  10.3%  1838  504s
  2542  1649  613.52309  150 1318  575.00000  634.49147  10.3%  1838  515s
  2608  1858  608.77530  170 1299  575.00000  634.49147  10.3%  1831  523s
  2829  2016  597.55497  213 1232  575.00000  634.49081  10.3%  1765  532s
  3063  2040  632.49916   16 1448  575.00000  634.40496  10.3%  1679  541s
  3087  2067  631.42257   22 1443  575.00000  634.40496  10.3%  1700  550s
  3114  2098  630.59690   29 1437  575.00000  634.40496  10.3%  1718  560s
  3145  2128  629.07073   37 1429  575.00000  634.40496  10.3%  1738  570s
  3175  2160  627.67780   45 1417  575.00000  634.40496  10.3%  1755  580s
  3207  2196  626.25631   54 1408  575.00000  634.40496  10.3%  1773  591s
  3243  2236  623.81365   65 1398  575.00000  634.40496  10.3%  1788  602s
  3283  2290  622.40137   75 1385  575.00000  634.40496  10.3%  1803  613s
  3337  2332  619.72975   90 1369  575.00000  634.40496  10.3%  1824  625s
  3379  2417  617.36733  104 1356  575.00000  634.40496  10.3%  1837  636s
  3464  2490  613.57887  129 1325  575.00000  634.40496  10.3%  1850  655s
  3537  2705  609.85380  154 1291  575.00000  634.40496  10.3%  1853  668s
  3752  2855  586.32813  233 1110  575.00000  634.40048  10.3%  1817  682s
  3919  3008  633.26052   21 1464  575.00000  634.40048  10.3%  1794  696s
  4086  3046  631.85941   29 1456  575.00000  634.40048  10.3%  1760  711s
  4124  3088  630.29984   39 1448  575.00000  634.40048  10.3%  1783  726s
  4166  3130  628.79644   50 1432  575.00000  634.40048  10.3%  1804  742s
  4208  3190  627.22647   61 1421  575.00000  634.40048  10.3%  1822  757s
  4268  3268  624.70775   76 1405  575.00000  634.40048  10.3%  1844  774s
  4346  3332  620.50070   97 1382  575.00000  634.40048  10.3%  1863  791s
  4410  3463  619.25746  107 1379  575.00000  634.40048  10.3%  1877  807s
  4541  3716  611.71284  140 1331  575.00000  634.40048  10.3%  1888  823s
  4794  4071  600.82936  200 1263  575.00000  634.20051  10.3%  1868  845s
  5219  4456  627.31854   52 1418  575.00000  634.10121  10.3%  1768  861s
  5604  5082  603.72283  171 1287  575.00000  634.10121  10.3%  1708  880s
  6268  5500  581.59857  243 1096  575.00000  633.98108  10.3%  1570  895s
  6724  5927  620.71420   97 1391  575.00000  633.98108  10.3%  1503  909s
  7151  6488  601.09237  192 1265  575.00000  633.98102  10.3%  1456  923s
  7767  6883  632.64233   21 1464  575.00000  633.93769  10.3%  1379  941s
  8162  7260  606.82663  160 1303  575.00000  633.93769  10.3%  1358  951s
  8557  7379  591.71465  214 1226  575.00000  633.93769  10.3%  1321  957s
  8676  7620  586.21889  238 1189  575.00000  633.89267  10.2%  1312  964s
  8938  7654  631.41838   27 1450  575.00000  633.89267  10.2%  1288  974s
  8972  7748  625.92300   60 1409  575.00000  633.89267  10.2%  1287  983s
  9066  7936  616.73211  106 1366  575.00000  633.89267  10.2%  1284  991s
  9254  8369  602.51390  163 1287  575.00000  633.89267  10.2%  1276  998s
  9687  8597  585.28455  226 1151  575.00000  633.89190  10.2%  1243 1005s
  9978  8698  629.94863   26 1437  575.00000  633.75718  10.2%  1219 1014s
 10093  8780  610.05340   69 1326  575.00000  633.74422  10.2%  1216 1021s
 10185  8839  624.51290   32 1412  575.00000  633.74422  10.2%  1215 1040s
 10244  9004  614.68056   83 1345  575.00000  633.63707  10.2%  1214 1048s
 10425  9066  632.32149   20 1457  575.00000  633.63707  10.2%  1205 1056s
 10487  9133  625.46470   70 1402  575.00000  633.63707  10.2%  1207 1064s
 10554  9249  609.20335  125 1291  575.00000  633.63660  10.2%  1207 1071s
 10682  9331  627.52790   48 1416  575.00000  633.63660  10.2%  1204 1080s
 10764  9448  616.01420  107 1347  575.00000  633.63660  10.2%  1206 1089s
 10881  9601  600.91635  169 1261  575.00000  633.63660  10.2%  1207 1100s
 11034  9818  585.21375  228 1132  575.00000  633.56172  10.2%  1199 1108s
 11282  9925  609.80048   38 1343  575.00000  633.48939  10.2%  1188 1117s
 11403 10049  625.85984   32 1426  575.00000  633.48939  10.2%  1188 1126s
 11527 10231  609.19232  118 1331  575.00000  633.45523  10.2%  1188 1134s
 11738 10383  610.60134   24 1350  575.00000  633.45463  10.2%  1182 1142s
 11900 10535  595.89574   27 1276  575.00000  633.42783  10.2%  1182 1151s
 12086 10644  605.09099   55 1310  575.00000  633.35004  10.1%  1176 1160s
 12214 10799  610.59837   49 1324  575.00000  633.34547  10.1%  1175 1169s
 12398 10898  613.73212   40 1361  575.00000  633.34345  10.1%  1170 1178s
 12509 11027  628.65333   39 1443  575.00000  633.34345  10.1%  1170 1187s
 12648 11242  618.38933   97 1376  575.00000  633.34345  10.1%  1166 1195s
 12863 11428  606.86162  151 1302  575.00000  633.34345  10.1%  1157 1202s
 13065 11825  590.11447  223 1205  575.00000  633.27982  10.1%  1151 1211s
 13528 12002  622.84483   19 1416  575.00000  633.27252  10.1%  1127 1217s
 13705 12150  596.12675  144 1276  575.00000  633.23622  10.1%  1121 1227s
 13869 12291  621.91352   24 1419  575.00000  633.23622  10.1%  1116 1234s
 14022 12313  620.38525   33 1407  575.00000  633.23622  10.1%  1114 1244s
 14044 12381  603.51004   36 1335  575.00000  633.23622  10.1%  1117 1251s
 14150 12507  618.25808   46 1392  575.00000  633.23622  10.1%  1118 1257s
 14276 12669  616.58150   58 1383  575.00000  633.23622  10.1%  1118 1264s
 14454 12760  613.76554   72 1362  575.00000  633.23622  10.1%  1116 1271s
 14555 12921  610.79786   84 1351  575.00000  633.23622  10.1%  1116 1278s
 14736 13038  605.63732  106 1325  575.00000  633.23622  10.1%  1114 1284s
 14863 13212  599.91582  135 1293  575.00000  633.23622  10.1%  1116 1291s
 15038 13213  615.21079  118 1488  575.00000  633.23622  10.1%  1116 1965s
 15041 13215  588.59555  228 1490  575.00000  633.23622  10.1%  1115 1974s
 15042 13216  611.60649  109 1488  575.00000  631.94785  9.90%  1115 1975s
 15050 13221  626.66210   23 1494  575.00000  630.82913  9.71%  1115 1988s
 15051 13222  617.09724   58 1491  575.00000  630.77550  9.70%  1115 1998s
 15053 13223  595.38048  211 1493  575.00000  630.75352  9.70%  1114 2011s
 15054 13224  623.25290   75 1488  575.00000  630.64434  9.68%  1114 2021s
 15057 13226  629.37965   37 1491  575.00000  630.56656  9.66%  1114 2034s
 15058 13226  625.51499   16 1487  575.00000  630.10415  9.58%  1114 2044s
 15062 13229  612.30030   94 1492  575.00000  629.96989  9.56%  1114 2059s
 15063 13230  597.23258   65 1490  575.00000  629.78369  9.53%  1114 2070s
 15067 13232  621.99729   41 1492  575.00000  629.67701  9.51%  1113 2083s
 15068 13233  597.30946  198 1491  575.00000  629.46543  9.47%  1113 2096s
 15071 13235  605.11108  158 1492  575.00000  629.42015  9.46%  1113 2111s
 15072 13236  599.78974  172 1492  575.00000  629.37420  9.46%  1113 2125s
 15074 13237  618.48250   78 1493  575.00000  629.35319  9.45%  1113 2139s
 15075 13238  620.34534   90 1490  575.00000  629.23102  9.43%  1113 2151s
 15078 13240  589.33333  221 1492  575.00000  629.16946  9.42%  1113 2164s
 15079 13240  620.40282   37 1490  575.00000  629.10734  9.41%  1113 2178s
 15082 13242  623.30494   85 1490  575.00000  629.08033  9.41%  1112 2193s
 15083 13243  624.93231   63 1491  575.00000  629.04633  9.40%  1112 2207s
 15086 13245  577.25113   37 1491  575.00000  629.02492  9.40%  1112 2222s
 15087 13246  584.68500  242 1491  575.00000  628.95406  9.38%  1112 2236s
 15089 13247  601.94662  162 1490  575.00000  628.93518  9.38%  1112 2251s
 15090 13248  600.02628  162 1491  575.00000  628.81233  9.36%  1112 2265s
 15093 13250  605.33545  169 1492  575.00000  628.75331  9.35%  1111 2280s
 15094 13250  607.70389   79 1493  575.00000  628.70732  9.34%  1111 2292s
 15097 13252  609.94157  114 1494  575.00000  628.68666  9.34%  1111 2303s
 15098 13253  584.13263  238 1493  575.00000  628.64051  9.33%  1111 2316s
 15100 13254  612.96833  123 1495  575.00000  628.61415  9.32%  1111 2334s
 15101 13255  614.89743   85 1492  575.00000  628.57133  9.32%  1111 2349s
 15103 13256  582.10377  244 1494  575.00000  628.55223  9.31%  1111 2366s
 15104 13257  586.50696  225 1490  575.00000  628.51381  9.31%  1111 2382s
 15106 13258  583.41899  245 1493  575.00000  628.49788  9.30%  1111 2397s
 15107 13259  578.45029  249 1492  575.00000  628.47383  9.30%  1110 2411s
 15109 13260  584.35319  229 1494  575.00000  628.46587  9.30%  1110 2426s
 15110 13261  599.76582  178 1493  575.00000  628.46526  9.30%  1110 2442s
 15111 13262  608.15433   35 1494  575.00000  628.46501  9.30%  1110 2458s
 15112 13262  590.68536  214 1494  575.00000  628.46497  9.30%  1110 2474s
 15113 13263  599.63866  195 1494  575.00000  628.46496  9.30%  1110 2489s
 15114 13264  605.78015   98 1494  575.00000  628.43910  9.29%  1110 2506s
 15116 13265  628.24215   43 1494  575.00000  628.43096  9.29%  1110 2521s
 15117 13266  583.90476  239 1493  575.00000  628.43036  9.29%  1110 2538s
 15118 13266  612.98726   56 1494  575.00000  628.42849  9.29%  1110 2557s
 15119 13267  584.28704  232 1494  575.00000  628.42745  9.29%  1110 2575s
 15120 13268  623.43151   57 1494  575.00000  628.42729  9.29%  1110 2593s
 15121 13268  583.76667  224 1494  575.00000  628.42395  9.29%  1109 2609s
 15122 13269  600.02805  133 1494  575.00000  628.42194  9.29%  1109 2628s
 15123 13270  602.67400  144 1494  575.00000  628.42151  9.29%  1109 2644s
 15124 13270  602.16050  114 1493  575.00000  628.42136  9.29%  1109 2661s
 15125 13271  610.18634  106 1495  575.00000  628.41979  9.29%  1109 2679s
 15126 13272  581.94375  247 1495  575.00000  628.41968  9.29%  1109 2698s
 15127 13272  609.36262  116 1494  575.00000  628.41946  9.29%  1109 2715s
 15128 13273  624.28450   43 1495  575.00000  628.41945  9.29%  1109 2733s
 15129 13274  616.08085   22 1495  575.00000  628.41944  9.29%  1109 2776s
 15130 13274  596.01445  190 1495  575.00000  628.41903  9.29%  1109 2797s
 15131 13275  598.90092  182 1495  575.00000  628.41862  9.29%  1109 2815s
 15132 13276  611.79794  119 1495  575.00000  628.41858  9.29%  1109 2833s
 15133 13276  599.77641  179 1495  575.00000  628.41857  9.29%  1109 2852s
 15134 13277  582.88356  239 1495  575.00000  628.41857  9.29%  1108 2872s
 15135 13278  593.16725  215 1495  575.00000  628.41856  9.29%  1108 2890s
 15136 13278  596.44625  168 1495  575.00000  628.41855  9.29%  1108 2906s
 15137 13279  590.71596  212 1495  575.00000  628.41854  9.29%  1108 2925s
 15138 13280  615.21079  118 1495  575.00000  628.41854  9.29%  1108 2943s
 15139 13280  581.42481  245 1495  575.00000  628.41350  9.29%  1108 2961s
 15140 13281  598.48022  154 1495  575.00000  628.41330  9.29%  1108 2979s
 15141 13282  588.59555  228 1495  575.00000  628.41330  9.29%  1108 2998s
 15142 13285  628.22091   19 1494  575.00000  628.39369  9.29%  1113 3000s
 15150 13291  626.22609   21 1471  575.00000  627.68899  9.16%  1115 3005s
 15162 13299  626.72189   24 1478  575.00000  627.44679  9.12%  1115 3010s
 15172 13307  626.35923   27 1479  575.00000  627.44679  9.12%  1116 3015s
 15192 13321  624.99376   32 1475  575.00000  627.44679  9.12%  1118 3020s
 15204 13329  624.32174   35 1471  575.00000  627.44679  9.12%  1119 3025s
 15216 13335  623.34042   38 1469  575.00000  627.44679  9.12%  1120 3037s
 15222 13339  619.90185   39 1444  575.00000  627.44679  9.12%  1121 3040s
 15224 13343  622.81124   40 1467  575.00000  627.44679  9.12%  1121 3050s
 15246 13361  621.34783   45 1460  575.00000  627.44679  9.12%  1124 3057s
 15254 13362  620.77441   47 1459  575.00000  627.44679  9.12%  1124 3066s
 15265 13372  618.89754   49 1441  575.00000  627.44679  9.12%  1126 3071s
 15282 13383  618.92926   53 1450  575.00000  627.44679  9.12%  1127 3079s
 15288 13389  616.34621   54 1434  575.00000  627.44679  9.12%  1128 3082s
 15308 13405  615.80613   58 1431  575.00000  627.44679  9.12%  1130 3090s
 15331 13422  615.66390   62 1431  575.00000  627.44679  9.12%  1131 3096s
 15344 13422  615.92379   65 1434  575.00000  627.44679  9.12%  1132 3108s
 15348 13435  615.69603   66 1436  575.00000  627.44679  9.12%  1133 3111s
 15362 13442  614.22914   68 1419  575.00000  627.44679  9.12%  1134 3115s
 15388 13462  614.11456   74 1425  575.00000  627.44679  9.12%  1137 3123s
 15403 13472  613.39178   77 1420  575.00000  627.44679  9.12%  1139 3127s
 15418 13483  612.68914   80 1420  575.00000  627.44679  9.12%  1141 3132s
 15434 13494  612.23365   83 1417  575.00000  627.44679  9.12%  1142 3136s
 15450 13506  611.69927   86 1414  575.00000  627.44679  9.12%  1144 3141s
 15467 13519  607.49888   89 1385  575.00000  627.44679  9.12%  1147 3146s
 15486 13532  610.09280   93 1399  575.00000  627.44679  9.12%  1149 3152s
 15505 13546  609.56425   97 1397  575.00000  627.44679  9.12%  1151 3157s
 15526 13560  608.91910  101 1396  575.00000  627.44679  9.12%  1154 3168s
 15547 13579  608.47336  105 1393  575.00000  627.44679  9.12%  1156 3174s
 15573 13602  607.80760  110 1386  575.00000  627.44679  9.12%  1159 3180s
 15604 13625  606.72421  116 1378  575.00000  627.44679  9.12%  1162 3187s
 15638 13656  606.02087  122 1372  575.00000  627.44679  9.12%  1164 3193s
 15680 13691  605.16451  129 1363  575.00000  627.44679  9.12%  1167 3200s
 15729 13734  603.65051  137 1360  575.00000  627.44679  9.12%  1169 3206s
 15790 13785  598.66121  145 1323  575.00000  627.44679  9.12%  1171 3214s
 15872 13780  601.39466  154 1339  575.00000  627.44679  9.12%  1170 3220s
 15911 13795  599.10537  164 1325  575.00000  627.44679  9.12%  1171 3227s
 15939 13818  594.90297  175 1308  575.00000  627.44679  9.12%  1174 3234s
 15971 13852  592.88015  188 1275  575.00000  627.44679  9.12%  1176 3241s
 16016 13900  589.63315  208 1222  575.00000  627.44679  9.12%  1178 3249s
 16079 13924  583.31144  236 1162  575.00000  626.87279  9.02%  1179 3258s
 16144 13908  620.15101   22 1426  575.00000  626.87279  9.02%  1178 3267s
 16150 13923  624.27515   25 1457  575.00000  626.87279  9.02%  1179 3275s
 16167 13935  623.86749   29 1456  575.00000  626.87279  9.02%  1183 3284s
 16184 13948  615.52537   33 1417  575.00000  626.87279  9.02%  1186 3293s
 16203 13962  622.40601   38 1443  575.00000  626.87279  9.02%  1190 3303s
 16223 13981  621.28270   44 1437  575.00000  626.87279  9.02%  1193 3313s
 16249 13988  620.22685   51 1424  575.00000  626.87279  9.02%  1197 3324s
H16259 13316                     576.0000000  626.87279  8.83%  1199 3324s
 16265 13332  619.71028   56 1420  576.00000  626.87279  8.83%  1199 3338s
 16283 13341  619.14261   61 1418  576.00000  626.87279  8.83%  1202 3351s
 16298 13370  612.38486   62 1381  576.00000  626.87279  8.83%  1204 3365s
 16332 13402  617.37945   71 1405  576.00000  626.87279  8.83%  1208 3377s
 16375 13406  615.47851   82 1393  576.00000  626.87279  8.83%  1212 3389s
 16394 13457  603.48399   87 1320  576.00000  626.87279  8.83%  1214 3402s
 16451 13510  612.01232  102 1373  576.00000  626.87279  8.83%  1218 3416s
 16523 13580  608.53886  121 1355  576.00000  626.87279  8.83%  1223 3433s
 16617 13683  603.41431  145 1321  576.00000  626.87279  8.83%  1227 3451s
 16751 13865  595.01291  181 1273  576.00000  626.87207  8.83%  1229 3471s
 16996 13813  625.50020   25 1469  576.00000  626.87207  8.83%  1224 3499s
 17047 13820  624.55611   31 1463  576.00000  626.87207  8.83%  1225 3514s
 17071 13841  619.84751   37 1426  576.00000  626.87207  8.83%  1230 3529s
 17100 13848  622.45563   45 1442  576.00000  626.87207  8.83%  1235 3544s
 17116 13876  622.02933   49 1440  576.00000  626.87207  8.83%  1238 3559s
 17150 13906  620.60775   58 1429  576.00000  626.87207  8.83%  1244 3575s
 17191 13941  619.17706   69 1415  576.00000  626.87207  8.83%  1250 3590s
 17240 13943  617.30271   82 1407  576.00000  626.87207  8.83%  1256 3600s

Cutting planes:
  Gomory: 7
  Clique: 1
  MIR: 2
  Flow cover: 89
  Zero half: 812
  RLT: 226
  BQP: 47

Explored 17258 nodes (21826013 simplex iterations) in 3600.00 seconds (8014.93 work units)
Thread count was 2 (of 24 available processors)

Solution count 10: 576 575 574 ... 566

Time limit reached
Best objective 5.760000000000e+02, best bound 6.260000000000e+02, gap 8.6806%

User-callback calls 308243, time in user-callback 0.93 sec

Gurobi 11.0.3 (linux64) logging started Sat Mar  7 15:20:15 2026

Set parameter LogFile to value "./log/train/IS_1500_6/IS_56.lp.log"
Set parameter TimeLimit to value 3600
Gurobi Optimizer version 11.0.3 build v11.0.3rc0 (linux64 - "Ubuntu 22.04.5 LTS")

CPU model: AMD Ryzen 9 9900X 12-Core Processor, instruction set [SSE2|AVX|AVX2|AVX512]
Thread count: 12 physical cores, 24 logical processors, using up to 1 threads

Optimize a model with 9205 rows, 1500 columns and 18122 nonzeros
Model fingerprint: 0x1b8fdd05
Variable types: 0 continuous, 1500 integer (1500 binary)
Coefficient statistics:
  Matrix range     [1e+00, 1e+00]
  Objective range  [1e+00, 1e+00]
  Bounds range     [1e+00, 1e+00]
  RHS range        [1e+00, 1e+00]
Found heuristic solution: objective 338.0000000
Presolve removed 1782 rows and 0 columns
Presolve time: 0.04s
Presolved: 7423 rows, 1500 columns, 16263 nonzeros
Variable types: 0 continuous, 1500 integer (1500 binary)

Root relaxation: objective 6.865000e+02, 3527 iterations, 0.18 seconds (0.22 work units)

    Nodes    |    Current Node    |     Objective Bounds      |     Work
 Expl Unexpl |  Obj  Depth IntInf | Incumbent    BestBd   Gap | It/Node Time

     0     0  686.50000    0 1345  338.00000  686.50000   103%     -    0s
H    0     0                     521.0000000  686.50000  31.8%     -    0s
     0     0  669.82857    0 1478  521.00000  669.82857  28.6%     -    1s
H    0     0                     538.0000000  669.82857  24.5%     -    1s
     0     0  660.79690    0 1476  538.00000  660.79690  22.8%     -    3s
H    0     0                     546.0000000  660.79690  21.0%     -    3s
     0     0  660.13612    0 1474  546.00000  660.13612  20.9%     -    3s
     0     0  660.10429    0 1475  546.00000  660.10429  20.9%     -    3s
     0     0  660.09375    0 1476  546.00000  660.09375  20.9%     -    3s
     0     0  660.07928    0 1477  546.00000  660.07928  20.9%     -    3s
     0     0  660.07575    0 1476  546.00000  660.07575  20.9%     -    3s
     0     0  655.31805    0 1481  546.00000  655.31805  20.0%     -    4s
H    0     0                     552.0000000  655.31805  18.7%     -    4s
     0     0  655.01741    0 1480  552.00000  655.01741  18.7%     -    4s
     0     0  654.97370    0 1486  552.00000  654.97370  18.7%     -    4s
     0     0  654.96522    0 1483  552.00000  654.96522  18.7%     -    4s
     0     0  654.96301    0 1483  552.00000  654.96301  18.7%     -    4s
     0     0  651.92559    0 1478  552.00000  651.92559  18.1%     -    6s
     0     0  651.77881    0 1482  552.00000  651.77881  18.1%     -    6s
     0     0  651.74636    0 1481  552.00000  651.74636  18.1%     -    6s
     0     0  651.73595    0 1481  552.00000  651.73595  18.1%     -    6s
     0     0  651.70251    0 1478  552.00000  651.70251  18.1%     -    6s
     0     0  651.69344    0 1479  552.00000  651.69344  18.1%     -    6s
     0     0  649.72525    0 1480  552.00000  649.72525  17.7%     -    7s
     0     0  649.58284    0 1479  552.00000  649.58284  17.7%     -    7s
     0     0  649.55773    0 1482  552.00000  649.55773  17.7%     -    7s
     0     0  649.54732    0 1484  552.00000  649.54732  17.7%     -    7s
     0     0  649.54306    0 1484  552.00000  649.54306  17.7%     -    7s
     0     0  647.16749    0 1482  552.00000  647.16749  17.2%     -    8s
     0     0  646.95844    0 1483  552.00000  646.95844  17.2%     -    8s
     0     0  646.92877    0 1484  552.00000  646.92877  17.2%     -    8s
     0     0  646.92518    0 1485  552.00000  646.92518  17.2%     -    8s
     0     0  645.36977    0 1485  552.00000  645.36977  16.9%     -    9s
     0     0  645.19570    0 1483  552.00000  645.19570  16.9%     -    9s
     0     0  645.16269    0 1485  552.00000  645.16269  16.9%     -    9s
     0     0  645.13711    0 1487  552.00000  645.13711  16.9%     -    9s
     0     0  645.13104    0 1487  552.00000  645.13104  16.9%     -    9s
     0     0  643.73472    0 1483  552.00000  643.73472  16.6%     -   10s
H    0     0                     554.0000000  643.73472  16.2%     -   10s
     0     0  643.52386    0 1482  554.00000  643.52386  16.2%     -   10s
     0     0  643.50704    0 1484  554.00000  643.50704  16.2%     -   10s
     0     0  643.50035    0 1485  554.00000  643.50035  16.2%     -   10s
     0     0  642.80568    0 1482  554.00000  642.80568  16.0%     -   11s
     0     0  642.66296    0 1482  554.00000  642.66296  16.0%     -   11s
     0     0  642.64663    0 1482  554.00000  642.64663  16.0%     -   11s
     0     0  642.64150    0 1480  554.00000  642.64150  16.0%     -   11s
     0     0  642.20630    0 1484  554.00000  642.20630  15.9%     -   12s
     0     0  642.08916    0 1488  554.00000  642.08916  15.9%     -   12s
     0     0  642.07483    0 1486  554.00000  642.07483  15.9%     -   12s
     0     0  641.58481    0 1489  554.00000  641.58481  15.8%     -   13s
     0     0  641.47375    0 1483  554.00000  641.47375  15.8%     -   13s
     0     0  641.46223    0 1486  554.00000  641.46223  15.8%     -   13s
     0     0  641.01690    0 1485  554.00000  641.01690  15.7%     -   14s
     0     0  640.95449    0 1486  554.00000  640.95449  15.7%     -   14s
     0     0  640.94436    0 1488  554.00000  640.94436  15.7%     -   14s
     0     0  640.30477    0 1487  554.00000  640.30477  15.6%     -   15s
     0     0  640.22101    0 1490  554.00000  640.22101  15.6%     -   15s
     0     0  640.21108    0 1490  554.00000  640.21108  15.6%     -   15s
     0     0  639.69879    0 1487  554.00000  639.69879  15.5%     -   15s
H    0     0                     556.0000000  639.69879  15.1%     -   15s
     0     0  639.59237    0 1488  556.00000  639.59237  15.0%     -   16s
     0     0  639.57982    0 1487  556.00000  639.57982  15.0%     -   16s
     0     0  639.48922    0 1488  556.00000  639.48922  15.0%     -   16s
     0     0  639.46261    0 1487  556.00000  639.46261  15.0%     -   16s
     0     0  639.44989    0 1488  556.00000  639.44989  15.0%     -   16s
     0     0  639.22820    0 1489  556.00000  639.22820  15.0%     -   17s
     0     0  639.16697    0 1489  556.00000  639.16697  15.0%     -   17s
     0     0  639.16030    0 1485  556.00000  639.16030  15.0%     -   17s
     0     0  638.96858    0 1487  556.00000  638.96858  14.9%     -   17s
     0     0  638.94511    0 1486  556.00000  638.94511  14.9%     -   17s
     0     0  638.94140    0 1488  556.00000  638.94140  14.9%     -   17s
     0     0  638.61454    0 1488  556.00000  638.61454  14.9%     -   18s
H    0     0                     557.0000000  638.61454  14.7%     -   18s
     0     0  638.55072    0 1487  557.00000  638.55072  14.6%     -   18s
     0     0  638.54198    0 1487  557.00000  638.54198  14.6%     -   18s
     0     0  638.23351    0 1484  557.00000  638.23351  14.6%     -   19s
     0     0  638.16269    0 1483  557.00000  638.16269  14.6%     -   19s
     0     0  638.14392    0 1484  557.00000  638.14392  14.6%     -   19s
     0     0  637.88929    0 1486  557.00000  637.88929  14.5%     -   20s
H    0     0                     558.0000000  637.88929  14.3%     -   20s
     0     0  637.84340    0 1486  558.00000  637.84340  14.3%     -   20s
     0     0  637.83252    0 1489  558.00000  637.83252  14.3%     -   20s
     0     0  637.58536    0 1488  558.00000  637.58536  14.3%     -   20s
H    0     0                     562.0000000  637.58536  13.4%     -   20s
     0     0  637.55609    0 1487  562.00000  637.55609  13.4%     -   21s
     0     0  637.54864    0 1487  562.00000  637.54864  13.4%     -   21s
     0     0  637.18688    0 1486  562.00000  637.18688  13.4%     -   21s
     0     0  637.12440    0 1486  562.00000  637.12440  13.4%     -   22s
     0     0  637.12000    0 1489  562.00000  637.12000  13.4%     -   22s
     0     0  636.94521    0 1491  562.00000  636.94521  13.3%     -   22s
     0     0  636.91976    0 1492  562.00000  636.91976  13.3%     -   22s
     0     0  636.91456    0 1492  562.00000  636.91456  13.3%     -   22s
     0     0  636.71081    0 1490  562.00000  636.71081  13.3%     -   23s
     0     0  636.66460    0 1489  562.00000  636.66460  13.3%     -   23s
     0     0  636.65912    0 1489  562.00000  636.65912  13.3%     -   23s
     0     0  636.49223    0 1490  562.00000  636.49223  13.3%     -   23s
     0     0  636.49223    0 1488  562.00000  636.49223  13.3%     -   23s
H    0     0                     563.0000000  636.49223  13.1%     -   25s
     0     2  636.49197    0 1488  563.00000  636.49197  13.1%     -   25s
     9    11  617.43739    6 1370  563.00000  636.32091  13.0%  3048   35s
    26    28  612.16772   19 1348  563.00000  636.32091  13.0%  2379   40s
H   54    54                     564.0000000  636.32091  12.8%  1835   44s
    57    59  587.97537   40 1234  564.00000  636.32091  12.8%  1828   45s
H   81    81                     566.0000000  636.32091  12.4%  1592   46s
   100    90  621.59596    5 1399  566.00000  636.32059  12.4%  1533   50s
H  104    90                     567.0000000  636.32059  12.2%  1491   50s
   118   106  616.31258   19 1373  567.00000  636.32059  12.2%  1577   55s
H  130   113                     568.0000000  636.32059  12.0%  1600   57s
   142   127  593.83399   35 1270  568.00000  636.32059  12.0%  1642   60s
H  162   143                     570.0000000  636.32059  11.6%  1609   62s
   213   174  636.06035    3 1488  570.00000  636.20162  11.6%  1406   65s
   226   187  604.66728   11 1328  570.00000  636.20162  11.6%  1506   70s
   253   214  585.84133   29 1244  570.00000  636.20162  11.6%  1536   75s
   282   233  621.18139    8 1398  570.00000  635.92793  11.6%  1544   81s
   296   247  602.48201   18 1305  570.00000  635.92793  11.6%  1574   85s
   325   276  598.32061   40 1283  570.00000  635.92793  11.6%  1554   90s
   365   308  630.44762    7 1446  570.00000  635.92735  11.6%  1535   96s
   375   318  605.44038   14 1325  570.00000  635.92735  11.6%  1560  100s
   400   335  626.88385    5 1437  570.00000  635.88774  11.6%  1577  106s
   409   344  601.86302   10 1319  570.00000  635.88774  11.6%  1610  110s
   458   377  623.50211    6 1415  570.00000  635.70649  11.5%  1544  116s
   471   390  617.48518   15 1377  570.00000  635.70649  11.5%  1571  120s
   491   410  611.11315   29 1339  570.00000  635.70649  11.5%  1593  125s
   516   435  602.83094   46 1291  570.00000  635.70649  11.5%  1601  130s
H  541   454                     571.0000000  635.70649  11.3%  1570  132s
   556   470  606.46862   14 1488  571.00000  635.70649  11.3%  1553  144s
   558   471  591.47030   19 1345  571.00000  635.70649  11.3%  1547  145s
   559   472  628.72301    4 1487  571.00000  635.70649  11.3%  1544  155s
   565   476  628.08377   12 1488  571.00000  635.70649  11.3%  1528  167s
   566   477  611.16371   25 1485  571.00000  635.70649  11.3%  1525  177s
   569   479  615.80009   27 1485  571.00000  635.70649  11.3%  1517  187s
   570   479  596.70408   33 1488  571.00000  635.70649  11.3%  1514  196s
   571   480  586.09441   24 1485  571.00000  635.70649  11.3%  1512  205s
   572   481  589.30556   57 1487  571.00000  635.70649  11.3%  1509  215s
   574   482  602.00690   23 1487  571.00000  635.70649  11.3%  1504  224s
   575   483  595.98047   33 1487  571.00000  635.70649  11.3%  1501  234s
   576   483  572.70192   36 1486  571.00000  635.70649  11.3%  1499  242s
   577   484  589.43709   14 1486  571.00000  635.70649  11.3%  1496  250s
   578   485  600.15052   57 1488  571.00000  635.70649  11.3%  1493  258s
   581   487  609.65226   17 1487  571.00000  635.70649  11.3%  1486  260s
   583   488  594.49992   35 1487  571.00000  635.70649  11.3%  1481  276s
   587   493  635.61265   11 1481  571.00000  635.70649  11.3%  1572  280s
   595   498  634.34808   15 1476  571.00000  635.57647  11.3%  1589  285s
   607   506  632.92541   21 1463  571.00000  635.57647  11.3%  1596  290s
   619   514  632.21659   27 1460  571.00000  635.57647  11.3%  1606  295s
   633   523  630.33817   34 1441  571.00000  635.57647  11.3%  1616  300s
   643   530  620.55405   39 1393  571.00000  635.57647  11.3%  1648  306s
   649   534  622.36167   42 1398  571.00000  635.57647  11.3%  1673  311s
   655   538  625.78229   45 1407  571.00000  635.57647  11.3%  1692  315s
   663   543  625.26568   49 1408  571.00000  635.57647  11.3%  1706  320s
   673   550  627.72481   54 1422  571.00000  635.57647  11.3%  1717  325s
   689   561  614.55755   62 1363  571.00000  635.57647  11.3%  1724  331s
   697   566  621.84504   66 1392  571.00000  635.57647  11.3%  1736  335s
   707   573  618.80902   71 1376  571.00000  635.57647  11.3%  1750  340s
   718   580  623.00308   77 1397  571.00000  635.57647  11.3%  1759  345s
   731   589  611.85178   83 1350  571.00000  635.57647  11.3%  1777  350s
   747   599  606.89333   91 1335  571.00000  635.57647  11.3%  1777  356s
   761   609  614.97876   98 1359  571.00000  635.57647  11.3%  1778  360s
   780   621  611.94194  108 1351  571.00000  635.57647  11.3%  1776  365s
   799   634  610.03102  117 1345  571.00000  635.57647  11.3%  1774  370s
   817   646  600.98554  126 1313  571.00000  635.57647  11.3%  1782  375s
   831   655  602.43193  133 1308  571.00000  635.57647  11.3%  1789  380s
   852   669  598.77258  144 1293  571.00000  635.57647  11.3%  1790  385s
   872   683  597.35438  154 1284  571.00000  635.57647  11.3%  1795  390s
   895   698  592.94437  165 1268  571.00000  635.57647  11.3%  1796  395s
   921   715  585.55014  178 1243  571.00000  635.57647  11.3%  1796  400s
   950   735  586.82288  193 1225  571.00000  635.57647  11.3%  1792  405s
   989   761  586.93790  212 1183  571.00000  635.57647  11.3%  1777  410s
  1072   816  579.68750  254 1070  571.00000  635.57647  11.3%  1697  415s
  1131   835  630.64685   14 1445  571.00000  635.55737  11.3%  1640  420s
  1137   839  630.80657   17 1446  571.00000  635.55737  11.3%  1653  425s
  1143   843  628.76566   20 1434  571.00000  635.55737  11.3%  1666  430s
  1151   849  629.27381   24 1438  571.00000  635.55737  11.3%  1679  435s
  1157   853  629.14799   27 1441  571.00000  635.55737  11.3%  1690  440s
  1163   857  626.95773   30 1421  571.00000  635.55737  11.3%  1704  445s
  1169   861  629.58923   33 1432  571.00000  635.55737  11.3%  1715  450s
  1177   866  618.42190   37 1390  571.00000  635.55737  11.3%  1729  455s
  1183   870  626.14394   40 1415  571.00000  635.55737  11.3%  1744  460s
  1191   875  623.38723   44 1404  571.00000  635.55737  11.3%  1757  465s
  1199   881  628.18295   48 1426  571.00000  635.55737  11.3%  1769  470s
H 1204   848                     572.0000000  635.55737  11.1%  1775  473s
  1207   852  626.35069   52 1417  572.00000  635.55737  11.1%  1783  475s
  1215   857  625.16628   56 1404  572.00000  635.55737  11.1%  1793  480s
  1225   864  623.80793   61 1404  572.00000  635.55737  11.1%  1805  485s
H 1231   838                     573.0000000  635.55737  10.9%  1808  488s
  1233   841  621.97808   65 1394  573.00000  635.55737  10.9%  1814  490s
  1242   847  627.17025   70 1418  573.00000  635.55737  10.9%  1823  495s
  1251   853  617.48766   74 1372  573.00000  635.55737  10.9%  1836  500s
  1261   860  619.83561   79 1376  573.00000  635.55737  10.9%  1846  505s
  1273   868  614.88748   85 1356  573.00000  635.55737  10.9%  1859  510s
  1285   876  620.86494   91 1379  573.00000  635.55737  10.9%  1867  515s
  1299   885  620.96659   98 1371  573.00000  635.55737  10.9%  1876  520s
  1315   896  620.15383  106 1367  573.00000  635.55737  10.9%  1881  525s
  1333   908  618.82046  115 1354  573.00000  635.55737  10.9%  1882  530s
  1351   920  609.08219  124 1329  573.00000  635.55737  10.9%  1886  535s
  1369   932  610.12662  133 1306  573.00000  635.55737  10.9%  1889  540s
  1390   946  614.79018  144 1324  573.00000  635.55737  10.9%  1889  545s
  1417   964  604.16420  157 1291  573.00000  635.55737  10.9%  1885  550s
  1455   989  606.77027  176 1282  573.00000  635.55737  10.9%  1868  555s
H 1474   964                     575.0000000  635.55737  10.5%  1859  557s
  1509   989  596.27799  203 1233  575.00000  635.55737  10.5%  1837  560s
  1622  1063  584.07132  260 1103  575.00000  635.55737  10.5%  1744  565s
  1694  1085  628.41092   14 1417  575.00000  634.98600  10.4%  1690  571s
  1700  1089  622.88083   17 1413  575.00000  634.98600  10.4%  1699  576s
  1706  1093  627.54247   20 1424  575.00000  634.98600  10.4%  1707  581s
  1712  1097  627.14992   23 1419  575.00000  634.98600  10.4%  1715  585s
  1718  1101  626.04725   26 1408  575.00000  634.98600  10.4%  1724  590s
  1726  1106  621.31139   30 1408  575.00000  634.98600  10.4%  1736  596s
  1730  1109  621.47547   32 1402  575.00000  634.98600  10.4%  1742  600s
  1739  1115  630.00887   37 1444  575.00000  634.98600  10.4%  1749  605s
  1748  1121  624.69557   41 1408  575.00000  634.98600  10.4%  1757  610s
  1756  1126  625.53904   45 1410  575.00000  634.98600  10.4%  1765  615s
  1764  1131  624.93459   49 1405  575.00000  634.98600  10.4%  1772  620s
  1773  1137  627.00833   54 1423  575.00000  634.98600  10.4%  1779  625s
  1782  1143  623.46579   58 1400  575.00000  634.98600  10.4%  1786  630s
  1792  1150  622.71780   63 1393  575.00000  634.98600  10.4%  1794  635s
  1802  1157  622.99831   68 1398  575.00000  634.98600  10.4%  1801  640s
  1814  1165  608.90441   74 1327  575.00000  634.98600  10.4%  1809  645s
  1826  1173  613.20297   80 1349  575.00000  634.98600  10.4%  1816  650s
  1840  1184  608.17007   87 1321  575.00000  634.98600  10.4%  1822  655s
  1854  1198  617.03269   94 1358  575.00000  634.98600  10.4%  1827  660s
  1870  1214  616.53596  102 1357  575.00000  634.98600  10.4%  1830  665s
H 1880  1217                     576.0000000  634.98600  10.2%  1830  667s
  1890  1229  615.12667  112 1350  576.00000  634.98600  10.2%  1833  670s
  1908  1247  608.60014  121 1317  576.00000  634.98600  10.2%  1837  675s
  1932  1271  612.56991  133 1329  576.00000  634.98600  10.2%  1838  680s
  1956  1295  598.12963  145 1254  576.00000  634.98600  10.2%  1836  685s
  1988  1327  605.23887  161 1298  576.00000  634.98600  10.2%  1828  690s
  2015  1354  604.37833  175 1291  576.00000  634.98600  10.2%  1820  695s
  2054  1393  595.70997  194 1222  576.00000  634.98600  10.2%  1806  700s
  2096  1435  591.69532  215 1183  576.00000  634.98600  10.2%  1783  705s
  2143  1482  586.05254  239 1146  576.00000  634.98600  10.2%  1754  714s
  2151  1488  585.43388  243 1139  576.00000  634.98600  10.2%  1749  715s
  2195  1528  578.27778  265 1013  576.00000  634.98600  10.2%  1723  721s
  2221  1532  577.25000  268  997  576.00000  634.98600  10.2%  1704  726s
  2229  1530  628.32763   14 1441  576.00000  634.98454  10.2%  1705  730s
  2235  1536  628.10637   17 1433  576.00000  634.98454  10.2%  1713  736s
  2239  1540  623.61261   19 1421  576.00000  634.98454  10.2%  1718  740s
  2246  1547  631.00289   23 1454  576.00000  634.98454  10.2%  1724  745s
  2249  1550  626.10922   24 1414  576.00000  634.98454  10.2%  1728  750s
  2257  1558  624.49298   28 1421  576.00000  634.98454  10.2%  1736  756s
  2262  1563  629.78206   31 1443  576.00000  634.98454  10.2%  1739  760s
  2269  1570  619.55819   34 1404  576.00000  634.98454  10.2%  1748  766s
  2275  1576  624.53085   37 1420  576.00000  634.98454  10.2%  1753  770s
  2283  1584  624.32703   41 1412  576.00000  634.98454  10.2%  1760  775s
  2289  1590  625.62778   44 1419  576.00000  634.98454  10.2%  1763  780s
  2297  1598  622.69513   48 1400  576.00000  634.98454  10.2%  1770  785s
  2305  1606  620.40565   52 1397  576.00000  634.98454  10.2%  1775  790s
  2313  1614  619.34673   56 1399  576.00000  634.98454  10.2%  1781  795s
  2316  1617  625.26775   58 1420  576.00000  634.98454  10.2%  1783  800s
  2325  1626  620.37832   62 1388  576.00000  634.98454  10.2%  1789  805s
  2335  1636  621.56388   67 1394  576.00000  634.98454  10.2%  1795  810s
  2343  1644  615.49377   71 1363  576.00000  634.98454  10.2%  1802  818s
  2345  1646  619.90460   72 1383  576.00000  634.98454  10.2%  1803  821s
  2352  1653  622.86439   76 1401  576.00000  634.98454  10.2%  1806  825s
  2363  1664  608.93182   81 1332  576.00000  634.98454  10.2%  1813  830s
  2370  1671  621.92123   85 1393  576.00000  634.98454  10.2%  1814  839s
  2371  1672  616.85443   85 1351  576.00000  634.98454  10.2%  1816  840s
  2383  1684  612.60990   91 1341  576.00000  634.98454  10.2%  1821  845s
  2397  1698  617.24223   98 1358  576.00000  634.98454  10.2%  1825  853s
  2402  1703  619.50947  101 1377  576.00000  634.98454  10.2%  1826  855s
  2419  1720  616.01442  109 1353  576.00000  634.98454  10.2%  1830  860s
  2424  1725  617.56457  112 1360  576.00000  634.98454  10.2%  1829  867s
  2433  1734  613.70797  116 1335  576.00000  634.98454  10.2%  1830  870s
  2451  1752  611.89773  125 1332  576.00000  634.98454  10.2%  1833  878s
  2459  1760  611.30912  129 1332  576.00000  634.98454  10.2%  1832  880s
  2478  1779  611.18615  139 1330  576.00000  634.98454  10.2%  1831  895s
  2493  1794  605.88180  146 1303  576.00000  634.98454  10.2%  1831  900s
  2532  1833  604.38013  166 1300  576.00000  634.98454  10.2%  1823  905s
  2583  1884  589.78305  191 1222  576.00000  634.98454  10.2%  1810  910s
  2653  1954  586.72499  226 1193  576.00000  634.98454  10.2%  1782  915s
  2736  2021  629.80867   15 1441  576.00000  634.59919  10.2%  1746  921s
  2740  2025  628.49554   17 1426  576.00000  634.59919  10.2%  1751  925s
  2746  2031  629.19072   20 1438  576.00000  634.59919  10.2%  1757  930s
  2752  2037  629.81481   23 1434  576.00000  634.59919  10.2%  1762  935s
  2758  2043  628.14345   26 1440  576.00000  634.59919  10.2%  1767  940s
  2765  2050  631.78126   30 1456  576.00000  634.59919  10.2%  1773  945s
  2772  2057  627.57128   33 1432  576.00000  634.59919  10.2%  1780  951s
  2778  2063  625.38136   36 1421  576.00000  634.59919  10.2%  1784  955s
  2782  2067  621.61616   38 1400  576.00000  634.59919  10.2%  1787  961s
  2788  2073  625.22079   41 1419  576.00000  634.59919  10.2%  1792  965s
  2794  2079  617.31969   44 1372  576.00000  634.59919  10.2%  1797  970s
  2800  2085  617.60879   47 1384  576.00000  634.59919  10.2%  1802  975s
  2808  2093  617.34465   51 1372  576.00000  634.59919  10.2%  1809  981s
  2814  2099  624.65289   54 1408  576.00000  634.59919  10.2%  1813  985s
  2824  2109  623.32000   59 1398  576.00000  634.59919  10.2%  1818  990s
  2834  2119  623.56418   64 1395  576.00000  634.59919  10.2%  1823  995s
  2844  2129  620.07003   69 1373  576.00000  634.59919  10.2%  1827 1000s
  2854  2139  621.36900   74 1388  576.00000  634.59919  10.2%  1831 1005s
  2866  2151  617.61262   80 1373  576.00000  634.59919  10.2%  1836 1010s
  2877  2162  623.23318   86 1398  576.00000  634.59919  10.2%  1839 1015s
  2890  2175  614.40318   92 1341  576.00000  634.59919  10.2%  1845 1020s
  2905  2190  620.92027  100 1384  576.00000  634.59919  10.2%  1847 1025s
  2924  2209  616.09276  109 1352  576.00000  634.59919  10.2%  1850 1030s
  2942  2227  611.11977  118 1324  576.00000  634.59919  10.2%  1853 1035s
  2966  2251  611.61497  130 1319  576.00000  634.59919  10.2%  1853 1040s
  2990  2275  610.14309  142 1321  576.00000  634.59919  10.2%  1853 1045s
  3012  2297  607.82435  153 1296  576.00000  634.59919  10.2%  1852 1057s
  3013  2298  610.15928  154 1306  576.00000  634.59919  10.2%  1852 1060s
  3052  2337  605.12770  173 1257  576.00000  634.59919  10.2%  1846 1065s
  3111  2396  597.83579  203 1221  576.00000  634.59919  10.2%  1831 1070s
  3241  2522  577.73913  268 1032  576.00000  634.59919  10.2%  1777 1075s
  3262  2524  623.76253   18 1416  576.00000  634.59843  10.2%  1775 1081s
  3266  2528  629.65228   20 1443  576.00000  634.59843  10.2%  1779 1085s
  3272  2534  629.59208   23 1432  576.00000  634.59843  10.2%  1783 1090s
  3278  2540  623.38063   26 1409  576.00000  634.59843  10.2%  1788 1095s
  3282  2544  616.48112   28 1383  576.00000  634.59843  10.2%  1792 1100s
  3289  2551  631.44245   32 1454  576.00000  634.59843  10.2%  1796 1105s
  3296  2558  623.81723   35 1419  576.00000  634.59843  10.2%  1803 1111s
  3302  2564  624.18548   38 1417  576.00000  634.59843  10.2%  1807 1116s
  3308  2570  624.71026   41 1399  576.00000  634.59843  10.2%  1812 1121s
  3314  2576  617.75040   44 1374  576.00000  634.59843  10.2%  1817 1125s
  3324  2586  625.02857   49 1414  576.00000  634.59843  10.2%  1822 1130s
  3334  2596  622.48622   54 1405  576.00000  634.59843  10.2%  1828 1135s
  3342  2604  624.29644   58 1401  576.00000  634.59843  10.2%  1831 1140s
  3352  2614  620.56240   63 1390  576.00000  634.59843  10.2%  1836 1145s
  3360  2622  623.29995   67 1392  576.00000  634.59843  10.2%  1839 1150s
  3368  2630  615.51673   71 1364  576.00000  634.59843  10.2%  1842 1155s
  3381  2643  624.24871   78 1400  576.00000  634.59843  10.2%  1845 1160s
  3394  2656  616.65206   84 1361  576.00000  634.59843  10.2%  1849 1165s
  3412  2674  614.54151   93 1353  576.00000  634.59843  10.2%  1855 1170s
  3428  2690  616.75957  101 1356  576.00000  634.59843  10.2%  1858 1175s
  3444  2706  617.72885  109 1353  576.00000  634.59843  10.2%  1861 1180s
  3465  2727  617.46848  120 1353  576.00000  634.59843  10.2%  1863 1185s
  3480  2742  612.29013  127 1322  576.00000  634.59843  10.2%  1864 1197s
  3492  2754  614.41132  133 1331  576.00000  634.59843  10.2%  1865 1200s
  3520  2782  610.51405  147 1310  576.00000  634.59843  10.2%  1864 1205s
  3558  2820  605.94231  166 1282  576.00000  634.59843  10.2%  1859 1210s
  3591  2853  601.24630  183 1268  576.00000  634.59843  10.2%  1852 1215s
  3688  2950  587.16438  231 1170  576.00000  634.59843  10.2%  1821 1220s
  3762  2999  622.78955   17 1409  576.00000  634.55763  10.2%  1795 1225s
  3770  3007  627.53924   21 1430  576.00000  634.55763  10.2%  1800 1230s
  3778  3015  623.94201   25 1412  576.00000  634.55763  10.2%  1805 1235s
  3786  3023  623.52895   29 1415  576.00000  634.55763  10.2%  1810 1241s
  3792  3029  623.43797   32 1407  576.00000  634.55763  10.2%  1813 1245s
  3800  3037  621.09585   36 1392  576.00000  634.55763  10.2%  1818 1251s
  3806  3043  617.87004   39 1381  576.00000  634.55763  10.2%  1822 1255s
  3814  3051  626.02599   43 1406  576.00000  634.55763  10.2%  1826 1260s
  3822  3059  618.35869   47 1377  576.00000  634.55763  10.2%  1831 1265s
  3831  3068  627.18622   52 1422  576.00000  634.55763  10.2%  1835 1270s
  3842  3079  621.48945   57 1385  576.00000  634.55763  10.2%  1839 1275s
  3852  3089  619.37667   62 1380  576.00000  634.55763  10.2%  1844 1280s
  3856  3093  621.45472   64 1382  576.00000  634.55763  10.2%  1845 1286s
  3864  3101  617.24215   68 1362  576.00000  634.55763  10.2%  1848 1290s
  3874  3111  620.17836   73 1376  576.00000  634.55763  10.2%  1852 1295s
  3887  3124  623.09029   80 1386  576.00000  634.55763  10.2%  1855 1300s
  3900  3137  613.78669   86 1346  576.00000  634.55763  10.2%  1859 1305s
  3914  3151  611.66285   93 1326  576.00000  634.55763  10.2%  1861 1310s
  3934  3171  608.05725  103 1291  576.00000  634.55763  10.2%  1863 1315s
  3954  3191  608.08736  113 1303  576.00000  634.55763  10.2%  1864 1320s
  3978  3215  608.24703  125 1314  576.00000  634.55763  10.2%  1865 1325s
  3995  3232  612.45571  134 1317  576.00000  634.55763  10.2%  1864 1336s
  4008  3245  609.11285  140 1300  576.00000  634.55763  10.2%  1864 1341s
  4034  3271  606.16871  153 1288  576.00000  634.55763  10.2%  1861 1345s
  4086  3323  599.46326  179 1224  576.00000  634.55763  10.2%  1852 1350s
  4243  3474  577.97755  258 1066  576.00000  634.55763  10.2%  1804 1355s
  4269  3480  623.25833   13 1410  576.00000  634.55670  10.2%  1798 1360s
  4277  3488  628.96571   17 1435  576.00000  634.55670  10.2%  1803 1366s
  4283  3494  616.29809   20 1380  576.00000  634.55670  10.2%  1807 1371s
  4289  3500  628.18459   23 1420  576.00000  634.55670  10.2%  1809 1375s
  4297  3508  626.62266   27 1422  576.00000  634.55670  10.2%  1813 1381s
  4303  3514  624.58191   30 1403  576.00000  634.55670  10.2%  1817 1385s
  4311  3522  623.24919   34 1407  576.00000  634.55670  10.2%  1821 1391s
  4317  3528  622.27982   37 1404  576.00000  634.55670  10.2%  1824 1395s
  4323  3534  621.58278   40 1395  576.00000  634.55670  10.2%  1827 1400s
  4331  3542  625.57680   44 1412  576.00000  634.55670  10.2%  1831 1405s
  4338  3549  627.80878   48 1422  576.00000  634.55670  10.2%  1833 1420s
  4347  3558  623.21356   52 1397  576.00000  634.55670  10.2%  1837 1425s
  4355  3566  619.64720   56 1378  576.00000  634.55670  10.2%  1839 1430s
  4365  3576  623.12485   61 1386  576.00000  634.55670  10.2%  1843 1435s
  4375  3586  621.33250   66 1378  576.00000  634.55670  10.2%  1845 1440s
  4387  3598  619.22561   72 1369  576.00000  634.55670  10.2%  1848 1445s
  4405  3616  615.07611   81 1349  576.00000  634.55670  10.2%  1850 1450s
  4413  3624  613.19652   85 1336  576.00000  634.55670  10.2%  1852 1455s
  4427  3638  617.31994   92 1356  576.00000  634.55670  10.2%  1853 1460s
  4443  3654  617.15723  100 1360  576.00000  634.55670  10.2%  1855 1465s
  4463  3674  613.85553  110 1343  576.00000  634.55670  10.2%  1856 1470s
  4483  3694  611.13752  120 1316  576.00000  634.55670  10.2%  1856 1475s
  4507  3718  611.62694  132 1316  576.00000  634.55670  10.2%  1857 1480s
  4539  3750  606.21572  148 1278  576.00000  634.55670  10.2%  1854 1485s
  4557  3768  605.44792  157 1279  576.00000  634.55670  10.2%  1852 1491s
  4593  3804  600.26593  175 1236  576.00000  634.55670  10.2%  1846 1495s
  4680  3891  588.88513  219 1200  576.00000  634.55670  10.2%  1826 1500s
  4787  3965  632.13145   23 1457  576.00000  634.34768  10.1%  1794 1505s
  4811  3989  628.79767   46 1433  576.00000  634.34768  10.1%  1790 1510s
  4854  4032  622.73875   89 1391  576.00000  634.34768  10.1%  1781 1515s
  4889  4067  614.38941  116 1345  576.00000  634.34768  10.1%  1776 1520s
  4935  4113  608.33678  151 1316  576.00000  634.34768  10.1%  1769 1525s
  4984  4162  600.75093  170 1266  576.00000  634.34768  10.1%  1762 1530s
  5040  4218  594.49810  198 1237  576.00000  634.34768  10.1%  1751 1535s
  5124  4302  589.84024  222 1187  576.00000  634.34768  10.1%  1733 1540s
  5263  4441  581.48616  250 1134  576.00000  634.34768  10.1%  1699 1545s
  5390  4532  632.01261   26 1462  576.00000  634.34753  10.1%  1666 1550s
  5420  4562  627.74697   56 1430  576.00000  634.34753  10.1%  1662 1555s
  5445  4587  623.95252   80 1409  576.00000  634.34753  10.1%  1659 1560s
  5472  4614  617.96317   99 1368  576.00000  634.34753  10.1%  1657 1565s
  5502  4644  614.71324  122 1345  576.00000  634.34753  10.1%  1655 1570s
  5554  4696  606.79817  160 1308  576.00000  634.34753  10.1%  1648 1575s
  5619  4761  599.68225  181 1260  576.00000  634.34753  10.1%  1639 1580s
  5654  4796  596.17147  191 1212  576.00000  634.34753  10.1%  1633 1586s
  5743  4885  588.23712  230 1173  576.00000  634.34753  10.1%  1616 1590s
  5973  5088  633.77695   16 1468  576.00000  634.34271  10.1%  1564 1595s
  5986  5101  631.48609   29 1455  576.00000  634.34271  10.1%  1563 1600s
  6012  5127  627.61067   55 1425  576.00000  634.34271  10.1%  1560 1612s
  6035  5150  623.08054   75 1394  576.00000  634.34271  10.1%  1558 1615s
  6078  5193  617.75543  117 1353  576.00000  634.34271  10.1%  1553 1620s
  6123  5238  610.68077  149 1315  576.00000  634.34271  10.1%  1550 1625s
  6172  5287  603.40086  177 1255  576.00000  634.34271  10.1%  1547 1630s
  6266  5381  593.16256  218 1222  576.00000  634.34271  10.1%  1534 1635s
  6438  5553  582.19708  254 1122  576.00000  634.34271  10.1%  1502 1640s
  6581  5678  623.60968   15 1419  576.00000  634.22259  10.1%  1476 1645s
  6626  5723  616.11949   60 1371  576.00000  634.22259  10.1%  1470 1651s
  6669  5766  609.17519  100 1305  576.00000  634.22259  10.1%  1466 1655s
  6720  5817  599.20949  132 1252  576.00000  634.22259  10.1%  1462 1660s
  6831  5928  586.07843  183 1172  576.00000  634.22259  10.1%  1448 1665s
  6950  6021  628.85329   14 1449  576.00000  634.18859  10.1%  1429 1670s
  6982  6053  623.58962   46 1408  576.00000  634.18859  10.1%  1426 1675s
  7014  6085  618.70951   78 1367  576.00000  634.18859  10.1%  1423 1685s
  7037  6108  612.62996   95 1335  576.00000  634.18859  10.1%  1422 1690s
  7087  6158  605.64874  137 1304  576.00000  634.18859  10.1%  1418 1695s
  7162  6233  594.98854  172 1235  576.00000  634.18859  10.1%  1412 1700s
  7281  6352  582.63333  215 1152  576.00000  634.18859  10.1%  1398 1705s
  7427  6461  632.16362   25 1464  576.00000  634.18749  10.1%  1377 1710s
  7453  6487  628.62505   50 1432  576.00000  634.18749  10.1%  1376 1716s
  7480  6514  624.15235   77 1407  576.00000  634.18749  10.1%  1374 1720s
  7522  6556  614.57334  113 1356  576.00000  634.18749  10.1%  1371 1725s
  7556  6590  610.11689  137 1310  576.00000  634.18749  10.1%  1371 1730s
  7625  6659  600.04355  184 1259  576.00000  634.18749  10.1%  1366 1735s
  7696  6730  592.11803  213 1169  576.00000  634.18749  10.1%  1360 1740s
  7840  6874  583.89409  238 1178  576.00000  634.18749  10.1%  1343 1745s
  7979  6987  633.32452   20 1474  576.00000  634.10261  10.1%  1326 1750s
  7997  7005  630.20077   38 1449  576.00000  634.10261  10.1%  1325 1755s
  7998  7006  630.14783   39 1449  576.00000  634.10261  10.1%  1325 1770s
  8016  7024  627.29764   57 1432  576.00000  634.10261  10.1%  1324 1785s
  8026  7034  625.65460   66 1422  576.00000  634.10261  10.1%  1324 1790s
  8072  7080  617.88180  112 1371  576.00000  634.10261  10.1%  1321 1795s
  8106  7114  611.23467  137 1321  576.00000  634.10261  10.1%  1321 1800s
  8174  7182  600.53624  179 1245  576.00000  634.10261  10.1%  1316 1805s
  8277  7285  589.95321  218 1178  576.00000  634.10261  10.1%  1307 1810s
  8408  7416  583.16119  241 1144  576.00000  634.10261  10.1%  1293 1815s
  8570  7564  632.60848   25 1456  576.00000  634.10163  10.1%  1274 1820s
  8603  7597  627.59893   58 1426  576.00000  634.10163  10.1%  1273 1825s
  8626  7620  623.36935   80 1406  576.00000  634.10163  10.1%  1272 1830s
  8657  7651  617.36742  103 1367  576.00000  634.10163  10.1%  1272 1835s
  8720  7714  606.18842  157 1300  576.00000  634.10163  10.1%  1269 1840s
  8790  7784  596.60228  194 1263  576.00000  634.10163  10.1%  1265 1845s
  8916  7910  585.55017  235 1188  576.00000  634.10163  10.1%  1254 1850s
  9100  8076  633.52197   19 1473  576.00000  634.00948  10.1%  1236 1855s
  9115  8091  631.26158   34 1459  576.00000  634.00948  10.1%  1235 1860s
  9126  8102  604.69082   45 1329  576.00000  634.00948  10.1%  1237 1865s
  9175  8141  629.35516   17 1443  576.00000  633.98841  10.1%  1234 1870s
  9217  8183  621.97525   59 1399  576.00000  633.98841  10.1%  1233 1875s
  9287  8253  607.26147  129 1316  576.00000  633.98841  10.1%  1228 1880s
  9415  8359  629.28635   15 1448  576.00000  633.98256  10.1%  1217 1885s
  9421  8365  629.24751   18 1443  576.00000  633.98256  10.1%  1219 1890s
  9427  8371  628.16189   21 1437  576.00000  633.98256  10.1%  1221 1895s
  9431  8375  626.61003   23 1423  576.00000  633.98256  10.1%  1222 1903s
  9433  8377  625.58268   24 1432  576.00000  633.98256  10.1%  1223 1905s
  9439  8383  622.78306   27 1410  576.00000  633.98256  10.1%  1225 1910s
  9446  8390  630.49646   31 1455  576.00000  633.98256  10.1%  1227 1915s
  9452  8396  630.15817   34 1454  576.00000  633.98256  10.1%  1229 1920s
  9459  8403  624.10623   37 1414  576.00000  633.98256  10.1%  1231 1925s
  9465  8409  622.67325   40 1403  576.00000  633.98256  10.1%  1234 1930s
  9471  8415  623.63790   43 1412  576.00000  633.98256  10.1%  1236 1935s
  9481  8425  619.11412   48 1378  576.00000  633.98256  10.1%  1238 1941s
  9487  8431  623.79060   51 1413  576.00000  633.98256  10.1%  1240 1945s
  9497  8441  623.37362   56 1407  576.00000  633.98256  10.1%  1243 1950s
  9507  8451  620.66203   61 1386  576.00000  633.98256  10.1%  1245 1955s
  9517  8461  621.40298   66 1391  576.00000  633.98256  10.1%  1248 1960s
  9525  8469  619.95118   70 1389  576.00000  633.98256  10.1%  1249 1965s
  9535  8479  622.64298   75 1390  576.00000  633.98256  10.1%  1251 1970s
  9548  8492  623.79766   82 1398  576.00000  633.98256  10.1%  1253 1975s
  9559  8503  620.49079   87 1387  576.00000  633.98256  10.1%  1255 1980s
  9575  8519  617.17559   95 1370  576.00000  633.98256  10.1%  1257 1985s
  9591  8535  611.89214  103 1346  576.00000  633.98256  10.1%  1260 1990s
  9612  8556  616.81857  114 1365  576.00000  633.98256  10.1%  1262 1995s
  9620  8564  615.36502  118 1361  576.00000  633.98256  10.1%  1262 2004s
  9621  8565  614.08903  118 1353  576.00000  633.98256  10.1%  1262 2005s
  9653  8597  609.27160  134 1324  576.00000  633.98256  10.1%  1264 2010s
  9687  8631  606.61723  151 1312  576.00000  633.98256  10.1%  1266 2015s
  9735  8679  600.31143  175 1284  576.00000  633.98256  10.1%  1265 2020s
  9809  8753  587.13710  212 1179  576.00000  633.98256  10.1%  1263 2025s
  9922  8841  631.10908   21 1457  576.00000  633.89879  10.1%  1254 2030s
  9957  8876  625.14041   56 1418  576.00000  633.89879  10.1%  1253 2035s
 10000  8919  619.07209   99 1373  576.00000  633.89879  10.1%  1251 2040s
 10021  8940  613.96241  120 1347  576.00000  633.89879  10.1%  1250 2045s
 10179  9072  633.05648   19 1469  576.00000  633.89803  10.1%  1236 2050s
 10203  9095  581.42739  247 1488  576.00000  633.89803  10.1%  1236 2827s
 10206  9097  625.53846   34 1488  576.00000  633.89803  10.1%  1235 2836s
 10207  9098  590.09702  218 1489  576.00000  632.68634  9.84%  1235 2840s
 10213  9102  618.61508  110 1492  576.00000  631.47992  9.63%  1234 2856s
 10214  9102  577.07273  261 1492  576.00000  631.42079  9.62%  1234 2870s
 10217  9104  609.46999  121 1493  576.00000  631.38939  9.62%  1234 2885s
 10218  9105  615.36959   89 1492  576.00000  630.46651  9.46%  1234 2899s
 10221  9107  602.65649  176 1495  576.00000  630.22228  9.41%  1233 2900s
 10223  9108  581.53137  256 1495  576.00000  630.21469  9.41%  1233 2916s
 10224  9109  602.99825  176 1489  576.00000  629.87146  9.35%  1233 2932s
 10229  9112  620.54577   76 1490  576.00000  629.71352  9.33%  1232 2951s
 10230  9113  629.40468   29 1491  576.00000  629.40468  9.27%  1232 2967s
 10234  9116  578.48485  251 1495  576.00000  629.30438  9.25%  1232 2985s
 10235  9116  605.36886  156 1489  576.00000  629.08139  9.22%  1232 3001s
 10238  9118  627.49217   35 1490  576.00000  629.01959  9.20%  1231 3018s
 10239  9119  583.65120  240 1491  576.00000  628.97284  9.20%  1231 3033s
 10240  9120  580.34259  223 1492  576.00000  628.96903  9.20%  1231 3049s
 10241  9120  579.11000  252 1493  576.00000  628.89379  9.18%  1231 3065s
 10244  9122  613.97949   51 1492  576.00000  628.85911  9.18%  1231 3083s
 10245  9123  621.72301   70 1492  576.00000  628.79170  9.17%  1230 3099s
 10248  9125  613.72285  126 1492  576.00000  628.76619  9.16%  1230 3117s
 10249  9126  603.70220  141 1491  576.00000  628.74713  9.16%  1230 3133s
 10252  9128  613.85252  118 1493  576.00000  628.73147  9.15%  1230 3151s
 10253  9128  587.93807  235 1491  576.00000  628.72759  9.15%  1230 3168s
 10254  9129  579.94231  249 1492  576.00000  628.72411  9.15%  1229 3185s
 10255  9130  604.89080  157 1492  576.00000  628.72167  9.15%  1229 3203s
 10256  9130  602.85115  172 1492  576.00000  628.72085  9.15%  1229 3222s
 10257  9131  626.61286   38 1489  576.00000  628.69566  9.15%  1229 3238s
 10260  9133  594.59404  203 1494  576.00000  628.67789  9.15%  1229 3257s
 10261  9134  622.87046   85 1495  576.00000  628.65068  9.14%  1229 3274s
 10263  9135  611.59230  117 1495  576.00000  628.63977  9.14%  1228 3294s
 10264  9136  613.46031   78 1492  576.00000  628.62683  9.14%  1228 3311s
 10265  9136  583.93360  238 1493  576.00000  628.62302  9.14%  1228 3330s
 10266  9137  623.44252   46 1494  576.00000  628.62015  9.14%  1228 3351s
 10267  9138  588.58450  218 1494  576.00000  628.61932  9.14%  1228 3371s
 10268  9138  622.59108   89 1493  576.00000  628.61919  9.14%  1228 3391s
 10269  9139  623.42568   33 1494  576.00000  628.61910  9.14%  1228 3412s
 10270  9140  587.98757  236 1494  576.00000  628.61909  9.14%  1227 3431s
 10271  9140  627.23937   32 1494  576.00000  628.61606  9.13%  1227 3451s
 10272  9141  604.73242  149 1492  576.00000  628.61602  9.13%  1227 3470s
 10273  9142  600.19527  148 1492  576.00000  628.61602  9.13%  1227 3489s
 10274  9144  628.53972   19 1492  576.00000  628.61026  9.13%  1235 3490s
 10281  9149  626.55255   22 1475  576.00000  628.40221  9.10%  1236 3496s
 10288  9154  625.89221   26 1475  576.00000  628.40221  9.10%  1237 3500s
 10297  9160  625.33900   30 1468  576.00000  628.40221  9.10%  1238 3505s
 10306  9166  624.47319   35 1466  576.00000  628.40221  9.10%  1239 3510s
 10316  9172  622.79663   40 1461  576.00000  628.40221  9.10%  1240 3515s
 10325  9178  621.24457   44 1449  576.00000  628.40221  9.10%  1242 3520s
 10338  9187  619.84930   51 1447  576.00000  628.40221  9.10%  1243 3525s
 10351  9196  617.67299   57 1436  576.00000  628.40221  9.10%  1244 3530s
 10361  9202  615.04027   62 1429  576.00000  628.40221  9.10%  1245 3535s
 10373  9210  613.71910   68 1420  576.00000  628.40221  9.10%  1247 3540s
 10385  9218  612.09157   74 1413  576.00000  628.40221  9.10%  1248 3545s
 10401  9229  608.73200   82 1398  576.00000  628.40221  9.10%  1250 3550s
 10417  9240  606.21147   90 1386  576.00000  628.40221  9.10%  1250 3555s
 10435  9252  604.51503   99 1382  576.00000  628.40221  9.10%  1252 3560s
 10449  9261  600.15756  106 1359  576.00000  628.40221  9.10%  1254 3565s
 10463  9270  598.76209  113 1354  576.00000  628.40221  9.10%  1255 3570s
 10479  9281  595.28954  121 1345  576.00000  628.40221  9.10%  1257 3575s
 10492  9290  597.52861  128 1358  576.00000  628.40221  9.10%  1258 3580s
 10508  9300  595.51054  136 1352  576.00000  628.40221  9.10%  1259 3585s
 10527  9313  591.23916  145 1325  576.00000  628.40221  9.10%  1261 3590s
 10543  9324  579.86894  153 1275  576.00000  628.40221  9.10%  1263 3595s

Cutting planes:
  Gomory: 7
  MIR: 1
  Flow cover: 55
  Zero half: 606
  RLT: 154
  BQP: 34

Explored 10559 nodes (13480404 simplex iterations) in 3600.00 seconds (4771.99 work units)
Thread count was 1 (of 24 available processors)

Solution count 10: 576 575 573 ... 564

Time limit reached
Best objective 5.760000000000e+02, best bound 6.280000000000e+02, gap 9.0278%

User-callback calls 181494, time in user-callback 1.16 sec
