
Gurobi 11.0.3 (linux64) logging started Thu Mar  5 18:04:10 2026

Set parameter LogFile to value "./log/train/IS_1500_6/IS_53.lp.log"
Set parameter TimeLimit to value 3600
Gurobi Optimizer version 11.0.3 build v11.0.3rc0 (linux64 - "Ubuntu 22.04.5 LTS")

CPU model: AMD Ryzen 9 9900X 12-Core Processor, instruction set [SSE2|AVX|AVX2|AVX512]
Thread count: 12 physical cores, 24 logical processors, using up to 2 threads

Optimize a model with 9202 rows, 1500 columns and 18120 nonzeros
Model fingerprint: 0x828faed1
Variable types: 0 continuous, 1500 integer (1500 binary)
Coefficient statistics:
  Matrix range     [1e+00, 1e+00]
  Objective range  [1e+00, 1e+00]
  Bounds range     [1e+00, 1e+00]
  RHS range        [1e+00, 1e+00]
Found heuristic solution: objective 321.0000000
Presolve removed 1779 rows and 0 columns
Presolve time: 0.02s
Presolved: 7423 rows, 1500 columns, 16272 nonzeros
Variable types: 0 continuous, 1500 integer (1500 binary)

Root relaxation: objective 6.840000e+02, 4636 iterations, 0.18 seconds (0.30 work units)

    Nodes    |    Current Node    |     Objective Bounds      |     Work
 Expl Unexpl |  Obj  Depth IntInf | Incumbent    BestBd   Gap | It/Node Time

     0     0  684.00000    0 1337  321.00000  684.00000   113%     -    0s
H    0     0                     530.0000000  684.00000  29.1%     -    0s
H    0     0                     533.0000000  684.00000  28.3%     -    0s
     0     0  668.76761    0 1482  533.00000  668.76761  25.5%     -    1s
H    0     0                     554.0000000  668.76761  20.7%     -    1s
     0     0  668.76761    0 1482  554.00000  668.76761  20.7%     -    1s
     0     0  661.62903    0 1478  554.00000  661.62903  19.4%     -    2s
H    0     0                     555.0000000  661.62903  19.2%     -    2s
     0     0  661.29209    0 1475  555.00000  661.29209  19.2%     -    2s
     0     0  661.24035    0 1477  555.00000  661.24035  19.1%     -    2s
     0     0  661.23646    0 1476  555.00000  661.23646  19.1%     -    2s
     0     0  657.27610    0 1476  555.00000  657.27610  18.4%     -    2s
     0     0  656.83366    0 1481  555.00000  656.83366  18.3%     -    2s
     0     0  656.76684    0 1476  555.00000  656.76684  18.3%     -    3s
     0     0  656.75168    0 1476  555.00000  656.75168  18.3%     -    3s
     0     0  656.74396    0 1478  555.00000  656.74396  18.3%     -    3s
     0     0  656.74357    0 1477  555.00000  656.74357  18.3%     -    3s
     0     0  652.96287    0 1486  555.00000  652.96287  17.7%     -    3s
     0     0  652.72709    0 1483  555.00000  652.72709  17.6%     -    3s
     0     0  652.65896    0 1485  555.00000  652.65896  17.6%     -    4s
     0     0  652.64230    0 1485  555.00000  652.64230  17.6%     -    4s
     0     0  652.64036    0 1484  555.00000  652.64036  17.6%     -    4s
     0     0  651.35924    0 1485  555.00000  651.35924  17.4%     -    4s
     0     0  651.16778    0 1487  555.00000  651.16778  17.3%     -    4s
     0     0  651.12252    0 1485  555.00000  651.12252  17.3%     -    4s
     0     0  651.11579    0 1487  555.00000  651.11579  17.3%     -    4s
     0     0  650.16574    0 1484  555.00000  650.16574  17.1%     -    5s
H    0     0                     557.0000000  650.16574  16.7%     -    5s
     0     0  650.03341    0 1482  557.00000  650.03341  16.7%     -    5s
     0     0  650.01184    0 1483  557.00000  650.01184  16.7%     -    5s
     0     0  650.00094    0 1484  557.00000  650.00094  16.7%     -    5s
     0     0  649.99641    0 1485  557.00000  649.99641  16.7%     -    5s
     0     0  649.06819    0 1482  557.00000  649.06819  16.5%     -    5s
     0     0  648.91392    0 1483  557.00000  648.91392  16.5%     -    5s
     0     0  648.88644    0 1483  557.00000  648.88644  16.5%     -    5s
     0     0  648.88233    0 1482  557.00000  648.88233  16.5%     -    5s
     0     0  648.36883    0 1486  557.00000  648.36883  16.4%     -    6s
     0     0  648.25304    0 1487  557.00000  648.25304  16.4%     -    6s
     0     0  648.23229    0 1487  557.00000  648.23229  16.4%     -    6s
     0     0  648.22862    0 1489  557.00000  648.22862  16.4%     -    6s
     0     0  647.57453    0 1490  557.00000  647.57453  16.3%     -    6s
H    0     0                     559.0000000  647.57453  15.8%     -    6s
     0     0  647.46983    0 1491  559.00000  647.46983  15.8%     -    6s
     0     0  647.46260    0 1489  559.00000  647.46260  15.8%     -    6s
     0     0  646.40578    0 1484  559.00000  646.40578  15.6%     -    7s
H    0     0                     562.0000000  646.40578  15.0%     -    7s
     0     0  646.14334    0 1484  562.00000  646.14334  15.0%     -    7s
     0     0  646.09477    0 1484  562.00000  646.09477  15.0%     -    7s
     0     0  646.08600    0 1486  562.00000  646.08600  15.0%     -    7s
     0     0  645.38252    0 1487  562.00000  645.38252  14.8%     -    8s
     0     0  645.23121    0 1487  562.00000  645.23121  14.8%     -    8s
     0     0  645.18051    0 1489  562.00000  645.18051  14.8%     -    8s
     0     0  645.17194    0 1490  562.00000  645.17194  14.8%     -    8s
     0     0  644.76198    0 1487  562.00000  644.76198  14.7%     -    8s
     0     0  644.69490    0 1488  562.00000  644.69490  14.7%     -    8s
     0     0  644.68687    0 1489  562.00000  644.68687  14.7%     -    8s
     0     0  644.22594    0 1491  562.00000  644.22594  14.6%     -    9s
     0     0  644.17896    0 1490  562.00000  644.17896  14.6%     -    9s
     0     0  644.16439    0 1490  562.00000  644.16439  14.6%     -    9s
     0     0  643.83671    0 1487  562.00000  643.83671  14.6%     -    9s
     0     0  643.78664    0 1491  562.00000  643.78664  14.6%     -    9s
     0     0  643.77667    0 1491  562.00000  643.77667  14.6%     -    9s
     0     0  643.53436    0 1487  562.00000  643.53436  14.5%     -   10s
     0     0  643.49277    0 1489  562.00000  643.49277  14.5%     -   10s
     0     0  643.48145    0 1489  562.00000  643.48145  14.5%     -   10s
     0     0  643.22738    0 1488  562.00000  643.22738  14.5%     -   10s
     0     0  643.17378    0 1486  562.00000  643.17378  14.4%     -   10s
     0     0  643.16461    0 1488  562.00000  643.16461  14.4%     -   10s
     0     0  642.73875    0 1486  562.00000  642.73875  14.4%     -   11s
     0     0  642.65258    0 1487  562.00000  642.65258  14.4%     -   11s
     0     0  642.63192    0 1488  562.00000  642.63192  14.3%     -   11s
     0     0  642.62621    0 1487  562.00000  642.62621  14.3%     -   11s
     0     0  642.23957    0 1489  562.00000  642.23957  14.3%     -   11s
     0     0  642.11845    0 1488  562.00000  642.11845  14.3%     -   11s
     0     0  642.09000    0 1490  562.00000  642.09000  14.3%     -   11s
     0     0  642.07985    0 1491  562.00000  642.07985  14.2%     -   11s
     0     0  641.71595    0 1487  562.00000  641.71595  14.2%     -   12s
H    0     0                     563.0000000  641.71595  14.0%     -   12s
     0     0  641.63746    0 1490  563.00000  641.63746  14.0%     -   12s
     0     0  641.62352    0 1491  563.00000  641.62352  14.0%     -   12s
     0     0  641.33370    0 1486  563.00000  641.33370  13.9%     -   12s
     0     0  641.28165    0 1487  563.00000  641.28165  13.9%     -   12s
     0     0  641.27317    0 1489  563.00000  641.27317  13.9%     -   12s
     0     0  641.10740    0 1488  563.00000  641.10740  13.9%     -   13s
H    0     0                     565.0000000  641.10740  13.5%     -   13s
     0     0  641.07084    0 1488  565.00000  641.07084  13.5%     -   13s
     0     0  641.06322    0 1487  565.00000  641.06322  13.5%     -   13s
     0     0  640.98937    0 1486  565.00000  640.98937  13.4%     -   13s
     0     0  640.98937    0 1484  565.00000  640.98937  13.4%     -   13s
H    0     0                     567.0000000  640.98937  13.0%     -   14s
     0     2  640.98937    0 1483  567.00000  640.98937  13.0%     -   14s
     1     4  640.93356    1 1483  567.00000  640.98297  13.0%   495   15s
     9    12  636.33975    3 1455  567.00000  640.72197  13.0%  4632   29s
    11    15  636.15733    4 1453  567.00000  640.72197  13.0%  3896   30s
H   26    33                     568.0000000  640.72197  12.8%  2821   32s
H   30    33                     569.0000000  640.72197  12.6%  2497   32s
    49    56  601.36526   17 1289  569.00000  640.72197  12.6%  2054   35s
H   55    62                     570.0000000  640.72197  12.4%  2030   36s
H   87    94                     574.0000000  640.72197  11.6%  1597   37s
H  119   106                     575.0000000  640.60635  11.4%  1364   39s
   121   109  632.27118    5 1430  575.00000  640.44240  11.4%  1436   40s
   144   129  613.01525   13 1345  575.00000  640.44240  11.4%  1624   45s
H  176   163                     576.0000000  640.44240  11.2%  1622   48s
H  212   185                     578.0000000  640.44240  10.8%  1512   51s
H  234   195                     579.0000000  640.31243  10.6%  1457   52s
   262   210  630.02826   10 1416  579.00000  640.31115  10.6%  1434   56s
   287   237  605.66830   17 1308  579.00000  640.31115  10.6%  1544   60s
H  313   258                     580.0000000  640.31115  10.4%  1541   63s
H  330   264                     582.0000000  640.31115  10.0%  1554   64s
   344   269  584.71232   36 1220  582.00000  640.18113  10.0%  1535   66s
H  347   268                     583.0000000  640.18113  9.81%  1525   66s
   388   288  620.67493   11 1372  583.00000  639.97855  9.77%  1533   71s
   406   313  609.23031   15 1317  583.00000  639.97855  9.77%  1582   75s
   468   361  584.27942   45 1190  583.00000  639.97853  9.77%  1495   80s
H  518   370                     584.0000000  639.97853  9.59%  1455   81s
   544   385  617.16295   22 1358  584.00000  639.97853  9.59%  1438   86s
   582   412     cutoff   31       584.00000  639.78533  9.55%  1462   90s
H  602   401                     585.0000000  639.78533  9.37%  1440   90s
   621   437  626.84319   14 1409  585.00000  639.78533  9.37%  1483   95s
   699   476  604.10107   29 1290  585.00000  639.78533  9.37%  1443  101s
   761   505  630.19062   13 1424  585.00000  639.58948  9.33%  1443  107s
   798   548  593.93933   25 1262  585.00000  639.49429  9.32%  1486  112s
   832   575  631.09841   16 1425  585.00000  639.49429  9.32%  1477  117s
H  841   561                     586.0000000  639.49429  9.13%  1482  117s
   916   590  600.63432   29 1484  586.00000  639.49429  9.13%  1462  131s
   919   592  615.63256   13 1483  586.00000  639.49429  9.13%  1457  137s
   925   596  615.70499   14 1489  586.00000  639.49429  9.13%  1447  144s
   926   597  606.68066   25 1485  586.00000  639.49429  9.13%  1446  150s
   928   598  615.06990   23 1487  586.00000  639.49429  9.13%  1443  155s
   929   599  587.82365   35 1485  586.00000  639.49429  9.13%  1441  161s
   930   599  597.65438   36 1488  586.00000  639.49429  9.13%  1440  168s
   931   600  606.03669   33 1489  586.00000  639.49429  9.13%  1438  173s
   933   601  600.97258   18 1489  586.00000  639.49429  9.13%  1435  180s
   934   602  611.94282   18 1486  586.00000  639.49429  9.13%  1433  185s
   935   603  604.54570   40 1486  586.00000  639.49429  9.13%  1432  191s
   936   603  609.19777   26 1486  586.00000  639.49429  9.13%  1430  201s
   951   616  639.45537   17 1481  586.00000  639.49429  9.13%  1498  205s
   972   632  638.30718   22 1472  586.00000  639.49429  9.13%  1522  210s
  1001   653  635.93363   29 1461  586.00000  639.49429  9.13%  1540  215s
  1032   674  633.32765   37 1451  586.00000  639.49429  9.13%  1553  220s
  1053   686  632.58562   42 1451  586.00000  639.49429  9.13%  1571  225s
  1073   700  631.67058   46 1446  586.00000  639.49429  9.13%  1609  230s
  1099   725  629.94569   51 1441  586.00000  639.49429  9.13%  1632  236s
  1128   741  629.04007   58 1427  586.00000  639.49429  9.13%  1648  241s
  1145   753  627.95560   62 1421  586.00000  639.49429  9.13%  1675  246s
  1162   767  627.44609   66 1418  586.00000  639.49429  9.13%  1697  251s
  1186   786  624.27483   71 1406  586.00000  639.49429  9.13%  1718  256s
  1215   804  624.44262   77 1410  586.00000  639.49429  9.13%  1734  262s
  1229   815  623.53600   80 1408  586.00000  639.49429  9.13%  1746  265s
  1259   836  622.08815   86 1404  586.00000  639.49429  9.13%  1771  271s
  1292   858  615.66086   92 1376  586.00000  639.49429  9.13%  1800  277s
  1308   870  614.11336   95 1368  586.00000  639.49429  9.13%  1813  280s
  1345   899  618.72080  103 1386  586.00000  639.49429  9.13%  1842  287s
  1367   918  618.14251  107 1382  586.00000  639.49429  9.13%  1858  291s
  1393   939  617.35426  112 1372  586.00000  639.49429  9.13%  1873  296s
  1423   964  616.85765  117 1368  586.00000  639.49429  9.13%  1883  300s
  1502  1029  607.00636  129 1325  586.00000  639.49429  9.13%  1889  308s
  1551  1090  614.13088  135 1348  586.00000  639.49429  9.13%  1877  313s
  1629  1115  613.02836  143 1337  586.00000  639.49429  9.13%  1845  318s
  1694  1118  611.64448  151 1322  586.00000  639.49429  9.13%  1821  323s
  1718  1138  610.44012  160 1304  586.00000  639.49429  9.13%  1833  327s
  1746  1164  608.48571  171 1272  586.00000  639.49429  9.13%  1843  333s
  1782  1196  606.48434  185 1255  586.00000  639.49429  9.13%  1851  338s
  1826  1268  602.63517  203 1217  586.00000  639.49429  9.13%  1852  343s
  1914  1273  592.15676  243 1127  586.00000  638.99071  9.04%  1818  348s
  1969  1273  637.44196   18 1457  586.00000  638.99071  9.04%  1804  355s
  1987  1285  636.99608   22 1452  586.00000  638.99071  9.04%  1825  361s
  2005  1301  636.27157   26 1450  586.00000  638.99071  9.04%  1843  368s
  2027  1316  635.25253   31 1445  586.00000  638.99071  9.04%  1863  374s
  2049  1332  634.29623   36 1441  586.00000  638.99071  9.04%  1882  381s
  2073  1350  633.13082   42 1437  586.00000  638.99071  9.04%  1903  388s
  2099  1372  632.19022   48 1425  586.00000  638.99071  9.04%  1925  394s
  2129  1394  631.19864   55 1420  586.00000  638.99071  9.04%  1944  401s
  2161  1419  630.53303   62 1407  586.00000  638.99071  9.04%  1962  409s
  2197  1449  629.00325   70 1399  586.00000  638.99071  9.04%  1980  417s
  2239  1481  627.69211   79 1391  586.00000  638.99071  9.04%  1994  425s
  2285  1512  625.60003   89 1376  586.00000  638.99071  9.04%  2005  433s
  2331  1550  624.07537  101 1357  586.00000  638.99071  9.04%  2012  442s
  2385  1605  622.08743  113 1337  586.00000  638.99071  9.04%  2012  451s
  2458  1583  617.31323  130 1304  586.00000  638.99071  9.04%  2006  462s
  2460  1635  619.09396  131 1312  586.00000  638.99071  9.04%  2005  481s
  2515  1827  612.66315  144 1285  586.00000  638.99071  9.04%  1993  490s
  2727  1815  604.85889  185 1238  586.00000  638.99071  9.04%  1909  498s
  2802  1892  596.53727  215 1185  586.00000  638.82383  9.01%  1880  508s
  2904  1917  636.50325   21 1448  586.00000  638.82383  9.01%  1860  538s
  2929  1950  630.79355   27 1419  586.00000  638.82383  9.01%  1880  550s
  2962  1996  634.43934   36 1433  586.00000  638.82383  9.01%  1903  562s
  3008  2050  632.18413   48 1420  586.00000  638.82383  9.01%  1927  575s
  3062  2110  629.63462   62 1403  586.00000  638.82383  9.01%  1949  588s
  3122  2182  627.58986   77 1389  586.00000  638.82383  9.01%  1971  602s
  3194  2276  624.59168   96 1363  586.00000  638.82383  9.01%  1990  615s
  3288  2414  620.52376  121 1334  586.00000  638.82383  9.01%  2002  630s
  3426  2693  613.69846  160 1255  586.00000  638.82170  9.01%  1998  644s
  3727  2815  636.42264   20 1454  586.00000  638.82170  9.01%  1915  659s
  3869  2855  634.99146   30 1440  586.00000  638.82170  9.01%  1895  675s
  3909  2911  633.40268   41 1435  586.00000  638.82170  9.01%  1918  691s
  3965  2945  631.04261   56 1413  586.00000  638.82170  9.01%  1943  707s
  3999  2983  630.29939   61 1413  586.00000  638.82170  9.01%  1957  722s
  4037  3069  628.44324   71 1408  586.00000  638.82170  9.01%  1969  739s
  4123  3182  624.48628   94 1370  586.00000  638.82170  9.01%  1989  756s
  4236  3393  616.12158  123 1299  586.00000  638.82170  9.01%  2003  774s
  4447  3780  603.36181  189 1231  586.00000  638.80373  9.01%  1982  791s
  4885  4066  624.96196   99 1362  586.00000  638.79577  9.01%  1868  808s
  5171  4192  604.10185  188 1235  586.00000  638.79577  9.01%  1810  825s
  5297  4865  601.70752  197 1241  586.00000  638.79518  9.01%  1786  845s
  6029  5362  627.64916   83 1398  586.00000  638.69005  8.99%  1628  863s
  6526  5837  602.17083  198 1244  586.00000  638.68961  8.99%  1566  879s
  7051  6209  631.99788   47 1428  586.00000  638.59415  8.98%  1496  893s
  7423  6813  607.02262  169 1276  586.00000  638.59359  8.98%  1463  912s
  8071  6983  623.25931   89 1373  586.00000  638.48177  8.96%  1395  918s
  8241  7341  611.71088  155 1276  586.00000  638.48177  8.96%  1384  925s
  8599  7506  596.89748  200 1154  586.00000  638.47865  8.96%  1350  932s
  8806  7609  627.36214   23 1412  586.00000  638.41434  8.94%  1332  937s
  8921  7653  594.77736   67 1259  586.00000  638.30818  8.93%  1326  943s
  8977  7705  632.20375   52 1419  586.00000  638.30818  8.93%  1326  954s
  9029  7858  624.98885   94 1370  586.00000  638.30818  8.93%  1327  961s
  9182  7909  589.43279  236 1163  586.00000  638.28143  8.92%  1317  969s
  9263  8029  620.42401   60 1358  586.00000  638.26788  8.92%  1317  977s
  9399  8125  628.75916   21 1415  586.00000  638.26788  8.92%  1311  985s
  9495  8285  613.57249  101 1320  586.00000  638.26788  8.92%  1310  993s
  9655  8390  591.32123  189 1183  586.00000  638.26757  8.92%  1304 1001s
  9774  8474  619.33315   44 1374  586.00000  638.20165  8.91%  1301 1009s
  9870  8547  634.65787   39 1447  586.00000  638.20165  8.91%  1302 1017s
  9943  8675  623.94677  103 1368  586.00000  638.20165  8.91%  1300 1026s
 10071  8771  600.22916  204 1228  586.00000  638.18734  8.91%  1296 1036s
 10205  8836  628.74157   23 1419  586.00000  638.18734  8.91%  1296 1046s
 10270  8920  601.64320   32 1287  586.00000  638.11440  8.89%  1302 1056s
 10390  9130  605.34408   39 1303  586.00000  638.10382  8.89%  1304 1066s
 10612  9236  621.05483   49 1376  586.00000  638.10382  8.89%  1296 1076s
 10736  9444  605.58761  120 1241  586.00000  638.07388  8.89%  1290 1085s
 10981  9604  612.31218   83 1317  586.00000  638.06636  8.89%  1276 1095s
 11163  9843  633.91254   42 1438  586.00000  638.06636  8.89%  1265 1104s
 11451 10092  617.00801  137 1314  586.00000  637.99136  8.87%  1248 1112s
 11716 10337  619.28315   51 1370  586.00000  637.98135  8.87%  1234 1121s
 12001 10409  630.70859   21 1430  586.00000  637.95596  8.87%  1220 1130s
 12073 10631  625.65213   45 1399  586.00000  637.90449  8.86%  1217 1138s
 12323 10699  631.81296   25 1423  586.00000  637.89965  8.86%  1206 1146s
 12411 10758  622.59661   22 1385  586.00000  637.85822  8.85%  1209 1154s
 12536 10923  628.77635   20 1418  586.00000  637.85782  8.85%  1210 1162s
 12703 11045  588.58321  108 1192  586.00000  637.85175  8.85%  1206 1171s
 12853 11214  607.39355   70 1310  586.00000  637.77483  8.84%  1204 1179s
 13032 11478  615.48901   72 1347  586.00000  637.75489  8.83%  1199 1187s
 13307 11755  630.74635   35 1422  586.00000  637.74120  8.83%  1189 1196s
 13631 11825  636.56206   29 1454  586.00000  637.73275  8.83%  1175 1204s
 13701 12029  632.08179   54 1428  586.00000  637.73275  8.83%  1174 1211s
 13927 12238  618.75188  129 1326  586.00000  637.65261  8.81%  1165 1218s
 14148 12372  612.89153   31 1334  586.00000  637.65231  8.81%  1157 1225s
 14306 12427  628.25813   23 1410  586.00000  637.64224  8.81%  1154 1232s
 14369 12528  610.88856   27 1340  586.00000  637.60975  8.81%  1160 1241s
 14528 12758  631.20947   26 1428  586.00000  637.58290  8.80%  1157 1248s
 14786 12759  637.47610   23 1484  586.00000  637.58290  8.80%  1148 1775s
 14789 12761  590.26326  228 1484  586.00000  637.58290  8.80%  1148 1785s
 14796 12766  604.98162  180 1489  586.00000  636.05056  8.54%  1148 1801s
 14797 12766  604.90547  175 1490  586.00000  635.93805  8.52%  1147 1813s
 14799 12768  627.47548   81 1491  586.00000  635.90394  8.52%  1147 1826s
 14800 12768  625.02452   20 1487  586.00000  635.15600  8.39%  1147 1836s
 14803 12770  599.78106  190 1491  586.00000  634.96410  8.36%  1147 1849s
 14804 12771  595.23070  214 1489  586.00000  634.57903  8.29%  1147 1861s
 14808 12774  608.68099  113 1490  586.00000  634.43923  8.27%  1147 1875s
 14809 12774  591.56363  230 1487  586.00000  634.20840  8.23%  1147 1888s
 14812 12776  601.67316  204 1489  586.00000  634.04745  8.20%  1146 1902s
 14813 12777  618.93145   74 1489  586.00000  633.91374  8.18%  1146 1914s
 14815 12778  612.07804  154 1491  586.00000  633.86928  8.17%  1146 1927s
 14816 12779  613.20859   96 1491  586.00000  633.77549  8.15%  1146 1938s
 14818 12780  614.77143  103 1492  586.00000  633.74764  8.15%  1146 1952s
 14819 12781  612.81219  153 1490  586.00000  633.72772  8.14%  1146 1967s
 14821 12782  625.19791   76 1491  586.00000  633.71760  8.14%  1146 1982s
 14822 12783  604.23487  176 1493  586.00000  633.69549  8.14%  1146 1995s
 14824 12784  613.06718  161 1492  586.00000  633.67810  8.14%  1145 2008s
 14825 12785  594.17119  231 1491  586.00000  633.60550  8.12%  1145 2022s
 14827 12786  594.64374  219 1494  586.00000  633.57223  8.12%  1145 2035s
 14828 12787  593.56748  121 1490  586.00000  633.33639  8.08%  1145 2049s
 14831 12789  633.25942   34 1493  586.00000  633.25942  8.06%  1145 2063s
 14832 12790  627.89865   79 1493  586.00000  633.21729  8.06%  1145 2075s
 14834 12791  620.82774  120 1493  586.00000  633.20459  8.06%  1145 2088s
 14835 12792  607.39073   71 1494  586.00000  633.18041  8.05%  1145 2102s
 14838 12794  619.85237  123 1492  586.00000  633.15046  8.05%  1144 2117s
 14839 12794  633.06736   38 1491  586.00000  633.06736  8.03%  1144 2130s
 14841 12796  630.39536   56 1492  586.00000  633.02382  8.02%  1144 2146s
 14842 12796  602.91614  198 1489  586.00000  632.96871  8.02%  1144 2159s
 14843 12797  616.25720   60 1492  586.00000  632.94009  8.01%  1144 2160s
 14845 12798  610.37293  137 1492  586.00000  632.93060  8.01%  1144 2174s
 14846 12799  589.08000  231 1492  586.00000  632.90567  8.00%  1144 2187s
 14848 12800  608.34039  119 1490  586.00000  632.88920  8.00%  1144 2202s
 14849 12801  624.43739   25 1492  586.00000  632.84692  7.99%  1143 2214s
 14851 12802  624.53491   81 1489  586.00000  632.81915  7.99%  1143 2227s
 14852 12803  618.26298   93 1491  586.00000  632.80381  7.99%  1143 2241s
 14853 12804  607.52466   87 1492  586.00000  632.79808  7.99%  1143 2252s
 14854 12804  625.97198   44 1491  586.00000  632.77895  7.98%  1143 2263s
 14855 12805  630.62237   65 1492  586.00000  632.77324  7.98%  1143 2276s
 14856 12806  604.91973  188 1494  586.00000  632.76615  7.98%  1143 2289s
 14857 12806  612.70659   45 1495  586.00000  632.76558  7.98%  1143 2301s
 14858 12807  608.51677  116 1494  586.00000  632.76449  7.98%  1143 2315s
 14859 12808  601.64781  200 1495  586.00000  632.76422  7.98%  1143 2329s
 14860 12808  612.54957   79 1493  586.00000  632.76200  7.98%  1143 2342s
 14861 12809  591.69646  209 1495  586.00000  632.76063  7.98%  1143 2356s
 14862 12810  598.64319  142 1495  586.00000  632.75977  7.98%  1142 2371s
 14863 12810  631.87572   55 1496  586.00000  632.75934  7.98%  1142 2385s
 14864 12811  592.88235  227 1494  586.00000  632.71414  7.97%  1142 2400s
 14866 12812  615.93303   62 1494  586.00000  632.70213  7.97%  1142 2415s
 14867 12813  613.64964   81 1494  586.00000  632.69706  7.97%  1142 2429s
 14868 12814  590.95950  239 1495  586.00000  632.69548  7.97%  1142 2445s
 14869 12814  624.19579   86 1495  586.00000  632.69476  7.97%  1142 2460s
 14870 12815  617.83868   90 1495  586.00000  632.69461  7.97%  1142 2476s
 14871 12816  627.48285   35 1495  586.00000  632.69459  7.97%  1142 2491s
 14872 12816  627.92627   83 1495  586.00000  632.69456  7.97%  1142 2508s
 14873 12817  626.80606   83 1494  586.00000  632.68924  7.97%  1142 2523s
 14874 12818  632.68676   28 1495  586.00000  632.68676  7.97%  1142 2539s
 14875 12818  631.58223   55 1495  586.00000  632.68643  7.97%  1141 2555s
 14876 12819  601.28299  193 1495  586.00000  632.68628  7.97%  1141 2572s
 14877 12820  597.87344  211 1495  586.00000  632.68614  7.97%  1141 2589s
 14878 12820  596.40698   70 1495  586.00000  632.68613  7.97%  1141 2606s
 14879 12821  601.77384   68 1495  586.00000  632.68612  7.97%  1141 2623s
 14880 12822  616.68981  141 1495  586.00000  632.68612  7.97%  1141 2640s
 14881 12822  604.57463  190 1495  586.00000  632.67783  7.97%  1141 2673s
 14882 12823  601.24829  164 1495  586.00000  632.67685  7.97%  1141 2689s
 14883 12824  595.08653  181 1495  586.00000  632.67685  7.97%  1141 2709s
 14884 12827  632.50767   25 1492  586.00000  632.65564  7.96%  1147 2711s
 14894 12834  631.15873   28 1479  586.00000  631.92091  7.84%  1148 2715s
 14904 12841  630.37670   30 1478  586.00000  631.71381  7.80%  1150 2720s
 14915 12848  630.24518   33 1470  586.00000  631.71381  7.80%  1151 2725s
 14928 12859  629.83998   36 1477  586.00000  631.71381  7.80%  1152 2732s
 14936 12864  629.43423   38 1476  586.00000  631.71381  7.80%  1154 2736s
 14948 12872  628.78517   41 1476  586.00000  631.71381  7.80%  1155 2741s
 14956 12875  628.32930   43 1469  586.00000  631.71381  7.80%  1156 2745s
 14967 12885  625.12053   45 1448  586.00000  631.71381  7.80%  1158 2759s
 14971 12889  627.51752   46 1466  586.00000  631.71381  7.80%  1158 2761s
 14983 12897  626.55480   49 1461  586.00000  631.71381  7.80%  1159 2765s
 14996 12904  625.82846   52 1462  586.00000  631.71381  7.80%  1160 2780s
 15009 12917  625.20302   55 1456  586.00000  631.71381  7.80%  1161 2785s
 15026 12922  624.05101   59 1454  586.00000  631.71381  7.80%  1163 2799s
 15028 12929  620.16789   59 1429  586.00000  631.71381  7.80%  1163 2802s
 15045 12943  622.76396   63 1449  586.00000  631.71381  7.80%  1165 2807s
 15055 12950  622.10144   65 1444  586.00000  631.71381  7.80%  1166 2810s
 15077 12965  619.62164   69 1432  586.00000  631.71381  7.80%  1168 2816s
 15088 12974  620.08852   72 1438  586.00000  631.71381  7.80%  1169 2820s
 15114 12992  618.30504   78 1432  586.00000  631.71381  7.80%  1172 2828s
 15127 13000  617.37979   81 1431  586.00000  631.71381  7.80%  1173 2832s
 15140 13010  616.45205   84 1429  586.00000  631.71381  7.80%  1175 2836s
 15154 13020  615.62391   87 1424  586.00000  631.71381  7.80%  1177 2840s
 15169 13031  615.01867   90 1420  586.00000  631.71381  7.80%  1178 2845s
 15185 13043  609.67464   93 1389  586.00000  631.71381  7.80%  1180 2850s
 15202 13054  613.72341   97 1415  586.00000  631.71381  7.80%  1182 2856s
 15219 13066  605.44560  100 1366  586.00000  631.71381  7.80%  1185 2861s
 15236 13080  612.36452  104 1408  586.00000  631.71381  7.80%  1187 2867s
 15256 13097  611.88963  108 1402  586.00000  631.71381  7.80%  1190 2872s
 15280 13114  610.98612  112 1397  586.00000  631.71381  7.80%  1192 2878s
 15305 13132  609.96441  117 1394  586.00000  631.71381  7.80%  1195 2883s
 15331 13150  601.41636  122 1339  586.00000  631.71381  7.80%  1197 2889s
 15358 13175  608.75182  127 1384  586.00000  631.71381  7.80%  1200 2896s
 15392 13203  607.55735  133 1376  586.00000  631.71381  7.80%  1202 2903s
 15435 13224  606.70354  140 1369  586.00000  631.71381  7.80%  1204 2923s
 15472 13271  605.64886  146 1358  586.00000  631.71381  7.80%  1205 2930s
 15547 13270  604.58798  154 1345  586.00000  631.71381  7.80%  1206 2939s
 15599 13279  603.07994  163 1333  586.00000  631.71381  7.80%  1207 2947s
 15625 13302  601.95902  173 1318  586.00000  631.71381  7.80%  1210 2954s
 15657 13334  597.10794  185 1297  586.00000  631.71381  7.80%  1213 2962s
 15699 13378  596.02600  203 1266  586.00000  631.71381  7.80%  1215 2970s
 15763 13375     cutoff  230       586.00000  631.36417  7.74%  1216 2980s
 15808 13374  630.75148   31 1472  586.00000  631.36417  7.74%  1218 2989s
 15822 13390  630.24097   34 1472  586.00000  631.36417  7.74%  1222 2998s
 15842 13397  629.71609   38 1468  586.00000  631.36417  7.74%  1225 3008s
 15856 13415  629.15861   41 1465  586.00000  631.36417  7.74%  1228 3019s
 15879 13431  628.43473   46 1456  586.00000  631.36417  7.74%  1232 3029s
 15902 13451  627.83316   51 1454  586.00000  631.36417  7.74%  1237 3039s
 15930 13475  626.91953   57 1444  586.00000  631.36417  7.74%  1241 3050s
 15963 13499  623.03495   63 1419  586.00000  631.36417  7.74%  1246 3062s
 15998 13525  625.20721   70 1430  586.00000  631.36417  7.74%  1250 3075s
 16036 13550  624.57759   77 1424  586.00000  631.36417  7.74%  1254 3087s
 16074 13548  622.65600   85 1418  586.00000  631.36417  7.74%  1258 3112s
 16084 13592  622.23090   87 1412  586.00000  631.36417  7.74%  1259 3124s
 16132 13638  620.24607   95 1404  586.00000  631.36417  7.74%  1262 3140s
 16194 13704  618.86906  105 1391  586.00000  631.36417  7.74%  1265 3156s
 16280 13756  616.68075  117 1371  586.00000  631.36417  7.74%  1267 3168s
 16378 13763  614.81571  131 1357  586.00000  631.36417  7.74%  1267 3184s
 16418 13814  612.96879  146 1338  586.00000  631.36417  7.74%  1272 3198s
 16482 13885  603.27843  170 1282  586.00000  631.36417  7.74%  1276 3214s
 16574 13933  596.91360  210 1214  586.00000  631.34093  7.74%  1278 3233s
 16668 13940  629.99144   34 1475  586.00000  631.34093  7.74%  1281 3252s
 16706 13966  629.23501   41 1466  586.00000  631.34093  7.74%  1287 3271s
 16745 14004  627.88329   47 1457  586.00000  631.34093  7.74%  1293 3291s
 16796 14053  626.58842   57 1445  586.00000  631.34093  7.74%  1300 3312s
 16862 14115  625.06123   69 1431  586.00000  631.34093  7.74%  1308 3333s
 16946 14210  621.92141   84 1419  586.00000  631.34093  7.74%  1314 3354s
 17069 14276  618.54925  101 1391  586.00000  631.34093  7.74%  1318 3378s
 17199 14320  616.15113  120 1364  586.00000  631.34093  7.74%  1321 3403s
 17286 14452  607.86093  152 1309  586.00000  631.34093  7.74%  1328 3426s
 17449 14448  592.84392  220 1204  586.00000  631.15826  7.71%  1331 3455s
 17517 14460  630.19848   30 1470  586.00000  631.15826  7.71%  1334 3478s
 17551 14524  629.61222   34 1463  586.00000  631.15826  7.71%  1339 3506s
 17627 14605  627.84818   46 1445  586.00000  631.15826  7.71%  1348 3535s
 17733 14774  625.59182   61 1432  586.00000  631.15826  7.71%  1356 3566s
 17941 14824  622.57937   79 1406  586.00000  631.15826  7.71%  1357 3596s
 18085 14803  618.07768  103 1387  586.00000  631.15826  7.71%  1360 3600s

Cutting planes:
  Gomory: 7
  Clique: 2
  Flow cover: 49
  Zero half: 842
  RLT: 306
  BQP: 47

Explored 18112 nodes (24743324 simplex iterations) in 3600.00 seconds (9092.80 work units)
Thread count was 2 (of 24 available processors)

Solution count 10: 586 585 584 ... 575

Time limit reached
Best objective 5.860000000000e+02, best bound 6.310000000000e+02, gap 7.6792%

User-callback calls 266211, time in user-callback 0.85 sec

Gurobi 11.0.3 (linux64) logging started Sat Mar  7 15:20:15 2026

Set parameter LogFile to value "./log/train/IS_1500_6/IS_53.lp.log"
Set parameter TimeLimit to value 3600
Gurobi Optimizer version 11.0.3 build v11.0.3rc0 (linux64 - "Ubuntu 22.04.5 LTS")

CPU model: AMD Ryzen 9 9900X 12-Core Processor, instruction set [SSE2|AVX|AVX2|AVX512]
Thread count: 12 physical cores, 24 logical processors, using up to 1 threads

Optimize a model with 9202 rows, 1500 columns and 18120 nonzeros
Model fingerprint: 0x828faed1
Variable types: 0 continuous, 1500 integer (1500 binary)
Coefficient statistics:
  Matrix range     [1e+00, 1e+00]
  Objective range  [1e+00, 1e+00]
  Bounds range     [1e+00, 1e+00]
  RHS range        [1e+00, 1e+00]
Found heuristic solution: objective 321.0000000
Presolve removed 1779 rows and 0 columns
Presolve time: 0.03s
Presolved: 7423 rows, 1500 columns, 16272 nonzeros
Variable types: 0 continuous, 1500 integer (1500 binary)

Root relaxation: objective 6.840000e+02, 4636 iterations, 0.24 seconds (0.30 work units)

    Nodes    |    Current Node    |     Objective Bounds      |     Work
 Expl Unexpl |  Obj  Depth IntInf | Incumbent    BestBd   Gap | It/Node Time

     0     0  684.00000    0 1337  321.00000  684.00000   113%     -    0s
H    0     0                     530.0000000  684.00000  29.1%     -    0s
H    0     0                     533.0000000  684.00000  28.3%     -    0s
     0     0  668.76761    0 1482  533.00000  668.76761  25.5%     -    1s
H    0     0                     554.0000000  668.76761  20.7%     -    1s
     0     0  668.76761    0 1482  554.00000  668.76761  20.7%     -    1s
     0     0  661.62903    0 1478  554.00000  661.62903  19.4%     -    2s
H    0     0                     555.0000000  661.62903  19.2%     -    2s
     0     0  661.29209    0 1475  555.00000  661.29209  19.2%     -    3s
     0     0  661.24035    0 1477  555.00000  661.24035  19.1%     -    3s
     0     0  661.23646    0 1476  555.00000  661.23646  19.1%     -    3s
     0     0  657.27610    0 1476  555.00000  657.27610  18.4%     -    4s
     0     0  656.83366    0 1481  555.00000  656.83366  18.3%     -    4s
     0     0  656.76684    0 1476  555.00000  656.76684  18.3%     -    4s
     0     0  656.75168    0 1476  555.00000  656.75168  18.3%     -    4s
     0     0  656.74396    0 1478  555.00000  656.74396  18.3%     -    4s
     0     0  656.74357    0 1477  555.00000  656.74357  18.3%     -    4s
     0     0  652.96287    0 1486  555.00000  652.96287  17.7%     -    5s
     0     0  652.72709    0 1483  555.00000  652.72709  17.6%     -    5s
     0     0  652.65896    0 1485  555.00000  652.65896  17.6%     -    5s
     0     0  652.64230    0 1485  555.00000  652.64230  17.6%     -    5s
     0     0  652.64036    0 1484  555.00000  652.64036  17.6%     -    5s
     0     0  651.35924    0 1485  555.00000  651.35924  17.4%     -    6s
     0     0  651.16778    0 1487  555.00000  651.16778  17.3%     -    6s
     0     0  651.12252    0 1485  555.00000  651.12252  17.3%     -    6s
     0     0  651.11579    0 1487  555.00000  651.11579  17.3%     -    6s
     0     0  650.16574    0 1484  555.00000  650.16574  17.1%     -    7s
H    0     0                     557.0000000  650.16574  16.7%     -    7s
     0     0  650.03341    0 1482  557.00000  650.03341  16.7%     -    7s
     0     0  650.01184    0 1483  557.00000  650.01184  16.7%     -    7s
     0     0  650.00094    0 1484  557.00000  650.00094  16.7%     -    7s
     0     0  649.99641    0 1485  557.00000  649.99641  16.7%     -    7s
     0     0  649.06819    0 1482  557.00000  649.06819  16.5%     -    8s
     0     0  648.91392    0 1483  557.00000  648.91392  16.5%     -    8s
     0     0  648.88644    0 1483  557.00000  648.88644  16.5%     -    8s
     0     0  648.88233    0 1482  557.00000  648.88233  16.5%     -    8s
     0     0  648.36883    0 1486  557.00000  648.36883  16.4%     -    9s
     0     0  648.25304    0 1487  557.00000  648.25304  16.4%     -    9s
     0     0  648.23229    0 1487  557.00000  648.23229  16.4%     -    9s
     0     0  648.22862    0 1489  557.00000  648.22862  16.4%     -    9s
     0     0  647.57453    0 1490  557.00000  647.57453  16.3%     -   10s
H    0     0                     559.0000000  647.57453  15.8%     -   10s
     0     0  647.46983    0 1491  559.00000  647.46983  15.8%     -   10s
     0     0  647.46260    0 1489  559.00000  647.46260  15.8%     -   10s
     0     0  646.40578    0 1484  559.00000  646.40578  15.6%     -   11s
H    0     0                     562.0000000  646.40578  15.0%     -   11s
     0     0  646.14334    0 1484  562.00000  646.14334  15.0%     -   11s
     0     0  646.09477    0 1484  562.00000  646.09477  15.0%     -   11s
     0     0  646.08600    0 1486  562.00000  646.08600  15.0%     -   11s
     0     0  645.38252    0 1487  562.00000  645.38252  14.8%     -   12s
     0     0  645.23121    0 1487  562.00000  645.23121  14.8%     -   12s
     0     0  645.18051    0 1489  562.00000  645.18051  14.8%     -   12s
     0     0  645.17194    0 1490  562.00000  645.17194  14.8%     -   12s
     0     0  644.76198    0 1487  562.00000  644.76198  14.7%     -   13s
     0     0  644.69490    0 1488  562.00000  644.69490  14.7%     -   13s
     0     0  644.68687    0 1489  562.00000  644.68687  14.7%     -   13s
     0     0  644.22594    0 1491  562.00000  644.22594  14.6%     -   13s
     0     0  644.17896    0 1490  562.00000  644.17896  14.6%     -   13s
     0     0  644.16439    0 1490  562.00000  644.16439  14.6%     -   13s
     0     0  643.83671    0 1487  562.00000  643.83671  14.6%     -   14s
     0     0  643.78664    0 1491  562.00000  643.78664  14.6%     -   14s
     0     0  643.77667    0 1491  562.00000  643.77667  14.6%     -   14s
     0     0  643.53436    0 1487  562.00000  643.53436  14.5%     -   14s
     0     0  643.49277    0 1489  562.00000  643.49277  14.5%     -   14s
     0     0  643.48145    0 1489  562.00000  643.48145  14.5%     -   14s
     0     0  643.22738    0 1488  562.00000  643.22738  14.5%     -   15s
     0     0  643.17378    0 1486  562.00000  643.17378  14.4%     -   15s
     0     0  643.16461    0 1488  562.00000  643.16461  14.4%     -   15s
     0     0  642.73875    0 1486  562.00000  642.73875  14.4%     -   15s
     0     0  642.65258    0 1487  562.00000  642.65258  14.4%     -   16s
     0     0  642.63192    0 1488  562.00000  642.63192  14.3%     -   16s
     0     0  642.62621    0 1487  562.00000  642.62621  14.3%     -   16s
     0     0  642.23957    0 1489  562.00000  642.23957  14.3%     -   16s
     0     0  642.11845    0 1488  562.00000  642.11845  14.3%     -   16s
     0     0  642.09000    0 1490  562.00000  642.09000  14.3%     -   17s
     0     0  642.07985    0 1491  562.00000  642.07985  14.2%     -   17s
     0     0  641.71595    0 1487  562.00000  641.71595  14.2%     -   17s
H    0     0                     563.0000000  641.71595  14.0%     -   17s
     0     0  641.63746    0 1490  563.00000  641.63746  14.0%     -   17s
     0     0  641.62352    0 1491  563.00000  641.62352  14.0%     -   17s
     0     0  641.33370    0 1486  563.00000  641.33370  13.9%     -   18s
     0     0  641.28165    0 1487  563.00000  641.28165  13.9%     -   18s
     0     0  641.27317    0 1489  563.00000  641.27317  13.9%     -   18s
     0     0  641.10740    0 1488  563.00000  641.10740  13.9%     -   19s
H    0     0                     565.0000000  641.10740  13.5%     -   19s
     0     0  641.07084    0 1488  565.00000  641.07084  13.5%     -   19s
     0     0  641.06322    0 1487  565.00000  641.06322  13.5%     -   19s
     0     0  640.98937    0 1486  565.00000  640.98937  13.4%     -   19s
     0     0  640.98937    0 1484  565.00000  640.98937  13.4%     -   19s
H    0     0                     567.0000000  640.98937  13.0%     -   21s
     0     2  640.98782    0 1483  567.00000  640.98782  13.0%     -   21s
     8    10  620.50683    5 1381  567.00000  640.93352  13.0%  3213   25s
    38    36     cutoff   23       567.00000  640.93352  13.0%  1897   30s
    57    47  628.21194    8 1404  567.00000  640.93242  13.0%  1887   36s
    72    62  606.50587   18 1302  567.00000  640.93242  13.0%  1922   40s
H   78    62                     569.0000000  640.93242  12.6%  1866   41s
H  104    88                     570.0000000  640.93242  12.4%  1740   44s
   106    92  580.02983   41 1177  570.00000  640.93242  12.4%  1766   45s
   139   105  633.42320    5 1444  570.00000  640.70731  12.4%  1574   50s
   155   121  614.74298   17 1353  570.00000  640.70731  12.4%  1652   55s
H  162   118                     573.0000000  640.70731  11.8%  1686   57s
H  190   144                     574.0000000  640.70731  11.6%  1605   59s
   195   145  575.02574   39 1160  574.00000  640.70731  11.6%  1588   60s
H  208   142                     576.0000000  640.70731  11.2%  1517   60s
H  217   126                     581.0000000  640.70574  10.3%  1519   63s
   220   131  625.19922   10 1393  581.00000  640.70574  10.3%  1540   65s
   239   150  608.12448   23 1313  581.00000  640.70574  10.3%  1576   70s
H  244   151                     582.0000000  640.70574  10.1%  1569   71s
   284   191  585.26963   57 1189  582.00000  640.70574  10.1%  1483   75s
   303   196  629.86284    7 1420  582.00000  640.44795  10.0%  1467   87s
   309   202  614.02968   10 1350  582.00000  640.44795  10.0%  1502   90s
H  326   211                     583.0000000  640.44795  9.85%  1487   92s
   343   216  630.07511    7 1418  583.00000  640.44790  9.85%  1473   95s
   359   232  597.47776   17 1270  583.00000  640.44790  9.85%  1499  100s
   403   262  634.99088    7 1438  583.00000  640.28901  9.83%  1465  105s
   413   272  610.28438   14 1336  583.00000  640.28901  9.83%  1490  110s
   437   294     cutoff   29       583.00000  640.28901  9.83%  1510  115s
   467   306  623.98686   11 1393  583.00000  640.28847  9.83%  1485  120s
   485   324  629.10890   26 1409  583.00000  640.28847  9.83%  1496  125s
   509   348  584.77693   43 1179  583.00000  640.28847  9.83%  1509  130s
H  516   342                     584.0000000  640.28847  9.64%  1494  130s
   546   364  624.82172   10 1389  584.00000  640.13891  9.61%  1478  135s
   561   379  612.18164   16 1331  584.00000  640.13891  9.61%  1504  140s
   591   406  631.08624   13 1484  584.00000  640.13891  9.61%  1477  157s
   594   408  620.50297   11 1482  584.00000  640.13891  9.61%  1470  165s
   600   412  590.14695   34 1489  584.00000  640.13891  9.61%  1455  174s
   601   413  625.15926   11 1485  584.00000  640.13891  9.61%  1452  181s
   603   414  629.86262    8 1487  584.00000  640.13891  9.61%  1448  188s
   604   415  623.98650   12 1486  584.00000  640.13891  9.61%  1445  197s
   607   417  597.47611   18 1487  584.00000  640.13891  9.61%  1438  206s
   608   417  587.10517   25 1488  584.00000  640.13891  9.61%  1436  214s
   610   419  615.24073   19 1489  584.00000  640.13891  9.61%  1431  223s
   611   419  597.83561   12 1486  584.00000  640.13891  9.61%  1429  231s
   612   420  591.53560   18 1489  584.00000  640.13891  9.61%  1426  239s
   613   421  630.63101   18 1486  584.00000  640.13891  9.61%  1424  247s
   614   421  602.68815   27 1486  584.00000  640.13891  9.61%  1422  256s
   615   422  589.44058   33 1487  584.00000  640.13891  9.61%  1419  264s
   616   423  598.42082   47 1487  584.00000  640.13891  9.61%  1417  272s
   619   425  634.72905   10 1487  584.00000  640.13891  9.61%  1410  277s
   623   429  639.42444   14 1476  584.00000  640.13891  9.61%  1497  280s
   635   437  638.72325   20 1479  584.00000  639.78294  9.55%  1514  285s
   651   448  636.21087   28 1463  584.00000  639.78294  9.55%  1527  290s
   659   453  630.69922   32 1424  584.00000  639.78294  9.55%  1553  295s
   667   459  634.63651   36 1443  584.00000  639.78294  9.55%  1569  300s
   681   468  620.37846   43 1386  584.00000  639.78294  9.55%  1600  306s
   687   472  624.60300   46 1391  584.00000  639.78294  9.55%  1620  310s
   697   479  629.72741   51 1423  584.00000  639.78294  9.55%  1633  315s
   707   485  629.65942   56 1424  584.00000  639.78294  9.55%  1640  327s
   712   489  628.86125   59 1420  584.00000  639.78294  9.55%  1651  330s
   723   496  626.59462   64 1402  584.00000  639.78294  9.55%  1667  335s
   735   504  626.99037   70 1408  584.00000  639.78294  9.55%  1675  340s
   746   511  622.29034   76 1381  584.00000  639.78294  9.55%  1688  345s
   761   521  619.83268   83 1366  584.00000  639.78294  9.55%  1700  350s
   773   529  620.54738   89 1383  584.00000  639.78294  9.55%  1707  355s
   789   540  616.96306   97 1369  584.00000  639.78294  9.55%  1713  360s
   808   553  613.97607  107 1365  584.00000  639.78294  9.55%  1714  365s
   828   566  608.95496  117 1340  584.00000  639.78294  9.55%  1718  370s
   846   578  607.31343  126 1329  584.00000  639.78294  9.55%  1722  375s
   868   593  604.31075  137 1312  584.00000  639.78294  9.55%  1725  380s
   885   604  600.80648  145 1308  584.00000  639.78294  9.55%  1731  385s
   909   620  597.13101  157 1289  584.00000  639.78294  9.55%  1728  390s
   930   634  593.07677  168 1273  584.00000  639.78294  9.55%  1733  395s
   955   651  592.59885  180 1261  584.00000  639.78294  9.55%  1730  400s
   981   666  585.47137  193 1226  584.00000  639.78294  9.55%  1734  405s
  1009   677  586.27717  207 1192  584.00000  639.78294  9.55%  1729  410s
  1069   699  585.93159  237 1145  584.00000  639.78294  9.55%  1682  415s
  1104   694  633.93571   19 1441  584.00000  639.78149  9.55%  1655  420s
  1109   697  638.32824   22 1471  584.00000  639.78149  9.55%  1667  425s
  1116   702  634.57827   25 1444  584.00000  639.78149  9.55%  1683  431s
  1122   706  632.82601   28 1441  584.00000  639.78149  9.55%  1696  435s
  1128   710  630.37964   31 1420  584.00000  639.78149  9.55%  1709  440s
  1136   715  626.83350   35 1401  584.00000  639.78149  9.55%  1724  446s
  1141   719  636.38938   38 1454  584.00000  639.78149  9.55%  1733  450s
  1146   722  630.62175   40 1424  584.00000  639.78149  9.55%  1747  455s
  1154   727  631.35670   44 1422  584.00000  639.78149  9.55%  1758  460s
  1162   733  628.56130   48 1411  584.00000  639.78149  9.55%  1770  465s
  1170   738  630.88899   52 1415  584.00000  639.78149  9.55%  1781  470s
  1179   744  631.81986   57 1433  584.00000  639.78149  9.55%  1789  475s
  1186   749  626.55010   60 1409  584.00000  639.78149  9.55%  1801  480s
  1196   755  626.80560   65 1396  584.00000  639.78149  9.55%  1811  485s
  1206   762  621.49272   70 1379  584.00000  639.78149  9.55%  1824  490s
  1214   767  623.32073   74 1368  584.00000  639.78149  9.55%  1835  495s
  1223   773  623.85980   79 1384  584.00000  639.78149  9.55%  1845  500s
  1234   781  620.71204   84 1355  584.00000  639.78149  9.55%  1856  505s
  1244   787  620.40952   89 1344  584.00000  639.78149  9.55%  1865  510s
  1258   797  623.24633   96 1369  584.00000  639.78149  9.55%  1870  515s
H 1274   771                     585.0000000  639.78149  9.36%  1874  520s
  1288   783  621.08546  111 1355  585.00000  639.78149  9.36%  1880  525s
  1304   793  616.34622  119 1319  585.00000  639.78149  9.36%  1885  530s
  1322   805  614.88656  128 1324  585.00000  639.78149  9.36%  1890  535s
  1341   818  618.18265  138 1322  585.00000  639.78149  9.36%  1892  540s
  1366   835  612.86321  150 1280  585.00000  639.78149  9.36%  1890  545s
  1400   857  609.50927  167 1280  585.00000  639.78149  9.36%  1875  550s
  1440   884  603.35868  187 1256  585.00000  639.78149  9.36%  1853  555s
  1501   925  594.75936  218 1233  585.00000  639.78149  9.36%  1815  560s
  1588   953  630.18543   18 1424  585.00000  639.44957  9.31%  1749  566s
  1592   955  627.76088   20 1412  585.00000  639.44957  9.31%  1756  570s
  1598   959  629.41219   23 1418  585.00000  639.44957  9.31%  1766  576s
  1602   962  633.26283   25 1432  585.00000  639.44957  9.31%  1773  580s
  1608   966  630.64157   28 1416  585.00000  639.44957  9.31%  1784  585s
  1614   970  633.18212   31 1437  585.00000  639.44957  9.31%  1793  590s
  1622   975  631.23749   35 1425  585.00000  639.44957  9.31%  1802  595s
  1629   980  634.61222   39 1447  585.00000  639.44957  9.31%  1809  600s
  1636   985  628.96337   42 1416  585.00000  639.44957  9.31%  1820  605s
  1645   991  633.15583   47 1434  585.00000  639.44957  9.31%  1826  610s
  1654   997  627.99077   51 1409  585.00000  639.44957  9.31%  1836  615s
  1662  1002  627.32618   55 1402  585.00000  639.44957  9.31%  1844  620s
  1668  1006  622.62403   58 1379  585.00000  639.44957  9.31%  1851  625s
  1678  1013  628.11345   63 1399  585.00000  639.44957  9.31%  1859  630s
  1688  1019  622.95405   68 1374  585.00000  639.44957  9.31%  1866  635s
  1700  1027  626.78258   74 1390  585.00000  639.44957  9.31%  1874  640s
  1711  1035  627.53985   80 1401  585.00000  639.44957  9.31%  1880  645s
  1722  1042  620.61537   85 1367  585.00000  639.44957  9.31%  1888  650s
  1736  1051  622.48833   92 1365  585.00000  639.44957  9.31%  1894  655s
  1750  1061  621.96634   99 1357  585.00000  639.44957  9.31%  1899  660s
  1764  1070  615.65236  106 1331  585.00000  639.44957  9.31%  1906  665s
  1780  1081  619.93430  114 1335  585.00000  639.44957  9.31%  1910  670s
  1800  1094  615.23441  124 1305  585.00000  639.44957  9.31%  1915  675s
  1820  1107  615.14107  134 1311  585.00000  639.44957  9.31%  1916  680s
  1847  1132  614.88205  148 1308  585.00000  639.44957  9.31%  1913  685s
H 1872  1128                     586.0000000  639.44957  9.12%  1905  688s
  1883  1141  609.59314  166 1281  586.00000  639.44957  9.12%  1901  690s
  1925  1183  602.92331  187 1255  586.00000  639.44957  9.12%  1883  695s
  1999  1255  592.00694  224 1154  586.00000  639.44957  9.12%  1839  700s
  2052  1279  625.93983   15 1414  586.00000  639.43443  9.12%  1805  705s
  2058  1285  632.86260   18 1434  586.00000  639.43443  9.12%  1813  711s
  2062  1289  633.06751   20 1442  586.00000  639.43443  9.12%  1818  715s
  2068  1295  634.19645   23 1446  586.00000  639.43443  9.12%  1825  720s
  2074  1301  633.63477   26 1426  586.00000  639.43443  9.12%  1832  725s
  2080  1307  629.43367   29 1421  586.00000  639.43443  9.12%  1840  731s
  2086  1313  631.99604   32 1432  586.00000  639.43443  9.12%  1846  736s
  2092  1319  631.20508   35 1428  586.00000  639.43443  9.12%  1851  740s
  2100  1327  618.90317   39 1370  586.00000  639.43443  9.12%  1859  746s
  2106  1333  630.20231   42 1419  586.00000  639.43443  9.12%  1864  750s
  2112  1339  625.66222   45 1391  586.00000  639.43443  9.12%  1870  755s
  2120  1347  628.92698   49 1413  586.00000  639.43443  9.12%  1878  760s
  2126  1353  626.66064   52 1400  586.00000  639.43443  9.12%  1884  765s
  2134  1361  620.44555   56 1358  586.00000  639.43443  9.12%  1891  771s
  2142  1369  629.70010   60 1407  586.00000  639.43443  9.12%  1896  775s
  2150  1377  628.87733   64 1396  586.00000  639.43443  9.12%  1901  780s
  2160  1387  626.57589   69 1401  586.00000  639.43443  9.12%  1906  785s
  2166  1393  620.36763   72 1369  586.00000  639.43443  9.12%  1910  790s
  2176  1403  624.14039   77 1376  586.00000  639.43443  9.12%  1915  795s
  2186  1413  623.88091   82 1380  586.00000  639.43443  9.12%  1920  800s
  2190  1417  619.95353   84 1358  586.00000  639.43443  9.12%  1922  805s
  2201  1428  626.17406   90 1388  586.00000  639.43443  9.12%  1927  810s
  2212  1439  620.95983   95 1370  586.00000  639.43443  9.12%  1933  815s
  2218  1445  619.49259   98 1356  586.00000  639.43443  9.12%  1935  820s
  2230  1457  615.33125  104 1312  586.00000  639.43443  9.12%  1939  825s
  2242  1469  619.44335  110 1351  586.00000  639.43443  9.12%  1943  831s
  2256  1483  619.88394  117 1336  586.00000  639.43443  9.12%  1944  835s
  2269  1496  619.44621  124 1345  586.00000  639.43443  9.12%  1944  848s
  2278  1505  616.06744  128 1323  586.00000  639.43443  9.12%  1945  850s
  2288  1515  614.89312  133 1313  586.00000  639.43443  9.12%  1945  855s
  2296  1523  616.06616  137 1322  586.00000  639.43443  9.12%  1946  864s
  2298  1525  615.99478  138 1319  586.00000  639.43443  9.12%  1946  865s
  2314  1541  614.85001  146 1296  586.00000  639.43443  9.12%  1945  872s
  2323  1550  613.25502  151 1307  586.00000  639.43443  9.12%  1942  886s
  2340  1567  609.66437  159 1296  586.00000  639.43443  9.12%  1938  892s
  2350  1577  606.79606  164 1287  586.00000  639.43443  9.12%  1935  900s
  2366  1593  606.97103  172 1263  586.00000  639.43443  9.12%  1930  906s
  2392  1619  601.61737  185 1264  586.00000  639.43443  9.12%  1920  914s
  2393  1620  602.53712  186 1269  586.00000  639.43443  9.12%  1920  915s
  2489  1714  588.41176  234 1122  586.00000  639.43443  9.12%  1871  920s
  2523  1718  629.13310   16 1414  586.00000  639.42394  9.12%  1858  925s
  2528  1723  636.63484   19 1453  586.00000  639.42394  9.12%  1863  930s
  2535  1730  630.90502   22 1415  586.00000  639.42394  9.12%  1869  935s
  2543  1738  626.27848   26 1403  586.00000  639.42394  9.12%  1876  941s
  2547  1742  631.05857   28 1424  586.00000  639.42394  9.12%  1879  945s
  2555  1750  630.28942   32 1420  586.00000  639.42394  9.12%  1885  950s
  2563  1758  625.36753   36 1395  586.00000  639.42394  9.12%  1891  955s
  2570  1765  632.68076   40 1432  586.00000  639.42394  9.12%  1895  960s
  2577  1772  624.50219   43 1393  586.00000  639.42394  9.12%  1901  965s
  2585  1780  623.40904   47 1382  586.00000  639.42394  9.12%  1907  970s
  2593  1788  626.68391   51 1389  586.00000  639.42394  9.12%  1912  975s
  2603  1798  626.85902   56 1391  586.00000  639.42394  9.12%  1917  980s
  2613  1808  625.30943   61 1383  586.00000  639.42394  9.12%  1922  985s
  2624  1819  628.43759   67 1399  586.00000  639.42394  9.12%  1927  990s
  2635  1830  618.98642   72 1352  586.00000  639.42394  9.12%  1931  995s
  2643  1838  622.59679   76 1360  586.00000  639.42394  9.12%  1933 1001s
  2653  1848  619.24515   81 1360  586.00000  639.42394  9.12%  1936 1005s
  2668  1863  624.13172   89 1374  586.00000  639.42394  9.12%  1939 1010s
  2681  1876  611.84722   95 1315  586.00000  639.42394  9.12%  1942 1015s
  2699  1894  617.80041  104 1338  586.00000  639.42394  9.12%  1945 1020s
  2719  1914  618.35842  114 1333  586.00000  639.42394  9.12%  1946 1025s
  2743  1938  609.50494  126 1255  586.00000  639.42394  9.12%  1945 1030s
  2774  1969  612.75228  142 1293  586.00000  639.42394  9.12%  1940 1035s
  2817  2012  605.11661  163 1249  586.00000  639.42394  9.12%  1929 1040s
  2888  2083  594.92772  199 1216  586.00000  639.42394  9.12%  1903 1045s
  2953  2121  637.42744   15 1462  586.00000  639.42363  9.12%  1873 1050s
  2959  2127  628.00061   18 1414  586.00000  639.42363  9.12%  1879 1055s
  2967  2135  632.36272   22 1436  586.00000  639.42363  9.12%  1886 1062s
  2971  2139  628.74752   24 1415  586.00000  639.42363  9.12%  1888 1065s
  2979  2147  630.68166   28 1420  586.00000  639.42363  9.12%  1894 1070s
  2987  2155  630.56568   32 1419  586.00000  639.42363  9.12%  1899 1075s
  2994  2162  633.78603   36 1443  586.00000  639.42363  9.12%  1902 1080s
  3003  2171  629.09162   40 1415  586.00000  639.42363  9.12%  1909 1085s
  3006  2174  632.91097   42 1433  586.00000  639.42363  9.12%  1909 1097s
  3007  2175  629.47871   42 1408  586.00000  639.42363  9.12%  1910 1106s
  3015  2183  624.36944   46 1390  586.00000  639.42363  9.12%  1915 1110s
  3025  2193  623.58960   51 1381  586.00000  639.42363  9.12%  1921 1115s
  3034  2202  630.24523   56 1417  586.00000  639.42363  9.12%  1923 1121s
  3041  2209  623.29140   59 1383  586.00000  639.42363  9.12%  1927 1125s
  3052  2220  629.09070   65 1402  586.00000  639.42363  9.12%  1930 1130s
  3065  2233  619.02801   71 1344  586.00000  639.42363  9.12%  1935 1135s
  3075  2243  620.22215   76 1348  586.00000  639.42363  9.12%  1938 1140s
  3087  2255  622.54690   82 1361  586.00000  639.42363  9.12%  1942 1145s
  3101  2269  622.35729   89 1363  586.00000  639.42363  9.12%  1945 1150s
  3109  2277  613.06757   93 1310  586.00000  639.42363  9.12%  1947 1155s
  3125  2293  620.81735  101 1337  586.00000  639.42363  9.12%  1949 1160s
  3147  2315  616.06169  112 1319  586.00000  639.42363  9.12%  1950 1165s
  3169  2337  615.27715  123 1322  586.00000  639.42363  9.12%  1951 1170s
  3200  2368  613.73253  139 1309  586.00000  639.42363  9.12%  1948 1175s
  3239  2407  607.47357  158 1279  586.00000  639.42363  9.12%  1942 1180s
  3291  2459  602.07974  184 1250  586.00000  639.42363  9.12%  1928 1185s
  3313  2481  597.25275  195 1233  586.00000  639.42363  9.12%  1921 1194s
  3325  2493  596.33343  201 1237  586.00000  639.42363  9.12%  1916 1195s
  3400  2542  625.37993   16 1417  586.00000  639.31733  9.10%  1887 1200s
  3406  2548  629.59537   19 1420  586.00000  639.31733  9.10%  1894 1206s
  3410  2552  633.32786   21 1437  586.00000  639.31733  9.10%  1897 1210s
  3416  2558  632.29625   24 1441  586.00000  639.31733  9.10%  1902 1216s
  3422  2564  632.77235   27 1437  586.00000  639.31733  9.10%  1905 1220s
  3428  2570  628.83253   30 1418  586.00000  639.31733  9.10%  1910 1225s
  3434  2576  624.86013   33 1388  586.00000  639.31733  9.10%  1914 1230s
  3441  2583  635.16987   37 1455  586.00000  639.31733  9.10%  1917 1235s
  3448  2590  627.96643   40 1423  586.00000  639.31733  9.10%  1923 1241s
  3454  2596  627.96150   43 1404  586.00000  639.31733  9.10%  1927 1245s
  3462  2604  628.76105   47 1419  586.00000  639.31733  9.10%  1931 1250s
  3470  2612  629.36111   51 1416  586.00000  639.31733  9.10%  1934 1255s
  3478  2620  628.48291   55 1403  586.00000  639.31733  9.10%  1938 1260s
  3486  2628  628.39145   59 1406  586.00000  639.31733  9.10%  1942 1265s
  3496  2638  626.85853   64 1402  586.00000  639.31733  9.10%  1945 1270s
  3506  2648  623.24906   69 1361  586.00000  639.31733  9.10%  1949 1275s
  3518  2660  624.26497   75 1382  586.00000  639.31733  9.10%  1954 1280s
  3530  2672  614.22413   81 1332  586.00000  639.31733  9.10%  1958 1285s
  3542  2684  624.69947   87 1382  586.00000  639.31733  9.10%  1960 1290s
  3554  2696  623.10808   93 1374  586.00000  639.31733  9.10%  1963 1295s
  3568  2710  622.26585  100 1345  586.00000  639.31733  9.10%  1966 1300s
  3580  2722  619.49777  106 1346  586.00000  639.31733  9.10%  1969 1305s
  3595  2737  622.00250  114 1367  586.00000  639.31733  9.10%  1971 1310s
  3612  2754  613.49259  122 1326  586.00000  639.31733  9.10%  1974 1315s
  3616  2758  617.16926  124 1337  586.00000  639.31733  9.10%  1974 1324s
  3617  2759  620.14080  125 1356  586.00000  639.31733  9.10%  1974 1333s
  3621  2763  619.38757  127 1349  586.00000  639.31733  9.10%  1973 1335s
  3646  2788  614.02673  139 1317  586.00000  639.31733  9.10%  1973 1340s
  3674  2816  610.28345  153 1298  586.00000  639.31733  9.10%  1971 1345s
  3714  2856  605.67331  173 1278  586.00000  639.31733  9.10%  1962 1350s
  3771  2913  597.72559  202 1238  586.00000  639.31733  9.10%  1948 1355s
  3863  2974  637.24278   19 1458  586.00000  639.31654  9.10%  1916 1360s
  3868  2979  631.73128   21 1426  586.00000  639.31654  9.10%  1920 1365s
  3874  2985  630.88978   24 1426  586.00000  639.31654  9.10%  1925 1371s
  3880  2991  631.05620   27 1424  586.00000  639.31654  9.10%  1928 1375s
  3888  2999  630.61563   31 1416  586.00000  639.31654  9.10%  1932 1380s
  3896  3007  628.50359   35 1413  586.00000  639.31654  9.10%  1936 1386s
  3902  3013  622.13040   38 1373  586.00000  639.31654  9.10%  1940 1390s
  3910  3021  627.87882   42 1408  586.00000  639.31654  9.10%  1943 1395s
  3920  3031  627.41368   47 1406  586.00000  639.31654  9.10%  1946 1400s
  3930  3041  626.49771   52 1398  586.00000  639.31654  9.10%  1950 1405s
  3938  3049  624.89979   56 1392  586.00000  639.31654  9.10%  1953 1410s
  3948  3059  623.87582   61 1381  586.00000  639.31654  9.10%  1957 1415s
  3958  3069  624.13270   66 1386  586.00000  639.31654  9.10%  1960 1420s
  3970  3081  625.58512   72 1385  586.00000  639.31654  9.10%  1963 1425s
  3983  3094  626.56210   79 1388  586.00000  639.31654  9.10%  1965 1430s
  3993  3104  625.61498   84 1382  586.00000  639.31654  9.10%  1967 1435s
  4006  3117  621.12183   90 1357  586.00000  639.31654  9.10%  1970 1440s
  4008  3119  620.63985   91 1341  586.00000  639.31654  9.10%  1970 1445s
  4013  3124  624.15352   94 1374  586.00000  639.31654  9.10%  1971 1450s
  4024  3135  618.85991   99 1353  586.00000  639.31654  9.10%  1974 1455s
  4040  3151  618.15560  107 1316  586.00000  639.31654  9.10%  1975 1460s
  4056  3167  612.25057  115 1299  586.00000  639.31654  9.10%  1977 1465s
  4074  3185  611.07095  124 1280  586.00000  639.31654  9.10%  1977 1470s
  4096  3207  614.37904  135 1315  586.00000  639.31654  9.10%  1976 1475s
  4128  3239  609.94096  151 1293  586.00000  639.31654  9.10%  1972 1480s
  4172  3283  604.19481  173 1259  586.00000  639.31654  9.10%  1964 1485s
  4273  3382  590.76800  224 1062  586.00000  639.31654  9.10%  1934 1490s
  4325  3415  635.29748   37 1447  586.00000  638.81384  9.01%  1917 1495s
  4357  3447  630.41754   68 1411  586.00000  638.81384  9.01%  1909 1500s
  4380  3470  626.30600   90 1392  586.00000  638.81384  9.01%  1904 1505s
  4414  3504  620.42485  121 1347  586.00000  638.81384  9.01%  1898 1510s
  4445  3535  614.18610  139 1319  586.00000  638.81384  9.01%  1895 1515s
  4486  3576  608.93759  160 1296  586.00000  638.81384  9.01%  1888 1520s
  4548  3638  603.18766  185 1262  586.00000  638.81384  9.01%  1874 1525s
  4618  3708  597.11460  203 1236  586.00000  638.81384  9.01%  1857 1531s
  4693  3783  592.20275  212 1175  586.00000  638.81384  9.01%  1837 1535s
  4834  3922  587.99488  231 1152  586.00000  638.81384  9.01%  1799 1540s
  4904  3945  625.95251   35 1403  586.00000  638.71319  9.00%  1782 1545s
  4955  3996  616.21779   86 1344  586.00000  638.71319  9.00%  1772 1550s
  4997  4038  608.72832  116 1285  586.00000  638.71319  9.00%  1766 1555s
  5028  4069  605.01639  138 1282  586.00000  638.71319  9.00%  1761 1560s
  5097  4138  596.49567  164 1222  586.00000  638.71319  9.00%  1749 1565s
  5223  4228  637.19750   21 1462  586.00000  638.71232  9.00%  1720 1570s
  5241  4246  633.76894   39 1443  586.00000  638.71232  9.00%  1719 1575s
  5261  4266  630.18275   59 1422  586.00000  638.71232  9.00%  1716 1580s
  5296  4301  624.86968   93 1384  586.00000  638.71232  9.00%  1711 1585s
  5323  4328  619.73390  115 1356  586.00000  638.71232  9.00%  1709 1590s
  5362  4367  611.46427  140 1318  586.00000  638.71232  9.00%  1706 1595s
  5415  4420  604.83046  169 1277  586.00000  638.71232  9.00%  1699 1600s
  5489  4494  597.23006  200 1259  586.00000  638.71232  9.00%  1687 1605s
  5610  4615  590.86711  219 1166  586.00000  638.71232  9.00%  1662 1610s
  5714  4697  636.57548   30 1463  586.00000  638.70078  8.99%  1639 1615s
  5739  4722  632.41086   55 1435  586.00000  638.70078  8.99%  1637 1629s
  5740  4723  632.31009   56 1436  586.00000  638.70078  8.99%  1637 1633s
  5753  4736  630.46366   69 1418  586.00000  638.70078  8.99%  1635 1635s
  5786  4769  622.60440   96 1367  586.00000  638.70078  8.99%  1633 1640s
  5805  4788  619.65362  110 1356  586.00000  638.70078  8.99%  1634 1645s
  5837  4820  616.14762  136 1334  586.00000  638.70078  8.99%  1632 1650s
  5881  4864  609.20023  162 1300  586.00000  638.70078  8.99%  1628 1655s
  5938  4921  603.45125  178 1260  586.00000  638.70078  8.99%  1622 1660s
  6012  4995  596.94123  201 1207  586.00000  638.70078  8.99%  1611 1665s
  6098  5081  591.96104  217 1192  586.00000  638.70078  8.99%  1598 1670s
  6210  5175  636.57999   25 1458  586.00000  638.70064  8.99%  1577 1675s
  6244  5209  631.30106   59 1409  586.00000  638.70064  8.99%  1574 1694s
  6245  5210  631.20202   60 1411  586.00000  638.70064  8.99%  1574 1695s
  6293  5258  622.09510  107 1359  586.00000  638.70064  8.99%  1568 1700s
  6334  5299  614.21657  138 1315  586.00000  638.70064  8.99%  1565 1705s
  6383  5348  607.31216  165 1262  586.00000  638.70064  8.99%  1561 1710s
  6451  5416  600.90006  182 1250  586.00000  638.70064  8.99%  1554 1715s
  6558  5523  593.44378  209 1189  586.00000  638.70064  8.99%  1539 1720s
  6704  5631  637.67777   16 1459  586.00000  638.62362  8.98%  1515 1725s
  6730  5657  633.39148   42 1432  586.00000  638.62362  8.98%  1514 1730s
  6764  5691  626.97843   75 1384  586.00000  638.62362  8.98%  1511 1735s
  6802  5729  619.20962  105 1339  586.00000  638.62362  8.98%  1509 1740s
  6850  5777  612.13634  142 1284  586.00000  638.62362  8.98%  1505 1745s
  6906  5833  603.55173  165 1246  586.00000  638.62362  8.98%  1502 1750s
  6992  5919  596.26499  193 1179  586.00000  638.62362  8.98%  1492 1755s
  7153  6074  587.43750  224 1066  586.00000  638.62362  8.98%  1468 1760s
  7195  6087  629.12758   41 1413  586.00000  638.55555  8.97%  1464 1765s
  7249  6141  618.19839   94 1355  586.00000  638.55555  8.97%  1460 1770s
  7310  6202  606.73036  142 1281  586.00000  638.55555  8.97%  1455 1775s
  7383  6275  597.83990  172 1230  586.00000  638.55555  8.97%  1449 1780s
  7496  6388  588.69680  201 1164  586.00000  638.55555  8.97%  1436 1785s
  7562  6416  635.40179   33 1459  586.00000  638.55546  8.97%  1429 1790s
  7589  6443  630.98123   60 1424  586.00000  638.55546  8.97%  1427 1795s
  7624  6478  625.45971   93 1390  586.00000  638.55546  8.97%  1426 1800s
  7648  6502  620.97816  110 1368  586.00000  638.55546  8.97%  1426 1805s
  7677  6531  614.09785  127 1331  586.00000  638.55546  8.97%  1426 1810s
  7737  6591  605.46708  169 1277  586.00000  638.55546  8.97%  1422 1815s
  7810  6664  597.40455  197 1241  586.00000  638.55546  8.97%  1416 1820s
  7915  6769  592.52299  216 1207  586.00000  638.55546  8.97%  1406 1825s
  8053  6906  587.03439  235 1138  586.00000  638.55546  8.97%  1389 1830s
  8083  6908  619.53083   29 1378  586.00000  638.35254  8.93%  1388 1835s
  8121  6936  629.93953   21 1432  586.00000  638.32811  8.93%  1387 1842s
  8141  6956  625.97139   41 1413  586.00000  638.32811  8.93%  1386 1845s
  8194  7009  615.49636   94 1355  586.00000  638.32811  8.93%  1381 1850s
  8305  7112  587.43688  198 1155  586.00000  638.32811  8.93%  1370 1855s
  8321  7114  628.61121   21 1413  586.00000  638.32427  8.93%  1371 1860s
  8327  7120  627.09655   24 1413  586.00000  638.32427  8.93%  1373 1865s
  8333  7126  632.92578   27 1436  586.00000  638.32427  8.93%  1375 1870s
  8341  7134  631.36838   31 1424  586.00000  638.32427  8.93%  1378 1876s
  8347  7140  626.70130   34 1408  586.00000  638.32427  8.93%  1379 1880s
  8353  7146  628.05314   37 1421  586.00000  638.32427  8.93%  1381 1885s
  8361  7154  627.66147   41 1400  586.00000  638.32427  8.93%  1384 1891s
  8367  7160  629.64241   44 1411  586.00000  638.32427  8.93%  1385 1895s
  8375  7168  624.48608   48 1394  586.00000  638.32427  8.93%  1388 1900s
  8383  7176  617.46124   52 1346  586.00000  638.32427  8.93%  1390 1905s
  8391  7184  627.66433   56 1401  586.00000  638.32427  8.93%  1393 1910s
  8397  7190  628.66409   59 1405  586.00000  638.32427  8.93%  1394 1918s
  8401  7194  626.39454   61 1395  586.00000  638.32427  8.93%  1395 1920s
  8411  7204  623.13136   66 1380  586.00000  638.32427  8.93%  1397 1925s
  8415  7208  626.01411   68 1392  586.00000  638.32427  8.93%  1397 1930s
  8426  7219  628.29032   74 1400  586.00000  638.32427  8.93%  1400 1935s
  8439  7232  623.48443   80 1370  586.00000  638.32427  8.93%  1402 1940s
  8453  7246  621.17702   87 1365  586.00000  638.32427  8.93%  1404 1945s
  8467  7260  621.47629   94 1360  586.00000  638.32427  8.93%  1406 1950s
  8483  7276  618.24087  102 1349  586.00000  638.32427  8.93%  1409 1955s
  8503  7296  617.18542  112 1334  586.00000  638.32427  8.93%  1410 1960s
  8525  7318  615.30572  123 1337  586.00000  638.32427  8.93%  1412 1965s
  8549  7342  613.30938  135 1327  586.00000  638.32427  8.93%  1413 1970s
  8570  7363  611.71192  146 1316  586.00000  638.32427  8.93%  1414 1989s
  8573  7366  608.79584  147 1290  586.00000  638.32427  8.93%  1414 1990s
  8611  7404  605.41695  166 1282  586.00000  638.32427  8.93%  1414 1995s
  8679  7472  596.89746  200 1213  586.00000  638.32427  8.93%  1410 2000s
  8765  7538  634.96364   30 1450  586.00000  638.19889  8.91%  1403 2005s
  8803  7576  628.48224   68 1398  586.00000  638.19889  8.91%  1401 2010s
  8862  7635  616.74681  127 1333  586.00000  638.19889  8.91%  1397 2015s
  8976  7737  624.19463   22 1413  586.00000  638.11413  8.89%  1386 2021s
  9012  7773  617.63885   58 1357  586.00000  638.11413  8.89%  1383 2025s
  9018  7779  616.25883   64 1351  586.00000  638.11413  8.89%  1383 2030s
  9125  7868  628.81340   17 1422  586.00000  638.10811  8.89%  1374 2036s
  9155  7898  623.05344   47 1386  586.00000  638.10811  8.89%  1372 2040s
  9204  7947  613.94421   90 1326  586.00000  638.10811  8.89%  1370 2045s
  9271  8014  601.36804  135 1271  586.00000  638.10811  8.89%  1367 2050s
  9374  8117  589.34989  176 1180  586.00000  638.10811  8.89%  1360 2055s
  9432  8152  625.17044   40 1399  586.00000  638.01581  8.88%  1356 2060s
  9481  8199     cutoff   89       586.00000  638.01581  8.88%  1355 2065s
  9527  8235  624.63416   42 1397  586.00000  637.97593  8.87%  1352 2070s
  9604  8312  609.79062  119 1297  586.00000  637.97593  8.87%  1347 2075s
  9699  8391  631.88014   33 1424  586.00000  637.95109  8.87%  1339 2080s
  9760  8442  629.11645   18 1429  586.00000  637.90326  8.86%  1337 2086s
  9768  8450  623.02748   21 1393  586.00000  637.90326  8.86%  1339 2090s
  9782  8464  618.45371   26 1355  586.00000  637.90326  8.86%  1341 2095s
  9808  8482  589.37688   35 1228  586.00000  637.90326  8.86%  1343 2100s
  9827  8485  618.20271   22 1378  586.00000  637.87278  8.85%  1344 2105s
  9870  8520  624.32025   23 1411  586.00000  637.82254  8.84%  1342 2110s
  9938  8588  611.42408   91 1328  586.00000  637.82254  8.84%  1338 2115s
 10023  8659  615.14671   21 1363  586.00000  637.78986  8.84%  1333 2120s
 10073  8701  627.53389   24 1425  586.00000  637.73566  8.83%  1331 2125s
 10124  8752  618.98288   75 1367  586.00000  637.73566  8.83%  1328 2130s
 10203  8830  601.27122  138 1484  586.00000  637.73566  8.83%  1323 2899s
 10205  8831  614.81847  135 1337  586.00000  637.73566  8.83%  1323 2900s
 10206  8832  603.01925  190 1487  586.00000  637.73566  8.83%  1323 2906s
 10208  8833  619.26232   87 1489  586.00000  636.19601  8.57%  1322 2910s
 10213  8837  590.64842  222 1493  586.00000  635.79632  8.50%  1322 2927s
 10214  8837  590.95164  209 1492  586.00000  635.62324  8.47%  1322 2942s
 10217  8839  618.28049  104 1493  586.00000  635.57784  8.46%  1321 2959s
 10218  8840  588.13636  223 1491  586.00000  635.08396  8.38%  1321 2973s
 10223  8843  589.86585  228 1489  586.00000  634.90419  8.35%  1320 2991s
 10224  8844  606.54169  162 1490  586.00000  634.45246  8.27%  1320 3009s
 10228  8847  609.04685  159 1490  586.00000  634.27745  8.24%  1320 3028s
 10229  8847  623.05045   90 1491  586.00000  634.05594  8.20%  1320 3045s
 10232  8849  617.13000  111 1491  586.00000  633.98795  8.19%  1319 3066s
 10233  8850  617.42245  112 1489  586.00000  633.82539  8.16%  1319 3081s
 10237  8853  626.40668   63 1490  586.00000  633.78192  8.15%  1319 3101s
 10238  8853  626.15054   51 1491  586.00000  633.66680  8.13%  1319 3120s
 10241  8855  616.99158  128 1492  586.00000  633.60270  8.12%  1318 3140s
 10242  8856  605.41311  167 1489  586.00000  633.55696  8.12%  1318 3160s
 10245  8858  606.29559  171 1490  586.00000  633.51290  8.11%  1318 3178s
 10246  8859  616.36586   90 1490  586.00000  633.43777  8.10%  1317 3198s
 10249  8861  624.69498   86 1490  586.00000  633.40983  8.09%  1317 3217s
 10250  8861  623.28107   84 1490  586.00000  633.28317  8.07%  1317 3236s
 10253  8863  620.21941   97 1491  586.00000  633.21688  8.06%  1317 3252s
 10254  8864  626.43976   53 1488  586.00000  633.08197  8.03%  1316 3267s
 10257  8866  595.91548  180 1489  586.00000  633.02761  8.03%  1316 3285s
 10258  8867  600.52813  175 1488  586.00000  632.98733  8.02%  1316 3300s
 10260  8868  587.05554  210 1489  586.00000  632.97371  8.02%  1316 3317s
 10261  8869  596.96315  199 1490  586.00000  632.88056  8.00%  1316 3331s
 10264  8871  587.73669  229 1491  586.00000  632.83189  7.99%  1315 3348s
 10265  8871  611.56796  146 1491  586.00000  632.75070  7.98%  1315 3365s
 10268  8873  592.55474  212 1491  586.00000  632.72259  7.97%  1315 3383s
 10269  8874  614.21283  102 1488  586.00000  632.70492  7.97%  1315 3399s
 10270  8875  617.91392  121 1489  586.00000  632.70238  7.97%  1314 3417s
 10271  8875  623.32008   75 1491  586.00000  632.69986  7.97%  1314 3433s
 10272  8876  589.01364  229 1491  586.00000  632.69864  7.97%  1314 3452s
 10273  8877  612.02268  144 1489  586.00000  632.69358  7.97%  1314 3468s
 10275  8878  600.87585  182 1490  586.00000  632.68811  7.97%  1314 3485s
 10276  8879  610.18075  154 1490  586.00000  632.68065  7.97%  1314 3502s
 10277  8879  607.23436  167 1491  586.00000  632.67684  7.97%  1313 3522s
 10278  8880  617.25253  102 1490  586.00000  632.67497  7.97%  1313 3540s
 10279  8881  626.18630   54 1491  586.00000  632.67462  7.96%  1313 3559s
 10280  8881  589.81696  177 1491  586.00000  632.67435  7.96%  1313 3577s
 10281  8882  588.27518  233 1491  586.00000  632.67422  7.96%  1313 3597s

Cutting planes:
  Gomory: 8
  Flow cover: 43
  Zero half: 635
  RLT: 180
  BQP: 22

Explored 10281 nodes (13706228 simplex iterations) in 3600.20 seconds (4759.59 work units)
Thread count was 1 (of 24 available processors)

Solution count 10: 586 585 584 ... 570

Time limit reached
Best objective 5.860000000000e+02, best bound 6.320000000000e+02, gap 7.8498%

User-callback calls 165502, time in user-callback 1.13 sec
