
Gurobi 11.0.3 (linux64) logging started Thu Mar  5 19:04:10 2026

Set parameter LogFile to value "./log/train/IS_1500_6/IS_58.lp.log"
Set parameter TimeLimit to value 3600
Gurobi Optimizer version 11.0.3 build v11.0.3rc0 (linux64 - "Ubuntu 22.04.5 LTS")

CPU model: AMD Ryzen 9 9900X 12-Core Processor, instruction set [SSE2|AVX|AVX2|AVX512]
Thread count: 12 physical cores, 24 logical processors, using up to 2 threads

Optimize a model with 9224 rows, 1500 columns and 18146 nonzeros
Model fingerprint: 0x0d33c912
Variable types: 0 continuous, 1500 integer (1500 binary)
Coefficient statistics:
  Matrix range     [1e+00, 1e+00]
  Objective range  [1e+00, 1e+00]
  Bounds range     [1e+00, 1e+00]
  RHS range        [1e+00, 1e+00]
Found heuristic solution: objective 330.0000000
Presolve removed 1838 rows and 0 columns
Presolve time: 0.02s
Presolved: 7386 rows, 1500 columns, 16272 nonzeros
Variable types: 0 continuous, 1500 integer (1500 binary)

Root relaxation: objective 6.880000e+02, 3417 iterations, 0.11 seconds (0.18 work units)

    Nodes    |    Current Node    |     Objective Bounds      |     Work
 Expl Unexpl |  Obj  Depth IntInf | Incumbent    BestBd   Gap | It/Node Time

     0     0  688.00000    0 1348  330.00000  688.00000   108%     -    0s
H    0     0                     538.0000000  688.00000  27.9%     -    0s
     0     0  673.18485    0 1481  538.00000  673.18485  25.1%     -    0s
H    0     0                     563.0000000  673.18485  19.6%     -    0s
H    0     0                     565.0000000  673.18485  19.1%     -    0s
     0     0  664.45076    0 1481  565.00000  664.45076  17.6%     -    1s
     0     0  663.81940    0 1480  565.00000  663.81940  17.5%     -    1s
     0     0  663.76523    0 1480  565.00000  663.76523  17.5%     -    2s
     0     0  663.74556    0 1480  565.00000  663.74556  17.5%     -    2s
     0     0  663.74398    0 1480  565.00000  663.74398  17.5%     -    2s
     0     0  659.12427    0 1476  565.00000  659.12427  16.7%     -    2s
H    0     0                     568.0000000  659.12427  16.0%     -    2s
     0     0  658.66816    0 1475  568.00000  658.66816  16.0%     -    2s
     0     0  658.59331    0 1477  568.00000  658.59331  15.9%     -    2s
     0     0  658.58134    0 1477  568.00000  658.58134  15.9%     -    2s
     0     0  658.57705    0 1477  568.00000  658.57705  15.9%     -    2s
     0     0  655.32930    0 1479  568.00000  655.32930  15.4%     -    3s
H    0     0                     569.0000000  655.32930  15.2%     -    3s
     0     0  655.01231    0 1481  569.00000  655.01231  15.1%     -    3s
     0     0  654.97739    0 1481  569.00000  654.97739  15.1%     -    3s
     0     0  654.95714    0 1483  569.00000  654.95714  15.1%     -    3s
     0     0  654.95164    0 1484  569.00000  654.95164  15.1%     -    3s
     0     0  652.75200    0 1486  569.00000  652.75200  14.7%     -    4s
     0     0  652.52610    0 1480  569.00000  652.52610  14.7%     -    4s
     0     0  652.49664    0 1483  569.00000  652.49664  14.7%     -    4s
     0     0  652.46552    0 1481  569.00000  652.46552  14.7%     -    4s
     0     0  652.45977    0 1483  569.00000  652.45977  14.7%     -    4s
     0     0  650.20024    0 1488  569.00000  650.20024  14.3%     -    5s
     0     0  650.05108    0 1488  569.00000  650.05108  14.2%     -    5s
     0     0  650.00087    0 1486  569.00000  650.00087  14.2%     -    5s
     0     0  649.99717    0 1486  569.00000  649.99717  14.2%     -    5s
     0     0  648.90287    0 1486  569.00000  648.90287  14.0%     -    6s
     0     0  648.70592    0 1485  569.00000  648.70592  14.0%     -    6s
     0     0  648.67127    0 1485  569.00000  648.67127  14.0%     -    6s
     0     0  648.66774    0 1483  569.00000  648.66774  14.0%     -    6s
     0     0  647.61347    0 1484  569.00000  647.61347  13.8%     -    6s
     0     0  647.48581    0 1483  569.00000  647.48581  13.8%     -    6s
     0     0  647.46939    0 1485  569.00000  647.46939  13.8%     -    6s
     0     0  647.45262    0 1483  569.00000  647.45262  13.8%     -    6s
     0     0  647.44635    0 1482  569.00000  647.44635  13.8%     -    6s
     0     0  646.56660    0 1480  569.00000  646.56660  13.6%     -    7s
     0     0  646.40144    0 1484  569.00000  646.40144  13.6%     -    7s
     0     0  646.37847    0 1482  569.00000  646.37847  13.6%     -    7s
     0     0  646.37466    0 1482  569.00000  646.37466  13.6%     -    7s
     0     0  645.84521    0 1482  569.00000  645.84521  13.5%     -    8s
     0     0  645.76593    0 1483  569.00000  645.76593  13.5%     -    8s
     0     0  645.72359    0 1482  569.00000  645.72359  13.5%     -    8s
     0     0  645.71190    0 1484  569.00000  645.71190  13.5%     -    8s
     0     0  645.18766    0 1485  569.00000  645.18766  13.4%     -    8s
     0     0  645.10852    0 1484  569.00000  645.10852  13.4%     -    8s
     0     0  645.09448    0 1484  569.00000  645.09448  13.4%     -    8s
     0     0  644.51457    0 1485  569.00000  644.51457  13.3%     -    9s
     0     0  644.43360    0 1484  569.00000  644.43360  13.3%     -    9s
     0     0  644.41900    0 1485  569.00000  644.41900  13.3%     -    9s
     0     0  644.04560    0 1484  569.00000  644.04560  13.2%     -    9s
     0     0  643.90041    0 1482  569.00000  643.90041  13.2%     -    9s
     0     0  643.88420    0 1484  569.00000  643.88420  13.2%     -    9s
     0     0  643.61822    0 1487  569.00000  643.61822  13.1%     -   10s
H    0     0                     570.0000000  643.61822  12.9%     -   10s
     0     0  643.53591    0 1486  570.00000  643.53591  12.9%     -   10s
     0     0  643.52906    0 1489  570.00000  643.52906  12.9%     -   10s
     0     0  643.14278    0 1485  570.00000  643.14278  12.8%     -   10s
     0     0  643.06360    0 1489  570.00000  643.06360  12.8%     -   10s
     0     0  643.04569    0 1490  570.00000  643.04569  12.8%     -   11s
     0     0  642.79002    0 1486  570.00000  642.79002  12.8%     -   11s
H    0     0                     573.0000000  642.79002  12.2%     -   11s
     0     0  642.71918    0 1488  573.00000  642.71918  12.2%     -   11s
     0     0  642.70704    0 1488  573.00000  642.70704  12.2%     -   11s
     0     0  642.41284    0 1486  573.00000  642.41284  12.1%     -   11s
     0     0  642.30427    0 1487  573.00000  642.30427  12.1%     -   12s
     0     0  642.29397    0 1486  573.00000  642.29397  12.1%     -   12s
     0     0  641.96505    0 1484  573.00000  641.96505  12.0%     -   12s
     0     0  641.90616    0 1486  573.00000  641.90616  12.0%     -   12s
     0     0  641.89282    0 1487  573.00000  641.89282  12.0%     -   12s
     0     0  641.66939    0 1487  573.00000  641.66939  12.0%     -   12s
     0     0  641.62364    0 1487  573.00000  641.62364  12.0%     -   12s
     0     0  641.61064    0 1487  573.00000  641.61064  12.0%     -   13s
     0     0  641.45122    0 1486  573.00000  641.45122  11.9%     -   13s
     0     0  641.40700    0 1486  573.00000  641.40700  11.9%     -   13s
     0     0  641.39992    0 1488  573.00000  641.39992  11.9%     -   13s
     0     0  641.10855    0 1488  573.00000  641.10855  11.9%     -   13s
     0     0  641.06435    0 1488  573.00000  641.06435  11.9%     -   13s
     0     0  641.05725    0 1486  573.00000  641.05725  11.9%     -   13s
     0     0  640.82429    0 1486  573.00000  640.82429  11.8%     -   14s
     0     0  640.77204    0 1485  573.00000  640.77204  11.8%     -   14s
     0     0  640.76290    0 1486  573.00000  640.76290  11.8%     -   14s
     0     0  640.66657    0 1486  573.00000  640.66657  11.8%     -   14s
     0     0  640.66657    0 1486  573.00000  640.66657  11.8%     -   14s
H    0     0                     575.0000000  640.66657  11.4%     -   15s
     0     2  640.66657    0 1486  575.00000  640.66657  11.4%     -   15s
     9    12  621.74683    3 1398  575.00000  640.42729  11.4%  3810   26s
    26    33  603.87673    8 1326  575.00000  640.42729  11.4%  2849   30s
H   61    62                     576.0000000  640.42729  11.2%  1712   32s
H   89    84                     578.0000000  640.42729  10.8%  1376   33s
    95    83     cutoff   36       578.00000  640.42729  10.8%  1328   35s
H  116    91                     579.0000000  640.25228  10.6%  1250   36s
   128   104  631.30223    9 1438  579.00000  640.25190  10.6%  1404   40s
   163   136  586.47998   22 1226  579.00000  640.25190  10.6%  1443   45s
   210   167  633.39954    6 1446  579.00000  640.11027  10.6%  1334   50s
H  222   165                     580.0000000  640.11027  10.4%  1323   50s
   241   176  608.36123   11 1338  580.00000  640.11027  10.4%  1391   55s
H  250   180                     581.0000000  640.11027  10.2%  1416   56s
H  287   180                     582.0000000  639.89802  9.95%  1317   58s
   298   192  632.00320    6 1444  582.00000  639.89802  9.95%  1347   60s
H  357   244                     583.0000000  639.89802  9.76%  1376   65s
   426   266  627.43611   16 1407  583.00000  639.66469  9.72%  1315   71s
   461   314  600.49870   26 1270  583.00000  639.66469  9.72%  1384   76s
   484   340  603.46079   34 1288  583.00000  639.66469  9.72%  1389   80s
   566   355  632.22748   10 1438  583.00000  639.09859  9.62%  1314   85s
   615   383  611.66833   15 1341  583.00000  639.09859  9.62%  1324   90s
   658   412  584.27589   30 1183  583.00000  638.99364  9.60%  1364   95s
   695   443  629.48437   19 1421  583.00000  638.99199  9.60%  1377  100s
   739   473  621.03629   25 1379  583.00000  638.99199  9.60%  1413  106s
   761   492  597.65198   32 1266  583.00000  638.62712  9.54%  1429  110s
   818   561  599.63814   23 1297  583.00000  638.41755  9.51%  1444  117s
   890   623  632.48002   18 1430  583.00000  638.33050  9.49%  1399  120s
   953   624  586.84920   37 1486  583.00000  638.33050  9.49%  1354  133s
   956   626  587.70316   20 1487  583.00000  638.33050  9.49%  1350  140s
   961   629  610.71910   20 1487  583.00000  638.33050  9.49%  1343  148s
   962   630  626.35132   12 1488  583.00000  638.33050  9.49%  1342  155s
   963   631  619.79308   51 1488  583.00000  638.33050  9.49%  1340  162s
   964   631  626.15733   23 1488  583.00000  638.33050  9.49%  1339  168s
   965   632  594.92628   26 1489  583.00000  638.33050  9.49%  1337  175s
   966   633  600.01477   23 1487  583.00000  638.33050  9.49%  1336  182s
   967   633  592.41592   19 1487  583.00000  638.33050  9.49%  1335  189s
   968   634  593.50088   31 1486  583.00000  638.33050  9.49%  1333  197s
   969   635  595.14813   31 1486  583.00000  638.33050  9.49%  1332  205s
   975   642  638.33050   15 1479  583.00000  638.33050  9.49%  1383  210s
   991   652  638.33050   19 1475  583.00000  638.33050  9.49%  1402  215s
  1002   661  637.28619   22 1467  583.00000  638.33050  9.49%  1422  221s
  1017   672  637.38502   26 1474  583.00000  638.33050  9.49%  1440  225s
  1037   686  636.28594   31 1462  583.00000  638.33050  9.49%  1460  230s
  1056   701  634.85774   35 1459  583.00000  638.33050  9.49%  1478  235s
  1081   718  633.24546   40 1456  583.00000  638.33050  9.49%  1495  240s
  1101   732  629.81787   46 1426  583.00000  638.33050  9.49%  1524  247s
  1117   741  631.31260   50 1440  583.00000  638.33050  9.49%  1536  251s
  1131   754  630.98366   53 1438  583.00000  638.33050  9.49%  1560  256s
  1153   767  629.99350   57 1431  583.00000  638.33050  9.49%  1576  260s
  1173   784  628.88146   62 1428  583.00000  638.33050  9.49%  1598  266s
  1194   800  628.35139   67 1419  583.00000  638.33050  9.49%  1625  272s
  1208   811  627.92359   69 1419  583.00000  638.33050  9.49%  1634  275s
  1236   831  626.39779   75 1411  583.00000  638.33050  9.49%  1654  281s
  1267   850  624.91685   81 1404  583.00000  638.33050  9.49%  1675  288s
  1283   864  624.55887   84 1402  583.00000  638.33050  9.49%  1689  291s
  1302   877  623.96184   88 1396  583.00000  638.33050  9.49%  1700  295s
  1341   906  622.40482   96 1382  583.00000  638.33050  9.49%  1726  303s
  1363   919  621.91354  100 1381  583.00000  638.33050  9.49%  1742  306s
  1384   940  621.35433  104 1375  583.00000  638.33050  9.49%  1756  310s
  1441   986  619.59238  114 1365  583.00000  638.33050  9.49%  1777  318s
  1477  1016  612.22951  119 1331  583.00000  638.33050  9.49%  1785  323s
  1519  1067  618.18918  124 1358  583.00000  638.33050  9.49%  1781  327s
H 1531  1030                     584.0000000  638.33050  9.30%  1788  327s
  1586  1088  617.20288  130 1342  584.00000  638.33050  9.30%  1758  331s
  1662  1117  615.92990  137 1332  584.00000  638.33050  9.30%  1721  336s
  1732  1117  611.02461  144 1319  584.00000  638.33050  9.30%  1691  341s
  1756  1135  613.49803  153 1321  584.00000  638.33050  9.30%  1701  345s
  1782  1159  611.99403  163 1305  584.00000  638.33050  9.30%  1709  350s
  1814  1188  609.04321  176 1282  584.00000  638.33050  9.30%  1715  355s
  1854  1233  604.64773  193 1256  584.00000  638.33050  9.30%  1716  360s
  1912  1307  598.92027  218 1223  584.00000  638.33050  9.30%  1708  365s
  2014  1286  585.76515  265 1088  584.00000  638.33050  9.30%  1658  371s
  2040  1294  636.61425   20 1453  584.00000  638.33050  9.30%  1667  377s
  2056  1304  636.01231   24 1455  584.00000  638.33050  9.30%  1685  383s
  2072  1318  635.39709   28 1451  584.00000  638.33050  9.30%  1704  389s
  2091  1331  629.32995   32 1416  584.00000  638.33050  9.30%  1725  395s
  2110  1346  634.27119   37 1441  584.00000  638.33050  9.30%  1742  402s
  2132  1364  633.86216   42 1431  584.00000  638.33050  9.30%  1761  408s
  2157  1383  629.68982   47 1408  584.00000  638.33050  9.30%  1781  415s
  2184  1407  631.68778   54 1419  584.00000  638.33050  9.30%  1796  421s
  2217  1431  627.01775   61 1386  584.00000  638.33050  9.30%  1813  429s
  2252  1456  628.92932   70 1404  584.00000  638.33050  9.30%  1831  436s
H 2275  1400                     585.0000000  638.33050  9.12%  1840  436s
  2289  1433  618.97584   77 1354  585.00000  638.33050  9.12%  1846  443s
H 2301  1383                     586.0000000  638.33050  8.93%  1850  443s
  2326  1424  626.57657   85 1388  586.00000  638.33050  8.93%  1857  451s
  2376  1458  624.55033   96 1376  586.00000  638.33050  8.93%  1864  459s
  2426  1502  623.13157  106 1358  586.00000  638.33050  8.93%  1868  467s
  2487  1552  618.44776  114 1324  586.00000  638.33050  8.93%  1865  475s
  2557  1619  618.65616  130 1329  586.00000  638.33050  8.93%  1853  484s
  2648  1687  616.01680  145 1294  586.00000  638.33050  8.93%  1828  492s
  2769  1817  605.18103  157 1236  586.00000  638.33050  8.93%  1773  502s
  2901  1883  595.99806  216 1190  586.00000  638.33050  8.93%  1748  512s
  2993  1907  637.37485   21 1467  586.00000  638.33050  8.93%  1731  526s
  3017  1938  636.50954   26 1458  586.00000  638.33050  8.93%  1749  537s
  3048  1964  635.42659   33 1453  586.00000  638.33050  8.93%  1769  549s
  3074  2007  629.84169   39 1415  586.00000  638.33050  8.93%  1789  560s
  3117  2026  633.99423   48 1440  586.00000  638.33050  8.93%  1812  573s
  3136  2079  628.89838   56 1408  586.00000  638.33050  8.93%  1824  586s
  3189  2116  630.92095   68 1411  586.00000  638.33050  8.93%  1846  598s
  3226  2205  629.71297   74 1407  586.00000  638.33050  8.93%  1856  611s
  3315  2281  625.26366   90 1377  586.00000  638.33050  8.93%  1872  624s
  3391  2538  620.92644  109 1345  586.00000  638.33050  8.93%  1876  639s
  3674  2742  616.86061  142 1321  586.00000  638.33050  8.93%  1816  654s
  3878  2793  590.43373  236 1139  586.00000  638.33050  8.93%  1787  669s
  3953  2834  636.57930   27 1465  586.00000  638.33050  8.93%  1795  685s
  3994  2864  630.48183   36 1426  586.00000  638.33050  8.93%  1822  707s
  4024  2909  635.04833   44 1445  586.00000  638.33050  8.93%  1838  724s
  4069  2960  633.54630   54 1435  586.00000  638.33050  8.93%  1860  740s
  4120  3052  631.36135   66 1420  586.00000  638.33050  8.93%  1878  757s
  4212  3207  625.42529   84 1382  586.00000  638.33050  8.93%  1897  777s
  4367  3530  623.90779  111 1371  586.00000  638.33050  8.93%  1903  795s
  4723  3757  608.26410  162 1278  586.00000  638.33050  8.93%  1841  813s
  4950  4242  598.24457  215 1212  586.00000  638.33050  8.93%  1805  831s
  5455  4716  620.39208   96 1354  586.00000  638.33050  8.93%  1697  850s
  5956  5018  587.87805  225 1133  586.00000  638.33050  8.93%  1616  870s
  6317  5321  634.59551   44 1447  586.00000  638.33050  8.93%  1559  888s
  6620  5979  610.88866  165 1288  586.00000  638.33050  8.93%  1536  905s
  7324  6306  635.60287   19 1449  586.00000  638.33050  8.93%  1440  926s
  7651  6869  606.55435  165 1235  586.00000  638.33050  8.93%  1418  940s
  8270  6976  629.59001   52 1414  586.00000  638.18301  8.90%  1349  947s
  8377  7102  619.60548  100 1355  586.00000  638.18301  8.90%  1343  960s
  8503  7413  605.81475  159 1263  586.00000  638.18301  8.90%  1336  968s
  8814  7709  590.90335  218 1157  586.00000  638.15260  8.90%  1313  974s
  9162  7820  630.79828   50 1418  586.00000  638.15236  8.90%  1278  981s
  9273  8002  616.65108  119 1333  586.00000  638.11133  8.89%  1272  988s
  9474  8178  632.99165   30 1439  586.00000  638.11133  8.89%  1257  993s
  9678  8367  623.16231   88 1376  586.00000  638.11133  8.89%  1242 1000s
  9886  8490     cutoff  232       586.00000  638.07665  8.89%  1227 1006s
 10017  8535  633.00181   55 1433  586.00000  638.07665  8.89%  1220 1017s
 10079  8638  632.29412   59 1429  586.00000  638.07665  8.89%  1217 1023s
 10190  8764  621.41384  112 1366  586.00000  638.07665  8.89%  1214 1030s
 10316  8900  610.79307  163 1293  586.00000  638.07665  8.89%  1211 1037s
 10452  9218  603.82642  189 1249  586.00000  638.00377  8.87%  1205 1044s
 10807  9330  634.57926   21 1443  586.00000  638.00303  8.87%  1180 1051s
 10931  9373  597.23643   78 1242  586.00000  637.86866  8.85%  1177 1059s
 10984  9465  633.93406   37 1439  586.00000  637.86866  8.85%  1177 1070s
 11090  9638  627.33512   76 1391  586.00000  637.72951  8.83%  1173 1077s
 11303  9763  632.90220   20 1438  586.00000  637.64484  8.81%  1162 1084s
 11428 10027  623.35969   75 1372  586.00000  637.63159  8.81%  1158 1092s
 11748 10161  631.97644   24 1438  586.00000  637.59756  8.81%  1140 1099s
 11882 10424  620.58794   92 1360  586.00000  637.58243  8.80%  1136 1106s
 12187 10542  632.71125   23 1439  586.00000  637.51443  8.79%  1118 1113s
 12305 10822  622.84863   84 1369  586.00000  637.51078  8.79%  1116 1121s
 12639 10905  632.52012   25 1442  586.00000  637.51078  8.79%  1099 1129s
 12745 11054  621.83121   86 1375  586.00000  637.37197  8.77%  1098 1137s
 12930 11091  632.59137   25 1442  586.00000  637.37197  8.77%  1093 1144s
 12967 11122  607.88898   37 1316  586.00000  637.29397  8.75%  1098 1152s
 13024 11128  629.44776   24 1423  586.00000  637.29397  8.75%  1102 1162s
 13030 11231  628.79025   27 1422  586.00000  637.29397  8.75%  1102 1168s
 13133 11369  612.13117  113 1317  586.00000  637.28620  8.75%  1102 1175s
 13285 11470  627.37117   42 1401  586.00000  637.28620  8.75%  1099 1181s
 13396 11564  634.21465   39 1448  586.00000  637.28620  8.75%  1100 1187s
 13490 11717  623.21656  101 1374  586.00000  637.28401  8.75%  1101 1193s
 13674 11841  634.40494   36 1458  586.00000  637.28401  8.75%  1097 1199s
 13798 12006  594.73364   95 1268  586.00000  637.28060  8.75%  1099 1206s
 13999 12066  631.11168   60 1427  586.00000  637.25512  8.75%  1095 1216s
 14059 12195  625.84178   89 1390  586.00000  637.25512  8.75%  1094 1223s
 14188 12487  614.01095  141 1329  586.00000  637.25512  8.75%  1093 1230s
 14480 12817  595.58896  214 1168  586.00000  637.23841  8.74%  1086 1238s
 14851 12818  633.55930   50 1486  586.00000  637.23103  8.74%  1070 1768s
 14854 12820  607.19499  128 1484  586.00000  637.23103  8.74%  1069 1776s
 14859 12823  592.23914  218 1490  586.00000  635.46314  8.44%  1069 1780s
 14861 12825  629.49868   59 1491  586.00000  635.44520  8.44%  1069 1792s
 14862 12825  608.59235  171 1488  586.00000  635.36140  8.42%  1069 1804s
 14865 12827  598.60294  214 1487  586.00000  635.29491  8.41%  1069 1818s
 14866 12828  604.32743  190 1489  586.00000  634.79194  8.33%  1069 1829s
 14869 12830  617.29381  104 1489  586.00000  634.65013  8.30%  1068 1840s
 14870 12831  626.84188   62 1491  586.00000  634.24938  8.23%  1068 1852s
 14873 12833  619.15548  126 1492  586.00000  634.16980  8.22%  1068 1864s
 14874 12833  614.58432   98 1490  586.00000  634.05373  8.20%  1068 1878s
 14877 12835  594.41595  206 1491  586.00000  634.01342  8.19%  1068 1891s
 14878 12836  611.94867  127 1489  586.00000  633.85366  8.17%  1068 1902s
 14881 12838  608.93464  125 1489  586.00000  633.78720  8.15%  1067 1915s
 14882 12839  593.55784  205 1486  586.00000  633.69075  8.14%  1067 1929s
 14884 12840  612.06882   47 1487  586.00000  633.65606  8.13%  1067 1942s
 14885 12841  626.93834   69 1490  586.00000  633.61888  8.13%  1067 1955s
 14886 12841  614.21075  119 1487  586.00000  633.60723  8.12%  1067 1966s
 14887 12842  632.14780   47 1489  586.00000  633.58509  8.12%  1067 1980s
 14888 12843  597.00450  182 1489  586.00000  633.58157  8.12%  1067 1992s
 14889 12843  633.25602   57 1489  586.00000  633.54586  8.11%  1067 2004s
 14891 12845  633.52277   40 1488  586.00000  633.52277  8.11%  1067 2016s
 14892 12845  591.72024  209 1485  586.00000  633.49570  8.11%  1067 2028s
 14893 12846  605.48142  184 1487  586.00000  633.49145  8.10%  1067 2041s
 14894 12847  594.17220  203 1490  586.00000  633.46359  8.10%  1067 2053s
 14895 12847  600.78298  199 1489  586.00000  633.45635  8.10%  1066 2066s
 14896 12848  628.04946   82 1489  586.00000  633.44582  8.10%  1066 2077s
 14897 12849  610.36377  153 1490  586.00000  633.44235  8.10%  1066 2090s
 14898 12849  622.67040   81 1488  586.00000  633.43396  8.09%  1066 2101s
 14899 12850  628.83588   56 1487  586.00000  633.43204  8.09%  1066 2114s
 14900 12851  607.50924  159 1490  586.00000  633.41216  8.09%  1066 2125s
 14902 12852  617.26516  113 1489  586.00000  633.39580  8.09%  1066 2137s
 14903 12853  596.47603  203 1490  586.00000  633.39423  8.09%  1066 2151s
 14904 12853  587.53318   44 1489  586.00000  633.39396  8.09%  1066 2165s
 14905 12854  629.69171   46 1489  586.00000  633.39370  8.09%  1066 2179s
 14906 12855  608.92672  177 1489  586.00000  633.39354  8.09%  1066 2194s
 14907 12855  631.41296   23 1489  586.00000  633.39348  8.09%  1066 2208s
 14908 12856  587.83735  235 1489  586.00000  633.39344  8.09%  1066 2223s
 14909 12857  617.63898   84 1489  586.00000  633.39344  8.09%  1065 2238s
 14910 12857  613.22253  143 1489  586.00000  633.39343  8.09%  1065 2253s
 14911 12858  620.62229   94 1489  586.00000  633.39342  8.09%  1065 2268s
 14912 12859  591.31494  205 1489  586.00000  633.39342  8.09%  1065 2281s
 14913 12859  590.44444  217 1488  586.00000  633.39041  8.09%  1065 2295s
 14914 12860  632.64401   31 1489  586.00000  633.38355  8.09%  1065 2308s
 14915 12861  590.09756  222 1489  586.00000  633.38276  8.09%  1065 2324s
 14916 12861  600.31316  191 1489  586.00000  633.38260  8.09%  1065 2338s
 14917 12862  594.18621  207 1489  586.00000  633.38246  8.09%  1065 2353s
 14918 12863  604.92751  164 1489  586.00000  633.38242  8.09%  1065 2369s
 14919 12863  588.28689  228 1489  586.00000  633.38240  8.09%  1065 2384s
 14920 12864  617.85811  127 1489  586.00000  633.38238  8.09%  1065 2399s
 14921 12865  601.70313  188 1489  586.00000  633.38238  8.09%  1065 2413s
 14922 12865  607.72349   67 1489  586.00000  633.38237  8.09%  1065 2429s
 14923 12866  608.62983  144 1489  586.00000  633.38237  8.09%  1064 2444s
 14924 12867  591.16667  229 1489  586.00000  633.38235  8.09%  1064 2459s
 14925 12867  589.82609  175 1489  586.00000  633.36369  8.08%  1064 2492s
 14926 12868  608.83011  165 1489  586.00000  633.36369  8.08%  1064 2509s
 14927 12869  624.51626   76 1489  586.00000  633.36369  8.08%  1064 2528s
 14930 12874  632.90712   28 1488  586.00000  633.05738  8.03%  1069 2530s
 14942 12882  632.38463   31 1484  586.00000  632.56211  7.95%  1071 2535s
 14954 12890  631.58623   34 1482  586.00000  632.34956  7.91%  1072 2540s
 14970 12902  630.39786   38 1477  586.00000  632.34956  7.91%  1074 2546s
 14982 12910  629.43231   41 1471  586.00000  632.34956  7.91%  1074 2550s
 14994 12917  628.19635   44 1463  586.00000  632.34956  7.91%  1076 2555s
 15009 12930  627.51515   47 1460  586.00000  632.34956  7.91%  1076 2563s
 15015 12931  624.36101   48 1439  586.00000  632.34956  7.91%  1077 2565s
 15030 12944  626.19396   52 1456  586.00000  632.34956  7.91%  1078 2570s
 15043 12949  625.13998   54 1447  586.00000  632.34956  7.91%  1079 2583s
 15053 12962  624.92166   56 1447  586.00000  632.34956  7.91%  1079 2587s
 15068 12975  623.63442   60 1447  586.00000  632.34956  7.91%  1081 2591s
 15087 12985  622.39123   64 1441  586.00000  632.34956  7.91%  1082 2596s
 15105 12990  621.18089   68 1434  586.00000  632.34956  7.91%  1084 2604s
 15107 12999  619.57980   68 1421  586.00000  632.34956  7.91%  1084 2607s
 15126 13013  620.55127   72 1432  586.00000  632.34956  7.91%  1086 2612s
 15137 13023  619.79038   74 1428  586.00000  632.34956  7.91%  1087 2615s
 15164 13042  618.23488   80 1426  586.00000  632.34956  7.91%  1090 2622s
 15178 13050  617.53556   83 1424  586.00000  632.34956  7.91%  1092 2626s
 15191 13059  616.65537   86 1421  586.00000  632.34956  7.91%  1094 2630s
 15218 13078  615.18798   92 1411  586.00000  632.34956  7.91%  1097 2638s
 15232 13088  614.44495   95 1405  586.00000  632.34956  7.91%  1099 2642s
 15247 13100  613.80768   98 1401  586.00000  632.34956  7.91%  1101 2646s
 15264 13111  613.16203  102 1395  586.00000  632.34956  7.91%  1103 2651s
 15281 13123  612.54252  106 1392  586.00000  632.34956  7.91%  1106 2656s
 15298 13135  612.15681  110 1389  586.00000  632.34956  7.91%  1108 2661s
 15316 13151  611.86432  114 1382  586.00000  632.34956  7.91%  1111 2666s
 15338 13164  611.34507  118 1381  586.00000  632.34956  7.91%  1113 2676s
 15358 13187  610.92440  122 1375  586.00000  632.34956  7.91%  1116 2682s
 15388 13211  610.44101  127 1374  586.00000  632.34956  7.91%  1119 2688s
 15422 13240  609.31863  133 1363  586.00000  632.34956  7.91%  1122 2693s
 15462 13278  607.62203  140 1353  586.00000  632.34956  7.91%  1124 2699s
 15514 13322  606.60334  148 1344  586.00000  632.34956  7.91%  1126 2706s
 15591 13312  605.39845  157 1335  586.00000  632.34956  7.91%  1127 2712s
 15625 13331  604.13121  165 1322  586.00000  632.34956  7.91%  1128 2719s
 15655 13357  601.71989  177 1311  586.00000  632.34956  7.91%  1130 2726s
 15691 13394  599.16053  192 1289  586.00000  632.34956  7.91%  1133 2734s
 15742 13379  592.27012  214 1232  586.00000  632.34956  7.91%  1135 2752s
 15744 13428  594.21849  215 1246  586.00000  632.09428  7.87%  1134 2764s
 15816 13418  630.12562   33 1463  586.00000  632.09428  7.87%  1134 2774s
 15830 13430  629.67015   36 1459  586.00000  632.09428  7.87%  1138 2785s
 15846 13440  629.12010   40 1454  586.00000  632.09428  7.87%  1142 2797s
 15862 13449  628.45226   44 1445  586.00000  632.09428  7.87%  1145 2805s
 15876 13464  627.92100   47 1442  586.00000  632.09428  7.87%  1148 2813s
 15896 13478  627.09529   52 1441  586.00000  632.09428  7.87%  1152 2822s
 15916 13495  626.26803   57 1434  586.00000  632.09428  7.87%  1156 2832s
 15940 13514  625.30927   63 1428  586.00000  632.09428  7.87%  1160 2841s
 15967 13536  620.05060   69 1394  586.00000  632.09428  7.87%  1164 2851s
 15998 13557  623.26815   77 1410  586.00000  632.09428  7.87%  1169 2860s
 16029 13587  618.80385   84 1380  586.00000  632.09428  7.87%  1173 2868s
 16070 13625  618.25008   93 1379  586.00000  632.09428  7.87%  1177 2880s
 16121 13667  615.29020  105 1371  586.00000  632.09428  7.87%  1182 2890s
 16180 13721  615.51759  119 1365  586.00000  632.09428  7.87%  1186 2903s
 16254 13786  612.55874  135 1342  586.00000  632.09428  7.87%  1188 2916s
 16344 13897  608.49632  156 1328  586.00000  632.09428  7.87%  1190 2929s
 16511 13914  603.06277  183 1291  586.00000  632.09428  7.87%  1188 2941s
 16585 13926  592.31301  216 1195  586.00000  632.07531  7.86%  1189 2954s
 16638 13911  631.08153   33 1469  586.00000  632.07531  7.86%  1190 2969s
H16640 13248                     587.0000000  632.07531  7.68%  1191 2969s
 16641 13272  631.02347   34 1469  587.00000  632.07531  7.68%  1191 2983s
 16666 13290  630.36872   40 1461  587.00000  632.07531  7.68%  1197 2998s
 16692 13309  629.38789   46 1455  587.00000  632.07531  7.68%  1202 3013s
 16720 13337  628.40734   53 1444  587.00000  632.07531  7.68%  1207 3028s
 16757 13368  624.01898   61 1417  587.00000  632.07531  7.68%  1214 3044s
 16800 13407  625.78509   71 1420  587.00000  632.07531  7.68%  1219 3062s
 16854 13443  623.91753   84 1410  587.00000  632.07531  7.68%  1226 3080s
 16908 13513  621.31689   98 1394  587.00000  632.07531  7.68%  1232 3097s
 16996 13586  614.69032  118 1346  587.00000  632.07531  7.68%  1239 3115s
 17098 13670  612.32165  141 1340  587.00000  632.07531  7.68%  1243 3141s
 17216 13817  606.64728  166 1322  587.00000  632.07455  7.68%  1245 3163s
 17450 13774  631.41895   31 1468  587.00000  631.88981  7.65%  1240 3183s
 17485 13802  629.90761   40 1451  587.00000  631.88981  7.65%  1247 3203s
 17525 13838  624.35464   50 1410  587.00000  631.88981  7.65%  1256 3225s
 17574 13882  626.91062   63 1426  587.00000  631.88981  7.65%  1264 3246s
 17635 13947  620.82634   78 1391  587.00000  631.88981  7.65%  1273 3270s
 17720 14049  621.25754  101 1380  587.00000  631.88981  7.65%  1281 3294s
 17850 14244  614.20983  135 1353  587.00000  631.88981  7.65%  1289 3318s
 18089 14367  599.35266  201 1250  587.00000  631.88670  7.65%  1292 3345s
 18340 14581  625.87204   70 1422  587.00000  631.84911  7.64%  1284 3372s
 18638 14821  600.79572  186 1249  587.00000  631.84799  7.64%  1277 3398s
 19018 14927  624.08989   81 1418  587.00000  631.58449  7.60%  1264 3426s
 19251 15207  604.00415  179 1288  587.00000  631.58402  7.60%  1260 3458s
 19651 15543  618.26627   93 1385  587.00000  631.44650  7.57%  1250 3489s
 20156 15377  611.28279  103 1353  587.00000  631.31863  7.55%  1239 3595s
 20158 15378  611.06938  104 1352  587.00000  631.31863  7.55%  1239 3600s

Cutting planes:
  Gomory: 7
  MIR: 1
  Flow cover: 92
  Zero half: 883
  RLT: 316
  BQP: 85

Explored 20160 nodes (25112148 simplex iterations) in 3600.00 seconds (9355.90 work units)
Thread count was 2 (of 24 available processors)

Solution count 10: 587 586 585 ... 578

Time limit reached
Best objective 5.870000000000e+02, best bound 6.310000000000e+02, gap 7.4957%

User-callback calls 323649, time in user-callback 1.00 sec

Gurobi 11.0.3 (linux64) logging started Sat Mar  7 15:20:15 2026

Set parameter LogFile to value "./log/train/IS_1500_6/IS_58.lp.log"
Set parameter TimeLimit to value 3600
Gurobi Optimizer version 11.0.3 build v11.0.3rc0 (linux64 - "Ubuntu 22.04.5 LTS")

CPU model: AMD Ryzen 9 9900X 12-Core Processor, instruction set [SSE2|AVX|AVX2|AVX512]
Thread count: 12 physical cores, 24 logical processors, using up to 1 threads

Optimize a model with 9224 rows, 1500 columns and 18146 nonzeros
Model fingerprint: 0x0d33c912
Variable types: 0 continuous, 1500 integer (1500 binary)
Coefficient statistics:
  Matrix range     [1e+00, 1e+00]
  Objective range  [1e+00, 1e+00]
  Bounds range     [1e+00, 1e+00]
  RHS range        [1e+00, 1e+00]
Found heuristic solution: objective 330.0000000
Presolve removed 1838 rows and 0 columns
Presolve time: 0.04s
Presolved: 7386 rows, 1500 columns, 16272 nonzeros
Variable types: 0 continuous, 1500 integer (1500 binary)

Root relaxation: objective 6.880000e+02, 3417 iterations, 0.15 seconds (0.18 work units)

    Nodes    |    Current Node    |     Objective Bounds      |     Work
 Expl Unexpl |  Obj  Depth IntInf | Incumbent    BestBd   Gap | It/Node Time

     0     0  688.00000    0 1348  330.00000  688.00000   108%     -    0s
H    0     0                     538.0000000  688.00000  27.9%     -    0s
     0     0  673.18485    0 1481  538.00000  673.18485  25.1%     -    1s
H    0     0                     563.0000000  673.18485  19.6%     -    1s
H    0     0                     565.0000000  673.18485  19.1%     -    1s
     0     0  664.45076    0 1481  565.00000  664.45076  17.6%     -    2s
     0     0  663.81940    0 1480  565.00000  663.81940  17.5%     -    3s
     0     0  663.76523    0 1480  565.00000  663.76523  17.5%     -    3s
     0     0  663.74556    0 1480  565.00000  663.74556  17.5%     -    3s
     0     0  663.74398    0 1480  565.00000  663.74398  17.5%     -    3s
     0     0  659.12427    0 1476  565.00000  659.12427  16.7%     -    4s
H    0     0                     568.0000000  659.12427  16.0%     -    4s
     0     0  658.66816    0 1475  568.00000  658.66816  16.0%     -    4s
     0     0  658.59331    0 1477  568.00000  658.59331  15.9%     -    4s
     0     0  658.58134    0 1477  568.00000  658.58134  15.9%     -    4s
     0     0  658.57705    0 1477  568.00000  658.57705  15.9%     -    4s
     0     0  655.32930    0 1479  568.00000  655.32930  15.4%     -    5s
H    0     0                     569.0000000  655.32930  15.2%     -    5s
     0     0  655.01231    0 1481  569.00000  655.01231  15.1%     -    5s
     0     0  654.97739    0 1481  569.00000  654.97739  15.1%     -    6s
     0     0  654.95714    0 1483  569.00000  654.95714  15.1%     -    6s
     0     0  654.95164    0 1484  569.00000  654.95164  15.1%     -    6s
     0     0  652.75200    0 1486  569.00000  652.75200  14.7%     -    7s
     0     0  652.52610    0 1480  569.00000  652.52610  14.7%     -    7s
     0     0  652.49664    0 1483  569.00000  652.49664  14.7%     -    7s
     0     0  652.46552    0 1481  569.00000  652.46552  14.7%     -    7s
     0     0  652.45977    0 1483  569.00000  652.45977  14.7%     -    7s
     0     0  650.20024    0 1488  569.00000  650.20024  14.3%     -    8s
     0     0  650.05108    0 1488  569.00000  650.05108  14.2%     -    8s
     0     0  650.00087    0 1486  569.00000  650.00087  14.2%     -    8s
     0     0  649.99717    0 1486  569.00000  649.99717  14.2%     -    8s
     0     0  648.90287    0 1486  569.00000  648.90287  14.0%     -    9s
     0     0  648.70592    0 1485  569.00000  648.70592  14.0%     -    9s
     0     0  648.67127    0 1485  569.00000  648.67127  14.0%     -    9s
     0     0  648.66774    0 1483  569.00000  648.66774  14.0%     -    9s
     0     0  647.61347    0 1484  569.00000  647.61347  13.8%     -   10s
     0     0  647.48581    0 1483  569.00000  647.48581  13.8%     -   10s
     0     0  647.46939    0 1485  569.00000  647.46939  13.8%     -   11s
     0     0  647.45262    0 1483  569.00000  647.45262  13.8%     -   11s
     0     0  647.44635    0 1482  569.00000  647.44635  13.8%     -   11s
     0     0  646.56660    0 1480  569.00000  646.56660  13.6%     -   11s
     0     0  646.40144    0 1484  569.00000  646.40144  13.6%     -   12s
     0     0  646.37847    0 1482  569.00000  646.37847  13.6%     -   12s
     0     0  646.37466    0 1482  569.00000  646.37466  13.6%     -   12s
     0     0  645.84521    0 1482  569.00000  645.84521  13.5%     -   12s
     0     0  645.76593    0 1483  569.00000  645.76593  13.5%     -   13s
     0     0  645.72359    0 1482  569.00000  645.72359  13.5%     -   13s
     0     0  645.71190    0 1484  569.00000  645.71190  13.5%     -   13s
     0     0  645.18766    0 1485  569.00000  645.18766  13.4%     -   13s
     0     0  645.10852    0 1484  569.00000  645.10852  13.4%     -   14s
     0     0  645.09448    0 1484  569.00000  645.09448  13.4%     -   14s
     0     0  644.51457    0 1485  569.00000  644.51457  13.3%     -   14s
     0     0  644.43360    0 1484  569.00000  644.43360  13.3%     -   14s
     0     0  644.41900    0 1485  569.00000  644.41900  13.3%     -   15s
     0     0  644.04560    0 1484  569.00000  644.04560  13.2%     -   15s
     0     0  643.90041    0 1482  569.00000  643.90041  13.2%     -   15s
     0     0  643.88420    0 1484  569.00000  643.88420  13.2%     -   15s
     0     0  643.61822    0 1487  569.00000  643.61822  13.1%     -   16s
H    0     0                     570.0000000  643.61822  12.9%     -   16s
     0     0  643.53591    0 1486  570.00000  643.53591  12.9%     -   16s
     0     0  643.52906    0 1489  570.00000  643.52906  12.9%     -   16s
     0     0  643.14278    0 1485  570.00000  643.14278  12.8%     -   17s
     0     0  643.06360    0 1489  570.00000  643.06360  12.8%     -   17s
     0     0  643.04569    0 1490  570.00000  643.04569  12.8%     -   17s
     0     0  642.79002    0 1486  570.00000  642.79002  12.8%     -   18s
H    0     0                     573.0000000  642.79002  12.2%     -   18s
     0     0  642.71918    0 1488  573.00000  642.71918  12.2%     -   18s
     0     0  642.70704    0 1488  573.00000  642.70704  12.2%     -   18s
     0     0  642.41284    0 1486  573.00000  642.41284  12.1%     -   18s
     0     0  642.30427    0 1487  573.00000  642.30427  12.1%     -   19s
     0     0  642.29397    0 1486  573.00000  642.29397  12.1%     -   19s
     0     0  641.96505    0 1484  573.00000  641.96505  12.0%     -   19s
     0     0  641.90616    0 1486  573.00000  641.90616  12.0%     -   19s
     0     0  641.89282    0 1487  573.00000  641.89282  12.0%     -   20s
     0     0  641.66939    0 1487  573.00000  641.66939  12.0%     -   20s
     0     0  641.62364    0 1487  573.00000  641.62364  12.0%     -   20s
     0     0  641.61064    0 1487  573.00000  641.61064  12.0%     -   20s
     0     0  641.45122    0 1486  573.00000  641.45122  11.9%     -   21s
     0     0  641.40700    0 1486  573.00000  641.40700  11.9%     -   21s
     0     0  641.39992    0 1488  573.00000  641.39992  11.9%     -   21s
     0     0  641.10855    0 1488  573.00000  641.10855  11.9%     -   21s
     0     0  641.06435    0 1488  573.00000  641.06435  11.9%     -   21s
     0     0  641.05725    0 1486  573.00000  641.05725  11.9%     -   21s
     0     0  640.82429    0 1486  573.00000  640.82429  11.8%     -   22s
     0     0  640.77204    0 1485  573.00000  640.77204  11.8%     -   22s
     0     0  640.76290    0 1486  573.00000  640.76290  11.8%     -   22s
     0     0  640.66657    0 1486  573.00000  640.66657  11.8%     -   22s
     0     0  640.66657    0 1486  573.00000  640.66657  11.8%     -   22s
H    0     0                     575.0000000  640.66657  11.4%     -   24s
     0     2  640.66628    0 1486  575.00000  640.66628  11.4%     -   24s
     3     5  632.00898    2 1438  575.00000  640.66188  11.4%  4034   26s
    11    13  607.62403    7 1340  575.00000  640.66188  11.4%  3089   30s
    33    23  636.44056    2 1460  575.00000  640.47774  11.4%  2292   38s
    36    26  631.00202    4 1427  575.00000  640.47774  11.4%  2341   40s
    49    39  604.17220   12 1310  575.00000  640.47774  11.4%  2339   45s
H   79    62                     576.0000000  640.47774  11.2%  1860   48s
    85    64  635.45989    4 1451  576.00000  640.47391  11.2%  1860   50s
    96    75  609.42781   11 1312  576.00000  640.47391  11.2%  1983   55s
H  105    77                     577.0000000  640.47391  11.0%  1922   56s
H  110    80                     578.0000000  640.47391  10.8%  1888   57s
   143   101  634.89426    3 1449  578.00000  640.15689  10.8%  1642   60s
   155   113  616.06120   11 1368  578.00000  640.15689  10.8%  1728   65s
   174   132  587.67071   25 1246  578.00000  640.15689  10.8%  1764   70s
   212   170  581.86594   53 1176  578.00000  640.15689  10.8%  1659   75s
H  236   173                     579.0000000  640.15689  10.6%  1509   75s
   245   180  634.72009   10 1442  579.00000  640.15608  10.6%  1547   80s
   257   192  606.11421   18 1319  579.00000  640.15608  10.6%  1605   85s
   285   220  586.42299   38 1204  579.00000  640.15608  10.6%  1586   90s
   314   231  620.84053    6 1382  579.00000  639.91442  10.5%  1524   95s
   327   244  615.38326   15 1361  579.00000  639.91442  10.5%  1563  100s
   354   269  584.70344   34 1220  579.00000  639.91442  10.5%  1571  105s
   382   277  639.30829   10 1479  579.00000  639.90974  10.5%  1519  110s
   393   288  619.05823   18 1368  579.00000  639.90974  10.5%  1559  116s
   416   311  601.30006   36 1283  579.00000  639.90974  10.5%  1555  120s
H  435   298                     581.0000000  639.90974  10.1%  1529  122s
   477   299  634.57059    7 1451  581.00000  639.59665  10.1%  1443  125s
   486   308  607.78075   12 1314  581.00000  639.59665  10.1%  1477  130s
H  490   296                     582.0000000  639.59665  9.90%  1473  130s
   519   317  634.18568    9 1444  582.00000  639.30826  9.85%  1454  136s
   527   325  601.45852   13 1308  582.00000  639.30826  9.85%  1483  140s
   557   355  590.38289   30 1221  582.00000  639.30826  9.85%  1481  145s
   589   373  638.59527   17 1473  582.00000  639.30578  9.85%  1461  150s
   601   385  624.12676   24 1386  582.00000  639.30578  9.85%  1487  155s
H  606   379                     583.0000000  639.30578  9.66%  1484  162s
   614   388  610.78130   15 1486  583.00000  639.30578  9.66%  1495  177s
   617   390  605.35562   25 1486  583.00000  639.30578  9.66%  1487  186s
   623   394  615.46509   20 1488  583.00000  639.30578  9.66%  1473  200s
   624   395  605.65074   23 1489  583.00000  639.30578  9.66%  1471  210s
   625   395  586.40801   38 1487  583.00000  639.30578  9.66%  1468  220s
   626   396  609.44485   13 1486  583.00000  639.30578  9.66%  1466  231s
   627   397  634.18543   10 1486  583.00000  639.30578  9.66%  1464  241s
   628   397  585.45058   32 1484  583.00000  639.30578  9.66%  1461  251s
   629   398  587.60787   10 1487  583.00000  639.30578  9.66%  1459  261s
   630   399  610.01230   18 1488  583.00000  639.30578  9.66%  1457  272s
   631   399  603.01522   15 1488  583.00000  639.30578  9.66%  1454  282s
   632   400  616.94456   12 1487  583.00000  639.30578  9.66%  1452  292s
   633   401  600.66988   25 1486  583.00000  639.30578  9.66%  1450  302s
   634   401  599.29924   35 1486  583.00000  639.30578  9.66%  1447  305s
   641   408  639.30578   17 1482  583.00000  639.30578  9.66%  1538  310s
   650   414  637.28925   21 1465  583.00000  639.30578  9.66%  1559  315s
   661   421  637.34238   27 1469  583.00000  639.30578  9.66%  1570  320s
   670   427  635.20607   31 1455  583.00000  639.30578  9.66%  1580  325s
   678   433  629.11936   35 1423  583.00000  639.30578  9.66%  1600  330s
   684   437  632.80292   38 1434  583.00000  639.30578  9.66%  1620  335s
   700   447  632.26326   46 1435  583.00000  639.30578  9.66%  1609  340s
   707   452  632.48193   50 1439  583.00000  639.30578  9.66%  1604  350s
   723   463  627.86507   58 1415  583.00000  639.30578  9.66%  1592  355s
   736   471  621.09494   64 1391  583.00000  639.30578  9.66%  1605  361s
   746   478  614.40453   69 1367  583.00000  639.30578  9.66%  1609  365s
   758   486  626.86856   75 1404  583.00000  639.30578  9.66%  1617  370s
   772   495  623.59794   82 1392  583.00000  639.30578  9.66%  1625  375s
   786   505  622.77769   89 1386  583.00000  639.30578  9.66%  1634  380s
   799   513  619.61798   96 1373  583.00000  639.30578  9.66%  1645  385s
   817   525  619.95524  105 1371  583.00000  639.30578  9.66%  1650  390s
   837   539  617.75061  115 1370  583.00000  639.30578  9.66%  1649  395s
   857   552  614.07134  125 1350  583.00000  639.30578  9.66%  1653  400s
   876   565  610.08903  134 1337  583.00000  639.30578  9.66%  1655  405s
   896   578  608.62322  144 1329  583.00000  639.30578  9.66%  1655  410s
   918   593  601.17794  155 1289  583.00000  639.30578  9.66%  1656  415s
   936   605  596.80115  164 1284  583.00000  639.30578  9.66%  1661  420s
   954   617  593.87479  173 1260  583.00000  639.30578  9.66%  1668  425s
   974   630  596.28338  183 1278  583.00000  639.30578  9.66%  1672  430s
   998   646  590.80953  195 1246  583.00000  639.30578  9.66%  1673  435s
  1027   659  591.45529  210 1233  583.00000  639.30578  9.66%  1669  440s
  1074   687  587.69475  233 1193  583.00000  639.30578  9.66%  1643  445s
  1135   707  633.63369   16 1441  583.00000  639.30578  9.66%  1591  450s
  1141   711  635.65527   19 1446  583.00000  639.30578  9.66%  1604  455s
  1147   715  633.85729   22 1442  583.00000  639.30578  9.66%  1618  461s
  1153   719  632.16610   25 1433  583.00000  639.30578  9.66%  1630  466s
  1157   722  632.85954   27 1433  583.00000  639.30578  9.66%  1640  470s
  1163   726  631.83471   30 1431  583.00000  639.30578  9.66%  1655  475s
  1169   730  631.52383   33 1425  583.00000  639.30578  9.66%  1669  480s
  1175   734  629.77563   36 1423  583.00000  639.30578  9.66%  1682  485s
  1181   738  631.59272   39 1421  583.00000  639.30578  9.66%  1695  490s
  1187   742  631.42744   42 1426  583.00000  639.30578  9.66%  1707  495s
  1195   747  628.63492   46 1407  583.00000  639.30578  9.66%  1724  501s
  1201   751  623.04707   49 1377  583.00000  639.30578  9.66%  1737  505s
  1207   755  621.99708   52 1379  583.00000  639.30578  9.66%  1748  510s
  1215   761  625.44305   56 1377  583.00000  639.30578  9.66%  1764  515s
  1223   766  632.23971   60 1413  583.00000  639.30578  9.66%  1775  520s
  1233   773  630.57261   65 1412  583.00000  639.30578  9.66%  1788  525s
  1244   780  627.74680   71 1398  583.00000  639.30578  9.66%  1800  530s
  1253   786  627.86911   75 1391  583.00000  639.30578  9.66%  1811  535s
  1265   794  625.25809   81 1392  583.00000  639.30578  9.66%  1824  540s
  1277   802  619.53254   87 1365  583.00000  639.30578  9.66%  1832  545s
  1289   810  624.28255   93 1369  583.00000  639.30578  9.66%  1843  550s
  1303   819  620.36531  100 1356  583.00000  639.30578  9.66%  1852  555s
  1322   832  623.46805  110 1376  583.00000  639.30578  9.66%  1855  560s
  1341   845  619.46996  119 1342  583.00000  639.30578  9.66%  1863  565s
  1361   858  614.54207  129 1317  583.00000  639.30578  9.66%  1864  570s
  1389   877  616.39891  143 1312  583.00000  639.30578  9.66%  1857  575s
  1425   901  590.68742  161 1211  583.00000  639.30578  9.66%  1845  580s
  1465   927  605.28011  181 1234  583.00000  639.30578  9.66%  1827  585s
  1544   980  596.71868  221 1174  583.00000  639.30578  9.66%  1769  590s
  1638  1023  633.40967   16 1439  583.00000  639.30578  9.66%  1697  596s
  1642  1025  633.35604   18 1431  583.00000  639.30578  9.66%  1703  600s
  1648  1029  630.20286   21 1417  583.00000  639.30578  9.66%  1713  605s
  1654  1033  630.12938   24 1422  583.00000  639.30578  9.66%  1723  611s
  1658  1036  630.33081   26 1425  583.00000  639.30578  9.66%  1730  615s
H 1663   997                     584.0000000  639.30578  9.47%  1735  618s
  1664  1000  629.75530   29 1410  584.00000  639.30578  9.47%  1739  620s
  1670  1004  626.28752   32 1393  584.00000  639.30578  9.47%  1749  625s
  1677  1009  634.67073   36 1444  584.00000  639.30578  9.47%  1757  630s
  1684  1013  629.48728   39 1406  584.00000  639.30578  9.47%  1766  635s
  1692  1019  626.43650   43 1401  584.00000  639.30578  9.47%  1775  640s
  1702  1025  629.25351   48 1414  584.00000  639.30578  9.47%  1783  645s
  1710  1031  625.14542   52 1392  584.00000  639.30578  9.47%  1792  650s
  1718  1036  628.17263   56 1391  584.00000  639.30578  9.47%  1800  655s
  1728  1043  621.62252   61 1369  584.00000  639.30578  9.47%  1808  660s
  1738  1049  610.75841   66 1317  584.00000  639.30578  9.47%  1817  665s
  1748  1056  626.71612   71 1393  584.00000  639.30578  9.47%  1823  670s
  1760  1064  624.58216   77 1384  584.00000  639.30578  9.47%  1831  675s
  1774  1073  612.26278   84 1323  584.00000  639.30578  9.47%  1839  680s
  1786  1085  621.69215   90 1366  584.00000  639.30578  9.47%  1843  685s
  1804  1103  619.49169   99 1359  584.00000  639.30578  9.47%  1849  690s
  1820  1119  618.25352  107 1350  584.00000  639.30578  9.47%  1852  695s
  1838  1137  614.58864  116 1322  584.00000  639.30578  9.47%  1855  700s
  1860  1159  606.80576  127 1303  584.00000  639.30578  9.47%  1856  705s
  1882  1181  615.49401  138 1322  584.00000  639.30578  9.47%  1853  710s
H 1906  1194                     585.0000000  639.30578  9.28%  1847  714s
  1909  1199  612.56318  152 1303  585.00000  639.30578  9.28%  1847  715s
  1946  1236  586.22975  170 1174  585.00000  639.30578  9.28%  1836  720s
  1998  1288  600.51488  196 1226  585.00000  639.30578  9.28%  1811  725s
  2066  1356  589.69103  230 1183  585.00000  639.30578  9.28%  1769  730s
  2100  1371  633.50467   18 1441  585.00000  639.30578  9.28%  1754  736s
  2105  1376  638.05086   21 1466  585.00000  639.30578  9.28%  1759  740s
  2112  1383  631.49536   24 1423  585.00000  639.30578  9.28%  1769  746s
  2116  1387  630.76260   26 1426  585.00000  639.30578  9.28%  1775  750s
  2122  1393  632.00436   29 1429  585.00000  639.30578  9.28%  1782  756s
  2127  1398  636.64688   32 1453  585.00000  639.30578  9.28%  1786  760s
  2132  1403  627.51004   34 1401  585.00000  639.30578  9.28%  1794  765s
  2138  1409  625.88061   37 1397  585.00000  639.30578  9.28%  1802  771s
  2144  1415  631.10271   40 1419  585.00000  639.30578  9.28%  1809  775s
  2152  1423  612.00574   44 1342  585.00000  639.30578  9.28%  1816  781s
  2158  1429  631.75236   47 1423  585.00000  639.30578  9.28%  1821  785s
  2166  1437  628.74091   51 1414  585.00000  639.30578  9.28%  1827  790s
  2175  1446  632.54454   56 1429  585.00000  639.30578  9.28%  1832  795s
  2184  1455  612.40637   60 1341  585.00000  639.30578  9.28%  1840  801s
  2193  1464  631.03224   65 1419  585.00000  639.30578  9.28%  1844  805s
  2202  1473  625.58487   69 1398  585.00000  639.30578  9.28%  1850  810s
  2206  1477  626.06654   71 1393  585.00000  639.30578  9.28%  1852  815s
  2217  1488  628.82906   77 1409  585.00000  639.30578  9.28%  1858  820s
  2230  1501  623.86427   83 1384  585.00000  639.30578  9.28%  1862  825s
  2239  1510  626.59763   88 1398  585.00000  639.30578  9.28%  1864  830s
  2252  1523  623.09098   94 1376  585.00000  639.30578  9.28%  1869  837s
  2258  1529  621.66162   97 1361  585.00000  639.30578  9.28%  1871  841s
  2272  1543  619.67370  104 1367  585.00000  639.30578  9.28%  1874  845s
  2284  1555  619.69577  110 1352  585.00000  639.30578  9.28%  1876  850s
  2300  1571  617.90110  118 1352  585.00000  639.30578  9.28%  1879  855s
  2312  1583  616.13040  124 1327  585.00000  639.30578  9.28%  1879  861s
  2327  1598  617.62128  132 1352  585.00000  639.30578  9.28%  1878  865s
  2339  1610  617.17465  138 1347  585.00000  639.30578  9.28%  1879  873s
  2349  1620  615.76829  143 1337  585.00000  639.30578  9.28%  1878  875s
  2356  1627  613.41792  146 1314  585.00000  639.30578  9.28%  1878  885s
  2366  1637  611.91100  151 1313  585.00000  639.30578  9.28%  1876  890s
  2382  1653  608.98771  159 1299  585.00000  639.30578  9.28%  1873  896s
  2404  1675  603.77301  170 1269  585.00000  639.30578  9.28%  1867  900s
  2433  1704  603.77619  185 1271  585.00000  639.30578  9.28%  1856  905s
  2474  1743  595.58892  205 1231  585.00000  639.30578  9.28%  1841  910s
  2503  1772  593.41264  220 1221  585.00000  639.30578  9.28%  1827  915s
  2555  1820  586.51392  246 1143  585.00000  639.30578  9.28%  1798  920s
  2569  1822  630.98602   18 1419  585.00000  638.92343  9.22%  1798  925s
  2575  1828  628.97655   21 1416  585.00000  638.92343  9.22%  1804  930s
  2581  1834  611.58907   24 1343  585.00000  638.92343  9.22%  1810  935s
  2583  1836  628.65668   25 1409  585.00000  638.92343  9.22%  1812  940s
  2589  1842  629.09844   28 1414  585.00000  638.92343  9.22%  1818  945s
  2597  1850  628.93069   32 1418  585.00000  638.92343  9.22%  1824  950s
  2603  1856  629.37673   35 1412  585.00000  638.92343  9.22%  1828  955s
  2609  1862  627.65555   38 1399  585.00000  638.92343  9.22%  1833  966s
  2617  1870  626.96411   42 1399  585.00000  638.92343  9.22%  1838  971s
  2625  1878  628.95202   46 1407  585.00000  638.92343  9.22%  1843  975s
  2635  1888  626.05524   51 1393  585.00000  638.92343  9.22%  1848  980s
  2637  1890  623.47637   52 1383  585.00000  638.92343  9.22%  1849  985s
  2648  1901  629.92289   58 1412  585.00000  638.92343  9.22%  1854  990s
  2657  1910  624.45135   62 1389  585.00000  638.92343  9.22%  1859  995s
  2663  1916  625.17607   65 1387  585.00000  638.92343  9.22%  1861 1002s
  2669  1922  620.86847   68 1376  585.00000  638.92343  9.22%  1864 1009s
  2670  1923  627.80674   69 1398  585.00000  638.92343  9.22%  1863 1010s
  2683  1936  623.46020   75 1367  585.00000  638.92343  9.22%  1868 1015s
  2697  1950  622.49755   82 1366  585.00000  638.92343  9.22%  1871 1020s
  2714  1967  623.38509   91 1368  585.00000  638.92343  9.22%  1873 1025s
  2725  1978  613.06263   96 1332  585.00000  638.92343  9.22%  1875 1033s
  2734  1987  621.86916  101 1362  585.00000  638.92343  9.22%  1875 1035s
  2753  2006  611.34316  110 1315  585.00000  638.92343  9.22%  1877 1040s
  2777  2030  613.92278  122 1328  585.00000  638.92343  9.22%  1877 1045s
  2807  2060  612.90872  137 1314  585.00000  638.92343  9.22%  1874 1050s
  2857  2110  606.45431  162 1280  585.00000  638.92343  9.22%  1863 1055s
  2921  2174  594.22846  194 1218  585.00000  638.92343  9.22%  1840 1060s
  3006  2238  637.56819   20 1462  585.00000  638.92167  9.22%  1802 1078s
  3007  2239  633.89591   20 1436  585.00000  638.92167  9.22%  1804 1080s
  3013  2245  631.06260   23 1424  585.00000  638.92167  9.22%  1810 1086s
  3019  2251  613.17750   26 1356  585.00000  638.92167  9.22%  1816 1091s
  3023  2255  630.04634   28 1420  585.00000  638.92167  9.22%  1819 1095s
  3030  2262  636.06210   32 1451  585.00000  638.92167  9.22%  1824 1100s
  3035  2267  630.46755   34 1425  585.00000  638.92167  9.22%  1830 1105s
  3041  2273  629.71917   37 1417  585.00000  638.92167  9.22%  1834 1112s
  3047  2279  626.18967   40 1387  585.00000  638.92167  9.22%  1838 1115s
  3051  2283  628.59526   42 1410  585.00000  638.92167  9.22%  1842 1123s
  3053  2285  622.47483   43 1385  585.00000  638.92167  9.22%  1844 1125s
  3061  2293  629.29816   47 1412  585.00000  638.92167  9.22%  1849 1130s
  3071  2303  628.22681   52 1403  585.00000  638.92167  9.22%  1855 1135s
  3084  2316  631.70952   59 1420  585.00000  638.92167  9.22%  1861 1140s
  3096  2328  630.66668   65 1416  585.00000  638.92167  9.22%  1868 1145s
  3103  2335  625.75615   68 1393  585.00000  638.92167  9.22%  1872 1154s
  3105  2337  622.64599   69 1368  585.00000  638.92167  9.22%  1873 1155s
  3118  2350  628.68084   76 1402  585.00000  638.92167  9.22%  1878 1160s
  3133  2365  623.81683   83 1376  585.00000  638.92167  9.22%  1883 1165s
  3147  2379  621.99390   90 1373  585.00000  638.92167  9.22%  1886 1170s
  3165  2397  614.34982   99 1328  585.00000  638.92167  9.22%  1890 1175s
  3183  2415  618.62127  108 1351  585.00000  638.92167  9.22%  1893 1180s
  3203  2435  615.31513  118 1336  585.00000  638.92167  9.22%  1895 1185s
  3234  2466  616.26697  134 1331  585.00000  638.92167  9.22%  1894 1190s
  3267  2499  609.11651  150 1293  585.00000  638.92167  9.22%  1892 1195s
  3323  2555  605.01870  178 1267  585.00000  638.92167  9.22%  1881 1200s
  3427  2655  589.11595  230 1195  585.00000  638.92167  9.22%  1844 1205s
  3474  2684  632.40241   22 1437  585.00000  638.37515  9.12%  1831 1210s
  3480  2690  630.56937   25 1436  585.00000  638.37515  9.12%  1836 1215s
  3488  2698  630.43369   29 1425  585.00000  638.37515  9.12%  1842 1220s
  3494  2704  631.87556   32 1430  585.00000  638.37515  9.12%  1846 1225s
  3500  2710  630.80634   35 1424  585.00000  638.37515  9.12%  1852 1231s
  3506  2716  626.50336   38 1402  585.00000  638.37515  9.12%  1856 1236s
  3512  2722  630.91289   41 1418  585.00000  638.37515  9.12%  1861 1240s
  3518  2728  622.57055   44 1387  585.00000  638.37515  9.12%  1865 1245s
  3525  2735  634.33573   48 1443  585.00000  638.37515  9.12%  1868 1250s
  3534  2744  631.17025   52 1414  585.00000  638.37515  9.12%  1873 1255s
  3542  2752  627.12181   56 1400  585.00000  638.37515  9.12%  1877 1260s
  3546  2756  629.02536   58 1408  585.00000  638.37515  9.12%  1879 1266s
  3554  2764  627.99844   62 1402  585.00000  638.37515  9.12%  1882 1270s
  3562  2772  625.35560   66 1395  585.00000  638.37515  9.12%  1886 1275s
  3574  2784  624.40010   72 1388  585.00000  638.37515  9.12%  1890 1280s
  3584  2794  625.29102   77 1392  585.00000  638.37515  9.12%  1893 1285s
  3597  2807  628.29887   84 1397  585.00000  638.37515  9.12%  1897 1290s
  3612  2822  624.00913   91 1377  585.00000  638.37515  9.12%  1900 1295s
  3630  2840  621.80177  100 1368  585.00000  638.37515  9.12%  1904 1300s
  3638  2848  619.66228  104 1364  585.00000  638.37515  9.12%  1905 1305s
  3656  2866  617.28967  113 1355  585.00000  638.37515  9.12%  1907 1310s
  3670  2880  617.06476  120 1340  585.00000  638.37515  9.12%  1908 1323s
  3674  2884  616.88008  122 1344  585.00000  638.37515  9.12%  1908 1325s
  3698  2908  616.25986  134 1337  585.00000  638.37515  9.12%  1908 1330s
  3726  2936  605.99985  148 1285  585.00000  638.37515  9.12%  1906 1335s
  3763  2973  610.19485  167 1301  585.00000  638.37515  9.12%  1901 1340s
  3819  3029  601.33605  195 1264  585.00000  638.37515  9.12%  1888 1345s
  3927  3131  586.62123  249 1121  585.00000  638.37515  9.12%  1851 1350s
  3953  3134  635.69057   24 1457  585.00000  638.37476  9.12%  1846 1355s
  3959  3140  635.15400   27 1451  585.00000  638.37476  9.12%  1849 1360s
  3965  3146  634.79063   30 1447  585.00000  638.37476  9.12%  1853 1365s
  3972  3153  630.01940   33 1420  585.00000  638.37476  9.12%  1858 1371s
  3978  3159  628.63900   36 1408  585.00000  638.37476  9.12%  1861 1375s
  3986  3167  627.45655   40 1404  585.00000  638.37476  9.12%  1866 1381s
  3991  3172  633.25918   43 1434  585.00000  638.37476  9.12%  1868 1385s
  3996  3177  628.77252   45 1409  585.00000  638.37476  9.12%  1871 1390s
  4005  3186  632.21059   50 1427  585.00000  638.37476  9.12%  1874 1395s
  4008  3189  622.95490   51 1378  585.00000  638.37476  9.12%  1876 1404s
  4010  3191  618.54461   52 1370  585.00000  638.37476  9.12%  1877 1405s
  4018  3199  617.88585   56 1354  585.00000  638.37476  9.12%  1880 1410s
  4024  3205  618.43741   59 1365  585.00000  638.37476  9.12%  1883 1419s
  4025  3206  630.98530   60 1415  585.00000  638.37476  9.12%  1883 1420s
  4036  3217  624.63718   65 1382  585.00000  638.37476  9.12%  1887 1425s
  4048  3229  624.80324   71 1386  585.00000  638.37476  9.12%  1890 1430s
  4062  3243  623.70797   78 1373  585.00000  638.37476  9.12%  1893 1435s
  4075  3256  625.69290   85 1389  585.00000  638.37476  9.12%  1895 1440s
  4087  3268  625.10202   91 1380  585.00000  638.37476  9.12%  1898 1445s
  4102  3283  619.96700   98 1346  585.00000  638.37476  9.12%  1901 1450s
  4122  3303  617.61881  108 1330  585.00000  638.37476  9.12%  1902 1455s
  4140  3321  616.98225  117 1342  585.00000  638.37476  9.12%  1904 1460s
  4168  3349  614.22630  131 1312  585.00000  638.37476  9.12%  1902 1465s
  4200  3381  608.18266  147 1280  585.00000  638.37476  9.12%  1898 1470s
  4226  3407  608.69865  160 1261  585.00000  638.37476  9.12%  1895 1477s
  4245  3426  606.11987  170 1260  585.00000  638.37476  9.12%  1891 1480s
  4321  3502  595.99100  208 1218  585.00000  638.37476  9.12%  1872 1485s
  4399  3558  636.40357   29 1464  585.00000  638.35769  9.12%  1848 1490s
  4432  3591  631.90272   62 1422  585.00000  638.35769  9.12%  1841 1495s
  4461  3620  625.79653   89 1403  585.00000  638.35769  9.12%  1836 1500s
  4484  3643  622.43394  106 1377  585.00000  638.35769  9.12%  1836 1505s
  4528  3687  614.01458  140 1320  585.00000  638.35769  9.12%  1828 1510s
  4564  3723  610.49815  161 1302  585.00000  638.35769  9.12%  1824 1515s
  4621  3780  603.90188  182 1261  585.00000  638.35769  9.12%  1814 1520s
  4753  3910  592.84108  221 1181  585.00000  638.35769  9.12%  1777 1525s
  4892  4031  635.17178   18 1450  585.00000  638.35734  9.12%  1736 1530s
  4933  4072  629.68902   59 1406  585.00000  638.35734  9.12%  1728 1535s
  4970  4109  621.64982   94 1363  585.00000  638.35734  9.12%  1723 1543s
  4985  4124  618.87661  106 1359  585.00000  638.35734  9.12%  1720 1545s
  5010  4149  614.88910  121 1334  585.00000  638.35734  9.12%  1719 1553s
  5032  4171  611.12200  140 1314  585.00000  638.35734  9.12%  1715 1555s
  5095  4234  602.04217  173 1241  585.00000  638.35734  9.12%  1705 1560s
  5185  4324  593.36456  202 1214  585.00000  638.35734  9.12%  1687 1565s
  5335  4452  637.78080   17 1470  585.00000  638.12628  9.08%  1650 1570s
  5355  4472  633.01555   34 1434  585.00000  638.12628  9.08%  1649 1575s
  5390  4507  629.31061   71 1410  585.00000  638.12628  9.08%  1644 1580s
  5414  4531  625.22773   92 1389  585.00000  638.12628  9.08%  1642 1585s
  5439  4556  619.46044  107 1361  585.00000  638.12628  9.08%  1642 1590s
  5473  4590  614.91341  130 1339  585.00000  638.12628  9.08%  1639 1595s
  5488  4605  613.40908  142 1330  585.00000  638.12628  9.08%  1638 1600s
  5495  4612  612.57867  146 1322  585.00000  638.12628  9.08%  1638 1606s
  5529  4646  607.69840  164 1297  585.00000  638.12628  9.08%  1633 1610s
  5598  4715  598.81490  191 1245  585.00000  638.12628  9.08%  1624 1615s
  5709  4826  592.83845  214 1224  585.00000  638.12628  9.08%  1603 1620s
  5848  4941  637.04413   25 1463  585.00000  638.12503  9.08%  1573 1625s
  5876  4969  632.01047   53 1431  585.00000  638.12503  9.08%  1570 1630s
  5920  5013  624.23019   96 1387  585.00000  638.12503  9.08%  1564 1635s
  5965  5058  616.66190  133 1343  585.00000  638.12503  9.08%  1560 1640s
H 5977  4949                     586.0000000  638.12503  8.90%  1558 1643s
  5985  4959  613.02500  145 1318  586.00000  638.12503  8.90%  1558 1645s
  6019  4993  608.43289  164 1298  586.00000  638.12503  8.90%  1554 1650s
  6099  5073  599.57790  193 1223  586.00000  638.12503  8.90%  1543 1655s
  6235  5209  590.82633  224 1146  586.00000  638.12503  8.90%  1519 1660s
  6331  5270  635.75022   35 1458  586.00000  637.80365  8.84%  1503 1665s
  6370  5309  629.27290   74 1412  586.00000  637.80365  8.84%  1499 1670s
  6406  5345  620.83439  102 1372  586.00000  637.80365  8.84%  1497 1675s
  6436  5375  617.88153  126 1354  586.00000  637.80365  8.84%  1496 1680s
  6473  5412  610.57727  151 1319  586.00000  637.80365  8.84%  1494 1685s
  6548  5487  602.89405  188 1251  586.00000  637.80365  8.84%  1486 1690s
  6653  5592  589.60373  218 1205  586.00000  637.80365  8.84%  1472 1695s
  6780  5682  633.49817   22 1438  586.00000  637.78040  8.84%  1451 1701s
  6804  5706  629.54155   46 1417  586.00000  637.78040  8.84%  1449 1705s
  6845  5747  621.53595   86 1376  586.00000  637.78040  8.84%  1446 1710s
  6888  5790  613.88533  122 1328  586.00000  637.78040  8.84%  1443 1715s
  6956  5858  601.32988  162 1257  586.00000  637.78040  8.84%  1438 1720s
  6977  5879  600.08647  168 1246  586.00000  637.78040  8.84%  1435 1725s
  7073  5975  590.66667  204 1170  586.00000  637.78040  8.84%  1424 1730s
  7162  6038  631.26280   22 1432  586.00000  637.77820  8.84%  1413 1735s
  7208  6084  623.17133   68 1376  586.00000  637.77820  8.84%  1408 1740s
  7260  6136  613.69877  114 1327  586.00000  637.77820  8.84%  1404 1745s
  7311  6187  604.52436  146 1277  586.00000  637.77820  8.84%  1402 1750s
  7328  6204  602.55449  154 1273  586.00000  637.77820  8.84%  1400 1755s
  7424  6300  593.16406  189 1225  586.00000  637.77820  8.84%  1390 1760s
  7508  6372  635.32265   30 1449  586.00000  637.77650  8.84%  1380 1765s
  7546  6410  628.67239   68 1407  586.00000  637.77650  8.84%  1378 1770s
  7590  6454  619.96262  109 1367  586.00000  637.77650  8.84%  1375 1775s
  7635  6499  611.76648  139 1321  586.00000  637.77650  8.84%  1373 1780s
  7699  6563  603.13670  172 1260  586.00000  637.77650  8.84%  1369 1785s
  7819  6683  590.78256  212 1200  586.00000  637.77650  8.84%  1356 1790s
  7926  6767  633.72200   27 1437  586.00000  637.67148  8.82%  1343 1795s
  7964  6805  619.83016   65 1353  586.00000  637.67148  8.82%  1342 1800s
  8022  6853  632.97485   24 1439  586.00000  637.61853  8.81%  1338 1806s
  8046  6877  629.23586   48 1415  586.00000  637.61853  8.81%  1337 1810s
  8100  6931  617.58042  102 1353  586.00000  637.61853  8.81%  1333 1815s
  8241  7042  632.53008   19 1437  586.00000  637.57930  8.80%  1317 1821s
  8247  7048  623.64236   22 1393  586.00000  637.57930  8.80%  1319 1825s
  8254  7055  631.26572   26 1426  586.00000  637.57930  8.80%  1321 1830s
  8261  7062  624.92170   29 1400  586.00000  637.57930  8.80%  1323 1835s
  8269  7070  624.67605   33 1387  586.00000  637.57930  8.80%  1326 1840s
  8277  7078  624.78299   37 1393  586.00000  637.57930  8.80%  1328 1845s
  8285  7086  622.41935   41 1385  586.00000  637.57930  8.80%  1330 1850s
  8293  7094  619.66718   45 1363  586.00000  637.57930  8.80%  1332 1855s
  8305  7106  623.77864   51 1380  586.00000  637.57930  8.80%  1335 1860s
  8315  7116  618.06259   56 1347  586.00000  637.57930  8.80%  1337 1865s
  8325  7126  621.86167   61 1375  586.00000  637.57930  8.80%  1338 1870s
  8339  7140  614.07078   68 1335  586.00000  637.57930  8.80%  1341 1875s
  8355  7156  617.74340   76 1354  586.00000  637.57930  8.80%  1343 1880s
  8372  7173  620.19280   85 1371  586.00000  637.57930  8.80%  1344 1885s
  8393  7194  614.51264   95 1336  586.00000  637.57930  8.80%  1346 1890s
  8415  7216  608.04925  106 1311  586.00000  637.57930  8.80%  1348 1895s
  8443  7244  609.37946  120 1316  586.00000  637.57930  8.80%  1349 1900s
  8475  7276  605.67372  136 1296  586.00000  637.57930  8.80%  1350 1905s
  8515  7316  600.67816  156 1243  586.00000  637.57930  8.80%  1349 1910s
  8611  7402  587.01784  204 1179  586.00000  637.57930  8.80%  1342 1915s
  8660  7426  629.34735   42 1415  586.00000  637.52236  8.79%  1338 1920s
  8717  7483  617.36702   99 1344  586.00000  637.52236  8.79%  1335 1925s
  8839  7591  631.53665   25 1437  586.00000  637.43076  8.78%  1323 1931s
  8869  7621  626.83233   55 1400  586.00000  637.43076  8.78%  1322 1935s
  8934  7686  611.01121  120 1299  586.00000  637.43076  8.78%  1317 1940s
  9018  7746  636.32190   20 1454  586.00000  637.42855  8.78%  1308 1954s
  9022  7750  635.41508   24 1446  586.00000  637.42855  8.78%  1308 1955s
  9063  7791  628.88488   64 1406  586.00000  637.42855  8.78%  1306 1960s
  9113  7841  617.01804  109 1343  586.00000  637.42855  8.78%  1304 1965s
  9159  7887  610.51743  139 1314  586.00000  637.42855  8.78%  1304 1970s
  9234  7962  600.03485  179 1257  586.00000  637.42855  8.78%  1300 1975s
  9382  8110  588.86772  214 1166  586.00000  637.42855  8.78%  1287 1980s
  9452  8160  626.89959   39 1395  586.00000  637.40819  8.77%  1282 1985s
  9496  8196  630.64897   24 1430  586.00000  637.34102  8.76%  1281 1990s
  9542  8242  623.21769   70 1379  586.00000  637.34102  8.76%  1279 1995s
  9652  8352  595.51911  180 1237  586.00000  637.34102  8.76%  1270 2000s
  9707  8386  615.14136   31 1354  586.00000  637.31824  8.76%  1267 2005s
  9750  8419  621.69121   29 1392  586.00000  637.31805  8.76%  1266 2011s
  9762  8431  607.91825   31 1322  586.00000  637.31805  8.76%  1268 2015s
  9807  8440  631.06569   24 1438  586.00000  637.28887  8.75%  1267 2021s
  9825  8458  609.53644   42 1338  586.00000  637.28887  8.75%  1267 2025s
  9867  8490  633.84518   33 1439  586.00000  637.28854  8.75%  1266 2030s
  9921  8544  624.66387   87 1383  586.00000  637.28854  8.75%  1263 2035s
 10007  8630  599.82827  173 1193  586.00000  637.28854  8.75%  1257 2040s
 10062  8673  627.23595   39 1403  586.00000  637.28072  8.75%  1254 2045s
 10114  8717  636.49245   28 1465  586.00000  637.27982  8.75%  1252 2050s
 10147  8750  631.89391   61 1425  586.00000  637.27982  8.75%  1251 2055s
 10194  8797  621.97714  108 1377  586.00000  637.27982  8.75%  1249 2060s
 10203  8805  590.94318  192 1486  586.00000  637.27982  8.75%  1249 2777s
 10206  8807  631.06231   24 1485  586.00000  637.27982  8.75%  1248 2786s
 10208  8808  623.64888   92 1488  586.00000  635.95657  8.53%  1248 2790s
 10213  8812  634.63281   45 1490  586.00000  635.55787  8.46%  1247 2807s
 10214  8812  611.78607  115 1488  586.00000  635.52105  8.45%  1247 2823s
 10216  8814  591.92515  208 1489  586.00000  635.50521  8.45%  1247 2842s
 10217  8814  626.34790   37 1487  586.00000  635.14815  8.39%  1247 2857s
 10221  8817  627.23549   40 1492  586.00000  634.97112  8.36%  1246 2873s
 10222  8818  590.58083  207 1490  586.00000  634.76114  8.32%  1246 2889s
 10226  8820  623.11089   81 1490  586.00000  634.61679  8.30%  1246 2905s
 10227  8821  587.40173  218 1488  586.00000  634.45382  8.27%  1246 2921s
 10230  8823  604.50279  153 1490  586.00000  634.38924  8.26%  1245 2939s
 10231  8824  605.62276  137 1487  586.00000  634.19186  8.22%  1245 2956s
 10234  8826  591.97183  223 1491  586.00000  634.10591  8.21%  1245 2973s
 10235  8826  589.38889  226 1485  586.00000  633.94840  8.18%  1245 2989s
 10238  8828  611.97113  120 1490  586.00000  633.89385  8.17%  1244 3003s
 10239  8829  601.20445  163 1488  586.00000  633.81794  8.16%  1244 3018s
 10242  8831  587.95554  240 1488  586.00000  633.77274  8.15%  1244 3034s
 10243  8832  607.66661  183 1489  586.00000  633.69604  8.14%  1244 3051s
 10245  8833  592.14368  220 1488  586.00000  633.67369  8.14%  1244 3067s
 10246  8834  590.81300  230 1488  586.00000  633.58038  8.12%  1243 3082s
 10249  8836  587.25000  245 1489  586.00000  633.54374  8.11%  1243 3098s
 10250  8836  616.97711  118 1488  586.00000  633.54112  8.11%  1243 3115s
 10251  8837  589.23198  213 1489  586.00000  633.54044  8.11%  1243 3134s
 10252  8838  618.40150  122 1489  586.00000  633.54016  8.11%  1243 3154s
 10253  8838  621.36388   73 1489  586.00000  633.54005  8.11%  1243 3173s
 10254  8839  608.17668  184 1489  586.00000  633.54002  8.11%  1242 3192s
 10255  8840  594.24586  197 1489  586.00000  633.54000  8.11%  1242 3211s
 10256  8840  625.76558   80 1489  586.00000  633.52214  8.11%  1242 3228s
 10258  8842  607.76933  170 1489  586.00000  633.50790  8.11%  1242 3245s
 10259  8842  619.62720  112 1488  586.00000  633.49174  8.10%  1242 3260s
 10260  8843  620.01026   79 1489  586.00000  633.48518  8.10%  1242 3278s
 10261  8844  606.61012  138 1490  586.00000  633.34726  8.08%  1242 3293s
 10264  8846  598.88490  200 1489  586.00000  633.27416  8.07%  1241 3309s
 10265  8846  624.33241   91 1487  586.00000  633.12561  8.04%  1241 3324s
 10268  8848  591.71684  223 1489  586.00000  633.06885  8.03%  1241 3340s
 10269  8849  618.15881  115 1488  586.00000  633.05695  8.03%  1241 3356s
 10270  8850  608.03279  107 1489  586.00000  633.05102  8.03%  1241 3372s
 10271  8850  605.40826  110 1488  586.00000  633.01327  8.02%  1240 3388s
 10273  8852  589.06892  203 1488  586.00000  632.99929  8.02%  1240 3405s
 10274  8852  594.90776  197 1488  586.00000  632.97486  8.02%  1240 3422s
 10275  8853  628.86817   44 1488  586.00000  632.97140  8.02%  1240 3440s
 10276  8854  590.17778  209 1488  586.00000  632.96870  8.02%  1240 3458s
 10277  8854  628.97540   22 1488  586.00000  632.96775  8.01%  1240 3474s
 10278  8855  628.97540   22 1489  586.00000  632.95159  8.01%  1240 3489s
 10279  8856  609.90777  133 1489  586.00000  632.94641  8.01%  1239 3504s
 10280  8856  609.89982  139 1489  586.00000  632.90512  8.00%  1239 3520s
 10282  8858  630.15298   32 1488  586.00000  632.88737  8.00%  1239 3535s
 10283  8858  614.64523  126 1489  586.00000  632.88563  8.00%  1239 3552s
 10284  8859  604.11148  174 1489  586.00000  632.88529  8.00%  1239 3569s
 10285  8860  614.15791  146 1489  586.00000  632.88515  8.00%  1239 3588s

Cutting planes:
  Gomory: 5
  MIR: 1
  Flow cover: 60
  Zero half: 608
  Mod-K: 1
  RLT: 164
  BQP: 37

Explored 10285 nodes (12955658 simplex iterations) in 3600.07 seconds (4630.94 work units)
Thread count was 1 (of 24 available processors)

Solution count 10: 586 585 584 ... 576

Time limit reached
Best objective 5.860000000000e+02, best bound 6.320000000000e+02, gap 7.8498%

User-callback calls 166694, time in user-callback 1.06 sec
