
Gurobi 11.0.3 (linux64) logging started Thu Mar  5 19:04:10 2026

Set parameter LogFile to value "./log/train/IS_1500_6/IS_54.lp.log"
Set parameter TimeLimit to value 3600
Gurobi Optimizer version 11.0.3 build v11.0.3rc0 (linux64 - "Ubuntu 22.04.5 LTS")

CPU model: AMD Ryzen 9 9900X 12-Core Processor, instruction set [SSE2|AVX|AVX2|AVX512]
Thread count: 12 physical cores, 24 logical processors, using up to 2 threads

Optimize a model with 9187 rows, 1500 columns and 18102 nonzeros
Model fingerprint: 0x8c28a413
Variable types: 0 continuous, 1500 integer (1500 binary)
Coefficient statistics:
  Matrix range     [1e+00, 1e+00]
  Objective range  [1e+00, 1e+00]
  Bounds range     [1e+00, 1e+00]
  RHS range        [1e+00, 1e+00]
Found heuristic solution: objective 349.0000000
Presolve removed 1794 rows and 0 columns
Presolve time: 0.04s
Presolved: 7393 rows, 1500 columns, 16295 nonzeros
Variable types: 0 continuous, 1500 integer (1500 binary)

Root relaxation: objective 6.870000e+02, 4229 iterations, 0.14 seconds (0.23 work units)

    Nodes    |    Current Node    |     Objective Bounds      |     Work
 Expl Unexpl |  Obj  Depth IntInf | Incumbent    BestBd   Gap | It/Node Time

     0     0  687.00000    0 1344  349.00000  687.00000  96.8%     -    0s
H    0     0                     529.0000000  687.00000  29.9%     -    0s
H    0     0                     532.0000000  687.00000  29.1%     -    0s
     0     0  670.50106    0 1482  532.00000  670.50106  26.0%     -    1s
H    0     0                     556.0000000  670.50106  20.6%     -    1s
     0     0  670.41458    0 1479  556.00000  670.41458  20.6%     -    1s
     0     0  670.41238    0 1479  556.00000  670.41238  20.6%     -    1s
     0     0  661.45423    0 1479  556.00000  661.45423  19.0%     -    2s
H    0     0                     560.0000000  661.45423  18.1%     -    2s
     0     0  660.69430    0 1479  560.00000  660.69430  18.0%     -    2s
     0     0  660.54833    0 1480  560.00000  660.54833  18.0%     -    2s
     0     0  660.53286    0 1481  560.00000  660.53286  18.0%     -    2s
     0     0  660.52236    0 1481  560.00000  660.52236  18.0%     -    2s
     0     0  660.52125    0 1480  560.00000  660.52125  18.0%     -    2s
     0     0  656.16065    0 1480  560.00000  656.16065  17.2%     -    3s
     0     0  655.86613    0 1479  560.00000  655.86613  17.1%     -    3s
     0     0  655.82727    0 1480  560.00000  655.82727  17.1%     -    3s
     0     0  655.80337    0 1480  560.00000  655.80337  17.1%     -    3s
     0     0  655.78630    0 1480  560.00000  655.78630  17.1%     -    3s
     0     0  655.78320    0 1480  560.00000  655.78320  17.1%     -    3s
     0     0  653.68430    0 1479  560.00000  653.68430  16.7%     -    3s
     0     0  653.39345    0 1482  560.00000  653.39345  16.7%     -    3s
     0     0  653.36128    0 1481  560.00000  653.36128  16.7%     -    3s
     0     0  653.34888    0 1485  560.00000  653.34888  16.7%     -    3s
     0     0  653.34279    0 1486  560.00000  653.34279  16.7%     -    3s
     0     0  651.12847    0 1479  560.00000  651.12847  16.3%     -    4s
     0     0  650.96099    0 1489  560.00000  650.96099  16.2%     -    4s
     0     0  650.90660    0 1487  560.00000  650.90660  16.2%     -    4s
     0     0  650.89141    0 1486  560.00000  650.89141  16.2%     -    4s
     0     0  650.88522    0 1486  560.00000  650.88522  16.2%     -    4s
     0     0  649.39565    0 1486  560.00000  649.39565  16.0%     -    5s
     0     0  649.26278    0 1483  560.00000  649.26278  15.9%     -    5s
     0     0  649.24456    0 1485  560.00000  649.24456  15.9%     -    5s
     0     0  649.24081    0 1486  560.00000  649.24081  15.9%     -    5s
     0     0  647.98421    0 1482  560.00000  647.98421  15.7%     -    5s
     0     0  647.85480    0 1484  560.00000  647.85480  15.7%     -    5s
     0     0  647.84728    0 1484  560.00000  647.84728  15.7%     -    5s
     0     0  646.78829    0 1484  560.00000  646.78829  15.5%     -    6s
     0     0  646.71024    0 1487  560.00000  646.71024  15.5%     -    6s
     0     0  646.70398    0 1488  560.00000  646.70398  15.5%     -    6s
     0     0  646.00815    0 1487  560.00000  646.00815  15.4%     -    6s
     0     0  645.86746    0 1485  560.00000  645.86746  15.3%     -    6s
     0     0  645.84564    0 1487  560.00000  645.84564  15.3%     -    6s
     0     0  645.84296    0 1486  560.00000  645.84296  15.3%     -    6s
     0     0  645.35631    0 1483  560.00000  645.35631  15.2%     -    7s
H    0     0                     562.0000000  645.35631  14.8%     -    7s
     0     0  645.29340    0 1483  562.00000  645.29340  14.8%     -    7s
     0     0  645.26989    0 1485  562.00000  645.26989  14.8%     -    7s
     0     0  645.26224    0 1485  562.00000  645.26224  14.8%     -    7s
     0     0  644.93040    0 1485  562.00000  644.93040  14.8%     -    7s
     0     0  644.87375    0 1487  562.00000  644.87375  14.7%     -    7s
     0     0  644.86313    0 1485  562.00000  644.86313  14.7%     -    7s
     0     0  644.22155    0 1486  562.00000  644.22155  14.6%     -    8s
     0     0  644.10042    0 1486  562.00000  644.10042  14.6%     -    8s
     0     0  644.08558    0 1486  562.00000  644.08558  14.6%     -    8s
     0     0  643.38814    0 1487  562.00000  643.38814  14.5%     -    9s
     0     0  643.30274    0 1487  562.00000  643.30274  14.5%     -    9s
     0     0  643.29060    0 1488  562.00000  643.29060  14.5%     -    9s
     0     0  642.98893    0 1487  562.00000  642.98893  14.4%     -    9s
H    0     0                     567.0000000  642.98893  13.4%     -    9s
     0     0  642.91567    0 1486  567.00000  642.91567  13.4%     -    9s
     0     0  642.89026    0 1489  567.00000  642.89026  13.4%     -    9s
     0     0  642.88376    0 1488  567.00000  642.88376  13.4%     -    9s
     0     0  642.39644    0 1483  567.00000  642.39644  13.3%     -   10s
     0     0  642.32651    0 1487  567.00000  642.32651  13.3%     -   10s
     0     0  642.29725    0 1486  567.00000  642.29725  13.3%     -   10s
     0     0  642.29132    0 1487  567.00000  642.29132  13.3%     -   10s
     0     0  641.86891    0 1487  567.00000  641.86891  13.2%     -   10s
     0     0  641.79986    0 1488  567.00000  641.79986  13.2%     -   10s
     0     0  641.78923    0 1488  567.00000  641.78923  13.2%     -   10s
     0     0  641.46095    0 1487  567.00000  641.46095  13.1%     -   11s
     0     0  641.39526    0 1486  567.00000  641.39526  13.1%     -   11s
     0     0  641.38086    0 1486  567.00000  641.38086  13.1%     -   11s
     0     0  641.03879    0 1488  567.00000  641.03879  13.1%     -   11s
     0     0  640.96396    0 1488  567.00000  640.96396  13.0%     -   11s
     0     0  640.94108    0 1488  567.00000  640.94108  13.0%     -   11s
     0     0  640.93332    0 1490  567.00000  640.93332  13.0%     -   12s
     0     0  640.68939    0 1488  567.00000  640.68939  13.0%     -   12s
     0     0  640.64574    0 1487  567.00000  640.64574  13.0%     -   12s
     0     0  640.63497    0 1489  567.00000  640.63497  13.0%     -   12s
     0     0  640.47608    0 1487  567.00000  640.47608  13.0%     -   12s
     0     0  640.42911    0 1489  567.00000  640.42911  13.0%     -   12s
     0     0  640.42164    0 1490  567.00000  640.42164  12.9%     -   12s
     0     0  640.25513    0 1486  567.00000  640.25513  12.9%     -   13s
H    0     0                     569.0000000  640.25513  12.5%     -   13s
     0     0  640.21678    0 1491  569.00000  640.21678  12.5%     -   13s
     0     0  640.20333    0 1491  569.00000  640.20333  12.5%     -   13s
     0     0  640.01180    0 1489  569.00000  640.01180  12.5%     -   13s
H    0     0                     572.0000000  640.01180  11.9%     -   13s
     0     0  639.97980    0 1490  572.00000  639.97980  11.9%     -   13s
     0     0  639.97498    0 1489  572.00000  639.97498  11.9%     -   13s
     0     0  639.76900    0 1487  572.00000  639.76900  11.8%     -   13s
     0     0  639.73643    0 1487  572.00000  639.73643  11.8%     -   13s
     0     0  639.73478    0 1488  572.00000  639.73478  11.8%     -   13s
     0     0  639.66693    0 1487  572.00000  639.66693  11.8%     -   14s
     0     0  639.66693    0 1487  572.00000  639.66693  11.8%     -   14s
     0     2  639.66693    0 1486  572.00000  639.66693  11.8%     -   15s
     9    12  633.71509    3 1453  572.00000  639.41039  11.8%  3680   29s
    11    15  639.28848    4 1481  572.00000  639.41039  11.8%  3672   30s
H   27    32                     574.0000000  639.28824  11.4%  2554   33s
    31    37  638.95321    8 1476  574.00000  639.28824  11.4%  2747   35s
H   57    64                     575.0000000  639.28824  11.2%  2350   39s
    63    69  638.17046   17 1464  575.00000  639.28824  11.2%  2211   40s
   101    90  637.31592   24 1460  575.00000  639.28824  11.2%  1814   45s
H  114   104                     577.0000000  639.28824  10.8%  1790   46s
H  144   129                     578.0000000  639.28824  10.6%  1661   49s
   172   144  620.23292   41 1367  578.00000  639.28824  10.6%  1474   50s
H  177   140                     579.0000000  639.28824  10.4%  1457   50s
H  206   150                     580.0000000  639.28824  10.2%  1370   53s
   223   168  582.87235   60 1186  580.00000  638.85419  10.1%  1374   55s
H  233   167                     581.0000000  638.85419  10.0%  1321   55s
H  259   189                     582.0000000  638.85419  9.77%  1456   59s
H  264   195                     583.0000000  638.85419  9.58%  1441   61s
   298   224  608.58560   23 1319  583.00000  638.85419  9.58%  1512   66s
   351   289  593.94795   53 1229  583.00000  638.65303  9.55%  1514   72s
   414   324  633.84989   14 1443  583.00000  638.65303  9.55%  1439   75s
H  468   347                     584.0000000  638.65303  9.36%  1426   79s
   498   361  624.95180   23 1384  584.00000  638.65303  9.36%  1373   81s
   529   403  604.32123   36 1299  584.00000  638.65303  9.36%  1409   85s
   617   440  631.01597   14 1437  584.00000  638.42110  9.32%  1358   91s
   642   473  616.79327   20 1358  584.00000  638.42110  9.32%  1413   96s
   686   529  613.67553   32 1333  584.00000  638.42110  9.32%  1447  100s
   794   585  585.04961   70 1138  584.00000  638.02796  9.25%  1396  106s
   856   626  602.75014   24 1298  584.00000  637.31494  9.13%  1398  112s
   911   627  604.92646   30 1487  584.00000  637.31494  9.13%  1373  125s
   914   629  594.04671   60 1485  584.00000  637.31494  9.13%  1369  131s
   919   632  597.38850   39 1487  584.00000  637.31494  9.13%  1361  137s
   920   633  598.89504   47 1484  584.00000  637.31494  9.13%  1360  143s
   921   634  588.83340   66 1487  584.00000  637.31494  9.13%  1358  149s
   922   634  631.59770    3 1485  584.00000  637.31494  9.13%  1357  153s
   923   635  595.43638   34 1488  584.00000  637.31494  9.13%  1356  159s
   924   636  623.95667   29 1484  584.00000  637.31494  9.13%  1354  165s
   926   637  616.87194   27 1486  584.00000  637.31494  9.13%  1351  174s
   927   638  617.27811   23 1486  584.00000  637.31494  9.13%  1350  178s
   928   638  591.39554   38 1486  584.00000  637.31494  9.13%  1348  180s
   943   651  637.31494   17 1477  584.00000  637.31494  9.13%  1422  185s
   963   665  636.57865   21 1467  584.00000  637.31494  9.13%  1449  190s
   989   684  635.08587   28 1463  584.00000  637.31494  9.13%  1471  195s
  1005   698  634.11236   32 1454  584.00000  637.31494  9.13%  1486  200s
  1029   713  633.36362   37 1449  584.00000  637.31494  9.13%  1516  205s
  1055   734  632.24729   42 1445  584.00000  637.31494  9.13%  1541  210s
  1091   758  629.91360   49 1436  584.00000  637.31494  9.13%  1558  215s
  1120   776  629.18937   55 1424  584.00000  637.31494  9.13%  1585  221s
  1137   788  628.29057   59 1421  584.00000  637.31494  9.13%  1611  225s
  1168   811  623.65436   65 1395  584.00000  637.31494  9.13%  1643  231s
  1193   832  626.14348   70 1410  584.00000  637.31494  9.13%  1663  236s
  1225   851  624.71764   76 1400  584.00000  637.31494  9.13%  1686  242s
  1239   863  624.11019   79 1400  584.00000  637.31494  9.13%  1703  245s
  1271   885  622.80199   85 1394  584.00000  637.31494  9.13%  1733  250s
  1307   914  621.49526   91 1386  584.00000  637.31494  9.13%  1764  257s
  1329   933  620.80883   95 1387  584.00000  637.31494  9.13%  1783  260s
  1385   978  618.77538  104 1376  584.00000  637.31494  9.13%  1806  267s
  1419  1009  618.07566  109 1370  584.00000  637.31494  9.13%  1813  271s
  1461  1056  616.88973  114 1362  584.00000  637.31494  9.13%  1818  275s
  1596  1115  615.34550  127 1344  584.00000  637.31494  9.13%  1760  283s
  1651  1119  614.57983  134 1328  584.00000  637.31494  9.13%  1740  287s
  1674  1139  612.97669  143 1321  584.00000  637.31494  9.13%  1752  291s
  1701  1166  610.81495  154 1302  584.00000  637.31494  9.13%  1763  296s
  1737  1193  608.43780  169 1268  584.00000  637.31494  9.13%  1767  300s
  1776  1237  603.59424  185 1260  584.00000  637.31494  9.13%  1768  305s
  1833  1315  598.64929  210 1200  584.00000  637.31494  9.13%  1757  310s
  1932  1292     cutoff  255       584.00000  637.31494  9.13%  1712  316s
  1960  1298  637.16945   19 1468  584.00000  637.31494  9.13%  1719  321s
  1976  1311  636.69383   22 1463  584.00000  637.31494  9.13%  1736  328s
H 1986  1271                     585.0000000  637.31494  8.94%  1747  328s
  1994  1282  636.13240   26 1459  585.00000  637.31494  8.94%  1754  333s
  2008  1297  635.57740   29 1457  585.00000  637.31494  8.94%  1767  338s
  2028  1314  634.86557   33 1452  585.00000  637.31494  8.94%  1783  344s
  2051  1329  629.32053   37 1423  585.00000  637.31494  8.94%  1803  350s
  2074  1345  633.85143   42 1443  585.00000  637.31494  8.94%  1820  356s
  2098  1371  633.10190   47 1436  585.00000  637.31494  8.94%  1838  363s
  2132  1396  631.98820   53 1430  585.00000  637.31494  8.94%  1855  370s
  2168  1424  631.10114   59 1423  585.00000  637.31494  8.94%  1869  376s
  2208  1461  630.07056   65 1420  585.00000  637.31494  8.94%  1882  383s
  2258  1514  628.65994   73 1412  585.00000  637.31494  8.94%  1894  391s
  2328  1610  627.41499   82 1396  585.00000  637.31494  8.94%  1894  398s
  2447  1665  625.64599   91 1386  585.00000  637.31494  8.94%  1862  406s
  2573  1652  623.53939  103 1373  585.00000  637.31494  8.94%  1817  414s
  2602  1680  622.12591  114 1354  585.00000  637.31494  8.94%  1828  422s
  2640  1708  618.83266  126 1326  585.00000  637.31494  8.94%  1841  430s
  2680  1738  616.24859  141 1305  585.00000  637.31494  8.94%  1848  439s
H 2706  1710                     586.0000000  637.31494  8.76%  1844  439s
  2724  1757  613.05610  155 1285  586.00000  637.31494  8.76%  1853  448s
  2771  1824  608.99115  171 1270  586.00000  637.31494  8.76%  1853  456s
  2838  1850  603.20426  194 1225  586.00000  637.31494  8.76%  1847  466s
  2864  1953  602.33108  196 1225  586.00000  637.31494  8.76%  1855  476s
  2992  1981  636.93839   20 1465  586.00000  637.30981  8.76%  1808  486s
  3020  2015  635.87551   26 1461  586.00000  637.30981  8.76%  1822  496s
  3054  2057  634.97976   33 1453  586.00000  637.30981  8.76%  1839  506s
  3096  2155  633.91454   40 1446  586.00000  637.30981  8.76%  1852  518s
  3194  2350  632.54335   50 1436  586.00000  637.30981  8.76%  1862  529s
  3421  2390  630.74065   62 1424  586.00000  637.30981  8.76%  1809  541s
  3461  2442  628.48909   73 1410  586.00000  637.30981  8.76%  1831  554s
  3513  2468  626.06607   88 1385  586.00000  637.30981  8.76%  1854  567s
  3539  2534  622.41691   90 1375  586.00000  637.30981  8.76%  1863  580s
  3605  2648  621.64881  109 1360  586.00000  637.30981  8.76%  1880  593s
  3719  2906  614.91122  145 1315  586.00000  637.09672  8.72%  1895  608s
  4010  3122  636.35959   22 1465  586.00000  637.09672  8.72%  1838  621s
  4232  3191  634.97863   32 1453  586.00000  637.09672  8.72%  1811  636s
  4323  3406  633.79664   41 1444  586.00000  637.09672  8.72%  1798  651s
  4538  3749  630.47546   55 1432  586.00000  637.09672  8.72%  1770  667s
  4902  3871  628.30274   71 1406  586.00000  637.09672  8.72%  1690  683s
  5024  4249  625.32467   87 1392  586.00000  637.09672  8.72%  1685  700s
  5425  4619  618.13013  120 1348  586.00000  637.09672  8.72%  1626  716s
  5795  5001  597.34596  195 1207  586.00000  636.68679  8.65%  1594  731s
  6224  5691  618.21658  118 1334  586.00000  636.59008  8.63%  1527  746s
  6935  6002  624.57333   47 1391  586.00000  636.59008  8.63%  1429  760s
  7262  6439  590.42693  197 1128  586.00000  636.58236  8.63%  1389  778s
  7722  6854  609.40674  156 1263  586.00000  636.57847  8.63%  1355  786s
  8180  6929  635.42023   24 1461  586.00000  636.57774  8.63%  1305  793s
  8265  6982  594.47484   50 1257  586.00000  636.38515  8.60%  1303  799s
  8326  7064  631.66906   51 1430  586.00000  636.38515  8.60%  1304  806s
  8408  7206  620.01088  115 1358  586.00000  636.32117  8.59%  1303  813s
  8590  7315  626.87079   21 1418  586.00000  636.32117  8.59%  1292  819s
  8699  7452  610.42017  105 1311  586.00000  636.25986  8.58%  1289  826s
  8853  7591  621.29366   48 1376  586.00000  636.25986  8.58%  1284  834s
  8992  7778  604.09573  129 1265  586.00000  636.25019  8.58%  1282  843s
  9201  7968  614.43239   20 1372  586.00000  636.24975  8.58%  1271  850s
  9413  8094  632.87154   38 1452  586.00000  636.24975  8.58%  1261  858s
  9572  8287  622.78096   97 1385  586.00000  636.17372  8.56%  1253  867s
  9806  8336  614.04083   26 1368  586.00000  636.17015  8.56%  1239  876s
  9893  8429  590.36847   33 1270  586.00000  636.12880  8.55%  1243  884s
 10016  8536  625.80258   41 1405  586.00000  636.08021  8.55%  1239  892s
 10160  8784  624.17437   52 1396  586.00000  635.98321  8.53%  1228  900s
 10441  8963  619.86750   24 1367  586.00000  635.97323  8.53%  1210  907s
 10651  9249  618.23103   35 1368  586.00000  635.91356  8.52%  1198  915s
 10980  9335  628.27649   35 1413  586.00000  635.91133  8.52%  1177  922s
 11066  9617  621.49951   78 1362  586.00000  635.88699  8.51%  1173  930s
 11396  9862  626.35565   32 1403  586.00000  635.87679  8.51%  1153  938s
 11659  9994  635.06988   22 1462  586.00000  635.87679  8.51%  1139  945s
 11812 10030  634.28792   27 1452  586.00000  635.87679  8.51%  1135  953s
 11880 10117  633.22891   33 1446  586.00000  635.87679  8.51%  1139  961s
 11967 10256  632.14439   40 1439  586.00000  635.87679  8.51%  1140  969s
 12124 10355  626.55166   46 1406  586.00000  635.87679  8.51%  1135  976s
 12239 10431  630.07226   54 1424  586.00000  635.87679  8.51%  1134  983s
 12315 10592  628.22009   64 1416  586.00000  635.87679  8.51%  1137  992s
 12494 10700  626.66061   74 1403  586.00000  635.87679  8.51%  1133 1000s
 12602 10796  624.36853   86 1384  586.00000  635.87679  8.51%  1135 1008s
 12713 11021  621.72979  101 1368  586.00000  635.87679  8.51%  1136 1019s
 12960 11139  612.61676  121 1329  586.00000  635.87679  8.51%  1131 1028s
 13089 11435  609.92960  147 1292  586.00000  635.87679  8.51%  1131 1037s
 13395 11568     cutoff  233       586.00000  635.75238  8.49%  1123 1047s
 13572 11733     cutoff   83       586.00000  635.71581  8.48%  1118 1054s
 13749 11986  616.33958   99 1326  586.00000  635.70899  8.48%  1113 1063s
 14040 12074  588.55485   38 1212  586.00000  635.64816  8.47%  1101 1070s
 14162 12308  624.86601   26 1400  586.00000  635.61906  8.47%  1100 1077s
 14425 12446  587.23750  196 1100  586.00000  635.59966  8.46%  1091 1085s
 14570 12447  618.97619   29 1487  586.00000  635.59966  8.46%  1089 1723s
 14573 12449  599.90345  147 1484  586.00000  635.59966  8.46%  1089 1731s
 14576 12451  589.72739  200 1485  586.00000  634.54973  8.28%  1089 1735s
 14579 12453  601.09392  187 1489  586.00000  634.46751  8.27%  1089 1746s
 14580 12454  591.94346  180 1486  586.00000  634.24953  8.23%  1088 1756s
 14582 12455  600.79093  194 1489  586.00000  634.20581  8.23%  1088 1768s
 14583 12456  611.03509  102 1488  586.00000  633.52636  8.11%  1088 1780s
 14586 12458  622.67748   96 1493  586.00000  633.37591  8.08%  1088 1793s
 14587 12458  619.89417  110 1488  586.00000  633.10921  8.04%  1088 1802s
 14590 12460  626.27455   43 1492  586.00000  633.02004  8.02%  1088 1814s
 14591 12461  615.63582   99 1491  586.00000  632.83823  7.99%  1088 1826s
 14594 12463  588.08249  227 1490  586.00000  632.76569  7.98%  1087 1840s
 14595 12464  601.26471  179 1488  586.00000  632.60137  7.95%  1087 1851s
 14597 12465  616.86208   79 1490  586.00000  632.54440  7.94%  1087 1863s
 14598 12466  594.64211  207 1488  586.00000  632.34806  7.91%  1087 1874s
 14600 12467  589.02586   89 1489  586.00000  632.31100  7.90%  1087 1887s
 14601 12468  628.27185   36 1485  586.00000  632.18647  7.88%  1087 1898s
 14604 12470  632.12908   34 1489  586.00000  632.12908  7.87%  1087 1910s
 14605 12470  601.39818  197 1490  586.00000  632.09966  7.87%  1087 1920s
 14606 12471  589.02683  224 1490  586.00000  632.09129  7.87%  1087 1932s
 14607 12472  596.35386  166 1489  586.00000  632.08627  7.86%  1086 1943s
 14608 12472  623.64145   75 1489  586.00000  632.08410  7.86%  1086 1954s
 14609 12473  630.62059   23 1490  586.00000  632.08355  7.86%  1086 1964s
 14610 12474  608.57292  163 1490  586.00000  632.08337  7.86%  1086 1976s
 14611 12474  613.52220  143 1487  586.00000  632.06105  7.86%  1086 1986s
 14612 12475  592.00000  193 1486  586.00000  632.05548  7.86%  1086 1998s
 14613 12476  587.16667  227 1491  586.00000  631.99440  7.85%  1086 2007s
 14615 12477  592.00000  218 1491  586.00000  631.96732  7.84%  1086 2018s
 14616 12478  624.99183   24 1486  586.00000  631.93333  7.84%  1086 2027s
 14617 12478  613.53346  137 1490  586.00000  631.92205  7.84%  1086 2037s
 14618 12479  621.93794   42 1485  586.00000  631.88518  7.83%  1086 2047s
 14620 12480  598.16026  182 1488  586.00000  631.85725  7.83%  1085 2057s
 14621 12481  594.17927   80 1488  586.00000  631.85611  7.83%  1085 2068s
 14622 12482  612.29769  145 1489  586.00000  631.85562  7.83%  1085 2079s
 14623 12482  618.65692  106 1488  586.00000  631.85528  7.83%  1085 2089s
 14624 12483  623.54339   89 1489  586.00000  631.85510  7.83%  1085 2100s
 14625 12484  597.87781  208 1488  586.00000  631.85506  7.83%  1085 2111s
 14626 12484  591.11268  219 1488  586.00000  631.85505  7.83%  1085 2122s
 14627 12485  616.05947  132 1488  586.00000  631.85505  7.83%  1085 2133s
 14628 12486  617.93902   99 1488  586.00000  631.85503  7.83%  1085 2144s
 14629 12486  618.57963  108 1488  586.00000  631.85503  7.83%  1085 2155s
 14630 12487  595.86799  207 1488  586.00000  631.84665  7.82%  1085 2166s
 14631 12488  599.23212  191 1488  586.00000  631.84549  7.82%  1085 2178s
 14632 12488  616.28168  112 1488  586.00000  631.84549  7.82%  1085 2191s
 14641 12497  629.94988   27 1474  586.00000  631.06548  7.69%  1091 2195s
 14657 12508  629.94086   31 1476  586.00000  631.06548  7.69%  1093 2200s
 14675 12522  628.65197   36 1477  586.00000  631.06548  7.69%  1095 2206s
 14691 12533  627.42655   40 1471  586.00000  631.06548  7.69%  1097 2210s
 14711 12546  625.69400   45 1457  586.00000  631.06548  7.69%  1099 2215s
 14731 12561  624.38852   50 1452  586.00000  631.06548  7.69%  1100 2220s
 14746 12571  621.24563   53 1437  586.00000  631.06548  7.69%  1102 2225s
 14767 12587  621.97876   59 1443  586.00000  631.06548  7.69%  1104 2230s
 14791 12603  620.60888   65 1438  586.00000  631.06548  7.69%  1107 2236s
 14809 12616  617.09403   69 1420  586.00000  631.06548  7.69%  1108 2240s
 14828 12631  616.83756   73 1421  586.00000  631.06548  7.69%  1110 2245s
 14850 12645  614.08122   78 1409  586.00000  631.06548  7.69%  1113 2251s
 14871 12660  615.28593   83 1420  586.00000  631.06548  7.69%  1117 2257s
 14882 12667  610.38164   85 1398  586.00000  631.06548  7.69%  1119 2260s
 14905 12685  613.43643   91 1408  586.00000  631.06548  7.69%  1122 2267s
 14919 12694  612.52486   94 1410  586.00000  631.06548  7.69%  1124 2270s
 14945 12713  611.23756  100 1405  586.00000  631.06548  7.69%  1128 2277s
 14960 12723  606.37634  103 1374  586.00000  631.06548  7.69%  1130 2282s
 14975 12736  610.06294  107 1396  586.00000  631.06548  7.69%  1132 2286s
 14993 12748  609.35392  111 1385  586.00000  631.06548  7.69%  1135 2290s
 15011 12764  608.61782  115 1384  586.00000  631.06548  7.69%  1138 2295s
 15057 12801  600.22780  125 1341  586.00000  631.06548  7.69%  1144 2303s
 15085 12824  606.10641  131 1365  586.00000  631.06548  7.69%  1147 2308s
 15118 12844  605.03461  138 1359  586.00000  631.06548  7.69%  1150 2313s
 15153 12873  603.89019  145 1345  586.00000  631.06548  7.69%  1154 2318s
 15195 12910  602.70906  153 1335  586.00000  631.06548  7.69%  1157 2322s
 15246 12945  596.84698  161 1306  586.00000  631.06548  7.69%  1160 2328s
 15322 12948  599.97853  171 1319  586.00000  631.06548  7.69%  1160 2333s
 15351 12975  597.52606  183 1299  586.00000  631.06548  7.69%  1162 2339s
 15391 12994  593.18940  200 1262  586.00000  630.83294  7.65%  1164 2347s
 15461 12983  630.44662   29 1477  586.00000  630.83294  7.65%  1164 2353s
 15473 12993  629.95033   32 1476  586.00000  630.83294  7.65%  1167 2359s
 15487 13003  629.62128   35 1472  586.00000  630.83294  7.65%  1169 2367s
 15502 13013  623.29817   38 1437  586.00000  630.83294  7.65%  1173 2374s
 15517 13024  628.68556   42 1464  586.00000  630.83294  7.65%  1176 2382s
 15533 13037  628.18707   46 1458  586.00000  630.83294  7.65%  1180 2390s
 15551 13049  627.55245   50 1452  586.00000  630.83294  7.65%  1183 2397s
 15569 13057  627.05863   54 1449  586.00000  630.83294  7.65%  1186 2405s
 15583 13077  626.49787   58 1442  586.00000  630.83294  7.65%  1189 2414s
 15608 13075  623.23763   63 1422  586.00000  630.83294  7.65%  1194 2423s
 15614 13102  625.14186   66 1437  586.00000  630.83294  7.65%  1194 2432s
 15643 13101  623.97184   73 1427  586.00000  630.83294  7.65%  1199 2445s
 15652 13131  623.67361   77 1426  586.00000  630.83294  7.65%  1201 2455s
 15685 13131  622.09296   85 1415  586.00000  630.83294  7.65%  1206 2464s
 15696 13167  621.40735   90 1409  586.00000  630.83294  7.65%  1208 2474s
 15735 13178  620.35046   99 1398  586.00000  630.83294  7.65%  1213 2485s
 15759 13224  618.77741  105 1397  586.00000  630.83294  7.65%  1216 2496s
 15813 13259  616.55300  117 1371  586.00000  630.83294  7.65%  1221 2508s
 15866 13317  614.64198  127 1360  586.00000  630.83294  7.65%  1225 2520s
 15942 13381  610.06651  140 1333  586.00000  630.83294  7.65%  1229 2533s
 16031 13492  607.93838  159 1314  586.00000  630.83294  7.65%  1231 2548s
 16207 13502  597.85857  195 1231  586.00000  630.30459  7.56%  1230 2562s
 16298 13488  628.85364   30 1464  586.00000  629.94984  7.50%  1230 2576s
 16314 13503  628.18687   35 1457  586.00000  629.94984  7.50%  1234 2591s
 16334 13529  627.32789   40 1449  586.00000  629.94984  7.50%  1238 2607s
 16367 13545  626.05937   49 1438  586.00000  629.94984  7.50%  1244 2623s
 16394 13580  625.06900   57 1427  586.00000  629.94984  7.50%  1248 2640s
 16438 13615  622.66448   69 1412  586.00000  629.94984  7.50%  1255 2658s
 16488 13612  620.21109   83 1405  586.00000  629.94984  7.50%  1262 2675s
 16501 13674  609.84360   87 1343  586.00000  629.94984  7.50%  1264 2694s
 16568 13691  617.50228  106 1371  586.00000  629.94984  7.50%  1272 2711s
 16607 13799  616.89388  111 1368  586.00000  629.94984  7.50%  1276 2732s
 16728 13995  610.25981  145 1319  586.00000  629.94922  7.50%  1283 2756s
 16991 14018  621.17467   29 1431  586.00000  629.94922  7.50%  1284 2782s
 17126 14010  623.85312   37 1440  586.00000  629.94922  7.50%  1286 2806s
 17163 14043  626.72705   47 1456  586.00000  629.94922  7.50%  1293 2824s
 17208 14083  624.76067   59 1437  586.00000  629.94922  7.50%  1301 2843s
 17263 14132  622.40607   74 1417  586.00000  629.94922  7.50%  1309 2867s
 17331 14174  619.47776   92 1407  586.00000  629.94922  7.50%  1318 2898s
 17395 14272  616.40539  110 1379  586.00000  629.94922  7.50%  1325 2923s
 17515 14469  610.59649  145 1338  586.00000  629.94075  7.50%  1334 2947s
 17778 14673  627.71178   37 1459  586.00000  629.94075  7.50%  1336 2972s
 18084 14918  606.09755  159 1297  586.00000  629.90535  7.49%  1329 2997s
 18471 15113  626.90689   36 1458  586.00000  629.90535  7.49%  1317 3025s
 18823 15398  604.04896  160 1302  586.00000  629.89708  7.49%  1306 3052s
 19288 15664  620.10961   60 1415  586.00000  629.67982  7.45%  1292 3076s
 19739 15516  623.49451   39 1430  586.00000  629.67982  7.45%  1284 3194s
 19741 15816  627.78417   40 1464  586.00000  629.67982  7.45%  1284 3215s
 20062 16016  604.11428  155 1291  586.00000  629.54356  7.43%  1279 3238s
 20419 15983  594.25796  107 1270  586.00000  629.41197  7.41%  1271 3261s
 20533 16000  618.40160   41 1412  586.00000  629.27312  7.38%  1276 3285s
 20588 16055  625.21238   54 1443  586.00000  629.27312  7.38%  1284 3310s
 20661 16126  622.05675   71 1425  586.00000  629.27312  7.38%  1293 3335s
 20756 16234  617.68293   94 1400  586.00000  629.27312  7.38%  1302 3361s
 20896 16513  612.03264  126 1364  586.00000  629.27312  7.38%  1311 3386s
 21244 16780  591.38653  206 1151  586.00000  629.26327  7.38%  1312 3408s
 21690 17044  600.67747  184 1257  586.00000  629.22992  7.38%  1301 3435s
 22143 17213  609.13939  148 1337  586.00000  629.13456  7.36%  1290 3477s
 22543 17232  618.30100   61 1400  586.00000  629.00079  7.34%  1287 3493s
 22744 17432  593.00519   81 1265  586.00000  628.93238  7.33%  1285 3507s
 23023 17558  598.04662  151 1267  586.00000  628.92945  7.33%  1279 3521s
 23276 17836  617.56994   95 1396  586.00000  628.92711  7.33%  1274 3534s
 23664 17850  592.12185  199 1172  586.00000  628.89093  7.32%  1265 3544s
 23824 18035  615.37252   86 1376  586.00000  628.87152  7.32%  1263 3557s
 24095 18065  625.59897   37 1457  586.00000  628.86818  7.32%  1256 3568s
 24237 18059  622.30880   39 1435  586.00000  628.86818  7.32%  1256 3579s
 24302 18134  611.56026   47 1365  586.00000  628.84151  7.31%  1259 3590s
 24445 18248  619.72530   49 1417  586.00000  628.84151  7.31%  1258 3600s

Cutting planes:
  Gomory: 12
  Clique: 2
  Flow cover: 77
  Zero half: 963
  Mod-K: 1
  RLT: 334
  BQP: 77

Explored 24622 nodes (31035149 simplex iterations) in 3600.00 seconds (10163.86 work units)
Thread count was 2 (of 24 available processors)

Solution count 10: 586 585 584 ... 577

Time limit reached
Best objective 5.860000000000e+02, best bound 6.280000000000e+02, gap 7.1672%

User-callback calls 304214, time in user-callback 0.84 sec

Gurobi 11.0.3 (linux64) logging started Sat Mar  7 15:20:15 2026

Set parameter LogFile to value "./log/train/IS_1500_6/IS_54.lp.log"
Set parameter TimeLimit to value 3600
Gurobi Optimizer version 11.0.3 build v11.0.3rc0 (linux64 - "Ubuntu 22.04.5 LTS")

CPU model: AMD Ryzen 9 9900X 12-Core Processor, instruction set [SSE2|AVX|AVX2|AVX512]
Thread count: 12 physical cores, 24 logical processors, using up to 1 threads

Optimize a model with 9187 rows, 1500 columns and 18102 nonzeros
Model fingerprint: 0x8c28a413
Variable types: 0 continuous, 1500 integer (1500 binary)
Coefficient statistics:
  Matrix range     [1e+00, 1e+00]
  Objective range  [1e+00, 1e+00]
  Bounds range     [1e+00, 1e+00]
  RHS range        [1e+00, 1e+00]
Found heuristic solution: objective 349.0000000
Presolve removed 1794 rows and 0 columns
Presolve time: 0.04s
Presolved: 7393 rows, 1500 columns, 16295 nonzeros
Variable types: 0 continuous, 1500 integer (1500 binary)

Root relaxation: objective 6.870000e+02, 4229 iterations, 0.18 seconds (0.23 work units)

    Nodes    |    Current Node    |     Objective Bounds      |     Work
 Expl Unexpl |  Obj  Depth IntInf | Incumbent    BestBd   Gap | It/Node Time

     0     0  687.00000    0 1344  349.00000  687.00000  96.8%     -    0s
H    0     0                     529.0000000  687.00000  29.9%     -    0s
H    0     0                     532.0000000  687.00000  29.1%     -    0s
     0     0  670.50106    0 1482  532.00000  670.50106  26.0%     -    1s
H    0     0                     556.0000000  670.50106  20.6%     -    1s
     0     0  670.41458    0 1479  556.00000  670.41458  20.6%     -    1s
     0     0  670.41238    0 1479  556.00000  670.41238  20.6%     -    1s
     0     0  661.45423    0 1479  556.00000  661.45423  19.0%     -    3s
H    0     0                     560.0000000  661.45423  18.1%     -    3s
     0     0  660.69430    0 1479  560.00000  660.69430  18.0%     -    3s
     0     0  660.54833    0 1480  560.00000  660.54833  18.0%     -    3s
     0     0  660.53286    0 1481  560.00000  660.53286  18.0%     -    3s
     0     0  660.52236    0 1481  560.00000  660.52236  18.0%     -    3s
     0     0  660.52125    0 1480  560.00000  660.52125  18.0%     -    3s
     0     0  656.16065    0 1480  560.00000  656.16065  17.2%     -    4s
     0     0  655.86613    0 1479  560.00000  655.86613  17.1%     -    4s
     0     0  655.82727    0 1480  560.00000  655.82727  17.1%     -    4s
     0     0  655.80337    0 1480  560.00000  655.80337  17.1%     -    4s
     0     0  655.78630    0 1480  560.00000  655.78630  17.1%     -    4s
     0     0  655.78320    0 1480  560.00000  655.78320  17.1%     -    4s
     0     0  653.68430    0 1479  560.00000  653.68430  16.7%     -    5s
     0     0  653.39345    0 1482  560.00000  653.39345  16.7%     -    5s
     0     0  653.36128    0 1481  560.00000  653.36128  16.7%     -    5s
     0     0  653.34888    0 1485  560.00000  653.34888  16.7%     -    5s
     0     0  653.34279    0 1486  560.00000  653.34279  16.7%     -    5s
     0     0  651.12847    0 1479  560.00000  651.12847  16.3%     -    6s
     0     0  650.96099    0 1489  560.00000  650.96099  16.2%     -    6s
     0     0  650.90660    0 1487  560.00000  650.90660  16.2%     -    6s
     0     0  650.89141    0 1486  560.00000  650.89141  16.2%     -    6s
     0     0  650.88522    0 1486  560.00000  650.88522  16.2%     -    6s
     0     0  649.39565    0 1486  560.00000  649.39565  16.0%     -    7s
     0     0  649.26278    0 1483  560.00000  649.26278  15.9%     -    7s
     0     0  649.24456    0 1485  560.00000  649.24456  15.9%     -    7s
     0     0  649.24081    0 1486  560.00000  649.24081  15.9%     -    7s
     0     0  647.98421    0 1482  560.00000  647.98421  15.7%     -    8s
     0     0  647.85480    0 1484  560.00000  647.85480  15.7%     -    8s
     0     0  647.84728    0 1484  560.00000  647.84728  15.7%     -    8s
     0     0  646.78829    0 1484  560.00000  646.78829  15.5%     -    9s
     0     0  646.71024    0 1487  560.00000  646.71024  15.5%     -    9s
     0     0  646.70398    0 1488  560.00000  646.70398  15.5%     -    9s
     0     0  646.00815    0 1487  560.00000  646.00815  15.4%     -   10s
     0     0  645.86746    0 1485  560.00000  645.86746  15.3%     -   10s
     0     0  645.84564    0 1487  560.00000  645.84564  15.3%     -   10s
     0     0  645.84296    0 1486  560.00000  645.84296  15.3%     -   10s
     0     0  645.35631    0 1483  560.00000  645.35631  15.2%     -   10s
H    0     0                     562.0000000  645.35631  14.8%     -   10s
     0     0  645.29340    0 1483  562.00000  645.29340  14.8%     -   11s
     0     0  645.26989    0 1485  562.00000  645.26989  14.8%     -   11s
     0     0  645.26224    0 1485  562.00000  645.26224  14.8%     -   11s
     0     0  644.93040    0 1485  562.00000  644.93040  14.8%     -   11s
     0     0  644.87375    0 1487  562.00000  644.87375  14.7%     -   11s
     0     0  644.86313    0 1485  562.00000  644.86313  14.7%     -   11s
     0     0  644.22155    0 1486  562.00000  644.22155  14.6%     -   12s
     0     0  644.10042    0 1486  562.00000  644.10042  14.6%     -   12s
     0     0  644.08558    0 1486  562.00000  644.08558  14.6%     -   12s
     0     0  643.38814    0 1487  562.00000  643.38814  14.5%     -   13s
     0     0  643.30274    0 1487  562.00000  643.30274  14.5%     -   13s
     0     0  643.29060    0 1488  562.00000  643.29060  14.5%     -   13s
     0     0  642.98893    0 1487  562.00000  642.98893  14.4%     -   14s
H    0     0                     567.0000000  642.98893  13.4%     -   14s
     0     0  642.91567    0 1486  567.00000  642.91567  13.4%     -   14s
     0     0  642.89026    0 1489  567.00000  642.89026  13.4%     -   14s
     0     0  642.88376    0 1488  567.00000  642.88376  13.4%     -   14s
     0     0  642.39644    0 1483  567.00000  642.39644  13.3%     -   15s
     0     0  642.32651    0 1487  567.00000  642.32651  13.3%     -   15s
     0     0  642.29725    0 1486  567.00000  642.29725  13.3%     -   15s
     0     0  642.29132    0 1487  567.00000  642.29132  13.3%     -   15s
     0     0  641.86891    0 1487  567.00000  641.86891  13.2%     -   16s
     0     0  641.79986    0 1488  567.00000  641.79986  13.2%     -   16s
     0     0  641.78923    0 1488  567.00000  641.78923  13.2%     -   16s
     0     0  641.46095    0 1487  567.00000  641.46095  13.1%     -   17s
     0     0  641.39526    0 1486  567.00000  641.39526  13.1%     -   17s
     0     0  641.38086    0 1486  567.00000  641.38086  13.1%     -   17s
     0     0  641.03879    0 1488  567.00000  641.03879  13.1%     -   18s
     0     0  640.96396    0 1488  567.00000  640.96396  13.0%     -   18s
     0     0  640.94108    0 1488  567.00000  640.94108  13.0%     -   18s
     0     0  640.93332    0 1490  567.00000  640.93332  13.0%     -   18s
     0     0  640.68939    0 1488  567.00000  640.68939  13.0%     -   18s
     0     0  640.64574    0 1487  567.00000  640.64574  13.0%     -   19s
     0     0  640.63497    0 1489  567.00000  640.63497  13.0%     -   19s
     0     0  640.47608    0 1487  567.00000  640.47608  13.0%     -   19s
     0     0  640.42911    0 1489  567.00000  640.42911  13.0%     -   19s
     0     0  640.42164    0 1490  567.00000  640.42164  12.9%     -   19s
     0     0  640.25513    0 1486  567.00000  640.25513  12.9%     -   19s
H    0     0                     569.0000000  640.25513  12.5%     -   19s
     0     0  640.21678    0 1491  569.00000  640.21678  12.5%     -   20s
     0     0  640.20333    0 1491  569.00000  640.20333  12.5%     -   20s
     0     0  640.01180    0 1489  569.00000  640.01180  12.5%     -   20s
H    0     0                     572.0000000  640.01180  11.9%     -   20s
     0     0  639.97980    0 1490  572.00000  639.97980  11.9%     -   20s
     0     0  639.97498    0 1489  572.00000  639.97498  11.9%     -   20s
     0     0  639.76900    0 1487  572.00000  639.76900  11.8%     -   20s
     0     0  639.73643    0 1487  572.00000  639.73643  11.8%     -   20s
     0     0  639.73478    0 1488  572.00000  639.73478  11.8%     -   20s
     0     0  639.66693    0 1487  572.00000  639.66693  11.8%     -   21s
     0     0  639.66693    0 1487  572.00000  639.66693  11.8%     -   21s
     0     2  639.66690    0 1486  572.00000  639.66690  11.8%     -   22s
     3     5  631.59893    2 1433  572.00000  639.66690  11.8%  3763   25s
    10    12  631.68122    6 1431  572.00000  639.66690  11.8%  3851   31s
    17    19  634.31844   11 1446  572.00000  639.66690  11.8%  3507   35s
    26    28  634.42664   18 1442  572.00000  639.66690  11.8%  3201   40s
H   27    27                     573.0000000  639.66690  11.6%  3083   40s
    34    36  632.01396   23 1438  573.00000  639.66690  11.6%  3205   45s
    56    58  620.98987   41 1368  573.00000  639.66690  11.6%  2260   50s
    72    74  617.34658   51 1342  573.00000  639.66690  11.6%  2084   57s
H   81    81                     575.0000000  639.66690  11.2%  1991   58s
    89    91  616.42679   64 1343  575.00000  639.66690  11.2%  1936   60s
H  136   131                     578.0000000  639.66690  10.7%  1519   63s
   138   131  632.79603    1 1446  578.00000  639.28824  10.6%  1564   65s
   155   148  623.85132   14 1388  578.00000  639.28824  10.6%  1630   71s
   165   158  616.12938   20 1356  578.00000  639.28824  10.6%  1721   75s
   182   175  621.07914   32 1377  578.00000  639.28824  10.6%  1749   80s
   230   223  583.30165   67 1173  578.00000  639.28824  10.6%  1646   85s
H  244   229                     581.0000000  639.28824  10.0%  1585   85s
   262   239  627.34285   14 1413  581.00000  639.17318  10.0%  1604   90s
H  271   246                     582.0000000  639.17318  9.82%  1619   93s
   276   253  622.08989   25 1391  582.00000  639.17318  9.82%  1635   95s
H  298   270                     583.0000000  639.17318  9.64%  1668   99s
   299   273  593.90705   39 1263  583.00000  639.17318  9.64%  1675  100s
   342   296  624.46101   11 1403  583.00000  638.95298  9.60%  1583  106s
H  352   303                     584.0000000  638.95298  9.41%  1587  109s
   354   307  628.38172   20 1414  584.00000  638.95298  9.41%  1604  110s
   374   327  606.12753   34 1323  584.00000  638.95298  9.41%  1631  115s
   399   352  590.37667   49 1229  584.00000  638.95298  9.41%  1641  120s
   439   370  624.10922   12 1401  584.00000  638.85419  9.39%  1569  125s
   452   383  624.97732   22 1392  584.00000  638.85419  9.39%  1586  130s
   469   400  612.20898   33 1332  584.00000  638.85419  9.39%  1613  135s
   500   429  601.91449   55 1279  584.00000  638.85419  9.39%  1600  140s
   536   449  632.06737   12 1428  584.00000  638.70402  9.37%  1558  145s
   552   465  618.98613   23 1359  584.00000  638.70402  9.37%  1577  150s
   560   472  602.24652   74 1487  584.00000  638.70402  9.37%  1575  165s
   563   474  628.11887   22 1487  584.00000  638.70402  9.37%  1566  173s
   564   475  631.55765    8 1486  584.00000  638.70402  9.37%  1563  175s
   569   478  619.14191   24 1487  584.00000  638.70402  9.37%  1550  184s
   570   479  623.84303   15 1484  584.00000  638.70402  9.37%  1547  192s
   572   480  630.91173   35 1487  584.00000  638.70402  9.37%  1542  201s
   573   481  614.37697   26 1487  584.00000  638.70402  9.37%  1539  209s
   574   481  618.41484   23 1487  584.00000  638.70402  9.37%  1536  218s
   575   482  631.07300   13 1487  584.00000  638.70402  9.37%  1534  225s
   576   483  607.07393   30 1488  584.00000  638.70402  9.37%  1531  235s
   577   483  634.01109   12 1486  584.00000  638.70402  9.37%  1528  243s
   578   484  614.61015   32 1487  584.00000  638.70402  9.37%  1526  252s
   579   485  592.23211   63 1482  584.00000  638.70402  9.37%  1523  259s
   580   485  593.44948   38 1486  584.00000  638.70402  9.37%  1520  266s
   581   486  632.79238    2 1486  584.00000  638.70402  9.37%  1518  274s
   582   487  592.61231   71 1484  584.00000  638.70402  9.37%  1515  281s
   583   487  623.61717   17 1484  584.00000  638.70402  9.37%  1512  296s
   587   492  638.28904   14 1474  584.00000  638.70402  9.37%  1611  300s
   595   497  637.99068   18 1472  584.00000  638.56159  9.34%  1628  305s
   608   506  636.93921   25 1459  584.00000  638.28758  9.30%  1635  310s
   617   512  634.96272   29 1444  584.00000  638.28758  9.30%  1651  315s
   632   522  633.89228   37 1442  584.00000  638.28758  9.30%  1657  320s
   642   529  632.84839   42 1440  584.00000  638.28758  9.30%  1673  325s
   653   536  626.86259   47 1410  584.00000  638.28758  9.30%  1695  330s
   663   543  623.52437   52 1393  584.00000  638.28758  9.30%  1709  335s
   673   549  629.66913   57 1425  584.00000  638.28758  9.30%  1725  340s
   693   563  623.10784   67 1382  584.00000  638.28758  9.30%  1721  345s
   705   571  620.67145   73 1382  584.00000  638.28758  9.30%  1740  350s
   721   581  617.51767   81 1358  584.00000  638.28758  9.30%  1743  355s
   733   589  616.03886   87 1359  584.00000  638.28758  9.30%  1759  360s
   751   601  616.21748   96 1360  584.00000  638.28758  9.30%  1759  365s
   765   611  615.48927  103 1355  584.00000  638.28758  9.30%  1765  370s
   781   621  608.95524  111 1330  584.00000  638.28758  9.30%  1773  375s
   800   634  612.60682  121 1349  584.00000  638.28758  9.30%  1775  380s
   817   645  597.39430  129 1281  584.00000  638.28758  9.30%  1785  385s
   840   661  603.91933  141 1305  584.00000  638.28758  9.30%  1783  390s
   861   675  604.67144  151 1318  584.00000  638.28758  9.30%  1782  395s
   883   689  597.29504  162 1286  584.00000  638.28758  9.30%  1787  400s
   905   704  596.42026  173 1279  584.00000  638.28758  9.30%  1788  405s
   929   720  590.50060  185 1230  584.00000  638.28758  9.30%  1787  410s
   955   735     cutoff  198       584.00000  638.28758  9.30%  1785  415s
   999   755  590.67225  220 1213  584.00000  638.28758  9.30%  1760  420s
  1073   755  629.70207   16 1423  584.00000  638.28667  9.30%  1682  425s
  1079   759  628.41143   19 1415  584.00000  638.28667  9.30%  1695  430s
  1087   764  625.76662   23 1407  584.00000  638.28667  9.30%  1713  436s
  1093   768  630.38744   26 1416  584.00000  638.28667  9.30%  1724  440s
  1100   773  634.40785   30 1446  584.00000  638.28667  9.30%  1735  445s
  1109   779  629.41965   34 1417  584.00000  638.28667  9.30%  1749  450s
  1117   784  629.06184   38 1413  584.00000  638.28667  9.30%  1763  455s
  1127   791  626.91599   43 1409  584.00000  638.28667  9.30%  1774  460s
  1137   798  627.39354   48 1403  584.00000  638.28667  9.30%  1785  465s
  1147   804  624.26906   53 1388  584.00000  638.28667  9.30%  1797  470s
  1157   811  624.01165   58 1389  584.00000  638.28667  9.30%  1809  475s
  1169   819  619.39706   64 1364  584.00000  638.28667  9.30%  1820  480s
  1179   826  620.70649   69 1369  584.00000  638.28667  9.30%  1829  485s
  1191   834  622.02787   75 1361  584.00000  638.28667  9.30%  1840  490s
  1204   842  625.94013   82 1385  584.00000  638.28667  9.30%  1851  495s
  1219   852  620.64863   89 1351  584.00000  638.28667  9.30%  1862  500s
  1239   866  620.24393   99 1350  584.00000  638.28667  9.30%  1866  505s
  1258   878  619.85840  109 1354  584.00000  638.28667  9.30%  1869  510s
  1279   892  602.17846  119 1249  584.00000  638.28667  9.30%  1874  515s
  1307   911  602.93248  133 1282  584.00000  638.28667  9.30%  1872  520s
  1347   938  602.52001  153 1225  584.00000  638.28667  9.30%  1860  525s
  1411   980  600.55841  185 1198  584.00000  638.28667  9.30%  1814  530s
  1544  1047  630.70352   16 1429  584.00000  637.99034  9.24%  1694  536s
  1548  1050  629.64018   18 1424  584.00000  637.99034  9.24%  1703  541s
  1554  1054  628.55794   21 1423  584.00000  637.99034  9.24%  1713  546s
  1560  1058  629.60466   24 1425  584.00000  637.99034  9.24%  1724  551s
  1566  1062  632.16989   27 1442  584.00000  637.99034  9.24%  1735  555s
  1573  1066  635.66127   31 1458  584.00000  637.99034  9.24%  1742  560s
  1580  1071  631.85519   34 1434  584.00000  637.99034  9.24%  1754  565s
  1588  1076  630.06895   38 1424  584.00000  637.99034  9.24%  1765  570s
  1596  1082  624.44818   42 1396  584.00000  637.99034  9.24%  1776  576s
  1604  1087  630.44543   46 1422  584.00000  637.99034  9.24%  1784  580s
  1612  1092  628.15943   50 1413  584.00000  637.99034  9.24%  1792  585s
  1622  1099  626.94235   55 1410  584.00000  637.99034  9.24%  1801  590s
  1634  1107  625.79303   61 1397  584.00000  637.99034  9.24%  1812  595s
  1646  1115  626.21069   67 1409  584.00000  637.99034  9.24%  1819  600s
  1656  1122  620.20916   72 1378  584.00000  637.99034  9.24%  1828  605s
  1670  1131  623.71213   79 1394  584.00000  637.99034  9.24%  1834  610s
  1684  1140  622.77263   86 1376  584.00000  637.99034  9.24%  1841  615s
  1698  1150  620.38623   93 1362  584.00000  637.99034  9.24%  1847  620s
  1712  1159  619.39642  100 1369  584.00000  637.99034  9.24%  1855  625s
  1728  1170  617.42013  108 1356  584.00000  637.99034  9.24%  1861  630s
  1748  1183  617.24096  118 1349  584.00000  637.99034  9.24%  1865  635s
  1772  1199  616.01090  130 1334  584.00000  637.99034  9.24%  1867  640s
  1800  1218  613.35897  144 1300  584.00000  637.99034  9.24%  1864  645s
  1834  1240  609.57244  161 1285  584.00000  637.99034  9.24%  1856  650s
  1872  1266  601.61522  180 1232  584.00000  637.99034  9.24%  1844  655s
  1930  1304  595.59056  209 1195  584.00000  637.99034  9.24%  1812  660s
  1989  1344  586.19101  239 1070  584.00000  637.99034  9.24%  1771  665s
  2040  1345  628.29422   20 1416  584.00000  637.98848  9.24%  1737  670s
  2046  1349  628.93266   23 1423  584.00000  637.98848  9.24%  1747  676s
  2052  1355  627.48848   26 1420  584.00000  637.98848  9.24%  1755  681s
  2058  1361  628.82249   29 1420  584.00000  637.98848  9.24%  1763  686s
  2062  1365  622.91621   31 1389  584.00000  637.98848  9.24%  1769  690s
  2069  1372  635.23749   35 1459  584.00000  637.98848  9.24%  1775  695s
  2076  1379  631.33116   38 1432  584.00000  637.98848  9.24%  1782  700s
  2083  1386  633.83359   42 1454  584.00000  637.98848  9.24%  1788  705s
  2090  1393  627.34909   45 1408  584.00000  637.98848  9.24%  1796  710s
  2098  1401  628.43519   49 1420  584.00000  637.98848  9.24%  1802  715s
  2106  1409  626.20381   53 1417  584.00000  637.98848  9.24%  1809  720s
  2114  1417  627.10666   57 1404  584.00000  637.98848  9.24%  1816  725s
  2122  1425  621.58738   61 1382  584.00000  637.98848  9.24%  1823  731s
  2128  1431  614.40378   64 1342  584.00000  637.98848  9.24%  1828  735s
  2139  1442  628.60990   70 1422  584.00000  637.98848  9.24%  1833  740s
  2150  1453  624.24278   75 1398  584.00000  637.98848  9.24%  1840  745s
H 2151  1429                     585.0000000  637.98848  9.06%  1839  746s
  2160  1440  623.73174   80 1388  585.00000  637.98848  9.06%  1844  750s
  2172  1452  619.15443   86 1367  585.00000  637.98848  9.06%  1851  755s
  2185  1465  624.69488   93 1394  585.00000  637.98848  9.06%  1854  760s
  2198  1478  613.94193   99 1329  585.00000  637.98848  9.06%  1860  765s
  2208  1488  619.22033  104 1349  585.00000  637.98848  9.06%  1862  770s
  2224  1504  615.42857  112 1347  585.00000  637.98848  9.06%  1863  777s
  2232  1512  618.20057  116 1348  585.00000  637.98848  9.06%  1865  783s
  2239  1519  619.49421  120 1360  585.00000  637.98848  9.06%  1865  785s
  2250  1530  614.78605  125 1319  585.00000  637.98848  9.06%  1865  796s
  2259  1539  617.48131  130 1345  585.00000  637.98848  9.06%  1864  800s
  2276  1556  611.35588  138 1298  585.00000  637.98848  9.06%  1864  808s
  2286  1566  607.42660  143 1252  585.00000  637.98848  9.06%  1863  814s
  2294  1574  613.06027  147 1310  585.00000  637.98848  9.06%  1861  815s
  2312  1592  594.67647  156 1184  585.00000  637.98848  9.06%  1859  820s
  2313  1593  611.93488  157 1293  585.00000  637.98848  9.06%  1858  827s
  2329  1609  609.84118  165 1292  585.00000  637.98848  9.06%  1855  830s
  2340  1620  607.75243  170 1256  585.00000  637.98848  9.06%  1852  836s
  2367  1647  605.03168  184 1251  585.00000  637.98848  9.06%  1843  841s
  2394  1674  600.58381  197 1207  585.00000  637.98848  9.06%  1831  853s
  2420  1700  595.58203  210 1164  585.00000  637.98848  9.06%  1817  855s
  2500  1759  628.35324   21 1414  585.00000  637.86348  9.04%  1776  860s
  2506  1765  628.42651   24 1411  585.00000  637.86348  9.04%  1781  865s
  2512  1771  625.45201   27 1405  585.00000  637.86348  9.04%  1788  870s
  2518  1777  621.78824   30 1380  585.00000  637.86348  9.04%  1794  875s
  2526  1785  630.92679   34 1422  585.00000  637.86348  9.04%  1800  880s
  2532  1791  630.82874   37 1415  585.00000  637.86348  9.04%  1805  885s
  2540  1799  630.06246   41 1416  585.00000  637.86348  9.04%  1811  890s
  2544  1803  627.20638   43 1410  585.00000  637.86348  9.04%  1814  895s
  2552  1811  629.01382   47 1412  585.00000  637.86348  9.04%  1819  900s
  2560  1819  627.58380   51 1402  585.00000  637.86348  9.04%  1824  905s
  2570  1829  621.55636   56 1383  585.00000  637.86348  9.04%  1830  911s
  2578  1837  625.10431   60 1401  585.00000  637.86348  9.04%  1834  915s
  2588  1847  623.52819   65 1383  585.00000  637.86348  9.04%  1841  920s
  2598  1857  625.08521   70 1388  585.00000  637.86348  9.04%  1845  925s
  2610  1869  623.79972   76 1384  585.00000  637.86348  9.04%  1849  930s
  2622  1881  622.12537   82 1363  585.00000  637.86348  9.04%  1854  935s
  2634  1893  623.59878   88 1378  585.00000  637.86348  9.04%  1858  940s
  2651  1910  622.46252   97 1380  585.00000  637.86348  9.04%  1860  945s
  2666  1925  611.50366  104 1316  585.00000  637.86348  9.04%  1866  953s
  2672  1931  617.28687  107 1333  585.00000  637.86348  9.04%  1867  955s
  2694  1953  613.35510  118 1326  585.00000  637.86348  9.04%  1868  960s
  2718  1977  613.96902  130 1290  585.00000  637.86348  9.04%  1869  965s
  2751  2010  614.31527  147 1284  585.00000  637.86348  9.04%  1865  970s
  2800  2059  601.32862  171 1184  585.00000  637.86348  9.04%  1854  975s
  2840  2099  601.70016  191 1224  585.00000  637.86348  9.04%  1839  981s
  2920  2175  589.36667  231 1043  585.00000  637.86348  9.04%  1804  985s
  2961  2193  637.10387   23 1459  585.00000  637.86247  9.04%  1789  990s
  2966  2198  628.76642   25 1418  585.00000  637.86247  9.04%  1795  995s
  2972  2204  628.17146   28 1414  585.00000  637.86247  9.04%  1800 1001s
  2978  2210  632.18153   31 1422  585.00000  637.86247  9.04%  1805 1005s
  2984  2216  630.86546   34 1426  585.00000  637.86247  9.04%  1809 1010s
  2991  2223  634.60302   38 1446  585.00000  637.86247  9.04%  1812 1015s
  2996  2228  630.92033   40 1421  585.00000  637.86247  9.04%  1817 1020s
  3002  2234  628.10256   43 1410  585.00000  637.86247  9.04%  1820 1025s
  3006  2238  627.64832   45 1415  585.00000  637.86247  9.04%  1822 1035s
  3012  2244  625.84903   48 1402  585.00000  637.86247  9.04%  1827 1040s
  3020  2252  630.15091   52 1404  585.00000  637.86247  9.04%  1832 1045s
  3026  2258  627.33888   55 1403  585.00000  637.86247  9.04%  1835 1050s
  3036  2268  625.79609   60 1395  585.00000  637.86247  9.04%  1840 1055s
  3046  2278  625.27561   65 1400  585.00000  637.86247  9.04%  1844 1060s
  3054  2286  625.52366   69 1388  585.00000  637.86247  9.04%  1848 1065s
  3066  2298  624.16184   75 1382  585.00000  637.86247  9.04%  1852 1070s
  3078  2310  625.53058   81 1378  585.00000  637.86247  9.04%  1856 1088s
  3084  2316  623.77425   84 1374  585.00000  637.86247  9.04%  1858 1090s
  3100  2332  623.04689   92 1365  585.00000  637.86247  9.04%  1864 1095s
  3110  2342  621.61097   97 1357  585.00000  637.86247  9.04%  1866 1102s
  3121  2353  624.29030  103 1360  585.00000  637.86247  9.04%  1867 1105s
  3144  2376  617.55350  114 1327  585.00000  637.86247  9.04%  1869 1110s
  3164  2396  615.09065  124 1313  585.00000  637.86247  9.04%  1870 1115s
  3192  2424  611.34377  138 1286  585.00000  637.86247  9.04%  1870 1120s
  3224  2456  610.27988  154 1269  585.00000  637.86247  9.04%  1867 1125s
  3276  2508  604.03676  180 1248  585.00000  637.86247  9.04%  1856 1130s
  3368  2598  590.17672  226 1158  585.00000  637.86247  9.04%  1826 1135s
  3425  2625  628.45442   22 1415  585.00000  637.69920  9.01%  1805 1140s
  3431  2631  622.48129   25 1386  585.00000  637.69920  9.01%  1811 1145s
  3437  2637  631.23861   28 1435  585.00000  637.69920  9.01%  1816 1150s
  3443  2643  630.44373   31 1436  585.00000  637.69920  9.01%  1820 1155s
  3451  2651  630.37323   35 1422  585.00000  637.69920  9.01%  1825 1160s
  3457  2657  630.76361   38 1429  585.00000  637.69920  9.01%  1828 1165s
  3465  2665  629.17967   42 1424  585.00000  637.69920  9.01%  1833 1170s
  3473  2673  624.94324   46 1408  585.00000  637.69920  9.01%  1838 1176s
  3479  2679  626.84668   49 1411  585.00000  637.69920  9.01%  1842 1180s
  3490  2690  631.20337   55 1436  585.00000  637.69920  9.01%  1846 1185s
  3499  2699  627.67155   59 1407  585.00000  637.69920  9.01%  1851 1190s
  3511  2711  626.56558   65 1404  585.00000  637.69920  9.01%  1856 1195s
  3523  2723  624.85293   71 1394  585.00000  637.69920  9.01%  1860 1200s
  3536  2736  627.22515   78 1410  585.00000  637.69920  9.01%  1865 1205s
  3549  2749  619.80474   84 1372  585.00000  637.69920  9.01%  1870 1210s
  3563  2763  623.00220   91 1384  585.00000  637.69920  9.01%  1874 1215s
  3578  2778  623.87975   99 1386  585.00000  637.69920  9.01%  1878 1220s
  3595  2795  619.47235  107 1358  585.00000  637.69920  9.01%  1881 1225s
  3614  2814  619.24067  117 1363  585.00000  637.69920  9.01%  1882 1230s
  3635  2835  614.28135  127 1328  585.00000  637.69920  9.01%  1882 1235s
  3663  2863  609.04754  141 1303  585.00000  637.69920  9.01%  1882 1240s
  3695  2895  605.55034  157 1247  585.00000  637.69920  9.01%  1880 1245s
  3751  2951  602.52165  185 1246  585.00000  637.69920  9.01%  1870 1250s
  3796  2996  596.27696  208 1221  585.00000  637.69920  9.01%  1859 1255s
  3891  3054  628.75109   23 1416  585.00000  637.69747  9.01%  1830 1261s
  3895  3058  627.14978   25 1414  585.00000  637.69747  9.01%  1833 1266s
  3899  3062  631.55256   27 1436  585.00000  637.69747  9.01%  1836 1270s
  3905  3068  625.56525   30 1404  585.00000  637.69747  9.01%  1840 1275s
  3911  3074  630.29201   33 1424  585.00000  637.69747  9.01%  1844 1280s
  3920  3083  634.10326   38 1455  585.00000  637.69747  9.01%  1848 1285s
  3927  3090  626.91149   41 1415  585.00000  637.69747  9.01%  1854 1290s
  3935  3098  629.30480   45 1414  585.00000  637.69747  9.01%  1858 1297s
  3939  3102  627.32795   47 1415  585.00000  637.69747  9.01%  1860 1300s
  3947  3110  626.54103   51 1404  585.00000  637.69747  9.01%  1864 1305s
  3951  3114  627.55143   53 1416  585.00000  637.69747  9.01%  1866 1310s
  3961  3124  625.82489   58 1410  585.00000  637.69747  9.01%  1870 1315s
  3973  3136  625.51686   64 1398  585.00000  637.69747  9.01%  1875 1320s
  3985  3148  623.65949   70 1390  585.00000  637.69747  9.01%  1879 1325s
  3995  3158  624.70527   75 1389  585.00000  637.69747  9.01%  1882 1330s
  4007  3170  622.62931   81 1389  585.00000  637.69747  9.01%  1886 1335s
  4008  3171  626.78878   82 1410  585.00000  637.69747  9.01%  1886 1341s
  4011  3174  624.20626   83 1393  585.00000  637.69747  9.01%  1887 1345s
  4027  3190  621.17321   91 1371  585.00000  637.69747  9.01%  1890 1350s
  4041  3204  619.50291   98 1372  585.00000  637.69747  9.01%  1894 1355s
  4061  3224  615.62976  108 1346  585.00000  637.69747  9.01%  1896 1360s
  4074  3237  619.94891  115 1371  585.00000  637.69747  9.01%  1896 1375s
  4093  3256  614.18002  124 1341  585.00000  637.69747  9.01%  1898 1380s
  4119  3282  612.83566  137 1310  585.00000  637.69747  9.01%  1899 1385s
  4153  3316  605.32685  154 1267  585.00000  637.69747  9.01%  1897 1390s
  4193  3356  605.33689  174 1258  585.00000  637.69747  9.01%  1892 1395s
  4277  3440  591.29405  216 1180  585.00000  637.69747  9.01%  1871 1400s
  4360  3490  634.66341   36 1463  585.00000  637.67484  9.00%  1845 1423s
  4367  3497  633.54361   43 1458  585.00000  637.67484  9.00%  1844 1425s
  4400  3530  627.91287   76 1418  585.00000  637.67484  9.00%  1837 1430s
  4422  3552  618.14637   90 1368  585.00000  637.67484  9.00%  1837 1435s
  4449  3579  617.56046  112 1353  585.00000  637.67484  9.00%  1834 1440s
  4474  3604  616.50779  131 1349  585.00000  637.67484  9.00%  1832 1445s
  4523  3653  608.03280  163 1273  585.00000  637.67484  9.00%  1824 1450s
  4587  3717  600.43222  189 1225  585.00000  637.67484  9.00%  1811 1455s
  4674  3804  594.59471  211 1221  585.00000  637.67484  9.00%  1792 1460s
  4818  3937     cutoff  239       585.00000  637.67484  9.00%  1755 1465s
  4852  3959  632.56219   43 1434  585.00000  637.65033  9.00%  1749 1470s
  4890  3997  626.02126   81 1398  585.00000  637.65033  9.00%  1742 1475s
  4928  4035  619.94813  114 1357  585.00000  637.65033  9.00%  1737 1480s
  4963  4070  611.80529  136 1303  585.00000  637.65033  9.00%  1734 1485s
  5010  4117  604.83304  162 1251  585.00000  637.65033  9.00%  1727 1490s
  5087  4194  599.41087  185 1210  585.00000  637.65033  9.00%  1711 1495s
  5195  4302  592.23973  208 1133  585.00000  637.65033  9.00%  1688 1500s
  5324  4414  633.05138   22 1439  585.00000  637.58880  8.99%  1656 1505s
  5361  4451  625.79194   59 1405  585.00000  637.58880  8.99%  1650 1510s
  5401  4491  618.06006   94 1337  585.00000  637.58880  8.99%  1645 1515s
  5432  4522  613.96662  120 1327  585.00000  637.58880  8.99%  1643 1520s
  5497  4587  601.87619  154 1251  585.00000  637.58880  8.99%  1633 1525s
  5596  4686  594.92857  187 1163  585.00000  637.58880  8.99%  1615 1530s
  5750  4818  636.44036   18 1461  585.00000  637.58803  8.99%  1583 1535s
  5780  4848  631.12721   48 1430  585.00000  637.58803  8.99%  1580 1540s
  5821  4889  621.72055   86 1371  585.00000  637.58803  8.99%  1576 1545s
  5867  4935  613.59692  126 1308  585.00000  637.58803  8.99%  1570 1550s
  5916  4984  608.26648  160 1275  585.00000  637.58803  8.99%  1565 1555s
  5987  5055  599.31668  186 1195  585.00000  637.58803  8.99%  1555 1564s
  5994  5062  597.80972  188 1181  585.00000  637.58803  8.99%  1555 1565s
  6125  5193  589.35417  213 1120  585.00000  637.58803  8.99%  1532 1570s
  6216  5259  634.28143   33 1455  585.00000  637.56564  8.99%  1515 1575s
  6247  5290  628.32729   64 1419  585.00000  637.56564  8.99%  1513 1580s
  6286  5329  619.46956   99 1370  585.00000  637.56564  8.99%  1510 1585s
  6320  5363  614.52084  125 1342  585.00000  637.56564  8.99%  1508 1590s
  6374  5417  606.40474  163 1296  585.00000  637.56564  8.99%  1504 1595s
  6444  5487  598.44167  193 1247  585.00000  637.56564  8.99%  1497 1600s
  6572  5615  589.19685  220 1198  585.00000  637.56564  8.99%  1478 1605s
  6673  5694  634.38977   33 1444  585.00000  637.56504  8.99%  1462 1610s
  6702  5723  629.34799   62 1407  585.00000  637.56504  8.99%  1460 1615s
  6745  5766  621.40082  102 1370  585.00000  637.56504  8.99%  1457 1620s
  6783  5804  612.56013  129 1300  585.00000  637.56504  8.99%  1456 1625s
  6831  5852  606.54077  162 1258  585.00000  637.56504  8.99%  1453 1630s
  6917  5938  597.23135  197 1200  585.00000  637.56504  8.99%  1445 1635s
  7015  6036  590.44019  218 1148  585.00000  637.56504  8.99%  1432 1640s
  7139  6138  635.51708   31 1450  585.00000  637.34493  8.95%  1414 1645s
  7168  6167  630.12004   60 1424  585.00000  637.34493  8.95%  1412 1650s
  7203  6202  623.89922   93 1384  585.00000  637.34493  8.95%  1410 1655s
  7224  6223  620.17773  108 1367  585.00000  637.34493  8.95%  1411 1660s
  7264  6263  612.16789  136 1320  585.00000  637.34493  8.95%  1410 1665s
  7278  6277  611.38286  149 1300  585.00000  637.34493  8.95%  1409 1672s
  7303  6302  606.25674  162 1283  585.00000  637.34493  8.95%  1408 1675s
  7396  6395  597.47715  199 1219  585.00000  637.34493  8.95%  1400 1680s
  7530  6529  590.12638  222 1133  585.00000  637.34493  8.95%  1384 1685s
  7638  6601  634.23122   31 1450  585.00000  637.26824  8.93%  1370 1690s
  7672  6635  628.10815   65 1416  585.00000  637.26824  8.93%  1368 1695s
  7722  6685  618.75277  113 1358  585.00000  637.26824  8.93%  1365 1700s
  7761  6724  610.97297  138 1289  585.00000  637.26824  8.93%  1364 1705s
  7823  6786  603.31099  174 1264  585.00000  637.26824  8.93%  1361 1710s
  7924  6887  594.34409  206 1193  585.00000  637.26824  8.93%  1352 1715s
  8074  7008  635.74480   14 1461  585.00000  637.17754  8.92%  1333 1720s
  8086  7020  608.29136   26 1320  585.00000  637.17754  8.92%  1335 1725s
  8137  7051  628.60666   22 1429  585.00000  637.07583  8.90%  1332 1730s
  8177  7091  620.83446   62 1380  585.00000  637.07583  8.90%  1329 1735s
  8253  7167  604.34189  138 1283  585.00000  637.07583  8.90%  1322 1740s
  8338  7233  620.81289   19 1383  585.00000  637.05686  8.90%  1314 1745s
  8346  7241  621.90753   23 1388  585.00000  637.05686  8.90%  1317 1750s
  8356  7251  620.95204   28 1386  585.00000  637.05686  8.90%  1319 1755s
  8366  7261  608.65678   33 1331  585.00000  637.05686  8.90%  1322 1760s
  8378  7273  620.65015   39 1373  585.00000  637.05686  8.90%  1324 1765s
  8380  7275  618.82762   40 1373  585.00000  637.05686  8.90%  1324 1770s
  8394  7289  617.42795   47 1360  585.00000  637.05686  8.90%  1327 1775s
  8406  7301  617.12574   53 1364  585.00000  637.05686  8.90%  1329 1780s
  8420  7315  615.80930   60 1351  585.00000  637.05686  8.90%  1331 1785s
  8436  7331  615.10922   68 1345  585.00000  637.05686  8.90%  1333 1790s
  8456  7351  613.04252   78 1327  585.00000  637.05686  8.90%  1336 1795s
  8480  7375  606.44682   90 1298  585.00000  637.05686  8.90%  1338 1800s
  8509  7404  610.39426  105 1309  585.00000  637.05686  8.90%  1340 1805s
  8549  7444  606.41061  125 1277  585.00000  637.05686  8.90%  1341 1810s
  8622  7517  595.83052  161 1211  585.00000  637.05686  8.90%  1339 1815s
  8718  7581  627.07520   20 1413  585.00000  636.97065  8.88%  1330 1820s
  8776  7639  616.87008   78 1354  585.00000  636.97065  8.88%  1325 1825s
  8898  7749  628.38345   23 1422  585.00000  636.96986  8.88%  1314 1831s
  8932  7783  618.42945   57 1363  585.00000  636.96986  8.88%  1312 1835s
H 8946  7628                     586.0000000  636.96986  8.70%  1311 1844s
  8958  7642  613.76573   83 1336  586.00000  636.96986  8.70%  1310 1845s
  9045  7729  589.01357  170 1116  586.00000  636.96986  8.70%  1301 1850s
  9082  7754  623.34921   47 1402  586.00000  636.95241  8.69%  1300 1855s
  9144  7816  612.49985  106 1317  586.00000  636.95241  8.69%  1296 1860s
  9235  7907  596.10817  165 1225  586.00000  636.95241  8.69%  1290 1865s
  9329  7985  622.84712   18 1393  586.00000  636.90874  8.69%  1284 1870s
  9381  8037  602.86555   70 1288  586.00000  636.90874  8.69%  1281 1875s
  9427  8073  623.94664   36 1397  586.00000  636.86967  8.68%  1278 1880s
  9500  8146  609.43659  109 1292  586.00000  636.86967  8.68%  1274 1885s
  9605  8230  627.82795   22 1416  586.00000  636.86778  8.68%  1264 1890s
  9636  8259  598.79105   52 1246  586.00000  636.86778  8.68%  1264 1895s
  9678  8293  617.70220   22 1374  586.00000  636.86595  8.68%  1263 1900s
  9694  8305  595.10649   27 1273  586.00000  636.86595  8.68%  1265 1905s
  9727  8328  629.46024   39 1423  586.00000  636.85668  8.68%  1265 1910s
  9754  8355  616.40444   66 1352  586.00000  636.85668  8.68%  1265 1915s
  9831  8420  635.40854   23 1453  586.00000  636.84178  8.68%  1260 1920s
  9858  8447  630.20948   50 1424  586.00000  636.84178  8.68%  1260 1925s
  9906  8495  621.58281   98 1373  586.00000  636.84178  8.68%  1258 1930s
 10004  8593  590.02675  196 1111  586.00000  636.84178  8.68%  1251 1935s
 10047  8614  618.68682   42 1370  586.00000  636.76438  8.66%  1249 1940s
 10094  8653  627.97061   24 1414  586.00000  636.72685  8.66%  1247 1945s
 10142  8701  618.12522   72 1364  586.00000  636.72685  8.66%  1245 1950s
 10203  8761  614.77738  126 1487  586.00000  636.72685  8.66%  1241 2685s
 10206  8763  611.39882  152 1483  586.00000  636.72685  8.66%  1240 2694s
 10207  8764  603.41256  143 1489  586.00000  635.92315  8.52%  1240 2697s
 10213  8768  613.54480  149 1490  586.00000  634.36952  8.25%  1240 2700s
 10215  8769  615.66239  132 1490  586.00000  634.36299  8.25%  1239 2716s
 10216  8770  587.27451  227 1487  586.00000  634.29178  8.24%  1239 2729s
 10218  8771  618.89289  110 1488  586.00000  634.27438  8.24%  1239 2741s
 10219  8772  615.69112  123 1489  586.00000  634.00809  8.19%  1239 2756s
 10223  8774  620.16515  104 1488  586.00000  633.90271  8.17%  1238 2772s
 10224  8775  619.35855   86 1489  586.00000  633.54036  8.11%  1238 2786s
 10228  8778  588.37005  202 1493  586.00000  633.41507  8.09%  1238 2803s
 10229  8778  619.36523  112 1487  586.00000  633.30454  8.07%  1238 2818s
 10231  8780  603.83461  184 1491  586.00000  633.28179  8.07%  1237 2835s
 10232  8780  631.84957   29 1489  586.00000  633.20231  8.06%  1237 2850s
 10235  8782  620.28858   91 1494  586.00000  633.14610  8.05%  1237 2868s
 10236  8783  591.32644  178 1488  586.00000  632.95764  8.01%  1237 2884s
 10239  8785  605.92161  164 1490  586.00000  632.91540  8.01%  1236 2902s
 10240  8786  587.27035  225 1486  586.00000  632.78241  7.98%  1236 2920s
 10243  8788  611.42898  143 1489  586.00000  632.75366  7.98%  1236 2935s
 10244  8788  626.90407   30 1486  586.00000  632.71094  7.97%  1236 2951s
 10246  8790  600.73180  140 1489  586.00000  632.70254  7.97%  1236 2968s
 10247  8790  608.13577  168 1488  586.00000  632.67255  7.96%  1235 2983s
 10249  8792  617.12147   54 1486  586.00000  632.66520  7.96%  1235 2999s
 10250  8792  615.88593  124 1488  586.00000  632.53442  7.94%  1235 3015s
 10253  8794  594.92371  136 1489  586.00000  632.48379  7.93%  1235 3032s
 10254  8795  608.18623  158 1487  586.00000  632.38892  7.92%  1235 3046s
 10257  8797  596.22987   66 1489  586.00000  632.28017  7.90%  1234 3063s
 10258  8798  612.34108  142 1487  586.00000  632.11878  7.87%  1234 3079s
 10262  8800  615.98293  111 1492  586.00000  632.05416  7.86%  1234 3095s
 10263  8801  587.48810  196 1489  586.00000  632.00920  7.85%  1234 3111s
 10265  8802  597.85033  206 1491  586.00000  631.99181  7.85%  1233 3129s
 10266  8803  596.87347  200 1490  586.00000  631.96734  7.84%  1233 3147s
 10267  8804  618.86564   82 1491  586.00000  631.96366  7.84%  1233 3164s
 10268  8804  610.92205  153 1490  586.00000  631.95703  7.84%  1233 3180s
 10270  8806  628.41554   67 1492  586.00000  631.95015  7.84%  1233 3196s
 10271  8806  607.72083  126 1490  586.00000  631.89413  7.83%  1233 3210s
 10275  8809  598.95361  186 1491  586.00000  631.83696  7.82%  1232 3227s
 10276  8810  611.41726  158 1488  586.00000  631.76738  7.81%  1232 3243s
 10278  8811  618.09217   47 1492  586.00000  631.74977  7.81%  1232 3260s
 10279  8812  631.71550   20 1490  586.00000  631.71550  7.80%  1232 3275s
 10281  8813  619.65087   94 1490  586.00000  631.70235  7.80%  1231 3292s
 10282  8814  587.47059  234 1487  586.00000  631.65002  7.79%  1231 3306s
 10284  8815  601.79929  156 1490  586.00000  631.63848  7.79%  1231 3321s
 10285  8816  611.20141  132 1488  586.00000  631.62512  7.79%  1231 3338s
 10287  8817  603.52387  146 1490  586.00000  631.61656  7.78%  1231 3354s
 10288  8818  604.82672  166 1489  586.00000  631.60871  7.78%  1231 3371s
 10289  8818  623.73113   81 1493  586.00000  631.60656  7.78%  1230 3388s
 10290  8819  620.93942   89 1492  586.00000  631.60484  7.78%  1230 3407s
 10291  8820  619.18115  114 1490  586.00000  631.60459  7.78%  1230 3425s
 10292  8820  614.13375  116 1489  586.00000  631.60051  7.78%  1230 3441s
 10293  8821  597.29481  163 1490  586.00000  631.59984  7.78%  1230 3458s
 10294  8822  600.08000  189 1489  586.00000  631.59945  7.78%  1230 3475s
 10295  8822  616.03064   88 1490  586.00000  631.59908  7.78%  1230 3492s
 10296  8823  595.68190  206 1488  586.00000  631.59907  7.78%  1230 3508s
 10297  8824  615.59088  115 1491  586.00000  631.59906  7.78%  1229 3526s
 10298  8824  604.01179  169 1489  586.00000  631.59906  7.78%  1229 3544s
 10299  8825  593.11607  164 1490  586.00000  631.59905  7.78%  1229 3563s
 10300  8826  613.29042  128 1487  586.00000  631.59905  7.78%  1229 3581s
 10301  8826  618.19992   66 1491  586.00000  631.59905  7.78%  1229 3598s

Cutting planes:
  Gomory: 4
  Flow cover: 49
  Zero half: 633
  RLT: 171
  BQP: 36

Explored 10301 nodes (12890039 simplex iterations) in 3600.05 seconds (4382.44 work units)
Thread count was 1 (of 24 available processors)

Solution count 10: 586 585 584 ... 572

Time limit reached
Best objective 5.860000000000e+02, best bound 6.310000000000e+02, gap 7.6792%

User-callback calls 171857, time in user-callback 1.12 sec
