
Gurobi 11.0.3 (linux64) logging started Thu Mar  5 19:04:10 2026

Set parameter LogFile to value "./log/train/IS_1500_6/IS_59.lp.log"
Set parameter TimeLimit to value 3600
Gurobi Optimizer version 11.0.3 build v11.0.3rc0 (linux64 - "Ubuntu 22.04.5 LTS")

CPU model: AMD Ryzen 9 9900X 12-Core Processor, instruction set [SSE2|AVX|AVX2|AVX512]
Thread count: 12 physical cores, 24 logical processors, using up to 2 threads

Optimize a model with 9209 rows, 1500 columns and 18130 nonzeros
Model fingerprint: 0x6e124136
Variable types: 0 continuous, 1500 integer (1500 binary)
Coefficient statistics:
  Matrix range     [1e+00, 1e+00]
  Objective range  [1e+00, 1e+00]
  Bounds range     [1e+00, 1e+00]
  RHS range        [1e+00, 1e+00]
Found heuristic solution: objective 329.0000000
Presolve removed 1807 rows and 0 columns
Presolve time: 0.02s
Presolved: 7402 rows, 1500 columns, 16252 nonzeros
Variable types: 0 continuous, 1500 integer (1500 binary)

Root relaxation: objective 6.855000e+02, 3589 iterations, 0.12 seconds (0.21 work units)

    Nodes    |    Current Node    |     Objective Bounds      |     Work
 Expl Unexpl |  Obj  Depth IntInf | Incumbent    BestBd   Gap | It/Node Time

     0     0  685.50000    0 1329  329.00000  685.50000   108%     -    0s
H    0     0                     526.0000000  685.50000  30.3%     -    0s
     0     0  669.89998    0 1475  526.00000  669.89998  27.4%     -    0s
H    0     0                     558.0000000  669.89998  20.1%     -    0s
H    0     0                     565.0000000  669.89998  18.6%     -    0s
     0     0  660.86470    0 1472  565.00000  660.86470  17.0%     -    1s
     0     0  660.17983    0 1472  565.00000  660.17983  16.8%     -    1s
     0     0  660.12217    0 1471  565.00000  660.12217  16.8%     -    1s
     0     0  660.11659    0 1474  565.00000  660.11659  16.8%     -    1s
     0     0  660.11517    0 1474  565.00000  660.11517  16.8%     -    1s
     0     0  655.51217    0 1473  565.00000  655.51217  16.0%     -    2s
H    0     0                     567.0000000  655.51217  15.6%     -    2s
     0     0  655.10326    0 1473  567.00000  655.10326  15.5%     -    2s
     0     0  655.01641    0 1475  567.00000  655.01641  15.5%     -    2s
     0     0  655.00638    0 1475  567.00000  655.00638  15.5%     -    2s
     0     0  654.99576    0 1477  567.00000  654.99576  15.5%     -    2s
     0     0  654.99213    0 1476  567.00000  654.99213  15.5%     -    2s
     0     0  652.61955    0 1481  567.00000  652.61955  15.1%     -    3s
     0     0  652.39124    0 1487  567.00000  652.39124  15.1%     -    3s
     0     0  652.34887    0 1486  567.00000  652.34887  15.1%     -    3s
     0     0  652.34165    0 1485  567.00000  652.34165  15.1%     -    3s
     0     0  650.41853    0 1482  567.00000  650.41853  14.7%     -    3s
     0     0  650.16305    0 1482  567.00000  650.16305  14.7%     -    4s
     0     0  650.13547    0 1482  567.00000  650.13547  14.7%     -    4s
     0     0  650.12993    0 1482  567.00000  650.12993  14.7%     -    4s
     0     0  648.93681    0 1481  567.00000  648.93681  14.5%     -    4s
     0     0  648.75980    0 1483  567.00000  648.75980  14.4%     -    4s
     0     0  648.72437    0 1483  567.00000  648.72437  14.4%     -    4s
     0     0  648.72119    0 1484  567.00000  648.72119  14.4%     -    4s
     0     0  647.18916    0 1487  567.00000  647.18916  14.1%     -    5s
     0     0  646.98647    0 1487  567.00000  646.98647  14.1%     -    5s
     0     0  646.94492    0 1487  567.00000  646.94492  14.1%     -    5s
     0     0  646.93153    0 1486  567.00000  646.93153  14.1%     -    5s
     0     0  646.92479    0 1491  567.00000  646.92479  14.1%     -    5s
     0     0  646.10102    0 1487  567.00000  646.10102  14.0%     -    5s
     0     0  645.92845    0 1484  567.00000  645.92845  13.9%     -    6s
     0     0  645.89946    0 1486  567.00000  645.89946  13.9%     -    6s
     0     0  645.89316    0 1486  567.00000  645.89316  13.9%     -    6s
     0     0  644.94083    0 1482  567.00000  644.94083  13.7%     -    6s
     0     0  644.78631    0 1486  567.00000  644.78631  13.7%     -    6s
     0     0  644.77516    0 1485  567.00000  644.77516  13.7%     -    6s
     0     0  644.18616    0 1482  567.00000  644.18616  13.6%     -    7s
     0     0  644.12845    0 1484  567.00000  644.12845  13.6%     -    7s
     0     0  644.12175    0 1484  567.00000  644.12175  13.6%     -    7s
     0     0  643.50499    0 1484  567.00000  643.50499  13.5%     -    7s
     0     0  643.45872    0 1487  567.00000  643.45872  13.5%     -    7s
     0     0  643.44594    0 1488  567.00000  643.44594  13.5%     -    7s
     0     0  643.04219    0 1487  567.00000  643.04219  13.4%     -    8s
     0     0  642.96458    0 1487  567.00000  642.96458  13.4%     -    8s
     0     0  642.95132    0 1487  567.00000  642.95132  13.4%     -    8s
     0     0  642.66118    0 1488  567.00000  642.66118  13.3%     -    8s
     0     0  642.60838    0 1491  567.00000  642.60838  13.3%     -    8s
     0     0  642.59074    0 1489  567.00000  642.59074  13.3%     -    8s
     0     0  642.15468    0 1487  567.00000  642.15468  13.3%     -    9s
H    0     0                     570.0000000  642.15468  12.7%     -    9s
     0     0  642.10629    0 1491  570.00000  642.10629  12.7%     -    9s
     0     0  642.09850    0 1490  570.00000  642.09850  12.6%     -    9s
     0     0  641.62924    0 1489  570.00000  641.62924  12.6%     -    9s
     0     0  641.57134    0 1489  570.00000  641.57134  12.6%     -    9s
     0     0  641.56148    0 1492  570.00000  641.56148  12.6%     -    9s
     0     0  641.26209    0 1490  570.00000  641.26209  12.5%     -   10s
     0     0  641.21679    0 1487  570.00000  641.21679  12.5%     -   10s
     0     0  641.21020    0 1489  570.00000  641.21020  12.5%     -   10s
     0     0  640.69175    0 1487  570.00000  640.69175  12.4%     -   10s
     0     0  640.62742    0 1490  570.00000  640.62742  12.4%     -   10s
     0     0  640.62179    0 1490  570.00000  640.62179  12.4%     -   10s
     0     0  640.17248    0 1490  570.00000  640.17248  12.3%     -   11s
     0     0  640.07709    0 1491  570.00000  640.07709  12.3%     -   11s
     0     0  640.06135    0 1491  570.00000  640.06135  12.3%     -   11s
     0     0  639.94376    0 1490  570.00000  639.94376  12.3%     -   11s
     0     0  639.91957    0 1494  570.00000  639.91957  12.3%     -   11s
     0     0  639.91513    0 1493  570.00000  639.91513  12.3%     -   11s
     0     0  639.79837    0 1493  570.00000  639.79837  12.2%     -   12s
     0     0  639.79837    0 1492  570.00000  639.79837  12.2%     -   12s
H    0     0                     576.0000000  639.79837  11.1%     -   13s
     0     2  639.79837    0 1492  576.00000  639.79837  11.1%     -   13s
     5     8  634.21705    2 1447  576.00000  639.47478  11.0%  4381   15s
     9    12  628.53435    3 1432  576.00000  639.44768  11.0%  3816   24s
    15    19  619.77814    5 1391  576.00000  639.44768  11.0%  3127   25s
    50    55  617.85638   17 1376  576.00000  639.44768  11.0%  1911   30s
H   54    65                     577.0000000  639.44768  10.8%  1962   31s
H  116   122                     579.0000000  639.44768  10.4%  1497   34s
   131   125  580.71521   47 1164  579.00000  639.42732  10.4%  1444   36s
H  150   135                     580.0000000  639.27161  10.2%  1561   39s
   157   140  630.72310    8 1422  580.00000  639.27161  10.2%  1572   40s
H  183   160                     581.0000000  639.27161  10.0%  1708   44s
   186   167  616.89704   18 1349  581.00000  639.27161  10.0%  1725   45s
H  210   187                     582.0000000  639.27161  9.84%  1731   47s
   244   208     cutoff   46       582.00000  639.26589  9.84%  1565   50s
H  245   206                     583.0000000  639.26589  9.65%  1558   50s
H  276   245                     584.0000000  639.26589  9.46%  1584   53s
   297   259  611.07842   16 1321  584.00000  639.26589  9.46%  1551   55s
   357   291  629.38276    7 1435  584.00000  639.02012  9.42%  1493   60s
   393   338  615.79248   18 1354  584.00000  639.02012  9.42%  1525   65s
H  400   330                     585.0000000  639.02012  9.23%  1528   65s
   443   357  588.08908   34 1225  585.00000  638.81977  9.20%  1484   70s
H  493   388                     586.0000000  638.66224  8.99%  1489   76s
   538   454  592.56243   31 1263  586.00000  638.66224  8.99%  1492   80s
   653   466  632.89048   13 1435  586.00000  638.26629  8.92%  1347   85s
   701   536  605.95311   27 1316  586.00000  638.26629  8.92%  1407   93s
   750   549  591.54329   34 1237  586.00000  638.16939  8.90%  1394   96s
   805   594  624.70894   21 1397  586.00000  638.16590  8.90%  1397  101s
   899   627  623.93439   12 1492  586.00000  638.16590  8.90%  1352  115s
   902   629  610.55840   25 1490  586.00000  638.16590  8.90%  1348  121s
   908   633  610.32233   20 1492  586.00000  638.16590  8.90%  1339  128s
   909   634  630.53769   10 1490  586.00000  638.16590  8.90%  1338  132s
   911   635  601.60974   40 1490  586.00000  638.16590  8.90%  1335  137s
   912   636  606.30246   27 1488  586.00000  638.16590  8.90%  1333  140s
   913   636  611.74411   23 1490  586.00000  638.16590  8.90%  1332  145s
   914   637  590.49881   56 1489  586.00000  638.16590  8.90%  1330  150s
   916   638  621.16608   15 1491  586.00000  638.16590  8.90%  1327  159s
   917   639  594.16915   29 1490  586.00000  638.16590  8.90%  1326  165s
   918   640  603.39075   18 1488  586.00000  638.16590  8.90%  1324  170s
   919   640  601.89138   25 1488  586.00000  638.16590  8.90%  1323  176s
   920   641  588.28268   40 1488  586.00000  638.16590  8.90%  1322  185s
   937   655  637.88453   19 1479  586.00000  638.16590  8.90%  1394  190s
   953   667  636.98143   23 1480  586.00000  638.16590  8.90%  1417  195s
   980   686  633.92276   30 1458  586.00000  638.16590  8.90%  1444  200s
  1007   705  631.37200   36 1442  586.00000  638.16590  8.90%  1468  205s
  1028   721  631.31306   41 1440  586.00000  638.16590  8.90%  1488  210s
  1067   745  629.04817   51 1438  586.00000  638.16590  8.90%  1508  216s
  1086   765  627.52106   55 1427  586.00000  638.16590  8.90%  1531  220s
  1117   783  625.53235   62 1423  586.00000  638.16590  8.90%  1547  226s
  1138   798  620.13264   66 1393  586.00000  638.16590  8.90%  1569  230s
  1173   823  621.74783   74 1401  586.00000  638.16590  8.90%  1600  237s
  1197   840  621.51786   80 1397  586.00000  638.16590  8.90%  1618  242s
  1223   858  620.85436   86 1394  586.00000  638.16590  8.90%  1641  247s
  1252   878  612.61959   92 1358  586.00000  638.16590  8.90%  1668  252s
  1267   891  618.75973   96 1384  586.00000  638.16590  8.90%  1680  256s
  1303   917  617.19425  104 1373  586.00000  638.16590  8.90%  1709  262s
  1323   933  616.35944  109 1368  586.00000  638.16590  8.90%  1725  266s
  1345   949  615.58257  114 1363  586.00000  638.16590  8.90%  1740  270s
  1398   988  607.14076  125 1307  586.00000  638.16590  8.90%  1765  278s
  1425  1014  613.38491  131 1342  586.00000  638.16590  8.90%  1776  282s
  1460  1045  612.76515  138 1330  586.00000  638.16590  8.90%  1783  286s
  1503  1083  611.49501  147 1321  586.00000  638.16590  8.90%  1784  290s
  1636  1191  609.09957  167 1296  586.00000  638.16590  8.90%  1743  298s
  1730  1201  606.16958  181 1273  586.00000  638.16590  8.90%  1695  302s
  1771  1252  600.71755  198 1243  586.00000  638.16590  8.90%  1695  306s
  1838  1275  593.93903  229 1206  586.00000  638.16590  8.90%  1677  311s
  1899  1269  637.59212   20 1475  586.00000  638.16590  8.90%  1658  316s
  1913  1279  637.14623   23 1470  586.00000  638.16590  8.90%  1676  322s
  1928  1288  631.21083   26 1429  586.00000  638.16590  8.90%  1697  327s
  1942  1300  631.74674   29 1440  586.00000  638.16590  8.90%  1714  333s
  1959  1313  635.36775   33 1457  586.00000  638.16590  8.90%  1730  339s
  1977  1325  634.66157   37 1454  586.00000  638.16590  8.90%  1749  345s
  1995  1336  634.00213   41 1448  586.00000  638.16590  8.90%  1768  351s
  2012  1351  627.67672   44 1411  586.00000  638.16590  8.90%  1785  358s
  2033  1370  633.30075   49 1439  586.00000  638.16590  8.90%  1804  365s
  2059  1389  631.95870   55 1436  586.00000  638.16590  8.90%  1824  371s
H 2084  1339                     587.0000000  638.16590  8.72%  1838  371s
  2087  1370  631.01020   61 1427  587.00000  638.16590  8.72%  1841  378s
  2119  1397  630.11071   68 1421  587.00000  638.16590  8.72%  1859  385s
  2157  1429  629.21976   75 1403  587.00000  638.16590  8.72%  1875  392s
  2201  1470  627.71843   83 1390  587.00000  638.16590  8.72%  1890  399s
  2257  1531  625.80197   93 1383  587.00000  638.16590  8.72%  1898  407s
H 2281  1477                     588.0000000  638.16590  8.53%  1904  407s
  2337  1575  623.53368  105 1364  588.00000  638.16590  8.53%  1889  414s
  2453  1623  621.96329  118 1350  588.00000  638.16590  8.53%  1859  422s
  2568  1611  619.76598  131 1337  588.00000  638.16590  8.53%  1818  431s
  2594  1640  618.47757  139 1324  588.00000  638.16590  8.53%  1828  439s
  2632  1641  615.22638  152 1303  588.00000  638.16590  8.53%  1836  447s
  2646  1681  613.53277  155 1286  588.00000  638.16590  8.53%  1840  457s
  2690  1709  610.90953  171 1272  588.00000  638.16590  8.53%  1845  467s
  2720  1865  607.57795  181 1266  588.00000  637.88391  8.48%  1846  476s
  2890  1871  637.47808   19 1473  588.00000  637.88391  8.48%  1789  486s
H 2891  1844                     589.0000000  637.88391  8.30%  1789  486s
  2896  1878  637.25489   20 1471  589.00000  637.88391  8.30%  1793  497s
  2930  1912  636.30504   27 1461  589.00000  637.88391  8.30%  1815  508s
  2964  1950  635.24429   34 1455  589.00000  637.88391  8.30%  1837  519s
  3002  1976  633.79742   42 1444  589.00000  637.88391  8.30%  1855  538s
  3028  2039  628.42232   48 1397  589.00000  637.88391  8.30%  1867  549s
  3091  2128  626.87503   59 1404  589.00000  637.88391  8.30%  1884  561s
  3180  2337  628.65729   72 1413  589.00000  637.88391  8.30%  1893  573s
  3412  2393  626.47501   88 1386  589.00000  637.88391  8.30%  1842  585s
  3468  2467  622.53759  108 1363  589.00000  637.88391  8.30%  1863  599s
  3542  2629  618.85729  136 1333  589.00000  637.88391  8.30%  1880  613s
  3704  2732  600.16189  206 1188  589.00000  637.60468  8.25%  1865  628s
  3827  2779  633.33765   29 1446  589.00000  637.60468  8.25%  1857  644s
  3874  2844  631.51932   40 1434  589.00000  637.60468  8.25%  1878  659s
  3939  2871  628.84325   54 1419  589.00000  637.60468  8.25%  1902  676s
  3966  2952  626.89541   67 1404  589.00000  637.60468  8.25%  1908  694s
  4047  3106  624.43793   86 1381  589.00000  637.60468  8.25%  1924  710s
  4201  3276  618.88889  117 1346  589.00000  637.60468  8.25%  1927  729s
  4390  3592  613.35451  117 1326  589.00000  637.60468  8.25%  1880  747s
  4706  4082  604.88133  180 1231  589.00000  637.42865  8.22%  1828  766s
  5248  4645  618.80223  127 1330  589.00000  637.40306  8.22%  1694  783s
  5839  5037  634.87414   29 1459  589.00000  637.40306  8.22%  1589  800s
  6261  5604  612.80152  156 1279  589.00000  637.27190  8.20%  1529  817s
  6855  5974  632.58356   43 1434  589.00000  637.27190  8.20%  1454  831s
  7243  6618  610.85679  160 1288  589.00000  637.05707  8.16%  1411  851s
  7906  6745  624.80583   91 1392  589.00000  637.05707  8.16%  1345  857s
  8052  6967  613.58783  143 1300  589.00000  637.05707  8.16%  1334  865s
  8284  7233  597.33041  212 1189  589.00000  636.97720  8.15%  1316  873s
  8598  7254  629.02002   23 1427  589.00000  636.97643  8.15%  1285  879s
  8619  7278  627.71476   29 1420  589.00000  636.97643  8.15%  1292  887s
  8643  7305  626.33956   36 1411  589.00000  636.97643  8.15%  1299  894s
  8670  7336  624.94385   44 1398  589.00000  636.97643  8.15%  1305  911s
  8701  7372  623.00673   54 1395  589.00000  636.97643  8.15%  1312  919s
  8737  7418  621.19618   65 1380  589.00000  636.97643  8.15%  1319  927s
  8783  7472  618.02362   80 1355  589.00000  636.97643  8.15%  1326  937s
  8837  7554  614.54279   98 1339  589.00000  636.97643  8.15%  1334  946s
  8919  7713  608.26392  129 1286  589.00000  636.93882  8.14%  1341  955s
  9106  7821  635.58199   18 1455  589.00000  636.93882  8.14%  1336  965s
  9214  7986  615.67375   92 1320  589.00000  636.93876  8.14%  1337  973s
  9400  8163  630.79513   58 1425  589.00000  636.93876  8.14%  1327  982s
  9577  8524  612.91051  156 1309  589.00000  636.90194  8.13%  1323  993s
 10015  8546  628.02164   23 1423  589.00000  636.87687  8.13%  1294 1002s
 10045  8657  619.66964   29 1380  589.00000  636.81295  8.12%  1295 1011s
 10176  8707  620.85404   23 1390  589.00000  636.70434  8.10%  1291 1020s
 10286  8980  630.11001   23 1432  589.00000  636.66493  8.09%  1291 1030s
 10611  9261  628.66618   23 1433  589.00000  636.64013  8.09%  1266 1037s
 10892  9422  609.94297  130 1302  589.00000  636.59683  8.08%  1247 1050s
 11114  9719  624.03653   50 1399  589.00000  636.57556  8.08%  1232 1058s
 11445  9974  630.07630   24 1430  589.00000  636.56211  8.08%  1211 1066s
 11716 10178  612.12045  125 1291  589.00000  636.51473  8.07%  1195 1074s
 11940 10275  609.13155   44 1304  589.00000  636.50580  8.07%  1184 1087s
 12059 10310  629.14046   25 1419  589.00000  636.44385  8.05%  1180 1095s
 12094 10350  627.34458   34 1406  589.00000  636.44385  8.05%  1186 1104s
 12134 10395  625.27817   44 1396  589.00000  636.44385  8.05%  1193 1112s
 12179 10447  623.15036   56 1380  589.00000  636.44385  8.05%  1199 1120s
 12231 10506  621.15281   69 1368  589.00000  636.44385  8.05%  1205 1128s
 12290 10594  618.73889   84 1346  589.00000  636.44385  8.05%  1212 1137s
 12378 10745  614.48020  107 1315  589.00000  636.44385  8.05%  1218 1145s
 12529 10984  604.03633  149 1253  589.00000  636.44335  8.05%  1221 1154s
 12813 11249  624.30574   49 1401  589.00000  636.37858  8.04%  1212 1162s
 13092 11445  630.21758   25 1441  589.00000  636.37858  8.04%  1198 1169s
 13302 11621  606.65065  115 1287  589.00000  636.34918  8.04%  1189 1176s
 13502 11944  618.64346   78 1344  589.00000  636.31255  8.03%  1182 1185s
 13875 12235  628.36827   23 1423  589.00000  636.31255  8.03%  1165 1193s
 14186 12395  610.12672  125 1290  589.00000  636.28938  8.03%  1152 1201s
 14369 12659  625.23949   54 1398  589.00000  636.25038  8.02%  1145 1207s
 14649 12660  611.38062  165 1492  589.00000  636.25038  8.02%  1134 1605s
 14652 12662  621.31575  102 1491  589.00000  636.25038  8.02%  1134 1615s
 14660 12667  621.05076   27 1492  589.00000  633.84157  7.61%  1133 1630s
 14661 12668  627.91268   38 1489  589.00000  633.76503  7.60%  1133 1641s
 14663 12669  603.84638  193 1492  589.00000  633.73225  7.59%  1133 1653s
 14664 12670  620.99960   40 1488  589.00000  633.14736  7.50%  1133 1663s
 14667 12672  613.70147   97 1495  589.00000  632.96179  7.46%  1133 1673s
 14668 12673  632.21819   41 1490  589.00000  632.71004  7.42%  1132 1682s
 14671 12675  593.43910  228 1488  589.00000  632.60367  7.40%  1132 1691s
 14672 12675  608.01026   80 1492  589.00000  632.39811  7.37%  1132 1700s
 14675 12677  612.76066  157 1494  589.00000  632.34976  7.36%  1132 1710s
 14676 12678  601.56942  162 1491  589.00000  632.19324  7.33%  1132 1718s
 14679 12680  625.67780   41 1491  589.00000  632.13801  7.32%  1132 1728s
 14680 12681  607.47059  147 1489  589.00000  632.06001  7.31%  1132 1737s
 14682 12682  609.96134  132 1489  589.00000  632.02202  7.30%  1131 1747s
 14683 12683  592.60634  226 1493  589.00000  631.96776  7.30%  1131 1758s
 14685 12684  608.07151  169 1493  589.00000  631.94954  7.29%  1131 1770s
 14686 12685  596.61767  217 1494  589.00000  631.83267  7.27%  1131 1780s
 14688 12686  592.43015  229 1495  589.00000  631.79898  7.27%  1131 1790s
 14689 12687  631.63711   27 1491  589.00000  631.63711  7.24%  1131 1801s
 14691 12688  610.97613  136 1494  589.00000  631.60441  7.23%  1131 1813s
 14692 12689  609.07548  162 1491  589.00000  631.54992  7.22%  1131 1823s
 14694 12690  591.07229  235 1493  589.00000  631.52532  7.22%  1130 1835s
 14695 12691  622.00047   71 1493  589.00000  631.50587  7.22%  1130 1846s
 14697 12692  617.84896  118 1493  589.00000  631.49442  7.21%  1130 1857s
 14698 12693  598.09260  210 1494  589.00000  631.46050  7.21%  1130 1868s
 14700 12694  592.10287  236 1494  589.00000  631.43013  7.20%  1130 1879s
 14701 12695  613.13443  106 1494  589.00000  631.38988  7.20%  1130 1887s
 14703 12696  620.42985  103 1495  589.00000  631.37677  7.19%  1130 1897s
 14704 12697  611.28900  107 1492  589.00000  631.31007  7.18%  1130 1907s
 14706 12698  616.85638  135 1495  589.00000  631.27787  7.18%  1130 1917s
 14707 12699  610.46859  137 1495  589.00000  631.27591  7.18%  1129 1928s
 14708 12699  590.92798  229 1495  589.00000  631.27454  7.18%  1129 1938s
 14709 12700  630.38253   32 1496  589.00000  631.24635  7.17%  1129 1948s
 14710 12701  613.79318  123 1495  589.00000  631.24098  7.17%  1129 1958s
 14711 12701  593.58824  220 1494  589.00000  631.24053  7.17%  1129 1968s
 14712 12702  625.65048   44 1495  589.00000  631.24038  7.17%  1129 1978s
 14713 12703  606.17608  180 1494  589.00000  631.24038  7.17%  1129 1989s
 14714 12703  602.86812  145 1495  589.00000  631.24038  7.17%  1129 1999s
 14715 12704  594.27765  195 1495  589.00000  631.23261  7.17%  1129 2020s
 14716 12705  596.41772  221 1494  589.00000  631.22113  7.17%  1129 2030s
 14717 12705  591.38157  228 1494  589.00000  631.22113  7.17%  1129 2041s
 14730 12717  629.38493   32 1472  589.00000  630.63621  7.07%  1135 2045s
 14749 12730  627.85269   37 1470  589.00000  630.63621  7.07%  1138 2050s
 14766 12743  627.26128   42 1469  589.00000  630.63621  7.07%  1140 2055s
 14790 12759  625.12650   48 1456  589.00000  630.63621  7.07%  1142 2060s
 14813 12776  623.07615   53 1444  589.00000  630.63621  7.07%  1144 2065s
 14835 12791  622.01486   59 1448  589.00000  630.63621  7.07%  1147 2070s
 14864 12813  620.09606   66 1442  589.00000  630.63621  7.07%  1150 2075s
 14893 12834  617.55442   72 1429  589.00000  630.63621  7.07%  1152 2080s
 14924 12854  614.67172   79 1413  589.00000  630.63621  7.07%  1154 2085s
 14956 12877  614.35678   87 1416  589.00000  630.63621  7.07%  1158 2091s
 14979 12892  613.61391   92 1413  589.00000  630.63621  7.07%  1161 2096s
 15002 12913  612.29516   98 1402  589.00000  630.63621  7.07%  1165 2101s
 15034 12934  610.76829  105 1398  589.00000  630.63621  7.07%  1169 2107s
 15067 12956  609.37528  113 1392  589.00000  630.63621  7.07%  1173 2113s
 15083 12971  608.81973  117 1384  589.00000  630.63621  7.07%  1176 2116s
 15125 13003  607.22813  127 1374  589.00000  630.63621  7.07%  1181 2123s
 15150 13021  606.43018  133 1365  589.00000  630.63621  7.07%  1184 2126s
 15176 13042  605.49879  139 1355  589.00000  630.63621  7.07%  1187 2130s
 15240 13097  603.44240  153 1332  589.00000  630.63621  7.07%  1193 2137s
 15282 13133  602.19424  162 1328  589.00000  630.63621  7.07%  1195 2141s
 15332 13184  600.87717  172 1315  589.00000  630.63621  7.07%  1198 2145s
 15409 13199  599.09686  183 1296  589.00000  630.63621  7.07%  1198 2150s
 15485 13210  595.44288  200 1255  589.00000  630.13876  6.98%  1198 2156s
 15554 13199  629.57223   32 1477  589.00000  630.13471  6.98%  1198 2160s
 15566 13207  629.10677   35 1473  589.00000  630.13471  6.98%  1201 2165s
 15578 13215  628.79593   38 1470  589.00000  630.13471  6.98%  1203 2170s
 15590 13223  628.23861   41 1466  589.00000  630.13471  6.98%  1206 2175s
 15602 13232  627.72345   44 1465  589.00000  630.13471  6.98%  1208 2180s
 15615 13241  622.09087   47 1436  589.00000  630.13471  6.98%  1211 2185s
 15628 13252  626.87639   51 1458  589.00000  630.13471  6.98%  1214 2191s
 15643 13261  621.58301   54 1414  589.00000  630.13471  6.98%  1218 2199s
 15657 13273  626.14765   58 1450  589.00000  630.13471  6.98%  1221 2205s
 15674 13287  625.47853   62 1441  589.00000  630.13471  6.98%  1224 2222s
 15694 13305  624.86553   67 1438  589.00000  630.13471  6.98%  1228 2228s
 15718 13303  623.73132   73 1432  589.00000  630.13471  6.98%  1231 2238s
 15724 13327  619.13231   74 1396  589.00000  630.13471  6.98%  1232 2244s
 15750 13347  620.24706   81 1403  589.00000  630.13471  6.98%  1236 2251s
 15779 13372  613.26236   89 1374  589.00000  630.13471  6.98%  1240 2259s
 15814 13403  619.98826   98 1402  589.00000  630.13471  6.98%  1244 2267s
 15856 13391  617.97508  109 1383  589.00000  630.13471  6.98%  1248 2280s
 15858 13440  615.14413  109 1373  589.00000  630.13471  6.98%  1249 2288s
 15908 13487  615.42051  122 1363  589.00000  630.13471  6.98%  1253 2297s
 15972 13506  611.54246  139 1337  589.00000  630.13471  6.98%  1257 2308s
 16012 13537  611.17515  139 1329  589.00000  630.13471  6.98%  1259 2317s
 16056 13652  611.21261  140 1336  589.00000  630.13471  6.98%  1260 2328s
 16210 13716  604.46424  168 1294  589.00000  630.13471  6.98%  1259 2338s
 16337 13692     cutoff  226       589.00000  629.97402  6.96%  1260 2349s
 16365 13711  628.32833   37 1461  589.00000  629.97402  6.96%  1264 2360s
 16393 13732  627.07060   44 1454  589.00000  629.97402  6.96%  1269 2371s
 16423 13742  626.41006   51 1447  589.00000  629.97402  6.96%  1275 2383s
 16443 13775  625.58373   56 1442  589.00000  629.97402  6.96%  1279 2396s
 16483 13810  624.08789   66 1428  589.00000  629.97402  6.96%  1285 2407s
 16531 13852  622.08898   77 1415  589.00000  629.97402  6.96%  1291 2421s
 16589 13909  620.59636   90 1403  589.00000  629.97402  6.96%  1298 2435s
 16666 14001  617.43636  108 1378  589.00000  629.97402  6.96%  1305 2448s
 16783 14166  613.67241  133 1343  589.00000  629.97402  6.96%  1310 2466s
 17024 14166  601.30595  179 1248  589.00000  629.73992  6.92%  1309 2485s
 17130 14140  628.35744   38 1470  589.00000  629.73992  6.92%  1309 2503s
 17139 14175  627.80577   41 1467  589.00000  629.73992  6.92%  1311 2519s
 17177 14197  626.69880   50 1455  589.00000  629.73992  6.92%  1318 2536s
 17212 14239  621.61684   57 1417  589.00000  629.73992  6.92%  1323 2556s
 17265 14291  623.74723   70 1429  589.00000  629.73992  6.92%  1332 2573s
 17335 14368  621.22181   86 1415  589.00000  629.73992  6.92%  1340 2592s
 17435 14519  618.21808  107 1385  589.00000  629.73992  6.92%  1348 2613s
 17620 14745  612.00314  141 1332  589.00000  629.73964  6.92%  1353 2636s
 17947 14902  626.30597   37 1456  589.00000  629.38473  6.86%  1346 2655s
 18213 15001  612.73763  124 1344  589.00000  629.38473  6.86%  1339 2678s
 18422 14934  601.85371  175 1273  589.00000  629.38473  6.86%  1333 2711s
 18425 15292  600.63788  173 1253  589.00000  629.12494  6.81%  1333 2734s
 18826 15469  614.92791  104 1374  589.00000  629.11995  6.81%  1321 2760s
 19147 15747  626.00864   50 1450  589.00000  629.11995  6.81%  1312 2788s
 19546 16095  600.03627  176 1260  589.00000  628.81010  6.76%  1303 2814s
 20099 16260  619.96273   38 1422  589.00000  628.72174  6.74%  1288 2833s
 20474 16583  593.50406  182 1192  589.00000  628.70294  6.74%  1279 2852s
 20946 16592  598.63592  174 1231  589.00000  628.70000  6.74%  1267 2870s
 21151 16813  623.74725   59 1434  589.00000  628.58043  6.72%  1261 2891s
 21505 16859  600.49286   42 1325  589.00000  628.49486  6.71%  1254 2909s
 21743 17137  613.10434   41 1400  589.00000  628.33236  6.68%  1253 2926s
 22139 17576  612.37238  107 1357  589.00000  628.15569  6.65%  1243 2951s
 22770 17517  620.55782   67 1412  589.00000  628.12459  6.64%  1227 2959s
 22921 17628  603.05714  164 1284  589.00000  628.12242  6.64%  1224 2967s
 23132 17589  614.25841   42 1381  589.00000  628.07961  6.63%  1218 2975s
 23186 17659  626.28461   45 1459  589.00000  628.07961  6.63%  1220 2985s
 23286 17826  607.89832   99 1335  589.00000  628.05928  6.63%  1220 2994s
 23496 17866  600.84158   63 1336  589.00000  628.04992  6.63%  1216 3003s
 23631 18068  620.34557   72 1411  589.00000  627.99404  6.62%  1214 3014s
 23910 18139  598.84507  169 1221  589.00000  627.94995  6.61%  1208 3024s
 24098 18243  597.67323   66 1299  589.00000  627.89558  6.60%  1204 3035s
 24293 18423  614.54187   82 1375  589.00000  627.85199  6.60%  1200 3045s
 24586 18459  618.17294   48 1403  589.00000  627.85148  6.60%  1192 3054s
 24719 18597  603.46055  127 1299  589.00000  627.81963  6.59%  1190 3064s
 24947 18560  607.48281   42 1343  589.00000  627.77428  6.58%  1186 3074s
 25048 18534  619.52139   61 1414  589.00000  627.76061  6.58%  1187 3085s
 25055 18817  618.68748   65 1409  589.00000  627.75955  6.58%  1187 3095s
 25359 18789  626.13032   38 1461  589.00000  627.75955  6.58%  1179 3104s
 25448 18873  609.61953  100 1328  589.00000  627.74534  6.58%  1180 3112s
 25582 18944  622.86185   63 1439  589.00000  627.74534  6.58%  1179 3124s
 25697 19015  606.40210  158 1317  589.00000  627.71844  6.57%  1179 3136s
 25851 19102  612.42993   38 1398  589.00000  627.69063  6.57%  1178 3146s
 25999 19136  621.72858   38 1423  589.00000  627.67345  6.57%  1178 3164s
 26090 19310  621.31252   40 1424  589.00000  627.67238  6.57%  1180 3176s
 26313 19403  626.42996   40 1466  589.00000  627.67238  6.57%  1178 3189s
 26518 19547  608.93478  108 1330  589.00000  627.64367  6.56%  1177 3200s
 26748 19595  611.11567   43 1374  589.00000  627.57777  6.55%  1172 3212s
 26925 19717  622.65446   39 1429  589.00000  627.55974  6.55%  1171 3222s
 27116 19896  607.52667  128 1310  589.00000  627.52385  6.54%  1169 3233s
 27406 19944  611.02436   62 1357  589.00000  627.45997  6.53%  1163 3244s
 27592 19997  600.93174   62 1307  589.00000  627.43932  6.53%  1161 3257s
 27739 20087  622.92330   43 1433  589.00000  627.36826  6.51%  1161 3268s
 27888 20160  603.18211  152 1277  589.00000  627.34983  6.51%  1160 3281s
 28031 20227  613.15458   95 1367  589.00000  627.34983  6.51%  1159 3293s
 28146 20291  599.45207  162 1267  589.00000  627.32900  6.51%  1160 3305s
 28282 20320  590.66082   53 1258  589.00000  627.32683  6.51%  1161 3316s
 28414 20396  599.81225   71 1311  589.00000  627.31369  6.50%  1162 3329s
 28544 20587  619.73052   80 1412  589.00000  627.30276  6.50%  1163 3341s
 28809 20646  617.79299   38 1409  589.00000  627.29973  6.50%  1160 3353s
 28998 20765  624.22125   55 1446  589.00000  627.27387  6.50%  1158 3365s
 29197 20928  614.47212  116 1371  589.00000  627.25863  6.50%  1154 3377s
 29464 20989  609.95355   55 1367  589.00000  627.25605  6.50%  1150 3398s
 29670 21338  623.72074   60 1444  589.00000  627.21331  6.49%  1149 3419s
 30088 21507  593.77599  212 1190  589.00000  627.20807  6.49%  1145 3439s
 30472 21551  626.71831   41 1460  589.00000  627.18150  6.48%  1138 3453s
 30654 21631  617.29726  103 1389  589.00000  627.16383  6.48%  1135 3466s
 30816 21745  620.34524   51 1417  589.00000  627.16383  6.48%  1134 3478s
 30999 21759  590.01559  203 1175  589.00000  627.12654  6.47%  1133 3488s
 31089 21880  622.19502   43 1435  589.00000  627.09115  6.47%  1134 3500s
 31250 21968  616.83629   44 1415  589.00000  627.09115  6.47%  1134 3513s
 31392 22081  598.77708  132 1299  589.00000  627.08455  6.47%  1135 3524s
 31578 22240  615.23075   91 1377  589.00000  627.07640  6.46%  1135 3539s
 31841 22300  606.99883   57 1338  589.00000  627.06354  6.46%  1133 3551s
 32009 22417  605.17946   89 1301  589.00000  627.04652  6.46%  1132 3562s
 32206 22540  603.57256  113 1276  589.00000  627.02489  6.46%  1130 3573s
 32427 22643  624.47925   44 1451  589.00000  627.01741  6.45%  1127 3584s
 32612 22838  609.90681  131 1348  589.00000  626.99064  6.45%  1126 3597s
 32913 22754  591.04637   70 1270  589.00000  626.97691  6.45%  1122 3600s

Cutting planes:
  Gomory: 10
  MIR: 1
  Flow cover: 89
  Zero half: 980
  RLT: 423
  BQP: 80

Explored 32937 nodes (37060115 simplex iterations) in 3600.00 seconds (11173.39 work units)
Thread count was 2 (of 24 available processors)

Solution count 10: 589 588 587 ... 580

Time limit reached
Best objective 5.890000000000e+02, best bound 6.260000000000e+02, gap 6.2818%

User-callback calls 337393, time in user-callback 0.87 sec

Gurobi 11.0.3 (linux64) logging started Sat Mar  7 15:20:15 2026

Set parameter LogFile to value "./log/train/IS_1500_6/IS_59.lp.log"
Set parameter TimeLimit to value 3600
Gurobi Optimizer version 11.0.3 build v11.0.3rc0 (linux64 - "Ubuntu 22.04.5 LTS")

CPU model: AMD Ryzen 9 9900X 12-Core Processor, instruction set [SSE2|AVX|AVX2|AVX512]
Thread count: 12 physical cores, 24 logical processors, using up to 1 threads

Optimize a model with 9209 rows, 1500 columns and 18130 nonzeros
Model fingerprint: 0x6e124136
Variable types: 0 continuous, 1500 integer (1500 binary)
Coefficient statistics:
  Matrix range     [1e+00, 1e+00]
  Objective range  [1e+00, 1e+00]
  Bounds range     [1e+00, 1e+00]
  RHS range        [1e+00, 1e+00]
Found heuristic solution: objective 329.0000000
Presolve removed 1807 rows and 0 columns
Presolve time: 0.04s
Presolved: 7402 rows, 1500 columns, 16252 nonzeros
Variable types: 0 continuous, 1500 integer (1500 binary)

Root relaxation: objective 6.855000e+02, 3589 iterations, 0.17 seconds (0.21 work units)

    Nodes    |    Current Node    |     Objective Bounds      |     Work
 Expl Unexpl |  Obj  Depth IntInf | Incumbent    BestBd   Gap | It/Node Time

     0     0  685.50000    0 1329  329.00000  685.50000   108%     -    0s
H    0     0                     526.0000000  685.50000  30.3%     -    0s
     0     0  669.89998    0 1475  526.00000  669.89998  27.4%     -    1s
H    0     0                     558.0000000  669.89998  20.1%     -    1s
H    0     0                     565.0000000  669.89998  18.6%     -    1s
     0     0  660.86470    0 1472  565.00000  660.86470  17.0%     -    2s
     0     0  660.17983    0 1472  565.00000  660.17983  16.8%     -    2s
     0     0  660.12217    0 1471  565.00000  660.12217  16.8%     -    2s
     0     0  660.11659    0 1474  565.00000  660.11659  16.8%     -    3s
     0     0  660.11517    0 1474  565.00000  660.11517  16.8%     -    3s
     0     0  655.51217    0 1473  565.00000  655.51217  16.0%     -    4s
H    0     0                     567.0000000  655.51217  15.6%     -    4s
     0     0  655.10326    0 1473  567.00000  655.10326  15.5%     -    4s
     0     0  655.01641    0 1475  567.00000  655.01641  15.5%     -    4s
     0     0  655.00638    0 1475  567.00000  655.00638  15.5%     -    4s
     0     0  654.99576    0 1477  567.00000  654.99576  15.5%     -    4s
     0     0  654.99213    0 1476  567.00000  654.99213  15.5%     -    4s
     0     0  652.61955    0 1481  567.00000  652.61955  15.1%     -    5s
     0     0  652.39124    0 1487  567.00000  652.39124  15.1%     -    5s
     0     0  652.34887    0 1486  567.00000  652.34887  15.1%     -    5s
     0     0  652.34165    0 1485  567.00000  652.34165  15.1%     -    5s
     0     0  650.41853    0 1482  567.00000  650.41853  14.7%     -    6s
     0     0  650.16305    0 1482  567.00000  650.16305  14.7%     -    6s
     0     0  650.13547    0 1482  567.00000  650.13547  14.7%     -    6s
     0     0  650.12993    0 1482  567.00000  650.12993  14.7%     -    6s
     0     0  648.93681    0 1481  567.00000  648.93681  14.5%     -    7s
     0     0  648.75980    0 1483  567.00000  648.75980  14.4%     -    7s
     0     0  648.72437    0 1483  567.00000  648.72437  14.4%     -    7s
     0     0  648.72119    0 1484  567.00000  648.72119  14.4%     -    7s
     0     0  647.18916    0 1487  567.00000  647.18916  14.1%     -    8s
     0     0  646.98647    0 1487  567.00000  646.98647  14.1%     -    8s
     0     0  646.94492    0 1487  567.00000  646.94492  14.1%     -    8s
     0     0  646.93153    0 1486  567.00000  646.93153  14.1%     -    8s
     0     0  646.92479    0 1491  567.00000  646.92479  14.1%     -    8s
     0     0  646.10102    0 1487  567.00000  646.10102  14.0%     -    9s
     0     0  645.92845    0 1484  567.00000  645.92845  13.9%     -    9s
     0     0  645.89946    0 1486  567.00000  645.89946  13.9%     -    9s
     0     0  645.89316    0 1486  567.00000  645.89316  13.9%     -    9s
     0     0  644.94083    0 1482  567.00000  644.94083  13.7%     -   10s
     0     0  644.78631    0 1486  567.00000  644.78631  13.7%     -   10s
     0     0  644.77516    0 1485  567.00000  644.77516  13.7%     -   10s
     0     0  644.18616    0 1482  567.00000  644.18616  13.6%     -   11s
     0     0  644.12845    0 1484  567.00000  644.12845  13.6%     -   11s
     0     0  644.12175    0 1484  567.00000  644.12175  13.6%     -   11s
     0     0  643.50499    0 1484  567.00000  643.50499  13.5%     -   12s
     0     0  643.45872    0 1487  567.00000  643.45872  13.5%     -   12s
     0     0  643.44594    0 1488  567.00000  643.44594  13.5%     -   12s
     0     0  643.04219    0 1487  567.00000  643.04219  13.4%     -   12s
     0     0  642.96458    0 1487  567.00000  642.96458  13.4%     -   13s
     0     0  642.95132    0 1487  567.00000  642.95132  13.4%     -   13s
     0     0  642.66118    0 1488  567.00000  642.66118  13.3%     -   13s
     0     0  642.60838    0 1491  567.00000  642.60838  13.3%     -   13s
     0     0  642.59074    0 1489  567.00000  642.59074  13.3%     -   13s
     0     0  642.15468    0 1487  567.00000  642.15468  13.3%     -   14s
H    0     0                     570.0000000  642.15468  12.7%     -   14s
     0     0  642.10629    0 1491  570.00000  642.10629  12.7%     -   14s
     0     0  642.09850    0 1490  570.00000  642.09850  12.6%     -   14s
     0     0  641.62924    0 1489  570.00000  641.62924  12.6%     -   15s
     0     0  641.57134    0 1489  570.00000  641.57134  12.6%     -   15s
     0     0  641.56148    0 1492  570.00000  641.56148  12.6%     -   15s
     0     0  641.26209    0 1490  570.00000  641.26209  12.5%     -   16s
     0     0  641.21679    0 1487  570.00000  641.21679  12.5%     -   16s
     0     0  641.21020    0 1489  570.00000  641.21020  12.5%     -   16s
     0     0  640.69175    0 1487  570.00000  640.69175  12.4%     -   16s
     0     0  640.62742    0 1490  570.00000  640.62742  12.4%     -   17s
     0     0  640.62179    0 1490  570.00000  640.62179  12.4%     -   17s
     0     0  640.17248    0 1490  570.00000  640.17248  12.3%     -   17s
     0     0  640.07709    0 1491  570.00000  640.07709  12.3%     -   18s
     0     0  640.06135    0 1491  570.00000  640.06135  12.3%     -   18s
     0     0  639.94376    0 1490  570.00000  639.94376  12.3%     -   18s
     0     0  639.91957    0 1494  570.00000  639.91957  12.3%     -   18s
     0     0  639.91513    0 1493  570.00000  639.91513  12.3%     -   18s
     0     0  639.79837    0 1493  570.00000  639.79837  12.2%     -   18s
     0     0  639.79837    0 1492  570.00000  639.79837  12.2%     -   19s
H    0     0                     576.0000000  639.79837  11.1%     -   20s
     0     2  639.79775    0 1492  576.00000  639.79775  11.1%     -   20s
     6     8  630.64444    3 1436  576.00000  639.44737  11.0%  4700   26s
    13    15  628.05676    8 1408  576.00000  639.44715  11.0%  3359   30s
    36    38  599.75867   24 1283  576.00000  639.44715  11.0%  2029   35s
    67    57  635.80456    5 1461  576.00000  639.22773  11.0%  1712   42s
    74    64  635.06380   11 1457  576.00000  639.22773  11.0%  1712   45s
    90    80  597.39128   22 1276  576.00000  639.22773  11.0%  1745   50s
   134   106  627.30403    9 1413  576.00000  639.22354  11.0%  1457   55s
H  136   100                     577.0000000  639.22354  10.8%  1442   56s
   172   122  633.95264    6 1444  577.00000  638.97853  10.7%  1383   61s
   187   137  617.28358   19 1346  577.00000  638.97853  10.7%  1415   65s
H  190   126                     578.0000000  638.97853  10.5%  1403   65s
   202   140  606.48880   31 1291  578.00000  638.97853  10.5%  1396   70s
   242   168  629.88155   11 1418  578.00000  638.97836  10.5%  1333   75s
H  244   151                     580.0000000  638.97836  10.2%  1326   75s
   259   168  592.34086   22 1233  580.00000  638.97836  10.2%  1398   80s
   301   193  622.21429   14 1388  580.00000  638.59774  10.1%  1368   85s
H  326   214                     581.0000000  638.59774  9.91%  1387   89s
   347   224  634.31298   11 1449  581.00000  638.59309  9.91%  1358   90s
H  353   223                     582.0000000  638.59309  9.72%  1366   92s
   367   239  604.73761   25 1292  582.00000  638.59309  9.72%  1406   95s
   410   266  625.01314   12 1401  582.00000  638.28183  9.67%  1388  100s
   462   301  629.84248   12 1434  582.00000  638.28142  9.67%  1360  106s
   471   310  620.32110   18 1374  582.00000  638.28142  9.67%  1380  110s
   508   337  632.85687   13 1442  582.00000  638.07464  9.63%  1381  116s
H  516   335                     583.0000000  638.07464  9.45%  1394  120s
H  523   335                     584.0000000  638.07464  9.26%  1417  122s
   533   347  594.30135   26 1253  584.00000  638.07464  9.26%  1431  125s
   564   356  621.17160   16 1369  584.00000  638.07443  9.26%  1416  130s
   580   372  604.28899   25 1285  584.00000  638.07443  9.26%  1433  135s
   606   384  627.53540   15 1426  584.00000  637.86790  9.22%  1407  148s
   610   388  626.21107   18 1399  584.00000  637.86790  9.22%  1415  150s
   617   394  592.41651   31 1492  584.00000  637.86790  9.22%  1422  164s
   619   395  619.81377   18 1329  584.00000  637.86790  9.22%  1417  165s
   620   396  620.52255   15 1492  584.00000  637.86790  9.22%  1415  172s
   622   397  625.38307   17 1488  584.00000  637.86790  9.22%  1411  175s
   626   400  624.68510   15 1492  584.00000  637.86790  9.22%  1402  183s
   627   401  634.31106   12 1491  584.00000  637.86790  9.22%  1399  191s
   629   402  594.80265   35 1490  584.00000  637.86790  9.22%  1395  199s
   630   403  617.60991   21 1487  584.00000  637.86790  9.22%  1393  208s
   631   403  626.99117   14 1488  584.00000  637.86790  9.22%  1390  216s
   632   404  623.78030   13 1489  584.00000  637.86790  9.22%  1388  224s
   633   405  604.27110   26 1490  584.00000  637.86790  9.22%  1386  231s
   634   405  609.88087   22 1489  584.00000  637.86790  9.22%  1384  239s
   635   406  634.12118   14 1489  584.00000  637.86790  9.22%  1382  247s
   636   407  633.94635    7 1489  584.00000  637.86790  9.22%  1380  260s
   645   415  637.86790   19 1482  584.00000  637.86790  9.22%  1468  265s
   657   423  636.64543   25 1475  584.00000  637.86790  9.22%  1486  270s
   673   433  633.76718   33 1449  584.00000  637.86790  9.22%  1501  275s
   686   442  632.30839   39 1448  584.00000  637.86790  9.22%  1520  280s
   698   450  614.53600   45 1351  584.00000  637.86790  9.22%  1542  285s
   708   457  625.24763   50 1414  584.00000  637.86790  9.22%  1570  290s
   720   465  620.42382   56 1388  584.00000  637.86790  9.22%  1588  296s
   728   470  619.57314   60 1384  584.00000  637.86790  9.22%  1608  300s
   738   477  625.75840   65 1402  584.00000  637.86790  9.22%  1627  305s
   751   485  623.87897   72 1392  584.00000  637.86790  9.22%  1642  310s
   766   495  623.09322   79 1392  584.00000  637.86790  9.22%  1655  315s
   782   506  621.45668   87 1385  584.00000  637.86790  9.22%  1664  320s
   798   517  618.12607   95 1372  584.00000  637.86790  9.22%  1676  325s
   816   529  617.13217  104 1373  584.00000  637.86790  9.22%  1679  330s
   834   541  612.21585  113 1339  584.00000  637.86790  9.22%  1686  335s
   852   553  607.01771  122 1324  584.00000  637.86790  9.22%  1693  340s
   872   566  607.51359  132 1330  584.00000  637.86790  9.22%  1693  345s
   892   579  602.23423  142 1316  584.00000  637.86790  9.22%  1696  350s
   910   591  603.40946  151 1318  584.00000  637.86790  9.22%  1704  355s
   932   606  597.79119  162 1289  584.00000  637.86790  9.22%  1710  360s
   954   621  592.84158  173 1260  584.00000  637.86790  9.22%  1718  365s
   976   635  587.30150  184 1196  584.00000  637.86790  9.22%  1726  370s
  1004   654  587.68223  198 1224  584.00000  637.86790  9.22%  1724  375s
  1041   669  592.71543  217 1219  584.00000  637.86790  9.22%  1708  380s
H 1043   645                     585.0000000  637.86790  9.04%  1706  380s
  1109   663  637.86790   16 1466  585.00000  637.86790  9.04%  1646  385s
  1115   667  631.87032   19 1431  585.00000  637.86790  9.04%  1660  390s
  1121   671  631.42077   22 1435  585.00000  637.86790  9.04%  1671  395s
  1128   676  636.12610   26 1454  585.00000  637.86790  9.04%  1683  400s
  1135   680  628.76324   29 1420  585.00000  637.86790  9.04%  1699  405s
  1141   684  630.54251   32 1429  585.00000  637.86790  9.04%  1710  410s
  1149   690  625.01546   36 1397  585.00000  637.86790  9.04%  1724  415s
  1157   695  629.86812   40 1418  585.00000  637.86790  9.04%  1736  420s
  1165   700  624.40460   44 1387  585.00000  637.86790  9.04%  1749  425s
  1175   707  624.05177   49 1392  585.00000  637.86790  9.04%  1761  430s
  1185   714  628.67106   54 1405  585.00000  637.86790  9.04%  1771  435s
  1194   720  630.95628   59 1418  585.00000  637.86790  9.04%  1784  440s
  1203   726  623.83563   63 1387  585.00000  637.86790  9.04%  1799  445s
  1213   732  624.96801   68 1376  585.00000  637.86790  9.04%  1809  450s
  1223   739  611.99965   73 1318  585.00000  637.86790  9.04%  1820  455s
  1237   748  624.68502   80 1375  585.00000  637.86790  9.04%  1828  460s
  1249   756  618.06668   86 1343  585.00000  637.86790  9.04%  1838  465s
  1263   766  618.73838   93 1338  585.00000  637.86790  9.04%  1850  470s
  1280   777  624.53285  102 1364  585.00000  637.86790  9.04%  1853  475s
  1295   787  617.39167  109 1319  585.00000  637.86790  9.04%  1860  480s
H 1313   766                     586.0000000  637.86790  8.85%  1861  484s
  1315   769  610.17921  119 1290  586.00000  637.86790  8.85%  1865  485s
  1331   780  613.51476  127 1301  586.00000  637.86790  8.85%  1868  490s
  1358   798  615.35590  141 1316  586.00000  637.86790  8.85%  1863  495s
  1401   827  608.92946  162 1279  586.00000  637.86790  8.85%  1842  500s
  1471   873  597.99257  197 1164  586.00000  637.86790  8.85%  1793  505s
  1575   920  632.74871   17 1449  586.00000  637.86790  8.85%  1700  510s
  1581   924  632.92670   20 1439  586.00000  637.86790  8.85%  1709  515s
  1588   928  637.34459   24 1472  586.00000  637.86790  8.85%  1717  520s
  1595   933  629.93994   27 1428  586.00000  637.86790  8.85%  1729  526s
  1601   937  632.33983   30 1441  586.00000  637.86790  8.85%  1736  530s
  1607   941  628.58953   33 1418  586.00000  637.86790  8.85%  1745  535s
  1615   946  627.20917   37 1424  586.00000  637.86790  8.85%  1755  540s
  1621   950  626.95125   40 1414  586.00000  637.86790  8.85%  1764  545s
  1627   954  629.92568   43 1426  586.00000  637.86790  8.85%  1772  550s
  1635   960  626.89365   47 1410  586.00000  637.86790  8.85%  1780  555s
  1643   965  628.72947   51 1422  586.00000  637.86790  8.85%  1789  560s
  1651   970  623.94843   55 1397  586.00000  637.86790  8.85%  1798  566s
  1659   976  625.66039   59 1408  586.00000  637.86790  8.85%  1806  570s
  1667   981  622.79312   63 1380  586.00000  637.86790  8.85%  1814  575s
  1675   986  626.03685   67 1400  586.00000  637.86790  8.85%  1823  580s
  1683   992  620.01177   71 1370  586.00000  637.86790  8.85%  1830  585s
  1693   998  626.27141   76 1397  586.00000  637.86790  8.85%  1837  590s
  1705  1006  625.30409   82 1390  586.00000  637.86790  8.85%  1844  595s
  1717  1014  620.22328   88 1356  586.00000  637.86790  8.85%  1851  600s
  1729  1022  618.38159   94 1346  586.00000  637.86790  8.85%  1858  605s
  1743  1035  621.29998  101 1355  586.00000  637.86790  8.85%  1863  610s
  1757  1049  617.94179  108 1343  586.00000  637.86790  8.85%  1871  615s
  1775  1067  613.83268  117 1317  586.00000  637.86790  8.85%  1875  620s
  1793  1085  618.04429  126 1339  586.00000  637.86790  8.85%  1877  625s
  1819  1111  613.10881  139 1313  586.00000  637.86790  8.85%  1875  630s
H 1826  1089                     587.0000000  637.86790  8.67%  1874  631s
  1845  1110  609.89824  152 1288  587.00000  637.86790  8.67%  1871  635s
  1889  1154  606.25871  174 1274  587.00000  637.86790  8.67%  1854  640s
  1949  1214  596.25608  204 1220  587.00000  637.86790  8.67%  1825  645s
  2032  1275  637.85428   18 1478  587.00000  637.86790  8.67%  1769  650s
  2038  1281  633.27258   21 1441  587.00000  637.86790  8.67%  1776  655s
  2044  1287  632.45615   24 1440  587.00000  637.86790  8.67%  1783  660s
  2050  1293  630.78233   27 1427  587.00000  637.86790  8.67%  1790  665s
  2057  1300  635.30474   31 1459  587.00000  637.86790  8.67%  1796  670s
  2064  1307  630.12605   34 1425  587.00000  637.86790  8.67%  1805  675s
  2072  1315  630.59573   38 1418  587.00000  637.86790  8.67%  1812  680s
  2078  1321  627.96643   41 1418  587.00000  637.86790  8.67%  1819  685s
  2085  1328  633.20697   45 1445  587.00000  637.86790  8.67%  1824  690s
  2092  1335  626.91039   48 1419  587.00000  637.86790  8.67%  1832  695s
  2098  1341  622.24072   51 1389  587.00000  637.86790  8.67%  1837  700s
  2108  1351  627.12904   56 1399  587.00000  637.86790  8.67%  1845  706s
  2114  1357  625.99687   59 1401  587.00000  637.86790  8.67%  1850  710s
  2122  1365  625.75473   63 1399  587.00000  637.86790  8.67%  1857  715s
  2132  1375  625.28353   68 1392  587.00000  637.86790  8.67%  1863  720s
  2142  1385  621.84002   73 1378  587.00000  637.86790  8.67%  1868  725s
  2154  1397  623.96011   79 1385  587.00000  637.86790  8.67%  1874  730s
  2166  1409  624.31546   85 1378  587.00000  637.86790  8.67%  1881  735s
  2177  1420  625.74178   91 1392  587.00000  637.86790  8.67%  1884  740s
  2190  1433  622.71826   97 1373  587.00000  637.86790  8.67%  1888  745s
  2204  1447  620.59261  104 1336  587.00000  637.86790  8.67%  1893  750s
  2224  1467  617.40836  114 1348  587.00000  637.86790  8.67%  1897  755s
  2244  1487  615.08308  124 1337  587.00000  637.86790  8.67%  1898  760s
  2262  1505  614.62501  133 1323  587.00000  637.86790  8.67%  1897  765s
  2285  1528  613.12605  145 1315  587.00000  637.86790  8.67%  1897  770s
  2306  1549  608.95981  155 1296  587.00000  637.86790  8.67%  1893  775s
  2334  1577  607.15029  169 1283  587.00000  637.86790  8.67%  1886  780s
  2358  1601  604.29416  181 1262  587.00000  637.86790  8.67%  1877  785s
  2384  1627  592.61717  194 1206  587.00000  637.86790  8.67%  1867  793s
  2393  1636  599.79511  199 1240  587.00000  637.86790  8.67%  1863  795s
  2420  1663  595.40645  212 1188  587.00000  637.86790  8.67%  1850  801s
  2447  1690  591.38545  226 1137  587.00000  637.86790  8.67%  1834  806s
  2462  1701  589.61905  233 1141  587.00000  637.86790  8.67%  1825  810s
  2488  1700  637.34127   18 1470  587.00000  637.86790  8.67%  1810  816s
  2494  1706  631.71213   21 1431  587.00000  637.86790  8.67%  1815  821s
  2500  1712  632.23365   24 1430  587.00000  637.86790  8.67%  1820  825s
  2506  1718  632.33162   27 1431  587.00000  637.86790  8.67%  1824  830s
  2514  1726  629.91011   31 1424  587.00000  637.86790  8.67%  1831  835s
  2522  1734  630.19489   35 1429  587.00000  637.86790  8.67%  1836  840s
  2528  1740  626.60295   38 1412  587.00000  637.86790  8.67%  1842  845s
  2530  1742  627.96374   39 1419  587.00000  637.86790  8.67%  1843  853s
  2532  1744  626.21119   40 1414  587.00000  637.86790  8.67%  1845  855s
  2539  1751  632.49351   44 1436  587.00000  637.86790  8.67%  1850  860s
  2546  1758  622.20850   47 1387  587.00000  637.86790  8.67%  1857  865s
  2554  1766  621.19666   51 1385  587.00000  637.86790  8.67%  1863  871s
  2558  1770  623.52838   53 1385  587.00000  637.86790  8.67%  1865  875s
  2568  1780  625.63366   58 1397  587.00000  637.86790  8.67%  1872  880s
  2578  1790  625.81610   63 1393  587.00000  637.86790  8.67%  1877  885s
  2584  1796  625.32978   66 1389  587.00000  637.86790  8.67%  1880  897s
  2591  1803  628.34520   70 1408  587.00000  637.86790  8.67%  1882  900s
  2602  1814  623.41896   75 1385  587.00000  637.86790  8.67%  1887  905s
  2611  1823  627.24576   80 1396  587.00000  637.86790  8.67%  1890  912s
  2616  1828  623.63382   82 1372  587.00000  637.86790  8.67%  1894  915s
  2628  1840  623.30496   88 1362  587.00000  637.86790  8.67%  1899  920s
  2638  1850  621.59747   93 1357  587.00000  637.86790  8.67%  1902  925s
  2650  1862  619.61354   99 1348  587.00000  637.86790  8.67%  1906  930s
  2665  1877  621.41048  107 1356  587.00000  637.86790  8.67%  1907  938s
  2674  1886  616.72983  111 1337  587.00000  637.86790  8.67%  1908  940s
  2692  1904  616.67509  120 1321  587.00000  637.86790  8.67%  1907  948s
  2698  1910  613.65885  123 1305  587.00000  637.86790  8.67%  1907  950s
  2719  1931  614.73759  134 1308  587.00000  637.86790  8.67%  1904  955s
  2746  1958  608.17037  147 1281  587.00000  637.86790  8.67%  1902  962s
  2773  1985  608.02084  161 1286  587.00000  637.86790  8.67%  1895  966s
  2800  2012  599.41792  174 1234  587.00000  637.86790  8.67%  1889  970s
  2850  2062  596.36233  199 1202  587.00000  637.86790  8.67%  1869  975s
  2933  2117  629.44263   18 1428  587.00000  637.86790  8.67%  1831  980s
  2940  2124  635.94676   22 1458  587.00000  637.86790  8.67%  1836  985s
  2947  2131  632.01943   25 1428  587.00000  637.86790  8.67%  1842  990s
  2953  2137  628.75675   28 1412  587.00000  637.86790  8.67%  1846  995s
  2961  2145  629.78854   32 1420  587.00000  637.86790  8.67%  1851 1000s
  2967  2151  625.37404   35 1404  587.00000  637.86790  8.67%  1855 1005s
  2975  2159  627.76867   39 1413  587.00000  637.86790  8.67%  1860 1010s
  2981  2165  627.69411   42 1416  587.00000  637.86790  8.67%  1863 1015s
  2989  2173  625.44545   46 1399  587.00000  637.86790  8.67%  1868 1020s
  2995  2179  624.68972   49 1393  587.00000  637.86790  8.67%  1873 1027s
  3001  2185  625.20573   52 1395  587.00000  637.86790  8.67%  1875 1030s
  3006  2190  630.50022   55 1424  587.00000  637.86790  8.67%  1877 1042s
  3009  2193  624.48621   56 1391  587.00000  637.86790  8.67%  1880 1045s
  3019  2203  624.21795   61 1400  587.00000  637.86790  8.67%  1886 1050s
  3030  2214  628.16212   67 1411  587.00000  637.86790  8.67%  1889 1055s
  3039  2223  625.53735   71 1391  587.00000  637.86790  8.67%  1894 1060s
  3055  2239  622.66757   79 1375  587.00000  637.86790  8.67%  1899 1065s
  3069  2253  621.86755   86 1379  587.00000  637.86790  8.67%  1903 1070s
  3084  2268  622.40420   94 1372  587.00000  637.86790  8.67%  1904 1075s
  3099  2283  617.44077  101 1350  587.00000  637.86790  8.67%  1908 1080s
  3111  2295  617.37899  107 1340  587.00000  637.86790  8.67%  1909 1085s
  3135  2319  615.62728  119 1331  587.00000  637.86790  8.67%  1910 1091s
  3155  2339  614.45585  129 1324  587.00000  637.86790  8.67%  1910 1095s
  3193  2377  597.03065  148 1221  587.00000  637.86790  8.67%  1906 1100s
  3239  2423  599.88769  171 1239  587.00000  637.86790  8.67%  1897 1105s
  3324  2508  591.83351  214 1202  587.00000  637.86790  8.67%  1868 1110s
  3367  2528  631.86660   19 1432  587.00000  637.86790  8.67%  1853 1115s
  3373  2534  632.85629   22 1440  587.00000  637.86790  8.67%  1858 1120s
  3379  2540  631.98089   25 1438  587.00000  637.86790  8.67%  1861 1125s
  3387  2548  631.52015   29 1439  587.00000  637.86790  8.67%  1865 1130s
  3392  2553  634.88413   32 1459  587.00000  637.86790  8.67%  1867 1135s
  3397  2558  626.19684   34 1411  587.00000  637.86790  8.67%  1872 1140s
  3403  2564  625.18661   37 1404  587.00000  637.86790  8.67%  1876 1145s
  3411  2572  628.51597   41 1420  587.00000  637.86790  8.67%  1881 1150s
  3419  2580  626.76858   45 1413  587.00000  637.86790  8.67%  1885 1157s
  3423  2584  626.75746   47 1407  587.00000  637.86790  8.67%  1887 1160s
  3431  2592  625.47541   51 1399  587.00000  637.86790  8.67%  1891 1165s
  3437  2598  625.97499   54 1402  587.00000  637.86790  8.67%  1894 1170s
  3445  2606  623.32483   58 1384  587.00000  637.86790  8.67%  1898 1175s
  3447  2608  619.52719   59 1378  587.00000  637.86790  8.67%  1899 1180s
  3455  2616  619.47087   63 1374  587.00000  637.86790  8.67%  1903 1185s
  3465  2626  624.64824   68 1395  587.00000  637.86790  8.67%  1907 1190s
  3475  2636  623.90804   73 1384  587.00000  637.86790  8.67%  1911 1195s
  3487  2648  625.77667   79 1384  587.00000  637.86790  8.67%  1914 1200s
  3503  2664  619.22355   87 1346  587.00000  637.86790  8.67%  1917 1205s
  3516  2677  624.72461   94 1383  587.00000  637.86790  8.67%  1919 1210s
  3529  2690  620.41063  100 1358  587.00000  637.86790  8.67%  1922 1216s
  3537  2698  620.64309  104 1352  587.00000  637.86790  8.67%  1923 1222s
  3547  2708  617.02032  109 1338  587.00000  637.86790  8.67%  1923 1225s
  3573  2734  616.59741  122 1331  587.00000  637.86790  8.67%  1924 1230s
  3613  2774  607.61651  142 1285  587.00000  637.86790  8.67%  1922 1235s
  3669  2830  603.13188  170 1255  587.00000  637.86790  8.67%  1914 1240s
  3803  2937  636.46074   19 1467  587.00000  637.86790  8.67%  1868 1245s
  3811  2945  630.39321   23 1429  587.00000  637.86790  8.67%  1872 1250s
  3817  2951  630.36372   26 1432  587.00000  637.86790  8.67%  1875 1255s
  3827  2961  630.66581   31 1428  587.00000  637.86790  8.67%  1881 1260s
  3835  2969  625.59818   35 1401  587.00000  637.86790  8.67%  1885 1265s
  3841  2975  622.86654   38 1389  587.00000  637.86790  8.67%  1888 1273s
  3845  2979  626.62509   40 1416  587.00000  637.86790  8.67%  1890 1276s
  3851  2985  624.58253   43 1399  587.00000  637.86790  8.67%  1894 1280s
  3859  2993  624.06316   47 1388  587.00000  637.86790  8.67%  1898 1285s
  3868  3002  630.98801   52 1422  587.00000  637.86790  8.67%  1900 1290s
  3879  3013  625.58166   57 1397  587.00000  637.86790  8.67%  1905 1295s
  3891  3025  625.06446   63 1390  587.00000  637.86790  8.67%  1908 1300s
  3899  3033  620.16799   67 1361  587.00000  637.86790  8.67%  1911 1306s
  3907  3041  623.92150   71 1382  587.00000  637.86790  8.67%  1913 1310s
  3921  3055  619.30401   78 1358  587.00000  637.86790  8.67%  1917 1315s
  3931  3065  621.26331   83 1361  587.00000  637.86790  8.67%  1920 1320s
  3947  3081  622.51035   91 1361  587.00000  637.86790  8.67%  1923 1325s
  3959  3093  620.65075   97 1356  587.00000  637.86790  8.67%  1924 1338s
  3965  3099  619.97112  100 1358  587.00000  637.86790  8.67%  1925 1340s
  3985  3119  613.12381  110 1319  587.00000  637.86790  8.67%  1927 1345s
  4007  3141  615.14688  121 1334  587.00000  637.86790  8.67%  1927 1350s
  4023  3157  611.64031  129 1314  587.00000  637.86790  8.67%  1927 1355s
  4053  3187  604.33651  144 1276  587.00000  637.86790  8.67%  1927 1360s
  4098  3232  606.18448  167 1284  587.00000  637.86790  8.67%  1920 1365s
  4177  3309  592.42450  206 1197  587.00000  637.86790  8.67%  1900 1370s
  4246  3360  634.81797   31 1463  587.00000  637.80467  8.65%  1878 1375s
  4288  3402  628.95764   73 1415  587.00000  637.80467  8.65%  1867 1380s
  4316  3430  623.01598   94 1376  587.00000  637.80467  8.65%  1864 1385s
  4337  3451  618.69722  111 1352  587.00000  637.80467  8.65%  1859 1396s
  4359  3473  615.74106  124 1342  587.00000  637.80467  8.65%  1859 1400s
  4405  3519  609.92650  155 1297  587.00000  637.80467  8.65%  1851 1405s
  4464  3578  604.93341  173 1264  587.00000  637.80467  8.65%  1839 1410s
  4545  3659  599.77051  184 1235  587.00000  637.80467  8.65%  1820 1415s
  4683  3797  591.18421  216 1147  587.00000  637.80467  8.65%  1781 1420s
  4775  3863  634.36602   33 1460  587.00000  637.80375  8.65%  1754 1425s
  4810  3898  628.95996   68 1421  587.00000  637.80375  8.65%  1747 1430s
  4843  3931  623.53251   97 1386  587.00000  637.80375  8.65%  1743 1435s
  4875  3963  618.56658  122 1356  587.00000  637.80375  8.65%  1740 1440s
  4911  3999  611.81199  144 1306  587.00000  637.80375  8.65%  1737 1445s
  4972  4060  603.04074  175 1269  587.00000  637.80375  8.65%  1728 1450s
  5027  4115  602.26619  188 1250  587.00000  637.80375  8.65%  1719 1455s
  5129  4217  595.70410  205 1245  587.00000  637.80375  8.65%  1700 1460s
  5212  4300  588.58436  221 1187  587.00000  637.80375  8.65%  1681 1465s
  5293  4363  633.85982   35 1448  587.00000  637.72096  8.64%  1663 1470s
  5334  4404  626.95836   76 1404  587.00000  637.72096  8.64%  1656 1475s
  5371  4441  620.41369  108 1363  587.00000  637.72096  8.64%  1652 1480s
  5413  4483  612.75012  137 1325  587.00000  637.72096  8.64%  1648 1485s
  5471  4541  604.76978  166 1268  587.00000  637.72096  8.64%  1642 1490s
  5570  4640  597.07506  197 1223  587.00000  637.72096  8.64%  1625 1495s
  5597  4667  595.82609  201 1175  587.00000  637.72096  8.64%  1619 1500s
  5764  4820  636.59728   21 1469  587.00000  637.71270  8.64%  1583 1505s
  5796  4852  631.35218   53 1428  587.00000  637.71270  8.64%  1579 1510s
  5842  4898  621.52852   96 1367  587.00000  637.71270  8.64%  1574 1515s
  5862  4918  619.65254  111 1362  587.00000  637.71270  8.64%  1575 1520s
  5891  4947  614.55726  126 1340  587.00000  637.71270  8.64%  1575 1525s
  5953  5009  605.48202  165 1255  587.00000  637.71270  8.64%  1567 1530s
  6016  5072  598.95093  186 1232  587.00000  637.71270  8.64%  1558 1535s
  6149  5205  590.00530  214 1140  587.00000  637.71270  8.64%  1534 1540s
  6203  5239  634.54257   35 1460  587.00000  637.42425  8.59%  1525 1545s
  6239  5275  629.01818   71 1415  587.00000  637.42425  8.59%  1521 1550s
  6263  5299  624.83357   92 1396  587.00000  637.42425  8.59%  1520 1555s
  6302  5338  616.33119  124 1334  587.00000  637.42425  8.59%  1517 1560s
  6337  5373  611.49330  146 1315  587.00000  637.42425  8.59%  1516 1565s
  6382  5418  605.52949  170 1294  587.00000  637.42425  8.59%  1513 1570s
  6425  5461  600.94167  186 1266  587.00000  637.42425  8.59%  1508 1575s
  6519  5555  593.35380  213 1226  587.00000  637.42425  8.59%  1495 1580s
  6633  5655  631.72810   21 1451  587.00000  637.30864  8.57%  1477 1585s
  6675  5697  624.85146   63 1401  587.00000  637.30864  8.57%  1473 1590s
  6715  5737  616.45002   95 1344  587.00000  637.30864  8.57%  1471 1595s
  6753  5775  606.28775  124 1299  587.00000  637.30864  8.57%  1468 1600s
  6804  5826  602.47052  152 1273  587.00000  637.30864  8.57%  1464 1605s
  6883  5905  594.24411  181 1209  587.00000  637.30864  8.57%  1456 1610s
  6998  5996  635.59386   27 1470  587.00000  637.30722  8.57%  1439 1615s
  7014  6012  632.91781   43 1454  587.00000  637.30722  8.57%  1438 1631s
  7028  6026  631.04974   57 1435  587.00000  637.30722  8.57%  1437 1636s
  7063  6061  624.74520   92 1394  587.00000  637.30722  8.57%  1434 1640s
  7098  6096  618.05343  121 1361  587.00000  637.30722  8.57%  1433 1645s
  7152  6150  610.37878  159 1299  587.00000  637.30722  8.57%  1429 1650s
  7220  6218  602.24484  177 1244  587.00000  637.30722  8.57%  1424 1655s
  7309  6307  595.30156  203 1230  587.00000  637.30722  8.57%  1415 1660s
  7420  6418  589.97288  220 1185  587.00000  637.30722  8.57%  1401 1665s
  7463  6446  633.56377   35 1456  587.00000  637.25490  8.56%  1396 1670s
  7501  6484  627.86240   73 1406  587.00000  637.25490  8.56%  1393 1675s
  7540  6523  620.49951  109 1365  587.00000  637.25490  8.56%  1391 1680s
  7546  6529  619.83222  113 1363  587.00000  637.25490  8.56%  1391 1685s
  7568  6551  615.00588  125 1337  587.00000  637.25490  8.56%  1392 1690s
  7589  6572  612.89430  139 1323  587.00000  637.25490  8.56%  1392 1695s
  7640  6623  603.42326  163 1272  587.00000  637.25490  8.56%  1390 1700s
  7731  6714  596.69928  196 1227  587.00000  637.25490  8.56%  1381 1705s
  7873  6834  632.40569   21 1442  587.00000  637.13686  8.54%  1365 1711s
  7877  6838  625.91909   25 1398  587.00000  637.13686  8.54%  1365 1715s
  7919  6880  593.96702   67 1254  587.00000  637.13686  8.54%  1362 1720s
  7969  6918  626.49572   36 1413  587.00000  637.03221  8.52%  1358 1725s
  8007  6956  619.50710   74 1370  587.00000  637.03221  8.52%  1355 1730s
  8016  6965  618.49931   83 1356  587.00000  637.03221  8.52%  1354 1735s
  8091  7040  599.59211  158 1258  587.00000  637.03221  8.52%  1347 1740s
  8148  7081  631.10891   25 1434  587.00000  637.02492  8.52%  1342 1747s
  8152  7085  630.45579   27 1438  587.00000  637.02492  8.52%  1344 1750s
  8158  7091  630.87390   30 1434  587.00000  637.02492  8.52%  1345 1755s
  8165  7098  634.15635   34 1460  587.00000  637.02492  8.52%  1347 1760s
  8172  7105  623.47205   37 1405  587.00000  637.02492  8.52%  1350 1766s
  8175  7108  633.36462   39 1456  587.00000  637.02492  8.52%  1351 1770s
  8182  7115  629.43130   42 1422  587.00000  637.02492  8.52%  1353 1775s
  8190  7123  625.96795   46 1407  587.00000  637.02492  8.52%  1355 1781s
  8196  7129  628.17012   49 1416  587.00000  637.02492  8.52%  1357 1785s
  8204  7137  627.47927   53 1413  587.00000  637.02492  8.52%  1359 1790s
  8210  7143  625.44649   56 1401  587.00000  637.02492  8.52%  1360 1795s
  8218  7151  623.40254   60 1387  587.00000  637.02492  8.52%  1363 1800s
  8228  7161  620.87701   65 1374  587.00000  637.02492  8.52%  1365 1806s
  8235  7168  628.77637   69 1420  587.00000  637.02492  8.52%  1366 1810s
  8240  7173  622.42490   71 1382  587.00000  637.02492  8.52%  1368 1815s
  8250  7183  624.43442   76 1390  587.00000  637.02492  8.52%  1371 1820s
  8260  7193  621.86232   81 1384  587.00000  637.02492  8.52%  1372 1825s
  8266  7199  621.11227   84 1379  587.00000  637.02492  8.52%  1373 1830s
  8278  7211  620.51238   90 1380  587.00000  637.02492  8.52%  1376 1835s
  8292  7225  619.38782   97 1358  587.00000  637.02492  8.52%  1378 1840s
  8308  7241  618.77934  105 1361  587.00000  637.02492  8.52%  1380 1845s
  8324  7257  616.88289  113 1348  587.00000  637.02492  8.52%  1382 1850s
  8344  7277  614.92020  123 1345  587.00000  637.02492  8.52%  1384 1855s
  8356  7289  614.13056  129 1333  587.00000  637.02492  8.52%  1385 1860s
  8380  7313  607.69945  141 1307  587.00000  637.02492  8.52%  1386 1865s
  8406  7339  608.89217  154 1314  587.00000  637.02492  8.52%  1387 1870s
  8455  7388  602.69596  179 1286  587.00000  637.02492  8.52%  1386 1875s
  8543  7476  590.01828  223 1167  587.00000  637.02492  8.52%  1379 1880s
  8585  7501  633.46757   38 1453  587.00000  637.02419  8.52%  1375 1885s
  8626  7542  627.18337   79 1413  587.00000  637.02419  8.52%  1373 1890s
  8662  7578  618.88685  115 1370  587.00000  637.02419  8.52%  1370 1895s
  8788  7692  629.42957   21 1433  587.00000  636.99933  8.52%  1358 1901s
  8818  7722  619.04596   51 1372  587.00000  636.99933  8.52%  1357 1905s
  8926  7824  588.42857  154 1131  587.00000  636.99933  8.52%  1346 1910s
  8949  7837  628.41919   39 1429  587.00000  636.95194  8.51%  1345 1915s
  8979  7867  623.18647   69 1394  587.00000  636.95194  8.51%  1344 1920s
  9018  7906  616.16134  105 1359  587.00000  636.95194  8.51%  1342 1928s
  9019  7907  615.21560  102 1338  587.00000  636.95194  8.51%  1342 1933s
  9032  7920  611.99677  114 1329  587.00000  636.95194  8.51%  1341 1938s
  9046  7934  610.35240  124 1324  587.00000  636.95194  8.51%  1341 1940s
  9097  7985  602.51967  157 1283  587.00000  636.95194  8.51%  1340 1945s
  9215  8103  588.85273  198 1169  587.00000  636.95194  8.51%  1330 1950s
  9256  8122  621.13355   30 1383  587.00000  636.86182  8.49%  1328 1955s
  9288  8146  631.03416   23 1446  587.00000  636.82077  8.49%  1327 1960s
  9331  8189  623.17916   66 1383  587.00000  636.82077  8.49%  1325 1965s
  9399  8257  608.95798  134 1307  587.00000  636.82077  8.49%  1320 1970s
  9495  8329  630.95090   26 1444  587.00000  636.71799  8.47%  1311 1975s
  9527  8361  608.54115   58 1339  587.00000  636.71799  8.47%  1311 1980s
  9596  8418  628.78235   23 1427  587.00000  636.66900  8.46%  1307 1985s
  9611  8433  612.06678   31 1344  587.00000  636.66900  8.46%  1309 1990s
  9683  8447  629.17920   23 1430  587.00000  636.66680  8.46%  1304 1995s
  9706  8470  609.06989   46 1328  587.00000  636.66680  8.46%  1305 2000s
  9755  8511  629.29015   29 1425  587.00000  636.61651  8.45%  1302 2005s
  9826  8582  611.67001  100 1301  587.00000  636.61651  8.45%  1297 2010s
  9896  8636  620.56124   28 1371  587.00000  636.59713  8.45%  1292 2015s
  9949  8679  628.95031   22 1425  587.00000  636.58149  8.45%  1290 2020s
  9980  8710  623.30557   53 1391  587.00000  636.58149  8.45%  1289 2025s
 10020  8750  615.26441   93 1341  587.00000  636.58149  8.45%  1286 2031s
 10126  8850  588.37367  194 1176  587.00000  636.58149  8.45%  1277 2035s
 10163  8861  613.78198   40 1334  587.00000  636.50036  8.43%  1276 2040s
 10203  8890  619.61330  100 1492  587.00000  636.50036  8.43%  1274 2774s
 10205  8891  632.33746   44 1329  587.00000  636.50036  8.43%  1273 2775s
 10206  8892  620.32621   30 1485  587.00000  636.50036  8.43%  1273 2783s
 10207  8893  618.67558  112 1492  587.00000  635.06198  8.19%  1273 2787s
 10212  8896  592.90978  191 1490  587.00000  633.56896  7.93%  1273 2802s
 10213  8897  591.22570  214 1490  587.00000  633.49095  7.92%  1272 2814s
 10215  8898  610.38352  128 1493  587.00000  633.46354  7.92%  1272 2827s
 10216  8899  593.06417  206 1491  587.00000  633.11614  7.86%  1272 2841s
 10219  8901  595.77979  213 1493  587.00000  632.99872  7.84%  1272 2858s
 10220  8901  595.35145  207 1493  587.00000  632.57377  7.76%  1272 2870s
 10223  8903  601.67013  151 1494  587.00000  632.48119  7.75%  1271 2885s
 10224  8904  630.70648   55 1492  587.00000  632.22951  7.71%  1271 2899s
 10225  8905  618.12083  117 1492  587.00000  632.17969  7.70%  1271 2900s
 10227  8906  622.27909   65 1495  587.00000  632.16249  7.69%  1271 2913s
 10228  8907  599.48999  188 1493  587.00000  632.06935  7.68%  1271 2925s
 10230  8908  613.27178  106 1495  587.00000  632.04079  7.67%  1270 2939s
 10231  8909  628.71428   29 1491  587.00000  631.95976  7.66%  1270 2953s
 10233  8910  609.64537  127 1492  587.00000  631.94146  7.66%  1270 2968s
 10234  8911  593.36223  182 1492  587.00000  631.81248  7.63%  1270 2981s
 10236  8912  622.24596   70 1495  587.00000  631.77978  7.63%  1270 2996s
 10237  8913  596.31071  189 1491  587.00000  631.65774  7.61%  1269 3010s
 10239  8914  624.75845   93 1493  587.00000  631.61051  7.60%  1269 3025s
 10240  8915  590.70444  219 1487  587.00000  631.47931  7.58%  1269 3039s
 10242  8916  613.53498  129 1490  587.00000  631.42529  7.57%  1269 3054s
 10243  8917  590.31932   67 1490  587.00000  631.34068  7.55%  1269 3072s
 10245  8918  590.31932   67 1491  587.00000  631.30931  7.55%  1268 3088s
 10246  8919  620.32150   84 1491  587.00000  631.28661  7.54%  1268 3104s
 10247  8919  596.56845  199 1491  587.00000  631.27712  7.54%  1268 3120s
 10248  8920  630.53174   24 1490  587.00000  631.20015  7.53%  1268 3135s
 10251  8922  592.13763  213 1492  587.00000  631.16178  7.52%  1268 3152s
 10252  8923  588.68337  224 1491  587.00000  631.07768  7.51%  1268 3168s
 10255  8925  603.30214  179 1492  587.00000  631.03353  7.50%  1267 3187s
 10256  8925  631.00293   36 1491  587.00000  631.00293  7.50%  1267 3201s
 10257  8926  613.84435  140 1494  587.00000  630.99471  7.49%  1267 3218s
 10258  8927  590.50928  228 1491  587.00000  630.97785  7.49%  1267 3236s
 10259  8927  605.42768  152 1492  587.00000  630.97108  7.49%  1267 3254s
 10260  8928  603.60441  173 1491  587.00000  630.96904  7.49%  1267 3271s
 10261  8929  599.81201  189 1493  587.00000  630.96851  7.49%  1266 3289s
 10262  8929  589.64469  221 1493  587.00000  630.96834  7.49%  1266 3308s
 10263  8930  590.98937  219 1493  587.00000  630.96816  7.49%  1266 3327s
 10264  8931  624.14333   84 1493  587.00000  630.96795  7.49%  1266 3347s
 10265  8931  613.19459  144 1493  587.00000  630.96792  7.49%  1266 3367s
 10266  8932  606.48262  161 1492  587.00000  630.96789  7.49%  1266 3386s
 10267  8933  596.07319  136 1492  587.00000  630.96789  7.49%  1266 3405s
 10268  8933  594.13468  180 1493  587.00000  630.96789  7.49%  1266 3423s
 10269  8934  591.92757  219 1493  587.00000  630.96240  7.49%  1265 3442s
 10270  8935  599.72143  181 1491  587.00000  630.96178  7.49%  1265 3461s
 10271  8935  596.17975  203 1491  587.00000  630.96178  7.49%  1265 3477s
 10275  8940  629.70522   30 1478  587.00000  630.44079  7.40%  1274 3480s
 10281  8944  629.04372   33 1480  587.00000  630.13275  7.35%  1275 3485s
 10288  8949  627.99428   37 1471  587.00000  630.13275  7.35%  1276 3490s
 10296  8954  626.97837   41 1470  587.00000  630.13275  7.35%  1277 3495s
 10304  8959  626.01972   45 1470  587.00000  630.13275  7.35%  1278 3500s
 10313  8965  624.24040   49 1457  587.00000  630.13275  7.35%  1280 3505s
 10321  8971  622.01195   53 1451  587.00000  630.13275  7.35%  1281 3510s
 10335  8980  620.26022   60 1441  587.00000  630.13275  7.35%  1283 3515s
 10347  8988  619.09266   66 1436  587.00000  630.13275  7.35%  1284 3520s
 10356  8994  618.15335   71 1438  587.00000  630.13275  7.35%  1285 3525s
 10369  9003  616.33638   77 1434  587.00000  630.13275  7.35%  1287 3530s
 10388  9015  613.38200   87 1417  587.00000  630.13275  7.35%  1288 3535s
 10401  9024  610.11778   93 1401  587.00000  630.13275  7.35%  1290 3540s
 10413  9032  605.75892   99 1377  587.00000  630.13275  7.35%  1291 3545s
 10426  9041  608.02045  106 1398  587.00000  630.13275  7.35%  1292 3550s
 10440  9050  605.46109  113 1393  587.00000  630.13275  7.35%  1294 3555s
 10455  9060  602.30998  120 1377  587.00000  630.13275  7.35%  1295 3560s
 10469  9069  598.02282  127 1364  587.00000  630.13275  7.35%  1297 3565s
 10489  9083  593.72271  137 1346  587.00000  630.13275  7.35%  1299 3570s
 10507  9095  593.78059  146 1342  587.00000  630.13275  7.35%  1300 3575s
 10523  9105  589.94913  154 1330  587.00000  630.13275  7.35%  1302 3580s
 10539  9112  588.13569  162 1317  587.00000  630.13275  7.35%  1304 3585s
 10564  9110  588.02537  175 1323  587.00000  630.13275  7.35%  1304 3590s
 10573  9112  625.91356   33 1451  587.00000  630.13270  7.35%  1305 3595s

Cutting planes:
  Gomory: 7
  MIR: 1
  Flow cover: 59
  Zero half: 657
  RLT: 199
  BQP: 36

Explored 10579 nodes (13932238 simplex iterations) in 3600.00 seconds (4841.37 work units)
Thread count was 1 (of 24 available processors)

Solution count 10: 587 586 585 ... 577

Time limit reached
Best objective 5.870000000000e+02, best bound 6.300000000000e+02, gap 7.3254%

User-callback calls 190602, time in user-callback 1.13 sec
