
Gurobi 11.0.3 (linux64) logging started Thu Mar  5 20:04:10 2026

Set parameter LogFile to value "./log/train/IS_1500_6/IS_68.lp.log"
Set parameter TimeLimit to value 3600
Gurobi Optimizer version 11.0.3 build v11.0.3rc0 (linux64 - "Ubuntu 22.04.5 LTS")

CPU model: AMD Ryzen 9 9900X 12-Core Processor, instruction set [SSE2|AVX|AVX2|AVX512]
Thread count: 12 physical cores, 24 logical processors, using up to 2 threads

Optimize a model with 9210 rows, 1500 columns and 18138 nonzeros
Model fingerprint: 0xef544382
Variable types: 0 continuous, 1500 integer (1500 binary)
Coefficient statistics:
  Matrix range     [1e+00, 1e+00]
  Objective range  [1e+00, 1e+00]
  Bounds range     [1e+00, 1e+00]
  RHS range        [1e+00, 1e+00]
Found heuristic solution: objective 335.0000000
Presolve removed 1796 rows and 0 columns
Presolve time: 0.02s
Presolved: 7414 rows, 1500 columns, 16250 nonzeros
Variable types: 0 continuous, 1500 integer (1500 binary)

Root relaxation: objective 6.875000e+02, 4363 iterations, 0.19 seconds (0.33 work units)

    Nodes    |    Current Node    |     Objective Bounds      |     Work
 Expl Unexpl |  Obj  Depth IntInf | Incumbent    BestBd   Gap | It/Node Time

     0     0  687.50000    0 1359  335.00000  687.50000   105%     -    0s
H    0     0                     518.0000000  687.50000  32.7%     -    0s
     0     0  671.56667    0 1438  518.00000  671.56667  29.6%     -    0s
     0     0  671.55531    0 1434  518.00000  671.55531  29.6%     -    0s
     0     0  671.55234    0 1436  518.00000  671.55234  29.6%     -    0s
     0     0  671.55214    0 1436  518.00000  671.55214  29.6%     -    0s
     0     0  664.95688    0 1481  518.00000  664.95688  28.4%     -    1s
H    0     0                     539.0000000  664.95688  23.4%     -    1s
H    0     0                     541.0000000  664.95688  22.9%     -    1s
     0     0  664.54349    0 1481  541.00000  664.54349  22.8%     -    1s
     0     0  664.45599    0 1481  541.00000  664.45599  22.8%     -    1s
     0     0  664.45006    0 1481  541.00000  664.45006  22.8%     -    1s
     0     0  664.44836    0 1482  541.00000  664.44836  22.8%     -    1s
     0     0  658.62742    0 1479  541.00000  658.62742  21.7%     -    2s
     0     0  658.30508    0 1475  541.00000  658.30508  21.7%     -    2s
     0     0  658.28063    0 1482  541.00000  658.28063  21.7%     -    2s
     0     0  658.27348    0 1482  541.00000  658.27348  21.7%     -    2s
     0     0  658.27239    0 1481  541.00000  658.27239  21.7%     -    2s
     0     0  655.14940    0 1484  541.00000  655.14940  21.1%     -    3s
H    0     0                     542.0000000  655.14940  20.9%     -    3s
     0     0  654.88740    0 1486  542.00000  654.88740  20.8%     -    3s
     0     0  654.82777    0 1486  542.00000  654.82777  20.8%     -    3s
     0     0  654.82149    0 1486  542.00000  654.82149  20.8%     -    3s
     0     0  652.54789    0 1484  542.00000  652.54789  20.4%     -    4s
     0     0  652.30058    0 1487  542.00000  652.30058  20.4%     -    4s
     0     0  652.27040    0 1484  542.00000  652.27040  20.3%     -    4s
     0     0  652.25893    0 1486  542.00000  652.25893  20.3%     -    4s
     0     0  652.25701    0 1487  542.00000  652.25701  20.3%     -    4s
     0     0  650.67590    0 1486  542.00000  650.67590  20.1%     -    4s
H    0     0                     544.0000000  650.67590  19.6%     -    4s
     0     0  650.38719    0 1485  544.00000  650.38719  19.6%     -    5s
     0     0  650.35391    0 1489  544.00000  650.35391  19.6%     -    5s
     0     0  650.34869    0 1489  544.00000  650.34869  19.5%     -    5s
     0     0  649.31313    0 1487  544.00000  649.31313  19.4%     -    5s
     0     0  649.23468    0 1488  544.00000  649.23468  19.3%     -    5s
     0     0  649.21523    0 1488  544.00000  649.21523  19.3%     -    5s
     0     0  649.20655    0 1488  544.00000  649.20655  19.3%     -    5s
     0     0  648.25038    0 1486  544.00000  648.25038  19.2%     -    6s
     0     0  648.12568    0 1490  544.00000  648.12568  19.1%     -    6s
     0     0  648.10873    0 1490  544.00000  648.10873  19.1%     -    6s
     0     0  648.10029    0 1489  544.00000  648.10029  19.1%     -    6s
     0     0  647.34663    0 1487  544.00000  647.34663  19.0%     -    6s
     0     0  647.26366    0 1487  544.00000  647.26366  19.0%     -    6s
     0     0  647.24517    0 1488  544.00000  647.24517  19.0%     -    6s
     0     0  647.24074    0 1488  544.00000  647.24074  19.0%     -    6s
     0     0  646.73080    0 1486  544.00000  646.73080  18.9%     -    7s
H    0     0                     549.0000000  646.73080  17.8%     -    7s
     0     0  646.63135    0 1485  549.00000  646.63135  17.8%     -    7s
     0     0  646.61219    0 1486  549.00000  646.61219  17.8%     -    7s
     0     0  646.60193    0 1486  549.00000  646.60193  17.8%     -    7s
     0     0  645.99630    0 1490  549.00000  645.99630  17.7%     -    7s
     0     0  645.90996    0 1490  549.00000  645.90996  17.7%     -    7s
     0     0  645.89018    0 1491  549.00000  645.89018  17.6%     -    7s
     0     0  645.88494    0 1491  549.00000  645.88494  17.6%     -    7s
     0     0  645.10767    0 1491  549.00000  645.10767  17.5%     -    8s
     0     0  644.95199    0 1490  549.00000  644.95199  17.5%     -    8s
     0     0  644.93621    0 1490  549.00000  644.93621  17.5%     -    8s
     0     0  644.17945    0 1487  549.00000  644.17945  17.3%     -    9s
     0     0  644.06042    0 1485  549.00000  644.06042  17.3%     -    9s
     0     0  644.03674    0 1488  549.00000  644.03674  17.3%     -    9s
     0     0  644.02711    0 1487  549.00000  644.02711  17.3%     -    9s
     0     0  643.61273    0 1489  549.00000  643.61273  17.2%     -    9s
H    0     0                     553.0000000  643.61273  16.4%     -    9s
     0     0  643.51666    0 1486  553.00000  643.51666  16.4%     -    9s
     0     0  643.50196    0 1487  553.00000  643.50196  16.4%     -    9s
     0     0  642.81039    0 1489  553.00000  642.81039  16.2%     -   10s
     0     0  642.70084    0 1489  553.00000  642.70084  16.2%     -   10s
     0     0  642.68667    0 1488  553.00000  642.68667  16.2%     -   10s
     0     0  642.33901    0 1490  553.00000  642.33901  16.2%     -   10s
     0     0  642.25417    0 1490  553.00000  642.25417  16.1%     -   11s
     0     0  642.24383    0 1491  553.00000  642.24383  16.1%     -   11s
     0     0  642.01645    0 1492  553.00000  642.01645  16.1%     -   11s
     0     0  641.99027    0 1492  553.00000  641.99027  16.1%     -   11s
     0     0  641.98376    0 1493  553.00000  641.98376  16.1%     -   11s
     0     0  641.74174    0 1491  553.00000  641.74174  16.0%     -   11s
     0     0  641.67541    0 1487  553.00000  641.67541  16.0%     -   11s
     0     0  641.65788    0 1490  553.00000  641.65788  16.0%     -   11s
     0     0  641.44590    0 1490  553.00000  641.44590  16.0%     -   12s
     0     0  641.39024    0 1488  553.00000  641.39024  16.0%     -   12s
     0     0  641.37484    0 1489  553.00000  641.37484  16.0%     -   12s
     0     0  640.84150    0 1490  553.00000  640.84150  15.9%     -   12s
     0     0  640.74285    0 1491  553.00000  640.74285  15.9%     -   12s
     0     0  640.71979    0 1490  553.00000  640.71979  15.9%     -   12s
     0     0  640.71799    0 1491  553.00000  640.71799  15.9%     -   12s
     0     0  640.24117    0 1492  553.00000  640.24117  15.8%     -   13s
     0     0  640.14121    0 1489  553.00000  640.14121  15.8%     -   13s
     0     0  640.12706    0 1492  553.00000  640.12706  15.8%     -   13s
     0     0  639.79141    0 1492  553.00000  639.79141  15.7%     -   13s
H    0     0                     554.0000000  639.79141  15.5%     -   13s
     0     0  639.73391    0 1492  554.00000  639.73391  15.5%     -   14s
     0     0  639.72320    0 1492  554.00000  639.72320  15.5%     -   14s
     0     0  639.42771    0 1488  554.00000  639.42771  15.4%     -   14s
     0     0  639.36429    0 1487  554.00000  639.36429  15.4%     -   14s
     0     0  639.34469    0 1488  554.00000  639.34469  15.4%     -   14s
     0     0  639.20963    0 1490  554.00000  639.20963  15.4%     -   14s
H    0     0                     555.0000000  639.20963  15.2%     -   14s
     0     0  639.18978    0 1490  555.00000  639.18978  15.2%     -   14s
     0     0  639.08651    0 1489  555.00000  639.08651  15.2%     -   15s
     0     0  639.08651    0 1488  555.00000  639.08651  15.2%     -   15s
H    0     0                     558.0000000  639.08651  14.5%     -   16s
H    0     2                     559.0000000  639.08651  14.3%     -   16s
     0     2  639.08651    0 1488  559.00000  639.08651  14.3%     -   16s
     5     8  633.04585    2 1450  559.00000  638.85424  14.3%  4536   20s
    23    27  625.48662    9 1398  559.00000  638.85424  14.3%  2543   25s
H   27    30                     564.0000000  638.85424  13.3%  2222   26s
    48    54  607.28688   18 1325  564.00000  638.85424  13.3%  2247   30s
H   57    59                     565.0000000  638.85424  13.1%  2137   30s
   100   106  583.70127   34 1227  565.00000  638.85424  13.1%  1911   35s
   135   127  633.07974    6 1442  565.00000  638.69310  13.0%  1844   40s
H  147   142                     567.0000000  638.69310  12.6%  1873   43s
   164   163  614.27908   15 1350  567.00000  638.69310  12.6%  1861   45s
H  178   178                     568.0000000  638.69310  12.4%  1826   46s
H  211   209                     569.0000000  638.69310  12.2%  1776   48s
H  218   205                     571.0000000  638.69310  11.9%  1744   48s
   234   213  598.80431   35 1271  571.00000  638.69310  11.9%  1655   50s
   290   256  574.21015   64 1130  571.00000  638.24790  11.8%  1570   55s
   375   309  630.04611   16 1436  571.00000  638.24790  11.8%  1466   61s
H  396   329                     572.0000000  638.24790  11.6%  1506   66s
   429   374  591.28059   40 1243  572.00000  638.24790  11.6%  1563   71s
   489   401  628.94064    8 1428  572.00000  638.07384  11.6%  1497   88s
   511   409  614.09556   11 1357  572.00000  638.07384  11.6%  1472   90s
H  538   440                     573.0000000  638.07384  11.4%  1494   94s
   560   448  574.93492   35 1144  573.00000  637.72853  11.3%  1515   97s
H  587   448                     574.0000000  637.72853  11.1%  1541   99s
   597   474  623.81506   11 1408  574.00000  637.72853  11.1%  1533  102s
H  619   460                     575.0000000  637.72853  10.9%  1531  102s
   629   474  623.38134   16 1400  575.00000  637.72853  10.9%  1531  105s
   689   518  590.75961   30 1249  575.00000  637.40052  10.9%  1516  111s
   750   558  628.62054   16 1424  575.00000  637.40052  10.9%  1528  117s
H  791   578                     576.0000000  637.40052  10.7%  1522  119s
   817   618  600.37025   39 1255  576.00000  637.40052  10.7%  1529  122s
   858   619  605.71705   24 1488  576.00000  637.40052  10.7%  1528  134s
   860   620  596.86741   39 1359  576.00000  637.40052  10.7%  1524  135s
   861   621  632.14707    6 1485  576.00000  637.40052  10.7%  1522  141s
   867   625  593.15529   17 1492  576.00000  637.40052  10.7%  1512  149s
   868   626  605.89427   23 1490  576.00000  637.40052  10.7%  1510  155s
   871   628  622.49565   21 1490  576.00000  637.40052  10.7%  1505  161s
   872   628  603.76655   28 1488  576.00000  637.40052  10.7%  1503  168s
   873   629  597.30618   42 1489  576.00000  637.40052  10.7%  1501  175s
   874   630  610.23082   22 1489  576.00000  637.40052  10.7%  1500  181s
   875   630  603.33806   32 1490  576.00000  637.40052  10.7%  1498  188s
   876   631  583.69966   35 1488  576.00000  637.40052  10.7%  1496  195s
   877   632  578.04405   48 1488  576.00000  637.40052  10.7%  1495  201s
   878   632  627.26392   15 1486  576.00000  637.40052  10.7%  1493  206s
   879   633  620.58855   27 1486  576.00000  637.40052  10.7%  1491  212s
   880   634  598.84619   24 1486  576.00000  637.40052  10.7%  1489  227s
   885   640  637.30589   13 1476  576.00000  637.40052  10.7%  1553  230s
   899   649  637.22460   17 1482  576.00000  637.40052  10.7%  1569  235s
   917   663  635.87265   21 1479  576.00000  637.40052  10.7%  1593  240s
   941   679  634.42927   27 1454  576.00000  637.40052  10.7%  1602  245s
   961   693  633.01617   32 1449  576.00000  637.40052  10.7%  1620  250s
   978   707  631.52539   36 1437  576.00000  637.40052  10.7%  1646  255s
  1005   722  630.29376   42 1429  576.00000  637.40052  10.7%  1658  260s
  1030   741  626.55680   48 1411  576.00000  637.40052  10.7%  1685  266s
  1056   763  626.71381   54 1418  576.00000  637.40052  10.7%  1701  271s
  1081   781  624.74384   60 1399  576.00000  637.40052  10.7%  1708  275s
  1120   809  621.84541   68 1389  576.00000  637.40052  10.7%  1723  281s
  1144   825  620.82087   74 1386  576.00000  637.40052  10.7%  1741  286s
  1173   845  618.90297   80 1380  576.00000  637.40052  10.7%  1759  291s
  1203   865  617.28074   87 1375  576.00000  637.40052  10.7%  1780  297s
  1218   875  613.03305   90 1349  576.00000  637.40052  10.7%  1796  300s
  1251   902  615.26660   98 1360  576.00000  637.40052  10.7%  1817  307s
  1271   915  614.32879  103 1355  576.00000  637.40052  10.7%  1832  310s
  1313   946  612.92633  113 1347  576.00000  637.40052  10.7%  1862  318s
  1336   965  601.16292  118 1280  576.00000  637.40052  10.7%  1874  322s
  1362   987  611.19632  124 1328  576.00000  637.40052  10.7%  1882  326s
  1393  1015  610.22214  131 1318  576.00000  637.40052  10.7%  1892  330s
  1476  1086  606.90494  151 1287  576.00000  637.40052  10.7%  1895  338s
  1530  1147  600.49516  162 1237  576.00000  637.40052  10.7%  1887  342s
  1609  1234  604.81570  177 1246  576.00000  637.40052  10.7%  1853  346s
  1726  1281  598.72839  199 1183  576.00000  637.40052  10.7%  1784  351s
  1844  1280  584.74062  234 1109  576.00000  637.30583  10.6%  1719  356s
  1903  1273  635.70525   17 1465  576.00000  637.30583  10.6%  1700  361s
  1915  1280  635.21179   20 1461  576.00000  637.30583  10.6%  1715  366s
  1926  1287  634.68697   23 1456  576.00000  637.30583  10.6%  1730  371s
  1937  1295  634.05474   26 1453  576.00000  637.30583  10.6%  1749  376s
  1949  1304  633.79856   29 1451  576.00000  637.30583  10.6%  1766  381s
  1962  1313  626.67327   32 1413  576.00000  637.30583  10.6%  1786  386s
  1975  1323  632.63076   36 1446  576.00000  637.30583  10.6%  1801  391s
  1989  1332  632.32048   40 1439  576.00000  637.30583  10.6%  1819  396s
  2003  1345  631.92581   44 1435  576.00000  637.30583  10.6%  1836  402s
  2021  1358  631.22407   49 1428  576.00000  637.30583  10.6%  1854  407s
  2040  1373  630.37964   54 1422  576.00000  637.30583  10.6%  1870  413s
  2061  1390  629.48755   60 1416  576.00000  637.30583  10.6%  1887  419s
  2085  1409  628.46507   66 1407  576.00000  637.30583  10.6%  1906  425s
  2112  1427  623.87360   73 1389  576.00000  637.30583  10.6%  1923  431s
  2139  1449  625.96720   81 1393  576.00000  637.30583  10.6%  1938  439s
  2170  1469  625.09734   89 1379  576.00000  637.30583  10.6%  1954  446s
  2200  1500  622.82649   98 1371  576.00000  637.30583  10.6%  1966  453s
  2241  1522  610.23442  109 1298  576.00000  637.30583  10.6%  1981  460s
  2277  1536  619.14851  120 1339  576.00000  637.30583  10.6%  1990  471s
  2303  1581  615.90006  126 1330  576.00000  637.30583  10.6%  1995  481s
  2357  1586  614.79286  143 1304  576.00000  637.30583  10.6%  2000  493s
  2380  1644  612.45205  154 1281  576.00000  637.30583  10.6%  1996  503s
H 2430  1588                     577.0000000  637.30583  10.5%  1985  503s
  2445  1687  607.43319  175 1255  577.00000  637.30583  10.5%  1986  513s
  2551  1764  592.46536  222 1159  577.00000  637.30467  10.5%  1946  523s
H 2576  1720                     578.0000000  637.30467  10.3%  1931  523s
  2689  1744  635.29326   17 1459  578.00000  637.30467  10.3%  1890  535s
  2720  1808  634.49227   22 1453  578.00000  637.30467  10.3%  1897  546s
  2784  1965  633.69205   29 1446  578.00000  637.30467  10.3%  1896  556s
  2977  1985  632.59000   36 1439  578.00000  637.30467  10.3%  1832  566s
  2997  2015  631.54345   42 1433  578.00000  637.30467  10.3%  1848  578s
  3027  2047  629.91714   51 1422  578.00000  637.30467  10.3%  1870  588s
  3059  2077  628.84618   60 1409  578.00000  637.30467  10.3%  1890  600s
  3089  2127  627.81576   68 1399  578.00000  637.30467  10.3%  1907  611s
  3139  2185  621.38482   83 1357  578.00000  637.30467  10.3%  1927  623s
  3197  2265  621.25072  100 1357  578.00000  637.30467  10.3%  1945  635s
  3277  2267  616.34030  126 1309  578.00000  637.30467  10.3%  1960  653s
  3279  2380  614.74283  126 1297  578.00000  637.30467  10.3%  1959  666s
  3392  2599  606.50418  166 1245  578.00000  636.94335  10.2%  1962  679s
  3628  2690  636.24899   18 1469  578.00000  636.89234  10.2%  1909  693s
  3719  2889  634.88658   26 1457  578.00000  636.89234  10.2%  1920  706s
  3922  2934  633.99690   34 1449  578.00000  636.89234  10.2%  1878  720s
  3983  2973  632.39781   44 1440  578.00000  636.89234  10.2%  1891  734s
  4022  3028  628.41960   54 1415  578.00000  636.89234  10.2%  1913  749s
  4077  3078  627.77549   70 1407  578.00000  636.89234  10.2%  1935  765s
  4127  3164  625.96863   85 1390  578.00000  636.89234  10.2%  1956  781s
  4213  3291  620.84010  108 1359  578.00000  636.89234  10.2%  1977  798s
  4340  3608  611.26451  145 1295  578.00000  636.55549  10.1%  1990  815s
  4715  3954  635.94131   18 1470  578.00000  636.55549  10.1%  1918  832s
  5084  4368  615.63350  136 1299  578.00000  636.55549  10.1%  1836  848s
  5498  4827  593.29381  214 1159  578.00000  636.55549  10.1%  1763  867s
  5961  5220  593.39605  212 1123  578.00000  636.49099  10.1%  1669  883s
  6416  5534  627.49022   71 1411  578.00000  636.47051  10.1%  1586  898s
  6730  5615  602.13919  180 1251  578.00000  636.47051  10.1%  1562  915s
  6811  6359  604.67085  184 1250  578.00000  636.47027  10.1%  1554  932s
  7631  6833  633.71081   20 1442  578.00000  636.30315  10.1%  1442  952s
  8105  7288  605.54005  157 1242  578.00000  636.30315  10.1%  1413  962s
  8588  7471  586.35257  222 1103  578.00000  636.21477  10.1%  1364  967s
  8795  7561  628.52766   22 1429  578.00000  636.21477  10.1%  1344  973s
  8885  7687  620.19396   65 1373  578.00000  636.21477  10.1%  1340  979s
  9011  7793  609.78729  119 1305  578.00000  636.21477  10.1%  1336  986s
  9117  8050  601.41694  153 1239  578.00000  636.21477  10.1%  1331  992s
  9374  8419  588.10185  192 1135  578.00000  636.15085  10.1%  1316  998s
  9772  8522  627.90686   21 1416  578.00000  636.15085  10.1%  1282 1003s
  9901  8598  592.81587   65 1249  578.00000  636.12394  10.1%  1274 1009s
  9989  8641  628.01522   23 1425  578.00000  636.12394  10.1%  1272 1015s
 10032  8787  619.59029   28 1392  578.00000  636.12394  10.1%  1273 1021s
 10212  8839  626.09021   34 1413  578.00000  636.12394  10.1%  1262 1028s
 10264  8919  625.10479   41 1405  578.00000  636.12394  10.1%  1264 1035s
 10344  9067  623.93596   49 1392  578.00000  636.12394  10.1%  1264 1042s
 10520  9142  622.68774   58 1388  578.00000  636.12394  10.1%  1255 1048s
 10595  9272  620.00422   69 1375  578.00000  636.12394  10.1%  1256 1055s
 10745  9340  617.56043   81 1358  578.00000  636.12394  10.1%  1251 1062s
 10813  9434  615.23022   95 1331  578.00000  636.12394  10.1%  1254 1069s
 10907  9484  610.09205  114 1303  578.00000  636.12394  10.1%  1257 1129s
 10957  9613  606.96431  126 1280  578.00000  636.12394  10.1%  1258 1137s
 11086  9911  601.41459  158 1252  578.00000  636.10444  10.1%  1258 1145s
 11409 10129  629.96128   19 1440  578.00000  636.10444  10.1%  1243 1152s
 11653 10254  587.04853   79 1194  578.00000  636.01666  10.0%  1231 1159s
 11792 10451  622.13544   46 1394  578.00000  635.94031  10.0%  1225 1167s
 12014 10453  628.53663   22 1432  578.00000  635.93184  10.0%  1215 1187s
 12016 10471  622.35014   23 1401  578.00000  635.93184  10.0%  1216 1200s
 12034 10507  607.19012   24 1332  578.00000  635.93184  10.0%  1220 1208s
 12070 10566  607.66721   32 1336  578.00000  635.87227  10.0%  1227 1215s
 12203 10685  627.60582   31 1413  578.00000  635.87216  10.0%  1224 1222s
 12322 10851  603.68981  109 1235  578.00000  635.84986  10.0%  1221 1228s
 12513 10991  631.33737   49 1437  578.00000  635.84986  10.0%  1213 1235s
 12669 11205  620.07507  110 1364  578.00000  635.79803  10.0%  1208 1242s
 12926 11319  628.95124   23 1435  578.00000  635.78591  10.0%  1197 1248s
 13040 11610  619.95611   74 1377  578.00000  635.76146  10.0%  1194 1255s
 13396 11737  627.99928   20 1433  578.00000  635.74655  10.0%  1177 1261s
 13523 12010  616.32270   81 1365  578.00000  635.72359  10.0%  1174 1267s
 13844 12147  628.10922   17 1427  578.00000  635.71165  10.0%  1160 1273s
 13981 12423  616.11722   84 1346  578.00000  635.69583  10.0%  1157 1279s
 14301 12436  628.56066   24 1433  578.00000  635.69583  10.0%  1142 1285s
 14331 12483  627.51388   30 1423  578.00000  635.69583  10.0%  1147 1292s
 14390 12555  620.86707   37 1390  578.00000  635.69583  10.0%  1151 1298s
 14462 12723  612.00594   45 1345  578.00000  635.69583  10.0%  1153 1303s
 14630 12780  623.44134   54 1400  578.00000  635.69583  10.0%  1149 1310s
 14715 12852  621.33229   64 1386  578.00000  635.69583  10.0%  1151 1316s
 14797 12996  614.84624   75 1349  578.00000  635.69583  10.0%  1153 1322s
 14952 12997  581.60870  254 1488  578.00000  635.69583  10.0%  1151 1701s
 14955 12999  580.31536  248 1484  578.00000  635.69583  10.0%  1151 1711s
 14958 13001  592.00000  211 1492  578.00000  633.46155  9.60%  1151 1715s
 14961 13003  617.67661  116 1494  578.00000  633.31123  9.57%  1150 1730s
 14962 13004  610.93227  101 1491  578.00000  633.25646  9.56%  1150 1744s
 14964 13005  580.22507  247 1493  578.00000  633.22910  9.56%  1150 1759s
 14965 13006  584.89394  245 1494  578.00000  633.11021  9.53%  1150 1774s
 14967 13007  621.83823   68 1494  578.00000  633.05907  9.53%  1150 1790s
 14968 13008  594.13542  210 1490  578.00000  632.85979  9.49%  1150 1803s
 14970 13009  616.74166  114 1495  578.00000  632.80486  9.48%  1150 1817s
 14971 13010  607.61855  125 1492  578.00000  632.57240  9.44%  1150 1831s
 14974 13012  616.20283  122 1494  578.00000  632.50043  9.43%  1149 1845s
 14975 13012  631.75850   43 1492  578.00000  632.29399  9.39%  1149 1858s
 14978 13014  610.22676  104 1494  578.00000  632.19537  9.38%  1149 1872s
 14979 13015  619.57865  102 1492  578.00000  632.03969  9.35%  1149 1884s
 14982 13017  614.12075  151 1494  578.00000  631.97452  9.34%  1149 1896s
 14983 13018  606.22993  178 1493  578.00000  631.82184  9.31%  1149 1908s
 14985 13019  586.81973  231 1494  578.00000  631.76892  9.30%  1149 1921s
 14986 13020  601.52425  174 1492  578.00000  631.66389  9.28%  1148 1935s
 14989 13022  612.32397  117 1495  578.00000  631.61254  9.28%  1148 1951s
 14990 13022  622.13519   47 1494  578.00000  631.58671  9.27%  1148 1966s
 14991 13023  615.10580   25 1493  578.00000  631.58020  9.27%  1148 1981s
 14992 13024  595.48370  204 1491  578.00000  631.55929  9.27%  1148 1997s
 14993 13024  606.10300  169 1492  578.00000  631.55332  9.27%  1148 2012s
 14994 13025  588.87135  228 1491  578.00000  631.54865  9.26%  1148 2027s
 14995 13026  587.21210  237 1491  578.00000  631.54670  9.26%  1148 2041s
 14996 13026  603.15356  191 1491  578.00000  631.49380  9.25%  1148 2054s
 14998 13028  597.81773  207 1492  578.00000  631.46814  9.25%  1148 2067s
 14999 13028  599.82902  184 1492  578.00000  631.38130  9.24%  1147 2080s
 15001 13030  617.49147  108 1491  578.00000  631.35552  9.23%  1147 2094s
 15002 13030  579.00000  241 1491  578.00000  631.33093  9.23%  1147 2106s
 15003 13031  621.03169  102 1493  578.00000  631.32329  9.23%  1147 2119s
 15004 13032  628.41027   49 1492  578.00000  631.30201  9.22%  1147 2132s
 15006 13033  624.21974   59 1494  578.00000  631.29138  9.22%  1147 2146s
 15007 13034  630.74409   36 1492  578.00000  631.23124  9.21%  1147 2160s
 15009 13035  592.46429  190 1492  578.00000  631.19454  9.20%  1147 2174s
 15010 13036  599.38051  180 1491  578.00000  631.18565  9.20%  1147 2186s
 15011 13036  596.26550  170 1491  578.00000  631.18177  9.20%  1147 2201s
 15012 13037  631.11589   43 1492  578.00000  631.11589  9.19%  1146 2215s
 15014 13038  586.29569  232 1493  578.00000  631.08820  9.18%  1146 2232s
 15015 13039  599.62690  169 1492  578.00000  631.00980  9.17%  1146 2245s
 15016 13040  580.95072  253 1492  578.00000  631.00163  9.17%  1146 2260s
 15017 13040  589.62328  218 1493  578.00000  630.99408  9.17%  1146 2276s
 15018 13041  618.95328   76 1494  578.00000  630.99209  9.17%  1146 2293s
 15019 13042  599.28642  181 1494  578.00000  630.99143  9.17%  1146 2309s
 15020 13042  581.64464  237 1495  578.00000  630.99115  9.17%  1146 2326s
 15021 13043  584.27046  229 1495  578.00000  630.99099  9.17%  1146 2343s
 15022 13044  620.47134   80 1495  578.00000  630.99094  9.17%  1146 2361s
 15023 13044  591.11724  222 1495  578.00000  630.99094  9.17%  1146 2382s
 15024 13045  597.96064  185 1495  578.00000  630.98004  9.17%  1146 2402s
 15025 13046  583.60681  238 1494  578.00000  630.98004  9.17%  1145 2421s
 15026 13046  627.83508   22 1494  578.00000  630.98004  9.17%  1145 2436s
 15035 13055  629.26434   25 1474  578.00000  630.30174  9.05%  1152 2441s
 15047 13063  628.58933   28 1475  578.00000  630.30174  9.05%  1154 2445s
 15063 13074  628.35130   32 1471  578.00000  630.30174  9.05%  1155 2450s
 15077 13085  627.95189   36 1474  578.00000  630.30174  9.05%  1157 2455s
 15089 13093  627.31710   39 1471  578.00000  630.30174  9.05%  1158 2460s
 15105 13103  624.78968   43 1454  578.00000  630.30174  9.05%  1160 2466s
 15113 13110  624.17210   45 1454  578.00000  630.30174  9.05%  1161 2471s
 15128 13120  624.23101   49 1457  578.00000  630.30174  9.05%  1163 2476s
 15140 13125  622.89518   51 1447  578.00000  630.30174  9.05%  1164 2489s
 15142 13132  623.39650   52 1452  578.00000  630.30174  9.05%  1164 2491s
 15156 13141  621.99402   56 1445  578.00000  630.30174  9.05%  1166 2496s
 15171 13147  620.72611   60 1438  578.00000  630.30174  9.05%  1167 2502s
 15174 13154  620.51608   61 1440  578.00000  630.30174  9.05%  1168 2505s
 15191 13168  619.44711   65 1436  578.00000  630.30174  9.05%  1170 2510s
 15202 13167  616.87966   67 1419  578.00000  630.30174  9.05%  1171 2520s
 15215 13184  617.43265   71 1424  578.00000  630.30174  9.05%  1172 2526s
 15226 13194  615.18241   73 1412  578.00000  630.30174  9.05%  1173 2530s
 15252 13211  615.09203   80 1419  578.00000  630.30174  9.05%  1175 2537s
 15265 13219  614.28627   83 1416  578.00000  630.30174  9.05%  1177 2540s
 15293 13240  612.42795   90 1406  578.00000  630.30174  9.05%  1180 2548s
 15308 13250  609.19046   93 1388  578.00000  630.30174  9.05%  1182 2552s
 15323 13259  610.93494   97 1399  578.00000  630.30174  9.05%  1184 2556s
 15337 13270  610.25005  100 1399  578.00000  630.30174  9.05%  1185 2561s
 15352 13282  604.85139  103 1366  578.00000  630.30174  9.05%  1188 2566s
 15369 13295  608.84422  107 1393  578.00000  630.30174  9.05%  1190 2570s
 15388 13308  601.07520  111 1342  578.00000  630.30174  9.05%  1193 2575s
 15407 13323  607.78970  116 1377  578.00000  630.30174  9.05%  1195 2580s
 15429 13338  607.11668  121 1374  578.00000  630.30174  9.05%  1198 2585s
 15451 13358  606.19172  126 1369  578.00000  630.30174  9.05%  1201 2590s
 15478 13379  600.38647  132 1334  578.00000  630.30174  9.05%  1203 2595s
 15508 13403  600.10578  139 1315  578.00000  630.30174  9.05%  1206 2601s
 15542 13393  603.53294  147 1340  578.00000  630.30174  9.05%  1208 2619s
 15544 13432  597.68641  147 1311  578.00000  630.30174  9.05%  1209 2624s
 15583 13467  601.39178  156 1335  578.00000  630.30174  9.05%  1212 2631s
 15631 13518  600.29768  165 1319  578.00000  630.30174  9.05%  1214 2638s
 15698 13582  598.24508  177 1299  578.00000  630.30174  9.05%  1215 2645s
 15795 13597  595.71923  193 1273  578.00000  630.30174  9.05%  1214 2651s
 15857 13637  591.29347  213 1246  578.00000  630.30174  9.05%  1214 2659s
 15920 13640  582.33323  241 1123  578.00000  629.99656  9.00%  1213 2665s
 15959 13638  629.29343   29 1474  578.00000  629.29343  8.87%  1214 2672s
 15970 13649  628.85366   32 1469  578.00000  629.26313  8.87%  1217 2680s
 15984 13660  628.55731   35 1467  578.00000  629.26313  8.87%  1220 2690s
 16000 13672  628.12481   39 1461  578.00000  629.26313  8.87%  1224 2698s
 16017 13683  627.67009   43 1459  578.00000  629.26313  8.87%  1227 2707s
 16034 13697  626.97127   47 1458  578.00000  629.26313  8.87%  1230 2716s
 16054 13711  622.78143   51 1427  578.00000  629.26313  8.87%  1234 2726s
 16074 13726  625.69237   56 1448  578.00000  629.26313  8.87%  1237 2737s
 16096 13742  624.82307   61 1440  578.00000  629.26313  8.87%  1241 2747s
 16119 13762  620.84953   66 1410  578.00000  629.26313  8.87%  1246 2757s
 16147 13783  618.15590   72 1399  578.00000  629.26313  8.87%  1250 2769s
 16177 13811  613.02856   79 1373  578.00000  629.26313  8.87%  1254 2780s
 16215 13843  620.30860   88 1407  578.00000  629.26313  8.87%  1258 2790s
 16260 13876  618.70585   98 1399  578.00000  629.26313  8.87%  1262 2802s
 16308 13920  617.44434  107 1386  578.00000  629.26313  8.87%  1265 2817s
 16368 13958  615.58847  118 1372  578.00000  629.26313  8.87%  1269 2829s
 16426 14059  613.24424  133 1335  578.00000  629.26313  8.87%  1271 2842s
 16548 14145  607.54112  154 1308  578.00000  629.26313  8.87%  1271 2855s
 16697 14097  600.17781  181 1270  578.00000  629.26313  8.87%  1269 2878s
 16699 14218  599.14455  181 1277  578.00000  629.26313  8.87%  1269 2892s
 16822 14199  580.95008  237 1072  578.00000  629.22908  8.86%  1268 2905s
 16864 14213  627.00138   31 1457  578.00000  629.22908  8.86%  1272 2919s
 16892 14228  625.93720   38 1452  578.00000  629.22908  8.86%  1277 2935s
 16917 14251  615.03090   44 1400  578.00000  629.22908  8.86%  1282 2953s
 16948 14274  623.91444   52 1441  578.00000  629.22908  8.86%  1288 2971s
 16981 14304  622.75104   60 1425  578.00000  629.22908  8.86%  1293 2988s
 17022 14316  621.12585   70 1415  578.00000  629.22908  8.86%  1299 3006s
 17048 14367  615.18373   76 1383  578.00000  629.22908  8.86%  1303 3023s
 17108 14407  618.05150   90 1392  578.00000  629.22908  8.86%  1309 3052s
 17168 14495  615.61705  104 1373  578.00000  629.22908  8.86%  1314 3069s
 17276 14649  611.54212  129 1344  578.00000  629.22908  8.86%  1320 3090s
 17466 14813  602.20513  170 1281  578.00000  629.22879  8.86%  1322 3111s
 17747 14756  628.40145   29 1466  578.00000  629.12645  8.85%  1316 3134s
 17784 14753  627.55338   38 1456  578.00000  629.12645  8.85%  1323 3154s
 17793 14795  627.30692   41 1450  578.00000  629.12645  8.85%  1325 3175s
 17838 14834  625.86391   52 1445  578.00000  629.12645  8.85%  1332 3198s
 17892 14882  624.16372   65 1429  578.00000  629.12645  8.85%  1340 3221s
 17958 14954  621.57981   80 1415  578.00000  629.12645  8.85%  1348 3246s
 18052 15068  617.61843  101 1388  578.00000  629.12645  8.85%  1357 3271s
 18197 15312  608.81723  131 1327  578.00000  629.12645  8.85%  1363 3297s
 18513 15491  597.50549  186 1241  578.00000  629.06551  8.83%  1358 3324s
 18814 15849  618.11842   89 1393  578.00000  629.06551  8.83%  1350 3353s
 19304 16003  589.15558  202 1176  578.00000  628.92298  8.81%  1334 3380s
 19651 16018  612.14658  117 1339  578.00000  628.92298  8.81%  1324 3406s
 19781 16409  598.03096  163 1221  578.00000  628.92165  8.81%  1323 3440s
 20276 16859  616.82412  100 1379  578.00000  628.87697  8.80%  1309 3465s
 20939 16853  625.64789   44 1447  578.00000  628.86447  8.80%  1289 3487s
 21154 17237  609.05259  140 1329  578.00000  628.86260  8.80%  1285 3511s
 21655 17354  615.18485   41 1407  578.00000  628.75477  8.78%  1272 3530s
 21966 17598  615.99781  104 1391  578.00000  628.58786  8.75%  1266 3551s
 22349 17472  622.65166   65 1428  578.00000  628.58764  8.75%  1256 3600s

Cutting planes:
  Gomory: 7
  Flow cover: 74
  Zero half: 962
  RLT: 347
  BQP: 78

Explored 22351 nodes (28198652 simplex iterations) in 3600.00 seconds (9907.12 work units)
Thread count was 2 (of 24 available processors)

Solution count 10: 578 577 576 ... 568

Time limit reached
Best objective 5.780000000000e+02, best bound 6.280000000000e+02, gap 8.6505%

User-callback calls 331655, time in user-callback 1.03 sec

Gurobi 11.0.3 (linux64) logging started Sat Mar  7 16:20:15 2026

Set parameter LogFile to value "./log/train/IS_1500_6/IS_68.lp.log"
Set parameter TimeLimit to value 3600
Gurobi Optimizer version 11.0.3 build v11.0.3rc0 (linux64 - "Ubuntu 22.04.5 LTS")

CPU model: AMD Ryzen 9 9900X 12-Core Processor, instruction set [SSE2|AVX|AVX2|AVX512]
Thread count: 12 physical cores, 24 logical processors, using up to 1 threads

Optimize a model with 9210 rows, 1500 columns and 18138 nonzeros
Model fingerprint: 0xef544382
Variable types: 0 continuous, 1500 integer (1500 binary)
Coefficient statistics:
  Matrix range     [1e+00, 1e+00]
  Objective range  [1e+00, 1e+00]
  Bounds range     [1e+00, 1e+00]
  RHS range        [1e+00, 1e+00]
Found heuristic solution: objective 335.0000000
Presolve removed 1796 rows and 0 columns
Presolve time: 0.04s
Presolved: 7414 rows, 1500 columns, 16250 nonzeros
Variable types: 0 continuous, 1500 integer (1500 binary)

Root relaxation: objective 6.875000e+02, 4363 iterations, 0.25 seconds (0.33 work units)

    Nodes    |    Current Node    |     Objective Bounds      |     Work
 Expl Unexpl |  Obj  Depth IntInf | Incumbent    BestBd   Gap | It/Node Time

     0     0  687.50000    0 1359  335.00000  687.50000   105%     -    0s
H    0     0                     518.0000000  687.50000  32.7%     -    0s
     0     0  671.56667    0 1438  518.00000  671.56667  29.6%     -    1s
     0     0  671.55531    0 1434  518.00000  671.55531  29.6%     -   54s
     0     0  671.55234    0 1436  518.00000  671.55234  29.6%     -   54s
     0     0  671.55214    0 1436  518.00000  671.55214  29.6%     -   54s
     0     0  664.95688    0 1481  518.00000  664.95688  28.4%     -   55s
H    0     0                     539.0000000  664.95688  23.4%     -   55s
H    0     0                     541.0000000  664.95688  22.9%     -   55s
     0     0  664.54349    0 1481  541.00000  664.54349  22.8%     -   55s
     0     0  664.45599    0 1481  541.00000  664.45599  22.8%     -   55s
     0     0  664.45006    0 1481  541.00000  664.45006  22.8%     -   55s
     0     0  664.44836    0 1482  541.00000  664.44836  22.8%     -   55s
     0     0  658.62742    0 1479  541.00000  658.62742  21.7%     -   56s
     0     0  658.30508    0 1475  541.00000  658.30508  21.7%     -   57s
     0     0  658.28063    0 1482  541.00000  658.28063  21.7%     -   57s
     0     0  658.27348    0 1482  541.00000  658.27348  21.7%     -   57s
     0     0  658.27239    0 1481  541.00000  658.27239  21.7%     -   57s
     0     0  655.14940    0 1484  541.00000  655.14940  21.1%     -   58s
H    0     0                     542.0000000  655.14940  20.9%     -   58s
     0     0  654.88740    0 1486  542.00000  654.88740  20.8%     -   58s
     0     0  654.82777    0 1486  542.00000  654.82777  20.8%     -   58s
     0     0  654.82149    0 1486  542.00000  654.82149  20.8%     -   58s
     0     0  652.54789    0 1484  542.00000  652.54789  20.4%     -   59s
     0     0  652.30058    0 1487  542.00000  652.30058  20.4%     -   59s
     0     0  652.27040    0 1484  542.00000  652.27040  20.3%     -   59s
     0     0  652.25893    0 1486  542.00000  652.25893  20.3%     -   59s
     0     0  652.25701    0 1487  542.00000  652.25701  20.3%     -   59s
     0     0  650.67590    0 1486  542.00000  650.67590  20.1%     -   60s
H    0     0                     544.0000000  650.67590  19.6%     -  114s
     0     0  650.38719    0 1485  544.00000  650.38719  19.6%     -  114s
     0     0  650.35391    0 1489  544.00000  650.35391  19.6%     -  114s
     0     0  650.34869    0 1489  544.00000  650.34869  19.5%     -  114s
     0     0  649.31313    0 1487  544.00000  649.31313  19.4%     -  115s
     0     0  649.23468    0 1488  544.00000  649.23468  19.3%     -  115s
     0     0  649.21523    0 1488  544.00000  649.21523  19.3%     -  115s
     0     0  649.20655    0 1488  544.00000  649.20655  19.3%     -  115s
     0     0  648.25038    0 1486  544.00000  648.25038  19.2%     -  116s
     0     0  648.12568    0 1490  544.00000  648.12568  19.1%     -  116s
     0     0  648.10873    0 1490  544.00000  648.10873  19.1%     -  116s
     0     0  648.10029    0 1489  544.00000  648.10029  19.1%     -  116s
     0     0  647.34663    0 1487  544.00000  647.34663  19.0%     -  117s
     0     0  647.26366    0 1487  544.00000  647.26366  19.0%     -  117s
     0     0  647.24517    0 1488  544.00000  647.24517  19.0%     -  117s
     0     0  647.24074    0 1488  544.00000  647.24074  19.0%     -  117s
     0     0  646.73080    0 1486  544.00000  646.73080  18.9%     -  117s
H    0     0                     549.0000000  646.73080  17.8%     -  117s
     0     0  646.63135    0 1485  549.00000  646.63135  17.8%     -  118s
     0     0  646.61219    0 1486  549.00000  646.61219  17.8%     -  118s
     0     0  646.60193    0 1486  549.00000  646.60193  17.8%     -  118s
     0     0  645.99630    0 1490  549.00000  645.99630  17.7%     -  118s
     0     0  645.90996    0 1490  549.00000  645.90996  17.7%     -  119s
     0     0  645.89018    0 1491  549.00000  645.89018  17.6%     -  119s
     0     0  645.88494    0 1491  549.00000  645.88494  17.6%     -  119s
     0     0  645.10767    0 1491  549.00000  645.10767  17.5%     -  119s
     0     0  644.95199    0 1490  549.00000  644.95199  17.5%     -  120s
     0     0  644.93621    0 1490  549.00000  644.93621  17.5%     -  120s
     0     0  644.17945    0 1487  549.00000  644.17945  17.3%     -  120s
     0     0  644.06042    0 1485  549.00000  644.06042  17.3%     -  174s
     0     0  644.03674    0 1488  549.00000  644.03674  17.3%     -  174s
     0     0  644.02711    0 1487  549.00000  644.02711  17.3%     -  174s
     0     0  643.61273    0 1489  549.00000  643.61273  17.2%     -  175s
H    0     0                     553.0000000  643.61273  16.4%     -  175s
     0     0  643.51666    0 1486  553.00000  643.51666  16.4%     -  175s
     0     0  643.50196    0 1487  553.00000  643.50196  16.4%     -  175s
     0     0  642.81039    0 1489  553.00000  642.81039  16.2%     -  176s
     0     0  642.70084    0 1489  553.00000  642.70084  16.2%     -  176s
     0     0  642.68667    0 1488  553.00000  642.68667  16.2%     -  176s
     0     0  642.33901    0 1490  553.00000  642.33901  16.2%     -  177s
     0     0  642.25417    0 1490  553.00000  642.25417  16.1%     -  177s
     0     0  642.24383    0 1491  553.00000  642.24383  16.1%     -  177s
     0     0  642.01645    0 1492  553.00000  642.01645  16.1%     -  177s
     0     0  641.99027    0 1492  553.00000  641.99027  16.1%     -  178s
     0     0  641.98376    0 1493  553.00000  641.98376  16.1%     -  178s
     0     0  641.74174    0 1491  553.00000  641.74174  16.0%     -  178s
     0     0  641.67541    0 1487  553.00000  641.67541  16.0%     -  178s
     0     0  641.65788    0 1490  553.00000  641.65788  16.0%     -  178s
     0     0  641.44590    0 1490  553.00000  641.44590  16.0%     -  179s
     0     0  641.39024    0 1488  553.00000  641.39024  16.0%     -  179s
     0     0  641.37484    0 1489  553.00000  641.37484  16.0%     -  179s
     0     0  640.84150    0 1490  553.00000  640.84150  15.9%     -  180s
     0     0  640.74285    0 1491  553.00000  640.74285  15.9%     -  180s
     0     0  640.71979    0 1490  553.00000  640.71979  15.9%     -  180s
     0     0  640.71799    0 1491  553.00000  640.71799  15.9%     -  180s
     0     0  640.24117    0 1492  553.00000  640.24117  15.8%     -  181s
     0     0  640.14121    0 1489  553.00000  640.14121  15.8%     -  234s
     0     0  640.12706    0 1492  553.00000  640.12706  15.8%     -  234s
     0     0  639.79141    0 1492  553.00000  639.79141  15.7%     -  235s
H    0     0                     554.0000000  639.79141  15.5%     -  235s
     0     0  639.73391    0 1492  554.00000  639.73391  15.5%     -  235s
     0     0  639.72320    0 1492  554.00000  639.72320  15.5%     -  235s
     0     0  639.42771    0 1488  554.00000  639.42771  15.4%     -  235s
     0     0  639.36429    0 1487  554.00000  639.36429  15.4%     -  236s
     0     0  639.34469    0 1488  554.00000  639.34469  15.4%     -  236s
     0     0  639.20963    0 1490  554.00000  639.20963  15.4%     -  236s
H    0     0                     555.0000000  639.20963  15.2%     -  236s
     0     0  639.18978    0 1490  555.00000  639.18978  15.2%     -  236s
     0     0  639.08651    0 1489  555.00000  639.08651  15.2%     -  236s
     0     0  639.08651    0 1488  555.00000  639.08651  15.2%     -  236s
H    0     0                     558.0000000  639.08651  14.5%     -  239s
H    0     0                     559.0000000  639.08651  14.3%     -  239s
     0     2  639.08567    0 1488  559.00000  639.08567  14.3%     -  239s
     2     4  633.50198    1 1450  559.00000  638.94459  14.3%  4744  241s
     8    10  625.74597    5 1416  559.00000  638.94364  14.3%  3596  245s
    21    23  616.12259   14 1371  559.00000  638.94364  14.3%  2884  250s
H   26    26                     560.0000000  638.94364  14.1%  2643  252s
    38    40  582.09820   25 1212  560.00000  638.94364  14.1%  2514  255s
    69    71  578.92299   45 1197  560.00000  638.94364  14.1%  2008  260s
H  104    98                     561.0000000  638.94364  13.9%  1538  261s
H  108    89                     564.0000000  638.73421  13.3%  1562  264s
   114    97  619.96492    8 1380  564.00000  638.73421  13.3%  1616  266s
H  130   106                     566.0000000  638.73421  12.9%  1631  269s
   131   109  595.44912   19 1262  566.00000  638.73421  12.9%  1644  270s
H  156   129                     567.0000000  638.73421  12.7%  1549  272s
H  162   131                     568.0000000  638.73421  12.5%  1505  272s
   185   138  632.76137    6 1452  568.00000  638.73291  12.5%  1397  275s
   194   147  609.82202   12 1339  568.00000  638.73291  12.5%  1473  280s
H  208   158                     569.0000000  638.73291  12.3%  1464  282s
H  216   161                     570.0000000  638.73291  12.1%  1442  282s
   253   191  571.51397   52 1150  570.00000  638.73291  12.1%  1340  285s
   269   199  632.04231   12 1443  570.00000  638.54922  12.0%  1357  290s
   281   211  618.36967   20 1382  570.00000  638.54922  12.0%  1417  295s
   300   230  599.45054   33 1279  570.00000  638.54922  12.0%  1448  300s
   346   256  629.45899    5 1436  570.00000  638.25780  12.0%  1394  305s
   358   268  608.52041   13 1343  570.00000  638.25780  12.0%  1442  310s
   412   308  637.97848    8 1479  570.00000  638.25651  12.0%  1408  315s
   425   321  626.15130   18 1409  570.00000  638.25651  12.0%  1439  320s
   445   341  607.97085   33 1306  570.00000  638.25651  12.0%  1458  325s
   478   360  631.86321    7 1449  570.00000  638.06587  11.9%  1447  330s
H  486   356                     571.0000000  638.06587  11.7%  1449  332s
   493   365  606.90219   19 1321  571.00000  638.06587  11.7%  1467  335s
   511   383  585.97643   31 1225  571.00000  638.06587  11.7%  1475  340s
   541   397  629.98643   11 1440  571.00000  637.97846  11.7%  1451  345s
   566   422  581.34963   28 1217  571.00000  637.97846  11.7%  1465  350s
   589   436  596.86841   22 1488  571.00000  637.80062  11.7%  1452  369s
   591   437  615.10771   12 1359  571.00000  637.80062  11.7%  1447  370s
   592   438  628.88590   10 1486  571.00000  637.80062  11.7%  1444  379s
   593   439  596.86841   22 1486  571.00000  637.80062  11.7%  1442  382s
   598   442  620.59678   22 1491  571.00000  637.80062  11.7%  1430  392s
   599   443  622.17517   14 1491  571.00000  637.80062  11.7%  1427  400s
   601   444  578.07497   30 1489  571.00000  637.80062  11.7%  1423  409s
   602   445  632.73310    8 1487  571.00000  637.80062  11.7%  1420  417s
   603   445  632.62283    8 1489  571.00000  637.80062  11.7%  1418  427s
   604   446  584.20210   38 1491  571.00000  637.80062  11.7%  1416  435s
   605   447  626.70122   15 1490  571.00000  637.80062  11.7%  1413  444s
   606   447  574.34232   38 1490  571.00000  637.80062  11.7%  1411  453s
   607   448  586.11923   37 1491  571.00000  637.80062  11.7%  1409  463s
   608   449  584.51008   27 1491  571.00000  637.80062  11.7%  1406  472s
   609   449  584.20210   38 1491  571.00000  637.80062  11.7%  1404  480s
   610   450  574.02021   43 1491  571.00000  637.80062  11.7%  1402  496s
   614   455  637.45769   13 1475  571.00000  637.80062  11.7%  1486  500s
   626   463  636.22500   19 1467  571.00000  637.80062  11.7%  1501  505s
   636   469  634.84428   24 1464  571.00000  637.80062  11.7%  1516  510s
   646   476  634.34604   29 1469  571.00000  637.80062  11.7%  1531  515s
   658   484  629.57580   35 1439  571.00000  637.80062  11.7%  1544  520s
   667   490  628.30214   40 1440  571.00000  637.80062  11.7%  1565  525s
   680   499  618.94289   46 1386  571.00000  637.80062  11.7%  1577  530s
   688   504  621.58088   50 1413  571.00000  637.80062  11.7%  1606  536s
   698   511  628.39373   55 1435  571.00000  637.80062  11.7%  1617  540s
   708   517  618.36902   60 1382  571.00000  637.80062  11.7%  1635  545s
   716   523  618.30041   64 1384  571.00000  637.80062  11.7%  1657  551s
   724   528  625.70019   68 1419  571.00000  637.80062  11.7%  1672  555s
   736   536  611.87834   74 1366  571.00000  637.80062  11.7%  1689  561s
   748   544  622.93370   80 1401  571.00000  637.80062  11.7%  1696  565s
   762   553  617.70968   87 1382  571.00000  637.80062  11.7%  1703  570s
   777   563  619.83470   95 1395  571.00000  637.80062  11.7%  1710  575s
   795   575  614.82665  104 1374  571.00000  637.80062  11.7%  1714  580s
   812   587  601.18977  112 1322  571.00000  637.80062  11.7%  1720  585s
H  826   571                     572.0000000  637.80062  11.5%  1721  589s
   830   576  611.91065  121 1367  572.00000  637.80062  11.5%  1719  590s
   846   586  606.85268  129 1342  572.00000  637.80062  11.5%  1730  595s
   864   598  606.06173  138 1345  572.00000  637.80062  11.5%  1730  600s
   883   611  603.81366  148 1329  572.00000  637.80062  11.5%  1734  605s
   904   625  596.21526  158 1303  572.00000  637.80062  11.5%  1739  610s
   926   640  590.14104  169 1261  572.00000  637.80062  11.5%  1739  615s
   946   653  592.54444  179 1270  572.00000  637.80062  11.5%  1748  620s
   976   673  583.71275  194 1233  572.00000  637.80062  11.5%  1757  625s
  1017   700  584.59132  215 1217  572.00000  637.80062  11.5%  1756  630s
  1071   734  583.74516  242 1167  572.00000  637.80062  11.5%  1734  635s
  1173   784  631.11107   16 1436  572.00000  637.80062  11.5%  1650  641s
  1177   787  631.28650   18 1444  572.00000  637.80062  11.5%  1660  645s
  1183   791  631.04618   21 1431  572.00000  637.80062  11.5%  1677  651s
  1189   795  631.94019   24 1442  572.00000  637.80062  11.5%  1691  656s
  1195   799  627.04951   27 1414  572.00000  637.80062  11.5%  1702  661s
  1201   803  626.15282   30 1412  572.00000  637.80062  11.5%  1716  666s
  1207   807  628.79672   33 1422  572.00000  637.80062  11.5%  1727  670s
  1215   812  627.73185   37 1417  572.00000  637.80062  11.5%  1740  676s
  1221   816  623.36649   40 1391  572.00000  637.80062  11.5%  1753  680s
  1227   820  621.70954   43 1391  572.00000  637.80062  11.5%  1766  685s
  1235   826  628.66227   47 1412  572.00000  637.80062  11.5%  1777  690s
  1243   831  629.17476   51 1417  572.00000  637.80062  11.5%  1791  695s
  1251   836  620.21444   55 1370  572.00000  637.80062  11.5%  1802  700s
  1261   843  626.37816   60 1398  572.00000  637.80062  11.5%  1813  705s
  1271   850  626.35889   65 1402  572.00000  637.80062  11.5%  1825  710s
  1281   856  625.52914   70 1394  572.00000  637.80062  11.5%  1835  715s
  1291   863  624.10986   75 1395  572.00000  637.80062  11.5%  1847  720s
  1303   871  624.32584   81 1389  572.00000  637.80062  11.5%  1855  725s
  1315   879  623.21623   87 1375  572.00000  637.80062  11.5%  1864  730s
  1329   888  622.60555   94 1372  572.00000  637.80062  11.5%  1871  735s
  1343   898  610.56885  101 1316  572.00000  637.80062  11.5%  1880  740s
  1359   908  619.62115  109 1351  572.00000  637.80062  11.5%  1885  745s
  1379   922  616.93293  119 1329  572.00000  637.80062  11.5%  1888  750s
  1401   936  615.29866  130 1327  572.00000  637.80062  11.5%  1888  755s
  1423   951  610.04599  141 1289  572.00000  637.80062  11.5%  1888  760s
  1449   968  610.99303  154 1289  572.00000  637.80062  11.5%  1887  765s
  1487   994  604.37917  173 1223  572.00000  637.80062  11.5%  1874  770s
  1537  1027  601.00688  198 1227  572.00000  637.80062  11.5%  1848  775s
  1636  1093  585.13793  248 1104  572.00000  637.80062  11.5%  1773  780s
  1723  1131  635.91548   17 1464  572.00000  637.76185  11.5%  1704  785s
  1728  1134  629.61803   19 1433  572.00000  637.76185  11.5%  1714  790s
  1734  1138  628.60065   22 1425  572.00000  637.76185  11.5%  1724  795s
  1740  1142  625.83739   25 1413  572.00000  637.76185  11.5%  1733  800s
  1746  1146  627.82309   28 1419  572.00000  637.76185  11.5%  1743  805s
  1754  1152  626.60053   32 1415  572.00000  637.76185  11.5%  1754  811s
  1760  1156  626.50561   35 1414  572.00000  637.76185  11.5%  1761  815s
  1768  1161  629.77398   39 1417  572.00000  637.76185  11.5%  1770  820s
  1776  1166  628.50920   43 1420  572.00000  637.76185  11.5%  1777  825s
  1784  1172  625.10914   47 1399  572.00000  637.76185  11.5%  1786  830s
  1792  1177  628.06534   51 1408  572.00000  637.76185  11.5%  1797  835s
  1802  1184  619.56443   56 1357  572.00000  637.76185  11.5%  1806  841s
  1812  1190  625.16397   61 1384  572.00000  637.76185  11.5%  1814  845s
  1824  1198  624.69128   67 1380  572.00000  637.76185  11.5%  1822  850s
H 1828  1168                     573.0000000  637.76185  11.3%  1822  851s
  1837  1179  625.94811   74 1398  573.00000  637.76185  11.3%  1827  855s
  1850  1192  621.29076   80 1374  573.00000  637.76185  11.3%  1836  860s
  1862  1204  620.81594   86 1369  573.00000  637.76185  11.3%  1842  865s
  1878  1220  619.80365   94 1362  573.00000  637.76185  11.3%  1847  870s
  1892  1234  616.27712  101 1341  573.00000  637.76185  11.3%  1854  875s
  1909  1251  620.36827  110 1360  573.00000  637.76185  11.3%  1858  880s
  1930  1272  616.03817  120 1329  573.00000  637.76185  11.3%  1860  885s
  1948  1290  607.74302  129 1277  573.00000  637.76185  11.3%  1861  890s
H 1962  1291                     574.0000000  637.76185  11.1%  1859  893s
H 1963  1267                     576.0000000  637.76185  10.7%  1860  893s
  1972  1278  612.99047  141 1306  576.00000  637.76185  10.7%  1859  895s
  1997  1303  610.81951  154 1304  576.00000  637.76185  10.7%  1858  900s
  2032  1338  600.82958  171 1244  576.00000  637.76185  10.7%  1850  905s
H 2066  1348                     577.0000000  637.76185  10.5%  1834  908s
  2084  1368  596.50487  197 1241  577.00000  637.76185  10.5%  1828  910s
  2125  1409  592.10192  218 1208  577.00000  637.76185  10.5%  1808  915s
  2195  1477  580.45673  253 1142  577.00000  637.76185  10.5%  1767  920s
  2225  1483  636.39600   13 1463  577.00000  637.75892  10.5%  1747  925s
  2231  1489  629.48784   16 1428  577.00000  637.75892  10.5%  1755  931s
  2237  1495  629.01572   19 1429  577.00000  637.75892  10.5%  1762  935s
  2244  1502  634.62471   23 1454  577.00000  637.75892  10.5%  1769  940s
  2251  1509  629.79379   26 1421  577.00000  637.75892  10.5%  1779  946s
  2257  1515  628.33011   29 1415  577.00000  637.75892  10.5%  1784  950s
  2265  1523  628.72538   33 1418  577.00000  637.75892  10.5%  1792  955s
  2275  1533  627.57937   38 1413  577.00000  637.75892  10.5%  1800  960s
  2283  1541  626.73691   42 1405  577.00000  637.75892  10.5%  1805  966s
  2289  1547  623.76108   45 1394  577.00000  637.75892  10.5%  1810  970s
  2297  1555  627.27268   49 1404  577.00000  637.75892  10.5%  1815  975s
  2303  1561  626.10882   52 1401  577.00000  637.75892  10.5%  1819  981s
  2311  1569  626.19772   56 1396  577.00000  637.75892  10.5%  1823  985s
  2319  1577  622.90933   60 1388  577.00000  637.75892  10.5%  1827  990s
  2329  1587  624.02235   65 1391  577.00000  637.75892  10.5%  1834  997s
  2337  1595  622.40021   69 1372  577.00000  637.75892  10.5%  1837 1000s
  2345  1603  621.13905   73 1371  577.00000  637.75892  10.5%  1841 1005s
  2355  1613  621.62068   78 1360  577.00000  637.75892  10.5%  1847 1011s
  2365  1623  614.57790   83 1319  577.00000  637.75892  10.5%  1852 1015s
  2369  1627  622.64719   85 1361  577.00000  637.75892  10.5%  1853 1020s
  2383  1641  608.56744   92 1306  577.00000  637.75892  10.5%  1858 1025s
  2395  1653  616.82917   98 1328  577.00000  637.75892  10.5%  1861 1031s
  2407  1665  617.88649  104 1355  577.00000  637.75892  10.5%  1864 1038s
  2413  1671  618.57286  107 1347  577.00000  637.75892  10.5%  1864 1040s
  2422  1680  619.61408  112 1353  577.00000  637.75892  10.5%  1864 1047s
  2433  1691  612.25957  117 1311  577.00000  637.75892  10.5%  1866 1050s
  2449  1707  615.15498  125 1335  577.00000  637.75892  10.5%  1867 1065s
  2476  1734  613.16426  139 1317  577.00000  637.75892  10.5%  1865 1080s
  2523  1781  602.76381  162 1275  577.00000  637.75892  10.5%  1859 1085s
  2594  1852  596.85935  198 1222  577.00000  637.75892  10.5%  1836 1090s
  2723  1959  637.19296   14 1476  577.00000  637.50748  10.5%  1773 1095s
  2728  1964  630.79351   16 1442  577.00000  637.50748  10.5%  1780 1100s
  2734  1970  626.85330   19 1429  577.00000  637.50748  10.5%  1787 1105s
  2742  1978  629.84182   23 1428  577.00000  637.50748  10.5%  1796 1110s
  2748  1984  629.23183   26 1431  577.00000  637.50748  10.5%  1802 1115s
  2757  1993  634.68705   31 1455  577.00000  637.50748  10.5%  1809 1120s
  2765  2001  633.94566   35 1448  577.00000  637.50748  10.5%  1817 1125s
  2774  2010  629.81670   39 1419  577.00000  637.50748  10.5%  1824 1130s
  2782  2018  625.77559   43 1411  577.00000  637.50748  10.5%  1830 1135s
  2794  2030  626.87865   49 1404  577.00000  637.50748  10.5%  1839 1140s
  2802  2038  628.60394   53 1412  577.00000  637.50748  10.5%  1843 1145s
  2816  2052  625.90738   60 1403  577.00000  637.50748  10.5%  1850 1150s
  2826  2062  622.65339   65 1390  577.00000  637.50748  10.5%  1855 1155s
  2836  2072  619.40508   70 1365  577.00000  637.50748  10.5%  1861 1160s
  2846  2082  624.06076   75 1375  577.00000  637.50748  10.5%  1866 1165s
  2857  2093  626.82235   81 1396  577.00000  637.50748  10.5%  1871 1170s
  2871  2107  625.14763   88 1389  577.00000  637.50748  10.5%  1876 1175s
  2881  2117  624.38976   93 1378  577.00000  637.50748  10.5%  1880 1180s
  2900  2136  619.81290  102 1357  577.00000  637.50748  10.5%  1884 1185s
  2922  2158  606.34775  113 1294  577.00000  637.50748  10.5%  1887 1190s
  2947  2183  617.19824  126 1344  577.00000  637.50748  10.5%  1890 1195s
  2974  2210  611.73596  139 1303  577.00000  637.50748  10.5%  1892 1201s
  2990  2226  610.53333  147 1309  577.00000  637.50748  10.5%  1891 1205s
  3020  2256  608.44536  162 1276  577.00000  637.50748  10.5%  1888 1210s
  3067  2303  602.99854  186 1267  577.00000  637.50748  10.5%  1877 1215s
  3141  2377  592.10785  223 1218  577.00000  637.50748  10.5%  1854 1220s
  3239  2457  629.71450   18 1425  577.00000  637.50671  10.5%  1814 1225s
  3245  2463  625.51329   21 1421  577.00000  637.50671  10.5%  1819 1231s
  3250  2468  634.48817   24 1450  577.00000  637.50671  10.5%  1822 1235s
  3255  2473  627.26390   26 1421  577.00000  637.50671  10.5%  1827 1240s
  3260  2478  633.63343   29 1444  577.00000  637.50671  10.5%  1830 1245s
  3269  2487  626.26260   33 1412  577.00000  637.50671  10.5%  1837 1250s
  3277  2495  628.27118   37 1413  577.00000  637.50671  10.5%  1842 1255s
  3285  2503  626.67140   41 1411  577.00000  637.50671  10.5%  1847 1260s
  3297  2515  626.57384   47 1408  577.00000  637.50671  10.5%  1853 1265s
  3307  2525  621.51218   52 1385  577.00000  637.50671  10.5%  1859 1270s
  3315  2533  617.76736   56 1362  577.00000  637.50671  10.5%  1864 1275s
  3321  2539  620.49047   59 1373  577.00000  637.50671  10.5%  1867 1280s
  3331  2549  624.97610   64 1392  577.00000  637.50671  10.5%  1871 1285s
  3344  2562  627.27706   71 1403  577.00000  637.50671  10.5%  1875 1292s
  3349  2567  624.04546   73 1380  577.00000  637.50671  10.5%  1877 1295s
  3365  2583  621.77446   81 1378  577.00000  637.50671  10.5%  1881 1300s
  3381  2599  620.31161   89 1366  577.00000  637.50671  10.5%  1884 1305s
  3401  2619  616.21866   99 1351  577.00000  637.50671  10.5%  1886 1310s
  3410  2628  619.33654  104 1364  577.00000  637.50671  10.5%  1887 1317s
  3421  2639  613.94557  109 1337  577.00000  637.50671  10.5%  1888 1320s
  3445  2663  602.03809  121 1264  577.00000  637.50671  10.5%  1891 1325s
  3461  2679  612.56287  129 1325  577.00000  637.50671  10.5%  1890 1335s
  3487  2705  609.21440  142 1300  577.00000  637.50671  10.5%  1891 1340s
  3527  2745  605.14557  162 1262  577.00000  637.50671  10.5%  1887 1345s
  3601  2819  595.23624  199 1206  577.00000  637.50671  10.5%  1871 1350s
  3727  2923  636.64222   19 1476  577.00000  637.42543  10.5%  1828 1355s
  3732  2928  621.56292   21 1394  577.00000  637.42543  10.5%  1833 1360s
  3738  2934  629.85454   24 1432  577.00000  637.42543  10.5%  1837 1366s
  3744  2940  629.93667   27 1429  577.00000  637.42543  10.5%  1841 1371s
  3750  2946  625.03528   30 1417  577.00000  637.42543  10.5%  1846 1376s
  3756  2952  629.25670   33 1425  577.00000  637.42543  10.5%  1849 1380s
  3762  2958  628.75182   36 1415  577.00000  637.42543  10.5%  1853 1385s
  3769  2965  633.90895   40 1451  577.00000  637.42543  10.5%  1857 1390s
  3776  2972  627.50200   43 1416  577.00000  637.42543  10.5%  1862 1395s
  3782  2978  622.86092   46 1382  577.00000  637.42543  10.5%  1867 1400s
  3790  2986  628.06506   50 1417  577.00000  637.42543  10.5%  1870 1405s
  3798  2994  628.21223   54 1418  577.00000  637.42543  10.5%  1874 1410s
  3806  3002  626.15573   58 1413  577.00000  637.42543  10.5%  1878 1415s
  3816  3012  623.50131   63 1396  577.00000  637.42543  10.5%  1881 1420s
  3826  3022  626.14748   68 1401  577.00000  637.42543  10.5%  1885 1425s
  3836  3032  620.10259   73 1369  577.00000  637.42543  10.5%  1890 1430s
  3846  3042  619.62890   78 1359  577.00000  637.42543  10.5%  1893 1435s
  3856  3052  624.97630   83 1383  577.00000  637.42543  10.5%  1896 1440s
  3868  3064  622.43586   89 1376  577.00000  637.42543  10.5%  1899 1445s
  3880  3076  621.23542   95 1373  577.00000  637.42543  10.5%  1901 1454s
  3881  3077  625.11160   96 1393  577.00000  637.42543  10.5%  1901 1455s
  3894  3090  621.95106  102 1364  577.00000  637.42543  10.5%  1904 1460s
  3912  3108  619.91151  111 1359  577.00000  637.42543  10.5%  1907 1465s
  3934  3130  614.70083  122 1335  577.00000  637.42543  10.5%  1908 1470s
  3954  3150  611.29103  132 1313  577.00000  637.42543  10.5%  1910 1475s
  3980  3176  611.14559  145 1319  577.00000  637.42543  10.5%  1911 1480s
  3996  3192  609.67176  153 1302  577.00000  637.42543  10.5%  1910 1496s
  4008  3204  607.09864  159 1288  577.00000  637.42543  10.5%  1911 1501s
  4038  3234  604.85051  174 1275  577.00000  637.42543  10.5%  1908 1505s
  4106  3302  595.28539  208 1212  577.00000  637.42543  10.5%  1893 1510s
  4259  3411  636.88724   14 1476  577.00000  637.39055  10.5%  1842 1515s
  4265  3417  631.89829   17 1441  577.00000  637.39055  10.5%  1846 1521s
  4269  3421  630.41081   19 1438  577.00000  637.39055  10.5%  1848 1525s
  4275  3427  629.25370   22 1426  577.00000  637.39055  10.5%  1852 1530s
  4281  3433  625.43208   25 1416  577.00000  637.39055  10.5%  1856 1535s
  4284  3436  634.78052   27 1459  577.00000  637.39055  10.5%  1857 1540s
  4291  3443  629.34623   30 1418  577.00000  637.39055  10.5%  1862 1546s
  4297  3449  624.28773   33 1406  577.00000  637.39055  10.5%  1865 1550s
  4304  3456  633.57643   37 1450  577.00000  637.39055  10.5%  1868 1555s
  4311  3463  628.50552   40 1421  577.00000  637.39055  10.5%  1873 1560s
  4319  3471  628.63732   44 1413  577.00000  637.39055  10.5%  1876 1565s
  4329  3481  626.28394   49 1406  577.00000  637.39055  10.5%  1880 1570s
  4338  3490  630.10439   54 1431  577.00000  637.39055  10.5%  1882 1575s
  4347  3499  624.76911   58 1394  577.00000  637.39055  10.5%  1887 1580s
  4357  3509  625.24600   63 1401  577.00000  637.39055  10.5%  1890 1585s
  4363  3515  623.56566   66 1390  577.00000  637.39055  10.5%  1891 1590s
  4375  3527  624.32279   72 1389  577.00000  637.39055  10.5%  1895 1595s
  4389  3541  623.95432   79 1385  577.00000  637.39055  10.5%  1898 1600s
  4403  3555  622.03419   86 1375  577.00000  637.39055  10.5%  1901 1605s
  4419  3571  618.02985   94 1351  577.00000  637.39055  10.5%  1904 1610s
  4434  3586  621.52497  102 1373  577.00000  637.39055  10.5%  1905 1626s
  4443  3595  611.74737  106 1329  577.00000  637.39055  10.5%  1907 1630s
  4459  3611  617.42913  114 1345  577.00000  637.39055  10.5%  1908 1635s
  4483  3635  614.64061  126 1326  577.00000  637.39055  10.5%  1909 1640s
  4509  3661  609.63156  139 1327  577.00000  637.39055  10.5%  1909 1645s
  4545  3697  605.21120  157 1284  577.00000  637.39055  10.5%  1907 1650s
  4589  3741  601.77119  179 1261  577.00000  637.39055  10.5%  1902 1655s
  4669  3819  587.86364  219 1182  577.00000  637.39055  10.5%  1886 1660s
  4772  3901  634.50317   21 1454  577.00000  637.11841  10.4%  1856 1665s
  4812  3941  628.15562   61 1402  577.00000  637.11841  10.4%  1848 1670s
  4853  3982  621.71086   99 1371  577.00000  637.11841  10.4%  1841 1675s
  4886  4015  613.74657  120 1326  577.00000  637.11841  10.4%  1839 1680s
  4927  4056  608.31385  140 1308  577.00000  637.11841  10.4%  1835 1685s
  4988  4117  599.56094  168 1256  577.00000  637.11841  10.4%  1826 1690s
  5054  4183  595.19286  194 1231  577.00000  637.11841  10.4%  1813 1695s
  5203  4332  585.94393  223 1183  577.00000  637.11841  10.4%  1776 1700s
  5373  4472  635.49769   20 1462  577.00000  637.11823  10.4%  1732 1705s
  5411  4510  629.60749   58 1423  577.00000  637.11823  10.4%  1725 1710s
  5446  4545  623.55441   90 1382  577.00000  637.11823  10.4%  1721 1715s
  5474  4573  616.81262  107 1352  577.00000  637.11823  10.4%  1720 1720s
  5506  4605  614.35607  130 1326  577.00000  637.11823  10.4%  1719 1725s
  5555  4654  606.26985  161 1291  577.00000  637.11823  10.4%  1713 1730s
  5620  4719  598.59659  189 1254  577.00000  637.11823  10.4%  1705 1735s
  5707  4806  591.48614  214 1224  577.00000  637.11823  10.4%  1692 1740s
  5848  4947  581.71359  242 1156  577.00000  637.11823  10.4%  1664 1745s
  5956  5031  634.98764   25 1461  577.00000  636.98051  10.4%  1642 1750s
  5982  5057  630.80348   51 1435  577.00000  636.98051  10.4%  1639 1755s
  6006  5081  626.93605   75 1407  577.00000  636.98051  10.4%  1636 1760s
  6012  5087  626.17094   81 1405  577.00000  636.98051  10.4%  1635 1766s
  6035  5110  620.39699   98 1359  577.00000  636.98051  10.4%  1634 1770s
  6060  5135  616.39130  115 1335  577.00000  636.98051  10.4%  1634 1775s
  6090  5165  611.99813  133 1324  577.00000  636.98051  10.4%  1633 1780s
  6148  5223  603.87401  171 1283  577.00000  636.98051  10.4%  1627 1785s
  6227  5302  594.58763  201 1242  577.00000  636.98051  10.4%  1617 1793s
  6247  5322  592.97517  210 1227  577.00000  636.98051  10.4%  1615 1795s
  6373  5448  586.35220  231 1204  577.00000  636.98051  10.4%  1594 1800s
  6552  5607  635.78877   19 1471  577.00000  636.97979  10.4%  1562 1805s
  6582  5637  630.69051   49 1434  577.00000  636.97979  10.4%  1559 1810s
  6628  5683  621.92928   91 1361  577.00000  636.97979  10.4%  1554 1815s
  6654  5709  619.33779  113 1347  577.00000  636.97979  10.4%  1554 1820s
  6694  5749  612.06775  142 1317  577.00000  636.97979  10.4%  1552 1825s
  6745  5800  604.24958  174 1269  577.00000  636.97979  10.4%  1550 1830s
  6818  5873  597.05545  193 1212  577.00000  636.97979  10.4%  1543 1835s
  6919  5974  588.94672  220 1159  577.00000  636.97979  10.4%  1531 1840s
  7117  6156  636.46030   19 1474  577.00000  636.46030  10.3%  1500 1845s
  7146  6185  632.14675   48 1440  577.00000  636.45717  10.3%  1498 1850s
  7179  6218  626.54013   81 1401  577.00000  636.45717  10.3%  1495 1855s
  7216  6255  619.55428  114 1360  577.00000  636.45717  10.3%  1493 1860s
  7249  6288  614.24703  137 1341  577.00000  636.45717  10.3%  1493 1865s
  7308  6347  604.97359  173 1273  577.00000  636.45717  10.3%  1490 1870s
  7358  6397  599.24653  198 1247  577.00000  636.45717  10.3%  1486 1875s
  7449  6488  590.61474  220 1199  577.00000  636.45717  10.3%  1476 1880s
  7614  6653  580.24035  248 1134  577.00000  636.45717  10.3%  1454 1885s
  7692  6715  627.89367   34 1419  577.00000  636.43742  10.3%  1445 1890s
  7748  6771  616.92162   86 1344  577.00000  636.43742  10.3%  1440 1895s
  7766  6789  614.92238   99 1338  577.00000  636.43742  10.3%  1439 1901s
  7799  6822  609.96669  128 1294  577.00000  636.43742  10.3%  1437 1905s
  7855  6878  601.44093  158 1245  577.00000  636.43742  10.3%  1435 1910s
  7973  6996  587.91921  204 1172  577.00000  636.43742  10.3%  1423 1915s
  8126  7124  629.56939   17 1440  577.00000  636.34163  10.3%  1404 1921s
  8154  7152  625.16557   45 1405  577.00000  636.34163  10.3%  1402 1925s
  8194  7192  616.91307   82 1366  577.00000  636.34163  10.3%  1400 1930s
  8238  7236  607.55827  112 1307  577.00000  636.34163  10.3%  1399 1935s
  8278  7276  601.61326  144 1277  577.00000  636.34163  10.3%  1397 1940s
  8397  7395  589.84756  190 1199  577.00000  636.34163  10.3%  1386 1945s
  8574  7548  634.77211   19 1458  577.00000  636.34151  10.3%  1367 1950s
  8617  7591  627.52758   62 1411  577.00000  636.34151  10.3%  1365 1955s
  8662  7636  618.11163   99 1359  577.00000  636.34151  10.3%  1363 1960s
  8700  7674  612.77089  129 1341  577.00000  636.34151  10.3%  1363 1965s
  8706  7680  611.62187  130 1316  577.00000  636.34151  10.3%  1363 1970s
  8773  7747  600.98697  174 1259  577.00000  636.34151  10.3%  1359 1975s
  8862  7836  590.74795  210 1214  577.00000  636.34151  10.3%  1354 1980s
  9025  7997  579.85721  244 1124  577.00000  636.34151  10.3%  1338 1985s
  9079  8025  625.58081   37 1411  577.00000  636.29192  10.3%  1333 1990s
  9119  8065  607.54412   77 1317  577.00000  636.29192  10.3%  1332 1995s
  9179  8115  629.33911   24 1435  577.00000  636.27340  10.3%  1328 2000s
  9230  8166  621.23096   75 1367  577.00000  636.27340  10.3%  1325 2005s
  9310  8246  600.78559  155 1274  577.00000  636.27340  10.3%  1319 2012s
  9405  8315  629.96656   18 1441  577.00000  636.22461  10.3%  1309 2015s
  9413  8323  624.07380   22 1410  577.00000  636.22461  10.3%  1311 2020s
  9421  8331  612.46178   26 1354  577.00000  636.22461  10.3%  1314 2025s
  9429  8339  621.20250   30 1390  577.00000  636.22461  10.3%  1315 2030s
  9443  8353  619.89342   37 1387  577.00000  636.22461  10.3%  1319 2035s
  9453  8363  612.58720   42 1361  577.00000  636.22461  10.3%  1321 2040s
  9465  8375  621.63017   48 1390  577.00000  636.22461  10.3%  1323 2045s
  9479  8389  618.48597   55 1379  577.00000  636.22461  10.3%  1326 2050s
  9493  8403  612.50511   62 1345  577.00000  636.22461  10.3%  1328 2055s
  9503  8413  610.55578   67 1337  577.00000  636.22461  10.3%  1330 2060s
  9519  8429  614.45980   75 1357  577.00000  636.22461  10.3%  1332 2065s
  9539  8449  613.29127   85 1348  577.00000  636.22461  10.3%  1335 2070s
  9563  8473  612.23779   97 1328  577.00000  636.22461  10.3%  1338 2075s
  9599  8509  609.94821  115 1306  577.00000  636.22461  10.3%  1340 2093s
  9611  8521  607.18795  121 1314  577.00000  636.22461  10.3%  1340 2095s
  9615  8525  606.33765  123 1301  577.00000  636.22461  10.3%  1340 2100s
  9656  8566  603.53541  144 1301  577.00000  636.22461  10.3%  1341 2105s
  9757  8667  589.75928  194 1205  577.00000  636.22461  10.3%  1338 2110s
  9862  8746  632.40602   36 1447  577.00000  636.22346  10.3%  1330 2115s
  9913  8797  623.81836   87 1382  577.00000  636.22346  10.3%  1327 2120s
  9982  8866  608.50395  156 1304  577.00000  636.22346  10.3%  1323 2125s
 10092  8961  634.94642   24 1465  577.00000  636.18380  10.3%  1314 2130s
 10131  9000  629.43187   63 1424  577.00000  636.18380  10.3%  1312 2135s
 10180  9049  614.25534  112 1329  577.00000  636.18380  10.3%  1311 2140s
 10203  9071  596.30510  192 1488  577.00000  636.18380  10.3%  1309 2905s
 10206  9073  594.97071  180 1482  577.00000  636.18380  10.3%  1309 2911s
 10208  9074  622.60710   48 1488  577.00000  633.61526  9.81%  1309 2915s
 10213  9078  602.56114  185 1494  577.00000  633.18839  9.74%  1308 2934s
 10214  9078  623.30449   88 1496  577.00000  633.05157  9.71%  1308 2951s
 10217  9080  601.02816  189 1494  577.00000  633.00403  9.71%  1308 2974s
 10218  9081  631.51608   53 1490  577.00000  632.59268  9.63%  1308 2991s
 10222  9084  611.08712  131 1494  577.00000  632.45519  9.61%  1307 3010s
 10223  9084  594.03838  213 1490  577.00000  632.34185  9.59%  1307 3026s
 10225  9086  628.95908   42 1493  577.00000  632.30700  9.59%  1307 3044s
 10226  9086  610.85451  109 1491  577.00000  632.11497  9.55%  1307 3060s
 10230  9089  622.30437   40 1495  577.00000  632.03341  9.54%  1306 3081s
 10231  9090  582.00000  241 1492  577.00000  631.86475  9.51%  1306 3094s
 10233  9091  608.12542  152 1494  577.00000  631.78870  9.50%  1306 3095s
 10234  9092  605.20816  140 1494  577.00000  631.78307  9.49%  1306 3112s
 10235  9092  622.89869   83 1495  577.00000  631.67623  9.48%  1305 3128s
 10238  9094  628.70435   38 1495  577.00000  631.61043  9.46%  1305 3145s
 10239  9095  619.06751  106 1494  577.00000  631.49755  9.44%  1305 3162s
 10242  9097  598.56421  185 1493  577.00000  631.42767  9.43%  1305 3179s
 10243  9098  596.21464  159 1492  577.00000  631.33474  9.42%  1304 3195s
 10245  9099  615.03799  126 1494  577.00000  631.31216  9.41%  1304 3212s
 10246  9100  604.96225  137 1493  577.00000  631.21352  9.40%  1304 3228s
 10248  9101  597.42208  192 1494  577.00000  631.17465  9.39%  1304 3247s
 10249  9102  623.05884   61 1494  577.00000  631.12964  9.38%  1304 3266s
 10251  9103  610.24124  110 1495  577.00000  631.10544  9.38%  1303 3286s
 10252  9104  606.54254  127 1495  577.00000  631.06494  9.37%  1303 3306s
 10254  9105  615.66318   47 1496  577.00000  631.04670  9.37%  1303 3326s
 10255  9106  610.94987   89 1494  577.00000  631.02226  9.36%  1303 3346s
 10257  9107  615.57095  119 1495  577.00000  631.00698  9.36%  1303 3368s
 10258  9108  582.47979  219 1495  577.00000  630.94486  9.35%  1302 3386s
 10261  9110  578.93182  246 1496  577.00000  630.90956  9.34%  1302 3406s
 10262  9110  586.39579  230 1493  577.00000  630.85969  9.33%  1302 3427s
 10264  9112  628.64759   34 1496  577.00000  630.84857  9.33%  1302 3449s
 10265  9112  608.84150  152 1494  577.00000  630.82361  9.33%  1302 3469s
 10267  9114  581.23817  243 1495  577.00000  630.80718  9.33%  1301 3489s
 10268  9114  579.02717  251 1492  577.00000  630.80087  9.32%  1301 3510s
 10269  9115  592.39796  193 1495  577.00000  630.79890  9.32%  1301 3533s
 10270  9116  591.82857  210 1494  577.00000  630.79785  9.32%  1301 3555s
 10271  9116  621.19829   31 1495  577.00000  630.79729  9.32%  1301 3578s

Cutting planes:
  Gomory: 5
  Flow cover: 60
  Zero half: 649
  Mod-K: 1
  RLT: 179
  BQP: 31

Explored 10271 nodes (13574222 simplex iterations) in 3600.04 seconds (4641.29 work units)
Thread count was 1 (of 24 available processors)

Solution count 10: 577 576 574 ... 567

Time limit reached
Best objective 5.770000000000e+02, best bound 6.300000000000e+02, gap 9.1854%

User-callback calls 175787, time in user-callback 0.92 sec
