
Gurobi 11.0.3 (linux64) logging started Thu Mar  5 20:04:10 2026

Set parameter LogFile to value "./log/train/IS_1500_6/IS_63.lp.log"
Set parameter TimeLimit to value 3600
Gurobi Optimizer version 11.0.3 build v11.0.3rc0 (linux64 - "Ubuntu 22.04.5 LTS")

CPU model: AMD Ryzen 9 9900X 12-Core Processor, instruction set [SSE2|AVX|AVX2|AVX512]
Thread count: 12 physical cores, 24 logical processors, using up to 2 threads

Optimize a model with 9192 rows, 1500 columns and 18110 nonzeros
Model fingerprint: 0x2bf3c284
Variable types: 0 continuous, 1500 integer (1500 binary)
Coefficient statistics:
  Matrix range     [1e+00, 1e+00]
  Objective range  [1e+00, 1e+00]
  Bounds range     [1e+00, 1e+00]
  RHS range        [1e+00, 1e+00]
Found heuristic solution: objective 332.0000000
Presolve removed 1704 rows and 0 columns
Presolve time: 0.02s
Presolved: 7488 rows, 1500 columns, 16332 nonzeros
Variable types: 0 continuous, 1500 integer (1500 binary)

Root relaxation: objective 6.882500e+02, 4385 iterations, 0.18 seconds (0.31 work units)

    Nodes    |    Current Node    |     Objective Bounds      |     Work
 Expl Unexpl |  Obj  Depth IntInf | Incumbent    BestBd   Gap | It/Node Time

     0     0  688.25000    0 1362  332.00000  688.25000   107%     -    0s
H    0     0                     509.0000000  688.25000  35.2%     -    0s
H    0     0                     516.0000000  688.25000  33.4%     -    0s
     0     0  674.80519    0 1445  516.00000  674.80519  30.8%     -    0s
H    0     0                     522.0000000  674.80519  29.3%     -    1s
     0     0  674.69940    0 1473  522.00000  674.69940  29.3%     -    1s
     0     0  674.69549    0 1473  522.00000  674.69549  29.3%     -    1s
     0     0  674.69549    0 1473  522.00000  674.69549  29.3%     -    1s
     0     0  665.73400    0 1483  522.00000  665.73400  27.5%     -    2s
H    0     0                     550.0000000  665.73400  21.0%     -    2s
     0     0  664.67055    0 1481  550.00000  664.67055  20.8%     -    2s
     0     0  664.62184    0 1485  550.00000  664.62184  20.8%     -    2s
     0     0  664.60117    0 1484  550.00000  664.60117  20.8%     -    2s
     0     0  664.59605    0 1487  550.00000  664.59605  20.8%     -    2s
     0     0  664.59454    0 1486  550.00000  664.59454  20.8%     -    2s
     0     0  659.91650    0 1484  550.00000  659.91650  20.0%     -    2s
     0     0  659.52427    0 1482  550.00000  659.52427  19.9%     -    3s
     0     0  659.45726    0 1482  550.00000  659.45726  19.9%     -    3s
     0     0  659.44791    0 1484  550.00000  659.44791  19.9%     -    3s
     0     0  659.44427    0 1483  550.00000  659.44427  19.9%     -    3s
     0     0  656.15411    0 1482  550.00000  656.15411  19.3%     -    3s
     0     0  655.74684    0 1482  550.00000  655.74684  19.2%     -    4s
     0     0  655.70689    0 1483  550.00000  655.70689  19.2%     -    4s
     0     0  655.69568    0 1483  550.00000  655.69568  19.2%     -    4s
     0     0  655.69435    0 1484  550.00000  655.69435  19.2%     -    4s
     0     0  653.86057    0 1482  550.00000  653.86057  18.9%     -    4s
     0     0  653.51860    0 1483  550.00000  653.51860  18.8%     -    4s
     0     0  653.47611    0 1482  550.00000  653.47611  18.8%     -    4s
     0     0  653.46660    0 1482  550.00000  653.46660  18.8%     -    4s
     0     0  651.50216    0 1478  550.00000  651.50216  18.5%     -    5s
H    0     0                     551.0000000  651.50216  18.2%     -    5s
     0     0  651.14251    0 1480  551.00000  651.14251  18.2%     -    5s
     0     0  651.11848    0 1483  551.00000  651.11848  18.2%     -    5s
     0     0  651.11354    0 1484  551.00000  651.11354  18.2%     -    5s
     0     0  649.61726    0 1486  551.00000  649.61726  17.9%     -    6s
     0     0  649.41058    0 1485  551.00000  649.41058  17.9%     -    6s
     0     0  649.37965    0 1486  551.00000  649.37965  17.9%     -    6s
     0     0  649.34282    0 1487  551.00000  649.34282  17.8%     -    6s
     0     0  649.33706    0 1487  551.00000  649.33706  17.8%     -    6s
     0     0  648.05186    0 1485  551.00000  648.05186  17.6%     -    7s
     0     0  647.87879    0 1487  551.00000  647.87879  17.6%     -    7s
     0     0  647.85092    0 1485  551.00000  647.85092  17.6%     -    7s
     0     0  647.83831    0 1487  551.00000  647.83831  17.6%     -    7s
     0     0  646.84811    0 1486  551.00000  646.84811  17.4%     -    7s
     0     0  646.68117    0 1484  551.00000  646.68117  17.4%     -    8s
     0     0  646.65399    0 1485  551.00000  646.65399  17.4%     -    8s
     0     0  646.64068    0 1485  551.00000  646.64068  17.4%     -    8s
     0     0  645.94274    0 1486  551.00000  645.94274  17.2%     -    8s
     0     0  645.77044    0 1487  551.00000  645.77044  17.2%     -    8s
     0     0  645.73723    0 1488  551.00000  645.73723  17.2%     -    8s
     0     0  645.71906    0 1486  551.00000  645.71906  17.2%     -    8s
     0     0  645.71571    0 1487  551.00000  645.71571  17.2%     -    8s
     0     0  645.12550    0 1488  551.00000  645.12550  17.1%     -    9s
     0     0  645.00564    0 1487  551.00000  645.00564  17.1%     -    9s
     0     0  644.99399    0 1488  551.00000  644.99399  17.1%     -    9s
     0     0  644.45213    0 1485  551.00000  644.45213  17.0%     -    9s
H    0     0                     554.0000000  644.45213  16.3%     -    9s
     0     0  644.36789    0 1486  554.00000  644.36789  16.3%     -   10s
     0     0  644.35096    0 1486  554.00000  644.35096  16.3%     -   10s
     0     0  643.69183    0 1484  554.00000  643.69183  16.2%     -   10s
     0     0  643.51334    0 1485  554.00000  643.51334  16.2%     -   10s
     0     0  643.50468    0 1485  554.00000  643.50468  16.2%     -   10s
     0     0  643.23151    0 1486  554.00000  643.23151  16.1%     -   11s
     0     0  643.20140    0 1487  554.00000  643.20140  16.1%     -   11s
     0     0  643.19124    0 1487  554.00000  643.19124  16.1%     -   11s
     0     0  642.74562    0 1487  554.00000  642.74562  16.0%     -   11s
     0     0  642.67788    0 1486  554.00000  642.67788  16.0%     -   11s
     0     0  642.66620    0 1487  554.00000  642.66620  16.0%     -   11s
     0     0  642.34946    0 1486  554.00000  642.34946  15.9%     -   12s
     0     0  642.25271    0 1486  554.00000  642.25271  15.9%     -   12s
     0     0  642.22960    0 1486  554.00000  642.22960  15.9%     -   12s
     0     0  642.21898    0 1485  554.00000  642.21898  15.9%     -   12s
     0     0  641.60544    0 1486  554.00000  641.60544  15.8%     -   12s
     0     0  641.51095    0 1488  554.00000  641.51095  15.8%     -   13s
     0     0  641.48708    0 1488  554.00000  641.48708  15.8%     -   13s
     0     0  641.48278    0 1489  554.00000  641.48278  15.8%     -   13s
     0     0  641.04854    0 1485  554.00000  641.04854  15.7%     -   13s
     0     0  640.97007    0 1488  554.00000  640.97007  15.7%     -   13s
     0     0  640.95094    0 1489  554.00000  640.95094  15.7%     -   13s
     0     0  640.59399    0 1486  554.00000  640.59399  15.6%     -   14s
     0     0  640.47498    0 1486  554.00000  640.47498  15.6%     -   14s
     0     0  640.45302    0 1487  554.00000  640.45302  15.6%     -   14s
     0     0  640.45112    0 1486  554.00000  640.45112  15.6%     -   14s
     0     0  640.27134    0 1484  554.00000  640.27134  15.6%     -   14s
     0     0  640.23415    0 1486  554.00000  640.23415  15.6%     -   14s
     0     0  640.22502    0 1488  554.00000  640.22502  15.6%     -   14s
     0     0  640.06693    0 1484  554.00000  640.06693  15.5%     -   15s
     0     0  640.06693    0 1482  554.00000  640.06693  15.5%     -   15s
H    0     0                     557.0000000  640.06693  14.9%     -   16s
     0     2  640.06693    0 1482  557.00000  640.06693  14.9%     -   16s
     9    12  632.42373    4 1432  557.00000  639.95753  14.9%  3459   21s
    25    29  634.25625   10 1446  557.00000  639.95753  14.9%  2748   25s
H   28    31                     561.0000000  639.95753  14.1%  2510   25s
    51    58  615.90382   16 1366  561.00000  639.95753  14.1%  2323   30s
H   57    65                     565.0000000  639.95753  13.3%  2148   30s
   131   124  588.17810   37 1241  565.00000  639.95753  13.3%  1361   35s
H  145   140                     566.0000000  639.95753  13.1%  1297   35s
H  178   168                     568.0000000  639.95753  12.7%  1140   36s
   200   171  631.35588    3 1433  568.00000  639.78597  12.6%  1148   44s
H  205   173                     569.0000000  639.78597  12.4%  1200   45s
H  233   199                     572.0000000  639.78597  11.9%  1210   47s
H  240   198                     573.0000000  639.78597  11.7%  1193   47s
H  275   224                     574.0000000  639.78597  11.5%  1123   48s
   300   242  587.94549   40 1224  574.00000  639.78597  11.5%  1076   50s
H  301   237                     575.0000000  639.78597  11.3%  1073   50s
H  322   218                     576.0000000  639.78597  11.1%  1037   52s
   347   239  627.79873   12 1416  576.00000  639.62998  11.0%  1109   56s
H  375   254                     577.0000000  639.62998  10.9%  1116   58s
H  398   271                     578.0000000  639.62998  10.7%  1097   59s
   402   287  612.12115   27 1338  578.00000  639.62998  10.7%  1093   61s
H  457   308                     579.0000000  639.62998  10.5%  1068   62s
   481   311  630.61580    8 1426  579.00000  639.52723  10.5%  1080   66s
   524   365  597.29694   17 1263  579.00000  639.52723  10.5%  1174   71s
   598   386  580.43792   51 1200  579.00000  638.86887  10.3%  1128   75s
   615   406  622.14373   13 1383  579.00000  638.86887  10.3%  1173   80s
   668   454     cutoff   33       579.00000  638.78977  10.3%  1245   87s
H  669   440                     580.0000000  638.78977  10.1%  1244   87s
   688   451  632.24002   14 1437  580.00000  638.78977  10.1%  1249   90s
   733   497  616.45681   24 1367  580.00000  638.78977  10.1%  1326   97s
   777   529  615.37145   32 1356  580.00000  638.78977  10.1%  1343  101s
   795   555  603.24995   40 1299  580.00000  638.78977  10.1%  1365  105s
   875   599  605.11741   36 1482  580.00000  638.01729  10.0%  1369  120s
   878   601  625.71149   25 1486  580.00000  638.01729  10.0%  1364  126s
   884   605  581.21854   40 1488  580.00000  638.01729  10.0%  1355  132s
   885   606  609.34553   32 1483  580.00000  638.01729  10.0%  1354  137s
   887   607  583.45810   62 1486  580.00000  638.01729  10.0%  1351  142s
   888   608  637.04392   25 1483  580.00000  638.01729  10.0%  1349  146s
   889   608  621.37141    4 1486  580.00000  638.01729  10.0%  1348  150s
   890   609  596.20484   13 1484  580.00000  638.01729  10.0%  1346  155s
   891   610  606.70445   29 1485  580.00000  638.01729  10.0%  1344  160s
   892   610  594.16903   32 1484  580.00000  638.01729  10.0%  1343  165s
   893   611  599.74652   29 1484  580.00000  638.01729  10.0%  1341  170s
   905   622  638.01729   13 1479  580.00000  638.01729  10.0%  1406  175s
   935   643  636.97880   20 1463  580.00000  638.01729  10.0%  1432  180s
   967   665  635.03323   28 1449  580.00000  638.01729  10.0%  1452  186s
   994   685  632.37302   35 1437  580.00000  638.01729  10.0%  1488  190s
  1015   699  631.08211   40 1438  580.00000  638.01729  10.0%  1503  195s
  1039   716  630.11657   46 1432  580.00000  638.01729  10.0%  1549  200s
  1063   733  628.35103   52 1423  580.00000  638.01729  10.0%  1576  206s
  1092   756  625.99981   59 1415  580.00000  638.01729  10.0%  1598  210s
  1129   781  622.72180   68 1388  580.00000  638.01729  10.0%  1620  215s
  1165   807  620.35629   77 1388  580.00000  638.01729  10.0%  1649  220s
  1191   827  618.89474   83 1381  580.00000  638.01729  10.0%  1672  226s
  1222   845  617.61255   91 1372  580.00000  638.01729  10.0%  1699  231s
  1251   869  616.32951   98 1365  580.00000  638.01729  10.0%  1730  238s
  1269   883  615.65516  102 1360  580.00000  638.01729  10.0%  1749  242s
  1289   896  614.94660  107 1357  580.00000  638.01729  10.0%  1766  245s
  1331   930  613.46816  117 1340  580.00000  638.01729  10.0%  1801  253s
  1357   951  612.91224  123 1337  580.00000  638.01729  10.0%  1815  257s
  1387   975  612.10448  130 1322  580.00000  638.01729  10.0%  1826  261s
  1421  1004  611.14090  138 1305  580.00000  638.01729  10.0%  1834  265s
  1509  1093  609.41621  158 1275  580.00000  638.01729  10.0%  1835  273s
  1579  1170  605.11180  175 1240  580.00000  638.01729  10.0%  1810  277s
  1680  1263  599.98669  194 1208  580.00000  638.01729  10.0%  1761  281s
  1825  1260  589.08713  227 1137  580.00000  638.01729  10.0%  1674  286s
  1903  1243  638.01613   14 1470  580.00000  638.01729  10.0%  1645  290s
  1912  1250  637.84018   16 1469  580.00000  638.01729  10.0%  1658  295s
  1922  1258  631.86401   18 1432  580.00000  638.01729  10.0%  1678  300s
  1933  1266  637.13263   21 1459  580.00000  638.01729  10.0%  1693  305s
  1945  1275  636.68729   24 1460  580.00000  638.01729  10.0%  1710  311s
H 1958  1247                     581.0000000  638.01729  9.81%  1725  316s
  1971  1258  635.82201   30 1454  581.00000  638.01729  9.81%  1743  321s
  1986  1268  628.82649   33 1416  581.00000  638.01729  9.81%  1764  327s
  2001  1271  634.83727   37 1443  581.00000  638.01729  9.81%  1782  336s
  2009  1286  634.72532   39 1441  581.00000  638.01729  9.81%  1792  342s
  2027  1298  634.11901   43 1438  581.00000  638.01729  9.81%  1812  348s
  2045  1314  633.73988   47 1436  581.00000  638.01729  9.81%  1829  354s
  2067  1329  632.86323   52 1433  581.00000  638.01729  9.81%  1847  360s
  2089  1349  631.68890   57 1418  581.00000  638.01729  9.81%  1862  366s
  2117  1366  630.86275   64 1412  581.00000  638.01729  9.81%  1876  372s
  2143  1389  629.95948   70 1410  581.00000  638.01729  9.81%  1893  378s
  2175  1414  628.51186   77 1399  581.00000  638.01729  9.81%  1907  384s
  2210  1441  626.99377   85 1386  581.00000  638.01729  9.81%  1920  391s
  2249  1460  625.64815   94 1378  581.00000  638.01729  9.81%  1932  398s
  2281  1489  624.40200  103 1366  581.00000  638.01729  9.81%  1941  406s
  2321  1530  622.46899  113 1357  581.00000  638.01729  9.81%  1948  420s
  2375  1566  616.46257  126 1318  581.00000  638.01729  9.81%  1949  429s
  2429  1602  618.00464  140 1318  581.00000  638.01729  9.81%  1945  442s
  2483  1652  613.63318  153 1287  581.00000  638.01729  9.81%  1932  450s
  2551  1905  609.32654  174 1281  581.00000  638.01729  9.81%  1912  461s
  2856  1879  583.00000  248 1021  581.00000  638.01729  9.81%  1779  471s
  2873  1896  630.17700   16 1435  581.00000  638.01729  9.81%  1779  483s
  2890  1915  629.97341   20 1436  581.00000  638.01729  9.81%  1800  495s
  2909  1937  635.99497   25 1468  581.00000  638.01729  9.81%  1818  507s
  2931  1959  635.33137   30 1456  581.00000  638.01729  9.81%  1839  518s
  2953  1988  634.66156   35 1452  581.00000  638.01729  9.81%  1861  533s
  2982  1998  633.85917   42 1442  581.00000  638.01729  9.81%  1883  544s
  2992  2026  630.23671   42 1419  581.00000  638.01729  9.81%  1891  561s
  3020  2066  633.19735   49 1433  581.00000  638.01729  9.81%  1906  572s
  3060  2113  627.76429   58 1406  581.00000  638.01729  9.81%  1927  582s
  3107  2170  628.94857   69 1409  581.00000  638.01729  9.81%  1945  593s
  3164  2181  627.06352   82 1401  581.00000  638.01729  9.81%  1964  612s
  3175  2257  626.13309   87 1392  581.00000  638.01729  9.81%  1967  625s
  3251  2356  623.30958  104 1369  581.00000  638.01729  9.81%  1979  637s
  3350  2447  605.67780  126 1268  581.00000  638.01729  9.81%  1985  650s
  3441  2681  617.68860  141 1329  581.00000  638.01729  9.81%  1976  664s
  3701  2835  605.97677  184 1275  581.00000  638.01729  9.81%  1904  678s
  3904  2871  636.95553   16 1463  581.00000  638.01729  9.81%  1860  693s
  3940  2915  635.78743   24 1452  581.00000  638.01729  9.81%  1884  706s
  3984  2935  634.50322   34 1446  581.00000  638.01729  9.81%  1908  723s
  4004  2955  633.95725   42 1428  581.00000  638.01729  9.81%  1920  737s
  4024  3025  633.10783   46 1421  581.00000  638.01729  9.81%  1928  752s
  4094  3120  630.91961   62 1395  581.00000  638.01729  9.81%  1949  767s
  4189  3245  626.54556   83 1376  581.00000  638.01729  9.81%  1965  782s
  4314  3540  621.71199  110 1344  581.00000  638.01729  9.81%  1973  800s
  4633  3872  614.62348  150 1296  581.00000  638.01729  9.81%  1913  816s
  4984  3930  633.88586   39 1441  581.00000  638.01729  9.81%  1838  835s
  5042  4326  629.59207   70 1402  581.00000  638.01729  9.81%  1828  853s
  5438  4958  609.35878  164 1288  581.00000  638.01729  9.81%  1762  869s
  6100  5410  588.60862  226 1171  581.00000  637.84074  9.78%  1632  883s
  6570  5972  624.17627   95 1364  581.00000  637.84074  9.78%  1564  899s
  7159  6487  601.36940  190 1245  581.00000  637.55350  9.73%  1481  915s
  7696  6988  636.27746   16 1460  581.00000  637.55350  9.73%  1418  936s
  8197  7353  613.00042  144 1301  581.00000  637.55350  9.73%  1376  945s
  8588  7638  596.57143  204 1175  581.00000  637.55350  9.73%  1337  953s
  8873  7815  585.50000  231  959  581.00000  637.41731  9.71%  1313  960s
  9082  8022  628.65981   21 1425  581.00000  637.41731  9.71%  1298  966s
  9289  8119  621.70099   67 1374  581.00000  637.41731  9.71%  1284  973s
  9426  8235  614.31144   99 1328  581.00000  637.41731  9.71%  1275  978s
  9542  8426  604.65283  137 1287  581.00000  637.41731  9.71%  1271  985s
  9743  8549  589.22603  191 1189  581.00000  637.38837  9.71%  1259  992s
  9903  8628  629.28882   17 1425  581.00000  637.38837  9.71%  1246  999s
  9982  8747  627.97323   23 1419  581.00000  637.38837  9.71%  1246 1007s
 10137  8786  627.23972   29 1409  581.00000  637.38837  9.71%  1237 1014s
 10176  8909  626.56256   32 1407  581.00000  637.38837  9.71%  1238 1021s
 10299  9017  625.22255   40 1400  581.00000  637.38837  9.71%  1235 1028s
 10429  9140  623.75673   48 1388  581.00000  637.38837  9.71%  1231 1035s
 10567  9220  616.28171   58 1344  581.00000  637.38837  9.71%  1227 1041s
 10647  9328  619.91806   67 1364  581.00000  637.38837  9.71%  1227 1049s
 10755  9355  616.55938   82 1344  581.00000  637.38837  9.71%  1229 1061s
 10782  9570  616.17909   86 1333  581.00000  637.38837  9.71%  1229 1068s
 10997  9700  611.92198  106 1305  581.00000  637.38837  9.71%  1223 1075s
 11147  9924  604.32929  134 1272  581.00000  637.38837  9.71%  1220 1083s
 11388 10101  585.88462  196 1127  581.00000  637.14498  9.66%  1212 1090s
 11599 10237  620.14745   50 1373  581.00000  637.10882  9.66%  1201 1099s
 11774 10283  628.82889   17 1430  581.00000  637.08690  9.65%  1194 1108s
 11866 10328  636.41049   17 1458  581.00000  637.08690  9.65%  1198 1117s
 11927 10474  630.83535   57 1408  581.00000  637.08690  9.65%  1197 1125s
 12083 10632  598.26129  155 1177  581.00000  637.06350  9.65%  1192 1134s
 12261 10813  608.43922   41 1318  581.00000  636.98864  9.64%  1185 1143s
 12480 11097  626.83113   40 1411  581.00000  636.97496  9.63%  1175 1152s
 12776 11261  603.47186  157 1248  581.00000  636.90864  9.62%  1162 1159s
 12984 11497  623.21863   51 1384  581.00000  636.88876  9.62%  1153 1168s
 13246 11623  628.95961   17 1427  581.00000  636.88876  9.62%  1141 1176s
 13414 11776  612.07630  107 1322  581.00000  636.79892  9.60%  1136 1183s
 13621 11808  628.50700   20 1419  581.00000  636.77940  9.60%  1129 1192s
 13653 11846  627.16514   28 1406  581.00000  636.77940  9.60%  1135 1201s
 13691 11892  626.05379   37 1401  581.00000  636.77940  9.60%  1141 1210s
 13737 11897  623.75610   49 1381  581.00000  636.77940  9.60%  1147 1221s
 13742 11929  606.83513   49 1291  581.00000  636.77940  9.60%  1148 1228s
 13774 11988  618.93524   55 1355  581.00000  636.77940  9.60%  1152 1236s
 13833 12068  620.17586   70 1360  581.00000  636.77940  9.60%  1157 1245s
 13913 12186  615.61942   91 1337  581.00000  636.77940  9.60%  1163 1251s
 14031 12450  608.36422  120 1284  581.00000  636.77940  9.60%  1166 1258s
 14295 12627  587.75000  190 1167  581.00000  636.76726  9.60%  1163 1264s
 14524 12892  617.28559   80 1340  581.00000  636.75509  9.60%  1154 1272s
 14847 12894  628.90609   31 1415  581.00000  636.70711  9.59%  1140 1360s
 14849 12906  628.78963   32 1414  581.00000  636.70711  9.59%  1140 1367s
 14861 12927  628.52511   34 1411  581.00000  636.70711  9.59%  1140 1373s
 14882 13175  626.90656   47 1398  581.00000  636.69143  9.59%  1139 1380s
 15157 13176  629.31330   16 1482  581.00000  636.66885  9.58%  1129 1721s
 15160 13178  598.58772  199 1487  581.00000  636.66885  9.58%  1129 1732s
 15163 13180  598.21476  197 1493  581.00000  633.21702  8.99%  1128 1735s
 15166 13182  628.12820   53 1493  581.00000  633.09346  8.97%  1128 1751s
 15167 13183  589.26207  148 1492  581.00000  632.96591  8.94%  1128 1763s
 15170 13185  617.66093  123 1495  581.00000  632.91478  8.94%  1128 1775s
 15171 13185  632.71497   23 1489  581.00000  632.71497  8.90%  1128 1788s
 15173 13187  622.20330   40 1489  581.00000  632.64468  8.89%  1128 1801s
 15174 13187  599.07219  190 1491  581.00000  632.47817  8.86%  1128 1813s
 15177 13189  594.80654  168 1491  581.00000  632.38973  8.85%  1127 1825s
 15178 13190  628.65840   22 1490  581.00000  632.06465  8.79%  1127 1838s
 15181 13192  604.16122  134 1493  581.00000  631.94419  8.77%  1127 1851s
 15182 13193  587.89254  122 1492  581.00000  631.82346  8.75%  1127 1863s
 15185 13195  607.28378  165 1491  581.00000  631.76513  8.74%  1127 1876s
 15186 13195  583.50160  236 1489  581.00000  631.71074  8.73%  1127 1888s
 15188 13197  614.32125   93 1491  581.00000  631.69154  8.72%  1127 1902s
 15189 13197  618.36586   66 1493  581.00000  631.61183  8.71%  1126 1917s
 15191 13199  616.50794  134 1493  581.00000  631.58500  8.71%  1126 1930s
 15192 13199  606.64393  163 1492  581.00000  631.41915  8.68%  1126 1942s
 15194 13201  631.38795   24 1494  581.00000  631.38795  8.67%  1126 1957s
 15195 13201  607.60093   99 1492  581.00000  631.15407  8.63%  1126 1970s
 15198 13203  606.27012  175 1491  581.00000  631.09345  8.62%  1126 1984s
 15199 13204  611.09413   93 1492  581.00000  631.04397  8.61%  1126 1998s
 15201 13205  587.85000  197 1492  581.00000  631.01431  8.61%  1126 2015s
 15202 13206  582.91667  247 1492  581.00000  630.99193  8.60%  1125 2029s
 15203 13207  597.61453  196 1493  581.00000  630.98652  8.60%  1125 2042s
 15204 13207  595.37211  203 1492  581.00000  630.96582  8.60%  1125 2056s
 15205 13208  610.95498   99 1491  581.00000  630.96329  8.60%  1125 2071s
 15206 13209  622.11221   90 1492  581.00000  630.95171  8.60%  1125 2085s
 15207 13209  589.92708  215 1493  581.00000  630.94647  8.60%  1125 2101s
 15208 13210  610.92927  105 1491  581.00000  630.94045  8.60%  1125 2115s
 15209 13211  625.20917   55 1493  581.00000  630.93530  8.59%  1125 2129s
 15210 13211  615.56200  129 1491  581.00000  630.90479  8.59%  1125 2143s
 15212 13213  619.68000   25 1492  581.00000  630.89134  8.59%  1125 2158s
 15213 13213  602.49597  120 1492  581.00000  630.86098  8.58%  1125 2174s
 15214 13214  617.27477   41 1494  581.00000  630.85305  8.58%  1125 2191s
 15215 13215  607.30876  125 1492  581.00000  630.83284  8.58%  1125 2205s
 15216 13215  607.82988   92 1492  581.00000  630.82514  8.58%  1124 2220s
 15217 13216  589.39785  187 1493  581.00000  630.80899  8.57%  1124 2235s
 15218 13217  609.77860  129 1495  581.00000  630.80398  8.57%  1124 2250s
 15219 13217  596.77407   97 1495  581.00000  630.77133  8.57%  1124 2264s
 15221 13219  597.71661  161 1493  581.00000  630.75520  8.56%  1124 2281s
 15222 13219  620.30365  102 1493  581.00000  630.74592  8.56%  1124 2299s
 15223 13220  598.73593  196 1494  581.00000  630.74083  8.56%  1124 2315s
 15224 13221  601.15288  122 1494  581.00000  630.74038  8.56%  1124 2333s
 15225 13221  597.76579  160 1494  581.00000  630.74031  8.56%  1124 2350s
 15226 13222  621.30912   37 1494  581.00000  630.74030  8.56%  1124 2370s
 15227 13223  613.67354  150 1495  581.00000  630.74029  8.56%  1124 2389s
 15228 13223  597.87350  203 1494  581.00000  630.74029  8.56%  1124 2410s
 15229 13224  606.94050  114 1494  581.00000  630.72470  8.56%  1123 2429s
 15230 13225  605.84484  114 1494  581.00000  630.72470  8.56%  1123 2447s
 15231 13225  584.50000  233 1494  581.00000  630.72470  8.56%  1123 2464s
 15232 13229  630.46710   19 1489  581.00000  630.72470  8.56%  1129 2465s
 15244 13237  628.77390   22 1477  581.00000  629.78250  8.40%  1130 2470s
 15256 13245  627.00146   25 1472  581.00000  629.78250  8.40%  1131 2475s
 15268 13255  626.94707   29 1472  581.00000  629.78250  8.40%  1133 2481s
 15283 13264  624.75009   32 1449  581.00000  629.78250  8.40%  1135 2485s
 15294 13272  625.05827   35 1458  581.00000  629.78250  8.40%  1136 2490s
 15306 13280  624.22443   38 1455  581.00000  629.78250  8.40%  1137 2495s
 15314 13286  623.50454   40 1453  581.00000  629.78250  8.40%  1138 2511s
 15328 13297  622.83956   43 1450  581.00000  629.78250  8.40%  1140 2516s
 15340 13307  621.83943   46 1447  581.00000  629.78250  8.40%  1141 2520s
 15348 13307  621.29726   48 1445  581.00000  629.78250  8.40%  1142 2533s
 15351 13314  620.80240   48 1437  581.00000  629.78250  8.40%  1142 2535s
 15366 13324  620.28116   52 1438  581.00000  629.78250  8.40%  1143 2540s
 15385 13339  618.58364   56 1424  581.00000  629.78250  8.40%  1145 2545s
 15405 13353  615.96220   61 1413  581.00000  629.78250  8.40%  1147 2550s
 15428 13369  616.32067   67 1423  581.00000  629.78250  8.40%  1149 2557s
 15439 13378  615.46638   69 1413  581.00000  629.78250  8.40%  1151 2560s
 15466 13397  613.59476   76 1412  581.00000  629.78250  8.40%  1153 2566s
 15480 13404  612.89351   79 1409  581.00000  629.78250  8.40%  1154 2570s
 15505 13423  611.44993   85 1402  581.00000  629.78250  8.40%  1157 2576s
 15519 13432  607.21920   88 1380  581.00000  629.78250  8.40%  1160 2580s
 15549 13452  608.85252   96 1389  581.00000  629.78250  8.40%  1163 2587s
 15563 13463  604.07345   99 1362  581.00000  629.78250  8.40%  1166 2591s
 15578 13474  607.90708  103 1381  581.00000  629.78250  8.40%  1168 2595s
 15594 13488  607.37216  107 1375  581.00000  629.78250  8.40%  1171 2600s
 15614 13489  606.40136  112 1372  581.00000  629.78250  8.40%  1174 2607s
 15621 13507  601.76568  112 1351  581.00000  629.78250  8.40%  1175 2612s
 15642 13522  605.84642  117 1363  581.00000  629.78250  8.40%  1178 2617s
 15664 13543  605.09679  122 1360  581.00000  629.78250  8.40%  1181 2623s
 15692 13565  604.38104  128 1351  581.00000  629.78250  8.40%  1184 2628s
 15723 13589  603.34465  135 1336  581.00000  629.78250  8.40%  1187 2634s
 15758 13618  602.33725  143 1324  581.00000  629.78250  8.40%  1190 2640s
 15798 13654  600.84009  152 1313  581.00000  629.78250  8.40%  1193 2646s
 15848 13706  598.81006  163 1298  581.00000  629.78250  8.40%  1195 2653s
 15916 13760  595.13563  175 1251  581.00000  629.78250  8.40%  1196 2661s
 16017 13770  593.26652  192 1257  581.00000  629.78250  8.40%  1195 2668s
 16063 13792  588.59084  212 1212  581.00000  629.77783  8.40%  1196 2692s
 16129 13782  629.21582   24 1482  581.00000  629.77783  8.40%  1196 2700s
 16141 13791  628.73812   27 1477  581.00000  629.77783  8.40%  1199 2707s
 16154 13800  628.43782   30 1473  581.00000  629.77783  8.40%  1202 2716s
 16167 13797  628.05195   33 1470  581.00000  629.77783  8.40%  1205 2727s
 16169 13811  621.23464   33 1427  581.00000  629.77783  8.40%  1206 2735s
 16183 13814  627.58987   37 1464  581.00000  629.77783  8.40%  1209 2744s
 16191 13828  627.47318   38 1464  581.00000  629.77783  8.40%  1211 2752s
 16208 13840  626.87999   42 1457  581.00000  629.77783  8.40%  1214 2762s
 16225 13854  626.45943   46 1452  581.00000  629.77783  8.40%  1218 2772s
 16245 13869  625.75030   51 1450  581.00000  629.77783  8.40%  1222 2782s
 16267 13888  625.29935   56 1443  581.00000  629.77783  8.40%  1226 2792s
 16293 13908  624.64506   62 1435  581.00000  629.77783  8.40%  1230 2803s
 16322 13930  623.41800   69 1437  581.00000  629.77783  8.40%  1235 2813s
 16353 13921  622.36154   76 1427  581.00000  629.77783  8.40%  1239 2837s
 16355 13955  617.53349   76 1400  581.00000  629.77783  8.40%  1239 2848s
 16389 13984  621.28623   84 1418  581.00000  629.77783  8.40%  1244 2860s
 16430 14012  619.89511   92 1406  581.00000  629.77783  8.40%  1248 2872s
 16471 14048  617.52521  102 1393  581.00000  629.77783  8.40%  1252 2883s
 16521 14095  616.11079  112 1381  581.00000  629.77783  8.40%  1256 2895s
 16585 14133  613.68230  126 1358  581.00000  629.77783  8.40%  1260 2908s
 16644 14219  610.00364  136 1329  581.00000  629.77783  8.40%  1261 2920s
 16750 14308  609.46406  155 1320  581.00000  629.77783  8.40%  1262 2936s
 16886 14352  596.71509  193 1266  581.00000  629.54726  8.36%  1259 2952s
 16997 14341  628.08121   24 1465  581.00000  629.54726  8.36%  1260 2967s
 17023 14356  627.26653   31 1457  581.00000  629.54726  8.36%  1266 2990s
 17047 14380  626.51909   37 1451  581.00000  629.54726  8.36%  1271 3007s
 17079 14409  625.79990   45 1443  581.00000  629.54726  8.36%  1278 3024s
 17119 14440  624.28583   55 1431  581.00000  629.54726  8.36%  1285 3041s
 17163 14470  623.02841   66 1411  581.00000  629.54726  8.36%  1292 3057s
 17208 14522  621.30810   77 1396  581.00000  629.54726  8.36%  1297 3075s
 17275 14589  614.09437   94 1369  581.00000  629.54726  8.36%  1305 3095s
 17364 14688  613.35189  117 1359  581.00000  629.54726  8.36%  1312 3117s
 17493 14939  607.68872  151 1312  581.00000  629.54704  8.36%  1319 3139s
 17830 14853  628.96264   24 1477  581.00000  629.11233  8.28%  1311 3160s
 17856 14858  628.10354   30 1468  581.00000  629.11233  8.28%  1317 3183s
 17870 14894  627.80269   33 1465  581.00000  629.11233  8.28%  1320 3205s
 17910 14927  626.76054   43 1455  581.00000  629.11233  8.28%  1328 3226s
 17957 14971  620.56347   54 1414  581.00000  629.11233  8.28%  1336 3248s
 18016 14993  622.97724   69 1427  581.00000  629.11233  8.28%  1344 3272s
 18058 15050  617.71030   79 1393  581.00000  629.11233  8.28%  1350 3296s
 18129 15158  618.75821   97 1389  581.00000  629.11233  8.28%  1356 3321s
 18261 15367  613.37111  129 1342  581.00000  629.11233  8.28%  1364 3350s
 18514 15565  600.11723  183 1269  581.00000  629.11180  8.28%  1365 3396s
 18862 15803  619.62611   83 1403  581.00000  628.58075  8.19%  1353 3425s
 19216 16119  598.96795  178 1244  581.00000  628.57406  8.19%  1344 3455s
 19696 16445  611.79863   81 1353  581.00000  628.47282  8.17%  1327 3486s
 20234 16809  622.27036   54 1416  581.00000  628.23494  8.13%  1310 3515s
 20838 17048  620.41852   25 1429  581.00000  628.10386  8.11%  1295 3539s
 21313 17302  626.61891   24 1461  581.00000  627.97095  8.08%  1283 3562s
 21798 17364  605.28811  111 1318  581.00000  627.90992  8.07%  1270 3583s
 22064 17426  585.73256  145 1158  581.00000  627.82817  8.06%  1266 3600s

Cutting planes:
  Gomory: 13
  Clique: 1
  Flow cover: 67
  Zero half: 888
  RLT: 324
  BQP: 68

Explored 22224 nodes (28263654 simplex iterations) in 3600.01 seconds (10233.48 work units)
Thread count was 2 (of 24 available processors)

Solution count 10: 581 580 579 ... 572

Time limit reached
Best objective 5.810000000000e+02, best bound 6.270000000000e+02, gap 7.9174%

User-callback calls 341691, time in user-callback 0.98 sec

Gurobi 11.0.3 (linux64) logging started Sat Mar  7 16:20:15 2026

Set parameter LogFile to value "./log/train/IS_1500_6/IS_63.lp.log"
Set parameter TimeLimit to value 3600
Gurobi Optimizer version 11.0.3 build v11.0.3rc0 (linux64 - "Ubuntu 22.04.5 LTS")

CPU model: AMD Ryzen 9 9900X 12-Core Processor, instruction set [SSE2|AVX|AVX2|AVX512]
Thread count: 12 physical cores, 24 logical processors, using up to 1 threads

Optimize a model with 9192 rows, 1500 columns and 18110 nonzeros
Model fingerprint: 0x2bf3c284
Variable types: 0 continuous, 1500 integer (1500 binary)
Coefficient statistics:
  Matrix range     [1e+00, 1e+00]
  Objective range  [1e+00, 1e+00]
  Bounds range     [1e+00, 1e+00]
  RHS range        [1e+00, 1e+00]
Found heuristic solution: objective 332.0000000
Presolve removed 1704 rows and 0 columns
Presolve time: 0.03s
Presolved: 7488 rows, 1500 columns, 16332 nonzeros
Variable types: 0 continuous, 1500 integer (1500 binary)

Root relaxation: objective 6.882500e+02, 4385 iterations, 0.22 seconds (0.31 work units)

    Nodes    |    Current Node    |     Objective Bounds      |     Work
 Expl Unexpl |  Obj  Depth IntInf | Incumbent    BestBd   Gap | It/Node Time

     0     0  688.25000    0 1362  332.00000  688.25000   107%     -    0s
H    0     0                     509.0000000  688.25000  35.2%     -    0s
H    0     0                     516.0000000  688.25000  33.4%     -    0s
     0     0  674.80519    0 1445  516.00000  674.80519  30.8%     -    1s
H    0     0                     522.0000000  674.80519  29.3%     -   54s
     0     0  674.69940    0 1473  522.00000  674.69940  29.3%     -   54s
     0     0  674.69549    0 1473  522.00000  674.69549  29.3%     -   54s
     0     0  674.69549    0 1473  522.00000  674.69549  29.3%     -   54s
     0     0  665.73400    0 1483  522.00000  665.73400  27.5%     -   55s
H    0     0                     550.0000000  665.73400  21.0%     -   55s
     0     0  664.67055    0 1481  550.00000  664.67055  20.8%     -   56s
     0     0  664.62184    0 1485  550.00000  664.62184  20.8%     -   56s
     0     0  664.60117    0 1484  550.00000  664.60117  20.8%     -   56s
     0     0  664.59605    0 1487  550.00000  664.59605  20.8%     -   56s
     0     0  664.59454    0 1486  550.00000  664.59454  20.8%     -   56s
     0     0  659.91650    0 1484  550.00000  659.91650  20.0%     -   57s
     0     0  659.52427    0 1482  550.00000  659.52427  19.9%     -   57s
     0     0  659.45726    0 1482  550.00000  659.45726  19.9%     -   57s
     0     0  659.44791    0 1484  550.00000  659.44791  19.9%     -   57s
     0     0  659.44427    0 1483  550.00000  659.44427  19.9%     -   57s
     0     0  656.15411    0 1482  550.00000  656.15411  19.3%     -   58s
     0     0  655.74684    0 1482  550.00000  655.74684  19.2%     -   58s
     0     0  655.70689    0 1483  550.00000  655.70689  19.2%     -   58s
     0     0  655.69568    0 1483  550.00000  655.69568  19.2%     -   58s
     0     0  655.69435    0 1484  550.00000  655.69435  19.2%     -   58s
     0     0  653.86057    0 1482  550.00000  653.86057  18.9%     -   59s
     0     0  653.51860    0 1483  550.00000  653.51860  18.8%     -   59s
     0     0  653.47611    0 1482  550.00000  653.47611  18.8%     -   59s
     0     0  653.46660    0 1482  550.00000  653.46660  18.8%     -   59s
     0     0  651.50216    0 1478  550.00000  651.50216  18.5%     -   60s
H    0     0                     551.0000000  651.50216  18.2%     -  114s
     0     0  651.14251    0 1480  551.00000  651.14251  18.2%     -  114s
     0     0  651.11848    0 1483  551.00000  651.11848  18.2%     -  114s
     0     0  651.11354    0 1484  551.00000  651.11354  18.2%     -  114s
     0     0  649.61726    0 1486  551.00000  649.61726  17.9%     -  115s
     0     0  649.41058    0 1485  551.00000  649.41058  17.9%     -  115s
     0     0  649.37965    0 1486  551.00000  649.37965  17.9%     -  115s
     0     0  649.34282    0 1487  551.00000  649.34282  17.8%     -  115s
     0     0  649.33706    0 1487  551.00000  649.33706  17.8%     -  115s
     0     0  648.05186    0 1485  551.00000  648.05186  17.6%     -  116s
     0     0  647.87879    0 1487  551.00000  647.87879  17.6%     -  116s
     0     0  647.85092    0 1485  551.00000  647.85092  17.6%     -  116s
     0     0  647.83831    0 1487  551.00000  647.83831  17.6%     -  117s
     0     0  646.84811    0 1486  551.00000  646.84811  17.4%     -  117s
     0     0  646.68117    0 1484  551.00000  646.68117  17.4%     -  118s
     0     0  646.65399    0 1485  551.00000  646.65399  17.4%     -  118s
     0     0  646.64068    0 1485  551.00000  646.64068  17.4%     -  118s
     0     0  645.94274    0 1486  551.00000  645.94274  17.2%     -  118s
     0     0  645.77044    0 1487  551.00000  645.77044  17.2%     -  118s
     0     0  645.73723    0 1488  551.00000  645.73723  17.2%     -  118s
     0     0  645.71906    0 1486  551.00000  645.71906  17.2%     -  119s
     0     0  645.71571    0 1487  551.00000  645.71571  17.2%     -  119s
     0     0  645.12550    0 1488  551.00000  645.12550  17.1%     -  119s
     0     0  645.00564    0 1487  551.00000  645.00564  17.1%     -  119s
     0     0  644.99399    0 1488  551.00000  644.99399  17.1%     -  119s
     0     0  644.45213    0 1485  551.00000  644.45213  17.0%     -  120s
H    0     0                     554.0000000  644.45213  16.3%     -  120s
     0     0  644.36789    0 1486  554.00000  644.36789  16.3%     -  120s
     0     0  644.35096    0 1486  554.00000  644.35096  16.3%     -  120s
     0     0  643.69183    0 1484  554.00000  643.69183  16.2%     -  120s
     0     0  643.51334    0 1485  554.00000  643.51334  16.2%     -  174s
     0     0  643.50468    0 1485  554.00000  643.50468  16.2%     -  174s
     0     0  643.23151    0 1486  554.00000  643.23151  16.1%     -  175s
     0     0  643.20140    0 1487  554.00000  643.20140  16.1%     -  175s
     0     0  643.19124    0 1487  554.00000  643.19124  16.1%     -  175s
     0     0  642.74562    0 1487  554.00000  642.74562  16.0%     -  175s
     0     0  642.67788    0 1486  554.00000  642.67788  16.0%     -  175s
     0     0  642.66620    0 1487  554.00000  642.66620  16.0%     -  175s
     0     0  642.34946    0 1486  554.00000  642.34946  15.9%     -  176s
     0     0  642.25271    0 1486  554.00000  642.25271  15.9%     -  176s
     0     0  642.22960    0 1486  554.00000  642.22960  15.9%     -  176s
     0     0  642.21898    0 1485  554.00000  642.21898  15.9%     -  176s
     0     0  641.60544    0 1486  554.00000  641.60544  15.8%     -  177s
     0     0  641.51095    0 1488  554.00000  641.51095  15.8%     -  177s
     0     0  641.48708    0 1488  554.00000  641.48708  15.8%     -  177s
     0     0  641.48278    0 1489  554.00000  641.48278  15.8%     -  177s
     0     0  641.04854    0 1485  554.00000  641.04854  15.7%     -  178s
     0     0  640.97007    0 1488  554.00000  640.97007  15.7%     -  178s
     0     0  640.95094    0 1489  554.00000  640.95094  15.7%     -  178s
     0     0  640.59399    0 1486  554.00000  640.59399  15.6%     -  179s
     0     0  640.47498    0 1486  554.00000  640.47498  15.6%     -  179s
     0     0  640.45302    0 1487  554.00000  640.45302  15.6%     -  179s
     0     0  640.45112    0 1486  554.00000  640.45112  15.6%     -  179s
     0     0  640.27134    0 1484  554.00000  640.27134  15.6%     -  179s
     0     0  640.23415    0 1486  554.00000  640.23415  15.6%     -  180s
     0     0  640.22502    0 1488  554.00000  640.22502  15.6%     -  180s
     0     0  640.06693    0 1484  554.00000  640.06693  15.5%     -  180s
     0     0  640.06693    0 1482  554.00000  640.06693  15.5%     -  180s
H    0     0                     557.0000000  640.06693  14.9%     -  182s
     0     2  640.06687    0 1482  557.00000  640.06687  14.9%     -  234s
     2     4  628.97740    1 1435  557.00000  639.95944  14.9%  5626  236s
     9    11  627.54859    6 1426  557.00000  639.95753  14.9%  3803  241s
    28    30  586.46957   19 1218  557.00000  639.95753  14.9%  2133  245s
    51    45  620.98120    3 1386  557.00000  639.88569  14.9%  1826  250s
H   52    41                     560.0000000  639.88569  14.3%  1791  251s
H   54    41                     564.0000000  639.88569  13.5%  1743  251s
    68    57  602.99247   15 1306  564.00000  639.88569  13.5%  1777  255s
H   78    65                     567.0000000  639.88569  12.9%  1750  257s
   100    89  603.49800   36 1278  567.00000  639.88569  12.9%  1763  260s
H  130   115                     569.0000000  639.88569  12.5%  1625  261s
H  156   137                     571.0000000  639.88569  12.1%  1431  262s
   166   141  612.67295    7 1339  571.00000  639.78597  12.0%  1484  265s
H  189   156                     573.0000000  639.78597  11.7%  1468  266s
   210   163  620.65652   11 1380  573.00000  639.63081  11.6%  1433  270s
H  216   160                     575.0000000  639.63081  11.2%  1432  271s
   240   186  602.26043   33 1296  575.00000  639.63081  11.2%  1460  275s
   276   214  617.28661    9 1363  575.00000  639.62619  11.2%  1442  280s
   290   228  606.55652   18 1316  575.00000  639.62619  11.2%  1492  285s
   303   241  597.27087   26 1279  575.00000  639.62619  11.2%  1510  290s
   372   282  631.56978    7 1434  575.00000  639.43605  11.2%  1381  296s
   380   290  613.42440   11 1323  575.00000  639.43605  11.2%  1428  300s
   402   312  597.18928   25 1252  575.00000  639.43605  11.2%  1455  305s
   447   335  625.26662   14 1402  575.00000  639.43469  11.2%  1402  310s
   460   348  625.07640   24 1401  575.00000  639.43469  11.2%  1425  315s
   476   364  606.22444   35 1298  575.00000  639.43469  11.2%  1450  320s
H  515   380                     576.0000000  639.43469  11.0%  1401  323s
H  520   370                     577.0000000  639.19257  10.8%  1394  325s
   532   384  608.52361   18 1334  577.00000  639.02328  10.7%  1438  330s
   564   414  578.47602   40 1138  577.00000  639.02328  10.7%  1428  335s
H  572   401                     578.0000000  639.02233  10.6%  1427  338s
   577   408  614.89171   16 1363  578.00000  639.02233  10.6%  1445  340s
   584   414  582.50831   45 1482  578.00000  639.02233  10.6%  1449  354s
   586   415  615.45350   11 1362  578.00000  639.02233  10.6%  1444  355s
   587   416  622.06233   18 1487  578.00000  639.02233  10.6%  1442  361s
   593   420  631.10176   10 1488  578.00000  639.02233  10.6%  1427  370s
   594   421  582.40470   59 1483  578.00000  639.02233  10.6%  1425  377s
   596   422  630.76681   12 1486  578.00000  639.02233  10.6%  1420  385s
   597   423  619.42229   17 1487  578.00000  639.02233  10.6%  1418  394s
   598   423  588.83119   51 1488  578.00000  639.02233  10.6%  1415  402s
   599   424  625.33894   24 1485  578.00000  639.02233  10.6%  1413  411s
   600   425  588.85216   31 1486  578.00000  639.02233  10.6%  1411  419s
   601   425  580.68798   40 1484  578.00000  639.02233  10.6%  1408  428s
   602   426  600.02477   36 1488  578.00000  639.02233  10.6%  1406  436s
   603   427  603.88665   36 1487  578.00000  639.02233  10.6%  1404  444s
   604   427  589.30305   37 1488  578.00000  639.02233  10.6%  1401  452s
   605   428  582.40470   59 1486  578.00000  639.02233  10.6%  1399  459s
   606   429  618.66064    6 1485  578.00000  639.02233  10.6%  1397  460s
   611   434  638.82904   11 1474  578.00000  639.02233  10.6%  1484  465s
   621   441  636.89565   16 1468  578.00000  638.82890  10.5%  1501  470s
   631   447  636.85588   21 1469  578.00000  638.82890  10.5%  1519  475s
   641   454  619.14711   26 1377  578.00000  638.82890  10.5%  1539  480s
   651   461  633.91618   31 1454  578.00000  638.82890  10.5%  1550  485s
   660   467  632.40344   36 1458  578.00000  638.82890  10.5%  1564  490s
   666   471  629.09699   39 1436  578.00000  638.82890  10.5%  1577  495s
   675   477  620.17976   43 1389  578.00000  638.82890  10.5%  1594  500s
   687   485  620.63673   49 1401  578.00000  638.82890  10.5%  1613  505s
   695   490  626.25770   53 1411  578.00000  638.82890  10.5%  1634  510s
   704   496  628.86956   58 1423  578.00000  638.82890  10.5%  1648  515s
   707   498  624.54337   59 1406  578.00000  638.82890  10.5%  1660  524s
   709   499  625.88122   60 1416  578.00000  638.82890  10.5%  1664  525s
   723   509  626.27899   67 1402  578.00000  638.82890  10.5%  1665  530s
   735   517  623.91172   73 1384  578.00000  638.82890  10.5%  1679  535s
   751   527  618.54682   81 1357  578.00000  638.82890  10.5%  1688  540s
   765   537  620.35069   88 1373  578.00000  638.82890  10.5%  1700  545s
   783   549  615.95038   97 1357  578.00000  638.82890  10.5%  1707  550s
   801   561  609.44632  106 1341  578.00000  638.82890  10.5%  1713  555s
   821   574  612.94451  116 1342  578.00000  638.82890  10.5%  1715  560s
   839   586  609.31242  125 1333  578.00000  638.82890  10.5%  1723  565s
   859   599  604.75970  135 1310  578.00000  638.82890  10.5%  1729  570s
   881   614  600.57677  146 1296  578.00000  638.82890  10.5%  1730  575s
   901   627  596.80802  156 1271  578.00000  638.82890  10.5%  1735  580s
   922   641  597.04898  167 1277  578.00000  638.82890  10.5%  1737  585s
   947   658  589.35777  179 1244  578.00000  638.82890  10.5%  1741  590s
   969   673  588.13376  190 1222  578.00000  638.82890  10.5%  1750  595s
   995   690  587.53640  203 1212  578.00000  638.82890  10.5%  1756  600s
  1035   717  588.77557  223 1173  578.00000  638.82890  10.5%  1742  605s
  1107   765  581.91000  259 1124  578.00000  638.82890  10.5%  1681  610s
  1146   769  626.43147   14 1417  578.00000  638.82307  10.5%  1654  615s
  1150   771  630.43996   16 1430  578.00000  638.82307  10.5%  1667  620s
  1156   775  629.77436   19 1426  578.00000  638.82307  10.5%  1683  625s
  1161   779  636.85934   22 1466  578.00000  638.82307  10.5%  1695  630s
  1166   782  629.19608   24 1424  578.00000  638.82307  10.5%  1709  635s
  1172   786  627.37997   27 1412  578.00000  638.82307  10.5%  1723  640s
  1180   791  630.00532   31 1420  578.00000  638.82307  10.5%  1738  645s
  1186   795  628.16022   34 1402  578.00000  638.82307  10.5%  1751  650s
  1194   801  630.26663   38 1423  578.00000  638.82307  10.5%  1763  655s
  1204   807  628.35084   43 1411  578.00000  638.82307  10.5%  1779  660s
  1216   815  629.72325   49 1415  578.00000  638.82307  10.5%  1795  665s
  1226   822  627.23500   54 1408  578.00000  638.82307  10.5%  1811  670s
  1234   827  627.62723   58 1399  578.00000  638.82307  10.5%  1821  675s
  1245   835  630.84993   64 1418  578.00000  638.82307  10.5%  1835  680s
  1260   845  627.31132   71 1398  578.00000  638.82307  10.5%  1851  685s
  1275   855  628.99968   79 1392  578.00000  638.82307  10.5%  1862  690s
  1288   863  623.84949   85 1366  578.00000  638.82307  10.5%  1872  695s
  1302   873  625.03716   92 1374  578.00000  638.82307  10.5%  1878  700s
  1318   883  619.12633  100 1351  578.00000  638.82307  10.5%  1886  705s
  1334   894  620.74193  108 1347  578.00000  638.82307  10.5%  1893  710s
  1354   907  618.10469  118 1332  578.00000  638.82307  10.5%  1898  715s
  1378   923  615.11104  130 1301  578.00000  638.82307  10.5%  1898  720s
  1410   945  609.56348  146 1310  578.00000  638.82307  10.5%  1891  725s
H 1417   911                     580.0000000  638.82307  10.1%  1888  726s
  1442   930  608.78016  162 1299  580.00000  638.82307  10.1%  1885  730s
  1496   966  601.89907  189 1259  580.00000  638.82307  10.1%  1855  735s
  1582  1021  588.97297  232 1176  580.00000  638.82307  10.1%  1794  740s
H 1596   995                     581.0000000  638.82307  10.0%  1783  740s
  1668  1015  637.39057   14 1466  581.00000  638.77065  9.94%  1726  745s
  1673  1018  628.54905   16 1424  581.00000  638.77065  9.94%  1739  750s
  1679  1022  629.00863   19 1412  581.00000  638.77065  9.94%  1749  755s
  1687  1027  629.98951   23 1422  581.00000  638.77065  9.94%  1760  761s
  1693  1031  629.13760   26 1424  581.00000  638.77065  9.94%  1770  765s
  1699  1035  627.79116   29 1408  581.00000  638.77065  9.94%  1780  770s
  1706  1040  634.95637   33 1444  581.00000  638.77065  9.94%  1788  775s
  1715  1046  630.37257   37 1412  581.00000  638.77065  9.94%  1800  780s
  1722  1051  633.32379   41 1437  581.00000  638.77065  9.94%  1807  785s
  1731  1057  630.38957   45 1416  581.00000  638.77065  9.94%  1816  790s
  1741  1063  627.11084   50 1403  581.00000  638.77065  9.94%  1826  795s
  1751  1070  626.24985   55 1403  581.00000  638.77065  9.94%  1835  800s
  1765  1079  625.85652   62 1394  581.00000  638.77065  9.94%  1846  805s
  1777  1091  621.12664   68 1365  581.00000  638.77065  9.94%  1855  810s
  1789  1103  617.24794   74 1348  581.00000  638.77065  9.94%  1863  815s
  1803  1117  622.23480   81 1360  581.00000  638.77065  9.94%  1871  820s
  1815  1129  623.50024   87 1373  581.00000  638.77065  9.94%  1879  825s
  1831  1145  620.10479   95 1354  581.00000  638.77065  9.94%  1882  830s
  1849  1163  618.50976  104 1342  581.00000  638.77065  9.94%  1887  835s
  1871  1185  616.70959  115 1323  581.00000  638.77065  9.94%  1889  840s
  1896  1210  617.47362  128 1333  581.00000  638.77065  9.94%  1888  845s
  1925  1239  613.10207  142 1295  581.00000  638.77065  9.94%  1885  850s
  1965  1279  607.71590  162 1282  581.00000  638.77065  9.94%  1874  855s
  2004  1318  602.45220  182 1251  581.00000  638.77065  9.94%  1860  860s
  2067  1381  591.72748  213 1206  581.00000  638.77065  9.94%  1826  865s
  2144  1450  583.77312  252 1117  581.00000  638.77065  9.94%  1779  870s
  2178  1456  631.65103   12 1431  581.00000  638.75323  9.94%  1759  876s
  2183  1461  637.60181   15 1466  581.00000  638.75323  9.94%  1764  880s
  2188  1466  630.30764   17 1426  581.00000  638.75323  9.94%  1773  885s
  2194  1472  629.42420   20 1428  581.00000  638.75323  9.94%  1781  890s
  2198  1476  631.65773   22 1430  581.00000  638.75323  9.94%  1787  896s
  2202  1480  626.39471   24 1405  581.00000  638.75323  9.94%  1793  900s
  2207  1485  635.76380   27 1455  581.00000  638.75323  9.94%  1798  905s
  2218  1496  628.16106   32 1411  581.00000  638.75323  9.94%  1811  911s
  2226  1504  630.79069   36 1419  581.00000  638.75323  9.94%  1820  915s
  2232  1510  622.10817   39 1397  581.00000  638.75323  9.94%  1827  920s
  2244  1522  625.66199   45 1394  581.00000  638.75323  9.94%  1836  925s
  2252  1530  627.20239   49 1401  581.00000  638.75323  9.94%  1844  930s
  2257  1535  632.43863   52 1423  581.00000  638.75323  9.94%  1847  937s
  2262  1540  627.50077   54 1406  581.00000  638.75323  9.94%  1851  940s
  2274  1552  626.52291   60 1391  581.00000  638.75323  9.94%  1858  945s
  2280  1558  627.57472   63 1391  581.00000  638.75323  9.94%  1860  950s
  2284  1562  624.54656   65 1387  581.00000  638.75323  9.94%  1863  956s
  2293  1571  629.62710   70 1406  581.00000  638.75323  9.94%  1868  960s
  2302  1580  627.45930   74 1397  581.00000  638.75323  9.94%  1872  965s
  2311  1589  628.06395   79 1396  581.00000  638.75323  9.94%  1876  970s
  2328  1606  621.96654   87 1371  581.00000  638.75323  9.94%  1883  978s
  2334  1612  621.49156   90 1353  581.00000  638.75323  9.94%  1885  980s
  2344  1622  620.67831   95 1354  581.00000  638.75323  9.94%  1887  985s
  2354  1632  617.99262  100 1339  581.00000  638.75323  9.94%  1891  995s
  2365  1643  622.58859  106 1352  581.00000  638.75323  9.94%  1892 1001s
  2382  1660  618.01770  114 1333  581.00000  638.75323  9.94%  1894 1005s
  2394  1672  616.60911  120 1322  581.00000  638.75323  9.94%  1895 1010s
  2419  1697  615.51015  133 1329  581.00000  638.75323  9.94%  1892 1018s
  2424  1702  606.86341  135 1298  581.00000  638.75323  9.94%  1893 1020s
  2452  1730  609.72267  149 1301  581.00000  638.75323  9.94%  1888 1025s
  2516  1794  598.09772  181 1254  581.00000  638.75323  9.94%  1871 1030s
  2596  1874  589.25809  221 1188  581.00000  638.75323  9.94%  1839 1035s
  2673  1933  629.93302   13 1434  581.00000  638.27048  9.86%  1805 1041s
  2677  1937  630.32786   15 1440  581.00000  638.27048  9.86%  1810 1048s
  2679  1939  627.58576   16 1420  581.00000  638.27048  9.86%  1813 1050s
  2685  1945  630.71765   19 1434  581.00000  638.27048  9.86%  1820 1056s
  2690  1950  636.77685   22 1467  581.00000  638.27048  9.86%  1825 1060s
  2695  1955  627.89051   24 1415  581.00000  638.27048  9.86%  1831 1065s
  2701  1961  626.15084   27 1403  581.00000  638.27048  9.86%  1838 1070s
  2707  1967  629.92208   30 1423  581.00000  638.27048  9.86%  1843 1075s
  2713  1973  628.25174   33 1418  581.00000  638.27048  9.86%  1849 1080s
  2719  1979  622.27541   36 1403  581.00000  638.27048  9.86%  1855 1086s
  2725  1985  623.67274   39 1392  581.00000  638.27048  9.86%  1861 1090s
  2734  1994  633.23440   44 1437  581.00000  638.27048  9.86%  1865 1095s
  2741  2001  628.70689   47 1413  581.00000  638.27048  9.86%  1870 1102s
  2745  2005  623.53782   49 1385  581.00000  638.27048  9.86%  1873 1105s
  2755  2015  627.64987   54 1407  581.00000  638.27048  9.86%  1879 1110s
  2763  2023  627.31744   58 1404  581.00000  638.27048  9.86%  1885 1115s
  2773  2033  627.74148   63 1391  581.00000  638.27048  9.86%  1891 1120s
  2782  2042  630.41006   68 1416  581.00000  638.27048  9.86%  1896 1125s
  2793  2053  626.42058   73 1390  581.00000  638.27048  9.86%  1903 1130s
  2805  2065  624.49557   79 1379  581.00000  638.27048  9.86%  1907 1135s
  2811  2071  624.53366   82 1377  581.00000  638.27048  9.86%  1909 1144s
  2812  2072  627.25590   83 1393  581.00000  638.27048  9.86%  1908 1145s
  2825  2085  621.44914   89 1363  581.00000  638.27048  9.86%  1913 1150s
  2840  2100  623.98199   97 1376  581.00000  638.27048  9.86%  1917 1155s
  2845  2105  621.11690   99 1367  581.00000  638.27048  9.86%  1918 1171s
  2858  2118  622.72793  106 1368  581.00000  638.27048  9.86%  1920 1175s
  2879  2139  615.29412  116 1331  581.00000  638.27048  9.86%  1921 1180s
  2904  2164  616.69834  129 1348  581.00000  638.27048  9.86%  1919 1185s
  2935  2195  609.72578  144 1306  581.00000  638.27048  9.86%  1917 1190s
  2974  2234  607.28398  164 1306  581.00000  638.27048  9.86%  1911 1195s
  3007  2267  596.14391  180 1247  581.00000  638.27048  9.86%  1906 1200s
  3071  2331  593.73231  212 1221  581.00000  638.27048  9.86%  1887 1205s
  3165  2404  629.16438   14 1425  581.00000  638.26504  9.86%  1849 1211s
  3169  2408  629.80155   16 1433  581.00000  638.26504  9.86%  1853 1215s
  3176  2415  636.52177   20 1465  581.00000  638.26504  9.86%  1858 1220s
  3183  2422  630.97040   23 1432  581.00000  638.26504  9.86%  1866 1226s
  3189  2428  628.62060   26 1413  581.00000  638.26504  9.86%  1870 1230s
  3196  2435  634.99150   30 1454  581.00000  638.26504  9.86%  1875 1235s
  3203  2442  627.88818   33 1416  581.00000  638.26504  9.86%  1881 1240s
  3211  2450  626.23350   37 1408  581.00000  638.26504  9.86%  1887 1246s
  3219  2458  629.26036   41 1417  581.00000  638.26504  9.86%  1892 1250s
  3231  2470  629.48228   47 1415  581.00000  638.26504  9.86%  1897 1255s
  3243  2482  627.18830   53 1403  581.00000  638.26504  9.86%  1903 1260s
  3255  2494  621.54351   59 1381  581.00000  638.26504  9.86%  1909 1265s
  3264  2503  630.42872   64 1416  581.00000  638.26504  9.86%  1913 1270s
  3273  2512  625.53626   68 1388  581.00000  638.26504  9.86%  1918 1275s
  3285  2524  624.64892   74 1381  581.00000  638.26504  9.86%  1923 1280s
  3297  2536  621.95241   80 1367  581.00000  638.26504  9.86%  1927 1285s
  3311  2550  621.65641   87 1366  581.00000  638.26504  9.86%  1930 1290s
  3328  2567  623.38188   96 1373  581.00000  638.26504  9.86%  1933 1295s
  3348  2587  621.07838  106 1365  581.00000  638.26504  9.86%  1935 1300s
  3367  2606  613.14225  115 1291  581.00000  638.26504  9.86%  1937 1305s
  3391  2630  615.67137  127 1315  581.00000  638.26504  9.86%  1936 1310s
  3423  2662  605.20955  143 1274  581.00000  638.26504  9.86%  1934 1315s
  3466  2705  606.83647  165 1286  581.00000  638.26504  9.86%  1926 1320s
  3528  2767  597.60194  196 1238  581.00000  638.26504  9.86%  1912 1325s
  3639  2876  582.35418  251 1133  581.00000  638.26504  9.86%  1873 1330s
  3658  2873  626.61680   15 1417  581.00000  638.07684  9.82%  1871 1335s
  3664  2879  628.50541   18 1419  581.00000  638.07684  9.82%  1875 1340s
  3670  2885  630.44730   21 1425  581.00000  638.07684  9.82%  1879 1345s
  3676  2891  623.73799   24 1394  581.00000  638.07684  9.82%  1884 1350s
  3682  2897  624.71085   27 1399  581.00000  638.07684  9.82%  1888 1355s
  3690  2905  628.92140   31 1422  581.00000  638.07684  9.82%  1893 1360s
  3698  2913  627.52843   35 1413  581.00000  638.07684  9.82%  1898 1365s
  3706  2921  622.57556   39 1376  581.00000  638.07684  9.82%  1903 1370s
  3714  2929  625.14044   43 1394  581.00000  638.07684  9.82%  1906 1375s
  3722  2937  625.84021   47 1394  581.00000  638.07684  9.82%  1909 1384s
  3723  2938  630.14264   48 1417  581.00000  638.07684  9.82%  1909 1393s
  3726  2941  619.05194   49 1365  581.00000  638.07684  9.82%  1911 1395s
  3734  2949  625.38997   53 1392  581.00000  638.07684  9.82%  1915 1400s
  3744  2959  625.87049   58 1387  581.00000  638.07684  9.82%  1919 1405s
  3754  2969  625.48818   63 1385  581.00000  638.07684  9.82%  1923 1410s
  3766  2981  624.14257   69 1382  581.00000  638.07684  9.82%  1926 1415s
  3780  2995  621.84369   76 1366  581.00000  638.07684  9.82%  1929 1420s
  3792  3007  621.52645   82 1373  581.00000  638.07684  9.82%  1931 1425s
  3808  3023  606.45875   90 1280  581.00000  638.07684  9.82%  1935 1430s
  3826  3041  617.04328   99 1348  581.00000  638.07684  9.82%  1936 1435s
  3846  3061  616.50662  109 1336  581.00000  638.07684  9.82%  1937 1440s
  3872  3087  612.88588  122 1311  581.00000  638.07684  9.82%  1936 1445s
  3903  3118  611.99644  138 1310  581.00000  638.07684  9.82%  1934 1450s
  3946  3161  604.39869  159 1289  581.00000  638.07684  9.82%  1928 1455s
  4003  3218  597.67079  188 1250  581.00000  638.07684  9.82%  1917 1460s
  4077  3292  587.53997  225 1185  581.00000  638.07684  9.82%  1895 1465s
  4146  3322  630.65735   18 1435  581.00000  638.07678  9.82%  1874 1470s
  4151  3327  636.78548   21 1470  581.00000  638.07678  9.82%  1878 1475s
  4156  3332  626.34533   23 1416  581.00000  638.07678  9.82%  1882 1480s
  4162  3338  631.14429   26 1434  581.00000  638.07678  9.82%  1887 1485s
  4168  3344  625.67643   29 1401  581.00000  638.07678  9.82%  1891 1490s
  4174  3350  629.26716   32 1423  581.00000  638.07678  9.82%  1895 1495s
  4180  3356  618.58669   35 1368  581.00000  638.07678  9.82%  1898 1500s
  4187  3363  634.39757   39 1447  581.00000  638.07678  9.82%  1902 1505s
  4194  3370  629.79019   42 1417  581.00000  638.07678  9.82%  1906 1510s
  4200  3376  625.98488   45 1403  581.00000  638.07678  9.82%  1910 1515s
  4210  3386  630.30993   50 1416  581.00000  638.07678  9.82%  1913 1520s
  4218  3394  624.67375   54 1382  581.00000  638.07678  9.82%  1917 1527s
  4219  3395  632.19940   55 1429  581.00000  638.07678  9.82%  1917 1530s
  4228  3404  628.82490   59 1405  581.00000  638.07678  9.82%  1921 1535s
  4238  3414  626.31810   64 1387  581.00000  638.07678  9.82%  1924 1540s
  4250  3426  624.99372   70 1388  581.00000  638.07678  9.82%  1927 1545s
  4260  3436  625.91493   75 1382  581.00000  638.07678  9.82%  1931 1550s
  4273  3449  628.23130   82 1392  581.00000  638.07678  9.82%  1933 1555s
  4284  3460  621.40972   87 1366  581.00000  638.07678  9.82%  1936 1560s
  4298  3474  622.57201   94 1370  581.00000  638.07678  9.82%  1938 1565s
  4306  3482  620.71592   98 1347  581.00000  638.07678  9.82%  1940 1576s
  4318  3494  620.35461  104 1360  581.00000  638.07678  9.82%  1941 1580s
  4336  3512  617.87774  113 1345  581.00000  638.07678  9.82%  1943 1585s
  4356  3532  615.90703  123 1334  581.00000  638.07678  9.82%  1944 1590s
  4380  3556  612.81918  135 1327  581.00000  638.07678  9.82%  1944 1595s
  4414  3590  605.69395  152 1299  581.00000  638.07678  9.82%  1940 1600s
  4456  3632  603.98857  173 1267  581.00000  638.07678  9.82%  1935 1619s
  4457  3633  604.01816  174 1270  581.00000  638.07678  9.82%  1934 1620s
  4556  3732  587.52077  223 1177  581.00000  638.07678  9.82%  1913 1625s
  4651  3803  632.67210   42 1429  581.00000  637.92862  9.80%  1886 1630s
  4708  3860  620.73890   91 1360  581.00000  637.92862  9.80%  1876 1635s
  4756  3908  614.64815  126 1319  581.00000  637.92862  9.80%  1871 1640s
  4815  3967  607.13503  160 1292  581.00000  637.92862  9.80%  1862 1645s
  4884  4036  598.65812  185 1249  581.00000  637.92862  9.80%  1850 1650s
  4996  4148  590.90109  209 1199  581.00000  637.92862  9.80%  1826 1655s
  5172  4320  582.34186  240 1136  581.00000  637.92862  9.80%  1780 1660s
  5239  4358  630.88780   61 1424  581.00000  637.92803  9.80%  1767 1665s
  5302  4421  618.79808  119 1354  581.00000  637.92803  9.80%  1757 1670s
  5317  4436  615.43537  124 1332  581.00000  637.92803  9.80%  1756 1683s
  5333  4452  614.07666  135 1312  581.00000  637.92803  9.80%  1754 1685s
  5387  4506  605.85738  164 1268  581.00000  637.92803  9.80%  1747 1690s
  5459  4578  597.53771  194 1237  581.00000  637.92803  9.80%  1737 1695s
  5562  4681  590.60275  213 1193  581.00000  637.92803  9.80%  1718 1700s
  5708  4822  582.68174  244 1137  581.00000  637.92803  9.80%  1687 1705s
  5768  4853  633.45427   44 1436  581.00000  637.43688  9.71%  1676 1710s
  5814  4899  623.65474   87 1370  581.00000  637.43688  9.71%  1670 1715s
  5843  4928  619.37560  108 1342  581.00000  637.43688  9.71%  1670 1720s
  5890  4975  611.74361  139 1309  581.00000  637.43688  9.71%  1666 1725s
  5963  5048  603.24725  175 1265  581.00000  637.43688  9.71%  1657 1730s
  6019  5104  597.94394  192 1225  581.00000  637.43688  9.71%  1649 1735s
  6155  5240  588.31335  220 1167  581.00000  637.43688  9.71%  1624 1740s
  6298  5363  629.89522   16 1435  581.00000  637.37037  9.70%  1597 1745s
  6344  5409  622.84437   62 1381  581.00000  637.37037  9.70%  1591 1750s
  6380  5445  614.85816   90 1336  581.00000  637.37037  9.70%  1590 1755s
  6424  5489  608.84443  123 1288  581.00000  637.37037  9.70%  1587 1760s
  6494  5559  597.95630  159 1232  581.00000  637.37037  9.70%  1581 1765s
  6624  5689  586.09444  203 1159  581.00000  637.37037  9.70%  1562 1770s
  6710  5758  627.44377   21 1415  581.00000  637.26382  9.68%  1550 1775s
  6765  5813  617.36242   75 1351  581.00000  637.26382  9.68%  1544 1780s
  6817  5865  605.69892  114 1288  581.00000  637.26382  9.68%  1540 1785s
  6898  5946  592.87968  161 1221  581.00000  637.26382  9.68%  1532 1790s
  7028  6076  584.92886  195 1177  581.00000  637.26382  9.68%  1514 1795s
  7093  6129  625.32600   39 1404  581.00000  637.22795  9.68%  1506 1800s
  7139  6175  616.52413   82 1353  581.00000  637.22795  9.68%  1502 1805s
  7190  6226  606.86893  121 1288  581.00000  637.22795  9.68%  1499 1810s
  7278  6314  594.47064  174 1218  581.00000  637.22795  9.68%  1491 1815s
  7419  6455  582.76149  211 1182  581.00000  637.22795  9.68%  1473 1820s
  7461  6473  632.95190   37 1443  581.00000  637.22617  9.68%  1469 1825s
  7502  6514  625.65455   78 1396  581.00000  637.22617  9.68%  1466 1830s
  7544  6556  616.77868  115 1346  581.00000  637.22617  9.68%  1464 1835s
  7580  6592  610.49735  135 1317  581.00000  637.22617  9.68%  1463 1840s
  7641  6653  602.49609  171 1272  581.00000  637.22617  9.68%  1460 1845s
  7735  6747  593.40780  204 1226  581.00000  637.22617  9.68%  1451 1850s
  7858  6870  585.54442  235 1157  581.00000  637.22617  9.68%  1437 1855s
  7944  6938  635.01293   19 1458  581.00000  637.14812  9.66%  1426 1860s
  7976  6970  630.65959   51 1423  581.00000  637.14812  9.66%  1424 1865s
  8009  7003  623.94509   84 1383  581.00000  637.14812  9.66%  1422 1870s
  8016  7010  622.51332   91 1371  581.00000  637.14812  9.66%  1422 1875s
  8058  7052  614.27857  124 1333  581.00000  637.14812  9.66%  1420 1880s
  8082  7076  609.80465  132 1303  581.00000  637.14812  9.66%  1420 1885s
  8162  7156  599.09845  181 1255  581.00000  637.14812  9.66%  1414 1890s
  8275  7269  590.13355  207 1192  581.00000  637.14812  9.66%  1404 1895s
  8449  7420  629.74131   17 1427  581.00000  637.02639  9.64%  1385 1901s
  8471  7442  602.48939   39 1287  581.00000  637.02639  9.64%  1385 1905s
  8530  7489  628.05262   25 1421  581.00000  636.96024  9.63%  1380 1910s
  8570  7529  621.31231   65 1382  581.00000  636.96024  9.63%  1378 1915s
  8656  7615  599.78235  151 1263  581.00000  636.96024  9.63%  1371 1920s
  8738  7681  614.24009   20 1362  581.00000  636.89565  9.62%  1364 1925s
  8750  7693  613.45235   26 1349  581.00000  636.89565  9.62%  1367 1930s
  8762  7705  607.93681   32 1319  581.00000  636.89565  9.62%  1369 1935s
  8776  7719  613.79451   39 1348  581.00000  636.89565  9.62%  1371 1940s
  8792  7735  608.87445   47 1326  581.00000  636.89565  9.62%  1374 1945s
  8804  7747  611.48367   53 1335  581.00000  636.89565  9.62%  1375 1950s
  8832  7775  609.38653   67 1315  581.00000  636.89565  9.62%  1378 1955s
  8864  7807  606.20217   83 1293  581.00000  636.89565  9.62%  1381 1960s
  8902  7845  596.16365  102 1219  581.00000  636.89565  9.62%  1382 1965s
  8984  7927  592.26876  143 1212  581.00000  636.89565  9.62%  1379 1970s
  9067  7990  635.76840   21 1468  581.00000  636.89229  9.62%  1373 1975s
  9100  8023  631.38668   54 1420  581.00000  636.89229  9.62%  1372 1980s
  9147  8070  621.00299  101 1375  581.00000  636.89229  9.62%  1369 1985s
  9238  8161  599.19503  192 1271  581.00000  636.89229  9.62%  1362 1990s
  9321  8224  633.65186   28 1447  581.00000  636.89049  9.62%  1354 1995s
  9361  8264  626.99997   68 1404  581.00000  636.89049  9.62%  1352 2000s
  9382  8285  622.90927   89 1375  581.00000  636.89049  9.62%  1351 2015s
  9440  8343  601.24479  147 1260  581.00000  636.89049  9.62%  1347 2020s
  9532  8415  626.45885   36 1401  581.00000  636.85536  9.61%  1340 2025s
  9593  8476  615.07254   95 1334  581.00000  636.85536  9.61%  1337 2030s
  9662  8545  601.46676  142 1256  581.00000  636.85536  9.61%  1335 2035s
  9812  8695  583.74242  207 1160  581.00000  636.85536  9.61%  1325 2040s
  9869  8724  619.53598   39 1375  581.00000  636.85535  9.61%  1321 2045s
  9954  8803  582.00000  119 1028  581.00000  636.85535  9.61%  1317 2050s
  9976  8815  632.73989   38 1443  581.00000  636.84905  9.61%  1316 2055s
 10020  8859  625.57313   82 1390  581.00000  636.84905  9.61%  1314 2065s
 10090  8929  608.05083  152 1313  581.00000  636.84905  9.61%  1310 2070s
 10203  9025  587.54746  225 1482  581.00000  636.84905  9.61%  1300 2829s
 10205  9026  585.92148  224 1362  581.00000  636.84905  9.61%  1300 2830s
 10206  9027  589.33404  211 1488  581.00000  636.84905  9.61%  1299 2835s
 10208  9028  625.93549   82 1489  581.00000  633.27543  9.00%  1299 2840s
 10213  9032  588.44800  214 1491  581.00000  632.92124  8.94%  1299 2857s
 10214  9032  615.16108  134 1488  581.00000  632.84682  8.92%  1298 2874s
 10216  9034  618.27671  109 1496  581.00000  632.83240  8.92%  1298 2891s
 10217  9034  600.74008  175 1494  581.00000  632.56051  8.87%  1298 2908s
 10221  9037  600.27454  181 1495  581.00000  632.45732  8.86%  1298 2926s
 10222  9038  587.47810  217 1490  581.00000  632.24399  8.82%  1297 2942s
 10225  9040  590.29653  225 1496  581.00000  632.18766  8.81%  1297 2962s
 10226  9040  616.85730   86 1492  581.00000  631.88729  8.76%  1297 2979s
 10229  9042  583.23636  242 1494  581.00000  631.79479  8.74%  1297 2999s
 10230  9043  623.99096   71 1490  581.00000  631.61575  8.71%  1296 3016s
 10233  9045  620.94898   38 1492  581.00000  631.56290  8.70%  1296 3033s
 10234  9046  630.35126   29 1490  581.00000  631.43180  8.68%  1296 3049s
 10237  9048  589.37208  217 1495  581.00000  631.39461  8.67%  1296 3068s
 10238  9048  617.24702   75 1493  581.00000  631.31120  8.66%  1295 3084s
 10239  9049  603.91949  170 1495  581.00000  631.27123  8.65%  1295 3085s
 10241  9050  623.21354   76 1495  581.00000  631.26215  8.65%  1295 3102s
 10242  9051  583.61080  241 1495  581.00000  631.16257  8.63%  1295 3118s
 10245  9053  631.12970   14 1494  581.00000  631.12970  8.63%  1295 3135s
 10246  9054  603.86846  177 1490  581.00000  631.05742  8.62%  1294 3151s
 10248  9055  599.22700  179 1492  581.00000  631.03186  8.61%  1294 3168s
 10249  9056  630.96117   42 1491  581.00000  631.00901  8.61%  1294 3183s
 10251  9057  603.63432  178 1492  581.00000  630.99705  8.61%  1294 3202s
 10252  9058  623.45868   56 1491  581.00000  630.92242  8.59%  1294 3218s
 10255  9060  593.44931  207 1493  581.00000  630.87859  8.58%  1293 3237s
 10256  9060  603.84948  163 1492  581.00000  630.79619  8.57%  1293 3253s
 10258  9062  584.25153  245 1493  581.00000  630.77003  8.57%  1293 3270s
 10259  9062  622.87615   98 1488  581.00000  630.70741  8.56%  1293 3286s
 10263  9065  586.09658  233 1487  581.00000  630.67228  8.55%  1292 3306s
 10264  9066  617.66709  124 1483  581.00000  630.64484  8.54%  1292 3323s
 10266  9067  596.74597  211 1489  581.00000  630.62916  8.54%  1292 3342s
 10267  9068  585.00685  253 1489  581.00000  630.62743  8.54%  1292 3362s
 10268  9068  630.62671   52 1489  581.00000  630.62671  8.54%  1292 3381s
 10269  9069  630.62648   24 1489  581.00000  630.62648  8.54%  1292 3401s
 10270  9070  602.82842   99 1489  581.00000  630.62637  8.54%  1291 3421s
 10271  9070  607.05544  128 1488  581.00000  630.62634  8.54%  1291 3442s
 10272  9071  624.12784   46 1489  581.00000  630.62634  8.54%  1291 3464s
 10273  9072  621.07416  100 1488  581.00000  630.62632  8.54%  1291 3484s
 10274  9072  586.43046  212 1489  581.00000  630.62632  8.54%  1291 3504s
 10275  9073  589.86308  208 1489  581.00000  630.62632  8.54%  1291 3524s
 10276  9074  629.26384   33 1489  581.00000  630.62632  8.54%  1291 3545s
 10277  9074  625.87689   60 1489  581.00000  630.62326  8.54%  1291 3565s
 10278  9075  599.04442  202 1492  581.00000  630.62165  8.54%  1290 3584s

Cutting planes:
  Gomory: 8
  Clique: 1
  Flow cover: 62
  Zero half: 658
  Mod-K: 1
  RLT: 159
  BQP: 20

Explored 10278 nodes (13480234 simplex iterations) in 3600.06 seconds (4543.87 work units)
Thread count was 1 (of 24 available processors)

Solution count 10: 581 580 578 ... 567

Time limit reached
Best objective 5.810000000000e+02, best bound 6.300000000000e+02, gap 8.4337%

User-callback calls 168403, time in user-callback 0.95 sec
