
Gurobi 11.0.3 (linux64) logging started Thu Mar  5 20:04:10 2026

Set parameter LogFile to value "./log/train/IS_1500_6/IS_69.lp.log"
Set parameter TimeLimit to value 3600
Gurobi Optimizer version 11.0.3 build v11.0.3rc0 (linux64 - "Ubuntu 22.04.5 LTS")

CPU model: AMD Ryzen 9 9900X 12-Core Processor, instruction set [SSE2|AVX|AVX2|AVX512]
Thread count: 12 physical cores, 24 logical processors, using up to 2 threads

Optimize a model with 9193 rows, 1500 columns and 18106 nonzeros
Model fingerprint: 0xd87c5b57
Variable types: 0 continuous, 1500 integer (1500 binary)
Coefficient statistics:
  Matrix range     [1e+00, 1e+00]
  Objective range  [1e+00, 1e+00]
  Bounds range     [1e+00, 1e+00]
  RHS range        [1e+00, 1e+00]
Found heuristic solution: objective 349.0000000
Presolve removed 1659 rows and 0 columns
Presolve time: 0.03s
Presolved: 7534 rows, 1500 columns, 16409 nonzeros
Variable types: 0 continuous, 1500 integer (1500 binary)

Root relaxation: objective 6.897500e+02, 3866 iterations, 0.18 seconds (0.32 work units)

    Nodes    |    Current Node    |     Objective Bounds      |     Work
 Expl Unexpl |  Obj  Depth IntInf | Incumbent    BestBd   Gap | It/Node Time

     0     0  689.75000    0 1371  349.00000  689.75000  97.6%     -    0s
H    0     0                     515.0000000  689.75000  33.9%     -    0s
H    0     0                     516.0000000  689.75000  33.7%     -    0s
H    0     0                     520.0000000  689.75000  32.6%     -    0s
     0     0  675.56211    0 1457  520.00000  675.56211  29.9%     -    0s
     0     0  675.53438    0 1451  520.00000  675.53438  29.9%     -    0s
     0     0  675.52704    0 1451  520.00000  675.52704  29.9%     -    0s
     0     0  675.52649    0 1450  520.00000  675.52649  29.9%     -    0s
     0     0  666.60091    0 1472  520.00000  666.60091  28.2%     -    1s
H    0     0                     543.0000000  666.60091  22.8%     -    1s
     0     0  665.98572    0 1475  543.00000  665.98572  22.6%     -    1s
     0     0  665.91635    0 1477  543.00000  665.91635  22.6%     -    1s
     0     0  665.90812    0 1476  543.00000  665.90812  22.6%     -    1s
     0     0  665.90784    0 1478  543.00000  665.90784  22.6%     -    1s
     0     0  659.38824    0 1478  543.00000  659.38824  21.4%     -    2s
H    0     0                     553.0000000  659.38824  19.2%     -    2s
H    0     0                     556.0000000  659.38824  18.6%     -    2s
     0     0  658.82942    0 1479  556.00000  658.82942  18.5%     -    2s
     0     0  658.75485    0 1484  556.00000  658.75485  18.5%     -    2s
     0     0  658.74433    0 1481  556.00000  658.74433  18.5%     -    2s
     0     0  658.73896    0 1481  556.00000  658.73896  18.5%     -    2s
     0     0  656.31793    0 1481  556.00000  656.31793  18.0%     -    3s
     0     0  656.02293    0 1483  556.00000  656.02293  18.0%     -    3s
     0     0  655.97734    0 1482  556.00000  655.97734  18.0%     -    3s
     0     0  655.95552    0 1481  556.00000  655.95552  18.0%     -    3s
     0     0  655.94919    0 1482  556.00000  655.94919  18.0%     -    3s
     0     0  653.04895    0 1484  556.00000  653.04895  17.5%     -    4s
     0     0  652.59926    0 1480  556.00000  652.59926  17.4%     -    4s
     0     0  652.52875    0 1485  556.00000  652.52875  17.4%     -    4s
     0     0  652.50695    0 1487  556.00000  652.50695  17.4%     -    4s
     0     0  652.50228    0 1486  556.00000  652.50228  17.4%     -    4s
     0     0  650.41561    0 1484  556.00000  650.41561  17.0%     -    5s
     0     0  650.09174    0 1486  556.00000  650.09174  16.9%     -    5s
     0     0  650.07050    0 1485  556.00000  650.07050  16.9%     -    5s
     0     0  650.05857    0 1487  556.00000  650.05857  16.9%     -    5s
     0     0  648.68533    0 1486  556.00000  648.68533  16.7%     -    6s
     0     0  648.55490    0 1490  556.00000  648.55490  16.6%     -    6s
     0     0  648.51679    0 1488  556.00000  648.51679  16.6%     -    6s
     0     0  648.50700    0 1489  556.00000  648.50700  16.6%     -    6s
     0     0  647.38189    0 1487  556.00000  647.38189  16.4%     -    6s
     0     0  647.17214    0 1490  556.00000  647.17214  16.4%     -    7s
     0     0  647.13891    0 1491  556.00000  647.13891  16.4%     -    7s
     0     0  647.12241    0 1491  556.00000  647.12241  16.4%     -    7s
     0     0  647.11872    0 1492  556.00000  647.11872  16.4%     -    7s
     0     0  646.63042    0 1489  556.00000  646.63042  16.3%     -    7s
     0     0  646.49857    0 1492  556.00000  646.49857  16.3%     -    7s
     0     0  646.47652    0 1490  556.00000  646.47652  16.3%     -    7s
     0     0  646.46934    0 1492  556.00000  646.46934  16.3%     -    7s
     0     0  646.06248    0 1489  556.00000  646.06248  16.2%     -    8s
H    0     0                     558.0000000  646.06248  15.8%     -    8s
     0     0  645.97218    0 1486  558.00000  645.97218  15.8%     -    8s
     0     0  645.95506    0 1489  558.00000  645.95506  15.8%     -    8s
     0     0  645.95022    0 1488  558.00000  645.95022  15.8%     -    8s
     0     0  645.29800    0 1487  558.00000  645.29800  15.6%     -    8s
     0     0  645.15222    0 1488  558.00000  645.15222  15.6%     -    8s
     0     0  645.12647    0 1487  558.00000  645.12647  15.6%     -    8s
     0     0  645.12321    0 1489  558.00000  645.12321  15.6%     -    8s
     0     0  644.68841    0 1486  558.00000  644.68841  15.5%     -    9s
     0     0  644.58021    0 1489  558.00000  644.58021  15.5%     -    9s
     0     0  644.55330    0 1489  558.00000  644.55330  15.5%     -    9s
     0     0  644.54918    0 1489  558.00000  644.54918  15.5%     -    9s
     0     0  644.08987    0 1488  558.00000  644.08987  15.4%     -    9s
     0     0  644.01426    0 1488  558.00000  644.01426  15.4%     -   10s
     0     0  643.99090    0 1488  558.00000  643.99090  15.4%     -   10s
     0     0  643.98737    0 1489  558.00000  643.98737  15.4%     -   10s
     0     0  643.55439    0 1489  558.00000  643.55439  15.3%     -   10s
     0     0  643.51030    0 1489  558.00000  643.51030  15.3%     -   10s
     0     0  643.49752    0 1490  558.00000  643.49752  15.3%     -   10s
     0     0  642.98624    0 1488  558.00000  642.98624  15.2%     -   11s
     0     0  642.93084    0 1490  558.00000  642.93084  15.2%     -   11s
     0     0  642.91237    0 1492  558.00000  642.91237  15.2%     -   11s
     0     0  642.37281    0 1490  558.00000  642.37281  15.1%     -   11s
     0     0  642.32286    0 1489  558.00000  642.32286  15.1%     -   11s
     0     0  642.30317    0 1492  558.00000  642.30317  15.1%     -   11s
     0     0  642.29939    0 1492  558.00000  642.29939  15.1%     -   11s
     0     0  641.63051    0 1488  558.00000  641.63051  15.0%     -   12s
     0     0  641.50995    0 1488  558.00000  641.50995  15.0%     -   12s
     0     0  641.48258    0 1492  558.00000  641.48258  15.0%     -   12s
     0     0  641.46602    0 1490  558.00000  641.46602  15.0%     -   12s
     0     0  641.11067    0 1485  558.00000  641.11067  14.9%     -   12s
H    0     0                     559.0000000  641.11067  14.7%     -   12s
     0     0  641.03356    0 1486  559.00000  641.03356  14.7%     -   12s
     0     0  641.01682    0 1489  559.00000  641.01682  14.7%     -   13s
     0     0  640.69674    0 1489  559.00000  640.69674  14.6%     -   13s
     0     0  640.64423    0 1493  559.00000  640.64423  14.6%     -   13s
     0     0  640.63386    0 1489  559.00000  640.63386  14.6%     -   13s
     0     0  640.43128    0 1492  559.00000  640.43128  14.6%     -   13s
     0     0  640.39881    0 1490  559.00000  640.39881  14.6%     -   13s
     0     0  640.39019    0 1492  559.00000  640.39019  14.6%     -   13s
     0     0  640.03493    0 1489  559.00000  640.03493  14.5%     -   14s
     0     0  639.96091    0 1491  559.00000  639.96091  14.5%     -   14s
     0     0  639.95143    0 1491  559.00000  639.95143  14.5%     -   14s
     0     0  639.70918    0 1490  559.00000  639.70918  14.4%     -   14s
     0     0  639.61739    0 1489  559.00000  639.61739  14.4%     -   15s
     0     0  639.60234    0 1488  559.00000  639.60234  14.4%     -   15s
     0     0  639.44372    0 1490  559.00000  639.44372  14.4%     -   15s
     0     0  639.41413    0 1492  559.00000  639.41413  14.4%     -   15s
     0     0  639.39827    0 1493  559.00000  639.39827  14.4%     -   15s
     0     0  639.33780    0 1493  559.00000  639.33780  14.4%     -   15s
     0     0  639.33780    0 1493  559.00000  639.33780  14.4%     -   15s
H    0     0                     563.0000000  639.33780  13.6%     -   17s
H    0     0                     564.0000000  639.33780  13.4%     -   17s
     0     2  639.33780    0 1493  564.00000  639.33780  13.4%     -   17s
     7    10  633.55467    3 1457  564.00000  639.20080  13.3%  3989   21s
    21    26  624.59892    8 1410  564.00000  639.20080  13.3%  3213   25s
H   26    30                     566.0000000  639.20080  12.9%  2746   25s
H   29    35                     571.0000000  639.20080  11.9%  2570   25s
H   57    63                     572.0000000  639.20080  11.7%  1917   28s
    68    75  614.86833   25 1361  572.00000  639.20080  11.7%  1875   30s
H   87    82                     573.0000000  639.20080  11.6%  1685   30s
H   89    87                     577.0000000  639.20080  10.8%  1651   31s
H  113   100                     578.0000000  639.20080  10.6%  1611   34s
   117   106  597.21379   37 1274  578.00000  639.20080  10.6%  1629   36s
H  118   106                     579.0000000  639.20080  10.4%  1616   36s
H  122   106                     580.0000000  639.20080  10.2%  1617   36s
   141   119  587.25116   49 1229  580.00000  639.20080  10.2%  1687   40s
   178   143  617.32652    7 1369  580.00000  638.97670  10.2%  1686   45s
   222   168  600.96752   17 1302  580.00000  638.97670  10.2%  1583   51s
H  239   174                     582.0000000  638.97670  9.79%  1590   51s
   261   183  631.17636    5 1443  582.00000  638.48584  9.71%  1580   55s
   288   210  624.68014    8 1404  582.00000  638.48584  9.71%  1642   60s
H  340   236                     583.0000000  638.48584  9.52%  1588   64s
   342   245     cutoff   21       583.00000  638.32383  9.49%  1581   67s
   387   261  624.04022   10 1405  583.00000  638.09710  9.45%  1537   70s
H  431   290                     584.0000000  638.09710  9.26%  1545   74s
   443   296     cutoff   37       584.00000  638.09649  9.26%  1538   76s
   474   328  630.80799   14 1438  584.00000  638.09649  9.26%  1583   80s
   533   361  613.79698   17 1355  584.00000  638.09649  9.26%  1559   85s
   582   391  621.91181   32 1377  584.00000  638.09649  9.26%  1544   90s
   636   432  609.86336   39 1307  584.00000  638.09649  9.26%  1554   95s
   693   475  588.07932   64 1196  584.00000  637.31619  9.13%  1548  101s
   722   489  632.20129   12 1446  584.00000  637.31619  9.13%  1559  105s
H  764   497                     585.0000000  637.31619  8.94%  1536  108s
   784   522  621.00885   20 1375  585.00000  637.31619  8.94%  1558  110s
   848   566  609.65988   30 1329  585.00000  637.31619  8.94%  1567  116s
   875   597  595.10116   43 1246  585.00000  637.17451  8.92%  1574  128s
   929   598  593.72240   26 1493  585.00000  637.17394  8.92%  1547  141s
   932   600  615.87763   23 1489  585.00000  637.17394  8.92%  1542  147s
   934   601  625.82123   14 1494  585.00000  637.17394  8.92%  1539  150s
   937   603  607.77772   35 1494  585.00000  637.17394  8.92%  1534  157s
   938   604  598.98697   12 1494  585.00000  637.17394  8.92%  1533  162s
   939   605  633.40318    7 1495  585.00000  637.17394  8.92%  1531  168s
   940   605  623.84476   27 1491  585.00000  637.17394  8.92%  1529  175s
   941   606  627.32216    8 1493  585.00000  637.17394  8.92%  1528  184s
   942   607  604.04672   33 1493  585.00000  637.17394  8.92%  1526  191s
   944   608  591.74790   22 1492  585.00000  637.17394  8.92%  1523  198s
   945   609  630.95704    8 1493  585.00000  637.17394  8.92%  1521  205s
   946   609  598.98929   12 1493  585.00000  637.17394  8.92%  1520  212s
   948   614  637.17394   14 1493  585.00000  637.17394  8.92%  1573  216s
   960   622  637.06832   17 1475  585.00000  637.17394  8.92%  1591  220s
   988   642  636.35814   24 1472  585.00000  637.17394  8.92%  1614  226s
   999   649  634.65559   27 1459  585.00000  637.17394  8.92%  1641  230s
  1002   650  635.34574   27 1473  585.00000  637.17394  8.92%  1641  243s
  1008   656  634.76449   29 1468  585.00000  637.17394  8.92%  1648  246s
  1020   665  633.66530   32 1465  585.00000  637.17394  8.92%  1668  250s
  1042   681  632.31968   37 1460  585.00000  637.17394  8.92%  1684  255s
  1075   705  629.89460   44 1454  585.00000  637.17394  8.92%  1694  260s
  1101   722  628.25898   49 1450  585.00000  637.17394  8.92%  1707  265s
  1116   732  627.22481   53 1444  585.00000  637.17394  8.92%  1725  270s
  1141   751  625.72133   59 1435  585.00000  637.17394  8.92%  1755  277s
  1161   767  624.37983   63 1432  585.00000  637.17394  8.92%  1777  282s
  1185   785  620.79797   68 1406  585.00000  637.17394  8.92%  1797  287s
  1214   803  621.70946   74 1416  585.00000  637.17394  8.92%  1815  292s
  1228   812  621.08491   77 1414  585.00000  637.17394  8.92%  1829  296s
  1256   831  619.77746   83 1407  585.00000  637.17394  8.92%  1856  302s
  1270   842  619.12526   86 1401  585.00000  637.17394  8.92%  1870  305s
  1303   865  612.86858   92 1360  585.00000  637.17394  8.92%  1898  312s
  1320   878  616.76545   96 1395  585.00000  637.17394  8.92%  1909  316s
  1338   892  616.10853  100 1384  585.00000  637.17394  8.92%  1928  320s
  1358   909  615.58722  104 1381  585.00000  637.17394  8.92%  1945  325s
  1404   945  614.28985  113 1371  585.00000  637.17394  8.92%  1974  332s
  1433   968  613.43869  119 1362  585.00000  637.17394  8.92%  1982  336s
  1466   995  612.52577  125 1349  585.00000  637.17394  8.92%  1989  341s
  1504  1020  611.34509  132 1348  585.00000  637.17394  8.92%  1992  345s
  1611  1098  609.74039  147 1332  585.00000  637.17394  8.92%  1968  355s
  1689  1100  607.72992  156 1319  585.00000  637.17394  8.92%  1931  360s
  1717  1124  606.12881  167 1302  585.00000  637.17394  8.92%  1941  366s
  1751  1153  604.76018  180 1278  585.00000  637.17394  8.92%  1949  372s
  1791  1206  601.09471  196 1269  585.00000  637.17394  8.92%  1955  378s
  1859  1232  593.08095  226 1181  585.00000  637.17394  8.92%  1935  385s
  1938  1223  636.45739   20 1474  585.00000  637.17394  8.92%  1902  391s
  1955  1236  632.10889   23 1448  585.00000  637.17394  8.92%  1923  398s
  1974  1250  635.00440   27 1468  585.00000  637.17394  8.92%  1941  406s
  1994  1265  634.19228   31 1464  585.00000  637.17394  8.92%  1962  413s
  2016  1282  633.08651   36 1451  585.00000  637.17394  8.92%  1984  421s
  2040  1304  632.22588   41 1449  585.00000  637.17394  8.92%  2007  429s
  2070  1328  630.93573   47 1446  585.00000  637.17394  8.92%  2026  437s
  2104  1353  630.36599   53 1436  585.00000  637.17394  8.92%  2045  444s
  2141  1379  625.56445   59 1408  585.00000  637.17394  8.92%  2066  453s
  2179  1409  628.84676   66 1420  585.00000  637.17394  8.92%  2081  462s
  2222  1425  627.07811   74 1409  585.00000  637.17394  8.92%  2095  470s
  2252  1484  625.20976   82 1403  585.00000  637.17394  8.92%  2104  482s
  2321  1542  623.43529   94 1390  585.00000  637.17394  8.92%  2102  494s
  2402  1541  621.90288  104 1379  585.00000  637.17394  8.92%  2084  509s
  2428  1648  614.22177  116 1319  585.00000  637.17394  8.92%  2094  523s
  2544  1673  618.20516  130 1338  585.00000  637.17394  8.92%  2041  537s
  2625  1662  615.15645  146 1323  585.00000  637.17394  8.92%  2021  548s
  2641  1760  614.17566  151 1316  585.00000  637.17394  8.92%  2022  559s
  2745  1833  602.54816  195 1239  585.00000  637.17394  8.92%  2006  571s
  2878  1850  636.27030   19 1469  585.00000  637.17394  8.92%  1959  585s
  2906  1886  629.11272   25 1436  585.00000  637.17394  8.92%  1982  598s
  2942  1907  633.95244   33 1454  585.00000  637.17394  8.92%  2006  613s
  2963  1954  632.76038   40 1447  585.00000  637.17394  8.92%  2018  627s
  3010  2000  631.26377   50 1433  585.00000  637.17394  8.92%  2045  641s
  3056  2069  630.12965   60 1428  585.00000  637.17394  8.92%  2066  654s
  3125  2166  627.01934   74 1406  585.00000  637.17394  8.92%  2086  669s
  3222  2384  624.17547   91 1388  585.00000  637.17394  8.92%  2094  683s
  3444  2457  621.05613  113 1360  585.00000  637.17394  8.92%  2040  697s
  3531  2483  616.64600  140 1329  585.00000  637.17394  8.92%  2043  713s
  3557  2680  615.46913  144 1322  585.00000  637.17394  8.92%  2056  730s
  3760  2726  587.62472  234 1141  585.00000  637.17394  8.92%  2015  748s
  3836  2772  634.74438   29 1459  585.00000  637.17394  8.92%  2028  766s
  3882  2836  633.02427   39 1447  585.00000  637.17394  8.92%  2050  783s
  3946  2918  631.03533   52 1433  585.00000  637.17394  8.92%  2075  803s
  4028  3056  627.95258   68 1414  585.00000  637.17394  8.92%  2097  823s
  4166  3265  625.12823   89 1385  585.00000  637.17394  8.92%  2104  843s
  4404  3498  620.95313  116 1363  585.00000  637.17394  8.92%  2055  864s
  4637  4085  609.92112  166 1266  585.00000  637.06826  8.90%  2017  885s
  5249  4438  625.29574   89 1401  585.00000  637.06826  8.90%  1860  905s
  5632  4860  600.10003  198 1243  585.00000  636.99186  8.89%  1790  925s
  6076  5326  632.84129   38 1442  585.00000  636.99186  8.89%  1704  944s
  6568  5848  605.20099  174 1242  585.00000  636.81554  8.86%  1626  958s
  7104  6316  630.48923   49 1426  585.00000  636.81554  8.86%  1552  975s
  7607  6848  602.48203  182 1249  585.00000  636.72033  8.84%  1490  997s
  8157  6952  611.93330  115 1321  585.00000  636.72033  8.84%  1436 1004s
  8261  7290  601.75377  163 1214  585.00000  636.68774  8.84%  1429 1014s
  8623  7423  620.12127   30 1377  585.00000  636.68721  8.84%  1395 1021s
  8793  7525  635.46333   24 1470  585.00000  636.66051  8.83%  1380 1028s
  8895  7740  627.69655   62 1426  585.00000  636.66051  8.83%  1376 1036s
  9126  7890  614.58178  146 1321  585.00000  636.54583  8.81%  1355 1043s
  9294  8058  627.76117   34 1427  585.00000  636.54583  8.81%  1342 1050s
  9462  8162  614.14512  112 1319  585.00000  636.54452  8.81%  1332 1064s
  9586  8282  634.69489   28 1461  585.00000  636.54452  8.81%  1321 1071s
  9720  8348  626.78022   75 1411  585.00000  636.54452  8.81%  1314 1080s
  9786  8505  615.45229  127 1328  585.00000  636.54452  8.81%  1312 1089s
  9951  8822  603.47276  181 1265  585.00000  636.47198  8.80%  1306 1098s
 10286  8944  628.51358   20 1426  585.00000  636.47198  8.80%  1281 1107s
 10426  9009  586.50351   69 1209  585.00000  636.36047  8.78%  1276 1116s
 10523  9109  606.33025   60 1328  585.00000  636.28599  8.77%  1277 1126s
 10641  9218  600.53168   46 1295  585.00000  636.25663  8.76%  1276 1135s
 10780  9364  634.69383   19 1459  585.00000  636.20737  8.75%  1273 1143s
 10936  9578  623.58471   87 1381  585.00000  636.20737  8.75%  1267 1152s
 11150  9760  588.29102  227 1148  585.00000  636.15885  8.75%  1254 1162s
 11397 10017  621.90304   71 1368  585.00000  636.10660  8.74%  1239 1171s
 11688 10141  614.26550   24 1361  585.00000  636.06490  8.73%  1223 1181s
 11828 10241  627.52998   25 1416  585.00000  636.05661  8.73%  1221 1189s
 11954 10421  630.35741   29 1444  585.00000  636.04832  8.73%  1219 1196s
 12146 10632  621.14279   83 1388  585.00000  636.03231  8.72%  1209 1204s
 12388 10802  628.24156   26 1429  585.00000  636.01778  8.72%  1199 1212s
 12614 10977  633.11806   29 1449  585.00000  636.00401  8.72%  1189 1220s
 12789 11262  620.16977  102 1372  585.00000  636.00401  8.72%  1184 1228s
 13101 11566  601.42095  184 1245  585.00000  635.99040  8.72%  1173 1235s
 13451 11753  630.46537   25 1436  585.00000  635.98319  8.72%  1155 1242s
 13662 11864  626.85741   26 1431  585.00000  635.97451  8.71%  1148 1250s
 13773 12035  617.37642   75 1374  585.00000  635.97451  8.71%  1145 1258s
 13984 12150  601.26109  152 1268  585.00000  635.94644  8.71%  1135 1265s
 14125 12321  603.33476   43 1312  585.00000  635.93960  8.71%  1131 1274s
 14328 12359  612.02757   26 1341  585.00000  635.90409  8.70%  1126 1282s
 14392 12445  631.52474   34 1448  585.00000  635.90409  8.70%  1130 1289s
 14488 12625  619.98193  102 1373  585.00000  635.89961  8.70%  1132 1296s
 14698 12810  629.68890   27 1436  585.00000  635.86112  8.69%  1125 1302s
 14884 12811  589.78700  236 1493  585.00000  635.86112  8.69%  1122 1929s
 14887 12813  626.96382   77 1487  585.00000  635.86112  8.69%  1122 1938s
 14888 12814  592.49020  156 1490  585.00000  633.77643  8.34%  1121 1940s
 14894 12818  624.35273   59 1493  585.00000  632.27817  8.08%  1121 1952s
 14895 12818  618.17500   89 1493  585.00000  632.23328  8.07%  1121 1963s
 14897 12820  599.95246  198 1493  585.00000  632.21370  8.07%  1121 1976s
 14898 12820  586.22558  211 1491  585.00000  632.07138  8.05%  1121 1987s
 14901 12822  590.82143  226 1492  585.00000  631.97943  8.03%  1120 1999s
 14902 12823  599.26641  186 1492  585.00000  631.75966  7.99%  1120 2009s
 14903 12824  618.47233  101 1496  585.00000  631.71299  7.99%  1120 2010s
 14905 12825  602.55956  188 1497  585.00000  631.69615  7.98%  1120 2020s
 14906 12826  588.69767  182 1495  585.00000  631.53047  7.95%  1120 2031s
 14909 12828  597.67104  205 1496  585.00000  631.46587  7.94%  1120 2045s
 14910 12828  588.64591  206 1495  585.00000  631.32473  7.92%  1120 2057s
 14912 12830  610.63987  148 1496  585.00000  631.28083  7.91%  1120 2070s
 14913 12830  628.03156   63 1495  585.00000  631.20984  7.90%  1120 2082s
 14915 12832  620.70657  114 1496  585.00000  631.17781  7.89%  1119 2095s
 14916 12832  624.35384   94 1497  585.00000  631.06850  7.87%  1119 2108s
 14918 12834  593.39523  214 1497  585.00000  631.03948  7.87%  1119 2123s
 14919 12834  619.46108   65 1494  585.00000  630.89280  7.84%  1119 2134s
 14921 12836  603.53646  185 1494  585.00000  630.85730  7.84%  1119 2146s
 14922 12836  591.19773  216 1495  585.00000  630.76629  7.82%  1119 2158s
 14924 12838  605.52361  131 1496  585.00000  630.71836  7.82%  1119 2172s
 14925 12838  605.39066  180 1494  585.00000  630.66029  7.81%  1119 2184s
 14927 12840  613.50929  128 1495  585.00000  630.62709  7.80%  1119 2197s
 14928 12840  613.49242   50 1495  585.00000  630.59216  7.79%  1118 2210s
 14929 12841  586.71545  246 1495  585.00000  630.58413  7.79%  1118 2224s
 14930 12842  614.15763  142 1494  585.00000  630.55763  7.79%  1118 2236s
 14931 12842  628.72740   67 1493  585.00000  630.55175  7.79%  1118 2247s
 14932 12843  617.26204   86 1489  585.00000  630.52504  7.78%  1118 2259s
 14934 12844  618.09432  124 1493  585.00000  630.51039  7.78%  1118 2273s
 14935 12845  624.41037   43 1493  585.00000  630.48865  7.78%  1118 2285s
 14937 12846  595.33999  208 1493  585.00000  630.47235  7.77%  1118 2299s
 14938 12847  626.36928   33 1495  585.00000  630.44911  7.77%  1118 2314s
 14939 12848  615.87628   99 1495  585.00000  630.44296  7.77%  1118 2328s
 14940 12848  603.93741  144 1493  585.00000  630.38321  7.76%  1118 2340s
 14942 12850  596.54416  210 1494  585.00000  630.34977  7.75%  1117 2353s
 14943 12850  613.49024  144 1493  585.00000  630.27650  7.74%  1117 2368s
 14945 12852  607.17612   33 1495  585.00000  630.25439  7.74%  1117 2384s
 14946 12852  630.19224   29 1492  585.00000  630.19224  7.73%  1117 2399s
 14948 12854  630.16095   23 1495  585.00000  630.16095  7.72%  1117 2415s
 14949 12854  590.53836  225 1493  585.00000  630.10570  7.71%  1117 2427s
 14951 12856  608.90130  169 1495  585.00000  630.08392  7.71%  1117 2440s
 14952 12856  594.00584  217 1494  585.00000  630.07954  7.71%  1117 2454s
 14953 12857  594.33540  202 1494  585.00000  630.07871  7.71%  1117 2469s
 14954 12858  626.72178   74 1494  585.00000  630.07844  7.71%  1116 2483s
 14955 12858  611.40373  137 1494  585.00000  630.07835  7.71%  1116 2498s
 14956 12859  594.18777  212 1495  585.00000  630.07833  7.71%  1116 2513s
 14957 12860  602.25837  185 1494  585.00000  630.07831  7.71%  1116 2528s
 14958 12860  599.21350  201 1494  585.00000  630.07831  7.71%  1116 2542s
 14959 12861  595.19365   63 1494  585.00000  630.07831  7.71%  1116 2557s
 14960 12862  622.78163   93 1494  585.00000  630.06390  7.70%  1116 2588s
 14961 12862  612.08346  122 1494  585.00000  630.06281  7.70%  1116 2603s
 14962 12863  587.45966  236 1494  585.00000  630.06281  7.70%  1116 2620s
 14971 12872  628.74603   29 1484  585.00000  629.39124  7.59%  1123 2625s
 14985 12883  628.43244   33 1482  585.00000  629.10735  7.54%  1124 2630s
 15002 12894  627.43428   37 1479  585.00000  629.10735  7.54%  1125 2635s
 15015 12903  626.35873   41 1472  585.00000  629.10735  7.54%  1126 2641s
 15031 12914  624.87291   45 1462  585.00000  629.10735  7.54%  1128 2646s
 15043 12922  624.43638   48 1466  585.00000  629.10735  7.54%  1129 2651s
 15055 12930  623.69905   51 1467  585.00000  629.10735  7.54%  1130 2655s
 15071 12942  621.77841   54 1453  585.00000  629.10735  7.54%  1131 2661s
 15076 12942  622.27456   56 1459  585.00000  629.10735  7.54%  1132 2667s
 15083 12951  619.95130   57 1446  585.00000  629.10735  7.54%  1132 2672s
 15098 12964  620.94342   61 1450  585.00000  629.10735  7.54%  1133 2676s
 15107 12963  620.39356   63 1449  585.00000  629.10735  7.54%  1134 2682s
 15121 12980  619.43644   66 1442  585.00000  629.10735  7.54%  1134 2685s
 15131 12987  618.72926   68 1442  585.00000  629.10735  7.54%  1135 2695s
 15165 13014  617.02331   75 1434  585.00000  629.10735  7.54%  1137 2701s
 15191 13032  615.46274   81 1429  585.00000  629.10735  7.54%  1138 2707s
 15206 13039  615.04314   84 1425  585.00000  629.10735  7.54%  1139 2711s
 15218 13052  614.18227   87 1423  585.00000  629.10735  7.54%  1140 2715s
 15249 13072  612.58036   94 1415  585.00000  629.10735  7.54%  1142 2722s
 15266 13084  608.69779   97 1396  585.00000  629.10735  7.54%  1143 2726s
 15303 13109  610.32765  105 1398  585.00000  629.10735  7.54%  1145 2733s
 15321 13128  609.73801  109 1396  585.00000  629.10735  7.54%  1146 2738s
 15346 13133  608.89604  114 1392  585.00000  629.10735  7.54%  1147 2742s
 15359 13156  608.64060  116 1393  585.00000  629.10735  7.54%  1147 2746s
 15388 13177  593.11264  122 1326  585.00000  629.10735  7.54%  1147 2750s
 15419 13198  602.26739  128 1357  585.00000  629.10735  7.54%  1147 2755s
 15455 13224  606.16278  136 1370  585.00000  629.10735  7.54%  1147 2760s
 15495 13252  604.87193  144 1358  585.00000  629.10735  7.54%  1146 2765s
 15539 13288  598.78892  152 1332  585.00000  629.10735  7.54%  1145 2770s
 15597 13270  601.97157  162 1340  585.00000  629.10735  7.54%  1144 2788s
 15599 13305  594.90756  162 1312  585.00000  629.10735  7.54%  1144 2793s
 15655 13314  595.20412  173 1307  585.00000  629.10735  7.54%  1142 2799s
 15683 13344  598.60554  185 1294  585.00000  629.10735  7.54%  1142 2805s
 15724 13376  595.34610  201 1272  585.00000  629.10735  7.54%  1142 2810s
 15778 13378  588.57406  223 1215  585.00000  628.74600  7.48%  1140 2817s
 15820 13383  627.62851   32 1472  585.00000  628.74600  7.48%  1140 2821s
 15839 13400  619.51232   36 1430  585.00000  628.74600  7.48%  1141 2826s
 15862 13417  626.34002   42 1461  585.00000  628.74600  7.48%  1142 2833s
 15887 13425  624.91167   48 1453  585.00000  628.74600  7.48%  1143 2840s
 15903 13450  619.55654   52 1415  585.00000  628.74600  7.48%  1143 2847s
 15934 13475  623.45826   60 1439  585.00000  628.74600  7.48%  1144 2856s
 15969 13500  622.70660   68 1433  585.00000  628.74600  7.48%  1145 2864s
 16006 13525  621.68523   76 1423  585.00000  628.74600  7.48%  1145 2872s
 16043 13566  617.98137   83 1389  585.00000  628.74600  7.48%  1146 2881s
 16096 13608  617.55400   95 1400  585.00000  628.74600  7.48%  1146 2890s
 16156 13653  615.01296  108 1382  585.00000  628.74600  7.48%  1145 2900s
 16221 13725  609.14002  122 1344  585.00000  628.74600  7.48%  1144 2910s
 16315 13735  608.66263  140 1338  585.00000  628.74600  7.48%  1142 2930s
 16358 13756  609.27777  141 1345  585.00000  628.74600  7.48%  1140 2951s
 16395 13835  607.14944  152 1332  585.00000  628.74600  7.48%  1139 2960s
 16507 13888  600.94365  183 1290  585.00000  628.24206  7.39%  1136 2970s
 16612 13883  627.95889   32 1483  585.00000  628.16954  7.38%  1134 2981s
 16642 13915  627.56818   36 1478  585.00000  628.16954  7.38%  1137 2991s
 16684 13953  625.91572   44 1464  585.00000  628.16954  7.38%  1138 3002s
 16736 13970  624.55684   54 1457  585.00000  628.16954  7.38%  1139 3023s
 16770 14032  623.82066   62 1448  585.00000  628.16954  7.38%  1140 3037s
 16844 14105  621.72862   75 1428  585.00000  628.16954  7.38%  1140 3050s
 16941 14200  619.89921   91 1409  585.00000  628.16954  7.38%  1140 3065s
 17073 14253  615.90210  110 1396  585.00000  628.16954  7.38%  1137 3079s
 17189 14311  610.73788  137 1351  585.00000  628.16954  7.38%  1135 3092s
 17285 14417  605.42263  172 1307  585.00000  628.11922  7.37%  1135 3107s
 17447 14423  621.88111   36 1437  585.00000  628.11922  7.37%  1131 3120s
 17507 14488  625.96090   46 1466  585.00000  628.11922  7.37%  1133 3136s
 17592 14569  623.92020   61 1448  585.00000  628.11922  7.37%  1134 3156s
 17702 14706  621.35866   78 1428  585.00000  628.11922  7.37%  1134 3176s
 17900 14698  617.29583  103 1401  585.00000  628.11922  7.37%  1129 3195s
 17958 14870  615.54518  110 1391  585.00000  628.11922  7.37%  1128 3213s
 18150 15129  607.03411  147 1321  585.00000  628.11922  7.37%  1123 3234s
 18505 15219  589.55822  219 1170  585.00000  628.08461  7.36%  1110 3254s
 18733 15514  615.53488  112 1382  585.00000  628.08461  7.36%  1103 3275s
 19104 15626  593.85347  205 1170  585.00000  627.92064  7.34%  1090 3296s
 19377 15950  619.97074   80 1408  585.00000  627.78540  7.31%  1080 3317s
 19844 16040  627.07234   33 1474  585.00000  627.78540  7.31%  1065 3338s
 20101 16376  606.42686  153 1320  585.00000  627.68533  7.30%  1058 3361s
 20566 16664  618.65567   82 1412  585.00000  627.68533  7.30%  1043 3382s
 21015 16656  588.95418  213 1166  585.00000  627.67463  7.29%  1030 3403s
 21211 16895  605.88504  139 1317  585.00000  627.51275  7.27%  1024 3422s
 21535 17101  614.57764  102 1369  585.00000  627.42581  7.25%  1016 3440s
 21907 17172  613.33804   70 1398  585.00000  627.38336  7.25%  1006 3460s
 22156 17456  619.76662   31 1427  585.00000  627.28517  7.23%  1002 3483s
 22563 17441  612.90855   63 1381  585.00000  627.25518  7.22%   992 3495s
 22699 17524  592.34382   65 1299  585.00000  627.23328  7.22%   991 3509s
 22849 17629  601.44446   69 1333  585.00000  627.16336  7.21%   988 3524s
 23030 17683  614.15840   65 1403  585.00000  627.07804  7.19%   985 3538s
 23144 17916  604.28012  123 1296  585.00000  627.07130  7.19%   983 3555s
 23444 17986  618.50525   33 1425  585.00000  627.06942  7.19%   975 3569s
 23646 18213  619.37951   35 1428  585.00000  627.06896  7.19%   972 3584s
 23955 18144     cutoff  202       585.00000  627.05351  7.19%   965 3597s
 24019 18135  622.31787   41 1446  585.00000  627.05351  7.19%   966 3600s

Cutting planes:
  Gomory: 6
  Flow cover: 92
  Zero half: 1075
  RLT: 429
  BQP: 82

Explored 24031 nodes (23360525 simplex iterations) in 3600.00 seconds (9877.57 work units)
Thread count was 2 (of 24 available processors)

Solution count 10: 585 584 583 ... 572

Time limit reached
Best objective 5.850000000000e+02, best bound 6.270000000000e+02, gap 7.1795%

User-callback calls 314056, time in user-callback 0.85 sec

Gurobi 11.0.3 (linux64) logging started Sat Mar  7 16:20:15 2026

Set parameter LogFile to value "./log/train/IS_1500_6/IS_69.lp.log"
Set parameter TimeLimit to value 3600
Gurobi Optimizer version 11.0.3 build v11.0.3rc0 (linux64 - "Ubuntu 22.04.5 LTS")

CPU model: AMD Ryzen 9 9900X 12-Core Processor, instruction set [SSE2|AVX|AVX2|AVX512]
Thread count: 12 physical cores, 24 logical processors, using up to 1 threads

Optimize a model with 9193 rows, 1500 columns and 18106 nonzeros
Model fingerprint: 0xd87c5b57
Variable types: 0 continuous, 1500 integer (1500 binary)
Coefficient statistics:
  Matrix range     [1e+00, 1e+00]
  Objective range  [1e+00, 1e+00]
  Bounds range     [1e+00, 1e+00]
  RHS range        [1e+00, 1e+00]
Found heuristic solution: objective 349.0000000
Presolve removed 1659 rows and 0 columns
Presolve time: 0.04s
Presolved: 7534 rows, 1500 columns, 16409 nonzeros
Variable types: 0 continuous, 1500 integer (1500 binary)

Root relaxation: objective 6.897500e+02, 3866 iterations, 0.21 seconds (0.32 work units)

    Nodes    |    Current Node    |     Objective Bounds      |     Work
 Expl Unexpl |  Obj  Depth IntInf | Incumbent    BestBd   Gap | It/Node Time

     0     0  689.75000    0 1371  349.00000  689.75000  97.6%     -    0s
H    0     0                     515.0000000  689.75000  33.9%     -    0s
H    0     0                     516.0000000  689.75000  33.7%     -    0s
H    0     0                     520.0000000  689.75000  32.6%     -    0s
     0     0  675.56211    0 1457  520.00000  675.56211  29.9%     -    1s
     0     0  675.53438    0 1451  520.00000  675.53438  29.9%     -   54s
     0     0  675.52704    0 1451  520.00000  675.52704  29.9%     -   54s
     0     0  675.52649    0 1450  520.00000  675.52649  29.9%     -   54s
     0     0  666.60091    0 1472  520.00000  666.60091  28.2%     -   55s
H    0     0                     543.0000000  666.60091  22.8%     -   55s
     0     0  665.98572    0 1475  543.00000  665.98572  22.6%     -   55s
     0     0  665.91635    0 1477  543.00000  665.91635  22.6%     -   55s
     0     0  665.90812    0 1476  543.00000  665.90812  22.6%     -   55s
     0     0  665.90784    0 1478  543.00000  665.90784  22.6%     -   55s
     0     0  659.38824    0 1478  543.00000  659.38824  21.4%     -   57s
H    0     0                     553.0000000  659.38824  19.2%     -   57s
H    0     0                     556.0000000  659.38824  18.6%     -   57s
     0     0  658.82942    0 1479  556.00000  658.82942  18.5%     -   57s
     0     0  658.75485    0 1484  556.00000  658.75485  18.5%     -   57s
     0     0  658.74433    0 1481  556.00000  658.74433  18.5%     -   57s
     0     0  658.73896    0 1481  556.00000  658.73896  18.5%     -   57s
     0     0  656.31793    0 1481  556.00000  656.31793  18.0%     -   58s
     0     0  656.02293    0 1483  556.00000  656.02293  18.0%     -   58s
     0     0  655.97734    0 1482  556.00000  655.97734  18.0%     -   58s
     0     0  655.95552    0 1481  556.00000  655.95552  18.0%     -   58s
     0     0  655.94919    0 1482  556.00000  655.94919  18.0%     -   58s
     0     0  653.04895    0 1484  556.00000  653.04895  17.5%     -   59s
     0     0  652.59926    0 1480  556.00000  652.59926  17.4%     -   60s
     0     0  652.52875    0 1485  556.00000  652.52875  17.4%     -   60s
     0     0  652.50695    0 1487  556.00000  652.50695  17.4%     -   60s
     0     0  652.50228    0 1486  556.00000  652.50228  17.4%     -   60s
     0     0  650.41561    0 1484  556.00000  650.41561  17.0%     -   61s
     0     0  650.09174    0 1486  556.00000  650.09174  16.9%     -  114s
     0     0  650.07050    0 1485  556.00000  650.07050  16.9%     -  114s
     0     0  650.05857    0 1487  556.00000  650.05857  16.9%     -  114s
     0     0  648.68533    0 1486  556.00000  648.68533  16.7%     -  115s
     0     0  648.55490    0 1490  556.00000  648.55490  16.6%     -  115s
     0     0  648.51679    0 1488  556.00000  648.51679  16.6%     -  115s
     0     0  648.50700    0 1489  556.00000  648.50700  16.6%     -  115s
     0     0  647.38189    0 1487  556.00000  647.38189  16.4%     -  116s
     0     0  647.17214    0 1490  556.00000  647.17214  16.4%     -  116s
     0     0  647.13891    0 1491  556.00000  647.13891  16.4%     -  116s
     0     0  647.12241    0 1491  556.00000  647.12241  16.4%     -  117s
     0     0  647.11872    0 1492  556.00000  647.11872  16.4%     -  117s
     0     0  646.63042    0 1489  556.00000  646.63042  16.3%     -  117s
     0     0  646.49857    0 1492  556.00000  646.49857  16.3%     -  117s
     0     0  646.47652    0 1490  556.00000  646.47652  16.3%     -  117s
     0     0  646.46934    0 1492  556.00000  646.46934  16.3%     -  117s
     0     0  646.06248    0 1489  556.00000  646.06248  16.2%     -  118s
H    0     0                     558.0000000  646.06248  15.8%     -  118s
     0     0  645.97218    0 1486  558.00000  645.97218  15.8%     -  118s
     0     0  645.95506    0 1489  558.00000  645.95506  15.8%     -  118s
     0     0  645.95022    0 1488  558.00000  645.95022  15.8%     -  118s
     0     0  645.29800    0 1487  558.00000  645.29800  15.6%     -  119s
     0     0  645.15222    0 1488  558.00000  645.15222  15.6%     -  119s
     0     0  645.12647    0 1487  558.00000  645.12647  15.6%     -  119s
     0     0  645.12321    0 1489  558.00000  645.12321  15.6%     -  119s
     0     0  644.68841    0 1486  558.00000  644.68841  15.5%     -  120s
     0     0  644.58021    0 1489  558.00000  644.58021  15.5%     -  174s
     0     0  644.55330    0 1489  558.00000  644.55330  15.5%     -  174s
     0     0  644.54918    0 1489  558.00000  644.54918  15.5%     -  174s
     0     0  644.08987    0 1488  558.00000  644.08987  15.4%     -  174s
     0     0  644.01426    0 1488  558.00000  644.01426  15.4%     -  175s
     0     0  643.99090    0 1488  558.00000  643.99090  15.4%     -  175s
     0     0  643.98737    0 1489  558.00000  643.98737  15.4%     -  175s
     0     0  643.55439    0 1489  558.00000  643.55439  15.3%     -  175s
     0     0  643.51030    0 1489  558.00000  643.51030  15.3%     -  175s
     0     0  643.49752    0 1490  558.00000  643.49752  15.3%     -  175s
     0     0  642.98624    0 1488  558.00000  642.98624  15.2%     -  176s
     0     0  642.93084    0 1490  558.00000  642.93084  15.2%     -  176s
     0     0  642.91237    0 1492  558.00000  642.91237  15.2%     -  176s
     0     0  642.37281    0 1490  558.00000  642.37281  15.1%     -  176s
     0     0  642.32286    0 1489  558.00000  642.32286  15.1%     -  176s
     0     0  642.30317    0 1492  558.00000  642.30317  15.1%     -  177s
     0     0  642.29939    0 1492  558.00000  642.29939  15.1%     -  177s
     0     0  641.63051    0 1488  558.00000  641.63051  15.0%     -  177s
     0     0  641.50995    0 1488  558.00000  641.50995  15.0%     -  177s
     0     0  641.48258    0 1492  558.00000  641.48258  15.0%     -  178s
     0     0  641.46602    0 1490  558.00000  641.46602  15.0%     -  178s
     0     0  641.11067    0 1485  558.00000  641.11067  14.9%     -  178s
H    0     0                     559.0000000  641.11067  14.7%     -  178s
     0     0  641.03356    0 1486  559.00000  641.03356  14.7%     -  178s
     0     0  641.01682    0 1489  559.00000  641.01682  14.7%     -  178s
     0     0  640.69674    0 1489  559.00000  640.69674  14.6%     -  179s
     0     0  640.64423    0 1493  559.00000  640.64423  14.6%     -  179s
     0     0  640.63386    0 1489  559.00000  640.63386  14.6%     -  179s
     0     0  640.43128    0 1492  559.00000  640.43128  14.6%     -  180s
     0     0  640.39881    0 1490  559.00000  640.39881  14.6%     -  180s
     0     0  640.39019    0 1492  559.00000  640.39019  14.6%     -  180s
     0     0  640.03493    0 1489  559.00000  640.03493  14.5%     -  180s
     0     0  639.96091    0 1491  559.00000  639.96091  14.5%     -  234s
     0     0  639.95143    0 1491  559.00000  639.95143  14.5%     -  234s
     0     0  639.70918    0 1490  559.00000  639.70918  14.4%     -  234s
     0     0  639.61739    0 1489  559.00000  639.61739  14.4%     -  235s
     0     0  639.60234    0 1488  559.00000  639.60234  14.4%     -  235s
     0     0  639.44372    0 1490  559.00000  639.44372  14.4%     -  235s
     0     0  639.41413    0 1492  559.00000  639.41413  14.4%     -  235s
     0     0  639.39827    0 1493  559.00000  639.39827  14.4%     -  235s
     0     0  639.33780    0 1493  559.00000  639.33780  14.4%     -  236s
     0     0  639.33780    0 1493  559.00000  639.33780  14.4%     -  236s
H    0     0                     563.0000000  639.33780  13.6%     -  238s
H    0     0                     564.0000000  639.33780  13.4%     -  238s
     0     2  639.33755    0 1493  564.00000  639.33755  13.4%     -  238s
     2     4  632.84182    1 1444  564.00000  639.20156  13.3%  5752  241s
    10    12  625.39434    7 1409  564.00000  639.20080  13.3%  3488  245s
    24    26  624.25257   18 1395  564.00000  639.20080  13.3%  2654  250s
H   26    26                     566.0000000  639.20080  12.9%  2493  250s
H   27    27                     571.0000000  639.20080  11.9%  2442  251s
    42    44  593.06772   29 1220  571.00000  639.20080  11.9%  2545  255s
H   52    52                     572.0000000  639.20080  11.7%  2206  255s
    72    62  627.84846    2 1414  572.00000  639.07463  11.7%  1826  264s
    73    63  627.69753    3 1413  572.00000  639.07463  11.7%  1807  265s
    93    83  605.80152   17 1312  572.00000  639.07463  11.7%  1931  270s
H  135   119                     574.0000000  639.07463  11.3%  1693  274s
   142   120  633.63210    3 1449  574.00000  638.93907  11.3%  1677  276s
   148   126  620.54392    7 1383  574.00000  638.93907  11.3%  1748  280s
H  162   138                     575.0000000  638.93907  11.1%  1754  283s
   165   143  611.77535   19 1341  575.00000  638.93907  11.1%  1783  285s
H  189   161                     578.0000000  638.93907  10.5%  1747  288s
   209   175     cutoff   49       578.00000  638.93907  10.5%  1654  290s
H  234   181                     579.0000000  638.64551  10.3%  1597  295s
H  243   186                     580.0000000  638.64551  10.1%  1644  298s
   250   195  590.08279   19 1237  580.00000  638.64551  10.1%  1684  300s
   284   219  631.32567   11 1449  580.00000  638.64532  10.1%  1635  306s
   293   228  606.83553   17 1334  580.00000  638.64532  10.1%  1687  310s
H  312   243                     581.0000000  638.64532  9.92%  1666  314s
   314   247  592.93953   32 1256  581.00000  638.64532  9.92%  1680  315s
   349   270  633.45023    6 1455  581.00000  638.47623  9.89%  1657  321s
   359   280  616.45375   13 1367  581.00000  638.47623  9.89%  1691  325s
   378   299  603.86928   27 1303  581.00000  638.47623  9.89%  1704  330s
   423   328  632.89348    7 1448  581.00000  638.35072  9.87%  1648  336s
   431   336  627.01572   13 1406  581.00000  638.35072  9.87%  1669  340s
   440   345  624.21736   19 1397  581.00000  638.35072  9.87%  1707  345s
   452   357  622.41633   28 1395  581.00000  638.35072  9.87%  1724  350s
   464   369  621.01581   36 1379  581.00000  638.35072  9.87%  1747  355s
   486   391  602.92126   52 1288  581.00000  638.35072  9.87%  1754  360s
   552   429  632.32513    8 1448  581.00000  638.21799  9.85%  1657  366s
   565   442  609.40079   18 1324  581.00000  638.21799  9.85%  1674  370s
   582   456  610.30607   15 1493  581.00000  638.21799  9.85%  1659  386s
   585   458  610.30607   15 1489  581.00000  638.21799  9.85%  1650  395s
   592   463  602.49921   37 1492  581.00000  638.21799  9.85%  1631  410s
   593   463  625.09858   14 1492  581.00000  638.21799  9.85%  1628  419s
   596   465  588.40142   35 1493  581.00000  638.21799  9.85%  1620  428s
   597   466  585.53572   48 1494  581.00000  638.21799  9.85%  1617  438s
   598   467  617.26476   12 1495  581.00000  638.21799  9.85%  1615  448s
   599   467  586.21545   79 1492  581.00000  638.21799  9.85%  1612  458s
   600   468  596.37806   33 1493  581.00000  638.21799  9.85%  1609  469s
   601   469  616.76618   16 1493  581.00000  638.21799  9.85%  1606  479s
   602   469  595.75192   28 1493  581.00000  638.21799  9.85%  1604  488s
   603   470  619.22184    7 1493  581.00000  638.21799  9.85%  1601  498s
   606   472  619.22184    7 1494  581.00000  638.21799  9.85%  1593  508s
   607   473  619.67177   21 1493  581.00000  638.21799  9.85%  1591  517s
   611   475  624.79137   12 1491  581.00000  638.21799  9.85%  1580  535s
   616   481  637.16409   16 1471  581.00000  638.21799  9.85%  1685  540s
   628   489  636.95177   22 1482  581.00000  637.61287  9.74%  1700  545s
   639   496  634.95765   27 1475  581.00000  637.61287  9.74%  1714  550s
   654   506  633.08056   35 1465  581.00000  637.61287  9.74%  1724  555s
   669   516  619.96069   42 1394  581.00000  637.61287  9.74%  1743  561s
   675   520  626.63111   45 1418  581.00000  637.61287  9.74%  1765  565s
   683   525  623.75864   49 1400  581.00000  637.61287  9.74%  1788  570s
   695   533  628.02172   55 1423  581.00000  637.61287  9.74%  1799  575s
   704   539  625.30083   60 1408  581.00000  637.61287  9.74%  1815  580s
   718   549  625.73666   67 1418  581.00000  637.61287  9.74%  1820  585s
   729   556  619.98973   72 1384  581.00000  637.61287  9.74%  1846  590s
   749   569  621.10542   82 1392  581.00000  637.61287  9.74%  1845  595s
   764   579  618.36104   90 1379  581.00000  637.61287  9.74%  1854  600s
   779   589  602.26079   97 1312  581.00000  637.61287  9.74%  1865  605s
   793   599  609.36168  104 1341  581.00000  637.61287  9.74%  1875  610s
   810   610  611.42096  113 1349  581.00000  637.61287  9.74%  1882  615s
   831   624  606.60121  123 1313  581.00000  637.61287  9.74%  1882  620s
   847   635  604.04333  131 1318  581.00000  637.61287  9.74%  1891  625s
   867   648  602.88784  141 1314  581.00000  637.61287  9.74%  1897  630s
   895   667  600.92170  155 1299  581.00000  637.61287  9.74%  1900  635s
   916   681  594.43909  166 1279  581.00000  637.61287  9.74%  1903  640s
   941   697  592.13611  178 1249  581.00000  637.61287  9.74%  1905  645s
   969   716  586.87020  192 1227  581.00000  637.61287  9.74%  1904  650s
  1014   744  592.23168  215 1197  581.00000  637.61287  9.74%  1880  655s
  1090   771  635.88183   15 1468  581.00000  637.61250  9.74%  1799  660s
  1096   775  627.56985   18 1421  581.00000  637.61250  9.74%  1816  665s
  1102   779  630.02906   21 1433  581.00000  637.61250  9.74%  1827  670s
  1109   783  633.30293   25 1455  581.00000  637.61250  9.74%  1838  675s
  1115   787  632.87830   28 1452  581.00000  637.61250  9.74%  1852  680s
  1120   791  626.77977   30 1415  581.00000  637.61250  9.74%  1868  685s
  1128   796  625.93337   34 1414  581.00000  637.61250  9.74%  1882  690s
  1134   800  625.95801   37 1415  581.00000  637.61250  9.74%  1894  695s
  1142   805  625.98428   41 1414  581.00000  637.61250  9.74%  1910  701s
  1150   811  624.39505   45 1406  581.00000  637.61250  9.74%  1925  705s
  1159   817  629.86540   50 1422  581.00000  637.61250  9.74%  1941  710s
  1166   821  616.53738   53 1362  581.00000  637.61250  9.74%  1958  715s
  1178   829  620.17217   59 1386  581.00000  637.61250  9.74%  1972  721s
  1186   835  624.91715   63 1395  581.00000  637.61250  9.74%  1981  725s
  1196   841  623.51998   68 1383  581.00000  637.61250  9.74%  1991  730s
  1207   849  625.88755   74 1399  581.00000  637.61250  9.74%  2003  735s
  1219   857  624.68414   80 1399  581.00000  637.61250  9.74%  2012  740s
  1232   865  618.96962   86 1362  581.00000  637.61250  9.74%  2023  745s
  1248   876  618.77352   94 1364  581.00000  637.61250  9.74%  2028  750s
  1266   888  618.67829  103 1354  581.00000  637.61250  9.74%  2031  755s
  1282   899  612.30221  111 1308  581.00000  637.61250  9.74%  2038  760s
  1304   913  608.97042  122 1296  581.00000  637.61250  9.74%  2040  765s
  1332   932  610.27484  136 1303  581.00000  637.61250  9.74%  2033  770s
  1372   959  606.92686  156 1273  581.00000  637.61250  9.74%  2012  775s
  1432   999  596.60099  186 1220  581.00000  637.61250  9.74%  1965  780s
  1557  1078     cutoff  249       581.00000  637.61250  9.74%  1850  785s
  1590  1069  629.12763   18 1434  581.00000  637.32884  9.70%  1832  791s
  1595  1072  636.30643   21 1472  581.00000  637.32884  9.70%  1839  795s
  1600  1076  632.16148   23 1440  581.00000  637.32884  9.70%  1849  800s
  1606  1080  631.51839   26 1436  581.00000  637.32884  9.70%  1858  805s
  1614  1085  627.82477   30 1425  581.00000  637.32884  9.70%  1870  811s
  1620  1089  626.90367   33 1427  581.00000  637.32884  9.70%  1880  816s
  1626  1093  626.42302   36 1424  581.00000  637.32884  9.70%  1889  821s
  1632  1097  620.58451   39 1385  581.00000  637.32884  9.70%  1900  826s
  1638  1101  628.98340   42 1423  581.00000  637.32884  9.70%  1909  831s
  1644  1105  629.03767   45 1425  581.00000  637.32884  9.70%  1917  835s
  1652  1110  628.68704   49 1410  581.00000  637.32884  9.70%  1927  840s
  1660  1116  619.20151   53 1386  581.00000  637.32884  9.70%  1935  845s
  1668  1121  619.32880   57 1381  581.00000  637.32884  9.70%  1943  850s
  1679  1128  629.06405   63 1426  581.00000  637.32884  9.70%  1949  855s
  1692  1137  623.41568   69 1399  581.00000  637.32884  9.70%  1959  860s
  1702  1144  619.64551   74 1388  581.00000  637.32884  9.70%  1968  865s
  1712  1150  621.31338   79 1377  581.00000  637.32884  9.70%  1976  870s
  1724  1158  619.32835   85 1375  581.00000  637.32884  9.70%  1984  875s
  1736  1166  621.79320   91 1374  581.00000  637.32884  9.70%  1990  880s
H 1746  1136                     582.0000000  637.32884  9.51%  1991  883s
  1750  1141  616.95705   98 1346  582.00000  637.32884  9.51%  1997  885s
H 1757  1110                     583.0000000  637.32884  9.32%  1999  887s
  1766  1118  618.99956  106 1354  583.00000  637.32884  9.32%  2004  890s
  1784  1130  606.34022  115 1298  583.00000  637.32884  9.32%  2010  895s
  1804  1144  614.01933  125 1330  583.00000  637.32884  9.32%  2013  900s
H 1809  1113                     584.0000000  637.32884  9.13%  2011  900s
  1830  1130  611.25142  138 1294  584.00000  637.32884  9.13%  2011  905s
  1874  1174  608.59558  160 1285  584.00000  637.32884  9.13%  1997  910s
  1948  1248  596.01361  197 1191  584.00000  637.32884  9.13%  1957  915s
H 1965  1237                     585.0000000  637.32884  8.95%  1945  915s
  2051  1297  629.10374   17 1434  585.00000  637.26793  8.93%  1888  921s
  2055  1301  630.56592   19 1434  585.00000  637.26793  8.93%  1893  925s
  2063  1309  628.49403   23 1426  585.00000  637.26793  8.93%  1904  930s
  2071  1317  631.41796   27 1433  585.00000  637.26793  8.93%  1912  935s
  2079  1325  629.07315   31 1431  585.00000  637.26793  8.93%  1921  940s
  2085  1331  629.18879   34 1429  585.00000  637.26793  8.93%  1927  945s
  2091  1337  626.08933   37 1411  585.00000  637.26793  8.93%  1935  950s
  2097  1343  621.23550   40 1390  585.00000  637.26793  8.93%  1943  955s
  2105  1351  625.18125   44 1409  585.00000  637.26793  8.93%  1952  961s
  2111  1357  625.70925   47 1403  585.00000  637.26793  8.93%  1958  965s
  2119  1365  627.28526   51 1411  585.00000  637.26793  8.93%  1966  970s
  2127  1373  625.50792   55 1399  585.00000  637.26793  8.93%  1973  975s
  2137  1383  625.88368   60 1402  585.00000  637.26793  8.93%  1982  980s
  2149  1395  624.37695   66 1397  585.00000  637.26793  8.93%  1990  985s
  2164  1410  626.63140   74 1406  585.00000  637.26793  8.93%  1998  990s
  2177  1423  620.70647   80 1375  585.00000  637.26793  8.93%  2006  995s
  2190  1436  624.37169   87 1397  585.00000  637.26793  8.93%  2012 1000s
  2208  1454  622.72475   96 1384  585.00000  637.26793  8.93%  2018 1005s
  2227  1473  615.94287  105 1356  585.00000  637.26793  8.93%  2024 1010s
  2241  1487  618.17786  112 1360  585.00000  637.26793  8.93%  2027 1015s
  2259  1505  616.01145  121 1352  585.00000  637.26793  8.93%  2030 1023s
  2274  1520  615.57606  129 1348  585.00000  637.26793  8.93%  2028 1025s
  2286  1532  614.90385  135 1332  585.00000  637.26793  8.93%  2028 1030s
  2303  1549  612.15402  143 1311  585.00000  637.26793  8.93%  2025 1035s
  2313  1559  608.63917  148 1307  585.00000  637.26793  8.93%  2024 1046s
  2329  1575  608.09566  156 1290  585.00000  637.26793  8.93%  2019 1050s
  2340  1586  607.65853  162 1297  585.00000  637.26793  8.93%  2015 1057s
  2355  1601  603.87954  169 1276  585.00000  637.26793  8.93%  2010 1061s
  2367  1613  603.30748  175 1273  585.00000  637.26793  8.93%  2005 1071s
  2394  1640  599.21268  189 1265  585.00000  637.26793  8.93%  1994 1076s
  2407  1651  595.67689  195 1225  585.00000  637.26793  8.93%  1988 1086s
  2421  1665  596.05303  202 1214  585.00000  637.26793  8.93%  1981 1090s
  2448  1692  591.96743  216 1195  585.00000  637.26793  8.93%  1966 1095s
  2505  1722  634.72263   16 1454  585.00000  637.19485  8.92%  1933 1100s
  2513  1730  626.83699   20 1413  585.00000  637.19485  8.92%  1942 1105s
  2519  1736  628.19099   23 1413  585.00000  637.19485  8.92%  1948 1110s
  2529  1746  627.55551   28 1414  585.00000  637.19485  8.92%  1957 1115s
  2535  1752  625.44180   31 1399  585.00000  637.19485  8.92%  1962 1121s
  2543  1760  625.86650   35 1405  585.00000  637.19485  8.92%  1968 1125s
  2555  1772  625.28734   41 1401  585.00000  637.19485  8.92%  1976 1130s
  2565  1782  618.59517   46 1370  585.00000  637.19485  8.92%  1984 1136s
  2573  1790  622.91115   50 1391  585.00000  637.19485  8.92%  1990 1140s
  2577  1794  621.04823   52 1386  585.00000  637.19485  8.92%  1993 1145s
  2587  1804  624.57209   57 1396  585.00000  637.19485  8.92%  1999 1150s
  2599  1816  623.03637   63 1378  585.00000  637.19485  8.92%  2004 1155s
  2611  1828  621.03877   69 1380  585.00000  637.19485  8.92%  2009 1160s
  2623  1840  617.98035   75 1341  585.00000  637.19485  8.92%  2015 1165s
  2637  1854  621.65915   82 1369  585.00000  637.19485  8.92%  2019 1170s
  2653  1870  619.83582   90 1347  585.00000  637.19485  8.92%  2022 1175s
  2673  1890  615.84725  100 1336  585.00000  637.19485  8.92%  2024 1180s
  2698  1915  616.20082  113 1341  585.00000  637.19485  8.92%  2023 1185s
  2729  1946  612.21733  128 1312  585.00000  637.19485  8.92%  2019 1190s
  2745  1962  608.92997  136 1291  585.00000  637.19485  8.92%  2017 1196s
  2781  1998  605.08839  154 1280  585.00000  637.19485  8.92%  2007 1200s
  2850  2067  594.99645  189 1221  585.00000  637.19485  8.92%  1982 1205s
  2935  2126  636.46802   21 1471  585.00000  637.19462  8.92%  1940 1211s
  2940  2131  628.76532   23 1432  585.00000  637.19462  8.92%  1946 1216s
  2946  2137  631.80289   26 1440  585.00000  637.19462  8.92%  1952 1221s
  2952  2143  630.24145   29 1440  585.00000  637.19462  8.92%  1957 1226s
  2958  2149  628.80516   32 1424  585.00000  637.19462  8.92%  1962 1231s
  2964  2155  626.61736   35 1421  585.00000  637.19462  8.92%  1967 1236s
  2968  2159  622.34674   37 1398  585.00000  637.19462  8.92%  1971 1240s
  2974  2165  628.09737   40 1428  585.00000  637.19462  8.92%  1976 1246s
  2980  2171  630.05805   43 1430  585.00000  637.19462  8.92%  1981 1250s
  2988  2179  626.16900   47 1414  585.00000  637.19462  8.92%  1986 1255s
  2994  2185  626.33675   50 1412  585.00000  637.19462  8.92%  1991 1262s
  2998  2189  620.64482   52 1383  585.00000  637.19462  8.92%  1995 1266s
  3004  2195  625.65694   55 1413  585.00000  637.19462  8.92%  1999 1270s
  3006  2197  625.46988   56 1403  585.00000  637.19462  8.92%  2000 1278s
  3007  2198  631.48897   57 1430  585.00000  637.19462  8.92%  1999 1284s
  3008  2199  622.43300   57 1393  585.00000  637.19462  8.92%  2002 1285s
  3016  2207  615.59815   61 1353  585.00000  637.19462  8.92%  2006 1290s
  3025  2216  629.61933   66 1422  585.00000  637.19462  8.92%  2010 1295s
  3035  2226  628.28848   71 1418  585.00000  637.19462  8.92%  2014 1300s
  3046  2237  624.21079   76 1400  585.00000  637.19462  8.92%  2019 1305s
  3056  2247  622.20890   81 1389  585.00000  637.19462  8.92%  2022 1321s
  3064  2255  622.72937   85 1383  585.00000  637.19462  8.92%  2025 1325s
  3076  2267  619.50726   91 1368  585.00000  637.19462  8.92%  2029 1330s
  3090  2281  619.31111   98 1370  585.00000  637.19462  8.92%  2033 1335s
  3106  2297  617.11365  106 1355  585.00000  637.19462  8.92%  2037 1340s
  3133  2324  619.41242  120 1361  585.00000  637.19462  8.92%  2038 1345s
  3161  2352  616.32812  134 1342  585.00000  637.19462  8.92%  2039 1350s
  3192  2383  611.79926  149 1310  585.00000  637.19462  8.92%  2036 1362s
  3215  2406  609.07769  161 1297  585.00000  637.19462  8.92%  2031 1365s
  3282  2473  598.92276  194 1243  585.00000  637.19462  8.92%  2011 1370s
  3385  2556  629.93270   21 1427  585.00000  637.16325  8.92%  1972 1375s
  3391  2562  630.06173   24 1434  585.00000  637.16325  8.92%  1977 1380s
  3399  2570  628.60810   28 1425  585.00000  637.16325  8.92%  1983 1386s
  3405  2576  626.88138   31 1415  585.00000  637.16325  8.92%  1987 1390s
  3415  2586  621.60019   36 1391  585.00000  637.16325  8.92%  1994 1396s
  3421  2592  627.62515   39 1420  585.00000  637.16325  8.92%  1999 1400s
  3429  2600  628.82693   43 1420  585.00000  637.16325  8.92%  2004 1405s
  3437  2608  619.43997   47 1376  585.00000  637.16325  8.92%  2010 1410s
  3447  2618  627.19053   52 1409  585.00000  637.16325  8.92%  2015 1415s
  3455  2626  621.38394   56 1388  585.00000  637.16325  8.92%  2020 1420s
  3467  2638  626.59135   62 1403  585.00000  637.16325  8.92%  2026 1425s
  3481  2652  625.55015   69 1402  585.00000  637.16325  8.92%  2031 1430s
  3494  2665  626.67176   76 1407  585.00000  637.16325  8.92%  2035 1435s
  3505  2676  621.13684   81 1379  585.00000  637.16325  8.92%  2040 1440s
  3525  2696  620.75161   91 1375  585.00000  637.16325  8.92%  2043 1445s
  3548  2719  621.17388  103 1379  585.00000  637.16325  8.92%  2045 1450s
  3571  2742  612.48228  114 1334  585.00000  637.16325  8.92%  2050 1455s
  3604  2775  615.69616  131 1340  585.00000  637.16325  8.92%  2050 1460s
  3637  2808  611.24574  147 1300  585.00000  637.16325  8.92%  2049 1465s
  3700  2871  603.39084  179 1260  585.00000  637.16325  8.92%  2037 1470s
  3837  2976  634.10512   18 1450  585.00000  637.16236  8.92%  1986 1475s
  3844  2983  622.59301   21 1376  585.00000  637.16236  8.92%  1992 1480s
  3850  2989  629.12939   24 1415  585.00000  637.16236  8.92%  1995 1485s
  3858  2997  624.88350   28 1408  585.00000  637.16236  8.92%  2000 1490s
  3865  3004  632.29608   32 1436  585.00000  637.16236  8.92%  2003 1495s
  3874  3013  626.01647   36 1405  585.00000  637.16236  8.92%  2009 1500s
  3880  3019  625.74521   39 1397  585.00000  637.16236  8.92%  2011 1506s
  3886  3025  623.91902   42 1387  585.00000  637.16236  8.92%  2014 1510s
  3898  3037  621.81705   48 1392  585.00000  637.16236  8.92%  2020 1516s
  3904  3043  626.06975   51 1395  585.00000  637.16236  8.92%  2024 1520s
  3914  3053  623.78653   56 1381  585.00000  637.16236  8.92%  2027 1525s
  3926  3065  623.50115   62 1385  585.00000  637.16236  8.92%  2031 1530s
  3936  3075  621.28547   67 1366  585.00000  637.16236  8.92%  2034 1535s
  3942  3081  621.90062   70 1360  585.00000  637.16236  8.92%  2036 1540s
  3954  3093  620.29773   76 1358  585.00000  637.16236  8.92%  2038 1545s
  3968  3107  619.73126   83 1360  585.00000  637.16236  8.92%  2041 1550s
  3986  3125  615.29541   92 1338  585.00000  637.16236  8.92%  2044 1555s
  4001  3140  619.00193  100 1353  585.00000  637.16236  8.92%  2044 1560s
  4008  3147  615.22483  103 1324  585.00000  637.16236  8.92%  2045 1565s
  4032  3171  614.58310  115 1322  585.00000  637.16236  8.92%  2044 1570s
  4064  3203  609.70629  131 1294  585.00000  637.16236  8.92%  2041 1575s
  4102  3241  605.74984  150 1251  585.00000  637.16236  8.92%  2034 1587s
  4130  3269  601.36501  164 1259  585.00000  637.16236  8.92%  2029 1590s
  4233  3370  586.37481  216 1137  585.00000  637.16236  8.92%  1994 1595s
  4266  3391  633.52905   40 1450  585.00000  636.87626  8.87%  1985 1600s
  4300  3425  627.16827   74 1409  585.00000  636.87626  8.87%  1977 1605s
  4329  3454  621.86616   99 1379  585.00000  636.87626  8.87%  1972 1610s
  4370  3495  615.00275  133 1328  585.00000  636.87626  8.87%  1964 1615s
  4416  3541  607.49442  155 1272  585.00000  636.87626  8.87%  1956 1620s
  4508  3633  597.85412  190 1214  585.00000  636.87626  8.87%  1929 1625s
  4630  3755  588.61803  214 1140  585.00000  636.87626  8.87%  1892 1630s
  4729  3832  633.87989   30 1455  585.00000  636.87591  8.87%  1861 1635s
  4749  3852  631.07855   50 1431  585.00000  636.87591  8.87%  1858 1641s
  4766  3869  627.22044   66 1413  585.00000  636.87591  8.87%  1856 1645s
  4812  3915  619.02255  111 1358  585.00000  636.87591  8.87%  1847 1650s
  4868  3971  609.54825  148 1281  585.00000  636.87591  8.87%  1840 1655s
  4951  4054  600.39208  177 1227  585.00000  636.87591  8.87%  1825 1660s
  5068  4171  593.74000  200 1169  585.00000  636.87591  8.87%  1795 1665s
  5222  4304  635.09837   27 1466  585.00000  636.80295  8.86%  1755 1670s
  5263  4345  628.20563   67 1418  585.00000  636.80295  8.86%  1750 1675s
  5301  4383  619.84100   97 1363  585.00000  636.80295  8.86%  1748 1687s
  5326  4408  616.48664  117 1333  585.00000  636.80295  8.86%  1747 1690s
  5369  4451  610.29165  146 1294  585.00000  636.80295  8.86%  1742 1695s
  5417  4499  602.21941  166 1233  585.00000  636.80295  8.86%  1738 1700s
  5532  4614  593.90100  203 1223  585.00000  636.80295  8.86%  1717 1705s
  5679  4761  587.36857  222 1162  585.00000  636.80295  8.86%  1685 1710s
  5732  4796  632.98368   40 1446  585.00000  636.80234  8.86%  1675 1715s
  5763  4827  626.75516   71 1407  585.00000  636.80234  8.86%  1672 1720s
  5788  4852  622.72120   94 1375  585.00000  636.80234  8.86%  1669 1726s
  5818  4882  616.57261  117 1339  585.00000  636.80234  8.86%  1666 1730s
  5845  4909  613.16077  135 1327  585.00000  636.80234  8.86%  1666 1735s
  5903  4967  603.21988  166 1227  585.00000  636.80234  8.86%  1661 1740s
  5981  5045  596.21006  198 1225  585.00000  636.80234  8.86%  1651 1745s
  6094  5158  587.46891  220 1186  585.00000  636.80234  8.86%  1631 1750s
  6179  5211  633.93357   36 1452  585.00000  636.79670  8.85%  1615 1755s
  6207  5239  628.22431   64 1425  585.00000  636.79670  8.85%  1613 1760s
  6240  5272  620.02634   92 1374  585.00000  636.79670  8.85%  1611 1765s
  6266  5298  616.91126  113 1338  585.00000  636.79670  8.85%  1610 1770s
  6305  5337  611.17542  144 1318  585.00000  636.79670  8.85%  1607 1775s
  6358  5390  604.14009  170 1268  585.00000  636.79670  8.85%  1603 1780s
  6440  5472  596.82829  196 1231  585.00000  636.79670  8.85%  1592 1785s
  6569  5601  589.97999  217 1169  585.00000  636.79670  8.85%  1571 1790s
  6665  5671  634.40480   32 1458  585.00000  636.79603  8.85%  1555 1795s
  6703  5709  628.13831   70 1413  585.00000  636.79603  8.85%  1551 1800s
  6741  5747  620.86124  106 1380  585.00000  636.79603  8.85%  1549 1805s
  6777  5783  614.69602  134 1340  585.00000  636.79603  8.85%  1547 1810s
  6826  5832  606.99287  163 1297  585.00000  636.79603  8.85%  1543 1816s
  6881  5887  599.74876  184 1264  585.00000  636.79603  8.85%  1538 1820s
  6985  5991  592.08378  214 1216  585.00000  636.79603  8.85%  1525 1825s
  7103  6079  634.10719   22 1456  585.00000  636.74505  8.85%  1506 1830s
  7135  6111  628.43617   54 1424  585.00000  636.74505  8.85%  1504 1835s
  7164  6140  623.44619   83 1390  585.00000  636.74505  8.85%  1501 1840s
  7203  6179  613.73603  113 1345  585.00000  636.74505  8.85%  1499 1845s
  7279  6255  603.72733  165 1256  585.00000  636.74505  8.85%  1493 1850s
  7375  6351  594.27965  194 1215  585.00000  636.74505  8.85%  1483 1855s
  7517  6475  629.44464   18 1428  585.00000  636.48779  8.80%  1465 1861s
  7547  6505  623.88404   47 1390  585.00000  636.48779  8.80%  1463 1865s
  7601  6559  612.01153   96 1318  585.00000  636.48779  8.80%  1458 1870s
  7636  6594  605.97611  120 1297  585.00000  636.48779  8.80%  1456 1877s
  7639  6597  607.05044  126 1290  585.00000  636.48779  8.80%  1456 1880s
  7722  6680  592.32757  166 1221  585.00000  636.48779  8.80%  1449 1885s
  7853  6779  628.04153   19 1429  585.00000  636.42500  8.79%  1433 1891s
  7877  6803  613.75868   43 1345  585.00000  636.42500  8.79%  1432 1895s
  7963  6870  629.50583   20 1429  585.00000  636.35762  8.78%  1424 1901s
  7982  6889  625.48934   39 1405  585.00000  636.35762  8.78%  1423 1905s
  8016  6923  618.26828   73 1360  585.00000  636.35762  8.78%  1421 1912s
  8065  6972  607.65506  122 1285  585.00000  636.35762  8.78%  1417 1915s
  8157  7040  624.30694   21 1399  585.00000  636.34924  8.78%  1407 1922s
  8165  7048  618.22516   25 1367  585.00000  636.34924  8.78%  1409 1925s
  8179  7062  615.90233   32 1352  585.00000  636.34924  8.78%  1412 1930s
  8191  7074  618.06118   38 1356  585.00000  636.34924  8.78%  1414 1935s
  8207  7090  614.52954   46 1348  585.00000  636.34924  8.78%  1417 1940s
  8227  7110  612.26806   56 1337  585.00000  636.34924  8.78%  1419 1945s
  8250  7133  613.76097   68 1340  585.00000  636.34924  8.78%  1421 1950s
  8277  7160  608.35132   81 1302  585.00000  636.34924  8.78%  1424 1955s
  8314  7197  606.69753  100 1282  585.00000  636.34924  8.78%  1427 1960s
  8334  7217  604.50704  110 1273  585.00000  636.34924  8.78%  1427 1965s
  8397  7280  595.37656  141 1204  585.00000  636.34924  8.78%  1426 1970s
  8481  7336  634.03674   29 1459  585.00000  636.34908  8.78%  1418 1975s
  8519  7374  627.92585   67 1411  585.00000  636.34908  8.78%  1416 1980s
  8568  7423  618.03555  116 1361  585.00000  636.34908  8.78%  1413 1985s
  8703  7540     cutoff  236       585.00000  636.34908  8.78%  1398 1990s
  8738  7565  631.41003   52 1441  585.00000  636.32616  8.77%  1396 1995s
  8780  7607  620.16049   94 1368  585.00000  636.32616  8.77%  1395 2000s
  8890  7701  630.08460   20 1435  585.00000  636.23688  8.76%  1385 2006s
  8918  7729  625.07830   48 1403  585.00000  636.23688  8.76%  1384 2010s
  8958  7769  616.97528   85 1357  585.00000  636.23688  8.76%  1382 2015s
  9011  7822  606.63937  124 1285  585.00000  636.23688  8.76%  1380 2020s
  9070  7881  597.63902  163 1236  585.00000  636.23688  8.76%  1376 2025s
  9232  8021  627.94812   22 1427  585.00000  636.16961  8.75%  1359 2030s
  9268  8057  602.14184   58 1287  585.00000  636.16961  8.75%  1359 2035s
  9308  8085  626.26474   32 1425  585.00000  636.14797  8.74%  1357 2040s
  9381  8158  611.15413  105 1325  585.00000  636.14797  8.74%  1353 2045s
  9499  8256  626.37977   32 1419  585.00000  636.12719  8.74%  1343 2050s
  9555  8310     cutoff   88       585.00000  636.12719  8.74%  1341 2055s
  9574  8319  617.06038   27 1367  585.00000  636.01330  8.72%  1342 2060s
  9627  8346     cutoff   49       585.00000  636.01330  8.72%  1341 2065s
  9667  8374  615.54271   53 1354  585.00000  636.00934  8.72%  1340 2070s
  9724  8421  629.92898   22 1440  585.00000  635.94891  8.71%  1337 2075s
  9782  8479  618.92386   80 1368  585.00000  635.94891  8.71%  1334 2080s
  9880  8567  633.35649   24 1444  585.00000  635.94690  8.71%  1327 2085s
  9920  8607  601.55241   64 1289  585.00000  635.94690  8.71%  1326 2090s
  9968  8645  626.00926   39 1412  585.00000  635.94649  8.71%  1324 2095s
 10011  8688  617.15429   82 1355  585.00000  635.94649  8.71%  1322 2100s
 10036  8713  612.00588  107 1323  585.00000  635.94649  8.71%  1321 2105s
 10163  8805  629.09458   24 1424  585.00000  635.92370  8.70%  1310 2111s
 10188  8830  602.61950   49 1304  585.00000  635.92370  8.70%  1310 2115s
 10203  8842  631.33903   26 1493  585.00000  635.92370  8.70%  1310 2873s
 10206  8844  621.56173  104 1483  585.00000  635.92370  8.70%  1309 2882s
 10207  8845  591.50931  217 1486  585.00000  634.06934  8.39%  1309 2885s
 10215  8850  618.44500   93 1493  585.00000  632.52430  8.12%  1308 2901s
 10216  8851  593.80537  204 1493  585.00000  632.45349  8.11%  1308 2915s
 10218  8852  629.51075   31 1494  585.00000  632.43539  8.11%  1308 2931s
 10219  8853  590.19262  208 1495  585.00000  632.23532  8.07%  1307 2948s
 10223  8855  617.10040  115 1494  585.00000  632.01008  8.04%  1307 2965s
 10224  8856  591.82709  214 1490  585.00000  631.65570  7.98%  1307 2980s
 10227  8858  589.17824  226 1494  585.00000  631.52712  7.95%  1306 2997s
 10228  8859  616.13294  123 1493  585.00000  631.20133  7.90%  1306 3015s
 10231  8861  621.91844   45 1495  585.00000  631.11138  7.88%  1306 3033s
 10232  8861  599.34556  184 1493  585.00000  630.93091  7.85%  1306 3049s
 10233  8862  590.77742  179 1495  585.00000  630.87666  7.84%  1306 3050s
 10235  8863  598.20655  196 1498  585.00000  630.86394  7.84%  1305 3067s
 10236  8864  610.51576  143 1492  585.00000  630.76588  7.82%  1305 3086s
 10239  8866  595.24859  169 1495  585.00000  630.71042  7.81%  1305 3108s
 10240  8867  630.67135   39 1495  585.00000  630.67135  7.81%  1305 3127s
 10242  8868  595.00148  202 1495  585.00000  630.65879  7.80%  1305 3147s
 10243  8869  599.00166  154 1493  585.00000  630.61231  7.80%  1304 3166s
 10245  8870  629.40415   60 1495  585.00000  630.58729  7.79%  1304 3187s
 10246  8871  616.37138   88 1493  585.00000  630.48987  7.78%  1304 3206s
 10249  8873  615.15523   95 1495  585.00000  630.44170  7.77%  1304 3229s
 10250  8873  587.13038  233 1492  585.00000  630.35436  7.75%  1304 3247s
 10252  8875  630.32310   21 1495  585.00000  630.32310  7.75%  1303 3269s
 10253  8875  602.51616  177 1493  585.00000  630.26351  7.74%  1303 3287s
 10255  8877  617.45961   97 1495  585.00000  630.24484  7.73%  1303 3305s
 10256  8877  605.60372  159 1493  585.00000  630.21669  7.73%  1303 3327s
 10258  8879  592.59302  178 1496  585.00000  630.20870  7.73%  1302 3349s
 10259  8879  616.94228   99 1493  585.00000  630.15645  7.72%  1302 3367s
 10262  8881  610.60772  147 1495  585.00000  630.12670  7.71%  1302 3390s
 10263  8882  612.08356  142 1493  585.00000  630.06356  7.70%  1302 3411s
 10265  8883  630.03519   41 1493  585.00000  630.03519  7.70%  1302 3435s
 10266  8884  625.47507   71 1492  585.00000  629.99756  7.69%  1301 3457s
 10268  8885  627.91920   74 1494  585.00000  629.98378  7.69%  1301 3479s
 10269  8886  622.19615   83 1492  585.00000  629.97713  7.69%  1301 3501s
 10270  8887  629.97298   41 1493  585.00000  629.97298  7.69%  1301 3523s
 10271  8887  603.90973   99 1491  585.00000  629.95294  7.68%  1301 3541s
 10273  8889  611.65788  138 1492  585.00000  629.93780  7.68%  1301 3561s
 10274  8889  615.15475   58 1492  585.00000  629.91949  7.68%  1300 3580s

Cutting planes:
  Gomory: 3
  Flow cover: 60
  Zero half: 690
  RLT: 173
  BQP: 36

Explored 10275 nodes (13594426 simplex iterations) in 3600.12 seconds (4624.10 work units)
Thread count was 1 (of 24 available processors)

Solution count 10: 585 584 583 ... 574

Time limit reached
Best objective 5.850000000000e+02, best bound 6.290000000000e+02, gap 7.5214%

User-callback calls 167130, time in user-callback 0.92 sec
