
Gurobi 11.0.3 (linux64) logging started Thu Mar  5 20:04:10 2026

Set parameter LogFile to value "./log/train/IS_1500_6/IS_65.lp.log"
Set parameter TimeLimit to value 3600
Gurobi Optimizer version 11.0.3 build v11.0.3rc0 (linux64 - "Ubuntu 22.04.5 LTS")

CPU model: AMD Ryzen 9 9900X 12-Core Processor, instruction set [SSE2|AVX|AVX2|AVX512]
Thread count: 12 physical cores, 24 logical processors, using up to 2 threads

Optimize a model with 9173 rows, 1500 columns and 18088 nonzeros
Model fingerprint: 0x786cc973
Variable types: 0 continuous, 1500 integer (1500 binary)
Coefficient statistics:
  Matrix range     [1e+00, 1e+00]
  Objective range  [1e+00, 1e+00]
  Bounds range     [1e+00, 1e+00]
  RHS range        [1e+00, 1e+00]
Found heuristic solution: objective 338.0000000
Presolve removed 1711 rows and 0 columns
Presolve time: 0.03s
Presolved: 7462 rows, 1500 columns, 16274 nonzeros
Variable types: 0 continuous, 1500 integer (1500 binary)

Root relaxation: objective 6.810000e+02, 3836 iterations, 0.13 seconds (0.23 work units)

    Nodes    |    Current Node    |     Objective Bounds      |     Work
 Expl Unexpl |  Obj  Depth IntInf | Incumbent    BestBd   Gap | It/Node Time

     0     0  681.00000    0 1338  338.00000  681.00000   101%     -    0s
H    0     0                     522.0000000  681.00000  30.5%     -    0s
H    0     0                     528.0000000  681.00000  29.0%     -    0s
     0     0  666.27208    0 1462  528.00000  666.27208  26.2%     -    0s
     0     0  666.27208    0 1462  528.00000  666.27208  26.2%     -    0s
     0     0  658.21948    0 1481  528.00000  658.21948  24.7%     -    1s
H    0     0                     540.0000000  658.21948  21.9%     -    1s
H    0     0                     543.0000000  658.21948  21.2%     -    1s
     0     0  657.68912    0 1476  543.00000  657.68912  21.1%     -    1s
     0     0  657.63416    0 1476  543.00000  657.63416  21.1%     -    1s
     0     0  657.62306    0 1475  543.00000  657.62306  21.1%     -    1s
     0     0  657.62201    0 1474  543.00000  657.62201  21.1%     -    1s
     0     0  653.23427    0 1478  543.00000  653.23427  20.3%     -    2s
     0     0  652.99914    0 1476  543.00000  652.99914  20.3%     -    2s
     0     0  652.94034    0 1478  543.00000  652.94034  20.2%     -    2s
     0     0  652.93108    0 1479  543.00000  652.93108  20.2%     -    2s
     0     0  652.91441    0 1481  543.00000  652.91441  20.2%     -    2s
     0     0  652.91349    0 1480  543.00000  652.91349  20.2%     -    2s
     0     0  650.21808    0 1478  543.00000  650.21808  19.7%     -    3s
H    0     0                     544.0000000  650.21808  19.5%     -    3s
     0     0  650.01760    0 1475  544.00000  650.01760  19.5%     -    3s
     0     0  649.97472    0 1474  544.00000  649.97472  19.5%     -    3s
     0     0  649.96600    0 1477  544.00000  649.96600  19.5%     -    3s
     0     0  649.96437    0 1478  544.00000  649.96437  19.5%     -    3s
     0     0  648.82192    0 1479  544.00000  648.82192  19.3%     -    3s
     0     0  648.66520    0 1481  544.00000  648.66520  19.2%     -    3s
     0     0  648.65137    0 1482  544.00000  648.65137  19.2%     -    3s
     0     0  648.64828    0 1482  544.00000  648.64828  19.2%     -    3s
     0     0  646.83898    0 1484  544.00000  646.83898  18.9%     -    4s
H    0     0                     547.0000000  646.83898  18.3%     -    4s
     0     0  646.66158    0 1486  547.00000  646.66158  18.2%     -    4s
     0     0  646.62390    0 1487  547.00000  646.62390  18.2%     -    4s
     0     0  646.61940    0 1486  547.00000  646.61940  18.2%     -    4s
     0     0  645.59804    0 1483  547.00000  645.59804  18.0%     -    5s
     0     0  645.44736    0 1482  547.00000  645.44736  18.0%     -    5s
     0     0  645.42103    0 1483  547.00000  645.42103  18.0%     -    5s
     0     0  645.41391    0 1485  547.00000  645.41391  18.0%     -    5s
     0     0  644.19045    0 1483  547.00000  644.19045  17.8%     -    5s
H    0     0                     548.0000000  644.19045  17.6%     -    5s
     0     0  644.00507    0 1483  548.00000  644.00507  17.5%     -    5s
     0     0  643.96956    0 1485  548.00000  643.96956  17.5%     -    5s
     0     0  643.94719    0 1485  548.00000  643.94719  17.5%     -    5s
     0     0  643.94329    0 1485  548.00000  643.94329  17.5%     -    5s
     0     0  643.48891    0 1484  548.00000  643.48891  17.4%     -    6s
     0     0  643.35795    0 1484  548.00000  643.35795  17.4%     -    6s
     0     0  643.33621    0 1486  548.00000  643.33621  17.4%     -    6s
     0     0  643.33301    0 1487  548.00000  643.33301  17.4%     -    6s
     0     0  642.79382    0 1491  548.00000  642.79382  17.3%     -    6s
     0     0  642.69843    0 1490  548.00000  642.69843  17.3%     -    6s
     0     0  642.66921    0 1487  548.00000  642.66921  17.3%     -    6s
     0     0  642.65452    0 1490  548.00000  642.65452  17.3%     -    6s
     0     0  642.65268    0 1490  548.00000  642.65268  17.3%     -    6s
     0     0  642.12624    0 1485  548.00000  642.12624  17.2%     -    7s
     0     0  642.03037    0 1493  548.00000  642.03037  17.2%     -    7s
     0     0  642.01295    0 1492  548.00000  642.01295  17.2%     -    7s
     0     0  642.00832    0 1493  548.00000  642.00832  17.2%     -    7s
     0     0  641.56055    0 1490  548.00000  641.56055  17.1%     -    7s
H    0     0                     553.0000000  641.56055  16.0%     -    7s
     0     0  641.47799    0 1488  553.00000  641.47799  16.0%     -    7s
     0     0  641.45599    0 1487  553.00000  641.45599  16.0%     -    7s
     0     0  641.44731    0 1491  553.00000  641.44731  16.0%     -    7s
     0     0  640.72108    0 1486  553.00000  640.72108  15.9%     -    8s
     0     0  640.57991    0 1486  553.00000  640.57991  15.8%     -    8s
     0     0  640.55647    0 1489  553.00000  640.55647  15.8%     -    8s
     0     0  640.55171    0 1488  553.00000  640.55171  15.8%     -    8s
     0     0  639.93727    0 1490  553.00000  639.93727  15.7%     -    8s
H    0     0                     554.0000000  639.93727  15.5%     -    8s
     0     0  639.82843    0 1490  554.00000  639.82843  15.5%     -    9s
     0     0  639.80958    0 1490  554.00000  639.80958  15.5%     -    9s
     0     0  639.80031    0 1490  554.00000  639.80031  15.5%     -    9s
     0     0  639.28489    0 1488  554.00000  639.28489  15.4%     -    9s
     0     0  639.12962    0 1490  554.00000  639.12962  15.4%     -    9s
     0     0  639.11020    0 1487  554.00000  639.11020  15.4%     -    9s
     0     0  639.09988    0 1491  554.00000  639.09988  15.4%     -    9s
     0     0  638.96921    0 1490  554.00000  638.96921  15.3%     -    9s
     0     0  638.95538    0 1489  554.00000  638.95538  15.3%     -   10s
     0     0  638.48903    0 1491  554.00000  638.48903  15.3%     -   10s
     0     0  638.39112    0 1488  554.00000  638.39112  15.2%     -   10s
     0     0  638.37910    0 1489  554.00000  638.37910  15.2%     -   10s
     0     0  638.04298    0 1489  554.00000  638.04298  15.2%     -   10s
H    0     0                     557.0000000  638.04298  14.5%     -   10s
     0     0  637.95334    0 1490  557.00000  637.95334  14.5%     -   11s
     0     0  637.94413    0 1490  557.00000  637.94413  14.5%     -   11s
     0     0  637.84965    0 1489  557.00000  637.84965  14.5%     -   11s
     0     0  637.81681    0 1491  557.00000  637.81681  14.5%     -   11s
     0     0  637.80066    0 1488  557.00000  637.80066  14.5%     -   11s
     0     0  637.53843    0 1489  557.00000  637.53843  14.5%     -   11s
     0     0  637.47532    0 1487  557.00000  637.47532  14.4%     -   11s
     0     0  637.46130    0 1490  557.00000  637.46130  14.4%     -   11s
     0     0  637.20196    0 1489  557.00000  637.20196  14.4%     -   12s
     0     0  637.16070    0 1491  557.00000  637.16070  14.4%     -   12s
     0     0  637.15039    0 1491  557.00000  637.15039  14.4%     -   12s
     0     0  636.99346    0 1489  557.00000  636.99346  14.4%     -   12s
     0     0  636.94411    0 1489  557.00000  636.94411  14.4%     -   12s
     0     0  636.93227    0 1490  557.00000  636.93227  14.4%     -   12s
     0     0  636.79691    0 1488  557.00000  636.79691  14.3%     -   12s
     0     0  636.76529    0 1487  557.00000  636.76529  14.3%     -   12s
     0     0  636.76196    0 1490  557.00000  636.76196  14.3%     -   12s
     0     0  636.57842    0 1489  557.00000  636.57842  14.3%     -   13s
H    0     0                     558.0000000  636.57842  14.1%     -   13s
     0     0  636.48814    0 1488  558.00000  636.48814  14.1%     -   13s
     0     0  636.46960    0 1488  558.00000  636.46960  14.1%     -   13s
     0     0  636.30438    0 1489  558.00000  636.30438  14.0%     -   13s
     0     0  636.24732    0 1488  558.00000  636.24732  14.0%     -   13s
     0     0  636.23984    0 1490  558.00000  636.23984  14.0%     -   13s
     0     0  636.16676    0 1487  558.00000  636.16676  14.0%     -   13s
     0     0  636.16676    0 1487  558.00000  636.16676  14.0%     -   13s
H    0     0                     560.0000000  636.16676  13.6%     -   15s
     0     2  636.16676    0 1486  560.00000  636.16676  13.6%     -   15s
    13    16  628.52225    5 1445  560.00000  635.91231  13.6%  3009   20s
H   27    30                     563.0000000  635.91231  13.0%  2221   30s
H   55    58                     566.0000000  635.91231  12.4%  1951   34s
    57    65  611.84323   21 1370  566.00000  635.91231  12.4%  1995   35s
H   81    87                     568.0000000  635.91231  12.0%  1996   38s
   107   123  581.06198   40 1203  568.00000  635.91231  12.0%  1946   40s
   162   168  623.12139    7 1404  568.00000  635.85098  11.9%  1739   45s
H  178   183                     570.0000000  635.85098  11.6%  1694   46s
   214   204  606.48830   20 1330  570.00000  635.85098  11.6%  1631   50s
H  249   236                     571.0000000  635.85098  11.4%  1671   53s
   255   257  583.87893   36 1201  571.00000  635.85098  11.4%  1671   55s
H  280   266                     572.0000000  635.85098  11.2%  1621   57s
H  304   266                     573.0000000  635.57596  10.9%  1569   58s
   333   304  617.97350   13 1387  573.00000  635.57596  10.9%  1559   61s
H  373   321                     574.0000000  635.57596  10.7%  1553   63s
   376   328  617.24870   23 1374  574.00000  635.57596  10.7%  1546   65s
H  409   345                     575.0000000  635.57596  10.5%  1567   68s
   414   362  611.50519   38 1334  575.00000  635.57596  10.5%  1589   70s
H  483   435                     576.0000000  635.57596  10.3%  1523   73s
   528   443  579.12850   84 1115  576.00000  635.27547  10.3%  1463   76s
   562   477  618.08726   12 1399  576.00000  635.27547  10.3%  1475   80s
   649   527  629.67565   10 1444  576.00000  634.94259  10.2%  1436   87s
   710   557  613.43069   25 1361  576.00000  634.94259  10.2%  1428   91s
H  719   541                     577.0000000  634.94259  10.0%  1423   91s
   736   570  612.20816   35 1350  577.00000  634.94259  10.0%  1456   97s
H  753   575                     578.0000000  634.94259  9.85%  1466   99s
   781   596  581.60418   47 1193  578.00000  634.81537  9.83%  1474  102s
H  792   580                     579.0000000  634.81537  9.64%  1459  102s
   822   605  626.20035   13 1428  579.00000  634.81537  9.64%  1453  105s
H  848   594                     580.0000000  634.81537  9.45%  1450  105s
   866   593  599.23012   49 1487  580.00000  634.81537  9.45%  1437  118s
   869   595  633.95415   22 1486  580.00000  634.81537  9.45%  1432  124s
   870   596  629.18940    3 1490  580.00000  634.81537  9.45%  1431  126s
   875   599  628.05210    9 1488  580.00000  634.81537  9.45%  1423  131s
   876   600  620.85422   11 1488  580.00000  634.81537  9.45%  1421  136s
   879   602  583.83408   21 1490  580.00000  634.81537  9.45%  1416  141s
   880   602  588.28774   51 1489  580.00000  634.81537  9.45%  1414  146s
   881   603  582.40124   77 1489  580.00000  634.81537  9.45%  1413  152s
   882   604  599.62803   19 1491  580.00000  634.81537  9.45%  1411  157s
   884   605  617.04754   29 1490  580.00000  634.81537  9.45%  1408  162s
   885   606  613.42005   26 1488  580.00000  634.81537  9.45%  1406  166s
   886   606  583.23200   73 1491  580.00000  634.81537  9.45%  1405  171s
   887   607  598.24112   50 1489  580.00000  634.81537  9.45%  1403  176s
   888   608  584.30618   62 1491  580.00000  634.81537  9.45%  1402  181s
   889   608  598.65778   53 1489  580.00000  634.81537  9.45%  1400  187s
   890   609  620.54502   28 1489  580.00000  634.81537  9.45%  1399  192s
   891   610  603.38257   45 1489  580.00000  634.81537  9.45%  1397  201s
   902   620  634.75993   18 1480  580.00000  634.81537  9.45%  1464  205s
   923   635  632.96812   23 1465  580.00000  634.78502  9.45%  1491  210s
   950   654  631.13588   30 1467  580.00000  634.78502  9.45%  1516  215s
   980   674  629.75209   37 1461  580.00000  634.78502  9.45%  1544  220s
  1000   690  628.21179   42 1453  580.00000  634.78502  9.45%  1565  225s
  1020   704  626.61351   47 1449  580.00000  634.78502  9.45%  1585  230s
  1041   722  624.76683   53 1441  580.00000  634.78502  9.45%  1613  235s
  1069   737  623.09507   59 1429  580.00000  634.78502  9.45%  1624  240s
  1107   765  620.29871   69 1411  580.00000  634.78502  9.45%  1630  246s
  1128   782  618.97490   74 1403  580.00000  634.78502  9.45%  1649  250s
  1157   801  617.57382   80 1393  580.00000  634.78502  9.45%  1663  255s
  1184   821  615.77398   86 1389  580.00000  634.78502  9.45%  1683  261s
  1217   842  613.59123   94 1379  580.00000  634.78502  9.45%  1705  267s
  1247   867  611.97357  101 1374  580.00000  634.78502  9.45%  1735  273s
  1266   880  611.18732  105 1369  580.00000  634.78502  9.45%  1749  276s
  1306   910  609.80479  114 1365  580.00000  634.78502  9.45%  1776  283s
  1329   930  608.82900  119 1358  580.00000  634.78502  9.45%  1791  287s
  1356   954  608.03181  125 1343  580.00000  634.78502  9.45%  1809  291s
  1389   980  598.49922  131 1305  580.00000  634.78502  9.45%  1821  295s
  1471  1052  604.13530  147 1313  580.00000  634.78502  9.45%  1830  304s
  1528  1102  602.59235  159 1304  580.00000  634.78502  9.45%  1827  308s
  1597  1180  601.15323  171 1291  580.00000  634.78502  9.45%  1811  312s
  1698  1217  599.68803  186 1259  580.00000  634.78502  9.45%  1759  316s
  1790  1257  593.58891  204 1170  580.00000  634.78502  9.45%  1718  321s
  1863  1282  588.56579  238 1099  580.00000  634.71153  9.43%  1694  326s
  1932  1271  633.91070   20 1468  580.00000  634.71153  9.43%  1667  331s
  1944  1279  633.35229   23 1465  580.00000  634.71153  9.43%  1680  335s
  1956  1289  632.81120   26 1462  580.00000  634.71153  9.43%  1696  341s
  1970  1298  632.27193   29 1453  580.00000  634.71153  9.43%  1713  346s
  1984  1307  631.75121   32 1456  580.00000  634.71153  9.43%  1730  351s
  1998  1317  631.39222   35 1454  580.00000  634.71153  9.43%  1745  356s
  2012  1330  631.12049   38 1454  580.00000  634.71153  9.43%  1762  362s
  2030  1344  630.31839   42 1446  580.00000  634.71153  9.43%  1781  368s
  2050  1359  629.27786   47 1440  580.00000  634.71153  9.43%  1798  373s
  2072  1376  628.61164   52 1435  580.00000  634.71153  9.43%  1814  380s
  2096  1395  627.99470   57 1429  580.00000  634.71153  9.43%  1832  386s
  2123  1417  626.68940   63 1421  580.00000  634.71153  9.43%  1848  393s
  2154  1443  625.47766   70 1409  580.00000  634.71153  9.43%  1867  399s
  2190  1468  619.86747   77 1370  580.00000  634.71153  9.43%  1882  406s
  2227  1476  623.12095   84 1398  580.00000  634.71153  9.43%  1890  417s
  2248  1523  622.36949   89 1393  580.00000  634.71153  9.43%  1897  424s
  2302  1551  619.99602  101 1374  580.00000  634.71153  9.43%  1905  436s
H 2324  1504                     581.0000000  634.71153  9.24%  1912  436s
  2348  1550  614.06936  112 1347  581.00000  634.71153  9.24%  1911  446s
  2402  1597  616.14213  126 1348  581.00000  634.71153  9.24%  1910  456s
  2467  1593  598.89391  139 1232  581.00000  634.71153  9.24%  1902  463s
  2485  1773  612.93430  144 1318  581.00000  634.71153  9.24%  1900  472s
  2675  1830  610.74298  159 1302  581.00000  634.71153  9.24%  1822  484s
  2809  1955  599.98012  208 1219  581.00000  634.63328  9.23%  1794  496s
  2954  1979  633.52626   21 1468  581.00000  634.63328  9.23%  1757  507s
  2978  2004  627.61557   26 1431  581.00000  634.63328  9.23%  1778  518s
  3003  2032  621.92094   32 1414  581.00000  634.63328  9.23%  1799  531s
  3031  2061  624.78669   38 1419  581.00000  634.63328  9.23%  1820  542s
  3060  2097  629.01320   46 1441  581.00000  634.63328  9.23%  1838  554s
  3096  2135  627.48918   55 1429  581.00000  634.63328  9.23%  1861  565s
  3134  2179  626.40960   64 1422  581.00000  634.63328  9.23%  1880  577s
  3178  2250  625.33349   72 1414  581.00000  634.63328  9.23%  1896  588s
  3249  2310  621.91814   87 1392  581.00000  634.63328  9.23%  1913  604s
  3309  2355  620.05392  100 1382  581.00000  634.63328  9.23%  1924  618s
  3354  2531  618.19013  110 1370  581.00000  634.63328  9.23%  1929  630s
  3530  2763  613.55631  138 1325  581.00000  634.63328  9.23%  1912  643s
  3791  2910  602.15847  196 1246  581.00000  634.33972  9.18%  1854  656s
  3971  2949  628.81650   24 1444  581.00000  634.10201  9.14%  1825  670s
  4010  2994  631.72024   33 1459  581.00000  634.10201  9.14%  1845  685s
  4055  3047  620.90026   42 1406  581.00000  634.10201  9.14%  1870  700s
  4108  3091  628.58616   53 1440  581.00000  634.10201  9.14%  1889  714s
  4152  3181  626.80230   65 1427  581.00000  634.10201  9.14%  1905  730s
  4242  3335  623.52308   82 1404  581.00000  634.10201  9.14%  1922  747s
  4396  3627  620.03709  104 1381  581.00000  634.10201  9.14%  1927  764s
  4717  3831  613.12636  146 1323  581.00000  634.10201  9.14%  1867  781s
  4921  4405  610.20701  164 1313  581.00000  633.65976  9.06%  1832  799s
  5545  4866  627.75620   51 1431  581.00000  633.65910  9.06%  1701  815s
  6006  5500  596.29072  208 1190  581.00000  633.60069  9.05%  1630  831s
  6675  6099  617.11958  104 1342  581.00000  633.60064  9.05%  1523  846s
  7274  6749  584.15789  233 1049  581.00000  633.48802  9.03%  1457  867s
  7970  6751  601.16038  175 1211  581.00000  633.45674  9.03%  1386  884s
  7972  6799  599.85973  174 1206  581.00000  633.45674  9.03%  1386  895s
  8052  7075  600.73312  176 1208  581.00000  633.42538  9.02%  1377  903s
  8344  7148  632.61573   24 1476  581.00000  633.42538  9.02%  1349  909s
  8417  7276  586.98397   40 1272  581.00000  633.42503  9.02%  1348  915s
  8561  7596  627.04254   48 1423  581.00000  633.42503  9.02%  1340  922s
  8881  7740  614.98731  115 1314  581.00000  633.33928  9.01%  1313  929s
  9054  7760  632.48210   22 1467  581.00000  633.30540  9.00%  1300  936s
  9074  7782  631.70641   26 1459  581.00000  633.30540  9.00%  1306  944s
  9096  7806  630.70417   31 1453  581.00000  633.30540  9.00%  1312  952s
  9120  7834  629.72975   36 1446  581.00000  633.30540  9.00%  1319  960s
  9148  7864  628.75534   42 1437  581.00000  633.30540  9.00%  1326  967s
  9178  7899  627.58561   48 1434  581.00000  633.30540  9.00%  1333  974s
  9213  7928  626.53311   55 1429  581.00000  633.30540  9.00%  1340  982s
  9242  7976  625.60131   61 1424  581.00000  633.30540  9.00%  1345  990s
  9290  8038  624.23266   70 1409  581.00000  633.30540  9.00%  1352  998s
  9352  8130  622.46450   81 1400  581.00000  633.30540  9.00%  1361 1006s
  9444  8268  620.23506   93 1382  581.00000  633.30540  9.00%  1368 1015s
  9582  8373  618.54309  105 1353  581.00000  633.30540  9.00%  1367 1023s
  9720  8558  614.80141  126 1321  581.00000  633.30540  9.00%  1363 1032s
  9919  8617  607.75447  154 1271  581.00000  633.30540  9.00%  1355 1044s
  9978  8807  608.34077  155 1288  581.00000  633.30540  9.00%  1352 1053s
 10168  9097  597.88648  203 1184  581.00000  633.19973  8.98%  1348 1062s
 10502  9224  611.32341   43 1354  581.00000  633.19437  8.98%  1326 1070s
 10658  9334  616.67723   44 1382  581.00000  633.13500  8.97%  1320 1078s
 10790  9481  608.43838   33 1352  581.00000  633.00331  8.95%  1317 1087s
 10959  9610  612.74961   37 1365  581.00000  632.96745  8.94%  1310 1096s
 11110  9801  612.08403   22 1377  581.00000  632.93251  8.94%  1305 1107s
 11323 10007  629.48297   39 1449  581.00000  632.88178  8.93%  1295 1115s
 11529 10443  614.38844  121 1327  581.00000  632.88178  8.93%  1286 1125s
 11983 10636  589.62042  225 1129  581.00000  632.83490  8.92%  1261 1134s
 12190 10927  620.28629   54 1397  581.00000  632.82502  8.92%  1249 1144s
 12541 11075  628.47679   22 1439  581.00000  632.82425  8.92%  1230 1151s
 12699 11169  607.58410   84 1309  581.00000  632.79872  8.92%  1225 1160s
 12803 11329  626.42262   56 1426  581.00000  632.79872  8.92%  1225 1168s
 13007 11507  601.37076  187 1225  581.00000  632.76968  8.91%  1217 1175s
 13212 11725  619.37028   64 1388  581.00000  632.74222  8.91%  1209 1182s
 13445 11926  624.88849   33 1412  581.00000  632.74222  8.91%  1199 1190s
 13662 12205  607.14489  132 1294  581.00000  632.64441  8.89%  1192 1199s
 13975 12313  631.48764   28 1457  581.00000  632.62129  8.88%  1180 1209s
 14083 12643  622.61007   82 1396  581.00000  632.61340  8.88%  1178 1218s
 14444 12814  627.09533   23 1427  581.00000  632.61166  8.88%  1162 1224s
 14616 12815  614.13572   87 1487  581.00000  632.61166  8.88%  1158 1834s
 14618 12816  623.74553   36 1338  581.00000  632.61166  8.88%  1157 1835s
 14619 12817  597.74390  210 1484  581.00000  632.61166  8.88%  1157 1842s
 14621 12818  613.27572  118 1491  581.00000  629.64918  8.37%  1157 1845s
 14626 12822  594.68519  212 1490  581.00000  629.23969  8.30%  1157 1856s
 14627 12822  591.10024  181 1487  581.00000  629.19550  8.30%  1157 1866s
 14629 12824  601.19882  144 1490  581.00000  629.18580  8.29%  1157 1876s
 14630 12824  608.54473   92 1487  581.00000  628.92632  8.25%  1156 1886s
 14634 12827  598.46667  195 1488  581.00000  628.82367  8.23%  1156 1895s
 14635 12828  586.74138  224 1490  581.00000  628.68436  8.21%  1156 1906s
 14638 12830  606.13288  173 1488  581.00000  628.63173  8.20%  1156 1918s
 14639 12830  610.83826  145 1489  581.00000  628.51250  8.18%  1156 1929s
 14641 12832  610.51439  114 1490  581.00000  628.48708  8.17%  1156 1943s
 14642 12832  618.74896   84 1490  581.00000  628.39882  8.16%  1155 1955s
 14644 12834  583.40000  205 1487  581.00000  628.36987  8.15%  1155 1969s
 14645 12834  609.29124  165 1490  581.00000  628.26883  8.14%  1155 1981s
 14648 12836  628.18960   48 1492  581.00000  628.21469  8.13%  1155 1993s
 14649 12837  605.74926  181 1491  581.00000  628.08050  8.10%  1155 2006s
 14651 12838  617.80119   31 1493  581.00000  628.05456  8.10%  1155 2018s
 14652 12839  598.29384  176 1491  581.00000  628.04046  8.10%  1155 2029s
 14653 12840  623.93829   40 1490  581.00000  628.03852  8.10%  1155 2042s
 14654 12840  592.82143  223 1490  581.00000  628.01898  8.09%  1155 2052s
 14656 12842  597.35783  174 1492  581.00000  628.00952  8.09%  1154 2064s
 14657 12842  600.99766  140 1491  581.00000  627.99363  8.09%  1154 2074s
 14659 12844  619.73235   30 1493  581.00000  627.98355  8.09%  1154 2087s
 14660 12844  612.96545   62 1489  581.00000  627.94533  8.08%  1154 2099s
 14662 12846  621.91291   67 1492  581.00000  627.93524  8.08%  1154 2112s
 14663 12846  592.73382  213 1491  581.00000  627.89460  8.07%  1154 2124s
 14664 12847  627.88856   30 1489  581.00000  627.88856  8.07%  1154 2137s
 14665 12848  626.06937   46 1491  581.00000  627.86945  8.07%  1154 2150s
 14666 12848  611.37732  104 1490  581.00000  627.86286  8.07%  1154 2163s
 14667 12849  618.62442  101 1489  581.00000  627.84953  8.06%  1154 2176s
 14668 12850  610.75557  146 1492  581.00000  627.84368  8.06%  1153 2189s
 14669 12850  593.27955   37 1491  581.00000  627.79007  8.05%  1153 2201s
 14671 12852  607.37366  164 1490  581.00000  627.76876  8.05%  1153 2215s
 14672 12852  601.79542  187 1491  581.00000  627.68542  8.04%  1153 2228s
 14674 12854  616.89219   96 1493  581.00000  627.64468  8.03%  1153 2243s
 14675 12854  597.53026  210 1492  581.00000  627.57969  8.02%  1153 2257s
 14678 12856  613.73715  113 1494  581.00000  627.52691  8.01%  1153 2271s
 14679 12857  593.50804  134 1492  581.00000  627.48982  8.00%  1153 2285s
 14681 12858  583.90237   84 1494  581.00000  627.47800  8.00%  1152 2299s
 14682 12859  589.45548   78 1492  581.00000  627.46996  8.00%  1152 2313s
 14683 12860  617.28057   73 1492  581.00000  627.46815  8.00%  1152 2329s
 14684 12860  626.23508   21 1492  581.00000  627.46799  8.00%  1152 2346s
 14685 12861  596.70027  170 1492  581.00000  627.46792  8.00%  1152 2364s
 14686 12862  614.39170   93 1492  581.00000  627.46790  8.00%  1152 2381s
 14687 12862  604.80433  166 1492  581.00000  627.46786  8.00%  1152 2399s
 14688 12863  590.36473  215 1492  581.00000  627.46785  8.00%  1152 2416s
 14689 12864  602.65069  130 1492  581.00000  627.46784  8.00%  1152 2431s
 14690 12864  596.30991  172 1492  581.00000  627.45537  8.00%  1152 2463s
 14691 12865  612.59712  112 1492  581.00000  627.45537  8.00%  1152 2478s
 14692 12866  621.01340   57 1492  581.00000  627.45537  8.00%  1152 2495s
 14701 12875  626.35003   31 1480  581.00000  626.92400  7.90%  1158 2500s
 14713 12883  624.60797   34 1469  581.00000  626.34999  7.81%  1159 2505s
 14726 12892  624.33199   37 1468  581.00000  626.34999  7.81%  1161 2510s
 14737 12901  624.50363   40 1469  581.00000  626.34999  7.81%  1162 2515s
 14749 12909  623.63655   43 1465  581.00000  626.34999  7.81%  1164 2520s
 14765 12919  622.45191   47 1460  581.00000  626.34999  7.81%  1166 2526s
 14777 12927  621.33169   50 1459  581.00000  626.34999  7.81%  1167 2540s
 14793 12940  620.61092   53 1456  581.00000  626.34999  7.81%  1169 2545s
 14805 12948  619.92954   56 1453  581.00000  626.34999  7.81%  1170 2551s
 14819 12959  618.87439   59 1449  581.00000  626.34999  7.81%  1171 2555s
 14835 12969  618.28155   63 1450  581.00000  626.34999  7.81%  1173 2561s
 14851 12983  617.36209   66 1446  581.00000  626.34999  7.81%  1175 2565s
 14880 13001  615.37259   72 1432  581.00000  626.34999  7.81%  1177 2572s
 14903 13009  613.57512   77 1424  581.00000  626.34999  7.81%  1179 2582s
 14905 13019  612.76095   77 1421  581.00000  626.34999  7.81%  1179 2585s
 14929 13039  612.29677   83 1419  581.00000  626.34999  7.81%  1182 2592s
 14943 13048  611.65747   86 1414  581.00000  626.34999  7.81%  1183 2595s
 14970 13067  610.36059   92 1406  581.00000  626.34999  7.81%  1187 2602s
 14985 13078  609.80728   95 1406  581.00000  626.34999  7.81%  1189 2607s
 15001 13089  603.87313   98 1365  581.00000  626.34999  7.81%  1191 2611s
 15017 13090  608.55764  102 1396  581.00000  626.34999  7.81%  1193 2617s
 15024 13106  601.85846  102 1359  581.00000  626.34999  7.81%  1194 2622s
 15042 13118  607.76029  106 1394  581.00000  626.34999  7.81%  1196 2627s
 15060 13133  606.99776  110 1388  581.00000  626.34999  7.81%  1199 2632s
 15081 13152  606.15237  115 1382  581.00000  626.34999  7.81%  1202 2636s
 15107 13169  605.23619  121 1375  581.00000  626.34999  7.81%  1204 2641s
 15133 13191  604.48553  126 1360  581.00000  626.34999  7.81%  1207 2647s
 15163 13218  603.82112  132 1354  581.00000  626.34999  7.81%  1210 2653s
 15200 13245  602.39845  139 1351  581.00000  626.34999  7.81%  1213 2658s
 15240 13283  589.58703  147 1274  581.00000  626.34999  7.81%  1216 2664s
 15294 13334  600.39820  156 1328  581.00000  626.34999  7.81%  1218 2670s
 15377 13308  598.34574  167 1306  581.00000  626.34999  7.81%  1219 2691s
 15379 13333  584.46800  167 1237  581.00000  626.34999  7.81%  1219 2697s
 15423 13354  596.29709  179 1282  581.00000  626.34999  7.81%  1221 2704s
 15459 13401  593.73274  194 1262  581.00000  626.34999  7.81%  1223 2712s
 15526 13406  586.10889  223 1162  581.00000  626.17461  7.78%  1224 2719s
 15564 13406  619.79995   35 1441  581.00000  626.17461  7.78%  1226 2726s
 15577 13418  624.64606   38 1469  581.00000  626.17461  7.78%  1228 2734s
 15593 13428  617.06200   41 1429  581.00000  626.17461  7.78%  1232 2742s
 15609 13442  623.58511   45 1464  581.00000  626.17461  7.78%  1235 2750s
 15628 13450  623.09152   49 1458  581.00000  626.17461  7.78%  1238 2757s
 15642 13466  622.74446   52 1455  581.00000  626.17461  7.78%  1241 2765s
 15663 13465  618.39188   56 1424  581.00000  626.17461  7.78%  1245 2781s
 15669 13487  622.08357   59 1448  581.00000  626.17461  7.78%  1246 2789s
 15693 13509  621.53780   64 1446  581.00000  626.17461  7.78%  1250 2798s
 15723 13534  620.80114   70 1435  581.00000  626.17461  7.78%  1254 2807s
 15758 13561  615.99041   76 1403  581.00000  626.17461  7.78%  1258 2816s
 15797 13594  618.69397   83 1418  581.00000  626.17461  7.78%  1262 2828s
 15843 13637  617.42004   92 1408  581.00000  626.17461  7.78%  1267 2839s
 15901 13694  615.91179  102 1395  581.00000  626.17461  7.78%  1270 2851s
 15977 13789  614.69767  111 1380  581.00000  626.17461  7.78%  1272 2864s
 16121 13781  612.90430  123 1365  581.00000  626.17461  7.78%  1270 2877s
 16161 13817  610.25791  138 1340  581.00000  626.17461  7.78%  1275 2889s
 16210 13872  605.16913  157 1310  581.00000  626.17461  7.78%  1278 2902s
 16281 13951  597.67846  188 1293  581.00000  626.17461  7.78%  1281 2915s
 16388 13941  584.58390  234 1168  581.00000  625.77165  7.71%  1281 2929s
 16445 13955  623.36798   37 1450  581.00000  625.77165  7.71%  1283 2945s
 16478 13946  622.50045   45 1445  581.00000  625.77165  7.71%  1289 2960s
 16480 13985  616.56932   45 1418  581.00000  625.77165  7.71%  1290 2976s
 16519 14009  621.22158   54 1434  581.00000  625.77165  7.71%  1295 2992s
 16556 14042  620.02765   63 1420  581.00000  625.77165  7.71%  1300 3007s
 16602 14078  613.36848   73 1391  581.00000  625.77165  7.71%  1307 3023s
 16653 14145  616.73940   84 1397  581.00000  625.77165  7.71%  1311 3040s
 16737 14233  614.43589  102 1373  581.00000  625.77165  7.71%  1318 3059s
 16853 14392  610.16108  124 1351  581.00000  625.77165  7.71%  1322 3077s
 17076 14462  601.25988  164 1274  581.00000  625.50121  7.66%  1320 3097s
 17241 14437  623.59564   40 1468  581.00000  625.50121  7.66%  1320 3117s
 17271 14469  622.75068   48 1460  581.00000  625.50121  7.66%  1326 3136s
 17313 14507  621.19966   58 1450  581.00000  625.50121  7.66%  1334 3156s
 17365 14552  619.52568   70 1437  581.00000  625.50121  7.66%  1341 3177s
 17427 14545  616.80208   85 1418  581.00000  625.50121  7.66%  1349 3210s
 17441 14626  616.14114   89 1413  581.00000  625.50121  7.66%  1351 3233s
 17527 14726  613.48252  109 1388  581.00000  625.50121  7.66%  1359 3256s
 17655 14966  608.46379  140 1352  581.00000  625.50121  7.66%  1367 3281s
 17952 15102  593.60820  199 1265  581.00000  625.32038  7.63%  1365 3307s
 18221 15439  610.32639  113 1355  581.00000  625.31930  7.63%  1356 3334s
 18677 15559  623.33201   41 1458  581.00000  625.17948  7.60%  1342 3359s
 18949 15858  604.79298  153 1322  581.00000  625.17927  7.60%  1335 3383s
 19394 16153  616.71192   70 1413  581.00000  625.09518  7.59%  1322 3407s
 19866 16355  623.91253   35 1466  581.00000  624.76343  7.53%  1311 3429s
 20267 16605  601.88404  158 1282  581.00000  624.74114  7.53%  1301 3453s
 20689 16523  622.91044   40 1450  581.00000  624.63725  7.51%  1290 3476s
 20747 16577  621.08604   53 1432  581.00000  624.63725  7.51%  1298 3498s
 20821 16664  619.14354   69 1419  581.00000  624.63725  7.51%  1306 3522s
 20932 16793  612.21843   92 1368  581.00000  624.63725  7.51%  1314 3546s
 21098 17107  610.87797  120 1359  581.00000  624.63725  7.51%  1320 3568s
 21522 17236  587.80504  205 1158  581.00000  624.61730  7.51%  1314 3589s
 21820 17429  616.08709   80 1404  581.00000  624.61730  7.51%  1309 3600s

Cutting planes:
  Gomory: 8
  Clique: 1
  MIR: 1
  Flow cover: 91
  Zero half: 952
  Mod-K: 3
  RLT: 359
  BQP: 87

Explored 22130 nodes (28877132 simplex iterations) in 3600.00 seconds (9524.36 work units)
Thread count was 2 (of 24 available processors)

Solution count 10: 581 580 579 ... 572

Time limit reached
Best objective 5.810000000000e+02, best bound 6.240000000000e+02, gap 7.4010%

User-callback calls 293844, time in user-callback 0.82 sec

Gurobi 11.0.3 (linux64) logging started Sat Mar  7 16:20:15 2026

Set parameter LogFile to value "./log/train/IS_1500_6/IS_65.lp.log"
Set parameter TimeLimit to value 3600
Gurobi Optimizer version 11.0.3 build v11.0.3rc0 (linux64 - "Ubuntu 22.04.5 LTS")

CPU model: AMD Ryzen 9 9900X 12-Core Processor, instruction set [SSE2|AVX|AVX2|AVX512]
Thread count: 12 physical cores, 24 logical processors, using up to 1 threads

Optimize a model with 9173 rows, 1500 columns and 18088 nonzeros
Model fingerprint: 0x786cc973
Variable types: 0 continuous, 1500 integer (1500 binary)
Coefficient statistics:
  Matrix range     [1e+00, 1e+00]
  Objective range  [1e+00, 1e+00]
  Bounds range     [1e+00, 1e+00]
  RHS range        [1e+00, 1e+00]
Found heuristic solution: objective 338.0000000
Presolve removed 1711 rows and 0 columns
Presolve time: 0.04s
Presolved: 7462 rows, 1500 columns, 16274 nonzeros
Variable types: 0 continuous, 1500 integer (1500 binary)

Root relaxation: objective 6.810000e+02, 3836 iterations, 0.17 seconds (0.23 work units)

    Nodes    |    Current Node    |     Objective Bounds      |     Work
 Expl Unexpl |  Obj  Depth IntInf | Incumbent    BestBd   Gap | It/Node Time

     0     0  681.00000    0 1338  338.00000  681.00000   101%     -    0s
H    0     0                     522.0000000  681.00000  30.5%     -    0s
H    0     0                     528.0000000  681.00000  29.0%     -    0s
     0     0  666.27208    0 1462  528.00000  666.27208  26.2%     -    1s
     0     0  666.27208    0 1462  528.00000  666.27208  26.2%     -   54s
     0     0  658.21948    0 1481  528.00000  658.21948  24.7%     -   55s
H    0     0                     540.0000000  658.21948  21.9%     -   55s
H    0     0                     543.0000000  658.21948  21.2%     -   55s
     0     0  657.68912    0 1476  543.00000  657.68912  21.1%     -   55s
     0     0  657.63416    0 1476  543.00000  657.63416  21.1%     -   55s
     0     0  657.62306    0 1475  543.00000  657.62306  21.1%     -   55s
     0     0  657.62201    0 1474  543.00000  657.62201  21.1%     -   55s
     0     0  653.23427    0 1478  543.00000  653.23427  20.3%     -   56s
     0     0  652.99914    0 1476  543.00000  652.99914  20.3%     -   56s
     0     0  652.94034    0 1478  543.00000  652.94034  20.2%     -   56s
     0     0  652.93108    0 1479  543.00000  652.93108  20.2%     -   56s
     0     0  652.91441    0 1481  543.00000  652.91441  20.2%     -   56s
     0     0  652.91349    0 1480  543.00000  652.91349  20.2%     -   56s
     0     0  650.21808    0 1478  543.00000  650.21808  19.7%     -   57s
H    0     0                     544.0000000  650.21808  19.5%     -   57s
     0     0  650.01760    0 1475  544.00000  650.01760  19.5%     -   57s
     0     0  649.97472    0 1474  544.00000  649.97472  19.5%     -   57s
     0     0  649.96600    0 1477  544.00000  649.96600  19.5%     -   57s
     0     0  649.96437    0 1478  544.00000  649.96437  19.5%     -   57s
     0     0  648.82192    0 1479  544.00000  648.82192  19.3%     -   57s
     0     0  648.66520    0 1481  544.00000  648.66520  19.2%     -   57s
     0     0  648.65137    0 1482  544.00000  648.65137  19.2%     -   57s
     0     0  648.64828    0 1482  544.00000  648.64828  19.2%     -   57s
     0     0  646.83898    0 1484  544.00000  646.83898  18.9%     -   58s
H    0     0                     547.0000000  646.83898  18.3%     -   58s
     0     0  646.66158    0 1486  547.00000  646.66158  18.2%     -   58s
     0     0  646.62390    0 1487  547.00000  646.62390  18.2%     -   58s
     0     0  646.61940    0 1486  547.00000  646.61940  18.2%     -   58s
     0     0  645.59804    0 1483  547.00000  645.59804  18.0%     -   59s
     0     0  645.44736    0 1482  547.00000  645.44736  18.0%     -   59s
     0     0  645.42103    0 1483  547.00000  645.42103  18.0%     -   59s
     0     0  645.41391    0 1485  547.00000  645.41391  18.0%     -   59s
     0     0  644.19045    0 1483  547.00000  644.19045  17.8%     -   59s
H    0     0                     548.0000000  644.19045  17.6%     -   59s
     0     0  644.00507    0 1483  548.00000  644.00507  17.5%     -   59s
     0     0  643.96956    0 1485  548.00000  643.96956  17.5%     -   59s
     0     0  643.94719    0 1485  548.00000  643.94719  17.5%     -   59s
     0     0  643.94329    0 1485  548.00000  643.94329  17.5%     -   59s
     0     0  643.48891    0 1484  548.00000  643.48891  17.4%     -   60s
     0     0  643.35795    0 1484  548.00000  643.35795  17.4%     -   60s
     0     0  643.33621    0 1486  548.00000  643.33621  17.4%     -   60s
     0     0  643.33301    0 1487  548.00000  643.33301  17.4%     -   60s
     0     0  642.79382    0 1491  548.00000  642.79382  17.3%     -   60s
     0     0  642.69843    0 1490  548.00000  642.69843  17.3%     -  114s
     0     0  642.66921    0 1487  548.00000  642.66921  17.3%     -  114s
     0     0  642.65452    0 1490  548.00000  642.65452  17.3%     -  114s
     0     0  642.65268    0 1490  548.00000  642.65268  17.3%     -  114s
     0     0  642.12624    0 1485  548.00000  642.12624  17.2%     -  115s
     0     0  642.03037    0 1493  548.00000  642.03037  17.2%     -  115s
     0     0  642.01295    0 1492  548.00000  642.01295  17.2%     -  115s
     0     0  642.00832    0 1493  548.00000  642.00832  17.2%     -  115s
     0     0  641.56055    0 1490  548.00000  641.56055  17.1%     -  115s
H    0     0                     553.0000000  641.56055  16.0%     -  115s
     0     0  641.47799    0 1488  553.00000  641.47799  16.0%     -  116s
     0     0  641.45599    0 1487  553.00000  641.45599  16.0%     -  116s
     0     0  641.44731    0 1491  553.00000  641.44731  16.0%     -  116s
     0     0  640.72108    0 1486  553.00000  640.72108  15.9%     -  116s
     0     0  640.57991    0 1486  553.00000  640.57991  15.8%     -  116s
     0     0  640.55647    0 1489  553.00000  640.55647  15.8%     -  117s
     0     0  640.55171    0 1488  553.00000  640.55171  15.8%     -  117s
     0     0  639.93727    0 1490  553.00000  639.93727  15.7%     -  117s
H    0     0                     554.0000000  639.93727  15.5%     -  117s
     0     0  639.82843    0 1490  554.00000  639.82843  15.5%     -  117s
     0     0  639.80958    0 1490  554.00000  639.80958  15.5%     -  117s
     0     0  639.80031    0 1490  554.00000  639.80031  15.5%     -  117s
     0     0  639.28489    0 1488  554.00000  639.28489  15.4%     -  118s
     0     0  639.12962    0 1490  554.00000  639.12962  15.4%     -  118s
     0     0  639.11020    0 1487  554.00000  639.11020  15.4%     -  118s
     0     0  639.09988    0 1491  554.00000  639.09988  15.4%     -  118s
     0     0  638.96921    0 1490  554.00000  638.96921  15.3%     -  119s
     0     0  638.95538    0 1489  554.00000  638.95538  15.3%     -  119s
     0     0  638.48903    0 1491  554.00000  638.48903  15.3%     -  119s
     0     0  638.39112    0 1488  554.00000  638.39112  15.2%     -  120s
     0     0  638.37910    0 1489  554.00000  638.37910  15.2%     -  120s
     0     0  638.04298    0 1489  554.00000  638.04298  15.2%     -  120s
H    0     0                     557.0000000  638.04298  14.5%     -  174s
     0     0  637.95334    0 1490  557.00000  637.95334  14.5%     -  174s
     0     0  637.94413    0 1490  557.00000  637.94413  14.5%     -  174s
     0     0  637.84965    0 1489  557.00000  637.84965  14.5%     -  174s
     0     0  637.81681    0 1491  557.00000  637.81681  14.5%     -  174s
     0     0  637.80066    0 1488  557.00000  637.80066  14.5%     -  174s
     0     0  637.53843    0 1489  557.00000  637.53843  14.5%     -  175s
     0     0  637.47532    0 1487  557.00000  637.47532  14.4%     -  175s
     0     0  637.46130    0 1490  557.00000  637.46130  14.4%     -  175s
     0     0  637.20196    0 1489  557.00000  637.20196  14.4%     -  175s
     0     0  637.16070    0 1491  557.00000  637.16070  14.4%     -  175s
     0     0  637.15039    0 1491  557.00000  637.15039  14.4%     -  175s
     0     0  636.99346    0 1489  557.00000  636.99346  14.4%     -  176s
     0     0  636.94411    0 1489  557.00000  636.94411  14.4%     -  176s
     0     0  636.93227    0 1490  557.00000  636.93227  14.4%     -  176s
     0     0  636.79691    0 1488  557.00000  636.79691  14.3%     -  176s
     0     0  636.76529    0 1487  557.00000  636.76529  14.3%     -  176s
     0     0  636.76196    0 1490  557.00000  636.76196  14.3%     -  176s
     0     0  636.57842    0 1489  557.00000  636.57842  14.3%     -  177s
H    0     0                     558.0000000  636.57842  14.1%     -  177s
     0     0  636.48814    0 1488  558.00000  636.48814  14.1%     -  177s
     0     0  636.46960    0 1488  558.00000  636.46960  14.1%     -  177s
     0     0  636.30438    0 1489  558.00000  636.30438  14.0%     -  177s
     0     0  636.24732    0 1488  558.00000  636.24732  14.0%     -  178s
     0     0  636.23984    0 1490  558.00000  636.23984  14.0%     -  178s
     0     0  636.16676    0 1487  558.00000  636.16676  14.0%     -  178s
     0     0  636.16676    0 1487  558.00000  636.16676  14.0%     -  178s
H    0     0                     560.0000000  636.16676  13.6%     -  180s
     0     2  636.16666    0 1486  560.00000  636.16666  13.6%     -  180s
    18    20  628.19334   15 1438  560.00000  636.16666  13.6%  2116  185s
    19    21  613.74611   15 1370  560.00000  636.16666  13.6%  2453  235s
    54    56  579.50068   43 1232  560.00000  636.16666  13.6%  1599  240s
H  104   104                     562.0000000  636.16666  13.2%  1222  243s
   123   115  630.07512    1 1442  562.00000  635.91988  13.2%  1128  245s
H  135    93                     568.0000000  635.91988  12.0%  1231  249s
   138    98  590.36622   11 1259  568.00000  635.91988  12.0%  1290  250s
H  162   117                     570.0000000  635.91988  11.6%  1256  252s
   174   123  630.16486    4 1445  570.00000  635.80562  11.5%  1258  255s
H  182   125                     571.0000000  635.80562  11.3%  1268  257s
   194   139  615.53159   21 1362  571.00000  635.80562  11.3%  1281  260s
   220   165  593.53356   40 1263  571.00000  635.80562  11.3%  1320  265s
   279   202  627.22598    4 1434  571.00000  635.63098  11.3%  1231  271s
   287   210  626.63035   10 1427  571.00000  635.63098  11.3%  1258  275s
   308   231  588.25092   25 1259  571.00000  635.63098  11.3%  1309  280s
H  324   222                     575.0000000  635.63098  10.5%  1292  281s
   340   228  615.23397   10 1380  575.00000  635.47169  10.5%  1299  285s
   354   242  618.98307   21 1388  575.00000  635.47169  10.5%  1335  290s
   403   283  626.51905    7 1440  575.00000  635.35172  10.5%  1328  296s
   404   284  626.43191    8 1437  575.00000  635.35172  10.5%  1326  302s
   413   293  618.27103   14 1395  575.00000  635.35172  10.5%  1362  305s
   431   311  619.01070   29 1389  575.00000  635.35172  10.5%  1373  310s
H  432   305                     576.0000000  635.35172  10.3%  1370  310s
   453   328  598.78735   42 1269  576.00000  635.35172  10.3%  1420  315s
H  459   321                     577.0000000  635.35172  10.1%  1420  315s
   500   340  623.37838    9 1410  577.00000  635.20995  10.1%  1376  321s
   527   367  609.66251   31 1324  577.00000  635.20995  10.1%  1378  325s
   566   399  629.88787    6 1487  577.00000  635.20995  10.1%  1346  341s
   569   401  615.02126   24 1483  577.00000  635.20995  10.1%  1339  350s
   575   405  588.10062   27 1488  577.00000  635.20995  10.1%  1325  361s
   576   406  589.53754   47 1484  577.00000  635.20995  10.1%  1323  369s
   578   407  586.44979   51 1488  577.00000  635.20995  10.1%  1318  370s
   579   408  624.20723   14 1489  577.00000  635.20995  10.1%  1316  378s
   580   408  579.54844   59 1484  577.00000  635.20995  10.1%  1313  385s
   582   410  603.74328   37 1485  577.00000  635.20995  10.1%  1309  392s
   583   410  618.21894    6 1486  577.00000  635.20995  10.1%  1307  400s
   584   411  579.48513   59 1488  577.00000  635.20995  10.1%  1305  408s
   585   412  580.34982   50 1486  577.00000  635.20995  10.1%  1302  417s
   586   412  594.98804   24 1488  577.00000  635.20995  10.1%  1300  424s
   587   413  586.57040   34 1487  577.00000  635.20995  10.1%  1298  432s
   588   414  579.05981   61 1489  577.00000  635.20995  10.1%  1296  440s
   589   414  586.44941   51 1489  577.00000  635.20995  10.1%  1293  448s
   591   416  586.73890   36 1489  577.00000  635.20995  10.1%  1289  451s
   599   423  633.12131   18 1466  577.00000  634.85103  10.0%  1398  455s
   606   428  633.93724   22 1478  577.00000  634.81305  10.0%  1408  467s
   611   431  632.19710   24 1468  577.00000  634.81305  10.0%  1423  470s
   623   439  629.05922   30 1436  577.00000  634.81305  10.0%  1442  475s
   639   450  626.27760   38 1424  577.00000  634.81305  10.0%  1459  480s
   649   456  627.98031   43 1450  577.00000  634.81305  10.0%  1477  485s
   661   464  613.49548   49 1372  577.00000  634.81305  10.0%  1501  490s
   669   470  623.06750   53 1414  577.00000  634.81305  10.0%  1524  495s
   679   476  615.51460   58 1373  577.00000  634.81305  10.0%  1551  500s
   687   482  618.96618   62 1378  577.00000  634.81305  10.0%  1582  505s
   698   489  624.17962   68 1402  577.00000  634.81305  10.0%  1598  510s
   715   500  620.79006   76 1388  577.00000  634.81305  10.0%  1604  515s
   730   510  619.05360   84 1389  577.00000  634.81305  10.0%  1617  520s
   749   523  615.38964   93 1364  577.00000  634.81305  10.0%  1620  525s
   769   536  604.90129  103 1326  577.00000  634.81305  10.0%  1631  530s
   791   551  611.21445  114 1342  577.00000  634.81305  10.0%  1629  535s
   813   566  606.06989  125 1321  577.00000  634.81305  10.0%  1630  540s
   829   576  602.86762  133 1302  577.00000  634.81305  10.0%  1642  545s
   851   591  599.79425  144 1295  577.00000  634.81305  10.0%  1643  550s
   873   606  597.90081  155 1276  577.00000  634.81305  10.0%  1647  555s
   897   622  594.18357  167 1271  577.00000  634.81305  10.0%  1655  560s
   921   638  589.00476  179 1239  577.00000  634.81305  10.0%  1662  565s
   951   658  586.06899  194 1206  577.00000  634.81305  10.0%  1663  570s
   991   682  586.59606  214 1172  577.00000  634.81305  10.0%  1654  575s
  1099   742  578.19565  268  935  577.00000  634.81305  10.0%  1552  580s
H 1106   709                     578.0000000  634.81305  9.83%  1544  580s
  1115   709  633.96875   19 1475  578.00000  634.79567  9.83%  1552  585s
  1120   712  625.75736   21 1429  578.00000  634.79567  9.83%  1569  590s
  1126   716  627.34554   24 1436  578.00000  634.79567  9.83%  1582  595s
  1132   720  628.10048   27 1434  578.00000  634.79567  9.83%  1597  600s
  1138   724  624.82655   30 1419  578.00000  634.79567  9.83%  1613  605s
  1144   728  626.89013   33 1426  578.00000  634.79567  9.83%  1628  610s
  1152   734  625.42637   37 1423  578.00000  634.79567  9.83%  1643  615s
  1159   738  631.11648   41 1447  578.00000  634.79567  9.83%  1655  620s
  1168   744  624.12275   45 1417  578.00000  634.79567  9.83%  1671  626s
  1176   750  624.49663   49 1413  578.00000  634.79567  9.83%  1685  630s
  1184   755  622.25256   53 1404  578.00000  634.79567  9.83%  1697  635s
  1194   762  624.41898   58 1413  578.00000  634.79567  9.83%  1713  640s
  1210   772  622.84453   66 1398  578.00000  634.79567  9.83%  1732  645s
  1225   782  621.73906   74 1388  578.00000  634.79567  9.83%  1749  650s
  1242   794  619.41371   82 1371  578.00000  634.79567  9.83%  1763  655s
  1254   802  614.31531   88 1343  578.00000  634.79567  9.83%  1776  660s
  1272   814  618.25297   97 1354  578.00000  634.79567  9.83%  1782  665s
  1290   826  615.34101  106 1351  578.00000  634.79567  9.83%  1789  670s
  1308   838  614.19793  115 1337  578.00000  634.79567  9.83%  1795  675s
  1332   854  609.23168  127 1308  578.00000  634.79567  9.83%  1801  680s
  1366   876  610.55369  144 1303  578.00000  634.79567  9.83%  1799  685s
  1394   895  607.70796  158 1263  578.00000  634.79567  9.83%  1798  690s
  1434   922  606.38180  178 1256  578.00000  634.79567  9.83%  1786  695s
  1513   974  595.76289  218 1224  578.00000  634.79567  9.83%  1734  700s
  1641  1036  632.44296   17 1460  578.00000  634.79525  9.83%  1634  705s
  1647  1040  615.99711   20 1375  578.00000  634.79525  9.83%  1645  711s
  1653  1044  626.50241   23 1422  578.00000  634.79525  9.83%  1654  715s
  1661  1049  624.10984   27 1411  578.00000  634.79525  9.83%  1666  720s
  1669  1054  625.64277   31 1417  578.00000  634.79525  9.83%  1678  725s
  1677  1060  615.40401   35 1370  578.00000  634.79525  9.83%  1689  730s
  1689  1068  624.33803   41 1411  578.00000  634.79525  9.83%  1704  735s
  1703  1077  620.47327   48 1397  578.00000  634.79525  9.83%  1718  740s
  1714  1084  626.17308   54 1416  578.00000  634.79525  9.83%  1727  745s
  1727  1093  618.23835   60 1379  578.00000  634.79525  9.83%  1738  750s
  1738  1100  624.09591   66 1406  578.00000  634.79525  9.83%  1745  755s
  1752  1110  623.02827   73 1397  578.00000  634.79525  9.83%  1753  760s
H 1754  1094                     579.0000000  634.79525  9.64%  1753  760s
  1767  1109  617.41894   80 1364  579.00000  634.79525  9.64%  1763  765s
  1785  1127  611.86762   89 1350  579.00000  634.79525  9.64%  1771  770s
  1805  1147  614.69737   99 1341  579.00000  634.79525  9.64%  1780  775s
  1826  1168  616.73369  110 1346  579.00000  634.79525  9.64%  1785  780s
  1859  1201  604.25379  126 1273  579.00000  634.79525  9.64%  1790  785s
  1895  1237  606.22928  144 1288  579.00000  634.79525  9.64%  1785  790s
H 1916  1236                     580.0000000  634.79525  9.45%  1780  792s
  1956  1278  603.92140  175 1262  580.00000  634.79525  9.45%  1766  795s
  2025  1347  592.59129  209 1158  580.00000  634.79525  9.45%  1732  800s
  2120  1418  634.43205   17 1477  580.00000  634.78748  9.45%  1669  805s
  2126  1424  627.81663   20 1428  580.00000  634.78748  9.45%  1677  810s
  2132  1430  628.50168   23 1441  580.00000  634.78748  9.45%  1685  816s
  2138  1436  627.54613   26 1439  580.00000  634.78748  9.45%  1692  821s
  2144  1442  624.96345   29 1418  580.00000  634.78748  9.45%  1700  826s
  2150  1448  618.13424   32 1388  580.00000  634.78748  9.45%  1708  831s
  2156  1454  626.63542   35 1417  580.00000  634.78748  9.45%  1715  836s
  2162  1460  626.44580   38 1425  580.00000  634.78748  9.45%  1721  840s
  2168  1466  627.42015   41 1426  580.00000  634.78748  9.45%  1728  845s
  2176  1474  627.09458   45 1422  580.00000  634.78748  9.45%  1734  850s
  2184  1482  624.75001   49 1413  580.00000  634.78748  9.45%  1741  855s
  2192  1490  624.25900   53 1414  580.00000  634.78748  9.45%  1749  860s
  2202  1500  623.29022   58 1399  580.00000  634.78748  9.45%  1756  865s
  2212  1510  622.43723   63 1403  580.00000  634.78748  9.45%  1763  870s
  2220  1518  620.91022   67 1381  580.00000  634.78748  9.45%  1769  875s
  2230  1528  621.63421   72 1385  580.00000  634.78748  9.45%  1774  880s
  2240  1538  621.26616   77 1380  580.00000  634.78748  9.45%  1778  885s
  2254  1552  619.23005   84 1380  580.00000  634.78748  9.45%  1786  890s
  2258  1556  617.25004   86 1370  580.00000  634.78748  9.45%  1788  895s
  2267  1565  621.93248   91 1384  580.00000  634.78748  9.45%  1792  900s
  2281  1579  620.48995   98 1378  580.00000  634.78748  9.45%  1797  906s
  2294  1592  615.69503  104 1346  580.00000  634.78748  9.45%  1801  917s
  2304  1602  615.14515  109 1345  580.00000  634.78748  9.45%  1804  920s
H 2307  1579                     581.0000000  634.78748  9.26%  1803  925s
  2330  1604  613.42118  122 1331  581.00000  634.78748  9.26%  1807  930s
  2333  1607  615.72028  124 1351  581.00000  634.78748  9.26%  1806  935s
  2352  1626  607.28848  133 1289  581.00000  634.78748  9.26%  1807  940s
  2375  1649  612.45906  145 1326  581.00000  634.78748  9.26%  1806  950s
  2402  1676  608.80866  158 1280  581.00000  634.78748  9.26%  1805  957s
  2426  1700  603.31031  170 1277  581.00000  634.78748  9.26%  1799  960s
  2430  1704  602.15517  172 1272  581.00000  634.78748  9.26%  1799  965s
  2504  1778  594.35151  209 1162  581.00000  634.78748  9.26%  1772  970s
  2609  1855  624.32022   17 1427  581.00000  633.92914  9.11%  1720  975s
  2615  1861  623.57344   20 1411  581.00000  633.92914  9.11%  1726  981s
  2621  1867  623.68746   23 1416  581.00000  633.92914  9.11%  1732  986s
  2627  1873  624.80999   26 1425  581.00000  633.92914  9.11%  1738  990s
  2633  1879  617.04596   29 1383  581.00000  633.92914  9.11%  1745  995s
  2639  1885  625.62567   32 1422  581.00000  633.92914  9.11%  1750 1000s
  2647  1893  624.68026   36 1419  581.00000  633.92914  9.11%  1756 1005s
  2655  1901  625.23994   40 1413  581.00000  633.92914  9.11%  1763 1010s
  2665  1911  623.94370   45 1411  581.00000  633.92914  9.11%  1770 1016s
  2673  1919  622.03518   49 1404  581.00000  633.92914  9.11%  1774 1020s
  2683  1929  617.76803   54 1378  581.00000  633.92914  9.11%  1781 1025s
  2691  1937  622.00943   58 1398  581.00000  633.92914  9.11%  1786 1030s
  2700  1946  624.49105   63 1410  581.00000  633.92914  9.11%  1791 1035s
  2713  1959  615.84784   69 1368  581.00000  633.92914  9.11%  1798 1040s
  2718  1964  623.00876   72 1402  581.00000  633.92914  9.11%  1799 1045s
  2727  1973  616.71757   76 1370  581.00000  633.92914  9.11%  1804 1050s
  2741  1987  617.84849   83 1357  581.00000  633.92914  9.11%  1810 1055s
  2746  1992  620.72013   86 1384  581.00000  633.92914  9.11%  1810 1062s
  2757  2003  615.64395   91 1356  581.00000  633.92914  9.11%  1813 1065s
  2777  2023  612.37798  101 1321  581.00000  633.92914  9.11%  1818 1070s
  2801  2047  612.44966  113 1322  581.00000  633.92914  9.11%  1821 1075s
  2825  2071  608.77896  125 1305  581.00000  633.92914  9.11%  1825 1080s
  2858  2104  610.30138  142 1308  581.00000  633.92914  9.11%  1824 1085s
  2907  2153  603.38410  166 1260  581.00000  633.92914  9.11%  1816 1090s
  2982  2228  594.51449  204 1224  581.00000  633.92914  9.11%  1795 1095s
  3087  2298  625.18640   23 1416  581.00000  633.92856  9.11%  1752 1100s
  3093  2304  625.71643   26 1425  581.00000  633.92856  9.11%  1758 1106s
  3099  2310  624.19287   29 1425  581.00000  633.92856  9.11%  1763 1111s
  3105  2316  617.53626   32 1385  581.00000  633.92856  9.11%  1768 1116s
  3111  2322  618.29625   35 1388  581.00000  633.92856  9.11%  1774 1121s
  3117  2328  626.85012   38 1438  581.00000  633.92856  9.11%  1778 1125s
  3125  2336  626.34303   42 1431  581.00000  633.92856  9.11%  1783 1130s
  3134  2345  629.07837   47 1449  581.00000  633.92856  9.11%  1787 1135s
  3139  2350  625.87309   49 1424  581.00000  633.92856  9.11%  1790 1140s
  3148  2359  627.64638   54 1437  581.00000  633.92856  9.11%  1795 1145s
  3158  2369  626.85815   59 1431  581.00000  633.92856  9.11%  1799 1150s
  3167  2378  608.92119   63 1342  581.00000  633.92856  9.11%  1806 1155s
  3175  2386  621.69075   67 1395  581.00000  633.92856  9.11%  1810 1160s
  3185  2396  616.95336   72 1377  581.00000  633.92856  9.11%  1815 1165s
  3189  2400  622.13254   74 1396  581.00000  633.92856  9.11%  1816 1170s
  3199  2410  618.24945   79 1380  581.00000  633.92856  9.11%  1820 1184s
  3201  2412  616.15565   80 1368  581.00000  633.92856  9.11%  1821 1185s
  3213  2424  618.52336   86 1378  581.00000  633.92856  9.11%  1825 1190s
  3227  2438  616.79115   93 1369  581.00000  633.92856  9.11%  1829 1195s
  3249  2460  616.11904  104 1348  581.00000  633.92856  9.11%  1835 1200s
  3269  2480  612.87435  114 1341  581.00000  633.92856  9.11%  1837 1205s
  3291  2502  608.87876  125 1316  581.00000  633.92856  9.11%  1839 1210s
  3317  2528  610.42034  138 1306  581.00000  633.92856  9.11%  1838 1215s
  3349  2560  605.67853  154 1260  581.00000  633.92856  9.11%  1836 1220s
  3397  2608  601.73192  178 1269  581.00000  633.92856  9.11%  1827 1225s
  3465  2676  591.48279  212 1169  581.00000  633.92856  9.11%  1810 1230s
  3552  2747  626.81129   23 1438  581.00000  633.80879  9.09%  1779 1235s
  3558  2753  625.75004   26 1416  581.00000  633.80879  9.09%  1783 1240s
  3564  2759  624.52320   29 1420  581.00000  633.80879  9.09%  1787 1245s
  3570  2765  626.63687   32 1425  581.00000  633.80879  9.09%  1792 1250s
  3576  2771  625.69234   35 1423  581.00000  633.80879  9.09%  1796 1255s
  3584  2779  622.76795   39 1403  581.00000  633.80879  9.09%  1801 1260s
  3588  2783  622.60646   41 1410  581.00000  633.80879  9.09%  1804 1265s
  3596  2791  626.44323   45 1420  581.00000  633.80879  9.09%  1808 1270s
  3606  2801  623.96299   50 1413  581.00000  633.80879  9.09%  1813 1275s
  3614  2809  623.15884   54 1403  581.00000  633.80879  9.09%  1816 1280s
  3624  2819  622.87581   59 1401  581.00000  633.80879  9.09%  1821 1285s
  3634  2829  622.94542   64 1393  581.00000  633.80879  9.09%  1825 1290s
  3646  2841  607.77089   70 1331  581.00000  633.80879  9.09%  1830 1295s
  3658  2853  618.22716   76 1378  581.00000  633.80879  9.09%  1834 1300s
  3670  2865  614.44756   82 1351  581.00000  633.80879  9.09%  1838 1305s
  3685  2880  621.75448   90 1381  581.00000  633.80879  9.09%  1843 1310s
  3706  2901  616.26697  100 1358  581.00000  633.80879  9.09%  1846 1315s
  3733  2928  616.75369  114 1355  581.00000  633.80879  9.09%  1849 1320s
  3758  2953  611.96453  126 1333  581.00000  633.80879  9.09%  1850 1327s
  3770  2965  608.86574  132 1293  581.00000  633.80879  9.09%  1851 1330s
  3798  2993  606.12298  146 1302  581.00000  633.80879  9.09%  1849 1336s
  3822  3017  605.49871  158 1276  581.00000  633.80879  9.09%  1848 1340s
  3877  3072  601.76778  186 1241  581.00000  633.80879  9.09%  1839 1345s
  3990  3185  583.88045  242 1114  581.00000  633.80879  9.09%  1805 1350s
  4060  3194  625.18490   23 1431  581.00000  633.80758  9.09%  1783 1356s
  4066  3200  626.27399   26 1430  581.00000  633.80758  9.09%  1787 1361s
  4072  3206  625.75567   29 1427  581.00000  633.80758  9.09%  1791 1366s
  4078  3212  626.84467   32 1424  581.00000  633.80758  9.09%  1795 1370s
  4085  3219  630.73756   36 1451  581.00000  633.80758  9.09%  1799 1375s
  4094  3228  625.57516   40 1424  581.00000  633.80758  9.09%  1804 1381s
  4102  3236  621.36204   44 1399  581.00000  633.80758  9.09%  1808 1385s
  4110  3244  624.22483   48 1418  581.00000  633.80758  9.09%  1811 1390s
  4120  3254  612.49574   53 1352  581.00000  633.80758  9.09%  1817 1395s
  4130  3264  621.90626   58 1397  581.00000  633.80758  9.09%  1820 1400s
  4140  3274  620.95377   63 1396  581.00000  633.80758  9.09%  1824 1405s
  4152  3286  621.30957   69 1380  581.00000  633.80758  9.09%  1828 1410s
  4162  3296  615.41638   74 1370  581.00000  633.80758  9.09%  1831 1416s
  4170  3304  619.36181   78 1376  581.00000  633.80758  9.09%  1833 1420s
  4180  3314  614.78025   83 1352  581.00000  633.80758  9.09%  1836 1425s
  4196  3330  615.03510   91 1351  581.00000  633.80758  9.09%  1839 1430s
  4216  3350  612.74386  101 1331  581.00000  633.80758  9.09%  1843 1435s
  4238  3372  613.96065  112 1338  581.00000  633.80758  9.09%  1845 1440s
  4264  3398  612.26409  125 1321  581.00000  633.80758  9.09%  1847 1445s
  4297  3431  612.49799  142 1319  581.00000  633.80758  9.09%  1846 1450s
  4309  3443  610.96998  148 1312  581.00000  633.80758  9.09%  1846 1465s
  4348  3482  605.97795  167 1268  581.00000  633.80758  9.09%  1843 1470s
  4426  3560  594.88486  206 1219  581.00000  633.80758  9.09%  1826 1475s
  4538  3651  630.96250   28 1447  581.00000  633.27830  9.00%  1792 1480s
  4578  3691  623.85134   68 1397  581.00000  633.27830  9.00%  1784 1485s
  4631  3744  614.04679  116 1330  581.00000  633.27830  9.00%  1773 1490s
  4708  3821  603.77876  163 1221  581.00000  633.27830  9.00%  1757 1495s
  4783  3896  596.67206  188 1200  581.00000  633.27830  9.00%  1740 1500s
  4924  4037  586.12158  223 1127  581.00000  633.27830  9.00%  1704 1505s
  5050  4124  630.61930   33 1443  581.00000  633.27811  9.00%  1670 1510s
  5068  4142  627.87696   48 1427  581.00000  633.27811  9.00%  1670 1515s
  5115  4189  620.21731   95 1373  581.00000  633.27811  9.00%  1662 1520s
  5158  4232  612.70133  130 1329  581.00000  633.27811  9.00%  1657 1525s
  5243  4317  601.00436  177 1233  581.00000  633.27811  9.00%  1643 1530s
  5381  4455  588.83472  221 1143  581.00000  633.27811  9.00%  1615 1535s
  5585  4620  631.99675   25 1460  581.00000  633.19862  8.98%  1567 1540s
  5619  4654  626.08450   59 1422  581.00000  633.19862  8.98%  1563 1545s
  5666  4701  615.83106  101 1349  581.00000  633.19862  8.98%  1558 1550s
  5668  4703  616.82795  102 1347  581.00000  633.19862  8.98%  1559 1555s
  5739  4774  606.60772  164 1280  581.00000  633.19862  8.98%  1548 1560s
  5832  4867  596.44978  200 1191  581.00000  633.19862  8.98%  1536 1565s
  6003  5038  587.05427  228 1140  581.00000  633.19862  8.98%  1505 1570s
  6143  5150  629.75485   34 1445  581.00000  633.19793  8.98%  1477 1575s
  6186  5193  622.36757   77 1394  581.00000  633.19793  8.98%  1473 1580s
  6242  5249  610.87354  127 1326  581.00000  633.19793  8.98%  1468 1585s
  6304  5311  603.10974  164 1283  581.00000  633.19793  8.98%  1463 1590s
  6419  5426  592.47660  206 1178  581.00000  633.19793  8.98%  1447 1595s
  6606  5593  630.74394   18 1458  581.00000  633.12040  8.97%  1415 1600s
  6641  5628  624.73746   53 1414  581.00000  633.12040  8.97%  1412 1605s
  6708  5695  613.39253  118 1317  581.00000  633.12040  8.97%  1405 1610s
  6766  5753  604.43570  152 1295  581.00000  633.12040  8.97%  1403 1615s
  6865  5852  594.17270  190 1186  581.00000  633.12040  8.97%  1393 1620s
  7046  6033  583.75000  227 1136  581.00000  633.12040  8.97%  1367 1625s
  7119  6074  627.12651   44 1428  581.00000  633.11845  8.97%  1358 1630s
  7175  6130  615.63201   96 1349  581.00000  633.11845  8.97%  1353 1635s
  7237  6192  606.46154  145 1288  581.00000  633.11845  8.97%  1349 1640s
  7349  6304  593.20382  193 1175  581.00000  633.11845  8.97%  1337 1645s
  7569  6507  632.58006   19 1468  581.00000  633.01605  8.95%  1308 1650s
  7598  6536  627.62948   48 1431  581.00000  633.01605  8.95%  1306 1655s
  7648  6586  617.05981   96 1361  581.00000  633.01605  8.95%  1303 1660s
  7718  6656  607.83936  153 1288  581.00000  633.01605  8.95%  1298 1665s
  7796  6734  598.09827  186 1224  581.00000  633.01605  8.95%  1293 1670s
  7962  6900  586.10173  227 1147  581.00000  633.01605  8.95%  1275 1675s
  8062  6986  629.43176   42 1451  581.00000  633.01587  8.95%  1263 1680s
  8100  7024  622.26771   80 1404  581.00000  633.01587  8.95%  1262 1685s
  8164  7088  610.46381  134 1323  581.00000  633.01587  8.95%  1258 1690s
  8284  7208  597.01673  198 1198  581.00000  633.01587  8.95%  1252 1695s
  8514  7411  632.40010   27 1474  581.00000  632.80820  8.92%  1228 1700s
  8530  7427  602.30210   43 1340  581.00000  632.80820  8.92%  1229 1705s
  8586  7471  631.59182   28 1459  581.00000  632.78553  8.91%  1226 1710s
  8619  7504  625.67303   61 1424  581.00000  632.78553  8.91%  1225 1715s
  8717  7602  607.61774  159 1301  581.00000  632.78553  8.91%  1218 1720s
  8822  7696  630.59422   26 1455  581.00000  632.63125  8.89%  1210 1725s
  8829  7703  623.11027   29 1411  581.00000  632.63125  8.89%  1213 1730s
  8837  7711  620.62478   33 1403  581.00000  632.63125  8.89%  1216 1736s
  8843  7717  626.49624   36 1426  581.00000  632.63125  8.89%  1218 1740s
  8851  7725  621.63918   40 1414  581.00000  632.63125  8.89%  1221 1745s
  8859  7733  623.51839   44 1415  581.00000  632.63125  8.89%  1223 1750s
  8867  7741  621.20136   48 1407  581.00000  632.63125  8.89%  1225 1755s
  8877  7751  618.97714   53 1394  581.00000  632.63125  8.89%  1227 1760s
  8887  7761  619.89134   58 1395  581.00000  632.63125  8.89%  1230 1765s
  8897  7771  616.03372   63 1377  581.00000  632.63125  8.89%  1232 1770s
  8908  7782  622.95726   69 1402  581.00000  632.63125  8.89%  1234 1775s
  8921  7795  617.29357   75 1372  581.00000  632.63125  8.89%  1237 1780s
  8933  7807  615.76121   81 1356  581.00000  632.63125  8.89%  1240 1785s
  8947  7821  610.00523   88 1338  581.00000  632.63125  8.89%  1243 1790s
  8961  7835  616.07339   95 1353  581.00000  632.63125  8.89%  1245 1795s
  8979  7853  611.96106  104 1342  581.00000  632.63125  8.89%  1247 1800s
  9000  7874  613.86281  115 1352  581.00000  632.63125  8.89%  1249 1805s
  9018  7892  613.12442  124 1344  581.00000  632.63125  8.89%  1251 1811s
  9035  7909  608.13061  132 1313  581.00000  632.63125  8.89%  1252 1815s
  9065  7939  598.31974  147 1269  581.00000  632.63125  8.89%  1254 1820s
  9109  7983  602.57458  169 1270  581.00000  632.63125  8.89%  1254 1825s
  9181  8055  588.83844  205 1210  581.00000  632.63125  8.89%  1252 1830s
  9266  8118  624.05274   32 1411  581.00000  632.57502  8.88%  1245 1835s
  9341  8193  609.87470  107 1315  581.00000  632.57502  8.88%  1240 1840s
  9467  8290  625.86716   20 1426  581.00000  632.54188  8.87%  1229 1845s
  9522  8345  615.16967   75 1363  581.00000  632.54188  8.87%  1226 1850s
  9639  8450  623.53320   27 1424  581.00000  632.51495  8.87%  1217 1856s
  9662  8473  618.68820   49 1401  581.00000  632.51495  8.87%  1216 1860s
  9739  8550  605.54371  125 1296  581.00000  632.51495  8.87%  1212 1865s
  9839  8650  587.97552  178 1212  581.00000  632.51495  8.87%  1206 1870s
  9930  8721  614.31912   20 1378  581.00000  632.41982  8.85%  1201 1875s
  9976  8765  593.77418   65 1269  581.00000  632.41982  8.85%  1199 1880s
 10020  8795  623.23525   24 1428  581.00000  632.41598  8.85%  1197 1892s
 10043  8818  619.32544   47 1399  581.00000  632.41598  8.85%  1196 1895s
 10115  8890  606.36137  119 1303  581.00000  632.41598  8.85%  1191 1900s
 10203  8977  605.40647  187 1487  581.00000  632.41598  8.85%  1184 2595s
 10206  8979  588.44523  231 1484  581.00000  632.41598  8.85%  1184 2604s
 10207  8980  614.81859   41 1491  581.00000  631.34563  8.67%  1184 2608s
 10210  8982  609.48442  141 1492  581.00000  629.82919  8.40%  1183 2610s
 10214  8984  588.59555  221 1493  581.00000  629.78225  8.40%  1183 2627s
 10215  8985  616.98197  103 1489  581.00000  629.72894  8.39%  1183 2642s
 10217  8986  613.11273  122 1491  581.00000  629.70393  8.38%  1182 2658s
 10218  8987  621.68916   68 1493  581.00000  629.53698  8.35%  1182 2672s
 10222  8990  588.13013  214 1489  581.00000  629.43426  8.34%  1182 2688s
 10223  8990  620.51452   82 1488  581.00000  629.18351  8.29%  1182 2701s
 10226  8992  623.10098   67 1489  581.00000  629.09648  8.28%  1181 2717s
 10227  8993  626.87248   28 1488  581.00000  628.86508  8.24%  1181 2733s
 10231  8996  622.56420   51 1489  581.00000  628.81084  8.23%  1181 2749s
 10232  8996  583.18750  249 1489  581.00000  628.63923  8.20%  1181 2764s
 10235  8998  618.81523   84 1490  581.00000  628.58082  8.19%  1180 2779s
 10236  8999  594.81211  183 1491  581.00000  628.53510  8.18%  1180 2794s
 10239  9001  585.70312  223 1492  581.00000  628.51891  8.18%  1180 2807s
 10240  9002  607.72313  138 1489  581.00000  628.44250  8.17%  1180 2819s
 10243  9004  628.01231   48 1490  581.00000  628.39995  8.16%  1179 2835s
 10244  9004  610.21433  151 1490  581.00000  628.35736  8.15%  1179 2849s
 10246  9006  616.47323  111 1491  581.00000  628.34738  8.15%  1179 2865s
 10247  9006  584.84410  244 1490  581.00000  628.28779  8.14%  1179 2881s
 10249  9008  609.94978  102 1491  581.00000  628.26845  8.14%  1179 2896s
 10250  9008  627.73612   44 1492  581.00000  628.22277  8.13%  1179 2914s
 10252  9010  626.19271   54 1492  581.00000  628.20500  8.12%  1178 2930s
 10253  9010  583.16477  243 1490  581.00000  628.06153  8.10%  1178 2944s
 10257  9013  586.02902  221 1489  581.00000  627.99063  8.09%  1178 2960s
 10258  9014  597.74796  181 1488  581.00000  627.91260  8.07%  1178 2976s
 10261  9016  621.31968   40 1492  581.00000  627.88233  8.07%  1177 2994s
 10262  9016  607.10904  153 1490  581.00000  627.84505  8.06%  1177 3009s
 10264  9018  598.79980  197 1491  581.00000  627.82888  8.06%  1177 3027s
 10265  9018  591.14184  211 1489  581.00000  627.77106  8.05%  1177 3043s
 10268  9020  587.21854  215 1490  581.00000  627.73553  8.04%  1177 3060s
 10269  9021  605.82100  164 1490  581.00000  627.69501  8.04%  1176 3075s
 10271  9022  618.56134   99 1490  581.00000  627.67247  8.03%  1176 3092s
 10272  9023  589.59238  186 1489  581.00000  627.63946  8.03%  1176 3108s
 10274  9024  587.21292  248 1489  581.00000  627.62577  8.03%  1176 3124s
 10275  9025  606.93679  124 1490  581.00000  627.57679  8.02%  1176 3140s
 10278  9027  622.66350   30 1492  581.00000  627.54194  8.01%  1175 3159s
 10279  9028  592.08025  208 1491  581.00000  627.52863  8.01%  1175 3176s
 10281  9029  590.81610  223 1491  581.00000  627.52174  8.01%  1175 3195s
 10282  9030  591.64951  222 1491  581.00000  627.51467  8.01%  1175 3214s
 10283  9030  594.17839   64 1491  581.00000  627.51047  8.01%  1175 3233s
 10284  9031  627.49272   45 1491  581.00000  627.49272  8.00%  1175 3250s
 10285  9032  612.07321  118 1491  581.00000  627.49096  8.00%  1175 3268s
 10286  9032  595.89807  203 1491  581.00000  627.48704  8.00%  1175 3287s
 10287  9033  583.61765  263 1491  581.00000  627.48645  8.00%  1174 3303s
 10288  9034  623.10309   72 1489  581.00000  627.43214  7.99%  1174 3320s
 10290  9035  584.52261  224 1491  581.00000  627.41775  7.99%  1174 3338s
 10291  9036  619.91457   56 1490  581.00000  627.40210  7.99%  1174 3357s
 10293  9037  614.92191  112 1491  581.00000  627.39278  7.98%  1174 3376s
 10294  9038  604.66842  174 1491  581.00000  627.38095  7.98%  1174 3394s
 10296  9039  588.22500  240 1491  581.00000  627.37390  7.98%  1173 3413s
 10297  9040  590.88625  212 1490  581.00000  627.36493  7.98%  1173 3431s
 10298  9040  607.26378  145 1491  581.00000  627.36180  7.98%  1173 3449s
 10299  9041  612.60631   94 1492  581.00000  627.35312  7.98%  1173 3468s
 10300  9042  583.85714  237 1491  581.00000  627.35149  7.98%  1173 3488s
 10301  9042  620.71474   65 1491  581.00000  627.35110  7.98%  1173 3507s
 10302  9043  585.11971  223 1491  581.00000  627.35100  7.98%  1173 3527s
 10303  9044  605.40647  187 1492  581.00000  627.35072  7.98%  1173 3547s
 10304  9044  594.24652  189 1492  581.00000  627.35069  7.98%  1172 3568s
 10305  9045  613.03505  103 1492  581.00000  627.35068  7.98%  1172 3589s

Cutting planes:
  Gomory: 4
  Clique: 1
  MIR: 1
  Flow cover: 61
  Zero half: 637
  Mod-K: 1
  RLT: 163
  BQP: 37

Explored 10305 nodes (12296664 simplex iterations) in 3600.23 seconds (4147.46 work units)
Thread count was 1 (of 24 available processors)

Solution count 10: 581 580 579 ... 568

Time limit reached
Best objective 5.810000000000e+02, best bound 6.270000000000e+02, gap 7.9174%

User-callback calls 155458, time in user-callback 0.90 sec
