
Gurobi 11.0.3 (linux64) logging started Thu Mar  5 20:04:10 2026

Set parameter LogFile to value "./log/train/IS_1500_6/IS_71.lp.log"
Set parameter TimeLimit to value 3600
Gurobi Optimizer version 11.0.3 build v11.0.3rc0 (linux64 - "Ubuntu 22.04.5 LTS")

CPU model: AMD Ryzen 9 9900X 12-Core Processor, instruction set [SSE2|AVX|AVX2|AVX512]
Thread count: 12 physical cores, 24 logical processors, using up to 2 threads

Optimize a model with 9175 rows, 1500 columns and 18094 nonzeros
Model fingerprint: 0x27e7c47b
Variable types: 0 continuous, 1500 integer (1500 binary)
Coefficient statistics:
  Matrix range     [1e+00, 1e+00]
  Objective range  [1e+00, 1e+00]
  Bounds range     [1e+00, 1e+00]
  RHS range        [1e+00, 1e+00]
Found heuristic solution: objective 345.0000000
Presolve removed 1751 rows and 0 columns
Presolve time: 0.02s
Presolved: 7424 rows, 1500 columns, 16247 nonzeros
Variable types: 0 continuous, 1500 integer (1500 binary)

Root relaxation: objective 6.860000e+02, 3531 iterations, 0.13 seconds (0.21 work units)

    Nodes    |    Current Node    |     Objective Bounds      |     Work
 Expl Unexpl |  Obj  Depth IntInf | Incumbent    BestBd   Gap | It/Node Time

     0     0  686.00000    0 1346  345.00000  686.00000  98.8%     -    0s
H    0     0                     515.0000000  686.00000  33.2%     -    0s
     0     0  668.23077    0 1420  515.00000  668.23077  29.8%     -    0s
     0     0  668.19907    0 1429  515.00000  668.19907  29.7%     -    0s
     0     0  668.19853    0 1429  515.00000  668.19853  29.7%     -    0s
     0     0  662.76966    0 1477  515.00000  662.76966  28.7%     -    1s
H    0     0                     542.0000000  662.76966  22.3%     -    1s
     0     0  662.12216    0 1478  542.00000  662.12216  22.2%     -    1s
     0     0  662.08091    0 1479  542.00000  662.08091  22.2%     -    1s
     0     0  662.07461    0 1478  542.00000  662.07461  22.2%     -    1s
     0     0  662.06424    0 1478  542.00000  662.06424  22.2%     -    1s
     0     0  662.06005    0 1478  542.00000  662.06005  22.2%     -    1s
     0     0  656.66144    0 1475  542.00000  656.66144  21.2%     -    2s
     0     0  656.21284    0 1478  542.00000  656.21284  21.1%     -    2s
     0     0  656.17376    0 1481  542.00000  656.17376  21.1%     -    2s
     0     0  656.14895    0 1480  542.00000  656.14895  21.1%     -    2s
     0     0  656.14703    0 1480  542.00000  656.14703  21.1%     -    2s
     0     0  653.68578    0 1479  542.00000  653.68578  20.6%     -    3s
     0     0  653.44394    0 1483  542.00000  653.44394  20.6%     -    3s
     0     0  653.38703    0 1484  542.00000  653.38703  20.6%     -    3s
     0     0  653.37936    0 1484  542.00000  653.37936  20.5%     -    3s
     0     0  650.91837    0 1477  542.00000  650.91837  20.1%     -    4s
     0     0  650.66919    0 1477  542.00000  650.66919  20.0%     -    4s
     0     0  650.62903    0 1480  542.00000  650.62903  20.0%     -    4s
     0     0  650.61816    0 1480  542.00000  650.61816  20.0%     -    4s
     0     0  650.61485    0 1481  542.00000  650.61485  20.0%     -    4s
     0     0  648.49633    0 1485  542.00000  648.49633  19.6%     -    4s
     0     0  648.21454    0 1483  542.00000  648.21454  19.6%     -    5s
     0     0  648.17296    0 1486  542.00000  648.17296  19.6%     -    5s
     0     0  648.16276    0 1485  542.00000  648.16276  19.6%     -    5s
     0     0  646.93209    0 1486  542.00000  646.93209  19.4%     -    5s
     0     0  646.76237    0 1485  542.00000  646.76237  19.3%     -    5s
     0     0  646.73755    0 1487  542.00000  646.73755  19.3%     -    5s
     0     0  646.72314    0 1489  542.00000  646.72314  19.3%     -    5s
     0     0  646.72013    0 1489  542.00000  646.72013  19.3%     -    5s
     0     0  645.40050    0 1485  542.00000  645.40050  19.1%     -    6s
     0     0  645.12559    0 1482  542.00000  645.12559  19.0%     -    6s
     0     0  645.10943    0 1483  542.00000  645.10943  19.0%     -    6s
     0     0  645.10224    0 1483  542.00000  645.10224  19.0%     -    6s
     0     0  644.23370    0 1481  542.00000  644.23370  18.9%     -    7s
     0     0  644.14596    0 1483  542.00000  644.14596  18.8%     -    7s
     0     0  644.12328    0 1484  542.00000  644.12328  18.8%     -    7s
     0     0  644.11882    0 1484  542.00000  644.11882  18.8%     -    7s
     0     0  643.29561    0 1480  542.00000  643.29561  18.7%     -    7s
     0     0  643.20215    0 1480  542.00000  643.20215  18.7%     -    7s
     0     0  643.19135    0 1483  542.00000  643.19135  18.7%     -    7s
     0     0  642.38469    0 1482  542.00000  642.38469  18.5%     -    8s
     0     0  642.24469    0 1483  542.00000  642.24469  18.5%     -    8s
     0     0  642.22742    0 1483  542.00000  642.22742  18.5%     -    8s
     0     0  642.22448    0 1482  542.00000  642.22448  18.5%     -    8s
     0     0  641.86287    0 1484  542.00000  641.86287  18.4%     -    8s
H    0     0                     544.0000000  641.86287  18.0%     -    8s
     0     0  641.79766    0 1482  544.00000  641.79766  18.0%     -    8s
     0     0  641.77978    0 1482  544.00000  641.77978  18.0%     -    8s
     0     0  641.77280    0 1483  544.00000  641.77280  18.0%     -    8s
     0     0  641.17127    0 1481  544.00000  641.17127  17.9%     -    9s
     0     0  641.09304    0 1483  544.00000  641.09304  17.8%     -    9s
     0     0  641.07325    0 1484  544.00000  641.07325  17.8%     -    9s
     0     0  641.06636    0 1483  544.00000  641.06636  17.8%     -    9s
     0     0  640.76366    0 1482  544.00000  640.76366  17.8%     -    9s
H    0     0                     546.0000000  640.76366  17.4%     -    9s
     0     0  640.67257    0 1484  546.00000  640.67257  17.3%     -   10s
     0     0  640.64886    0 1483  546.00000  640.64886  17.3%     -   10s
     0     0  640.64447    0 1484  546.00000  640.64447  17.3%     -   10s
     0     0  640.10779    0 1481  546.00000  640.10779  17.2%     -   10s
     0     0  639.99207    0 1481  546.00000  639.99207  17.2%     -   10s
     0     0  639.97189    0 1482  546.00000  639.97189  17.2%     -   10s
     0     0  639.96576    0 1482  546.00000  639.96576  17.2%     -   10s
     0     0  639.51226    0 1485  546.00000  639.51226  17.1%     -   11s
     0     0  639.40321    0 1483  546.00000  639.40321  17.1%     -   11s
     0     0  639.38128    0 1483  546.00000  639.38128  17.1%     -   11s
     0     0  639.37467    0 1483  546.00000  639.37467  17.1%     -   11s
     0     0  639.19629    0 1483  546.00000  639.19629  17.1%     -   11s
     0     0  639.15701    0 1484  546.00000  639.15701  17.1%     -   11s
     0     0  639.14077    0 1485  546.00000  639.14077  17.1%     -   11s
     0     0  638.89402    0 1485  546.00000  638.89402  17.0%     -   12s
     0     0  638.83329    0 1483  546.00000  638.83329  17.0%     -   12s
     0     0  638.82485    0 1484  546.00000  638.82485  17.0%     -   12s
     0     0  638.65670    0 1483  546.00000  638.65670  17.0%     -   12s
     0     0  638.61476    0 1484  546.00000  638.61476  17.0%     -   12s
     0     0  638.60961    0 1484  546.00000  638.60961  17.0%     -   12s
     0     0  638.37984    0 1483  546.00000  638.37984  16.9%     -   12s
H    0     0                     548.0000000  638.37984  16.5%     -   12s
     0     0  638.32147    0 1485  548.00000  638.32147  16.5%     -   13s
     0     0  638.31008    0 1485  548.00000  638.31008  16.5%     -   13s
     0     0  637.91512    0 1482  548.00000  637.91512  16.4%     -   13s
     0     0  637.82786    0 1485  548.00000  637.82786  16.4%     -   13s
     0     0  637.80940    0 1483  548.00000  637.80940  16.4%     -   13s
     0     0  637.43625    0 1487  548.00000  637.43625  16.3%     -   14s
H    0     0                     552.0000000  637.43625  15.5%     -   14s
     0     0  637.38950    0 1486  552.00000  637.38950  15.5%     -   14s
     0     0  637.38385    0 1486  552.00000  637.38385  15.5%     -   14s
     0     0  637.20457    0 1484  552.00000  637.20457  15.4%     -   14s
     0     0  637.17108    0 1486  552.00000  637.17108  15.4%     -   14s
     0     0  637.15222    0 1488  552.00000  637.15222  15.4%     -   14s
     0     0  636.95490    0 1482  552.00000  636.95490  15.4%     -   14s
H    0     0                     553.0000000  636.95490  15.2%     -   14s
     0     0  636.90849    0 1484  553.00000  636.90849  15.2%     -   15s
     0     0  636.90100    0 1485  553.00000  636.90100  15.2%     -   15s
     0     0  636.75298    0 1486  553.00000  636.75298  15.1%     -   15s
     0     0  636.75298    0 1486  553.00000  636.75298  15.1%     -   15s
     0     2  636.75298    0 1485  553.00000  636.75298  15.1%     -   17s
     5     8  629.71545    2 1441  553.00000  636.46831  15.1%  4884   20s
    16    21  628.74006    6 1434  553.00000  636.46831  15.1%  3149   25s
H   56    59                     556.0000000  636.46831  14.5%  1955   29s
    58    65  602.42097   21 1308  556.00000  636.46831  14.5%  2000   30s
H  115   111                     561.0000000  636.46735  13.5%  1613   34s
   126   118  626.13385    4 1429  561.00000  636.46735  13.5%  1605   35s
H  152   135                     564.0000000  636.46735  12.8%  1587   39s
   173   160  601.85354   15 1330  564.00000  636.46735  12.8%  1580   40s
H  220   188                     565.0000000  636.46735  12.6%  1463   42s
H  246   202                     566.0000000  636.46735  12.5%  1370   44s
   258   214  574.59519   37 1201  566.00000  636.31438  12.4%  1391   48s
   284   218  627.17154    4 1431  566.00000  636.31438  12.4%  1367   50s
   304   245  604.73519   10 1330  566.00000  636.31438  12.4%  1487   55s
   386   340  580.89787   42 1205  566.00000  636.31438  12.4%  1481   62s
H  405   337                     567.0000000  636.31438  12.2%  1450   62s
   418   348  573.56429   55 1163  567.00000  636.05097  12.2%  1451   65s
H  462   358                     568.0000000  636.05097  12.0%  1442   69s
   473   374  615.53397   12 1377  568.00000  636.05097  12.0%  1467   71s
   515   410  597.71097   17 1285  568.00000  636.05097  12.0%  1468   75s
   571   464  596.76842   37 1281  568.00000  636.05097  12.0%  1469   80s
   613   522  584.29669   60 1203  568.00000  635.59411  11.9%  1489   87s
H  676   512                     569.0000000  635.59411  11.7%  1408   87s
   683   523  621.25294    8 1399  569.00000  635.59411  11.7%  1417   90s
   717   571  603.05160   13 1316  569.00000  635.59411  11.7%  1462   95s
   781   615  601.75427   22 1312  569.00000  635.59411  11.7%  1456  102s
   814   627  594.47882   27 1486  569.00000  635.59411  11.7%  1489  118s
   817   629  615.63830   33 1484  569.00000  635.59411  11.7%  1483  125s
   823   633  581.02198   32 1487  569.00000  635.59411  11.7%  1472  132s
   824   634  591.88792   28 1483  569.00000  635.59411  11.7%  1471  138s
   826   635  570.89720   59 1485  569.00000  635.59411  11.7%  1467  144s
   827   636  626.13200    5 1484  569.00000  635.59411  11.7%  1465  150s
   829   637  611.28888   17 1486  569.00000  635.59411  11.7%  1462  155s
   830   638  570.50644   32 1486  569.00000  635.59411  11.7%  1460  160s
   831   638  610.72966   21 1487  569.00000  635.59411  11.7%  1458  165s
   832   639  607.55796   30 1486  569.00000  635.59411  11.7%  1456  171s
   833   640  623.10577   25 1487  569.00000  635.59411  11.7%  1455  176s
   834   640  623.86070   18 1487  569.00000  635.59411  11.7%  1453  181s
   835   641  594.38901   51 1488  569.00000  635.59411  11.7%  1451  187s
   836   642  589.72018   45 1486  569.00000  635.59411  11.7%  1449  193s
   837   642  599.28099   36 1486  569.00000  635.59411  11.7%  1448  199s
   838   643  623.50287   22 1486  569.00000  635.59411  11.7%  1446  211s
   849   653  635.39667   15 1478  569.00000  635.59411  11.7%  1522  215s
   865   665  634.69584   18 1476  569.00000  635.45992  11.7%  1545  220s
   889   682  632.30135   25 1463  569.00000  635.45992  11.7%  1571  225s
   905   693  631.52485   29 1458  569.00000  635.45992  11.7%  1598  230s
   936   713  629.53576   36 1434  569.00000  635.45992  11.7%  1605  235s
   951   727  628.63523   40 1434  569.00000  635.45992  11.7%  1616  240s
   984   752  625.53640   48 1421  569.00000  635.45992  11.7%  1635  246s
  1012   767  620.51323   54 1400  569.00000  635.45992  11.7%  1646  251s
  1037   787  623.10093   60 1415  569.00000  635.45992  11.7%  1667  256s
  1058   804  621.47665   65 1414  569.00000  635.45992  11.7%  1681  261s
  1084   825  619.79170   71 1399  569.00000  635.45992  11.7%  1689  265s
  1113   841  618.74081   77 1396  569.00000  635.45992  11.7%  1701  270s
  1141   860  617.30537   83 1388  569.00000  635.45992  11.7%  1718  276s
  1169   880  615.69250   89 1383  569.00000  635.45992  11.7%  1743  281s
  1184   891  611.49630   92 1368  569.00000  635.45992  11.7%  1755  285s
  1216   913  606.43968   99 1348  569.00000  635.45992  11.7%  1784  291s
  1233   925  613.02287  103 1370  569.00000  635.45992  11.7%  1800  295s
  1272   956  607.34496  111 1334  569.00000  635.45992  11.7%  1839  302s
  1295   975  611.51872  116 1361  569.00000  635.45992  11.7%  1849  307s
  1321   995  610.68978  121 1356  569.00000  635.45992  11.7%  1866  311s
  1350  1016  601.92692  126 1314  569.00000  635.45992  11.7%  1880  315s
  1423  1086  608.58002  139 1336  569.00000  635.45992  11.7%  1892  324s
  1475  1129  606.89063  148 1328  569.00000  635.45992  11.7%  1885  329s
  1535  1199  605.39191  158 1315  569.00000  635.45992  11.7%  1870  333s
  1625  1271  603.81192  168 1292  569.00000  635.45992  11.7%  1823  337s
  1728  1267  602.08932  180 1277  569.00000  635.45992  11.7%  1760  342s
  1777  1289  598.92480  194 1260  569.00000  635.45992  11.7%  1751  348s
H 1815  1288                     570.0000000  635.45992  11.5%  1756  352s
  1866  1376  589.38042  232 1185  570.00000  635.45992  11.5%  1747  355s
H 1968  1307                     571.0000000  635.45992  11.3%  1688  355s
  1975  1324  575.66667  283 1051  571.00000  635.22021  11.2%  1696  360s
H 2016  1277                     572.0000000  634.97746  11.0%  1676  360s
  2024  1287  634.61383   17 1474  572.00000  634.97746  11.0%  1685  367s
  2038  1296  634.35916   20 1470  572.00000  634.97746  11.0%  1706  372s
  2052  1308  633.96426   23 1466  572.00000  634.97746  11.0%  1725  379s
  2069  1318  626.83495   26 1430  572.00000  634.97746  11.0%  1745  385s
  2084  1331  632.74309   30 1458  572.00000  634.97746  11.0%  1761  390s
  2102  1343  632.02068   34 1453  572.00000  634.97746  11.0%  1778  397s
  2120  1358  631.31460   38 1446  572.00000  634.97746  11.0%  1795  403s
  2141  1370  620.23280   42 1386  572.00000  634.97746  11.0%  1816  410s
  2160  1388  630.29139   46 1439  572.00000  634.97746  11.0%  1833  417s
  2185  1407  624.36771   51 1409  572.00000  634.97746  11.0%  1852  424s
  2212  1428  628.47971   57 1427  572.00000  634.97746  11.0%  1868  431s
  2242  1454  627.51354   63 1418  572.00000  634.97746  11.0%  1886  440s
  2278  1472  621.53466   70 1384  572.00000  634.97746  11.0%  1902  447s
  2308  1478  624.62266   77 1404  572.00000  634.97746  11.0%  1915  462s
  2324  1512  621.43944   77 1384  572.00000  634.97746  11.0%  1921  471s
  2363  1527  623.67103   84 1394  572.00000  634.97746  11.0%  1933  482s
  2391  1536  621.96228   91 1385  572.00000  634.97746  11.0%  1938  500s
  2410  1556  620.56827  100 1379  572.00000  634.97746  11.0%  1943  516s
H 2435  1515                     573.0000000  634.97746  10.8%  1947  516s
  2436  1613  618.95446  109 1367  573.00000  634.97746  10.8%  1948  527s
  2534  1787  615.94275  125 1343  573.00000  634.97746  10.8%  1943  537s
  2708  1910  611.51005  148 1316  573.00000  634.97746  10.8%  1895  547s
  2868  2042  605.65209  178 1281  573.00000  634.97746  10.8%  1853  557s
  3000  2137  587.96875  238 1188  573.00000  634.74388  10.8%  1830  568s
  3129  2165  633.81814   20 1466  573.00000  634.74388  10.8%  1801  580s
  3157  2176  632.87764   26 1457  573.00000  634.74388  10.8%  1823  594s
  3168  2211  632.10733   31 1452  573.00000  634.74388  10.8%  1830  606s
  3203  2252  630.98277   39 1448  573.00000  634.74388  10.8%  1855  616s
  3244  2299  629.27594   48 1430  573.00000  634.74388  10.8%  1876  630s
  3291  2353  627.09084   59 1418  573.00000  634.74388  10.8%  1900  643s
  3345  2423  625.48199   71 1409  573.00000  634.74388  10.8%  1923  656s
  3415  2525  623.06879   85 1392  573.00000  634.74388  10.8%  1945  670s
  3517  2694  619.19052  104 1375  573.00000  634.74388  10.8%  1957  684s
  3686  2902  614.50449  128 1342  573.00000  634.74388  10.8%  1942  700s
  3927  3076  605.71674  169 1285  573.00000  634.74388  10.8%  1895  714s
  4101  3146  584.14687  246 1159  573.00000  634.46706  10.7%  1875  728s
  4193  3193  633.40074   24 1458  573.00000  633.96685  10.6%  1862  744s
  4240  3245  631.82617   34 1450  573.00000  633.96685  10.6%  1886  760s
  4292  3284  621.57626   44 1400  573.00000  633.96685  10.6%  1910  775s
  4331  3366  629.39726   50 1436  573.00000  633.96685  10.6%  1923  793s
  4413  3486  626.98809   65 1416  573.00000  633.96685  10.6%  1945  810s
  4533  3575  623.43597   83 1400  573.00000  633.96685  10.6%  1960  828s
  4622  3904  619.20022  106 1373  573.00000  633.96685  10.6%  1966  847s
  4974  4187  610.60192  147 1318  573.00000  633.96685  10.6%  1904  865s
  5257  4823  589.91304  225 1139  573.00000  633.84561  10.6%  1864  880s
  5915  5126  612.14080  114 1317  573.00000  633.84561  10.6%  1727  898s
  6243  5518  586.07776  225 1168  573.00000  633.83123  10.6%  1677  917s
  6659  5784  620.09414   93 1373  573.00000  633.83123  10.6%  1621  933s
  6925  6461  597.11570  199 1254  573.00000  633.82980  10.6%  1598  949s
  7649  6775  629.24743   40 1436  573.00000  633.77643  10.6%  1501  968s
  7963  7286  605.10389  149 1291  573.00000  633.77643  10.6%  1487  980s
  8498  7493  583.36143  228 1155  573.00000  633.70973  10.6%  1434  987s
  8740  7592  630.92191   30 1445  573.00000  633.70973  10.6%  1410  994s
  8839  7594  622.32971   75 1388  573.00000  633.70973  10.6%  1407 1007s
  8841  7732  622.91422   77 1398  573.00000  633.70973  10.6%  1407 1014s
  8979  7895  611.19595  134 1338  573.00000  633.70973  10.6%  1403 1022s
  9142  8212  605.21594  162 1293  573.00000  633.70973  10.6%  1394 1030s
  9491  8325  587.77593  225 1193  573.00000  633.70973  10.6%  1362 1039s
  9604  8527  579.53720  248 1148  573.00000  633.54333  10.6%  1353 1048s
  9837  8666  629.45117   41 1442  573.00000  633.48363  10.6%  1336 1055s
  9976  8841  619.04020   99 1375  573.00000  633.48363  10.6%  1329 1063s
 10171  9028  608.67458  150 1318  573.00000  633.45020  10.5%  1314 1071s
 10374  9274  616.32548   28 1390  573.00000  633.45020  10.5%  1301 1078s
 10620  9422  580.90000  156 1105  573.00000  633.41012  10.5%  1287 1086s
 10809  9600  626.70315   57 1414  573.00000  633.37145  10.5%  1275 1092s
 10987  9766  615.25156  114 1353  573.00000  633.37145  10.5%  1269 1100s
 11182  9971  606.95930  149 1294  573.00000  633.37145  10.5%  1259 1107s
 11387 10323  588.66922  218 1190  573.00000  633.35251  10.5%  1251 1115s
 11787 10440  627.28106   21 1419  573.00000  633.31939  10.5%  1225 1124s
 11925 10525  611.81759   23 1383  573.00000  633.24735  10.5%  1224 1131s
 12034 10619  631.52842   26 1447  573.00000  633.24357  10.5%  1223 1138s
 12128 10690  597.85824   61 1275  573.00000  633.13660  10.5%  1223 1146s
 12223 10818  616.67008   37 1385  573.00000  633.12276  10.5%  1222 1154s
 12379 10988  618.20616   18 1405  573.00000  633.10503  10.5%  1217 1161s
 12549 11218  604.16385   84 1312  573.00000  633.10503  10.5%  1212 1168s
 12779 11404  587.26910  155 1217  573.00000  633.05201  10.5%  1207 1175s
 12998 11523  626.62136   28 1425  573.00000  633.04372  10.5%  1200 1185s
 13117 11724  618.56245   57 1372  573.00000  632.97809  10.5%  1195 1193s
 13341 11886  617.25305   26 1390  573.00000  632.93118  10.5%  1186 1200s
 13531 11929  620.38710   27 1399  573.00000  632.92458  10.5%  1180 1210s
 13598 12022  599.32726   37 1308  573.00000  632.90782  10.5%  1185 1219s
 13715 12147  627.24843   18 1426  573.00000  632.90782  10.5%  1185 1225s
 13850 12321  606.88481   87 1299  573.00000  632.82448  10.4%  1182 1231s
 14048 12474  623.71430   42 1406  573.00000  632.81952  10.4%  1175 1238s
 14201 12770  610.72530  104 1342  573.00000  632.81952  10.4%  1173 1245s
 14513 13024  591.83190  186 1221  573.00000  632.78798  10.4%  1164 1253s
 14785 13276  617.94426   18 1398  573.00000  632.78087  10.4%  1155 1259s
 15052 13277  607.58963  145 1486  573.00000  632.78087  10.4%  1146 1777s
 15055 13279  617.20113   25 1485  573.00000  632.78087  10.4%  1145 1787s
 15056 13280  581.38136  243 1483  573.00000  631.40377  10.2%  1145 1790s
 15062 13284  622.33330   76 1484  573.00000  630.18981  10.0%  1145 1805s
 15063 13284  580.22260  245 1484  573.00000  630.18518  10.0%  1145 1821s
 15064 13285  610.74051   56 1484  573.00000  630.18333  10.0%  1145 1836s
 15065 13286  609.68717  133 1482  573.00000  629.86446  9.92%  1145 1850s
 15069 13288  586.42742  200 1487  573.00000  629.73448  9.90%  1144 1863s
 15070 13289  600.68107  181 1488  573.00000  629.48301  9.86%  1144 1878s
 15074 13292  617.14437  103 1487  573.00000  629.39382  9.84%  1144 1893s
 15075 13292  576.99543  257 1488  573.00000  629.23677  9.81%  1144 1905s
 15078 13294  623.12180   78 1487  573.00000  629.17998  9.80%  1144 1922s
 15079 13295  613.04910  124 1485  573.00000  629.04641  9.78%  1144 1939s
 15083 13298  599.71405  134 1490  573.00000  628.95984  9.77%  1143 1956s
 15084 13298  579.37500  160 1488  573.00000  628.86190  9.75%  1143 1971s
 15086 13300  615.77005   96 1487  573.00000  628.83521  9.74%  1143 1987s
 15087 13300  586.52276  239 1484  573.00000  628.77136  9.73%  1143 2001s
 15090 13302  610.87641  129 1486  573.00000  628.73684  9.73%  1143 2018s
 15091 13303  600.87460  174 1489  573.00000  628.63323  9.71%  1143 2037s
 15094 13305  591.88798  216 1489  573.00000  628.59949  9.70%  1142 2056s
 15095 13306  575.78639  263 1487  573.00000  628.55214  9.69%  1142 2071s
 15098 13308  603.78190   50 1489  573.00000  628.51535  9.69%  1142 2087s
 15099 13308  604.90219  176 1489  573.00000  628.47820  9.68%  1142 2102s
 15101 13310  598.82301  118 1488  573.00000  628.46975  9.68%  1142 2119s
 15102 13310  601.92269  123 1487  573.00000  628.41260  9.67%  1142 2135s
 15104 13312  622.22571   31 1489  573.00000  628.39612  9.67%  1142 2154s
 15105 13312  618.19802   77 1487  573.00000  628.32377  9.66%  1142 2170s
 15108 13314  628.28881   17 1490  573.00000  628.28881  9.65%  1141 2188s
 15109 13315  628.23898   18 1486  573.00000  628.23898  9.64%  1141 2206s
 15111 13316  601.13861  184 1489  573.00000  628.22929  9.64%  1141 2225s
 15112 13317  603.07267  117 1487  573.00000  628.22842  9.64%  1141 2243s
 15113 13318  628.22807   43 1489  573.00000  628.22807  9.64%  1141 2263s
 15114 13318  622.58112   18 1489  573.00000  628.18937  9.63%  1141 2279s
 15116 13320  595.08813  211 1490  573.00000  628.17903  9.63%  1141 2297s
 15117 13320  623.93286   61 1486  573.00000  628.15132  9.63%  1141 2312s
 15119 13322  578.46667  261 1488  573.00000  628.14150  9.62%  1141 2330s
 15120 13322  583.82527  258 1488  573.00000  628.08850  9.61%  1140 2347s
 15122 13324  628.07046   26 1489  573.00000  628.07046  9.61%  1140 2367s
 15123 13324  609.72300  142 1485  573.00000  628.00108  9.60%  1140 2387s
 15126 13326  596.94527  198 1490  573.00000  627.96998  9.59%  1140 2410s
 15127 13327  613.72723  109 1488  573.00000  627.88606  9.58%  1140 2427s
 15130 13329  592.79827  194 1491  573.00000  627.83772  9.57%  1140 2444s
 15131 13330  613.08563  114 1488  573.00000  627.82159  9.57%  1140 2461s
 15133 13331  584.19444  252 1490  573.00000  627.81461  9.57%  1139 2479s
 15134 13332  580.29554  118 1489  573.00000  627.74368  9.55%  1139 2496s
 15137 13334  577.12707  250 1490  573.00000  627.70371  9.55%  1139 2513s
 15138 13334  624.81979   49 1487  573.00000  627.61659  9.53%  1139 2528s
 15141 13336  607.77753  128 1490  573.00000  627.58968  9.53%  1139 2544s
 15142 13337  627.58436   40 1487  573.00000  627.58436  9.53%  1139 2561s
 15143 13338  574.98749  271 1492  573.00000  627.58110  9.53%  1139 2578s
 15144 13338  597.31563  188 1489  573.00000  627.55948  9.52%  1139 2594s
 15146 13340  591.91699  193 1491  573.00000  627.54721  9.52%  1138 2611s
 15147 13340  595.23921  127 1490  573.00000  627.51552  9.51%  1138 2627s
 15150 13342  576.18832  262 1494  573.00000  627.49879  9.51%  1138 2646s
 15151 13343  586.19357  228 1492  573.00000  627.47973  9.51%  1138 2664s
 15153 13344  603.37152  107 1491  573.00000  627.46752  9.51%  1138 2681s
 15154 13345  611.55072  111 1490  573.00000  627.43508  9.50%  1138 2697s
 15156 13346  581.38136  243 1492  573.00000  627.42057  9.50%  1138 2716s
 15157 13347  626.66765   56 1491  573.00000  627.41914  9.50%  1138 2734s
 15158 13348  597.36110  138 1491  573.00000  627.41882  9.50%  1138 2753s
 15159 13348  575.74354  264 1489  573.00000  627.41608  9.50%  1138 2768s
 15160 13349  626.80564   21 1490  573.00000  627.41501  9.50%  1137 2785s
 15161 13350  605.66527   44 1490  573.00000  627.41300  9.50%  1137 2803s
 15162 13350  622.33330   76 1490  573.00000  627.41233  9.50%  1137 2820s
 15163 13351  580.22260  245 1488  573.00000  627.41173  9.50%  1137 2839s
 15164 13352  610.74051   56 1490  573.00000  627.41161  9.50%  1137 2856s
 15165 13352  609.68717  133 1490  573.00000  627.41146  9.50%  1137 2873s
 15166 13353  581.72882  247 1490  573.00000  627.41138  9.50%  1137 2892s
 15167 13354  585.40947   97 1488  573.00000  627.40414  9.49%  1137 2911s
 15168 13354  597.16668  197 1490  573.00000  627.40150  9.49%  1137 2929s
 15169 13355  586.42742  200 1490  573.00000  627.34794  9.48%  1137 2945s
 15171 13356  616.44526   26 1490  573.00000  627.32513  9.48%  1137 2961s
 15172 13357  580.40909  263 1487  573.00000  627.30796  9.48%  1137 2978s
 15173 13358  580.36207  263 1489  573.00000  627.30265  9.48%  1136 2997s
 15174 13358  617.14437  103 1487  573.00000  627.25916  9.47%  1136 3017s
 15176 13360  591.43138  217 1491  573.00000  627.23991  9.47%  1136 3038s
 15177 13360  601.23294   87 1488  573.00000  627.23552  9.47%  1136 3056s
 15178 13361  623.12180   78 1490  573.00000  627.23467  9.47%  1136 3075s
 15179 13362  613.04910  124 1490  573.00000  627.23422  9.46%  1136 3094s
 15180 13362  608.98057  135 1490  573.00000  627.23397  9.46%  1136 3113s
 15181 13363  592.57701  131 1489  573.00000  627.23390  9.46%  1136 3133s
 15182 13364  605.69023  149 1490  573.00000  627.23389  9.46%  1136 3154s
 15183 13364  599.71405  134 1489  573.00000  627.23386  9.46%  1136 3174s
 15184 13365  579.37500  160 1491  573.00000  627.23384  9.46%  1136 3194s
 15185 13366  619.14351   41 1490  573.00000  627.23382  9.46%  1136 3215s
 15186 13366  615.77005   96 1491  573.00000  627.22292  9.46%  1135 3238s
 15187 13367  586.52276  239 1491  573.00000  627.22150  9.46%  1135 3259s
 15188 13368  581.12162  244 1491  573.00000  627.22150  9.46%  1135 3283s
 15189 13371  627.06529   23 1487  573.00000  627.20893  9.46%  1141 3285s
 15201 13379  624.34156   26 1468  573.00000  626.24793  9.29%  1143 3291s
 15209 13385  623.97181   28 1473  573.00000  626.15166  9.28%  1144 3295s
 15216 13389  622.72994   30 1454  573.00000  626.15166  9.28%  1145 3300s
 15229 13400  624.21115   34 1480  573.00000  626.15166  9.28%  1146 3305s
 15241 13408  623.24237   37 1475  573.00000  626.15166  9.28%  1147 3312s
 15245 13409  622.92953   38 1475  573.00000  626.15166  9.28%  1147 3319s
 15247 13412  622.07150   38 1464  573.00000  626.15166  9.28%  1147 3320s
 15258 13418  620.66726   41 1459  573.00000  626.15166  9.28%  1148 3325s
 15274 13428  620.46539   45 1458  573.00000  626.15166  9.28%  1150 3333s
 15282 13436  620.40465   47 1461  573.00000  626.15166  9.28%  1150 3336s
 15293 13445  618.48554   49 1446  573.00000  626.15166  9.28%  1152 3340s
 15299 13451  618.91555   51 1453  573.00000  626.15166  9.28%  1152 3346s
 15317 13463  617.65330   55 1448  573.00000  626.15166  9.28%  1153 3350s
 15336 13469  615.43832   59 1434  573.00000  626.15166  9.28%  1154 3359s
 15338 13476  616.25987   60 1446  573.00000  626.15166  9.28%  1154 3361s
 15354 13491  615.04969   64 1440  573.00000  626.15166  9.28%  1156 3367s
 15366 13492  614.43822   67 1433  573.00000  626.15166  9.28%  1156 3371s
 15381 13505  613.68608   70 1435  573.00000  626.15166  9.28%  1157 3377s
 15389 13513  612.95889   72 1430  573.00000  626.15166  9.28%  1158 3380s
 15399 13516  611.07665   74 1416  573.00000  626.15166  9.28%  1160 3385s
 15418 13534  611.18534   79 1422  573.00000  626.15166  9.28%  1161 3392s
 15430 13534  610.28396   82 1417  573.00000  626.15166  9.28%  1163 3398s
 15434 13544  608.90569   82 1408  573.00000  626.15166  9.28%  1164 3402s
 15445 13554  609.44147   85 1415  573.00000  626.15166  9.28%  1165 3406s
 15459 13559  608.70954   88 1411  573.00000  626.15166  9.28%  1167 3412s
 15469 13572  608.55298   89 1409  573.00000  626.15166  9.28%  1168 3417s
 15485 13577  607.63404   93 1405  573.00000  626.15166  9.28%  1170 3424s
 15495 13588  607.31803   95 1402  573.00000  626.15166  9.28%  1171 3429s
 15510 13605  602.79840   98 1374  573.00000  626.15166  9.28%  1173 3434s
 15532 13625  598.85994  103 1360  573.00000  626.15166  9.28%  1173 3439s
 15559 13618  604.68982  110 1387  573.00000  626.15166  9.28%  1173 3450s
 15561 13647  599.15441  110 1358  573.00000  626.15166  9.28%  1173 3455s
 15591 13671  603.55350  118 1377  573.00000  626.15166  9.28%  1174 3460s
 15625 13698  601.68119  126 1360  573.00000  626.15166  9.28%  1174 3466s
 15663 13728  600.33965  135 1359  573.00000  626.15166  9.28%  1173 3472s
 15706 13759  598.54171  145 1341  573.00000  626.15166  9.28%  1173 3478s
 15751 13804  597.02186  155 1329  573.00000  626.15166  9.28%  1172 3484s
 15811 13849  594.86006  168 1316  573.00000  626.15166  9.28%  1171 3490s
 15876 13903  590.28559  182 1291  573.00000  626.15166  9.28%  1169 3496s
 15954 13961  590.25921  198 1270  573.00000  626.15166  9.28%  1166 3503s
 16054 13970  586.99814  216 1255  573.00000  626.15166  9.28%  1162 3510s
 16112 14003  581.61250  237 1217  573.00000  626.15166  9.28%  1160 3516s
 16174 13991  574.47943  264 1146  573.00000  625.90368  9.23%  1158 3524s
 16194 14002  625.13475   28 1473  573.00000  625.90368  9.23%  1158 3529s
 16212 14013  624.49072   32 1472  573.00000  625.90368  9.23%  1159 3536s
 16229 14029  623.99533   36 1467  573.00000  625.90368  9.23%  1160 3542s
 16250 14042  623.13550   41 1462  573.00000  625.90368  9.23%  1161 3550s
 16270 14062  622.77265   45 1457  573.00000  625.90368  9.23%  1162 3561s
 16297 14084  621.90943   51 1450  573.00000  625.90368  9.23%  1163 3588s
 16328 14089  621.01150   58 1443  573.00000  625.90368  9.23%  1163 3599s
 16343 14086  619.49747   65 1434  573.00000  625.90368  9.23%  1164 3600s

Cutting planes:
  Gomory: 7
  Flow cover: 87
  GUB cover: 1
  Zero half: 800
  RLT: 190
  Relax-and-lift: 1
  BQP: 38

Explored 16345 nodes (19156672 simplex iterations) in 3600.00 seconds (6997.95 work units)
Thread count was 2 (of 24 available processors)

Solution count 10: 573 572 571 ... 564

Time limit reached
Best objective 5.730000000000e+02, best bound 6.250000000000e+02, gap 9.0750%

User-callback calls 253620, time in user-callback 0.88 sec

Gurobi 11.0.3 (linux64) logging started Sat Mar  7 16:20:15 2026

Set parameter LogFile to value "./log/train/IS_1500_6/IS_71.lp.log"
Set parameter TimeLimit to value 3600
Gurobi Optimizer version 11.0.3 build v11.0.3rc0 (linux64 - "Ubuntu 22.04.5 LTS")

CPU model: AMD Ryzen 9 9900X 12-Core Processor, instruction set [SSE2|AVX|AVX2|AVX512]
Thread count: 12 physical cores, 24 logical processors, using up to 1 threads

Optimize a model with 9175 rows, 1500 columns and 18094 nonzeros
Model fingerprint: 0x27e7c47b
Variable types: 0 continuous, 1500 integer (1500 binary)
Coefficient statistics:
  Matrix range     [1e+00, 1e+00]
  Objective range  [1e+00, 1e+00]
  Bounds range     [1e+00, 1e+00]
  RHS range        [1e+00, 1e+00]
Found heuristic solution: objective 345.0000000
Presolve removed 1751 rows and 0 columns
Presolve time: 0.04s
Presolved: 7424 rows, 1500 columns, 16247 nonzeros
Variable types: 0 continuous, 1500 integer (1500 binary)

Root relaxation: objective 6.860000e+02, 3531 iterations, 0.18 seconds (0.21 work units)

    Nodes    |    Current Node    |     Objective Bounds      |     Work
 Expl Unexpl |  Obj  Depth IntInf | Incumbent    BestBd   Gap | It/Node Time

     0     0  686.00000    0 1346  345.00000  686.00000  98.8%     -    0s
H    0     0                     515.0000000  686.00000  33.2%     -    0s
     0     0  668.23077    0 1420  515.00000  668.23077  29.8%     -    1s
     0     0  668.19907    0 1429  515.00000  668.19907  29.7%     -   54s
     0     0  668.19853    0 1429  515.00000  668.19853  29.7%     -   54s
     0     0  662.76966    0 1477  515.00000  662.76966  28.7%     -   54s
H    0     0                     542.0000000  662.76966  22.3%     -   54s
     0     0  662.12216    0 1478  542.00000  662.12216  22.2%     -   54s
     0     0  662.08091    0 1479  542.00000  662.08091  22.2%     -   54s
     0     0  662.07461    0 1478  542.00000  662.07461  22.2%     -   54s
     0     0  662.06424    0 1478  542.00000  662.06424  22.2%     -   54s
     0     0  662.06005    0 1478  542.00000  662.06005  22.2%     -   55s
     0     0  656.66144    0 1475  542.00000  656.66144  21.2%     -   56s
     0     0  656.21284    0 1478  542.00000  656.21284  21.1%     -   56s
     0     0  656.17376    0 1481  542.00000  656.17376  21.1%     -   56s
     0     0  656.14895    0 1480  542.00000  656.14895  21.1%     -   56s
     0     0  656.14703    0 1480  542.00000  656.14703  21.1%     -   56s
     0     0  653.68578    0 1479  542.00000  653.68578  20.6%     -   57s
     0     0  653.44394    0 1483  542.00000  653.44394  20.6%     -   57s
     0     0  653.38703    0 1484  542.00000  653.38703  20.6%     -   57s
     0     0  653.37936    0 1484  542.00000  653.37936  20.5%     -   57s
     0     0  650.91837    0 1477  542.00000  650.91837  20.1%     -   58s
     0     0  650.66919    0 1477  542.00000  650.66919  20.0%     -   58s
     0     0  650.62903    0 1480  542.00000  650.62903  20.0%     -   58s
     0     0  650.61816    0 1480  542.00000  650.61816  20.0%     -   58s
     0     0  650.61485    0 1481  542.00000  650.61485  20.0%     -   58s
     0     0  648.49633    0 1485  542.00000  648.49633  19.6%     -   59s
     0     0  648.21454    0 1483  542.00000  648.21454  19.6%     -   60s
     0     0  648.17296    0 1486  542.00000  648.17296  19.6%     -   60s
     0     0  648.16276    0 1485  542.00000  648.16276  19.6%     -   60s
     0     0  646.93209    0 1486  542.00000  646.93209  19.4%     -   60s
     0     0  646.76237    0 1485  542.00000  646.76237  19.3%     -  114s
     0     0  646.73755    0 1487  542.00000  646.73755  19.3%     -  114s
     0     0  646.72314    0 1489  542.00000  646.72314  19.3%     -  114s
     0     0  646.72013    0 1489  542.00000  646.72013  19.3%     -  114s
     0     0  645.40050    0 1485  542.00000  645.40050  19.1%     -  114s
     0     0  645.12559    0 1482  542.00000  645.12559  19.0%     -  115s
     0     0  645.10943    0 1483  542.00000  645.10943  19.0%     -  115s
     0     0  645.10224    0 1483  542.00000  645.10224  19.0%     -  115s
     0     0  644.23370    0 1481  542.00000  644.23370  18.9%     -  115s
     0     0  644.14596    0 1483  542.00000  644.14596  18.8%     -  115s
     0     0  644.12328    0 1484  542.00000  644.12328  18.8%     -  115s
     0     0  644.11882    0 1484  542.00000  644.11882  18.8%     -  115s
     0     0  643.29561    0 1480  542.00000  643.29561  18.7%     -  116s
     0     0  643.20215    0 1480  542.00000  643.20215  18.7%     -  116s
     0     0  643.19135    0 1483  542.00000  643.19135  18.7%     -  116s
     0     0  642.38469    0 1482  542.00000  642.38469  18.5%     -  116s
     0     0  642.24469    0 1483  542.00000  642.24469  18.5%     -  117s
     0     0  642.22742    0 1483  542.00000  642.22742  18.5%     -  117s
     0     0  642.22448    0 1482  542.00000  642.22448  18.5%     -  117s
     0     0  641.86287    0 1484  542.00000  641.86287  18.4%     -  117s
H    0     0                     544.0000000  641.86287  18.0%     -  117s
     0     0  641.79766    0 1482  544.00000  641.79766  18.0%     -  117s
     0     0  641.77978    0 1482  544.00000  641.77978  18.0%     -  117s
     0     0  641.77280    0 1483  544.00000  641.77280  18.0%     -  117s
     0     0  641.17127    0 1481  544.00000  641.17127  17.9%     -  118s
     0     0  641.09304    0 1483  544.00000  641.09304  17.8%     -  118s
     0     0  641.07325    0 1484  544.00000  641.07325  17.8%     -  118s
     0     0  641.06636    0 1483  544.00000  641.06636  17.8%     -  118s
     0     0  640.76366    0 1482  544.00000  640.76366  17.8%     -  118s
H    0     0                     546.0000000  640.76366  17.4%     -  118s
     0     0  640.67257    0 1484  546.00000  640.67257  17.3%     -  118s
     0     0  640.64886    0 1483  546.00000  640.64886  17.3%     -  118s
     0     0  640.64447    0 1484  546.00000  640.64447  17.3%     -  118s
     0     0  640.10779    0 1481  546.00000  640.10779  17.2%     -  119s
     0     0  639.99207    0 1481  546.00000  639.99207  17.2%     -  119s
     0     0  639.97189    0 1482  546.00000  639.97189  17.2%     -  119s
     0     0  639.96576    0 1482  546.00000  639.96576  17.2%     -  119s
     0     0  639.51226    0 1485  546.00000  639.51226  17.1%     -  120s
     0     0  639.40321    0 1483  546.00000  639.40321  17.1%     -  174s
     0     0  639.38128    0 1483  546.00000  639.38128  17.1%     -  174s
     0     0  639.37467    0 1483  546.00000  639.37467  17.1%     -  174s
     0     0  639.19629    0 1483  546.00000  639.19629  17.1%     -  174s
     0     0  639.15701    0 1484  546.00000  639.15701  17.1%     -  174s
     0     0  639.14077    0 1485  546.00000  639.14077  17.1%     -  174s
     0     0  638.89402    0 1485  546.00000  638.89402  17.0%     -  175s
     0     0  638.83329    0 1483  546.00000  638.83329  17.0%     -  175s
     0     0  638.82485    0 1484  546.00000  638.82485  17.0%     -  175s
     0     0  638.65670    0 1483  546.00000  638.65670  17.0%     -  175s
     0     0  638.61476    0 1484  546.00000  638.61476  17.0%     -  175s
     0     0  638.60961    0 1484  546.00000  638.60961  17.0%     -  175s
     0     0  638.37984    0 1483  546.00000  638.37984  16.9%     -  176s
H    0     0                     548.0000000  638.37984  16.5%     -  176s
     0     0  638.32147    0 1485  548.00000  638.32147  16.5%     -  176s
     0     0  638.31008    0 1485  548.00000  638.31008  16.5%     -  176s
     0     0  637.91512    0 1482  548.00000  637.91512  16.4%     -  176s
     0     0  637.82786    0 1485  548.00000  637.82786  16.4%     -  176s
     0     0  637.80940    0 1483  548.00000  637.80940  16.4%     -  176s
     0     0  637.43625    0 1487  548.00000  637.43625  16.3%     -  177s
H    0     0                     552.0000000  637.43625  15.5%     -  177s
     0     0  637.38950    0 1486  552.00000  637.38950  15.5%     -  177s
     0     0  637.38385    0 1486  552.00000  637.38385  15.5%     -  177s
     0     0  637.20457    0 1484  552.00000  637.20457  15.4%     -  177s
     0     0  637.17108    0 1486  552.00000  637.17108  15.4%     -  178s
     0     0  637.15222    0 1488  552.00000  637.15222  15.4%     -  178s
     0     0  636.95490    0 1482  552.00000  636.95490  15.4%     -  178s
H    0     0                     553.0000000  636.95490  15.2%     -  178s
     0     0  636.90849    0 1484  553.00000  636.90849  15.2%     -  178s
     0     0  636.90100    0 1485  553.00000  636.90100  15.2%     -  178s
     0     0  636.75298    0 1486  553.00000  636.75298  15.1%     -  179s
     0     0  636.75298    0 1486  553.00000  636.75298  15.1%     -  179s
     0     2  636.75294    0 1485  553.00000  636.75294  15.1%     -  181s
     1     3  636.63262    1 1483  553.00000  636.75294  15.1%   957  234s
     3     5  630.12460    2 1433  553.00000  636.75294  15.1%  3587  236s
    14    16  605.95160    9 1327  553.00000  636.75294  15.1%  2820  240s
    37    39  600.08153   26 1291  553.00000  636.75294  15.1%  2153  245s
H   52    52                     554.0000000  636.75294  14.9%  1911  247s
H   54    54                     556.0000000  636.75294  14.5%  1926  247s
H   81    81                     561.0000000  636.75294  13.5%  1609  250s
   112   104  620.80499    3 1404  561.00000  636.52908  13.5%  1485  255s
   130   122  576.11754   15 1200  561.00000  636.52908  13.5%  1578  260s
H  136   123                     562.0000000  636.52908  13.3%  1563  260s
H  156   135                     563.0000000  636.52908  13.1%  1427  261s
H  163   122                     566.0000000  636.52900  12.5%  1387  264s
   166   127  621.95168    6 1398  566.00000  636.52900  12.5%  1463  265s
   174   135  611.29539   11 1355  566.00000  636.52900  12.5%  1550  270s
   187   148  600.74573   19 1298  566.00000  636.52900  12.5%  1623  275s
H  218   167                     567.0000000  636.52900  12.3%  1528  278s
   224   167  627.83343    3 1434  567.00000  636.23767  12.2%  1536  281s
   233   176  606.46936    9 1330  567.00000  636.23767  12.2%  1588  285s
   283   214  625.71494    5 1429  567.00000  636.23729  12.2%  1562  292s
   288   219  612.41634    8 1376  567.00000  636.23729  12.2%  1599  296s
   296   227  618.75546   13 1393  567.00000  636.23729  12.2%  1634  300s
   303   234  617.61394   18 1388  567.00000  636.23729  12.2%  1652  309s
   305   236  617.67560   19 1383  567.00000  636.23729  12.2%  1667  310s
   326   257  610.06055   35 1342  567.00000  636.23729  12.2%  1680  315s
   368   299  589.72423   63 1218  567.00000  636.23729  12.2%  1646  320s
H  380   294                     570.0000000  636.23729  11.6%  1616  320s
   415   311  622.78394    9 1406  570.00000  636.12302  11.6%  1549  325s
   421   317  619.86243   12 1390  570.00000  636.12302  11.6%  1596  330s
   437   333  609.58147   24 1338  570.00000  636.12302  11.6%  1603  335s
   462   358  576.03472   41 1157  570.00000  636.12302  11.6%  1611  340s
   497   373  614.96316   10 1365  570.00000  636.05011  11.6%  1569  345s
   515   391  583.12327   22 1219  570.00000  636.05011  11.6%  1592  350s
H  545   414                     571.0000000  636.05011  11.4%  1587  354s
   549   420  578.58411   45 1148  571.00000  636.05011  11.4%  1581  355s
   567   433  615.81957   11 1486  571.00000  636.05011  11.4%  1549  369s
   570   435  619.85487   13 1480  571.00000  636.05011  11.4%  1541  378s
   571   436  577.70096   25 1486  571.00000  636.05011  11.4%  1538  380s
   576   439  616.63453   10 1486  571.00000  636.05011  11.4%  1524  388s
   577   440  573.57766   53 1484  571.00000  636.05011  11.4%  1522  394s
   580   442  635.65846    9 1486  571.00000  636.05011  11.4%  1514  403s
   581   442  592.06733   45 1485  571.00000  636.05011  11.4%  1511  410s
   583   444  606.84710   47 1487  571.00000  636.05011  11.4%  1506  419s
   584   444  599.92061   53 1486  571.00000  636.05011  11.4%  1504  426s
   586   446  607.33083   15 1485  571.00000  636.05011  11.4%  1498  434s
   587   446  627.17293    9 1485  571.00000  636.05011  11.4%  1496  442s
   588   447  599.92061   53 1485  571.00000  636.05011  11.4%  1493  450s
   589   448  614.03865   16 1487  571.00000  636.05011  11.4%  1491  458s
   590   448  625.58106    7 1486  571.00000  636.05011  11.4%  1488  465s
   591   449  618.75456   14 1486  571.00000  636.05011  11.4%  1486  473s
   592   450  584.73968   46 1487  571.00000  636.05011  11.4%  1483  481s
   597   453  607.53222   45 1485  571.00000  636.05011  11.4%  1471  485s
   603   459  635.45746   14 1484  571.00000  635.57948  11.3%  1566  490s
   612   465  632.69347   19 1464  571.00000  635.45708  11.3%  1583  495s
   624   473  632.04950   25 1466  571.00000  635.45708  11.3%  1591  500s
   632   478  629.34360   29 1448  571.00000  635.45708  11.3%  1612  505s
   643   486  629.93822   34 1457  571.00000  635.45708  11.3%  1622  510s
   654   493  627.83616   40 1441  571.00000  635.45708  11.3%  1633  515s
   663   499  615.06072   44 1388  571.00000  635.45708  11.3%  1649  520s
   671   504  609.80662   48 1353  571.00000  635.45708  11.3%  1669  525s
   681   511  623.96920   53 1422  571.00000  635.45708  11.3%  1681  530s
   694   520  622.26092   60 1412  571.00000  635.45708  11.3%  1694  535s
   707   528  620.53404   66 1408  571.00000  635.45708  11.3%  1699  545s
   721   538  614.94287   73 1381  571.00000  635.45708  11.3%  1710  550s
   731   544  616.52903   78 1382  571.00000  635.45708  11.3%  1729  555s
   741   551  601.98579   83 1325  571.00000  635.45708  11.3%  1753  560s
   756   561  611.56233   91 1352  571.00000  635.45708  11.3%  1762  565s
   770   570  613.41398   98 1365  571.00000  635.45708  11.3%  1772  570s
   789   583  608.38767  107 1340  571.00000  635.45708  11.3%  1779  575s
   805   594  597.97674  115 1297  571.00000  635.45708  11.3%  1794  580s
   827   608  605.81009  126 1328  571.00000  635.45708  11.3%  1792  585s
   851   624  603.40975  138 1314  571.00000  635.45708  11.3%  1798  590s
   879   643  599.94665  152 1292  571.00000  635.45708  11.3%  1792  595s
   901   658  593.97528  163 1261  571.00000  635.45708  11.3%  1800  600s
   925   674  588.63646  175 1244  571.00000  635.45708  11.3%  1806  605s
   951   691  586.18262  188 1228  571.00000  635.45708  11.3%  1812  610s
   988   716  584.97222  207 1190  571.00000  635.45708  11.3%  1800  615s
  1058   762  582.10079  242 1112  571.00000  635.45708  11.3%  1739  620s
  1129   788  634.78903   17 1479  571.00000  635.45622  11.3%  1664  625s
  1134   791  629.66575   19 1447  571.00000  635.45622  11.3%  1681  630s
  1138   794  623.39058   21 1418  571.00000  635.45622  11.3%  1693  635s
  1144   798  628.21098   24 1438  571.00000  635.45622  11.3%  1707  640s
  1150   802  626.76354   27 1433  571.00000  635.45622  11.3%  1723  646s
  1156   806  630.21675   30 1438  571.00000  635.45622  11.3%  1734  650s
  1162   810  625.74579   33 1421  571.00000  635.45622  11.3%  1749  656s
  1170   815  620.25952   37 1399  571.00000  635.45622  11.3%  1767  661s
  1178   820  625.18803   41 1418  571.00000  635.45622  11.3%  1781  665s
  1186   826  625.20539   45 1415  571.00000  635.45622  11.3%  1795  670s
  1194   831  627.48323   49 1422  571.00000  635.45622  11.3%  1810  675s
  1202   836  622.38192   53 1396  571.00000  635.45622  11.3%  1823  680s
  1209   841  628.93332   57 1429  571.00000  635.45622  11.3%  1832  685s
  1216   846  622.93256   60 1407  571.00000  635.45622  11.3%  1845  690s
  1224   851  624.36460   64 1403  571.00000  635.45622  11.3%  1857  695s
  1234   858  620.58193   69 1387  571.00000  635.45622  11.3%  1868  700s
  1242   863  618.12476   73 1381  571.00000  635.45622  11.3%  1878  705s
  1252   870  621.20587   78 1381  571.00000  635.45622  11.3%  1890  710s
  1264   878  620.55227   84 1387  571.00000  635.45622  11.3%  1902  715s
  1275   885  623.73259   90 1395  571.00000  635.45622  11.3%  1913  720s
  1286   892  619.83967   95 1373  571.00000  635.45622  11.3%  1923  725s
  1300   902  618.07988  102 1366  571.00000  635.45622  11.3%  1932  730s
  1322   916  615.36556  113 1349  571.00000  635.45622  11.3%  1938  735s
  1348   934  613.99020  126 1337  571.00000  635.45622  11.3%  1944  740s
  1372   950  611.96162  138 1308  571.00000  635.45622  11.3%  1946  745s
  1404   971  609.71616  154 1312  571.00000  635.45622  11.3%  1941  750s
  1452  1003  600.10221  178 1266  571.00000  635.45622  11.3%  1925  755s
  1539  1061  592.09466  222 1232  571.00000  635.45622  11.3%  1870  760s
  1683  1125  630.67233   16 1444  571.00000  635.29376  11.3%  1752  765s
  1691  1130  628.23455   20 1430  571.00000  635.29376  11.3%  1765  770s
  1699  1136  624.82364   24 1427  571.00000  635.29376  11.3%  1778  775s
  1707  1141  624.08775   28 1414  571.00000  635.29376  11.3%  1789  780s
  1715  1146  625.00851   32 1417  571.00000  635.29376  11.3%  1801  785s
  1723  1152  623.79064   36 1412  571.00000  635.29376  11.3%  1812  790s
  1733  1158  623.38929   41 1402  571.00000  635.29376  11.3%  1825  795s
  1743  1165  626.18672   46 1416  571.00000  635.29376  11.3%  1835  800s
  1753  1172  622.92449   51 1402  571.00000  635.29376  11.3%  1846  805s
  1765  1180  618.09461   57 1376  571.00000  635.29376  11.3%  1857  810s
  1777  1188  620.38575   63 1388  571.00000  635.29376  11.3%  1868  815s
  1792  1198  623.89477   71 1411  571.00000  635.29376  11.3%  1879  820s
  1809  1209  615.69004   79 1368  571.00000  635.29376  11.3%  1891  825s
  1823  1218  618.40433   86 1378  571.00000  635.29376  11.3%  1900  830s
  1843  1232  615.40729   96 1354  571.00000  635.29376  11.3%  1908  835s
  1867  1248  614.47206  108 1346  571.00000  635.29376  11.3%  1914  840s
  1881  1257  611.63613  115 1331  571.00000  635.29376  11.3%  1918  845s
  1901  1270  609.97896  125 1319  571.00000  635.29376  11.3%  1921  850s
  1924  1286  612.66656  137 1332  571.00000  635.29376  11.3%  1918  855s
  1951  1304  608.46808  150 1298  571.00000  635.29376  11.3%  1917  860s
  1985  1336  602.81938  167 1284  571.00000  635.29376  11.3%  1907  865s
  2014  1365  600.63243  182 1265  571.00000  635.29376  11.3%  1897  870s
  2082  1433  590.25427  216 1239  571.00000  635.29376  11.3%  1867  875s
  2134  1485  582.20153  242 1144  571.00000  635.29376  11.3%  1836  880s
  2167  1518  576.26383  258 1093  571.00000  635.29376  11.3%  1813  885s
  2198  1529 infeasible  267       571.00000  635.29376  11.3%  1792  891s
  2205  1534  634.37162   16 1470  571.00000  635.29077  11.3%  1795  895s
  2210  1539  627.23744   18 1429  571.00000  635.29077  11.3%  1804  900s
  2212  1541  628.44484   19 1425  571.00000  635.29077  11.3%  1806  907s
  2216  1545  621.56955   21 1409  571.00000  635.29077  11.3%  1812  911s
  2220  1549  619.72110   23 1400  571.00000  635.29077  11.3%  1819  916s
  2225  1554  633.28454   26 1454  571.00000  635.29077  11.3%  1824  927s
  2228  1557  618.78907   27 1382  571.00000  635.29077  11.3%  1830  931s
  2234  1563  627.57067   30 1423  571.00000  635.29077  11.3%  1836  935s
  2238  1567  624.91014   32 1415  571.00000  635.29077  11.3%  1841  940s
  2246  1575  626.42496   36 1416  571.00000  635.29077  11.3%  1848  946s
  2252  1581  624.80008   39 1409  571.00000  635.29077  11.3%  1853  952s
  2256  1585  624.32654   41 1402  571.00000  635.29077  11.3%  1857  955s
  2264  1593  624.93934   45 1404  571.00000  635.29077  11.3%  1865  962s
  2269  1598  629.95528   48 1431  571.00000  635.29077  11.3%  1868  965s
H 2279  1602                     572.0000000  635.29077  11.1%  1876  971s
  2287  1612  627.54889   57 1421  572.00000  635.29077  11.1%  1882  975s
  2300  1625  620.64407   63 1381  572.00000  635.29077  11.1%  1893  980s
H 2304  1609                     573.0000000  635.29077  10.9%  1893  982s
  2306  1613  622.11213   66 1384  573.00000  635.29077  10.9%  1897  985s
  2320  1627  623.15172   73 1384  573.00000  635.29077  10.9%  1906  990s
  2332  1639  617.59920   79 1374  573.00000  635.29077  10.9%  1912  997s
  2334  1641  614.66270   80 1340  573.00000  635.29077  10.9%  1913 1000s
  2352  1659  620.27261   89 1374  573.00000  635.29077  10.9%  1921 1005s
  2360  1667  618.93390   93 1368  573.00000  635.29077  10.9%  1923 1020s
  2384  1691  615.01426  105 1351  573.00000  635.29077  10.9%  1928 1025s
  2404  1711  605.82966  115 1300  573.00000  635.29077  10.9%  1931 1030s
  2426  1733  609.75507  126 1325  573.00000  635.29077  10.9%  1934 1035s
  2454  1761  608.46428  140 1301  573.00000  635.29077  10.9%  1933 1040s
  2498  1805  601.35471  162 1271  573.00000  635.29077  10.9%  1927 1045s
  2579  1886  594.81647  203 1223  573.00000  635.29077  10.9%  1900 1050s
  2718  2002  625.63050   14 1419  573.00000  634.33677  10.7%  1830 1055s
  2727  2011  631.91403   19 1451  573.00000  634.33677  10.7%  1837 1060s
  2734  2018  625.38903   22 1420  573.00000  634.33677  10.7%  1845 1065s
  2742  2026  624.02219   26 1405  573.00000  634.33677  10.7%  1853 1071s
  2746  2030  620.31250   28 1391  573.00000  634.33677  10.7%  1857 1075s
  2756  2040  627.07711   33 1415  573.00000  634.33677  10.7%  1865 1080s
  2766  2050  624.37816   38 1411  573.00000  634.33677  10.7%  1874 1085s
  2776  2060  622.35228   43 1396  573.00000  634.33677  10.7%  1880 1090s
  2782  2066  623.21822   46 1402  573.00000  634.33677  10.7%  1884 1097s
  2789  2073  627.07203   50 1417  573.00000  634.33677  10.7%  1887 1100s
  2800  2084  621.72283   55 1388  573.00000  634.33677  10.7%  1895 1105s
  2808  2092  619.77217   59 1390  573.00000  634.33677  10.7%  1900 1110s
  2822  2106  616.56854   66 1367  573.00000  634.33677  10.7%  1908 1115s
  2834  2118  621.16336   72 1375  573.00000  634.33677  10.7%  1914 1120s
  2848  2132  619.22881   79 1371  573.00000  634.33677  10.7%  1920 1125s
  2866  2150  616.72989   88 1360  573.00000  634.33677  10.7%  1924 1130s
  2883  2167  618.93262   97 1365  573.00000  634.33677  10.7%  1927 1135s
  2900  2184  615.15329  105 1339  573.00000  634.33677  10.7%  1931 1140s
  2914  2198  611.21075  112 1311  573.00000  634.33677  10.7%  1932 1155s
  2926  2210  613.83951  118 1324  573.00000  634.33677  10.7%  1932 1160s
  2958  2242  607.48389  134 1292  573.00000  634.33677  10.7%  1930 1165s
  2990  2274  604.68634  150 1284  573.00000  634.33677  10.7%  1928 1170s
  3016  2300  600.72368  163 1257  573.00000  634.33677  10.7%  1923 1175s
  3076  2360  595.26969  193 1216  573.00000  634.33677  10.7%  1907 1180s
  3217  2473  633.93709   17 1468  573.00000  634.33655  10.7%  1846 1185s
  3223  2479  627.30218   20 1427  573.00000  634.33655  10.7%  1851 1190s
  3229  2485  627.14733   23 1423  573.00000  634.33655  10.7%  1856 1196s
  3234  2490  632.57238   26 1452  573.00000  634.33655  10.7%  1860 1200s
  3239  2495  622.21639   28 1398  573.00000  634.33655  10.7%  1865 1205s
  3247  2503  626.34166   32 1417  573.00000  634.33655  10.7%  1872 1211s
  3253  2509  620.50480   35 1395  573.00000  634.33655  10.7%  1879 1215s
  3261  2517  626.31007   39 1413  573.00000  634.33655  10.7%  1884 1223s
  3264  2520  630.77678   41 1436  573.00000  634.33655  10.7%  1886 1225s
  3271  2527  624.82946   44 1405  573.00000  634.33655  10.7%  1891 1230s
  3279  2535  624.58756   48 1411  573.00000  634.33655  10.7%  1895 1235s
  3286  2542  628.58630   52 1424  573.00000  634.33655  10.7%  1899 1240s
  3294  2550  627.96766   56 1422  573.00000  634.33655  10.7%  1903 1245s
  3303  2559  621.75300   60 1384  573.00000  634.33655  10.7%  1908 1250s
  3313  2569  621.55739   65 1391  573.00000  634.33655  10.7%  1913 1255s
  3321  2577  619.41257   69 1368  573.00000  634.33655  10.7%  1916 1260s
  3331  2587  619.54820   74 1375  573.00000  634.33655  10.7%  1922 1265s
  3343  2599  621.74312   80 1388  573.00000  634.33655  10.7%  1925 1270s
  3357  2613  611.80566   87 1330  573.00000  634.33655  10.7%  1929 1275s
  3373  2629  616.84847   95 1348  573.00000  634.33655  10.7%  1931 1280s
  3387  2643  614.91826  102 1350  573.00000  634.33655  10.7%  1935 1285s
  3404  2660  617.68653  111 1349  573.00000  634.33655  10.7%  1936 1290s
  3423  2679  613.30058  120 1329  573.00000  634.33655  10.7%  1939 1295s
  3442  2698  613.99618  130 1338  573.00000  634.33655  10.7%  1938 1300s
  3470  2726  610.83250  144 1309  573.00000  634.33655  10.7%  1937 1305s
  3515  2771  604.68551  166 1280  573.00000  634.33655  10.7%  1931 1310s
  3565  2821  595.66247  191 1215  573.00000  634.33655  10.7%  1921 1315s
  3657  2913  584.22414  237 1138  573.00000  634.33655  10.7%  1893 1320s
  3734  2970  628.32839   18 1424  573.00000  634.29652  10.7%  1864 1325s
  3738  2974  626.45882   20 1424  573.00000  634.29652  10.7%  1867 1337s
  3742  2978  626.16682   22 1425  573.00000  634.29652  10.7%  1869 1340s
  3748  2984  624.06038   25 1412  573.00000  634.29652  10.7%  1874 1345s
  3754  2990  620.84452   28 1393  573.00000  634.29652  10.7%  1879 1351s
  3760  2996  624.40709   31 1401  573.00000  634.29652  10.7%  1882 1355s
  3766  3002  624.75391   34 1414  573.00000  634.29652  10.7%  1885 1360s
  3774  3010  618.81870   38 1378  573.00000  634.29652  10.7%  1890 1366s
  3780  3016  627.20297   41 1402  573.00000  634.29652  10.7%  1893 1370s
  3788  3024  618.00511   45 1376  573.00000  634.29652  10.7%  1898 1377s
  3793  3029  628.21798   48 1418  573.00000  634.29652  10.7%  1900 1380s
  3802  3038  622.77790   52 1384  573.00000  634.29652  10.7%  1904 1385s
  3812  3048  621.75717   57 1389  573.00000  634.29652  10.7%  1909 1390s
  3815  3051  626.08295   59 1403  573.00000  634.29652  10.7%  1909 1395s
  3826  3062  620.75258   64 1382  573.00000  634.29652  10.7%  1913 1400s
  3838  3074  618.75343   70 1363  573.00000  634.29652  10.7%  1918 1405s
  3850  3086  617.38827   76 1363  573.00000  634.29652  10.7%  1922 1410s
  3864  3100  611.04702   83 1326  573.00000  634.29652  10.7%  1925 1415s
  3878  3114  616.28470   90 1357  573.00000  634.29652  10.7%  1929 1420s
  3896  3132  616.18897   99 1336  573.00000  634.29652  10.7%  1932 1425s
  3918  3154  613.03384  110 1324  573.00000  634.29652  10.7%  1934 1430s
  3943  3179  612.79225  123 1327  573.00000  634.29652  10.7%  1934 1435s
  3964  3200  597.83156  133 1247  573.00000  634.29652  10.7%  1934 1440s
  3991  3227  608.46377  147 1298  573.00000  634.29652  10.7%  1932 1445s
  4013  3249  605.67363  158 1277  573.00000  634.29652  10.7%  1930 1450s
  4070  3306  596.16935  186 1231  573.00000  634.29652  10.7%  1919 1455s
  4176  3412  577.94737  239 1117  573.00000  634.29652  10.7%  1888 1460s
  4253  3449  627.94334   20 1425  573.00000  634.29472  10.7%  1864 1465s
  4259  3455  624.28556   23 1419  573.00000  634.29472  10.7%  1868 1471s
  4261  3457  619.23726   24 1397  573.00000  634.29472  10.7%  1870 1475s
  4267  3463  625.19724   27 1419  573.00000  634.29472  10.7%  1873 1480s
  4273  3469  625.97301   30 1414  573.00000  634.29472  10.7%  1877 1485s
  4279  3475  618.22603   33 1387  573.00000  634.29472  10.7%  1880 1490s
  4285  3481  622.97138   36 1399  573.00000  634.29472  10.7%  1884 1495s
  4291  3487  620.77887   39 1385  573.00000  634.29472  10.7%  1888 1500s
  4295  3491  620.48799   41 1382  573.00000  634.29472  10.7%  1891 1507s
  4299  3495  626.44235   43 1412  573.00000  634.29472  10.7%  1892 1510s
  4307  3503  623.51664   47 1406  573.00000  634.29472  10.7%  1896 1515s
  4313  3509  617.28106   50 1377  573.00000  634.29472  10.7%  1899 1520s
  4321  3517  622.53219   54 1394  573.00000  634.29472  10.7%  1903 1525s
  4333  3529  622.57448   60 1387  573.00000  634.29472  10.7%  1908 1530s
  4345  3541  622.05811   66 1384  573.00000  634.29472  10.7%  1911 1535s
  4359  3555  616.76745   73 1360  573.00000  634.29472  10.7%  1916 1540s
  4373  3569  619.48198   80 1360  573.00000  634.29472  10.7%  1920 1545s
  4389  3585  617.00280   88 1336  573.00000  634.29472  10.7%  1923 1550s
  4405  3601  615.44620   96 1351  573.00000  634.29472  10.7%  1926 1555s
  4425  3621  612.93234  106 1324  573.00000  634.29472  10.7%  1928 1560s
  4439  3635  612.63749  113 1322  573.00000  634.29472  10.7%  1930 1565s
  4471  3667  610.53088  129 1311  573.00000  634.29472  10.7%  1931 1570s
  4511  3707  605.12342  149 1293  573.00000  634.29472  10.7%  1929 1575s
  4557  3753  599.26035  172 1259  573.00000  634.29472  10.7%  1924 1580s
  4643  3839  586.93999  215 1206  573.00000  634.29472  10.7%  1906 1585s
  4765  3923  632.45762   27 1452  573.00000  634.07567  10.7%  1871 1590s
  4801  3959  627.82763   63 1413  573.00000  634.07567  10.7%  1864 1604s
  4802  3960  627.45092   64 1412  573.00000  634.07567  10.7%  1864 1605s
  4822  3980  622.17126   77 1386  573.00000  634.07567  10.7%  1864 1610s
  4849  4007  617.81309   99 1351  573.00000  634.07567  10.7%  1862 1615s
  4872  4030  615.66849  120 1341  573.00000  634.07567  10.7%  1859 1629s
  4877  4035  613.30998  120 1326  573.00000  634.07567  10.7%  1859 1630s
  4937  4095  605.45713  158 1286  573.00000  634.07567  10.7%  1853 1635s
  5010  4168  594.99493  188 1214  573.00000  634.07567  10.7%  1841 1640s
  5090  4248  590.02764  212 1186  573.00000  634.07567  10.7%  1825 1645s
  5250  4408  579.72549  242 1122  573.00000  634.07567  10.7%  1786 1650s
  5450  4572  633.27982   15 1469  573.00000  634.07458  10.7%  1734 1655s
  5480  4602  629.42473   45 1438  573.00000  634.07458  10.7%  1730 1660s
  5513  4635  623.06057   77 1390  573.00000  634.07458  10.7%  1727 1665s
  5552  4674  615.83359  112 1348  573.00000  634.07458  10.7%  1723 1670s
  5586  4708  610.27798  135 1333  573.00000  634.07458  10.7%  1721 1675s
  5630  4752  603.63591  160 1301  573.00000  634.07458  10.7%  1718 1680s
  5702  4824  595.45194  198 1252  573.00000  634.07458  10.7%  1707 1685s
  5830  4952  585.57861  225 1175  573.00000  634.07458  10.7%  1683 1690s
  6012  5134  576.14356  249 1059  573.00000  634.07458  10.7%  1645 1695s
  6132  5218  630.03261   28 1443  573.00000  633.89227  10.6%  1620 1700s
  6168  5254  623.98383   64 1403  573.00000  633.89227  10.6%  1616 1705s
  6203  5289  616.94690   96 1369  573.00000  633.89227  10.6%  1614 1710s
  6247  5333  608.64562  128 1311  573.00000  633.89227  10.6%  1611 1715s
  6298  5384  601.60452  161 1270  573.00000  633.89227  10.6%  1607 1720s
  6376  5462  593.11496  192 1230  573.00000  633.89227  10.6%  1599 1725s
  6507  5593  583.90924  221 1178  573.00000  633.89227  10.6%  1580 1730s
  6700  5746  632.58582   16 1458  573.00000  633.89174  10.6%  1547 1735s
  6731  5777  628.29551   47 1425  573.00000  633.89174  10.6%  1544 1740s
  6761  5807  620.54736   72 1375  573.00000  633.89174  10.6%  1544 1745s
  6794  5840  617.02127  101 1360  573.00000  633.89174  10.6%  1543 1750s
  6836  5882  608.52308  129 1315  573.00000  633.89174  10.6%  1541 1755s
  6886  5932  600.59712  162 1264  573.00000  633.89174  10.6%  1539 1760s
  6985  6031  589.99192  202 1192  573.00000  633.89174  10.6%  1527 1765s
  7110  6156  582.37126  228 1154  573.00000  633.89174  10.6%  1509 1770s
  7328  6331  632.85017   18 1464  573.00000  633.84663  10.6%  1474 1775s
  7365  6368  627.60170   55 1426  573.00000  633.84663  10.6%  1472 1780s
  7409  6412  615.74934   95 1365  573.00000  633.84663  10.6%  1470 1785s
  7468  6471  607.65465  144 1324  573.00000  633.84663  10.6%  1467 1790s
  7503  6506  601.01138  157 1282  573.00000  633.84663  10.6%  1466 1795s
  7611  6614  589.45435  204 1160  573.00000  633.84663  10.6%  1455 1800s
  7810  6813  577.39926  244 1122  573.00000  633.84663  10.6%  1430 1805s
  7905  6875  626.11848   36 1415  573.00000  633.55539  10.6%  1418 1810s
  7947  6917  617.80211   76 1367  573.00000  633.55539  10.6%  1416 1815s
  7982  6952  609.41144  101 1313  573.00000  633.55539  10.6%  1415 1820s
  8016  6986  605.66221  130 1294  573.00000  633.55539  10.6%  1414 1826s
  8064  7034  597.89775  154 1256  573.00000  633.55539  10.6%  1412 1830s
  8170  7140  586.50973  201 1209  573.00000  633.55539  10.6%  1402 1835s
  8375  7345  576.24348  231 1136  573.00000  633.55539  10.6%  1380 1840s
  8430  7382  623.38580   44 1407  573.00000  633.47362  10.6%  1376 1845s
  8474  7426  613.79878   85 1326  573.00000  633.47362  10.6%  1374 1850s
  8509  7461  608.65016  110 1315  573.00000  633.47362  10.6%  1374 1855s
  8591  7543  595.45199  169 1238  573.00000  633.47362  10.6%  1370 1860s
  8624  7576  591.27840  179 1211  573.00000  633.47362  10.6%  1367 1872s
  8687  7639  584.54524  205 1183  573.00000  633.47362  10.6%  1362 1875s
  8876  7805  625.68840   15 1439  573.00000  633.32613  10.5%  1344 1881s
  8901  7830  621.87210   40 1410  573.00000  633.32613  10.5%  1343 1885s
  8946  7875  612.97293   84 1357  573.00000  633.32613  10.5%  1341 1890s
  8987  7916  604.12946  116 1301  573.00000  633.32613  10.5%  1339 1895s
  9019  7948  599.36023  138 1269  573.00000  633.32613  10.5%  1339 1900s
  9105  8034  586.71200  187 1185  573.00000  633.32613  10.5%  1333 1905s
  9265  8180  625.48158   21 1428  573.00000  633.27929  10.5%  1318 1911s
  9284  8199  612.00530   40 1361  573.00000  633.27929  10.5%  1319 1915s
  9332  8234  628.20216   16 1438  573.00000  633.19529  10.5%  1317 1920s
  9372  8274  621.85755   56 1387  573.00000  633.19529  10.5%  1315 1925s
  9433  8335  606.35911  117 1313  573.00000  633.19529  10.5%  1311 1930s
  9586  8443  625.45117   22 1434  573.00000  633.17013  10.5%  1298 1936s
  9592  8449  618.82033   25 1396  573.00000  633.17013  10.5%  1300 1940s
  9600  8457  615.58322   29 1370  573.00000  633.17013  10.5%  1302 1945s
  9608  8465  619.62444   33 1395  573.00000  633.17013  10.5%  1305 1950s
  9616  8473  611.01778   37 1362  573.00000  633.17013  10.5%  1307 1955s
  9626  8483  617.50488   42 1378  573.00000  633.17013  10.5%  1309 1960s
  9638  8495  617.06756   48 1381  573.00000  633.17013  10.5%  1312 1965s
  9652  8509  615.52971   55 1371  573.00000  633.17013  10.5%  1314 1970s
  9664  8521  616.15699   61 1363  573.00000  633.17013  10.5%  1317 1975s
  9678  8535  613.68345   68 1355  573.00000  633.17013  10.5%  1319 1980s
  9692  8549  609.80812   75 1345  573.00000  633.17013  10.5%  1321 1985s
  9706  8563  612.09783   82 1353  573.00000  633.17013  10.5%  1324 1990s
  9726  8583  609.93059   92 1338  573.00000  633.17013  10.5%  1326 1995s
  9748  8605  606.04575  103 1313  573.00000  633.17013  10.5%  1328 2000s
  9774  8631  582.58139  116 1184  573.00000  633.17013  10.5%  1330 2005s
  9815  8672  601.00056  137 1290  573.00000  633.17013  10.5%  1331 2010s
  9868  8725  583.04271  163 1193  573.00000  633.17013  10.5%  1332 2015s
  9964  8821  581.19153  211 1173  573.00000  633.17013  10.5%  1328 2020s
 10039  8876  625.30507   35 1409  573.00000  633.12347  10.5%  1323 2025s
 10103  8940  610.61217   99 1340  573.00000  633.12347  10.5%  1320 2030s
 10203  9039  580.75229  216 1486  573.00000  633.12347  10.5%  1312 2855s
 10206  9041  630.70674   24 1480  573.00000  633.12347  10.5%  1311 2864s
 10207  9042  612.59036  115 1486  573.00000  631.48389  10.2%  1311 2867s
 10213  9046  626.45714   21 1488  573.00000  630.30183  10.0%  1311 2887s
 10214  9046  615.52954   56 1486  573.00000  630.23285  10.0%  1310 2905s
 10217  9048  595.86772  155 1487  573.00000  630.19006  10.0%  1310 2923s
 10218  9049  625.39965   56 1485  573.00000  629.52790  9.87%  1310 2940s
 10222  9052  583.28122  236 1488  573.00000  629.37386  9.84%  1309 2961s
 10223  9052  615.12045  104 1488  573.00000  629.13502  9.80%  1309 2976s
 10228  9056  605.70523  170 1490  573.00000  629.02261  9.78%  1309 2998s
 10229  9056  589.45722  206 1488  573.00000  628.91934  9.76%  1309 3016s
 10232  9058  596.32829  151 1488  573.00000  628.85477  9.75%  1308 3037s
 10233  9059  575.43103  254 1487  573.00000  628.71872  9.72%  1308 3055s
 10236  9061  583.07576  240 1489  573.00000  628.65516  9.71%  1308 3076s
 10237  9062  626.70490   52 1488  573.00000  628.49628  9.69%  1308 3093s
 10240  9064  604.60224  151 1489  573.00000  628.45966  9.68%  1307 3113s
 10241  9064  583.71649  209 1484  573.00000  628.39248  9.67%  1307 3131s
 10245  9067  593.55275  204 1486  573.00000  628.35039  9.66%  1306 3153s
 10246  9068  628.30718   20 1483  573.00000  628.30718  9.65%  1306 3171s
 10248  9069  587.64736  231 1485  573.00000  628.29260  9.65%  1306 3191s
 10249  9070  579.54116  250 1486  573.00000  628.17829  9.63%  1306 3211s
 10253  9072  590.05097  229 1486  573.00000  628.13070  9.62%  1305 3233s
 10254  9073  616.76259  109 1486  573.00000  628.12206  9.62%  1305 3254s
 10255  9074  599.41259  177 1486  573.00000  628.12026  9.62%  1305 3276s
 10256  9074  583.43434  242 1486  573.00000  628.10279  9.62%  1305 3296s
 10258  9076  610.80681   94 1487  573.00000  628.08779  9.61%  1305 3320s
 10259  9076  602.87712  164 1485  573.00000  628.05140  9.61%  1305 3339s
 10262  9078  617.41605   45 1486  573.00000  628.03538  9.60%  1304 3361s
 10263  9079  606.86211  143 1488  573.00000  627.97673  9.59%  1304 3382s
 10266  9081  600.10716  181 1488  573.00000  627.95989  9.59%  1304 3403s
 10267  9082  627.89145   42 1487  573.00000  627.89145  9.58%  1304 3422s
 10270  9084  574.62371  249 1489  573.00000  627.85860  9.57%  1303 3445s
 10271  9084  626.43748   47 1487  573.00000  627.80905  9.57%  1303 3466s
 10273  9086  627.79012   38 1488  573.00000  627.79012  9.56%  1303 3490s
 10274  9086  580.80000  234 1488  573.00000  627.78507  9.56%  1303 3514s
 10275  9087  587.08741  187 1489  573.00000  627.78347  9.56%  1303 3535s
 10276  9088  585.27235  204 1488  573.00000  627.76759  9.56%  1303 3555s
 10278  9089  619.35545   67 1489  573.00000  627.76168  9.56%  1302 3577s

Cutting planes:
  Gomory: 5
  Flow cover: 69
  Zero half: 655
  RLT: 156
  BQP: 23

Explored 10278 nodes (13602313 simplex iterations) in 3600.01 seconds (4356.35 work units)
Thread count was 1 (of 24 available processors)

Solution count 10: 573 572 571 ... 556

Time limit reached
Best objective 5.730000000000e+02, best bound 6.270000000000e+02, gap 9.4241%

User-callback calls 161810, time in user-callback 0.90 sec
