
Gurobi 11.0.3 (linux64) logging started Thu Mar  5 21:04:10 2026

Set parameter LogFile to value "./log/train/IS_1500_6/IS_75.lp.log"
Set parameter TimeLimit to value 3600
Gurobi Optimizer version 11.0.3 build v11.0.3rc0 (linux64 - "Ubuntu 22.04.5 LTS")

CPU model: AMD Ryzen 9 9900X 12-Core Processor, instruction set [SSE2|AVX|AVX2|AVX512]
Thread count: 12 physical cores, 24 logical processors, using up to 2 threads

Optimize a model with 9192 rows, 1500 columns and 18116 nonzeros
Model fingerprint: 0x61377694
Variable types: 0 continuous, 1500 integer (1500 binary)
Coefficient statistics:
  Matrix range     [1e+00, 1e+00]
  Objective range  [1e+00, 1e+00]
  Bounds range     [1e+00, 1e+00]
  RHS range        [1e+00, 1e+00]
Found heuristic solution: objective 344.0000000
Presolve removed 1689 rows and 0 columns
Presolve time: 0.04s
Presolved: 7503 rows, 1500 columns, 16321 nonzeros
Variable types: 0 continuous, 1500 integer (1500 binary)

Root relaxation: objective 6.830000e+02, 3725 iterations, 0.13 seconds (0.21 work units)

    Nodes    |    Current Node    |     Objective Bounds      |     Work
 Expl Unexpl |  Obj  Depth IntInf | Incumbent    BestBd   Gap | It/Node Time

     0     0  683.00000    0 1340  344.00000  683.00000  98.5%     -    0s
H    0     0                     509.0000000  683.00000  34.2%     -    0s
H    0     0                     511.0000000  683.00000  33.7%     -    0s
     0     0  666.78356    0 1453  511.00000  666.78356  30.5%     -    0s
     0     0  666.77993    0 1455  511.00000  666.77993  30.5%     -    0s
     0     0  666.77902    0 1455  511.00000  666.77902  30.5%     -    0s
     0     0  660.19243    0 1481  511.00000  660.19243  29.2%     -    1s
H    0     0                     540.0000000  660.19243  22.3%     -    1s
H    0     0                     542.0000000  660.19243  21.8%     -    1s
     0     0  659.77336    0 1480  542.00000  659.77336  21.7%     -    1s
     0     0  659.66529    0 1481  542.00000  659.66529  21.7%     -    1s
     0     0  659.64887    0 1481  542.00000  659.64887  21.7%     -    1s
     0     0  659.64840    0 1482  542.00000  659.64840  21.7%     -    1s
     0     0  654.60190    0 1481  542.00000  654.60190  20.8%     -    2s
     0     0  654.09518    0 1479  542.00000  654.09518  20.7%     -    2s
     0     0  654.06087    0 1478  542.00000  654.06087  20.7%     -    2s
     0     0  654.05583    0 1477  542.00000  654.05583  20.7%     -    2s
     0     0  650.36191    0 1480  542.00000  650.36191  20.0%     -    3s
     0     0  649.88503    0 1484  542.00000  649.88503  19.9%     -    3s
     0     0  649.83998    0 1484  542.00000  649.83998  19.9%     -    3s
     0     0  649.82458    0 1484  542.00000  649.82458  19.9%     -    3s
     0     0  649.81947    0 1485  542.00000  649.81947  19.9%     -    3s
     0     0  646.42593    0 1482  542.00000  646.42593  19.3%     -    4s
     0     0  646.10897    0 1484  542.00000  646.10897  19.2%     -    4s
     0     0  646.08241    0 1485  542.00000  646.08241  19.2%     -    4s
     0     0  646.07795    0 1488  542.00000  646.07795  19.2%     -    4s
     0     0  644.50000    0 1484  542.00000  644.50000  18.9%     -    5s
     0     0  644.27544    0 1485  542.00000  644.27544  18.9%     -    5s
     0     0  644.22807    0 1487  542.00000  644.22807  18.9%     -    5s
     0     0  644.21794    0 1487  542.00000  644.21794  18.9%     -    5s
     0     0  642.95493    0 1476  542.00000  642.95493  18.6%     -    5s
     0     0  642.72833    0 1481  542.00000  642.72833  18.6%     -    5s
     0     0  642.68328    0 1482  542.00000  642.68328  18.6%     -    6s
     0     0  642.67089    0 1484  542.00000  642.67089  18.6%     -    6s
     0     0  641.71226    0 1484  542.00000  641.71226  18.4%     -    6s
H    0     0                     543.0000000  641.71226  18.2%     -    6s
     0     0  641.49340    0 1484  543.00000  641.49340  18.1%     -    6s
     0     0  641.46778    0 1484  543.00000  641.46778  18.1%     -    6s
     0     0  641.46199    0 1485  543.00000  641.46199  18.1%     -    6s
     0     0  640.67538    0 1485  543.00000  640.67538  18.0%     -    7s
     0     0  640.53708    0 1484  543.00000  640.53708  18.0%     -    7s
     0     0  640.51969    0 1485  543.00000  640.51969  18.0%     -    7s
     0     0  640.51454    0 1483  543.00000  640.51454  18.0%     -    7s
     0     0  639.87993    0 1484  543.00000  639.87993  17.8%     -    7s
     0     0  639.79404    0 1485  543.00000  639.79404  17.8%     -    7s
     0     0  639.77682    0 1484  543.00000  639.77682  17.8%     -    7s
     0     0  639.77254    0 1485  543.00000  639.77254  17.8%     -    7s
     0     0  638.89156    0 1481  543.00000  638.89156  17.7%     -    8s
     0     0  638.75540    0 1487  543.00000  638.75540  17.6%     -    8s
     0     0  638.73519    0 1490  543.00000  638.73519  17.6%     -    8s
     0     0  638.73155    0 1486  543.00000  638.73155  17.6%     -    8s
     0     0  638.11258    0 1484  543.00000  638.11258  17.5%     -    9s
     0     0  638.01901    0 1488  543.00000  638.01901  17.5%     -    9s
     0     0  637.99731    0 1485  543.00000  637.99731  17.5%     -    9s
     0     0  637.99179    0 1488  543.00000  637.99179  17.5%     -    9s
     0     0  637.34595    0 1477  543.00000  637.34595  17.4%     -    9s
     0     0  637.24707    0 1484  543.00000  637.24707  17.4%     -    9s
     0     0  637.22405    0 1484  543.00000  637.22405  17.4%     -    9s
     0     0  637.21374    0 1484  543.00000  637.21374  17.4%     -    9s
     0     0  636.75036    0 1481  543.00000  636.75036  17.3%     -   10s
     0     0  636.64133    0 1483  543.00000  636.64133  17.2%     -   10s
     0     0  636.62402    0 1484  543.00000  636.62402  17.2%     -   10s
     0     0  636.32392    0 1484  543.00000  636.32392  17.2%     -   10s
H    0     0                     545.0000000  636.32392  16.8%     -   10s
     0     0  636.26437    0 1484  545.00000  636.26437  16.7%     -   10s
     0     0  636.25228    0 1484  545.00000  636.25228  16.7%     -   10s
     0     0  636.03955    0 1481  545.00000  636.03955  16.7%     -   11s
     0     0  635.99021    0 1484  545.00000  635.99021  16.7%     -   11s
     0     0  635.98519    0 1485  545.00000  635.98519  16.7%     -   11s
     0     0  635.71778    0 1485  545.00000  635.71778  16.6%     -   11s
     0     0  635.65563    0 1488  545.00000  635.65563  16.6%     -   11s
     0     0  635.64430    0 1487  545.00000  635.64430  16.6%     -   11s
     0     0  635.36066    0 1485  545.00000  635.36066  16.6%     -   11s
H    0     0                     546.0000000  635.36066  16.4%     -   11s
     0     0  635.32351    0 1484  546.00000  635.32351  16.4%     -   12s
     0     0  635.31493    0 1486  546.00000  635.31493  16.4%     -   12s
     0     0  634.93433    0 1482  546.00000  634.93433  16.3%     -   12s
     0     0  634.85383    0 1483  546.00000  634.85383  16.3%     -   12s
     0     0  634.83622    0 1484  546.00000  634.83622  16.3%     -   12s
     0     0  634.43466    0 1481  546.00000  634.43466  16.2%     -   13s
     0     0  634.34983    0 1485  546.00000  634.34983  16.2%     -   13s
     0     0  634.33713    0 1487  546.00000  634.33713  16.2%     -   13s
     0     0  634.09957    0 1484  546.00000  634.09957  16.1%     -   13s
     0     0  634.02981    0 1487  546.00000  634.02981  16.1%     -   13s
     0     0  634.01549    0 1489  546.00000  634.01549  16.1%     -   13s
     0     0  633.74172    0 1486  546.00000  633.74172  16.1%     -   13s
     0     0  633.61202    0 1488  546.00000  633.61202  16.0%     -   14s
     0     0  633.59659    0 1487  546.00000  633.59659  16.0%     -   14s
     0     0  633.47409    0 1489  546.00000  633.47409  16.0%     -   14s
     0     0  633.42979    0 1488  546.00000  633.42979  16.0%     -   14s
     0     0  633.40857    0 1486  546.00000  633.40857  16.0%     -   14s
     0     0  633.22310    0 1486  546.00000  633.22310  16.0%     -   14s
H    0     0                     547.0000000  633.22310  15.8%     -   14s
     0     0  633.18346    0 1486  547.00000  633.18346  15.8%     -   14s
     0     0  633.17717    0 1486  547.00000  633.17717  15.8%     -   14s
     0     0  633.03163    0 1480  547.00000  633.03163  15.7%     -   15s
     0     0  633.03163    0 1480  547.00000  633.03163  15.7%     -   15s
H    0     0                     552.0000000  633.03163  14.7%     -   16s
H    0     0                     556.0000000  633.03163  13.9%     -   16s
     0     2  633.03163    0 1480  556.00000  633.03163  13.9%     -   16s
     7    10  627.10734    3 1448  556.00000  632.90483  13.8%  3571   20s
H   26    31                     558.0000000  632.90483  13.4%  2360   27s
    47    55  608.09256   14 1349  558.00000  632.90483  13.4%  2012   30s
H   54    63                     559.0000000  632.90483  13.2%  1932   31s
H   87    84                     562.0000000  632.90483  12.6%  1685   33s
   106    99  583.19432   26 1219  562.00000  632.90483  12.6%  1622   35s
   142   121  627.32472    3 1443  562.00000  632.71169  12.6%  1609   40s
   168   151  600.38786   11 1312  562.00000  632.71169  12.6%  1767   45s
H  177   163                     563.0000000  632.71169  12.4%  1772   46s
H  213   176                     565.0000000  632.55294  12.0%  1700   50s
H  245   200                     566.0000000  632.55294  11.8%  1698   52s
   281   213  617.11196   13 1399  566.00000  632.55294  11.8%  1578   56s
H  301   231                     567.0000000  632.55294  11.6%  1600   58s
   307   242  607.81120   26 1344  567.00000  632.55294  11.6%  1626   60s
   392   308  597.08270   40 1284  567.00000  632.55294  11.6%  1566   66s
   452   381  582.04216   65 1213  567.00000  632.55294  11.6%  1570   71s
   520   407  632.07909   10 1473  567.00000  632.35133  11.5%  1503   76s
   557   453  617.25985   16 1374  567.00000  632.35133  11.5%  1534   81s
H  577   422                     570.0000000  632.35133  10.9%  1520   81s
H  607   417                     571.0000000  632.35133  10.7%  1478   83s
   617   444  601.57702   22 1317  571.00000  632.35133  10.7%  1512   85s
   724   491  624.85161    8 1440  571.00000  632.07871  10.7%  1438   92s
   759   539  602.81371   14 1345  571.00000  632.07871  10.7%  1476   97s
   818   556  622.18288   12 1425  571.00000  631.92883  10.7%  1465  103s
   830   576  611.47561   15 1355  571.00000  631.92883  10.7%  1494  106s
   873   599  586.30300   19 1480  571.00000  631.92883  10.7%  1538  122s
   876   601  610.20256   16 1475  571.00000  631.92883  10.7%  1533  128s
   878   602  572.75050   39 1485  571.00000  631.92883  10.7%  1529  130s
   882   605  594.88124   16 1484  571.00000  631.92883  10.7%  1522  135s
   883   606  616.40766    9 1483  571.00000  631.92883  10.7%  1521  141s
   885   607  592.12768   37 1485  571.00000  631.92883  10.7%  1517  147s
   886   608  604.00762   34 1484  571.00000  631.92883  10.7%  1516  154s
   887   608  615.79189    7 1482  571.00000  631.92883  10.7%  1514  160s
   888   609  615.95423   18 1481  571.00000  631.92883  10.7%  1512  166s
   889   610  591.18016   17 1485  571.00000  631.92883  10.7%  1510  173s
   890   610  592.98485   35 1484  571.00000  631.92883  10.7%  1509  180s
   891   611  609.07289   24 1486  571.00000  631.92883  10.7%  1507  187s
   892   612  601.30446   24 1486  571.00000  631.92883  10.7%  1505  195s
   893   612  578.82386   56 1485  571.00000  631.92883  10.7%  1504  203s
   894   613  611.38847   17 1485  571.00000  631.92883  10.7%  1502  218s
   895   617  631.92883   16 1484  571.00000  631.92883  10.7%  1557  220s
   909   626  631.27300   20 1472  571.00000  631.68411  10.6%  1578  225s
   928   640  629.79357   24 1468  571.00000  631.68411  10.6%  1596  230s
   945   652  629.42346   28 1478  571.00000  631.68411  10.6%  1615  235s
   968   666  625.13834   33 1440  571.00000  631.68411  10.6%  1639  240s
   995   689  626.76444   40 1453  571.00000  631.68411  10.6%  1652  245s
  1017   704  625.48001   46 1435  571.00000  631.68411  10.6%  1670  250s
  1042   722  623.47490   52 1422  571.00000  631.68411  10.6%  1687  256s
  1061   733  621.78743   56 1411  571.00000  631.68411  10.6%  1701  260s
  1086   751  620.88069   62 1409  571.00000  631.68411  10.6%  1725  266s
  1107   764  619.69705   67 1406  571.00000  631.68411  10.6%  1740  270s
  1141   794  618.07773   74 1400  571.00000  631.68411  10.6%  1762  277s
  1156   804  613.63081   77 1376  571.00000  631.68411  10.6%  1768  280s
  1187   824  614.95460   85 1381  571.00000  631.68411  10.6%  1780  285s
  1217   847  613.34457   92 1370  571.00000  631.68411  10.6%  1803  292s
  1235   859  612.52952   96 1365  571.00000  631.68411  10.6%  1815  295s
  1271   887  611.01336  104 1356  571.00000  631.68411  10.6%  1839  301s
  1313   917  609.63857  113 1348  571.00000  631.68411  10.6%  1866  308s
  1337   936  608.98222  118 1345  571.00000  631.68411  10.6%  1878  311s
  1364   960  607.99018  124 1337  571.00000  631.68411  10.6%  1890  315s
  1433  1019  606.40735  138 1321  571.00000  631.68411  10.6%  1906  323s
  1479  1060  605.15586  147 1308  571.00000  631.68411  10.6%  1906  328s
H 1524  1014                     572.0000000  631.68411  10.4%  1902  328s
  1535  1085  598.23032  157 1269  572.00000  631.68411  10.4%  1900  332s
H 1569  1044                     573.0000000  631.68411  10.2%  1891  332s
  1610  1130  602.46884  169 1278  573.00000  631.68411  10.2%  1870  336s
  1710  1160  600.15678  183 1257  573.00000  631.68411  10.2%  1814  341s
  1792  1196  593.61598  201 1226  573.00000  631.68411  10.2%  1779  345s
  1855  1260  586.95970  230 1182  573.00000  631.27281  10.2%  1760  350s
  1958  1237  629.98943   21 1460  573.00000  631.27281  10.2%  1708  355s
  1970  1247  629.65674   24 1456  573.00000  631.27281  10.2%  1726  360s
  1984  1256  629.16641   27 1450  573.00000  631.27281  10.2%  1743  365s
  1997  1262  624.81037   30 1426  573.00000  631.27281  10.2%  1761  370s
  2008  1275  628.12028   33 1444  573.00000  631.27281  10.2%  1773  376s
  2024  1285  627.48241   37 1441  573.00000  631.27281  10.2%  1795  382s
  2040  1298  627.08785   41 1437  573.00000  631.27281  10.2%  1812  388s
  2058  1312  626.28996   46 1432  573.00000  631.27281  10.2%  1832  394s
  2078  1327  625.90306   51 1427  573.00000  631.27281  10.2%  1849  400s
  2100  1344  624.94915   57 1425  573.00000  631.27281  10.2%  1868  406s
  2124  1364  623.64630   63 1414  573.00000  631.27281  10.2%  1883  412s
  2152  1386  621.63827   71 1402  573.00000  631.27281  10.2%  1897  418s
  2183  1409  620.24738   79 1399  573.00000  631.27281  10.2%  1912  425s
  2217  1435  618.63577   88 1390  573.00000  631.27281  10.2%  1926  431s
  2254  1467  617.16154   98 1376  573.00000  631.27281  10.2%  1944  438s
  2298  1500  615.14219  110 1356  573.00000  631.27281  10.2%  1956  445s
  2346  1540  612.63133  124 1331  573.00000  631.27281  10.2%  1962  452s
  2402  1559  608.55659  139 1314  573.00000  631.27281  10.2%  1965  460s
  2440  1598  607.59080  147 1303  573.00000  631.27281  10.2%  1965  479s
  2491  1662  603.60602  162 1291  573.00000  631.27281  10.2%  1960  490s
  2572  1696  596.98039  189 1237  573.00000  631.27281  10.2%  1944  506s
  2626  1972  584.41667  202 1158  573.00000  631.27266  10.2%  1927  516s
  2922  2030  630.47789   25 1467  573.00000  631.27266  10.2%  1801  525s
  3004  2054  629.88357   29 1458  573.00000  631.27266  10.2%  1775  535s
  3028  2080  629.14727   35 1455  573.00000  631.27266  10.2%  1795  545s
  3054  2110  628.26612   42 1450  573.00000  631.27266  10.2%  1817  555s
  3084  2145  626.89328   50 1439  573.00000  631.27266  10.2%  1840  564s
  3119  2166  621.73588   59 1407  573.00000  631.27266  10.2%  1861  575s
  3140  2212  625.24686   62 1425  573.00000  631.27266  10.2%  1874  586s
  3186  2246  622.85868   74 1415  573.00000  631.27266  10.2%  1898  597s
  3220  2313  620.28672   87 1394  573.00000  631.27266  10.2%  1910  609s
  3287  2392  616.50164  105 1381  573.00000  631.27266  10.2%  1927  621s
  3366  2507  613.22032  127 1351  573.00000  631.27266  10.2%  1944  634s
  3481  2697  605.73273  158 1285  573.00000  631.27266  10.2%  1950  648s
  3671  3003  592.07384  216 1211  573.00000  631.18098  10.2%  1925  662s
  4013  3014  629.10004   28 1458  573.00000  631.17947  10.2%  1828  676s
  4024  3052  628.38061   32 1448  573.00000  631.17947  10.2%  1836  690s
  4062  3093  627.33587   42 1440  573.00000  631.17947  10.2%  1859  704s
  4103  3136  623.81063   52 1409  573.00000  631.17947  10.2%  1881  735s
  4146  3198  623.92855   64 1415  573.00000  631.17947  10.2%  1900  751s
  4208  3286  620.37698   81 1396  573.00000  631.17947  10.2%  1919  766s
  4296  3408  615.70354  105 1367  573.00000  631.17947  10.2%  1936  782s
  4418  3642  607.26121  141 1325  573.00000  631.17947  10.2%  1948  798s
  4652  3829  588.68319  220 1204  573.00000  631.12794  10.1%  1927  812s
  4855  4190  621.84588   78 1411  573.00000  631.12794  10.1%  1881  828s
  5237  4787  600.62293  177 1278  573.00000  631.12794  10.1%  1809  845s
  5840  5224  574.39750  273 1094  573.00000  630.97337  10.1%  1691  863s
  6319  5542  611.69559  117 1349  573.00000  630.95934  10.1%  1615  879s
  6637  6179  587.23333  214 1097  573.00000  630.91906  10.1%  1589  895s
  7326  6537  620.44602   77 1408  573.00000  630.51454  10.0%  1491  920s
  7684  7106  591.21879  208 1218  573.00000  630.49336  10.0%  1467  933s
  8300  7244  610.84396   67 1345  573.00000  630.48804  10.0%  1400  939s
  8438  7513  593.43909  133 1250  573.00000  630.48076  10.0%  1392  947s
  8720  7648  629.30593   28 1458  573.00000  630.48076  10.0%  1367  953s
  8855  7869  586.21242   79 1247  573.00000  630.48010  10.0%  1361  960s
  9086  8104  623.82269   54 1408  573.00000  630.48010  10.0%  1343  968s
  9362  8242  605.56588  138 1299  573.00000  630.42406  10.0%  1320  974s
  9514  8321  627.37621   37 1434  573.00000  630.42406  10.0%  1311  980s
  9593  8497  616.19955   98 1359  573.00000  630.36800  10.0%  1311  988s
  9797  8609  620.86724   22 1424  573.00000  630.36800  10.0%  1299  995s
  9909  8743  603.23310  106 1317  573.00000  630.36081  10.0%  1297 1010s
 10057  8828  627.54417   38 1437  573.00000  630.36081  10.0%  1291 1018s
 10142  8985  618.95856   84 1383  573.00000  630.36081  10.0%  1292 1026s
 10299  9234  606.05490  137 1307  573.00000  630.36081  10.0%  1293 1034s
 10568  9420  588.92833  204 1188  573.00000  630.36081  10.0%  1279 1042s
 10764  9619  582.01120  224 1108  573.00000  630.30256  10.0%  1266 1049s
 10998  9794  618.75159   41 1398  573.00000  630.28143  10.0%  1251 1058s
 11185  9889  614.99481   22 1382  573.00000  630.28143  10.0%  1242 1066s
 11298  9996  603.87797   32 1312  573.00000  630.22334  10.0%  1242 1074s
 11451 10227  616.10234   49 1383  573.00000  630.17074  10.0%  1236 1083s
 11719 10399  619.42467   23 1407  573.00000  630.17027  10.0%  1220 1090s
 11891 10652  598.14456  123 1292  573.00000  630.12866  10.0%  1213 1102s
 12192 10674  620.77135   38 1411  573.00000  630.12848  10.0%  1195 1110s
 12214 10868  620.66855   39 1412  573.00000  630.12848  10.0%  1194 1117s
 12408 11129  598.20235  146 1273  573.00000  630.09700  10.0%  1187 1125s
 12708 11364  623.06668   57 1406  573.00000  630.06749  10.0%  1171 1133s
 12961 11513  600.26871  162 1277  573.00000  630.05871  10.0%  1159 1140s
 13126 11721  620.39635   44 1408  573.00000  630.05707  10.0%  1152 1148s
 13344 11804  622.98455   25 1423  573.00000  630.05707  10.0%  1145 1157s
 13439 11842  621.19582   33 1413  573.00000  630.05707  10.0%  1145 1165s
 13479 11904  620.24008   41 1405  573.00000  630.05707  10.0%  1151 1173s
 13573 12078  618.83747   50 1392  573.00000  630.05707  10.0%  1153 1183s
 13765 12191  617.35267   61 1374  573.00000  630.05707  10.0%  1149 1191s
 13888 12289  612.82731   76 1363  573.00000  630.05707  10.0%  1150 1211s
 13986 12445  609.23998   94 1347  573.00000  630.05707  10.0%  1151 1221s
 14144 12487  601.30830  115 1295  573.00000  630.05707  10.0%  1149 1229s
 14198 12560  601.50378  129 1297  573.00000  630.05707  10.0%  1151 1239s
 14273 12798  598.79457  143 1254  573.00000  629.87798  9.93%  1150 1248s
 14562 12799  604.52640  139 1480  573.00000  629.83409  9.92%  1143 1507s
 14565 12801  595.49125  125 1485  573.00000  629.83409  9.92%  1143 1516s
 14572 12806  584.50000  207 1488  573.00000  627.06173  9.43%  1142 1529s
 14573 12806  595.69802  195 1486  573.00000  626.99244  9.42%  1142 1541s
 14576 12808  620.13560   51 1489  573.00000  626.96498  9.42%  1142 1552s
 14577 12809  598.54521  163 1485  573.00000  626.62874  9.36%  1142 1563s
 14581 12812  603.34359  156 1488  573.00000  626.52969  9.34%  1141 1575s
 14582 12812  594.51711  200 1486  573.00000  626.11986  9.27%  1141 1588s
 14585 12814  604.19054  146 1485  573.00000  625.93961  9.24%  1141 1599s
 14586 12815  610.04802   76 1488  573.00000  625.78237  9.21%  1141 1611s
 14588 12816  578.00000  267 1489  573.00000  625.74687  9.21%  1141 1625s
 14589 12817  577.59736  237 1488  573.00000  625.64543  9.19%  1141 1639s
 14591 12818  588.94387  228 1488  573.00000  625.62388  9.18%  1141 1654s
 14592 12819  587.33857  220 1488  573.00000  625.49984  9.16%  1141 1666s
 14595 12821  580.90663  238 1488  573.00000  625.45290  9.15%  1140 1679s
 14596 12822  619.59155   71 1491  573.00000  625.31380  9.13%  1140 1692s
 14599 12824  591.55322  201 1494  573.00000  625.24835  9.12%  1140 1704s
 14600 12824  605.54712  134 1490  573.00000  625.19612  9.11%  1140 1718s
 14602 12826  598.17122  180 1492  573.00000  625.16334  9.10%  1140 1731s
 14603 12826  619.01122   75 1492  573.00000  625.11036  9.09%  1140 1743s
 14606 12828  598.97222  167 1493  573.00000  625.08155  9.09%  1139 1755s
 14607 12829  580.50000  236 1491  573.00000  624.99551  9.07%  1139 1767s

Gurobi 11.0.3 (linux64) logging started Sat Mar  7 16:20:15 2026

Set parameter LogFile to value "./log/train/IS_1500_6/IS_75.lp.log"
Set parameter TimeLimit to value 3600
Gurobi Optimizer version 11.0.3 build v11.0.3rc0 (linux64 - "Ubuntu 22.04.5 LTS")

CPU model: AMD Ryzen 9 9900X 12-Core Processor, instruction set [SSE2|AVX|AVX2|AVX512]
Thread count: 12 physical cores, 24 logical processors, using up to 1 threads

Optimize a model with 9192 rows, 1500 columns and 18116 nonzeros
Model fingerprint: 0x61377694
Variable types: 0 continuous, 1500 integer (1500 binary)
Coefficient statistics:
  Matrix range     [1e+00, 1e+00]
  Objective range  [1e+00, 1e+00]
  Bounds range     [1e+00, 1e+00]
  RHS range        [1e+00, 1e+00]
Found heuristic solution: objective 344.0000000
Presolve removed 1689 rows and 0 columns
Presolve time: 0.04s
Presolved: 7503 rows, 1500 columns, 16321 nonzeros
Variable types: 0 continuous, 1500 integer (1500 binary)

Root relaxation: objective 6.830000e+02, 3725 iterations, 0.17 seconds (0.21 work units)

    Nodes    |    Current Node    |     Objective Bounds      |     Work
 Expl Unexpl |  Obj  Depth IntInf | Incumbent    BestBd   Gap | It/Node Time

     0     0  683.00000    0 1340  344.00000  683.00000  98.5%     -    0s
H    0     0                     509.0000000  683.00000  34.2%     -    0s
H    0     0                     511.0000000  683.00000  33.7%     -    0s
     0     0  666.78356    0 1453  511.00000  666.78356  30.5%     -    1s
     0     0  666.77993    0 1455  511.00000  666.77993  30.5%     -   54s
     0     0  666.77902    0 1455  511.00000  666.77902  30.5%     -   54s
     0     0  660.19243    0 1481  511.00000  660.19243  29.2%     -   55s
H    0     0                     540.0000000  660.19243  22.3%     -   55s
H    0     0                     542.0000000  660.19243  21.8%     -   55s
     0     0  659.77336    0 1480  542.00000  659.77336  21.7%     -   55s
     0     0  659.66529    0 1481  542.00000  659.66529  21.7%     -   55s
     0     0  659.64887    0 1481  542.00000  659.64887  21.7%     -   55s
     0     0  659.64840    0 1482  542.00000  659.64840  21.7%     -   55s
     0     0  654.60190    0 1481  542.00000  654.60190  20.8%     -   56s
     0     0  654.09518    0 1479  542.00000  654.09518  20.7%     -   56s
     0     0  654.06087    0 1478  542.00000  654.06087  20.7%     -   56s
     0     0  654.05583    0 1477  542.00000  654.05583  20.7%     -   56s
     0     0  650.36191    0 1480  542.00000  650.36191  20.0%     -   57s
     0     0  649.88503    0 1484  542.00000  649.88503  19.9%     -   58s
     0     0  649.83998    0 1484  542.00000  649.83998  19.9%     -   58s
     0     0  649.82458    0 1484  542.00000  649.82458  19.9%     -   58s
     0     0  649.81947    0 1485  542.00000  649.81947  19.9%     -   58s
     0     0  646.42593    0 1482  542.00000  646.42593  19.3%     -   59s
     0     0  646.10897    0 1484  542.00000  646.10897  19.2%     -   59s
     0     0  646.08241    0 1485  542.00000  646.08241  19.2%     -   59s
     0     0  646.07795    0 1488  542.00000  646.07795  19.2%     -   59s
     0     0  644.50000    0 1484  542.00000  644.50000  18.9%     -   60s
     0     0  644.27544    0 1485  542.00000  644.27544  18.9%     -   60s
     0     0  644.22807    0 1487  542.00000  644.22807  18.9%     -  114s
     0     0  644.21794    0 1487  542.00000  644.21794  18.9%     -  114s
     0     0  642.95493    0 1476  542.00000  642.95493  18.6%     -  114s
     0     0  642.72833    0 1481  542.00000  642.72833  18.6%     -  115s
     0     0  642.68328    0 1482  542.00000  642.68328  18.6%     -  115s
     0     0  642.67089    0 1484  542.00000  642.67089  18.6%     -  115s
     0     0  641.71226    0 1484  542.00000  641.71226  18.4%     -  116s
H    0     0                     543.0000000  641.71226  18.2%     -  116s
     0     0  641.49340    0 1484  543.00000  641.49340  18.1%     -  116s
     0     0  641.46778    0 1484  543.00000  641.46778  18.1%     -  116s
     0     0  641.46199    0 1485  543.00000  641.46199  18.1%     -  116s
     0     0  640.67538    0 1485  543.00000  640.67538  18.0%     -  117s
     0     0  640.53708    0 1484  543.00000  640.53708  18.0%     -  117s
     0     0  640.51969    0 1485  543.00000  640.51969  18.0%     -  117s
     0     0  640.51454    0 1483  543.00000  640.51454  18.0%     -  117s
     0     0  639.87993    0 1484  543.00000  639.87993  17.8%     -  117s
     0     0  639.79404    0 1485  543.00000  639.79404  17.8%     -  118s
     0     0  639.77682    0 1484  543.00000  639.77682  17.8%     -  118s
     0     0  639.77254    0 1485  543.00000  639.77254  17.8%     -  118s
     0     0  638.89156    0 1481  543.00000  638.89156  17.7%     -  118s
     0     0  638.75540    0 1487  543.00000  638.75540  17.6%     -  119s
     0     0  638.73519    0 1490  543.00000  638.73519  17.6%     -  119s
     0     0  638.73155    0 1486  543.00000  638.73155  17.6%     -  119s
     0     0  638.11258    0 1484  543.00000  638.11258  17.5%     -  119s
     0     0  638.01901    0 1488  543.00000  638.01901  17.5%     -  120s
     0     0  637.99731    0 1485  543.00000  637.99731  17.5%     -  174s
     0     0  637.99179    0 1488  543.00000  637.99179  17.5%     -  174s
     0     0  637.34595    0 1477  543.00000  637.34595  17.4%     -  174s
     0     0  637.24707    0 1484  543.00000  637.24707  17.4%     -  174s
     0     0  637.22405    0 1484  543.00000  637.22405  17.4%     -  175s
     0     0  637.21374    0 1484  543.00000  637.21374  17.4%     -  175s
     0     0  636.75036    0 1481  543.00000  636.75036  17.3%     -  175s
     0     0  636.64133    0 1483  543.00000  636.64133  17.2%     -  175s
     0     0  636.62402    0 1484  543.00000  636.62402  17.2%     -  175s
     0     0  636.32392    0 1484  543.00000  636.32392  17.2%     -  176s
H    0     0                     545.0000000  636.32392  16.8%     -  176s
     0     0  636.26437    0 1484  545.00000  636.26437  16.7%     -  176s
     0     0  636.25228    0 1484  545.00000  636.25228  16.7%     -  176s
     0     0  636.03955    0 1481  545.00000  636.03955  16.7%     -  176s
     0     0  635.99021    0 1484  545.00000  635.99021  16.7%     -  177s
     0     0  635.98519    0 1485  545.00000  635.98519  16.7%     -  177s
     0     0  635.71778    0 1485  545.00000  635.71778  16.6%     -  177s
     0     0  635.65563    0 1488  545.00000  635.65563  16.6%     -  177s
     0     0  635.64430    0 1487  545.00000  635.64430  16.6%     -  177s
     0     0  635.36066    0 1485  545.00000  635.36066  16.6%     -  178s
H    0     0                     546.0000000  635.36066  16.4%     -  178s
     0     0  635.32351    0 1484  546.00000  635.32351  16.4%     -  178s
     0     0  635.31493    0 1486  546.00000  635.31493  16.4%     -  178s
     0     0  634.93433    0 1482  546.00000  634.93433  16.3%     -  178s
     0     0  634.85383    0 1483  546.00000  634.85383  16.3%     -  179s
     0     0  634.83622    0 1484  546.00000  634.83622  16.3%     -  179s
     0     0  634.43466    0 1481  546.00000  634.43466  16.2%     -  179s
     0     0  634.34983    0 1485  546.00000  634.34983  16.2%     -  180s
     0     0  634.33713    0 1487  546.00000  634.33713  16.2%     -  180s
     0     0  634.09957    0 1484  546.00000  634.09957  16.1%     -  180s
     0     0  634.02981    0 1487  546.00000  634.02981  16.1%     -  234s
     0     0  634.01549    0 1489  546.00000  634.01549  16.1%     -  234s
     0     0  633.74172    0 1486  546.00000  633.74172  16.1%     -  234s
     0     0  633.61202    0 1488  546.00000  633.61202  16.0%     -  235s
     0     0  633.59659    0 1487  546.00000  633.59659  16.0%     -  235s
     0     0  633.47409    0 1489  546.00000  633.47409  16.0%     -  235s
     0     0  633.42979    0 1488  546.00000  633.42979  16.0%     -  235s
     0     0  633.40857    0 1486  546.00000  633.40857  16.0%     -  235s
     0     0  633.22310    0 1486  546.00000  633.22310  16.0%     -  236s
H    0     0                     547.0000000  633.22310  15.8%     -  236s
     0     0  633.18346    0 1486  547.00000  633.18346  15.8%     -  236s
     0     0  633.17717    0 1486  547.00000  633.17717  15.8%     -  236s
     0     0  633.03163    0 1480  547.00000  633.03163  15.7%     -  236s
     0     0  633.03163    0 1480  547.00000  633.03163  15.7%     -  236s
H    0     0                     552.0000000  633.03163  14.7%     -  237s
H    0     0                     556.0000000  633.03163  13.9%     -  239s
     0     2  633.02909    0 1480  556.00000  633.02909  13.9%     -  239s
     2     4  627.59886    1 1449  556.00000  632.90500  13.8%  4564  241s
    10    12  611.20845    6 1360  556.00000  632.90500  13.8%  3437  245s
H   26    26                     558.0000000  632.90500  13.4%  2432  248s
    44    46  576.55556   29 1114  558.00000  632.90500  13.4%  1856  250s
H   52    52                     559.0000000  632.90500  13.2%  1664  250s
H   82    76                     561.0000000  632.90500  12.8%  1301  252s
    98    82  621.05090    5 1430  561.00000  632.90483  12.8%  1265  256s
   104    88  623.75299    9 1427  561.00000  632.90483  12.8%  1417  260s
   124   108  587.06805   23 1256  561.00000  632.90483  12.8%  1565  265s
   181   155  627.77185    2 1444  561.00000  632.85111  12.8%  1439  270s
H  190   158                     563.0000000  632.85111  12.4%  1485  273s
   195   165  613.29309   12 1355  563.00000  632.85111  12.4%  1521  275s
   225   195  605.08161   33 1311  563.00000  632.85111  12.4%  1588  280s
   285   249  566.71728   71 1110  563.00000  632.85111  12.4%  1464  285s
   303   253  623.04538    5 1420  563.00000  632.64863  12.4%  1426  296s
   310   260  606.15880    9 1344  563.00000  632.64863  12.4%  1474  300s
   330   280  591.63278   23 1268  563.00000  632.64863  12.4%  1504  305s
   365   307  626.18443    8 1437  563.00000  632.48681  12.3%  1467  310s
   379   321  604.59872   17 1314  563.00000  632.48681  12.3%  1513  315s
H  382   311                     566.0000000  632.48681  11.7%  1505  316s
H  409   332                     567.0000000  632.48681  11.5%  1485  318s
H  416   332                     568.0000000  632.48681  11.4%  1466  319s
   438   336  625.35753    6 1440  568.00000  632.31802  11.3%  1424  321s
   449   347  606.84490   14 1328  568.00000  632.31802  11.3%  1451  325s
H  465   353                     569.0000000  632.31802  11.1%  1468  329s
   471   361  591.46219   29 1267  569.00000  632.31802  11.1%  1472  330s
   530   406  625.76368    8 1441  569.00000  632.14263  11.1%  1418  335s
   542   418  616.16196   16 1377  569.00000  632.14263  11.1%  1441  340s
H  546   414                     570.0000000  632.14263  10.9%  1435  341s
   563   433  607.77476   32 1329  570.00000  632.14263  10.9%  1452  345s
   569   438  626.31480    7 1480  570.00000  632.14263  10.9%  1447  357s
   572   440  619.94361   14 1477  570.00000  632.14263  10.9%  1439  364s
   573   441  611.44718   20 1484  570.00000  632.14263  10.9%  1437  365s
   578   444  583.71778   31 1488  570.00000  632.14263  10.9%  1424  374s
   579   445  610.91478   23 1483  570.00000  632.14263  10.9%  1422  382s
   581   446  573.39303   53 1484  570.00000  632.14263  10.9%  1417  390s
   582   447  605.59033   18 1484  570.00000  632.14263  10.9%  1415  400s
   583   447  573.69355   67 1485  570.00000  632.14263  10.9%  1412  410s
   584   448  612.06164   18 1483  570.00000  632.14263  10.9%  1410  419s
   585   449  576.55556   30 1485  570.00000  632.14263  10.9%  1407  429s
   586   449  592.97215   28 1482  570.00000  632.14263  10.9%  1405  440s
   587   450  573.58499   39 1483  570.00000  632.14263  10.9%  1403  449s
   588   451  611.06771   22 1483  570.00000  632.14263  10.9%  1400  459s
   589   451  588.09321   16 1484  570.00000  632.14263  10.9%  1398  460s
   592   453  612.58972   35 1485  570.00000  632.14263  10.9%  1391  476s
   595   457  631.54009   17 1468  570.00000  632.14263  10.9%  1490  480s
   605   464  631.38814   22 1468  570.00000  632.14263  10.9%  1505  485s
   615   471  629.55012   27 1452  570.00000  632.14263  10.9%  1520  490s
   626   478  627.93006   32 1448  570.00000  632.14263  10.9%  1536  495s
   637   485  624.84545   38 1440  570.00000  632.14263  10.9%  1555  500s
   650   494  624.53813   44 1429  570.00000  632.14263  10.9%  1570  505s
   664   503  614.28328   51 1388  570.00000  632.14263  10.9%  1598  510s
   677   512  618.53919   58 1407  570.00000  632.14263  10.9%  1611  515s
   686   518  612.72002   62 1372  570.00000  632.14263  10.9%  1630  520s
   702   529  606.82347   70 1353  570.00000  632.14263  10.9%  1646  526s
   711   535  617.68681   75 1403  570.00000  632.14263  10.9%  1656  530s
   725   544  615.76634   82 1395  570.00000  632.14263  10.9%  1670  535s
   743   556  612.87011   91 1378  570.00000  632.14263  10.9%  1674  540s
   761   568  610.03376  100 1373  570.00000  632.14263  10.9%  1680  545s
   778   579  595.35699  108 1297  570.00000  632.14263  10.9%  1691  550s
   796   591  601.77930  117 1337  570.00000  632.14263  10.9%  1702  555s
   823   609  599.74688  131 1340  570.00000  632.14263  10.9%  1701  560s
   847   625  594.63596  143 1302  570.00000  632.14263  10.9%  1715  565s
   878   646  588.91617  158 1284  570.00000  632.14263  10.9%  1727  570s
   908   666  584.29477  173 1249  570.00000  632.14263  10.9%  1741  575s
   944   690  576.39736  191 1212  570.00000  632.14263  10.9%  1751  580s
   982   713  575.13158  210 1176  570.00000  632.14263  10.9%  1754  585s
  1031   746  578.68212  235 1155  570.00000  632.14263  10.9%  1735  590s
  1130   781  632.05296   19 1483  570.00000  632.14263  10.9%  1641  595s
  1136   785  621.39939   22 1424  570.00000  632.14263  10.9%  1661  601s
  1144   790  625.88194   26 1437  570.00000  632.14263  10.9%  1678  605s
  1150   794  625.73574   29 1440  570.00000  632.14263  10.9%  1694  610s
  1158   800  625.66145   33 1439  570.00000  632.14263  10.9%  1712  615s
  1164   804  622.42177   36 1417  570.00000  632.14263  10.9%  1729  620s
  1170   808  624.82495   39 1432  570.00000  632.14263  10.9%  1741  625s
  1178   813  626.29005   43 1438  570.00000  632.14263  10.9%  1756  630s
  1184   817  622.00134   46 1418  570.00000  632.14263  10.9%  1768  635s
  1192   822  623.15235   50 1421  570.00000  632.14263  10.9%  1780  640s
  1200   828  622.15190   54 1416  570.00000  632.14263  10.9%  1793  645s
  1208   833  609.79265   58 1344  570.00000  632.14263  10.9%  1810  651s
  1214   837  619.68257   61 1402  570.00000  632.14263  10.9%  1819  655s
  1222   842  621.52882   65 1414  570.00000  632.14263  10.9%  1832  660s
  1230   848  616.47225   69 1373  570.00000  632.14263  10.9%  1845  665s
  1239   854  625.34777   74 1424  570.00000  632.14263  10.9%  1853  670s
  1250   861  621.68302   79 1399  570.00000  632.14263  10.9%  1863  675s
  1262   869  615.61577   85 1376  570.00000  632.14263  10.9%  1872  680s
  1272   876  616.41468   90 1371  570.00000  632.14263  10.9%  1883  685s
  1282   882  610.46548   95 1328  570.00000  632.14263  10.9%  1894  690s
  1296   892  614.73147  102 1367  570.00000  632.14263  10.9%  1902  695s
  1310   901  614.43102  109 1364  570.00000  632.14263  10.9%  1910  700s
  1326   912  613.59597  117 1358  570.00000  632.14263  10.9%  1915  705s
  1342   922  613.45084  125 1352  570.00000  632.14263  10.9%  1922  710s
  1360   934  611.01435  134 1337  570.00000  632.14263  10.9%  1927  715s
  1384   950  606.28011  146 1315  570.00000  632.14263  10.9%  1928  720s
H 1402   922                     571.0000000  632.14263  10.7%  1923  724s
  1408   928  606.94015  158 1304  571.00000  632.14263  10.7%  1927  725s
  1441   950  604.94420  175 1289  571.00000  632.14263  10.7%  1918  730s
  1496   987  595.25478  202 1235  571.00000  632.14263  10.7%  1885  735s
  1572  1036  574.76753  240 1106  571.00000  632.14263  10.7%  1833  740s
H 1581  1005                     573.0000000  632.14263  10.3%  1825  740s
  1673  1047  628.18872   20 1454  573.00000  631.56485  10.2%  1749  745s
  1679  1051  627.65285   23 1453  573.00000  631.56485  10.2%  1758  750s
  1686  1056  622.05881   26 1420  573.00000  631.56485  10.2%  1770  755s
  1693  1060  626.48478   30 1441  573.00000  631.56485  10.2%  1776  760s
  1700  1065  620.07073   33 1406  573.00000  631.56485  10.2%  1787  765s
  1708  1070  618.67460   37 1401  573.00000  631.56485  10.2%  1796  770s
  1716  1076  622.18988   41 1413  573.00000  631.56485  10.2%  1804  775s
  1726  1082  616.22818   46 1381  573.00000  631.56485  10.2%  1814  781s
  1734  1088  617.49890   50 1393  573.00000  631.56485  10.2%  1822  785s
  1744  1094  613.60078   55 1361  573.00000  631.56485  10.2%  1832  791s
  1752  1100  616.86130   59 1383  573.00000  631.56485  10.2%  1840  795s
  1762  1106  616.88780   64 1377  573.00000  631.56485  10.2%  1848  800s
  1774  1114  618.27773   70 1381  573.00000  631.56485  10.2%  1859  805s
  1786  1122  607.79884   76 1332  573.00000  631.56485  10.2%  1870  810s
  1796  1129  610.35622   81 1348  573.00000  631.56485  10.2%  1876  815s
  1812  1140  613.82696   89 1353  573.00000  631.56485  10.2%  1882  820s
  1828  1154  612.97403   97 1356  573.00000  631.56485  10.2%  1888  825s
  1846  1172  610.16213  106 1344  573.00000  631.56485  10.2%  1892  830s
  1864  1190  605.35835  115 1321  573.00000  631.56485  10.2%  1897  835s
  1888  1214  592.55434  127 1231  573.00000  631.56485  10.2%  1897  840s
  1914  1240  604.46611  140 1296  573.00000  631.56485  10.2%  1898  845s
  1943  1269  603.62711  155 1277  573.00000  631.56485  10.2%  1894  851s
  1970  1296  599.75988  168 1249  573.00000  631.56485  10.2%  1886  856s
  1997  1323  596.16094  182 1246  573.00000  631.56485  10.2%  1874  861s
  2038  1364  588.45618  202 1195  573.00000  631.56485  10.2%  1855  865s
  2105  1431  578.60409  236 1110  573.00000  631.56485  10.2%  1815  870s
  2155  1457  626.82716   21 1442  573.00000  631.56433  10.2%  1784  875s
  2161  1463  624.75255   24 1436  573.00000  631.56433  10.2%  1793  880s
  2167  1469  621.30834   27 1414  573.00000  631.56433  10.2%  1800  885s
  2173  1475  624.29150   30 1431  573.00000  631.56433  10.2%  1807  890s
  2179  1481  624.94086   33 1426  573.00000  631.56433  10.2%  1814  896s
  2183  1485  622.75685   35 1416  573.00000  631.56433  10.2%  1818  900s
  2189  1491  621.91731   38 1417  573.00000  631.56433  10.2%  1824  905s
  2197  1499  623.27561   42 1416  573.00000  631.56433  10.2%  1832  910s
  2205  1507  624.84519   46 1417  573.00000  631.56433  10.2%  1839  916s
  2209  1511  619.74165   48 1395  573.00000  631.56433  10.2%  1843  920s
  2217  1519  616.62564   52 1377  573.00000  631.56433  10.2%  1851  925s
  2227  1529  622.39083   57 1406  573.00000  631.56433  10.2%  1858  930s
  2231  1533  620.79882   59 1406  573.00000  631.56433  10.2%  1860  936s
  2237  1539  613.17758   62 1373  573.00000  631.56433  10.2%  1866  940s
  2245  1547  620.73117   66 1408  573.00000  631.56433  10.2%  1871  945s
  2253  1555  617.07709   70 1386  573.00000  631.56433  10.2%  1877  950s
  2257  1559  614.18263   72 1359  573.00000  631.56433  10.2%  1881  958s
  2261  1563  615.71030   74 1368  573.00000  631.56433  10.2%  1883  960s
  2269  1571  619.30834   78 1384  573.00000  631.56433  10.2%  1887  965s
  2281  1583  619.19016   84 1387  573.00000  631.56433  10.2%  1892  970s
  2283  1585  610.47321   85 1333  573.00000  631.56433  10.2%  1893  976s
  2294  1596  620.35652   91 1393  573.00000  631.56433  10.2%  1896  982s
  2303  1605  615.51797   95 1370  573.00000  631.56433  10.2%  1900  985s
  2319  1621  600.37815  103 1283  573.00000  631.56433  10.2%  1904  990s
  2329  1631  608.98254  108 1332  573.00000  631.56433  10.2%  1909  995s
  2347  1649  612.27216  117 1344  573.00000  631.56433  10.2%  1911 1000s
  2348  1650  615.10865  118 1361  573.00000  631.56433  10.2%  1911 1005s
  2369  1671  610.53360  128 1321  573.00000  631.56433  10.2%  1913 1010s
  2388  1690  610.75181  138 1334  573.00000  631.56433  10.2%  1913 1015s
  2403  1705  606.49927  145 1309  573.00000  631.56433  10.2%  1914 1020s
  2429  1731  603.46064  158 1274  573.00000  631.56433  10.2%  1911 1025s
  2456  1758  603.62153  172 1294  573.00000  631.56433  10.2%  1905 1036s
  2483  1785  597.24790  185 1235  573.00000  631.56433  10.2%  1899 1042s
  2511  1813  595.01242  199 1241  573.00000  631.56433  10.2%  1890 1045s
  2644  1928  627.92745   20 1445  573.00000  631.50368  10.2%  1821 1051s
  2650  1934  622.79957   23 1417  573.00000  631.50368  10.2%  1826 1055s
  2656  1940  622.90195   26 1407  573.00000  631.50368  10.2%  1832 1060s
  2664  1948  621.69456   30 1412  573.00000  631.50368  10.2%  1838 1065s
  2674  1958  618.91631   35 1403  573.00000  631.50368  10.2%  1846 1070s
  2679  1963  625.10905   38 1425  573.00000  631.50368  10.2%  1849 1075s
  2688  1972  619.92462   42 1395  573.00000  631.50368  10.2%  1855 1080s
  2696  1980  620.40662   46 1391  573.00000  631.50368  10.2%  1861 1085s
  2705  1989  623.62889   51 1409  573.00000  631.50368  10.2%  1866 1091s
  2712  1996  615.83989   54 1372  573.00000  631.50368  10.2%  1872 1095s
  2722  2006  612.01314   59 1356  573.00000  631.50368  10.2%  1878 1100s
  2724  2008  616.20974   60 1382  573.00000  631.50368  10.2%  1879 1119s
  2726  2010  616.49805   61 1374  573.00000  631.50368  10.2%  1880 1120s
  2732  2016  617.59694   64 1376  573.00000  631.50368  10.2%  1883 1128s
  2738  2022  613.51815   67 1352  573.00000  631.50368  10.2%  1886 1130s
  2756  2040  615.46772   76 1368  573.00000  631.50368  10.2%  1892 1135s
  2772  2056  614.35302   84 1361  573.00000  631.50368  10.2%  1896 1140s
  2789  2073  615.36979   93 1367  573.00000  631.50368  10.2%  1899 1145s
  2808  2092  610.51446  102 1336  573.00000  631.50368  10.2%  1903 1150s
  2828  2112  607.35722  112 1315  573.00000  631.50368  10.2%  1906 1155s
  2854  2138  607.35555  125 1300  573.00000  631.50368  10.2%  1907 1160s
  2882  2166  604.95302  139 1288  573.00000  631.50368  10.2%  1907 1165s
  2922  2206  598.60047  159 1254  573.00000  631.50368  10.2%  1901 1170s
  3017  2301  587.19646  207 1164  573.00000  631.50368  10.2%  1870 1175s
  3110  2375  625.76916   20 1434  573.00000  631.44497  10.2%  1832 1182s
  3114  2379  626.68604   22 1428  573.00000  631.44497  10.2%  1835 1185s
  3120  2385  625.49309   25 1437  573.00000  631.44497  10.2%  1840 1190s
  3125  2390  629.45405   28 1458  573.00000  631.44497  10.2%  1844 1195s
  3132  2397  623.37643   31 1423  573.00000  631.44497  10.2%  1850 1201s
  3137  2402  628.75357   34 1446  573.00000  631.44497  10.2%  1853 1205s
  3142  2407  622.21962   36 1419  573.00000  631.44497  10.2%  1858 1210s
  3150  2415  623.31511   40 1419  573.00000  631.44497  10.2%  1863 1215s
  3158  2423  624.24976   44 1419  573.00000  631.44497  10.2%  1868 1220s
  3164  2429  619.70574   47 1399  573.00000  631.44497  10.2%  1872 1226s
  3172  2437  618.19069   51 1397  573.00000  631.44497  10.2%  1877 1230s
  3180  2445  621.39381   55 1407  573.00000  631.44497  10.2%  1882 1235s
  3188  2453  616.01637   59 1369  573.00000  631.44497  10.2%  1887 1240s
  3194  2459  619.77628   62 1395  573.00000  631.44497  10.2%  1890 1245s
  3204  2469  608.54859   67 1335  573.00000  631.44497  10.2%  1895 1250s
  3214  2479  621.26490   72 1392  573.00000  631.44497  10.2%  1898 1255s
  3224  2489  619.91159   77 1384  573.00000  631.44497  10.2%  1901 1264s
  3226  2491  619.42406   78 1389  573.00000  631.44497  10.2%  1901 1265s
  3241  2506  619.79843   86 1393  573.00000  631.44497  10.2%  1904 1270s
  3256  2521  614.00802   93 1353  573.00000  631.44497  10.2%  1908 1275s
  3270  2535  614.20651  100 1363  573.00000  631.44497  10.2%  1910 1280s
  3287  2552  615.50649  109 1362  573.00000  631.44497  10.2%  1911 1285s
  3306  2571  611.12758  118 1338  573.00000  631.44497  10.2%  1913 1290s
  3327  2592  611.75502  129 1331  573.00000  631.44497  10.2%  1914 1295s
  3354  2619  597.53695  142 1269  573.00000  631.44497  10.2%  1917 1300s
  3383  2648  606.34486  157 1304  573.00000  631.44497  10.2%  1915 1305s
  3424  2689  600.27651  177 1283  573.00000  631.44497  10.2%  1908 1310s
  3504  2769  587.30498  217 1188  573.00000  631.44497  10.2%  1883 1315s
  3628  2850  625.11658   19 1423  573.00000  631.26889  10.2%  1832 1321s
  3634  2856  625.28223   22 1426  573.00000  631.26889  10.2%  1836 1326s
  3640  2862  618.65523   25 1401  573.00000  631.26889  10.2%  1840 1331s
  3646  2868  623.91560   28 1426  573.00000  631.26889  10.2%  1844 1335s
  3652  2874  621.99048   31 1414  573.00000  631.26889  10.2%  1848 1340s
  3658  2880  620.22902   34 1394  573.00000  631.26889  10.2%  1852 1345s
  3666  2888  622.38624   38 1409  573.00000  631.26889  10.2%  1856 1350s
  3672  2894  614.32948   41 1382  573.00000  631.26889  10.2%  1860 1355s
  3680  2902  621.01871   45 1393  573.00000  631.26889  10.2%  1864 1360s
  3688  2910  620.75543   49 1401  573.00000  631.26889  10.2%  1868 1365s
  3698  2920  622.55874   54 1391  573.00000  631.26889  10.2%  1873 1370s
  3710  2932  620.99369   60 1389  573.00000  631.26889  10.2%  1878 1375s
  3721  2943  622.88794   66 1407  573.00000  631.26889  10.2%  1880 1383s
  3724  2946  618.78450   67 1377  573.00000  631.26889  10.2%  1881 1385s
  3736  2958  604.52780   73 1316  573.00000  631.26889  10.2%  1886 1390s
  3747  2969  620.65385   79 1390  573.00000  631.26889  10.2%  1889 1395s
  3760  2982  608.30181   85 1317  573.00000  631.26889  10.2%  1893 1400s
  3776  2998  614.89960   93 1342  573.00000  631.26889  10.2%  1894 1405s
  3796  3018  612.35328  103 1338  573.00000  631.26889  10.2%  1896 1410s
  3816  3038  607.33761  113 1320  573.00000  631.26889  10.2%  1897 1415s
  3837  3059  610.94976  124 1337  573.00000  631.26889  10.2%  1897 1420s
  3865  3087  608.17935  138 1317  573.00000  631.26889  10.2%  1896 1425s
  3890  3112  597.37832  150 1263  573.00000  631.26889  10.2%  1897 1430s
  3919  3141  601.85393  165 1260  573.00000  631.26889  10.2%  1892 1447s
  3938  3160  598.26562  174 1221  573.00000  631.26889  10.2%  1889 1450s
  4008  3230  588.52845  209 1132  573.00000  631.26889  10.2%  1871 1455s
  4109  3307  624.78163   18 1434  573.00000  631.25914  10.2%  1835 1460s
  4115  3313  624.69667   21 1429  573.00000  631.25914  10.2%  1839 1465s
  4121  3319  623.00758   24 1421  573.00000  631.25914  10.2%  1842 1470s
  4127  3325  622.25819   27 1418  573.00000  631.25914  10.2%  1845 1475s
  4135  3333  622.79739   31 1412  573.00000  631.25914  10.2%  1850 1480s
  4142  3340  626.93921   35 1437  573.00000  631.25914  10.2%  1852 1485s
  4149  3347  621.25817   38 1402  573.00000  631.25914  10.2%  1857 1490s
  4157  3355  613.29999   42 1386  573.00000  631.25914  10.2%  1862 1496s
  4164  3362  625.45301   46 1427  573.00000  631.25914  10.2%  1865 1500s
  4173  3371  621.05271   50 1400  573.00000  631.25914  10.2%  1869 1505s
  4183  3381  621.45794   55 1395  573.00000  631.25914  10.2%  1873 1510s
  4193  3391  619.57359   60 1390  573.00000  631.25914  10.2%  1875 1515s
  4206  3404  621.78069   67 1404  573.00000  631.25914  10.2%  1878 1520s
  4219  3417  618.66920   73 1390  573.00000  631.25914  10.2%  1881 1525s
  4233  3431  616.17932   80 1373  573.00000  631.25914  10.2%  1884 1530s
  4249  3447  613.42430   88 1365  573.00000  631.25914  10.2%  1888 1535s
  4267  3465  611.32756   97 1343  573.00000  631.25914  10.2%  1889 1540s
  4288  3486  611.98046  108 1355  573.00000  631.25914  10.2%  1891 1545s
  4317  3515  606.61367  122 1319  573.00000  631.25914  10.2%  1892 1550s
  4353  3551  598.10786  140 1244  573.00000  631.25914  10.2%  1891 1555s
  4390  3588  602.15338  159 1292  573.00000  631.25914  10.2%  1888 1560s
  4444  3642  595.53282  186 1262  573.00000  631.25914  10.2%  1880 1565s
  4546  3744  579.29028  237 1144  573.00000  631.25914  10.2%  1855 1570s
  4618  3794  627.83756   37 1447  573.00000  630.85480  10.1%  1834 1575s
  4657  3833  621.49003   75 1407  573.00000  630.85480  10.1%  1826 1580s
  4686  3862  616.28415   98 1376  573.00000  630.85480  10.1%  1824 1585s
  4735  3911  607.27444  136 1310  573.00000  630.85480  10.1%  1815 1590s
  4793  3969  600.31024  173 1259  573.00000  630.85480  10.1%  1806 1595s
  4885  4061  591.22548  208 1186  573.00000  630.85480  10.1%  1786 1600s
  5024  4200  583.82200  229 1143  573.00000  630.85480  10.1%  1750 1605s
  5300  4449  629.85099   22 1458  573.00000  630.85476  10.1%  1670 1610s
  5336  4485  625.13766   58 1412  573.00000  630.85476  10.1%  1665 1615s
  5372  4521  615.90209   88 1357  573.00000  630.85476  10.1%  1662 1620s
  5399  4548  613.16957  108 1354  573.00000  630.85476  10.1%  1661 1625s
  5454  4603  604.00012  150 1283  573.00000  630.85476  10.1%  1656 1630s
  5531  4680  596.29822  183 1227  573.00000  630.85476  10.1%  1645 1635s
  5639  4788  587.32230  217 1171  573.00000  630.85476  10.1%  1627 1640s
  5840  4989  577.58025  243 1053  573.00000  630.85476  10.1%  1585 1645s
  5942  5053  626.45182   49 1434  573.00000  630.61826  10.1%  1565 1650s
  5964  5075  623.63088   71 1408  573.00000  630.61826  10.1%  1562 1655s
  5988  5099  618.96242   92 1381  573.00000  630.61826  10.1%  1561 1660s
  6012  5123  615.78077  110 1365  573.00000  630.61826  10.1%  1561 1668s
  6023  5134  613.72215  119 1349  573.00000  630.61826  10.1%  1560 1670s
  6062  5173  604.53487  143 1293  573.00000  630.61826  10.1%  1559 1675s
  6085  5196  603.81440  160 1288  573.00000  630.61826  10.1%  1557 1681s
  6133  5244  598.08440  182 1256  573.00000  630.61826  10.1%  1552 1685s
  6251  5362  587.04179  212 1191  573.00000  630.61826  10.1%  1535 1690s
  6430  5541  577.77122  244 1093  573.00000  630.61826  10.1%  1504 1698s
  6491  5597  576.16221  251 1069  573.00000  630.61826  10.1%  1492 1700s
  6557  5637  616.78410   40 1388  573.00000  630.61089  10.1%  1482 1705s
  6616  5696  607.14154   95 1313  573.00000  630.61089  10.1%  1476 1710s
  6688  5768  594.32718  147 1248  573.00000  630.61089  10.1%  1470 1715s
  6871  5951  577.28571  202 1053  573.00000  630.61089  10.1%  1443 1720s
  6979  6020  625.81991   38 1434  573.00000  630.61020  10.1%  1426 1725s
  7006  6047  621.65921   65 1407  573.00000  630.61020  10.1%  1424 1730s
  7014  6055  620.66576   73 1397  573.00000  630.61020  10.1%  1423 1737s
  7042  6083  615.15771   96 1352  573.00000  630.61020  10.1%  1421 1740s
  7075  6116  607.78238  119 1306  573.00000  630.61020  10.1%  1421 1745s
  7148  6189  598.22293  171 1241  573.00000  630.61020  10.1%  1415 1750s
  7256  6297  587.65854  201 1133  573.00000  630.61020  10.1%  1404 1755s
  7457  6498  578.14947  238 1096  573.00000  630.61020  10.1%  1376 1760s
  7569  6594  628.55331   32 1449  573.00000  630.56814  10.0%  1360 1769s
  7571  6596  628.33541   34 1444  573.00000  630.56814  10.0%  1360 1770s
  7611  6636  622.72534   74 1411  573.00000  630.56814  10.0%  1358 1775s
  7643  6668  616.50930  102 1381  573.00000  630.56814  10.0%  1357 1780s
  7682  6707  609.45581  130 1318  573.00000  630.56814  10.0%  1356 1785s
  7746  6771  600.14540  174 1251  573.00000  630.56814  10.0%  1352 1790s
  7816  6841  592.64154  199 1229  573.00000  630.56814  10.0%  1348 1795s
  7950  6975  582.07051  236 1122  573.00000  630.56814  10.0%  1335 1800s
  8121  7124  629.86017   25 1457  573.00000  630.56800  10.0%  1313 1805s
  8152  7155  625.25018   56 1431  573.00000  630.56800  10.0%  1312 1810s
  8192  7195  617.82273   95 1391  573.00000  630.56800  10.0%  1310 1815s
  8220  7223  612.10289  113 1355  573.00000  630.56800  10.0%  1310 1820s
  8267  7270  605.06050  145 1303  573.00000  630.56800  10.0%  1310 1825s
  8364  7367  592.47556  194 1209  573.00000  630.56800  10.0%  1304 1830s
  8535  7538  580.12047  229 1102  573.00000  630.56800  10.0%  1287 1835s
  8697  7688  626.36491   45 1434  573.00000  630.52787  10.0%  1269 1840s
  8727  7718  621.66522   75 1397  573.00000  630.52787  10.0%  1268 1850s
  8762  7753  615.46426  106 1365  573.00000  630.52787  10.0%  1267 1855s
  8803  7794  606.68717  135 1311  573.00000  630.52787  10.0%  1267 1860s
  8872  7863  596.43780  174 1233  573.00000  630.52787  10.0%  1263 1865s
  8973  7964  587.44456  207 1156  573.00000  630.52787  10.0%  1257 1870s
  9142  8133  576.26923  230 1062  573.00000  630.52787  10.0%  1241 1875s
  9260  8228  616.75020   37 1396  573.00000  630.52770  10.0%  1230 1880s
  9269  8237  611.06160   46 1363  573.00000  630.52770  10.0%  1230 1886s
  9324  8278  629.09537   30 1463  573.00000  630.44433  10.0%  1228 1890s
  9357  8311  624.39639   63 1429  573.00000  630.44433  10.0%  1227 1895s
  9397  8351  616.51743  103 1381  573.00000  630.44433  10.0%  1226 1900s
  9477  8431  598.88962  183 1283  573.00000  630.44433  10.0%  1220 1905s
  9567  8509  613.92783   20 1390  573.00000  630.37844  10.0%  1214 1910s
  9577  8519  613.25193   25 1383  573.00000  630.37844  10.0%  1216 1915s
  9589  8531  612.75402   31 1373  573.00000  630.37844  10.0%  1219 1920s
  9599  8541  610.88288   36 1360  573.00000  630.37844  10.0%  1221 1925s
  9611  8553  611.17574   42 1367  573.00000  630.37844  10.0%  1223 1930s
  9622  8564  615.25396   48 1388  573.00000  630.37844  10.0%  1226 1935s
  9637  8579  610.34550   55 1362  573.00000  630.37844  10.0%  1228 1940s
  9655  8597  609.33730   64 1351  573.00000  630.37844  10.0%  1230 1945s
  9675  8617  605.07863   74 1337  573.00000  630.37844  10.0%  1232 1950s
  9681  8623  605.26658   77 1330  573.00000  630.37844  10.0%  1233 1955s
  9698  8640  607.18368   86 1342  573.00000  630.37844  10.0%  1235 1960s
  9723  8665  602.68217   98 1311  573.00000  630.37844  10.0%  1236 1965s
  9752  8694  601.13936  113 1314  573.00000  630.37844  10.0%  1238 1970s
  9789  8731  593.26355  131 1276  573.00000  630.37844  10.0%  1239 1975s
  9844  8786  590.76655  159 1238  573.00000  630.37844  10.0%  1239 1980s
  9954  8883     cutoff  209       573.00000  630.37844  10.0%  1233 1985s
  9983  8894  627.57922   39 1451  573.00000  630.37636  10.0%  1231 1990s
 10020  8931  622.72335   76 1401  573.00000  630.37636  10.0%  1230 2000s
 10069  8980  611.79482  125 1347  573.00000  630.37636  10.0%  1228 2005s
 10203  9113  575.70183  260 1480  573.00000  630.37636  10.0%  1218 2717s
 10206  9115  578.30303  237 1486  573.00000  630.37636  10.0%  1218 2727s
 10207  9116  603.69182  177 1489  573.00000  628.01338  9.60%  1218 2731s
 10213  9120  588.89297  205 1490  573.00000  626.34657  9.31%  1217 2749s
 10214  9120  578.25595  235 1489  573.00000  626.28676  9.30%  1217 2764s
 10216  9122  605.41843   69 1490  573.00000  626.26559  9.30%  1217 2780s
 10217  9122  619.27748   89 1489  573.00000  625.92687  9.24%  1216 2796s
 10222  9126  578.63636  235 1490  573.00000  625.72968  9.20%  1216 2814s
 10223  9126  582.99383  223 1487  573.00000  625.35481  9.14%  1216 2830s
 10226  9128  585.52987  175 1490  573.00000  625.27868  9.12%  1215 2844s
 10227  9129  618.25379   70 1487  573.00000  625.06080  9.09%  1215 2859s
 10231  9132  590.25000  209 1491  573.00000  624.98647  9.07%  1215 2876s
 10232  9132  624.88574   30 1486  573.00000  624.88574  9.06%  1215 2892s
 10236  9135  587.04179  213 1490  573.00000  624.81392  9.04%  1214 2908s
 10237  9136  624.78995   46 1490  573.00000  624.78995  9.04%  1214 2926s
 10239  9137  599.69007  165 1491  573.00000  624.77546  9.04%  1214 2944s
 10240  9138  624.75030   19 1484  573.00000  624.75030  9.03%  1214 2961s
 10242  9139  615.35273   95 1487  573.00000  624.74219  9.03%  1214 2978s
 10243  9140  595.64517  183 1487  573.00000  624.71258  9.02%  1213 2994s
 10246  9142  586.92019  221 1489  573.00000  624.69584  9.02%  1213 3013s
 10247  9142  596.41532  175 1487  573.00000  624.67253  9.02%  1213 3033s
 10250  9144  605.18803   86 1489  573.00000  624.64758  9.01%  1213 3052s
 10251  9145  605.14115  138 1489  573.00000  624.56877  9.00%  1212 3069s
 10253  9146  596.50123  116 1492  573.00000  624.53986  8.99%  1212 3088s
 10254  9147  579.70834  214 1492  573.00000  624.49308  8.99%  1212 3104s
 10257  9149  580.62500  241 1490  573.00000  624.47255  8.98%  1212 3120s
 10258  9150  578.85982  232 1488  573.00000  624.39701  8.97%  1212 3135s
 10261  9152  601.14665  173 1492  573.00000  624.33351  8.96%  1211 3151s
 10262  9152  624.26694   52 1492  573.00000  624.26694  8.95%  1211 3168s
 10264  9154  588.75761  225 1492  573.00000  624.24549  8.94%  1211 3186s
 10265  9154  604.86116  153 1488  573.00000  624.20303  8.94%  1211 3204s
 10267  9156  624.18603   26 1490  573.00000  624.18603  8.93%  1211 3223s
 10268  9156  580.76471  229 1491  573.00000  624.09951  8.92%  1210 3238s
 10271  9158  599.17430  134 1494  573.00000  624.06232  8.91%  1210 3255s
 10272  9159  577.43902  243 1493  573.00000  624.04990  8.91%  1210 3273s
 10273  9160  589.51021  216 1493  573.00000  624.04633  8.91%  1210 3289s
 10274  9160  624.04070   27 1492  573.00000  624.04070  8.91%  1210 3304s
 10275  9161  576.90996  242 1493  573.00000  624.03728  8.91%  1210 3321s
 10276  9162  589.58834  196 1490  573.00000  624.02886  8.91%  1209 3340s
 10278  9163  587.82979  205 1493  573.00000  624.01885  8.90%  1209 3358s
 10279  9164  618.77379  100 1492  573.00000  623.96535  8.89%  1209 3375s
 10281  9165  589.24771  200 1492  573.00000  623.94605  8.89%  1209 3394s
 10282  9166  597.55128  178 1490  573.00000  623.93185  8.89%  1209 3413s
 10284  9167  589.96586  215 1493  573.00000  623.92422  8.89%  1209 3432s
 10285  9168  595.08629  190 1492  573.00000  623.91746  8.89%  1208 3450s
 10286  9168  621.74517   77 1492  573.00000  623.91438  8.89%  1208 3469s
 10287  9169  623.91060   21 1493  573.00000  623.91060  8.88%  1208 3488s
 10288  9170  584.87599  226 1492  573.00000  623.90981  8.88%  1208 3506s
 10289  9170  581.02500  227 1489  573.00000  623.90072  8.88%  1208 3525s
 10290  9171  617.01538   99 1490  573.00000  623.89701  8.88%  1208 3544s
 10291  9172  607.27275  137 1489  573.00000  623.89609  8.88%  1208 3566s
 10292  9172  623.60596   67 1489  573.00000  623.89579  8.88%  1208 3587s

Cutting planes:
  Gomory: 11
  Flow cover: 65
  Zero half: 634
  Mod-K: 1
  RLT: 171
  Relax-and-lift: 1
  BQP: 28

Explored 10292 nodes (12659046 simplex iterations) in 3600.06 seconds (4282.38 work units)
Thread count was 1 (of 24 available processors)

Solution count 10: 573 571 570 ... 559

Time limit reached
Best objective 5.730000000000e+02, best bound 6.230000000000e+02, gap 8.7260%

User-callback calls 166268, time in user-callback 0.91 sec
