
Gurobi 11.0.3 (linux64) logging started Thu Mar  5 21:04:11 2026

Set parameter LogFile to value "./log/train/IS_1500_6/IS_79.lp.log"
Set parameter TimeLimit to value 3600
Gurobi Optimizer version 11.0.3 build v11.0.3rc0 (linux64 - "Ubuntu 22.04.5 LTS")

CPU model: AMD Ryzen 9 9900X 12-Core Processor, instruction set [SSE2|AVX|AVX2|AVX512]
Thread count: 12 physical cores, 24 logical processors, using up to 2 threads

Optimize a model with 9215 rows, 1500 columns and 18142 nonzeros
Model fingerprint: 0x7fe24c53
Variable types: 0 continuous, 1500 integer (1500 binary)
Coefficient statistics:
  Matrix range     [1e+00, 1e+00]
  Objective range  [1e+00, 1e+00]
  Bounds range     [1e+00, 1e+00]
  RHS range        [1e+00, 1e+00]
Found heuristic solution: objective 314.0000000
Presolve removed 1737 rows and 0 columns
Presolve time: 0.02s
Presolved: 7478 rows, 1500 columns, 16352 nonzeros
Variable types: 0 continuous, 1500 integer (1500 binary)

Root relaxation: objective 6.905000e+02, 3125 iterations, 0.11 seconds (0.19 work units)

    Nodes    |    Current Node    |     Objective Bounds      |     Work
 Expl Unexpl |  Obj  Depth IntInf | Incumbent    BestBd   Gap | It/Node Time

     0     0  690.50000    0 1345  314.00000  690.50000   120%     -    0s
H    0     0                     525.0000000  690.50000  31.5%     -    0s
H    0     0                     529.0000000  690.50000  30.5%     -    0s
     0     0  675.39718    0 1467  529.00000  675.39718  27.7%     -    0s
     0     0  675.39718    0 1468  529.00000  675.39718  27.7%     -    0s
     0     0  667.31899    0 1486  529.00000  667.31899  26.1%     -    1s
H    0     0                     554.0000000  667.31899  20.5%     -    1s
     0     0  666.83699    0 1487  554.00000  666.83699  20.4%     -    1s
     0     0  666.78283    0 1488  554.00000  666.78283  20.4%     -    1s
     0     0  666.77816    0 1488  554.00000  666.77816  20.4%     -    1s
     0     0  666.77511    0 1488  554.00000  666.77511  20.4%     -    1s
     0     0  662.26870    0 1481  554.00000  662.26870  19.5%     -    2s
     0     0  661.90908    0 1484  554.00000  661.90908  19.5%     -    2s
     0     0  661.84653    0 1483  554.00000  661.84653  19.5%     -    2s
     0     0  661.81403    0 1483  554.00000  661.81403  19.5%     -    2s
     0     0  661.80792    0 1483  554.00000  661.80792  19.5%     -    2s
     0     0  658.47024    0 1484  554.00000  658.47024  18.9%     -    3s
     0     0  658.14717    0 1485  554.00000  658.14717  18.8%     -    3s
     0     0  658.11221    0 1482  554.00000  658.11221  18.8%     -    3s
     0     0  658.10260    0 1484  554.00000  658.10260  18.8%     -    3s
     0     0  658.09914    0 1486  554.00000  658.09914  18.8%     -    3s
     0     0  655.07332    0 1489  554.00000  655.07332  18.2%     -    4s
     0     0  654.66108    0 1488  554.00000  654.66108  18.2%     -    4s
     0     0  654.63195    0 1490  554.00000  654.63195  18.2%     -    4s
     0     0  654.62283    0 1489  554.00000  654.62283  18.2%     -    4s
     0     0  652.50057    0 1488  554.00000  652.50057  17.8%     -    5s
H    0     0                     555.0000000  652.50057  17.6%     -    5s
     0     0  652.17511    0 1486  555.00000  652.17511  17.5%     -    5s
     0     0  652.14646    0 1483  555.00000  652.14646  17.5%     -    5s
     0     0  652.13856    0 1487  555.00000  652.13856  17.5%     -    5s
     0     0  650.45301    0 1488  555.00000  650.45301  17.2%     -    6s
     0     0  650.22328    0 1487  555.00000  650.22328  17.2%     -    6s
     0     0  650.19512    0 1489  555.00000  650.19512  17.2%     -    6s
     0     0  650.19206    0 1489  555.00000  650.19206  17.2%     -    6s
     0     0  648.37332    0 1489  555.00000  648.37332  16.8%     -    7s
     0     0  648.19656    0 1492  555.00000  648.19656  16.8%     -    7s
     0     0  648.16203    0 1493  555.00000  648.16203  16.8%     -    7s
     0     0  648.15279    0 1491  555.00000  648.15279  16.8%     -    7s
     0     0  647.19925    0 1490  555.00000  647.19925  16.6%     -    7s
     0     0  647.03941    0 1488  555.00000  647.03941  16.6%     -    7s
     0     0  647.00716    0 1487  555.00000  647.00716  16.6%     -    7s
     0     0  646.99423    0 1489  555.00000  646.99423  16.6%     -    7s
     0     0  646.45969    0 1491  555.00000  646.45969  16.5%     -    8s
     0     0  646.36508    0 1490  555.00000  646.36508  16.5%     -    8s
     0     0  646.31279    0 1489  555.00000  646.31279  16.5%     -    8s
     0     0  646.30446    0 1489  555.00000  646.30446  16.5%     -    8s
     0     0  645.68813    0 1489  555.00000  645.68813  16.3%     -    8s
     0     0  645.63460    0 1490  555.00000  645.63460  16.3%     -    8s
     0     0  645.61922    0 1490  555.00000  645.61922  16.3%     -    8s
     0     0  645.22580    0 1491  555.00000  645.22580  16.3%     -    9s
     0     0  645.15732    0 1491  555.00000  645.15732  16.2%     -    9s
     0     0  645.14844    0 1492  555.00000  645.14844  16.2%     -    9s
     0     0  644.67152    0 1489  555.00000  644.67152  16.2%     -    9s
H    0     0                     557.0000000  644.67152  15.7%     -    9s
     0     0  644.59243    0 1488  557.00000  644.59243  15.7%     -    9s
     0     0  644.56187    0 1490  557.00000  644.56187  15.7%     -    9s
     0     0  644.55307    0 1490  557.00000  644.55307  15.7%     -    9s
     0     0  644.24703    0 1489  557.00000  644.24703  15.7%     -   10s
H    0     0                     558.0000000  644.24703  15.5%     -   10s
     0     0  644.16759    0 1489  558.00000  644.16759  15.4%     -   10s
     0     0  644.15145    0 1490  558.00000  644.15145  15.4%     -   10s
     0     0  643.60409    0 1491  558.00000  643.60409  15.3%     -   10s
     0     0  643.53402    0 1490  558.00000  643.53402  15.3%     -   10s
     0     0  643.51669    0 1490  558.00000  643.51669  15.3%     -   10s
     0     0  643.15071    0 1491  558.00000  643.15071  15.3%     -   11s
     0     0  643.07364    0 1488  558.00000  643.07364  15.2%     -   11s
     0     0  643.06484    0 1490  558.00000  643.06484  15.2%     -   11s
     0     0  642.72553    0 1491  558.00000  642.72553  15.2%     -   11s
     0     0  642.64892    0 1489  558.00000  642.64892  15.2%     -   11s
     0     0  642.63983    0 1489  558.00000  642.63983  15.2%     -   11s
     0     0  642.40948    0 1491  558.00000  642.40948  15.1%     -   12s
H    0     0                     560.0000000  642.40948  14.7%     -   12s
     0     0  642.36933    0 1491  560.00000  642.36933  14.7%     -   12s
     0     0  642.35479    0 1491  560.00000  642.35479  14.7%     -   12s
     0     0  642.10977    0 1488  560.00000  642.10977  14.7%     -   12s
     0     0  642.07163    0 1491  560.00000  642.07163  14.7%     -   12s
     0     0  642.05705    0 1491  560.00000  642.05705  14.7%     -   12s
     0     0  641.86793    0 1490  560.00000  641.86793  14.6%     -   12s
H    0     0                     562.0000000  641.86793  14.2%     -   12s
     0     0  641.81415    0 1490  562.00000  641.81415  14.2%     -   12s
     0     0  641.80504    0 1491  562.00000  641.80504  14.2%     -   12s
     0     0  641.53151    0 1488  562.00000  641.53151  14.2%     -   13s
H    0     0                     566.0000000  641.53151  13.3%     -   13s
     0     0  641.46718    0 1490  566.00000  641.46718  13.3%     -   13s
     0     0  641.45175    0 1491  566.00000  641.45175  13.3%     -   13s
     0     0  641.14129    0 1490  566.00000  641.14129  13.3%     -   13s
     0     0  641.07439    0 1490  566.00000  641.07439  13.3%     -   13s
     0     0  641.06054    0 1489  566.00000  641.06054  13.3%     -   13s
     0     0  640.97688    0 1489  566.00000  640.97688  13.2%     -   14s
     0     0  640.97688    0 1488  566.00000  640.97688  13.2%     -   14s
H    0     0                     569.0000000  640.97688  12.6%     -   15s
     0     2  640.97688    0 1488  569.00000  640.97688  12.6%     -   15s
    19    22  631.37995    8 1427  569.00000  640.90246  12.6%  2601   21s
H   28    33                     571.0000000  640.90246  12.2%  2363   23s
    38    43  630.34209   14 1423  571.00000  640.90246  12.2%  2434   25s
H   56    60                     572.0000000  640.90246  12.0%  2480   29s
    59    64  624.92303   19 1393  572.00000  640.90246  12.0%  2485   30s
H   90    93                     573.0000000  640.90246  11.9%  2355   34s
    97   105  609.77973   33 1301  573.00000  640.90246  11.9%  2367   35s
H  118   124                     574.0000000  640.90246  11.7%  2244   37s
H  162   168                     575.0000000  640.90246  11.5%  1956   39s
   167   187  580.02500   61 1154  575.00000  640.90246  11.5%  1973   40s
H  194   185                     576.0000000  640.80961  11.3%  1793   42s
H  197   179                     579.0000000  640.75756  10.7%  1813   42s
   202   179  633.57424    3 1444  579.00000  640.75756  10.7%  1819   51s
   218   200  617.98069    8 1368  579.00000  640.75756  10.7%  1847   55s
H  247   230                     580.0000000  640.75756  10.5%  1830   57s
   258   241  588.78229   27 1231  580.00000  640.67092  10.5%  1812   60s
H  307   273                     581.0000000  640.67092  10.3%  1735   62s
   332   297  608.52140   18 1318  581.00000  640.67092  10.3%  1693   66s
   387   326  634.14773    7 1447  581.00000  640.31298  10.2%  1597   70s
   440   379  628.52162   17 1413  581.00000  640.31298  10.2%  1650   76s
   485   410  630.58419   30 1413  581.00000  640.31298  10.2%  1612   80s
   550   472  590.77103   43 1242  581.00000  640.31298  10.2%  1639   86s
   623   504  639.91912   11 1480  581.00000  639.91912  10.1%  1588   91s
   653   544  626.85837   14 1398  581.00000  639.75848  10.1%  1627   97s
   709   555  618.66727   18 1358  581.00000  639.75848  10.1%  1575  100s
   756   594  585.00666   34 1186  581.00000  639.71230  10.1%  1600  107s
   789   610  632.45970   16 1438  581.00000  639.56724  10.1%  1596  110s
   832   664  617.37782   29 1360  581.00000  639.56724  10.1%  1629  116s
   874   665  585.06831   60 1488  581.00000  639.56724  10.1%  1625  127s
   877   667  582.08863   34 1489  581.00000  639.56724  10.1%  1620  133s
   878   668  633.20820   12 1490  581.00000  639.56724  10.1%  1618  135s
   882   670  622.75571    8 1490  581.00000  639.56724  10.1%  1611  141s
   883   671  621.57308   16 1490  581.00000  639.56724  10.1%  1609  146s
   885   672  624.88470   31 1490  581.00000  639.56724  10.1%  1605  154s
   886   673  623.61927   19 1489  581.00000  639.56724  10.1%  1603  159s
   888   674  628.73707   24 1489  581.00000  639.56724  10.1%  1600  164s
   889   675  624.68454   22 1488  581.00000  639.56724  10.1%  1598  170s
   890   676  599.55953   44 1489  581.00000  639.56724  10.1%  1596  178s
   891   676  610.94597   23 1489  581.00000  639.56724  10.1%  1594  184s
   892   677  612.01838   29 1489  581.00000  639.56724  10.1%  1593  191s
   893   678  627.51889   31 1489  581.00000  639.56724  10.1%  1591  197s
   894   678  625.76246   14 1489  581.00000  639.56724  10.1%  1589  204s
   895   679  600.57416   43 1488  581.00000  639.56724  10.1%  1587  211s
   896   680  601.72640   41 1488  581.00000  639.56724  10.1%  1586  218s
   897   680  603.53174   30 1488  581.00000  639.56724  10.1%  1584  232s
   900   685  639.56724   14 1488  581.00000  639.56724  10.1%  1640  235s
   916   696  638.23562   18 1469  581.00000  639.48595  10.1%  1661  240s
   932   709  637.23228   22 1472  581.00000  639.48595  10.1%  1676  245s
   947   719  636.58138   25 1472  581.00000  639.48595  10.1%  1692  250s
   976   737  633.90466   32 1451  581.00000  639.48595  10.1%  1702  255s
   995   754  632.01796   37 1443  581.00000  639.48595  10.1%  1719  260s
  1025   772  631.66047   44 1444  581.00000  639.48595  10.1%  1723  265s
  1042   784  628.82412   47 1427  581.00000  639.48595  10.1%  1745  270s
  1064   805  629.85037   52 1435  581.00000  639.48595  10.1%  1777  276s
  1097   826  626.35617   58 1418  581.00000  639.48595  10.1%  1787  282s
  1124   846  626.00684   64 1421  581.00000  639.48595  10.1%  1796  287s
  1150   862  621.90847   69 1405  581.00000  639.48595  10.1%  1808  291s
  1176   879  623.58940   75 1409  581.00000  639.48595  10.1%  1821  296s
  1202   899  622.68977   80 1401  581.00000  639.48595  10.1%  1840  301s
  1232   921  621.09655   86 1397  581.00000  639.48595  10.1%  1862  308s
  1248   932  620.57034   89 1392  581.00000  639.48595  10.1%  1874  311s
  1282   958  619.35740   96 1384  581.00000  639.48595  10.1%  1900  318s
  1302   973  618.72254  100 1379  581.00000  639.48595  10.1%  1915  321s
  1324   992  618.11891  104 1376  581.00000  639.48595  10.1%  1927  325s
  1378  1038  616.48447  114 1368  581.00000  639.48595  10.1%  1945  333s
  1414  1066  615.60535  119 1358  581.00000  639.48595  10.1%  1949  337s
  1454  1108  615.07939  125 1352  581.00000  639.48595  10.1%  1950  341s
  1509  1165  614.27846  131 1349  581.00000  639.48595  10.1%  1936  345s
  1585  1192  613.11752  138 1338  581.00000  639.48595  10.1%  1891  351s
  1664  1186  611.88518  147 1319  581.00000  639.48595  10.1%  1849  355s
  1684  1206  611.15491  155 1310  581.00000  639.48595  10.1%  1861  360s
  1711  1228  603.06435  165 1283  581.00000  639.48595  10.1%  1870  366s
  1742  1254  605.99730  178 1278  581.00000  639.48595  10.1%  1873  371s
  1778  1298  602.22965  193 1259  581.00000  639.48595  10.1%  1874  376s
  1834  1371  596.17412  218 1203  581.00000  639.48595  10.1%  1861  383s
  1936  1350  582.86986  265 1089  581.00000  639.45368  10.1%  1812  389s
  1967  1354  637.54210   21 1477  581.00000  639.45368  10.1%  1816  395s
  1981  1365  637.08121   24 1474  581.00000  639.45368  10.1%  1835  400s
  1997  1372  630.13269   27 1431  581.00000  639.45368  10.1%  1856  407s
  2009  1386  636.26019   30 1467  581.00000  639.45368  10.1%  1871  413s
H 2016  1342                     582.0000000  639.45368  9.87%  1879  413s
  2027  1359  635.58755   34 1461  582.00000  639.45368  9.87%  1889  420s
  2047  1374  635.23084   38 1456  582.00000  639.45368  9.87%  1911  426s
  2069  1393  634.47425   43 1448  582.00000  639.45368  9.87%  1931  433s
  2095  1410  629.95449   48 1417  582.00000  639.45368  9.87%  1950  440s
  2121  1427  632.46041   54 1436  582.00000  639.45368  9.87%  1965  447s
  2147  1453  631.77152   60 1430  582.00000  639.45368  9.87%  1983  455s
  2181  1478  630.95402   67 1423  582.00000  639.45368  9.87%  2001  462s
  2218  1507  629.33230   75 1413  582.00000  639.45368  9.87%  2013  469s
  2259  1533  627.59661   85 1405  582.00000  639.45368  9.87%  2021  477s
  2299  1580  625.76547   94 1397  582.00000  639.45368  9.87%  2027  484s
  2359  1603  624.03357  104 1382  582.00000  639.45368  9.87%  2027  495s
  2402  1625  617.28088  106 1347  582.00000  639.45368  9.87%  2016  504s
  2438  1708  622.95509  113 1367  582.00000  639.45368  9.87%  2012  512s
  2535  1760  621.93728  119 1364  582.00000  639.45368  9.87%  1978  522s
  2648  1737  619.57792  129 1352  582.00000  639.45368  9.87%  1930  532s
  2662  1774  619.43350  131 1351  582.00000  639.45368  9.87%  1941  541s
  2704  1863  615.85052  145 1334  582.00000  639.45368  9.87%  1952  551s
  2807  1834  604.88819  188 1269  582.00000  639.45368  9.87%  1942  567s
  2812  1974  604.39965  190 1264  582.00000  639.19821  9.83%  1942  579s
  2984  1996  630.94428   17 1438  582.00000  639.19821  9.83%  1891  592s
  3013  2036  637.53637   23 1468  582.00000  639.19821  9.83%  1911  604s
  3053  2078  636.06065   31 1460  582.00000  639.19821  9.83%  1931  616s
  3095  2130  634.54245   40 1449  582.00000  639.19821  9.83%  1951  628s
  3147  2190  633.34875   50 1440  582.00000  639.19821  9.83%  1972  643s
  3207  2285  632.18685   61 1429  582.00000  639.19821  9.83%  1987  656s
  3302  2523  625.97031   74 1376  582.00000  639.19821  9.83%  1996  669s
  3560  2579  626.71421   93 1400  582.00000  639.19821  9.83%  1925  683s
  3616  2649  622.28602  113 1371  582.00000  639.19821  9.83%  1942  703s
  3686  2809  616.47534  138 1331  582.00000  639.19821  9.83%  1953  718s
  3846  2942  598.43226  205 1230  582.00000  639.12572  9.82%  1942  735s
  4007  2976  637.90126   23 1468  582.00000  639.12572  9.82%  1923  751s
  4041  3052  637.17464   27 1461  582.00000  639.12572  9.82%  1935  769s
  4117  3138  635.65937   39 1453  582.00000  639.12572  9.82%  1956  786s
  4203  3401  633.95610   52 1433  582.00000  639.12572  9.82%  1971  805s
  4506  3566  630.95431   70 1412  582.00000  639.12572  9.82%  1912  823s
  4671  4006  627.90633   84 1399  582.00000  639.12572  9.82%  1887  842s
  5111  4310  622.77318  115 1361  582.00000  639.12572  9.82%  1796  860s
  5433  4839  609.11273  169 1293  582.00000  639.09022  9.81%  1748  880s
  6004  5178  630.22618   72 1410  582.00000  639.09022  9.81%  1651  896s
  6375  5686  613.72610  149 1316  582.00000  639.09022  9.81%  1593  914s
  6883  6264  595.81978  213 1197  582.00000  638.86473  9.77%  1521  929s
  7508  7040  627.14628   85 1399  582.00000  638.70136  9.74%  1432  949s
  8302  7286  593.19394  220 1199  582.00000  638.70136  9.74%  1352  954s
  8548  7422  584.00000  256 1018  582.00000  638.55882  9.72%  1324  959s
  8736  7496  627.17745   40 1411  582.00000  638.55882  9.72%  1308  965s
  8824  7555  617.51699   91 1345  582.00000  638.55882  9.72%  1304  970s
  8883  7694  611.12660  121 1317  582.00000  638.55882  9.72%  1301  977s
  9040  7923  599.44169  164 1233  582.00000  638.40854  9.69%  1291  984s
  9292  7997  633.64030   20 1443  582.00000  638.40854  9.69%  1271  991s
  9366  8124  632.66302   25 1438  582.00000  638.40854  9.69%  1271  998s
  9529  8205  631.53121   31 1431  582.00000  638.40854  9.69%  1261 1005s
  9610  8307  630.81059   37 1423  582.00000  638.40854  9.69%  1260 1011s
  9712  8382  630.32278   42 1415  582.00000  638.40854  9.69%  1255 1018s
  9801  8460  629.23812   49 1408  582.00000  638.40854  9.69%  1253 1025s
  9879  8463  628.38435   57 1400  582.00000  638.40854  9.69%  1254 1038s
  9882  8565  628.00879   58 1395  582.00000  638.40854  9.69%  1254 1050s
 10008  8591  621.84649   63 1363  582.00000  638.40854  9.69%  1246 1062s
 10034  8677  625.43887   70 1383  582.00000  638.40854  9.69%  1248 1071s
 10120  8789  622.98834   82 1375  582.00000  638.40854  9.69%  1248 1079s
 10232  9012  620.61220   97 1351  582.00000  638.40854  9.69%  1249 1087s
 10455  9229  615.15189  118 1329  582.00000  638.40854  9.69%  1241 1095s
 10695  9422  608.13006  147 1296  582.00000  638.40854  9.69%  1229 1103s
 10896  9574  591.48767  209 1165  582.00000  638.13494  9.65%  1221 1111s
 11072  9753  613.00749   41 1332  582.00000  638.01194  9.62%  1211 1120s
 11303  9826  600.58412   24 1294  582.00000  638.00189  9.62%  1200 1127s
 11428  9862  633.74203   48 1445  582.00000  637.97308  9.62%  1197 1134s
 11464 10078  625.95103   81 1388  582.00000  637.93489  9.61%  1196 1142s
 11694 10277  630.44271   23 1427  582.00000  637.93489  9.61%  1184 1150s
 11928 10465  612.84952  120 1325  582.00000  637.92519  9.61%  1172 1157s
 12164 10709  634.20297   43 1437  582.00000  637.91371  9.61%  1159 1165s
 12418 10910  620.40327  119 1355  582.00000  637.85179  9.60%  1147 1172s
 12643 11154  630.44615   30 1428  582.00000  637.81439  9.59%  1137 1180s
 12907 11344  611.32737  131 1297  582.00000  637.78211  9.58%  1124 1187s
 13125 11511  603.51881   46 1308  582.00000  637.76680  9.58%  1115 1196s
 13337 11542  627.19434   25 1412  582.00000  637.76533  9.58%  1109 1204s
 13368 11575  620.56884   34 1353  582.00000  637.76533  9.58%  1115 1212s
 13401 11613  623.89815   45 1379  582.00000  637.76533  9.58%  1121 1221s
 13439 11657  621.35962   58 1365  582.00000  637.76533  9.58%  1127 1229s
 13483 11711  618.86531   73 1346  582.00000  637.76533  9.58%  1133 1237s
 13537 11782  615.11055   92 1329  582.00000  637.76533  9.58%  1139 1246s
 13608 11889  608.60181  118 1289  582.00000  637.76533  9.58%  1144 1252s
 13715 12018  596.21690  161 1202  582.00000  637.74784  9.58%  1147 1258s
 13888 12133  632.31778   49 1423  582.00000  637.74784  9.58%  1144 1266s
 14003 12279  615.20197  134 1327  582.00000  637.74182  9.58%  1144 1273s
 14169 12368  629.41577   31 1424  582.00000  637.72505  9.57%  1139 1280s
 14266 12574  628.21601   56 1402  582.00000  637.72280  9.57%  1141 1286s
 14490 12804  632.06220   24 1427  582.00000  637.72128  9.57%  1136 1294s

Gurobi 11.0.3 (linux64) logging started Sat Mar  7 16:20:15 2026

Set parameter LogFile to value "./log/train/IS_1500_6/IS_79.lp.log"
Set parameter TimeLimit to value 3600
Gurobi Optimizer version 11.0.3 build v11.0.3rc0 (linux64 - "Ubuntu 22.04.5 LTS")

CPU model: AMD Ryzen 9 9900X 12-Core Processor, instruction set [SSE2|AVX|AVX2|AVX512]
Thread count: 12 physical cores, 24 logical processors, using up to 1 threads

Optimize a model with 9215 rows, 1500 columns and 18142 nonzeros
Model fingerprint: 0x7fe24c53
Variable types: 0 continuous, 1500 integer (1500 binary)
Coefficient statistics:
  Matrix range     [1e+00, 1e+00]
  Objective range  [1e+00, 1e+00]
  Bounds range     [1e+00, 1e+00]
  RHS range        [1e+00, 1e+00]
Found heuristic solution: objective 314.0000000
Presolve removed 1737 rows and 0 columns
Presolve time: 0.04s
Presolved: 7478 rows, 1500 columns, 16352 nonzeros
Variable types: 0 continuous, 1500 integer (1500 binary)

Root relaxation: objective 6.905000e+02, 3125 iterations, 0.16 seconds (0.19 work units)

    Nodes    |    Current Node    |     Objective Bounds      |     Work
 Expl Unexpl |  Obj  Depth IntInf | Incumbent    BestBd   Gap | It/Node Time

     0     0  690.50000    0 1345  314.00000  690.50000   120%     -    0s
H    0     0                     525.0000000  690.50000  31.5%     -    0s
H    0     0                     529.0000000  690.50000  30.5%     -    0s
     0     0  675.39718    0 1467  529.00000  675.39718  27.7%     -    1s
     0     0  675.39718    0 1468  529.00000  675.39718  27.7%     -   53s
     0     0  667.31899    0 1486  529.00000  667.31899  26.1%     -   55s
H    0     0                     554.0000000  667.31899  20.5%     -   55s
     0     0  666.83699    0 1487  554.00000  666.83699  20.4%     -   55s
     0     0  666.78283    0 1488  554.00000  666.78283  20.4%     -   55s
     0     0  666.77816    0 1488  554.00000  666.77816  20.4%     -   55s
     0     0  666.77511    0 1488  554.00000  666.77511  20.4%     -   55s
     0     0  662.26870    0 1481  554.00000  662.26870  19.5%     -   56s
     0     0  661.90908    0 1484  554.00000  661.90908  19.5%     -   56s
     0     0  661.84653    0 1483  554.00000  661.84653  19.5%     -   56s
     0     0  661.81403    0 1483  554.00000  661.81403  19.5%     -   56s
     0     0  661.80792    0 1483  554.00000  661.80792  19.5%     -   56s
     0     0  658.47024    0 1484  554.00000  658.47024  18.9%     -   57s
     0     0  658.14717    0 1485  554.00000  658.14717  18.8%     -   58s
     0     0  658.11221    0 1482  554.00000  658.11221  18.8%     -   58s
     0     0  658.10260    0 1484  554.00000  658.10260  18.8%     -   58s
     0     0  658.09914    0 1486  554.00000  658.09914  18.8%     -   58s
     0     0  655.07332    0 1489  554.00000  655.07332  18.2%     -   59s
     0     0  654.66108    0 1488  554.00000  654.66108  18.2%     -   59s
     0     0  654.63195    0 1490  554.00000  654.63195  18.2%     -   59s
     0     0  654.62283    0 1489  554.00000  654.62283  18.2%     -   59s
     0     0  652.50057    0 1488  554.00000  652.50057  17.8%     -   60s
H    0     0                     555.0000000  652.50057  17.6%     -  113s
     0     0  652.17511    0 1486  555.00000  652.17511  17.5%     -  114s
     0     0  652.14646    0 1483  555.00000  652.14646  17.5%     -  114s
     0     0  652.13856    0 1487  555.00000  652.13856  17.5%     -  114s
     0     0  650.45301    0 1488  555.00000  650.45301  17.2%     -  115s
     0     0  650.22328    0 1487  555.00000  650.22328  17.2%     -  115s
     0     0  650.19512    0 1489  555.00000  650.19512  17.2%     -  115s
     0     0  650.19206    0 1489  555.00000  650.19206  17.2%     -  115s
     0     0  648.37332    0 1489  555.00000  648.37332  16.8%     -  116s
     0     0  648.19656    0 1492  555.00000  648.19656  16.8%     -  116s
     0     0  648.16203    0 1493  555.00000  648.16203  16.8%     -  116s
     0     0  648.15279    0 1491  555.00000  648.15279  16.8%     -  116s
     0     0  647.19925    0 1490  555.00000  647.19925  16.6%     -  117s
     0     0  647.03941    0 1488  555.00000  647.03941  16.6%     -  117s
     0     0  647.00716    0 1487  555.00000  647.00716  16.6%     -  117s
     0     0  646.99423    0 1489  555.00000  646.99423  16.6%     -  117s
     0     0  646.45969    0 1491  555.00000  646.45969  16.5%     -  118s
     0     0  646.36508    0 1490  555.00000  646.36508  16.5%     -  118s
     0     0  646.31279    0 1489  555.00000  646.31279  16.5%     -  118s
     0     0  646.30446    0 1489  555.00000  646.30446  16.5%     -  118s
     0     0  645.68813    0 1489  555.00000  645.68813  16.3%     -  119s
     0     0  645.63460    0 1490  555.00000  645.63460  16.3%     -  119s
     0     0  645.61922    0 1490  555.00000  645.61922  16.3%     -  119s
     0     0  645.22580    0 1491  555.00000  645.22580  16.3%     -  120s
     0     0  645.15732    0 1491  555.00000  645.15732  16.2%     -  174s
     0     0  645.14844    0 1492  555.00000  645.14844  16.2%     -  174s
     0     0  644.67152    0 1489  555.00000  644.67152  16.2%     -  174s
H    0     0                     557.0000000  644.67152  15.7%     -  174s
     0     0  644.59243    0 1488  557.00000  644.59243  15.7%     -  174s
     0     0  644.56187    0 1490  557.00000  644.56187  15.7%     -  174s
     0     0  644.55307    0 1490  557.00000  644.55307  15.7%     -  174s
     0     0  644.24703    0 1489  557.00000  644.24703  15.7%     -  175s
H    0     0                     558.0000000  644.24703  15.5%     -  175s
     0     0  644.16759    0 1489  558.00000  644.16759  15.4%     -  175s
     0     0  644.15145    0 1490  558.00000  644.15145  15.4%     -  175s
     0     0  643.60409    0 1491  558.00000  643.60409  15.3%     -  176s
     0     0  643.53402    0 1490  558.00000  643.53402  15.3%     -  176s
     0     0  643.51669    0 1490  558.00000  643.51669  15.3%     -  176s
     0     0  643.15071    0 1491  558.00000  643.15071  15.3%     -  176s
     0     0  643.07364    0 1488  558.00000  643.07364  15.2%     -  177s
     0     0  643.06484    0 1490  558.00000  643.06484  15.2%     -  177s
     0     0  642.72553    0 1491  558.00000  642.72553  15.2%     -  177s
     0     0  642.64892    0 1489  558.00000  642.64892  15.2%     -  177s
     0     0  642.63983    0 1489  558.00000  642.63983  15.2%     -  177s
     0     0  642.40948    0 1491  558.00000  642.40948  15.1%     -  178s
H    0     0                     560.0000000  642.40948  14.7%     -  178s
     0     0  642.36933    0 1491  560.00000  642.36933  14.7%     -  178s
     0     0  642.35479    0 1491  560.00000  642.35479  14.7%     -  178s
     0     0  642.10977    0 1488  560.00000  642.10977  14.7%     -  178s
     0     0  642.07163    0 1491  560.00000  642.07163  14.7%     -  178s
     0     0  642.05705    0 1491  560.00000  642.05705  14.7%     -  179s
     0     0  641.86793    0 1490  560.00000  641.86793  14.6%     -  179s
H    0     0                     562.0000000  641.86793  14.2%     -  179s
     0     0  641.81415    0 1490  562.00000  641.81415  14.2%     -  179s
     0     0  641.80504    0 1491  562.00000  641.80504  14.2%     -  179s
     0     0  641.53151    0 1488  562.00000  641.53151  14.2%     -  180s
H    0     0                     566.0000000  641.53151  13.3%     -  180s
     0     0  641.46718    0 1490  566.00000  641.46718  13.3%     -  180s
     0     0  641.45175    0 1491  566.00000  641.45175  13.3%     -  180s
     0     0  641.14129    0 1490  566.00000  641.14129  13.3%     -  180s
     0     0  641.07439    0 1490  566.00000  641.07439  13.3%     -  234s
     0     0  641.06054    0 1489  566.00000  641.06054  13.3%     -  234s
     0     0  640.97688    0 1489  566.00000  640.97688  13.2%     -  234s
     0     0  640.97688    0 1488  566.00000  640.97688  13.2%     -  234s
H    0     0                     569.0000000  640.97688  12.6%     -  236s
     0     2  640.97667    0 1488  569.00000  640.97667  12.6%     -  236s
    10    12  631.39734    8 1426  569.00000  640.97667  12.6%  2608  241s
    21    23  617.96421   17 1357  569.00000  640.97667  12.6%  2169  245s
H   26    26                     570.0000000  640.97667  12.5%  2015  246s
    36    38  603.24417   26 1279  570.00000  640.97667  12.5%  2149  250s
H   52    52                     572.0000000  640.97667  12.1%  1802  252s
H   54    54                     576.0000000  640.97667  11.3%  1800  252s
    90    76  632.76549    1 1435  576.00000  640.90246  11.3%  1450  256s
   103    89  624.56740   12 1394  576.00000  640.90246  11.3%  1502  260s
H  104    87                     577.0000000  640.90246  11.1%  1487  260s
H  109    81                     580.0000000  640.90246  10.5%  1537  261s
   127   101  586.39623   28 1212  580.00000  640.90246  10.5%  1586  265s
   179   133  627.46448    5 1407  580.00000  640.80961  10.5%  1407  270s
   198   152  589.99926   18 1216  580.00000  640.80961  10.5%  1443  275s
   236   176  624.28324    8 1387  580.00000  640.75756  10.5%  1384  280s
   256   196  606.54757   20 1306  580.00000  640.75756  10.5%  1457  285s
   297   225  616.16544    6 1353  580.00000  640.67092  10.5%  1425  290s
H  300   220                     581.0000000  640.67092  10.3%  1430  291s
   303   225  621.81354   11 1385  581.00000  640.67092  10.3%  1427  296s
   325   247  614.55802   27 1336  581.00000  640.67092  10.3%  1441  300s
   368   286     cutoff   56       581.00000  640.67092  10.3%  1420  305s
   397   300  621.61243   11 1377  581.00000  640.54283  10.2%  1405  310s
   410   313  626.53531   20 1408  581.00000  640.54283  10.2%  1443  315s
   425   328  597.89024   30 1271  581.00000  640.54283  10.2%  1479  320s
   471   358  633.87369    7 1445  581.00000  640.31725  10.2%  1460  326s
   479   366  619.33372   11 1367  581.00000  640.31725  10.2%  1498  330s
   520   407  598.37652   41 1263  581.00000  640.31725  10.2%  1486  335s
   575   428  634.62588   11 1439  581.00000  640.31617  10.2%  1424  340s
   587   440  613.85428   20 1345  581.00000  640.31617  10.2%  1451  346s
   594   446  595.55353   14 1488  581.00000  640.31617  10.2%  1446  359s
   596   447  591.46842   33 1345  581.00000  640.31617  10.2%  1441  360s
   597   448  627.74835   20 1490  581.00000  640.31617  10.2%  1438  370s
   603   452  615.44589   24 1488  581.00000  640.31617  10.2%  1424  380s
   604   453  618.03400   24 1489  581.00000  640.31617  10.2%  1422  388s
   606   454  598.93379   38 1490  581.00000  640.31617  10.2%  1417  396s
   607   455  596.22689   27 1490  581.00000  640.31617  10.2%  1415  403s
   609   456  633.19189    6 1491  581.00000  640.31617  10.2%  1410  410s
   610   457  595.28208   16 1490  581.00000  640.31617  10.2%  1408  418s
   612   458  599.51951   14 1491  581.00000  640.31617  10.2%  1403  426s
   613   459  598.22347   43 1490  581.00000  640.31617  10.2%  1401  434s
   615   460  612.58955   16 1491  581.00000  640.31617  10.2%  1396  443s
   616   461  611.24559   21 1490  581.00000  640.31617  10.2%  1394  451s
   617   461  584.57260   50 1491  581.00000  640.31617  10.2%  1392  459s
   618   462  606.34945   39 1489  581.00000  640.31617  10.2%  1390  460s
   626   467  595.27746   16 1490  581.00000  640.31617  10.2%  1372  478s
   629   471  640.31617   14 1485  581.00000  640.31617  10.2%  1453  480s
   640   479  638.36048   19 1471  581.00000  640.06746  10.2%  1468  485s
   652   487  635.84881   25 1463  581.00000  640.06746  10.2%  1481  490s
   666   496  634.67563   32 1462  581.00000  640.06746  10.2%  1490  495s
   679   505  631.56328   39 1441  581.00000  640.06746  10.2%  1511  500s
   687   510  632.39113   43 1449  581.00000  640.06746  10.2%  1534  505s
   698   517  616.33646   48 1384  581.00000  640.06746  10.2%  1556  511s
   703   521  631.28331   51 1442  581.00000  640.06746  10.2%  1572  515s
   712   527  629.32156   55 1432  581.00000  640.06746  10.2%  1587  520s
   721   533  626.34288   60 1421  581.00000  640.06746  10.2%  1609  525s
   730   539  625.33794   64 1414  581.00000  640.06746  10.2%  1625  530s
   744   548  623.59817   71 1411  581.00000  640.06746  10.2%  1635  535s
   757   557  622.98123   78 1402  581.00000  640.06746  10.2%  1646  540s
   768   564  623.16202   83 1405  581.00000  640.06746  10.2%  1660  545s
   783   574  620.45811   91 1389  581.00000  640.06746  10.2%  1670  550s
   799   585  617.51947   99 1369  581.00000  640.06746  10.2%  1678  555s
   818   597  614.51943  108 1360  581.00000  640.06746  10.2%  1682  560s
   835   609  608.95838  117 1332  581.00000  640.06746  10.2%  1698  565s
   858   624  609.58769  128 1336  581.00000  640.06746  10.2%  1708  570s
   887   643  607.57483  143 1317  581.00000  640.06746  10.2%  1708  575s
   919   665  601.63364  159 1280  581.00000  640.06746  10.2%  1707  580s
   946   683  593.13893  172 1260  581.00000  640.06746  10.2%  1705  585s
   972   700  591.01542  185 1248  581.00000  640.06746  10.2%  1706  590s
   998   717  590.62340  198 1225  581.00000  640.06746  10.2%  1708  595s
H 1005   694                     582.0000000  640.06746  10.0%  1702  595s
  1042   717  590.69266  220 1210  582.00000  640.06746  10.0%  1683  600s
  1119   746  635.02465   17 1452  582.00000  640.06679  10.0%  1613  605s
  1127   751  621.57217   21 1385  582.00000  640.06679  10.0%  1637  611s
  1133   755  632.64703   24 1438  582.00000  640.06679  10.0%  1651  615s
  1141   761  633.17428   28 1434  582.00000  640.06679  10.0%  1671  621s
  1147   765  631.19199   31 1438  582.00000  640.06679  10.0%  1685  625s
  1155   770  633.09291   35 1438  582.00000  640.06679  10.0%  1703  630s
  1163   775  631.56525   39 1424  582.00000  640.06679  10.0%  1718  635s
  1173   782  628.34222   44 1402  582.00000  640.06679  10.0%  1735  640s
  1183   789  625.31222   49 1397  582.00000  640.06679  10.0%  1756  645s
  1193   795  628.09271   54 1406  582.00000  640.06679  10.0%  1770  650s
  1205   803  630.19896   60 1413  582.00000  640.06679  10.0%  1783  655s
  1215   810  623.01734   65 1385  582.00000  640.06679  10.0%  1799  660s
  1229   819  627.31978   72 1404  582.00000  640.06679  10.0%  1814  665s
  1241   827  626.37283   78 1397  582.00000  640.06679  10.0%  1831  670s
  1255   837  613.36128   85 1342  582.00000  640.06679  10.0%  1847  675s
  1269   846  617.36548   92 1348  582.00000  640.06679  10.0%  1857  680s
  1286   857  625.24352  101 1382  582.00000  640.06679  10.0%  1861  685s
  1305   870  619.08703  110 1358  582.00000  640.06679  10.0%  1867  690s
  1325   883  617.00101  120 1338  582.00000  640.06679  10.0%  1874  695s
  1345   897  605.24621  130 1280  582.00000  640.06679  10.0%  1879  700s
  1379   919  614.78161  147 1317  582.00000  640.06679  10.0%  1878  705s
  1427   951  610.02846  171 1276  582.00000  640.06679  10.0%  1857  710s
  1491   994  592.39904  203 1151  582.00000  640.06679  10.0%  1821  715s
  1626  1066     cutoff  269       582.00000  640.06679  10.0%  1704  720s
  1642  1063  632.54749   18 1451  582.00000  639.68999  9.91%  1702  725s
  1648  1067  634.12321   21 1450  582.00000  639.68999  9.91%  1714  730s
  1654  1071  635.21431   24 1448  582.00000  639.68999  9.91%  1723  735s
  1660  1075  632.62338   27 1440  582.00000  639.68999  9.91%  1732  740s
  1666  1079  627.76541   30 1418  582.00000  639.68999  9.91%  1742  745s
  1672  1083  627.46835   33 1421  582.00000  639.68999  9.91%  1753  751s
  1676  1085  631.51928   35 1430  582.00000  639.68999  9.91%  1760  755s
  1684  1091  626.67807   39 1409  582.00000  639.68999  9.91%  1772  761s
  1690  1095  630.84617   42 1424  582.00000  639.68999  9.91%  1781  765s
  1698  1100  628.36435   46 1420  582.00000  639.68999  9.91%  1790  771s
  1706  1105  631.40720   50 1428  582.00000  639.68999  9.91%  1797  775s
  1714  1111  631.17227   54 1426  582.00000  639.68999  9.91%  1804  780s
  1723  1117  633.18042   59 1438  582.00000  639.68999  9.91%  1813  785s
  1732  1123  616.45328   63 1360  582.00000  639.68999  9.91%  1827  791s
  1741  1129  632.13113   68 1428  582.00000  639.68999  9.91%  1833  795s
  1752  1136  627.13811   73 1402  582.00000  639.68999  9.91%  1843  800s
  1764  1144  627.05320   79 1396  582.00000  639.68999  9.91%  1851  805s
  1782  1156  625.70560   88 1389  582.00000  639.68999  9.91%  1859  810s
  1802  1169  611.51224   98 1323  582.00000  639.68999  9.91%  1866  815s
  1817  1179  624.28356  106 1385  582.00000  639.68999  9.91%  1872  820s
  1840  1195  612.95829  117 1334  582.00000  639.68999  9.91%  1881  825s
  1860  1208  617.27520  127 1326  582.00000  639.68999  9.91%  1883  830s
  1882  1223  616.36776  138 1326  582.00000  639.68999  9.91%  1883  835s
  1908  1240  613.06391  151 1300  582.00000  639.68999  9.91%  1881  840s
  1944  1264  610.59954  169 1277  582.00000  639.68999  9.91%  1872  845s
  1988  1304  596.29888  191 1232  582.00000  639.68999  9.91%  1857  850s
  2056  1372  594.32105  225 1179  582.00000  639.68999  9.91%  1820  855s
  2114  1430  585.07940  254 1091  582.00000  639.68999  9.91%  1779  860s
  2145  1437  632.18131   18 1438  582.00000  639.68984  9.91%  1761  865s
  2151  1443  633.65883   21 1445  582.00000  639.68984  9.91%  1768  870s
  2157  1449  634.33093   24 1442  582.00000  639.68984  9.91%  1774  875s
  2162  1454  637.32734   27 1466  582.00000  639.68984  9.91%  1779  880s
  2169  1461  631.61399   30 1428  582.00000  639.68984  9.91%  1788  885s
  2173  1465  632.77062   32 1429  582.00000  639.68984  9.91%  1792  890s
  2180  1472  636.13833   36 1456  582.00000  639.68984  9.91%  1798  895s
  2187  1479  628.37199   39 1415  582.00000  639.68984  9.91%  1808  901s
  2193  1485  629.02183   42 1423  582.00000  639.68984  9.91%  1813  905s
  2197  1489  631.08205   44 1419  582.00000  639.68984  9.91%  1817  911s
  2203  1495  627.98342   47 1416  582.00000  639.68984  9.91%  1822  915s
  2210  1502  633.99256   51 1442  582.00000  639.68984  9.91%  1827  920s
  2215  1507  621.99247   53 1390  582.00000  639.68984  9.91%  1833  925s
  2224  1516  633.29287   58 1423  582.00000  639.68984  9.91%  1838  933s
  2225  1517  621.03451   58 1374  582.00000  639.68984  9.91%  1841  935s
  2235  1527  628.53892   63 1406  582.00000  639.68984  9.91%  1846  940s
  2243  1535  628.07585   67 1405  582.00000  639.68984  9.91%  1851  945s
  2251  1543  622.07245   71 1383  582.00000  639.68984  9.91%  1856  959s
  2253  1545  627.95220   72 1392  582.00000  639.68984  9.91%  1856  960s
  2265  1557  625.80531   78 1380  582.00000  639.68984  9.91%  1862  971s
  2275  1567  621.66002   83 1378  582.00000  639.68984  9.91%  1866  975s
  2283  1575  621.32212   87 1377  582.00000  639.68984  9.91%  1868  980s
  2291  1583  616.34743   91 1354  582.00000  639.68984  9.91%  1873  997s
  2301  1593  622.44575   96 1377  582.00000  639.68984  9.91%  1875 1000s
  2309  1601  605.02946  100 1287  582.00000  639.68984  9.91%  1878 1005s
  2323  1615  610.25150  107 1319  582.00000  639.68984  9.91%  1883 1010s
  2332  1624  622.66581  112 1373  582.00000  639.68984  9.91%  1885 1015s
  2346  1638  621.61438  119 1367  582.00000  639.68984  9.91%  1890 1020s
  2361  1653  617.06745  126 1341  582.00000  639.68984  9.91%  1890 1025s
  2386  1678  617.80366  139 1337  582.00000  639.68984  9.91%  1889 1034s
  2387  1679  615.28960  139 1330  582.00000  639.68984  9.91%  1889 1035s
  2419  1711  610.68081  155 1296  582.00000  639.68984  9.91%  1884 1040s
  2440  1732  611.45701  166 1285  582.00000  639.68984  9.91%  1880 1045s
  2467  1759  604.83871  179 1251  582.00000  639.68984  9.91%  1873 1053s
  2483  1775  603.72231  187 1251  582.00000  639.68984  9.91%  1867 1055s
  2603  1893  586.24990  247 1089  582.00000  639.68984  9.91%  1806 1060s
  2638  1912  632.39608   20 1427  582.00000  639.65746  9.91%  1796 1065s
  2644  1918  631.73882   23 1428  582.00000  639.65746  9.91%  1802 1070s
  2652  1926  631.32492   27 1425  582.00000  639.65746  9.91%  1809 1075s
  2660  1934  631.29672   31 1423  582.00000  639.65746  9.91%  1815 1080s
  2668  1942  628.49049   35 1414  582.00000  639.65746  9.91%  1822 1086s
  2674  1948  625.38225   38 1400  582.00000  639.65746  9.91%  1827 1090s
  2682  1956  630.65219   42 1417  582.00000  639.65746  9.91%  1833 1095s
  2690  1964  625.02923   46 1395  582.00000  639.65746  9.91%  1840 1101s
  2698  1972  628.11993   50 1398  582.00000  639.65746  9.91%  1845 1105s
  2706  1980  630.01726   54 1406  582.00000  639.65746  9.91%  1850 1110s
  2716  1990  628.32014   59 1399  582.00000  639.65746  9.91%  1855 1115s
  2725  1999  631.65786   64 1414  582.00000  639.65746  9.91%  1860 1120s
  2734  2008  616.40305   68 1343  582.00000  639.65746  9.91%  1868 1125s
  2746  2020  626.94433   74 1376  582.00000  639.65746  9.91%  1871 1130s
  2760  2034  622.27200   81 1373  582.00000  639.65746  9.91%  1875 1135s
  2767  2041  626.94376   85 1391  582.00000  639.65746  9.91%  1875 1140s
  2782  2056  622.56120   92 1369  582.00000  639.65746  9.91%  1880 1145s
  2799  2073  623.97666  101 1373  582.00000  639.65746  9.91%  1882 1150s
  2816  2090  619.11588  109 1348  582.00000  639.65746  9.91%  1885 1155s
  2838  2112  616.11113  120 1326  582.00000  639.65746  9.91%  1888 1160s
  2864  2138  611.38005  133 1300  582.00000  639.65746  9.91%  1887 1165s
  2895  2169  613.78847  149 1299  582.00000  639.65746  9.91%  1883 1170s
  2920  2194  608.89224  161 1274  582.00000  639.65746  9.91%  1877 1177s
  2948  2222  593.58955  175 1196  582.00000  639.65746  9.91%  1869 1180s
  3006  2280  597.75123  204 1213  582.00000  639.65746  9.91%  1849 1185s
  3130  2376  638.84320   16 1475  582.00000  639.65054  9.91%  1793 1190s
  3137  2383  621.03044   19 1381  582.00000  639.65054  9.91%  1800 1195s
  3145  2391  633.54619   23 1440  582.00000  639.65054  9.91%  1807 1201s
  3151  2397  628.15042   26 1411  582.00000  639.65054  9.91%  1811 1205s
  3159  2405  631.61370   30 1425  582.00000  639.65054  9.91%  1817 1211s
  3165  2411  626.47253   33 1411  582.00000  639.65054  9.91%  1821 1218s
  3169  2415  628.68467   35 1417  582.00000  639.65054  9.91%  1825 1220s
  3177  2423  629.92544   39 1413  582.00000  639.65054  9.91%  1830 1225s
  3185  2431  627.12258   43 1397  582.00000  639.65054  9.91%  1836 1230s
  3193  2439  630.82259   47 1411  582.00000  639.65054  9.91%  1841 1235s
  3205  2451  626.85183   53 1385  582.00000  639.65054  9.91%  1848 1240s
  3217  2463  629.36895   59 1406  582.00000  639.65054  9.91%  1854 1245s
  3229  2475  625.59111   65 1395  582.00000  639.65054  9.91%  1859 1250s
  3237  2483  624.25876   69 1381  582.00000  639.65054  9.91%  1861 1255s
  3249  2495  622.03607   75 1379  582.00000  639.65054  9.91%  1865 1260s
  3261  2507  624.18913   81 1376  582.00000  639.65054  9.91%  1868 1265s
  3273  2519  615.98065   87 1356  582.00000  639.65054  9.91%  1873 1270s
  3291  2537  622.49811   96 1373  582.00000  639.65054  9.91%  1875 1275s
  3309  2555  613.66183  105 1327  582.00000  639.65054  9.91%  1878 1280s
  3321  2567  619.35653  111 1356  582.00000  639.65054  9.91%  1878 1287s
  3331  2577  601.35858  116 1252  582.00000  639.65054  9.91%  1879 1290s
  3340  2586  619.85791  121 1350  582.00000  639.65054  9.91%  1880 1298s
  3347  2593  615.69092  124 1339  582.00000  639.65054  9.91%  1880 1300s
  3366  2612  617.85316  134 1334  582.00000  639.65054  9.91%  1881 1305s
  3397  2643  612.57760  149 1300  582.00000  639.65054  9.91%  1878 1310s
  3437  2683  604.11355  169 1277  582.00000  639.65054  9.91%  1872 1315s
  3495  2741  599.43223  198 1237  582.00000  639.65054  9.91%  1858 1320s
  3632  2842  638.34454   14 1472  582.00000  639.37449  9.86%  1806 1325s
  3638  2848  633.24082   17 1443  582.00000  639.37449  9.86%  1811 1330s
  3646  2856  631.78521   21 1425  582.00000  639.37449  9.86%  1816 1335s
  3652  2862  631.24670   24 1425  582.00000  639.37449  9.86%  1819 1340s
  3659  2869  635.95372   28 1447  582.00000  639.37449  9.86%  1824 1345s
  3666  2876  626.63206   31 1407  582.00000  639.37449  9.86%  1829 1351s
  3668  2878  628.77778   32 1414  582.00000  639.37449  9.86%  1830 1355s
  3676  2886  620.84165   36 1377  582.00000  639.37449  9.86%  1836 1361s
  3682  2892  629.01938   39 1404  582.00000  639.37449  9.86%  1839 1365s
  3692  2902  626.77093   44 1403  582.00000  639.37449  9.86%  1844 1371s
  3700  2910  631.38250   48 1410  582.00000  639.37449  9.86%  1847 1375s
  3710  2920  626.72423   53 1401  582.00000  639.37449  9.86%  1851 1381s
  3716  2926  622.16739   56 1379  582.00000  639.37449  9.86%  1855 1385s
  3726  2936  627.27883   61 1393  582.00000  639.37449  9.86%  1859 1390s
  3738  2948  626.41592   67 1385  582.00000  639.37449  9.86%  1862 1395s
  3748  2958  624.60250   72 1384  582.00000  639.37449  9.86%  1865 1400s
  3762  2972  622.90961   79 1368  582.00000  639.37449  9.86%  1869 1405s
  3771  2981  626.04336   84 1386  582.00000  639.37449  9.86%  1870 1411s
  3782  2992  622.35163   89 1368  582.00000  639.37449  9.86%  1872 1415s
  3798  3008  621.30266   97 1359  582.00000  639.37449  9.86%  1875 1420s
  3816  3026  619.30592  106 1354  582.00000  639.37449  9.86%  1877 1425s
  3838  3048  616.57875  117 1346  582.00000  639.37449  9.86%  1877 1430s
  3864  3074  612.70574  130 1317  582.00000  639.37449  9.86%  1876 1435s
  3892  3102  611.19136  144 1304  582.00000  639.37449  9.86%  1874 1440s
  3926  3136  599.56779  161 1244  582.00000  639.37449  9.86%  1872 1445s
  3968  3178  603.08890  182 1252  582.00000  639.37449  9.86%  1866 1450s
  4024  3234  591.17868  210 1193  582.00000  639.37449  9.86%  1851 1455s
  4120  3306  638.71846   17 1475  582.00000  639.37427  9.86%  1817 1460s
  4125  3311  632.65605   19 1441  582.00000  639.37427  9.86%  1822 1465s
  4133  3319  630.56963   23 1431  582.00000  639.37427  9.86%  1827 1470s
  4141  3327  631.42735   27 1428  582.00000  639.37427  9.86%  1832 1475s
  4148  3334  636.47011   31 1456  582.00000  639.37427  9.86%  1836 1482s
  4151  3337  626.82166   32 1409  582.00000  639.37427  9.86%  1839 1485s
  4157  3343  630.45422   35 1417  582.00000  639.37427  9.86%  1843 1490s
  4167  3353  629.87072   40 1415  582.00000  639.37427  9.86%  1849 1495s
  4175  3361  628.43813   44 1418  582.00000  639.37427  9.86%  1853 1501s
  4177  3363  623.46641   45 1398  582.00000  639.37427  9.86%  1854 1505s
  4185  3371  628.93537   49 1414  582.00000  639.37427  9.86%  1858 1510s
  4193  3379  628.09245   53 1406  582.00000  639.37427  9.86%  1862 1515s
  4201  3387  622.99446   57 1380  582.00000  639.37427  9.86%  1865 1520s
  4209  3395  629.61027   61 1407  582.00000  639.37427  9.86%  1869 1525s
  4221  3407  628.08038   67 1403  582.00000  639.37427  9.86%  1873 1530s
  4235  3421  614.55170   74 1335  582.00000  639.37427  9.86%  1878 1535s
  4250  3436  628.23735   82 1406  582.00000  639.37427  9.86%  1881 1540s
  4271  3457  622.60526   92 1381  582.00000  639.37427  9.86%  1884 1545s
  4277  3463  621.80173   95 1366  582.00000  639.37427  9.86%  1885 1550s
  4295  3481  621.34789  104 1362  582.00000  639.37427  9.86%  1886 1555s
  4313  3499  614.70704  113 1319  582.00000  639.37427  9.86%  1888 1560s
  4333  3519  610.70006  123 1328  582.00000  639.37427  9.86%  1890 1565s
  4354  3540  617.92550  134 1348  582.00000  639.37427  9.86%  1890 1570s
  4379  3565  608.49082  146 1283  582.00000  639.37427  9.86%  1890 1575s
  4413  3599  609.88373  163 1286  582.00000  639.37427  9.86%  1886 1580s
  4465  3651  602.10269  189 1247  582.00000  639.37427  9.86%  1877 1585s
  4517  3703  591.60537  215 1189  582.00000  639.37427  9.86%  1865 1590s
  4623  3782  637.61971   21 1461  582.00000  639.13535  9.82%  1831 1595s
  4660  3819  632.53023   58 1415  582.00000  639.13535  9.82%  1823 1600s
  4677  3836  629.55639   74 1402  582.00000  639.13535  9.82%  1820 1605s
  4713  3872  623.01092  106 1367  582.00000  639.13535  9.82%  1814 1610s
  4750  3909  614.25666  130 1307  582.00000  639.13535  9.82%  1809 1615s
  4790  3949  609.93113  152 1290  582.00000  639.13535  9.82%  1803 1620s
  4836  3995  605.99960  178 1270  582.00000  639.13535  9.82%  1796 1625s
  4916  4075  598.28494  200 1213  582.00000  639.13535  9.82%  1779 1630s
  5010  4169  594.37528  217 1220  582.00000  639.13535  9.82%  1755 1635s
  5072  4231  591.27655  227 1192  582.00000  639.13535  9.82%  1740 1640s
  5235  4392  584.60000  250 1053  582.00000  639.13535  9.82%  1697 1645s
  5318  4443  634.67032   43 1442  582.00000  639.13513  9.82%  1677 1650s
  5354  4479  628.39639   77 1399  582.00000  639.13513  9.82%  1672 1655s
  5362  4487  626.58601   85 1382  582.00000  639.13513  9.82%  1671 1661s
  5392  4517  620.51621  107 1359  582.00000  639.13513  9.82%  1668 1665s
  5435  4560  613.18742  139 1298  582.00000  639.13513  9.82%  1662 1679s
  5439  4564  614.26162  143 1317  582.00000  639.13513  9.82%  1662 1680s
  5492  4617  606.39652  169 1233  582.00000  639.13513  9.82%  1656 1685s
  5597  4722  596.87978  204 1179  582.00000  639.13513  9.82%  1637 1690s
  5850  4975  584.64912  245 1074  582.00000  639.13513  9.82%  1581 1695s
  5947  5052  633.08069   46 1434  582.00000  638.79368  9.76%  1562 1700s
  5988  5093  625.91215   85 1385  582.00000  638.79368  9.76%  1558 1705s
  6012  5117  621.07058  106 1350  582.00000  638.79368  9.76%  1556 1710s
  6070  5175  611.88474  151 1301  582.00000  638.79368  9.76%  1549 1715s
  6132  5237  603.23184  177 1253  582.00000  638.79368  9.76%  1543 1720s
  6227  5332  596.00178  204 1209  582.00000  638.79368  9.76%  1530 1725s
  6460  5563  584.47009  245 1016  582.00000  638.79368  9.76%  1486 1730s
  6517  5596  634.10805   44 1442  582.00000  638.79317  9.76%  1478 1735s
  6557  5636  625.09788   81 1390  582.00000  638.79317  9.76%  1475 1740s
  6607  5686  615.93934  127 1334  582.00000  638.79317  9.76%  1469 1745s
  6654  5733  609.87199  160 1281  582.00000  638.79317  9.76%  1466 1750s
  6719  5798  602.18070  186 1257  582.00000  638.79317  9.76%  1460 1755s
  6834  5913  592.27575  220 1214  582.00000  638.79317  9.76%  1445 1760s
  7075  6133  637.36973   19 1467  582.00000  638.65705  9.73%  1407 1765s
  7107  6165  632.64795   51 1424  582.00000  638.65705  9.73%  1404 1770s
  7150  6208  624.23811   92 1384  582.00000  638.65705  9.73%  1401 1775s
  7180  6238  618.14721  110 1342  582.00000  638.65705  9.73%  1401 1780s
  7237  6295  609.90059  155 1289  582.00000  638.65705  9.73%  1397 1785s
  7303  6361  601.57166  186 1259  582.00000  638.65705  9.73%  1394 1790s
  7438  6496  591.19492  220 1162  582.00000  638.65705  9.73%  1379 1796s
  7611  6645  629.60974   16 1417  582.00000  638.54520  9.72%  1354 1801s
  7650  6684  621.94111   55 1364  582.00000  638.54520  9.72%  1351 1805s
  7690  6724  612.77080   90 1314  582.00000  638.54520  9.72%  1349 1822s
  7691  6725  613.69848   92 1332  582.00000  638.54520  9.72%  1348 1825s
  7761  6795  603.44686  138 1253  582.00000  638.54520  9.72%  1344 1830s
  7861  6895  591.36339  181 1177  582.00000  638.54520  9.72%  1336 1835s
  8015  7023  620.65324   17 1381  582.00000  638.45772  9.70%  1319 1840s
  8016  7024  620.42478   18 1378  582.00000  638.45772  9.70%  1319 1845s
  8068  7076  609.58996   68 1319  582.00000  638.45772  9.70%  1315 1850s
  8149  7157  594.26556  125 1222  582.00000  638.45772  9.70%  1310 1855s
  8262  7254  628.90662   28 1422  582.00000  638.42063  9.69%  1300 1860s
  8328  7320  617.50462   92 1342  582.00000  638.42063  9.69%  1296 1865s
  8401  7393  604.91519  148 1278  582.00000  638.42063  9.69%  1292 1870s
  8588  7580  584.95694  211 1102  582.00000  638.42063  9.69%  1275 1875s
  8655  7613  608.89231   37 1333  582.00000  638.36046  9.68%  1271 1880s
  8715  7663  633.13980   47 1430  582.00000  638.35867  9.68%  1268 1885s
  8720  7668  632.42407   52 1422  582.00000  638.35867  9.68%  1267 1893s
  8739  7687  628.73692   71 1399  582.00000  638.35867  9.68%  1267 1895s
  8792  7740  617.18444  124 1348  582.00000  638.35867  9.68%  1264 1900s
  8928  7864  637.67649   20 1473  582.00000  638.31177  9.68%  1251 1905s
  8935  7871  636.97085   24 1466  582.00000  638.31177  9.68%  1253 1910s
  8940  7876  627.95911   26 1421  582.00000  638.31177  9.68%  1255 1915s
  8948  7884  631.89661   30 1434  582.00000  638.31177  9.68%  1258 1920s
  8954  7890  629.97009   33 1428  582.00000  638.31177  9.68%  1260 1925s
  8962  7898  629.75394   37 1426  582.00000  638.31177  9.68%  1262 1931s
  8968  7904  628.60756   40 1414  582.00000  638.31177  9.68%  1264 1935s
  8976  7912  628.81236   44 1418  582.00000  638.31177  9.68%  1267 1940s
  8984  7920  622.16268   48 1379  582.00000  638.31177  9.68%  1269 1945s
  8992  7928  624.89597   52 1390  582.00000  638.31177  9.68%  1271 1950s
  9003  7939  631.15917   58 1431  582.00000  638.31177  9.68%  1273 1955s
  9012  7948  619.39774   62 1375  582.00000  638.31177  9.68%  1276 1960s
  9018  7954  622.83998   65 1385  582.00000  638.31177  9.68%  1278 1968s
  9022  7958  624.95200   67 1390  582.00000  638.31177  9.68%  1279 1970s
  9033  7969  628.93283   73 1414  582.00000  638.31177  9.68%  1280 1975s
  9046  7982  623.28449   79 1381  582.00000  638.31177  9.68%  1283 1980s
  9059  7995  625.80215   86 1396  582.00000  638.31177  9.68%  1285 1985s
  9076  8012  621.96126   94 1374  582.00000  638.31177  9.68%  1288 1990s
  9092  8028  619.29698  102 1367  582.00000  638.31177  9.68%  1290 1995s
  9114  8050  610.13809  113 1314  582.00000  638.31177  9.68%  1292 2000s
  9132  8068  614.63168  122 1345  582.00000  638.31177  9.68%  1293 2005s
  9152  8088  614.54368  132 1330  582.00000  638.31177  9.68%  1295 2010s
  9180  8116  610.28809  146 1309  582.00000  638.31177  9.68%  1297 2015s
  9215  8151  609.00246  164 1281  582.00000  638.31177  9.68%  1297 2020s
  9282  8218  599.53574  197 1235  582.00000  638.31177  9.68%  1295 2025s
  9414  8328  632.32765   22 1437  582.00000  638.26242  9.67%  1285 2030s
  9477  8391  620.88079   85 1359  582.00000  638.26242  9.67%  1282 2035s
  9498  8412  616.43208  106 1338  582.00000  638.26242  9.67%  1280 2042s
  9566  8480  600.09781  174 1252  582.00000  638.26242  9.67%  1275 2045s
  9689  8566  631.97859   57 1419  582.00000  638.26232  9.67%  1265 2050s
  9776  8653  602.17683  144 1221  582.00000  638.26232  9.67%  1259 2055s
  9870  8735  632.20271   58 1426  582.00000  638.12387  9.64%  1252 2060s
  9918  8783  623.59750  103 1379  582.00000  638.12387  9.64%  1251 2065s
  9971  8836  613.73728  145 1324  582.00000  638.12387  9.64%  1250 2070s
 10028  8893  604.83827  179 1234  582.00000  638.12387  9.64%  1248 2075s
 10198  9063  590.27689  226 1161  582.00000  638.12387  9.64%  1236 2080s
 10203  9067  614.50461  151 1488  582.00000  638.12387  9.64%  1235 2791s
 10206  9069  605.65719  178 1489  582.00000  638.12387  9.64%  1235 2798s
 10207  9070  586.36667  238 1489  582.00000  635.89866  9.26%  1235 2802s
 10214  9074  594.66961  212 1489  582.00000  634.48661  9.02%  1234 2819s
 10215  9075  630.13927   38 1488  582.00000  634.41899  9.01%  1234 2833s
 10217  9076  623.94379   94 1489  582.00000  634.39903  9.00%  1233 2849s
 10218  9077  624.94711   89 1492  582.00000  633.84479  8.91%  1233 2864s
 10221  9079  594.35976  221 1492  582.00000  633.64337  8.87%  1233 2865s
 10224  9081  625.39652   71 1493  582.00000  633.63482  8.87%  1233 2884s
 10225  9082  584.87572  253 1490  582.00000  633.43621  8.84%  1232 2900s
 10229  9084  611.37456  156 1491  582.00000  633.34137  8.82%  1232 2918s
 10230  9085  606.03271  187 1489  582.00000  633.13279  8.79%  1232 2935s
 10234  9088  589.21198  228 1490  582.00000  633.05806  8.77%  1231 2954s
 10235  9088  605.69901  178 1486  582.00000  632.98182  8.76%  1231 2970s
 10238  9090  610.76839  148 1491  582.00000  632.94883  8.75%  1231 2988s
 10239  9091  598.57842  178 1489  582.00000  632.77497  8.72%  1231 3005s
 10243  9094  607.26955  172 1493  582.00000  632.69961  8.71%  1230 3023s
 10244  9094  618.17629  117 1491  582.00000  632.59085  8.69%  1230 3039s
 10247  9096  591.16667  217 1491  582.00000  632.56485  8.69%  1230 3058s
 10248  9097  625.37758   86 1490  582.00000  632.52629  8.68%  1230 3073s
 10250  9098  592.31073  177 1494  582.00000  632.50913  8.68%  1229 3092s
 10251  9099  584.86792  244 1489  582.00000  632.43772  8.67%  1229 3108s
 10255  9102  617.61950   31 1492  582.00000  632.37774  8.66%  1229 3125s
 10256  9102  586.07220  241 1490  582.00000  632.32660  8.65%  1229 3141s
 10258  9104  630.06564   44 1493  582.00000  632.30818  8.64%  1229 3159s
 10259  9104  625.60264   90 1491  582.00000  632.28270  8.64%  1228 3174s
 10261  9106  598.75168  196 1492  582.00000  632.27370  8.64%  1228 3194s
 10262  9106  632.25494   18 1491  582.00000  632.25494  8.63%  1228 3214s
 10264  9108  586.25000  237 1491  582.00000  632.25011  8.63%  1228 3232s
 10265  9108  596.34636  216 1491  582.00000  632.22363  8.63%  1228 3249s
 10268  9110  598.06742  181 1494  582.00000  632.20237  8.63%  1227 3268s
 10269  9111  593.44346  188 1490  582.00000  632.16606  8.62%  1227 3285s
 10272  9113  589.17564  235 1492  582.00000  632.15412  8.62%  1227 3306s
 10273  9114  612.09280  145 1491  582.00000  632.15342  8.62%  1227 3326s
 10274  9114  625.65107   81 1492  582.00000  632.15296  8.62%  1227 3347s
 10275  9115  590.32585  230 1492  582.00000  632.15290  8.62%  1226 3366s
 10276  9116  592.15889  220 1492  582.00000  632.15282  8.62%  1226 3385s
 10277  9116  625.60247   79 1492  582.00000  632.15281  8.62%  1226 3404s
 10278  9117  623.59485   72 1492  582.00000  632.15280  8.62%  1226 3424s
 10279  9118  608.96739  138 1492  582.00000  632.14672  8.62%  1226 3462s
 10280  9118  590.19743  229 1492  582.00000  632.14503  8.62%  1226 3480s
 10281  9119  598.32525  202 1492  582.00000  632.14503  8.62%  1226 3496s
 10286  9124  631.51981   27 1488  582.00000  631.82498  8.56%  1234 3500s
 10292  9128  630.26824   30 1477  582.00000  631.53491  8.51%  1235 3505s
 10300  9134  629.19355   34 1473  582.00000  631.53491  8.51%  1237 3510s
 10309  9140  627.83134   38 1463  582.00000  631.53491  8.51%  1238 3515s
 10320  9147  625.93211   44 1448  582.00000  631.53491  8.51%  1239 3520s
 10332  9155  624.01394   50 1441  582.00000  631.53491  8.51%  1240 3525s
 10345  9164  621.97842   56 1430  582.00000  631.53491  8.51%  1241 3530s
 10356  9171  620.82537   62 1429  582.00000  631.53491  8.51%  1242 3535s
 10369  9180  617.94432   68 1411  582.00000  631.53491  8.51%  1244 3540s
 10383  9189  615.42331   75 1403  582.00000  631.53491  8.51%  1245 3545s
 10399  9200  612.92700   83 1391  582.00000  631.53491  8.51%  1246 3550s
 10416  9211  611.14174   92 1391  582.00000  631.53491  8.51%  1246 3555s
 10431  9221  606.47232   99 1369  582.00000  631.53491  8.51%  1248 3560s
 10445  9230  605.48618  106 1367  582.00000  631.53491  8.51%  1249 3565s
 10466  9244  602.71621  117 1361  582.00000  631.53491  8.51%  1249 3570s
 10482  9255  600.22440  125 1353  582.00000  631.53491  8.51%  1250 3575s
 10497  9265  596.84139  132 1335  582.00000  631.53491  8.51%  1252 3580s
 10514  9276  595.05028  141 1336  582.00000  631.53491  8.51%  1253 3585s
 10531  9288  587.32103  149 1293  582.00000  631.53491  8.51%  1254 3590s
 10549  9300  588.90631  158 1305  582.00000  631.53491  8.51%  1256 3595s

Cutting planes:
  Gomory: 10
  MIR: 1
  Flow cover: 61
  Zero half: 587
  RLT: 172
  BQP: 27

Explored 10565 nodes (13406740 simplex iterations) in 3600.00 seconds (4712.01 work units)
Thread count was 1 (of 24 available processors)

Solution count 10: 582 581 580 ... 562

Time limit reached
Best objective 5.820000000000e+02, best bound 6.310000000000e+02, gap 8.4192%

User-callback calls 174859, time in user-callback 0.95 sec
