
Gurobi 11.0.3 (linux64) logging started Sat Mar  7 17:20:15 2026

Set parameter LogFile to value "./log/train/IS_1500_6/IS_84.lp.log"
Set parameter TimeLimit to value 3600
Gurobi Optimizer version 11.0.3 build v11.0.3rc0 (linux64 - "Ubuntu 22.04.5 LTS")

CPU model: AMD Ryzen 9 9900X 12-Core Processor, instruction set [SSE2|AVX|AVX2|AVX512]
Thread count: 12 physical cores, 24 logical processors, using up to 1 threads

Optimize a model with 9208 rows, 1500 columns and 18132 nonzeros
Model fingerprint: 0xef9b970f
Variable types: 0 continuous, 1500 integer (1500 binary)
Coefficient statistics:
  Matrix range     [1e+00, 1e+00]
  Objective range  [1e+00, 1e+00]
  Bounds range     [1e+00, 1e+00]
  RHS range        [1e+00, 1e+00]
Found heuristic solution: objective 345.0000000
Presolve removed 1849 rows and 0 columns
Presolve time: 0.05s
Presolved: 7359 rows, 1500 columns, 16277 nonzeros
Variable types: 0 continuous, 1500 integer (1500 binary)

Root relaxation: objective 6.920000e+02, 2923 iterations, 0.12 seconds (0.15 work units)

    Nodes    |    Current Node    |     Objective Bounds      |     Work
 Expl Unexpl |  Obj  Depth IntInf | Incumbent    BestBd   Gap | It/Node Time

     0     0  692.00000    0 1356  345.00000  692.00000   101%     -    0s
H    0     0                     537.0000000  692.00000  28.9%     -    0s
     0     0  669.94670    0 1480  537.00000  669.94670  24.8%     -    1s
H    0     0                     555.0000000  669.94670  20.7%     -   54s
     0     0  669.94670    0 1480  555.00000  669.94670  20.7%     -   54s
     0     0  661.87706    0 1477  555.00000  661.87706  19.3%     -   55s
     0     0  661.69858    0 1481  555.00000  661.69858  19.2%     -   55s
     0     0  661.63807    0 1485  555.00000  661.63807  19.2%     -   55s
     0     0  661.62948    0 1485  555.00000  661.62948  19.2%     -   55s
     0     0  661.62857    0 1485  555.00000  661.62857  19.2%     -   55s
     0     0  657.89417    0 1479  555.00000  657.89417  18.5%     -   56s
     0     0  657.46180    0 1480  555.00000  657.46180  18.5%     -   56s
     0     0  657.36739    0 1481  555.00000  657.36739  18.4%     -   56s
     0     0  657.34937    0 1482  555.00000  657.34937  18.4%     -   56s
     0     0  657.34714    0 1482  555.00000  657.34714  18.4%     -   56s
     0     0  654.70456    0 1482  555.00000  654.70456  18.0%     -   56s
     0     0  654.32308    0 1484  555.00000  654.32308  17.9%     -   57s
     0     0  654.26077    0 1486  555.00000  654.26077  17.9%     -   57s
     0     0  654.25132    0 1484  555.00000  654.25132  17.9%     -   57s
     0     0  652.01467    0 1483  555.00000  652.01467  17.5%     -   58s
     0     0  651.70193    0 1484  555.00000  651.70193  17.4%     -   58s
     0     0  651.65621    0 1483  555.00000  651.65621  17.4%     -   58s
     0     0  651.64190    0 1484  555.00000  651.64190  17.4%     -   58s
     0     0  651.63703    0 1484  555.00000  651.63703  17.4%     -   58s
     0     0  650.24263    0 1481  555.00000  650.24263  17.2%     -   59s
     0     0  650.05021    0 1487  555.00000  650.05021  17.1%     -   59s
     0     0  650.02981    0 1488  555.00000  650.02981  17.1%     -   59s
     0     0  650.02581    0 1487  555.00000  650.02581  17.1%     -   59s
     0     0  649.46263    0 1482  555.00000  649.46263  17.0%     -   59s
     0     0  649.36203    0 1483  555.00000  649.36203  17.0%     -   60s
     0     0  649.33161    0 1484  555.00000  649.33161  17.0%     -   60s
     0     0  649.32906    0 1484  555.00000  649.32906  17.0%     -   60s
     0     0  648.50497    0 1484  555.00000  648.50497  16.8%     -   60s
     0     0  648.38755    0 1485  555.00000  648.38755  16.8%     -   60s
     0     0  648.36129    0 1484  555.00000  648.36129  16.8%     -   60s
     0     0  648.35700    0 1483  555.00000  648.35700  16.8%     -  114s
     0     0  647.58416    0 1487  555.00000  647.58416  16.7%     -  114s
     0     0  647.46105    0 1489  555.00000  647.46105  16.7%     -  114s
     0     0  647.44399    0 1488  555.00000  647.44399  16.7%     -  114s
     0     0  646.43844    0 1488  555.00000  646.43844  16.5%     -  115s
H    0     0                     556.0000000  646.43844  16.3%     -  115s
     0     0  646.31962    0 1487  556.00000  646.31962  16.2%     -  116s
     0     0  646.29602    0 1488  556.00000  646.29602  16.2%     -  116s
     0     0  646.28694    0 1489  556.00000  646.28694  16.2%     -  116s
     0     0  645.70525    0 1486  556.00000  645.70525  16.1%     -  116s
     0     0  645.62907    0 1488  556.00000  645.62907  16.1%     -  116s
     0     0  645.60969    0 1487  556.00000  645.60969  16.1%     -  117s
     0     0  645.60433    0 1488  556.00000  645.60433  16.1%     -  117s
     0     0  645.22136    0 1488  556.00000  645.22136  16.0%     -  117s
     0     0  645.17888    0 1489  556.00000  645.17888  16.0%     -  117s
     0     0  645.17233    0 1487  556.00000  645.17233  16.0%     -  117s
     0     0  644.81478    0 1487  556.00000  644.81478  16.0%     -  118s
     0     0  644.77556    0 1485  556.00000  644.77556  16.0%     -  118s
     0     0  644.76532    0 1486  556.00000  644.76532  16.0%     -  118s
     0     0  644.47534    0 1486  556.00000  644.47534  15.9%     -  118s
     0     0  644.41185    0 1485  556.00000  644.41185  15.9%     -  118s
     0     0  644.39554    0 1485  556.00000  644.39554  15.9%     -  119s
     0     0  643.94295    0 1486  556.00000  643.94295  15.8%     -  119s
     0     0  643.90192    0 1487  556.00000  643.90192  15.8%     -  119s
     0     0  643.89293    0 1487  556.00000  643.89293  15.8%     -  119s
     0     0  643.52945    0 1485  556.00000  643.52945  15.7%     -  120s
     0     0  643.46681    0 1487  556.00000  643.46681  15.7%     -  120s
     0     0  643.45561    0 1487  556.00000  643.45561  15.7%     -  120s
     0     0  643.01671    0 1491  556.00000  643.01671  15.7%     -  120s
     0     0  642.92809    0 1489  556.00000  642.92809  15.6%     -  174s
     0     0  642.91068    0 1489  556.00000  642.91068  15.6%     -  174s
     0     0  642.62173    0 1487  556.00000  642.62173  15.6%     -  174s
     0     0  642.56289    0 1488  556.00000  642.56289  15.6%     -  174s
     0     0  642.55249    0 1489  556.00000  642.55249  15.6%     -  174s
     0     0  642.36243    0 1488  556.00000  642.36243  15.5%     -  175s
     0     0  642.31174    0 1490  556.00000  642.31174  15.5%     -  175s
     0     0  642.29809    0 1489  556.00000  642.29809  15.5%     -  175s
     0     0  642.01002    0 1487  556.00000  642.01002  15.5%     -  176s
H    0     0                     558.0000000  642.01002  15.1%     -  176s
     0     0  641.94392    0 1492  558.00000  641.94392  15.0%     -  176s
     0     0  641.92823    0 1493  558.00000  641.92823  15.0%     -  176s
     0     0  641.60970    0 1489  558.00000  641.60970  15.0%     -  176s
     0     0  641.52485    0 1490  558.00000  641.52485  15.0%     -  177s
     0     0  641.51442    0 1489  558.00000  641.51442  15.0%     -  177s
     0     0  641.24324    0 1491  558.00000  641.24324  14.9%     -  177s
H    0     0                     561.0000000  641.24324  14.3%     -  177s
     0     0  641.19869    0 1492  561.00000  641.19869  14.3%     -  177s
     0     0  641.19018    0 1492  561.00000  641.19018  14.3%     -  177s
     0     0  640.95992    0 1492  561.00000  640.95992  14.3%     -  178s
H    0     0                     565.0000000  640.95992  13.4%     -  178s
     0     0  640.92978    0 1491  565.00000  640.92978  13.4%     -  178s
     0     0  640.92414    0 1490  565.00000  640.92414  13.4%     -  178s
     0     0  640.74703    0 1488  565.00000  640.74703  13.4%     -  178s
     0     0  640.74703    0 1483  565.00000  640.74703  13.4%     -  178s
H    0     0                     567.0000000  640.74703  13.0%     -  180s
     0     2  640.74697    0 1483  567.00000  640.74697  13.0%     -  180s
    12    14  639.99824    9 1474  567.00000  640.71709  13.0%  2969  185s
    13    15  635.96056    9 1448  567.00000  640.71709  13.0%  2955  234s
    14    16  635.84157   10 1445  567.00000  640.71709  13.0%  2771  235s
H   27    27                     571.0000000  640.71709  12.2%  2020  238s
    36    38  610.10044   26 1320  571.00000  640.71709  12.2%  1906  240s
H   52    52                     572.0000000  640.71709  12.0%  1652  242s
H   54    54                     575.0000000  640.71709  11.4%  1675  242s
    63    65  598.40993   44 1265  575.00000  640.71709  11.4%  1675  245s
H   78    78                     576.0000000  640.71709  11.2%  1503  247s
   105    91  628.51060    2 1417  576.00000  640.62851  11.2%  1366  250s
   122   108  610.24259   14 1324  576.00000  640.62851  11.2%  1495  255s
   157   143  580.63859   39 1187  576.00000  640.62851  11.2%  1497  260s
H  162   144                     577.0000000  640.62851  11.0%  1466  260s
H  183   150                     578.0000000  640.39632  10.8%  1484  265s
H  216   181                     579.0000000  640.39632  10.6%  1483  269s
   222   189  601.66576   38 1254  579.00000  640.39632  10.6%  1488  270s
   259   216  611.60680   10 1342  579.00000  640.36295  10.6%  1469  275s
   278   235  610.60420   23 1328  579.00000  640.36295  10.6%  1503  280s
H  287   240                     580.0000000  640.36295  10.4%  1498  282s
   301   256  609.38879   39 1301  580.00000  640.36295  10.4%  1525  285s
   308   263  606.36850   44 1302  580.00000  640.36295  10.4%  1528  290s
   355   292  634.94228    7 1447  580.00000  640.23746  10.4%  1443  295s
   366   303  622.72447   15 1381  580.00000  640.23746  10.4%  1495  301s
   379   316  607.43687   23 1289  580.00000  640.23746  10.4%  1515  305s
H  409   342                     581.0000000  640.23746  10.2%  1480  308s
   428   351  634.94629    8 1450  581.00000  639.99792  10.2%  1448  310s
   436   359  621.74247   13 1384  581.00000  639.99792  10.2%  1489  315s
   457   380  603.80404   29 1307  581.00000  639.99792  10.2%  1515  320s
H  469   384                     582.0000000  639.99792  10.0%  1533  324s
   472   389  611.33576   38 1324  582.00000  639.99792  10.0%  1536  325s
   500   405  631.75925   11 1435  582.00000  639.99780  10.0%  1524  330s
   516   421  608.43204   23 1333  582.00000  639.99780  10.0%  1547  335s
   536   441  595.77102   36 1254  582.00000  639.99780  10.0%  1557  340s
   565   461  619.74649   21 1483  582.00000  639.99780  10.0%  1506  354s
   567   462  589.82090   46 1356  582.00000  639.99780  10.0%  1501  355s
   568   463  603.82556   28 1490  582.00000  639.99780  10.0%  1498  364s
   569   464  584.46763   60 1490  582.00000  639.99780  10.0%  1495  366s
   573   466  615.34738   15 1490  582.00000  639.99780  10.0%  1485  376s
   574   467  612.79518   22 1487  582.00000  639.99780  10.0%  1482  384s
   577   469  628.89196   16 1488  582.00000  639.99780  10.0%  1475  393s
   578   470  606.01262   48 1486  582.00000  639.99780  10.0%  1472  401s
   580   471  600.07505   32 1489  582.00000  639.99780  10.0%  1467  409s
   581   472  627.82239   11 1488  582.00000  639.99780  10.0%  1465  417s
   583   473  619.16299   26 1487  582.00000  639.99780  10.0%  1460  425s
   584   474  603.82556   28 1485  582.00000  639.99780  10.0%  1457  433s
   585   474  617.41735    6 1486  582.00000  639.99780  10.0%  1455  441s
   586   475  617.69614   17 1485  582.00000  639.99780  10.0%  1452  450s
   587   476  612.16909   33 1487  582.00000  639.99780  10.0%  1450  459s
   588   476  634.01559   12 1487  582.00000  639.99780  10.0%  1447  468s
   592   479  617.84888   17 1486  582.00000  639.99780  10.0%  1437  470s
   596   484  639.99780   13 1484  582.00000  639.99780  10.0%  1524  475s
   606   490  638.25936   18 1472  582.00000  639.46311  9.87%  1543  480s
   616   497  638.31969   23 1472  582.00000  639.46311  9.87%  1562  485s
   629   506  636.72009   30 1464  582.00000  639.46311  9.87%  1575  490s
   639   512  635.19265   35 1442  582.00000  639.46311  9.87%  1598  495s
   653   522  634.20700   42 1441  582.00000  639.46311  9.87%  1614  500s
   661   527  633.41771   46 1437  582.00000  639.46311  9.87%  1633  505s
   668   532  621.56610   49 1367  582.00000  639.46311  9.87%  1656  510s
   677   538  628.87844   54 1407  582.00000  639.46311  9.87%  1678  515s
   691   547  629.59243   61 1416  582.00000  639.46311  9.87%  1682  520s
   707   558  627.09000   69 1410  582.00000  639.46311  9.87%  1681  529s
   708   558  626.64625   69 1402  582.00000  639.46311  9.87%  1681  530s
   727   571  623.10851   79 1391  582.00000  639.46311  9.87%  1681  535s
   745   583  620.74564   88 1385  582.00000  639.46311  9.87%  1681  540s
   764   596  616.60471   97 1367  582.00000  639.46311  9.87%  1685  545s
   782   608  611.82648  106 1344  582.00000  639.46311  9.87%  1692  550s
   802   621  611.67055  116 1357  582.00000  639.46311  9.87%  1693  555s
   823   635  608.03060  127 1336  582.00000  639.46311  9.87%  1698  560s
   844   649  603.15203  137 1311  582.00000  639.46311  9.87%  1702  565s
   869   666  602.72364  150 1309  582.00000  639.46311  9.87%  1698  570s
   894   682  595.29926  162 1259  582.00000  639.46311  9.87%  1701  575s
   918   698  595.59325  174 1266  582.00000  639.46311  9.87%  1701  580s
   944   716  592.30769  187 1229  582.00000  639.46311  9.87%  1707  585s
   983   738  587.46844  207 1208  582.00000  639.46311  9.87%  1697  590s
  1038   772  590.01977  234 1163  582.00000  639.46311  9.87%  1665  595s
  1120   786  632.72609   17 1426  582.00000  639.46253  9.87%  1591  601s
  1126   790  632.48416   20 1428  582.00000  639.46253  9.87%  1605  605s
  1134   795  633.72579   24 1421  582.00000  639.46253  9.87%  1616  610s
  1142   801  628.57854   28 1415  582.00000  639.46253  9.87%  1633  615s
  1150   806  632.10876   32 1426  582.00000  639.46253  9.87%  1652  620s
  1158   811  631.11872   36 1412  582.00000  639.46253  9.87%  1665  625s
  1167   817  633.74052   41 1436  582.00000  639.46253  9.87%  1677  630s
  1178   825  630.17509   46 1408  582.00000  639.46253  9.87%  1693  635s
  1187   831  631.57651   51 1423  582.00000  639.46253  9.87%  1704  640s
  1198   838  627.57002   56 1395  582.00000  639.46253  9.87%  1718  645s
  1210   846  625.48585   62 1386  582.00000  639.46253  9.87%  1733  650s
  1220   853  625.49843   67 1387  582.00000  639.46253  9.87%  1743  655s
  1231   860  627.25375   73 1395  582.00000  639.46253  9.87%  1756  660s
  1243   868  626.64776   79 1386  582.00000  639.46253  9.87%  1767  665s
  1255   876  625.98791   85 1377  582.00000  639.46253  9.87%  1778  670s
  1270   886  620.97904   92 1361  582.00000  639.46253  9.87%  1789  675s
  1288   898  619.55448  101 1349  582.00000  639.46253  9.87%  1791  680s
  1304   909  617.20272  109 1323  582.00000  639.46253  9.87%  1800  685s
  1326   923  616.38114  120 1316  582.00000  639.46253  9.87%  1802  690s
  1357   944  616.20154  136 1318  582.00000  639.46253  9.87%  1795  695s
  1394   969  607.65794  154 1263  582.00000  639.46253  9.87%  1787  700s
  1444  1002  601.39614  179 1214  582.00000  639.46253  9.87%  1765  705s
  1541  1065  591.90794  228 1145  582.00000  639.46253  9.87%  1695  710s
  1614  1084  633.13656   17 1443  582.00000  639.42964  9.87%  1642  715s
  1620  1088  632.50258   20 1436  582.00000  639.42964  9.87%  1652  720s
  1626  1092  634.77266   23 1444  582.00000  639.42964  9.87%  1661  725s
  1632  1096  632.97436   26 1433  582.00000  639.42964  9.87%  1671  730s
  1638  1100  634.27249   29 1434  582.00000  639.42964  9.87%  1680  735s
  1646  1106  633.08352   33 1435  582.00000  639.42964  9.87%  1689  740s
  1654  1111  631.91569   37 1432  582.00000  639.42964  9.87%  1701  745s
  1662  1116  626.10451   41 1404  582.00000  639.42964  9.87%  1712  751s
  1668  1120  626.19092   44 1408  582.00000  639.42964  9.87%  1721  755s
  1680  1128  628.80386   50 1407  582.00000  639.42964  9.87%  1733  760s
  1694  1138  629.58203   57 1410  582.00000  639.42964  9.87%  1747  765s
  1704  1144  627.66878   62 1404  582.00000  639.42964  9.87%  1754  770s
  1715  1152  629.63361   68 1412  582.00000  639.42964  9.87%  1761  775s
  1726  1159  623.65159   73 1375  582.00000  639.42964  9.87%  1771  780s
  1738  1167  623.69523   79 1372  582.00000  639.42964  9.87%  1779  785s
  1752  1176  622.59439   86 1365  582.00000  639.42964  9.87%  1787  790s
H 1766  1159                     583.0000000  639.42964  9.68%  1793  795s
  1782  1171  615.13036  101 1332  583.00000  639.42964  9.68%  1803  800s
H 1786  1135                     584.0000000  639.42964  9.49%  1803  802s
  1796  1144  617.83800  108 1326  584.00000  639.42964  9.49%  1811  805s
H 1813  1107                     585.0000000  639.42964  9.30%  1813  809s
  1814  1110  617.89662  117 1329  585.00000  639.42964  9.30%  1814  810s
  1836  1128  616.22508  128 1327  585.00000  639.42964  9.30%  1818  815s
H 1840  1108                     586.0000000  639.42964  9.12%  1816  815s
  1864  1134  611.22769  142 1282  586.00000  639.42964  9.12%  1816  820s
  1902  1172  610.46107  161 1267  586.00000  639.42964  9.12%  1807  825s
  1954  1224  603.42156  187 1240  586.00000  639.42964  9.12%  1788  830s
  2029  1299  593.19872  225 1145  586.00000  639.42964  9.12%  1748  835s
  2084  1329  633.32004   17 1442  586.00000  639.42943  9.12%  1717  840s
  2090  1335  633.37343   20 1436  586.00000  639.42943  9.12%  1724  845s
  2096  1341  631.18480   23 1431  586.00000  639.42943  9.12%  1733  850s
  2102  1347  633.31773   26 1436  586.00000  639.42943  9.12%  1741  855s
  2108  1353  633.09384   29 1431  586.00000  639.42943  9.12%  1748  860s
  2115  1360  636.24362   33 1456  586.00000  639.42943  9.12%  1755  865s
  2124  1369  632.04357   37 1427  586.00000  639.42943  9.12%  1764  870s
  2130  1375  622.32336   40 1376  586.00000  639.42943  9.12%  1772  875s
  2140  1385  628.68179   45 1416  586.00000  639.42943  9.12%  1779  880s
  2148  1393  629.45924   49 1413  586.00000  639.42943  9.12%  1784  885s
  2157  1402  632.29100   54 1430  586.00000  639.42943  9.12%  1791  890s
  2164  1409  629.51832   57 1411  586.00000  639.42943  9.12%  1798  895s
  2174  1419  628.31496   62 1397  586.00000  639.42943  9.12%  1805  900s
  2183  1428  630.24348   67 1419  586.00000  639.42943  9.12%  1811  906s
  2191  1436  629.46000   71 1418  586.00000  639.42943  9.12%  1816  910s
  2200  1445  619.23294   75 1355  586.00000  639.42943  9.12%  1823  915s
  2209  1454  628.48672   80 1404  586.00000  639.42943  9.12%  1827  921s
  2218  1463  624.63470   84 1382  586.00000  639.42943  9.12%  1832  926s
  2232  1477  624.45497   91 1373  586.00000  639.42943  9.12%  1838  930s
  2248  1493  622.26010   99 1358  586.00000  639.42943  9.12%  1842  935s
  2263  1508  623.33395  107 1359  586.00000  639.42943  9.12%  1845  940s
  2273  1518  622.59680  112 1355  586.00000  639.42943  9.12%  1847  945s
  2294  1539  617.78861  122 1332  586.00000  639.42943  9.12%  1850  950s
  2299  1544  620.62049  125 1347  586.00000  639.42943  9.12%  1851  955s
  2313  1558  619.50710  132 1326  586.00000  639.42943  9.12%  1851  962s
  2326  1571  616.52044  138 1308  586.00000  639.42943  9.12%  1852  967s
  2339  1584  616.77503  145 1312  586.00000  639.42943  9.12%  1849  974s
  2346  1591  610.76837  148 1268  586.00000  639.42943  9.12%  1848  975s
  2370  1615  612.72598  160 1286  586.00000  639.42943  9.12%  1843  980s
  2380  1625  611.55349  165 1273  586.00000  639.42943  9.12%  1840  986s
  2407  1652  607.05154  179 1264  586.00000  639.42943  9.12%  1830  990s
  2446  1691  597.90578  198 1191  586.00000  639.42943  9.12%  1816  995s
  2547  1772     cutoff  242       586.00000  639.42943  9.12%  1763 1000s
  2574  1772  631.69932   18 1429  586.00000  639.08762  9.06%  1755 1005s
  2580  1778  632.74892   21 1428  586.00000  639.08762  9.06%  1762 1010s
  2588  1786  630.78988   25 1424  586.00000  639.08762  9.06%  1768 1016s
  2594  1792  627.76365   28 1414  586.00000  639.08762  9.06%  1775 1021s
  2600  1798  624.57453   31 1386  586.00000  639.08762  9.06%  1780 1025s
  2607  1805  634.59327   35 1445  586.00000  639.08762  9.06%  1785 1030s
  2612  1810  630.37355   37 1419  586.00000  639.08762  9.06%  1789 1036s
  2620  1818  630.48030   41 1416  586.00000  639.08762  9.06%  1794 1040s
  2626  1824  625.22026   44 1394  586.00000  639.08762  9.06%  1797 1047s
  2632  1830  624.37241   47 1392  586.00000  639.08762  9.06%  1801 1050s
  2640  1838  627.38424   51 1404  586.00000  639.08762  9.06%  1806 1055s
  2652  1850  627.22146   57 1396  586.00000  639.08762  9.06%  1811 1060s
  2662  1860  624.55995   62 1387  586.00000  639.08762  9.06%  1816 1065s
  2674  1872  618.53992   68 1365  586.00000  639.08762  9.06%  1821 1070s
  2685  1883  627.72981   74 1399  586.00000  639.08762  9.06%  1826 1075s
  2696  1894  623.36230   79 1363  586.00000  639.08762  9.06%  1833 1080s
  2710  1908  621.61345   86 1358  586.00000  639.08762  9.06%  1838 1085s
  2720  1918  622.60821   91 1359  586.00000  639.08762  9.06%  1842 1090s
  2732  1930  621.48186   97 1353  586.00000  639.08762  9.06%  1846 1095s
  2751  1949  623.27109  107 1356  586.00000  639.08762  9.06%  1848 1100s
  2772  1970  617.27471  117 1306  586.00000  639.08762  9.06%  1849 1105s
  2798  1996  612.89669  130 1298  586.00000  639.08762  9.06%  1849 1110s
  2814  2012  613.72903  138 1285  586.00000  639.08762  9.06%  1848 1118s
  2830  2028  612.99679  146 1280  586.00000  639.08762  9.06%  1846 1120s
  2856  2054  606.61699  159 1257  586.00000  639.08762  9.06%  1843 1125s
  2935  2133  599.53658  199 1206  586.00000  639.08762  9.06%  1818 1130s
  3025  2199  632.69178   15 1441  586.00000  639.05550  9.05%  1782 1135s
  3031  2205  631.12614   18 1439  586.00000  639.05550  9.05%  1787 1140s
  3037  2211  632.60770   21 1440  586.00000  639.05550  9.05%  1793 1145s
  3043  2217  631.93777   24 1431  586.00000  639.05550  9.05%  1798 1150s
  3049  2223  626.34280   27 1403  586.00000  639.05550  9.05%  1803 1155s
  3055  2229  633.42848   30 1442  586.00000  639.05550  9.05%  1808 1160s
  3064  2238  635.85197   35 1450  586.00000  639.05550  9.05%  1813 1165s
  3071  2245  631.98135   38 1432  586.00000  639.05550  9.05%  1819 1170s
  3073  2247  632.13840   39 1430  586.00000  639.05550  9.05%  1819 1176s
  3079  2253  630.24234   42 1414  586.00000  639.05550  9.05%  1823 1180s
  3087  2261  630.65457   46 1415  586.00000  639.05550  9.05%  1828 1185s
  3097  2271  628.51113   51 1411  586.00000  639.05550  9.05%  1833 1190s
  3107  2281  627.81601   56 1408  586.00000  639.05550  9.05%  1837 1195s
  3113  2287  623.99959   59 1384  586.00000  639.05550  9.05%  1840 1200s
  3121  2295  626.27334   63 1397  586.00000  639.05550  9.05%  1844 1205s
  3131  2305  627.66221   68 1405  586.00000  639.05550  9.05%  1849 1210s
  3143  2317  624.27352   74 1385  586.00000  639.05550  9.05%  1853 1215s
  3155  2329  623.85091   80 1375  586.00000  639.05550  9.05%  1857 1220s
  3167  2341  623.80765   86 1369  586.00000  639.05550  9.05%  1861 1225s
  3180  2354  626.03028   93 1390  586.00000  639.05550  9.05%  1865 1230s
  3187  2361  622.59243   96 1366  586.00000  639.05550  9.05%  1867 1235s
  3204  2378  624.25622  105 1371  586.00000  639.05550  9.05%  1869 1240s
  3223  2397  619.35866  114 1343  586.00000  639.05550  9.05%  1871 1245s
  3249  2423  618.29288  127 1322  586.00000  639.05550  9.05%  1872 1250s
  3293  2467  613.99096  149 1297  586.00000  639.05550  9.05%  1867 1255s
  3337  2511  608.95771  171 1272  586.00000  639.05550  9.05%  1858 1260s
  3417  2591  596.05699  211 1212  586.00000  639.05550  9.05%  1834 1265s
  3507  2642  629.38333   16 1418  586.00000  638.68886  8.99%  1802 1270s
  3512  2647  637.27794   19 1461  586.00000  638.68886  8.99%  1804 1275s
  3519  2654  634.09110   22 1424  586.00000  638.68886  8.99%  1811 1280s
  3527  2662  632.32349   26 1431  586.00000  638.68886  8.99%  1815 1285s
  3533  2668  627.73666   29 1403  586.00000  638.68886  8.99%  1819 1290s
  3541  2676  624.39553   33 1384  586.00000  638.68886  8.99%  1824 1295s
  3547  2682  631.75618   36 1420  586.00000  638.68886  8.99%  1827 1302s
  3553  2688  630.52070   39 1417  586.00000  638.68886  8.99%  1830 1305s
  3563  2698  627.49246   44 1404  586.00000  638.68886  8.99%  1834 1311s
  3573  2708  624.39718   49 1375  586.00000  638.68886  8.99%  1837 1315s
  3585  2720  627.86463   55 1402  586.00000  638.68886  8.99%  1843 1320s
  3597  2732  625.15730   61 1376  586.00000  638.68886  8.99%  1847 1325s
  3607  2742  624.59522   66 1381  586.00000  638.68886  8.99%  1850 1330s
  3619  2754  622.55917   72 1354  586.00000  638.68886  8.99%  1854 1335s
  3633  2768  622.95040   79 1364  586.00000  638.68886  8.99%  1857 1340s
  3650  2785  625.92860   88 1377  586.00000  638.68886  8.99%  1860 1345s
  3658  2793  625.53018   92 1380  586.00000  638.68886  8.99%  1861 1361s
  3672  2807  623.91597   99 1367  586.00000  638.68886  8.99%  1863 1365s
  3690  2825  621.48416  108 1355  586.00000  638.68886  8.99%  1865 1370s
  3713  2848  616.71795  119 1326  586.00000  638.68886  8.99%  1866 1375s
  3748  2883  616.01952  137 1307  586.00000  638.68886  8.99%  1864 1380s
  3792  2927  610.55403  159 1267  586.00000  638.68886  8.99%  1857 1387s
  3815  2950  606.41538  170 1261  586.00000  638.68886  8.99%  1852 1390s
  3919  3050  589.55610  222 1156  586.00000  638.68886  8.99%  1822 1395s
  4001  3061  631.98588   19 1441  586.00000  638.68871  8.99%  1794 1400s
  4007  3067  631.70916   22 1435  586.00000  638.68871  8.99%  1799 1406s
  4008  3068  637.01282   23 1470  586.00000  638.68871  8.99%  1799 1419s
  4009  3069  631.33013   23 1434  586.00000  638.68871  8.99%  1801 1420s
  4015  3075  629.44395   26 1427  586.00000  638.68871  8.99%  1804 1425s
  4023  3083  630.52884   30 1434  586.00000  638.68871  8.99%  1809 1431s
  4029  3089  631.64883   33 1433  586.00000  638.68871  8.99%  1812 1435s
  4037  3097  631.27209   37 1427  586.00000  638.68871  8.99%  1816 1440s
  4045  3105  629.45235   41 1419  586.00000  638.68871  8.99%  1821 1445s
  4053  3113  629.94151   45 1415  586.00000  638.68871  8.99%  1825 1450s
  4057  3117  628.96040   47 1418  586.00000  638.68871  8.99%  1827 1455s
  4069  3129  623.86846   53 1396  586.00000  638.68871  8.99%  1832 1460s
  4077  3137  621.45488   57 1381  586.00000  638.68871  8.99%  1837 1465s
  4086  3146  630.48538   62 1427  586.00000  638.68871  8.99%  1840 1470s
  4096  3156  629.43276   67 1417  586.00000  638.68871  8.99%  1844 1475s
  4107  3167  623.45097   72 1383  586.00000  638.68871  8.99%  1848 1480s
  4117  3177  621.68504   77 1376  586.00000  638.68871  8.99%  1851 1485s
  4130  3190  626.47210   84 1400  586.00000  638.68871  8.99%  1854 1490s
  4141  3201  620.06040   89 1360  586.00000  638.68871  8.99%  1857 1495s
  4153  3213  622.68874   95 1364  586.00000  638.68871  8.99%  1859 1500s
  4169  3229  618.86172  103 1350  586.00000  638.68871  8.99%  1861 1505s
  4185  3245  620.00213  111 1347  586.00000  638.68871  8.99%  1862 1510s
  4201  3261  617.85667  119 1344  586.00000  638.68871  8.99%  1862 1522s
  4209  3269  616.86496  123 1333  586.00000  638.68871  8.99%  1863 1525s
  4230  3290  618.67535  134 1337  586.00000  638.68871  8.99%  1863 1530s
  4265  3325  612.04842  151 1294  586.00000  638.68871  8.99%  1860 1535s
  4313  3373  603.36839  175 1233  586.00000  638.68871  8.99%  1853 1540s
  4391  3449     cutoff  214       586.00000  638.68871  8.99%  1835 1545s
  4465  3499  635.15154   30 1450  586.00000  638.51069  8.96%  1814 1550s
  4495  3529  629.81882   59 1416  586.00000  638.51069  8.96%  1810 1555s
  4543  3577  620.85778  104 1345  586.00000  638.51069  8.96%  1799 1560s
  4581  3615  615.77561  134 1318  586.00000  638.51069  8.96%  1794 1565s
  4632  3666  609.09786  165 1279  586.00000  638.51069  8.96%  1786 1570s
  4705  3739  601.34492  188 1236  586.00000  638.51069  8.96%  1771 1575s
  4824  3858  593.01752  217 1173  586.00000  638.51069  8.96%  1742 1580s
  5001  4035  587.63948  235 1130  586.00000  638.51069  8.96%  1695 1585s
  5058  4050  634.61726   40 1447  586.00000  638.50714  8.96%  1683 1590s
  5093  4085  627.95568   75 1403  586.00000  638.50714  8.96%  1679 1595s
  5137  4129  619.55719  112 1338  586.00000  638.50714  8.96%  1673 1600s
  5177  4169  614.55687  143 1292  586.00000  638.50714  8.96%  1669 1605s
  5240  4232  607.03563  170 1258  586.00000  638.50714  8.96%  1660 1610s
  5336  4328  597.58572  197 1182  586.00000  638.50714  8.96%  1643 1615s
  5490  4482  591.35758  221 1155  586.00000  638.50714  8.96%  1611 1620s
  5650  4624  636.37252   22 1458  586.00000  638.25936  8.92%  1577 1625s
  5681  4655  628.79999   50 1409  586.00000  638.25936  8.92%  1575 1630s
  5717  4691  624.68016   87 1382  586.00000  638.25936  8.92%  1571 1635s
  5761  4735  616.62898  121 1321  586.00000  638.25936  8.92%  1567 1640s
  5827  4801  607.05757  163 1259  586.00000  638.25936  8.92%  1560 1645s
  5912  4886  599.33364  190 1222  586.00000  638.25936  8.92%  1549 1650s
  6039  5013  590.73925  216 1167  586.00000  638.25936  8.92%  1527 1655s
  6132  5085  633.43027   26 1446  586.00000  638.25862  8.92%  1511 1660s
  6170  5123  626.62647   64 1400  586.00000  638.25862  8.92%  1508 1665s
  6217  5170  618.57077  107 1346  586.00000  638.25862  8.92%  1504 1670s
  6224  5177  615.63083  110 1329  586.00000  638.25862  8.92%  1504 1677s
  6259  5212  611.96576  139 1303  586.00000  638.25862  8.92%  1501 1680s
  6332  5285  602.51247  174 1247  586.00000  638.25862  8.92%  1492 1685s
  6459  5412  592.16730  208 1184  586.00000  638.25862  8.92%  1474 1690s
  6573  5496  636.17554   31 1461  586.00000  638.06802  8.89%  1457 1695s
  6609  5532  629.66454   67 1420  586.00000  638.06802  8.89%  1455 1700s
  6669  5592  619.39128  125 1355  586.00000  638.06802  8.89%  1449 1705s
  6729  5652  610.42889  165 1294  586.00000  638.06802  8.89%  1445 1710s
  6832  5755  599.74488  196 1228  586.00000  638.06802  8.89%  1436 1715s
  6985  5908  591.62984  222 1201  586.00000  638.06802  8.89%  1416 1720s
  7101  5987  630.46199   27 1429  586.00000  637.95735  8.87%  1401 1725s
  7151  6037  620.55407   77 1370  586.00000  637.95735  8.87%  1397 1730s
  7213  6099  609.49944  132 1270  586.00000  637.95735  8.87%  1393 1741s
  7291  6177  598.43662  173 1246  586.00000  637.95735  8.87%  1386 1745s
  7447  6307  631.39346   20 1435  586.00000  637.92402  8.86%  1370 1750s
  7480  6340  624.81974   53 1399  586.00000  637.92402  8.86%  1368 1755s
  7524  6384  617.54717   90 1347  586.00000  637.92402  8.86%  1366 1761s
  7562  6422  610.83210  122 1275  586.00000  637.92402  8.86%  1364 1765s
  7633  6493  600.25765  166 1216  586.00000  637.92402  8.86%  1360 1770s
  7757  6617  587.26733  191 1140  586.00000  637.92402  8.86%  1347 1775s
  7821  6659  628.82627   35 1424  586.00000  637.79083  8.84%  1341 1780s
  7829  6667  627.48662   43 1413  586.00000  637.79083  8.84%  1340 1785s
  7873  6711  617.52281   83 1349  586.00000  637.79083  8.84%  1338 1790s
  7931  6769  610.40029  135 1291  586.00000  637.79083  8.84%  1334 1795s
  8002  6840  599.24146  170 1241  586.00000  637.79083  8.84%  1330 1800s
  8088  6926  591.27419  197 1174  586.00000  637.79083  8.84%  1323 1805s
  8202  7015  631.37796   30 1426  586.00000  637.79074  8.84%  1312 1810s
  8228  7041  601.98163   56 1298  586.00000  637.79074  8.84%  1312 1815s
  8276  7079  627.14529   33 1409  586.00000  637.78817  8.84%  1309 1820s
  8326  7129  616.64642   83 1353  586.00000  637.78817  8.84%  1306 1825s
  8454  7240  636.92258   23 1468  586.00000  637.73791  8.83%  1294 1830s
  8460  7246  633.28639   26 1439  586.00000  637.73791  8.83%  1297 1835s
  8466  7252  628.21956   29 1422  586.00000  637.73791  8.83%  1299 1840s
  8474  7260  630.11786   33 1419  586.00000  637.73791  8.83%  1302 1845s
  8482  7268  625.88415   37 1407  586.00000  637.73791  8.83%  1305 1853s
  8484  7270  627.22482   38 1410  586.00000  637.73791  8.83%  1306 1855s
  8492  7278  618.95182   42 1378  586.00000  637.73791  8.83%  1309 1860s
  8502  7288  630.16176   47 1415  586.00000  637.73791  8.83%  1312 1865s
  8510  7296  622.09289   51 1380  586.00000  637.73791  8.83%  1314 1870s
  8520  7306  628.51747   56 1409  586.00000  637.73791  8.83%  1316 1875s
  8530  7316  626.83998   61 1406  586.00000  637.73791  8.83%  1319 1880s
  8540  7326  612.43434   66 1315  586.00000  637.73791  8.83%  1321 1885s
  8552  7338  622.02016   72 1387  586.00000  637.73791  8.83%  1324 1890s
  8558  7344  625.29500   75 1397  586.00000  637.73791  8.83%  1325 1895s
  8574  7360  620.92428   83 1361  586.00000  637.73791  8.83%  1327 1900s
  8586  7372  620.22464   89 1372  586.00000  637.73791  8.83%  1329 1905s
  8600  7386  618.63834   96 1362  586.00000  637.73791  8.83%  1332 1910s
  8618  7404  613.97900  105 1325  586.00000  637.73791  8.83%  1335 1915s
  8636  7422  615.98406  114 1344  586.00000  637.73791  8.83%  1337 1920s
  8661  7447  617.99975  127 1343  586.00000  637.73791  8.83%  1339 1925s
  8692  7478  613.76881  142 1315  586.00000  637.73791  8.83%  1341 1930s
  8722  7508  605.43782  157 1267  586.00000  637.73791  8.83%  1341 1935s
  8766  7552  605.00113  179 1266  586.00000  637.73791  8.83%  1340 1940s
  8898  7657  637.07072   25 1467  586.00000  637.73787  8.83%  1329 1945s
  8929  7688  631.18974   56 1432  586.00000  637.73787  8.83%  1329 1950s
  8975  7734  623.45878  102 1377  586.00000  637.73787  8.83%  1326 1955s
  9018  7777  614.28935  145 1323  586.00000  637.73787  8.83%  1323 1961s
  9129  7865  636.78485   25 1460  586.00000  637.73200  8.83%  1313 1965s
  9138  7874  635.55544   34 1448  586.00000  637.73200  8.83%  1312 1977s
  9147  7883  634.22665   43 1435  586.00000  637.73200  8.83%  1312 1980s
  9191  7927  625.97317   87 1382  586.00000  637.73200  8.83%  1310 1985s
  9271  8007  606.24246  167 1261  586.00000  637.73200  8.83%  1305 1990s
  9346  8060  626.13538   34 1412  586.00000  637.68136  8.82%  1299 1995s
  9409  8123  614.16669   97 1328  586.00000  637.68136  8.82%  1296 2000s
  9490  8204  601.21929  159 1244  586.00000  637.68136  8.82%  1292 2005s
  9629  8343  587.93014  198 1199  586.00000  637.68136  8.82%  1283 2010s
  9683  8365  616.07795   45 1355  586.00000  637.68090  8.82%  1280 2015s
  9754  8426  635.92697   21 1456  586.00000  637.67779  8.82%  1276 2020s
  9788  8460  629.22889   55 1417  586.00000  637.67779  8.82%  1275 2025s
  9849  8521  618.35137  116 1348  586.00000  637.67779  8.82%  1272 2030s
  9980  8632  624.80877   22 1400  586.00000  637.66979  8.82%  1262 2036s
 10013  8665  602.47100   55 1297  586.00000  637.66979  8.82%  1261 2040s
 10055  8693  630.69367   24 1430  586.00000  637.66621  8.82%  1260 2045s
 10060  8698  620.55305   26 1382  586.00000  637.66621  8.82%  1262 2050s
 10080  8712  587.00670   36 1251  586.00000  637.66621  8.82%  1264 2055s
 10118  8724  614.25465   37 1354  586.00000  637.64856  8.81%  1264 2061s
 10161  8755  631.20143   22 1440  586.00000  637.64644  8.81%  1264 2066s
 10193  8787  625.61022   54 1399  586.00000  637.64644  8.81%  1263 2070s
 10203  8796  587.49297  240 1483  586.00000  637.64644  8.81%  1262 2778s
 10206  8798  603.76584  185 1487  586.00000  637.64644  8.81%  1262 2785s
 10208  8799  627.14394   34 1487  586.00000  635.73024  8.49%  1262 2790s
 10214  8803  624.73450   74 1492  586.00000  635.39685  8.43%  1261 2805s
 10215  8804  610.04976  164 1489  586.00000  635.28619  8.41%  1261 2817s
 10217  8805  625.79303   31 1490  586.00000  635.26911  8.41%  1261 2833s
 10218  8806  607.18196  158 1487  586.00000  634.85433  8.34%  1260 2849s
 10222  8809  622.89298   95 1487  586.00000  634.74199  8.32%  1260 2865s
 10223  8809  621.00006  117 1485  586.00000  634.38735  8.26%  1260 2881s
 10227  8812  634.28548   33 1491  586.00000  634.28548  8.24%  1259 2898s
 10228  8813  633.99393   24 1488  586.00000  633.99393  8.19%  1259 2912s
 10232  8815  601.53648  191 1489  586.00000  633.90547  8.17%  1259 2925s
 10233  8816  631.75570   38 1488  586.00000  633.81983  8.16%  1259 2941s
 10236  8818  592.89439  215 1490  586.00000  633.79163  8.16%  1258 2956s
 10237  8819  601.15014  178 1486  586.00000  633.74623  8.15%  1258 2969s
 10239  8820  602.18133  187 1487  586.00000  633.73510  8.15%  1258 2983s
 10240  8821  589.54184  195 1484  586.00000  633.67675  8.14%  1258 2997s
 10243  8823  622.37579   72 1486  586.00000  633.63593  8.13%  1257 3013s
 10244  8823  603.61614   55 1487  586.00000  633.60904  8.12%  1257 3028s
 10246  8825  590.37479  234 1486  586.00000  633.60070  8.12%  1257 3044s
 10247  8825  606.85447  161 1484  586.00000  633.56181  8.12%  1257 3058s
 10249  8827  604.41467   52 1485  586.00000  633.55284  8.11%  1257 3072s
 10250  8827  594.49120  178 1486  586.00000  633.52946  8.11%  1256 3085s
 10252  8829  619.48200   83 1487  586.00000  633.52519  8.11%  1256 3101s
 10253  8829  626.99668   56 1487  586.00000  633.51448  8.11%  1256 3115s
 10255  8831  628.81328   50 1489  586.00000  633.50916  8.11%  1256 3130s
 10256  8831  613.18056  155 1487  586.00000  633.50879  8.11%  1256 3145s
 10257  8832  624.97191   93 1487  586.00000  633.50871  8.11%  1256 3163s
 10258  8833  597.11777  205 1486  586.00000  633.50868  8.11%  1256 3180s
 10259  8833  609.37941  122 1488  586.00000  633.50868  8.11%  1255 3197s
 10260  8834  609.28297  170 1488  586.00000  633.50766  8.11%  1255 3213s
 10261  8835  618.25680   76 1489  586.00000  633.50687  8.11%  1255 3229s
 10262  8835  623.42240   91 1489  586.00000  633.50665  8.11%  1255 3246s
 10263  8836  633.50662   26 1489  586.00000  633.50662  8.11%  1255 3263s
 10264  8837  599.00853  208 1489  586.00000  633.50661  8.11%  1255 3278s
 10265  8837  629.56499   45 1489  586.00000  633.50660  8.11%  1255 3295s
 10266  8838  609.64029  167 1489  586.00000  633.50660  8.11%  1255 3312s
 10267  8839  591.16535  231 1489  586.00000  633.50659  8.11%  1254 3330s
 10268  8839  587.99509  219 1489  586.00000  633.50659  8.11%  1254 3348s
 10269  8840  595.66071  201 1489  586.00000  633.50659  8.11%  1254 3365s
 10270  8841  608.07523  155 1488  586.00000  633.50659  8.11%  1254 3383s
 10271  8841  633.50658   44 1489  586.00000  633.50658  8.11%  1254 3400s
 10272  8842  621.03153   59 1488  586.00000  633.50658  8.11%  1254 3416s
 10273  8843  628.31378   63 1489  586.00000  633.50312  8.11%  1254 3433s
 10274  8843  616.34630  129 1489  586.00000  633.50312  8.11%  1254 3450s
 10275  8844  627.85870   56 1489  586.00000  633.50312  8.11%  1253 3467s
 10278  8848  633.03981   26 1482  586.00000  633.30639  8.07%  1261 3470s
 10285  8853  629.92329   29 1462  586.00000  632.56725  7.95%  1262 3475s
 10292  8857  631.39608   33 1474  586.00000  632.56725  7.95%  1263 3480s
 10301  8863  629.34749   37 1460  586.00000  632.56725  7.95%  1265 3485s
 10312  8871  628.64363   43 1466  586.00000  632.56725  7.95%  1266 3490s
 10321  8877  623.86831   47 1447  586.00000  632.56725  7.95%  1267 3495s
 10329  8882  624.19608   51 1451  586.00000  632.56725  7.95%  1269 3500s
 10338  8888  624.23905   56 1452  586.00000  632.56725  7.95%  1270 3505s
 10349  8895  622.02588   61 1435  586.00000  632.56725  7.95%  1272 3510s
 10361  8903  620.34276   67 1433  586.00000  632.56725  7.95%  1273 3515s
 10373  8911  618.82784   73 1427  586.00000  632.56725  7.95%  1274 3520s
 10386  8920  617.06656   80 1423  586.00000  632.56725  7.95%  1276 3525s
 10398  8928  614.94087   86 1417  586.00000  632.56725  7.95%  1277 3530s
 10414  8939  612.54517   94 1400  586.00000  632.56725  7.95%  1278 3535s
 10428  8948  610.32847  101 1392  586.00000  632.56725  7.95%  1279 3540s
 10444  8959  607.59870  109 1374  586.00000  632.56725  7.95%  1280 3545s
 10463  8971  600.53302  118 1331  586.00000  632.56725  7.95%  1282 3550s
 10479  8982  597.73760  126 1331  586.00000  632.56725  7.95%  1283 3555s
 10496  8993  599.86221  135 1336  586.00000  632.56725  7.95%  1284 3560s
 10515  9006  593.15016  144 1306  586.00000  632.56725  7.95%  1286 3565s
 10533  9018  591.13217  153 1298  586.00000  632.56725  7.95%  1287 3570s
 10555  9033  588.00509  164 1284  586.00000  632.56725  7.95%  1289 3575s
 10581  9036     cutoff  177       586.00000  632.56725  7.95%  1289 3580s
 10621  9024  626.56325   28 1443  586.00000  632.56394  7.95%  1287 3585s
 10627  9028  623.67746   31 1429  586.00000  632.56394  7.95%  1289 3591s
 10633  9032  628.17455   34 1445  586.00000  632.56394  7.95%  1290 3595s

Cutting planes:
  Gomory: 8
  MIR: 1
  Flow cover: 50
  Zero half: 633
  RLT: 206
  BQP: 45

Explored 10639 nodes (13863505 simplex iterations) in 3600.00 seconds (4724.01 work units)
Thread count was 1 (of 24 available processors)

Solution count 10: 586 585 584 ... 577

Time limit reached
Best objective 5.860000000000e+02, best bound 6.320000000000e+02, gap 7.8498%

User-callback calls 165222, time in user-callback 0.93 sec
