
Gurobi 11.0.3 (linux64) logging started Sat Mar  7 17:20:15 2026

Set parameter LogFile to value "./log/train/IS_1500_6/IS_82.lp.log"
Set parameter TimeLimit to value 3600
Gurobi Optimizer version 11.0.3 build v11.0.3rc0 (linux64 - "Ubuntu 22.04.5 LTS")

CPU model: AMD Ryzen 9 9900X 12-Core Processor, instruction set [SSE2|AVX|AVX2|AVX512]
Thread count: 12 physical cores, 24 logical processors, using up to 1 threads

Optimize a model with 9188 rows, 1500 columns and 18110 nonzeros
Model fingerprint: 0x09c14d18
Variable types: 0 continuous, 1500 integer (1500 binary)
Coefficient statistics:
  Matrix range     [1e+00, 1e+00]
  Objective range  [1e+00, 1e+00]
  Bounds range     [1e+00, 1e+00]
  RHS range        [1e+00, 1e+00]
Found heuristic solution: objective 333.0000000
Presolve removed 1805 rows and 0 columns
Presolve time: 0.04s
Presolved: 7383 rows, 1500 columns, 16215 nonzeros
Variable types: 0 continuous, 1500 integer (1500 binary)

Root relaxation: objective 6.875000e+02, 3483 iterations, 0.19 seconds (0.24 work units)

    Nodes    |    Current Node    |     Objective Bounds      |     Work
 Expl Unexpl |  Obj  Depth IntInf | Incumbent    BestBd   Gap | It/Node Time

     0     0  687.50000    0 1353  333.00000  687.50000   106%     -    0s
H    0     0                     512.0000000  687.50000  34.3%     -    0s
     0     0  670.13331    0 1455  512.00000  670.13331  30.9%     -    1s
     0     0  663.32713    0 1480  512.00000  663.32713  29.6%     -    2s
H    0     0                     538.0000000  663.32713  23.3%     -   54s
     0     0  662.56745    0 1482  538.00000  662.56745  23.2%     -   54s
     0     0  662.42408    0 1483  538.00000  662.42408  23.1%     -   54s
     0     0  662.39893    0 1484  538.00000  662.39893  23.1%     -   54s
     0     0  662.38947    0 1484  538.00000  662.38947  23.1%     -   54s
     0     0  662.38937    0 1485  538.00000  662.38937  23.1%     -   54s
     0     0  658.82739    0 1481  538.00000  658.82739  22.5%     -   55s
H    0     0                     543.0000000  658.82739  21.3%     -   55s
     0     0  658.22501    0 1482  543.00000  658.22501  21.2%     -   55s
     0     0  658.20287    0 1482  543.00000  658.20287  21.2%     -   55s
     0     0  658.19233    0 1483  543.00000  658.19233  21.2%     -   55s
     0     0  658.18935    0 1483  543.00000  658.18935  21.2%     -   55s
     0     0  655.23154    0 1486  543.00000  655.23154  20.7%     -   57s
     0     0  654.79276    0 1487  543.00000  654.79276  20.6%     -   57s
     0     0  654.70690    0 1488  543.00000  654.70690  20.6%     -   57s
     0     0  654.68947    0 1488  543.00000  654.68947  20.6%     -   57s
     0     0  654.68730    0 1488  543.00000  654.68730  20.6%     -   57s
     0     0  653.07751    0 1486  543.00000  653.07751  20.3%     -   58s
     0     0  652.96166    0 1484  543.00000  652.96166  20.3%     -   58s
     0     0  652.94374    0 1485  543.00000  652.94374  20.2%     -   58s
     0     0  652.93139    0 1488  543.00000  652.93139  20.2%     -   58s
     0     0  652.92583    0 1489  543.00000  652.92583  20.2%     -   58s
     0     0  651.20675    0 1484  543.00000  651.20675  19.9%     -   59s
     0     0  651.00514    0 1481  543.00000  651.00514  19.9%     -   59s
     0     0  650.97627    0 1484  543.00000  650.97627  19.9%     -   59s
     0     0  650.97111    0 1485  543.00000  650.97111  19.9%     -   59s
     0     0  649.10349    0 1488  543.00000  649.10349  19.5%     -   60s
     0     0  648.88361    0 1489  543.00000  648.88361  19.5%     -   60s
     0     0  648.83546    0 1489  543.00000  648.83546  19.5%     -   60s
     0     0  648.81610    0 1488  543.00000  648.81610  19.5%     -   60s
     0     0  648.80982    0 1491  543.00000  648.80982  19.5%     -   61s
     0     0  647.25679    0 1486  543.00000  647.25679  19.2%     -  115s
H    0     0                     545.0000000  647.25679  18.8%     -  115s
     0     0  646.91016    0 1487  545.00000  646.91016  18.7%     -  115s
     0     0  646.86641    0 1486  545.00000  646.86641  18.7%     -  115s
     0     0  646.85739    0 1487  545.00000  646.85739  18.7%     -  115s
     0     0  646.16754    0 1489  545.00000  646.16754  18.6%     -  116s
     0     0  646.02021    0 1487  545.00000  646.02021  18.5%     -  116s
     0     0  646.00124    0 1487  545.00000  646.00124  18.5%     -  116s
     0     0  645.95979    0 1488  545.00000  645.95979  18.5%     -  116s
     0     0  645.95227    0 1489  545.00000  645.95227  18.5%     -  116s
     0     0  645.33941    0 1490  545.00000  645.33941  18.4%     -  116s
     0     0  645.18376    0 1488  545.00000  645.18376  18.4%     -  117s
     0     0  645.16511    0 1490  545.00000  645.16511  18.4%     -  117s
     0     0  645.16094    0 1491  545.00000  645.16094  18.4%     -  117s
     0     0  644.66717    0 1486  545.00000  644.66717  18.3%     -  117s
     0     0  644.54669    0 1486  545.00000  644.54669  18.3%     -  118s
     0     0  644.52544    0 1487  545.00000  644.52544  18.3%     -  118s
     0     0  644.52235    0 1487  545.00000  644.52235  18.3%     -  118s
     0     0  644.05277    0 1488  545.00000  644.05277  18.2%     -  118s
     0     0  644.00097    0 1488  545.00000  644.00097  18.2%     -  118s
     0     0  643.98932    0 1488  545.00000  643.98932  18.2%     -  118s
     0     0  643.56900    0 1488  545.00000  643.56900  18.1%     -  119s
     0     0  643.48811    0 1488  545.00000  643.48811  18.1%     -  119s
     0     0  643.47832    0 1488  545.00000  643.47832  18.1%     -  119s
     0     0  643.12584    0 1488  545.00000  643.12584  18.0%     -  120s
H    0     0                     548.0000000  643.12584  17.4%     -  120s
     0     0  643.07076    0 1490  548.00000  643.07076  17.3%     -  120s
     0     0  643.05863    0 1489  548.00000  643.05863  17.3%     -  120s
     0     0  642.80371    0 1488  548.00000  642.80371  17.3%     -  120s
     0     0  642.73052    0 1486  548.00000  642.73052  17.3%     -  174s
     0     0  642.70543    0 1489  548.00000  642.70543  17.3%     -  174s
     0     0  642.70167    0 1488  548.00000  642.70167  17.3%     -  174s
     0     0  642.31285    0 1485  548.00000  642.31285  17.2%     -  175s
     0     0  642.26066    0 1486  548.00000  642.26066  17.2%     -  175s
     0     0  642.24914    0 1487  548.00000  642.24914  17.2%     -  175s
     0     0  641.96933    0 1487  548.00000  641.96933  17.1%     -  175s
     0     0  641.93148    0 1487  548.00000  641.93148  17.1%     -  175s
     0     0  641.92345    0 1486  548.00000  641.92345  17.1%     -  175s
     0     0  641.54088    0 1487  548.00000  641.54088  17.1%     -  176s
     0     0  641.47301    0 1487  548.00000  641.47301  17.1%     -  176s
     0     0  641.46074    0 1489  548.00000  641.46074  17.1%     -  176s
     0     0  641.15558    0 1488  548.00000  641.15558  17.0%     -  177s
     0     0  641.08808    0 1487  548.00000  641.08808  17.0%     -  177s
     0     0  641.07876    0 1487  548.00000  641.07876  17.0%     -  177s
     0     0  640.82734    0 1488  548.00000  640.82734  16.9%     -  178s
H    0     0                     550.0000000  640.82734  16.5%     -  178s
     0     0  640.78901    0 1490  550.00000  640.78901  16.5%     -  178s
     0     0  640.78494    0 1489  550.00000  640.78494  16.5%     -  178s
     0     0  640.49890    0 1488  550.00000  640.49890  16.5%     -  179s
     0     0  640.45256    0 1491  550.00000  640.45256  16.4%     -  179s
     0     0  640.44512    0 1492  550.00000  640.44512  16.4%     -  179s
     0     0  640.14255    0 1491  550.00000  640.14255  16.4%     -  179s
H    0     0                     552.0000000  640.14255  16.0%     -  179s
     0     0  640.09511    0 1490  552.00000  640.09511  16.0%     -  180s
     0     0  640.08570    0 1492  552.00000  640.08570  16.0%     -  180s
     0     0  639.93312    0 1490  552.00000  639.93312  15.9%     -  180s
     0     0  639.93312    0 1489  552.00000  639.93312  15.9%     -  180s
H    0     0                     560.0000000  639.93312  14.3%     -  182s
     0     2  639.93293    0 1489  560.00000  639.93293  14.3%     -  234s
     3     5  639.62435    3 1488  560.00000  639.93260  14.3%  1205  235s
    14    16  624.84345   11 1394  560.00000  639.93260  14.3%  2468  240s
    42    44  578.92739   28 1167  560.00000  639.93260  14.3%  2087  245s
H   54    54                     562.0000000  639.93260  13.9%  1852  246s
    78    74  633.61000    1 1444  562.00000  639.85457  13.9%  1599  250s
    90    86  616.10362   10 1363  562.00000  639.85457  13.9%  1729  255s
   106   102  602.54858   23 1290  562.00000  639.85457  13.9%  1757  260s
H  135   118                     564.0000000  639.85457  13.4%  1548  262s
   141   118  633.67289    4 1450  564.00000  639.62254  13.4%  1576  265s
   150   127  621.73174    9 1384  564.00000  639.62254  13.4%  1716  270s
   163   140  598.71384   18 1288  564.00000  639.62254  13.4%  1790  275s
   194   171  591.73775   38 1229  564.00000  639.62254  13.4%  1799  280s
   268   227  625.28485    5 1405  564.00000  639.50554  13.4%  1533  285s
   282   241  604.91532   15 1306  564.00000  639.50554  13.4%  1574  290s
H  286   243                     565.0000000  639.50554  13.2%  1569  291s
   303   262  582.25000   26 1130  565.00000  639.50554  13.2%  1613  295s
H  324   260                     568.0000000  639.50554  12.6%  1577  297s
   343   267  630.58748    5 1435  568.00000  639.43974  12.6%  1541  300s
H  351   271                     569.0000000  639.43974  12.4%  1550  302s
   358   280  615.69488   16 1359  569.00000  639.43974  12.4%  1568  305s
   388   310  596.12192   38 1266  569.00000  639.43974  12.4%  1569  310s
   443   349  628.01095    6 1430  569.00000  639.25682  12.3%  1504  316s
   457   363  624.22905   17 1395  569.00000  639.25682  12.3%  1516  320s
H  459   352                     571.0000000  639.25682  12.0%  1522  320s
H  469   360                     572.0000000  639.25682  11.8%  1552  324s
   470   363  604.48871   24 1312  572.00000  639.25682  11.8%  1562  325s
   505   398  575.14357   47 1156  572.00000  639.25682  11.8%  1548  330s
   528   407  631.28505   15 1439  572.00000  639.25578  11.8%  1541  335s
   547   426  614.00477   29 1355  572.00000  639.25578  11.8%  1566  340s
   561   439  576.12069   71 1489  572.00000  639.25578  11.8%  1555  355s
   564   441  586.12951   51 1489  572.00000  639.25578  11.8%  1547  365s
   570   445  593.03003   39 1492  572.00000  639.25578  11.8%  1531  376s
   571   446  595.90623   41 1490  572.00000  639.25578  11.8%  1528  384s
   573   447  598.08429   33 1492  572.00000  639.25578  11.8%  1523  394s
   574   448  618.59677   36 1489  572.00000  639.25578  11.8%  1520  404s
   576   449  591.90856   24 1491  572.00000  639.25578  11.8%  1515  412s
   577   450  591.66678   30 1491  572.00000  639.25578  11.8%  1512  421s
   579   451  627.38274   11 1492  572.00000  639.25578  11.8%  1507  429s
   580   452  614.28030   26 1493  572.00000  639.25578  11.8%  1505  438s
   581   452  579.29348   62 1493  572.00000  639.25578  11.8%  1502  448s
   582   453  589.39522   40 1492  572.00000  639.25578  11.8%  1499  457s
   583   454  585.51084   21 1493  572.00000  639.25578  11.8%  1497  465s
   584   454  626.77218   17 1488  572.00000  639.25578  11.8%  1494  474s
   585   455  611.55182   20 1492  572.00000  639.25578  11.8%  1492  475s
   592   460  575.12946   48 1489  572.00000  639.25578  11.8%  1474  481s
   598   466  637.14751   13 1463  572.00000  638.77899  11.7%  1573  485s
   606   471  635.81632   17 1465  572.00000  638.64610  11.7%  1594  499s
   608   472  636.49677   18 1469  572.00000  638.64610  11.7%  1597  500s
   619   480  635.70153   24 1464  572.00000  638.64610  11.7%  1619  505s
   633   489  634.11201   31 1467  572.00000  638.64610  11.7%  1638  510s
   646   498  632.63376   37 1454  572.00000  638.64610  11.7%  1648  515s
   660   507  631.13846   44 1438  572.00000  638.64610  11.7%  1654  520s
   674   516  618.13553   51 1365  572.00000  638.64610  11.7%  1679  525s
   689   526  626.83543   59 1416  572.00000  638.64610  11.7%  1696  530s
   700   534  615.86655   64 1368  572.00000  638.64610  11.7%  1711  535s
   713   542  623.50445   71 1402  572.00000  638.64610  11.7%  1721  540s
   726   551  618.97402   77 1378  572.00000  638.64610  11.7%  1734  545s
   738   559  618.23376   83 1379  572.00000  638.64610  11.7%  1749  550s
   755   570  618.13469   92 1373  572.00000  638.64610  11.7%  1750  555s
   772   582  610.19258  100 1348  572.00000  638.64610  11.7%  1759  560s
   788   592  611.20256  108 1345  572.00000  638.64610  11.7%  1769  565s
   808   606  607.11146  118 1323  572.00000  638.64610  11.7%  1771  570s
   823   616  607.02292  126 1328  572.00000  638.64610  11.7%  1778  575s
   846   631  600.98429  137 1298  572.00000  638.64610  11.7%  1779  580s
   869   646  602.09156  149 1300  572.00000  638.64610  11.7%  1779  585s
   892   662  595.67464  160 1270  572.00000  638.64610  11.7%  1785  590s
   918   679  592.13714  173 1254  572.00000  638.64610  11.7%  1786  595s
H  943   670                     573.0000000  638.64610  11.5%  1784  599s
   948   675  583.72242  188 1203  573.00000  638.64610  11.5%  1786  600s
H  970   666                     574.0000000  638.64610  11.3%  1779  603s
   984   677  587.15017  206 1199  574.00000  638.64610  11.3%  1777  605s
  1034   710  584.89505  231 1156  574.00000  638.64610  11.3%  1748  610s
  1127   752  634.17587   13 1455  574.00000  638.62857  11.3%  1649  616s
  1133   756  633.39578   16 1445  574.00000  638.62857  11.3%  1664  621s
  1137   759  626.05060   18 1416  574.00000  638.62857  11.3%  1675  625s
  1143   763  629.12909   21 1424  574.00000  638.62857  11.3%  1687  630s
  1149   767  632.78366   24 1438  574.00000  638.62857  11.3%  1700  635s
  1155   771  629.88549   27 1427  574.00000  638.62857  11.3%  1711  640s
  1161   775  626.86866   30 1413  574.00000  638.62857  11.3%  1724  645s
  1171   782  627.46342   35 1411  574.00000  638.62857  11.3%  1742  650s
  1177   786  624.90942   38 1405  574.00000  638.62857  11.3%  1754  655s
  1185   791  625.90271   42 1400  574.00000  638.62857  11.3%  1770  660s
  1195   798  629.93013   47 1407  574.00000  638.62857  11.3%  1785  665s
  1207   806  627.96677   53 1399  574.00000  638.62857  11.3%  1798  670s
  1219   814  617.42973   59 1369  574.00000  638.62857  11.3%  1814  675s
  1229   820  621.96747   64 1372  574.00000  638.62857  11.3%  1829  681s
  1237   826  626.43541   68 1397  574.00000  638.62857  11.3%  1839  685s
  1251   835  622.33866   75 1379  574.00000  638.62857  11.3%  1851  690s
  1265   844  617.28025   82 1342  574.00000  638.62857  11.3%  1866  695s
  1279   854  624.01916   89 1379  574.00000  638.62857  11.3%  1877  700s
  1298   866  623.72628   99 1385  574.00000  638.62857  11.3%  1883  705s
  1314   877  621.96267  107 1374  574.00000  638.62857  11.3%  1889  710s
  1333   890  611.99176  116 1328  574.00000  638.62857  11.3%  1900  715s
  1349   900  614.50150  124 1331  574.00000  638.62857  11.3%  1903  720s
  1369   914  615.64429  134 1318  574.00000  638.62857  11.3%  1904  725s
  1390   928  614.62302  145 1326  574.00000  638.62857  11.3%  1903  730s
  1415   944  610.56782  157 1300  574.00000  638.62857  11.3%  1900  735s
  1449   967  606.47912  174 1272  574.00000  638.62857  11.3%  1885  740s
  1511  1008  598.04311  205 1232  574.00000  638.62857  11.3%  1844  745s
  1619  1080  581.00051  259 1112  574.00000  638.62857  11.3%  1764  750s
  1689  1087  632.31647   14 1440  574.00000  638.05773  11.2%  1715  756s
  1695  1091  632.45206   17 1435  574.00000  638.05773  11.2%  1723  760s
  1701  1095  630.43204   20 1429  574.00000  638.05773  11.2%  1732  765s
  1707  1099  628.99951   23 1422  574.00000  638.05773  11.2%  1742  770s
  1715  1104  630.12297   27 1428  574.00000  638.05773  11.2%  1754  775s
  1724  1110  634.30494   32 1450  574.00000  638.05773  11.2%  1764  780s
  1735  1118  628.42600   37 1410  574.00000  638.05773  11.2%  1778  785s
  1744  1124  632.48586   42 1435  574.00000  638.05773  11.2%  1789  790s
  1753  1130  628.93173   46 1414  574.00000  638.05773  11.2%  1802  795s
  1763  1136  627.52417   51 1401  574.00000  638.05773  11.2%  1811  800s
  1773  1143  620.01852   56 1365  574.00000  638.05773  11.2%  1821  805s
  1783  1150  612.03361   61 1337  574.00000  638.05773  11.2%  1828  810s
  1797  1159  624.74827   68 1385  574.00000  638.05773  11.2%  1837  815s
  1813  1170  618.43584   76 1362  574.00000  638.05773  11.2%  1847  820s
  1831  1182  622.18726   85 1381  574.00000  638.05773  11.2%  1858  825s
  1848  1198  622.46275   94 1380  574.00000  638.05773  11.2%  1863  830s
H 1861  1202                     575.0000000  638.05773  11.0%  1865  834s
  1863  1206  616.40922  101 1348  575.00000  638.05773  11.0%  1868  835s
  1879  1222  614.53946  109 1334  575.00000  638.05773  11.0%  1873  840s
  1897  1240  615.87315  118 1337  575.00000  638.05773  11.0%  1875  845s
  1916  1259  616.12979  128 1332  575.00000  638.05773  11.0%  1876  850s
  1941  1284  609.94874  140 1308  575.00000  638.05773  11.0%  1876  855s
  1966  1309  610.08354  153 1296  575.00000  638.05773  11.0%  1871  860s
  1995  1338  604.00375  167 1281  575.00000  638.05773  11.0%  1863  865s
H 2023  1358                     576.0000000  638.05773  10.8%  1852  870s
  2052  1389  598.42590  196 1239  576.00000  638.05773  10.8%  1840  875s
  2104  1441  589.73207  222 1205  576.00000  638.05773  10.8%  1813  880s
  2131  1466  586.34907  235 1174  576.00000  638.05773  10.8%  1798  886s
  2182  1507  577.50695  261 1101  576.00000  638.05773  10.8%  1764  890s
  2194  1509  631.66195   15 1435  576.00000  638.05747  10.8%  1763  895s
  2202  1517  628.25775   19 1417  576.00000  638.05747  10.8%  1773  900s
  2208  1523  627.76468   22 1412  576.00000  638.05747  10.8%  1780  911s
  2212  1527  629.00773   24 1414  576.00000  638.05747  10.8%  1784  915s
  2218  1533  624.52274   27 1410  576.00000  638.05747  10.8%  1791  920s
  2224  1539  631.09173   30 1428  576.00000  638.05747  10.8%  1797  925s
  2232  1547  629.70874   34 1425  576.00000  638.05747  10.8%  1804  930s
  2234  1549  627.73414   35 1410  576.00000  638.05747  10.8%  1807  935s
  2240  1555  628.49668   38 1409  576.00000  638.05747  10.8%  1811  940s
  2250  1565  625.27387   43 1408  576.00000  638.05747  10.8%  1818  946s
  2256  1571  618.48656   46 1376  576.00000  638.05747  10.8%  1823  950s
  2260  1575  623.39429   48 1387  576.00000  638.05747  10.8%  1826  961s
  2267  1582  631.62338   52 1423  576.00000  638.05747  10.8%  1830  967s
  2272  1587  627.63631   54 1402  576.00000  638.05747  10.8%  1833  970s
  2282  1597  622.24602   59 1377  576.00000  638.05747  10.8%  1839  975s
  2294  1609  624.48872   65 1383  576.00000  638.05747  10.8%  1845  985s
  2304  1619  622.44892   70 1380  576.00000  638.05747  10.8%  1850  990s
  2318  1633  624.68385   77 1385  576.00000  638.05747  10.8%  1854  995s
  2321  1636  626.03209   79 1395  576.00000  638.05747  10.8%  1854 1001s
  2330  1645  622.08202   83 1373  576.00000  638.05747  10.8%  1858 1005s
  2344  1659  620.23847   90 1364  576.00000  638.05747  10.8%  1861 1010s
  2356  1671  611.96910   96 1332  576.00000  638.05747  10.8%  1865 1015s
  2370  1685  612.95816  103 1327  576.00000  638.05747  10.8%  1870 1020s
  2375  1690  620.86624  106 1360  576.00000  638.05747  10.8%  1869 1028s
  2380  1695  618.18375  108 1349  576.00000  638.05747  10.8%  1870 1030s
  2398  1713  613.88584  117 1327  576.00000  638.05747  10.8%  1872 1035s
  2402  1717  610.25308  119 1316  576.00000  638.05747  10.8%  1873 1048s
  2408  1723  616.04894  122 1326  576.00000  638.05747  10.8%  1873 1050s
  2438  1753  608.92517  137 1309  576.00000  638.05747  10.8%  1870 1055s
  2468  1783  609.32003  152 1294  576.00000  638.05747  10.8%  1869 1060s
  2532  1847  595.17382  184 1198  576.00000  638.05747  10.8%  1850 1065s
  2658  1973  581.96210  247 1107  576.00000  638.05747  10.8%  1790 1070s
  2725  1994  627.29812   15 1407  576.00000  637.14701  10.6%  1758 1075s
  2731  2000  627.91688   18 1416  576.00000  637.14701  10.6%  1764 1080s
  2737  2006  624.00376   21 1402  576.00000  637.14701  10.6%  1769 1086s
  2743  2012  625.82570   24 1411  576.00000  637.14701  10.6%  1774 1091s
  2749  2018  625.31664   27 1395  576.00000  637.14701  10.6%  1780 1095s
  2755  2024  614.47408   30 1353  576.00000  637.14701  10.6%  1786 1100s
  2764  2033  632.39351   35 1428  576.00000  637.14701  10.6%  1790 1105s
  2772  2041  631.67465   39 1420  576.00000  637.14701  10.6%  1795 1110s
  2777  2046  626.41594   41 1389  576.00000  637.14701  10.6%  1798 1115s
  2787  2056  621.89806   46 1372  576.00000  637.14701  10.6%  1803 1120s
  2797  2066  626.68883   51 1377  576.00000  637.14701  10.6%  1806 1125s
  2809  2078  624.52407   57 1378  576.00000  637.14701  10.6%  1810 1130s
  2822  2091  626.49420   64 1383  576.00000  637.14701  10.6%  1813 1135s
  2834  2103  625.37961   70 1381  576.00000  637.14701  10.6%  1818 1140s
  2847  2116  619.17309   76 1342  576.00000  637.14701  10.6%  1823 1145s
  2861  2130  611.28839   83 1329  576.00000  637.14701  10.6%  1827 1150s
  2875  2144  618.35127   90 1349  576.00000  637.14701  10.6%  1829 1159s
  2876  2145  620.61516   91 1366  576.00000  637.14701  10.6%  1829 1169s
  2877  2146  618.45333   91 1339  576.00000  637.14701  10.6%  1830 1170s
  2895  2164  612.85366  100 1324  576.00000  637.14701  10.6%  1831 1175s
  2915  2184  614.44184  110 1317  576.00000  637.14701  10.6%  1834 1180s
  2941  2210  611.59324  123 1302  576.00000  637.14701  10.6%  1832 1185s
  2972  2241  610.20226  139 1294  576.00000  637.14701  10.6%  1829 1190s
  3005  2274  603.51513  155 1227  576.00000  637.14701  10.6%  1825 1195s
  3037  2306  599.32074  171 1242  576.00000  637.14701  10.6%  1818 1200s
  3109  2378  589.79918  207 1156  576.00000  637.14701  10.6%  1795 1205s
  3226  2449  627.50408   15 1418  576.00000  637.14698  10.6%  1746 1211s
  3232  2455  621.31330   18 1390  576.00000  637.14698  10.6%  1751 1216s
  3238  2461  624.41831   21 1399  576.00000  637.14698  10.6%  1755 1220s
  3246  2469  613.02389   25 1356  576.00000  637.14698  10.6%  1762 1226s
  3256  2479  619.67973   30 1370  576.00000  637.14698  10.6%  1768 1231s
  3264  2487  624.56869   34 1399  576.00000  637.14698  10.6%  1773 1236s
  3272  2495  624.74045   38 1395  576.00000  637.14698  10.6%  1777 1240s
  3280  2503  620.26712   42 1372  576.00000  637.14698  10.6%  1782 1245s
  3288  2511  624.21834   46 1385  576.00000  637.14698  10.6%  1786 1250s
  3298  2521  621.98868   51 1375  576.00000  637.14698  10.6%  1790 1255s
  3310  2533  621.88616   57 1375  576.00000  637.14698  10.6%  1796 1260s
  3320  2543  613.03886   62 1337  576.00000  637.14698  10.6%  1800 1265s
  3335  2558  623.77275   70 1385  576.00000  637.14698  10.6%  1803 1270s
  3352  2575  617.27031   78 1352  576.00000  637.14698  10.6%  1807 1275s
  3367  2590  620.38493   86 1348  576.00000  637.14698  10.6%  1808 1280s
  3384  2607  616.69828   94 1334  576.00000  637.14698  10.6%  1811 1285s
  3402  2625  605.84075  103 1290  576.00000  637.14698  10.6%  1814 1290s
  3424  2647  612.14103  114 1311  576.00000  637.14698  10.6%  1815 1295s
  3448  2671  608.16207  126 1280  576.00000  637.14698  10.6%  1815 1300s
  3478  2701  606.45725  141 1269  576.00000  637.14698  10.6%  1812 1305s
  3516  2739  601.76975  160 1239  576.00000  637.14698  10.6%  1807 1310s
  3572  2795  593.66815  188 1218  576.00000  637.14698  10.6%  1793 1315s
  3602  2825  586.86454  203 1166  576.00000  637.14698  10.6%  1785 1320s
  3703  2890  631.13042   15 1432  576.00000  637.14409  10.6%  1749 1325s
  3709  2896  627.18458   18 1415  576.00000  637.14409  10.6%  1754 1333s
  3711  2898  627.58815   19 1414  576.00000  637.14409  10.6%  1756 1335s
  3717  2904  628.94419   22 1423  576.00000  637.14409  10.6%  1760 1340s
  3723  2910  623.13417   25 1397  576.00000  637.14409  10.6%  1765 1345s
  3729  2916  623.45981   28 1388  576.00000  637.14409  10.6%  1769 1350s
  3737  2924  626.18110   32 1409  576.00000  637.14409  10.6%  1773 1355s
  3747  2934  626.68926   37 1414  576.00000  637.14409  10.6%  1779 1360s
  3758  2945  632.49189   43 1431  576.00000  637.14409  10.6%  1785 1365s
  3769  2956  628.23660   48 1405  576.00000  637.14409  10.6%  1790 1370s
  3775  2962  625.48974   51 1397  576.00000  637.14409  10.6%  1791 1375s
  3783  2970  615.21829   55 1354  576.00000  637.14409  10.6%  1795 1380s
  3793  2980  624.71820   60 1394  576.00000  637.14409  10.6%  1799 1385s
  3807  2994  623.14712   67 1379  576.00000  637.14409  10.6%  1802 1390s
  3817  3004  622.53235   72 1381  576.00000  637.14409  10.6%  1805 1395s
  3830  3017  624.33964   79 1389  576.00000  637.14409  10.6%  1808 1400s
  3843  3030  618.68897   85 1372  576.00000  637.14409  10.6%  1811 1405s
  3846  3033  622.33354   87 1379  576.00000  637.14409  10.6%  1812 1410s
  3848  3035  622.12372   88 1377  576.00000  637.14409  10.6%  1812 1427s
  3854  3041  621.58597   91 1376  576.00000  637.14409  10.6%  1813 1430s
  3869  3056  616.70406   98 1345  576.00000  637.14409  10.6%  1816 1435s
  3883  3070  614.95312  105 1327  576.00000  637.14409  10.6%  1819 1440s
  3901  3088  614.83797  114 1334  576.00000  637.14409  10.6%  1821 1445s
  3920  3107  615.24713  124 1333  576.00000  637.14409  10.6%  1822 1450s
  3945  3132  610.00968  136 1298  576.00000  637.14409  10.6%  1822 1455s
  3977  3164  606.85730  152 1281  576.00000  637.14409  10.6%  1818 1460s
  4008  3195  604.17676  168 1272  576.00000  637.14409  10.6%  1814 1466s
  4015  3202  602.52046  171 1257  576.00000  637.14409  10.6%  1812 1482s
  4035  3222  598.89485  181 1258  576.00000  637.14409  10.6%  1809 1485s
  4107  3294  586.77704  217 1175  576.00000  637.14409  10.6%  1791 1490s
  4195  3357  631.48310   19 1437  576.00000  637.13171  10.6%  1766 1496s
  4199  3361  630.74579   21 1432  576.00000  637.13171  10.6%  1768 1500s
  4205  3367  624.90747   24 1410  576.00000  637.13171  10.6%  1772 1505s
  4211  3373  628.24605   27 1414  576.00000  637.13171  10.6%  1776 1510s
  4217  3379  622.67576   30 1400  576.00000  637.13171  10.6%  1780 1515s
  4223  3385  629.03515   33 1422  576.00000  637.13171  10.6%  1784 1520s
  4229  3391  627.25366   36 1415  576.00000  637.13171  10.6%  1787 1525s
  4237  3399  627.58540   40 1421  576.00000  637.13171  10.6%  1792 1530s
  4246  3408  632.29302   45 1440  576.00000  637.13171  10.6%  1795 1535s
  4255  3417  628.70992   49 1412  576.00000  637.13171  10.6%  1799 1540s
  4265  3427  623.52690   54 1381  576.00000  637.13171  10.6%  1803 1546s
  4273  3435  627.81444   58 1396  576.00000  637.13171  10.6%  1806 1550s
  4285  3447  626.86308   64 1396  576.00000  637.13171  10.6%  1809 1555s
  4295  3457  624.43178   69 1386  576.00000  637.13171  10.6%  1812 1560s
  4307  3469  622.89384   75 1388  576.00000  637.13171  10.6%  1816 1565s
  4319  3481  613.35498   81 1347  576.00000  637.13171  10.6%  1820 1570s
  4331  3493  621.23041   87 1374  576.00000  637.13171  10.6%  1822 1575s
  4347  3509  617.55407   95 1358  576.00000  637.13171  10.6%  1825 1580s
  4361  3523  615.10461  102 1352  576.00000  637.13171  10.6%  1828 1585s
  4381  3543  613.46718  112 1337  576.00000  637.13171  10.6%  1830 1590s
  4399  3561  613.47317  121 1330  576.00000  637.13171  10.6%  1831 1595s
  4419  3581  609.41559  131 1300  576.00000  637.13171  10.6%  1832 1600s
  4443  3605  607.38444  143 1257  576.00000  637.13171  10.6%  1833 1605s
  4475  3637  607.14684  159 1292  576.00000  637.13171  10.6%  1830 1610s
  4537  3699  597.69823  190 1250  576.00000  637.13171  10.6%  1821 1615s
  4625  3785  585.71935  234 1160  576.00000  637.13171  10.6%  1801 1620s
  4700  3844  632.51031   29 1441  576.00000  636.49640  10.5%  1780 1625s
  4740  3884  624.25061   66 1386  576.00000  636.49640  10.5%  1774 1630s
  4771  3915  619.20657   91 1371  576.00000  636.49640  10.5%  1770 1635s
  4800  3944  613.21817  114 1334  576.00000  636.49640  10.5%  1769 1640s
  4861  4005  605.70645  158 1282  576.00000  636.49640  10.5%  1760 1645s
  4955  4099  594.47659  196 1227  576.00000  636.49640  10.5%  1742 1650s
  5085  4229  582.69712  227 1141  576.00000  636.49640  10.5%  1711 1655s
  5287  4397  634.34362   19 1459  576.00000  636.49383  10.5%  1658 1660s
  5316  4426  630.41101   48 1427  576.00000  636.49383  10.5%  1654 1665s
  5350  4460  622.27863   78 1385  576.00000  636.49383  10.5%  1651 1670s
  5381  4491  617.62650  105 1364  576.00000  636.49383  10.5%  1649 1675s
  5427  4537  609.52908  140 1307  576.00000  636.49383  10.5%  1644 1680s
  5476  4586  602.16093  171 1253  576.00000  636.49383  10.5%  1638 1685s
  5537  4647  594.80222  195 1228  576.00000  636.49383  10.5%  1630 1690s
  5652  4762  585.66178  229 1182  576.00000  636.49383  10.5%  1609 1695s
  5872  4980  577.76506  248 1114  576.00000  636.49383  10.5%  1560 1700s
  5910  4993  633.90881   30 1456  576.00000  636.25288  10.5%  1553 1705s
  5945  5028  628.49142   65 1415  576.00000  636.25288  10.5%  1550 1710s
  5982  5065  620.97992  100 1379  576.00000  636.25288  10.5%  1547 1715s
  6012  5095  615.76401  127 1346  576.00000  636.25288  10.5%  1543 1721s
  6037  5120  610.66636  143 1315  576.00000  636.25288  10.5%  1542 1725s
  6082  5165  603.63710  173 1278  576.00000  636.25288  10.5%  1539 1730s
  6142  5225  596.99221  200 1243  576.00000  636.25288  10.5%  1533 1735s
  6253  5336  586.74349  232 1197  576.00000  636.25288  10.5%  1516 1740s
  6438  5519     cutoff  256       576.00000  636.25288  10.5%  1483 1745s
  6494  5552  631.57515   42 1438  576.00000  636.25171  10.5%  1476 1750s
  6528  5586  624.86871   75 1398  576.00000  636.25171  10.5%  1473 1755s
  6563  5621  615.72378  101 1341  576.00000  636.25171  10.5%  1471 1760s
  6606  5664  609.99978  136 1305  576.00000  636.25171  10.5%  1469 1765s
  6670  5728  601.03698  173 1256  576.00000  636.25171  10.5%  1465 1770s
  6757  5815  590.85751  209 1180  576.00000  636.25171  10.5%  1455 1775s
  6943  5999  577.91935  249 1040  576.00000  636.25171  10.5%  1425 1780s
  7014  6039  630.72037   41 1426  576.00000  636.08715  10.4%  1416 1793s
  7020  6045  627.53231   43 1409  576.00000  636.08715  10.4%  1417 1795s
  7057  6082  619.96014   78 1372  576.00000  636.08715  10.4%  1415 1800s
  7107  6132  611.85274  123 1320  576.00000  636.08715  10.4%  1411 1805s
  7151  6176  604.73404  153 1273  576.00000  636.08715  10.4%  1410 1810s
  7243  6268  592.18333  202 1206  576.00000  636.08715  10.4%  1401 1815s
  7394  6419  582.28212  228 1129  576.00000  636.08715  10.4%  1382 1820s
  7535  6530  632.14524   20 1442  576.00000  636.08704  10.4%  1362 1825s
  7576  6571  624.85341   61 1396  576.00000  636.08704  10.4%  1359 1830s
  7617  6612  615.71363   95 1349  576.00000  636.08704  10.4%  1358 1835s
  7670  6665  606.18375  139 1285  576.00000  636.08704  10.4%  1355 1840s
  7732  6727  597.99876  176 1242  576.00000  636.08704  10.4%  1351 1845s
  7852  6847  586.57654  215 1177  576.00000  636.08704  10.4%  1338 1850s
  8014  6976  634.08070   25 1455  576.00000  636.08559  10.4%  1319 1855s
  8016  6978  633.82626   27 1448  576.00000  636.08559  10.4%  1319 1864s
  8018  6980  633.63153   29 1449  576.00000  636.08559  10.4%  1319 1865s
  8064  7026  624.76150   75 1398  576.00000  636.08559  10.4%  1316 1870s
  8099  7061  618.33262  106 1364  576.00000  636.08559  10.4%  1315 1875s
  8132  7094  605.78336  126 1291  576.00000  636.08559  10.4%  1316 1880s
  8184  7146  601.99268  164 1265  576.00000  636.08559  10.4%  1313 1885s
  8263  7225  593.54258  202 1219  576.00000  636.08559  10.4%  1307 1890s
  8416  7378  582.60041  234 1130  576.00000  636.08559  10.4%  1292 1895s
  8551  7492  633.14447   27 1451  576.00000  636.08529  10.4%  1277 1900s
  8593  7534  625.97702   69 1401  576.00000  636.08529  10.4%  1275 1905s
  8629  7570  616.29752   96 1352  576.00000  636.08529  10.4%  1275 1910s
  8676  7617  609.02302  134 1315  576.00000  636.08529  10.4%  1274 1915s
  8738  7679  601.07309  176 1258  576.00000  636.08529  10.4%  1271 1920s
  8868  7809  585.48005  224 1158  576.00000  636.08529  10.4%  1261 1925s
  9065  7965  634.67248   24 1460  576.00000  635.81536  10.4%  1239 1930s
  9096  7996  623.57537   55 1406  576.00000  635.81536  10.4%  1238 1935s
  9142  8042  589.47507  101 1224  576.00000  635.81536  10.4%  1237 1940s
  9188  8078  631.85185   40 1440  576.00000  635.81318  10.4%  1235 1945s
  9230  8120  624.07720   82 1389  576.00000  635.81318  10.4%  1233 1950s
  9310  8200  604.63548  162 1285  576.00000  635.81318  10.4%  1229 1955s
  9421  8295  627.33918   20 1421  576.00000  635.71778  10.4%  1220 1960s
  9429  8303  626.89841   24 1416  576.00000  635.71778  10.4%  1223 1965s
  9437  8311  622.97032   28 1396  576.00000  635.71778  10.4%  1225 1970s
  9447  8321  626.85987   33 1417  576.00000  635.71778  10.4%  1228 1975s
  9455  8329  623.75756   37 1404  576.00000  635.71778  10.4%  1230 1980s
  9463  8337  618.77103   41 1382  576.00000  635.71778  10.4%  1233 1985s
  9473  8347  626.23692   46 1402  576.00000  635.71778  10.4%  1235 1990s
  9485  8359  621.85516   52 1392  576.00000  635.71778  10.4%  1237 1995s
  9495  8369  618.29046   57 1365  576.00000  635.71778  10.4%  1240 2000s
  9507  8381  611.93407   63 1350  576.00000  635.71778  10.4%  1242 2006s
  9517  8391  621.12875   68 1385  576.00000  635.71778  10.4%  1244 2010s
  9532  8406  622.12678   76 1394  576.00000  635.71778  10.4%  1246 2015s
  9547  8421  617.94850   83 1368  576.00000  635.71778  10.4%  1249 2020s
  9563  8437  615.63508   91 1356  576.00000  635.71778  10.4%  1251 2025s
  9582  8456  616.53249  101 1364  576.00000  635.71778  10.4%  1253 2030s
  9603  8477  613.05771  111 1338  576.00000  635.71778  10.4%  1255 2035s
  9626  8500  612.32058  123 1337  576.00000  635.71778  10.4%  1256 2040s
  9655  8529  604.21683  137 1283  576.00000  635.71778  10.4%  1258 2045s
  9691  8565  603.94356  155 1289  576.00000  635.71778  10.4%  1259 2050s
  9745  8619  596.39510  182 1243  576.00000  635.71778  10.4%  1258 2055s
  9843  8715  580.88733  231 1185  576.00000  635.71778  10.4%  1253 2060s
  9911  8757  631.96887   44 1435  576.00000  635.71419  10.4%  1248 2065s
  9954  8800  623.07442   87 1389  576.00000  635.71419  10.4%  1246 2070s
 10005  8851  612.41020  138 1332  576.00000  635.71419  10.4%  1244 2075s
 10066  8912  595.94881  199 1243  576.00000  635.71419  10.4%  1239 2080s
 10157  8986  631.24884   37 1439  576.00000  635.66722  10.4%  1231 2085s
 10196  9025  623.15589   76 1395  576.00000  635.66722  10.4%  1230 2090s
 10203  9031  604.89066  184 1489  576.00000  635.66722  10.4%  1230 2814s
 10205  9032  611.25038  128 1353  576.00000  635.66722  10.4%  1230 2815s
 10206  9033  593.35044  186 1488  576.00000  635.66722  10.4%  1230 2823s
 10207  9034  622.15363   40 1489  576.00000  633.73759  10.0%  1230 2826s
 10214  9038  616.56715   99 1493  576.00000  632.20542  9.76%  1229 2843s
 10215  9039  608.21385  126 1490  576.00000  632.15184  9.75%  1229 2856s
 10217  9040  629.68686   52 1492  576.00000  632.13611  9.75%  1228 2874s
 10218  9041  603.89974  143 1488  576.00000  631.88970  9.70%  1228 2890s
 10222  9044  624.66142   71 1493  576.00000  631.73849  9.68%  1228 2907s
 10223  9044  600.97318  188 1487  576.00000  631.38251  9.62%  1228 2922s
 10228  9048  593.29249  158 1492  576.00000  631.22606  9.59%  1227 2939s
 10229  9048  631.01475   21 1492  576.00000  631.01475  9.55%  1227 2956s
 10233  9051  607.41342  154 1494  576.00000  630.92572  9.54%  1226 2977s
 10234  9052  581.08921  247 1492  576.00000  630.82834  9.52%  1226 2992s
 10237  9054  590.10514  206 1493  576.00000  630.78608  9.51%  1226 3009s
 10238  9054  610.64449  143 1493  576.00000  630.73809  9.50%  1226 3024s
 10240  9056  616.38291  113 1494  576.00000  630.72210  9.50%  1226 3040s
 10241  9056  596.04739  190 1490  576.00000  630.65904  9.49%  1225 3058s
 10244  9058  630.61467   37 1493  576.00000  630.61467  9.48%  1225 3078s
 10245  9059  609.88013  151 1490  576.00000  630.51627  9.46%  1225 3098s
 10248  9061  584.25377  231 1492  576.00000  630.49322  9.46%  1225 3119s
 10249  9062  591.09059  204 1490  576.00000  630.32676  9.43%  1224 3136s
 10253  9064  609.85506  111 1491  576.00000  630.23247  9.42%  1224 3158s
 10254  9065  595.09984  193 1489  576.00000  630.06438  9.39%  1224 3173s
 10257  9067  617.26739  122 1491  576.00000  630.00456  9.38%  1224 3191s
 10258  9068  619.20581   92 1492  576.00000  629.95709  9.37%  1223 3209s
 10260  9069  593.28875  191 1493  576.00000  629.93993  9.36%  1223 3229s
 10261  9070  578.49044  244 1493  576.00000  629.88980  9.36%  1223 3248s
 10264  9072  629.84913   35 1494  576.00000  629.84913  9.35%  1223 3267s
 10265  9072  618.68625   89 1491  576.00000  629.78632  9.34%  1223 3286s
 10267  9074  629.76062   16 1492  576.00000  629.76062  9.33%  1222 3307s
 10268  9074  629.65652   30 1491  576.00000  629.65652  9.32%  1222 3325s
 10271  9076  629.62872   32 1491  576.00000  629.62872  9.31%  1222 3345s
 10272  9077  625.31596   28 1489  576.00000  629.57132  9.30%  1222 3363s
 10275  9079  620.80150  106 1490  576.00000  629.54252  9.30%  1221 3382s
 10276  9080  589.64710  202 1490  576.00000  629.46358  9.28%  1221 3398s
 10279  9082  614.40256  131 1491  576.00000  629.44175  9.28%  1221 3416s
 10280  9082  610.25035  120 1488  576.00000  629.32708  9.26%  1221 3433s
 10283  9084  620.98221  104 1490  576.00000  629.29004  9.25%  1220 3454s
 10284  9085  621.17132   94 1491  576.00000  629.24338  9.24%  1220 3472s
 10286  9086  596.83532  193 1490  576.00000  629.22693  9.24%  1220 3492s
 10287  9087  603.51815  162 1490  576.00000  629.22626  9.24%  1220 3513s
 10288  9088  608.13583  133 1489  576.00000  629.22559  9.24%  1220 3533s
 10289  9088  619.81867   91 1489  576.00000  629.20165  9.24%  1220 3553s
 10290  9089  581.41988  243 1490  576.00000  629.19991  9.24%  1220 3574s
 10291  9090  608.67053  136 1489  576.00000  629.18763  9.23%  1219 3594s

Cutting planes:
  Gomory: 6
  Flow cover: 74
  Zero half: 620
  Mod-K: 1
  RLT: 165
  BQP: 31

Explored 10292 nodes (12776453 simplex iterations) in 3600.17 seconds (4526.54 work units)
Thread count was 1 (of 24 available processors)

Solution count 10: 576 575 574 ... 564

Time limit reached
Best objective 5.760000000000e+02, best bound 6.290000000000e+02, gap 9.2014%

User-callback calls 156790, time in user-callback 0.93 sec
