
Gurobi 11.0.3 (linux64) logging started Sat Mar  7 17:20:15 2026

Set parameter LogFile to value "./log/train/IS_1500_6/IS_88.lp.log"
Set parameter TimeLimit to value 3600
Gurobi Optimizer version 11.0.3 build v11.0.3rc0 (linux64 - "Ubuntu 22.04.5 LTS")

CPU model: AMD Ryzen 9 9900X 12-Core Processor, instruction set [SSE2|AVX|AVX2|AVX512]
Thread count: 12 physical cores, 24 logical processors, using up to 1 threads

Optimize a model with 9184 rows, 1500 columns and 18104 nonzeros
Model fingerprint: 0x42f748b5
Variable types: 0 continuous, 1500 integer (1500 binary)
Coefficient statistics:
  Matrix range     [1e+00, 1e+00]
  Objective range  [1e+00, 1e+00]
  Bounds range     [1e+00, 1e+00]
  RHS range        [1e+00, 1e+00]
Found heuristic solution: objective 317.0000000
Presolve removed 1690 rows and 0 columns
Presolve time: 0.03s
Presolved: 7494 rows, 1500 columns, 16334 nonzeros
Variable types: 0 continuous, 1500 integer (1500 binary)

Root relaxation: objective 6.850000e+02, 3754 iterations, 0.20 seconds (0.27 work units)

    Nodes    |    Current Node    |     Objective Bounds      |     Work
 Expl Unexpl |  Obj  Depth IntInf | Incumbent    BestBd   Gap | It/Node Time

     0     0  685.00000    0 1358  317.00000  685.00000   116%     -    0s
H    0     0                     510.0000000  685.00000  34.3%     -    0s
     0     0  670.77500    0 1446  510.00000  670.77500  31.5%     -    0s
     0     0  670.77500    0 1446  510.00000  670.77500  31.5%     -    0s
     0     0  662.68169    0 1480  510.00000  662.68169  29.9%     -    1s
H    0     0                     549.0000000  662.68169  20.7%     -   54s
     0     0  662.35123    0 1479  549.00000  662.35123  20.6%     -   54s
     0     0  662.32580    0 1475  549.00000  662.32580  20.6%     -   54s
     0     0  662.32276    0 1478  549.00000  662.32276  20.6%     -   54s
     0     0  657.00539    0 1477  549.00000  657.00539  19.7%     -   55s
     0     0  656.73763    0 1482  549.00000  656.73763  19.6%     -   55s
     0     0  656.71502    0 1480  549.00000  656.71502  19.6%     -   55s
     0     0  656.68824    0 1480  549.00000  656.68824  19.6%     -   55s
     0     0  656.67985    0 1481  549.00000  656.67985  19.6%     -   55s
     0     0  656.67940    0 1480  549.00000  656.67940  19.6%     -   55s
     0     0  652.65975    0 1474  549.00000  652.65975  18.9%     -   56s
H    0     0                     551.0000000  652.65975  18.5%     -   56s
     0     0  652.25998    0 1482  551.00000  652.25998  18.4%     -   56s
     0     0  652.22532    0 1482  551.00000  652.22532  18.4%     -   56s
     0     0  652.21894    0 1482  551.00000  652.21894  18.4%     -   57s
     0     0  650.39923    0 1483  551.00000  650.39923  18.0%     -   57s
     0     0  649.98303    0 1483  551.00000  649.98303  18.0%     -   58s
     0     0  649.92498    0 1482  551.00000  649.92498  18.0%     -   58s
     0     0  649.91354    0 1484  551.00000  649.91354  18.0%     -   58s
     0     0  649.90908    0 1485  551.00000  649.90908  18.0%     -   58s
     0     0  648.10911    0 1476  551.00000  648.10911  17.6%     -   59s
     0     0  647.90708    0 1480  551.00000  647.90708  17.6%     -   59s
     0     0  647.86835    0 1481  551.00000  647.86835  17.6%     -   59s
     0     0  647.86024    0 1481  551.00000  647.86024  17.6%     -   59s
     0     0  646.75083    0 1478  551.00000  646.75083  17.4%     -   60s
H    0     0                     553.0000000  646.75083  17.0%     -   60s
     0     0  646.59378    0 1481  553.00000  646.59378  16.9%     -   60s
     0     0  646.57407    0 1480  553.00000  646.57407  16.9%     -   60s
     0     0  646.56749    0 1481  553.00000  646.56749  16.9%     -   60s
     0     0  644.80068    0 1481  553.00000  644.80068  16.6%     -   61s
     0     0  644.63040    0 1478  553.00000  644.63040  16.6%     -  114s
     0     0  644.58639    0 1483  553.00000  644.58639  16.6%     -  114s
     0     0  644.58332    0 1483  553.00000  644.58332  16.6%     -  114s
     0     0  643.87291    0 1482  553.00000  643.87291  16.4%     -  114s
     0     0  643.81377    0 1484  553.00000  643.81377  16.4%     -  115s
     0     0  643.81153    0 1486  553.00000  643.81153  16.4%     -  115s
     0     0  643.26306    0 1483  553.00000  643.26306  16.3%     -  115s
     0     0  643.16856    0 1480  553.00000  643.16856  16.3%     -  115s
     0     0  643.15330    0 1481  553.00000  643.15330  16.3%     -  115s
     0     0  643.14449    0 1485  553.00000  643.14449  16.3%     -  116s
     0     0  642.70159    0 1483  553.00000  642.70159  16.2%     -  116s
     0     0  642.61737    0 1483  553.00000  642.61737  16.2%     -  116s
     0     0  642.59173    0 1485  553.00000  642.59173  16.2%     -  116s
     0     0  642.58689    0 1483  553.00000  642.58689  16.2%     -  116s
     0     0  642.17631    0 1479  553.00000  642.17631  16.1%     -  117s
H    0     0                     556.0000000  642.17631  15.5%     -  117s
     0     0  642.09085    0 1478  556.00000  642.09085  15.5%     -  117s
     0     0  642.07003    0 1481  556.00000  642.07003  15.5%     -  117s
     0     0  642.06883    0 1481  556.00000  642.06883  15.5%     -  117s
     0     0  641.42888    0 1480  556.00000  641.42888  15.4%     -  118s
     0     0  641.36536    0 1478  556.00000  641.36536  15.4%     -  118s
     0     0  641.35794    0 1481  556.00000  641.35794  15.4%     -  118s
     0     0  640.90463    0 1482  556.00000  640.90463  15.3%     -  119s
     0     0  640.75848    0 1487  556.00000  640.75848  15.2%     -  119s
     0     0  640.73743    0 1486  556.00000  640.73743  15.2%     -  119s
     0     0  640.72790    0 1487  556.00000  640.72790  15.2%     -  119s
     0     0  640.38449    0 1486  556.00000  640.38449  15.2%     -  120s
     0     0  640.32732    0 1487  556.00000  640.32732  15.2%     -  120s
     0     0  640.31285    0 1489  556.00000  640.31285  15.2%     -  120s
     0     0  640.14608    0 1490  556.00000  640.14608  15.1%     -  120s
H    0     0                     557.0000000  640.14608  14.9%     -  174s
     0     0  640.09675    0 1489  557.00000  640.09675  14.9%     -  174s
     0     0  640.09002    0 1489  557.00000  640.09002  14.9%     -  174s
     0     0  639.92200    0 1487  557.00000  639.92200  14.9%     -  174s
H    0     0                     559.0000000  639.92200  14.5%     -  174s
     0     0  639.89639    0 1488  559.00000  639.89639  14.5%     -  174s
     0     0  639.89118    0 1489  559.00000  639.89118  14.5%     -  174s
     0     0  639.50044    0 1489  559.00000  639.50044  14.4%     -  175s
     0     0  639.45574    0 1489  559.00000  639.45574  14.4%     -  175s
     0     0  639.45138    0 1490  559.00000  639.45138  14.4%     -  175s
     0     0  639.17555    0 1485  559.00000  639.17555  14.3%     -  175s
     0     0  639.13315    0 1490  559.00000  639.13315  14.3%     -  175s
     0     0  639.11665    0 1490  559.00000  639.11665  14.3%     -  175s
     0     0  638.66375    0 1485  559.00000  638.66375  14.3%     -  176s
H    0     0                     562.0000000  638.66375  13.6%     -  176s
     0     0  638.59152    0 1488  562.00000  638.59152  13.6%     -  176s
     0     0  638.57256    0 1489  562.00000  638.57256  13.6%     -  176s
     0     0  638.20917    0 1488  562.00000  638.20917  13.6%     -  177s
     0     0  638.13034    0 1491  562.00000  638.13034  13.5%     -  177s
     0     0  638.11204    0 1490  562.00000  638.11204  13.5%     -  177s
     0     0  637.80232    0 1490  562.00000  637.80232  13.5%     -  178s
H    0     0                     563.0000000  637.80232  13.3%     -  178s
     0     0  637.74525    0 1488  563.00000  637.74525  13.3%     -  178s
     0     0  637.73375    0 1488  563.00000  637.73375  13.3%     -  178s
     0     0  637.48524    0 1487  563.00000  637.48524  13.2%     -  179s
     0     0  637.46070    0 1487  563.00000  637.46070  13.2%     -  179s
     0     0  637.45320    0 1490  563.00000  637.45320  13.2%     -  179s
     0     0  637.28206    0 1486  563.00000  637.28206  13.2%     -  179s
     0     0  637.28206    0 1486  563.00000  637.28206  13.2%     -  179s
     0     2  637.28025    0 1486  563.00000  637.28025  13.2%     -  181s
     1     3  637.18879    1 1485  563.00000  637.28025  13.2%   990  234s
     3     5  632.02559    2 1456  563.00000  637.28025  13.2%  3384  236s
     8    10  625.93074    5 1419  563.00000  637.28025  13.2%  3691  240s
H   26    26                     565.0000000  637.28025  12.8%  2100  244s
    30    32  604.20219   21 1330  565.00000  637.28025  12.8%  1990  245s
    67    61  632.27955    1 1456  565.00000  636.93544  12.7%  1430  250s
    70    64  620.79190    3 1397  565.00000  636.93544  12.7%  1803  256s
    76    70  616.69730    7 1372  565.00000  636.93544  12.7%  1884  260s
H   81    68                     568.0000000  636.93544  12.1%  1930  261s
   108    93     cutoff   28       568.00000  636.93544  12.1%  1729  265s
H  136   102                     569.0000000  636.93432  11.9%  1545  270s
   150   118  597.47515   19 1290  569.00000  636.93432  11.9%  1661  275s
H  156   118                     570.0000000  636.93432  11.7%  1616  275s
H  163   122                     572.0000000  636.93432  11.4%  1609  276s
   210   165  575.80625   64 1120  572.00000  636.93432  11.4%  1458  280s
H  234   173                     573.0000000  636.81218  11.1%  1402  284s
   235   176  619.13629   10 1385  573.00000  636.81218  11.1%  1433  285s
   247   188  615.88388   18 1360  573.00000  636.81218  11.1%  1494  290s
   273   214  592.40170   35 1254  573.00000  636.81218  11.1%  1524  295s
H  312   241                     574.0000000  636.81218  10.9%  1420  297s
   318   241  624.72048    6 1414  574.00000  636.48486  10.9%  1454  300s
H  325   228                     576.0000000  636.48486  10.5%  1466  303s
   327   232  618.26454   12 1379  576.00000  636.48486  10.5%  1503  305s
   342   247  615.80297   22 1368  576.00000  636.48486  10.5%  1547  310s
   352   257  605.17238   27 1319  576.00000  636.48486  10.5%  1597  315s
   377   282  577.65060   44 1200  576.00000  636.48486  10.5%  1603  320s
   393   288  630.72103   13 1440  576.00000  636.48481  10.5%  1604  325s
   404   299  630.06411   22 1432  576.00000  636.48481  10.5%  1625  340s
   413   308  611.04192   27 1346  576.00000  636.48481  10.5%  1660  345s
   439   334  583.46825   45 1210  576.00000  636.48481  10.5%  1660  350s
   479   361  629.91104    7 1441  576.00000  636.21923  10.5%  1614  355s
H  494   369                     577.0000000  636.21923  10.3%  1626  359s
   495   372  610.13771   19 1348  577.00000  636.21923  10.3%  1636  360s
   539   396  629.32996    8 1451  577.00000  635.95509  10.2%  1602  366s
   552   409  604.58232   18 1328  577.00000  635.95509  10.2%  1609  370s
   586   424  619.13626   11 1486  577.00000  635.95509  10.2%  1551  385s
   589   426  591.17586   28 1481  577.00000  635.95509  10.2%  1543  396s
   595   430  630.59691   15 1488  577.00000  635.95509  10.2%  1528  408s
   596   431  609.16718   25 1485  577.00000  635.95509  10.2%  1525  419s
   598   432  578.47865   67 1490  577.00000  635.95509  10.2%  1520  430s
   599   433  587.11056   31 1489  577.00000  635.95509  10.2%  1517  440s
   601   434  595.90309   53 1490  577.00000  635.95509  10.2%  1512  452s
   602   435  596.99466   23 1488  577.00000  635.95509  10.2%  1510  464s
   603   435  583.44841   46 1490  577.00000  635.95509  10.2%  1507  474s
   604   436  596.83555   24 1488  577.00000  635.95509  10.2%  1505  484s
   605   437  582.30936   62 1490  577.00000  635.95509  10.2%  1502  494s
   606   437  605.91260   32 1489  577.00000  635.95509  10.2%  1500  502s
   607   438  619.87651   16 1487  577.00000  635.95509  10.2%  1497  510s
   608   439  590.93289   44 1487  577.00000  635.95509  10.2%  1495  528s
   610   442  635.61509   16 1469  577.00000  635.95509  10.2%  1579  531s
   616   446  635.87096   19 1478  577.00000  635.95509  10.2%  1588  535s
   625   452  634.66568   24 1476  577.00000  635.92656  10.2%  1603  540s
   633   457  633.94721   28 1469  577.00000  635.92656  10.2%  1620  545s
   642   463  632.23689   32 1466  577.00000  635.92656  10.2%  1636  550s
   656   473  629.16997   39 1431  577.00000  635.92656  10.2%  1643  555s
   664   478  622.01056   43 1400  577.00000  635.92656  10.2%  1663  560s
   674   485  617.79215   48 1380  577.00000  635.92656  10.2%  1675  565s
   685   492  627.14858   54 1419  577.00000  635.92656  10.2%  1688  570s
   694   498  613.35065   58 1358  577.00000  635.92656  10.2%  1710  575s
   702   503  603.49179   62 1328  577.00000  635.92656  10.2%  1728  580s
   718   514  622.40869   70 1394  577.00000  635.92656  10.2%  1731  585s
   732   523  611.08930   77 1347  577.00000  635.92656  10.2%  1742  590s
   743   531  620.38765   83 1385  577.00000  635.92656  10.2%  1753  595s
   758   541  618.15297   90 1374  577.00000  635.92656  10.2%  1758  600s
   774   551  616.19279   98 1375  577.00000  635.92656  10.2%  1761  605s
   790   562  608.03965  106 1332  577.00000  635.92656  10.2%  1771  610s
   806   573  602.16243  114 1324  577.00000  635.92656  10.2%  1775  615s
   826   586  606.84612  124 1334  577.00000  635.92656  10.2%  1776  620s
   851   603  604.69080  137 1323  577.00000  635.92656  10.2%  1776  625s
   879   621  595.41166  151 1290  577.00000  635.92656  10.2%  1781  630s
   902   637  594.92496  162 1280  577.00000  635.92656  10.2%  1789  635s
   925   652  595.71539  174 1278  577.00000  635.92656  10.2%  1787  640s
   948   667  586.08207  185 1238  577.00000  635.92656  10.2%  1794  645s
   978   687  585.64206  200 1219  577.00000  635.92656  10.2%  1795  650s
H  986   668                     578.0000000  635.92656  10.0%  1791  651s
  1016   686  582.56553  219 1159  578.00000  635.92656  10.0%  1788  655s
  1095   730     cutoff  259       578.00000  635.92656  10.0%  1714  660s
  1115   724  626.45867   20 1416  578.00000  635.92640  10.0%  1707  665s
  1121   728  628.66160   23 1431  578.00000  635.92640  10.0%  1722  670s
  1127   732  628.39093   26 1426  578.00000  635.92640  10.0%  1737  676s
  1131   734  628.34340   28 1434  578.00000  635.92640  10.0%  1748  680s
  1137   738  626.57395   31 1429  578.00000  635.92640  10.0%  1762  685s
  1143   742  627.22097   34 1423  578.00000  635.92640  10.0%  1777  690s
  1149   746  628.42589   37 1424  578.00000  635.92640  10.0%  1790  695s
  1157   752  624.43000   41 1411  578.00000  635.92640  10.0%  1809  701s
  1163   756  629.11225   44 1428  578.00000  635.92640  10.0%  1818  705s
  1171   761  625.41165   48 1416  578.00000  635.92640  10.0%  1832  710s
  1179   766  623.62604   52 1403  578.00000  635.92640  10.0%  1846  716s
  1185   770  624.12205   55 1404  578.00000  635.92640  10.0%  1856  720s
  1192   775  630.30349   59 1432  578.00000  635.92640  10.0%  1866  725s
  1199   780  623.81475   62 1387  578.00000  635.92640  10.0%  1880  730s
  1207   785  621.56899   66 1384  578.00000  635.92640  10.0%  1893  735s
  1217   792  624.38915   71 1393  578.00000  635.92640  10.0%  1907  740s
  1229   800  622.20002   77 1387  578.00000  635.92640  10.0%  1918  745s
  1241   808  621.94128   83 1380  578.00000  635.92640  10.0%  1931  750s
  1255   817  622.76712   90 1374  578.00000  635.92640  10.0%  1944  755s
  1273   829  614.01678   99 1337  578.00000  635.92640  10.0%  1952  760s
  1291   841  617.59015  108 1355  578.00000  635.92640  10.0%  1957  765s
  1309   853  618.56370  117 1356  578.00000  635.92640  10.0%  1960  770s
  1327   865  616.01110  126 1347  578.00000  635.92640  10.0%  1968  775s
  1345   877  615.28069  135 1326  578.00000  635.92640  10.0%  1972  780s
  1369   893  610.70114  147 1321  578.00000  635.92640  10.0%  1970  785s
  1402   915  610.33703  164 1311  578.00000  635.92640  10.0%  1958  790s
  1452   948  602.69584  189 1258  578.00000  635.92640  10.0%  1926  795s
  1546  1011  587.09936  236 1133  578.00000  635.92640  10.0%  1845  800s
  1615  1038  627.81508   20 1438  578.00000  635.87048  10.0%  1793  806s
  1620  1041  633.72896   23 1462  578.00000  635.87048  10.0%  1798  810s
  1626  1045  633.25324   26 1456  578.00000  635.87048  10.0%  1808  815s
  1633  1050  627.11677   29 1418  578.00000  635.87048  10.0%  1821  821s
  1638  1053  632.65177   32 1447  578.00000  635.87048  10.0%  1828  825s
  1643  1057  627.65426   34 1424  578.00000  635.87048  10.0%  1838  830s
  1651  1062  625.16093   38 1407  578.00000  635.87048  10.0%  1849  836s
  1657  1066  627.49853   41 1416  578.00000  635.87048  10.0%  1856  840s
  1665  1071  625.03769   45 1412  578.00000  635.87048  10.0%  1865  845s
  1673  1077  620.88765   49 1390  578.00000  635.87048  10.0%  1873  850s
  1680  1081  629.12847   53 1427  578.00000  635.87048  10.0%  1881  855s
  1689  1087  622.75246   57 1395  578.00000  635.87048  10.0%  1889  860s
  1698  1093  628.19103   62 1419  578.00000  635.87048  10.0%  1896  865s
  1707  1099  617.01844   66 1357  578.00000  635.87048  10.0%  1906  870s
  1717  1106  623.46972   71 1391  578.00000  635.87048  10.0%  1912  875s
  1727  1113  622.51617   76 1386  578.00000  635.87048  10.0%  1919  880s
  1737  1119  619.07903   81 1368  578.00000  635.87048  10.0%  1925  885s
  1747  1126  620.74360   86 1374  578.00000  635.87048  10.0%  1932  890s
  1760  1135  622.60651   93 1383  578.00000  635.87048  10.0%  1939  895s
  1775  1145  610.07396  100 1321  578.00000  635.87048  10.0%  1949  900s
  1791  1155  612.31531  108 1323  578.00000  635.87048  10.0%  1956  905s
  1807  1166  616.06030  116 1341  578.00000  635.87048  10.0%  1959  910s
  1828  1180  615.73729  127 1349  578.00000  635.87048  10.0%  1958  915s
H 1834  1157                     579.0000000  635.87048  9.82%  1957  916s
  1851  1176  612.25021  138 1329  579.00000  635.87048  9.82%  1957  920s
  1877  1202  610.57346  151 1290  579.00000  635.87048  9.82%  1953  925s
  1911  1236  606.59275  168 1276  579.00000  635.87048  9.82%  1942  930s
  1963  1288  598.78656  194 1238  579.00000  635.87048  9.82%  1915  935s
  2042  1365  585.54085  234 1139  579.00000  635.87048  9.82%  1865  940s
  2091  1399  629.68467   21 1436  579.00000  635.87002  9.82%  1833  945s
  2097  1405  630.47115   24 1433  579.00000  635.87002  9.82%  1840  950s
  2103  1411  628.44060   27 1433  579.00000  635.87002  9.82%  1848  955s
  2111  1419  627.06052   31 1416  579.00000  635.87002  9.82%  1858  960s
  2120  1428  631.99553   36 1448  579.00000  635.87002  9.82%  1867  965s
  2129  1437  622.90593   40 1399  579.00000  635.87002  9.82%  1879  970s
  2137  1445  611.20956   44 1360  579.00000  635.87002  9.82%  1890  975s
  2147  1455  625.52545   49 1403  579.00000  635.87002  9.82%  1898  981s
  2153  1461  623.67673   52 1401  579.00000  635.87002  9.82%  1904  985s
  2163  1471  624.07643   57 1400  579.00000  635.87002  9.82%  1912  990s
  2175  1483  619.88585   63 1386  579.00000  635.87002  9.82%  1920  995s
  2189  1497  623.03056   70 1392  579.00000  635.87002  9.82%  1927 1000s
  2199  1507  618.45104   75 1371  579.00000  635.87002  9.82%  1933 1005s
  2207  1515  616.88763   79 1375  579.00000  635.87002  9.82%  1937 1010s
  2219  1527  611.15981   85 1349  579.00000  635.87002  9.82%  1944 1015s
  2229  1537  616.42391   90 1350  579.00000  635.87002  9.82%  1949 1020s
  2237  1545  619.56974   94 1371  579.00000  635.87002  9.82%  1951 1025s
  2250  1558  621.35950  101 1378  579.00000  635.87002  9.82%  1955 1030s
  2259  1567  617.42915  105 1355  579.00000  635.87002  9.82%  1960 1036s
  2271  1579  615.92444  111 1349  579.00000  635.87002  9.82%  1963 1040s
  2276  1584  618.75338  114 1362  579.00000  635.87002  9.82%  1963 1047s
  2286  1594  617.86143  119 1354  579.00000  635.87002  9.82%  1964 1053s
  2293  1601  611.49879  122 1331  579.00000  635.87002  9.82%  1966 1055s
  2304  1612  616.28196  128 1347  579.00000  635.87002  9.82%  1966 1060s
  2313  1621  611.26374  132 1318  579.00000  635.87002  9.82%  1967 1065s
  2328  1636  613.86917  140 1320  579.00000  635.87002  9.82%  1967 1079s
  2329  1637  613.24045  140 1319  579.00000  635.87002  9.82%  1967 1080s
  2340  1648  612.57132  146 1313  579.00000  635.87002  9.82%  1966 1085s
  2367  1675  605.52934  159 1258  579.00000  635.87002  9.82%  1963 1098s
  2376  1684  608.93544  164 1285  579.00000  635.87002  9.82%  1960 1100s
  2394  1702  606.31141  173 1267  579.00000  635.87002  9.82%  1955 1107s
  2421  1729  597.69973  186 1224  579.00000  635.87002  9.82%  1944 1112s
  2448  1756  597.44099  200 1235  579.00000  635.87002  9.82%  1933 1120s
  2499  1807  587.54389  225 1168  579.00000  635.87002  9.82%  1907 1125s
  2567  1854  629.13670   21 1442  579.00000  635.56190  9.77%  1870 1131s
  2573  1860  631.19121   24 1445  579.00000  635.56190  9.77%  1876 1136s
  2577  1864  629.81764   26 1441  579.00000  635.56190  9.77%  1880 1140s
  2583  1870  629.50803   29 1442  579.00000  635.56190  9.77%  1887 1149s
  2585  1872  627.70733   30 1427  579.00000  635.56190  9.77%  1889 1151s
  2590  1877  633.50487   33 1462  579.00000  635.56190  9.77%  1893 1155s
  2595  1882  627.18803   35 1428  579.00000  635.56190  9.77%  1899 1160s
  2603  1890  624.00474   39 1407  579.00000  635.56190  9.77%  1906 1166s
  2609  1896  623.43186   42 1409  579.00000  635.56190  9.77%  1912 1173s
  2611  1898  624.25774   43 1412  579.00000  635.56190  9.77%  1915 1175s
  2617  1904  617.98369   46 1372  579.00000  635.56190  9.77%  1921 1180s
  2623  1910  627.51303   49 1424  579.00000  635.56190  9.77%  1925 1185s
  2631  1918  623.55660   53 1411  579.00000  635.56190  9.77%  1930 1190s
  2638  1925  630.14871   57 1434  579.00000  635.56190  9.77%  1934 1196s
  2643  1930  623.63962   59 1396  579.00000  635.56190  9.77%  1939 1200s
  2651  1938  622.81210   63 1400  579.00000  635.56190  9.77%  1944 1205s
  2659  1946  622.28289   67 1397  579.00000  635.56190  9.77%  1950 1210s
  2667  1954  623.58630   71 1397  579.00000  635.56190  9.77%  1955 1215s
  2677  1964  618.56928   76 1366  579.00000  635.56190  9.77%  1961 1220s
  2684  1971  627.27242   80 1411  579.00000  635.56190  9.77%  1964 1226s
  2692  1979  626.87464   84 1403  579.00000  635.56190  9.77%  1967 1233s
  2695  1982  621.46739   85 1381  579.00000  635.56190  9.77%  1969 1235s
  2711  1998  611.03175   93 1321  579.00000  635.56190  9.77%  1977 1240s
  2727  2014  621.22534  101 1370  579.00000  635.56190  9.77%  1982 1245s
  2743  2030  617.91764  109 1349  579.00000  635.56190  9.77%  1987 1250s
  2761  2048  618.45971  118 1347  579.00000  635.56190  9.77%  1988 1255s
  2779  2066  615.96317  127 1345  579.00000  635.56190  9.77%  1989 1260s
  2789  2076  609.10224  132 1300  579.00000  635.56190  9.77%  1992 1265s
  2818  2105  614.48694  147 1323  579.00000  635.56190  9.77%  1989 1270s
  2857  2144  606.44623  166 1274  579.00000  635.56190  9.77%  1984 1275s
  2927  2214  593.99063  201 1230  579.00000  635.56190  9.77%  1961 1280s
  3049  2322  634.84934   18 1468  579.00000  635.52750  9.76%  1905 1285s
  3054  2327  627.78397   20 1438  579.00000  635.52750  9.76%  1911 1291s
  3058  2331  629.68075   22 1438  579.00000  635.52750  9.76%  1914 1295s
  3064  2337  627.35429   25 1424  579.00000  635.52750  9.76%  1919 1300s
  3072  2345  628.34358   29 1423  579.00000  635.52750  9.76%  1926 1305s
  3080  2353  627.68578   33 1413  579.00000  635.52750  9.76%  1932 1311s
  3086  2359  627.69394   36 1418  579.00000  635.52750  9.76%  1936 1315s
  3094  2367  617.87353   40 1378  579.00000  635.52750  9.76%  1943 1320s
  3104  2377  625.11127   45 1404  579.00000  635.52750  9.76%  1949 1325s
  3110  2383  618.84605   48 1377  579.00000  635.52750  9.76%  1953 1330s
  3122  2395  626.99725   54 1412  579.00000  635.52750  9.76%  1959 1335s
  3130  2403  624.68718   58 1401  579.00000  635.52750  9.76%  1961 1340s
  3142  2415  621.15091   64 1394  579.00000  635.52750  9.76%  1967 1345s
  3156  2429  622.99983   71 1387  579.00000  635.52750  9.76%  1973 1350s
  3171  2444  625.14017   79 1401  579.00000  635.52750  9.76%  1977 1355s
  3184  2457  622.47764   85 1374  579.00000  635.52750  9.76%  1981 1360s
  3200  2473  611.87164   93 1331  579.00000  635.52750  9.76%  1985 1365s
  3218  2491  611.24432  102 1328  579.00000  635.52750  9.76%  1989 1370s
  3234  2507  615.68363  110 1343  579.00000  635.52750  9.76%  1991 1375s
  3252  2525  609.76190  119 1309  579.00000  635.52750  9.76%  1993 1383s
  3258  2531  616.41647  122 1319  579.00000  635.52750  9.76%  1993 1385s
  3281  2554  615.24948  134 1327  579.00000  635.52750  9.76%  1992 1390s
  3302  2575  610.35699  144 1303  579.00000  635.52750  9.76%  1990 1397s
  3320  2593  608.55361  153 1286  579.00000  635.52750  9.76%  1987 1400s
  3364  2637  603.33289  175 1260  579.00000  635.52750  9.76%  1976 1405s
  3438  2711  585.91483  212 1144  579.00000  635.52750  9.76%  1949 1410s
  3528  2784  627.69796   18 1430  579.00000  635.32609  9.73%  1913 1416s
  3534  2790  629.20002   21 1432  579.00000  635.32609  9.73%  1917 1420s
  3540  2796  627.27638   24 1421  579.00000  635.32609  9.73%  1920 1425s
  3546  2802  623.41188   27 1402  579.00000  635.32609  9.73%  1925 1430s
  3552  2808  627.61956   30 1423  579.00000  635.32609  9.73%  1929 1436s
  3558  2814  623.13461   33 1398  579.00000  635.32609  9.73%  1932 1440s
  3564  2820  624.06845   36 1405  579.00000  635.32609  9.73%  1936 1445s
  3572  2828  624.08244   40 1397  579.00000  635.32609  9.73%  1940 1450s
  3579  2835  629.87843   44 1430  579.00000  635.32609  9.73%  1944 1462s
  3584  2840  621.23194   46 1381  579.00000  635.32609  9.73%  1947 1466s
  3591  2847  628.79536   50 1427  579.00000  635.32609  9.73%  1950 1470s
  3600  2856  621.61732   54 1388  579.00000  635.32609  9.73%  1955 1475s
  3610  2866  621.22776   59 1381  579.00000  635.32609  9.73%  1958 1481s
  3618  2874  621.79943   63 1375  579.00000  635.32609  9.73%  1961 1485s
  3626  2882  619.23243   67 1369  579.00000  635.32609  9.73%  1964 1490s
  3637  2893  625.37950   73 1402  579.00000  635.32609  9.73%  1965 1495s
  3646  2902  614.47439   77 1335  579.00000  635.32609  9.73%  1970 1500s
  3658  2914  619.99857   83 1364  579.00000  635.32609  9.73%  1973 1505s
  3674  2930  618.09020   91 1362  579.00000  635.32609  9.73%  1975 1510s
  3688  2944  614.20395   98 1345  579.00000  635.32609  9.73%  1978 1515s
  3706  2962  616.10031  107 1346  579.00000  635.32609  9.73%  1980 1520s
  3729  2985  615.26701  119 1330  579.00000  635.32609  9.73%  1980 1525s
  3756  3012  609.11863  132 1299  579.00000  635.32609  9.73%  1978 1530s
  3784  3040  606.84844  146 1289  579.00000  635.32609  9.73%  1977 1535s
  3830  3086  601.70732  169 1278  579.00000  635.32609  9.73%  1967 1540s
  3854  3110  598.51193  181 1244  579.00000  635.32609  9.73%  1961 1545s
  3946  3198     cutoff  227       579.00000  635.32609  9.73%  1929 1550s
  4004  3223  628.54073   21 1437  579.00000  635.32583  9.73%  1910 1555s
  4008  3227  630.12961   23 1443  579.00000  635.32583  9.73%  1913 1571s
  4009  3228  634.17180   24 1469  579.00000  635.32583  9.73%  1912 1575s
  4014  3233  628.07015   26 1430  579.00000  635.32583  9.73%  1917 1581s
  4020  3239  629.06108   29 1432  579.00000  635.32583  9.73%  1920 1585s
  4026  3245  629.42301   32 1439  579.00000  635.32583  9.73%  1924 1590s
  4032  3251  625.35835   35 1421  579.00000  635.32583  9.73%  1927 1595s
  4039  3258  631.80996   39 1449  579.00000  635.32583  9.73%  1930 1600s
  4045  3264  631.51613   42 1447  579.00000  635.32583  9.73%  1934 1605s
  4052  3271  627.55517   45 1425  579.00000  635.32583  9.73%  1938 1610s
  4060  3279  622.06190   49 1389  579.00000  635.32583  9.73%  1942 1615s
  4066  3285  619.04737   52 1377  579.00000  635.32583  9.73%  1946 1620s
  4071  3290  630.04264   55 1432  579.00000  635.32583  9.73%  1948 1625s
  4078  3297  617.52863   58 1376  579.00000  635.32583  9.73%  1953 1630s
  4080  3299  623.77339   59 1403  579.00000  635.32583  9.73%  1954 1636s
  4086  3305  625.28686   62 1402  579.00000  635.32583  9.73%  1956 1640s
  4095  3314  628.34519   67 1423  579.00000  635.32583  9.73%  1958 1645s
  4104  3323  618.04905   71 1362  579.00000  635.32583  9.73%  1962 1651s
  4110  3329  623.62732   74 1390  579.00000  635.32583  9.73%  1963 1660s
  4122  3341  618.28045   80 1364  579.00000  635.32583  9.73%  1966 1665s
  4131  3350  624.95323   85 1400  579.00000  635.32583  9.73%  1968 1670s
  4144  3363  616.44979   91 1360  579.00000  635.32583  9.73%  1972 1675s
  4154  3373  609.62724   96 1320  579.00000  635.32583  9.73%  1976 1680s
  4166  3385  612.82841  102 1332  579.00000  635.32583  9.73%  1978 1685s
  4182  3401  615.29174  110 1350  579.00000  635.32583  9.73%  1981 1690s
  4199  3418  618.57910  119 1365  579.00000  635.32583  9.73%  1981 1695s
  4220  3439  611.99357  129 1319  579.00000  635.32583  9.73%  1982 1700s
  4242  3461  611.43846  140 1324  579.00000  635.32583  9.73%  1982 1705s
  4270  3489  607.11524  154 1293  579.00000  635.32583  9.73%  1980 1710s
  4306  3525  605.09738  172 1290  579.00000  635.32583  9.73%  1974 1715s
  4358  3577  597.71238  198 1224  579.00000  635.32583  9.73%  1962 1720s
  4477  3674  633.64521   19 1463  579.00000  635.09301  9.69%  1923 1725s
  4504  3701  629.59547   46 1433  579.00000  635.09301  9.69%  1917 1730s
  4544  3741  623.10475   86 1392  579.00000  635.09301  9.69%  1908 1735s
  4567  3764  617.99307  100 1346  579.00000  635.09301  9.69%  1906 1740s
  4602  3799  611.22585  128 1317  579.00000  635.09301  9.69%  1900 1745s
  4618  3815  611.31291  144 1321  579.00000  635.09301  9.69%  1897 1765s
  4660  3857  606.29881  160 1285  579.00000  635.09301  9.69%  1889 1770s
  4726  3923  598.76312  191 1255  579.00000  635.09301  9.69%  1874 1775s
  4826  4023  593.14458  206 1211  579.00000  635.09301  9.69%  1849 1780s
  4961  4158  587.11307  222 1159  579.00000  635.09301  9.69%  1813 1785s
  5128  4317  580.90438  241 1103  579.00000  635.09301  9.69%  1766 1790s
  5172  4336  630.99956   35 1447  579.00000  635.08942  9.69%  1756 1798s
  5183  4347  629.56911   46 1434  579.00000  635.08942  9.69%  1754 1800s
  5219  4383  623.85640   81 1397  579.00000  635.08942  9.69%  1748 1805s
  5250  4414  618.09904  105 1360  579.00000  635.08942  9.69%  1745 1810s
  5297  4461  611.40081  150 1316  579.00000  635.08942  9.69%  1737 1815s
  5346  4510  604.59621  170 1272  579.00000  635.08942  9.69%  1731 1820s
  5408  4572  598.61632  194 1252  579.00000  635.08942  9.69%  1721 1825s
  5510  4674  591.09657  213 1202  579.00000  635.08942  9.69%  1701 1830s
  5685  4849  582.51733  238 1144  579.00000  635.08942  9.69%  1660 1835s
  5793  4938  632.40021   33 1453  579.00000  634.93928  9.66%  1635 1840s
  5826  4971  627.04913   66 1417  579.00000  634.93928  9.66%  1631 1845s
  5860  5005  622.07706   97 1380  579.00000  634.93928  9.66%  1628 1850s
  5882  5027  618.70065  111 1365  579.00000  634.93928  9.66%  1628 1855s
  5910  5055  613.41197  126 1341  579.00000  634.93928  9.66%  1627 1860s
  5945  5090  609.79340  152 1313  579.00000  634.93928  9.66%  1625 1865s
  5995  5140  603.33507  176 1264  579.00000  634.93928  9.66%  1619 1870s
  6037  5182  595.16369  189 1213  579.00000  634.93928  9.66%  1614 1875s
  6140  5285  591.62330  212 1204  579.00000  634.93928  9.66%  1597 1880s
  6309  5454  583.57230  238 1155  579.00000  634.93928  9.66%  1565 1885s
  6420  5547  631.89468   36 1452  579.00000  634.93830  9.66%  1544 1890s
  6455  5582  625.39062   69 1402  579.00000  634.93830  9.66%  1541 1895s
  6488  5615  619.95521   97 1369  579.00000  634.93830  9.66%  1538 1900s
  6532  5659  612.41769  138 1326  579.00000  634.93830  9.66%  1533 1905s
  6565  5692  607.90347  157 1303  579.00000  634.93830  9.66%  1531 1910s
  6623  5750  600.96467  182 1260  579.00000  634.93830  9.66%  1526 1915s
  6713  5840  593.20964  210 1232  579.00000  634.93830  9.66%  1514 1920s
  6848  5975  585.28889  223 1135  579.00000  634.93830  9.66%  1495 1925s
  6998  6099  632.68164   28 1449  579.00000  634.51978  9.59%  1470 1930s
  7014  6115  630.23248   44 1436  579.00000  634.51978  9.59%  1469 1941s
  7029  6130  627.88283   59 1415  579.00000  634.51978  9.59%  1467 1948s
  7041  6142  624.44397   69 1385  579.00000  634.51978  9.59%  1467 1950s
  7079  6180  618.58297  106 1370  579.00000  634.51978  9.59%  1464 1955s
  7132  6233  609.08071  149 1285  579.00000  634.51978  9.59%  1459 1960s
  7185  6286  602.21011  173 1275  579.00000  634.51978  9.59%  1455 1965s
  7260  6361  599.14544  187 1252  579.00000  634.51978  9.59%  1448 1970s
  7378  6479  590.22226  210 1183  579.00000  634.51978  9.59%  1434 1975s
  7571  6672  583.20513  233 1136  579.00000  634.51978  9.59%  1406 1980s
  7654  6732  627.56632   37 1423  579.00000  634.51881  9.59%  1397 1986s
  7682  6760  627.45968   66 1422  579.00000  634.51881  9.59%  1395 1990s
  7714  6792  622.94536   95 1390  579.00000  634.51881  9.59%  1394 1995s
  7741  6819  617.97174  115 1371  579.00000  634.51881  9.59%  1394 2000s
  7789  6867  609.60318  152 1302  579.00000  634.51881  9.59%  1391 2005s
  7838  6916  603.32208  174 1281  579.00000  634.51881  9.59%  1389 2010s
  7881  6959  599.07932  193 1257  579.00000  634.51881  9.59%  1386 2015s
  7996  7074  592.35641  210 1215  579.00000  634.51881  9.59%  1377 2020s
  8158  7236  584.28756  234 1144  579.00000  634.51881  9.59%  1359 2025s
  8256  7312  629.59376   37 1441  579.00000  634.46481  9.58%  1348 2030s
  8293  7349  622.95549   70 1388  579.00000  634.46481  9.58%  1346 2035s
  8326  7382  616.63785   98 1358  579.00000  634.46481  9.58%  1346 2040s
  8340  7396  615.75912  115 1359  579.00000  634.46481  9.58%  1345 2046s
  8367  7423  611.10451  137 1327  579.00000  634.46481  9.58%  1344 2050s
  8433  7489  601.73708  172 1264  579.00000  634.46481  9.58%  1341 2055s
  8548  7604  591.56472  203 1203  579.00000  634.46481  9.58%  1330 2060s
  8725  7781  582.15947  226 1106  579.00000  634.46481  9.58%  1311 2065s
  8806  7829  625.31045   31 1427  579.00000  634.36044  9.56%  1303 2070s
  8854  7877  617.27647   79 1364  579.00000  634.36044  9.56%  1300 2075s
  8890  7913  611.65777  108 1340  579.00000  634.36044  9.56%  1300 2080s
  8969  7992  599.20659  161 1266  579.00000  634.36044  9.56%  1296 2085s
  9055  8078  589.79347  192 1220  579.00000  634.36044  9.56%  1291 2090s
  9257  8245  627.74322   23 1433  579.00000  634.33453  9.56%  1274 2096s
  9285  8273  596.16750   51 1279  579.00000  634.33453  9.56%  1275 2100s
  9315  8295  623.52477   41 1417  579.00000  634.23295  9.54%  1275 2105s
  9369  8349  612.60712   95 1350  579.00000  634.23295  9.54%  1272 2110s
  9398  8378  607.98980  124 1314  579.00000  634.23295  9.54%  1270 2119s
  9399  8379  607.89979  125 1309  579.00000  634.23295  9.54%  1270 2127s
  9457  8437  591.91056  183 1250  579.00000  634.23295  9.54%  1265 2130s
  9526  8473  622.03039   26 1399  579.00000  634.22845  9.54%  1260 2135s
  9534  8481  623.20111   30 1404  579.00000  634.22845  9.54%  1262 2140s
  9542  8489  622.80891   34 1402  579.00000  634.22845  9.54%  1265 2145s
  9550  8497  620.24956   38 1396  579.00000  634.22845  9.54%  1267 2151s
  9558  8505  619.37307   42 1395  579.00000  634.22845  9.54%  1270 2155s
  9566  8513  619.17035   46 1383  579.00000  634.22845  9.54%  1272 2160s
  9576  8523  617.47149   51 1376  579.00000  634.22845  9.54%  1274 2165s
  9585  8532  624.23546   56 1406  579.00000  634.22845  9.54%  1276 2170s
  9596  8543  611.41986   61 1354  579.00000  634.22845  9.54%  1279 2175s
  9606  8553  618.76344   66 1373  579.00000  634.22845  9.54%  1281 2180s
  9617  8564  621.64439   72 1389  579.00000  634.22845  9.54%  1283 2185s
  9630  8577  616.82285   78 1364  579.00000  634.22845  9.54%  1285 2190s
  9646  8593  615.90773   86 1350  579.00000  634.22845  9.54%  1288 2195s
  9664  8611  614.58997   95 1350  579.00000  634.22845  9.54%  1290 2200s
  9684  8631  603.91479  105 1312  579.00000  634.22845  9.54%  1292 2205s
  9712  8659  609.63372  119 1325  579.00000  634.22845  9.54%  1295 2210s
  9746  8693  605.14387  136 1295  579.00000  634.22845  9.54%  1297 2215s
  9802  8749  600.68856  164 1254  579.00000  634.22845  9.54%  1297 2220s
  9900  8845     cutoff  213       579.00000  634.22845  9.54%  1292 2225s
  9966  8880  630.03071   50 1437  579.00000  634.22797  9.54%  1288 2231s
  9980  8894  627.72105   64 1427  579.00000  634.22797  9.54%  1287 2235s
 10020  8934  621.15350  104 1382  579.00000  634.22797  9.54%  1285 2242s
 10060  8974  613.36722  144 1331  579.00000  634.22797  9.54%  1283 2245s
 10193  9086  629.71035   36 1440  579.00000  634.20465  9.53%  1272 2250s
 10203  9095  615.30616  101 1486  579.00000  634.20465  9.53%  1272 3017s
 10206  9097  582.15882  242 1486  579.00000  634.20465  9.53%  1272 3025s
 10208  9098  615.90268  126 1488  579.00000  631.18747  9.01%  1272 3030s
 10213  9102  630.18809   43 1490  579.00000  630.73502  8.94%  1271 3048s
 10214  9102  590.01835  215 1486  579.00000  630.64197  8.92%  1271 3064s
 10216  9104  618.91186  105 1490  579.00000  630.60559  8.91%  1271 3079s
 10217  9104  627.36596   55 1488  579.00000  630.47421  8.89%  1271 3093s
 10219  9106  605.50583  170 1489  579.00000  630.44385  8.88%  1270 3109s
 10220  9106  613.46136  130 1486  579.00000  629.99667  8.81%  1270 3125s
 10224  9109  607.72870  158 1490  579.00000  629.90137  8.79%  1270 3141s
 10225  9110  626.46679   26 1486  579.00000  629.52735  8.73%  1270 3158s
 10228  9112  583.17949  224 1488  579.00000  629.41225  8.71%  1269 3176s
 10229  9112  585.50000  234 1492  579.00000  629.17200  8.67%  1269 3194s
 10232  9114  629.09787   26 1489  579.00000  629.09787  8.65%  1269 3212s
 10233  9115  593.02637  205 1487  579.00000  628.99109  8.63%  1269 3228s
 10235  9116  592.04833  209 1489  579.00000  628.95646  8.63%  1268 3245s
 10236  9117  601.70385  170 1490  579.00000  628.79874  8.60%  1268 3263s
 10239  9119  621.60396   55 1492  579.00000  628.74475  8.59%  1268 3280s
 10240  9120  615.04622  132 1490  579.00000  628.67746  8.58%  1268 3297s
 10243  9122  614.30922   94 1490  579.00000  628.65217  8.58%  1267 3317s
 10244  9122  595.74264  196 1490  579.00000  628.61778  8.57%  1267 3336s
 10246  9124  626.88152   39 1491  579.00000  628.60839  8.57%  1267 3352s
 10247  9124  625.97693   62 1490  579.00000  628.57028  8.56%  1267 3366s
 10249  9126  597.67299  190 1491  579.00000  628.55029  8.56%  1267 3384s
 10250  9126  587.43067  227 1490  579.00000  628.53035  8.55%  1267 3401s
 10252  9128  621.90551   69 1490  579.00000  628.52039  8.55%  1266 3420s
 10253  9128  618.56883   77 1490  579.00000  628.51949  8.55%  1266 3438s
 10254  9129  594.51735  201 1490  579.00000  628.51926  8.55%  1266 3456s
 10255  9130  596.90074  197 1490  579.00000  628.50025  8.55%  1266 3475s
 10257  9131  624.99954   48 1489  579.00000  628.48840  8.55%  1266 3494s
 10258  9132  581.51773  242 1489  579.00000  628.48483  8.55%  1266 3511s
 10259  9132  602.99008  162 1489  579.00000  628.48443  8.55%  1265 3528s
 10260  9133  591.16773  220 1488  579.00000  628.48438  8.55%  1265 3546s
 10261  9134  585.85088  230 1489  579.00000  628.48435  8.55%  1265 3565s
 10262  9134  581.42105  246 1489  579.00000  628.48435  8.55%  1265 3582s

Cutting planes:
  Gomory: 9
  Flow cover: 73
  Zero half: 626
  RLT: 148
  BQP: 33

Explored 10262 nodes (13188273 simplex iterations) in 3600.07 seconds (4774.00 work units)
Thread count was 1 (of 24 available processors)

Solution count 10: 579 578 577 ... 568

Time limit reached
Best objective 5.790000000000e+02, best bound 6.280000000000e+02, gap 8.4629%

User-callback calls 172290, time in user-callback 0.96 sec
