
Gurobi 11.0.3 (linux64) logging started Sat Mar  7 17:20:15 2026

Set parameter LogFile to value "./log/train/IS_1500_6/IS_87.lp.log"
Set parameter TimeLimit to value 3600
Gurobi Optimizer version 11.0.3 build v11.0.3rc0 (linux64 - "Ubuntu 22.04.5 LTS")

CPU model: AMD Ryzen 9 9900X 12-Core Processor, instruction set [SSE2|AVX|AVX2|AVX512]
Thread count: 12 physical cores, 24 logical processors, using up to 1 threads

Optimize a model with 9166 rows, 1500 columns and 18084 nonzeros
Model fingerprint: 0x801680c3
Variable types: 0 continuous, 1500 integer (1500 binary)
Coefficient statistics:
  Matrix range     [1e+00, 1e+00]
  Objective range  [1e+00, 1e+00]
  Bounds range     [1e+00, 1e+00]
  RHS range        [1e+00, 1e+00]
Found heuristic solution: objective 347.0000000
Presolve removed 1743 rows and 0 columns
Presolve time: 0.04s
Presolved: 7423 rows, 1500 columns, 16268 nonzeros
Variable types: 0 continuous, 1500 integer (1500 binary)

Root relaxation: objective 6.835000e+02, 4314 iterations, 0.24 seconds (0.30 work units)

    Nodes    |    Current Node    |     Objective Bounds      |     Work
 Expl Unexpl |  Obj  Depth IntInf | Incumbent    BestBd   Gap | It/Node Time

     0     0  683.50000    0 1339  347.00000  683.50000  97.0%     -    0s
H    0     0                     509.0000000  683.50000  34.3%     -    0s
     0     0  666.97844    0 1468  509.00000  666.97844  31.0%     -    1s
     0     0  666.97670    0 1468  509.00000  666.97670  31.0%     -   54s
     0     0  658.66737    0 1488  509.00000  658.66737  29.4%     -   55s
H    0     0                     530.0000000  658.66737  24.3%     -   55s
H    0     0                     533.0000000  658.66737  23.6%     -   55s
     0     0  658.25082    0 1488  533.00000  658.25082  23.5%     -   55s
     0     0  658.13752    0 1489  533.00000  658.13752  23.5%     -   55s
     0     0  658.10284    0 1486  533.00000  658.10284  23.5%     -   55s
     0     0  658.08192    0 1489  533.00000  658.08192  23.5%     -   55s
     0     0  658.07686    0 1490  533.00000  658.07686  23.5%     -   55s
     0     0  658.07582    0 1489  533.00000  658.07582  23.5%     -   55s
     0     0  653.91655    0 1489  533.00000  653.91655  22.7%     -   56s
     0     0  653.63028    0 1487  533.00000  653.63028  22.6%     -   57s
     0     0  653.59638    0 1485  533.00000  653.59638  22.6%     -   57s
     0     0  653.59156    0 1489  533.00000  653.59156  22.6%     -   57s
     0     0  649.77932    0 1487  533.00000  649.77932  21.9%     -   58s
     0     0  649.38228    0 1488  533.00000  649.38228  21.8%     -   58s
     0     0  649.33921    0 1486  533.00000  649.33921  21.8%     -   58s
     0     0  649.32429    0 1490  533.00000  649.32429  21.8%     -   58s
     0     0  649.31627    0 1489  533.00000  649.31627  21.8%     -   58s
     0     0  646.61525    0 1489  533.00000  646.61525  21.3%     -   59s
     0     0  646.46602    0 1488  533.00000  646.46602  21.3%     -   60s
     0     0  646.41816    0 1489  533.00000  646.41816  21.3%     -   60s
     0     0  646.40029    0 1487  533.00000  646.40029  21.3%     -   60s
     0     0  646.39731    0 1488  533.00000  646.39731  21.3%     -   60s
     0     0  645.10606    0 1487  533.00000  645.10606  21.0%     -   61s
     0     0  644.95311    0 1488  533.00000  644.95311  21.0%     -  114s
     0     0  644.93639    0 1491  533.00000  644.93639  21.0%     -  114s
     0     0  644.93409    0 1489  533.00000  644.93409  21.0%     -  114s
     0     0  643.74340    0 1489  533.00000  643.74340  20.8%     -  115s
     0     0  643.56456    0 1491  533.00000  643.56456  20.7%     -  115s
     0     0  643.52853    0 1491  533.00000  643.52853  20.7%     -  115s
     0     0  643.51882    0 1492  533.00000  643.51882  20.7%     -  115s
     0     0  642.02171    0 1485  533.00000  642.02171  20.5%     -  116s
     0     0  641.81387    0 1490  533.00000  641.81387  20.4%     -  116s
     0     0  641.78333    0 1494  533.00000  641.78333  20.4%     -  116s
     0     0  641.77782    0 1494  533.00000  641.77782  20.4%     -  116s
     0     0  641.25510    0 1492  533.00000  641.25510  20.3%     -  117s
     0     0  641.13929    0 1490  533.00000  641.13929  20.3%     -  117s
     0     0  641.12312    0 1489  533.00000  641.12312  20.3%     -  117s
     0     0  641.11761    0 1491  533.00000  641.11761  20.3%     -  117s
     0     0  640.54917    0 1490  533.00000  640.54917  20.2%     -  117s
     0     0  640.40938    0 1487  533.00000  640.40938  20.2%     -  117s
     0     0  640.38331    0 1487  533.00000  640.38331  20.1%     -  118s
     0     0  640.37946    0 1489  533.00000  640.37946  20.1%     -  118s
     0     0  639.38315    0 1487  533.00000  639.38315  20.0%     -  118s
     0     0  639.20370    0 1490  533.00000  639.20370  19.9%     -  119s
     0     0  639.16346    0 1487  533.00000  639.16346  19.9%     -  119s
     0     0  639.15556    0 1489  533.00000  639.15556  19.9%     -  119s
     0     0  638.47657    0 1494  533.00000  638.47657  19.8%     -  119s
     0     0  638.36740    0 1492  533.00000  638.36740  19.8%     -  119s
     0     0  638.33434    0 1494  533.00000  638.33434  19.8%     -  120s
     0     0  638.32575    0 1494  533.00000  638.32575  19.8%     -  120s
     0     0  638.04154    0 1493  533.00000  638.04154  19.7%     -  120s
H    0     0                     537.0000000  638.04154  18.8%     -  120s
     0     0  637.99094    0 1493  537.00000  637.99094  18.8%     -  120s
     0     0  637.97734    0 1493  537.00000  637.97734  18.8%     -  120s
     0     0  637.60280    0 1488  537.00000  637.60280  18.7%     -  174s
H    0     0                     539.0000000  637.60280  18.3%     -  174s
     0     0  637.48762    0 1492  539.00000  637.48762  18.3%     -  174s
     0     0  637.46617    0 1492  539.00000  637.46617  18.3%     -  174s
     0     0  637.46362    0 1492  539.00000  637.46362  18.3%     -  175s
     0     0  636.93007    0 1491  539.00000  636.93007  18.2%     -  175s
     0     0  636.86755    0 1489  539.00000  636.86755  18.2%     -  176s
     0     0  636.85461    0 1490  539.00000  636.85461  18.2%     -  176s
     0     0  636.48804    0 1493  539.00000  636.48804  18.1%     -  176s
     0     0  636.40954    0 1490  539.00000  636.40954  18.1%     -  176s
     0     0  636.39103    0 1490  539.00000  636.39103  18.1%     -  177s
     0     0  636.22632    0 1492  539.00000  636.22632  18.0%     -  177s
     0     0  636.18457    0 1492  539.00000  636.18457  18.0%     -  177s
     0     0  636.17114    0 1491  539.00000  636.17114  18.0%     -  177s
     0     0  635.90396    0 1493  539.00000  635.90396  18.0%     -  178s
     0     0  635.83046    0 1493  539.00000  635.83046  18.0%     -  178s
     0     0  635.81159    0 1492  539.00000  635.81159  18.0%     -  178s
     0     0  635.60129    0 1491  539.00000  635.60129  17.9%     -  179s
     0     0  635.56255    0 1493  539.00000  635.56255  17.9%     -  179s
     0     0  635.54959    0 1491  539.00000  635.54959  17.9%     -  179s
     0     0  635.18276    0 1494  539.00000  635.18276  17.8%     -  180s
     0     0  635.13098    0 1494  539.00000  635.13098  17.8%     -  180s
     0     0  635.11796    0 1494  539.00000  635.11796  17.8%     -  180s
     0     0  634.69649    0 1492  539.00000  634.69649  17.8%     -  181s
     0     0  634.62004    0 1490  539.00000  634.62004  17.7%     -  234s
     0     0  634.59765    0 1492  539.00000  634.59765  17.7%     -  234s
     0     0  634.59292    0 1493  539.00000  634.59292  17.7%     -  234s
     0     0  634.44958    0 1492  539.00000  634.44958  17.7%     -  234s
     0     0  634.43540    0 1491  539.00000  634.43540  17.7%     -  234s
     0     0  634.17658    0 1488  539.00000  634.17658  17.7%     -  235s
     0     0  634.08671    0 1491  539.00000  634.08671  17.6%     -  235s
     0     0  634.07475    0 1491  539.00000  634.07475  17.6%     -  235s
     0     0  633.89227    0 1490  539.00000  633.89227  17.6%     -  236s
     0     0  633.87151    0 1490  539.00000  633.87151  17.6%     -  236s
     0     0  633.78409    0 1489  539.00000  633.78409  17.6%     -  236s
     0     0  633.78409    0 1489  539.00000  633.78409  17.6%     -  236s
H    0     0                     542.0000000  633.78409  16.9%     -  239s
     0     2  633.78303    0 1487  542.00000  633.78303  16.9%     -  239s
     2     4  627.81672    1 1452  542.00000  633.64048  16.9%  5480  241s
     8    10  604.61228    5 1339  542.00000  633.63870  16.9%  4120  246s
    22    24  614.79611   16 1376  542.00000  633.63870  16.9%  2400  250s
H   26    26                     543.0000000  633.63870  16.7%  2331  251s
    40    42  598.99225   27 1289  543.00000  633.63870  16.7%  2095  255s
H   52    52                     544.0000000  633.63870  16.5%  1914  257s
H   54    54                     548.0000000  633.63870  15.6%  1923  258s
    69    71  571.64919   47 1173  548.00000  633.63870  15.6%  1798  260s
    96    86  620.10299    3 1406  548.00000  633.50193  15.6%  1583  265s
   121   111  587.71177   22 1245  548.00000  633.50193  15.6%  1597  270s
H  162   148                     549.0000000  633.50193  15.4%  1471  274s
   174   162  566.92857   60 1072  549.00000  633.50193  15.4%  1437  275s
H  182   167                     551.0000000  633.50193  15.0%  1400  275s
   207   184  620.23556    7 1411  551.00000  633.50172  15.0%  1363  280s
H  208   175                     553.0000000  633.50172  14.6%  1356  280s
   218   187  614.03173   14 1379  553.00000  633.50172  14.6%  1444  286s
   229   198  608.26583   20 1339  553.00000  633.50172  14.6%  1525  290s
H  243   205                     555.0000000  633.50172  14.1%  1552  294s
   250   214  581.28015   34 1212  555.00000  633.50172  14.1%  1545  295s
   303   240  628.58687    5 1456  555.00000  633.17613  14.1%  1393  310s
   321   258  589.36240   19 1267  555.00000  633.17613  14.1%  1436  315s
   348   285  590.36885   36 1268  555.00000  633.17613  14.1%  1471  320s
   426   339  628.83683    9 1454  555.00000  633.17599  14.1%  1345  326s
   433   346  610.96452   13 1370  555.00000  633.17599  14.1%  1389  330s
   442   355  599.13972   18 1320  555.00000  633.17599  14.1%  1430  335s
   461   374  587.69007   31 1253  555.00000  633.17599  14.1%  1450  340s
   510   407  627.25845    6 1439  555.00000  632.94918  14.0%  1397  345s
   523   420  606.87509   15 1346  555.00000  632.94918  14.0%  1434  350s
   553   450  570.73188   36 1165  555.00000  632.94918  14.0%  1446  355s
   567   461  620.54587   11 1489  555.00000  632.94918  14.0%  1424  367s
   570   463  587.71177   23 1489  555.00000  632.94918  14.0%  1416  376s
   574   466  586.61300   31 1492  555.00000  632.94918  14.0%  1406  380s
   576   467  556.19599   55 1493  555.00000  632.94918  14.0%  1402  391s
   577   468  603.89440   37 1493  555.00000  632.94918  14.0%  1399  400s
   579   469  621.48829   12 1493  555.00000  632.94918  14.0%  1394  411s
   580   470  607.79089   23 1492  555.00000  632.94918  14.0%  1392  420s
   582   471  563.20755   63 1493  555.00000  632.94918  14.0%  1387  429s
   583   472  620.09521    4 1492  555.00000  632.94918  14.0%  1385  437s
   585   473  626.96519   10 1494  555.00000  632.94918  14.0%  1380  447s
   586   474  563.41698   40 1494  555.00000  632.94918  14.0%  1378  457s
   587   474  558.91977   71 1495  555.00000  632.94918  14.0%  1375  467s
   588   475  559.51501   50 1494  555.00000  632.94918  14.0%  1373  476s
   589   476  619.97753   19 1494  555.00000  632.94918  14.0%  1371  485s
   590   476  558.57447   65 1495  555.00000  632.94918  14.0%  1368  495s
   593   480  632.60717   13 1485  555.00000  632.94918  14.0%  1460  501s
   600   485  632.17660   16 1477  555.00000  632.83757  14.0%  1474  505s
   609   491  630.85937   21 1477  555.00000  632.58074  14.0%  1488  510s
   617   496  630.18284   25 1477  555.00000  632.58074  14.0%  1510  515s
   626   502  608.04987   29 1363  555.00000  632.58074  14.0%  1538  521s
   632   506  625.96312   32 1448  555.00000  632.58074  14.0%  1559  526s
   640   512  627.57576   36 1457  555.00000  632.58074  14.0%  1570  530s
   648   517  618.81951   40 1418  555.00000  632.58074  14.0%  1595  536s
   656   522  625.87293   44 1446  555.00000  632.58074  14.0%  1607  540s
   662   526  618.63145   47 1400  555.00000  632.58074  14.0%  1627  546s
   670   532  620.86699   51 1411  555.00000  632.58074  14.0%  1639  550s
   677   536  622.96742   55 1419  555.00000  632.58074  14.0%  1657  555s
   691   546  622.10879   62 1420  555.00000  632.58074  14.0%  1663  560s
   703   554  618.54504   68 1410  555.00000  632.58074  14.0%  1678  565s
   707   556  617.32386   70 1398  555.00000  632.58074  14.0%  1682  574s
   709   558  616.91261   71 1400  555.00000  632.58074  14.0%  1684  575s
   721   566  616.05910   77 1397  555.00000  632.58074  14.0%  1692  580s
   734   574  610.68031   83 1374  555.00000  632.58074  14.0%  1709  585s
   748   584  612.07781   90 1381  555.00000  632.58074  14.0%  1717  590s
   762   593  611.70153   97 1378  555.00000  632.58074  14.0%  1727  595s
   782   606  609.61088  107 1376  555.00000  632.58074  14.0%  1726  600s
   801   619  602.65386  117 1341  555.00000  632.58074  14.0%  1736  605s
   820   632  602.30416  126 1336  555.00000  632.58074  14.0%  1741  610s
   850   652  593.70006  141 1290  555.00000  632.58074  14.0%  1742  615s
   870   665  595.00446  151 1304  555.00000  632.58074  14.0%  1754  620s
   893   680  591.98043  163 1288  555.00000  632.58074  14.0%  1758  625s
   914   694  583.42335  173 1236  555.00000  632.58074  14.0%  1767  630s
   938   710  580.86533  185 1229  555.00000  632.58074  14.0%  1773  635s
   967   730  580.30262  200 1207  555.00000  632.58074  14.0%  1776  640s
  1006   756  573.68657  219 1150  555.00000  632.58074  14.0%  1767  645s
  1068   795  575.28056  250 1126  555.00000  632.58074  14.0%  1726  650s
  1213   871  632.37447   14 1481  555.00000  632.57190  14.0%  1581  655s
  1218   874  631.74903   17 1476  555.00000  632.57190  14.0%  1593  660s
  1223   877  627.56798   19 1446  555.00000  632.57190  14.0%  1609  665s
  1229   881  627.34163   22 1441  555.00000  632.57190  14.0%  1623  670s
  1235   885  625.98382   25 1430  555.00000  632.57190  14.0%  1637  676s
  1241   889  627.04105   28 1439  555.00000  632.57190  14.0%  1649  680s
H 1242   860                     556.0000000  632.57190  13.8%  1648  680s
  1247   865  625.42310   31 1435  556.00000  632.57190  13.8%  1662  685s
  1255   871  621.96191   35 1418  556.00000  632.57190  13.8%  1677  691s
  1261   875  618.99180   38 1400  556.00000  632.57190  13.8%  1691  696s
  1267   879  625.40636   41 1426  556.00000  632.57190  13.8%  1702  700s
  1275   884  623.03525   45 1416  556.00000  632.57190  13.8%  1714  705s
  1283   889  623.58587   49 1415  556.00000  632.57190  13.8%  1728  710s
  1289   893  622.44594   52 1412  556.00000  632.57190  13.8%  1738  715s
H 1294   862                     557.0000000  632.57190  13.6%  1745  717s
  1299   867  617.50300   57 1389  557.00000  632.57190  13.6%  1756  720s
  1308   873  625.29213   62 1431  557.00000  632.57190  13.6%  1766  725s
  1319   880  618.98252   67 1396  557.00000  632.57190  13.6%  1786  731s
  1327   886  619.86321   71 1393  557.00000  632.57190  13.6%  1796  735s
  1335   891  614.88343   75 1362  557.00000  632.57190  13.6%  1806  740s
  1345   898  616.40185   80 1370  557.00000  632.57190  13.6%  1816  745s
H 1348   872                     558.0000000  632.57190  13.4%  1818  746s
  1355   878  620.11155   85 1387  558.00000  632.57190  13.4%  1827  750s
  1367   886  615.88150   91 1369  558.00000  632.57190  13.4%  1835  755s
H 1375   865                     559.0000000  632.57190  13.2%  1836  757s
  1383   872  616.39312   99 1373  559.00000  632.57190  13.2%  1841  760s
  1399   883  614.58596  107 1355  559.00000  632.57190  13.2%  1847  765s
  1413   892  606.17800  114 1314  559.00000  632.57190  13.2%  1853  770s
  1431   904  609.33773  123 1341  559.00000  632.57190  13.2%  1856  775s
  1449   916  608.03157  132 1322  559.00000  632.57190  13.2%  1859  780s
H 1450   890                     560.0000000  632.57190  13.0%  1857  780s
  1466   902  598.97774  141 1295  560.00000  632.57190  13.0%  1864  785s
  1485   915  606.02305  150 1311  560.00000  632.57190  13.0%  1866  790s
H 1502   896                     561.0000000  632.57190  12.8%  1865  794s
  1507   902  605.00079  161 1296  561.00000  632.57190  12.8%  1865  795s
H 1510   881                     562.0000000  632.57190  12.6%  1863  795s
  1539   902  600.45538  177 1277  562.00000  632.57190  12.6%  1856  800s
  1581   930  595.32148  198 1250  562.00000  632.57190  12.6%  1837  805s
  1639   987  586.77225  227 1201  562.00000  632.57190  12.6%  1806  810s
  1749  1095     cutoff  282       562.00000  632.57190  12.6%  1729  815s
  1796  1123  630.55725   16 1463  562.00000  632.33765  12.5%  1700  820s
  1801  1128  623.93996   18 1416  562.00000  632.33765  12.5%  1711  825s
  1807  1134  625.63034   21 1425  562.00000  632.33765  12.5%  1718  830s
  1813  1140  624.87243   24 1428  562.00000  632.33765  12.5%  1726  835s
H 1814  1125                     563.0000000  632.33765  12.3%  1725  835s
  1819  1132  621.74891   27 1416  563.00000  632.33765  12.3%  1734  840s
  1825  1138  623.63527   30 1421  563.00000  632.33765  12.3%  1742  845s
  1831  1144  623.70245   33 1423  563.00000  632.33765  12.3%  1749  850s
  1838  1151  626.84702   37 1445  563.00000  632.33765  12.3%  1756  855s
  1845  1158  621.34418   40 1415  563.00000  632.33765  12.3%  1766  860s
  1853  1166  618.48822   44 1400  563.00000  632.33765  12.3%  1775  866s
  1861  1174  617.35272   48 1392  563.00000  632.33765  12.3%  1783  871s
  1867  1180  620.72307   51 1405  563.00000  632.33765  12.3%  1789  875s
  1875  1188  622.28132   55 1406  563.00000  632.33765  12.3%  1796  880s
  1883  1196  614.42992   59 1367  563.00000  632.33765  12.3%  1804  885s
  1892  1205  623.42460   64 1414  563.00000  632.33765  12.3%  1810  890s
  1901  1214  619.65575   68 1387  563.00000  632.33765  12.3%  1817  895s
  1911  1224  617.29721   73 1384  563.00000  632.33765  12.3%  1824  900s
  1921  1234  613.16391   78 1351  563.00000  632.33765  12.3%  1833  905s
  1933  1246  615.33056   84 1365  563.00000  632.33765  12.3%  1839  910s
  1943  1256  613.59105   89 1365  563.00000  632.33765  12.3%  1846  916s
  1953  1266  612.59399   94 1361  563.00000  632.33765  12.3%  1851  920s
  1963  1276  610.42210   99 1339  563.00000  632.33765  12.3%  1857  925s
  1977  1290  613.88399  106 1347  563.00000  632.33765  12.3%  1859  930s
  1993  1306  611.71237  114 1344  563.00000  632.33765  12.3%  1863  935s
  2001  1314  605.70455  118 1316  563.00000  632.33765  12.3%  1866  940s
  2004  1317  612.61494  120 1347  563.00000  632.33765  12.3%  1867  945s
  2021  1334  606.29139  128 1316  563.00000  632.33765  12.3%  1870  950s
  2033  1346  601.17662  134 1281  563.00000  632.33765  12.3%  1872  955s
  2051  1364  603.78717  143 1307  563.00000  632.33765  12.3%  1872  960s
  2074  1387  604.08335  155 1312  563.00000  632.33765  12.3%  1869  965s
  2089  1402  593.68413  162 1258  563.00000  632.33765  12.3%  1868  970s
  2109  1422  599.37782  172 1279  563.00000  632.33765  12.3%  1864  975s
  2132  1445  597.15850  184 1280  563.00000  632.33765  12.3%  1857  981s
  2159  1472  592.93123  197 1252  563.00000  632.33765  12.3%  1849  985s
  2186  1499  591.62480  211 1218  563.00000  632.33765  12.3%  1840  991s
  2213  1526  583.77289  224 1170  563.00000  632.33765  12.3%  1827  998s
  2230  1543  583.50000  233 1157  563.00000  632.33765  12.3%  1818 1003s
  2241  1554  579.79062  238 1152  563.00000  632.33765  12.3%  1812 1005s
  2294  1607  571.59754  265 1118  563.00000  632.33765  12.3%  1782 1010s
  2334  1647  565.44542  285 1047  563.00000  632.33765  12.3%  1757 1022s
  2361  1645  631.13126   16 1472  563.00000  632.33760  12.3%  1740 1025s
  2367  1651  623.36305   19 1425  563.00000  632.33760  12.3%  1747 1030s
  2373  1657  624.36416   22 1432  563.00000  632.33760  12.3%  1753 1035s
  2379  1663  623.49476   25 1426  563.00000  632.33760  12.3%  1760 1040s
  2387  1671  624.34625   29 1430  563.00000  632.33760  12.3%  1767 1046s
  2393  1677  620.37283   32 1408  563.00000  632.33760  12.3%  1773 1050s
  2401  1685  623.59273   36 1424  563.00000  632.33760  12.3%  1781 1056s
  2407  1691  622.14706   39 1413  563.00000  632.33760  12.3%  1786 1060s
  2413  1697  617.36704   42 1387  563.00000  632.33760  12.3%  1792 1065s
  2422  1706  626.37297   47 1435  563.00000  632.33760  12.3%  1799 1070s
  2433  1717  620.94867   52 1408  563.00000  632.33760  12.3%  1808 1075s
  2441  1725  620.67439   56 1404  563.00000  632.33760  12.3%  1814 1080s
  2455  1739  619.38922   63 1395  563.00000  632.33760  12.3%  1822 1085s
  2457  1741  615.37347   64 1377  563.00000  632.33760  12.3%  1824 1090s
  2470  1754  623.25325   71 1408  563.00000  632.33760  12.3%  1831 1095s
  2481  1765  617.94060   76 1381  563.00000  632.33760  12.3%  1838 1100s
  2487  1771  615.00110   79 1366  563.00000  632.33760  12.3%  1841 1105s
  2499  1783  616.35653   85 1377  563.00000  632.33760  12.3%  1845 1110s
  2511  1795  615.56693   91 1372  563.00000  632.33760  12.3%  1850 1117s
  2519  1803  616.13905   95 1367  563.00000  632.33760  12.3%  1852 1120s
  2533  1817  613.86938  102 1362  563.00000  632.33760  12.3%  1855 1125s
  2544  1828  614.77173  108 1369  563.00000  632.33760  12.3%  1858 1130s
  2563  1847  594.63901  117 1279  563.00000  632.33760  12.3%  1862 1135s
  2569  1853  609.74609  120 1338  563.00000  632.33760  12.3%  1863 1140s
  2589  1873  605.84424  130 1324  563.00000  632.33760  12.3%  1864 1145s
  2592  1876  608.22879  132 1341  563.00000  632.33760  12.3%  1864 1155s
  2613  1897  603.63600  142 1313  563.00000  632.33760  12.3%  1864 1160s
  2641  1925  599.86317  156 1302  563.00000  632.33760  12.3%  1862 1165s
  2673  1957  597.21309  172 1268  563.00000  632.33760  12.3%  1858 1170s
  2701  1985  594.57685  186 1259  563.00000  632.33760  12.3%  1853 1179s
  2703  1987  583.85805  187 1206  563.00000  632.33760  12.3%  1853 1180s
  2763  2045  587.18638  217 1201  563.00000  632.33760  12.3%  1833 1185s
  2910  2176  632.02216   16 1477  563.00000  632.17648  12.3%  1766 1190s
  2915  2181  631.44674   19 1474  563.00000  632.17648  12.3%  1771 1195s
  2920  2186  623.92199   21 1435  563.00000  632.17648  12.3%  1776 1200s
  2926  2192  626.24039   24 1439  563.00000  632.17648  12.3%  1782 1205s
  2932  2198  625.96066   27 1435  563.00000  632.17648  12.3%  1786 1210s
  2938  2204  625.52583   30 1435  563.00000  632.17648  12.3%  1792 1215s
  2944  2210  621.04572   33 1418  563.00000  632.17648  12.3%  1797 1220s
  2950  2216  619.28570   36 1406  563.00000  632.17648  12.3%  1803 1225s
  2956  2222  623.66880   39 1427  563.00000  632.17648  12.3%  1807 1230s
  2960  2226  621.95387   41 1418  563.00000  632.17648  12.3%  1812 1236s
  2966  2232  621.44659   44 1410  563.00000  632.17648  12.3%  1817 1240s
  2972  2238  620.46141   47 1408  563.00000  632.17648  12.3%  1822 1245s
  2980  2246  622.57263   51 1416  563.00000  632.17648  12.3%  1828 1251s
  2988  2254  620.70810   55 1399  563.00000  632.17648  12.3%  1832 1255s
  2996  2262  620.43926   59 1406  563.00000  632.17648  12.3%  1837 1260s
  3003  2269  625.54970   63 1427  563.00000  632.17648  12.3%  1840 1265s
  3006  2272  619.80779   64 1403  563.00000  632.17648  12.3%  1843 1274s
  3008  2274  616.17791   65 1379  563.00000  632.17648  12.3%  1845 1275s
  3016  2282  620.84593   69 1402  563.00000  632.17648  12.3%  1849 1280s
  3024  2290  620.32323   73 1397  563.00000  632.17648  12.3%  1853 1285s
  3032  2298  615.75639   77 1377  563.00000  632.17648  12.3%  1856 1290s
  3041  2307  622.46059   82 1409  563.00000  632.17648  12.3%  1860 1295s
  3052  2318  615.44118   87 1377  563.00000  632.17648  12.3%  1864 1300s
  3060  2326  617.49888   91 1379  563.00000  632.17648  12.3%  1866 1305s
  3072  2338  614.83981   97 1371  563.00000  632.17648  12.3%  1869 1310s
  3082  2348  615.65313  102 1374  563.00000  632.17648  12.3%  1871 1315s
  3094  2360  613.86716  108 1361  563.00000  632.17648  12.3%  1874 1320s
  3108  2374  613.39040  115 1351  563.00000  632.17648  12.3%  1877 1325s
  3112  2378  611.73893  117 1343  563.00000  632.17648  12.3%  1877 1333s
  3116  2382  610.37312  119 1351  563.00000  632.17648  12.3%  1878 1337s
  3124  2390  610.29895  123 1341  563.00000  632.17648  12.3%  1879 1340s
  3143  2409  610.50474  133 1342  563.00000  632.17648  12.3%  1880 1345s
  3161  2427  608.64027  142 1334  563.00000  632.17648  12.3%  1882 1350s
  3188  2454  603.01431  155 1304  563.00000  632.17648  12.3%  1881 1355s
  3219  2485  601.11439  171 1298  563.00000  632.17648  12.3%  1879 1360s
  3254  2520  595.36331  188 1265  563.00000  632.17648  12.3%  1874 1365s
  3302  2568  588.81541  212 1234  563.00000  632.17648  12.3%  1863 1370s
  3382  2646  577.59557  252 1183  563.00000  632.17648  12.3%  1838 1375s
  3479  2719  624.93627   19 1425  563.00000  632.17500  12.3%  1800 1381s
  3484  2724  630.69914   22 1471  563.00000  632.17500  12.3%  1803 1385s
  3491  2731  622.37331   25 1434  563.00000  632.17500  12.3%  1809 1391s
  3497  2737  625.18447   28 1431  563.00000  632.17500  12.3%  1813 1396s
  3503  2743  624.17026   31 1433  563.00000  632.17500  12.3%  1817 1400s
  3509  2749  620.47084   34 1414  563.00000  632.17500  12.3%  1822 1405s
  3515  2755  622.38172   37 1421  563.00000  632.17500  12.3%  1826 1410s
  3523  2763  622.23440   41 1418  563.00000  632.17500  12.3%  1832 1415s
  3531  2771  621.41520   45 1410  563.00000  632.17500  12.3%  1837 1420s
  3538  2778  626.85548   49 1438  563.00000  632.17500  12.3%  1841 1425s
  3545  2785  622.08514   52 1417  563.00000  632.17500  12.3%  1846 1430s
  3553  2793  621.35527   56 1408  563.00000  632.17500  12.3%  1850 1435s
  3559  2799  621.04994   59 1395  563.00000  632.17500  12.3%  1853 1444s
  3561  2801  622.40905   60 1411  563.00000  632.17500  12.3%  1854 1445s
  3568  2808  624.77965   64 1428  563.00000  632.17500  12.3%  1856 1451s
  3575  2815  615.68246   67 1373  563.00000  632.17500  12.3%  1861 1455s
  3585  2825  620.37043   72 1399  563.00000  632.17500  12.3%  1865 1460s
  3595  2835  618.06678   77 1386  563.00000  632.17500  12.3%  1869 1468s
  3599  2839  618.17743   79 1387  563.00000  632.17500  12.3%  1870 1470s
  3609  2849  615.74356   84 1365  563.00000  632.17500  12.3%  1873 1475s
  3619  2859  618.45540   89 1377  563.00000  632.17500  12.3%  1876 1480s
  3630  2870  618.96867   95 1387  563.00000  632.17500  12.3%  1879 1485s
  3645  2885  614.73323  102 1370  563.00000  632.17500  12.3%  1881 1490s
  3659  2899  611.54887  109 1362  563.00000  632.17500  12.3%  1883 1495s
  3677  2917  610.86021  118 1352  563.00000  632.17500  12.3%  1884 1500s
  3697  2937  608.50309  128 1332  563.00000  632.17500  12.3%  1885 1505s
  3721  2961  598.45829  140 1295  563.00000  632.17500  12.3%  1885 1510s
  3737  2977  603.16412  148 1322  563.00000  632.17500  12.3%  1884 1518s
  3745  2985  602.01589  152 1296  563.00000  632.17500  12.3%  1884 1520s
  3775  3015  596.20001  167 1282  563.00000  632.17500  12.3%  1882 1525s
  3812  3052  595.93541  186 1278  563.00000  632.17500  12.3%  1877 1530s
  3867  3107  586.36186  213 1224  563.00000  632.17500  12.3%  1866 1535s
  3958  3198  573.12727  259 1120  563.00000  632.17500  12.3%  1841 1540s
  4039  3262  626.75509   19 1441  563.00000  632.13637  12.3%  1815 1546s
  4046  3269  629.52894   23 1461  563.00000  632.13637  12.3%  1818 1550s
  4053  3276  623.12928   26 1418  563.00000  632.13637  12.3%  1823 1556s
  4059  3282  622.04974   29 1419  563.00000  632.13637  12.3%  1827 1561s
  4065  3288  623.75913   32 1426  563.00000  632.13637  12.3%  1831 1565s
  4071  3294  623.00382   35 1421  563.00000  632.13637  12.3%  1834 1570s
  4079  3302  621.89443   39 1408  563.00000  632.13637  12.3%  1838 1575s
  4083  3306  621.86664   41 1410  563.00000  632.13637  12.3%  1840 1581s
  4087  3310  621.77373   43 1417  563.00000  632.13637  12.3%  1843 1586s
  4095  3318  619.57952   47 1400  563.00000  632.13637  12.3%  1847 1590s
  4105  3328  616.21019   52 1390  563.00000  632.13637  12.3%  1851 1595s
  4117  3340  620.95539   58 1389  563.00000  632.13637  12.3%  1856 1600s
  4129  3352  619.27434   64 1391  563.00000  632.13637  12.3%  1860 1605s
  4141  3364  618.76492   70 1378  563.00000  632.13637  12.3%  1865 1610s
  4151  3374  619.00460   75 1386  563.00000  632.13637  12.3%  1869 1615s
  4167  3390  616.20444   83 1369  563.00000  632.13637  12.3%  1872 1620s
  4187  3410  615.91661   93 1366  563.00000  632.13637  12.3%  1876 1625s
  4207  3430  608.00873  103 1327  563.00000  632.13637  12.3%  1880 1630s
  4231  3454  609.15156  115 1337  563.00000  632.13637  12.3%  1882 1635s
  4240  3463  611.84518  120 1344  563.00000  632.13637  12.3%  1881 1646s
  4253  3476  608.23859  126 1326  563.00000  632.13637  12.3%  1882 1650s
  4276  3499  607.99243  138 1333  563.00000  632.13637  12.3%  1882 1655s
  4299  3522  595.15067  149 1280  563.00000  632.13637  12.3%  1882 1660s
  4330  3553  600.36829  165 1295  563.00000  632.13637  12.3%  1879 1665s
  4375  3598  590.06111  187 1232  563.00000  632.13637  12.3%  1873 1670s
  4454  3677  581.11857  227 1177  563.00000  632.13637  12.3%  1854 1675s
  4585  3767  630.68749   21 1461  563.00000  632.13449  12.3%  1811 1680s
  4590  3772  626.47566   23 1436  563.00000  632.13449  12.3%  1815 1685s
  4598  3780  623.74666   27 1417  563.00000  632.13449  12.3%  1819 1691s
  4604  3786  624.18963   30 1422  563.00000  632.13449  12.3%  1822 1696s
  4610  3792  623.05364   33 1418  563.00000  632.13449  12.3%  1825 1700s
  4616  3798  623.10157   36 1415  563.00000  632.13449  12.3%  1828 1705s
  4624  3806  623.12379   40 1412  563.00000  632.13449  12.3%  1831 1710s
  4632  3814  620.99080   44 1408  563.00000  632.13449  12.3%  1835 1715s
  4639  3821  626.39917   48 1431  563.00000  632.13449  12.3%  1838 1720s
  4646  3828  621.68490   51 1400  563.00000  632.13449  12.3%  1841 1725s
  4656  3838  617.41607   56 1387  563.00000  632.13449  12.3%  1845 1730s
  4666  3848  616.37561   61 1371  563.00000  632.13449  12.3%  1850 1735s
  4676  3858  620.65871   66 1391  563.00000  632.13449  12.3%  1854 1740s
  4686  3868  619.75888   71 1386  563.00000  632.13449  12.3%  1857 1745s
  4697  3879  622.08640   77 1396  563.00000  632.13449  12.3%  1860 1750s
  4710  3892  618.01850   83 1384  563.00000  632.13449  12.3%  1863 1755s
  4723  3905  618.61219   90 1386  563.00000  632.13449  12.3%  1864 1760s
  4741  3923  616.41910   99 1371  563.00000  632.13449  12.3%  1867 1765s
  4758  3940  611.80193  107 1344  563.00000  632.13449  12.3%  1869 1770s
  4770  3952  607.22315  113 1322  563.00000  632.13449  12.3%  1870 1775s
  4791  3973  611.68604  124 1346  563.00000  632.13449  12.3%  1871 1780s
  4800  3982  603.72205  128 1302  563.00000  632.13449  12.3%  1872 1790s
  4824  4006  599.27192  140 1281  563.00000  632.13449  12.3%  1873 1795s
  4861  4043  603.58412  159 1305  563.00000  632.13449  12.3%  1871 1800s
  4900  4082  596.93937  178 1276  563.00000  632.13449  12.3%  1866 1805s
  4945  4127  591.79529  201 1241  563.00000  632.13449  12.3%  1861 1810s
  5012  4194  581.02976  234 1168  563.00000  632.13449  12.3%  1847 1815s
  5138  4296  629.33848   30 1462  563.00000  632.13237  12.3%  1814 1820s
  5169  4327  624.55537   61 1431  563.00000  632.13237  12.3%  1809 1825s
  5204  4362  618.26236   95 1399  563.00000  632.13237  12.3%  1804 1830s
  5229  4387  612.64246  113 1359  563.00000  632.13237  12.3%  1802 1835s
  5251  4409  608.79967  127 1340  563.00000  632.13237  12.3%  1801 1840s
  5277  4435  606.15034  140 1316  563.00000  632.13237  12.3%  1800 1845s
  5314  4472  601.29973  165 1304  563.00000  632.13237  12.3%  1796 1850s
  5360  4518  593.94297  187 1262  563.00000  632.13237  12.3%  1790 1856s
  5397  4555  588.82624  204 1233  563.00000  632.13237  12.3%  1785 1860s
  5480  4638  582.86227  233 1185  563.00000  632.13237  12.3%  1768 1865s
  5598  4756  575.80000  254 1083  563.00000  632.13237  12.3%  1743 1870s
  5752  4910  568.18900  271 1116  563.00000  632.13237  12.3%  1710 1875s
  5871  4981  629.46079   27 1465  563.00000  632.10342  12.3%  1683 1880s
  5901  5011  624.73121   57 1433  563.00000  632.10342  12.3%  1679 1885s
  5939  5049  617.16815   89 1376  563.00000  632.10342  12.3%  1677 1890s
  5959  5069  614.12482  103 1361  563.00000  632.10342  12.3%  1677 1895s
  5982  5092  611.70993  121 1357  563.00000  632.10342  12.3%  1676 1900s
  6012  5122  606.94719  147 1327  563.00000  632.10342  12.3%  1672 1905s
  6018  5128  604.74127  148 1313  563.00000  632.10342  12.3%  1672 1910s
  6076  5186  596.68799  183 1273  563.00000  632.10342  12.3%  1667 1915s
  6152  5262  589.30241  211 1239  563.00000  632.10342  12.3%  1659 1920s
  6342  5452  573.53960  259 1125  563.00000  632.10342  12.3%  1625 1925s
  6559  5634  628.39552   26 1455  563.00000  631.84378  12.2%  1581 1930s
  6606  5681  621.52599   73 1404  563.00000  631.84378  12.2%  1577 1935s
  6629  5704  617.29332   92 1384  563.00000  631.84378  12.2%  1576 1940s
  6652  5727  612.48592  108 1353  563.00000  631.84378  12.2%  1576 1945s
  6689  5764  607.31297  134 1311  563.00000  631.84378  12.2%  1575 1952s
  6717  5792  601.42494  151 1286  563.00000  631.84378  12.2%  1573 1955s
  6734  5809  601.56878  164 1283  563.00000  631.84378  12.2%  1572 1962s
  6758  5833  596.61978  176 1266  563.00000  631.84378  12.2%  1571 1965s
  6821  5896  589.49805  205 1223  563.00000  631.84378  12.2%  1565 1970s
  6947  6022  577.28431  241 1143  563.00000  631.84378  12.2%  1547 1975s
  7169  6228  630.89932   21 1473  563.00000  631.84294  12.2%  1507 1980s
  7193  6252  626.88569   45 1447  563.00000  631.84294  12.2%  1506 1985s
  7232  6291  620.95045   84 1405  563.00000  631.84294  12.2%  1503 1990s
  7248  6307  616.32647   92 1373  563.00000  631.84294  12.2%  1504 1995s
  7285  6344  611.81735  128 1353  563.00000  631.84294  12.2%  1502 2000s
  7324  6383  603.45928  151 1319  563.00000  631.84294  12.2%  1501 2005s
  7377  6436  596.13603  185 1255  563.00000  631.84294  12.2%  1498 2010s
  7454  6513  587.28311  222 1221  563.00000  631.84294  12.2%  1492 2015s
  7656  6715  570.58333  269  968  563.00000  631.84294  12.2%  1465 2020s
  7870  6871  629.19139   27 1456  563.00000  631.78546  12.2%  1432 2025s
  7906  6907  624.07376   63 1412  563.00000  631.78546  12.2%  1430 2030s
  7914  6915  622.59492   71 1408  563.00000  631.78546  12.2%  1429 2043s
  7916  6917  620.69313   71 1388  563.00000  631.78546  12.2%  1429 2045s
  7942  6943  616.48507   91 1366  563.00000  631.78546  12.2%  1429 2051s
  7965  6966  613.44347  113 1357  563.00000  631.78546  12.2%  1429 2055s
  7979  6980  611.95505  125 1342  563.00000  631.78546  12.2%  1428 2060s
  8005  7006  606.77517  142 1312  563.00000  631.78546  12.2%  1428 2065s
  8019  7020  604.52975  150 1292  563.00000  631.78546  12.2%  1428 2070s
  8057  7058  597.21824  169 1266  563.00000  631.78546  12.2%  1427 2075s
  8110  7111  591.18468  197 1245  563.00000  631.78546  12.2%  1425 2080s
  8205  7206  581.68582  233 1162  563.00000  631.78546  12.2%  1417 2085s
  8345  7346  569.37500  264  999  563.00000  631.78546  12.2%  1401 2090s
  8521  7480  628.64851   29 1456  563.00000  631.78537  12.2%  1378 2095s
  8551  7510  624.73336   59 1418  563.00000  631.78537  12.2%  1376 2100s
  8573  7532  621.26419   77 1401  563.00000  631.78537  12.2%  1377 2105s
  8609  7568  615.00458  109 1367  563.00000  631.78537  12.2%  1376 2110s
  8645  7604  608.58398  134 1331  563.00000  631.78537  12.2%  1376 2115s
  8695  7654  600.28964  169 1285  563.00000  631.78537  12.2%  1374 2120s
  8717  7676  597.56822  176 1283  563.00000  631.78537  12.2%  1373 2129s
  8724  7683  596.74940  180 1268  563.00000  631.78537  12.2%  1373 2130s
  8786  7745  589.73243  203 1235  563.00000  631.78537  12.2%  1371 2135s
  8898  7857  577.99730  240 1167  563.00000  631.78537  12.2%  1362 2140s
  9140  8073  630.16802   23 1471  563.00000  631.56907  12.2%  1335 2145s
  9173  8106  624.81022   56 1434  563.00000  631.56907  12.2%  1334 2150s
  9203  8136  620.27653   84 1401  563.00000  631.56907  12.2%  1334 2155s
  9225  8158  614.00280   99 1377  563.00000  631.56907  12.2%  1335 2160s
  9250  8183  611.64496  119 1354  563.00000  631.56907  12.2%  1335 2165s
  9297  8230  603.37547  157 1312  563.00000  631.56907  12.2%  1334 2170s
  9356  8289  595.70529  184 1264  563.00000  631.56907  12.2%  1333 2175s
  9443  8376  584.49478  225 1211  563.00000  631.56907  12.2%  1328 2180s
  9625  8558  570.45355  265 1071  563.00000  631.56907  12.2%  1312 2185s
  9817  8720  623.33268   23 1419  563.00000  631.45286  12.2%  1292 2190s
  9870  8773  613.78598   76 1364  563.00000  631.45286  12.2%  1289 2195s
  9918  8821  605.01635  115 1307  563.00000  631.45286  12.2%  1288 2200s
  9973  8876  596.29392  152 1254  563.00000  631.45286  12.2%  1287 2205s
 10027  8930  587.57680  178 1216  563.00000  631.45286  12.2%  1285 2210s
 10203  9105  590.07900  201 1489  563.00000  631.45286  12.2%  1272 3069s
 10205  9106  623.15069   35 1339  563.00000  631.45286  12.2%  1272 3070s
 10206  9107  608.91955  112 1489  563.00000  631.45286  12.2%  1271 3077s
 10207  9108  622.06675   37 1494  563.00000  629.98454  11.9%  1271 3081s
 10213  9112  565.50000  281 1496  563.00000  628.27272  11.6%  1271 3102s
 10214  9112  567.15294  288 1495  563.00000  628.20922  11.6%  1270 3118s
 10217  9114  582.02040  237 1497  563.00000  628.18652  11.6%  1270 3137s
 10218  9115  593.80567  186 1494  563.00000  627.99161  11.5%  1270 3154s
 10223  9118  564.94340  283 1495  563.00000  627.80412  11.5%  1269 3175s
 10224  9119  616.81310   94 1496  563.00000  627.67803  11.5%  1269 3195s
 10228  9122  574.05945  264 1497  563.00000  627.59753  11.5%  1269 3215s
 10229  9122  593.59153  194 1491  563.00000  627.41657  11.4%  1269 3232s
 10233  9125  574.98788  251 1497  563.00000  627.31441  11.4%  1268 3250s
 10234  9126  618.04645   90 1498  563.00000  627.21891  11.4%  1268 3268s
 10237  9128  587.08331  180 1498  563.00000  627.17513  11.4%  1268 3288s
 10238  9128  599.00552  171 1496  563.00000  627.10211  11.4%  1267 3307s
 10241  9130  564.25000  285 1497  563.00000  627.04837  11.4%  1267 3328s
 10242  9131  621.14993   84 1497  563.00000  627.01202  11.4%  1267 3346s
 10244  9132  626.58259   45 1497  563.00000  626.99217  11.4%  1267 3370s
 10245  9133  590.57832  202 1498  563.00000  626.93227  11.4%  1267 3392s
 10248  9135  587.52720  219 1498  563.00000  626.90459  11.4%  1266 3416s
 10249  9136  571.07407  235 1498  563.00000  626.84439  11.3%  1266 3437s
 10251  9137  597.69358  134 1498  563.00000  626.82770  11.3%  1266 3458s
 10252  9138  619.75693   72 1496  563.00000  626.79059  11.3%  1266 3477s
 10254  9139  566.93151  273 1496  563.00000  626.77286  11.3%  1265 3501s
 10255  9140  598.45742  141 1495  563.00000  626.75984  11.3%  1265 3524s
 10257  9141  587.16672  211 1497  563.00000  626.75267  11.3%  1265 3548s
 10258  9142  573.87500  256 1496  563.00000  626.67836  11.3%  1265 3569s
 10261  9144  624.71491   45 1497  563.00000  626.63334  11.3%  1265 3591s

Cutting planes:
  Gomory: 4
  Flow cover: 66
  Zero half: 592
  RLT: 200
  Relax-and-lift: 1
  BQP: 32

Explored 10261 nodes (13196444 simplex iterations) in 3600.04 seconds (4746.88 work units)
Thread count was 1 (of 24 available processors)

Solution count 10: 563 562 561 ... 553

Time limit reached
Best objective 5.630000000000e+02, best bound 6.260000000000e+02, gap 11.1901%

User-callback calls 187141, time in user-callback 0.94 sec
