
Gurobi 11.0.3 (linux64) logging started Sat Mar  7 17:20:15 2026

Set parameter LogFile to value "./log/train/IS_1500_6/IS_86.lp.log"
Set parameter TimeLimit to value 3600
Gurobi Optimizer version 11.0.3 build v11.0.3rc0 (linux64 - "Ubuntu 22.04.5 LTS")

CPU model: AMD Ryzen 9 9900X 12-Core Processor, instruction set [SSE2|AVX|AVX2|AVX512]
Thread count: 12 physical cores, 24 logical processors, using up to 1 threads

Optimize a model with 9224 rows, 1500 columns and 18146 nonzeros
Model fingerprint: 0x08bb1a8b
Variable types: 0 continuous, 1500 integer (1500 binary)
Coefficient statistics:
  Matrix range     [1e+00, 1e+00]
  Objective range  [1e+00, 1e+00]
  Bounds range     [1e+00, 1e+00]
  RHS range        [1e+00, 1e+00]
Found heuristic solution: objective 328.0000000
Presolve removed 1826 rows and 0 columns
Presolve time: 0.04s
Presolved: 7398 rows, 1500 columns, 16250 nonzeros
Variable types: 0 continuous, 1500 integer (1500 binary)

Root relaxation: objective 6.875000e+02, 3732 iterations, 0.20 seconds (0.23 work units)

    Nodes    |    Current Node    |     Objective Bounds      |     Work
 Expl Unexpl |  Obj  Depth IntInf | Incumbent    BestBd   Gap | It/Node Time

     0     0  687.50000    0 1347  328.00000  687.50000   110%     -    0s
H    0     0                     528.0000000  687.50000  30.2%     -    0s
     0     0  671.69512    0 1462  528.00000  671.69512  27.2%     -    1s
     0     0  671.69512    0 1462  528.00000  671.69512  27.2%     -   54s
     0     0  665.33956    0 1483  528.00000  665.33956  26.0%     -   55s
H    0     0                     554.0000000  665.33956  20.1%     -   55s
     0     0  665.09528    0 1482  554.00000  665.09528  20.1%     -   55s
     0     0  665.02465    0 1485  554.00000  665.02465  20.0%     -   55s
     0     0  665.00410    0 1484  554.00000  665.00410  20.0%     -   55s
     0     0  664.99868    0 1485  554.00000  664.99868  20.0%     -   55s
     0     0  664.99859    0 1485  554.00000  664.99859  20.0%     -   55s
     0     0  660.34642    0 1481  554.00000  660.34642  19.2%     -   56s
     0     0  659.88467    0 1482  554.00000  659.88467  19.1%     -   56s
     0     0  659.81914    0 1482  554.00000  659.81914  19.1%     -   56s
     0     0  659.79592    0 1482  554.00000  659.79592  19.1%     -   56s
     0     0  659.79295    0 1484  554.00000  659.79295  19.1%     -   56s
     0     0  655.56206    0 1482  554.00000  655.56206  18.3%     -   57s
     0     0  655.13595    0 1483  554.00000  655.13595  18.3%     -   57s
     0     0  655.08329    0 1482  554.00000  655.08329  18.2%     -   58s
     0     0  655.06647    0 1483  554.00000  655.06647  18.2%     -   58s
     0     0  655.06317    0 1483  554.00000  655.06317  18.2%     -   58s
     0     0  652.09495    0 1486  554.00000  652.09495  17.7%     -   59s
     0     0  651.81529    0 1488  554.00000  651.81529  17.7%     -   59s
     0     0  651.77766    0 1487  554.00000  651.77766  17.6%     -   59s
     0     0  651.76885    0 1486  554.00000  651.76885  17.6%     -   59s
     0     0  650.04280    0 1485  554.00000  650.04280  17.3%     -   60s
H    0     0                     558.0000000  650.04280  16.5%     -   60s
     0     0  649.87905    0 1487  558.00000  649.87905  16.5%     -   60s
     0     0  649.85391    0 1488  558.00000  649.85391  16.5%     -   60s
     0     0  649.84357    0 1490  558.00000  649.84357  16.5%     -   60s
     0     0  648.39021    0 1487  558.00000  648.39021  16.2%     -   61s
     0     0  648.22358    0 1485  558.00000  648.22358  16.2%     -  114s
     0     0  648.20124    0 1485  558.00000  648.20124  16.2%     -  114s
     0     0  648.19944    0 1485  558.00000  648.19944  16.2%     -  114s
     0     0  646.82621    0 1488  558.00000  646.82621  15.9%     -  115s
     0     0  646.64330    0 1487  558.00000  646.64330  15.9%     -  115s
     0     0  646.61245    0 1487  558.00000  646.61245  15.9%     -  115s
     0     0  646.60278    0 1490  558.00000  646.60278  15.9%     -  115s
     0     0  645.71204    0 1488  558.00000  645.71204  15.7%     -  116s
     0     0  645.59360    0 1488  558.00000  645.59360  15.7%     -  116s
     0     0  645.57031    0 1488  558.00000  645.57031  15.7%     -  116s
     0     0  645.56776    0 1488  558.00000  645.56776  15.7%     -  116s
     0     0  644.89225    0 1488  558.00000  644.89225  15.6%     -  117s
H    0     0                     559.0000000  644.89225  15.4%     -  117s
     0     0  644.76804    0 1490  559.00000  644.76804  15.3%     -  117s
     0     0  644.75414    0 1489  559.00000  644.75414  15.3%     -  117s
     0     0  643.90925    0 1491  559.00000  643.90925  15.2%     -  118s
     0     0  643.78259    0 1491  559.00000  643.78259  15.2%     -  118s
     0     0  643.76296    0 1490  559.00000  643.76296  15.2%     -  118s
     0     0  643.75564    0 1492  559.00000  643.75564  15.2%     -  118s
     0     0  643.03829    0 1489  559.00000  643.03829  15.0%     -  119s
     0     0  642.91303    0 1490  559.00000  642.91303  15.0%     -  119s
     0     0  642.88910    0 1491  559.00000  642.88910  15.0%     -  119s
     0     0  642.88453    0 1491  559.00000  642.88453  15.0%     -  119s
     0     0  642.18986    0 1490  559.00000  642.18986  14.9%     -  120s
     0     0  642.07555    0 1492  559.00000  642.07555  14.9%     -  120s
     0     0  642.05989    0 1492  559.00000  642.05989  14.9%     -  174s
     0     0  641.59683    0 1488  559.00000  641.59683  14.8%     -  174s
     0     0  641.51206    0 1490  559.00000  641.51206  14.8%     -  174s
     0     0  641.49611    0 1489  559.00000  641.49611  14.8%     -  175s
     0     0  641.03340    0 1490  559.00000  641.03340  14.7%     -  175s
H    0     0                     562.0000000  641.03340  14.1%     -  175s
     0     0  640.95924    0 1490  562.00000  640.95924  14.0%     -  175s
     0     0  640.94176    0 1490  562.00000  640.94176  14.0%     -  175s
     0     0  640.55513    0 1490  562.00000  640.55513  14.0%     -  176s
     0     0  640.48701    0 1488  562.00000  640.48701  14.0%     -  176s
     0     0  640.48095    0 1490  562.00000  640.48095  14.0%     -  176s
     0     0  640.45978    0 1490  562.00000  640.45978  14.0%     -  176s
     0     0  640.45978    0 1489  562.00000  640.45978  14.0%     -  176s
H    0     0                     565.0000000  640.45978  13.4%     -  178s
     0     2  640.45939    0 1488  565.00000  640.45939  13.4%     -  178s
     2     4  635.74465    1 1455  565.00000  640.40197  13.3%  4267  180s
    68    50  635.84332    2 1447  565.00000  640.40191  13.3%  1192  185s
    69    51  635.01496    3 1450  565.00000  640.40191  13.3%  1217  234s
    70    52  634.84210    4 1449  565.00000  640.40191  13.3%  1216  235s
    83    65  605.92490   12 1291  565.00000  640.40191  13.3%  1447  240s
H  130   101                     566.0000000  640.40191  13.1%  1234  243s
   142   103  636.42805    3 1457  566.00000  640.08916  13.1%  1213  245s
   151   112  612.66497    8 1342  566.00000  640.08916  13.1%  1334  250s
H  162   103                     569.0000000  640.08916  12.5%  1339  252s
   217   132  639.70481    6 1485  569.00000  640.08793  12.5%  1130  255s
   227   142  624.22239   13 1391  569.00000  640.08793  12.5%  1213  260s
H  243   136                     573.0000000  640.08793  11.7%  1254  265s
H  270   163                     574.0000000  640.08793  11.5%  1250  268s
   285   180  584.91201   55 1207  574.00000  640.08793  11.5%  1249  270s
   303   186  632.13145    4 1442  574.00000  639.99259  11.5%  1240  282s
   308   191  609.22559    7 1326  574.00000  639.99259  11.5%  1280  285s
H  324   201                     575.0000000  639.99259  11.3%  1273  287s
   350   229  591.59535   37 1249  575.00000  639.99259  11.3%  1265  290s
H  351   224                     576.0000000  639.99259  11.1%  1261  290s
   392   251  627.78527   11 1407  576.00000  639.85313  11.1%  1245  295s
   414   273  615.93760   27 1342  576.00000  639.85313  11.1%  1268  300s
   459   300  630.35983    6 1430  576.00000  639.70431  11.1%  1256  305s
   474   315  608.48975   16 1319  576.00000  639.70431  11.1%  1286  310s
H  515   344                     577.0000000  639.70431  10.9%  1270  312s
H  542   336                     578.0000000  639.70431  10.7%  1219  312s
   553   339  625.92880   12 1405  578.00000  639.55429  10.6%  1232  315s
H  569   342                     579.0000000  639.55429  10.5%  1251  318s
   586   361  597.91129   36 1270  579.00000  639.55429  10.5%  1253  320s
   607   381  633.09956   12 1489  579.00000  639.55429  10.5%  1249  331s
   610   383  616.70156   23 1489  579.00000  639.55429  10.5%  1243  341s
   615   386  626.72700   18 1489  579.00000  639.55429  10.5%  1233  352s
   616   387  606.07179    8 1491  579.00000  639.55429  10.5%  1231  361s
   619   389  615.20042   34 1491  579.00000  639.55429  10.5%  1225  369s
   620   390  591.58056   30 1492  579.00000  639.55429  10.5%  1223  376s
   621   390  596.27252   20 1493  579.00000  639.55429  10.5%  1221  383s
   622   391  597.50288   24 1490  579.00000  639.55429  10.5%  1219  390s
   624   392  615.93090   28 1490  579.00000  639.55429  10.5%  1215  398s
   625   393  584.69048   41 1488  579.00000  639.55429  10.5%  1213  404s
   627   394  602.07131   15 1489  579.00000  639.55429  10.5%  1209  411s
   628   395  585.84855   32 1491  579.00000  639.55429  10.5%  1207  419s
   629   396  591.62266   37 1488  579.00000  639.55429  10.5%  1205  420s
   641   404  622.04950    9 1489  579.00000  639.55429  10.5%  1183  425s
   643   405  636.13240    5 1489  579.00000  639.55429  10.5%  1179  436s
   651   412  637.70136   18 1473  579.00000  639.14231  10.4%  1277  440s
   666   422  636.34904   26 1468  579.00000  639.14231  10.4%  1297  445s
   685   435  633.17682   35 1454  579.00000  639.14231  10.4%  1327  450s
   704   448  628.75346   45 1432  579.00000  639.14231  10.4%  1357  455s
   715   455  622.20950   50 1409  579.00000  639.14231  10.4%  1387  460s
H  724   438                     580.0000000  639.14231  10.2%  1404  463s
   725   441  617.01668   55 1374  580.00000  639.14231  10.2%  1415  465s
   743   453  620.69522   64 1394  580.00000  639.14231  10.2%  1438  470s
   757   462  622.77767   71 1394  580.00000  639.14231  10.2%  1458  475s
   775   474  622.62898   80 1403  580.00000  639.14231  10.2%  1476  480s
   790   484  620.90579   88 1390  580.00000  639.14231  10.2%  1498  485s
   812   499  614.58211   99 1367  580.00000  639.14231  10.2%  1511  490s
   831   511  614.60305  108 1368  580.00000  639.14231  10.2%  1522  495s
   853   526  610.14093  119 1341  580.00000  639.14231  10.2%  1530  500s
   874   540  609.59978  130 1353  580.00000  639.14231  10.2%  1538  505s
H  877   520                     581.0000000  639.14231  10.0%  1540  505s
   897   535  601.78173  141 1317  581.00000  639.14231  10.0%  1549  510s
   917   549  598.99587  151 1311  581.00000  639.14231  10.0%  1563  515s
   949   570  599.41682  167 1299  581.00000  639.14231  10.0%  1567  520s
   985   594  589.88791  185 1248  581.00000  639.14231  10.0%  1578  525s
  1039   628  585.87578  212 1163  581.00000  639.14231  10.0%  1578  530s
  1130   657  634.02400   17 1440  581.00000  639.13293  10.0%  1509  535s
  1136   661  632.97181   20 1442  581.00000  639.13293  10.0%  1526  540s
  1142   665  631.62531   23 1441  581.00000  639.13293  10.0%  1541  545s
  1148   669  633.47117   26 1449  581.00000  639.13293  10.0%  1555  550s
  1156   674  629.14375   30 1425  581.00000  639.13293  10.0%  1573  556s
  1163   679  636.27813   34 1464  581.00000  639.13293  10.0%  1587  560s
  1174   686  631.04674   39 1425  581.00000  639.13293  10.0%  1610  565s
  1182   691  627.81527   43 1410  581.00000  639.13293  10.0%  1624  570s
  1191   697  634.24537   48 1442  581.00000  639.13293  10.0%  1636  575s
  1200   703  631.18643   52 1420  581.00000  639.13293  10.0%  1654  580s
  1209   709  632.57810   57 1429  581.00000  639.13293  10.0%  1664  585s
H 1211   682                     582.0000000  639.13293  9.82%  1667  586s
  1220   690  628.65147   62 1405  582.00000  639.13293  9.82%  1680  590s
  1232   698  622.92863   68 1371  582.00000  639.13293  9.82%  1695  595s
  1246   707  618.66990   75 1350  582.00000  639.13293  9.82%  1710  600s
  1258   715  621.56397   81 1370  582.00000  639.13293  9.82%  1719  605s
  1272   724  624.26301   88 1371  582.00000  639.13293  9.82%  1733  610s
  1288   735  622.67584   96 1366  582.00000  639.13293  9.82%  1742  615s
  1306   747  620.37638  105 1352  582.00000  639.13293  9.82%  1753  620s
  1326   760  620.20964  115 1336  582.00000  639.13293  9.82%  1761  625s
  1352   778  612.96642  128 1310  582.00000  639.13293  9.82%  1764  630s
  1383   798  616.48061  144 1320  582.00000  639.13293  9.82%  1768  635s
  1453   845  606.95183  179 1253  582.00000  639.13293  9.82%  1742  640s
  1574   926  586.50000  239  951  582.00000  639.13293  9.82%  1658  645s
  1614   927  632.04951   20 1425  582.00000  638.34924  9.68%  1646  650s
  1622   933  631.84057   24 1436  582.00000  638.34924  9.68%  1658  655s
  1630   938  627.70906   28 1418  582.00000  638.34924  9.68%  1669  660s
  1638   943  629.47774   32 1427  582.00000  638.34924  9.68%  1678  665s
  1648   950  629.89619   37 1421  582.00000  638.34924  9.68%  1689  670s
  1657   956  632.85320   42 1443  582.00000  638.34924  9.68%  1698  675s
  1666   962  626.22509   46 1415  582.00000  638.34924  9.68%  1709  680s
  1676   969  627.38555   51 1403  582.00000  638.34924  9.68%  1719  685s
  1688   980  625.06180   57 1400  582.00000  638.34924  9.68%  1729  690s
  1700   992  624.96201   63 1385  582.00000  638.34924  9.68%  1739  695s
  1712  1004  625.80218   69 1386  582.00000  638.34924  9.68%  1749  700s
  1724  1016  624.62631   75 1389  582.00000  638.34924  9.68%  1758  705s
  1740  1032  620.27412   83 1365  582.00000  638.34924  9.68%  1769  710s
  1757  1049  624.11295   92 1383  582.00000  638.34924  9.68%  1775  715s
  1778  1070  617.70885  102 1351  582.00000  638.34924  9.68%  1779  720s
  1798  1090  608.81964  112 1305  582.00000  638.34924  9.68%  1786  725s
  1822  1114  606.59594  124 1305  582.00000  638.34924  9.68%  1787  730s
  1847  1139  615.72809  137 1320  582.00000  638.34924  9.68%  1788  735s
  1903  1195  607.05876  165 1299  582.00000  638.34924  9.68%  1770  740s
  2004  1292     cutoff  215       582.00000  638.34924  9.68%  1715  745s
  2082  1342  636.75274   18 1465  582.00000  638.34630  9.68%  1664  750s
  2089  1349  631.99844   21 1438  582.00000  638.34630  9.68%  1674  755s
  2095  1355  627.44099   24 1417  582.00000  638.34630  9.68%  1682  760s
  2103  1363  631.24748   28 1433  582.00000  638.34630  9.68%  1690  765s
  2111  1371  628.30555   32 1422  582.00000  638.34630  9.68%  1699  770s
  2123  1383  627.57290   38 1415  582.00000  638.34630  9.68%  1709  775s
  2131  1391  629.54549   42 1421  582.00000  638.34630  9.68%  1715  780s
  2141  1401  625.72166   47 1409  582.00000  638.34630  9.68%  1723  785s
  2151  1411  622.81334   52 1394  582.00000  638.34630  9.68%  1731  790s
  2161  1421  621.48698   57 1374  582.00000  638.34630  9.68%  1738  795s
  2171  1431  620.58314   62 1367  582.00000  638.34630  9.68%  1746  800s
  2183  1443  623.08327   68 1391  582.00000  638.34630  9.68%  1752  805s
  2195  1455  621.49237   74 1373  582.00000  638.34630  9.68%  1757  810s
  2206  1466  626.09299   80 1395  582.00000  638.34630  9.68%  1761  815s
  2213  1473  619.67347   83 1366  582.00000  638.34630  9.68%  1766  820s
  2230  1490  623.61205   92 1379  582.00000  638.34630  9.68%  1770  825s
  2237  1497  619.47856   95 1363  582.00000  638.34630  9.68%  1773  830s
  2251  1511  618.91289  102 1350  582.00000  638.34630  9.68%  1777  835s
  2263  1523  616.71933  108 1336  582.00000  638.34630  9.68%  1780  840s
  2271  1531  609.19637  112 1304  582.00000  638.34630  9.68%  1782  845s
  2288  1548  618.14078  121 1351  582.00000  638.34630  9.68%  1782  850s
  2291  1551  615.57885  122 1315  582.00000  638.34630  9.68%  1783  857s
  2308  1568  615.22349  131 1335  582.00000  638.34630  9.68%  1782  860s
  2318  1578  614.10694  136 1336  582.00000  638.34630  9.68%  1781  865s
  2334  1594  612.65497  144 1326  582.00000  638.34630  9.68%  1779  882s
  2345  1605  609.86979  149 1299  582.00000  638.34630  9.68%  1778  885s
  2372  1632  606.31044  163 1287  582.00000  638.34630  9.68%  1770  890s
  2399  1659  602.60984  176 1258  582.00000  638.34630  9.68%  1760  898s
  2421  1681  598.64434  187 1222  582.00000  638.34630  9.68%  1751  900s
  2426  1686  598.69948  190 1243  582.00000  638.34630  9.68%  1749  906s
  2453  1713  594.02908  203 1194  582.00000  638.34630  9.68%  1737  910s
  2548  1775  637.19026   19 1471  582.00000  638.29053  9.67%  1687  915s
  2555  1782  632.56537   22 1447  582.00000  638.29053  9.67%  1695  921s
  2563  1790  629.54117   26 1429  582.00000  638.29053  9.67%  1703  925s
  2571  1798  630.34717   30 1434  582.00000  638.29053  9.67%  1709  930s
  2579  1806  629.15297   34 1429  582.00000  638.29053  9.67%  1716  935s
  2589  1816  630.24121   39 1424  582.00000  638.29053  9.67%  1724  940s
  2599  1826  628.67211   44 1427  582.00000  638.29053  9.67%  1732  945s
  2609  1836  628.54174   49 1416  582.00000  638.29053  9.67%  1738  950s
  2617  1844  627.40475   53 1415  582.00000  638.29053  9.67%  1742  955s
  2625  1852  609.44531   57 1341  582.00000  638.29053  9.67%  1749  960s
  2635  1862  625.48624   62 1402  582.00000  638.29053  9.67%  1754  965s
  2643  1870  624.50768   66 1398  582.00000  638.29053  9.67%  1758  970s
  2653  1880  622.93710   71 1382  582.00000  638.29053  9.67%  1764  975s
  2665  1892  616.76751   77 1357  582.00000  638.29053  9.67%  1770  980s
  2669  1896  619.56521   79 1366  582.00000  638.29053  9.67%  1771  985s
  2683  1910  623.20672   86 1375  582.00000  638.29053  9.67%  1777  990s
  2701  1928  621.93416   95 1375  582.00000  638.29053  9.67%  1782  995s
  2715  1942  620.14373  102 1367  582.00000  638.29053  9.67%  1786 1000s
  2735  1962  618.01910  112 1351  582.00000  638.29053  9.67%  1789 1005s
  2756  1983  618.38106  123 1355  582.00000  638.29053  9.67%  1792 1010s
  2781  2008  611.63495  135 1310  582.00000  638.29053  9.67%  1793 1015s
  2805  2032  611.07191  147 1295  582.00000  638.29053  9.67%  1792 1028s
  2816  2043  611.93459  153 1314  582.00000  638.29053  9.67%  1789 1030s
  2877  2104  601.74335  183 1251  582.00000  638.29053  9.67%  1774 1035s
  3017  2217  632.49483   19 1436  582.00000  638.29013  9.67%  1713 1041s
  3023  2223  631.44400   22 1436  582.00000  638.29013  9.67%  1718 1045s
  3029  2229  631.60334   25 1432  582.00000  638.29013  9.67%  1723 1050s
  3037  2237  626.90445   29 1417  582.00000  638.29013  9.67%  1728 1055s
  3045  2245  628.90411   33 1421  582.00000  638.29013  9.67%  1734 1060s
  3053  2253  629.07763   37 1419  582.00000  638.29013  9.67%  1740 1065s
  3063  2263  628.93977   42 1418  582.00000  638.29013  9.67%  1746 1070s
  3068  2268  631.97242   45 1432  582.00000  638.29013  9.67%  1749 1075s
  3079  2279  624.42500   50 1406  582.00000  638.29013  9.67%  1755 1081s
  3089  2289  625.53823   55 1400  582.00000  638.29013  9.67%  1759 1085s
  3099  2299  625.61410   60 1385  582.00000  638.29013  9.67%  1765 1090s
  3107  2307  626.11833   64 1379  582.00000  638.29013  9.67%  1769 1095s
  3119  2319  624.92704   70 1371  582.00000  638.29013  9.67%  1775 1100s
  3133  2333  622.64890   77 1367  582.00000  638.29013  9.67%  1779 1105s
  3149  2349  622.63753   85 1370  582.00000  638.29013  9.67%  1783 1110s
  3165  2365  621.02383   93 1355  582.00000  638.29013  9.67%  1786 1115s
  3185  2385  618.01754  103 1340  582.00000  638.29013  9.67%  1790 1120s
  3195  2395  616.68487  108 1338  582.00000  638.29013  9.67%  1791 1125s
  3219  2419  612.59953  120 1321  582.00000  638.29013  9.67%  1793 1130s
  3245  2445  608.31320  133 1280  582.00000  638.29013  9.67%  1795 1135s
  3289  2489  607.57848  155 1289  582.00000  638.29013  9.67%  1789 1140s
  3385  2585  594.42308  203 1152  582.00000  638.29013  9.67%  1761 1145s
  3470  2648  633.45701   21 1449  582.00000  638.21604  9.66%  1732 1151s
  3478  2656  632.00875   25 1441  582.00000  638.21604  9.66%  1738 1155s
  3486  2664  630.40671   29 1429  582.00000  638.21604  9.66%  1744 1160s
  3493  2671  635.13279   33 1456  582.00000  638.21604  9.66%  1748 1165s
  3501  2679  634.66443   37 1451  582.00000  638.21604  9.66%  1752 1170s
  3508  2686  630.72817   40 1429  582.00000  638.21604  9.66%  1758 1175s
  3516  2694  629.00514   44 1422  582.00000  638.21604  9.66%  1763 1180s
  3524  2702  627.41431   48 1414  582.00000  638.21604  9.66%  1767 1187s
  3530  2708  627.49183   51 1409  582.00000  638.21604  9.66%  1771 1190s
  3540  2718  623.04536   56 1392  582.00000  638.21604  9.66%  1776 1196s
  3544  2722  623.19614   58 1387  582.00000  638.21604  9.66%  1778 1200s
  3554  2732  624.06519   63 1395  582.00000  638.21604  9.66%  1782 1205s
  3566  2744  625.65801   69 1388  582.00000  638.21604  9.66%  1787 1210s
  3572  2750  620.63110   72 1359  582.00000  638.21604  9.66%  1789 1215s
  3584  2762  617.99057   78 1351  582.00000  638.21604  9.66%  1794 1220s
  3602  2780  623.04215   87 1371  582.00000  638.21604  9.66%  1797 1225s
  3619  2797  623.54477   96 1377  582.00000  638.21604  9.66%  1799 1230s
  3627  2805  622.36524  100 1374  582.00000  638.21604  9.66%  1801 1235s
  3644  2822  617.17945  108 1350  582.00000  638.21604  9.66%  1805 1240s
  3664  2842  616.62395  118 1339  582.00000  638.21604  9.66%  1807 1247s
  3682  2860  613.13622  127 1330  582.00000  638.21604  9.66%  1808 1250s
  3714  2892  612.09544  143 1330  582.00000  638.21604  9.66%  1808 1255s
  3756  2934  605.84302  164 1282  582.00000  638.21604  9.66%  1803 1260s
  3838  3016  595.20568  205 1225  582.00000  638.21604  9.66%  1781 1265s
  3931  3089  632.18082   22 1442  582.00000  638.21282  9.66%  1752 1270s
  3938  3096  635.84987   26 1456  582.00000  638.21282  9.66%  1755 1275s
  3941  3099  630.73812   27 1432  582.00000  638.21282  9.66%  1758 1280s
  3951  3109  626.69303   32 1416  582.00000  638.21282  9.66%  1763 1286s
  3959  3117  628.08920   36 1419  582.00000  638.21282  9.66%  1767 1290s
  3967  3125  626.23465   40 1412  582.00000  638.21282  9.66%  1771 1295s
  3977  3135  628.15306   45 1413  582.00000  638.21282  9.66%  1775 1300s
  3987  3145  623.73754   50 1393  582.00000  638.21282  9.66%  1779 1305s
  3991  3149  626.26074   52 1405  582.00000  638.21282  9.66%  1782 1310s
  3998  3156  630.54313   56 1425  582.00000  638.21282  9.66%  1783 1316s
  4007  3165  625.60635   60 1390  582.00000  638.21282  9.66%  1787 1320s
  4008  3166  629.39263   61 1420  582.00000  638.21282  9.66%  1787 1326s
  4017  3175  617.25924   65 1354  582.00000  638.21282  9.66%  1791 1330s
  4029  3187  622.02082   71 1371  582.00000  638.21282  9.66%  1795 1335s
  4041  3199  623.90640   77 1372  582.00000  638.21282  9.66%  1799 1340s
  4057  3215  615.02009   85 1338  582.00000  638.21282  9.66%  1803 1345s
  4069  3227  609.93817   91 1309  582.00000  638.21282  9.66%  1805 1350s
  4089  3247  620.67022  101 1352  582.00000  638.21282  9.66%  1807 1355s
  4105  3263  615.48049  109 1328  582.00000  638.21282  9.66%  1808 1360s
  4135  3293  610.12632  124 1300  582.00000  638.21282  9.66%  1810 1366s
  4163  3321  607.19751  138 1293  582.00000  638.21282  9.66%  1809 1370s
  4229  3387  604.82117  171 1273  582.00000  638.21282  9.66%  1801 1375s
  4382  3526  637.26171   22 1475  582.00000  637.77307  9.58%  1754 1380s
  4411  3555  632.02017   51 1437  582.00000  637.77307  9.58%  1750 1385s
  4456  3600  624.62815   95 1387  582.00000  637.77307  9.58%  1741 1390s
  4476  3620  619.30022  107 1357  582.00000  637.77307  9.58%  1741 1395s
  4528  3672  611.33931  149 1312  582.00000  637.77307  9.58%  1731 1400s
  4592  3736  605.93626  176 1286  582.00000  637.77307  9.58%  1721 1405s
  4772  3916  594.47567  211 1209  582.00000  637.77307  9.58%  1677 1410s
  5071  4187  633.32334   21 1450  582.00000  637.70105  9.57%  1594 1415s
  5117  4233  624.94010   67 1395  582.00000  637.70105  9.57%  1587 1420s
  5165  4281  615.85108  108 1353  582.00000  637.70105  9.57%  1582 1425s
  5228  4344  606.20109  145 1276  582.00000  637.70105  9.57%  1577 1430s
  5233  4349  606.37111  147 1280  582.00000  637.70105  9.57%  1576 1438s
  5260  4376  603.07227  160 1270  582.00000  637.70105  9.57%  1572 1440s
  5419  4535  591.18257  197 1193  582.00000  637.70105  9.57%  1540 1445s
  5596  4678  635.71095   27 1461  582.00000  637.70033  9.57%  1501 1450s
  5643  4725  627.49319   74 1406  582.00000  637.70033  9.57%  1496 1455s
  5683  4765  620.70517  108 1368  582.00000  637.70033  9.57%  1494 1460s
  5728  4810  612.17619  137 1329  582.00000  637.70033  9.57%  1492 1465s
  5790  4872  605.91252  167 1287  582.00000  637.70033  9.57%  1486 1470s
  5878  4960  597.22111  194 1210  582.00000  637.70033  9.57%  1476 1475s
  6032  5114  588.09500  227 1133  582.00000  637.70033  9.57%  1451 1480s
  6213  5261  634.24310   29 1452  582.00000  637.49739  9.54%  1418 1485s
  6255  5303  627.13301   71 1400  582.00000  637.49739  9.54%  1415 1490s
  6288  5336  619.07209   95 1352  582.00000  637.49739  9.54%  1415 1495s
  6342  5390  612.73409  142 1320  582.00000  637.49739  9.54%  1411 1500s
  6417  5465  603.42626  173 1262  582.00000  637.49739  9.54%  1404 1505s
  6544  5592  595.55026  194 1214  582.00000  637.49739  9.54%  1388 1510s
  6773  5821  584.08333  229 1007  582.00000  637.49739  9.54%  1352 1515s
  6804  5835  627.54583   27 1423  582.00000  637.42751  9.52%  1349 1520s
  6828  5859  627.92821   51 1418  582.00000  637.42751  9.52%  1349 1525s
  6878  5909  617.01451   95 1348  582.00000  637.42751  9.52%  1346 1530s
  6919  5950  609.73609  127 1307  582.00000  637.42751  9.52%  1345 1535s
  6986  6017  601.65866  165 1251  582.00000  637.42751  9.52%  1340 1540s
  7050  6081  594.99600  190 1203  582.00000  637.42751  9.52%  1333 1546s
  7250  6279     cutoff  225       582.00000  637.42751  9.52%  1303 1550s
  7296  6303  631.98654   48 1438  582.00000  637.42614  9.52%  1299 1555s
  7335  6342  625.03648   86 1399  582.00000  637.42614  9.52%  1297 1560s
  7376  6383  617.82513  121 1357  582.00000  637.42614  9.52%  1296 1565s
  7405  6412  612.25287  140 1319  582.00000  637.42614  9.52%  1296 1570s
  7467  6474  605.05566  172 1284  582.00000  637.42614  9.52%  1292 1575s
  7571  6578  597.88216  195 1252  582.00000  637.42614  9.52%  1283 1580s
  7744  6751  587.88413  223 1185  582.00000  637.42614  9.52%  1264 1585s
  7876  6860  636.47337   22 1465  582.00000  637.38958  9.52%  1247 1590s
  7907  6891  630.35788   53 1428  582.00000  637.38958  9.52%  1246 1595s
  7951  6935  622.02864   96 1378  582.00000  637.38958  9.52%  1244 1600s
  7990  6974  614.68629  128 1320  582.00000  637.38958  9.52%  1243 1605s
  8024  7008  609.67017  149 1309  582.00000  637.38958  9.52%  1242 1610s
  8076  7060  602.09989  171 1230  582.00000  637.38958  9.52%  1239 1615s
  8196  7180  594.35277  200 1214  582.00000  637.38958  9.52%  1230 1620s
  8400  7382  583.58960  233 1099  582.00000  637.38958  9.52%  1208 1625s
  8429  7393  635.68830   27 1461  582.00000  637.38924  9.52%  1205 1641s
  8450  7414  632.08240   48 1439  582.00000  637.38924  9.52%  1205 1645s
  8480  7444  627.27444   78 1396  582.00000  637.38924  9.52%  1203 1650s
  8516  7480  619.93858  109 1368  582.00000  637.38924  9.52%  1203 1655s
  8563  7527  612.31232  145 1329  582.00000  637.38924  9.52%  1202 1663s
  8582  7546  609.50218  153 1288  582.00000  637.38924  9.52%  1201 1665s
  8686  7650  599.57317  187 1249  582.00000  637.38924  9.52%  1195 1670s
  8825  7789  591.47442  211 1219  582.00000  637.38924  9.52%  1184 1675s
  8994  7934  627.53219   24 1411  582.00000  637.38246  9.52%  1168 1680s
  9018  7958  622.25499   48 1388  582.00000  637.38246  9.52%  1167 1688s
  9035  7975  615.13641   65 1346  582.00000  637.38246  9.52%  1166 1690s
  9100  8030  635.34321   26 1458  582.00000  637.36360  9.51%  1163 1695s
  9131  8061  629.64709   57 1422  582.00000  637.36360  9.51%  1163 1700s
  9181  8111  619.58474  107 1360  582.00000  637.36360  9.51%  1161 1705s
  9250  8180  601.73779  176 1264  582.00000  637.36360  9.51%  1156 1714s
  9273  8203  595.59242  199 1244  582.00000  637.36360  9.51%  1154 1715s
  9326  8238  629.71373   26 1428  582.00000  637.26157  9.50%  1152 1721s
  9332  8244  630.94941   29 1435  582.00000  637.26157  9.50%  1154 1725s
  9340  8252  630.07619   33 1439  582.00000  637.26157  9.50%  1156 1730s
  9346  8258  615.10137   36 1367  582.00000  637.26157  9.50%  1158 1735s
  9354  8266  629.28378   40 1425  582.00000  637.26157  9.50%  1161 1741s
  9362  8274  628.31614   44 1429  582.00000  637.26157  9.50%  1163 1745s
  9370  8282  624.51528   48 1411  582.00000  637.26157  9.50%  1165 1751s
  9378  8290  621.25179   52 1389  582.00000  637.26157  9.50%  1168 1756s
  9385  8297  630.91199   56 1431  582.00000  637.26157  9.50%  1169 1760s
  9394  8306  626.30915   60 1404  582.00000  637.26157  9.50%  1171 1765s
  9404  8316  623.36368   65 1396  582.00000  637.26157  9.50%  1174 1770s
  9414  8326  618.91764   70 1363  582.00000  637.26157  9.50%  1176 1775s
  9426  8338  623.27444   76 1377  582.00000  637.26157  9.50%  1178 1780s
  9437  8349  627.33604   82 1404  582.00000  637.26157  9.50%  1180 1785s
  9454  8366  621.73144   90 1374  582.00000  637.26157  9.50%  1183 1790s
  9460  8372  622.09915   93 1361  582.00000  637.26157  9.50%  1184 1799s
  9461  8373  624.20090   94 1384  582.00000  637.26157  9.50%  1184 1800s
  9479  8391  621.73676  103 1374  582.00000  637.26157  9.50%  1186 1805s
  9500  8412  614.67070  113 1350  582.00000  637.26157  9.50%  1188 1810s
  9521  8433  616.77942  124 1350  582.00000  637.26157  9.50%  1190 1815s
  9548  8460  609.76272  137 1308  582.00000  637.26157  9.50%  1192 1820s
  9580  8492  600.25794  153 1285  582.00000  637.26157  9.50%  1194 1825s
  9641  8553  600.68092  184 1264  582.00000  637.26157  9.50%  1192 1830s
  9772  8651  630.39082   23 1437  582.00000  637.18388  9.48%  1184 1836s
  9807  8686  624.82944   58 1394  582.00000  637.18388  9.48%  1183 1840s
  9896  8775  604.09284  147 1286  582.00000  637.18388  9.48%  1177 1845s
  9992  8848  630.68648   29 1438  582.00000  637.13204  9.47%  1170 1850s
 10020  8876  626.16295   57 1405  582.00000  637.13204  9.47%  1169 1860s
 10079  8935  613.63435  116 1324  582.00000  637.13204  9.47%  1167 1865s
 10178  8994  631.77332   24 1435  582.00000  637.03636  9.46%  1160 1870s
 10203  9018  605.41858  166 1489  582.00000  637.03636  9.46%  1159 2540s
 10206  9020  605.63059  174 1487  582.00000  637.03636  9.46%  1159 2549s
 10207  9021  613.91172  140 1490  582.00000  635.35870  9.17%  1159 2552s
 10213  9025  596.66693  195 1493  582.00000  633.46573  8.84%  1158 2566s
 10214  9025  587.54078  219 1492  582.00000  633.39826  8.83%  1158 2578s
 10217  9027  622.13581   62 1493  582.00000  633.36584  8.83%  1158 2590s
 10218  9028  606.24376  163 1492  582.00000  632.99170  8.76%  1158 2601s
 10222  9031  591.30328  219 1495  582.00000  632.76470  8.72%  1157 2617s
 10223  9031  589.49616  198 1493  582.00000  632.34597  8.65%  1157 2632s
 10227  9034  583.13514  237 1495  582.00000  632.19809  8.63%  1157 2646s
 10228  9035  626.33034   86 1494  582.00000  632.11020  8.61%  1157 2660s
 10231  9037  585.41250  233 1495  582.00000  632.07420  8.60%  1156 2677s
 10232  9037  628.54541   66 1495  582.00000  631.93917  8.58%  1156 2690s
 10235  9039  627.54078   48 1495  582.00000  631.89022  8.57%  1156 2705s
 10236  9040  609.17238  156 1494  582.00000  631.82706  8.56%  1156 2720s
 10238  9041  599.14729  183 1495  582.00000  631.81859  8.56%  1155 2734s
 10239  9042  591.74545  212 1495  582.00000  631.77246  8.55%  1155 2749s
 10240  9043  592.16232  207 1494  582.00000  631.76016  8.55%  1155 2750s
 10241  9043  595.57849  102 1495  582.00000  631.75612  8.55%  1155 2766s
 10242  9044  617.01899  112 1494  582.00000  631.65159  8.53%  1155 2781s
 10245  9046  602.05932  180 1494  582.00000  631.60364  8.52%  1155 2797s
 10246  9047  601.94091  186 1493  582.00000  631.45205  8.50%  1155 2811s
 10249  9049  597.53004  194 1493  582.00000  631.40016  8.49%  1154 2829s
 10250  9049  589.25000  210 1494  582.00000  631.30588  8.47%  1154 2844s
 10252  9051  626.20445   39 1494  582.00000  631.26690  8.47%  1154 2845s
 10253  9051  592.57347  212 1495  582.00000  631.26314  8.46%  1154 2861s
 10254  9052  595.35714  198 1492  582.00000  631.22249  8.46%  1154 2877s
 10256  9053  623.73054   62 1493  582.00000  631.20352  8.45%  1153 2894s
 10257  9054  626.34824   59 1494  582.00000  631.18353  8.45%  1153 2911s
 10259  9055  591.21667  220 1493  582.00000  631.17302  8.45%  1153 2927s
 10260  9056  602.13274  187 1494  582.00000  631.16439  8.45%  1153 2943s
 10262  9057  615.82010  102 1495  582.00000  631.15795  8.45%  1153 2958s
 10263  9058  590.91846  209 1494  582.00000  631.14790  8.44%  1153 2975s
 10264  9059  583.78788  232 1493  582.00000  631.14682  8.44%  1153 2991s
 10265  9059  624.86206   69 1495  582.00000  631.14619  8.44%  1152 3005s
 10266  9060  601.00374  160 1495  582.00000  631.14589  8.44%  1152 3023s
 10267  9061  601.87110  177 1495  582.00000  631.14578  8.44%  1152 3041s
 10268  9061  585.25000  236 1495  582.00000  631.14577  8.44%  1152 3058s
 10269  9062  606.33307  167 1495  582.00000  631.14576  8.44%  1152 3076s
 10270  9063  592.22389  218 1497  582.00000  631.14576  8.44%  1152 3095s
 10271  9063  583.57992  238 1496  582.00000  631.14575  8.44%  1152 3116s
 10272  9064  595.06672  200 1496  582.00000  631.14575  8.44%  1152 3135s
 10273  9065  606.35915  148 1496  582.00000  631.14113  8.44%  1152 3173s
 10274  9065  600.44627  162 1496  582.00000  631.14027  8.44%  1151 3192s
 10275  9066  586.30000  236 1496  582.00000  631.14027  8.44%  1151 3209s
 10277  9069  630.81048   29 1484  582.00000  631.09935  8.44%  1159 3210s
 10286  9075  629.77596   34 1484  582.00000  630.77540  8.38%  1161 3215s
 10296  9082  628.53536   39 1481  582.00000  630.77540  8.38%  1162 3220s
 10305  9088  626.26615   43 1463  582.00000  630.77540  8.38%  1164 3225s
 10313  9093  625.17956   47 1460  582.00000  630.77540  8.38%  1165 3230s
 10322  9099  624.31635   52 1456  582.00000  630.77540  8.38%  1167 3235s
 10335  9108  622.42826   58 1441  582.00000  630.77540  8.38%  1169 3240s
 10349  9117  620.33926   65 1436  582.00000  630.77540  8.38%  1170 3245s
 10362  9126  618.94690   72 1432  582.00000  630.77540  8.38%  1172 3250s
 10375  9135  615.67904   78 1417  582.00000  630.77540  8.38%  1174 3255s
 10389  9144  612.75189   85 1405  582.00000  630.77540  8.38%  1176 3260s
 10403  9153  611.37661   92 1400  582.00000  630.77540  8.38%  1177 3265s
 10415  9161  605.76903   98 1373  582.00000  630.77540  8.38%  1179 3270s
 10431  9172  605.73276  106 1380  582.00000  630.77540  8.38%  1180 3275s
 10445  9181  603.05084  113 1371  582.00000  630.77540  8.38%  1182 3280s
 10463  9193  600.52274  122 1364  582.00000  630.77540  8.38%  1184 3285s
 10482  9206  600.35013  132 1368  582.00000  630.77540  8.38%  1186 3290s
 10501  9219  594.84648  141 1336  582.00000  630.77540  8.38%  1188 3295s
 10521  9232  591.08550  151 1319  582.00000  630.77540  8.38%  1189 3300s
 10537  9243  591.04056  159 1325  582.00000  630.77540  8.38%  1191 3305s
 10556  9255  590.11196  169 1324  582.00000  630.77540  8.38%  1193 3310s
 10578  9268  588.25381  180 1313  582.00000  630.77540  8.38%  1195 3315s
 10610  9265  585.52995  196 1285  582.00000  630.77540  8.38%  1196 3320s
 10653  9253  626.78663   31 1457  582.00000  630.77398  8.38%  1194 3325s
 10659  9257  626.34436   34 1457  582.00000  630.77398  8.38%  1196 3331s
 10664  9260  629.36946   37 1474  582.00000  630.77398  8.38%  1197 3335s
 10669  9264  626.24779   39 1447  582.00000  630.77398  8.38%  1199 3340s
 10675  9268  625.31444   42 1441  582.00000  630.77398  8.38%  1200 3345s
 10682  9272  627.84396   46 1467  582.00000  630.77398  8.38%  1202 3350s
 10689  9277  625.05741   49 1440  582.00000  630.77398  8.38%  1204 3355s
 10695  9281  621.98032   52 1427  582.00000  630.77398  8.38%  1206 3360s
 10703  9286  622.82368   56 1429  582.00000  630.77398  8.38%  1208 3366s
 10709  9290  621.67575   59 1423  582.00000  630.77398  8.38%  1209 3370s
 10719  9297  621.35905   64 1421  582.00000  630.77398  8.38%  1211 3375s
 10727  9302  621.08612   68 1420  582.00000  630.77398  8.38%  1213 3380s
 10737  9309  618.53931   73 1400  582.00000  630.77398  8.38%  1215 3385s
 10745  9314  618.74312   77 1403  582.00000  630.77398  8.38%  1217 3390s
 10755  9321  619.31434   82 1403  582.00000  630.77398  8.38%  1219 3395s
 10767  9329  617.68608   88 1390  582.00000  630.77398  8.38%  1220 3400s
 10777  9336  616.78625   93 1386  582.00000  630.77398  8.38%  1222 3405s
 10789  9344  615.63494   99 1374  582.00000  630.77398  8.38%  1224 3410s
 10801  9352  613.64621  105 1370  582.00000  630.77398  8.38%  1226 3415s
 10812  9359  618.39663  111 1389  582.00000  630.77398  8.38%  1228 3420s
 10825  9368  614.35754  117 1350  582.00000  630.77398  8.38%  1230 3425s
 10839  9377  613.70783  124 1354  582.00000  630.77398  8.38%  1231 3430s
 10855  9388  603.59399  132 1304  582.00000  630.77398  8.38%  1233 3435s
 10871  9398  607.24896  140 1331  582.00000  630.77398  8.38%  1235 3440s
 10889  9410  608.15138  149 1335  582.00000  630.77398  8.38%  1236 3445s
 10912  9426  607.15112  161 1328  582.00000  630.77398  8.38%  1237 3450s
 10935  9441  602.98652  172 1288  582.00000  630.77398  8.38%  1238 3455s
 10976  9468  596.26009  193 1250  582.00000  630.77398  8.38%  1237 3460s
 11049  9508  583.64832  229 1157  582.00000  630.77398  8.38%  1233 3465s
 11069  9502  626.16282   32 1445  582.00000  630.42468  8.32%  1233 3470s
 11074  9506  628.88457   35 1471  582.00000  630.42468  8.32%  1234 3475s
 11081  9510  625.95148   38 1445  582.00000  630.42468  8.32%  1237 3480s
 11088  9515  627.55839   42 1458  582.00000  630.42468  8.32%  1238 3485s
 11095  9520  622.72026   45 1432  582.00000  630.42468  8.32%  1240 3490s
 11103  9525  622.49155   49 1428  582.00000  630.42468  8.32%  1242 3496s
 11109  9529  622.15685   52 1429  582.00000  630.42468  8.32%  1244 3500s
 11118  9535  624.91069   57 1448  582.00000  630.42468  8.32%  1245 3505s
 11127  9541  619.05372   61 1411  582.00000  630.42468  8.32%  1248 3510s
 11136  9547  623.74848   66 1430  582.00000  630.42468  8.32%  1249 3515s
 11145  9553  620.61123   70 1412  582.00000  630.42468  8.32%  1251 3520s
 11156  9560  621.63342   76 1421  582.00000  630.42468  8.32%  1253 3525s
 11169  9569  610.50470   82 1371  582.00000  630.42468  8.32%  1255 3530s
 11180  9576  619.47360   88 1405  582.00000  630.42468  8.32%  1257 3535s
 11191  9584  614.30733   93 1374  582.00000  630.42468  8.32%  1258 3540s
 11201  9590  612.17228   98 1357  582.00000  630.42468  8.32%  1260 3545s
 11213  9598  612.73504  104 1360  582.00000  630.42468  8.32%  1262 3550s
 11224  9606  616.16458  110 1377  582.00000  630.42468  8.32%  1264 3555s
 11237  9614  613.90554  116 1366  582.00000  630.42468  8.32%  1265 3560s
 11253  9625  610.88885  124 1332  582.00000  630.42468  8.32%  1267 3565s
 11269  9636  610.79717  132 1332  582.00000  630.42468  8.32%  1268 3570s
 11293  9652  606.07724  144 1316  582.00000  630.42468  8.32%  1270 3575s
 11321  9670  603.17165  158 1298  582.00000  630.42468  8.32%  1271 3580s
 11347  9688  594.25367  171 1246  582.00000  630.42468  8.32%  1272 3585s
 11398  9722  592.84057  197 1233  582.00000  630.42468  8.32%  1271 3590s
 11462  9746  624.33964   32 1444  582.00000  630.40956  8.32%  1268 3595s

Cutting planes:
  Gomory: 9
  Flow cover: 69
  Zero half: 692
  Mod-K: 1
  RLT: 217
  BQP: 38

Explored 11468 nodes (14671649 simplex iterations) in 3600.00 seconds (4783.74 work units)
Thread count was 1 (of 24 available processors)

Solution count 10: 582 581 580 ... 573

Time limit reached
Best objective 5.820000000000e+02, best bound 6.300000000000e+02, gap 8.2474%

User-callback calls 182238, time in user-callback 0.96 sec
