
Gurobi 11.0.3 (linux64) logging started Sat Mar  7 17:20:15 2026

Set parameter LogFile to value "./log/train/IS_1500_6/IS_94.lp.log"
Set parameter TimeLimit to value 3600
Gurobi Optimizer version 11.0.3 build v11.0.3rc0 (linux64 - "Ubuntu 22.04.5 LTS")

CPU model: AMD Ryzen 9 9900X 12-Core Processor, instruction set [SSE2|AVX|AVX2|AVX512]
Thread count: 12 physical cores, 24 logical processors, using up to 1 threads

Optimize a model with 9165 rows, 1500 columns and 18070 nonzeros
Model fingerprint: 0x598527f4
Variable types: 0 continuous, 1500 integer (1500 binary)
Coefficient statistics:
  Matrix range     [1e+00, 1e+00]
  Objective range  [1e+00, 1e+00]
  Bounds range     [1e+00, 1e+00]
  RHS range        [1e+00, 1e+00]
Found heuristic solution: objective 326.0000000
Presolve removed 1768 rows and 0 columns
Presolve time: 0.04s
Presolved: 7397 rows, 1500 columns, 16222 nonzeros
Variable types: 0 continuous, 1500 integer (1500 binary)

Root relaxation: objective 6.842500e+02, 3689 iterations, 0.19 seconds (0.21 work units)

    Nodes    |    Current Node    |     Objective Bounds      |     Work
 Expl Unexpl |  Obj  Depth IntInf | Incumbent    BestBd   Gap | It/Node Time

     0     0  684.25000    0 1351  326.00000  684.25000   110%     -    0s
H    0     0                     527.0000000  684.25000  29.8%     -    0s
     0     0  667.22751    0 1449  527.00000  667.22751  26.6%     -    1s
     0     0  660.12310    0 1476  527.00000  660.12310  25.3%     -   55s
H    0     0                     550.0000000  660.12310  20.0%     -   55s
     0     0  659.88185    0 1472  550.00000  659.88185  20.0%     -   55s
     0     0  659.81297    0 1478  550.00000  659.81297  20.0%     -   55s
     0     0  659.79147    0 1475  550.00000  659.79147  20.0%     -   55s
     0     0  659.78333    0 1477  550.00000  659.78333  20.0%     -   55s
     0     0  659.78165    0 1477  550.00000  659.78165  20.0%     -   55s
     0     0  655.38132    0 1477  550.00000  655.38132  19.2%     -   56s
     0     0  654.98357    0 1478  550.00000  654.98357  19.1%     -   56s
     0     0  654.89882    0 1481  550.00000  654.89882  19.1%     -   57s
     0     0  654.89352    0 1479  550.00000  654.89352  19.1%     -   57s
     0     0  652.27294    0 1474  550.00000  652.27294  18.6%     -   58s
     0     0  651.95136    0 1478  550.00000  651.95136  18.5%     -   58s
     0     0  651.90735    0 1481  550.00000  651.90735  18.5%     -   58s
     0     0  651.90294    0 1482  550.00000  651.90294  18.5%     -   58s
     0     0  649.45434    0 1474  550.00000  649.45434  18.1%     -   59s
     0     0  649.24876    0 1477  550.00000  649.24876  18.0%     -   59s
     0     0  649.18343    0 1481  550.00000  649.18343  18.0%     -   59s
     0     0  649.16490    0 1481  550.00000  649.16490  18.0%     -   59s
     0     0  649.16160    0 1480  550.00000  649.16160  18.0%     -   59s
     0     0  647.21201    0 1484  550.00000  647.21201  17.7%     -   60s
     0     0  646.95147    0 1484  550.00000  646.95147  17.6%     -   61s
     0     0  646.90142    0 1483  550.00000  646.90142  17.6%     -  114s
     0     0  646.88885    0 1488  550.00000  646.88885  17.6%     -  114s
     0     0  646.88598    0 1487  550.00000  646.88598  17.6%     -  114s
     0     0  645.41976    0 1486  550.00000  645.41976  17.3%     -  115s
     0     0  645.16345    0 1487  550.00000  645.16345  17.3%     -  115s
     0     0  645.13304    0 1487  550.00000  645.13304  17.3%     -  115s
     0     0  645.12335    0 1489  550.00000  645.12335  17.3%     -  115s
     0     0  643.95514    0 1489  550.00000  643.95514  17.1%     -  116s
H    0     0                     552.0000000  643.95514  16.7%     -  116s
     0     0  643.78350    0 1487  552.00000  643.78350  16.6%     -  116s
     0     0  643.75995    0 1487  552.00000  643.75995  16.6%     -  116s
     0     0  643.75102    0 1489  552.00000  643.75102  16.6%     -  116s
     0     0  642.76521    0 1483  552.00000  642.76521  16.4%     -  117s
     0     0  642.59762    0 1488  552.00000  642.59762  16.4%     -  118s
     0     0  642.56980    0 1486  552.00000  642.56980  16.4%     -  118s
     0     0  642.56059    0 1486  552.00000  642.56059  16.4%     -  118s
     0     0  641.83755    0 1483  552.00000  641.83755  16.3%     -  118s
     0     0  641.72690    0 1484  552.00000  641.72690  16.3%     -  119s
     0     0  641.70978    0 1484  552.00000  641.70978  16.3%     -  119s
     0     0  641.70575    0 1483  552.00000  641.70575  16.3%     -  119s
     0     0  640.85643    0 1483  552.00000  640.85643  16.1%     -  119s
     0     0  640.67701    0 1484  552.00000  640.67701  16.1%     -  120s
     0     0  640.66205    0 1487  552.00000  640.66205  16.1%     -  120s
     0     0  640.16082    0 1486  552.00000  640.16082  16.0%     -  120s
     0     0  640.06294    0 1488  552.00000  640.06294  16.0%     -  174s
     0     0  640.04047    0 1492  552.00000  640.04047  15.9%     -  174s
     0     0  640.03286    0 1491  552.00000  640.03286  15.9%     -  174s
     0     0  639.86677    0 1490  552.00000  639.86677  15.9%     -  174s
     0     0  639.80771    0 1491  552.00000  639.80771  15.9%     -  174s
     0     0  639.79957    0 1493  552.00000  639.79957  15.9%     -  174s
     0     0  639.45799    0 1487  552.00000  639.45799  15.8%     -  175s
     0     0  639.38934    0 1490  552.00000  639.38934  15.8%     -  175s
     0     0  639.37611    0 1490  552.00000  639.37611  15.8%     -  175s
     0     0  639.05990    0 1490  552.00000  639.05990  15.8%     -  175s
     0     0  639.00632    0 1491  552.00000  639.00632  15.8%     -  176s
     0     0  638.99087    0 1490  552.00000  638.99087  15.8%     -  176s
     0     0  638.75504    0 1490  552.00000  638.75504  15.7%     -  176s
H    0     0                     554.0000000  638.75504  15.3%     -  176s
     0     0  638.71689    0 1494  554.00000  638.71689  15.3%     -  176s
     0     0  638.69075    0 1492  554.00000  638.69075  15.3%     -  176s
     0     0  638.68275    0 1491  554.00000  638.68275  15.3%     -  176s
     0     0  638.45402    0 1485  554.00000  638.45402  15.2%     -  177s
     0     0  638.39010    0 1493  554.00000  638.39010  15.2%     -  177s
     0     0  638.38050    0 1492  554.00000  638.38050  15.2%     -  177s
     0     0  638.36093    0 1491  554.00000  638.36093  15.2%     -  177s
     0     0  638.36093    0 1486  554.00000  638.36093  15.2%     -  177s
H    0     0                     559.0000000  638.36093  14.2%     -  178s
H    0     0                     561.0000000  638.36093  13.8%     -  179s
H    0     0                     562.0000000  638.36093  13.6%     -  179s
     0     2  638.36087    0 1486  562.00000  638.36087  13.6%     -  179s
     2     4  633.09343    1 1446  562.00000  638.30711  13.6%  4146  181s
     3     5  638.22822    2 1485  562.00000  638.30484  13.6%  3089  234s
     7     9  630.45814    5 1434  562.00000  638.30484  13.6%  3104  236s
    24    26  618.72984   20 1376  562.00000  638.30484  13.6%  2082  240s
H   27    27                     565.0000000  638.30484  13.0%  2042  241s
H   54    54                     568.0000000  638.30484  12.4%  1847  244s
    57    59  589.95249   42 1227  568.00000  638.30484  12.4%  1875  245s
   110    94  607.99775    6 1311  568.00000  638.22177  12.4%  1444  250s
   168   136  616.66914    7 1362  568.00000  638.11967  12.3%  1296  256s
H  182   144                     569.0000000  638.11967  12.1%  1378  259s
   187   151  576.14332   18 1192  569.00000  638.11967  12.1%  1398  260s
H  190   144                     571.0000000  638.11967  11.8%  1388  260s
   221   157  599.85755   10 1305  571.00000  637.82249  11.7%  1394  265s
H  245   168                     572.0000000  637.82249  11.5%  1362  267s
   261   174  628.79524    8 1430  572.00000  637.82143  11.5%  1336  270s
H  272   180                     573.0000000  637.82143  11.3%  1378  275s
   313   221     cutoff   44       573.00000  637.82143  11.3%  1347  280s
H  316   218                     574.0000000  637.82143  11.1%  1336  280s
   353   233  618.13946   11 1377  574.00000  637.72871  11.1%  1297  285s
   363   243  610.52927   17 1329  574.00000  637.72871  11.1%  1350  290s
   380   260  609.96925   28 1319  574.00000  637.72871  11.1%  1385  295s
H  381   240                     576.0000000  637.72871  10.7%  1381  295s
   431   286  580.52353   64 1071  576.00000  637.72871  10.7%  1312  300s
   460   301  603.91742   11 1307  576.00000  637.47751  10.7%  1313  305s
   494   335  577.46362   35 1176  576.00000  637.47751  10.7%  1311  310s
   527   352  618.75187   16 1384  576.00000  637.33754  10.6%  1304  315s
   549   374  598.57998   30 1260  576.00000  637.33754  10.6%  1337  320s
   590   403  623.42974   13 1390  576.00000  637.30359  10.6%  1322  325s
   600   412  605.02418   30 1486  576.00000  637.30359  10.6%  1327  339s
   602   413  605.17387   29 1363  576.00000  637.30359  10.6%  1323  340s
   603   414  599.54558   15 1480  576.00000  637.30359  10.6%  1321  347s
   605   415  614.87475   11 1492  576.00000  637.30359  10.6%  1316  350s
   608   417  593.18771   32 1491  576.00000  637.30359  10.6%  1310  356s
   609   418  595.14358   43 1488  576.00000  637.30359  10.6%  1308  364s
   612   420  578.34811   70 1489  576.00000  637.30359  10.6%  1301  371s
   613   421  605.12812   16 1485  576.00000  637.30359  10.6%  1299  378s
   615   422  583.45409   52 1487  576.00000  637.30359  10.6%  1295  384s
   616   423  618.36404   14 1487  576.00000  637.30359  10.6%  1293  392s
   618   424  591.67421   45 1486  576.00000  637.30359  10.6%  1289  401s
   619   425  624.13778    9 1485  576.00000  637.30359  10.6%  1286  409s
   620   425  629.01843   18 1486  576.00000  637.30359  10.6%  1284  416s
   621   426  607.27854   22 1486  576.00000  637.30359  10.6%  1282  423s
   625   429  582.12988   68 1484  576.00000  637.30359  10.6%  1274  426s
   634   437  635.74593   18 1470  576.00000  637.17207  10.6%  1368  430s
   649   447  621.36649   25 1390  576.00000  636.88845  10.6%  1392  436s
   659   453  633.30363   30 1451  576.00000  636.88845  10.6%  1410  440s
   670   461  630.87848   36 1438  576.00000  636.88845  10.6%  1439  445s
   683   469  616.87201   42 1378  576.00000  636.88845  10.6%  1462  450s
   695   477  618.06474   48 1376  576.00000  636.88845  10.6%  1496  455s
   707   485  628.18033   54 1428  576.00000  636.88845  10.6%  1507  464s
   710   487  627.94921   56 1430  576.00000  636.88845  10.6%  1508  465s
   731   501  624.81762   66 1411  576.00000  636.88845  10.6%  1522  470s
   749   513  621.10178   75 1400  576.00000  636.88845  10.6%  1534  475s
   770   527  619.32236   86 1384  576.00000  636.88845  10.6%  1540  480s
   792   542  613.85984   97 1360  576.00000  636.88845  10.6%  1552  485s
   816   558  613.19482  109 1357  576.00000  636.88845  10.6%  1559  490s
   839   573  609.61664  120 1344  576.00000  636.88845  10.6%  1570  495s
   867   592  601.56599  134 1308  576.00000  636.88845  10.6%  1571  500s
   905   617  594.43363  153 1279  576.00000  636.88845  10.6%  1576  505s
   933   636  591.56443  167 1269  576.00000  636.88845  10.6%  1585  510s
   963   656  586.29830  182 1248  576.00000  636.88845  10.6%  1588  515s
   995   677  579.29027  198 1212  576.00000  636.88845  10.6%  1590  520s
  1045   711  582.23288  223 1150  576.00000  636.88845  10.6%  1573  525s
  1134   732  626.51534   19 1418  576.00000  636.88813  10.6%  1499  530s
H 1140   706                     577.0000000  636.88813  10.4%  1508  534s
  1141   709  634.00952   23 1454  577.00000  636.88813  10.4%  1513  535s
  1148   713  627.84865   26 1414  577.00000  636.88813  10.4%  1529  540s
  1156   719  629.12119   30 1418  577.00000  636.88813  10.4%  1545  545s
  1164   724  625.89121   34 1406  577.00000  636.88813  10.4%  1563  550s
  1172   729  624.13266   38 1395  577.00000  636.88813  10.4%  1581  555s
  1180   735  621.87700   42 1380  577.00000  636.88813  10.4%  1595  560s
  1192   743  626.85774   48 1408  577.00000  636.88813  10.4%  1615  565s
H 1194   714                     578.0000000  636.88813  10.2%  1613  565s
  1208   725  624.23735   56 1392  578.00000  636.88813  10.2%  1635  570s
  1226   737  620.80897   65 1382  578.00000  636.88813  10.2%  1654  575s
  1244   749  621.82940   74 1371  578.00000  636.88813  10.2%  1670  580s
  1262   761  616.54935   83 1336  578.00000  636.88813  10.2%  1687  585s
  1284   776  620.29834   94 1350  578.00000  636.88813  10.2%  1700  590s
  1310   793  606.77467  107 1287  578.00000  636.88813  10.2%  1709  595s
  1336   811  606.65304  120 1296  578.00000  636.88813  10.2%  1710  600s
H 1356   792                     579.0000000  636.88813  10.0%  1706  603s
  1364   799  605.49838  134 1245  579.00000  636.88813  10.0%  1709  605s
  1411   831  607.08275  158 1257  579.00000  636.88813  10.0%  1689  610s
  1495   887  595.03382  200 1183  579.00000  636.88813  10.0%  1640  615s
  1599   936  630.01061   20 1429  579.00000  636.87569  10.0%  1563  620s
  1605   940  630.48934   23 1433  579.00000  636.87569  10.0%  1574  625s
  1611   944  628.43140   26 1424  579.00000  636.87569  10.0%  1585  630s
  1617   948  626.99247   29 1412  579.00000  636.87569  10.0%  1596  635s
  1625   953  622.44651   33 1386  579.00000  636.87569  10.0%  1610  641s
  1631   957  627.01262   36 1402  579.00000  636.87569  10.0%  1619  645s
  1639   963  628.39366   40 1419  579.00000  636.87569  10.0%  1631  650s
  1647   968  628.44287   44 1414  579.00000  636.87569  10.0%  1642  655s
  1655   973  621.87212   48 1386  579.00000  636.87569  10.0%  1652  660s
  1663   979  627.40471   52 1406  579.00000  636.87569  10.0%  1661  665s
  1671   984  625.56520   56 1400  579.00000  636.87569  10.0%  1670  670s
  1681   991  624.87756   61 1405  579.00000  636.87569  10.0%  1681  675s
  1691   997  625.48306   66 1402  579.00000  636.87569  10.0%  1691  680s
  1703  1005  621.68770   72 1395  579.00000  636.87569  10.0%  1699  685s
  1719  1016  622.49819   80 1382  579.00000  636.87569  10.0%  1708  690s
  1737  1033  619.74374   89 1366  579.00000  636.87569  10.0%  1717  695s
  1753  1049  615.91085   97 1356  579.00000  636.87569  10.0%  1726  700s
  1771  1067  614.56602  106 1335  579.00000  636.87569  10.0%  1735  705s
  1789  1085  616.06519  115 1337  579.00000  636.87569  10.0%  1742  710s
  1813  1109  613.71150  127 1317  579.00000  636.87569  10.0%  1743  715s
  1842  1138  612.60174  142 1319  579.00000  636.87569  10.0%  1740  720s
  1873  1169  607.67274  157 1282  579.00000  636.87569  10.0%  1738  725s
  1927  1223  600.89029  184 1241  579.00000  636.87569  10.0%  1720  730s
  2004  1300  588.70508  223 1149  579.00000  636.87569  10.0%  1679  735s
  2068  1346  630.37798   17 1441  579.00000  636.87566  10.0%  1641  740s
  2074  1352  629.79073   20 1431  579.00000  636.87566  10.0%  1650  746s
  2080  1358  627.38325   23 1419  579.00000  636.87566  10.0%  1659  751s
  2086  1364  625.03291   26 1407  579.00000  636.87566  10.0%  1667  755s
  2093  1371  634.22910   30 1456  579.00000  636.87566  10.0%  1673  760s
  2100  1378  626.22408   33 1417  579.00000  636.87566  10.0%  1683  765s
  2108  1386  628.74194   37 1432  579.00000  636.87566  10.0%  1691  770s
H 2110  1357                     580.0000000  636.87566  9.81%  1690  772s
  2114  1363  627.38510   40 1417  580.00000  636.87566  9.81%  1698  775s
  2122  1371  623.77702   44 1408  580.00000  636.87566  9.81%  1707  780s
  2130  1379  625.78229   48 1406  580.00000  636.87566  9.81%  1713  785s
  2138  1387  625.09889   52 1403  580.00000  636.87566  9.81%  1721  790s
  2148  1397  623.09017   57 1391  580.00000  636.87566  9.81%  1730  796s
  2157  1406  629.64736   62 1425  580.00000  636.87566  9.81%  1737  800s
  2170  1419  624.27708   68 1397  580.00000  636.87566  9.81%  1744  805s
  2184  1433  624.68974   75 1391  580.00000  636.87566  9.81%  1750  810s
  2194  1443  621.30991   80 1372  580.00000  636.87566  9.81%  1756  815s
  2208  1457  605.63203   87 1281  580.00000  636.87566  9.81%  1763  820s
  2214  1463  620.96883   90 1377  580.00000  636.87566  9.81%  1765  825s
  2226  1475  618.90670   96 1354  580.00000  636.87566  9.81%  1769  830s
  2242  1491  618.13535  104 1346  580.00000  636.87566  9.81%  1773  835s
  2247  1496  621.21183  107 1366  580.00000  636.87566  9.81%  1774  840s
  2264  1513  616.71978  115 1333  580.00000  636.87566  9.81%  1777  845s
H 2274  1491                     581.0000000  636.87566  9.62%  1778  853s
  2280  1499  613.84811  123 1318  581.00000  636.87566  9.62%  1780  855s
  2301  1520  614.67787  134 1310  581.00000  636.87566  9.62%  1780  861s
  2318  1537  610.34796  142 1293  581.00000  636.87566  9.62%  1778  866s
  2328  1547  609.16298  147 1291  581.00000  636.87566  9.62%  1777  871s
  2344  1563  604.97451  155 1250  581.00000  636.87566  9.62%  1775  875s
  2370  1589  604.83542  168 1249  581.00000  636.87566  9.62%  1767  881s
  2396  1615  601.23462  181 1222  581.00000  636.87566  9.62%  1759  886s
  2417  1636  598.91778  192 1231  581.00000  636.87566  9.62%  1752  890s
  2448  1665  593.41191  207 1181  581.00000  636.87566  9.62%  1739  901s
  2490  1707  585.53571  228 1112  581.00000  636.87566  9.62%  1718  906s
  2523  1718  630.94960   17 1435  581.00000  636.73434  9.59%  1705  910s
  2530  1725  634.16937   21 1455  581.00000  636.73434  9.59%  1711  915s
  2537  1732  625.18662   24 1405  581.00000  636.73434  9.59%  1720  920s
  2545  1740  627.40546   28 1411  581.00000  636.73434  9.59%  1727  925s
  2553  1748  624.37650   32 1396  581.00000  636.73434  9.59%  1735  930s
  2563  1758  626.19656   37 1405  581.00000  636.73434  9.59%  1744  935s
  2572  1767  631.35209   42 1436  581.00000  636.73434  9.59%  1750  940s
  2583  1778  625.81788   47 1406  581.00000  636.73434  9.59%  1758  945s
  2593  1788  622.66183   52 1396  581.00000  636.73434  9.59%  1764  950s
  2599  1794  624.02511   55 1378  581.00000  636.73434  9.59%  1768  956s
  2609  1804  621.51991   60 1383  581.00000  636.73434  9.59%  1773  960s
  2619  1814  621.10112   65 1389  581.00000  636.73434  9.59%  1778  965s
  2626  1821  626.76575   69 1402  581.00000  636.73434  9.59%  1781  972s
  2631  1826  621.69466   71 1368  581.00000  636.73434  9.59%  1784  975s
  2645  1840  621.88735   78 1383  581.00000  636.73434  9.59%  1789  980s
  2660  1855  622.97729   86 1382  581.00000  636.73434  9.59%  1793  985s
  2677  1872  619.52535   94 1366  581.00000  636.73434  9.59%  1798  990s
  2695  1890  614.83211  103 1349  581.00000  636.73434  9.59%  1801  995s
  2716  1911  617.68568  114 1332  581.00000  636.73434  9.59%  1803 1000s
  2739  1934  612.62774  125 1319  581.00000  636.73434  9.59%  1805 1005s
  2773  1968  609.33562  142 1284  581.00000  636.73434  9.59%  1803 1010s
  2825  2020  600.41426  168 1212  581.00000  636.73434  9.59%  1793 1015s
  2905  2100  590.64252  208 1211  581.00000  636.73434  9.59%  1768 1020s
  2986  2143  628.00954   17 1432  581.00000  636.71371  9.59%  1736 1026s
  2991  2148  635.53774   20 1473  581.00000  636.71371  9.59%  1739 1030s
  2995  2152  635.11304   22 1469  581.00000  636.71371  9.59%  1744 1035s
  3002  2159  626.46381   25 1418  581.00000  636.71371  9.59%  1752 1041s
  3006  2163  624.59813   27 1411  581.00000  636.71371  9.59%  1755 1050s
  3014  2171  627.51128   31 1426  581.00000  636.71371  9.59%  1762 1055s
  3018  2175  627.41042   33 1411  581.00000  636.71371  9.59%  1765 1060s
  3023  2180  633.30006   36 1454  581.00000  636.71371  9.59%  1767 1065s
  3030  2187  619.66242   39 1374  581.00000  636.71371  9.59%  1774 1070s
  3038  2195  620.47024   43 1386  581.00000  636.71371  9.59%  1779 1075s
  3047  2204  631.60778   48 1440  581.00000  636.71371  9.59%  1784 1080s
  3054  2211  626.64272   51 1411  581.00000  636.71371  9.59%  1788 1085s
  3066  2223  609.44827   57 1322  581.00000  636.71371  9.59%  1795 1091s
  3074  2231  620.48611   61 1376  581.00000  636.71371  9.59%  1800 1095s
  3075  2232  629.72590   62 1419  581.00000  636.71371  9.59%  1800 1111s
  3082  2239  624.55015   65 1396  581.00000  636.71371  9.59%  1803 1115s
  3094  2251  621.12994   71 1376  581.00000  636.71371  9.59%  1808 1120s
  3106  2263  622.27466   77 1373  581.00000  636.71371  9.59%  1812 1125s
  3120  2277  621.47882   84 1364  581.00000  636.71371  9.59%  1816 1130s
  3136  2293  617.98473   92 1349  581.00000  636.71371  9.59%  1820 1135s
  3151  2308  622.29611  100 1359  581.00000  636.71371  9.59%  1823 1140s
  3170  2327  617.23211  109 1341  581.00000  636.71371  9.59%  1826 1145s
  3192  2349  615.17330  120 1328  581.00000  636.71371  9.59%  1827 1150s
  3219  2376  614.48047  134 1322  581.00000  636.71371  9.59%  1826 1155s
  3270  2427  602.01575  159 1280  581.00000  636.71371  9.59%  1819 1160s
  3325  2482  599.68951  187 1269  581.00000  636.71371  9.59%  1806 1165s
  3435  2574  635.20859   15 1467  581.00000  636.28332  9.52%  1768 1170s
  3441  2580  626.51825   18 1422  581.00000  636.28332  9.52%  1773 1175s
  3447  2586  626.19503   21 1411  581.00000  636.28332  9.52%  1778 1180s
  3455  2594  626.18252   25 1402  581.00000  636.28332  9.52%  1784 1186s
  3461  2600  620.32028   28 1379  581.00000  636.28332  9.52%  1789 1190s
  3469  2608  626.25620   32 1395  581.00000  636.28332  9.52%  1794 1196s
  3475  2614  626.82919   35 1412  581.00000  636.28332  9.52%  1798 1200s
  3481  2620  626.04489   38 1405  581.00000  636.28332  9.52%  1801 1205s
  3489  2628  617.68596   42 1357  581.00000  636.28332  9.52%  1806 1210s
  3497  2636  627.19217   46 1404  581.00000  636.28332  9.52%  1810 1215s
  3507  2646  624.21898   51 1396  581.00000  636.28332  9.52%  1814 1220s
  3518  2657  628.96187   57 1409  581.00000  636.28332  9.52%  1818 1225s
  3529  2668  622.10647   62 1381  581.00000  636.28332  9.52%  1823 1230s
  3542  2681  626.18946   69 1409  581.00000  636.28332  9.52%  1825 1235s
  3555  2694  616.57352   75 1354  581.00000  636.28332  9.52%  1831 1240s
  3567  2706  620.73811   81 1365  581.00000  636.28332  9.52%  1833 1245s
  3581  2720  611.23230   88 1321  581.00000  636.28332  9.52%  1838 1250s
  3599  2738  613.49052   97 1323  581.00000  636.28332  9.52%  1840 1255s
  3620  2759  618.64057  108 1341  581.00000  636.28332  9.52%  1840 1265s
  3645  2784  612.41121  120 1318  581.00000  636.28332  9.52%  1841 1270s
  3684  2823  610.00654  140 1296  581.00000  636.28332  9.52%  1838 1275s
  3753  2892  600.99976  174 1229  581.00000  636.28332  9.52%  1826 1280s
  3900  2991  627.95933   21 1429  581.00000  636.28204  9.51%  1780 1285s
  3908  2999  629.95785   25 1427  581.00000  636.28204  9.51%  1786 1290s
  3916  3007  627.50083   29 1421  581.00000  636.28204  9.51%  1791 1295s
  3926  3017  623.33025   34 1398  581.00000  636.28204  9.51%  1797 1300s
  3934  3025  620.76234   38 1381  581.00000  636.28204  9.51%  1803 1305s
  3942  3033  628.11770   42 1415  581.00000  636.28204  9.51%  1807 1310s
  3952  3043  623.24082   47 1402  581.00000  636.28204  9.51%  1812 1315s
  3961  3052  631.12708   52 1430  581.00000  636.28204  9.51%  1815 1320s
  3974  3065  624.13635   58 1397  581.00000  636.28204  9.51%  1820 1325s
  3984  3075  624.39249   63 1395  581.00000  636.28204  9.51%  1824 1330s
  3993  3084  628.31847   68 1406  581.00000  636.28204  9.51%  1826 1335s
  4004  3095  617.68282   73 1353  581.00000  636.28204  9.51%  1828 1340s
  4008  3099  623.74492   75 1380  581.00000  636.28204  9.51%  1829 1346s
  4012  3103  623.05786   77 1377  581.00000  636.28204  9.51%  1830 1350s
  4024  3115  621.29948   83 1380  581.00000  636.28204  9.51%  1833 1355s
  4038  3129  621.01213   90 1364  581.00000  636.28204  9.51%  1835 1360s
  4052  3143  613.87764   97 1333  581.00000  636.28204  9.51%  1837 1365s
  4066  3157  619.70719  104 1351  581.00000  636.28204  9.51%  1840 1370s
  4088  3179  617.55923  115 1340  581.00000  636.28204  9.51%  1840 1375s
  4112  3203  610.37717  127 1304  581.00000  636.28204  9.51%  1841 1380s
  4140  3231  609.88195  141 1319  581.00000  636.28204  9.51%  1839 1385s
  4178  3269  606.06987  160 1290  581.00000  636.28204  9.51%  1835 1390s
  4180  3271  605.33313  161 1262  581.00000  636.28204  9.51%  1835 1403s
  4192  3283  603.54242  167 1267  581.00000  636.28204  9.51%  1833 1405s
  4259  3350  595.44005  201 1220  581.00000  636.28204  9.51%  1819 1410s
  4347  3420  634.51172   26 1466  581.00000  636.13522  9.49%  1794 1415s
  4383  3456  629.37555   62 1423  581.00000  636.13522  9.49%  1787 1420s
  4431  3504  620.29852  109 1359  581.00000  636.13522  9.49%  1776 1425s
  4468  3541  613.62473  135 1331  581.00000  636.13522  9.49%  1773 1430s
  4506  3579  607.20176  149 1304  581.00000  636.13522  9.49%  1770 1435s
  4559  3632  600.40397  177 1230  581.00000  636.13522  9.49%  1762 1440s
  4643  3716  593.33208  199 1180  581.00000  636.13522  9.49%  1745 1445s
  4688  3761  590.90943  208 1184  581.00000  636.13522  9.49%  1735 1453s
  4744  3817  588.85714  214 1180  581.00000  636.13522  9.49%  1722 1455s
  4954  3992  634.96725   21 1464  581.00000  636.13503  9.49%  1665 1460s
  4991  4029  628.69274   58 1420  581.00000  636.13503  9.49%  1660 1465s
  5010  4048  624.87288   76 1399  581.00000  636.13503  9.49%  1657 1472s
  5048  4086  617.51507  109 1326  581.00000  636.13503  9.49%  1651 1475s
  5099  4137  610.02152  138 1281  581.00000  636.13503  9.49%  1648 1480s
  5174  4212  600.53896  169 1248  581.00000  636.13503  9.49%  1638 1485s
  5266  4304  593.26667  197 1182  581.00000  636.13503  9.49%  1623 1490s
  5407  4445  584.11111  225 1114  581.00000  636.13503  9.49%  1595 1495s
  5503  4510  630.58581   40 1427  581.00000  636.08321  9.48%  1574 1500s
  5555  4562  621.34397   92 1364  581.00000  636.08321  9.48%  1567 1505s
  5609  4616  611.74593  132 1304  581.00000  636.08321  9.48%  1563 1510s
  5692  4699  600.45270  168 1245  581.00000  636.08321  9.48%  1553 1515s
  5872  4879  587.54861  204 1103  581.00000  636.08321  9.48%  1522 1520s
  6041  5006  632.36020   42 1454  581.00000  636.08321  9.48%  1490 1525s
  6105  5070  621.24582  104 1373  581.00000  636.08321  9.48%  1484 1530s
  6154  5119  612.89933  141 1330  581.00000  636.08321  9.48%  1483 1535s
  6225  5190  601.89556  173 1273  581.00000  636.08321  9.48%  1480 1540s
  6327  5292  593.31670  202 1218  581.00000  636.08321  9.48%  1468 1545s
  6491  5456  584.59341  229 1194  581.00000  636.08321  9.48%  1444 1550s
  6566  5509  632.29642   39 1448  581.00000  635.83023  9.44%  1434 1555s
  6599  5542  626.31369   71 1410  581.00000  635.83023  9.44%  1432 1560s
  6637  5580  619.85971  108 1359  581.00000  635.83023  9.44%  1428 1574s
  6641  5584  618.95483  112 1358  581.00000  635.83023  9.44%  1428 1575s
  6676  5619  612.41547  134 1326  581.00000  635.83023  9.44%  1428 1580s
  6727  5670  604.00834  165 1293  581.00000  635.83023  9.44%  1425 1585s
  6794  5737  597.06028  188 1238  581.00000  635.83023  9.44%  1421 1590s
  6916  5859  588.30874  216 1179  581.00000  635.83023  9.44%  1406 1595s
  7085  5987  634.81776   23 1459  581.00000  635.82705  9.44%  1381 1600s
  7121  6023  628.84314   59 1414  581.00000  635.82705  9.44%  1378 1605s
  7168  6070  620.06911  105 1368  581.00000  635.82705  9.44%  1375 1610s
  7215  6117  609.91901  138 1307  581.00000  635.82705  9.44%  1373 1615s
  7273  6175  602.51956  172 1282  581.00000  635.82705  9.44%  1371 1620s
  7371  6273  591.65785  203 1203  581.00000  635.82705  9.44%  1362 1625s
  7562  6464  582.25000  231  998  581.00000  635.82705  9.44%  1337 1630s
  7629  6494  630.05707   48 1419  581.00000  635.80889  9.43%  1329 1635s
  7677  6542  618.53927   92 1344  581.00000  635.80889  9.43%  1326 1640s
  7724  6589  609.93621  126 1297  581.00000  635.80889  9.43%  1325 1645s
  7776  6641  604.32339  160 1283  581.00000  635.80889  9.43%  1323 1650s
  7857  6722  594.28066  192 1231  581.00000  635.80889  9.43%  1318 1655s
  7968  6833  586.84899  215 1188  581.00000  635.80889  9.43%  1306 1671s
  8059  6910  626.81889   22 1435  581.00000  635.74589  9.42%  1296 1676s
  8102  6953  618.80913   65 1385  581.00000  635.74589  9.42%  1293 1680s
  8170  7021  605.38083  120 1298  581.00000  635.74589  9.42%  1291 1685s
  8224  7075  596.28185  151 1267  581.00000  635.74589  9.42%  1290 1690s
  8314  7165  586.60000  190 1174  581.00000  635.74589  9.42%  1285 1695s
  8402  7235  613.18577   26 1357  581.00000  635.74228  9.42%  1279 1700s
  8461  7278  632.32956   33 1446  581.00000  635.68334  9.41%  1277 1705s
  8527  7344  619.91246   99 1372  581.00000  635.68334  9.41%  1274 1710s
  8680  7473  582.34375  230 1124  581.00000  635.68334  9.41%  1258 1715s
  8702  7479  623.31709   22 1407  581.00000  635.59111  9.40%  1260 1721s
  8709  7486  629.44084   26 1428  581.00000  635.59111  9.40%  1262 1725s
  8718  7495  617.10121   30 1380  581.00000  635.59111  9.40%  1265 1730s
  8730  7507  621.67955   36 1386  581.00000  635.59111  9.40%  1268 1735s
  8742  7519  619.98197   42 1390  581.00000  635.59111  9.40%  1271 1740s
  8754  7531  622.26397   48 1390  581.00000  635.59111  9.40%  1274 1745s
  8762  7539  618.00727   52 1376  581.00000  635.59111  9.40%  1275 1750s
  8774  7551  615.98256   58 1359  581.00000  635.59111  9.40%  1278 1755s
  8788  7565  617.09592   65 1350  581.00000  635.59111  9.40%  1280 1760s
  8806  7583  615.09839   74 1352  581.00000  635.59111  9.40%  1283 1765s
  8822  7599  617.26999   82 1350  581.00000  635.59111  9.40%  1284 1770s
  8841  7618  616.17040   92 1354  581.00000  635.59111  9.40%  1286 1775s
  8866  7643  610.60099  104 1329  581.00000  635.59111  9.40%  1289 1780s
  8896  7673  607.99058  119 1298  581.00000  635.59111  9.40%  1290 1785s
  8944  7721  601.18841  143 1256  581.00000  635.59111  9.40%  1291 1790s
  8982  7759  597.35225  162 1249  581.00000  635.59111  9.40%  1290 1798s
  9018  7795  590.09640  180 1193  581.00000  635.59111  9.40%  1288 1800s
  9116  7854  627.00388   25 1431  581.00000  635.44307  9.37%  1280 1805s
  9172  7910  615.64354   81 1370  581.00000  635.44307  9.37%  1276 1810s
  9307  8033  626.96007   24 1431  581.00000  635.42874  9.37%  1265 1816s
  9339  8065  621.27229   56 1401  581.00000  635.42874  9.37%  1263 1820s
  9406  8132  604.01016  123 1288  581.00000  635.42874  9.37%  1260 1825s
  9461  8178  628.64261   31 1428  581.00000  635.40092  9.36%  1257 1830s
  9511  8228  619.80500   81 1366  581.00000  635.40092  9.36%  1254 1835s
  9567  8284  607.62053  125 1301  581.00000  635.40092  9.36%  1252 1840s
  9630  8347  597.62257  164 1247  581.00000  635.40092  9.36%  1250 1845s
  9766  8483  585.49908  206 1162  581.00000  635.40092  9.36%  1241 1850s
  9834  8521  617.04318   22 1381  581.00000  635.27707  9.34%  1237 1855s
  9889  8566  627.02288   20 1427  581.00000  635.27284  9.34%  1234 1860s
  9918  8595  622.07273   49 1389  581.00000  635.27284  9.34%  1233 1867s
  9950  8627  613.96951   81 1353  581.00000  635.27284  9.34%  1231 1870s
 10035  8712  593.85109  166 1240  581.00000  635.27284  9.34%  1225 1875s
 10100  8753  618.13560   33 1383  581.00000  635.23516  9.33%  1221 1880s
 10159  8798  626.28351   22 1428  581.00000  635.21361  9.33%  1218 1886s
 10165  8804  601.48263   26 1316  581.00000  635.21361  9.33%  1220 1890s
 10190  8825  589.12800   33 1269  581.00000  635.21361  9.33%  1222 1895s
 10203  8829  588.30626  180 1486  581.00000  635.21361  9.33%  1222 2558s
 10206  8831  630.18735   52 1484  581.00000  635.21361  9.33%  1221 2566s
 10208  8832  587.52206  206 1486  581.00000  631.40698  8.68%  1221 2570s
 10213  8836  593.40149  194 1490  581.00000  631.04474  8.61%  1221 2584s
 10214  8836  590.16642  210 1487  581.00000  630.92289  8.59%  1220 2596s
 10217  8838  586.89286  218 1490  581.00000  630.84860  8.58%  1220 2609s
 10218  8839  589.10036  208 1490  581.00000  630.56188  8.53%  1220 2623s
 10222  8842  627.59719   51 1490  581.00000  630.42202  8.51%  1219 2638s
 10223  8842  586.41176  220 1491  581.00000  630.21983  8.47%  1219 2654s
 10226  8844  583.74966  225 1493  581.00000  630.12412  8.46%  1219 2670s
 10227  8845  617.43805  113 1491  581.00000  629.99151  8.43%  1219 2685s
 10230  8847  597.20000  168 1491  581.00000  629.92516  8.42%  1218 2702s
 10231  8848  584.40476  214 1490  581.00000  629.86234  8.41%  1218 2716s
 10233  8849  595.22383  194 1491  581.00000  629.84436  8.41%  1218 2731s
 10234  8850  594.09571  193 1489  581.00000  629.79587  8.40%  1218 2744s
 10235  8850  582.97727  220 1491  581.00000  629.78435  8.40%  1218 2745s
 10236  8851  601.55481  168 1491  581.00000  629.78203  8.40%  1218 2763s
 10237  8852  603.70124  176 1489  581.00000  629.67939  8.38%  1218 2779s
 10239  8853  612.06688  134 1492  581.00000  629.63312  8.37%  1217 2780s
 10240  8854  619.63187   45 1492  581.00000  629.63164  8.37%  1217 2798s
 10241  8854  584.21429  210 1489  581.00000  629.58003  8.36%  1217 2815s
 10243  8856  620.12477   99 1491  581.00000  629.56058  8.36%  1217 2832s
 10244  8856  595.83260  180 1488  581.00000  629.51770  8.35%  1217 2849s
 10246  8858  595.20535  189 1488  581.00000  629.50945  8.35%  1217 2864s
 10247  8858  620.86308   96 1489  581.00000  629.47830  8.34%  1216 2879s
 10249  8860  595.70906  173 1489  581.00000  629.46733  8.34%  1216 2893s
 10250  8860  584.34177  231 1489  581.00000  629.43777  8.34%  1216 2908s
 10252  8862  591.22790  202 1489  581.00000  629.42056  8.33%  1216 2923s
 10253  8862  589.18967  210 1484  581.00000  629.40041  8.33%  1216 2935s
 10255  8864  592.36923  209 1489  581.00000  629.39030  8.33%  1216 2949s
 10256  8864  629.34057   55 1490  581.00000  629.34057  8.32%  1215 2964s
 10259  8866  584.52599  227 1490  581.00000  629.31938  8.32%  1215 2982s
 10260  8867  621.76228   43 1489  581.00000  629.27341  8.31%  1215 2996s
 10262  8868  596.95811  193 1490  581.00000  629.25823  8.31%  1215 3012s
 10263  8869  605.35817  127 1490  581.00000  629.21428  8.30%  1215 3028s
 10265  8870  603.02865  173 1492  581.00000  629.19547  8.30%  1214 3042s
 10266  8871  624.04016   74 1491  581.00000  629.17752  8.29%  1214 3056s
 10267  8872  624.84542   57 1493  581.00000  629.17233  8.29%  1214 3074s
 10268  8872  618.31132  101 1488  581.00000  629.11187  8.28%  1214 3089s
 10271  8874  588.13043  215 1490  581.00000  629.07926  8.28%  1214 3110s
 10272  8875  593.40642  199 1490  581.00000  629.03906  8.27%  1213 3130s
 10274  8876  626.67686   68 1491  581.00000  629.02539  8.27%  1213 3148s
 10275  8877  585.82727  223 1487  581.00000  628.92640  8.25%  1213 3163s
 10277  8878  584.49943  196 1490  581.00000  628.90450  8.25%  1213 3181s
 10278  8879  582.52164  200 1489  581.00000  628.90020  8.24%  1213 3200s
 10279  8880  588.43772   30 1491  581.00000  628.89916  8.24%  1213 3219s
 10280  8880  615.01804  116 1490  581.00000  628.88928  8.24%  1213 3237s
 10282  8882  625.43352   71 1489  581.00000  628.88044  8.24%  1212 3256s
 10283  8882  628.86125   21 1488  581.00000  628.86125  8.24%  1212 3273s
 10285  8884  621.95201   54 1488  581.00000  628.84299  8.23%  1212 3294s
 10286  8884  625.09433   66 1488  581.00000  628.83664  8.23%  1212 3314s
 10287  8885  591.47428  187 1490  581.00000  628.83432  8.23%  1212 3335s
 10288  8886  628.82839   23 1490  581.00000  628.82839  8.23%  1212 3354s
 10289  8886  626.86732   41 1491  581.00000  628.82611  8.23%  1211 3375s
 10290  8887  628.77894   48 1488  581.00000  628.77894  8.22%  1211 3391s
 10292  8888  619.07142  106 1491  581.00000  628.76366  8.22%  1211 3408s
 10293  8889  601.47332  169 1488  581.00000  628.76292  8.22%  1211 3427s
 10294  8890  584.61438  223 1490  581.00000  628.76251  8.22%  1211 3446s
 10295  8890  588.20388  197 1489  581.00000  628.76228  8.22%  1211 3464s
 10296  8891  602.51364  131 1490  581.00000  628.76210  8.22%  1211 3483s
 10297  8892  624.18081   65 1489  581.00000  628.76167  8.22%  1211 3502s
 10298  8892  612.58923  138 1489  581.00000  628.76141  8.22%  1210 3521s
 10299  8893  628.08689   21 1490  581.00000  628.76126  8.22%  1210 3540s
 10300  8894  582.83399  231 1492  581.00000  628.76116  8.22%  1210 3559s
 10301  8894  587.30556  220 1490  581.00000  628.76112  8.22%  1210 3578s
 10302  8895  628.76112   20 1491  581.00000  628.76112  8.22%  1210 3597s

Cutting planes:
  Gomory: 10
  Flow cover: 73
  Zero half: 600
  RLT: 168
  BQP: 25
  PSD: 1

Explored 10302 nodes (12660050 simplex iterations) in 3600.11 seconds (4281.60 work units)
Thread count was 1 (of 24 available processors)

Solution count 10: 581 580 579 ... 571

Time limit reached
Best objective 5.810000000000e+02, best bound 6.280000000000e+02, gap 8.0895%

User-callback calls 168510, time in user-callback 0.95 sec
