
Gurobi 11.0.3 (linux64) logging started Sat Mar  7 17:20:15 2026

Set parameter LogFile to value "./log/train/IS_1500_6/IS_92.lp.log"
Set parameter TimeLimit to value 3600
Gurobi Optimizer version 11.0.3 build v11.0.3rc0 (linux64 - "Ubuntu 22.04.5 LTS")

CPU model: AMD Ryzen 9 9900X 12-Core Processor, instruction set [SSE2|AVX|AVX2|AVX512]
Thread count: 12 physical cores, 24 logical processors, using up to 1 threads

Optimize a model with 9202 rows, 1500 columns and 18124 nonzeros
Model fingerprint: 0x4fd2455c
Variable types: 0 continuous, 1500 integer (1500 binary)
Coefficient statistics:
  Matrix range     [1e+00, 1e+00]
  Objective range  [1e+00, 1e+00]
  Bounds range     [1e+00, 1e+00]
  RHS range        [1e+00, 1e+00]
Found heuristic solution: objective 336.0000000
Presolve removed 1728 rows and 0 columns
Presolve time: 0.04s
Presolved: 7474 rows, 1500 columns, 16261 nonzeros
Variable types: 0 continuous, 1500 integer (1500 binary)

Root relaxation: objective 6.810000e+02, 4310 iterations, 0.23 seconds (0.26 work units)

    Nodes    |    Current Node    |     Objective Bounds      |     Work
 Expl Unexpl |  Obj  Depth IntInf | Incumbent    BestBd   Gap | It/Node Time

     0     0  681.00000    0 1332  336.00000  681.00000   103%     -    0s
H    0     0                     511.0000000  681.00000  33.3%     -    0s
H    0     0                     516.0000000  681.00000  32.0%     -    0s
     0     0  665.93691    0 1472  516.00000  665.93691  29.1%     -    1s
H    0     0                     529.0000000  665.93691  25.9%     -   53s
     0     0  657.96486    0 1477  529.00000  657.96486  24.4%     -   55s
H    0     0                     547.0000000  657.96486  20.3%     -   55s
     0     0  657.62998    0 1477  547.00000  657.62998  20.2%     -   55s
     0     0  657.59490    0 1478  547.00000  657.59490  20.2%     -   55s
     0     0  657.58938    0 1477  547.00000  657.58938  20.2%     -   55s
     0     0  657.58551    0 1477  547.00000  657.58551  20.2%     -   55s
     0     0  652.30377    0 1481  547.00000  652.30377  19.3%     -   56s
     0     0  651.65115    0 1480  547.00000  651.65115  19.1%     -   57s
     0     0  651.58220    0 1482  547.00000  651.58220  19.1%     -   57s
     0     0  651.57208    0 1483  547.00000  651.57208  19.1%     -   57s
     0     0  651.56789    0 1482  547.00000  651.56789  19.1%     -   57s
     0     0  648.91803    0 1478  547.00000  648.91803  18.6%     -   58s
     0     0  648.60529    0 1480  547.00000  648.60529  18.6%     -   58s
     0     0  648.56524    0 1481  547.00000  648.56524  18.6%     -   58s
     0     0  648.56088    0 1485  547.00000  648.56088  18.6%     -   58s
     0     0  646.83045    0 1484  547.00000  646.83045  18.3%     -   59s
H    0     0                     548.0000000  646.83045  18.0%     -   59s
     0     0  646.53919    0 1483  548.00000  646.53919  18.0%     -   59s
     0     0  646.51253    0 1483  548.00000  646.51253  18.0%     -   59s
     0     0  646.49260    0 1483  548.00000  646.49260  18.0%     -   59s
     0     0  646.48871    0 1483  548.00000  646.48871  18.0%     -   59s
     0     0  645.34297    0 1481  548.00000  645.34297  17.8%     -   60s
     0     0  645.23398    0 1477  548.00000  645.23398  17.7%     -   60s
     0     0  645.21222    0 1480  548.00000  645.21222  17.7%     -  114s
     0     0  645.20920    0 1479  548.00000  645.20920  17.7%     -  114s
     0     0  643.79523    0 1486  548.00000  643.79523  17.5%     -  115s
     0     0  643.53758    0 1483  548.00000  643.53758  17.4%     -  115s
     0     0  643.50393    0 1485  548.00000  643.50393  17.4%     -  115s
     0     0  643.50009    0 1485  548.00000  643.50009  17.4%     -  115s
     0     0  642.12032    0 1482  548.00000  642.12032  17.2%     -  116s
     0     0  641.93286    0 1485  548.00000  641.93286  17.1%     -  116s
     0     0  641.89860    0 1487  548.00000  641.89860  17.1%     -  116s
     0     0  641.88853    0 1488  548.00000  641.88853  17.1%     -  116s
     0     0  640.73956    0 1480  548.00000  640.73956  16.9%     -  117s
H    0     0                     552.0000000  640.73956  16.1%     -  117s
     0     0  640.61463    0 1484  552.00000  640.61463  16.1%     -  118s
     0     0  640.59491    0 1484  552.00000  640.59491  16.0%     -  118s
     0     0  640.59041    0 1485  552.00000  640.59041  16.0%     -  118s
     0     0  640.02427    0 1481  552.00000  640.02427  15.9%     -  118s
     0     0  639.95232    0 1483  552.00000  639.95232  15.9%     -  118s
     0     0  639.94295    0 1483  552.00000  639.94295  15.9%     -  119s
     0     0  639.10619    0 1483  552.00000  639.10619  15.8%     -  119s
     0     0  638.93737    0 1479  552.00000  638.93737  15.7%     -  120s
     0     0  638.91462    0 1480  552.00000  638.91462  15.7%     -  120s
     0     0  638.90244    0 1478  552.00000  638.90244  15.7%     -  120s
     0     0  638.46311    0 1480  552.00000  638.46311  15.7%     -  120s
     0     0  638.41265    0 1479  552.00000  638.41265  15.7%     -  174s
     0     0  638.39788    0 1485  552.00000  638.39788  15.7%     -  174s
     0     0  638.02768    0 1482  552.00000  638.02768  15.6%     -  174s
     0     0  637.96347    0 1481  552.00000  637.96347  15.6%     -  174s
     0     0  637.93418    0 1482  552.00000  637.93418  15.6%     -  175s
     0     0  637.92796    0 1482  552.00000  637.92796  15.6%     -  175s
     0     0  637.57126    0 1484  552.00000  637.57126  15.5%     -  175s
H    0     0                     554.0000000  637.57126  15.1%     -  175s
     0     0  637.53296    0 1487  554.00000  637.53296  15.1%     -  175s
     0     0  637.51898    0 1490  554.00000  637.51898  15.1%     -  175s
     0     0  637.27239    0 1486  554.00000  637.27239  15.0%     -  176s
     0     0  637.21290    0 1489  554.00000  637.21290  15.0%     -  176s
     0     0  637.20218    0 1489  554.00000  637.20218  15.0%     -  176s
     0     0  637.00229    0 1487  554.00000  637.00229  15.0%     -  176s
     0     0  636.96297    0 1487  554.00000  636.96297  15.0%     -  177s
     0     0  636.95307    0 1491  554.00000  636.95307  15.0%     -  177s
     0     0  636.84364    0 1488  554.00000  636.84364  15.0%     -  177s
     0     0  636.84364    0 1487  554.00000  636.84364  15.0%     -  177s
H    0     0                     559.0000000  636.84364  13.9%     -  179s
     0     2  636.84345    0 1487  559.00000  636.84345  13.9%     -  179s
     1     3  636.67674    1 1486  559.00000  636.84130  13.9%  1375  180s
H   27    27                     564.0000000  636.67668  12.9%  1982  185s
    28    30  610.22225   20 1331  564.00000  636.67668  12.9%  2103  234s
    33    35  604.54186   22 1300  564.00000  636.67668  12.9%  2209  235s
H   54    54                     565.0000000  636.67668  12.7%  1758  237s
    69    63  627.02946    4 1429  565.00000  636.67667  12.7%  1746  241s
    82    76  607.83789   14 1327  565.00000  636.67667  12.7%  1836  245s
   119   113  584.90821   41 1220  565.00000  636.67667  12.7%  1676  250s
H  135   115                     567.0000000  636.67667  12.3%  1540  250s
   147   121  617.82894    5 1379  567.00000  636.41701  12.2%  1619  255s
H  157   129                     568.0000000  636.41701  12.0%  1635  258s
   166   140  609.75794   19 1340  568.00000  636.41701  12.0%  1665  260s
   200   174  575.10716   41 1177  568.00000  636.41701  12.0%  1640  265s
H  216   175                     569.0000000  636.41701  11.8%  1547  267s
   220   181  621.82205    7 1407  569.00000  636.41669  11.8%  1618  270s
   230   191  614.77773   13 1372  569.00000  636.41669  11.8%  1689  275s
   253   214  591.83076   29 1282  569.00000  636.41669  11.8%  1706  280s
H  298   248                     570.0000000  636.41669  11.7%  1604  284s
   301   247  636.15402    4 1483  570.00000  636.15402  11.6%  1594  285s
   303   249  631.04246    5 1447  570.00000  636.00467  11.6%  1616  298s
   305   251  619.46503    6 1397  570.00000  636.00467  11.6%  1639  300s
   319   265  619.33832   17 1383  570.00000  636.00467  11.6%  1661  305s
   340   286  605.31767   32 1294  570.00000  636.00467  11.6%  1680  310s
   394   332  572.88393   69 1115  570.00000  636.00467  11.6%  1581  315s
   418   340  621.92172   11 1404  570.00000  636.00425  11.6%  1569  320s
   438   360  600.74283   25 1297  570.00000  636.00425  11.6%  1587  325s
   477   397  577.13761   50 1156  570.00000  636.00425  11.6%  1567  330s
   518   422  629.52374   15 1434  570.00000  635.76912  11.5%  1515  336s
   530   434  609.75914   23 1337  570.00000  635.76912  11.5%  1534  340s
   567   470  593.47710   33 1487  570.00000  635.76912  11.5%  1522  359s
   569   471  623.06934    7 1332  570.00000  635.76912  11.5%  1516  360s
   570   472  584.45422   45 1484  570.00000  635.76912  11.5%  1514  369s
   571   473  621.74715   13 1490  570.00000  635.76912  11.5%  1511  372s
   576   476  595.30079   32 1491  570.00000  635.76912  11.5%  1498  381s
   577   477  583.82563   45 1487  570.00000  635.76912  11.5%  1495  390s
   579   478  595.66937   21 1487  570.00000  635.76912  11.5%  1490  399s
   580   479  613.38936   14 1484  570.00000  635.76912  11.5%  1488  406s
   582   480  580.97338   40 1489  570.00000  635.76912  11.5%  1482  414s
   583   481  606.83877   19 1485  570.00000  635.76912  11.5%  1480  422s
   585   482  625.92796   11 1490  570.00000  635.76912  11.5%  1475  430s
   586   483  595.30079   32 1491  570.00000  635.76912  11.5%  1472  439s
   587   483  597.92640   27 1490  570.00000  635.76912  11.5%  1470  448s
   588   484  619.29368   13 1487  570.00000  635.76912  11.5%  1467  456s
   589   485  574.61746   37 1487  570.00000  635.76912  11.5%  1465  465s
   590   485  594.82530   36 1487  570.00000  635.76912  11.5%  1462  473s
   593   487  583.28049   44 1487  570.00000  635.76912  11.5%  1455  475s
   596   491  632.88527   15 1459  570.00000  635.76912  11.5%  1555  480s
   604   497  635.32712   19 1474  570.00000  635.47274  11.5%  1573  485s
   626   511  631.86966   30 1447  570.00000  635.47274  11.5%  1568  490s
   636   518  618.69444   35 1386  570.00000  635.47274  11.5%  1588  495s
   648   526  628.51945   41 1427  570.00000  635.47274  11.5%  1605  500s
   657   532  629.09579   46 1436  570.00000  635.47274  11.5%  1621  505s
   664   537  617.81959   49 1378  570.00000  635.47274  11.5%  1650  511s
   676   545  620.96023   55 1406  570.00000  635.47274  11.5%  1661  515s
   684   550  624.04579   59 1407  570.00000  635.47274  11.5%  1684  520s
   694   557  610.38250   64 1350  570.00000  635.47274  11.5%  1707  525s
   705   564  623.24788   70 1396  570.00000  635.47274  11.5%  1723  530s
   707   565  624.52973   71 1412  570.00000  635.47274  11.5%  1722  537s
   718   573  621.80248   76 1398  570.00000  635.47274  11.5%  1728  540s
   742   589  618.07804   88 1390  570.00000  635.47274  11.5%  1738  545s
   770   607  610.81197  102 1360  570.00000  635.47274  11.5%  1736  550s
   788   619  610.65827  111 1363  570.00000  635.47274  11.5%  1742  555s
   807   632  605.28007  121 1340  570.00000  635.47274  11.5%  1752  560s
   831   648  603.65383  133 1345  570.00000  635.47274  11.5%  1751  565s
   850   661  597.15742  142 1318  570.00000  635.47274  11.5%  1756  570s
   868   673  597.95634  151 1322  570.00000  635.47274  11.5%  1765  575s
   886   685  592.51698  160 1289  570.00000  635.47274  11.5%  1775  580s
   906   698  591.70045  170 1288  570.00000  635.47274  11.5%  1783  585s
   928   713  587.07793  181 1262  570.00000  635.47274  11.5%  1789  590s
   952   729  581.01173  193 1227  570.00000  635.47274  11.5%  1796  595s
   984   750  578.29947  209 1210  570.00000  635.47274  11.5%  1804  600s
  1040   785  582.72222  237 1177  570.00000  635.47274  11.5%  1780  605s
  1141   832  634.75085   21 1481  570.00000  635.47183  11.5%  1679  610s
  1148   836  628.80872   24 1439  570.00000  635.47183  11.5%  1700  616s
  1154   840  627.15713   27 1431  570.00000  635.47183  11.5%  1715  621s
  1158   843  628.86357   29 1439  570.00000  635.47183  11.5%  1725  625s
  1164   847  629.99384   32 1436  570.00000  635.47183  11.5%  1742  630s
  1170   851  628.40939   35 1435  570.00000  635.47183  11.5%  1754  635s
  1178   856  629.33578   39 1442  570.00000  635.47183  11.5%  1766  640s
  1186   862  626.97600   43 1423  570.00000  635.47183  11.5%  1780  645s
  1196   868  626.54864   48 1422  570.00000  635.47183  11.5%  1795  650s
  1206   875  621.35046   53 1410  570.00000  635.47183  11.5%  1811  655s
  1216   882  622.40269   58 1404  570.00000  635.47183  11.5%  1828  660s
  1228   890  624.68740   64 1406  570.00000  635.47183  11.5%  1845  665s
  1243   900  625.91799   72 1416  570.00000  635.47183  11.5%  1859  670s
  1260   911  617.76612   80 1373  570.00000  635.47183  11.5%  1880  675s
  1272   919  619.62063   86 1386  570.00000  635.47183  11.5%  1892  680s
  1284   927  614.60064   92 1358  570.00000  635.47183  11.5%  1904  685s
  1300   938  615.95162  100 1355  570.00000  635.47183  11.5%  1911  690s
  1316   948  612.62637  108 1348  570.00000  635.47183  11.5%  1923  695s
  1332   959  616.25382  116 1357  570.00000  635.47183  11.5%  1931  700s
H 1351   945                     571.0000000  635.47183  11.3%  1933  704s
  1352   947  615.51814  126 1344  571.00000  635.47183  11.3%  1934  705s
  1377   964  614.79323  139 1336  571.00000  635.47183  11.3%  1936  710s
  1404   982  593.93333  152 1191  571.00000  635.47183  11.3%  1938  715s
  1441  1007  607.78042  171 1292  571.00000  635.47183  11.3%  1926  720s
H 1530  1028                     572.0000000  635.47183  11.1%  1866  724s
  1546  1041  590.22151  223 1187  572.00000  635.47183  11.1%  1852  725s
  1670  1095  634.48204   21 1473  572.00000  635.18991  11.0%  1748  730s
  1676  1099  633.94348   24 1464  572.00000  635.18991  11.0%  1759  735s
  1682  1103  633.44965   27 1463  572.00000  635.18991  11.0%  1769  740s
  1689  1108  626.65759   30 1430  572.00000  635.18991  11.0%  1782  745s
  1697  1113  624.63690   34 1405  572.00000  635.18991  11.0%  1794  751s
  1705  1119  627.33261   38 1419  572.00000  635.18991  11.0%  1803  756s
  1711  1123  622.65528   41 1406  572.00000  635.18991  11.0%  1812  760s
  1723  1131  624.52771   47 1413  572.00000  635.18991  11.0%  1827  765s
  1733  1137  621.87908   52 1397  572.00000  635.18991  11.0%  1837  771s
  1741  1143  619.99060   56 1381  572.00000  635.18991  11.0%  1846  775s
  1751  1149  624.37918   61 1407  572.00000  635.18991  11.0%  1853  780s
  1761  1156  623.82916   66 1404  572.00000  635.18991  11.0%  1860  785s
  1775  1165  620.76098   73 1381  572.00000  635.18991  11.0%  1868  790s
  1785  1172  615.40293   78 1345  572.00000  635.18991  11.0%  1877  795s
  1801  1183  620.42111   86 1376  572.00000  635.18991  11.0%  1886  800s
H 1810  1155                     573.0000000  635.18991  10.9%  1890  802s
  1817  1161  617.89791   94 1358  573.00000  635.18991  10.9%  1896  805s
  1833  1172  618.37793  102 1340  573.00000  635.18991  10.9%  1902  810s
  1858  1193  619.40657  115 1350  573.00000  635.18991  10.9%  1908  815s
  1891  1226  610.86373  131 1312  573.00000  635.18991  10.9%  1909  820s
H 1921  1240                     574.0000000  635.18991  10.7%  1907  824s
  1923  1244  611.49922  147 1302  574.00000  635.18991  10.7%  1907  825s
  1961  1282  606.83561  166 1286  574.00000  635.18991  10.7%  1897  830s
  1997  1318  597.76186  184 1236  574.00000  635.18991  10.7%  1887  835s
  2049  1370  594.88897  210 1250  574.00000  635.18991  10.7%  1859  840s
  2107  1428  583.90517  239 1162  574.00000  635.18991  10.7%  1826  846s
  2134  1455  579.28495  253 1074  574.00000  635.18991  10.7%  1808  850s
  2173  1474  634.63575   18 1476  574.00000  635.18785  10.7%  1780  855s
  2178  1479  628.83707   20 1438  574.00000  635.18785  10.7%  1788  860s
  2182  1483  626.25018   22 1422  574.00000  635.18785  10.7%  1794  866s
  2188  1489  619.64010   25 1392  574.00000  635.18785  10.7%  1802  871s
  2193  1494  632.92624   28 1462  574.00000  635.18785  10.7%  1806  875s
  2200  1501  627.92319   31 1436  574.00000  635.18785  10.7%  1815  880s
  2208  1509  628.26100   35 1430  574.00000  635.18785  10.7%  1822  886s
  2216  1517  624.95914   39 1416  574.00000  635.18785  10.7%  1830  891s
  2222  1523  626.14098   42 1425  574.00000  635.18785  10.7%  1837  895s
  2234  1535  625.62189   48 1413  574.00000  635.18785  10.7%  1848  905s
  2242  1543  625.57178   52 1412  574.00000  635.18785  10.7%  1855  910s
  2250  1551  622.38830   56 1403  574.00000  635.18785  10.7%  1862  915s
  2258  1559  610.69231   60 1348  574.00000  635.18785  10.7%  1869  920s
  2260  1561  625.16401   61 1407  574.00000  635.18785  10.7%  1870  925s
  2270  1571  623.64331   66 1399  574.00000  635.18785  10.7%  1877  930s
  2282  1583  623.38853   72 1393  574.00000  635.18785  10.7%  1881  935s
  2296  1597  620.57733   79 1382  574.00000  635.18785  10.7%  1886  940s
  2300  1601  620.59072   81 1381  574.00000  635.18785  10.7%  1887  945s
  2312  1613  617.03858   87 1366  574.00000  635.18785  10.7%  1893  950s
  2326  1627  613.70015   94 1348  574.00000  635.18785  10.7%  1899  957s
  2334  1635  619.72187   98 1368  574.00000  635.18785  10.7%  1901  960s
  2350  1651  617.61810  106 1346  574.00000  635.18785  10.7%  1904  965s
  2353  1654  619.96191  108 1373  574.00000  635.18785  10.7%  1904  976s
  2354  1655  610.33192  108 1316  574.00000  635.18785  10.7%  1906  981s
  2367  1668  618.58789  115 1359  574.00000  635.18785  10.7%  1906  985s
  2380  1681  615.15590  121 1343  574.00000  635.18785  10.7%  1909  993s
  2388  1689  614.74312  125 1343  574.00000  635.18785  10.7%  1910  995s
  2407  1708  614.20055  135 1340  574.00000  635.18785  10.7%  1909 1004s
  2408  1709  611.11093  135 1320  574.00000  635.18785  10.7%  1910 1005s
H 2434  1724                     575.0000000  635.18785  10.5%  1906 1011s
  2461  1753  606.91974  162 1310  575.00000  635.18785  10.5%  1902 1018s
  2474  1766  600.91654  168 1276  575.00000  635.18785  10.5%  1900 1020s
  2541  1833  596.41616  202 1240  575.00000  635.18785  10.5%  1875 1025s
  2662  1933  632.17273   17 1461  575.00000  634.86231  10.4%  1813 1030s
  2669  1940  631.37603   21 1455  575.00000  634.86231  10.4%  1819 1035s
  2676  1947  619.94441   24 1399  575.00000  634.86231  10.4%  1828 1041s
  2682  1953  627.08295   27 1429  575.00000  634.86231  10.4%  1832 1045s
  2688  1959  623.88895   30 1411  575.00000  634.86231  10.4%  1837 1050s
  2696  1967  625.39200   34 1418  575.00000  634.86231  10.4%  1842 1055s
  2704  1975  622.95161   38 1409  575.00000  634.86231  10.4%  1847 1060s
  2712  1983  609.39803   42 1355  575.00000  634.86231  10.4%  1855 1066s
  2719  1990  627.03410   46 1423  575.00000  634.86231  10.4%  1858 1071s
  2726  1997  621.89760   49 1402  575.00000  634.86231  10.4%  1862 1075s
  2736  2007  621.93245   54 1397  575.00000  634.86231  10.4%  1867 1080s
  2748  2019  616.97290   60 1371  575.00000  634.86231  10.4%  1873 1085s
  2758  2029  620.49392   65 1387  575.00000  634.86231  10.4%  1876 1091s
  2768  2039  617.47009   70 1384  575.00000  634.86231  10.4%  1881 1095s
  2782  2053  615.01325   77 1360  575.00000  634.86231  10.4%  1886 1100s
  2798  2069  612.66432   85 1350  575.00000  634.86231  10.4%  1891 1105s
  2821  2092  619.27555   97 1366  575.00000  634.86231  10.4%  1896 1110s
  2843  2114  617.90538  108 1353  575.00000  634.86231  10.4%  1899 1121s
  2858  2129  612.93556  115 1332  575.00000  634.86231  10.4%  1901 1125s
H 2859  2113                     576.0000000  634.86231  10.2%  1900 1130s
  2880  2136  605.64220  126 1310  576.00000  634.86231  10.2%  1901 1135s
  2910  2166  603.86126  141 1292  576.00000  634.86231  10.2%  1900 1140s
  2951  2207  603.91069  162 1294  576.00000  634.86231  10.2%  1894 1145s
  3006  2262  596.13383  189 1247  576.00000  634.86231  10.2%  1879 1150s
  3097  2353  581.30282  235 1153  576.00000  634.86231  10.2%  1844 1155s
  3137  2375  622.57135   23 1392  576.00000  634.86196  10.2%  1833 1160s
  3144  2382  632.95713   27 1443  576.00000  634.86196  10.2%  1838 1165s
  3155  2393  627.72496   32 1412  576.00000  634.86196  10.2%  1847 1170s
  3166  2404  630.88230   38 1435  576.00000  634.86196  10.2%  1853 1175s
  3178  2416  629.53634   44 1426  576.00000  634.86196  10.2%  1860 1180s
  3189  2427  622.70363   49 1380  576.00000  634.86196  10.2%  1868 1185s
  3201  2439  624.84845   55 1396  576.00000  634.86196  10.2%  1874 1190s
  3213  2451  624.33220   61 1380  576.00000  634.86196  10.2%  1877 1195s
  3231  2469  621.36001   70 1384  576.00000  634.86196  10.2%  1882 1200s
  3245  2483  620.70865   77 1365  576.00000  634.86196  10.2%  1886 1205s
  3257  2495  619.31522   83 1364  576.00000  634.86196  10.2%  1892 1210s
  3269  2507  618.83208   89 1336  576.00000  634.86196  10.2%  1894 1215s
  3289  2527  617.14520   99 1338  576.00000  634.86196  10.2%  1897 1220s
  3311  2549  615.84883  110 1327  576.00000  634.86196  10.2%  1899 1225s
  3339  2577  610.36892  124 1308  576.00000  634.86196  10.2%  1899 1230s
  3373  2611  605.61375  141 1278  576.00000  634.86196  10.2%  1897 1235s
  3395  2633  596.85417  152 1219  576.00000  634.86196  10.2%  1895 1241s
  3433  2671  603.66486  171 1270  576.00000  634.86196  10.2%  1888 1245s
  3516  2754  590.95610  213 1207  576.00000  634.86196  10.2%  1864 1250s
  3631  2820  625.52942   21 1414  576.00000  634.69282  10.2%  1819 1255s
  3637  2826  620.05616   24 1390  576.00000  634.69282  10.2%  1824 1260s
  3645  2834  625.67161   28 1412  576.00000  634.69282  10.2%  1829 1265s
  3653  2842  625.64151   32 1415  576.00000  634.69282  10.2%  1834 1270s
  3663  2852  622.02835   37 1389  576.00000  634.69282  10.2%  1840 1275s
  3669  2858  626.03094   40 1413  576.00000  634.69282  10.2%  1843 1285s
  3677  2866  625.45467   44 1410  576.00000  634.69282  10.2%  1848 1290s
  3685  2874  620.17460   48 1378  576.00000  634.69282  10.2%  1853 1295s
  3697  2886  624.67225   54 1407  576.00000  634.69282  10.2%  1858 1301s
  3707  2896  623.45301   59 1395  576.00000  634.69282  10.2%  1861 1305s
  3721  2910  622.32143   66 1379  576.00000  634.69282  10.2%  1866 1310s
  3733  2922  621.15112   72 1378  576.00000  634.69282  10.2%  1871 1315s
  3747  2936  621.23705   79 1373  576.00000  634.69282  10.2%  1874 1320s
  3749  2938  619.43359   80 1373  576.00000  634.69282  10.2%  1875 1325s
  3767  2956  619.18626   89 1357  576.00000  634.69282  10.2%  1879 1330s
  3783  2972  611.49041   97 1335  576.00000  634.69282  10.2%  1883 1335s
  3799  2988  617.08396  105 1337  576.00000  634.69282  10.2%  1886 1340s
  3823  3012  615.52931  117 1334  576.00000  634.69282  10.2%  1886 1345s
  3849  3038  610.16447  130 1299  576.00000  634.69282  10.2%  1887 1350s
  3873  3062  609.59906  142 1307  576.00000  634.69282  10.2%  1886 1355s
  3901  3090  607.20534  156 1287  576.00000  634.69282  10.2%  1885 1360s
  3945  3134  597.07810  178 1222  576.00000  634.69282  10.2%  1878 1365s
  4008  3197  592.06738  210 1219  576.00000  634.69282  10.2%  1861 1370s
  4113  3279  626.18143   22 1415  576.00000  634.69276  10.2%  1828 1375s
  4119  3285  626.47108   25 1423  576.00000  634.69276  10.2%  1832 1381s
  4123  3289  622.78879   27 1405  576.00000  634.69276  10.2%  1835 1387s
  4127  3293  619.62538   29 1387  576.00000  634.69276  10.2%  1838 1390s
  4133  3299  626.39266   32 1423  576.00000  634.69276  10.2%  1842 1395s
  4141  3307  628.38392   36 1425  576.00000  634.69276  10.2%  1846 1400s
  4149  3315  622.21736   40 1395  576.00000  634.69276  10.2%  1850 1405s
  4158  3324  630.45930   45 1442  576.00000  634.69276  10.2%  1854 1410s
  4167  3333  620.27465   49 1386  576.00000  634.69276  10.2%  1859 1415s
  4178  3344  628.72699   55 1428  576.00000  634.69276  10.2%  1862 1422s
  4183  3349  625.25952   57 1410  576.00000  634.69276  10.2%  1864 1425s
  4195  3361  623.45511   63 1396  576.00000  634.69276  10.2%  1868 1430s
  4207  3373  622.92380   69 1388  576.00000  634.69276  10.2%  1871 1435s
  4218  3384  624.93932   75 1399  576.00000  634.69276  10.2%  1874 1440s
  4231  3397  618.20395   81 1375  576.00000  634.69276  10.2%  1878 1445s
  4243  3409  620.56178   87 1367  576.00000  634.69276  10.2%  1881 1450s
  4257  3423  613.13962   94 1340  576.00000  634.69276  10.2%  1884 1455s
  4276  3442  620.73282  104 1367  576.00000  634.69276  10.2%  1886 1460s
  4299  3465  616.58969  115 1324  576.00000  634.69276  10.2%  1888 1465s
  4327  3493  612.31926  129 1313  576.00000  634.69276  10.2%  1889 1470s
  4337  3503  609.21386  134 1317  576.00000  634.69276  10.2%  1889 1485s
  4365  3531  606.69940  148 1291  576.00000  634.69276  10.2%  1888 1490s
  4417  3583  603.54479  174 1272  576.00000  634.69276  10.2%  1882 1495s
  4501  3667  591.65092  216 1217  576.00000  634.69276  10.2%  1865 1500s
  4609  3753  631.77786   32 1444  576.00000  634.36619  10.1%  1833 1505s
  4649  3793  624.51459   72 1399  576.00000  634.36619  10.1%  1826 1510s
  4701  3845  615.47818  118 1317  576.00000  634.36619  10.1%  1816 1515s
  4751  3895  607.92028  152 1283  576.00000  634.36619  10.1%  1809 1520s
  4822  3966  599.90272  189 1243  576.00000  634.36619  10.1%  1794 1525s
  4927  4071  592.53045  209 1210  576.00000  634.36619  10.1%  1769 1530s
  5075  4219  583.39063  235 1156  576.00000  634.36619  10.1%  1731 1535s
  5281  4386  632.13626   26 1452  576.00000  634.36058  10.1%  1675 1540s
  5310  4415  627.15236   54 1413  576.00000  634.36058  10.1%  1672 1545s
  5361  4466  617.45770  103 1343  576.00000  634.36058  10.1%  1665 1550s
  5403  4508  609.58291  132 1310  576.00000  634.36058  10.1%  1662 1555s
  5456  4561  602.41797  165 1281  576.00000  634.36058  10.1%  1657 1560s
  5553  4658  593.24797  199 1214  576.00000  634.36058  10.1%  1641 1565s
  5724  4829  582.69828  228 1137  576.00000  634.36058  10.1%  1606 1570s
  5843  4926  631.05564   35 1448  576.00000  634.20507  10.1%  1582 1575s
  5884  4967  623.79905   76 1398  576.00000  634.20507  10.1%  1577 1584s
  5887  4970  623.03612   79 1398  576.00000  634.20507  10.1%  1577 1585s
  5929  5012  616.11585  115 1348  576.00000  634.20507  10.1%  1574 1590s
  5969  5052  608.01863  140 1312  576.00000  634.20507  10.1%  1573 1595s
  6012  5095  603.43789  171 1287  576.00000  634.20507  10.1%  1569 1601s
  6076  5159  595.34046  196 1248  576.00000  634.20507  10.1%  1560 1605s
  6238  5321  584.55000  229 1179  576.00000  634.20507  10.1%  1532 1610s
  6404  5471  632.76926   25 1455  576.00000  634.20311  10.1%  1503 1615s
  6440  5507  626.55601   61 1412  576.00000  634.20311  10.1%  1500 1620s
  6486  5553  616.78691  102 1350  576.00000  634.20311  10.1%  1496 1625s
  6526  5593  609.72722  130 1323  576.00000  634.20311  10.1%  1495 1630s
  6579  5646  602.72690  165 1290  576.00000  634.20311  10.1%  1492 1635s
  6663  5730  594.32474  200 1229  576.00000  634.20311  10.1%  1482 1640s
  6801  5868  583.39437  229 1173  576.00000  634.20311  10.1%  1462 1645s
  6947  6002  632.47929   30 1459  576.00000  634.05445  10.1%  1440 1650s
  6979  6034  627.08800   62 1420  576.00000  634.05445  10.1%  1438 1655s
  7009  6064  621.94215   92 1390  576.00000  634.05445  10.1%  1435 1660s
  7014  6069  620.97889   97 1382  576.00000  634.05445  10.1%  1435 1665s
  7056  6111  612.19789  129 1330  576.00000  634.05445  10.1%  1432 1670s
  7095  6150  605.61625  154 1293  576.00000  634.05445  10.1%  1432 1675s
  7154  6209  597.58533  184 1263  576.00000  634.05445  10.1%  1428 1680s
  7257  6312  589.18866  211 1207  576.00000  634.05445  10.1%  1417 1685s
  7425  6442  632.53475   31 1457  576.00000  634.05426  10.1%  1392 1690s
  7459  6476  625.39953   63 1405  576.00000  634.05426  10.1%  1391 1695s
  7507  6524  618.27847  111 1352  576.00000  634.05426  10.1%  1387 1700s
  7550  6567  610.63753  139 1289  576.00000  634.05426  10.1%  1386 1705s
  7579  6596  606.65688  156 1276  576.00000  634.05426  10.1%  1386 1710s
  7662  6679  595.32435  190 1221  576.00000  634.05426  10.1%  1379 1715s
  7830  6847  581.45283  236 1109  576.00000  634.05426  10.1%  1359 1720s
  7976  6955  631.52825   33 1445  576.00000  633.79448  10.0%  1340 1725s
  8011  6990  625.54947   68 1405  576.00000  633.79448  10.0%  1338 1730s
  8016  6995  624.76233   73 1399  576.00000  633.79448  10.0%  1338 1737s
  8017  6996  624.56780   74 1400  576.00000  633.79448  10.0%  1338 1744s
  8020  6999  624.06797   77 1400  576.00000  633.79448  10.0%  1337 1745s
  8062  7041  615.21748  112 1335  576.00000  633.79448  10.0%  1336 1750s
  8103  7082  609.46860  143 1314  576.00000  633.79448  10.0%  1336 1755s
  8165  7144  600.21060  175 1256  576.00000  633.79448  10.0%  1333 1760s
  8323  7302  583.78462  225 1172  576.00000  633.79448  10.0%  1318 1765s
  8476  7429  623.47268   31 1400  576.00000  633.61988  10.0%  1300 1770s
  8547  7500  608.69077   98 1303  576.00000  633.61988  10.0%  1295 1775s
  8623  7576  596.29736  148 1251  576.00000  633.61988  10.0%  1291 1780s
  8835  7764  626.00828   23 1420  576.00000  633.55007  10.0%  1269 1787s
  8849  7778  612.67804   37 1349  576.00000  633.55007  10.0%  1269 1790s
  8929  7846  624.99738   25 1414  576.00000  633.51561  10.0%  1264 1795s
  8973  7890  615.81971   69 1358  576.00000  633.51561  10.0%  1261 1800s
  9018  7935  605.46587  114 1304  576.00000  633.51561  10.0%  1258 1805s
  9141  8032  618.72734   24 1384  576.00000  633.49462  10.0%  1247 1810s
  9148  8039  623.80775   28 1411  576.00000  633.49462  10.0%  1249 1815s
  9157  8048  614.06769   32 1375  576.00000  633.49462  10.0%  1251 1820s
  9169  8060  618.03434   38 1378  576.00000  633.49462  10.0%  1254 1825s
  9184  8075  620.03790   46 1387  576.00000  633.49462  10.0%  1256 1830s
  9199  8090  613.21713   53 1356  576.00000  633.49462  10.0%  1259 1835s
  9209  8100  611.19001   58 1342  576.00000  633.49462  10.0%  1261 1841s
  9225  8116  611.83377   66 1343  576.00000  633.49462  10.0%  1264 1845s
  9245  8136  610.60802   76 1335  576.00000  633.49462  10.0%  1266 1850s
  9269  8160  606.28536   88 1309  576.00000  633.49462  10.0%  1268 1855s
  9297  8188  607.86857  102 1303  576.00000  633.49462  10.0%  1270 1860s
  9351  8242  595.07789  129 1243  576.00000  633.49462  10.0%  1271 1865s
  9419  8310  591.98912  163 1198  576.00000  633.49462  10.0%  1270 1870s
  9460  8351  588.09735  184 1182  576.00000  633.49462  10.0%  1267 1880s
  9545  8412  631.20612   27 1457  576.00000  633.49299  10.0%  1261 1885s
  9546  8413  631.00304   28 1458  576.00000  633.49299  10.0%  1261 1894s
  9547  8414  630.79684   29 1456  576.00000  633.49299  10.0%  1261 1895s
  9587  8454  623.80356   69 1407  576.00000  633.49299  10.0%  1259 1900s
  9657  8524  609.77591  139 1332  576.00000  633.49299  10.0%  1255 1905s
  9795  8627  632.01116   21 1463  576.00000  633.48806  10.0%  1243 1910s
  9825  8657  622.14342   51 1395  576.00000  633.48806  10.0%  1243 1915s
  9902  8734  601.29692  128 1250  576.00000  633.48806  10.0%  1238 1920s
 10001  8807  622.44533   40 1405  576.00000  633.43148  10.0%  1231 1925s
 10020  8826  618.14062   59 1383  576.00000  633.43148  10.0%  1230 1931s
 10075  8881  606.98887  109 1297  576.00000  633.43148  10.0%  1227 1935s
 10168  8974  590.78816  167 1211  576.00000  633.43148  10.0%  1223 1940s
 10203  9008  592.18743  201 1487  576.00000  633.43148  10.0%  1220 2644s
 10205  9009  622.97111   85 1332  576.00000  633.43148  10.0%  1220 2645s
 10206  9010  615.75263   31 1485  576.00000  633.43148  10.0%  1220 2652s
 10207  9011  625.52361   22 1487  576.00000  630.91590  9.53%  1220 2656s
 10213  9015  623.97233   31 1490  576.00000  629.68179  9.32%  1219 2678s
 10214  9015  585.73347  223 1490  576.00000  629.59873  9.31%  1219 2695s
 10217  9017  622.56482   24 1492  576.00000  629.57059  9.30%  1218 2714s
 10218  9018  622.79808   47 1489  576.00000  629.20990  9.24%  1218 2731s
 10222  9021  619.90921  100 1491  576.00000  629.13550  9.22%  1218 2749s
 10223  9021  628.72669   38 1486  576.00000  628.96441  9.20%  1218 2766s
 10226  9023  628.92206   32 1488  576.00000  628.92206  9.19%  1217 2788s
 10227  9024  618.65475   69 1488  576.00000  628.81439  9.17%  1217 2807s
 10230  9026  626.86098   60 1490  576.00000  628.77696  9.16%  1217 2828s
 10231  9027  580.68750  200 1491  576.00000  628.62083  9.14%  1217 2845s
 10234  9029  591.21325  208 1490  576.00000  628.56158  9.13%  1216 2864s
 10235  9029  618.38942  105 1489  576.00000  628.50913  9.12%  1216 2882s
 10238  9031  609.27136   88 1490  576.00000  628.47571  9.11%  1216 2901s
 10239  9032  628.26282   37 1489  576.00000  628.26282  9.07%  1216 2917s
 10242  9034  585.07059  221 1491  576.00000  628.18207  9.06%  1216 2935s
 10243  9035  628.03962   40 1491  576.00000  628.03962  9.03%  1215 2954s
 10246  9037  580.21429  239 1492  576.00000  627.98711  9.03%  1215 2973s
 10247  9037  588.83068  212 1491  576.00000  627.81660  9.00%  1215 2990s
 10249  9039  606.24538   89 1491  576.00000  627.76632  8.99%  1215 3008s
 10250  9039  596.16808  191 1489  576.00000  627.61937  8.96%  1215 3025s
 10253  9041  600.25225  117 1493  576.00000  627.55471  8.95%  1214 3047s
 10254  9042  601.40068  178 1488  576.00000  627.35179  8.92%  1214 3066s
 10257  9044  599.35584  186 1490  576.00000  627.30561  8.91%  1214 3086s
 10258  9045  611.18813   59 1485  576.00000  627.23355  8.89%  1214 3107s
 10261  9047  579.81011  246 1491  576.00000  627.19419  8.89%  1213 3129s
 10262  9047  583.49020  224 1491  576.00000  627.05999  8.86%  1213 3149s
 10265  9049  612.65857  125 1494  576.00000  627.00777  8.86%  1213 3171s
 10266  9050  606.48866  156 1489  576.00000  626.96566  8.85%  1213 3190s
 10268  9051  604.00857  178 1493  576.00000  626.95136  8.85%  1212 3211s
 10269  9052  602.16924  141 1490  576.00000  626.93120  8.84%  1212 3232s
 10272  9054  585.95988  225 1495  576.00000  626.90324  8.84%  1212 3254s
 10273  9055  626.83866   32 1491  576.00000  626.83866  8.83%  1212 3275s
 10275  9056  615.02550  107 1493  576.00000  626.82325  8.82%  1212 3295s
 10276  9057  620.56776   82 1491  576.00000  626.80717  8.82%  1211 3315s
 10277  9057  616.06374   72 1495  576.00000  626.80350  8.82%  1211 3338s
 10278  9058  589.88509  212 1493  576.00000  626.78389  8.82%  1211 3359s
 10279  9059  622.98993   46 1494  576.00000  626.78044  8.82%  1211 3383s
 10280  9059  608.31502  162 1492  576.00000  626.75397  8.81%  1211 3405s
 10281  9060  582.27778  239 1494  576.00000  626.74888  8.81%  1211 3428s
 10282  9061  585.73859  236 1492  576.00000  626.72339  8.81%  1211 3452s
 10284  9062  625.27089   70 1492  576.00000  626.71582  8.80%  1211 3472s
 10285  9063  597.58485  185 1490  576.00000  626.71064  8.80%  1210 3492s
 10286  9063  587.03571  184 1491  576.00000  626.70961  8.80%  1210 3516s
 10287  9064  601.52306  127 1491  576.00000  626.70945  8.80%  1210 3537s
 10288  9065  626.70943   24 1492  576.00000  626.70943  8.80%  1210 3560s
 10289  9065  578.91667  241 1492  576.00000  626.70937  8.80%  1210 3583s

Cutting planes:
  Gomory: 11
  Flow cover: 66
  Zero half: 612
  RLT: 170
  BQP: 24

Explored 10289 nodes (12653958 simplex iterations) in 3600.06 seconds (4214.43 work units)
Thread count was 1 (of 24 available processors)

Solution count 10: 576 575 574 ... 567

Time limit reached
Best objective 5.760000000000e+02, best bound 6.260000000000e+02, gap 8.6806%

User-callback calls 168062, time in user-callback 0.95 sec
