
Gurobi 11.0.3 (linux64) logging started Sat Mar  7 17:20:15 2026

Set parameter LogFile to value "./log/train/IS_1500_6/IS_93.lp.log"
Set parameter TimeLimit to value 3600
Gurobi Optimizer version 11.0.3 build v11.0.3rc0 (linux64 - "Ubuntu 22.04.5 LTS")

CPU model: AMD Ryzen 9 9900X 12-Core Processor, instruction set [SSE2|AVX|AVX2|AVX512]
Thread count: 12 physical cores, 24 logical processors, using up to 1 threads

Optimize a model with 9167 rows, 1500 columns and 18088 nonzeros
Model fingerprint: 0xa69abc3f
Variable types: 0 continuous, 1500 integer (1500 binary)
Coefficient statistics:
  Matrix range     [1e+00, 1e+00]
  Objective range  [1e+00, 1e+00]
  Bounds range     [1e+00, 1e+00]
  RHS range        [1e+00, 1e+00]
Found heuristic solution: objective 330.0000000
Presolve removed 1751 rows and 0 columns
Presolve time: 0.03s
Presolved: 7416 rows, 1500 columns, 16275 nonzeros
Variable types: 0 continuous, 1500 integer (1500 binary)

Root relaxation: objective 6.845000e+02, 4168 iterations, 0.21 seconds (0.29 work units)

    Nodes    |    Current Node    |     Objective Bounds      |     Work
 Expl Unexpl |  Obj  Depth IntInf | Incumbent    BestBd   Gap | It/Node Time

     0     0  684.50000    0 1353  330.00000  684.50000   107%     -    0s
H    0     0                     516.0000000  684.50000  32.7%     -    0s
H    0     0                     518.0000000  684.50000  32.1%     -    0s
     0     0  666.73075    0 1481  518.00000  666.73075  28.7%     -    1s
H    0     0                     546.0000000  666.73075  22.1%     -   53s
H    0     0                     549.0000000  666.73075  21.4%     -   53s
     0     0  666.62592    0 1479  549.00000  666.62592  21.4%     -   54s
     0     0  666.62426    0 1480  549.00000  666.62426  21.4%     -   54s
     0     0  657.77060    0 1475  549.00000  657.77060  19.8%     -   55s
     0     0  657.32427    0 1479  549.00000  657.32427  19.7%     -   55s
     0     0  657.22707    0 1481  549.00000  657.22707  19.7%     -   55s
     0     0  657.21066    0 1480  549.00000  657.21066  19.7%     -   55s
     0     0  657.20544    0 1482  549.00000  657.20544  19.7%     -   55s
     0     0  653.94889    0 1488  549.00000  653.94889  19.1%     -   56s
H    0     0                     551.0000000  653.94889  18.7%     -   57s
H    0     0                     553.0000000  653.94889  18.3%     -   57s
     0     0  653.52348    0 1485  553.00000  653.52348  18.2%     -   57s
     0     0  653.46816    0 1488  553.00000  653.46816  18.2%     -   57s
     0     0  653.45784    0 1487  553.00000  653.45784  18.2%     -   57s
     0     0  653.45474    0 1487  553.00000  653.45474  18.2%     -   57s
     0     0  649.97298    0 1484  553.00000  649.97298  17.5%     -   58s
H    0     0                     554.0000000  649.97298  17.3%     -   58s
     0     0  649.74508    0 1488  554.00000  649.74508  17.3%     -   58s
     0     0  649.71670    0 1489  554.00000  649.71670  17.3%     -   58s
     0     0  649.70868    0 1488  554.00000  649.70868  17.3%     -   59s
     0     0  647.38999    0 1484  554.00000  647.38999  16.9%     -   60s
     0     0  647.06752    0 1484  554.00000  647.06752  16.8%     -   60s
     0     0  647.00189    0 1484  554.00000  647.00189  16.8%     -   60s
     0     0  646.99357    0 1485  554.00000  646.99357  16.8%     -   60s
     0     0  645.59975    0 1487  554.00000  645.59975  16.5%     -   61s
     0     0  645.44160    0 1485  554.00000  645.44160  16.5%     -  114s
     0     0  645.41094    0 1485  554.00000  645.41094  16.5%     -  114s
     0     0  645.39403    0 1486  554.00000  645.39403  16.5%     -  114s
     0     0  645.38720    0 1486  554.00000  645.38720  16.5%     -  114s
     0     0  643.95687    0 1485  554.00000  643.95687  16.2%     -  115s
     0     0  643.68533    0 1483  554.00000  643.68533  16.2%     -  115s
     0     0  643.65467    0 1486  554.00000  643.65467  16.2%     -  115s
     0     0  643.64588    0 1483  554.00000  643.64588  16.2%     -  115s
     0     0  642.86346    0 1487  554.00000  642.86346  16.0%     -  116s
     0     0  642.72990    0 1488  554.00000  642.72990  16.0%     -  116s
     0     0  642.71599    0 1489  554.00000  642.71599  16.0%     -  116s
     0     0  641.89680    0 1488  554.00000  641.89680  15.9%     -  117s
     0     0  641.82392    0 1488  554.00000  641.82392  15.9%     -  117s
     0     0  641.81231    0 1488  554.00000  641.81231  15.9%     -  117s
     0     0  641.12860    0 1486  554.00000  641.12860  15.7%     -  118s
     0     0  640.98588    0 1490  554.00000  640.98588  15.7%     -  118s
     0     0  640.96438    0 1490  554.00000  640.96438  15.7%     -  118s
     0     0  640.95664    0 1490  554.00000  640.95664  15.7%     -  118s
     0     0  640.10507    0 1484  554.00000  640.10507  15.5%     -  119s
     0     0  639.98790    0 1486  554.00000  639.98790  15.5%     -  119s
     0     0  639.96478    0 1487  554.00000  639.96478  15.5%     -  119s
     0     0  639.95793    0 1487  554.00000  639.95793  15.5%     -  119s
     0     0  639.41127    0 1485  554.00000  639.41127  15.4%     -  120s
     0     0  639.28934    0 1487  554.00000  639.28934  15.4%     -  120s
     0     0  639.26126    0 1488  554.00000  639.26126  15.4%     -  120s
     0     0  639.25566    0 1489  554.00000  639.25566  15.4%     -  174s
     0     0  638.95285    0 1485  554.00000  638.95285  15.3%     -  174s
     0     0  638.89807    0 1488  554.00000  638.89807  15.3%     -  174s
     0     0  638.88945    0 1486  554.00000  638.88945  15.3%     -  174s
     0     0  638.37176    0 1489  554.00000  638.37176  15.2%     -  175s
H    0     0                     557.0000000  638.37176  14.6%     -  175s
     0     0  638.27924    0 1489  557.00000  638.27924  14.6%     -  175s
     0     0  638.25934    0 1490  557.00000  638.25934  14.6%     -  175s
     0     0  638.25233    0 1490  557.00000  638.25233  14.6%     -  175s
     0     0  638.03122    0 1484  557.00000  638.03122  14.5%     -  176s
     0     0  637.96590    0 1490  557.00000  637.96590  14.5%     -  176s
     0     0  637.95167    0 1491  557.00000  637.95167  14.5%     -  176s
     0     0  637.76867    0 1488  557.00000  637.76867  14.5%     -  176s
     0     0  637.71284    0 1489  557.00000  637.71284  14.5%     -  176s
     0     0  637.70462    0 1488  557.00000  637.70462  14.5%     -  177s
     0     0  637.49347    0 1490  557.00000  637.49347  14.5%     -  177s
     0     0  637.42143    0 1489  557.00000  637.42143  14.4%     -  177s
     0     0  637.40905    0 1489  557.00000  637.40905  14.4%     -  177s
     0     0  637.29573    0 1491  557.00000  637.29573  14.4%     -  178s
     0     0  637.29573    0 1489  557.00000  637.29573  14.4%     -  178s
H    0     0                     562.0000000  637.29573  13.4%     -  179s
H    0     0                     563.0000000  637.29573  13.2%     -  180s
     0     2  637.29548    0 1488  563.00000  637.29548  13.2%     -  180s
    12    14  626.51294    8 1423  563.00000  637.29548  13.2%  2975  185s
    13    15  626.41614    9 1423  563.00000  637.29548  13.2%  2817  234s
    14    16  616.18440    9 1380  563.00000  637.29548  13.2%  3135  235s
    39    41  583.53867   28 1230  563.00000  637.29548  13.2%  1716  240s
    81    65  630.59446    2 1456  563.00000  637.07532  13.2%  1363  247s
    87    71  621.93016    7 1402  563.00000  637.07532  13.2%  1413  250s
   102    86  592.92620   17 1267  563.00000  637.07532  13.2%  1512  255s
H  106    85                     564.0000000  637.07532  13.0%  1492  255s
   146   111  629.93235    3 1446  564.00000  636.86855  12.9%  1363  260s
   155   120  609.55163    9 1334  564.00000  636.86855  12.9%  1430  265s
   182   147  578.68565   28 1210  564.00000  636.86855  12.9%  1430  270s
H  211   159                     565.0000000  636.86855  12.7%  1307  272s
H  216   144                     567.0000000  636.86839  12.3%  1294  273s
   220   150  629.78860   11 1436  567.00000  636.86839  12.3%  1331  275s
   233   163  605.36544   20 1338  567.00000  636.86839  12.3%  1401  280s
H  271   175                     568.0000000  636.86839  12.1%  1320  285s
   280   186  611.13269   12 1357  568.00000  636.65360  12.1%  1414  290s
H  298   194                     570.0000000  636.65360  11.7%  1447  294s
   300   198  602.33256   26 1306  570.00000  636.65360  11.7%  1455  295s
H  326   206                     572.0000000  636.65360  11.3%  1414  297s
   348   213  630.70643    8 1448  572.00000  636.39948  11.3%  1363  300s
   358   223  607.47222   14 1335  572.00000  636.39948  11.3%  1419  305s
   376   241  599.12560   28 1289  572.00000  636.39948  11.3%  1436  310s
H  380   230                     574.0000000  636.39948  10.9%  1435  311s
   411   263  580.04954   56 1186  574.00000  636.39948  10.9%  1400  315s
   437   281  618.87588   12 1388  574.00000  636.28821  10.9%  1393  320s
   459   303  603.07225   28 1302  574.00000  636.28821  10.9%  1413  325s
   498   342  584.53249   55 1213  574.00000  636.28821  10.9%  1408  330s
   528   352  604.91942   13 1335  574.00000  636.22192  10.8%  1398  335s
H  543   364                     575.0000000  636.22192  10.6%  1411  339s
   548   371  585.72366   26 1257  575.00000  636.22192  10.6%  1426  340s
   583   390  626.84349   12 1428  575.00000  635.98806  10.6%  1411  345s
   599   405  623.60800   11 1489  575.00000  635.98806  10.6%  1436  362s
   602   407  597.71895   16 1486  575.00000  635.98806  10.6%  1429  372s
   606   410  605.36890   26 1491  575.00000  635.98806  10.6%  1419  375s
   608   411  585.81901   52 1488  575.00000  635.98806  10.6%  1415  384s
   609   412  584.42620   33 1489  575.00000  635.98806  10.6%  1412  393s
   611   413  594.18137   24 1490  575.00000  635.98806  10.6%  1408  402s
   612   414  618.55194    5 1491  575.00000  635.98806  10.6%  1405  411s
   614   415  630.70601    9 1491  575.00000  635.98806  10.6%  1401  421s
   615   416  605.36358   21 1489  575.00000  635.98806  10.6%  1398  430s
   616   416  626.41480   10 1488  575.00000  635.98806  10.6%  1396  440s
   617   417  592.22671   18 1488  575.00000  635.98806  10.6%  1394  449s
   618   418  608.73385   18 1490  575.00000  635.98806  10.6%  1392  458s
   619   418  579.97776   60 1492  575.00000  635.98806  10.6%  1389  467s
   620   419  618.41326   14 1491  575.00000  635.98806  10.6%  1387  475s
   621   420  577.75569   35 1491  575.00000  635.98806  10.6%  1385  486s
   628   426  635.58887   15 1471  575.00000  635.98806  10.6%  1478  490s
   641   435  633.40698   21 1460  575.00000  635.98806  10.6%  1497  495s
   657   446  632.56587   29 1455  575.00000  635.98806  10.6%  1510  500s
   669   454  623.74698   35 1406  575.00000  635.98806  10.6%  1528  505s
   679   460  630.88519   40 1438  575.00000  635.98806  10.6%  1546  510s
   691   468  627.61111   46 1423  575.00000  635.98806  10.6%  1562  515s
   701   475  618.33976   51 1391  575.00000  635.98806  10.6%  1582  520s
   713   483  617.18415   57 1384  575.00000  635.98806  10.6%  1596  525s
   724   490  622.42963   63 1401  575.00000  635.98806  10.6%  1612  530s
   738   500  618.69713   70 1387  575.00000  635.98806  10.6%  1626  535s
   751   508  620.09173   76 1394  575.00000  635.98806  10.6%  1637  540s
   766   518  614.90324   84 1363  575.00000  635.98806  10.6%  1645  545s
   780   528  616.23032   91 1374  575.00000  635.98806  10.6%  1654  550s
   792   536  614.82962   97 1366  575.00000  635.98806  10.6%  1667  555s
   805   544  611.02995  103 1349  575.00000  635.98806  10.6%  1682  560s
   819   554  606.59238  110 1330  575.00000  635.98806  10.6%  1694  565s
   831   562  609.94495  116 1350  575.00000  635.98806  10.6%  1706  570s
   853   576  601.59543  127 1301  575.00000  635.98806  10.6%  1702  575s
   875   591  601.98083  138 1309  575.00000  635.98806  10.6%  1702  580s
   895   604  597.19819  148 1292  575.00000  635.98806  10.6%  1707  585s
   917   619  594.10181  159 1275  575.00000  635.98806  10.6%  1710  590s
   940   634  591.68290  171 1258  575.00000  635.98806  10.6%  1717  595s
   971   655  584.87024  186 1213  575.00000  635.98806  10.6%  1718  600s
  1008   680  589.38087  205 1229  575.00000  635.98806  10.6%  1716  605s
  1060   710  587.10526  231 1148  575.00000  635.98806  10.6%  1696  610s
  1148   741  634.83834   15 1467  575.00000  635.95781  10.6%  1618  615s
  1153   744  628.00432   17 1432  575.00000  635.95781  10.6%  1636  620s
  1159   748  629.44922   20 1433  575.00000  635.95781  10.6%  1650  625s
  1165   752  624.12352   23 1415  575.00000  635.95781  10.6%  1664  630s
  1171   756  626.31235   26 1409  575.00000  635.95781  10.6%  1676  635s
  1177   760  626.79723   29 1421  575.00000  635.95781  10.6%  1690  640s
  1183   764  627.03792   32 1428  575.00000  635.95781  10.6%  1701  645s
  1189   768  624.18678   35 1414  575.00000  635.95781  10.6%  1715  650s
  1197   774  625.33443   39 1409  575.00000  635.95781  10.6%  1732  655s
  1205   779  627.38362   43 1415  575.00000  635.95781  10.6%  1749  660s
  1215   786  624.67491   48 1396  575.00000  635.95781  10.6%  1763  665s
  1223   791  624.07883   52 1399  575.00000  635.95781  10.6%  1775  670s
  1231   796  624.34870   56 1398  575.00000  635.95781  10.6%  1787  675s
  1241   803  623.41131   61 1394  575.00000  635.95781  10.6%  1799  680s
  1251   810  623.11144   66 1389  575.00000  635.95781  10.6%  1809  685s
  1261   816  621.29614   71 1373  575.00000  635.95781  10.6%  1820  690s
  1271   823  622.54096   76 1374  575.00000  635.95781  10.6%  1832  695s
  1281   830  616.90520   81 1349  575.00000  635.95781  10.6%  1841  700s
  1295   839  619.80568   88 1368  575.00000  635.95781  10.6%  1850  705s
  1308   848  622.95148   95 1378  575.00000  635.95781  10.6%  1856  710s
  1325   859  619.97792  103 1351  575.00000  635.95781  10.6%  1861  715s
  1345   872  611.96955  113 1324  575.00000  635.95781  10.6%  1865  720s
  1361   883  613.96736  121 1335  575.00000  635.95781  10.6%  1871  725s
  1382   897  615.75020  132 1336  575.00000  635.95781  10.6%  1874  730s
H 1405   884                     576.0000000  635.95781  10.4%  1871  733s
  1419   896  609.86945  150 1296  576.00000  635.95781  10.4%  1875  735s
  1477   934  590.84399  179 1202  576.00000  635.95781  10.4%  1853  740s
H 1486   913                     577.0000000  635.95781  10.2%  1848  740s
  1544   954  595.03770  213 1206  577.00000  635.95781  10.2%  1817  745s
  1661  1007  635.60868   13 1475  577.00000  635.91298  10.2%  1727  750s
  1667  1011  629.78702   16 1442  577.00000  635.91298  10.2%  1735  755s
  1673  1015  628.31652   19 1430  577.00000  635.91298  10.2%  1747  761s
  1677  1018  629.24191   21 1437  577.00000  635.91298  10.2%  1753  765s
  1683  1022  629.03656   24 1432  577.00000  635.91298  10.2%  1763  770s
  1689  1026  624.05821   27 1418  577.00000  635.91298  10.2%  1773  775s
  1695  1030  624.66765   30 1414  577.00000  635.91298  10.2%  1783  781s
  1701  1034  622.82971   33 1410  577.00000  635.91298  10.2%  1792  786s
  1707  1038  619.11059   36 1388  577.00000  635.91298  10.2%  1802  791s
  1713  1042  626.07713   39 1418  577.00000  635.91298  10.2%  1809  795s
  1721  1047  627.54518   43 1421  577.00000  635.91298  10.2%  1818  800s
  1729  1052  624.30572   47 1411  577.00000  635.91298  10.2%  1828  805s
  1737  1058  624.00322   51 1402  577.00000  635.91298  10.2%  1836  810s
  1743  1062  625.38076   54 1408  577.00000  635.91298  10.2%  1844  815s
  1751  1067  621.51365   58 1392  577.00000  635.91298  10.2%  1854  820s
  1761  1076  623.65141   63 1398  577.00000  635.91298  10.2%  1862  825s
  1771  1086  621.90710   68 1394  577.00000  635.91298  10.2%  1869  830s
  1785  1100  622.03459   75 1385  577.00000  635.91298  10.2%  1879  835s
  1801  1116  618.01585   83 1369  577.00000  635.91298  10.2%  1887  840s
  1817  1132  616.54610   91 1359  577.00000  635.91298  10.2%  1896  845s
  1835  1150  610.59883  100 1331  577.00000  635.91298  10.2%  1904  850s
  1847  1162  609.48910  106 1312  577.00000  635.91298  10.2%  1912  855s
  1863  1178  615.46977  114 1344  577.00000  635.91298  10.2%  1916  860s
  1881  1196  614.23414  123 1337  577.00000  635.91298  10.2%  1920  865s
  1905  1220  611.46730  135 1323  577.00000  635.91298  10.2%  1920  870s
  1931  1246  609.71117  148 1300  577.00000  635.91298  10.2%  1919  875s
  1967  1282  604.32958  166 1269  577.00000  635.91298  10.2%  1911  880s
H 1973  1274                     578.0000000  635.91298  10.0%  1908  880s
  2013  1316  597.72373  189 1227  578.00000  635.91298  10.0%  1893  885s
  2104  1407  586.47927  235 1145  578.00000  635.91298  10.0%  1844  890s
  2168  1449  624.76354   16 1414  578.00000  635.91049  10.0%  1813  896s
  2172  1453  629.35634   18 1430  578.00000  635.91049  10.0%  1819  900s
  2178  1459  627.87072   21 1430  578.00000  635.91049  10.0%  1827  905s
  2184  1465  620.81913   24 1397  578.00000  635.91049  10.0%  1835  910s
  2190  1471  630.06474   27 1432  578.00000  635.91049  10.0%  1843  915s
  2196  1477  628.89752   30 1428  578.00000  635.91049  10.0%  1849  920s
  2204  1485  628.21001   34 1427  578.00000  635.91049  10.0%  1857  925s
  2210  1491  628.47347   37 1427  578.00000  635.91049  10.0%  1863  930s
  2218  1499  626.43565   41 1414  578.00000  635.91049  10.0%  1871  936s
  2224  1505  625.00729   44 1412  578.00000  635.91049  10.0%  1875  940s
  2234  1515  624.39622   49 1401  578.00000  635.91049  10.0%  1885  945s
  2242  1523  623.78047   53 1399  578.00000  635.91049  10.0%  1891  950s
  2246  1527  625.08866   55 1398  578.00000  635.91049  10.0%  1893  955s
  2258  1539  622.32719   61 1394  578.00000  635.91049  10.0%  1899  960s
  2264  1545  624.21405   64 1393  578.00000  635.91049  10.0%  1902  965s
  2272  1553  623.14346   68 1399  578.00000  635.91049  10.0%  1907  971s
  2281  1562  625.13869   73 1403  578.00000  635.91049  10.0%  1912  975s
  2294  1575  614.83408   79 1364  578.00000  635.91049  10.0%  1919  980s
  2306  1587  608.76542   85 1329  578.00000  635.91049  10.0%  1927  985s
  2316  1597  618.30339   90 1367  578.00000  635.91049  10.0%  1930  990s
  2326  1607  617.54898   95 1357  578.00000  635.91049  10.0%  1933  996s
  2336  1617  618.67998  100 1359  578.00000  635.91049  10.0%  1937 1000s
  2340  1621  617.80240  102 1352  578.00000  635.91049  10.0%  1938 1005s
  2353  1634  619.40971  109 1361  578.00000  635.91049  10.0%  1941 1012s
  2362  1643  614.57793  113 1336  578.00000  635.91049  10.0%  1943 1015s
  2380  1661  614.69919  122 1316  578.00000  635.91049  10.0%  1944 1031s
  2392  1673  612.80453  128 1307  578.00000  635.91049  10.0%  1945 1039s
  2394  1675  614.55332  129 1326  578.00000  635.91049  10.0%  1945 1040s
  2414  1695  612.89699  139 1313  578.00000  635.91049  10.0%  1945 1045s
  2424  1705  610.38164  144 1302  578.00000  635.91049  10.0%  1943 1050s
  2444  1725  603.17134  154 1263  578.00000  635.91049  10.0%  1940 1055s
  2461  1742  608.76173  163 1294  578.00000  635.91049  10.0%  1935 1063s
  2472  1753  604.16521  168 1268  578.00000  635.91049  10.0%  1933 1065s
  2508  1789  601.93504  186 1251  578.00000  635.91049  10.0%  1924 1070s
  2540  1821  595.61547  202 1213  578.00000  635.91049  10.0%  1912 1075s
  2582  1863  590.64035  223 1167  578.00000  635.91049  10.0%  1896 1080s
  2650  1923  581.07718  257 1053  578.00000  635.91049  10.0%  1863 1087s
  2676  1930  629.29915   15 1438  578.00000  635.58867  10.0%  1851 1090s
  2682  1936  629.84047   18 1437  578.00000  635.58867  10.0%  1858 1095s
  2688  1942  628.09554   21 1434  578.00000  635.58867  10.0%  1865 1101s
  2692  1946  620.09539   23 1397  578.00000  635.58867  10.0%  1870 1107s
  2696  1950  628.62355   25 1434  578.00000  635.58867  10.0%  1874 1110s
  2700  1954  626.68587   27 1421  578.00000  635.58867  10.0%  1878 1115s
  2706  1960  622.95813   30 1395  578.00000  635.58867  10.0%  1883 1120s
  2714  1968  623.45589   34 1411  578.00000  635.58867  10.0%  1891 1126s
  2719  1973  632.64294   37 1449  578.00000  635.58867  10.0%  1895 1131s
  2724  1978  628.48512   39 1425  578.00000  635.58867  10.0%  1900 1135s
  2732  1986  627.21694   43 1412  578.00000  635.58867  10.0%  1907 1141s
  2740  1994  625.64064   47 1418  578.00000  635.58867  10.0%  1911 1145s
  2748  2002  625.43227   51 1411  578.00000  635.58867  10.0%  1917 1150s
  2757  2011  628.83174   56 1427  578.00000  635.58867  10.0%  1921 1155s
  2766  2020  621.13790   60 1388  578.00000  635.58867  10.0%  1927 1160s
  2775  2029  627.50339   65 1422  578.00000  635.58867  10.0%  1931 1165s
  2782  2036  619.25044   68 1375  578.00000  635.58867  10.0%  1936 1172s
  2788  2042  624.26225   71 1400  578.00000  635.58867  10.0%  1937 1175s
  2798  2052  621.96800   76 1390  578.00000  635.58867  10.0%  1942 1180s
  2809  2063  624.99178   82 1397  578.00000  635.58867  10.0%  1947 1185s
  2820  2074  613.49195   87 1351  578.00000  635.58867  10.0%  1953 1190s
  2834  2088  619.75964   94 1374  578.00000  635.58867  10.0%  1956 1195s
  2848  2102  617.71055  101 1361  578.00000  635.58867  10.0%  1960 1200s
  2870  2124  616.42058  112 1341  578.00000  635.58867  10.0%  1964 1205s
  2900  2154  612.59069  127 1309  578.00000  635.58867  10.0%  1967 1210s
  2924  2178  611.88860  139 1310  578.00000  635.58867  10.0%  1966 1215s
  2955  2209  609.47720  155 1296  578.00000  635.58867  10.0%  1960 1230s
  2996  2250  603.07685  175 1245  578.00000  635.58867  10.0%  1953 1235s
  3050  2304  596.85633  202 1218  578.00000  635.58867  10.0%  1939 1240s
  3179  2411  635.12590   16 1471  578.00000  635.57684  10.0%  1883 1245s
  3185  2417  627.92528   19 1437  578.00000  635.57684  10.0%  1890 1251s
  3191  2423  629.84138   22 1439  578.00000  635.57684  10.0%  1895 1256s
  3195  2427  627.60687   24 1427  578.00000  635.57684  10.0%  1898 1260s
  3201  2433  623.49772   27 1405  578.00000  635.57684  10.0%  1904 1265s
  3209  2441  628.72851   31 1426  578.00000  635.57684  10.0%  1910 1270s
  3215  2447  624.48280   34 1417  578.00000  635.57684  10.0%  1915 1275s
  3223  2455  617.54766   38 1387  578.00000  635.57684  10.0%  1920 1280s
  3229  2461  621.88076   41 1396  578.00000  635.57684  10.0%  1924 1285s
  3238  2470  629.62097   46 1439  578.00000  635.57684  10.0%  1929 1290s
  3246  2478  629.14847   50 1438  578.00000  635.57684  10.0%  1933 1295s
  3249  2481  619.55759   51 1386  578.00000  635.57684  10.0%  1936 1302s
  3253  2485  623.11098   53 1400  578.00000  635.57684  10.0%  1939 1305s
  3263  2495  622.18427   58 1389  578.00000  635.57684  10.0%  1944 1310s
  3271  2503  624.58860   62 1402  578.00000  635.57684  10.0%  1948 1315s
  3281  2513  622.96704   67 1393  578.00000  635.57684  10.0%  1953 1320s
  3291  2523  620.10349   72 1389  578.00000  635.57684  10.0%  1956 1325s
  3303  2535  617.95787   78 1361  578.00000  635.57684  10.0%  1962 1330s
  3315  2547  622.41734   84 1381  578.00000  635.57684  10.0%  1965 1335s
  3327  2559  613.86551   90 1353  578.00000  635.57684  10.0%  1969 1340s
  3341  2573  618.10355   97 1356  578.00000  635.57684  10.0%  1972 1345s
  3357  2589  614.41639  105 1340  578.00000  635.57684  10.0%  1975 1350s
  3375  2607  615.91192  114 1336  578.00000  635.57684  10.0%  1977 1355s
  3393  2625  613.67304  123 1322  578.00000  635.57684  10.0%  1978 1360s
  3414  2646  615.59584  134 1321  578.00000  635.57684  10.0%  1978 1365s
  3439  2671  610.73228  146 1294  578.00000  635.57684  10.0%  1978 1370s
  3477  2709  606.77405  165 1281  578.00000  635.57684  10.0%  1971 1375s
  3525  2757  598.62179  189 1231  578.00000  635.57684  10.0%  1961 1380s
  3606  2838  588.59999  230 1195  578.00000  635.57684  10.0%  1935 1385s
  3686  2898  624.36340   18 1420  578.00000  635.53879  10.0%  1906 1391s
  3690  2902  624.05444   20 1415  578.00000  635.53879  10.0%  1910 1395s
  3696  2908  619.49002   23 1399  578.00000  635.53879  10.0%  1915 1401s
  3700  2912  626.76420   25 1421  578.00000  635.53879  10.0%  1918 1405s
  3706  2918  628.22709   28 1431  578.00000  635.53879  10.0%  1923 1410s
  3712  2924  626.16920   31 1427  578.00000  635.53879  10.0%  1928 1415s
  3718  2930  628.12787   34 1425  578.00000  635.53879  10.0%  1932 1420s
  3724  2936  626.37064   37 1417  578.00000  635.53879  10.0%  1936 1425s
  3732  2944  627.92014   41 1427  578.00000  635.53879  10.0%  1941 1430s
  3738  2950  625.07202   44 1417  578.00000  635.53879  10.0%  1944 1435s
  3746  2958  626.08232   48 1412  578.00000  635.53879  10.0%  1948 1440s
  3754  2966  622.30465   52 1397  578.00000  635.53879  10.0%  1952 1445s
  3762  2974  625.26699   56 1406  578.00000  635.53879  10.0%  1956 1450s
  3764  2976  625.00803   57 1404  578.00000  635.53879  10.0%  1957 1455s
  3766  2978  624.30052   58 1406  578.00000  635.53879  10.0%  1958 1462s
  3772  2984  624.59562   61 1400  578.00000  635.53879  10.0%  1960 1465s
  3781  2993  627.63309   66 1421  578.00000  635.53879  10.0%  1963 1470s
  3791  3003  626.75380   71 1414  578.00000  635.53879  10.0%  1967 1475s
  3802  3014  621.05122   76 1387  578.00000  635.53879  10.0%  1971 1480s
  3814  3026  621.67309   82 1385  578.00000  635.53879  10.0%  1975 1485s
  3826  3038  615.74082   88 1349  578.00000  635.53879  10.0%  1978 1490s
  3840  3052  618.01979   95 1370  578.00000  635.53879  10.0%  1981 1495s
  3846  3058  616.85931   98 1358  578.00000  635.53879  10.0%  1982 1500s
  3860  3072  616.99666  105 1364  578.00000  635.53879  10.0%  1984 1505s
  3876  3088  616.94418  113 1359  578.00000  635.53879  10.0%  1986 1510s
  3894  3106  611.02889  122 1311  578.00000  635.53879  10.0%  1988 1515s
  3915  3127  616.45217  133 1330  578.00000  635.53879  10.0%  1990 1520s
  3942  3154  607.57667  146 1290  578.00000  635.53879  10.0%  1989 1525s
  3974  3186  607.47320  162 1289  578.00000  635.53879  10.0%  1985 1530s
  4011  3223  603.08190  181 1263  578.00000  635.53879  10.0%  1978 1535s
  4131  3339  584.99345  241 1129  578.00000  635.53879  10.0%  1944 1540s
  4200  3371  623.46927   18 1421  578.00000  635.53796  10.0%  1924 1545s
  4208  3379  629.35004   22 1442  578.00000  635.53796  10.0%  1929 1550s
  4216  3387  630.16456   26 1440  578.00000  635.53796  10.0%  1934 1555s
  4224  3395  623.92423   30 1414  578.00000  635.53796  10.0%  1940 1560s
  4228  3399  616.81677   32 1389  578.00000  635.53796  10.0%  1943 1565s
  4236  3407  628.05138   36 1419  578.00000  635.53796  10.0%  1947 1570s
  4244  3415  625.92767   40 1422  578.00000  635.53796  10.0%  1951 1575s
  4252  3423  624.89733   44 1416  578.00000  635.53796  10.0%  1955 1580s
  4255  3426  630.58803   46 1441  578.00000  635.53796  10.0%  1956 1598s
  4256  3427  626.59586   46 1419  578.00000  635.53796  10.0%  1956 1600s
  4264  3435  621.93963   50 1393  578.00000  635.53796  10.0%  1961 1605s
  4272  3443  624.52304   54 1405  578.00000  635.53796  10.0%  1964 1610s
  4280  3451  624.60829   58 1405  578.00000  635.53796  10.0%  1967 1615s
  4288  3459  623.68258   62 1398  578.00000  635.53796  10.0%  1969 1620s
  4298  3469  623.23827   67 1400  578.00000  635.53796  10.0%  1973 1625s
  4310  3481  621.32416   73 1387  578.00000  635.53796  10.0%  1976 1630s
  4316  3487  621.07224   76 1386  578.00000  635.53796  10.0%  1977 1635s
  4328  3499  613.79338   82 1358  578.00000  635.53796  10.0%  1981 1640s
  4338  3509  620.38119   87 1381  578.00000  635.53796  10.0%  1984 1645s
  4352  3523  617.50128   94 1363  578.00000  635.53796  10.0%  1986 1650s
  4368  3539  617.32764  102 1359  578.00000  635.53796  10.0%  1988 1655s
  4386  3557  615.95057  111 1347  578.00000  635.53796  10.0%  1989 1660s
  4406  3577  614.44941  121 1321  578.00000  635.53796  10.0%  1991 1665s
  4430  3601  610.93209  133 1321  578.00000  635.53796  10.0%  1991 1670s
  4458  3629  607.64712  147 1295  578.00000  635.53796  10.0%  1991 1675s
  4496  3667  605.54002  166 1284  578.00000  635.53796  10.0%  1988 1680s
  4553  3724  599.39772  195 1252  578.00000  635.53796  10.0%  1979 1685s
  4684  3847  579.37288  260 1058  578.00000  635.53796  10.0%  1940 1690s
  4721  3866  631.22102   37 1446  578.00000  635.09528  9.88%  1932 1695s
  4767  3912  624.00533   83 1399  578.00000  635.09528  9.88%  1922 1700s
  4814  3959  615.82433  123 1345  578.00000  635.09528  9.88%  1915 1705s
  4882  4027  604.91819  167 1263  578.00000  635.09528  9.88%  1904 1710s
  4985  4130  596.95298  197 1224  578.00000  635.09528  9.88%  1882 1715s
  5101  4246  587.42869  228 1159  578.00000  635.09528  9.88%  1855 1720s
  5308  4432  632.35126   29 1444  578.00000  635.09487  9.88%  1798 1725s
  5358  4482  623.26183   79 1397  578.00000  635.09487  9.88%  1791 1730s
  5427  4551  612.84888  138 1310  578.00000  635.09487  9.88%  1781 1735s
  5465  4589  607.11806  158 1287  578.00000  635.09487  9.88%  1778 1750s
  5578  4702  596.46505  199 1221  578.00000  635.09487  9.88%  1758 1755s
  5746  4870  585.51932  231 1133  578.00000  635.09487  9.88%  1725 1760s
  5947  5041  633.85411   22 1466  578.00000  634.99211  9.86%  1678 1765s
  5981  5075  628.50106   56 1428  578.00000  634.99211  9.86%  1675 1770s
  6005  5099  623.70598   79 1402  578.00000  634.99211  9.86%  1672 1775s
  6012  5106  623.01539   86 1389  578.00000  634.99211  9.86%  1671 1781s
  6049  5143  616.90788  121 1341  578.00000  634.99211  9.86%  1666 1785s
  6079  5173  611.39014  144 1297  578.00000  634.99211  9.86%  1662 1802s
  6107  5201  606.03386  157 1265  578.00000  634.99211  9.86%  1660 1805s
  6173  5267  601.61051  181 1242  578.00000  634.99211  9.86%  1654 1810s
  6282  5376  591.74675  211 1201  578.00000  634.99211  9.86%  1638 1815s
  6475  5567  579.61333  255 1057  578.00000  634.99211  9.86%  1602 1820s
  6542  5602  630.09259   42 1441  578.00000  634.99132  9.86%  1592 1825s
  6578  5638  624.59765   77 1410  578.00000  634.99132  9.86%  1589 1830s
  6627  5687  615.96953  124 1341  578.00000  634.99132  9.86%  1584 1835s
  6681  5741  606.94055  164 1291  578.00000  634.99132  9.86%  1579 1840s
  6754  5814  599.81856  182 1237  578.00000  634.99132  9.86%  1572 1845s
  6856  5916  591.63457  214 1184  578.00000  634.99132  9.86%  1559 1850s
  7018  6078  581.32000  244 1086  578.00000  634.99132  9.86%  1534 1855s
  7105  6145  626.90526   30 1425  578.00000  634.78933  9.83%  1521 1860s
  7133  6173  627.22137   59 1424  578.00000  634.78933  9.83%  1520 1865s
  7172  6212  621.09741   96 1380  578.00000  634.78933  9.83%  1517 1870s
  7223  6263  612.04678  142 1309  578.00000  634.78933  9.83%  1513 1875s
  7281  6321  602.46255  175 1237  578.00000  634.78933  9.83%  1509 1880s
  7373  6413  595.49740  197 1202  578.00000  634.78933  9.83%  1500 1885s
  7509  6549  586.24886  228 1165  578.00000  634.78933  9.83%  1482 1890s
  7700  6726  634.34400   19 1479  578.00000  634.78874  9.83%  1456 1895s
  7725  6751  630.66732   44 1450  578.00000  634.78874  9.83%  1454 1900s
  7756  6782  623.23291   72 1401  578.00000  634.78874  9.83%  1453 1905s
  7802  6828  617.59274  119 1368  578.00000  634.78874  9.83%  1450 1910s
  7857  6883  607.23878  161 1295  578.00000  634.78874  9.83%  1446 1915s
  7926  6952  599.29932  193 1243  578.00000  634.78874  9.83%  1442 1920s
  8016  7042  590.96929  224 1230  578.00000  634.78874  9.83%  1433 1925s
  8160  7186  583.09091  249 1141  578.00000  634.78874  9.83%  1417 1930s
  8261  7254  631.16449   29 1451  578.00000  634.61369  9.79%  1405 1935s
  8299  7292  624.90364   67 1405  578.00000  634.61369  9.79%  1403 1940s
  8353  7346  614.89376  115 1351  578.00000  634.61369  9.79%  1400 1945s
  8401  7394  608.17939  149 1299  578.00000  634.61369  9.79%  1399 1950s
  8469  7462  598.52222  181 1238  578.00000  634.61369  9.79%  1395 1955s
  8611  7604  586.41604  224 1167  578.00000  634.61369  9.79%  1383 1960s
  8771  7745  625.79476   27 1418  578.00000  634.55816  9.79%  1366 1965s
  8830  7804  615.30187   86 1354  578.00000  634.55816  9.79%  1362 1970s
  8870  7844  607.82930  116 1318  578.00000  634.55816  9.79%  1362 1975s
  8942  7916  595.62038  158 1236  578.00000  634.55816  9.79%  1358 1980s
  9041  8015  585.14590  198 1186  578.00000  634.55816  9.79%  1351 1985s
  9132  8086  610.64253   26 1362  578.00000  634.45994  9.77%  1343 1990s
  9183  8125  628.81590   17 1438  578.00000  634.41669  9.76%  1341 1995s
  9225  8167  621.71700   59 1388  578.00000  634.41669  9.76%  1339 2000s
  9252  8194  616.88740   86 1356  578.00000  634.41669  9.76%  1337 2006s
  9350  8292  592.70946  184 1213  578.00000  634.41669  9.76%  1329 2010s
  9403  8333  623.17555   21 1413  578.00000  634.40468  9.76%  1325 2015s
  9411  8341  622.73619   25 1408  578.00000  634.40468  9.76%  1328 2020s
  9419  8349  618.47319   29 1395  578.00000  634.40468  9.76%  1330 2025s
  9429  8359  620.93653   34 1396  578.00000  634.40468  9.76%  1333 2030s
  9439  8369  615.19228   39 1378  578.00000  634.40468  9.76%  1336 2036s
  9447  8377  618.09627   43 1382  578.00000  634.40468  9.76%  1338 2040s
  9459  8389  619.35917   49 1368  578.00000  634.40468  9.76%  1340 2045s
  9473  8403  615.80645   56 1366  578.00000  634.40468  9.76%  1342 2050s
  9487  8417  613.73950   63 1364  578.00000  634.40468  9.76%  1345 2057s
  9495  8425  615.13939   67 1343  578.00000  634.40468  9.76%  1346 2060s
  9511  8441  613.07698   75 1358  578.00000  634.40468  9.76%  1349 2065s
  9527  8457  614.04414   83 1344  578.00000  634.40468  9.76%  1351 2070s
  9547  8477  609.72939   93 1326  578.00000  634.40468  9.76%  1354 2075s
  9573  8503  607.62397  106 1287  578.00000  634.40468  9.76%  1356 2080s
  9605  8535  606.16639  122 1283  578.00000  634.40468  9.76%  1359 2085s
  9637  8567  597.25561  138 1224  578.00000  634.40468  9.76%  1360 2090s
  9705  8635  595.72651  172 1211  578.00000  634.40468  9.76%  1360 2095s
  9819  8728  622.81167   19 1418  578.00000  634.34817  9.75%  1352 2100s
  9869  8778  613.61646   69 1366  578.00000  634.34817  9.75%  1350 2105s
 10001  8910  580.93322  201 1166  578.00000  634.34817  9.75%  1339 2110s
 10020  8911  628.48084   21 1437  578.00000  634.32617  9.75%  1338 2121s
 10034  8925  625.67103   35 1422  578.00000  634.32617  9.75%  1338 2125s
 10089  8980  614.02870   90 1338  578.00000  634.32617  9.75%  1335 2130s
 10203  9079  628.58213   47 1489  578.00000  634.32617  9.75%  1325 2945s
 10206  9081  598.20967  199 1489  578.00000  634.32617  9.75%  1325 2953s
 10207  9082  589.80368  178 1489  578.00000  633.23054  9.56%  1325 2956s
 10213  9086  591.99181  211 1493  578.00000  632.02117  9.35%  1324 2973s
 10214  9086  602.43953  168 1490  578.00000  631.92703  9.33%  1324 2988s
 10217  9088  588.83154  230 1492  578.00000  631.89043  9.32%  1323 3003s
 10218  9089  600.79744  194 1487  578.00000  631.18085  9.20%  1323 3018s
 10222  9092  579.34483  251 1490  578.00000  630.99585  9.17%  1323 3033s
 10223  9092  614.54994  116 1490  578.00000  630.76750  9.13%  1322 3048s
 10226  9094  584.53052  229 1491  578.00000  630.68618  9.12%  1322 3064s
 10227  9095  584.88357  231 1489  578.00000  630.48092  9.08%  1322 3078s
 10230  9097  619.78898   80 1490  578.00000  630.39443  9.06%  1322 3095s
 10231  9098  601.25564   96 1489  578.00000  630.26028  9.04%  1321 3111s
 10233  9099  619.70961   61 1491  578.00000  630.22871  9.04%  1321 3127s
 10234  9100  587.03125  192 1489  578.00000  630.12881  9.02%  1321 3143s
 10236  9101  607.59780  159 1492  578.00000  630.10912  9.02%  1321 3159s
 10237  9102  587.74398  225 1489  578.00000  630.01689  9.00%  1321 3173s
 10240  9104  615.95005  112 1494  578.00000  629.98161  8.99%  1320 3189s
 10241  9104  596.01541  201 1492  578.00000  629.85769  8.97%  1320 3206s
 10244  9106  622.68110   70 1491  578.00000  629.81477  8.96%  1320 3224s
 10245  9107  621.61259   96 1489  578.00000  629.69631  8.94%  1320 3238s
 10248  9109  629.65213   20 1492  578.00000  629.65213  8.94%  1319 3256s
 10249  9110  581.77273  247 1490  578.00000  629.55193  8.92%  1319 3273s
 10251  9111  580.34489  250 1490  578.00000  629.53122  8.92%  1319 3289s
 10252  9112  579.64857  239 1491  578.00000  629.45143  8.90%  1319 3306s
 10254  9113  614.80402  126 1494  578.00000  629.42214  8.90%  1318 3324s
 10255  9114  629.34670   48 1490  578.00000  629.34670  8.88%  1318 3341s
 10258  9116  595.85452  203 1492  578.00000  629.30705  8.88%  1318 3360s
 10259  9116  580.97674  253 1492  578.00000  629.27183  8.87%  1318 3378s
 10261  9118  629.16515   48 1493  578.00000  629.25332  8.87%  1318 3396s
 10262  9118  608.60315  113 1491  578.00000  629.20067  8.86%  1317 3412s
 10264  9120  614.00813   60 1492  578.00000  629.18358  8.86%  1317 3429s
 10265  9120  580.82343  249 1492  578.00000  629.11367  8.84%  1317 3444s
 10268  9122  619.03490   92 1490  578.00000  629.07878  8.84%  1317 3462s
 10269  9123  595.62287  211 1490  578.00000  629.07831  8.84%  1317 3481s
 10270  9124  581.72563  245 1490  578.00000  629.07782  8.84%  1316 3499s
 10271  9124  583.09798  215 1491  578.00000  629.07727  8.84%  1316 3515s
 10272  9125  625.91755   69 1491  578.00000  629.07710  8.84%  1316 3533s
 10273  9126  625.92622   41 1492  578.00000  629.07707  8.84%  1316 3551s
 10274  9126  586.18251  234 1492  578.00000  629.07706  8.84%  1316 3568s
 10275  9127  598.71994  199 1491  578.00000  629.07266  8.84%  1316 3583s
 10276  9128  603.89102  165 1490  578.00000  629.07205  8.84%  1316 3599s

Cutting planes:
  Gomory: 6
  MIR: 1
  Flow cover: 71
  Zero half: 598
  RLT: 164
  BQP: 40

Explored 10276 nodes (13724038 simplex iterations) in 3600.04 seconds (4555.93 work units)
Thread count was 1 (of 24 available processors)

Solution count 10: 578 577 576 ... 565

Time limit reached
Best objective 5.780000000000e+02, best bound 6.290000000000e+02, gap 8.8235%

User-callback calls 170028, time in user-callback 0.95 sec
