
Gurobi 11.0.3 (linux64) logging started Sat Mar  7 17:20:16 2026

Set parameter LogFile to value "./log/train/IS_1500_6/IS_99.lp.log"
Set parameter TimeLimit to value 3600
Gurobi Optimizer version 11.0.3 build v11.0.3rc0 (linux64 - "Ubuntu 22.04.5 LTS")

CPU model: AMD Ryzen 9 9900X 12-Core Processor, instruction set [SSE2|AVX|AVX2|AVX512]
Thread count: 12 physical cores, 24 logical processors, using up to 1 threads

Optimize a model with 9192 rows, 1500 columns and 18112 nonzeros
Model fingerprint: 0x23544631
Variable types: 0 continuous, 1500 integer (1500 binary)
Coefficient statistics:
  Matrix range     [1e+00, 1e+00]
  Objective range  [1e+00, 1e+00]
  Bounds range     [1e+00, 1e+00]
  RHS range        [1e+00, 1e+00]
Found heuristic solution: objective 333.0000000
Presolve removed 1680 rows and 0 columns
Presolve time: 0.04s
Presolved: 7512 rows, 1500 columns, 16380 nonzeros
Variable types: 0 continuous, 1500 integer (1500 binary)

Root relaxation: objective 6.850000e+02, 4218 iterations, 0.24 seconds (0.29 work units)

    Nodes    |    Current Node    |     Objective Bounds      |     Work
 Expl Unexpl |  Obj  Depth IntInf | Incumbent    BestBd   Gap | It/Node Time

     0     0  685.00000    0 1344  333.00000  685.00000   106%     -    0s
H    0     0                     519.0000000  685.00000  32.0%     -    0s
H    0     0                     522.0000000  685.00000  31.2%     -    0s
     0     0  670.91971    0 1450  522.00000  670.91971  28.5%     -    1s
H    0     0                     526.0000000  670.91971  27.6%     -   53s
     0     0  670.80556    0 1441  526.00000  670.80556  27.5%     -   53s
     0     0  670.80357    0 1440  526.00000  670.80357  27.5%     -   53s
     0     0  663.61851    0 1486  526.00000  663.61851  26.2%     -   54s
H    0     0                     562.0000000  663.61851  18.1%     -   54s
     0     0  663.19550    0 1481  562.00000  663.19550  18.0%     -   55s
     0     0  663.10264    0 1479  562.00000  663.10264  18.0%     -   55s
     0     0  663.09576    0 1478  562.00000  663.09576  18.0%     -   55s
     0     0  663.07960    0 1479  562.00000  663.07960  18.0%     -   55s
     0     0  663.06874    0 1478  562.00000  663.06874  18.0%     -   55s
     0     0  663.06701    0 1480  562.00000  663.06701  18.0%     -   55s
     0     0  656.93803    0 1477  562.00000  656.93803  16.9%     -   56s
     0     0  656.41044    0 1484  562.00000  656.41044  16.8%     -   56s
     0     0  656.31746    0 1484  562.00000  656.31746  16.8%     -   56s
     0     0  656.29462    0 1486  562.00000  656.29462  16.8%     -   56s
     0     0  656.27627    0 1486  562.00000  656.27627  16.8%     -   56s
     0     0  656.26667    0 1484  562.00000  656.26667  16.8%     -   57s
     0     0  656.26614    0 1485  562.00000  656.26614  16.8%     -   57s
     0     0  652.78746    0 1484  562.00000  652.78746  16.2%     -   58s
     0     0  652.28139    0 1480  562.00000  652.28139  16.1%     -   58s
     0     0  652.23519    0 1481  562.00000  652.23519  16.1%     -   58s
     0     0  652.21222    0 1478  562.00000  652.21222  16.1%     -   58s
     0     0  652.21057    0 1480  562.00000  652.21057  16.1%     -   58s
     0     0  649.78509    0 1484  562.00000  649.78509  15.6%     -   59s
     0     0  649.54760    0 1483  562.00000  649.54760  15.6%     -   59s
     0     0  649.50360    0 1484  562.00000  649.50360  15.6%     -   60s
     0     0  649.48856    0 1485  562.00000  649.48856  15.6%     -   60s
     0     0  649.47830    0 1485  562.00000  649.47830  15.6%     -   60s
     0     0  648.25329    0 1487  562.00000  648.25329  15.3%     -   60s
     0     0  648.08628    0 1488  562.00000  648.08628  15.3%     -  113s
     0     0  648.05518    0 1486  562.00000  648.05518  15.3%     -  113s
     0     0  648.04772    0 1486  562.00000  648.04772  15.3%     -  114s
     0     0  646.92869    0 1488  562.00000  646.92869  15.1%     -  114s
     0     0  646.73047    0 1488  562.00000  646.73047  15.1%     -  115s
     0     0  646.69707    0 1489  562.00000  646.69707  15.1%     -  115s
     0     0  646.69250    0 1488  562.00000  646.69250  15.1%     -  115s
     0     0  645.49851    0 1483  562.00000  645.49851  14.9%     -  116s
     0     0  645.36217    0 1489  562.00000  645.36217  14.8%     -  116s
     0     0  645.34820    0 1489  562.00000  645.34820  14.8%     -  116s
     0     0  644.45588    0 1488  562.00000  644.45588  14.7%     -  117s
     0     0  644.34227    0 1491  562.00000  644.34227  14.7%     -  117s
     0     0  644.32739    0 1490  562.00000  644.32739  14.6%     -  117s
     0     0  643.32423    0 1490  562.00000  643.32423  14.5%     -  118s
     0     0  643.16837    0 1491  562.00000  643.16837  14.4%     -  118s
     0     0  643.14420    0 1494  562.00000  643.14420  14.4%     -  118s
     0     0  643.14165    0 1493  562.00000  643.14165  14.4%     -  118s
     0     0  642.68422    0 1491  562.00000  642.68422  14.4%     -  119s
     0     0  642.55224    0 1491  562.00000  642.55224  14.3%     -  119s
     0     0  642.52986    0 1491  562.00000  642.52986  14.3%     -  119s
     0     0  642.52045    0 1491  562.00000  642.52045  14.3%     -  119s
     0     0  641.78184    0 1487  562.00000  641.78184  14.2%     -  120s
     0     0  641.65754    0 1491  562.00000  641.65754  14.2%     -  120s
     0     0  641.63925    0 1491  562.00000  641.63925  14.2%     -  173s
     0     0  641.63356    0 1492  562.00000  641.63356  14.2%     -  173s
     0     0  641.19429    0 1489  562.00000  641.19429  14.1%     -  174s
     0     0  641.10137    0 1490  562.00000  641.10137  14.1%     -  174s
     0     0  641.08207    0 1490  562.00000  641.08207  14.1%     -  174s
     0     0  641.07828    0 1490  562.00000  641.07828  14.1%     -  174s
     0     0  640.86100    0 1490  562.00000  640.86100  14.0%     -  175s
H    0     0                     564.0000000  640.86100  13.6%     -  175s
     0     0  640.77349    0 1488  564.00000  640.77349  13.6%     -  175s
     0     0  640.75083    0 1487  564.00000  640.75083  13.6%     -  175s
     0     0  640.74893    0 1488  564.00000  640.74893  13.6%     -  175s
     0     0  640.45070    0 1488  564.00000  640.45070  13.6%     -  175s
     0     0  640.40477    0 1490  564.00000  640.40477  13.5%     -  175s
     0     0  640.39018    0 1491  564.00000  640.39018  13.5%     -  175s
     0     0  640.01136    0 1492  564.00000  640.01136  13.5%     -  176s
     0     0  639.95736    0 1491  564.00000  639.95736  13.5%     -  176s
     0     0  639.94880    0 1494  564.00000  639.94880  13.5%     -  176s
     0     0  639.75263    0 1492  564.00000  639.75263  13.4%     -  177s
     0     0  639.71280    0 1493  564.00000  639.71280  13.4%     -  177s
     0     0  639.70523    0 1493  564.00000  639.70523  13.4%     -  177s
     0     0  639.31279    0 1490  564.00000  639.31279  13.4%     -  178s
H    0     0                     565.0000000  639.31279  13.2%     -  178s
     0     0  639.19105    0 1493  565.00000  639.19105  13.1%     -  178s
     0     0  639.17303    0 1491  565.00000  639.17303  13.1%     -  178s
     0     0  638.86646    0 1490  565.00000  638.86646  13.1%     -  179s
     0     0  638.78818    0 1489  565.00000  638.78818  13.1%     -  179s
     0     0  638.75324    0 1493  565.00000  638.75324  13.1%     -  179s
     0     0  638.75013    0 1493  565.00000  638.75013  13.1%     -  179s
     0     0  638.66336    0 1490  565.00000  638.66336  13.0%     -  179s
     0     0  638.66336    0 1490  565.00000  638.66336  13.0%     -  179s
     0     2  638.66264    0 1490  565.00000  638.66264  13.0%     -  181s
     1     3  638.49158    1 1488  565.00000  638.65508  13.0%  1619  234s
     4     6  631.49881    3 1444  565.00000  638.65508  13.0%  3204  236s
    16    18  607.36858   12 1331  565.00000  638.65508  13.0%  2459  240s
    41    43  590.06828   29 1242  565.00000  638.65508  13.0%  1934  245s
    76    60  626.23495    2 1417  565.00000  638.48952  13.0%  1506  251s
    88    72  602.93847   10 1309  565.00000  638.48952  13.0%  1628  255s
H  104    82                     567.0000000  638.48952  12.6%  1622  258s
   122    92  626.67377    2 1432  567.00000  638.27133  12.6%  1617  262s
H  130    94                     569.0000000  638.27133  12.2%  1663  266s
   146   112  607.84372   18 1327  569.00000  638.27133  12.2%  1784  270s
H  163   125                     572.0000000  638.27133  11.6%  1704  272s
   180   134  630.48860    6 1432  572.00000  638.26889  11.6%  1651  275s
   186   140  630.60884   10 1435  572.00000  638.26889  11.6%  1718  280s
   196   150  615.02534   17 1346  572.00000  638.26889  11.6%  1750  285s
   202   156  602.81575   21 1309  572.00000  638.26889  11.6%  1764  291s
H  217   167                     575.0000000  638.26889  11.0%  1758  294s
   218   170  596.24154   31 1259  575.00000  638.26889  11.0%  1772  295s
H  244   185                     578.0000000  638.26889  10.4%  1675  297s
   251   188  623.52850    7 1413  578.00000  638.16265  10.4%  1702  301s
   264   201  623.19464   17 1400  578.00000  638.16265  10.4%  1719  305s
   288   225  587.56819   35 1231  578.00000  638.16265  10.4%  1711  310s
H  312   239                     579.0000000  638.16265  10.2%  1670  312s
   359   254  633.33499    5 1453  579.00000  637.69465  10.1%  1538  316s
   370   265  626.78718   14 1413  579.00000  637.69465  10.1%  1550  320s
H  380   263                     580.0000000  637.69465  9.95%  1553  322s
   392   277  598.53662   31 1281  580.00000  637.69465  9.95%  1551  325s
   454   321  627.56751    8 1440  580.00000  637.64022  9.94%  1459  331s
   461   328  603.79573   13 1340  580.00000  637.64022  9.94%  1475  335s
   518   349  625.90893    9 1428  580.00000  637.52143  9.92%  1417  342s
   525   356  618.55806   14 1389  580.00000  637.52143  9.92%  1432  345s
   549   380  601.58958   32 1280  580.00000  637.52143  9.92%  1441  350s
   588   405  629.12253   13 1426  580.00000  637.51480  9.92%  1416  355s
   601   418  611.30579   22 1339  580.00000  637.51480  9.92%  1436  360s
   606   422  595.81750   30 1490  580.00000  637.51480  9.92%  1441  374s
   608   423  599.78367   28 1344  580.00000  637.51480  9.92%  1436  375s
   609   424  583.31125   65 1490  580.00000  637.51480  9.92%  1433  383s
   610   425  597.26201   20 1491  580.00000  637.51480  9.92%  1431  385s
   616   429  603.79243   14 1491  580.00000  637.51480  9.92%  1417  395s
   617   429  617.47758   13 1491  580.00000  637.51480  9.92%  1415  404s
   619   431  608.38025   26 1493  580.00000  637.51480  9.92%  1410  412s
   620   431  628.20984   18 1490  580.00000  637.51480  9.92%  1408  419s
   621   432  606.40627   26 1493  580.00000  637.51480  9.92%  1406  420s
   622   433  599.13738   30 1495  580.00000  637.51480  9.92%  1404  428s
   623   433  602.79570   22 1490  580.00000  637.51480  9.92%  1401  436s
   625   435  594.97887   37 1492  580.00000  637.51480  9.92%  1397  445s
   626   435  582.56739   57 1492  580.00000  637.51480  9.92%  1395  454s
   628   437  617.44458   15 1494  580.00000  637.51480  9.92%  1390  461s
   629   437  617.47758   13 1492  580.00000  637.51480  9.92%  1388  469s
   630   438  583.31125   65 1491  580.00000  637.51480  9.92%  1386  476s
   631   439  586.94466   46 1489  580.00000  637.51480  9.92%  1384  484s
   632   439  600.04029   26 1493  580.00000  637.51480  9.92%  1381  485s
   639   444  623.19427   18 1491  580.00000  637.51480  9.92%  1366  502s
   643   449  637.18508   12 1478  580.00000  637.35962  9.89%  1455  505s
   653   455  635.14660   17 1473  580.00000  637.18481  9.86%  1473  510s
   664   463  634.71590   23 1469  580.00000  637.18481  9.86%  1486  515s
   675   470  630.72980   28 1438  580.00000  637.18481  9.86%  1503  520s
   689   479  623.55425   35 1414  580.00000  637.18481  9.86%  1516  525s
   701   487  630.18553   41 1445  580.00000  637.18481  9.86%  1526  530s
   711   494  623.34721   46 1405  580.00000  637.18481  9.86%  1547  535s
   721   501  620.76809   51 1397  580.00000  637.18481  9.86%  1569  540s
   730   507  628.13931   56 1421  580.00000  637.18481  9.86%  1579  545s
   742   515  625.85790   62 1409  580.00000  637.18481  9.86%  1594  550s
   755   523  613.44050   68 1360  580.00000  637.18481  9.86%  1607  555s
   769   533  620.20980   75 1392  580.00000  637.18481  9.86%  1623  560s
   784   543  618.60633   83 1386  580.00000  637.18481  9.86%  1632  565s
   803   555  611.53987   92 1362  580.00000  637.18481  9.86%  1640  570s
   831   574  599.71780  106 1324  580.00000  637.18481  9.86%  1644  575s
   856   591  606.79210  119 1338  580.00000  637.18481  9.86%  1656  580s
   875   603  605.50749  128 1333  580.00000  637.18481  9.86%  1662  585s
   895   617  598.82618  138 1307  580.00000  637.18481  9.86%  1669  590s
   921   634  596.12964  151 1296  580.00000  637.18481  9.86%  1679  595s
   941   647  589.99983  161 1275  580.00000  637.18481  9.86%  1686  600s
   961   661  587.08675  171 1248  580.00000  637.18481  9.86%  1695  605s
   983   675  585.15412  182 1219  580.00000  637.18481  9.86%  1704  610s
  1015   695  584.77313  198 1200  580.00000  637.18481  9.86%  1706  615s
  1073   725  587.29411  227 1190  580.00000  637.18481  9.86%  1675  620s
H 1098   709                     581.0000000  637.18481  9.67%  1651  621s
  1134   711  629.71205   15 1433  581.00000  637.18394  9.67%  1625  625s
  1142   716  631.89653   19 1450  581.00000  637.18394  9.67%  1645  630s
  1148   720  624.61196   22 1415  581.00000  637.18394  9.67%  1661  635s
  1156   726  629.77191   26 1441  581.00000  637.18394  9.67%  1678  640s
  1162   730  627.59586   29 1420  581.00000  637.18394  9.67%  1694  645s
  1170   735  628.55437   33 1432  581.00000  637.18394  9.67%  1711  650s
  1176   739  628.91542   36 1427  581.00000  637.18394  9.67%  1725  655s
  1184   744  626.70981   40 1421  581.00000  637.18394  9.67%  1742  660s
  1192   750  625.82477   44 1417  581.00000  637.18394  9.67%  1756  665s
  1202   756  626.88678   49 1417  581.00000  637.18394  9.67%  1774  670s
  1210   762  626.13443   53 1410  581.00000  637.18394  9.67%  1786  675s
  1220   768  619.99330   58 1377  581.00000  637.18394  9.67%  1802  680s
  1232   776  627.02483   64 1401  581.00000  637.18394  9.67%  1817  685s
  1246   786  624.97100   71 1403  581.00000  637.18394  9.67%  1832  690s
  1260   795  623.08394   78 1378  581.00000  637.18394  9.67%  1846  695s
  1274   804  623.26509   85 1377  581.00000  637.18394  9.67%  1855  700s
  1288   814  619.58579   92 1368  581.00000  637.18394  9.67%  1865  705s
  1302   823  619.92418   99 1356  581.00000  637.18394  9.67%  1874  710s
  1320   835  619.74463  108 1339  581.00000  637.18394  9.67%  1885  715s
  1338   847  614.27004  117 1323  581.00000  637.18394  9.67%  1889  720s
  1358   860  603.33761  127 1271  581.00000  637.18394  9.67%  1893  725s
  1386   879  613.34872  141 1304  581.00000  637.18394  9.67%  1887  730s
  1420   902  604.93310  158 1270  581.00000  637.18394  9.67%  1877  735s
  1466   932  602.43597  181 1264  581.00000  637.18394  9.67%  1852  740s
  1544   982  592.09066  220 1159  581.00000  637.18394  9.67%  1793  745s
  1631  1020  631.59095   14 1446  581.00000  637.11110  9.66%  1727  750s
  1637  1024  628.06778   17 1427  581.00000  637.11110  9.66%  1738  756s
  1642  1028  634.80631   20 1465  581.00000  637.11110  9.66%  1745  760s
  1649  1032  627.02054   23 1410  581.00000  637.11110  9.66%  1758  766s
  1655  1036  629.42202   26 1427  581.00000  637.11110  9.66%  1767  770s
  1661  1040  627.57781   29 1421  581.00000  637.11110  9.66%  1776  775s
  1667  1044  626.85338   32 1420  581.00000  637.11110  9.66%  1785  780s
  1675  1050  627.57832   36 1424  581.00000  637.11110  9.66%  1796  785s
  1682  1054  631.75511   40 1441  581.00000  637.11110  9.66%  1803  790s
  1689  1059  624.13499   43 1399  581.00000  637.11110  9.66%  1813  795s
  1697  1064  626.32280   47 1403  581.00000  637.11110  9.66%  1824  800s
  1705  1070  624.97073   51 1404  581.00000  637.11110  9.66%  1834  805s
  1716  1077  629.38070   57 1422  581.00000  637.11110  9.66%  1842  810s
  1727  1084  617.60559   62 1361  581.00000  637.11110  9.66%  1854  815s
  1736  1090  627.93414   67 1406  581.00000  637.11110  9.66%  1862  820s
  1749  1099  624.15780   73 1375  581.00000  637.11110  9.66%  1871  825s
  1763  1108  623.09151   80 1371  581.00000  637.11110  9.66%  1877  830s
  1777  1118  618.65173   87 1362  581.00000  637.11110  9.66%  1882  835s
  1792  1128  622.22612   95 1373  581.00000  637.11110  9.66%  1886  840s
  1809  1139  613.87867  103 1337  581.00000  637.11110  9.66%  1892  845s
  1830  1153  618.48907  114 1343  581.00000  637.11110  9.66%  1893  850s
  1855  1170  613.86982  126 1314  581.00000  637.11110  9.66%  1893  855s
  1888  1192  611.47594  143 1308  581.00000  637.11110  9.66%  1885  860s
  1935  1234  600.02338  166 1245  581.00000  637.11110  9.66%  1875  865s
  1997  1296  595.95153  197 1241  581.00000  637.11110  9.66%  1843  870s
  2097  1378  636.64117   13 1474  581.00000  637.09363  9.65%  1778  875s
  2102  1383  631.50088   15 1442  581.00000  637.09363  9.65%  1786  880s
  2108  1389  631.71036   18 1443  581.00000  637.09363  9.65%  1795  886s
  2114  1395  629.53345   21 1432  581.00000  637.09363  9.65%  1803  891s
  2120  1401  627.11405   24 1409  581.00000  637.09363  9.65%  1810  896s
  2125  1406  634.53342   27 1458  581.00000  637.09363  9.65%  1815  900s
  2130  1411  624.97288   29 1412  581.00000  637.09363  9.65%  1824  905s
  2138  1419  625.21891   33 1417  581.00000  637.09363  9.65%  1832  911s
  2144  1425  628.93774   36 1421  581.00000  637.09363  9.65%  1838  915s
  2150  1431  627.82120   39 1426  581.00000  637.09363  9.65%  1845  920s
  2154  1435  625.62526   41 1415  581.00000  637.09363  9.65%  1851  925s
  2160  1441  617.37346   44 1374  581.00000  637.09363  9.65%  1859  930s
  2168  1449  625.62713   48 1412  581.00000  637.09363  9.65%  1866  935s
  2175  1456  631.22840   52 1438  581.00000  637.09363  9.65%  1871  940s
  2180  1461  622.84020   54 1399  581.00000  637.09363  9.65%  1878  946s
  2188  1469  627.82191   58 1402  581.00000  637.09363  9.65%  1884  950s
  2196  1477  627.43226   62 1402  581.00000  637.09363  9.65%  1890  955s
  2206  1487  625.97696   67 1399  581.00000  637.09363  9.65%  1895  962s
  2212  1493  613.19126   70 1345  581.00000  637.09363  9.65%  1900  965s
  2227  1508  626.16804   78 1401  581.00000  637.09363  9.65%  1904  975s
  2233  1514  625.25462   81 1400  581.00000  637.09363  9.65%  1907  982s
  2239  1520  624.77213   84 1388  581.00000  637.09363  9.65%  1911  985s
  2252  1533  618.48441   90 1361  581.00000  637.09363  9.65%  1916  990s
  2260  1541  620.14064   94 1355  581.00000  637.09363  9.65%  1918  996s
  2273  1554  621.07712  101 1368  581.00000  637.09363  9.65%  1920 1000s
  2284  1565  616.14399  106 1341  581.00000  637.09363  9.65%  1924 1005s
  2287  1568  620.39791  108 1362  581.00000  637.09363  9.65%  1925 1019s
  2290  1571  613.27705  109 1320  581.00000  637.09363  9.65%  1927 1020s
  2305  1586  618.43594  117 1353  581.00000  637.09363  9.65%  1928 1028s
  2314  1595  616.02421  121 1332  581.00000  637.09363  9.65%  1928 1032s
  2329  1610  616.10854  129 1325  581.00000  637.09363  9.65%  1928 1035s
  2341  1622  614.16557  135 1334  581.00000  637.09363  9.65%  1926 1047s
  2357  1638  612.62057  143 1315  581.00000  637.09363  9.65%  1924 1050s
  2374  1655  606.66588  151 1301  581.00000  637.09363  9.65%  1921 1055s
  2410  1691  604.57919  169 1267  581.00000  637.09363  9.65%  1908 1060s
  2486  1767  593.40228  207 1214  581.00000  637.09363  9.65%  1877 1065s
  2592  1832  630.89076   13 1436  581.00000  636.38276  9.53%  1820 1070s
  2598  1838  629.35424   16 1435  581.00000  636.38276  9.53%  1826 1076s
  2603  1843  634.82618   19 1463  581.00000  636.38276  9.53%  1830 1080s
  2609  1849  634.35196   22 1458  581.00000  636.38276  9.53%  1836 1085s
  2615  1855  634.00806   25 1454  581.00000  636.38276  9.53%  1841 1090s
  2620  1860  625.36484   27 1412  581.00000  636.38276  9.53%  1848 1095s
  2624  1864  628.60631   29 1421  581.00000  636.38276  9.53%  1852 1102s
  2628  1868  625.53031   31 1406  581.00000  636.38276  9.53%  1856 1105s
  2634  1874  617.94659   34 1366  581.00000  636.38276  9.53%  1862 1111s
  2640  1880  625.92887   37 1414  581.00000  636.38276  9.53%  1867 1115s
  2646  1886  621.72642   40 1393  581.00000  636.38276  9.53%  1873 1120s
  2651  1891  632.01077   43 1436  581.00000  636.38276  9.53%  1876 1125s
  2660  1900  624.67038   47 1403  581.00000  636.38276  9.53%  1882 1130s
  2668  1908  625.29157   51 1397  581.00000  636.38276  9.53%  1886 1135s
  2676  1916  621.55334   55 1387  581.00000  636.38276  9.53%  1892 1141s
  2686  1926  626.45710   60 1392  581.00000  636.38276  9.53%  1898 1145s
  2698  1938  620.93800   66 1385  581.00000  636.38276  9.53%  1904 1150s
  2703  1943  627.18804   69 1407  581.00000  636.38276  9.53%  1905 1157s
  2710  1950  614.86210   72 1366  581.00000  636.38276  9.53%  1909 1160s
  2720  1960  620.13086   77 1369  581.00000  636.38276  9.53%  1913 1165s
  2734  1974  621.40974   84 1371  581.00000  636.38276  9.53%  1916 1170s
  2750  1990  616.96058   92 1340  581.00000  636.38276  9.53%  1920 1175s
  2770  2010  618.92457  102 1334  581.00000  636.38276  9.53%  1925 1180s
  2798  2038  607.47093  116 1284  581.00000  636.38276  9.53%  1927 1185s
  2821  2061  615.65048  128 1323  581.00000  636.38276  9.53%  1928 1190s
  2850  2090  609.99177  142 1297  581.00000  636.38276  9.53%  1925 1195s
  2898  2138  599.16811  166 1260  581.00000  636.38276  9.53%  1912 1200s
  2915  2155  602.44995  175 1271  581.00000  636.38276  9.53%  1908 1205s
  3010  2248  587.73810  222 1177  581.00000  636.38276  9.53%  1874 1210s
  3073  2281  628.27517   17 1436  581.00000  636.38228  9.53%  1851 1216s
  3081  2289  629.41889   21 1433  581.00000  636.38228  9.53%  1857 1220s
  3087  2295  628.51831   24 1426  581.00000  636.38228  9.53%  1862 1225s
  3095  2303  624.33862   28 1405  581.00000  636.38228  9.53%  1868 1231s
  3098  2306  632.18363   30 1447  581.00000  636.38228  9.53%  1869 1235s
  3105  2313  625.97960   33 1412  581.00000  636.38228  9.53%  1875 1240s
  3113  2321  620.14603   37 1388  581.00000  636.38228  9.53%  1881 1245s
  3120  2328  630.87287   41 1433  581.00000  636.38228  9.53%  1884 1250s
  3129  2337  619.68012   45 1387  581.00000  636.38228  9.53%  1891 1256s
  3136  2344  629.82458   49 1426  581.00000  636.38228  9.53%  1895 1260s
  3143  2351  623.13061   52 1391  581.00000  636.38228  9.53%  1899 1265s
  3151  2359  617.11941   56 1366  581.00000  636.38228  9.53%  1903 1270s
  3161  2369  617.47287   61 1363  581.00000  636.38228  9.53%  1908 1275s
  3173  2381  620.32475   67 1368  581.00000  636.38228  9.53%  1914 1282s
  3179  2387  624.39601   70 1373  581.00000  636.38228  9.53%  1916 1285s
  3193  2401  622.25429   77 1371  581.00000  636.38228  9.53%  1920 1290s
  3207  2415  619.03530   84 1350  581.00000  636.38228  9.53%  1924 1295s
  3212  2420  622.65467   87 1379  581.00000  636.38228  9.53%  1924 1306s
  3226  2434  621.05568   94 1368  581.00000  636.38228  9.53%  1926 1326s
  3239  2447  615.72030  100 1327  581.00000  636.38228  9.53%  1929 1330s
  3257  2465  616.04973  109 1331  581.00000  636.38228  9.53%  1931 1335s
  3277  2485  603.23131  119 1270  581.00000  636.38228  9.53%  1932 1340s
  3305  2513  612.48771  133 1309  581.00000  636.38228  9.53%  1930 1345s
  3353  2561  600.55350  157 1273  581.00000  636.38228  9.53%  1921 1350s
  3454  2660  590.56140  208 1222  581.00000  636.38228  9.53%  1892 1355s
  3531  2708  629.85198   17 1438  581.00000  636.31187  9.52%  1865 1360s
  3537  2714  627.54788   20 1428  581.00000  636.31187  9.52%  1869 1365s
  3543  2720  627.76966   23 1426  581.00000  636.31187  9.52%  1873 1370s
  3549  2726  626.95287   26 1425  581.00000  636.31187  9.52%  1878 1375s
  3557  2734  627.32569   30 1428  581.00000  636.31187  9.52%  1883 1380s
  3563  2740  623.61183   33 1399  581.00000  636.31187  9.52%  1887 1385s
  3571  2748  621.20056   37 1401  581.00000  636.31187  9.52%  1893 1390s
  3581  2758  622.10737   42 1393  581.00000  636.31187  9.52%  1899 1395s
  3591  2768  619.77778   47 1379  581.00000  636.31187  9.52%  1905 1400s
  3603  2780  624.43943   53 1405  581.00000  636.31187  9.52%  1910 1405s
  3613  2790  623.76368   58 1389  581.00000  636.31187  9.52%  1915 1410s
  3622  2799  628.73256   63 1421  581.00000  636.31187  9.52%  1918 1415s
  3633  2810  623.26338   68 1382  581.00000  636.31187  9.52%  1924 1420s
  3644  2821  626.44190   74 1396  581.00000  636.31187  9.52%  1926 1425s
  3660  2837  624.69204   82 1390  581.00000  636.31187  9.52%  1930 1430s
  3675  2852  618.85978   89 1358  581.00000  636.31187  9.52%  1933 1435s
  3693  2870  620.36026   98 1346  581.00000  636.31187  9.52%  1936 1440s
  3719  2896  614.07648  111 1316  581.00000  636.31187  9.52%  1937 1445s
  3745  2922  609.37275  124 1292  581.00000  636.31187  9.52%  1938 1450s
  3775  2952  609.94788  139 1296  581.00000  636.31187  9.52%  1935 1455s
  3817  2994  600.67302  160 1277  581.00000  636.31187  9.52%  1929 1460s
  3885  3062  595.94940  194 1248  581.00000  636.31187  9.52%  1912 1465s
  3983  3140  635.08981   16 1469  581.00000  636.31024  9.52%  1879 1470s
  3988  3145  628.20514   18 1430  581.00000  636.31024  9.52%  1883 1476s
  3992  3149  630.12668   20 1436  581.00000  636.31024  9.52%  1885 1480s
  3998  3155  626.69457   23 1420  581.00000  636.31024  9.52%  1890 1485s
  4006  3163  623.59001   27 1406  581.00000  636.31024  9.52%  1895 1491s
  4008  3165  625.66540   28 1413  581.00000  636.31024  9.52%  1896 1498s
  4012  3169  628.34161   30 1424  581.00000  636.31024  9.52%  1898 1500s
  4020  3177  624.58698   34 1417  581.00000  636.31024  9.52%  1903 1505s
  4028  3185  625.94264   38 1418  581.00000  636.31024  9.52%  1908 1510s
  4035  3192  631.17543   42 1435  581.00000  636.31024  9.52%  1911 1515s
  4042  3199  625.80212   45 1407  581.00000  636.31024  9.52%  1915 1520s
  4050  3207  619.74883   49 1386  581.00000  636.31024  9.52%  1919 1526s
  4056  3213  624.64540   52 1402  581.00000  636.31024  9.52%  1922 1530s
  4064  3221  618.42632   56 1384  581.00000  636.31024  9.52%  1926 1535s
  4070  3227  624.21940   59 1395  581.00000  636.31024  9.52%  1928 1540s
  4080  3237  623.74140   64 1395  581.00000  636.31024  9.52%  1932 1545s
  4090  3247  624.54355   69 1387  581.00000  636.31024  9.52%  1935 1550s
  4092  3249  622.25619   70 1384  581.00000  636.31024  9.52%  1936 1555s
  4098  3255  621.99091   73 1383  581.00000  636.31024  9.52%  1937 1574s
  4099  3256  627.04588   74 1407  581.00000  636.31024  9.52%  1937 1575s
  4110  3267  621.30090   79 1369  581.00000  636.31024  9.52%  1941 1580s
  4122  3279  618.40106   85 1354  581.00000  636.31024  9.52%  1944 1585s
  4134  3291  617.63455   91 1360  581.00000  636.31024  9.52%  1946 1590s
  4148  3305  620.30080   98 1353  581.00000  636.31024  9.52%  1948 1595s
  4166  3323  617.72959  107 1346  581.00000  636.31024  9.52%  1949 1600s
  4186  3343  602.65464  117 1286  581.00000  636.31024  9.52%  1949 1605s
  4208  3365  610.76341  128 1314  581.00000  636.31024  9.52%  1950 1610s
  4234  3391  607.75857  141 1288  581.00000  636.31024  9.52%  1949 1615s
  4268  3425  606.95067  158 1279  581.00000  636.31024  9.52%  1946 1620s
  4324  3481  597.95541  186 1244  581.00000  636.31024  9.52%  1935 1625s
  4441  3578  635.52118   15 1479  581.00000  635.88223  9.45%  1897 1630s
  4468  3605  631.22590   42 1446  581.00000  635.88223  9.45%  1892 1635s
  4512  3649  623.87361   82 1381  581.00000  635.88223  9.45%  1882 1640s
  4536  3673  620.97366  103 1363  581.00000  635.88223  9.45%  1880 1645s
  4565  3702  615.01678  122 1331  581.00000  635.88223  9.45%  1878 1650s
  4608  3745  609.19783  148 1304  581.00000  635.88223  9.45%  1871 1655s
  4667  3804  603.18733  173 1272  581.00000  635.88223  9.45%  1859 1660s
  4750  3887  596.15159  198 1220  581.00000  635.88223  9.45%  1842 1665s
  4818  3955  591.77704  209 1179  581.00000  635.88223  9.45%  1825 1676s
  4932  4069  587.33999  224 1161  581.00000  635.88223  9.45%  1792 1680s
  5073  4181  633.07784   27 1455  581.00000  635.88101  9.45%  1752 1685s
  5118  4226  623.42825   69 1391  581.00000  635.88101  9.45%  1745 1690s
  5155  4263  618.20813  100 1351  581.00000  635.88101  9.45%  1741 1695s
  5190  4298  614.56319  127 1320  581.00000  635.88101  9.45%  1738 1700s
  5245  4353  605.90894  158 1273  581.00000  635.88101  9.45%  1730 1705s
  5340  4448  596.52658  189 1191  581.00000  635.88101  9.45%  1712 1710s
  5491  4599  588.26177  212 1156  581.00000  635.88101  9.45%  1678 1715s
  5634  4728  634.16270   26 1464  581.00000  635.82360  9.44%  1643 1720s
  5665  4759  629.73425   57 1428  581.00000  635.82360  9.44%  1640 1725s
  5717  4811  618.03197  105 1354  581.00000  635.82360  9.44%  1633 1730s
  5773  4867  610.76469  146 1321  581.00000  635.82360  9.44%  1628 1735s
  5844  4938  601.81470  171 1273  581.00000  635.82360  9.44%  1621 1740s
  5972  5066  592.81218  207 1226  581.00000  635.82360  9.44%  1600 1745s
  6116  5210  584.83030  224 1144  581.00000  635.82360  9.44%  1573 1750s
  6237  5315  633.23481   26 1456  581.00000  635.82345  9.44%  1550 1755s
  6280  5358  627.18977   69 1411  581.00000  635.82345  9.44%  1546 1760s
  6315  5393  618.73863   97 1362  581.00000  635.82345  9.44%  1544 1765s
  6371  5449  609.11971  140 1310  581.00000  635.82345  9.44%  1540 1770s
  6437  5515  602.06860  169 1268  581.00000  635.82345  9.44%  1534 1775s
  6539  5617  593.83035  193 1226  581.00000  635.82345  9.44%  1523 1780s
  6616  5694  590.35833  209 1173  581.00000  635.82345  9.44%  1512 1785s
  6804  5850  634.90785   18 1472  581.00000  635.52000  9.38%  1480 1790s
  6839  5885  630.38908   53 1429  581.00000  635.52000  9.38%  1478 1795s
  6891  5937  620.84821  103 1367  581.00000  635.52000  9.38%  1473 1800s
  6942  5988  611.44721  139 1309  581.00000  635.52000  9.38%  1471 1805s
  6979  6025  606.37031  159 1282  581.00000  635.52000  9.38%  1468 1810s
  7063  6109  597.65762  194 1234  581.00000  635.52000  9.38%  1461 1815s
  7218  6264  588.13301  216 1163  581.00000  635.52000  9.38%  1441 1820s
  7398  6408  627.67722   16 1433  581.00000  635.43669  9.37%  1415 1825s
  7465  6475  616.54700   81 1347  581.00000  635.43669  9.37%  1410 1830s
  7545  6555  602.39313  142 1265  581.00000  635.43669  9.37%  1404 1835s
  7735  6745  584.43400  205 1184  581.00000  635.43669  9.37%  1383 1840s
  7832  6808  629.53709   49 1439  581.00000  635.43610  9.37%  1372 1845s
  7867  6843  624.28745   84 1390  581.00000  635.43610  9.37%  1370 1850s
  7891  6867  619.81840  103 1373  581.00000  635.43610  9.37%  1370 1855s
  7936  6912  609.76188  136 1302  581.00000  635.43610  9.37%  1368 1860s
  7991  6967  603.22092  170 1269  581.00000  635.43610  9.37%  1365 1865s
  8060  7036  594.32167  190 1250  581.00000  635.43610  9.37%  1359 1870s
  8190  7166  587.75571  220 1168  581.00000  635.43610  9.37%  1346 1875s
  8329  7283  633.92622   25 1473  581.00000  635.32957  9.35%  1330 1880s
  8363  7317  629.49666   59 1435  581.00000  635.32957  9.35%  1328 1885s
  8396  7350  623.44199   92 1399  581.00000  635.32957  9.35%  1326 1890s
  8430  7384  616.57799  118 1347  581.00000  635.32957  9.35%  1325 1895s
  8475  7429  608.80920  150 1305  581.00000  635.32957  9.35%  1324 1900s
  8521  7475  600.89640  170 1285  581.00000  635.32957  9.35%  1323 1909s
  8522  7476  603.35079  175 1290  581.00000  635.32957  9.35%  1323 1913s
  8550  7504  600.03241  187 1280  581.00000  635.32957  9.35%  1321 1915s
  8662  7616  592.51070  209 1224  581.00000  635.32957  9.35%  1313 1920s
  8800  7754  585.50000  228 1101  581.00000  635.32957  9.35%  1301 1925s
  8904  7828  626.90827   22 1428  581.00000  635.31183  9.35%  1291 1930s
  8945  7861  629.47534   18 1448  581.00000  635.30333  9.35%  1291 1936s
  8969  7885  625.34975   42 1420  581.00000  635.30333  9.35%  1290 1940s
  9006  7922  618.89290   79 1373  581.00000  635.30333  9.35%  1288 1945s
  9018  7934  616.23280   91 1363  581.00000  635.30333  9.35%  1287 1950s
  9109  8025  591.92516  182 1227  581.00000  635.30333  9.35%  1280 1955s
  9177  8058  621.87602   18 1404  581.00000  635.15788  9.32%  1274 1960s
  9183  8064  611.02370   21 1358  581.00000  635.15788  9.32%  1276 1965s
  9193  8074  621.99408   26 1396  581.00000  635.15788  9.32%  1278 1970s
  9202  8083  625.64757   31 1418  581.00000  635.15788  9.32%  1280 1975s
  9211  8092  618.22165   35 1380  581.00000  635.15788  9.32%  1283 1980s
  9221  8102  613.25477   40 1361  581.00000  635.15788  9.32%  1286 1985s
  9231  8112  612.72270   45 1364  581.00000  635.15788  9.32%  1288 1990s
  9241  8122  615.74159   50 1360  581.00000  635.15788  9.32%  1291 1995s
  9254  8135  621.02419   57 1395  581.00000  635.15788  9.32%  1292 2004s
  9255  8136  617.97435   57 1381  581.00000  635.15788  9.32%  1293 2005s
  9269  8150  614.46924   64 1358  581.00000  635.15788  9.32%  1295 2010s
  9283  8164  608.50595   71 1334  581.00000  635.15788  9.32%  1297 2015s
  9295  8176  610.68412   77 1334  581.00000  635.15788  9.32%  1299 2020s
  9312  8193  615.66600   86 1356  581.00000  635.15788  9.32%  1301 2025s
  9329  8210  609.87983   94 1329  581.00000  635.15788  9.32%  1303 2030s
  9353  8234  609.32707  106 1313  581.00000  635.15788  9.32%  1305 2035s
  9380  8261  608.88202  120 1314  581.00000  635.15788  9.32%  1306 2040s
  9421  8302  602.28852  140 1259  581.00000  635.15788  9.32%  1307 2045s
  9483  8364  592.00702  171 1224  581.00000  635.15788  9.32%  1305 2050s
  9578  8422  633.20889   28 1458  581.00000  635.15730  9.32%  1299 2055s
  9622  8466  627.39404   72 1412  581.00000  635.15730  9.32%  1296 2060s
  9650  8494  621.49600  100 1376  581.00000  635.15730  9.32%  1295 2066s
  9668  8512  618.08370  118 1347  581.00000  635.15730  9.32%  1294 2077s
  9710  8554  608.07490  160 1301  581.00000  635.15730  9.32%  1291 2080s
  9823  8653  629.31420   42 1427  581.00000  635.14617  9.32%  1282 2085s
  9890  8720  609.87503  109 1295  581.00000  635.14617  9.32%  1278 2090s
  9999  8818  630.35823   37 1441  581.00000  635.14565  9.32%  1269 2095s
 10020  8839  627.71451   58 1418  581.00000  635.14565  9.32%  1268 2103s
 10024  8843  621.77466   59 1395  581.00000  635.14565  9.32%  1269 2105s
 10074  8893  618.06594  108 1362  581.00000  635.14565  9.32%  1267 2110s
 10137  8956  606.74578  151 1286  581.00000  635.14565  9.32%  1265 2115s
 10203  9021  595.50768  166 1490  581.00000  635.14565  9.32%  1261 2865s
 10206  9023  591.19231  207 1490  581.00000  635.14565  9.32%  1261 2874s
 10207  9024  596.66439  195 1491  581.00000  633.32754  9.01%  1261 2877s
 10213  9028  616.73639  114 1492  581.00000  631.94865  8.77%  1260 2892s
 10214  9028  585.80000  228 1492  581.00000  631.87532  8.76%  1260 2907s
 10217  9030  599.22510  131 1491  581.00000  631.83385  8.75%  1260 2923s
 10218  9031  626.18143   76 1492  581.00000  631.59161  8.71%  1259 2937s
 10221  9033  609.13307  144 1490  581.00000  631.48957  8.69%  1259 2954s
 10222  9034  588.53915  214 1490  581.00000  631.35067  8.67%  1259 2968s
 10225  9036  587.52517  219 1492  581.00000  631.23358  8.65%  1259 2983s
 10226  9036  629.09821   17 1492  581.00000  631.17319  8.64%  1258 2998s
 10229  9038  605.71005  128 1491  581.00000  631.13481  8.63%  1258 3016s
 10230  9039  586.41948  227 1491  581.00000  631.07294  8.62%  1258 3032s
 10232  9040  628.04905   22 1490  581.00000  631.04911  8.61%  1258 3047s
 10233  9041  591.20552  213 1489  581.00000  630.86101  8.58%  1258 3063s
 10237  9044  618.68679  113 1488  581.00000  630.74972  8.56%  1257 3082s
 10238  9044  610.41578   46 1493  581.00000  630.63511  8.54%  1257 3097s
 10242  9047  595.52729  198 1491  581.00000  630.57124  8.53%  1256 3114s
 10243  9048  592.32391  166 1491  581.00000  630.35073  8.49%  1256 3131s
 10246  9050  603.69342  172 1492  581.00000  630.29516  8.48%  1256 3150s
 10247  9050  622.30912   97 1491  581.00000  630.06952  8.45%  1256 3164s
 10249  9052  627.01550   59 1490  581.00000  630.00014  8.43%  1256 3165s
 10250  9052  623.68516   42 1490  581.00000  629.99608  8.43%  1255 3182s
 10251  9053  601.89663  182 1491  581.00000  629.93138  8.42%  1255 3198s
 10253  9054  587.99324  222 1493  581.00000  629.91040  8.42%  1255 3214s
 10254  9055  626.67979   53 1492  581.00000  629.89590  8.42%  1255 3231s
 10255  9056  586.97833  225 1493  581.00000  629.89320  8.42%  1255 3247s
 10256  9056  620.85546   84 1491  581.00000  629.87902  8.41%  1255 3265s
 10258  9058  604.69834  166 1491  581.00000  629.87182  8.41%  1255 3284s
 10259  9058  626.65892   45 1491  581.00000  629.85792  8.41%  1254 3300s
 10260  9059  604.60145  168 1492  581.00000  629.85223  8.41%  1254 3317s
 10261  9060  619.59328   85 1491  581.00000  629.85116  8.41%  1254 3334s
 10262  9060  629.85080   19 1492  581.00000  629.85080  8.41%  1254 3352s
 10263  9061  589.50323  213 1491  581.00000  629.85054  8.41%  1254 3369s
 10264  9062  596.10134  197 1492  581.00000  629.85052  8.41%  1254 3385s
 10265  9062  629.85052   19 1492  581.00000  629.85052  8.41%  1254 3402s
 10266  9063  589.05318  190 1492  581.00000  629.83913  8.41%  1254 3419s
 10267  9064  609.07620  154 1492  581.00000  629.83848  8.41%  1253 3436s
 10268  9064  629.83848   35 1492  581.00000  629.83848  8.41%  1253 3450s
 10274  9070  628.74904   23 1474  581.00000  629.15693  8.29%  1262 3455s
 10282  9076  626.98022   27 1475  581.00000  628.94626  8.25%  1264 3460s
 10294  9084  625.43331   33 1464  581.00000  628.94626  8.25%  1265 3465s
 10305  9091  625.00333   39 1466  581.00000  628.94626  8.25%  1265 3470s
 10313  9096  623.94809   43 1460  581.00000  628.94626  8.25%  1266 3475s
 10321  9102  622.06259   47 1451  581.00000  628.94626  8.25%  1268 3480s
 10332  9109  620.41087   52 1447  581.00000  628.94626  8.25%  1268 3485s
 10342  9116  618.19252   57 1438  581.00000  628.94626  8.25%  1269 3490s
 10352  9122  617.78391   62 1435  581.00000  628.94626  8.25%  1270 3495s
 10366  9132  615.93088   69 1431  581.00000  628.94626  8.25%  1271 3500s
 10378  9140  612.74699   75 1423  581.00000  628.94626  8.25%  1273 3505s
 10390  9148  611.49965   81 1410  581.00000  628.94626  8.25%  1274 3510s
 10406  9158  608.66333   89 1396  581.00000  628.94626  8.25%  1275 3515s
 10422  9169  606.52807   97 1388  581.00000  628.94626  8.25%  1276 3520s
 10435  9178  604.92829  104 1389  581.00000  628.94626  8.25%  1277 3525s
 10451  9188  601.95403  112 1376  581.00000  628.94626  8.25%  1278 3530s
 10464  9197  598.18846  118 1358  581.00000  628.94626  8.25%  1279 3535s
 10480  9208  591.85611  126 1340  581.00000  628.94626  8.25%  1281 3540s
 10490  9214  594.91768  131 1353  581.00000  628.94626  8.25%  1282 3545s
 10505  9224  594.24093  139 1349  581.00000  628.94626  8.25%  1284 3550s
 10520  9234  590.28093  146 1330  581.00000  628.94626  8.25%  1285 3555s
 10534  9244  584.58310  153 1304  581.00000  628.94626  8.25%  1288 3560s
 10550  9252  584.89032  161 1301  581.00000  628.94626  8.25%  1289 3565s
 10575  9253  585.19255  174 1308  581.00000  628.94626  8.25%  1290 3570s
 10624  9237  622.26936   23 1436  581.00000  628.94076  8.25%  1287 3576s
 10628  9239  622.44389   25 1442  581.00000  628.94076  8.25%  1288 3580s
 10634  9243  621.71722   28 1436  581.00000  628.94076  8.25%  1290 3586s
 10638  9246  622.23556   30 1435  581.00000  628.94076  8.25%  1292 3590s
 10644  9250  618.37920   33 1420  581.00000  628.94076  8.25%  1294 3595s

Cutting planes:
  Gomory: 10
  Clique: 1
  Flow cover: 81
  Zero half: 630
  RLT: 202
  BQP: 42

Explored 10650 nodes (13914754 simplex iterations) in 3600.00 seconds (4852.70 work units)
Thread count was 1 (of 24 available processors)

Solution count 10: 581 580 579 ... 564

Time limit reached
Best objective 5.810000000000e+02, best bound 6.280000000000e+02, gap 8.0895%

User-callback calls 180693, time in user-callback 0.97 sec
