
Gurobi 11.0.3 (linux64) logging started Thu Mar  5 10:58:25 2026

Set parameter LogFile to value "./log/train/IS_1500_6/IS_9.lp.log"
Set parameter TimeLimit to value 3600
Gurobi Optimizer version 11.0.3 build v11.0.3rc0 (linux64 - "Ubuntu 22.04.5 LTS")

CPU model: AMD Ryzen 9 9900X 12-Core Processor, instruction set [SSE2|AVX|AVX2|AVX512]
Thread count: 12 physical cores, 24 logical processors, using up to 2 threads

Optimize a model with 9205 rows, 1500 columns and 18122 nonzeros
Model fingerprint: 0x676fcf85
Variable types: 0 continuous, 1500 integer (1500 binary)
Coefficient statistics:
  Matrix range     [1e+00, 1e+00]
  Objective range  [1e+00, 1e+00]
  Bounds range     [1e+00, 1e+00]
  RHS range        [1e+00, 1e+00]
Found heuristic solution: objective 334.0000000
Presolve removed 1838 rows and 0 columns
Presolve time: 0.03s
Presolved: 7367 rows, 1500 columns, 16226 nonzeros
Variable types: 0 continuous, 1500 integer (1500 binary)

Root relaxation: objective 6.865000e+02, 3438 iterations, 0.13 seconds (0.20 work units)

    Nodes    |    Current Node    |     Objective Bounds      |     Work
 Expl Unexpl |  Obj  Depth IntInf | Incumbent    BestBd   Gap | It/Node Time

     0     0  686.50000    0 1353  334.00000  686.50000   106%     -    0s
H    0     0                     512.0000000  686.50000  34.1%     -    0s
     0     0  670.95714    0 1422  512.00000  670.95714  31.0%     -    1s
     0     0  670.91189    0 1431  512.00000  670.91189  31.0%     -    1s
     0     0  670.90097    0 1427  512.00000  670.90097  31.0%     -    1s
     0     0  670.90097    0 1428  512.00000  670.90097  31.0%     -    1s
     0     0  664.49253    0 1479  512.00000  664.49253  29.8%     -    1s
H    0     0                     545.0000000  664.49253  21.9%     -    1s
     0     0  663.95246    0 1476  545.00000  663.95246  21.8%     -    1s
     0     0  663.84872    0 1479  545.00000  663.84872  21.8%     -    1s
     0     0  663.82930    0 1478  545.00000  663.82930  21.8%     -    1s
     0     0  663.82900    0 1478  545.00000  663.82900  21.8%     -    2s
     0     0  659.07165    0 1480  545.00000  659.07165  20.9%     -    2s
H    0     0                     552.0000000  659.07165  19.4%     -    2s
     0     0  658.69405    0 1478  552.00000  658.69405  19.3%     -    2s
     0     0  658.65460    0 1482  552.00000  658.65460  19.3%     -    2s
     0     0  658.61296    0 1482  552.00000  658.61296  19.3%     -    2s
     0     0  658.60331    0 1481  552.00000  658.60331  19.3%     -    2s
     0     0  658.60245    0 1482  552.00000  658.60245  19.3%     -    2s
     0     0  654.98163    0 1478  552.00000  654.98163  18.7%     -    3s
     0     0  654.58718    0 1479  552.00000  654.58718  18.6%     -    3s
     0     0  654.48739    0 1478  552.00000  654.48739  18.6%     -    3s
     0     0  654.45171    0 1478  552.00000  654.45171  18.6%     -    3s
     0     0  654.44500    0 1479  552.00000  654.44500  18.6%     -    3s
     0     0  652.05218    0 1482  552.00000  652.05218  18.1%     -    4s
     0     0  651.63071    0 1483  552.00000  651.63071  18.0%     -    4s
     0     0  651.58693    0 1482  552.00000  651.58693  18.0%     -    4s
     0     0  651.57552    0 1483  552.00000  651.57552  18.0%     -    4s
     0     0  651.57378    0 1486  552.00000  651.57378  18.0%     -    4s
     0     0  649.55612    0 1482  552.00000  649.55612  17.7%     -    5s
     0     0  649.41114    0 1482  552.00000  649.41114  17.6%     -    5s
     0     0  649.39446    0 1482  552.00000  649.39446  17.6%     -    5s
     0     0  649.38770    0 1484  552.00000  649.38770  17.6%     -    5s
     0     0  646.97853    0 1479  552.00000  646.97853  17.2%     -    6s
     0     0  646.74383    0 1479  552.00000  646.74383  17.2%     -    6s
     0     0  646.72384    0 1479  552.00000  646.72384  17.2%     -    6s
     0     0  646.71849    0 1478  552.00000  646.71849  17.2%     -    6s
     0     0  645.43837    0 1480  552.00000  645.43837  16.9%     -    6s
     0     0  645.24141    0 1481  552.00000  645.24141  16.9%     -    7s
     0     0  645.21025    0 1484  552.00000  645.21025  16.9%     -    7s
     0     0  645.20198    0 1483  552.00000  645.20198  16.9%     -    7s
     0     0  644.14794    0 1485  552.00000  644.14794  16.7%     -    7s
     0     0  644.02934    0 1484  552.00000  644.02934  16.7%     -    7s
     0     0  644.01824    0 1484  552.00000  644.01824  16.7%     -    7s
     0     0  643.13430    0 1482  552.00000  643.13430  16.5%     -    8s
     0     0  643.03984    0 1481  552.00000  643.03984  16.5%     -    8s
     0     0  643.00361    0 1481  552.00000  643.00361  16.5%     -    8s
     0     0  642.99908    0 1483  552.00000  642.99908  16.5%     -    8s
     0     0  642.11734    0 1483  552.00000  642.11734  16.3%     -    9s
     0     0  642.03646    0 1484  552.00000  642.03646  16.3%     -    9s
     0     0  642.03190    0 1485  552.00000  642.03190  16.3%     -    9s
     0     0  641.11048    0 1485  552.00000  641.11048  16.1%     -    9s
H    0     0                     553.0000000  641.11048  15.9%     -    9s
     0     0  640.98989    0 1482  553.00000  640.98989  15.9%     -    9s
     0     0  640.97845    0 1484  553.00000  640.97845  15.9%     -    9s
     0     0  640.60932    0 1486  553.00000  640.60932  15.8%     -   10s
     0     0  640.55159    0 1486  553.00000  640.55159  15.8%     -   10s
     0     0  640.54455    0 1486  553.00000  640.54455  15.8%     -   10s
     0     0  640.37646    0 1486  553.00000  640.37646  15.8%     -   10s
     0     0  640.31645    0 1486  553.00000  640.31645  15.8%     -   10s
     0     0  640.30888    0 1485  553.00000  640.30888  15.8%     -   10s
     0     0  639.98367    0 1485  553.00000  639.98367  15.7%     -   11s
     0     0  639.90996    0 1485  553.00000  639.90996  15.7%     -   11s
     0     0  639.89733    0 1486  553.00000  639.89733  15.7%     -   11s
     0     0  639.53982    0 1486  553.00000  639.53982  15.6%     -   11s
     0     0  639.46190    0 1486  553.00000  639.46190  15.6%     -   11s
     0     0  639.45358    0 1486  553.00000  639.45358  15.6%     -   11s
     0     0  639.06619    0 1486  553.00000  639.06619  15.6%     -   12s
     0     0  638.95126    0 1488  553.00000  638.95126  15.5%     -   12s
     0     0  638.93422    0 1488  553.00000  638.93422  15.5%     -   12s
     0     0  638.66494    0 1488  553.00000  638.66494  15.5%     -   12s
     0     0  638.61127    0 1484  553.00000  638.61127  15.5%     -   12s
     0     0  638.59852    0 1485  553.00000  638.59852  15.5%     -   12s
     0     0  638.26497    0 1489  553.00000  638.26497  15.4%     -   13s
     0     0  638.18133    0 1488  553.00000  638.18133  15.4%     -   13s
     0     0  638.16969    0 1488  553.00000  638.16969  15.4%     -   13s
     0     0  637.97129    0 1487  553.00000  637.97129  15.4%     -   13s
     0     0  637.92239    0 1487  553.00000  637.92239  15.4%     -   13s
     0     0  637.91476    0 1487  553.00000  637.91476  15.4%     -   13s
     0     0  637.67656    0 1485  553.00000  637.67656  15.3%     -   13s
     0     0  637.61253    0 1487  553.00000  637.61253  15.3%     -   14s
     0     0  637.60537    0 1488  553.00000  637.60537  15.3%     -   14s
     0     0  637.49684    0 1489  553.00000  637.49684  15.3%     -   14s
     0     0  637.49684    0 1489  553.00000  637.49684  15.3%     -   14s
H    0     0                     560.0000000  637.49684  13.8%     -   15s
H    0     0                     564.0000000  637.49684  13.0%     -   15s
H    0     2                     566.0000000  637.49684  12.6%     -   15s
     0     2  637.49684    0 1489  566.00000  637.49684  12.6%     -   15s
     7    10  626.69891    3 1418  566.00000  637.41245  12.6%  4465   20s
H   28    31                     567.0000000  637.41245  12.4%  2282   24s
    32    38  605.67009   12 1318  567.00000  637.41245  12.4%  2138   25s
H   57    59                     568.0000000  637.41245  12.2%  1700   26s
H   83    94                     570.0000000  637.41245  11.8%  1562   28s
   108   100     cutoff   36       570.00000  637.24677  11.8%  1337   30s
   138   119  628.92065    9 1437  570.00000  637.24441  11.8%  1444   36s
H  153   134                     571.0000000  637.24441  11.6%  1592   40s
   208   187  601.75823   26 1300  571.00000  637.24441  11.6%  1543   45s
H  231   193                     572.0000000  637.24441  11.4%  1451   47s
   264   228  592.16274   49 1243  572.00000  637.24441  11.4%  1470   50s
H  285   239                     573.0000000  637.24441  11.2%  1448   51s
   307   251  628.10747    5 1439  573.00000  637.08948  11.2%  1439   55s
H  332   270                     574.0000000  637.08948  11.0%  1473   56s
H  347   279                     575.0000000  637.08948  10.8%  1487   57s
H  358   285                     576.0000000  637.08948  10.6%  1485   58s
   369   304  586.49747   20 1238  576.00000  637.08948  10.6%  1486   61s
   423   318  624.87706    7 1414  576.00000  636.90938  10.6%  1423   65s
   461   368  601.25856   19 1293  576.00000  636.90938  10.6%  1462   70s
H  473   359                     577.0000000  636.90938  10.4%  1455   70s
   569   407  630.26833    9 1431  577.00000  636.74932  10.4%  1363   75s
   589   436  609.55653   13 1336  577.00000  636.74932  10.4%  1420   80s
   602   445  588.25775   18 1231  577.00000  636.49753  10.3%  1446   86s
   658   501  611.53524   17 1351  577.00000  636.49753  10.3%  1481   93s
   699   519  610.42519   21 1347  577.00000  636.49753  10.3%  1460   95s
   744   562  581.18724   35 1159  577.00000  636.24281  10.3%  1486  102s
   811   587  623.87365   16 1403  577.00000  635.98282  10.2%  1468  106s
   825   608  615.04200   19 1365  577.00000  635.98282  10.2%  1501  110s
H  866   609                     578.0000000  635.98282  10.0%  1495  112s
   884   610  603.48943   18 1489  578.00000  635.98282  10.0%  1509  125s
   887   612  605.05978   25 1482  578.00000  635.98282  10.0%  1504  131s
   893   616  601.84216   35 1489  578.00000  635.98282  10.0%  1494  141s
   894   617  603.10480   30 1488  578.00000  635.98282  10.0%  1493  146s
   896   618  632.77465   14 1489  578.00000  635.98282  10.0%  1489  153s
   897   619  629.79515   12 1486  578.00000  635.98282  10.0%  1488  158s
   898   619  588.59802   50 1485  578.00000  635.98282  10.0%  1486  163s
   899   620  588.59802   50 1486  578.00000  635.98282  10.0%  1484  168s
   901   621  589.12435   29 1487  578.00000  635.98282  10.0%  1481  175s
   903   623  593.49863   20 1487  578.00000  635.98282  10.0%  1478  185s
   904   623  592.34204   43 1487  578.00000  635.98282  10.0%  1476  192s
   905   624  607.60982   24 1483  578.00000  635.98282  10.0%  1474  198s
   906   625  595.59326   17 1487  578.00000  635.98282  10.0%  1473  205s
   907   625  623.64471   20 1487  578.00000  635.98282  10.0%  1471  212s
   908   626  619.25125   11 1487  578.00000  635.98282  10.0%  1470  227s
   911   631  635.98282   16 1489  578.00000  635.98282  10.0%  1525  230s
   927   642  634.92003   20 1461  578.00000  635.98282  10.0%  1546  235s
   941   653  634.28572   23 1466  578.00000  635.98282  10.0%  1563  241s
   955   661  632.95006   27 1463  578.00000  635.98282  10.0%  1581  245s
   975   676  630.99079   32 1456  578.00000  635.98282  10.0%  1602  250s
   999   694  628.37254   37 1431  578.00000  635.98282  10.0%  1623  256s
  1019   707  627.25958   42 1434  578.00000  635.98282  10.0%  1635  260s
  1051   732  625.36181   48 1426  578.00000  635.98282  10.0%  1651  266s
  1081   751  623.40993   55 1414  578.00000  635.98282  10.0%  1664  271s
  1100   764  620.87728   60 1397  578.00000  635.98282  10.0%  1680  275s
  1118   774  621.72696   65 1399  578.00000  635.98282  10.0%  1697  280s
  1149   807  619.98439   72 1394  578.00000  635.98282  10.0%  1730  286s
  1183   825  617.94252   79 1393  578.00000  635.98282  10.0%  1735  291s
  1211   846  616.89643   85 1389  578.00000  635.98282  10.0%  1755  296s
  1245   868  615.14357   92 1380  578.00000  635.98282  10.0%  1773  302s
  1261   880  610.74587   95 1357  578.00000  635.98282  10.0%  1785  305s
  1297   908  612.69932  103 1367  578.00000  635.98282  10.0%  1811  313s
  1319   927  612.01615  107 1360  578.00000  635.98282  10.0%  1826  316s
  1345   948  611.27558  112 1359  578.00000  635.98282  10.0%  1836  320s
  1408   999  609.33491  123 1345  578.00000  635.98282  10.0%  1844  327s
  1447  1029  608.12687  130 1329  578.00000  635.98282  10.0%  1846  331s
  1490  1090  607.49282  137 1326  578.00000  635.98282  10.0%  1842  335s
  1653  1143  603.69298  156 1302  578.00000  635.98282  10.0%  1754  344s
  1704  1152  602.13349  165 1292  578.00000  635.98282  10.0%  1737  348s
  1730  1176  601.18035  176 1266  578.00000  635.98282  10.0%  1745  352s
  1763  1214  596.28542  190 1222  578.00000  635.98282  10.0%  1748  356s
  1812  1279  590.71718  212 1185  578.00000  635.98282  10.0%  1736  361s
  1908  1252  579.50000  258  962  578.00000  635.92191  10.0%  1694  366s
  1940  1253  634.54713   20 1460  578.00000  635.92191  10.0%  1698  372s
  1952  1262  634.09275   23 1458  578.00000  635.92191  10.0%  1718  377s
  1965  1271  625.84501   26 1412  578.00000  635.92191  10.0%  1737  383s
  1978  1282  633.42404   29 1454  578.00000  635.92191  10.0%  1752  389s
  1994  1295  632.55045   33 1449  578.00000  635.92191  10.0%  1771  395s
  2012  1309  631.71285   37 1443  578.00000  635.92191  10.0%  1790  401s
  2032  1321  630.85478   42 1436  578.00000  635.92191  10.0%  1809  407s
  2051  1338  624.21801   46 1406  578.00000  635.92191  10.0%  1829  414s
  2074  1354  629.09714   52 1428  578.00000  635.92191  10.0%  1847  421s
  2098  1372  628.03596   58 1421  578.00000  635.92191  10.0%  1866  427s
  2124  1392  626.70411   64 1419  578.00000  635.92191  10.0%  1884  434s
  2152  1410  625.64297   71 1410  578.00000  635.92191  10.0%  1901  442s
  2180  1440  623.92247   78 1399  578.00000  635.92191  10.0%  1918  449s
  2219  1460  622.49873   88 1391  578.00000  635.92191  10.0%  1933  457s
  2252  1489  621.43582   95 1382  578.00000  635.92191  10.0%  1945  465s
  2292  1516  619.94542  104 1367  578.00000  635.92191  10.0%  1957  474s
  2332  1532  619.03814  111 1362  578.00000  635.92191  10.0%  1964  497s
  2362  1580  614.36874  118 1341  578.00000  635.92191  10.0%  1965  505s
  2420  1591  615.64466  130 1328  578.00000  635.92191  10.0%  1963  514s
  2450  1657  612.66932  139 1328  578.00000  635.92191  10.0%  1959  523s
  2526  1821  608.83716  156 1297  578.00000  635.92191  10.0%  1944  532s
  2737  1896  599.93959  180 1228  578.00000  635.91812  10.0%  1854  544s
  2926  1897  634.93920   21 1466  578.00000  635.89681  10.0%  1792  553s
  2943  1922  629.48748   24 1432  578.00000  635.89681  10.0%  1811  562s
  2968  1952  633.45551   30 1459  578.00000  635.89681  10.0%  1833  572s
  2998  1988  632.45319   37 1453  578.00000  635.89681  10.0%  1855  583s
  3034  2014  631.24909   45 1445  578.00000  635.89681  10.0%  1878  595s
  3060  2059  630.32057   52 1439  578.00000  635.89681  10.0%  1894  606s
  3105  2114  628.71915   62 1426  578.00000  635.89681  10.0%  1916  615s
  3160  2182  622.93448   74 1390  578.00000  635.89681  10.0%  1936  627s
  3228  2260  623.02778   89 1388  578.00000  635.89681  10.0%  1952  640s
  3306  2291  619.81607  107 1368  578.00000  635.89681  10.0%  1962  652s
  3337  2480  619.47561  109 1361  578.00000  635.89681  10.0%  1961  663s
  3526  2609  614.72586  134 1330  578.00000  635.89681  10.0%  1930  676s
  3690  2808  608.28169  160 1291  578.00000  635.56031  10.0%  1881  691s
  3914  2844  635.36092   22 1476  578.00000  635.36092  9.92%  1838  705s
  3950  2892  634.45294   29 1469  578.00000  635.15309  9.89%  1862  719s
  3998  2919  633.03837   38 1459  578.00000  635.15309  9.89%  1888  737s
  4025  2984  626.78562   43 1419  578.00000  635.15309  9.89%  1902  753s
  4090  3072  630.75840   54 1440  578.00000  635.15309  9.89%  1925  770s
  4178  3234  627.62691   68 1424  578.00000  635.15309  9.89%  1943  787s
  4340  3441  624.88474   85 1405  578.00000  635.15309  9.89%  1941  803s
  4576  3666  621.44907  102 1376  578.00000  635.15309  9.89%  1888  821s
  4801  4172  616.80387  131 1351  578.00000  635.15309  9.89%  1861  835s
  5309  4496  600.88421  190 1267  578.00000  634.91906  9.85%  1750  849s
  5676  5030  631.38857   32 1441  578.00000  634.91801  9.85%  1683  864s
  6242  5177  607.42797  145 1286  578.00000  634.91801  9.85%  1597  880s
  6389  5889  601.40092  158 1252  578.00000  634.84365  9.83%  1582  896s
  7161  6064  630.10622   48 1433  578.00000  634.70498  9.81%  1470  909s
  7336  6728  614.39484  122 1335  578.00000  634.70498  9.81%  1462  927s
  8000  6926  585.85519  223 1152  578.00000  634.70469  9.81%  1399  933s
  8249  7010  631.10325   33 1448  578.00000  634.67245  9.80%  1369  938s
  8333  7130  624.48296   73 1398  578.00000  634.67245  9.80%  1366  945s
  8453  7266  612.95532  127 1338  578.00000  634.67245  9.80%  1360  952s
  8589  7594  604.65078  153 1279  578.00000  634.67245  9.80%  1356  959s
  8917  7785  590.26934  213 1169  578.00000  634.67245  9.80%  1330  966s
  9110  7935  585.29982  227 1114  578.00000  634.60268  9.79%  1310  973s
  9299  8057  621.02370   38 1390  578.00000  634.42377  9.76%  1295  980s
  9440  8089  619.94620   21 1390  578.00000  634.39583  9.76%  1290  988s
  9472  8127  618.27069   29 1382  578.00000  634.39583  9.76%  1297  996s
  9510  8171  616.02689   39 1368  578.00000  634.39583  9.76%  1304 1003s
  9554  8225  614.12471   50 1356  578.00000  634.39583  9.76%  1311 1011s
  9608  8292  610.68500   64 1341  578.00000  634.39583  9.76%  1318 1018s
  9675  8385  603.89844   82 1309  578.00000  634.39583  9.76%  1325 1025s
  9768  8416  600.55175  108 1283  578.00000  634.39583  9.76%  1331 1040s
  9799  8584  597.74563  123 1260  578.00000  634.37415  9.75%  1331 1049s
  9999  8725  627.69620   22 1433  578.00000  634.37415  9.75%  1326 1057s
 10142  8928  624.45432   44 1406  578.00000  634.37415  9.75%  1321 1064s
 10363  9067  581.51878  178 1054  578.00000  634.36459  9.75%  1307 1071s
 10527  9245  633.26334   20 1456  578.00000  634.36459  9.75%  1300 1079s
 10705  9677  623.73710   72 1393  578.00000  634.36459  9.75%  1294 1089s
 11153  9794  590.15590  209 1197  578.00000  634.21544  9.73%  1263 1095s
 11290  9868  615.22959   22 1378  578.00000  634.21544  9.73%  1258 1101s
 11393  9996  581.84030   40 1240  578.00000  634.20483  9.72%  1258 1107s
 11559 10229  612.23029   69 1326  578.00000  634.10526  9.71%  1251 1115s
 11812 10449  612.62477   51 1351  578.00000  634.08348  9.70%  1238 1121s
 12070 10621  632.30456   24 1452  578.00000  634.08348  9.70%  1225 1128s
 12260 10859  622.98552   75 1386  578.00000  634.08348  9.70%  1217 1135s
 12498 11046  580.97792  235 1137  578.00000  634.07559  9.70%  1207 1142s
 12703 11375  624.85635   62 1398  578.00000  634.07559  9.70%  1201 1149s
 13066 11603  600.23152  172 1251  578.00000  634.04686  9.70%  1181 1156s
 13344 11740  628.30996   53 1414  578.00000  634.03952  9.70%  1168 1162s
 13481 11778  613.82651  121 1335  578.00000  634.03952  9.70%  1165 1170s
 13519 11982  608.80040  139 1322  578.00000  633.93692  9.68%  1164 1177s
 13783 12014  624.90658   27 1411  578.00000  633.93503  9.68%  1153 1185s
 13815 12050  623.32166   35 1396  578.00000  633.93503  9.68%  1158 1193s
 13851 12094  622.26669   44 1389  578.00000  633.93503  9.68%  1164 1201s
 13895 12144  620.10351   55 1376  578.00000  633.93503  9.68%  1170 1207s
 13945 12196  617.48269   68 1366  578.00000  633.93503  9.68%  1176 1215s
 13997 12260  614.01871   81 1344  578.00000  633.93503  9.68%  1181 1223s
 14061 12364  609.98080   97 1320  578.00000  633.93503  9.68%  1185 1230s
 14165 12565  604.58577  123 1284  578.00000  633.93503  9.68%  1190 1236s
 14366 12733  586.44495  170 1187  578.00000  633.93312  9.68%  1190 1242s
 14578 12734  592.96523  187 1489  578.00000  633.89832  9.67%  1183 1579s
 14580 12735  611.08211   94 1353  578.00000  633.89832  9.67%  1183 1580s
 14581 12736  609.64743   44 1482  578.00000  633.89832  9.67%  1183 1589s
 14582 12737  595.42504  105 1488  578.00000  630.37698  9.06%  1183 1591s
 14588 12741  588.61702  215 1490  578.00000  629.04229  8.83%  1182 1605s
 14589 12741  591.65615  145 1490  578.00000  629.00716  8.82%  1182 1616s
 14591 12743  603.16244  169 1490  578.00000  628.98121  8.82%  1182 1629s
 14592 12743  614.95877   63 1490  578.00000  628.78837  8.79%  1182 1640s
 14595 12745  609.67173  120 1491  578.00000  628.68005  8.77%  1182 1653s
 14596 12746  590.28324  216 1492  578.00000  628.55950  8.75%  1182 1665s
 14599 12748  592.60168  165 1493  578.00000  628.47414  8.73%  1181 1679s
 14600 12749  581.87500  238 1489  578.00000  628.25793  8.70%  1181 1692s
 14602 12750  584.27434  244 1492  578.00000  628.21449  8.69%  1181 1705s
 14603 12751  605.53065   61 1492  578.00000  627.91950  8.64%  1181 1718s
 14606 12753  596.20748  180 1493  578.00000  627.82870  8.62%  1181 1732s
 14607 12753  627.68479   18 1492  578.00000  627.68479  8.60%  1181 1744s
 14608 12754  588.37512  215 1491  578.00000  627.66104  8.59%  1181 1745s
 14609 12755  586.74702  223 1494  578.00000  627.65390  8.59%  1181 1759s
 14610 12755  581.80000  223 1492  578.00000  627.61920  8.58%  1181 1771s
 14611 12756  608.90666   86 1492  578.00000  627.61191  8.58%  1181 1785s
 14612 12757  611.01474  142 1492  578.00000  627.59648  8.58%  1180 1798s
 14613 12757  583.20690  201 1493  578.00000  627.58963  8.58%  1180 1813s
 14614 12758  620.61059   97 1492  578.00000  627.56359  8.58%  1180 1824s
 14615 12759  591.11792  173 1492  578.00000  627.55621  8.57%  1180 1837s
 14616 12759  620.76729   45 1492  578.00000  627.51773  8.57%  1180 1849s
 14619 12761  627.48885   51 1493  578.00000  627.48885  8.56%  1180 1860s
 14620 12762  609.36335   84 1490  578.00000  627.40618  8.55%  1180 1870s
 14623 12764  627.36416   42 1492  578.00000  627.36416  8.54%  1180 1881s
 14624 12765  611.44599   76 1490  578.00000  627.31634  8.53%  1179 1893s
 14626 12766  592.33070  205 1491  578.00000  627.29938  8.53%  1179 1904s
 14627 12767  626.89171   42 1489  578.00000  627.26914  8.52%  1179 1916s
 14629 12768  581.38462  239 1491  578.00000  627.25925  8.52%  1179 1927s
 14630 12769  617.20898  102 1491  578.00000  627.23081  8.52%  1179 1940s
 14631 12769  619.42862   98 1491  578.00000  627.22693  8.52%  1179 1953s
 14632 12770  605.51109  158 1491  578.00000  627.16094  8.51%  1179 1965s
 14635 12772  583.99511  231 1492  578.00000  627.12211  8.50%  1179 1977s
 14636 12773  597.50268  176 1490  578.00000  627.12018  8.50%  1178 1991s
 14637 12773  588.99086  226 1491  578.00000  627.11982  8.50%  1178 2005s
 14638 12774  592.59649  205 1489  578.00000  627.11621  8.50%  1178 2017s
 14639 12775  604.78572  166 1489  578.00000  627.11392  8.50%  1178 2030s
 14640 12775  615.55793  118 1492  578.00000  627.10711  8.50%  1178 2041s
 14641 12776  600.69788  177 1493  578.00000  627.10529  8.50%  1178 2056s
 14642 12777  619.10584  101 1492  578.00000  627.08755  8.49%  1178 2068s
 14644 12778  626.97538   40 1493  578.00000  627.07535  8.49%  1178 2080s
 14645 12779  625.24431   56 1493  578.00000  627.07046  8.49%  1178 2093s
 14646 12779  609.22676  104 1492  578.00000  627.06679  8.49%  1178 2108s
 14647 12780  618.23330   89 1494  578.00000  627.05631  8.49%  1178 2120s
 14648 12781  588.09970  214 1492  578.00000  627.05317  8.49%  1178 2132s
 14649 12781  627.03271   32 1493  578.00000  627.03271  8.48%  1177 2144s
 14651 12783  597.12785  167 1494  578.00000  627.01066  8.48%  1177 2158s
 14652 12783  618.85916   76 1493  578.00000  626.94615  8.47%  1177 2169s
 14654 12785  588.88855  223 1493  578.00000  626.91856  8.46%  1177 2182s
 14655 12785  582.61333  235 1494  578.00000  626.88131  8.46%  1177 2198s
 14657 12787  581.80000  223 1493  578.00000  626.86470  8.45%  1177 2214s
 14658 12787  600.44083  154 1492  578.00000  626.82640  8.45%  1177 2226s
 14659 12788  626.81928   40 1493  578.00000  626.81928  8.45%  1177 2240s
 14660 12789  607.99419  142 1493  578.00000  626.81657  8.45%  1177 2254s
 14661 12789  592.12354  205 1493  578.00000  626.81559  8.45%  1176 2269s
 14662 12790  601.06667   82 1492  578.00000  626.81536  8.45%  1176 2285s
 14663 12791  611.02512  134 1492  578.00000  626.81528  8.45%  1176 2300s
 14664 12791  580.38333  241 1492  578.00000  626.81527  8.45%  1176 2315s
 14665 12792  606.47007   68 1492  578.00000  626.81526  8.45%  1176 2329s
 14666 12793  594.68293  150 1492  578.00000  626.81525  8.45%  1176 2346s
 14667 12793  623.07613   81 1492  578.00000  626.81524  8.45%  1176 2361s
 14668 12794  605.52745  173 1492  578.00000  626.80396  8.44%  1176 2395s
 14669 12795  613.07122   65 1492  578.00000  626.80334  8.44%  1176 2411s
 14670 12795  626.80334   37 1492  578.00000  626.80334  8.44%  1176 2425s
 14677 12803  624.77558   31 1477  578.00000  626.12025  8.33%  1183 2430s
 14689 12811  624.66985   34 1478  578.00000  625.75353  8.26%  1184 2435s
 14700 12818  623.21783   36 1463  578.00000  625.75353  8.26%  1185 2440s
 14709 12826  623.24957   39 1469  578.00000  625.75353  8.26%  1186 2446s
 14725 12837  621.97089   43 1464  578.00000  625.75353  8.26%  1187 2450s
 14744 12851  620.56365   48 1463  578.00000  625.75353  8.26%  1188 2456s
 14754 12856  620.15725   50 1462  578.00000  625.75353  8.26%  1189 2460s
 14770 12868  616.19829   53 1432  578.00000  625.75353  8.26%  1191 2465s
 14781 12877  617.81578   56 1451  578.00000  625.75353  8.26%  1192 2471s
 14793 12883  616.75796   58 1440  578.00000  625.75353  8.26%  1194 2475s
 14806 12895  616.08121   62 1447  578.00000  625.75353  8.26%  1195 2480s
 14816 12904  615.05188   64 1436  578.00000  625.75353  8.26%  1196 2486s
 14836 12918  613.57744   68 1438  578.00000  625.75353  8.26%  1197 2491s
 14854 12928  612.71629   73 1431  578.00000  625.75353  8.26%  1199 2497s
 14863 12936  612.41713   75 1428  578.00000  625.75353  8.26%  1200 2500s
 14884 12952  608.85539   79 1403  578.00000  625.75353  8.26%  1202 2507s
 14911 12967  610.05529   85 1417  578.00000  625.75353  8.26%  1205 2513s
 14921 12978  609.71723   87 1416  578.00000  625.75353  8.26%  1206 2516s
 14935 12987  609.12879   90 1414  578.00000  625.75353  8.26%  1207 2520s
 14963 13006  607.61502   96 1406  578.00000  625.75353  8.26%  1211 2528s
 14977 13013  607.29282   99 1399  578.00000  625.75353  8.26%  1213 2534s
 14989 13028  606.59975  102 1399  578.00000  625.75353  8.26%  1215 2538s
 15008 13033  605.86037  106 1393  578.00000  625.75353  8.26%  1217 2544s
 15019 13049  605.52994  108 1394  578.00000  625.75353  8.26%  1219 2549s
 15039 13052  604.98725  112 1390  578.00000  625.75353  8.26%  1222 2560s
 15049 13073  598.71615  113 1356  578.00000  625.75353  8.26%  1223 2565s
 15073 13067  603.99731  118 1382  578.00000  625.75353  8.26%  1226 2572s
 15075 13096  600.00747  118 1346  578.00000  625.75353  8.26%  1226 2578s
 15105 13120  603.32059  124 1375  578.00000  625.75353  8.26%  1229 2584s
 15141 13146  602.47391  130 1360  578.00000  625.75353  8.26%  1231 2590s
 15179 13186  601.39505  137 1347  578.00000  625.75353  8.26%  1234 2596s
 15231 13234  600.11376  145 1342  578.00000  625.75353  8.26%  1236 2601s
 15298 13254  594.07301  153 1302  578.00000  625.75353  8.26%  1237 2609s
 15368 13259  597.65892  163 1312  578.00000  625.75353  8.26%  1236 2618s
 15396 13283  595.93461  174 1302  578.00000  625.75353  8.26%  1239 2625s
 15430 13316  593.97104  188 1283  578.00000  625.75353  8.26%  1242 2633s
 15474 13366  589.49317  207 1260  578.00000  625.75353  8.26%  1244 2641s
 15543 13373  583.39962  237 1191  578.00000  625.24266  8.17%  1244 2650s
 15595 13364  624.18912   34 1465  578.00000  625.24266  8.17%  1244 2657s
 15603 13377  624.05297   36 1462  578.00000  625.24266  8.17%  1246 2666s
 15619 13388  623.60877   40 1458  578.00000  625.24266  8.17%  1250 2674s
 15635 13399  623.15335   44 1453  578.00000  625.24266  8.17%  1253 2682s
 15651 13413  622.71884   48 1450  578.00000  625.24266  8.17%  1257 2691s
 15671 13409  622.16849   53 1440  578.00000  625.24266  8.17%  1261 2712s
 15673 13430  616.84228   53 1417  578.00000  625.24266  8.17%  1261 2720s
 15695 13450  621.27771   59 1435  578.00000  625.24266  8.17%  1265 2728s
 15722 13468  619.89384   66 1424  578.00000  625.24266  8.17%  1268 2739s
 15749 13491  619.03735   73 1422  578.00000  625.24266  8.17%  1273 2750s
 15781 13516  617.93334   81 1410  578.00000  625.24266  8.17%  1277 2762s
 15817 13530  616.46572   90 1399  578.00000  625.24266  8.17%  1281 2774s
 15843 13562  615.88446   97 1389  578.00000  625.24266  8.17%  1285 2785s
 15884 13600  603.34986  105 1337  578.00000  625.24266  8.17%  1288 2796s
 15935 13628  611.81222  118 1370  578.00000  625.24266  8.17%  1292 2809s
 15980 13649  609.89342  127 1355  578.00000  625.24266  8.17%  1294 2828s
 16016 13727  608.53588  137 1332  578.00000  625.24266  8.17%  1295 2842s
 16106 13898  602.39889  158 1297  578.00000  625.24266  8.17%  1297 2855s
 16311 13922  591.08888  202 1223  578.00000  625.24239  8.17%  1293 2867s
 16448 13898  623.79293   37 1479  578.00000  625.12840  8.15%  1291 2881s
 16469 13914  623.30372   42 1469  578.00000  625.12840  8.15%  1297 2896s
 16492 13933  622.74446   48 1459  578.00000  625.12840  8.15%  1302 2913s
 16519 13954  622.00592   55 1449  578.00000  625.12840  8.15%  1308 2926s
 16549 13979  621.15492   62 1444  578.00000  625.12840  8.15%  1313 2938s
 16584 14006  614.07049   71 1410  578.00000  625.12840  8.15%  1319 2952s
 16623 14014  617.99942   81 1426  578.00000  625.12840  8.15%  1325 2970s
 16644 14057  616.29609   91 1410  578.00000  625.12840  8.15%  1328 2986s
 16694 14107  610.05879  104 1377  578.00000  625.12840  8.15%  1334 3002s
 16760 14161  610.70902  123 1366  578.00000  625.12840  8.15%  1340 3021s
 16836 14264  601.42628  142 1306  578.00000  625.12840  8.15%  1345 3041s
 16965 14436  599.03577  180 1290  578.00000  625.12823  8.15%  1349 3064s
 17206 14477  623.69303   34 1456  578.00000  625.12823  8.15%  1346 3085s
 17351 14468  622.58450   43 1445  578.00000  625.12823  8.15%  1347 3106s
 17390 14471  620.77496   54 1435  578.00000  625.12823  8.15%  1355 3130s
 17406 14517  619.87993   59 1433  578.00000  625.12823  8.15%  1357 3153s
 17458 14567  617.90857   73 1413  578.00000  625.12823  8.15%  1365 3177s
 17525 14634  612.21886   91 1373  578.00000  625.12823  8.15%  1374 3202s
 17614 14727  611.19481  116 1353  578.00000  625.12823  8.15%  1382 3228s
 17737 14947  602.46122  150 1295  578.00000  625.06700  8.14%  1388 3253s
 18024 15013  624.18657   35 1466  578.00000  625.06700  8.14%  1385 3277s
 18219 15256  622.98017   48 1449  578.00000  625.06700  8.14%  1379 3303s
 18527 15245  599.71035  174 1267  578.00000  625.06700  8.14%  1370 3330s
 18618 15678  594.01508  189 1223  578.00000  624.96227  8.12%  1367 3357s
 19116 15955  619.05514   78 1423  578.00000  624.85986  8.11%  1347 3383s
 19589 16091  587.40642  205 1202  578.00000  624.77546  8.09%  1336 3410s
 19909 16329  621.81301   48 1447  578.00000  624.77532  8.09%  1329 3434s
 20254 16691  596.35415  185 1257  578.00000  624.76858  8.09%  1321 3458s
 20759 17023  617.32860   82 1417  578.00000  624.76685  8.09%  1305 3481s
 21275 16872  580.22908  228 1088  578.00000  624.63736  8.07%  1292 3600s

Cutting planes:
  Gomory: 5
  MIR: 1
  Flow cover: 92
  Zero half: 940
  RLT: 305
  BQP: 69

Explored 21314 nodes (27687774 simplex iterations) in 3600.01 seconds (9681.71 work units)
Thread count was 2 (of 24 available processors)

Solution count 10: 578 577 576 ... 568

Time limit reached
Best objective 5.780000000000e+02, best bound 6.240000000000e+02, gap 7.9585%

User-callback calls 422082, time in user-callback 0.96 sec

Gurobi 11.0.3 (linux64) logging started Sat Mar  7 17:20:15 2026

Set parameter LogFile to value "./log/train/IS_1500_6/IS_9.lp.log"
Set parameter TimeLimit to value 3600
Gurobi Optimizer version 11.0.3 build v11.0.3rc0 (linux64 - "Ubuntu 22.04.5 LTS")

CPU model: AMD Ryzen 9 9900X 12-Core Processor, instruction set [SSE2|AVX|AVX2|AVX512]
Thread count: 12 physical cores, 24 logical processors, using up to 1 threads

Optimize a model with 9205 rows, 1500 columns and 18122 nonzeros
Model fingerprint: 0x676fcf85
Variable types: 0 continuous, 1500 integer (1500 binary)
Coefficient statistics:
  Matrix range     [1e+00, 1e+00]
  Objective range  [1e+00, 1e+00]
  Bounds range     [1e+00, 1e+00]
  RHS range        [1e+00, 1e+00]
Found heuristic solution: objective 334.0000000
Presolve removed 1838 rows and 0 columns
Presolve time: 0.04s
Presolved: 7367 rows, 1500 columns, 16226 nonzeros
Variable types: 0 continuous, 1500 integer (1500 binary)

Root relaxation: objective 6.865000e+02, 3438 iterations, 0.17 seconds (0.20 work units)

    Nodes    |    Current Node    |     Objective Bounds      |     Work
 Expl Unexpl |  Obj  Depth IntInf | Incumbent    BestBd   Gap | It/Node Time

     0     0  686.50000    0 1353  334.00000  686.50000   106%     -    0s
H    0     0                     512.0000000  686.50000  34.1%     -    0s
     0     0  670.95714    0 1422  512.00000  670.95714  31.0%     -    1s
     0     0  670.91189    0 1431  512.00000  670.91189  31.0%     -   54s
     0     0  670.90097    0 1427  512.00000  670.90097  31.0%     -   54s
     0     0  670.90097    0 1428  512.00000  670.90097  31.0%     -   54s
     0     0  664.49253    0 1479  512.00000  664.49253  29.8%     -   55s
H    0     0                     545.0000000  664.49253  21.9%     -   55s
     0     0  663.95246    0 1476  545.00000  663.95246  21.8%     -   55s
     0     0  663.84872    0 1479  545.00000  663.84872  21.8%     -   55s
     0     0  663.82930    0 1478  545.00000  663.82930  21.8%     -   55s
     0     0  663.82900    0 1478  545.00000  663.82900  21.8%     -   55s
     0     0  659.07165    0 1480  545.00000  659.07165  20.9%     -   56s
H    0     0                     552.0000000  659.07165  19.4%     -   56s
     0     0  658.69405    0 1478  552.00000  658.69405  19.3%     -   56s
     0     0  658.65460    0 1482  552.00000  658.65460  19.3%     -   56s
     0     0  658.61296    0 1482  552.00000  658.61296  19.3%     -   56s
     0     0  658.60331    0 1481  552.00000  658.60331  19.3%     -   56s
     0     0  658.60245    0 1482  552.00000  658.60245  19.3%     -   56s
     0     0  654.98163    0 1478  552.00000  654.98163  18.7%     -   57s
     0     0  654.58718    0 1479  552.00000  654.58718  18.6%     -   57s
     0     0  654.48739    0 1478  552.00000  654.48739  18.6%     -   57s
     0     0  654.45171    0 1478  552.00000  654.45171  18.6%     -   57s
     0     0  654.44500    0 1479  552.00000  654.44500  18.6%     -   57s
     0     0  652.05218    0 1482  552.00000  652.05218  18.1%     -   58s
     0     0  651.63071    0 1483  552.00000  651.63071  18.0%     -   58s
     0     0  651.58693    0 1482  552.00000  651.58693  18.0%     -   58s
     0     0  651.57552    0 1483  552.00000  651.57552  18.0%     -   58s
     0     0  651.57378    0 1486  552.00000  651.57378  18.0%     -   58s
     0     0  649.55612    0 1482  552.00000  649.55612  17.7%     -   59s
     0     0  649.41114    0 1482  552.00000  649.41114  17.6%     -   60s
     0     0  649.39446    0 1482  552.00000  649.39446  17.6%     -   60s
     0     0  649.38770    0 1484  552.00000  649.38770  17.6%     -   60s
     0     0  646.97853    0 1479  552.00000  646.97853  17.2%     -   61s
     0     0  646.74383    0 1479  552.00000  646.74383  17.2%     -  114s
     0     0  646.72384    0 1479  552.00000  646.72384  17.2%     -  114s
     0     0  646.71849    0 1478  552.00000  646.71849  17.2%     -  114s
     0     0  645.43837    0 1480  552.00000  645.43837  16.9%     -  115s
     0     0  645.24141    0 1481  552.00000  645.24141  16.9%     -  115s
     0     0  645.21025    0 1484  552.00000  645.21025  16.9%     -  115s
     0     0  645.20198    0 1483  552.00000  645.20198  16.9%     -  115s
     0     0  644.14794    0 1485  552.00000  644.14794  16.7%     -  116s
     0     0  644.02934    0 1484  552.00000  644.02934  16.7%     -  116s
     0     0  644.01824    0 1484  552.00000  644.01824  16.7%     -  116s
     0     0  643.13430    0 1482  552.00000  643.13430  16.5%     -  117s
     0     0  643.03984    0 1481  552.00000  643.03984  16.5%     -  117s
     0     0  643.00361    0 1481  552.00000  643.00361  16.5%     -  117s
     0     0  642.99908    0 1483  552.00000  642.99908  16.5%     -  117s
     0     0  642.11734    0 1483  552.00000  642.11734  16.3%     -  118s
     0     0  642.03646    0 1484  552.00000  642.03646  16.3%     -  118s
     0     0  642.03190    0 1485  552.00000  642.03190  16.3%     -  118s
     0     0  641.11048    0 1485  552.00000  641.11048  16.1%     -  119s
H    0     0                     553.0000000  641.11048  15.9%     -  119s
     0     0  640.98989    0 1482  553.00000  640.98989  15.9%     -  119s
     0     0  640.97845    0 1484  553.00000  640.97845  15.9%     -  119s
     0     0  640.60932    0 1486  553.00000  640.60932  15.8%     -  119s
     0     0  640.55159    0 1486  553.00000  640.55159  15.8%     -  119s
     0     0  640.54455    0 1486  553.00000  640.54455  15.8%     -  119s
     0     0  640.37646    0 1486  553.00000  640.37646  15.8%     -  120s
     0     0  640.31645    0 1486  553.00000  640.31645  15.8%     -  120s
     0     0  640.30888    0 1485  553.00000  640.30888  15.8%     -  120s
     0     0  639.98367    0 1485  553.00000  639.98367  15.7%     -  120s
     0     0  639.90996    0 1485  553.00000  639.90996  15.7%     -  174s
     0     0  639.89733    0 1486  553.00000  639.89733  15.7%     -  174s
     0     0  639.53982    0 1486  553.00000  639.53982  15.6%     -  174s
     0     0  639.46190    0 1486  553.00000  639.46190  15.6%     -  175s
     0     0  639.45358    0 1486  553.00000  639.45358  15.6%     -  175s
     0     0  639.06619    0 1486  553.00000  639.06619  15.6%     -  175s
     0     0  638.95126    0 1488  553.00000  638.95126  15.5%     -  175s
     0     0  638.93422    0 1488  553.00000  638.93422  15.5%     -  175s
     0     0  638.66494    0 1488  553.00000  638.66494  15.5%     -  176s
     0     0  638.61127    0 1484  553.00000  638.61127  15.5%     -  176s
     0     0  638.59852    0 1485  553.00000  638.59852  15.5%     -  176s
     0     0  638.26497    0 1489  553.00000  638.26497  15.4%     -  177s
     0     0  638.18133    0 1488  553.00000  638.18133  15.4%     -  177s
     0     0  638.16969    0 1488  553.00000  638.16969  15.4%     -  177s
     0     0  637.97129    0 1487  553.00000  637.97129  15.4%     -  178s
     0     0  637.92239    0 1487  553.00000  637.92239  15.4%     -  178s
     0     0  637.91476    0 1487  553.00000  637.91476  15.4%     -  178s
     0     0  637.67656    0 1485  553.00000  637.67656  15.3%     -  178s
     0     0  637.61253    0 1487  553.00000  637.61253  15.3%     -  178s
     0     0  637.60537    0 1488  553.00000  637.60537  15.3%     -  178s
     0     0  637.49684    0 1489  553.00000  637.49684  15.3%     -  179s
     0     0  637.49684    0 1489  553.00000  637.49684  15.3%     -  179s
H    0     0                     560.0000000  637.49684  13.8%     -  180s
H    0     0                     564.0000000  637.49684  13.0%     -  181s
H    0     0                     566.0000000  637.49684  12.6%     -  234s
     0     2  637.49633    0 1489  566.00000  637.49633  12.6%     -  234s
     2     4  630.15744    1 1440  566.00000  637.41409  12.6%  5204  236s
     9    11  612.27797    5 1358  566.00000  637.41245  12.6%  4081  240s
H   54    54                     570.0000000  637.41245  11.8%  1450  245s
    72    60  630.19019    3 1441  570.00000  637.24677  11.8%  1550  263s
    74    62  623.84971    4 1405  570.00000  637.24677  11.8%  1616  265s
H   78    63                     571.0000000  637.24677  11.6%  1640  267s
    88    75  616.79265   15 1369  571.00000  637.24677  11.6%  1668  270s
   108    95  601.36489   30 1292  571.00000  637.24677  11.6%  1651  275s
H  159   118                     572.0000000  637.24677  11.4%  1356  278s
   162   123  627.99605    6 1436  572.00000  637.24441  11.4%  1411  281s
   170   131  623.24344   12 1408  572.00000  637.24441  11.4%  1467  285s
   189   150  599.02350   26 1302  572.00000  637.24441  11.4%  1524  290s
   222   173  628.28689    4 1439  572.00000  637.11349  11.4%  1490  295s
   241   192  606.72898   18 1328  572.00000  637.11349  11.4%  1537  300s
   263   214  603.69072   34 1305  572.00000  637.11349  11.4%  1574  305s
H  270   214                     573.0000000  637.11349  11.2%  1570  306s
   300   246  580.61854   58 1204  573.00000  637.11349  11.2%  1547  310s
   332   258  606.92894   10 1328  573.00000  636.97787  11.2%  1501  315s
   361   277  619.52415    9 1397  573.00000  636.97697  11.2%  1494  321s
H  367   272                     574.0000000  636.97697  11.0%  1500  322s
   375   282  592.84010   19 1292  574.00000  636.97697  11.0%  1523  325s
H  407   298                     575.0000000  636.97697  10.8%  1477  327s
   410   297  622.41906    7 1407  575.00000  636.87830  10.8%  1496  330s
   438   321  580.44202   24 1208  575.00000  636.87830  10.8%  1497  335s
H  445   319                     576.0000000  636.87830  10.6%  1483  335s
H  462   312                     577.0000000  636.87830  10.4%  1437  337s
   471   323  616.27081   14 1369  577.00000  636.72009  10.4%  1479  340s
   486   338  613.34519   24 1353  577.00000  636.72009  10.4%  1510  345s
   513   363  585.96699   42 1199  577.00000  636.72009  10.4%  1519  350s
   542   384  613.33966   15 1375  577.00000  636.71988  10.4%  1503  355s
   556   398  600.67167   20 1309  577.00000  636.71988  10.4%  1541  360s
   584   425  627.64998    9 1489  577.00000  636.71988  10.4%  1559  375s
   587   427  605.15991   22 1482  577.00000  636.71988  10.4%  1551  385s
   593   431  591.48047   25 1489  577.00000  636.71988  10.4%  1535  398s
   594   432  626.34481    6 1489  577.00000  636.71988  10.4%  1532  407s
   597   434  588.05318   28 1490  577.00000  636.71988  10.4%  1525  417s
   598   434  590.16944   44 1488  577.00000  636.71988  10.4%  1522  426s
   600   436  626.35212    5 1487  577.00000  636.71988  10.4%  1517  435s
   601   436  578.63704   36 1489  577.00000  636.71988  10.4%  1514  445s
   603   438  623.87431   11 1491  577.00000  636.71988  10.4%  1509  455s
   604   438  611.87367   16 1487  577.00000  636.71988  10.4%  1507  463s
   606   440  612.94715   18 1487  577.00000  636.71988  10.4%  1502  472s
   607   440  623.37355   14 1490  577.00000  636.71988  10.4%  1500  481s
   608   441  578.17285   39 1490  577.00000  636.71988  10.4%  1497  489s
   609   442  616.76960   17 1489  577.00000  636.71988  10.4%  1495  498s
   610   442  591.03295   39 1488  577.00000  636.71988  10.4%  1492  507s
   611   443  611.28729   28 1488  577.00000  636.71988  10.4%  1490  515s
   617   447  591.46325   28 1487  577.00000  636.71988  10.4%  1475  533s
   619   450  636.33039   15 1480  577.00000  636.71988  10.4%  1563  535s
   628   456  635.18113   20 1476  577.00000  636.29993  10.3%  1580  540s
   637   462  632.45447   24 1462  577.00000  636.29993  10.3%  1595  545s
   649   470  631.21502   30 1454  577.00000  636.29993  10.3%  1607  550s
   661   478  630.25708   36 1449  577.00000  636.29993  10.3%  1615  555s
   670   484  630.23493   41 1449  577.00000  636.29993  10.3%  1631  560s
   681   492  614.08049   46 1386  577.00000  636.29993  10.3%  1656  566s
   689   497  628.31810   50 1440  577.00000  636.29993  10.3%  1670  570s
   701   505  617.71274   56 1388  577.00000  636.29993  10.3%  1684  575s
   712   512  625.84434   62 1415  577.00000  636.29993  10.3%  1700  580s
   727   522  623.37549   69 1408  577.00000  636.29993  10.3%  1705  585s
   740   531  622.32911   76 1406  577.00000  636.29993  10.3%  1712  590s
   754   540  620.31571   83 1399  577.00000  636.29993  10.3%  1721  595s
   771   552  613.58104   91 1372  577.00000  636.29993  10.3%  1733  600s
   787   562  600.75216   99 1317  577.00000  636.29993  10.3%  1746  605s
   798   570  612.78037  105 1362  577.00000  636.29993  10.3%  1756  610s
   819   584  610.57504  115 1366  577.00000  636.29993  10.3%  1752  615s
   837   596  604.17733  124 1330  577.00000  636.29993  10.3%  1759  620s
   851   605  601.41372  131 1325  577.00000  636.29993  10.3%  1769  625s
   867   616  600.15117  139 1312  577.00000  636.29993  10.3%  1773  630s
   883   626  597.95965  147 1304  577.00000  636.29993  10.3%  1780  635s
   905   641  593.68178  158 1280  577.00000  636.29993  10.3%  1784  640s
   925   654  590.74613  168 1281  577.00000  636.29993  10.3%  1789  645s
   943   666  588.91543  177 1269  577.00000  636.29993  10.3%  1797  650s
   965   681  586.78334  188 1244  577.00000  636.29993  10.3%  1809  655s
   991   696  581.66195  201 1218  577.00000  636.29993  10.3%  1813  660s
  1021   714  582.48574  216 1190  577.00000  636.29993  10.3%  1807  665s
  1063   734     cutoff  237       577.00000  636.29993  10.3%  1781  670s
  1120   756  631.53114   17 1447  577.00000  636.26956  10.3%  1728  675s
  1124   759  624.72653   19 1419  577.00000  636.26956  10.3%  1741  680s
  1130   763  625.59310   22 1423  577.00000  636.26956  10.3%  1757  686s
  1136   767  626.79672   25 1422  577.00000  636.26956  10.3%  1770  691s
  1142   771  628.71051   28 1427  577.00000  636.26956  10.3%  1781  696s
  1148   775  629.30768   31 1430  577.00000  636.26956  10.3%  1790  700s
  1154   779  627.86351   34 1425  577.00000  636.26956  10.3%  1807  705s
  1160   783  627.94682   37 1421  577.00000  636.26956  10.3%  1818  710s
  1168   788  618.72495   41 1385  577.00000  636.26956  10.3%  1836  715s
  1174   792  629.62665   44 1424  577.00000  636.26956  10.3%  1847  720s
  1183   798  631.24412   49 1436  577.00000  636.26956  10.3%  1856  725s
  1192   804  627.53577   53 1410  577.00000  636.26956  10.3%  1871  730s
  1200   810  625.08595   57 1403  577.00000  636.26956  10.3%  1883  735s
  1208   815  624.94532   61 1397  577.00000  636.26956  10.3%  1893  740s
  1220   823  624.55460   67 1401  577.00000  636.26956  10.3%  1908  745s
  1230   830  620.72688   72 1382  577.00000  636.26956  10.3%  1921  750s
  1240   836  624.25944   77 1389  577.00000  636.26956  10.3%  1929  755s
  1250   843  623.46950   82 1385  577.00000  636.26956  10.3%  1937  760s
  1262   851  620.34918   88 1370  577.00000  636.26956  10.3%  1946  765s
  1276   860  619.83086   95 1363  577.00000  636.26956  10.3%  1955  770s
  1290   870  615.94428  102 1349  577.00000  636.26956  10.3%  1963  775s
  1306   880  616.97298  110 1351  577.00000  636.26956  10.3%  1966  780s
  1325   893  617.02457  120 1353  577.00000  636.26956  10.3%  1968  785s
  1346   907  611.53299  130 1314  577.00000  636.26956  10.3%  1971  790s
  1370   923  609.46571  142 1318  577.00000  636.26956  10.3%  1966  795s
  1400   943  605.99834  157 1291  577.00000  636.26956  10.3%  1957  800s
  1442   971  602.11523  178 1249  577.00000  636.26956  10.3%  1938  805s
  1499  1009  593.80772  207 1204  577.00000  636.26956  10.3%  1902  810s
  1615  1058  635.52353   16 1472  577.00000  636.23956  10.3%  1800  815s
  1619  1061  626.60068   18 1421  577.00000  636.23956  10.3%  1809  820s
  1625  1065  625.30407   21 1415  577.00000  636.23956  10.3%  1821  826s
  1629  1068  629.99211   23 1429  577.00000  636.23956  10.3%  1828  830s
  1635  1072  629.77656   26 1432  577.00000  636.23956  10.3%  1838  835s
  1641  1076  627.93085   29 1423  577.00000  636.23956  10.3%  1846  840s
  1649  1081  625.07955   33 1417  577.00000  636.23956  10.3%  1857  846s
  1655  1085  626.87056   36 1419  577.00000  636.23956  10.3%  1865  850s
  1663  1090  626.08666   40 1412  577.00000  636.23956  10.3%  1874  855s
  1671  1096  626.66385   44 1415  577.00000  636.23956  10.3%  1883  860s
  1678  1100  630.27751   48 1434  577.00000  636.23956  10.3%  1890  865s
  1685  1105  624.08307   51 1400  577.00000  636.23956  10.3%  1900  870s
  1695  1112  625.96583   56 1405  577.00000  636.23956  10.3%  1908  875s
  1705  1118  623.81498   61 1401  577.00000  636.23956  10.3%  1913  880s
  1715  1125  620.94614   66 1383  577.00000  636.23956  10.3%  1922  885s
  1725  1132  624.12946   71 1386  577.00000  636.23956  10.3%  1930  890s
  1736  1139  624.97065   77 1396  577.00000  636.23956  10.3%  1934  895s
  1747  1146  621.39988   82 1370  577.00000  636.23956  10.3%  1941  900s
  1763  1157  617.82106   90 1359  577.00000  636.23956  10.3%  1947  905s
  1779  1168  617.17567   98 1346  577.00000  636.23956  10.3%  1955  910s
  1795  1178  617.96448  106 1341  577.00000  636.23956  10.3%  1958  915s
  1814  1191  617.64765  116 1347  577.00000  636.23956  10.3%  1959  920s
  1837  1206  612.60815  127 1329  577.00000  636.23956  10.3%  1959  925s
  1861  1222  609.93324  139 1316  577.00000  636.23956  10.3%  1957  930s
  1897  1246  605.50898  157 1275  577.00000  636.23956  10.3%  1946  935s
  1940  1275  600.67126  179 1260  577.00000  636.23956  10.3%  1929  940s
  1994  1323  591.83511  206 1232  577.00000  636.23956  10.3%  1902  945s
  2048  1377  584.36086  233 1183  577.00000  636.23956  10.3%  1872  951s
  2103  1412  578.43050  255 1102  577.00000  636.23956  10.3%  1835  955s
  2114  1417  628.20287   20 1429  577.00000  636.21624  10.3%  1841  961s
  2120  1423  629.52006   23 1433  577.00000  636.21624  10.3%  1849  965s
  2126  1429  616.81338   26 1383  577.00000  636.21624  10.3%  1858  970s
  2132  1435  628.26335   29 1431  577.00000  636.21624  10.3%  1865  976s
  2138  1441  628.05090   32 1427  577.00000  636.21624  10.3%  1872  981s
  2144  1447  627.78953   35 1423  577.00000  636.21624  10.3%  1879  985s
  2152  1455  627.15516   39 1423  577.00000  636.21624  10.3%  1888  990s
  2156  1459  626.64710   41 1420  577.00000  636.21624  10.3%  1892  996s
  2162  1465  624.61904   44 1409  577.00000  636.21624  10.3%  1897 1000s
  2168  1471  626.30893   47 1413  577.00000  636.21624  10.3%  1904 1005s
  2176  1479  626.72785   51 1418  577.00000  636.21624  10.3%  1911 1010s
  2181  1484  630.10360   54 1431  577.00000  636.21624  10.3%  1914 1015s
  2184  1487  623.61135   55 1399  577.00000  636.21624  10.3%  1918 1020s
  2194  1497  626.01767   60 1406  577.00000  636.21624  10.3%  1927 1025s
  2207  1510  627.36033   67 1422  577.00000  636.21624  10.3%  1934 1030s
  2216  1519  622.55465   71 1390  577.00000  636.21624  10.3%  1940 1035s
  2230  1533  620.39567   78 1368  577.00000  636.21624  10.3%  1947 1040s
  2233  1536  624.95495   80 1402  577.00000  636.21624  10.3%  1947 1047s
  2238  1541  617.91875   82 1361  577.00000  636.21624  10.3%  1952 1053s
  2244  1547  617.33269   85 1368  577.00000  636.21624  10.3%  1954 1055s
  2259  1562  621.78822   93 1385  577.00000  636.21624  10.3%  1958 1062s
  2265  1568  621.34795   96 1379  577.00000  636.21624  10.3%  1959 1071s
  2276  1579  614.97442  101 1353  577.00000  636.21624  10.3%  1962 1075s
  2286  1589  615.74190  106 1355  577.00000  636.21624  10.3%  1965 1080s
  2292  1595  615.24525  109 1345  577.00000  636.21624  10.3%  1964 1094s
  2296  1599  612.54436  111 1336  577.00000  636.21624  10.3%  1965 1095s
  2311  1614  615.60367  119 1354  577.00000  636.21624  10.3%  1964 1108s
  2316  1619  604.86581  121 1317  577.00000  636.21624  10.3%  1966 1110s
H 2319  1598                     578.0000000  636.21624  10.1%  1966 1112s
  2329  1610  614.21661  128 1338  578.00000  636.21624  10.1%  1967 1115s
  2346  1627  607.20148  136 1316  578.00000  636.21624  10.1%  1966 1120s
  2372  1653  607.46821  149 1298  578.00000  636.21624  10.1%  1964 1125s
  2388  1669  604.47893  157 1296  578.00000  636.21624  10.1%  1962 1130s
  2414  1695  603.13803  170 1294  578.00000  636.21624  10.1%  1956 1135s
  2449  1730  597.92412  188 1262  578.00000  636.21624  10.1%  1944 1140s
  2501  1782  590.31425  214 1235  578.00000  636.21624  10.1%  1922 1145s
  2598  1846  625.83324   18 1419  578.00000  635.47088  9.94%  1874 1150s
  2605  1853  634.42017   22 1460  578.00000  635.47088  9.94%  1881 1155s
  2612  1860  629.12507   25 1423  578.00000  635.47088  9.94%  1889 1160s
  2618  1866  623.07437   28 1402  578.00000  635.47088  9.94%  1896 1166s
  2622  1870  627.50042   30 1417  578.00000  635.47088  9.94%  1901 1170s
  2630  1878  628.54540   34 1427  578.00000  635.47088  9.94%  1906 1175s
  2638  1886  627.49338   38 1415  578.00000  635.47088  9.94%  1912 1180s
  2648  1896  627.37817   43 1413  578.00000  635.47088  9.94%  1918 1185s
  2656  1904  624.32322   47 1403  578.00000  635.47088  9.94%  1924 1190s
  2664  1912  618.14623   51 1365  578.00000  635.47088  9.94%  1929 1195s
  2670  1918  624.26781   54 1393  578.00000  635.47088  9.94%  1933 1200s
  2678  1926  623.69845   58 1387  578.00000  635.47088  9.94%  1938 1205s
  2688  1936  623.66148   63 1396  578.00000  635.47088  9.94%  1943 1210s
  2696  1944  624.55639   67 1388  578.00000  635.47088  9.94%  1946 1215s
  2708  1956  622.33359   73 1380  578.00000  635.47088  9.94%  1952 1220s
  2720  1968  621.80071   79 1369  578.00000  635.47088  9.94%  1957 1225s
  2730  1978  618.71326   84 1363  578.00000  635.47088  9.94%  1960 1230s
  2752  2000  619.28020   95 1357  578.00000  635.47088  9.94%  1964 1235s
  2778  2026  612.80762  108 1341  578.00000  635.47088  9.94%  1967 1240s
  2810  2058  607.72693  124 1302  578.00000  635.47088  9.94%  1967 1245s
  2836  2084  601.30846  137 1278  578.00000  635.47088  9.94%  1967 1250s
  2860  2108  603.66963  149 1288  578.00000  635.47088  9.94%  1962 1255s
  2918  2166  599.11816  178 1261  578.00000  635.47088  9.94%  1949 1260s
  2991  2239  587.99475  215 1234  578.00000  635.47088  9.94%  1923 1265s
  3075  2289  634.85184   19 1469  578.00000  635.46801  9.94%  1882 1270s
  3081  2295  623.82551   22 1410  578.00000  635.46801  9.94%  1889 1276s
  3085  2299  629.79746   24 1431  578.00000  635.46801  9.94%  1893 1280s
  3089  2303  626.60790   26 1425  578.00000  635.46801  9.94%  1897 1285s
  3095  2309  625.66160   29 1409  578.00000  635.46801  9.94%  1903 1290s
  3098  2312  633.11160   31 1457  578.00000  635.46801  9.94%  1904 1295s
  3103  2317  626.93405   33 1420  578.00000  635.46801  9.94%  1910 1300s
  3109  2323  628.04752   36 1422  578.00000  635.46801  9.94%  1914 1305s
  3111  2325  615.35992   37 1364  578.00000  635.46801  9.94%  1917 1310s
  3117  2331  620.59606   40 1381  578.00000  635.46801  9.94%  1922 1315s
  3127  2341  617.78792   45 1377  578.00000  635.46801  9.94%  1928 1320s
  3137  2351  627.63743   50 1414  578.00000  635.46801  9.94%  1933 1327s
  3144  2358  629.15781   54 1426  578.00000  635.46801  9.94%  1936 1330s
  3156  2370  628.09807   60 1421  578.00000  635.46801  9.94%  1942 1335s
  3167  2381  622.97358   65 1392  578.00000  635.46801  9.94%  1948 1340s
  3181  2395  622.61154   72 1391  578.00000  635.46801  9.94%  1953 1345s
  3195  2409  619.06914   79 1374  578.00000  635.46801  9.94%  1959 1350s
  3201  2415  618.08316   82 1364  578.00000  635.46801  9.94%  1960 1355s
  3213  2427  619.44536   88 1367  578.00000  635.46801  9.94%  1964 1360s
  3229  2443  617.82256   96 1356  578.00000  635.46801  9.94%  1966 1365s
  3245  2459  614.08432  104 1344  578.00000  635.46801  9.94%  1968 1370s
  3264  2478  616.11637  114 1347  578.00000  635.46801  9.94%  1968 1375s
  3285  2499  611.32481  124 1326  578.00000  635.46801  9.94%  1970 1380s
  3309  2523  607.97934  136 1292  578.00000  635.46801  9.94%  1970 1385s
  3331  2545  600.84224  147 1254  578.00000  635.46801  9.94%  1969 1390s
  3349  2563  605.12075  156 1286  578.00000  635.46801  9.94%  1967 1402s
  3365  2579  601.52330  164 1267  578.00000  635.46801  9.94%  1964 1405s
  3416  2630  596.73954  190 1241  578.00000  635.46801  9.94%  1951 1410s
  3485  2699  585.94254  224 1205  578.00000  635.46801  9.94%  1930 1415s
  3568  2748  626.18930   20 1424  578.00000  635.31513  9.92%  1898 1421s
  3572  2752  624.80822   22 1420  578.00000  635.31513  9.92%  1902 1425s
  3578  2758  626.85071   25 1425  578.00000  635.31513  9.92%  1907 1431s
  3583  2763  633.34119   28 1461  578.00000  635.31513  9.92%  1911 1435s
  3588  2768  616.66577   30 1376  578.00000  635.31513  9.92%  1916 1441s
  3592  2772  625.21999   32 1408  578.00000  635.31513  9.92%  1919 1445s
  3598  2778  626.64396   35 1427  578.00000  635.31513  9.92%  1923 1450s
  3605  2785  632.18060   39 1448  578.00000  635.31513  9.92%  1927 1455s
  3612  2792  624.80694   42 1414  578.00000  635.31513  9.92%  1933 1460s
  3622  2802  628.48331   47 1416  578.00000  635.31513  9.92%  1938 1465s
  3632  2812  625.93706   52 1414  578.00000  635.31513  9.92%  1943 1470s
  3640  2820  625.68714   56 1408  578.00000  635.31513  9.92%  1946 1475s
  3648  2828  623.65179   60 1398  578.00000  635.31513  9.92%  1949 1485s
  3658  2838  622.97271   65 1392  578.00000  635.31513  9.92%  1953 1490s
  3668  2848  621.87525   70 1387  578.00000  635.31513  9.92%  1957 1495s
  3678  2858  621.64219   75 1385  578.00000  635.31513  9.92%  1960 1500s
  3690  2870  621.16460   81 1380  578.00000  635.31513  9.92%  1963 1505s
  3704  2884  618.57002   88 1366  578.00000  635.31513  9.92%  1967 1510s
  3716  2896  619.22742   94 1371  578.00000  635.31513  9.92%  1970 1515s
  3733  2913  619.16363  103 1369  578.00000  635.31513  9.92%  1972 1520s
  3750  2930  605.10105  111 1303  578.00000  635.31513  9.92%  1974 1525s
  3772  2952  613.21394  122 1332  578.00000  635.31513  9.92%  1974 1530s
  3796  2976  608.86916  134 1301  578.00000  635.31513  9.92%  1974 1535s
  3825  3005  608.56561  149 1312  578.00000  635.31513  9.92%  1971 1540s
  3842  3022  604.72829  157 1299  578.00000  635.31513  9.92%  1969 1545s
  3888  3068  598.34589  180 1275  578.00000  635.31513  9.92%  1961 1550s
  3962  3140  588.35336  217 1234  578.00000  635.31513  9.92%  1941 1555s
  4046  3199  624.80072   21 1427  578.00000  635.31453  9.92%  1913 1561s
  4050  3203  630.54318   23 1439  578.00000  635.31453  9.92%  1916 1565s
  4056  3209  628.83409   26 1436  578.00000  635.31453  9.92%  1920 1571s
  4060  3213  626.49028   28 1426  578.00000  635.31453  9.92%  1923 1575s
  4066  3219  627.20612   31 1433  578.00000  635.31453  9.92%  1927 1580s
  4068  3221  625.06128   32 1419  578.00000  635.31453  9.92%  1929 1585s
  4074  3227  629.22967   35 1439  578.00000  635.31453  9.92%  1933 1591s
  4080  3233  626.16147   38 1417  578.00000  635.31453  9.92%  1937 1595s
  4086  3239  627.92316   41 1428  578.00000  635.31453  9.92%  1940 1600s
  4094  3247  625.45423   45 1420  578.00000  635.31453  9.92%  1944 1605s
  4102  3255  625.81714   49 1417  578.00000  635.31453  9.92%  1948 1611s
  4108  3261  626.13309   52 1422  578.00000  635.31453  9.92%  1951 1615s
  4117  3270  628.49600   57 1431  578.00000  635.31453  9.92%  1954 1620s
  4126  3279  624.38542   61 1412  578.00000  635.31453  9.92%  1959 1625s
  4131  3284  627.35571   64 1422  578.00000  635.31453  9.92%  1960 1630s
  4140  3293  622.47157   68 1397  578.00000  635.31453  9.92%  1963 1635s
  4152  3305  619.29295   74 1394  578.00000  635.31453  9.92%  1967 1640s
  4164  3317  621.39800   80 1387  578.00000  635.31453  9.92%  1970 1645s
  4178  3331  617.94140   87 1376  578.00000  635.31453  9.92%  1974 1650s
  4192  3345  616.83990   94 1362  578.00000  635.31453  9.92%  1977 1655s
  4208  3361  617.63102  102 1357  578.00000  635.31453  9.92%  1979 1660s
  4220  3373  616.62046  108 1356  578.00000  635.31453  9.92%  1980 1666s
  4236  3389  611.77357  116 1335  578.00000  635.31453  9.92%  1980 1670s
  4252  3405  602.48729  124 1288  578.00000  635.31453  9.92%  1983 1675s
  4276  3429  609.34614  136 1309  578.00000  635.31453  9.92%  1982 1680s
  4302  3455  607.99486  149 1310  578.00000  635.31453  9.92%  1980 1685s
  4336  3489  601.10298  166 1263  578.00000  635.31453  9.92%  1976 1690s
  4358  3511  592.26349  177 1238  578.00000  635.31453  9.92%  1973 1699s
  4366  3519  594.82963  181 1250  578.00000  635.31453  9.92%  1971 1700s
  4430  3581  590.06413  213 1221  578.00000  635.31453  9.92%  1956 1705s
  4518  3643  632.61695   23 1455  578.00000  635.16530  9.89%  1928 1710s
  4552  3677  627.52857   57 1423  578.00000  635.16530  9.89%  1920 1715s
  4600  3725  616.06372   97 1346  578.00000  635.16530  9.89%  1912 1720s
  4642  3767  610.27118  125 1332  578.00000  635.16530  9.89%  1907 1726s
  4678  3803  604.44886  148 1303  578.00000  635.16530  9.89%  1901 1730s
  4732  3857  598.57707  176 1287  578.00000  635.16530  9.89%  1891 1735s
  4821  3946  591.23495  197 1227  578.00000  635.16530  9.89%  1871 1740s
  4950  4075  583.58333  224 1176  578.00000  635.16530  9.89%  1838 1745s
  5053  4154  632.36020   27 1453  578.00000  635.16523  9.89%  1809 1750s
  5085  4186  626.62331   59 1411  578.00000  635.16523  9.89%  1804 1755s
  5121  4222  618.13873   90 1359  578.00000  635.16523  9.89%  1799 1760s
  5125  4226  617.84574   92 1364  578.00000  635.16523  9.89%  1799 1766s
  5142  4243  614.61125  103 1346  578.00000  635.16523  9.89%  1799 1770s
  5174  4275  610.74958  122 1309  578.00000  635.16523  9.89%  1796 1775s
  5213  4314  605.55873  147 1300  578.00000  635.16523  9.89%  1791 1780s
  5273  4374  597.04751  173 1261  578.00000  635.16523  9.89%  1780 1785s
  5351  4452  590.07333  198 1202  578.00000  635.16523  9.89%  1765 1790s
  5487  4588  582.86773  221 1145  578.00000  635.16523  9.89%  1734 1795s
  5595  4678  633.16813   27 1456  578.00000  635.16011  9.89%  1709 1800s
  5624  4707  628.11613   56 1420  578.00000  635.16011  9.89%  1706 1805s
  5664  4747  619.64247   92 1372  578.00000  635.16011  9.89%  1701 1810s
  5688  4771  615.14962  108 1341  578.00000  635.16011  9.89%  1700 1815s
  5722  4805  610.99999  134 1323  578.00000  635.16011  9.89%  1697 1820s
  5765  4848  604.22608  157 1296  578.00000  635.16011  9.89%  1693 1825s
  5829  4912  596.79479  189 1264  578.00000  635.16011  9.89%  1684 1830s
  5922  5005  588.79909  215 1224  578.00000  635.16011  9.89%  1668 1835s
  6029  5112  582.12366  229 1164  578.00000  635.16011  9.89%  1647 1840s
  6123  5180  631.79796   28 1459  578.00000  635.15984  9.89%  1630 1845s
  6152  5209  627.18324   57 1419  578.00000  635.15984  9.89%  1626 1850s
  6205  5262  616.33737  102 1353  578.00000  635.15984  9.89%  1622 1855s
  6248  5305  608.74724  134 1322  578.00000  635.15984  9.89%  1620 1860s
  6284  5341  603.15638  155 1302  578.00000  635.15984  9.89%  1619 1865s
  6357  5414  595.99371  190 1256  578.00000  635.15984  9.89%  1610 1870s
  6380  5437  592.85950  200 1244  578.00000  635.15984  9.89%  1607 1883s
  6401  5458  590.57578  206 1215  578.00000  635.15984  9.89%  1604 1885s
  6554  5611  581.66441  237 1147  578.00000  635.15984  9.89%  1577 1890s
  6626  5660  632.70371   35 1464  578.00000  634.59203  9.79%  1566 1895s
  6655  5689  627.63380   64 1424  578.00000  634.59203  9.79%  1564 1900s
  6693  5727  620.67489  101 1384  578.00000  634.59203  9.79%  1560 1905s
  6725  5759  614.49072  125 1355  578.00000  634.59203  9.79%  1559 1910s
  6758  5792  609.17861  144 1324  578.00000  634.59203  9.79%  1559 1915s
  6782  5816  605.57879  159 1299  578.00000  634.59203  9.79%  1557 1929s
  6785  5819  604.84386  159 1290  578.00000  634.59203  9.79%  1557 1930s
  6847  5881  598.24035  183 1253  578.00000  634.59203  9.79%  1552 1935s
  6936  5970  590.27667  207 1210  578.00000  634.59203  9.79%  1541 1940s
  7041  6075  584.14366  232 1165  578.00000  634.59203  9.79%  1527 1945s
  7154  6160  630.83503   30 1442  578.00000  634.59069  9.79%  1509 1950s
  7186  6192  624.18066   62 1400  578.00000  634.59069  9.79%  1507 1955s
  7228  6234  615.12338   97 1343  578.00000  634.59069  9.79%  1505 1960s
  7265  6271  607.91498  124 1306  578.00000  634.59069  9.79%  1503 1965s
  7320  6326  601.85495  159 1272  578.00000  634.59069  9.79%  1499 1970s
  7398  6404  592.64231  187 1241  578.00000  634.59069  9.79%  1492 1975s
  7516  6522  583.14142  220 1180  578.00000  634.59069  9.79%  1479 1980s
  7623  6602  631.83067   35 1449  578.00000  634.56949  9.79%  1464 1985s
  7654  6633  625.38853   66 1407  578.00000  634.56949  9.79%  1463 1990s
  7700  6679  615.34204  106 1337  578.00000  634.56949  9.79%  1460 1995s
  7727  6706  611.89053  122 1334  578.00000  634.56949  9.79%  1460 2000s
  7781  6760  603.33057  158 1297  578.00000  634.56949  9.79%  1457 2005s
  7847  6826  596.83945  183 1257  578.00000  634.56949  9.79%  1453 2010s
  8012  6991  583.50793  229 1139  578.00000  634.56949  9.79%  1435 2015s
  8118  7080  623.88557   20 1417  578.00000  634.53042  9.78%  1422 2020s
  8183  7145  610.14867   81 1336  578.00000  634.53042  9.78%  1418 2025s
  8255  7217  598.26307  136 1283  578.00000  634.53042  9.78%  1413 2030s
  8387  7349  581.19048  190 1165  578.00000  634.53042  9.78%  1402 2035s
  8441  7383  611.66430   37 1367  578.00000  634.45985  9.77%  1399 2040s
  8495  7429  625.88249   31 1421  578.00000  634.45803  9.77%  1396 2045s
  8566  7500  610.32604  102 1340  578.00000  634.45803  9.77%  1392 2050s
  8687  7610  625.32668   23 1429  578.00000  634.29812  9.74%  1380 2055s
  8695  7618  607.99156   27 1357  578.00000  634.29812  9.74%  1383 2060s
  8705  7628  616.08262   32 1382  578.00000  634.29812  9.74%  1385 2065s
  8713  7636  618.36410   36 1397  578.00000  634.29812  9.74%  1387 2070s
  8723  7646  611.09741   41 1363  578.00000  634.29812  9.74%  1390 2075s
  8733  7656  617.02846   46 1376  578.00000  634.29812  9.74%  1392 2080s
  8747  7670  602.10725   53 1315  578.00000  634.29812  9.74%  1396 2085s
  8758  7681  619.65055   59 1391  578.00000  634.29812  9.74%  1398 2090s
  8770  7693  618.65753   65 1385  578.00000  634.29812  9.74%  1400 2095s
  8781  7704  615.38804   70 1362  578.00000  634.29812  9.74%  1402 2104s
  8785  7708  614.11607   72 1357  578.00000  634.29812  9.74%  1402 2105s
  8805  7728  610.70897   82 1342  578.00000  634.29812  9.74%  1404 2110s
  8827  7750  610.76189   93 1338  578.00000  634.29812  9.74%  1407 2115s
  8853  7776  603.28637  106 1306  578.00000  634.29812  9.74%  1408 2120s
  8891  7814  596.50955  125 1285  578.00000  634.29812  9.74%  1410 2125s
  8920  7843  600.36822  140 1283  578.00000  634.29812  9.74%  1410 2133s
  8930  7853  598.88508  145 1272  578.00000  634.29812  9.74%  1411 2135s
  8983  7904     cutoff  171       578.00000  634.29812  9.74%  1409 2140s
  9070  7971  629.13427   24 1443  578.00000  634.17901  9.72%  1402 2145s
  9106  8007  622.69009   60 1400  578.00000  634.17901  9.72%  1400 2150s
  9167  8068  609.14907  121 1322  578.00000  634.17901  9.72%  1396 2155s
  9294  8175  628.53073   26 1426  578.00000  634.05830  9.70%  1384 2160s
  9347  8228  615.50548   79 1343  578.00000  634.05830  9.70%  1381 2165s
  9449  8318  621.65833   31 1409  578.00000  633.97928  9.68%  1372 2170s
  9510  8379  609.08900   92 1331  578.00000  633.97928  9.68%  1369 2175s
  9563  8432  599.36129  123 1290  578.00000  633.97928  9.68%  1368 2180s
  9633  8502  589.65824  164 1235  578.00000  633.97928  9.68%  1365 2185s
  9736  8583  627.79114   26 1440  578.00000  633.84594  9.66%  1358 2190s
  9768  8615  606.67182   58 1334  578.00000  633.84594  9.66%  1358 2195s
  9817  8654  621.36069   28 1404  578.00000  633.84050  9.66%  1356 2200s
  9884  8721  606.39790   95 1313  578.00000  633.84050  9.66%  1352 2205s
  9996  8813  619.87724   28 1397  578.00000  633.79797  9.65%  1343 2210s
 10024  8841  582.23197   56 1220  578.00000  633.79797  9.65%  1343 2215s
 10049  8855  611.87936   27 1348  578.00000  633.77075  9.65%  1343 2220s
 10068  8874  583.43750   37 1118  578.00000  633.77075  9.65%  1346 2225s
 10106  8884  610.63199   27 1349  578.00000  633.72632  9.64%  1345 2230s
 10157  8925  622.93497   28 1417  578.00000  633.62167  9.62%  1343 2235s
 10203  8970  584.45963  229 1489  578.00000  633.62167  9.62%  1341 2991s
 10206  8972  609.86571  134 1483  578.00000  633.62167  9.62%  1340 2999s
 10207  8973  601.42580  145 1490  578.00000  630.43288  9.07%  1340 3003s
 10212  8976  585.00746  215 1490  578.00000  628.86091  8.80%  1339 3005s
 10214  8977  628.69555   60 1490  578.00000  628.84751  8.80%  1339 3021s
 10215  8978  605.89873   46 1492  578.00000  628.80102  8.79%  1339 3037s
 10217  8979  614.25960  111 1491  578.00000  628.78638  8.79%  1339 3054s
 10218  8980  628.30216   44 1492  578.00000  628.30216  8.70%  1339 3070s
 10223  8983  609.03803  135 1494  578.00000  628.14187  8.68%  1338 3089s
 10224  8984  627.17010   61 1491  578.00000  627.99686  8.65%  1338 3103s
 10228  8987  592.72631  211 1494  578.00000  627.93967  8.64%  1337 3119s
 10229  8987  579.72790  231 1492  578.00000  627.82095  8.62%  1337 3134s
 10230  8988  622.20567   71 1491  578.00000  627.80070  8.62%  1337 3135s
 10232  8989  581.61831  239 1493  578.00000  627.79334  8.61%  1337 3152s
 10233  8990  605.17910  166 1492  578.00000  627.68387  8.60%  1337 3169s
 10235  8991  622.60689   73 1495  578.00000  627.66312  8.59%  1336 3184s
 10236  8992  614.15018  102 1492  578.00000  627.60451  8.58%  1336 3201s
 10239  8994  589.19084  212 1492  578.00000  627.57991  8.58%  1336 3220s
 10240  8995  582.49682  234 1490  578.00000  627.53439  8.57%  1336 3237s
 10242  8996  588.30971  211 1492  578.00000  627.52113  8.57%  1335 3255s
 10243  8997  584.25919  226 1493  578.00000  627.51449  8.57%  1335 3271s
 10244  8997  608.50486  147 1493  578.00000  627.51196  8.57%  1335 3291s
 10245  8998  627.48452   35 1492  578.00000  627.48452  8.56%  1335 3308s
 10248  9000  622.19595   64 1494  578.00000  627.46726  8.56%  1335 3326s
 10249  9001  607.98602   28 1492  578.00000  627.44336  8.55%  1335 3343s
 10251  9002  627.43521   30 1493  578.00000  627.43521  8.55%  1334 3360s
 10252  9003  584.99655  219 1495  578.00000  627.33322  8.54%  1334 3377s
 10255  9005  600.63256  171 1494  578.00000  627.29401  8.53%  1334 3394s
 10256  9005  588.92424  204 1492  578.00000  627.25694  8.52%  1334 3410s
 10258  9007  608.45001   88 1492  578.00000  627.24790  8.52%  1333 3426s
 10259  9007  585.78852  213 1493  578.00000  627.24717  8.52%  1333 3442s
 10260  9008  585.47775   54 1495  578.00000  627.24697  8.52%  1333 3457s
 10261  9009  627.24683   51 1496  578.00000  627.24683  8.52%  1333 3474s
 10262  9009  613.24221  106 1497  578.00000  627.24677  8.52%  1333 3488s
 10263  9010  589.06793  156 1496  578.00000  627.24676  8.52%  1333 3503s
 10264  9011  593.84850  196 1496  578.00000  627.24674  8.52%  1333 3519s
 10265  9011  611.05026  134 1496  578.00000  627.24674  8.52%  1332 3534s
 10266  9012  594.85513  151 1496  578.00000  627.24673  8.52%  1332 3551s
 10267  9013  614.24725   99 1496  578.00000  627.24100  8.52%  1332 3584s

Cutting planes:
  Gomory: 5
  MIR: 1
  Flow cover: 89
  Zero half: 598
  Mod-K: 1
  RLT: 141
  BQP: 32

Explored 10267 nodes (13879144 simplex iterations) in 3600.05 seconds (4832.32 work units)
Thread count was 1 (of 24 available processors)

Solution count 10: 578 577 576 ... 566

Time limit reached
Best objective 5.780000000000e+02, best bound 6.270000000000e+02, gap 8.4775%

User-callback calls 166556, time in user-callback 0.96 sec
