
Gurobi 11.0.3 (linux64) logging started Sat Mar  7 17:20:15 2026

Set parameter LogFile to value "./log/train/IS_1500_6/IS_90.lp.log"
Set parameter TimeLimit to value 3600
Gurobi Optimizer version 11.0.3 build v11.0.3rc0 (linux64 - "Ubuntu 22.04.5 LTS")

CPU model: AMD Ryzen 9 9900X 12-Core Processor, instruction set [SSE2|AVX|AVX2|AVX512]
Thread count: 12 physical cores, 24 logical processors, using up to 1 threads

Optimize a model with 9200 rows, 1500 columns and 18124 nonzeros
Model fingerprint: 0x6c1833a5
Variable types: 0 continuous, 1500 integer (1500 binary)
Coefficient statistics:
  Matrix range     [1e+00, 1e+00]
  Objective range  [1e+00, 1e+00]
  Bounds range     [1e+00, 1e+00]
  RHS range        [1e+00, 1e+00]
Found heuristic solution: objective 334.0000000
Presolve removed 1764 rows and 0 columns
Presolve time: 0.04s
Presolved: 7436 rows, 1500 columns, 16313 nonzeros
Variable types: 0 continuous, 1500 integer (1500 binary)

Root relaxation: objective 6.915000e+02, 3168 iterations, 0.15 seconds (0.18 work units)

    Nodes    |    Current Node    |     Objective Bounds      |     Work
 Expl Unexpl |  Obj  Depth IntInf | Incumbent    BestBd   Gap | It/Node Time

     0     0  691.50000    0 1355  334.00000  691.50000   107%     -    0s
H    0     0                     525.0000000  691.50000  31.7%     -    0s
H    0     0                     526.0000000  691.50000  31.5%     -    0s
     0     0  672.50000    0 1345  526.00000  672.50000  27.9%     -    1s
     0     0  667.84783    0 1473  526.00000  667.84783  27.0%     -    1s
     0     0  667.41474    0 1477  526.00000  667.41474  26.9%     -   54s
     0     0  667.36396    0 1479  526.00000  667.36396  26.9%     -   54s
     0     0  667.34969    0 1476  526.00000  667.34969  26.9%     -   54s
     0     0  667.34684    0 1477  526.00000  667.34684  26.9%     -   54s
     0     0  661.09847    0 1479  526.00000  661.09847  25.7%     -   55s
H    0     0                     539.0000000  661.09847  22.7%     -   55s
     0     0  660.21959    0 1477  539.00000  660.21959  22.5%     -   55s
     0     0  660.17065    0 1475  539.00000  660.17065  22.5%     -   55s
     0     0  660.16459    0 1475  539.00000  660.16459  22.5%     -   55s
     0     0  656.27796    0 1480  539.00000  656.27796  21.8%     -   57s
     0     0  655.71997    0 1481  539.00000  655.71997  21.7%     -   57s
     0     0  655.65632    0 1483  539.00000  655.65632  21.6%     -   57s
     0     0  655.64429    0 1483  539.00000  655.64429  21.6%     -   57s
     0     0  655.63361    0 1484  539.00000  655.63361  21.6%     -   57s
     0     0  655.62726    0 1482  539.00000  655.62726  21.6%     -   57s
     0     0  652.85514    0 1478  539.00000  652.85514  21.1%     -   58s
     0     0  652.53017    0 1483  539.00000  652.53017  21.1%     -   58s
     0     0  652.49053    0 1483  539.00000  652.49053  21.1%     -   58s
     0     0  652.48017    0 1484  539.00000  652.48017  21.1%     -   58s
     0     0  650.25601    0 1485  539.00000  650.25601  20.6%     -   59s
H    0     0                     541.0000000  650.25601  20.2%     -   59s
     0     0  649.94480    0 1487  541.00000  649.94480  20.1%     -   60s
     0     0  649.89277    0 1486  541.00000  649.89277  20.1%     -   60s
     0     0  649.87413    0 1485  541.00000  649.87413  20.1%     -   60s
     0     0  649.87286    0 1487  541.00000  649.87286  20.1%     -   60s
     0     0  648.12582    0 1482  541.00000  648.12582  19.8%     -   61s
     0     0  647.78657    0 1485  541.00000  647.78657  19.7%     -  114s
     0     0  647.69006    0 1484  541.00000  647.69006  19.7%     -  114s
     0     0  647.66296    0 1483  541.00000  647.66296  19.7%     -  114s
     0     0  647.63841    0 1485  541.00000  647.63841  19.7%     -  114s
     0     0  647.62402    0 1485  541.00000  647.62402  19.7%     -  114s
     0     0  646.19261    0 1481  541.00000  646.19261  19.4%     -  115s
     0     0  645.93524    0 1477  541.00000  645.93524  19.4%     -  115s
     0     0  645.90674    0 1480  541.00000  645.90674  19.4%     -  115s
     0     0  645.89967    0 1481  541.00000  645.89967  19.4%     -  116s
     0     0  644.82903    0 1480  541.00000  644.82903  19.2%     -  116s
     0     0  644.68317    0 1486  541.00000  644.68317  19.2%     -  117s
     0     0  644.67025    0 1486  541.00000  644.67025  19.2%     -  117s
     0     0  643.48188    0 1479  541.00000  643.48188  18.9%     -  118s
H    0     0                     543.0000000  643.48188  18.5%     -  118s
     0     0  643.33837    0 1482  543.00000  643.33837  18.5%     -  118s
     0     0  643.31507    0 1480  543.00000  643.31507  18.5%     -  118s
     0     0  643.30345    0 1483  543.00000  643.30345  18.5%     -  118s
     0     0  642.67809    0 1480  543.00000  642.67809  18.4%     -  119s
     0     0  642.51635    0 1485  543.00000  642.51635  18.3%     -  119s
     0     0  642.49617    0 1484  543.00000  642.49617  18.3%     -  119s
     0     0  642.49069    0 1484  543.00000  642.49069  18.3%     -  119s
     0     0  641.93647    0 1484  543.00000  641.93647  18.2%     -  120s
     0     0  641.81600    0 1487  543.00000  641.81600  18.2%     -  120s
     0     0  641.80512    0 1487  543.00000  641.80512  18.2%     -  174s
     0     0  641.23259    0 1482  543.00000  641.23259  18.1%     -  174s
     0     0  641.09370    0 1484  543.00000  641.09370  18.1%     -  175s
     0     0  641.07515    0 1483  543.00000  641.07515  18.1%     -  175s
     0     0  640.35765    0 1482  543.00000  640.35765  17.9%     -  176s
H    0     0                     545.0000000  640.35765  17.5%     -  176s
     0     0  640.23731    0 1483  545.00000  640.23731  17.5%     -  176s
     0     0  640.21991    0 1484  545.00000  640.21991  17.5%     -  176s
     0     0  639.91327    0 1485  545.00000  639.91327  17.4%     -  176s
     0     0  639.86099    0 1487  545.00000  639.86099  17.4%     -  177s
     0     0  639.85116    0 1486  545.00000  639.85116  17.4%     -  177s
     0     0  639.15870    0 1488  545.00000  639.15870  17.3%     -  177s
H    0     0                     546.0000000  639.15870  17.1%     -  177s
     0     0  639.03300    0 1486  546.00000  639.03300  17.0%     -  178s
     0     0  639.00917    0 1488  546.00000  639.00917  17.0%     -  178s
     0     0  639.00116    0 1488  546.00000  639.00116  17.0%     -  178s
     0     0  638.81069    0 1489  546.00000  638.81069  17.0%     -  178s
     0     0  638.76401    0 1488  546.00000  638.76401  17.0%     -  178s
     0     0  638.75445    0 1486  546.00000  638.75445  17.0%     -  178s
     0     0  638.51929    0 1488  546.00000  638.51929  16.9%     -  179s
H    0     0                     548.0000000  638.51929  16.5%     -  179s
     0     0  638.44373    0 1490  548.00000  638.44373  16.5%     -  179s
     0     0  638.43039    0 1491  548.00000  638.43039  16.5%     -  179s
     0     0  638.06919    0 1488  548.00000  638.06919  16.4%     -  180s
     0     0  638.01044    0 1488  548.00000  638.01044  16.4%     -  180s
     0     0  637.99438    0 1487  548.00000  637.99438  16.4%     -  180s
     0     0  637.81141    0 1489  548.00000  637.81141  16.4%     -  180s
H    0     0                     550.0000000  637.81141  16.0%     -  180s
     0     0  637.79212    0 1489  550.00000  637.79212  16.0%     -  234s
     0     0  637.42571    0 1487  550.00000  637.42571  15.9%     -  234s
     0     0  637.36384    0 1488  550.00000  637.36384  15.9%     -  234s
     0     0  637.35479    0 1489  550.00000  637.35479  15.9%     -  234s
     0     0  637.05847    0 1486  550.00000  637.05847  15.8%     -  235s
H    0     0                     552.0000000  637.05847  15.4%     -  235s
     0     0  637.03109    0 1486  552.00000  637.03109  15.4%     -  235s
     0     0  637.02557    0 1487  552.00000  637.02557  15.4%     -  235s
     0     0  636.75492    0 1488  552.00000  636.75492  15.4%     -  235s
     0     0  636.71051    0 1489  552.00000  636.71051  15.3%     -  236s
     0     0  636.69959    0 1490  552.00000  636.69959  15.3%     -  236s
     0     0  636.53888    0 1488  552.00000  636.53888  15.3%     -  236s
     0     0  636.53888    0 1487  552.00000  636.53888  15.3%     -  236s
H    0     0                     557.0000000  636.53888  14.3%     -  238s
H    0     0                     558.0000000  636.53888  14.1%     -  238s
H    0     0                     559.0000000  636.53888  13.9%     -  238s
     0     2  636.53852    0 1487  559.00000  636.53852  13.9%     -  238s
     2     4  632.36957    1 1455  559.00000  636.49701  13.9%  3814  240s
    15    17  601.93568    9 1315  559.00000  636.49701  13.9%  2785  245s
H   26    26                     561.0000000  636.49701  13.5%  1969  246s
H   52    52                     562.0000000  636.49701  13.3%  1712  249s
    54    56  567.29599   37 1142  562.00000  636.49701  13.3%  1687  250s
    74    68  626.51595    6 1427  562.00000  636.49445  13.3%  1623  256s
    78    72  631.11583    8 1444  562.00000  636.49445  13.3%  1787  260s
H   81    71                     563.0000000  636.49445  13.1%  1739  272s
H   81    70                     564.0000000  636.49445  12.9%  1739  272s
H   81    67                     566.0000000  636.49445  12.5%  1739  272s
H   81    62                     569.0000000  636.49445  11.9%  1739  272s
    86    69  627.11878   13 1422  569.00000  636.49445  11.9%  1918  275s
    96    79  586.93726   18 1243  569.00000  636.49445  11.9%  2044  280s
   126    95  626.11131    6 1433  569.00000  636.20898  11.8%  1803  285s
   145   114  607.57584   20 1340  569.00000  636.20898  11.8%  1823  290s
H  185   140                     570.0000000  636.20898  11.6%  1662  296s
H  190   142                     571.0000000  636.05500  11.4%  1765  299s
   191   145  607.91472    7 1330  571.00000  636.05500  11.4%  1789  300s
   241   171  630.92179    5 1448  571.00000  635.58764  11.3%  1642  306s
   248   178  630.00935   10 1442  571.00000  635.58764  11.3%  1675  310s
   258   188  609.77370   16 1337  571.00000  635.58764  11.3%  1742  315s
   287   217  596.17719   38 1266  571.00000  635.58764  11.3%  1709  320s
H  299   223                     572.0000000  635.58764  11.1%  1688  322s
   328   246  627.42504   11 1419  572.00000  635.44039  11.1%  1633  325s
   348   266  602.13153   24 1303  572.00000  635.44039  11.1%  1682  330s
H  380   285                     573.0000000  635.44039  10.9%  1622  333s
   388   287  629.85033   12 1442  573.00000  635.44006  10.9%  1619  335s
   404   303  605.84673   23 1305  573.00000  635.44006  10.9%  1645  340s
H  407   296                     574.0000000  635.44006  10.7%  1651  341s
   424   315  603.28466   37 1284  574.00000  635.44006  10.7%  1658  345s
   477   352  634.84204   13 1472  574.00000  635.19097  10.7%  1570  350s
   487   362  619.94217   20 1390  574.00000  635.19097  10.7%  1597  355s
   504   379  618.29836   34 1367  574.00000  635.19097  10.7%  1607  360s
   527   402  592.35280   50 1253  574.00000  635.19097  10.7%  1610  365s
   565   418  625.73938   14 1416  574.00000  635.01587  10.6%  1564  370s
   582   434  607.39411   45 1487  574.00000  635.01587  10.6%  1565  388s
   585   436  577.53774   40 1488  574.00000  635.01587  10.6%  1557  398s
   586   437  618.21767   19 1484  574.00000  635.01587  10.6%  1554  400s
   590   439  621.75785    6 1488  574.00000  635.01587  10.6%  1543  410s
   591   440  628.53161    3 1488  574.00000  635.01587  10.6%  1541  419s
   593   441  585.42437   24 1488  574.00000  635.01587  10.6%  1536  429s
   594   442  586.14519   54 1486  574.00000  635.01587  10.6%  1533  439s
   595   443  579.07154   34 1487  574.00000  635.01587  10.6%  1530  448s
   596   443  610.21694   10 1488  574.00000  635.01587  10.6%  1528  456s
   597   444  579.64496   59 1489  574.00000  635.01587  10.6%  1525  466s
   598   445  579.89012   63 1489  574.00000  635.01587  10.6%  1523  475s
   599   445  607.57398   21 1489  574.00000  635.01587  10.6%  1520  483s
   600   446  612.66858   42 1489  574.00000  635.01587  10.6%  1518  492s
   601   447  596.14783   39 1488  574.00000  635.01587  10.6%  1515  501s
   602   447  596.14783   39 1488  574.00000  635.01587  10.6%  1513  505s
   610   455  633.20236   15 1463  574.00000  635.01587  10.6%  1608  510s
   620   461  634.07699   20 1467  574.00000  635.01587  10.6%  1616  515s
   628   467  632.79634   24 1458  574.00000  635.01587  10.6%  1631  520s
   639   474  629.05403   30 1440  574.00000  635.01587  10.6%  1655  525s
   646   479  627.98445   33 1443  574.00000  635.01587  10.6%  1674  530s
   654   484  624.93024   37 1419  574.00000  635.01587  10.6%  1698  535s
   658   487  624.09308   39 1421  574.00000  635.01587  10.6%  1716  540s
   667   493  630.43319   44 1446  574.00000  635.01587  10.6%  1723  545s
   676   499  629.59844   48 1442  574.00000  635.01587  10.6%  1747  550s
   690   508  626.18132   55 1426  574.00000  635.01587  10.6%  1762  555s
   704   517  616.12181   62 1385  574.00000  635.01587  10.6%  1775  560s
   707   519  625.39086   64 1428  574.00000  635.01587  10.6%  1777  569s
   709   521  625.16940   65 1427  574.00000  635.01587  10.6%  1777  570s
   724   531  621.77207   72 1406  574.00000  635.01587  10.6%  1783  575s
   736   539  617.32345   78 1395  574.00000  635.01587  10.6%  1792  580s
   745   545  619.36795   83 1410  574.00000  635.01587  10.6%  1808  585s
   759   554  616.91376   90 1396  574.00000  635.01587  10.6%  1816  590s
   778   567  613.85307   99 1382  574.00000  635.01587  10.6%  1822  595s
   800   581  600.65469  110 1329  574.00000  635.01587  10.6%  1834  600s
   821   595  606.01409  121 1353  574.00000  635.01587  10.6%  1838  605s
   849   614  602.80664  135 1347  574.00000  635.01587  10.6%  1840  610s
   866   625  594.23516  143 1307  574.00000  635.01587  10.6%  1858  615s
   886   639  591.78822  153 1301  574.00000  635.01587  10.6%  1866  620s
   916   659  590.92062  168 1295  574.00000  635.01587  10.6%  1874  625s
   947   679  591.10827  184 1291  574.00000  635.01587  10.6%  1883  630s
   984   704  576.99710  202 1210  574.00000  635.01587  10.6%  1889  635s
  1050   744  582.85838  235 1201  574.00000  635.01587  10.6%  1856  640s
  1111   769  631.03866   15 1443  574.00000  635.01587  10.6%  1796  645s
  1117   773  629.51953   18 1443  574.00000  635.01587  10.6%  1811  650s
  1123   777  624.12989   21 1405  574.00000  635.01587  10.6%  1826  656s
  1128   780  634.03817   24 1462  574.00000  635.01587  10.6%  1836  660s
  1135   785  629.51966   27 1428  574.00000  635.01587  10.6%  1853  666s
  1141   789  628.49244   30 1427  574.00000  635.01587  10.6%  1864  670s
  1147   793  628.71996   33 1425  574.00000  635.01587  10.6%  1876  675s
  1155   798  628.28570   37 1429  574.00000  635.01587  10.6%  1891  680s
  1163   803  628.34687   41 1420  574.00000  635.01587  10.6%  1902  685s
  1171   809  622.50101   45 1400  574.00000  635.01587  10.6%  1913  690s
  1179   814  625.86016   49 1414  574.00000  635.01587  10.6%  1924  695s
  1189   821  626.64345   54 1414  574.00000  635.01587  10.6%  1935  700s
  1199   827  623.85452   59 1398  574.00000  635.01587  10.6%  1949  705s
  1209   834  623.02897   64 1392  574.00000  635.01587  10.6%  1962  710s
  1219   841  623.31877   69 1384  574.00000  635.01587  10.6%  1977  715s
  1229   847  622.59658   74 1386  574.00000  635.01587  10.6%  1986  720s
  1243   857  622.56691   81 1389  574.00000  635.01587  10.6%  1995  725s
  1255   865  614.40938   87 1356  574.00000  635.01587  10.6%  2004  730s
  1269   874  620.05010   94 1368  574.00000  635.01587  10.6%  2010  735s
  1283   883  618.73731  101 1353  574.00000  635.01587  10.6%  2015  740s
  1299   894  614.28787  109 1339  574.00000  635.01587  10.6%  2023  745s
  1315   905  614.82849  117 1331  574.00000  635.01587  10.6%  2027  750s
  1339   921  612.94823  129 1334  574.00000  635.01587  10.6%  2025  755s
  1361   935  611.32320  140 1316  574.00000  635.01587  10.6%  2025  760s
  1393   957  607.13177  156 1288  574.00000  635.01587  10.6%  2014  765s
  1435   985  602.81058  177 1264  574.00000  635.01587  10.6%  1991  770s
H 1439   960                     575.0000000  635.01587  10.4%  1987  770s
  1498  1002  593.34667  209 1246  575.00000  635.01587  10.4%  1946  775s
  1606  1057  634.49914   15 1468  575.00000  635.01587  10.4%  1849  780s
  1613  1061  628.74807   18 1424  575.00000  635.01587  10.4%  1863  786s
  1619  1065  630.60451   21 1436  575.00000  635.01587  10.4%  1871  790s
  1627  1071  627.89119   25 1429  575.00000  635.01587  10.4%  1882  795s
  1635  1076  626.93623   29 1424  575.00000  635.01587  10.4%  1892  800s
  1643  1081  626.57856   33 1422  575.00000  635.01587  10.4%  1901  805s
  1650  1086  631.17856   37 1439  575.00000  635.01587  10.4%  1909  810s
  1659  1092  626.86021   41 1415  575.00000  635.01587  10.4%  1920  815s
  1669  1099  626.18344   46 1410  575.00000  635.01587  10.4%  1929  820s
  1679  1105  623.97322   51 1404  575.00000  635.01587  10.4%  1938  825s
  1691  1113  623.32015   57 1398  575.00000  635.01587  10.4%  1948  830s
  1701  1120  615.65706   62 1361  575.00000  635.01587  10.4%  1956  835s
  1713  1128  621.69305   68 1380  575.00000  635.01587  10.4%  1963  840s
  1725  1136  619.70843   74 1377  575.00000  635.01587  10.4%  1971  845s
  1737  1144  617.25967   80 1370  575.00000  635.01587  10.4%  1979  850s
  1751  1153  620.19147   87 1369  575.00000  635.01587  10.4%  1985  855s
  1765  1163  619.30749   94 1369  575.00000  635.01587  10.4%  1990  860s
  1783  1175  616.01910  103 1343  575.00000  635.01587  10.4%  1992  865s
  1803  1188  613.15175  113 1335  575.00000  635.01587  10.4%  1994  870s
H 1821  1168                     576.0000000  635.01587  10.2%  1994  875s
  1843  1192  602.95945  133 1277  576.00000  635.01587  10.2%  1998  880s
H 1850  1172                     577.0000000  635.01587  10.1%  1994  881s
  1871  1195  606.62566  147 1294  577.00000  635.01587  10.1%  1991  885s
  1906  1230  604.33063  165 1277  577.00000  635.01587  10.1%  1979  890s
  1957  1281  591.03055  190 1204  577.00000  635.01587  10.1%  1954  895s
  2013  1337  586.22826  218 1172  577.00000  635.01587  10.1%  1918  900s
  2082  1389  634.52115   18 1471  577.00000  635.01587  10.1%  1868  905s
  2087  1394  630.77092   20 1445  577.00000  635.01587  10.1%  1875  910s
  2095  1402  624.60190   24 1411  577.00000  635.01587  10.1%  1886  916s
  2102  1409  633.31979   28 1459  577.00000  635.01587  10.1%  1893  920s
  2109  1416  623.30424   31 1403  577.00000  635.01587  10.1%  1903  925s
  2115  1422  627.69995   34 1425  577.00000  635.01587  10.1%  1908  930s
  2123  1430  628.42695   38 1421  577.00000  635.01587  10.1%  1915  935s
  2132  1439  630.30779   43 1438  577.00000  635.01587  10.1%  1920  940s
  2141  1448  622.64825   47 1399  577.00000  635.01587  10.1%  1929  945s
  2151  1458  625.70621   52 1408  577.00000  635.01587  10.1%  1937  950s
  2161  1468  624.11884   57 1402  577.00000  635.01587  10.1%  1943  955s
  2171  1478  622.80520   62 1398  577.00000  635.01587  10.1%  1949  960s
  2181  1488  614.94843   67 1357  577.00000  635.01587  10.1%  1957  965s
  2189  1496  617.40527   71 1372  577.00000  635.01587  10.1%  1962  970s
  2200  1507  624.74199   77 1401  577.00000  635.01587  10.1%  1967  975s
  2211  1518  618.60485   82 1371  577.00000  635.01587  10.1%  1974  980s
  2219  1526  616.68209   86 1361  577.00000  635.01587  10.1%  1978  985s
  2234  1541  621.83709   94 1389  577.00000  635.01587  10.1%  1982  990s
  2249  1556  614.30681  101 1344  577.00000  635.01587  10.1%  1987  995s
  2261  1568  616.73281  107 1358  577.00000  635.01587  10.1%  1988 1000s
  2272  1579  616.60650  113 1361  577.00000  635.01587  10.1%  1988 1005s
  2291  1598  609.04398  122 1321  577.00000  635.01587  10.1%  1991 1010s
  2307  1614  611.33486  130 1327  577.00000  635.01587  10.1%  1990 1016s
  2320  1627  611.37771  137 1328  577.00000  635.01587  10.1%  1989 1020s
  2335  1642  607.78824  144 1312  577.00000  635.01587  10.1%  1987 1025s
  2344  1651  608.34794  149 1310  577.00000  635.01587  10.1%  1985 1037s
  2359  1666  596.13227  156 1247  577.00000  635.01587  10.1%  1983 1040s
  2361  1668  605.52953  157 1272  577.00000  635.01587  10.1%  1982 1052s
  2375  1682  602.02026  164 1273  577.00000  635.01587  10.1%  1979 1055s
  2393  1700  598.92033  173 1259  577.00000  635.01587  10.1%  1974 1060s
  2442  1749  594.23738  198 1226  577.00000  635.01587  10.1%  1949 1066s
  2488  1795  585.11097  221 1205  577.00000  635.01587  10.1%  1926 1070s
  2524  1827  580.12371  239 1138  577.00000  635.01587  10.1%  1905 1080s
  2550  1837  626.93241   19 1426  577.00000  635.01587  10.1%  1896 1085s
  2556  1843  628.48836   22 1437  577.00000  635.01587  10.1%  1902 1091s
  2560  1847  626.84024   24 1432  577.00000  635.01587  10.1%  1906 1095s
  2568  1855  622.97317   28 1413  577.00000  635.01587  10.1%  1914 1100s
  2577  1864  632.20455   33 1452  577.00000  635.01587  10.1%  1922 1105s
  2584  1871  628.20843   36 1432  577.00000  635.01587  10.1%  1928 1110s
  2594  1881  623.81352   41 1416  577.00000  635.01587  10.1%  1935 1115s
  2604  1891  626.68514   46 1416  577.00000  635.01587  10.1%  1943 1120s
  2612  1899  626.21271   50 1414  577.00000  635.01587  10.1%  1949 1125s
  2622  1909  626.12513   55 1409  577.00000  635.01587  10.1%  1956 1130s
  2632  1919  621.42865   60 1392  577.00000  635.01587  10.1%  1963 1136s
  2642  1929  622.41157   65 1401  577.00000  635.01587  10.1%  1969 1140s
  2655  1942  624.70724   72 1416  577.00000  635.01587  10.1%  1973 1145s
  2659  1946  624.39167   74 1412  577.00000  635.01587  10.1%  1974 1150s
  2670  1957  619.21269   79 1382  577.00000  635.01587  10.1%  1978 1155s
  2683  1970  621.47876   86 1397  577.00000  635.01587  10.1%  1982 1160s
  2696  1983  615.49120   92 1373  577.00000  635.01587  10.1%  1986 1165s
  2712  1999  616.43635  100 1366  577.00000  635.01587  10.1%  1989 1170s
  2730  2017  615.23533  109 1352  577.00000  635.01587  10.1%  1991 1175s
  2746  2033  613.25410  117 1349  577.00000  635.01587  10.1%  1992 1180s
  2762  2049  611.59762  125 1342  577.00000  635.01587  10.1%  1994 1185s
  2784  2071  606.55979  136 1317  577.00000  635.01587  10.1%  1995 1191s
  2804  2091  599.28813  146 1275  577.00000  635.01587  10.1%  1994 1195s
  2850  2137  601.88665  169 1289  577.00000  635.01587  10.1%  1987 1200s
  2902  2189  594.67655  195 1250  577.00000  635.01587  10.1%  1969 1217s
  2942  2229  587.92696  215 1202  577.00000  635.01587  10.1%  1952 1220s
  3025  2280  629.68917   14 1436  577.00000  635.01587  10.1%  1915 1225s
  3031  2286  629.43117   17 1439  577.00000  635.01587  10.1%  1920 1230s
  3035  2290  624.62657   19 1413  577.00000  635.01587  10.1%  1924 1235s
  3042  2297  634.01411   23 1464  577.00000  635.01587  10.1%  1929 1240s
  3049  2304  628.67614   26 1431  577.00000  635.01587  10.1%  1935 1246s
  3055  2310  622.61369   29 1398  577.00000  635.01587  10.1%  1940 1250s
  3063  2318  627.97779   33 1426  577.00000  635.01587  10.1%  1944 1256s
  3071  2326  628.87434   37 1431  577.00000  635.01587  10.1%  1948 1260s
  3079  2334  626.58328   41 1423  577.00000  635.01587  10.1%  1952 1265s
  3087  2342  625.09129   45 1412  577.00000  635.01587  10.1%  1956 1270s
  3093  2348  622.09901   48 1399  577.00000  635.01587  10.1%  1959 1280s
  3103  2358  622.32670   53 1391  577.00000  635.01587  10.1%  1965 1285s
  3111  2366  621.89429   57 1392  577.00000  635.01587  10.1%  1969 1290s
  3121  2376  616.54672   62 1362  577.00000  635.01587  10.1%  1974 1295s
  3132  2387  626.60560   68 1413  577.00000  635.01587  10.1%  1977 1300s
  3143  2398  622.47485   73 1391  577.00000  635.01587  10.1%  1982 1305s
  3157  2412  621.64049   80 1366  577.00000  635.01587  10.1%  1985 1310s
  3173  2428  618.84075   88 1375  577.00000  635.01587  10.1%  1988 1315s
  3187  2442  616.31348   95 1357  577.00000  635.01587  10.1%  1993 1320s
  3203  2458  614.76996  103 1350  577.00000  635.01587  10.1%  1995 1325s
  3219  2474  602.38413  111 1272  577.00000  635.01587  10.1%  1997 1330s
  3241  2496  611.13871  122 1341  577.00000  635.01587  10.1%  1997 1335s
  3264  2519  612.15920  134 1334  577.00000  635.01587  10.1%  1996 1340s
  3293  2548  607.79263  148 1305  577.00000  635.01587  10.1%  1993 1345s
  3329  2584  602.34971  166 1277  577.00000  635.01587  10.1%  1987 1350s
  3389  2644  592.22043  196 1247  577.00000  635.01587  10.1%  1968 1355s
  3506  2731  634.17477   13 1469  577.00000  635.01587  10.1%  1919 1360s
  3512  2737  627.48568   16 1427  577.00000  635.01587  10.1%  1924 1366s
  3516  2741  626.06035   18 1427  577.00000  635.01587  10.1%  1927 1370s
  3524  2749  628.24463   22 1426  577.00000  635.01587  10.1%  1932 1376s
  3530  2755  628.70757   25 1414  577.00000  635.01587  10.1%  1935 1380s
  3538  2763  625.98274   29 1414  577.00000  635.01587  10.1%  1939 1386s
  3544  2769  626.45849   32 1415  577.00000  635.01587  10.1%  1942 1390s
  3550  2775  625.95132   35 1418  577.00000  635.01587  10.1%  1945 1395s
  3560  2785  625.26417   40 1407  577.00000  635.01587  10.1%  1949 1400s
  3568  2793  625.03636   44 1405  577.00000  635.01587  10.1%  1954 1406s
  3574  2799  624.38027   47 1387  577.00000  635.01587  10.1%  1957 1410s
  3583  2808  628.46773   52 1414  577.00000  635.01587  10.1%  1960 1415s
  3590  2815  624.03362   55 1399  577.00000  635.01587  10.1%  1963 1420s
  3600  2825  622.23919   60 1382  577.00000  635.01587  10.1%  1966 1425s
  3612  2837  620.59139   66 1384  577.00000  635.01587  10.1%  1970 1430s
  3622  2847  615.10919   71 1343  577.00000  635.01587  10.1%  1973 1435s
  3634  2859  621.01664   77 1372  577.00000  635.01587  10.1%  1975 1440s
  3646  2871  618.12543   83 1358  577.00000  635.01587  10.1%  1978 1447s
  3656  2881  616.88601   88 1368  577.00000  635.01587  10.1%  1980 1450s
  3673  2898  618.01352   97 1371  577.00000  635.01587  10.1%  1980 1455s
  3682  2907  612.69088  101 1343  577.00000  635.01587  10.1%  1982 1460s
  3702  2927  614.10430  111 1323  577.00000  635.01587  10.1%  1984 1465s
  3728  2953  603.34571  124 1287  577.00000  635.01587  10.1%  1984 1470s
  3759  2984  609.79299  140 1305  577.00000  635.01587  10.1%  1980 1475s
  3775  3000  608.36697  148 1303  577.00000  635.01587  10.1%  1978 1491s
  3808  3033  602.33884  164 1262  577.00000  635.01587  10.1%  1971 1495s
  3886  3111  589.11307  203 1184  577.00000  635.01587  10.1%  1947 1500s
  3994  3168  630.26590   16 1440  577.00000  635.01587  10.1%  1905 1505s
  4000  3174  628.50356   19 1427  577.00000  635.01587  10.1%  1908 1511s
  4006  3180  629.37243   22 1439  577.00000  635.01587  10.1%  1912 1515s
  4008  3182  628.54686   23 1436  577.00000  635.01587  10.1%  1913 1528s
  4009  3183  632.83484   24 1458  577.00000  635.01587  10.1%  1913 1534s
  4010  3184  626.28757   24 1415  577.00000  635.01587  10.1%  1914 1536s
  4016  3190  627.25476   27 1425  577.00000  635.01587  10.1%  1917 1540s
  4022  3196  624.29252   30 1417  577.00000  635.01587  10.1%  1920 1545s
  4030  3204  625.84188   34 1419  577.00000  635.01587  10.1%  1924 1551s
  4036  3210  627.60539   37 1417  577.00000  635.01587  10.1%  1927 1555s
  4046  3220  625.03159   42 1408  577.00000  635.01587  10.1%  1930 1560s
  4054  3228  622.49082   46 1392  577.00000  635.01587  10.1%  1934 1565s
  4064  3238  625.75733   51 1407  577.00000  635.01587  10.1%  1937 1570s
  4072  3246  616.55306   55 1369  577.00000  635.01587  10.1%  1940 1575s
  4082  3256  622.41401   60 1391  577.00000  635.01587  10.1%  1943 1580s
  4090  3264  614.41915   64 1359  577.00000  635.01587  10.1%  1946 1585s
  4102  3276  622.07722   70 1382  577.00000  635.01587  10.1%  1949 1590s
  4115  3289  622.79116   77 1394  577.00000  635.01587  10.1%  1951 1595s
  4128  3302  618.00004   83 1364  577.00000  635.01587  10.1%  1954 1600s
  4140  3314  615.70587   89 1363  577.00000  635.01587  10.1%  1956 1605s
  4156  3330  616.83893   97 1354  577.00000  635.01587  10.1%  1958 1610s
  4172  3346  612.79807  105 1346  577.00000  635.01587  10.1%  1960 1615s
  4186  3360  613.61614  112 1345  577.00000  635.01587  10.1%  1962 1620s
  4206  3380  609.27289  122 1317  577.00000  635.01587  10.1%  1963 1625s
  4226  3400  610.10779  132 1326  577.00000  635.01587  10.1%  1963 1630s
  4254  3428  606.99485  146 1289  577.00000  635.01587  10.1%  1961 1635s
  4290  3464  601.65150  164 1271  577.00000  635.01587  10.1%  1957 1640s
  4352  3526  592.28827  195 1243  577.00000  635.01587  10.1%  1942 1645s
  4458  3608  634.32540   16 1474  577.00000  634.95127  10.0%  1909 1650s
  4484  3634  630.02722   42 1436  577.00000  634.95127  10.0%  1904 1655s
  4521  3671  623.96224   79 1404  577.00000  634.95127  10.0%  1896 1660s
  4542  3692  619.88979   95 1388  577.00000  634.95127  10.0%  1895 1665s
  4577  3727  614.26858  123 1350  577.00000  634.95127  10.0%  1889 1670s
  4619  3769  607.17567  146 1290  577.00000  634.95127  10.0%  1882 1675s
  4662  3812  601.96646  167 1268  577.00000  634.95127  10.0%  1875 1680s
  4733  3883  597.63175  184 1248  577.00000  634.95127  10.0%  1858 1685s
  4826  3976  590.33733  204 1199  577.00000  634.95127  10.0%  1834 1690s
  4956  4106  585.48911  215 1157  577.00000  634.95127  10.0%  1799 1695s
  5002  4152  583.92931  219 1157  577.00000  634.95127  10.0%  1787 1700s
  5193  4343  578.57143  238 1010  577.00000  634.95127  10.0%  1732 1705s
  5243  4365  631.61353   36 1459  577.00000  634.95103  10.0%  1721 1710s
  5271  4393  627.13253   64 1433  577.00000  634.95103  10.0%  1717 1723s
  5281  4403  625.15491   74 1409  577.00000  634.95103  10.0%  1716 1725s
  5316  4438  618.63950  106 1375  577.00000  634.95103  10.0%  1712 1730s
  5337  4459  614.98521  120 1355  577.00000  634.95103  10.0%  1712 1735s
  5372  4494  607.85354  142 1315  577.00000  634.95103  10.0%  1709 1740s
  5396  4518  604.48975  154 1305  577.00000  634.95103  10.0%  1706 1746s
  5438  4560  600.38822  176 1263  577.00000  634.95103  10.0%  1700 1750s
  5510  4632  595.42401  194 1249  577.00000  634.95103  10.0%  1688 1755s
  5584  4706  590.82689  206 1227  577.00000  634.95103  10.0%  1676 1760s
  5691  4813  584.94102  224 1188  577.00000  634.95103  10.0%  1656 1765s
  5867  4987  578.46154  242 1096  577.00000  634.95103  10.0%  1618 1770s
  5928  5023  629.98514   44 1438  577.00000  634.67538  10.0%  1607 1775s
  5966  5061  623.02063   78 1388  577.00000  634.67538  10.0%  1604 1780s
  5982  5077  619.77009   88 1378  577.00000  634.67538  10.0%  1605 1785s
  6003  5098  614.54912  105 1363  577.00000  634.67538  10.0%  1604 1790s
  6012  5107  615.88939  115 1369  577.00000  634.67538  10.0%  1604 1795s
  6047  5142  609.34270  138 1323  577.00000  634.67538  10.0%  1602 1800s
  6112  5207  600.83585  174 1249  577.00000  634.67538  10.0%  1596 1805s
  6212  5307  593.21219  190 1229  577.00000  634.67538  10.0%  1583 1810s
  6275  5370  589.44863  207 1201  577.00000  634.67538  10.0%  1573 1815s
  6468  5563  581.22130  231 1092  577.00000  634.67538  10.0%  1537 1820s
  6572  5649  627.62050   29 1430  577.00000  634.57876  10.0%  1520 1825s
  6630  5707  615.03190   83 1355  577.00000  634.57876  10.0%  1515 1830s
  6684  5761  605.60727  129 1300  577.00000  634.57876  10.0%  1511 1835s
  6744  5821  597.15372  162 1245  577.00000  634.57876  10.0%  1506 1840s
  6868  5945  589.89986  186 1188  577.00000  634.57876  10.0%  1489 1845s
  7017  6094  580.09345  208 1102  577.00000  634.57876  10.0%  1467 1850s
  7101  6149  627.47255   34 1431  577.00000  634.45707  10.0%  1455 1855s
  7144  6192  619.31708   76 1386  577.00000  634.45707  10.0%  1453 1860s
  7186  6234  609.27278  109 1334  577.00000  634.45707  10.0%  1451 1865s
  7224  6272  605.21748  142 1302  577.00000  634.45707  10.0%  1449 1870s
  7298  6346  595.27009  176 1246  577.00000  634.45707  10.0%  1443 1875s
  7408  6456  586.31177  203 1174  577.00000  634.45707  10.0%  1432 1880s
  7594  6608     cutoff  225       577.00000  634.45707  10.0%  1407 1885s
  7609  6609  632.22026   26 1452  577.00000  634.45568  10.0%  1406 1890s
  7634  6634  628.47632   50 1425  577.00000  634.45568  10.0%  1405 1895s
  7674  6674  620.04960   85 1369  577.00000  634.45568  10.0%  1403 1900s
  7695  6695  615.55987   99 1351  577.00000  634.45568  10.0%  1405 1905s
  7742  6742  609.17780  134 1321  577.00000  634.45568  10.0%  1402 1910s
  7796  6796  601.33458  165 1256  577.00000  634.45568  10.0%  1400 1915s
  7887  6887  593.00033  192 1216  577.00000  634.45568  10.0%  1392 1920s
  8016  7016  585.80259  211 1141  577.00000  634.45568  10.0%  1378 1925s
  8254  7221  633.23126   24 1465  577.00000  634.45561  10.0%  1344 1930s
  8269  7236  631.23954   39 1445  577.00000  634.45561  10.0%  1344 1935s
  8305  7272  625.13285   75 1404  577.00000  634.45561  10.0%  1342 1940s
  8344  7311  616.48291  111 1354  577.00000  634.45561  10.0%  1341 1945s
  8388  7355  609.61812  137 1336  577.00000  634.45561  10.0%  1341 1950s
  8394  7361  608.35320  143 1330  577.00000  634.45561  10.0%  1341 1955s
  8472  7439  597.98302  182 1253  577.00000  634.45561  10.0%  1337 1960s
  8597  7564  586.85332  217 1179  577.00000  634.45561  10.0%  1325 1965s
  8694  7661  582.75261  226 1144  577.00000  634.45561  10.0%  1315 1975s
  8851  7804  628.42389   28 1441  577.00000  634.32102  9.93%  1298 1980s
  8898  7851  619.72420   75 1388  577.00000  634.32102  9.93%  1296 1985s
  8937  7890  612.18112  109 1350  577.00000  634.32102  9.93%  1296 1990s
  8979  7932  604.98602  141 1305  577.00000  634.32102  9.93%  1295 1995s
  9029  7982  598.17358  166 1268  577.00000  634.32102  9.93%  1293 2000s
  9174  8127  584.62125  207 1203  577.00000  634.32102  9.93%  1283 2005s
  9356  8270  628.33899   17 1438  577.00000  634.25362  9.92%  1267 2010s
  9393  8307  607.88566   54 1326  577.00000  634.25362  9.92%  1265 2015s
  9469  8373  631.67274   28 1452  577.00000  634.25095  9.92%  1260 2020s
  9507  8411  624.57231   66 1408  577.00000  634.25095  9.92%  1260 2025s
  9564  8468  612.49007  123 1339  577.00000  634.25095  9.92%  1257 2030s
  9697  8579  633.29314   20 1471  577.00000  634.24078  9.92%  1247 2035s
  9704  8586  623.51547   23 1411  577.00000  634.24078  9.92%  1249 2041s
  9708  8590  626.83510   25 1429  577.00000  634.24078  9.92%  1251 2045s
  9715  8597  632.09952   29 1456  577.00000  634.24078  9.92%  1252 2050s
  9722  8604  628.59386   32 1430  577.00000  634.24078  9.92%  1255 2055s
  9730  8612  625.36766   36 1418  577.00000  634.24078  9.92%  1257 2060s
  9738  8620  626.55721   40 1423  577.00000  634.24078  9.92%  1259 2065s
  9746  8628  626.34516   44 1422  577.00000  634.24078  9.92%  1261 2070s
  9755  8637  628.11838   49 1437  577.00000  634.24078  9.92%  1263 2075s
  9762  8644  617.73914   52 1376  577.00000  634.24078  9.92%  1265 2080s
  9772  8654  620.53952   57 1384  577.00000  634.24078  9.92%  1268 2085s
  9782  8664  621.10092   62 1391  577.00000  634.24078  9.92%  1270 2090s
  9793  8675  624.54946   68 1414  577.00000  634.24078  9.92%  1272 2095s
  9796  8678  620.74327   69 1383  577.00000  634.24078  9.92%  1273 2103s
  9800  8682  618.61476   71 1376  577.00000  634.24078  9.92%  1274 2105s
  9812  8694  618.55280   77 1385  577.00000  634.24078  9.92%  1276 2110s
  9824  8706  617.89310   83 1375  577.00000  634.24078  9.92%  1279 2115s
  9836  8718  614.25283   89 1356  577.00000  634.24078  9.92%  1281 2120s
  9848  8730  615.66487   95 1361  577.00000  634.24078  9.92%  1283 2125s
  9866  8748  616.09433  104 1346  577.00000  634.24078  9.92%  1285 2130s
  9886  8768  612.61437  114 1341  577.00000  634.24078  9.92%  1287 2135s
  9912  8794  610.44640  127 1329  577.00000  634.24078  9.92%  1289 2140s
  9939  8821  609.35506  141 1324  577.00000  634.24078  9.92%  1291 2145s
  9972  8854  605.65392  157 1297  577.00000  634.24078  9.92%  1292 2150s
  9994  8876  601.80321  168 1275  577.00000  634.24078  9.92%  1292 2155s
 10048  8930  591.48044  195 1217  577.00000  634.24078  9.92%  1290 2160s
 10148  9009  627.87119   22 1431  577.00000  634.14316  9.90%  1284 2165s
 10200  9061  618.24317   74 1375  577.00000  634.14316  9.90%  1281 2170s
 10203  9063  622.41396   61 1487  577.00000  634.14316  9.90%  1281 2994s
 10205  9064  580.57143  236 1355  577.00000  634.14316  9.90%  1281 2995s
 10206  9065  630.17555   44 1487  577.00000  634.14316  9.90%  1281 3004s
 10207  9066  591.01179  206 1493  577.00000  633.21390  9.74%  1281 3007s
 10213  9070  614.38377  115 1491  577.00000  631.90041  9.51%  1280 3025s
 10214  9070  588.37143  212 1490  577.00000  631.73540  9.49%  1280 3039s
 10216  9072  587.43400  198 1491  577.00000  631.68985  9.48%  1279 3052s
 10217  9072  617.73590  103 1489  577.00000  631.18763  9.39%  1279 3068s
 10220  9074  595.21585  191 1491  577.00000  631.01455  9.36%  1279 3084s
 10221  9075  610.40911  119 1491  577.00000  630.73222  9.31%  1279 3101s
 10224  9077  629.57625   30 1491  577.00000  630.66906  9.30%  1278 3119s
 10225  9078  610.07277  141 1490  577.00000  630.45039  9.26%  1278 3135s
 10228  9080  601.26688  181 1492  577.00000  630.36053  9.25%  1278 3154s
 10229  9080  592.73054  176 1489  577.00000  630.16406  9.21%  1278 3174s
 10232  9082  621.01587   78 1491  577.00000  630.08219  9.20%  1277 3194s
 10233  9083  598.47235   62 1490  577.00000  629.97901  9.18%  1277 3212s
 10235  9084  619.18576   94 1490  577.00000  629.94312  9.18%  1277 3230s
 10236  9085  591.06863  198 1488  577.00000  629.70076  9.13%  1277 3247s
 10238  9086  625.90471   35 1490  577.00000  629.64641  9.12%  1277 3266s
 10239  9087  589.56187  220 1488  577.00000  629.58368  9.11%  1277 3284s
 10241  9088  622.48079   73 1489  577.00000  629.55219  9.11%  1276 3302s
 10242  9089  611.10841  126 1489  577.00000  629.50888  9.10%  1276 3322s
 10244  9090  595.87188  175 1491  577.00000  629.48631  9.10%  1276 3345s
 10245  9091  581.36878  233 1490  577.00000  629.44989  9.09%  1276 3364s
 10247  9092  579.00000  234 1491  577.00000  629.43449  9.09%  1276 3383s
 10248  9093  581.01620  243 1490  577.00000  629.42418  9.09%  1275 3402s
 10249  9094  603.16340  168 1490  577.00000  629.42114  9.09%  1275 3423s
 10250  9094  581.36502  231 1492  577.00000  629.34949  9.07%  1275 3443s
 10252  9096  618.86193   84 1491  577.00000  629.32997  9.07%  1275 3463s
 10253  9096  628.45175   19 1491  577.00000  629.31564  9.07%  1275 3481s
 10254  9097  591.91344  201 1490  577.00000  629.31033  9.07%  1275 3500s
 10255  9098  608.76876  146 1490  577.00000  629.27952  9.06%  1275 3517s
 10257  9099  628.73637   21 1490  577.00000  629.26590  9.06%  1274 3535s
 10258  9100  617.24634  100 1490  577.00000  629.20120  9.05%  1274 3550s
 10260  9101  598.38824  178 1490  577.00000  629.16597  9.04%  1274 3570s
 10261  9102  590.22414  206 1489  577.00000  629.14262  9.04%  1274 3592s

Cutting planes:
  Gomory: 5
  MIR: 1
  Flow cover: 71
  Zero half: 646
  RLT: 156
  BQP: 35

Explored 10262 nodes (13297045 simplex iterations) in 3600.14 seconds (4692.12 work units)
Thread count was 1 (of 24 available processors)

Solution count 10: 577 576 575 ... 566

Time limit reached
Best objective 5.770000000000e+02, best bound 6.290000000000e+02, gap 9.0121%

User-callback calls 175425, time in user-callback 0.92 sec
