
Gurobi 11.0.3 (linux64) logging started Wed Mar  4 15:31:15 2026

Set parameter LogFile to value "./log/train/CA_650_1000_0.7/CA_1.lp.log"
Set parameter TimeLimit to value 3600
Gurobi Optimizer version 11.0.3 build v11.0.3rc0 (linux64 - "Ubuntu 22.04.5 LTS")

CPU model: AMD Ryzen 9 9900X 12-Core Processor, instruction set [SSE2|AVX|AVX2|AVX512]
Thread count: 12 physical cores, 24 logical processors, using up to 24 threads

Optimize a model with 1038 rows, 650 columns and 3387 nonzeros
Model fingerprint: 0x057c20c0
Variable types: 0 continuous, 650 integer (650 binary)
Coefficient statistics:
  Matrix range     [1e+00, 1e+00]
  Objective range  [9e-01, 1e+03]
  Bounds range     [1e+00, 1e+00]
  RHS range        [1e+00, 1e+00]
Found heuristic solution: objective 28658.540957
Presolve removed 248 rows and 73 columns
Presolve time: 0.01s
Presolved: 790 rows, 577 columns, 3101 nonzeros
Found heuristic solution: objective 33828.662385
Variable types: 0 continuous, 577 integer (577 binary)
Found heuristic solution: objective 35549.178882

Root relaxation: objective 4.273204e+04, 1596 iterations, 0.05 seconds (0.09 work units)

    Nodes    |    Current Node    |     Objective Bounds      |     Work
 Expl Unexpl |  Obj  Depth IntInf | Incumbent    BestBd   Gap | It/Node Time

     0     0 42732.0356    0  388 35549.1789 42732.0356  20.2%     -    0s
H    0     0                    35885.433799 42732.0356  19.1%     -    0s
     0     0 42597.4204    0  384 35885.4338 42597.4204  18.7%     -    0s
     0     0 42564.9219    0  387 35885.4338 42564.9219  18.6%     -    0s
H    0     0                    35999.826016 42564.9219  18.2%     -    0s
     0     0 42564.8706    0  386 35999.8260 42564.8706  18.2%     -    0s
     0     0 42564.8648    0  389 35999.8260 42564.8648  18.2%     -    0s
     0     0 42442.5557    0  396 35999.8260 42442.5557  17.9%     -    0s
     0     0 42442.5557    0  396 35999.8260 42442.5557  17.9%     -    0s
H    0     0                    36346.754757 42442.5557  16.8%     -    0s
     0     2 42442.5557    0  396 36346.7548 42442.5557  16.8%     -    0s
H   28    40                    36613.097813 42262.5735  15.4%   343    0s
H   68    79                    37957.874276 42262.5735  11.3%   320    0s
H   80    96                    38232.212472 42262.5735  10.5%   307    0s
H  113   136                    38337.277759 42262.5735  10.2%   271    0s
H  136   153                    38373.511673 42262.5735  10.1%   246    0s
H  137   153                    38771.388085 42262.5735  9.00%   245    0s
H  140   153                    38827.214560 42262.5735  8.85%   244    0s
H  142   153                    39497.297707 42262.5735  7.00%   242    0s
*  169   140              15    39576.447964 42262.5735  6.79%   216    0s
  5121  1488 40586.3480   30  326 39576.4480 40780.6978  3.04%   147    5s
 15918  2569 39715.3995   33  324 39576.4480 40400.2989  2.08%   131   10s

Cutting planes:
  Gomory: 2
  Clique: 22
  Zero half: 4
  BQP: 1

Explored 32169 nodes (3739828 simplex iterations) in 13.46 seconds (29.33 work units)
Thread count was 24 (of 24 available processors)

Solution count 10: 39576.4 39497.3 38827.2 ... 36346.8

Optimal solution found (tolerance 1.00e-04)
Best objective 3.957644796381e+04, best bound 3.957644796381e+04, gap 0.0000%

User-callback calls 66644, time in user-callback 0.04 sec

Gurobi 11.0.3 (linux64) logging started Wed Mar  4 15:31:38 2026

Set parameter LogFile to value "./log/train/CA_650_1000_0.7/CA_1.lp.log"
Set parameter TimeLimit to value 3600
Gurobi Optimizer version 11.0.3 build v11.0.3rc0 (linux64 - "Ubuntu 22.04.5 LTS")

CPU model: AMD Ryzen 9 9900X 12-Core Processor, instruction set [SSE2|AVX|AVX2|AVX512]
Thread count: 12 physical cores, 24 logical processors, using up to 24 threads

Optimize a model with 1038 rows, 650 columns and 3387 nonzeros
Model fingerprint: 0x057c20c0
Variable types: 0 continuous, 650 integer (650 binary)
Coefficient statistics:
  Matrix range     [1e+00, 1e+00]
  Objective range  [9e-01, 1e+03]
  Bounds range     [1e+00, 1e+00]
  RHS range        [1e+00, 1e+00]
Found heuristic solution: objective 28658.540957
Presolve removed 248 rows and 73 columns
Presolve time: 0.01s
Presolved: 790 rows, 577 columns, 3101 nonzeros
Found heuristic solution: objective 33828.662385
Variable types: 0 continuous, 577 integer (577 binary)
Found heuristic solution: objective 35549.178882

Root relaxation: objective 4.273204e+04, 1596 iterations, 0.05 seconds (0.09 work units)

    Nodes    |    Current Node    |     Objective Bounds      |     Work
 Expl Unexpl |  Obj  Depth IntInf | Incumbent    BestBd   Gap | It/Node Time

     0     0 42732.0356    0  388 35549.1789 42732.0356  20.2%     -    0s
H    0     0                    35885.433799 42732.0356  19.1%     -    0s
     0     0 42597.4204    0  384 35885.4338 42597.4204  18.7%     -    0s
     0     0 42564.9219    0  387 35885.4338 42564.9219  18.6%     -    0s
H    0     0                    35999.826016 42564.9219  18.2%     -    0s
     0     0 42564.8706    0  386 35999.8260 42564.8706  18.2%     -    0s
     0     0 42564.8648    0  389 35999.8260 42564.8648  18.2%     -    0s
     0     0 42442.5557    0  396 35999.8260 42442.5557  17.9%     -    0s
     0     0 42442.5557    0  396 35999.8260 42442.5557  17.9%     -    0s
H    0     0                    36346.754757 42442.5557  16.8%     -    0s
     0     2 42442.5557    0  396 36346.7548 42442.5557  16.8%     -    0s
H   28    40                    36613.097813 42262.5735  15.4%   343    0s
H   68    79                    37957.874276 42262.5735  11.3%   320    0s
H   80    96                    38232.212472 42262.5735  10.5%   307    0s
H  113   136                    38337.277759 42262.5735  10.2%   271    0s
H  136   153                    38373.511673 42262.5735  10.1%   246    0s
H  137   153                    38771.388085 42262.5735  9.00%   245    0s
H  140   153                    38827.214560 42262.5735  8.85%   244    0s
H  142   153                    39497.297707 42262.5735  7.00%   242    0s
*  169   140              15    39576.447964 42262.5735  6.79%   216    0s
  4970  1455 40690.6588   28  327 39576.4480 40780.6978  3.04%   147    5s
 16309  2603     cutoff   31      39576.4480 40383.4393  2.04%   131   10s

Cutting planes:
  Gomory: 2
  Clique: 22
  Zero half: 4
  BQP: 1

Explored 32169 nodes (3739828 simplex iterations) in 13.60 seconds (29.33 work units)
Thread count was 24 (of 24 available processors)

Solution count 10: 39576.4 39497.3 38827.2 ... 36346.8

Optimal solution found (tolerance 1.00e-04)
Best objective 3.957644796381e+04, best bound 3.957644796381e+04, gap 0.0000%

User-callback calls 66623, time in user-callback 0.04 sec

Gurobi 11.0.3 (linux64) logging started Wed Mar  4 15:49:07 2026

Set parameter LogFile to value "./log/train/CA_650_1000_0.7/CA_1.lp.log"
Set parameter TimeLimit to value 3600
Gurobi Optimizer version 11.0.3 build v11.0.3rc0 (linux64 - "Ubuntu 22.04.5 LTS")

CPU model: AMD Ryzen 9 9900X 12-Core Processor, instruction set [SSE2|AVX|AVX2|AVX512]
Thread count: 12 physical cores, 24 logical processors, using up to 2 threads

Optimize a model with 1038 rows, 650 columns and 3387 nonzeros
Model fingerprint: 0x057c20c0
Variable types: 0 continuous, 650 integer (650 binary)
Coefficient statistics:
  Matrix range     [1e+00, 1e+00]
  Objective range  [9e-01, 1e+03]
  Bounds range     [1e+00, 1e+00]
  RHS range        [1e+00, 1e+00]
Found heuristic solution: objective 28658.540957
Presolve removed 248 rows and 73 columns
Presolve time: 0.01s
Presolved: 790 rows, 577 columns, 3101 nonzeros
Found heuristic solution: objective 33828.662385
Variable types: 0 continuous, 577 integer (577 binary)
Found heuristic solution: objective 35549.178882

Root relaxation: objective 4.273204e+04, 1596 iterations, 0.05 seconds (0.09 work units)

    Nodes    |    Current Node    |     Objective Bounds      |     Work
 Expl Unexpl |  Obj  Depth IntInf | Incumbent    BestBd   Gap | It/Node Time

     0     0 42732.0356    0  388 35549.1789 42732.0356  20.2%     -    0s
H    0     0                    35885.433799 42732.0356  19.1%     -    0s
     0     0 42597.4204    0  384 35885.4338 42597.4204  18.7%     -    0s
     0     0 42565.0701    0  387 35885.4338 42565.0701  18.6%     -    0s
H    0     0                    35999.826016 42565.0701  18.2%     -    0s
     0     0 42564.8706    0  386 35999.8260 42564.8706  18.2%     -    0s
     0     0 42564.8648    0  389 35999.8260 42564.8648  18.2%     -    0s
     0     0 42557.9006    0  394 35999.8260 42557.9006  18.2%     -    0s
     0     0 42557.6720    0  394 35999.8260 42557.6720  18.2%     -    0s
     0     0 42554.8939    0  397 35999.8260 42554.8939  18.2%     -    0s
H    0     0                    36066.380351 42554.8939  18.0%     -    0s
     0     0 42554.6446    0  399 36066.3804 42554.6446  18.0%     -    0s
     0     0 42554.6446    0  399 36066.3804 42554.6446  18.0%     -    0s
H    0     0                    36346.754757 42554.6446  17.1%     -    0s
     0     2 42554.6446    0  399 36346.7548 42554.6446  17.1%     -    0s
H   24    27                    38676.599045 42524.4267  9.95%   254    0s
H   26    32                    39110.523974 42524.4267  8.73%   241    0s
H   29    32                    39161.467690 42524.4267  8.59%   226    0s
H   34    37                    39275.203181 42524.4267  8.27%   207    0s
*   39    37              18    39360.864164 42524.4267  8.04%   191    0s
  1152   520     cutoff   13      39360.8642 41330.4566  5.00%   145    5s
  1793   771 39476.8346   46  300 39360.8642 41324.1369  4.99%   165   10s
H 1991   791                    39482.287757 41324.1369  4.67%   163   11s
H 2369   867                    39499.261476 41324.1369  4.62%   159   12s
  3100  1120 40982.0221   27  313 39499.2615 41311.7353  4.59%   154   15s
  4591  1741 39556.0671   36  302 39499.2615 41109.8844  4.08%   147   20s
  6230  2352 39727.4183   33  261 39499.2615 40973.1216  3.73%   142   25s
  8110  2926 39627.6926   42  300 39499.2615 40856.7882  3.44%   137   30s
  9911  3408 40052.2387   37  298 39499.2615 40758.2123  3.19%   135   35s
 12168  3971 40347.4717   34  312 39499.2615 40663.4752  2.95%   132   40s
 14502  4460 39900.3053   30  270 39499.2615 40591.5374  2.77%   129   60s
 16842  4781 39555.9714   32  266 39499.2615 40518.9549  2.58%   127   65s
 19296  4975     cutoff   32      39499.2615 40451.1620  2.41%   125   70s
 21680  5136 39543.0640   27  293 39499.2615 40388.3403  2.25%   124   75s
 24118  5174 39659.8959   29  297 39499.2615 40319.4266  2.08%   123   80s
 26314  5142 39569.3398   33  291 39499.2615 40271.0038  1.95%   122   85s
*27156  4953              34    39576.447964 40253.0568  1.71%   122   86s
 28274  4798 39597.2920   38  310 39576.4480 40221.4338  1.63%   122   90s
 30272  4483 39580.5305   28  263 39576.4480 40165.1283  1.49%   122   95s
 32634  4017     cutoff   37      39576.4480 40098.8548  1.32%   121  100s
 35096  3364     cutoff   38      39576.4480 40024.9961  1.13%   120  105s
 37692  2421 39888.4400   31  335 39576.4480 39940.5769  0.92%   120  110s
 40176   922     cutoff   28      39576.4480 39815.3824  0.60%   118  115s

Cutting planes:
  Clique: 18
  Flow cover: 17
  RLT: 1

Explored 41556 nodes (4836906 simplex iterations) in 116.35 seconds (276.19 work units)
Thread count was 2 (of 24 available processors)

Solution count 10: 39576.4 39499.3 39482.3 ... 36066.4

Optimal solution found (tolerance 1.00e-04)
Best objective 3.957644796381e+04, best bound 3.957644796381e+04, gap 0.0000%

User-callback calls 91750, time in user-callback 0.10 sec

Gurobi 11.0.3 (linux64) logging started Wed Mar  4 16:14:22 2026

Set parameter LogFile to value "./log/train/CA_650_1000_0.7/CA_1.lp.log"
Set parameter TimeLimit to value 3600
Gurobi Optimizer version 11.0.3 build v11.0.3rc0 (linux64 - "Ubuntu 22.04.5 LTS")

CPU model: AMD Ryzen 9 9900X 12-Core Processor, instruction set [SSE2|AVX|AVX2|AVX512]
Thread count: 12 physical cores, 24 logical processors, using up to 2 threads

Optimize a model with 1038 rows, 650 columns and 3387 nonzeros
Model fingerprint: 0x057c20c0
Variable types: 0 continuous, 650 integer (650 binary)
Coefficient statistics:
  Matrix range     [1e+00, 1e+00]
  Objective range  [9e-01, 1e+03]
  Bounds range     [1e+00, 1e+00]
  RHS range        [1e+00, 1e+00]
Found heuristic solution: objective 28658.540957
Presolve removed 248 rows and 73 columns
Presolve time: 0.01s
Presolved: 790 rows, 577 columns, 3101 nonzeros
Found heuristic solution: objective 33828.662385
Variable types: 0 continuous, 577 integer (577 binary)
Found heuristic solution: objective 35549.178882

Root relaxation: objective 4.273204e+04, 1596 iterations, 0.06 seconds (0.09 work units)

    Nodes    |    Current Node    |     Objective Bounds      |     Work
 Expl Unexpl |  Obj  Depth IntInf | Incumbent    BestBd   Gap | It/Node Time

     0     0 42732.0356    0  388 35549.1789 42732.0356  20.2%     -    0s
H    0     0                    35885.433799 42732.0356  19.1%     -    0s
     0     0 42597.4204    0  384 35885.4338 42597.4204  18.7%     -    0s
     0     0 42565.0701    0  387 35885.4338 42565.0701  18.6%     -    0s
H    0     0                    35999.826016 42565.0701  18.2%     -    0s
     0     0 42564.8706    0  386 35999.8260 42564.8706  18.2%     -    0s
     0     0 42564.8648    0  389 35999.8260 42564.8648  18.2%     -    0s
     0     0 42557.9006    0  394 35999.8260 42557.9006  18.2%     -    0s
     0     0 42557.6720    0  394 35999.8260 42557.6720  18.2%     -    0s
     0     0 42554.8939    0  397 35999.8260 42554.8939  18.2%     -    0s
H    0     0                    36066.380351 42554.8939  18.0%     -    0s
     0     0 42554.6446    0  399 36066.3804 42554.6446  18.0%     -    0s
     0     0 42554.6446    0  399 36066.3804 42554.6446  18.0%     -    0s
H    0     0                    36346.754757 42554.6446  17.1%     -    0s
     0     2 42554.6446    0  399 36346.7548 42554.6446  17.1%     -    0s
H   24    27                    38676.599045 42524.4267  9.95%   254    0s
H   26    32                    39110.523974 42524.4267  8.73%   241    0s
H   29    32                    39161.467690 42524.4267  8.59%   226    0s
H   34    37                    39275.203181 42524.4267  8.27%   207    0s
*   39    37              18    39360.864164 42524.4267  8.04%   191    0s
  1216   521 39972.8076   24  399 39360.8642 41324.1369  4.99%   144    5s
  1874   813     cutoff   34      39360.8642 41324.1369  4.99%   165   10s
H 1991   791                    39482.287757 41324.1369  4.67%   163   10s
H 2369   867                    39499.261476 41324.1369  4.62%   159   12s
  3225  1152 40109.0215   28  308 39499.2615 41280.5416  4.51%   153   15s
  4591  1741 39556.0671   36  302 39499.2615 41109.8844  4.08%   147   20s
  6509  2434 40527.9118   27  311 39499.2615 40945.0370  3.66%   141   25s
  8110  2926 39627.6926   42  300 39499.2615 40856.7882  3.44%   137   30s
  9911  3408 40052.2387   37  298 39499.2615 40758.2123  3.19%   135   35s
 11936  3933 40026.9989   31  319 39499.2615 40678.3868  2.99%   132   40s
 14273  4413 40103.3551   25  294 39499.2615 40595.9446  2.78%   129   45s
 14502  4460 39900.3053   30  270 39499.2615 40591.5374  2.77%   129   59s
 15019  4520 39655.4546   40  290 39499.2615 40574.1292  2.72%   128   60s
 17965  4873     cutoff   30      39499.2615 40485.1565  2.50%   126   65s
 20585  5069 40037.4328   26  295 39499.2615 40411.7299  2.31%   124   70s
 23220  5175     cutoff   28      39499.2615 40337.9021  2.12%   123   75s
 25873  5161 39523.0543   35  240 39499.2615 40279.6080  1.98%   123   80s
*27156  4953              34    39576.447964 40253.0568  1.71%   122   82s
 28274  4798 39597.2920   38  310 39576.4480 40221.4338  1.63%   122   85s
 30727  4404     cutoff   45      39576.4480 40150.1613  1.45%   122   90s
 33320  3838     cutoff   29      39576.4480 40076.8158  1.26%   121   95s
 36135  3029 39732.4181   35  291 39576.4480 39992.8835  1.05%   120  100s
 38960  1758     cutoff   28      39576.4480 39884.9017  0.78%   119  105s

Cutting planes:
  Clique: 18
  Flow cover: 17
  RLT: 1

Explored 41556 nodes (4836906 simplex iterations) in 108.47 seconds (276.19 work units)
Thread count was 2 (of 24 available processors)

Solution count 10: 39576.4 39499.3 39482.3 ... 36066.4

Optimal solution found (tolerance 1.00e-04)
Best objective 3.957644796381e+04, best bound 3.957644796381e+04, gap 0.0000%

User-callback calls 91643, time in user-callback 0.08 sec
