
Gurobi 11.0.3 (linux64) logging started Wed Mar  4 15:32:06 2026

Set parameter LogFile to value "./log/train/CA_650_1000_0.7/CA_3.lp.log"
Set parameter TimeLimit to value 3600
Gurobi Optimizer version 11.0.3 build v11.0.3rc0 (linux64 - "Ubuntu 22.04.5 LTS")

CPU model: AMD Ryzen 9 9900X 12-Core Processor, instruction set [SSE2|AVX|AVX2|AVX512]
Thread count: 12 physical cores, 24 logical processors, using up to 24 threads

Optimize a model with 1055 rows, 650 columns and 3674 nonzeros
Model fingerprint: 0x39a21647
Variable types: 0 continuous, 650 integer (650 binary)
Coefficient statistics:
  Matrix range     [1e+00, 1e+00]
  Objective range  [2e+00, 1e+03]
  Bounds range     [1e+00, 1e+00]
  RHS range        [1e+00, 1e+00]
Found heuristic solution: objective 26502.534045
Presolve removed 203 rows and 67 columns
Presolve time: 0.01s
Presolved: 852 rows, 583 columns, 3513 nonzeros
Found heuristic solution: objective 34670.570242
Variable types: 0 continuous, 583 integer (583 binary)
Found heuristic solution: objective 35734.755118

Root relaxation: objective 4.606402e+04, 1864 iterations, 0.06 seconds (0.13 work units)

    Nodes    |    Current Node    |     Objective Bounds      |     Work
 Expl Unexpl |  Obj  Depth IntInf | Incumbent    BestBd   Gap | It/Node Time

     0     0 46064.0224    0  378 35734.7551 46064.0224  28.9%     -    0s
H    0     0                    38083.599750 46064.0224  21.0%     -    0s
H    0     0                    38335.900008 46064.0224  20.2%     -    0s
H    0     0                    39347.105265 46064.0224  17.1%     -    0s
     0     0 45951.9730    0  384 39347.1053 45951.9730  16.8%     -    0s
H    0     0                    40242.855876 45951.9730  14.2%     -    0s
     0     0 45679.5454    0  391 40242.8559 45679.5454  13.5%     -    0s
H    0     0                    40302.452708 45679.5454  13.3%     -    0s
     0     0 45524.9851    0  387 40302.4527 45524.9851  13.0%     -    0s
     0     0 45524.9851    0  387 40302.4527 45524.9851  13.0%     -    0s
     0     2 45524.9851    0  387 40302.4527 45524.9851  13.0%     -    0s
H   82    93                    40805.732483 45458.3482  11.4%   316    0s
H   89    93                    41293.793773 45458.3482  10.1%   305    0s
H  111   126                    41303.884281 45458.3482  10.1%   282    0s
H  121   126                    41352.122272 45458.3482  9.93%   271    0s
H  143   137                    41362.212780 45458.3482  9.90%   256    0s
  3756  1541 43696.3990   22  360 41362.2128 43696.3990  5.64%   163    5s
 11663  3742 41979.1555   30  279 41362.2128 43287.6980  4.66%   151   10s
 28429  7708     cutoff   38      41362.2128 42636.2640  3.08%   135   15s
 50303  9436 41749.5765   32  258 41362.2128 42258.4991  2.17%   123   20s
*50632  9418              36    41369.907807 42256.4310  2.14%   123   20s
 52313  9371     cutoff   32      41369.9078 42231.1519  2.08%   122   25s
 71510  7254 41428.8878   30  279 41369.9078 41982.9112  1.48%   117   30s
*85588  3202              35    41391.228695 41786.5164  0.96%   114   32s

Cutting planes:
  Gomory: 2
  Clique: 22
  MIR: 1
  Flow cover: 10
  Zero half: 1
  BQP: 1

Explored 92147 nodes (10215687 simplex iterations) in 33.47 seconds (70.00 work units)
Thread count was 24 (of 24 available processors)

Solution count 10: 41391.2 41369.9 41362.2 ... 39347.1

Optimal solution found (tolerance 1.00e-04)
Best objective 4.139122869507e+04, best bound 4.139122869507e+04, gap 0.0000%

User-callback calls 188563, time in user-callback 0.11 sec

Gurobi 11.0.3 (linux64) logging started Wed Mar  4 15:49:07 2026

Set parameter LogFile to value "./log/train/CA_650_1000_0.7/CA_3.lp.log"
Set parameter TimeLimit to value 3600
Gurobi Optimizer version 11.0.3 build v11.0.3rc0 (linux64 - "Ubuntu 22.04.5 LTS")

CPU model: AMD Ryzen 9 9900X 12-Core Processor, instruction set [SSE2|AVX|AVX2|AVX512]
Thread count: 12 physical cores, 24 logical processors, using up to 2 threads

Optimize a model with 1055 rows, 650 columns and 3674 nonzeros
Model fingerprint: 0x39a21647
Variable types: 0 continuous, 650 integer (650 binary)
Coefficient statistics:
  Matrix range     [1e+00, 1e+00]
  Objective range  [2e+00, 1e+03]
  Bounds range     [1e+00, 1e+00]
  RHS range        [1e+00, 1e+00]
Found heuristic solution: objective 26502.534045
Presolve removed 203 rows and 67 columns
Presolve time: 0.01s
Presolved: 852 rows, 583 columns, 3513 nonzeros
Found heuristic solution: objective 34670.570242
Variable types: 0 continuous, 583 integer (583 binary)
Found heuristic solution: objective 35734.755118

Root relaxation: objective 4.606402e+04, 1864 iterations, 0.07 seconds (0.13 work units)

    Nodes    |    Current Node    |     Objective Bounds      |     Work
 Expl Unexpl |  Obj  Depth IntInf | Incumbent    BestBd   Gap | It/Node Time

     0     0 46064.0224    0  378 35734.7551 46064.0224  28.9%     -    0s
H    0     0                    38083.599750 46064.0224  21.0%     -    0s
H    0     0                    38335.900008 46064.0224  20.2%     -    0s
     0     0 45984.4967    0  384 38335.9000 45984.4967  20.0%     -    0s
     0     0 45947.2251    0  391 38335.9000 45947.2251  19.9%     -    0s
H    0     0                    38465.929427 45947.2251  19.4%     -    0s
     0     0 45930.1821    0  387 38465.9294 45930.1821  19.4%     -    0s
     0     0 45929.9519    0  389 38465.9294 45929.9519  19.4%     -    0s
     0     0 45891.7349    0  384 38465.9294 45891.7349  19.3%     -    0s
H    0     0                    38997.824961 45891.7349  17.7%     -    0s
     0     0 45891.5825    0  387 38997.8250 45891.5825  17.7%     -    0s
     0     0 45885.6977    0  392 38997.8250 45885.6977  17.7%     -    0s
H    0     0                    39005.068403 45885.6977  17.6%     -    0s
     0     0 45885.6374    0  394 39005.0684 45885.6374  17.6%     -    0s
     0     0 45884.7908    0  393 39005.0684 45884.7908  17.6%     -    0s
     0     0 45884.7908    0  393 39005.0684 45884.7908  17.6%     -    0s
H    0     0                    39587.746643 45884.7908  15.9%     -    0s
H    0     0                    39870.913892 45884.7908  15.1%     -    0s
     0     2 45884.7908    0  393 39870.9139 45884.7908  15.1%     -    0s
*   49    48              22    40261.399384 45682.0236  13.5%   204    0s
*   56    53              21    40297.342273 45682.0236  13.4%   185    0s
*  106    90              25    40323.885120 45505.0135  12.8%   184    1s
*  108    90              23    40384.047960 45505.0135  12.7%   181    1s
*  217   134              21    41146.056967 45315.7659  10.1%   184    1s
   840   441 43200.9419   12  297 41146.0570 44445.4578  8.02%   173    5s
  1457   732 44092.6136   21  328 41146.0570 44313.1831  7.70%   192   10s
  2108  1025 41256.6235   35  277 41146.0570 44313.1831  7.70%   201   15s
H 2984  1306                    41244.339972 44268.9997  7.33%   187   18s
  3378  1548 41727.2529   40  308 41244.3400 44139.4504  7.02%   183   20s
  4746  2280 43022.4555   23  294 41244.3400 43882.9173  6.40%   172   25s
  6221  2929 42748.0577   29  290 41244.3400 43655.8586  5.85%   164   30s
  7748  3600 41268.7654   34  257 41244.3400 43500.5245  5.47%   158   35s
  9612  4292 41437.0249   35  216 41244.3400 43359.9928  5.13%   153   40s
 11305  4933     cutoff   35      41244.3400 43268.2187  4.91%   150   45s
 13285  5670 41759.0678   29  295 41244.3400 43172.5885  4.68%   146   50s
 14756  6134 41679.6545   31  276 41244.3400 43099.6289  4.50%   144   70s
 16948  6723 41508.3658   35  282 41244.3400 43010.2754  4.28%   141   75s
 18982  7291 42123.4904   36  308 41244.3400 42940.6911  4.11%   139   80s
 20845  7726 41562.3264   31  267 41244.3400 42876.9762  3.96%   138   85s
*21851  7807              38    41330.154855 42844.8436  3.66%   138   87s
 22559  7986 41935.2110   32  304 41330.1549 42819.2263  3.60%   137   90s
 24517  8315     cutoff   30      41330.1549 42770.4030  3.48%   136   95s
 26558  8664 41978.5158   29  278 41330.1549 42708.3892  3.33%   135  100s
 28635  8967 41696.5582   24  296 41330.1549 42662.1616  3.22%   135  105s
 30945  9254 41567.0269   31  258 41330.1549 42612.9579  3.10%   134  110s
 33151  9559 41716.9619   34  280 41330.1549 42558.0166  2.97%   133  115s
 35380  9753     cutoff   41      41330.1549 42509.5215  2.85%   132  120s
*35745  9685              28    41362.212780 42501.9217  2.76%   132  120s
 37494  9853 41424.8988   33  270 41362.2128 42467.5452  2.67%   131  125s
 39779 10000 41697.0009   31  295 41362.2128 42423.0433  2.56%   130  130s
 42098 10063 41526.0962   34  251 41362.2128 42376.2310  2.45%   130  135s
 44452 10067 41567.0031   40  306 41362.2128 42325.9862  2.33%   129  140s
 46816 10112     cutoff   36      41362.2128 42287.5171  2.24%   128  145s
*47351 10038              41    41391.228695 42281.4602  2.15%   128  146s
 49063 10000 41416.1686   38  285 41391.2287 42248.9779  2.07%   128  150s
 51625  9850     cutoff   36      41391.2287 42198.3292  1.95%   127  155s
 54097  9745     cutoff   34      41391.2287 42160.3949  1.86%   126  160s
 56617  9583 41603.3052   33  311 41391.2287 42121.8219  1.77%   125  165s
 59436  9358 41502.2013   31  258 41391.2287 42079.2296  1.66%   124  170s
 62012  9073     cutoff   28      41391.2287 42041.9488  1.57%   124  175s
 65078  8661     cutoff   38      41391.2287 42002.6413  1.48%   123  180s
 68167  8159     cutoff   39      41391.2287 41961.0066  1.38%   122  185s
 71263  7539     cutoff   38      41391.2287 41915.5610  1.27%   121  190s
 74793  6707 41691.1656   30  274 41391.2287 41862.9136  1.14%   120  195s
 78605  5581     cutoff   28      41391.2287 41802.1064  0.99%   119  200s
 82547  4008     cutoff   40      41391.2287 41731.0343  0.82%   117  205s
 87053  1187     cutoff   42      41391.2287 41584.2939  0.47%   115  210s

Cutting planes:
  Clique: 26
  Flow cover: 35

Explored 88712 nodes (10113239 simplex iterations) in 211.10 seconds (563.65 work units)
Thread count was 2 (of 24 available processors)

Solution count 10: 41391.2 41362.2 41330.2 ... 39870.9

Optimal solution found (tolerance 1.00e-04)
Best objective 4.139122869507e+04, best bound 4.139122869507e+04, gap 0.0000%

User-callback calls 189138, time in user-callback 0.16 sec

Gurobi 11.0.3 (linux64) logging started Wed Mar  4 16:14:22 2026

Set parameter LogFile to value "./log/train/CA_650_1000_0.7/CA_3.lp.log"
Set parameter TimeLimit to value 3600
Gurobi Optimizer version 11.0.3 build v11.0.3rc0 (linux64 - "Ubuntu 22.04.5 LTS")

CPU model: AMD Ryzen 9 9900X 12-Core Processor, instruction set [SSE2|AVX|AVX2|AVX512]
Thread count: 12 physical cores, 24 logical processors, using up to 2 threads

Optimize a model with 1055 rows, 650 columns and 3674 nonzeros
Model fingerprint: 0x39a21647
Variable types: 0 continuous, 650 integer (650 binary)
Coefficient statistics:
  Matrix range     [1e+00, 1e+00]
  Objective range  [2e+00, 1e+03]
  Bounds range     [1e+00, 1e+00]
  RHS range        [1e+00, 1e+00]
Found heuristic solution: objective 26502.534045
Presolve removed 203 rows and 67 columns
Presolve time: 0.01s
Presolved: 852 rows, 583 columns, 3513 nonzeros
Found heuristic solution: objective 34670.570242
Variable types: 0 continuous, 583 integer (583 binary)
Found heuristic solution: objective 35734.755118

Root relaxation: objective 4.606402e+04, 1864 iterations, 0.08 seconds (0.13 work units)

    Nodes    |    Current Node    |     Objective Bounds      |     Work
 Expl Unexpl |  Obj  Depth IntInf | Incumbent    BestBd   Gap | It/Node Time

     0     0 46064.0224    0  378 35734.7551 46064.0224  28.9%     -    0s
H    0     0                    38083.599750 46064.0224  21.0%     -    0s
H    0     0                    38335.900008 46064.0224  20.2%     -    0s
     0     0 45984.4967    0  384 38335.9000 45984.4967  20.0%     -    0s
     0     0 45947.2251    0  391 38335.9000 45947.2251  19.9%     -    0s
H    0     0                    38465.929427 45947.2251  19.4%     -    0s
     0     0 45930.1821    0  387 38465.9294 45930.1821  19.4%     -    0s
     0     0 45929.9519    0  389 38465.9294 45929.9519  19.4%     -    0s
     0     0 45891.7349    0  384 38465.9294 45891.7349  19.3%     -    0s
H    0     0                    38997.824961 45891.7349  17.7%     -    0s
     0     0 45891.5825    0  387 38997.8250 45891.5825  17.7%     -    0s
     0     0 45885.6977    0  392 38997.8250 45885.6977  17.7%     -    0s
H    0     0                    39005.068403 45885.6977  17.6%     -    0s
     0     0 45885.6374    0  394 39005.0684 45885.6374  17.6%     -    0s
     0     0 45884.7908    0  393 39005.0684 45884.7908  17.6%     -    0s
     0     0 45884.7908    0  393 39005.0684 45884.7908  17.6%     -    0s
H    0     0                    39587.746643 45884.7908  15.9%     -    0s
H    0     0                    39870.913892 45884.7908  15.1%     -    0s
     0     2 45884.7908    0  393 39870.9139 45884.7908  15.1%     -    0s
*   49    48              22    40261.399384 45682.0236  13.5%   204    0s
*   56    53              21    40297.342273 45682.0236  13.4%   185    0s
*  106    90              25    40323.885120 45505.0135  12.8%   184    1s
*  108    90              23    40384.047960 45505.0135  12.7%   181    1s
*  217   134              21    41146.056967 45315.7659  10.1%   184    1s
   918   476     cutoff   21      41146.0570 44392.8639  7.89%   171    5s
  1476   738 43230.5935   24  334 41146.0570 44313.1831  7.70%   192   10s
  2086  1001 43388.5955   22  302 41146.0570 44313.1831  7.70%   201   15s
H 2984  1306                    41244.339972 44268.9997  7.33%   187   18s
  3378  1548 41727.2529   40  308 41244.3400 44139.4504  7.02%   183   20s
  4930  2332 41899.3712   24  256 41244.3400 43864.6703  6.35%   171   25s
  6387  3058 41907.6895   34  303 41244.3400 43645.6425  5.82%   164   30s
  8089  3762 41399.3739   30  200 41244.3400 43481.9211  5.43%   157   35s
  9719  4373 41740.4626   24  220 41244.3400 43353.8114  5.11%   153   40s
 11511  5008 42165.1253   29  287 41244.3400 43257.3449  4.88%   150   45s
 13793  5825 41421.4426   32  280 41244.3400 43142.8612  4.60%   145   50s
 14756  6134 41679.6545   31  276 41244.3400 43099.6289  4.50%   144   66s
 16560  6611     cutoff   30      41244.3400 43026.6121  4.32%   141   70s
 18982  7291 42123.4904   36  308 41244.3400 42940.6911  4.11%   139   75s
 21263  7817 41697.6092   29  277 41244.3400 42865.6938  3.93%   138   80s
*21851  7807              38    41330.154855 42844.8436  3.66%   138   81s
 23200  8089 41734.1033   29  279 41330.1549 42803.2066  3.56%   137   85s
 25557  8499 41366.1251   39  269 41330.1549 42741.4994  3.41%   136   90s
 27738  8846     cutoff   31      41330.1549 42683.1353  3.27%   135   95s
 30271  9187     cutoff   37      41330.1549 42628.8403  3.14%   134  100s
 32937  9536     cutoff   34      41330.1549 42563.2879  2.98%   133  105s
 35380  9753     cutoff   41      41330.1549 42509.5215  2.85%   132  110s
*35745  9685              28    41362.212780 42501.9217  2.76%   132  110s
 38163  9899     cutoff   39      41362.2128 42452.9110  2.64%   131  115s
 41188 10048 41615.2447   33  290 41362.2128 42393.1741  2.49%   130  120s
 44452 10067 41567.0031   40  306 41362.2128 42325.9862  2.33%   129  125s
*47351 10038              41    41391.228695 42281.4602  2.15%   128  129s
 47500 10045 41700.9925   30  231 41391.2287 42277.2331  2.14%   128  130s
 50019  9917 41511.2591   30  259 41391.2287 42228.4711  2.02%   127  135s
 52663  9802     cutoff   36      41391.2287 42182.6179  1.91%   127  140s
 55068  9677 41396.1546   28  288 41391.2287 42143.1987  1.82%   126  145s
 57923  9474     cutoff   43      41391.2287 42102.7823  1.72%   125  150s
 60608  9242     cutoff   28      41391.2287 42062.0783  1.62%   124  155s
 63986  8813 41445.4556   34  276 41391.2287 42018.3180  1.52%   123  160s
 67876  8203     cutoff   40      41391.2287 41963.7372  1.38%   122  165s
 71555  7471     cutoff   28      41391.2287 41911.3143  1.26%   121  170s
 75365  6545     cutoff   40      41391.2287 41853.0913  1.12%   119  175s
 79225  5376 41476.3532   31  236 41391.2287 41792.0944  0.97%   118  180s
 83151  3693     cutoff   35      41391.2287 41715.1448  0.78%   117  185s
 87925   368     cutoff   31      41391.2287 41515.7203  0.30%   115  190s

Cutting planes:
  Clique: 26
  Flow cover: 35

Explored 88712 nodes (10113239 simplex iterations) in 190.14 seconds (563.65 work units)
Thread count was 2 (of 24 available processors)

Solution count 10: 41391.2 41362.2 41330.2 ... 39870.9

Optimal solution found (tolerance 1.00e-04)
Best objective 4.139122869507e+04, best bound 4.139122869507e+04, gap 0.0000%

User-callback calls 188634, time in user-callback 0.12 sec
