
Gurobi 11.0.3 (linux64) logging started Wed Mar  4 15:32:40 2026

Set parameter LogFile to value "./log/train/CA_650_1000_0.7/CA_4.lp.log"
Set parameter TimeLimit to value 3600
Gurobi Optimizer version 11.0.3 build v11.0.3rc0 (linux64 - "Ubuntu 22.04.5 LTS")

CPU model: AMD Ryzen 9 9900X 12-Core Processor, instruction set [SSE2|AVX|AVX2|AVX512]
Thread count: 12 physical cores, 24 logical processors, using up to 24 threads

Optimize a model with 1055 rows, 650 columns and 3703 nonzeros
Model fingerprint: 0x9c6c98b4
Variable types: 0 continuous, 650 integer (650 binary)
Coefficient statistics:
  Matrix range     [1e+00, 1e+00]
  Objective range  [3e+00, 1e+03]
  Bounds range     [1e+00, 1e+00]
  RHS range        [1e+00, 1e+00]
Found heuristic solution: objective 29107.931925
Presolve removed 227 rows and 76 columns
Presolve time: 0.01s
Presolved: 828 rows, 574 columns, 3498 nonzeros
Found heuristic solution: objective 32919.974421
Variable types: 0 continuous, 574 integer (574 binary)
Found heuristic solution: objective 34725.047796

Root relaxation: objective 4.526414e+04, 1882 iterations, 0.06 seconds (0.14 work units)

    Nodes    |    Current Node    |     Objective Bounds      |     Work
 Expl Unexpl |  Obj  Depth IntInf | Incumbent    BestBd   Gap | It/Node Time

     0     0 45264.1392    0  391 34725.0478 45264.1392  30.4%     -    0s
H    0     0                    34776.875938 45264.1392  30.2%     -    0s
     0     0 45100.3770    0  395 34776.8759 45100.3770  29.7%     -    0s
     0     0 44713.0289    0  387 34776.8759 44713.0289  28.6%     -    0s
     0     0 44713.0289    0  394 34776.8759 44713.0289  28.6%     -    0s
H    0     0                    37709.348524 44597.4923  18.3%     -    0s
     0     0 44595.8460    0  396 37709.3485 44595.8460  18.3%     -    0s
     0     0 44595.8460    0  396 37709.3485 44595.8460  18.3%     -    0s
H    0     0                    38732.939927 44595.8460  15.1%     -    0s
     0     2 44595.8460    0  396 38732.9399 44595.8460  15.1%     -    0s
H   27    40                    38921.681676 44406.3435  14.1%   388    0s
H   68    80                    39183.393490 44405.9582  13.3%   302    0s
H   72    80                    39197.424111 44405.9582  13.3%   300    0s
H  111   126                    39207.731186 44405.9582  13.3%   287    0s
H  113   126                    39350.477961 44405.9582  12.8%   284    0s
H  130   138                    39391.190818 44405.9582  12.7%   270    0s
H  132   138                    39879.880510 44405.9582  11.3%   272    0s
*  166   165              18    39880.395265 44405.9582  11.3%   255    0s
H  603   412                    39993.856555 44176.1699  10.5%   187    1s
H 1036   644                    40064.715871 43841.6118  9.43%   174    1s
H 2065  1225                    40181.440538 43283.5032  7.72%   171    2s
H 2709  1498                    40208.729363 43270.0775  7.61%   177    3s
H 2711  1428                    40311.285728 43270.0775  7.34%   177    3s
H 2755  1392                    40341.495867 43270.0775  7.26%   179    4s
H 2757  1327                    40423.489798 43270.0775  7.04%   179    4s
H 2779  1281                    40434.220653 43270.0775  7.01%   179    4s
  3032  1399 43270.0775   21  368 40434.2207 43270.0775  7.01%   185    5s
* 3328  1437              27    40469.400209 43270.0775  6.92%   185    5s
* 3859  1494              44    40474.655898 43270.0775  6.91%   182    5s
 12632  5219     cutoff   42      40474.6559 42435.4245  4.84%   160   10s
H16780  6385                    40567.430526 42262.1930  4.18%   154   11s
H18825  6769                    40611.346364 42201.6914  3.92%   153   12s
 26853  8809 41431.1353   26  289 40611.3464 41971.7030  3.35%   146   15s
 44112 11053 40714.3364   34  276 40611.3464 41686.4720  2.65%   137   20s
 51767 11539     cutoff   25      40611.3464 41596.2423  2.43%   135   27s
 63394 11523 41267.0026   24  297 40611.3464 41467.5502  2.11%   132   30s
*75928 10360              37    40697.208745 41338.2420  1.58%   130   33s
 78442  9870 40948.8842   23  211 40697.2087 41309.8451  1.51%   129   35s
 102319   207     cutoff   38      40697.2087 40909.5272  0.52%   123   40s

Cutting planes:
  Gomory: 1
  Cover: 1
  Clique: 19
  Flow cover: 17
  GUB cover: 1
  Zero half: 3

Explored 104666 nodes (12663887 simplex iterations) in 40.32 seconds (82.38 work units)
Thread count was 24 (of 24 available processors)

Solution count 10: 40697.2 40611.3 40567.4 ... 40208.7

Optimal solution found (tolerance 1.00e-04)
Best objective 4.069720874467e+04, best bound 4.069720874467e+04, gap 0.0000%

User-callback calls 213777, time in user-callback 0.13 sec

Gurobi 11.0.3 (linux64) logging started Wed Mar  4 15:49:07 2026

Set parameter LogFile to value "./log/train/CA_650_1000_0.7/CA_4.lp.log"
Set parameter TimeLimit to value 3600
Gurobi Optimizer version 11.0.3 build v11.0.3rc0 (linux64 - "Ubuntu 22.04.5 LTS")

CPU model: AMD Ryzen 9 9900X 12-Core Processor, instruction set [SSE2|AVX|AVX2|AVX512]
Thread count: 12 physical cores, 24 logical processors, using up to 2 threads

Optimize a model with 1055 rows, 650 columns and 3703 nonzeros
Model fingerprint: 0x9c6c98b4
Variable types: 0 continuous, 650 integer (650 binary)
Coefficient statistics:
  Matrix range     [1e+00, 1e+00]
  Objective range  [3e+00, 1e+03]
  Bounds range     [1e+00, 1e+00]
  RHS range        [1e+00, 1e+00]
Found heuristic solution: objective 29107.931925
Presolve removed 227 rows and 76 columns
Presolve time: 0.01s
Presolved: 828 rows, 574 columns, 3498 nonzeros
Found heuristic solution: objective 32919.974421
Variable types: 0 continuous, 574 integer (574 binary)
Found heuristic solution: objective 34725.047796

Root relaxation: objective 4.526414e+04, 1882 iterations, 0.07 seconds (0.14 work units)

    Nodes    |    Current Node    |     Objective Bounds      |     Work
 Expl Unexpl |  Obj  Depth IntInf | Incumbent    BestBd   Gap | It/Node Time

     0     0 45264.1392    0  391 34725.0478 45264.1392  30.4%     -    0s
H    0     0                    34776.875938 45264.1392  30.2%     -    0s
     0     0 45137.6923    0  395 34776.8759 45137.6923  29.8%     -    0s
     0     0 45112.3269    0  387 34776.8759 45112.3269  29.7%     -    0s
     0     0 45111.7952    0  394 34776.8759 45111.7952  29.7%     -    0s
     0     0 45099.0353    0  396 34776.8759 45099.0353  29.7%     -    0s
H    0     0                    37997.107926 45099.0353  18.7%     -    0s
H    0     0                    38351.247040 45099.0353  17.6%     -    0s
     0     0 45098.8441    0  398 38351.2470 45098.8441  17.6%     -    0s
     0     0 45098.8027    0  398 38351.2470 45098.8027  17.6%     -    0s
     0     0 45078.2679    0  402 38351.2470 45078.2679  17.5%     -    0s
     0     0 45077.3304    0  401 38351.2470 45077.3304  17.5%     -    0s
     0     0 45069.8995    0  401 38351.2470 45069.8995  17.5%     -    0s
     0     0 45068.9763    0  406 38351.2470 45068.9763  17.5%     -    0s
     0     0 45065.7397    0  401 38351.2470 45065.7397  17.5%     -    0s
     0     0 45065.7230    0  402 38351.2470 45065.7230  17.5%     -    0s
     0     0 45065.2363    0  404 38351.2470 45065.2363  17.5%     -    0s
     0     0 45065.2363    0  404 38351.2470 45065.2363  17.5%     -    0s
     0     2 45065.2363    0  404 38351.2470 45065.2363  17.5%     -    0s
H   26    30                    38371.628809 44839.2865  16.9%   303    1s
H   27    30                    38439.069333 44839.2865  16.7%   303    1s
H   28    30                    38445.219346 44839.2865  16.6%   296    1s
H   50    55                    39229.677427 44839.2865  14.3%   206    1s
H   56    56                    39299.403582 44839.2865  14.1%   189    1s
H   83    73                    39555.517885 44455.0630  12.4%   193    1s
H  101    90                    39886.850697 44455.0630  11.5%   187    1s
*  105    90              22    39914.161169 44455.0630  11.4%   181    1s
H  365   230                    40017.570870 44154.4830  10.3%   183    2s
   750   459 42077.5787    8  306 40017.5709 43813.5976  9.49%   180    5s
  1254   722 42609.6856   21  308 40017.5709 43608.9966  8.97%   200   10s
H 1725   854                    40452.365175 43608.9966  7.80%   210   14s
H 1765   816                    40611.346364 43608.9966  7.38%   209   14s
  1803   857 42249.4370   20  315 40611.3464 43608.9966  7.38%   209   15s
  2734  1137 40854.4615   37  298 40611.3464 43479.6519  7.06%   202   20s
  3966  1810     cutoff   30      40611.3464 43215.6414  6.41%   191   25s
  5064  2383 42056.6497   22  306 40611.3464 43087.7849  6.10%   185   30s
  6327  3042 41584.8439   27  315 40611.3464 42943.6337  5.74%   180   35s
  7585  3553 41362.1310   20  260 40611.3464 42825.5599  5.45%   176   40s
  9190  4230 41415.4065   27  316 40611.3464 42702.0326  5.15%   171   45s
 10659  4858 41209.6883   30  277 40611.3464 42625.3936  4.96%   168   50s
 12419  5506 42126.8708   24  292 40611.3464 42533.8581  4.73%   165   55s
 14265  6092 41577.6438   30  306 40611.3464 42451.0560  4.53%   163   60s
 14736  6243 41105.8066   33  303 40611.3464 42422.8147  4.46%   162   81s
 15818  6594     cutoff   27      40611.3464 42383.9325  4.36%   161   85s
 17599  7119 41133.4789   23  278 40611.3464 42323.7338  4.22%   160   90s
 19286  7565 41111.4668   21  267 40611.3464 42261.2476  4.06%   158   95s
 21203  8021 41488.9206   22  274 40611.3464 42206.5372  3.93%   157  100s
 22976  8438 41256.4176   25  293 40611.3464 42166.1796  3.83%   156  105s
 24847  8879     cutoff   29      40611.3464 42111.7025  3.69%   155  110s
 26747  9273 40629.7665   24  287 40611.3464 42065.9582  3.58%   154  115s
 28639  9685 40736.6916   31  285 40611.3464 42018.7857  3.47%   153  120s
 30531 10009 41433.4050   26  300 40611.3464 41969.7765  3.34%   152  125s
 32498 10360 41132.9182   21  286 40611.3464 41933.1254  3.25%   151  130s
 34463 10684 41017.9940   29  327 40611.3464 41895.8538  3.16%   150  135s
 36465 10986 40989.3809   25  284 40611.3464 41865.7411  3.09%   149  140s
 38431 11221     cutoff   33      40611.3464 41830.7868  3.00%   148  145s
 40266 11472 41214.0278   22  301 40611.3464 41800.4163  2.93%   147  150s
H42086 11506                    40653.157549 41768.9187  2.74%   147  154s
 42207 11510 40840.4280   28  261 40653.1575 41768.0455  2.74%   147  155s
 43603 11662     cutoff   35      40653.1575 41743.1412  2.68%   146  160s
 45697 11813     cutoff   34      40653.1575 41708.4250  2.60%   145  165s
 47621 11919 41014.1771   35  324 40653.1575 41678.2258  2.52%   145  170s
 49747 11975 40836.7338   27  265 40653.1575 41649.0232  2.45%   144  175s
 51951 12038     cutoff   21      40653.1575 41620.3763  2.38%   144  180s
 54317 12089     cutoff   32      40653.1575 41590.6207  2.31%   143  185s
 56595 12090     cutoff   34      40653.1575 41563.8563  2.24%   142  190s
 59086 12137 40922.6023   24  278 40653.1575 41536.9737  2.17%   142  195s
 62040 12079     cutoff   41      40653.1575 41499.3751  2.08%   141  200s
 65061 11968     cutoff   27      40653.1575 41463.8874  1.99%   140  205s
 67848 11831     cutoff   31      40653.1575 41433.9398  1.92%   139  210s
 70676 11687     cutoff   23      40653.1575 41401.1505  1.84%   139  215s
 73462 11477 40654.8311   30  304 40653.1575 41372.4199  1.77%   138  220s
 76550 11141     cutoff   25      40653.1575 41340.0610  1.69%   137  225s
 79770 10784 40870.2048   24  265 40653.1575 41304.8940  1.60%   137  230s
 82661 10411     cutoff   29      40653.1575 41276.3714  1.53%   136  235s
 85674  9928     cutoff   28      40653.1575 41245.5524  1.46%   135  240s
 88879  9286     cutoff   23      40653.1575 41209.8848  1.37%   135  245s
 91779  8688     cutoff   27      40653.1575 41180.3774  1.30%   134  250s
 95033  7957 40695.7462   23  243 40653.1575 41148.3262  1.22%   133  255s
H96609  7308                    40697.208745 41131.1151  1.07%   133  257s
 98074  6770     cutoff   23      40697.2087 41111.4507  1.02%   133  260s
 101316  5460     cutoff   28      40697.2087 41066.9736  0.91%   132  265s
 104727  3861 40877.0055   25  279 40697.2087 41009.1653  0.77%   131  270s
 108520  1371     cutoff   34      40697.2087 40907.7692  0.52%   130  275s

Cutting planes:
  Clique: 30
  MIR: 2
  Flow cover: 71
  RLT: 4
  BQP: 2

Explored 110420 nodes (14155242 simplex iterations) in 276.16 seconds (839.00 work units)
Thread count was 2 (of 24 available processors)

Solution count 10: 40697.2 40653.2 40611.3 ... 39229.7

Optimal solution found (tolerance 1.00e-04)
Best objective 4.069720874467e+04, best bound 4.069720874467e+04, gap 0.0000%

User-callback calls 234838, time in user-callback 0.16 sec

Gurobi 11.0.3 (linux64) logging started Wed Mar  4 16:14:22 2026

Set parameter LogFile to value "./log/train/CA_650_1000_0.7/CA_4.lp.log"
Set parameter TimeLimit to value 3600
Gurobi Optimizer version 11.0.3 build v11.0.3rc0 (linux64 - "Ubuntu 22.04.5 LTS")

CPU model: AMD Ryzen 9 9900X 12-Core Processor, instruction set [SSE2|AVX|AVX2|AVX512]
Thread count: 12 physical cores, 24 logical processors, using up to 2 threads

Optimize a model with 1055 rows, 650 columns and 3703 nonzeros
Model fingerprint: 0x9c6c98b4
Variable types: 0 continuous, 650 integer (650 binary)
Coefficient statistics:
  Matrix range     [1e+00, 1e+00]
  Objective range  [3e+00, 1e+03]
  Bounds range     [1e+00, 1e+00]
  RHS range        [1e+00, 1e+00]
Found heuristic solution: objective 29107.931925
Presolve removed 227 rows and 76 columns
Presolve time: 0.01s
Presolved: 828 rows, 574 columns, 3498 nonzeros
Found heuristic solution: objective 32919.974421
Variable types: 0 continuous, 574 integer (574 binary)
Found heuristic solution: objective 34725.047796

Root relaxation: objective 4.526414e+04, 1882 iterations, 0.09 seconds (0.14 work units)

    Nodes    |    Current Node    |     Objective Bounds      |     Work
 Expl Unexpl |  Obj  Depth IntInf | Incumbent    BestBd   Gap | It/Node Time

     0     0 45264.1392    0  391 34725.0478 45264.1392  30.4%     -    0s
H    0     0                    34776.875938 45264.1392  30.2%     -    0s
     0     0 45137.6923    0  395 34776.8759 45137.6923  29.8%     -    0s
     0     0 45112.3269    0  387 34776.8759 45112.3269  29.7%     -    0s
     0     0 45111.7952    0  394 34776.8759 45111.7952  29.7%     -    0s
     0     0 45099.0353    0  396 34776.8759 45099.0353  29.7%     -    0s
H    0     0                    37997.107926 45099.0353  18.7%     -    0s
H    0     0                    38351.247040 45099.0353  17.6%     -    0s
     0     0 45098.8441    0  398 38351.2470 45098.8441  17.6%     -    0s
     0     0 45098.8027    0  398 38351.2470 45098.8027  17.6%     -    0s
     0     0 45078.2679    0  402 38351.2470 45078.2679  17.5%     -    0s
     0     0 45077.3304    0  401 38351.2470 45077.3304  17.5%     -    0s
     0     0 45069.8995    0  401 38351.2470 45069.8995  17.5%     -    0s
     0     0 45068.9763    0  406 38351.2470 45068.9763  17.5%     -    0s
     0     0 45065.7397    0  401 38351.2470 45065.7397  17.5%     -    0s
     0     0 45065.7230    0  402 38351.2470 45065.7230  17.5%     -    0s
     0     0 45065.2363    0  404 38351.2470 45065.2363  17.5%     -    0s
     0     0 45065.2363    0  404 38351.2470 45065.2363  17.5%     -    0s
     0     2 45065.2363    0  404 38351.2470 45065.2363  17.5%     -    0s
H   26    30                    38371.628809 44839.2865  16.9%   303    1s
H   27    30                    38439.069333 44839.2865  16.7%   303    1s
H   28    30                    38445.219346 44839.2865  16.6%   296    1s
H   50    55                    39229.677427 44839.2865  14.3%   206    1s
H   56    56                    39299.403582 44839.2865  14.1%   189    1s
H   83    73                    39555.517885 44455.0630  12.4%   193    1s
H  101    90                    39886.850697 44455.0630  11.5%   187    1s
*  105    90              22    39914.161169 44455.0630  11.4%   181    1s
H  365   230                    40017.570870 44154.4830  10.3%   183    2s
   825   499 42527.0638   13  343 40017.5709 43752.7060  9.33%   176    5s
  1366   766 42263.1872   19  304 40017.5709 43608.9966  8.97%   203   10s
H 1725   854                    40452.365175 43608.9966  7.80%   210   13s
H 1765   816                    40611.346364 43608.9966  7.38%   209   13s
  1967   908 41751.7599   27  302 40611.3464 43608.9966  7.38%   209   15s
  3048  1331 41495.6289   23  290 40611.3464 43381.0363  6.82%   199   20s
  4361  2032     cutoff   35      40611.3464 43193.2238  6.36%   189   25s
  5405  2579 42190.1212   24  320 40611.3464 43047.5646  6.00%   184   30s
  6842  3286 41223.4115   29  272 40611.3464 42880.7658  5.59%   179   35s
  8188  3823 40703.6971   30  258 40611.3464 42775.4513  5.33%   174   40s
  9841  4506 41999.7923   23  309 40611.3464 42666.9803  5.06%   169   45s
 11377  5098 40632.8484   32  255 40611.3464 42572.8203  4.83%   167   50s
 13096  5731 41080.1142   24  282 40611.3464 42494.0958  4.64%   164   55s
 14736  6243 41105.8066   33  303 40611.3464 42422.8147  4.46%   162   77s
 15637  6512     cutoff   37      40611.3464 42389.0181  4.38%   161   80s
 17360  7066 41086.9672   25  254 40611.3464 42331.5121  4.24%   160   85s
 19286  7565 41111.4668   21  267 40611.3464 42261.2476  4.06%   158   90s
 21203  8021 41488.9206   22  274 40611.3464 42206.5372  3.93%   157   95s
 22976  8438 41256.4176   25  293 40611.3464 42166.1796  3.83%   156  100s
 25072  8934 41459.5435   21  281 40611.3464 42106.1274  3.68%   154  105s
 26944  9330 40741.7237   36  281 40611.3464 42059.6010  3.57%   153  110s
 28864  9726 41430.3652   30  315 40611.3464 42012.9469  3.45%   152  115s
 30950 10086     cutoff   36      40611.3464 41960.4926  3.32%   151  120s
 32951 10435 40819.8410   35  320 40611.3464 41926.4952  3.24%   150  125s
 35111 10776 41296.7670   29  300 40611.3464 41884.7763  3.14%   149  130s
 37232 11081 40731.1780   29  313 40611.3464 41853.2596  3.06%   148  135s
 39836 11410     cutoff   36      40611.3464 41808.1199  2.95%   148  140s
 41849 11626 41204.5448   19  277 40611.3464 41773.2267  2.86%   147  145s
H42086 11506                    40653.157549 41768.9187  2.74%   147  145s
 43362 11649 40744.0569   34  301 40653.1575 41746.5423  2.69%   146  150s
 45924 11812     cutoff   27      40653.1575 41705.0516  2.59%   145  155s
 48082 11936     cutoff   43      40653.1575 41672.9152  2.51%   145  160s
 50933 12019 41044.9373   23  268 40653.1575 41634.5748  2.41%   144  165s
 53623 12089     cutoff   27      40653.1575 41600.0601  2.33%   143  170s
 56380 12101 41048.6373   30  315 40653.1575 41567.6431  2.25%   142  175s
 59086 12137 40922.6023   24  278 40653.1575 41536.9737  2.17%   142  180s
 61769 12075 40801.5698   24  254 40653.1575 41502.5885  2.09%   141  185s
 64790 11979 40759.0767   25  238 40653.1575 41466.8123  2.00%   140  190s
 67605 11851 40703.9053   36  296 40653.1575 41436.3929  1.93%   140  195s
 70676 11687     cutoff   23      40653.1575 41401.1505  1.84%   139  200s
 73462 11477 40654.8311   30  304 40653.1575 41372.4199  1.77%   138  205s
 76550 11141     cutoff   25      40653.1575 41340.0610  1.69%   137  210s
 79519 10812 40731.7192   27  263 40653.1575 41307.9230  1.61%   137  215s
 82346 10447 40710.5631   33  242 40653.1575 41279.3189  1.54%   136  220s
 85375  9987     cutoff   30      40653.1575 41248.5529  1.46%   135  225s
 88541  9346     cutoff   28      40653.1575 41212.6813  1.38%   135  230s
 91468  8762     cutoff   29      40653.1575 41183.2378  1.30%   134  235s
 94716  8027     cutoff   30      40653.1575 41151.4053  1.23%   133  240s
H96609  7308                    40697.208745 41131.1151  1.07%   133  243s
 97772  6882 40808.5585   25  259 40697.2087 41116.3138  1.03%   133  245s
 100962  5599 40978.3347   27  274 40697.2087 41071.0942  0.92%   132  250s
 104363  3992     cutoff   33      40697.2087 41015.4451  0.78%   131  255s
 108172  1645     cutoff   36      40697.2087 40922.5077  0.55%   130  260s

Cutting planes:
  Clique: 30
  MIR: 2
  Flow cover: 71
  RLT: 4
  BQP: 2

Explored 110420 nodes (14155242 simplex iterations) in 261.66 seconds (839.00 work units)
Thread count was 2 (of 24 available processors)

Solution count 10: 40697.2 40653.2 40611.3 ... 39229.7

Optimal solution found (tolerance 1.00e-04)
Best objective 4.069720874467e+04, best bound 4.069720874467e+04, gap 0.0000%

User-callback calls 234654, time in user-callback 0.15 sec
