
Gurobi 11.0.3 (linux64) logging started Wed Mar  4 15:33:20 2026

Set parameter LogFile to value "./log/train/CA_650_1000_0.7/CA_5.lp.log"
Set parameter TimeLimit to value 3600
Gurobi Optimizer version 11.0.3 build v11.0.3rc0 (linux64 - "Ubuntu 22.04.5 LTS")

CPU model: AMD Ryzen 9 9900X 12-Core Processor, instruction set [SSE2|AVX|AVX2|AVX512]
Thread count: 12 physical cores, 24 logical processors, using up to 24 threads

Optimize a model with 1038 rows, 650 columns and 3606 nonzeros
Model fingerprint: 0x6ff1a24d
Variable types: 0 continuous, 650 integer (650 binary)
Coefficient statistics:
  Matrix range     [1e+00, 1e+00]
  Objective range  [4e+00, 1e+03]
  Bounds range     [1e+00, 1e+00]
  RHS range        [1e+00, 1e+00]
Found heuristic solution: objective 27385.129344
Presolve removed 242 rows and 79 columns
Presolve time: 0.01s
Presolved: 796 rows, 571 columns, 3325 nonzeros
Found heuristic solution: objective 34892.925607
Variable types: 0 continuous, 571 integer (571 binary)
Found heuristic solution: objective 36861.302426

Root relaxation: objective 4.514418e+04, 1881 iterations, 0.06 seconds (0.12 work units)

    Nodes    |    Current Node    |     Objective Bounds      |     Work
 Expl Unexpl |  Obj  Depth IntInf | Incumbent    BestBd   Gap | It/Node Time

     0     0 45144.1840    0  382 36861.3024 45144.1840  22.5%     -    0s
H    0     0                    37009.724725 45144.1840  22.0%     -    0s
H    0     0                    37053.324575 45141.2996  21.8%     -    0s
     0     0 45062.9839    0  387 37053.3246 45062.9839  21.6%     -    0s
     0     0 44992.0709    0  385 37053.3246 44992.0709  21.4%     -    0s
     0     0 44507.9010    0  395 37053.3246 44507.9010  20.1%     -    0s
     0     0 44507.9010    0  393 37053.3246 44507.9010  20.1%     -    0s
H    0     0                    37287.950170 44392.2885  19.1%     -    0s
H    0     0                    39099.553386 44392.2885  13.5%     -    0s
H    0     0                    39870.849232 44392.2885  11.3%     -    0s
     0     0 44392.2885    0  393 39870.8492 44392.2885  11.3%     -    0s
     0     0 44392.2885    0  393 39870.8492 44392.2885  11.3%     -    0s
     0     2 44392.2885    0  393 39870.8492 44392.2885  11.3%     -    0s
H   79    91                    40054.502330 44392.2885  10.8%   316    0s
H  127   139                    40165.499131 44392.2885  10.5%   278    0s
H  128   139                    40291.680049 44392.2885  10.2%   278    0s
H  130   139                    40315.289151 44392.2885  10.1%   275    0s
H  139   139                    40447.170580 44392.2885  9.75%   269    0s
H  187   182                    40490.770429 44392.2885  9.64%   238    0s
  2758  1614 43642.1731   19  353 40490.7704 43642.4121  7.78%   177    5s
 11671  5386 40636.2498   35  262 40490.7704 42942.3280  6.05%   160   10s
 24310 11575 40928.4407   35  275 40490.7704 42583.6186  5.17%   149   15s
 41879 19283 41593.5912   35  291 40490.7704 42340.0808  4.57%   142   20s
 50836 22712 40640.2207   33  236 40490.7704 42256.4857  4.36%   140   27s
 57617 23972     cutoff   31      40490.7704 42202.3208  4.23%   138   30s
 72794 29210     cutoff   39      40490.7704 42104.1730  3.98%   136   35s
 90481 34775 41056.7205   33  280 40490.7704 41997.4099  3.72%   134   40s
*108092 38446              38    40529.597439 41928.7255  3.45%   133   44s
 109648 39423 40728.3465   33  265 40529.5974 41914.8850  3.42%   132   45s
 125967 42870     cutoff   31      40529.5974 41858.3733  3.28%   131   50s
 145888 47238 41129.9319   27  288 40529.5974 41785.8795  3.10%   129   55s
 166419 51111     cutoff   33      40529.5974 41724.8200  2.95%   128   60s
 187103 54451     cutoff   25      40529.5974 41671.6081  2.82%   127   65s
*194388 54905              33    40546.855131 41651.7569  2.72%   126   66s
 207303 57089 40592.3999   30  264 40546.8551 41619.2783  2.64%   126   70s
 227534 59662 41106.4821   28  284 40546.8551 41576.3383  2.54%   125   75s
 250565 62107 40886.5719   29  272 40546.8551 41527.0820  2.42%   123   80s
 266488 63437 40672.8188   30  236 40546.8551 41497.0152  2.34%   123   85s
*269626 57824              35    40782.421347 41492.5242  1.74%   123   86s
 286757 56563 40789.1992   32  262 40782.4213 41447.5307  1.63%   122   90s
 307952 54514 41174.0834   35  272 40782.4213 41393.7509  1.50%   121   95s
 329030 51625     cutoff   25      40782.4213 41342.2715  1.37%   120  100s
 350336 47817 40849.6444   33  239 40782.4213 41289.2217  1.24%   119  105s
 374631 42200 40912.2530   36  284 40782.4213 41228.5399  1.09%   118  110s
 396355 35447     cutoff   24      40782.4213 41166.4056  0.94%   117  115s
 419388 25657     cutoff   33      40782.4213 41087.3302  0.75%   116  120s
*436008 15191              33    40815.384129 41014.6776  0.49%   115  123s

Cutting planes:
  Gomory: 1
  Clique: 25
  Flow cover: 16
  Zero half: 2
  RLT: 2

Explored 454194 nodes (50775659 simplex iterations) in 124.77 seconds (246.90 work units)
Thread count was 24 (of 24 available processors)

Solution count 10: 40815.4 40782.4 40546.9 ... 40054.5

Optimal solution found (tolerance 1.00e-04)
Best objective 4.081538412852e+04, best bound 4.081538412852e+04, gap 0.0000%

User-callback calls 915954, time in user-callback 0.53 sec

Gurobi 11.0.3 (linux64) logging started Wed Mar  4 15:49:07 2026

Set parameter LogFile to value "./log/train/CA_650_1000_0.7/CA_5.lp.log"
Set parameter TimeLimit to value 3600
Gurobi Optimizer version 11.0.3 build v11.0.3rc0 (linux64 - "Ubuntu 22.04.5 LTS")

CPU model: AMD Ryzen 9 9900X 12-Core Processor, instruction set [SSE2|AVX|AVX2|AVX512]
Thread count: 12 physical cores, 24 logical processors, using up to 2 threads

Optimize a model with 1038 rows, 650 columns and 3606 nonzeros
Model fingerprint: 0x6ff1a24d
Variable types: 0 continuous, 650 integer (650 binary)
Coefficient statistics:
  Matrix range     [1e+00, 1e+00]
  Objective range  [4e+00, 1e+03]
  Bounds range     [1e+00, 1e+00]
  RHS range        [1e+00, 1e+00]
Found heuristic solution: objective 27385.129344
Presolve removed 242 rows and 79 columns
Presolve time: 0.01s
Presolved: 796 rows, 571 columns, 3325 nonzeros
Found heuristic solution: objective 34892.925607
Variable types: 0 continuous, 571 integer (571 binary)
Found heuristic solution: objective 36861.302426

Root relaxation: objective 4.514418e+04, 1881 iterations, 0.06 seconds (0.12 work units)

    Nodes    |    Current Node    |     Objective Bounds      |     Work
 Expl Unexpl |  Obj  Depth IntInf | Incumbent    BestBd   Gap | It/Node Time

     0     0 45144.1840    0  382 36861.3024 45144.1840  22.5%     -    0s
H    0     0                    37009.724725 45144.1840  22.0%     -    0s
     0     0 45062.9839    0  387 37009.7247 45062.9839  21.8%     -    0s
     0     0 45006.6925    0  385 37009.7247 45006.6925  21.6%     -    0s
     0     0 44996.2721    0  398 37009.7247 44996.2721  21.6%     -    0s
     0     0 44995.5656    0  398 37009.7247 44995.5656  21.6%     -    0s
     0     0 44994.9241    0  399 37009.7247 44994.9241  21.6%     -    0s
     0     0 44993.7618    0  401 37009.7247 44993.7618  21.6%     -    0s
H    0     0                    37729.038598 44993.7618  19.3%     -    0s
     0     0 44993.6830    0  399 37729.0386 44993.6830  19.3%     -    0s
     0     0 44992.7232    0  396 37729.0386 44992.7232  19.3%     -    0s
     0     0 44992.7232    0  396 37729.0386 44992.7232  19.3%     -    0s
H    0     0                    38305.441807 44992.7232  17.5%     -    0s
     0     2 44992.7232    0  396 38305.4418 44992.7232  17.5%     -    0s
H   54    56                    39201.977588 44945.9183  14.7%   234    1s
H   55    57                    39214.945653 44945.9183  14.6%   231    1s
H   71    66                    39528.439756 44945.9183  13.7%   200    1s
H  286   173                    39942.793317 44316.6280  11.0%   178    2s
H  372   229                    39996.812891 44250.5306  10.6%   176    2s
H  411   236                    40225.821963 44147.1081  9.75%   171    2s
H  812   471                    40456.051832 43955.0827  8.65%   170    4s
   956   550 43097.2618    8  355 40456.0518 43839.7311  8.36%   169    5s
  1381   784 40656.9164   49  279 40456.0518 43839.7311  8.36%   201   10s
  2019  1126 43662.1499   24  343 40456.0518 43839.7311  8.36%   206   15s
  3244  1767 42176.1381   31  329 40456.0518 43730.2822  8.09%   190   20s
  4552  2600 41988.8281   24  281 40456.0518 43540.2276  7.62%   179   25s
  6049  3585     cutoff   32      40456.0518 43402.3846  7.28%   170   30s
  7539  4392 42130.3139   30  302 40456.0518 43283.9905  6.99%   166   35s
  9034  5148 41116.8558   26  273 40456.0518 43192.6188  6.76%   162   40s
 10678  6112 42223.9509   21  274 40456.0518 43103.1973  6.54%   160   45s
 12510  7117 41752.8219   25  288 40456.0518 43042.5080  6.39%   156   50s
 14393  8030 40671.9634   35  278 40456.0518 42969.2172  6.21%   154   55s
 14653  8031 41332.1639   29  396 40456.0518 42957.2863  6.18%   153   74s
 14661  8036 42188.1924   34  431 40456.0518 42957.2863  6.18%   153   75s
 14805  8115 42430.3843   28  288 40456.0518 42957.2863  6.18%   155   80s
 15290  8307 42162.0207   36  317 40456.0518 42957.2863  6.18%   157   85s
 15866  8548 40517.3542   50  286 40456.0518 42957.2863  6.18%   158   90s
 16897  8931 42467.6248   31  304 40456.0518 42957.2863  6.18%   158   95s
 18061  9279 41728.7016   39  309 40456.0518 42957.2863  6.18%   158  100s
 19596  9712 41974.4284   31  298 40456.0518 42957.2863  6.18%   158  105s
 20829  9968 41659.8159   41  294 40456.0518 42957.2863  6.18%   157  110s
 22722 10274 42430.6788   30  294 40456.0518 42957.2863  6.18%   156  115s
 24273 10557 41228.6727   41  283 40456.0518 42932.3800  6.12%   156  120s
 26378 10931 42575.4071   33  318 40456.0518 42861.1979  5.95%   155  125s
 28279 11280 42226.4172   36  306 40456.0518 42810.4718  5.82%   153  130s
 30153 11593 40751.3442   48  295 40456.0518 42750.5138  5.67%   153  135s
 32214 11887 40663.1770   37  251 40456.0518 42688.5214  5.52%   152  140s
 34129 12110 40588.0444   38  244 40456.0518 42653.5419  5.43%   151  145s
 35917 12380 41433.0240   39  288 40456.0518 42618.0483  5.34%   150  150s
 38108 12583 41714.3773   38  311 40456.0518 42575.3035  5.24%   150  155s
 40004 13152 41386.2847   37  291 40456.0518 42548.3525  5.17%   149  160s
 42113 14085 41828.4140   29  285 40456.0518 42514.6731  5.09%   148  165s
 44128 14933 41172.6966   47  286 40456.0518 42489.5287  5.03%   148  170s
 46178 15722 40836.0796   39  256 40456.0518 42465.6466  4.97%   147  175s
 48619 16683 41696.7413   38  318 40456.0518 42435.5966  4.89%   146  180s
 50786 17530 40580.1260   47  272 40456.0518 42408.1283  4.83%   146  185s
 53229 18497 40742.6854   48  289 40456.0518 42384.2044  4.77%   145  190s
 55659 19450     cutoff   53      40456.0518 42362.8470  4.71%   144  195s
 58503 20579 41777.6480   37  267 40456.0518 42335.7990  4.65%   144  200s
 61240 21652 41097.0946   50  302 40456.0518 42311.3206  4.59%   143  205s
 64071 22583 41926.3302   42  301 40456.0518 42286.2395  4.52%   142  210s
 66650 23631 41002.3935   40  247 40456.0518 42264.8638  4.47%   142  215s
 69532 24628 41188.3406   37  264 40456.0518 42240.4548  4.41%   141  220s
 72855 25756 40493.8625   39  278 40456.0518 42220.1085  4.36%   140  225s
 75733 26783 40729.0749   37  257 40456.0518 42200.9092  4.31%   140  230s
*76419 24805              53    40782.421347 42195.1284  3.46%   140  231s
 78522 25247     cutoff   40      40782.4213 42179.1431  3.42%   139  235s
 81395 25864     cutoff   46      40782.4213 42155.9379  3.37%   139  240s
 84283 26471 41316.3291   40  250 40782.4213 42131.4268  3.31%   139  245s
 87324 27106     cutoff   37      40782.4213 42111.4204  3.26%   138  250s
 90235 27709     cutoff   44      40782.4213 42092.3033  3.21%   138  255s
 93537 28300 41141.9373   45  295 40782.4213 42071.5222  3.16%   137  260s
 96629 28879 41320.5811   38  285 40782.4213 42052.9547  3.12%   137  265s
 99606 29319 40860.3402   35  252 40782.4213 42035.5256  3.07%   137  270s
 102622 29815     cutoff   48      40782.4213 42017.1958  3.03%   136  275s
 105711 30315 41918.6564   40  280 40782.4213 42001.1096  2.99%   136  280s
 108864 30797 41106.6268   52  302 40782.4213 41983.8466  2.95%   136  285s
 111910 31260     cutoff   46      40782.4213 41969.1499  2.91%   135  290s
 115162 31737     cutoff   40      40782.4213 41951.7537  2.87%   135  295s
 118328 32148 41105.7806   45  262 40782.4213 41936.8773  2.83%   134  300s
 121505 32577     cutoff   52      40782.4213 41920.7820  2.79%   134  305s
 124629 33016 41051.5756   43  303 40782.4213 41905.8795  2.75%   134  310s
 127749 33358 40907.9135   49  286 40782.4213 41892.1109  2.72%   133  315s
 130598 33643 41142.5505   34  286 40782.4213 41879.8619  2.69%   133  320s
 133085 33905 41415.0956   40  270 40782.4213 41870.5293  2.67%   133  325s
 135812 34222 40809.5253   45  277 40782.4213 41859.1167  2.64%   133  330s
 138896 34515     cutoff   43      40782.4213 41847.0145  2.61%   132  335s
 141827 34802 40977.9129   35  262 40782.4213 41836.0651  2.58%   132  340s
 144662 35056 41406.9124   46  288 40782.4213 41822.8641  2.55%   132  345s
 147631 35311 41525.4148   39  292 40782.4213 41811.8785  2.52%   132  350s
 150610 35552 40975.6219   39  266 40782.4213 41801.3379  2.50%   131  355s
 153153 35720     cutoff   36      40782.4213 41792.0667  2.48%   131  360s
 155893 35872     cutoff   42      40782.4213 41780.9483  2.45%   131  365s
 158895 36094 41464.5380   35  264 40782.4213 41767.6039  2.42%   131  370s
 161899 36285 40851.3745   42  270 40782.4213 41757.2302  2.39%   130  375s
 164752 36452 40803.7271   40  291 40782.4213 41747.5461  2.37%   130  380s
 167567 36650     cutoff   50      40782.4213 41738.5493  2.34%   130  385s
 170685 36836 41419.9271   36  315 40782.4213 41727.8890  2.32%   130  390s
 173667 36933 41012.9847   45  263 40782.4213 41717.1871  2.29%   129  395s
 176291 37017 41051.2720   40  267 40782.4213 41708.9818  2.27%   129  400s
 179386 37131     cutoff   48      40782.4213 41699.3871  2.25%   129  405s
 182613 37242     cutoff   34      40782.4213 41689.5044  2.22%   129  410s
 185465 37319 41096.8213   48  268 40782.4213 41679.6101  2.20%   128  415s
 187994 37388 40931.6573   37  243 40782.4213 41671.4768  2.18%   128  420s
 190908 37476     cutoff   38      40782.4213 41662.2976  2.16%   128  425s
 194264 37593     cutoff   46      40782.4213 41652.1894  2.13%   128  430s
 197668 37620 41078.2532   38  258 40782.4213 41640.9902  2.11%   128  435s
 201049 37671 41205.9276   41  292 40782.4213 41630.6672  2.08%   127  440s
 204700 37716     cutoff   41      40782.4213 41620.4330  2.05%   127  445s
 208395 37717     cutoff   48      40782.4213 41608.2390  2.02%   127  450s
 211783 37711     cutoff   46      40782.4213 41598.9749  2.00%   127  455s
 215204 37704     cutoff   58      40782.4213 41589.2880  1.98%   126  460s
 218626 37667 41190.0832   48  336 40782.4213 41579.7429  1.96%   126  465s
 221977 37627 41190.7173   53  333 40782.4213 41570.4311  1.93%   126  470s
 225558 37591 40949.5804   34  278 40782.4213 41561.0677  1.91%   126  475s
 228822 37491 40818.7030   52  289 40782.4213 41551.3566  1.89%   125  480s
 232220 37397     cutoff   42      40782.4213 41542.1362  1.86%   125  485s
 235924 37289     cutoff   53      40782.4213 41533.0428  1.84%   125  490s
 239423 37135 41048.9463   47  298 40782.4213 41523.4967  1.82%   125  495s
 243000 36986     cutoff   38      40782.4213 41513.4378  1.79%   125  500s
 246704 36783     cutoff   54      40782.4213 41503.9256  1.77%   124  505s
 250174 36612     cutoff   40      40782.4213 41494.4334  1.75%   124  510s
 253875 36397     cutoff   37      40782.4213 41484.9140  1.72%   124  515s
 257227 36190 41154.5085   39  271 40782.4213 41476.1678  1.70%   124  520s
 260603 35967     cutoff   44      40782.4213 41466.9549  1.68%   124  525s
 264362 35729 41194.6476   44  272 40782.4213 41457.6664  1.66%   123  530s
 268045 35412     cutoff   48      40782.4213 41448.5767  1.63%   123  535s
 271770 35124     cutoff   46      40782.4213 41439.9585  1.61%   123  540s
 275089 34824     cutoff   44      40782.4213 41431.6295  1.59%   123  545s
 279115 34464 40943.6047   45  293 40782.4213 41422.1638  1.57%   123  550s
 282534 34098 40796.9050   47  287 40782.4213 41413.2986  1.55%   122  555s
 286407 33720 41026.3244   46  324 40782.4213 41403.5390  1.52%   122  560s
 290102 33273 40941.8499   46  275 40782.4213 41394.0137  1.50%   122  565s
 294037 32845     cutoff   49      40782.4213 41384.8409  1.48%   122  570s
 297733 32428     cutoff   47      40782.4213 41375.4161  1.45%   121  575s
 301691 31916     cutoff   41      40782.4213 41365.3307  1.43%   121  580s
 305524 31421     cutoff   44      40782.4213 41356.3174  1.41%   121  585s
 308976 30930 40815.6957   47  255 40782.4213 41347.8141  1.39%   121  590s
 313025 30408 41063.8033   47  289 40782.4213 41338.1439  1.36%   121  595s
 316851 29813 40915.7515   50  298 40782.4213 41328.3383  1.34%   120  600s
 320363 29262 40793.7524   42  287 40782.4213 41319.8612  1.32%   120  605s
 324364 28634     cutoff   44      40782.4213 41309.1103  1.29%   120  610s
*325847 27535              40    40815.384129 41305.6395  1.20%   120  612s
 327907 27047     cutoff   46      40815.3841 41299.3196  1.19%   120  615s
 331636 26246 41208.4329   45  288 40815.3841 41288.0045  1.16%   120  620s
 335381 25369     cutoff   44      40815.3841 41276.5367  1.13%   119  625s
 339440 24352 41159.6352   36  278 40815.3841 41264.0944  1.10%   119  630s
 342854 23462 41012.5320   48  289 40815.3841 41253.3258  1.07%   119  635s
 346917 22371     cutoff   35      40815.3841 41240.2734  1.04%   119  640s
 351026 21137     cutoff   48      40815.3841 41226.0386  1.01%   119  645s
 354581 20015     cutoff   37      40815.3841 41212.2106  0.97%   118  650s
 358583 18695     cutoff   50      40815.3841 41197.0116  0.94%   118  655s
 362453 17287 40845.3219   47  284 40815.3841 41181.3477  0.90%   118  660s
 366606 15730     cutoff   46      40815.3841 41163.2510  0.85%   118  665s
 370591 14106     cutoff   42      40815.3841 41143.0149  0.80%   117  670s
 374840 12231 40962.5655   38  255 40815.3841 41120.1521  0.75%   117  675s
 379342  9968     cutoff   44      40815.3841 41088.5443  0.67%   117  680s
 384038  7299     cutoff   45      40815.3841 41043.7237  0.56%   116  685s
 389391  3654     cutoff   43      40815.3841 40957.8627  0.35%   116  690s

Cutting planes:
  Gomory: 3
  Clique: 24
  Flow cover: 20
  Zero half: 3

Explored 393823 nodes (45206943 simplex iterations) in 692.03 seconds (2469.59 work units)
Thread count was 2 (of 24 available processors)

Solution count 10: 40815.4 40782.4 40456.1 ... 38305.4

Optimal solution found (tolerance 1.00e-04)
Best objective 4.081538412852e+04, best bound 4.081779483487e+04, gap 0.0059%

User-callback calls 814495, time in user-callback 0.45 sec

Gurobi 11.0.3 (linux64) logging started Wed Mar  4 16:14:22 2026

Set parameter LogFile to value "./log/train/CA_650_1000_0.7/CA_5.lp.log"
Set parameter TimeLimit to value 3600
Gurobi Optimizer version 11.0.3 build v11.0.3rc0 (linux64 - "Ubuntu 22.04.5 LTS")

CPU model: AMD Ryzen 9 9900X 12-Core Processor, instruction set [SSE2|AVX|AVX2|AVX512]
Thread count: 12 physical cores, 24 logical processors, using up to 2 threads

Optimize a model with 1038 rows, 650 columns and 3606 nonzeros
Model fingerprint: 0x6ff1a24d
Variable types: 0 continuous, 650 integer (650 binary)
Coefficient statistics:
  Matrix range     [1e+00, 1e+00]
  Objective range  [4e+00, 1e+03]
  Bounds range     [1e+00, 1e+00]
  RHS range        [1e+00, 1e+00]
Found heuristic solution: objective 27385.129344
Presolve removed 242 rows and 79 columns
Presolve time: 0.01s
Presolved: 796 rows, 571 columns, 3325 nonzeros
Found heuristic solution: objective 34892.925607
Variable types: 0 continuous, 571 integer (571 binary)
Found heuristic solution: objective 36861.302426

Root relaxation: objective 4.514418e+04, 1881 iterations, 0.08 seconds (0.12 work units)

    Nodes    |    Current Node    |     Objective Bounds      |     Work
 Expl Unexpl |  Obj  Depth IntInf | Incumbent    BestBd   Gap | It/Node Time

     0     0 45144.1840    0  382 36861.3024 45144.1840  22.5%     -    0s
H    0     0                    37009.724725 45144.1840  22.0%     -    0s
     0     0 45062.9839    0  387 37009.7247 45062.9839  21.8%     -    0s
     0     0 45006.6925    0  385 37009.7247 45006.6925  21.6%     -    0s
     0     0 44996.2721    0  398 37009.7247 44996.2721  21.6%     -    0s
     0     0 44995.5656    0  398 37009.7247 44995.5656  21.6%     -    0s
     0     0 44994.9241    0  399 37009.7247 44994.9241  21.6%     -    0s
     0     0 44993.7618    0  401 37009.7247 44993.7618  21.6%     -    0s
H    0     0                    37729.038598 44993.7618  19.3%     -    0s
     0     0 44993.6830    0  399 37729.0386 44993.6830  19.3%     -    0s
     0     0 44992.7232    0  396 37729.0386 44992.7232  19.3%     -    0s
     0     0 44992.7232    0  396 37729.0386 44992.7232  19.3%     -    0s
H    0     0                    38305.441807 44992.7232  17.5%     -    0s
     0     2 44992.7232    0  396 38305.4418 44992.7232  17.5%     -    0s
H   54    56                    39201.977588 44945.9183  14.7%   234    0s
H   55    57                    39214.945653 44945.9183  14.6%   231    0s
H   71    66                    39528.439756 44945.9183  13.7%   200    0s
H  286   173                    39942.793317 44316.6280  11.0%   178    1s
H  372   229                    39996.812891 44250.5306  10.6%   176    2s
H  411   236                    40225.821963 44147.1081  9.75%   171    2s
H  812   471                    40456.051832 43955.0827  8.65%   170    4s
   956   550 43097.2618    8  355 40456.0518 43839.7311  8.36%   169    5s
  1381   784 40656.9164   49  279 40456.0518 43839.7311  8.36%   201   10s
  2098  1164 42412.2335   32  328 40456.0518 43839.7311  8.36%   205   15s
  3244  1767 42176.1381   31  329 40456.0518 43730.2822  8.09%   190   20s
  4552  2600 41988.8281   24  281 40456.0518 43540.2276  7.62%   179   25s
  5785  3429 41285.5210   33  308 40456.0518 43416.8970  7.32%   171   30s
  7275  4255 41241.5983   34  304 40456.0518 43309.7848  7.05%   167   35s
  8786  5043 40739.2270   27  253 40456.0518 43202.2476  6.79%   163   40s
 10205  5890 40837.9343   39  296 40456.0518 43127.2580  6.60%   160   45s
 12286  6995 42297.7531   28  307 40456.0518 43046.5937  6.40%   157   50s
 13916  7824     cutoff   34      40456.0518 42984.4657  6.25%   155   55s
 14653  8031 41332.1639   29  396 40456.0518 42957.2863  6.18%   153   73s
 14667  8040 41004.1834   31  432 40456.0518 42957.2863  6.18%   153   75s
 15116  8221 42768.3090   34  319 40456.0518 42957.2863  6.18%   156   80s
 15705  8501     cutoff   42      40456.0518 42957.2863  6.18%   158   85s
 16728  8896 42928.4390   28  324 40456.0518 42957.2863  6.18%   158   90s
 18061  9279 41728.7016   39  309 40456.0518 42957.2863  6.18%   158   95s
 19893  9754 41820.4935   39  318 40456.0518 42957.2863  6.18%   157  100s
 21118 10028 42191.5900   37  311 40456.0518 42957.2863  6.18%   157  105s
 23097 10383 40642.8593   43  258 40456.0518 42957.2863  6.18%   156  110s
 24931 10655 40514.2148   40  271 40456.0518 42904.9568  6.05%   155  115s
 26956 11085 42403.1234   40  313 40456.0518 42840.9943  5.90%   154  120s
 28890 11369 41416.1919   51  314 40456.0518 42788.9668  5.77%   153  125s
 30998 11687 41205.7256   38  283 40456.0518 42725.9333  5.61%   152  130s
 33112 11969 40625.9585   39  274 40456.0518 42671.9370  5.48%   151  135s
 35304 12259 40668.0825   55  295 40456.0518 42629.0197  5.37%   151  140s
 37276 12508 40500.7704   56  294 40456.0518 42591.7817  5.28%   150  145s
 39391 12898 41192.6336   38  304 40456.0518 42557.3563  5.19%   149  150s
 41901 14002 41735.8577   37  295 40456.0518 42517.9816  5.10%   149  155s
 44128 14933 41172.6966   47  286 40456.0518 42489.5287  5.03%   148  160s
 46661 15896 41056.3608   48  286 40456.0518 42460.4351  4.95%   147  165s
 49252 16921 40852.8467   45  290 40456.0518 42424.6829  4.87%   146  170s
 52153 18048 41458.2656   40  255 40456.0518 42396.1801  4.80%   145  175s
 54740 19093 41558.7382   39  303 40456.0518 42370.7665  4.73%   145  180s
 57679 20215 41367.9060   35  274 40456.0518 42343.0825  4.66%   144  185s
 60323 21322 41320.8686   30  290 40456.0518 42319.6870  4.61%   143  190s
 63352 22414 40456.4371   46  265 40456.0518 42293.1943  4.54%   143  195s
 65653 23286 41190.1652   40  286 40456.0518 42273.9890  4.49%   142  200s
 68838 24382 41203.7921   42  270 40456.0518 42247.1250  4.43%   141  205s
 71944 25436     cutoff   53      40456.0518 42226.6453  4.38%   141  210s
 74705 26422     cutoff   48      40456.0518 42207.5429  4.33%   140  215s
*76419 24805              53    40782.421347 42195.1284  3.46%   140  217s
 77582 25035 41157.7627   43  280 40782.4213 42187.3743  3.44%   139  220s
 80410 25636 41112.5874   38  273 40782.4213 42163.5161  3.39%   139  225s
 83252 26267     cutoff   47      40782.4213 42139.5633  3.33%   139  230s
 86333 26906 41930.5123   33  313 40782.4213 42118.2829  3.28%   138  235s
 89260 27480 41096.3614   35  288 40782.4213 42098.0180  3.23%   138  240s
 92224 28045 41281.8449   40  304 40782.4213 42079.2462  3.18%   138  245s
 95344 28639 41858.8080   39  301 40782.4213 42061.2325  3.14%   137  250s
 98721 29189 40874.1245   40  233 40782.4213 42041.2532  3.09%   137  255s
 101626 29678 40913.0597   37  283 40782.4213 42023.6715  3.04%   136  260s
 104662 30129 41398.1967   36  285 40782.4213 42005.5261  3.00%   136  265s
 107844 30629 41354.8938   40  250 40782.4213 41989.6472  2.96%   136  270s
 110871 31108 41575.4921   36  296 40782.4213 41973.1835  2.92%   135  275s
 113846 31520 40833.7349   41  258 40782.4213 41959.5157  2.89%   135  280s
 117181 32008     cutoff   38      40782.4213 41942.0497  2.84%   135  285s
 120312 32418     cutoff   39      40782.4213 41926.0101  2.80%   134  290s
 123528 32873 40911.9558   46  291 40782.4213 41911.7675  2.77%   134  295s
 126869 33274 40880.7821   51  290 40782.4213 41895.6746  2.73%   134  300s
 129996 33585 41063.7151   35  268 40782.4213 41882.3144  2.70%   133  305s
 133085 33905 41415.0956   40  270 40782.4213 41870.5293  2.67%   133  310s
 136121 34237 41265.8354   36  273 40782.4213 41857.3979  2.64%   133  315s
 139526 34585 41105.3553   39  288 40782.4213 41845.4095  2.61%   132  320s
 142975 34909     cutoff   41      40782.4213 41830.5465  2.57%   132  325s
 146073 35180 41016.4459   36  272 40782.4213 41817.4028  2.54%   132  330s
 149458 35459 40868.1424   47  232 40782.4213 41805.3001  2.51%   131  335s
 152514 35679 41024.1509   38  273 40782.4213 41794.1458  2.48%   131  340s
 155416 35826 40868.7802   44  266 40782.4213 41782.8762  2.45%   131  345s
 158275 36042 40802.3210   36  268 40782.4213 41769.7154  2.42%   131  350s
 161315 36234     cutoff   37      40782.4213 41759.6868  2.40%   130  355s
 164088 36430 40817.1240   52  284 40782.4213 41750.2450  2.37%   130  360s
 167274 36619 41060.5886   44  269 40782.4213 41739.3128  2.35%   130  365s
 170385 36816 40804.7062   48  290 40782.4213 41728.9891  2.32%   130  370s
 173032 36917 41197.3891   34  272 40782.4213 41719.2468  2.30%   129  375s
 175987 37003     cutoff   44      40782.4213 41710.2950  2.28%   129  380s
 179059 37124     cutoff   46      40782.4213 41700.2058  2.25%   129  385s
 182085 37216 41035.5997   49  319 40782.4213 41690.9334  2.23%   129  390s
 184799 37312     cutoff   41      40782.4213 41682.0082  2.21%   128  395s
 187362 37391 40924.5103   40  274 40782.4213 41674.0024  2.19%   128  400s
 190605 37469 41014.8993   41  253 40782.4213 41663.5433  2.16%   128  405s
 193334 37566     cutoff   48      40782.4213 41655.4419  2.14%   128  410s
 196427 37606 41232.7627   35  267 40782.4213 41645.0496  2.12%   128  415s
 199558 37652 41122.9763   40  290 40782.4213 41635.2581  2.09%   127  420s
 202586 37688 41145.2688   47  292 40782.4213 41626.4008  2.07%   127  425s
 205605 37714 41163.8929   38  266 40782.4213 41617.8044  2.05%   127  430s
 208686 37725 40879.3573   40  270 40782.4213 41607.2862  2.02%   127  435s
 211499 37718 40898.9139   45  271 40782.4213 41599.7091  2.00%   127  440s
 214535 37712 40793.4099   48  284 40782.4213 41590.6472  1.98%   126  445s
 217707 37673     cutoff   53      40782.4213 41582.0604  1.96%   126  450s
 220460 37642     cutoff   45      40782.4213 41574.5628  1.94%   126  455s
 223691 37612     cutoff   51      40782.4213 41565.7744  1.92%   126  460s
 226312 37570 40973.3229   40  293 40782.4213 41559.2665  1.90%   126  465s
 229425 37464 40880.6467   49  287 40782.4213 41549.6426  1.88%   125  470s
 232547 37373     cutoff   43      40782.4213 41541.4030  1.86%   125  475s
 235616 37294 41162.2125   48  284 40782.4213 41533.9506  1.84%   125  480s
 238816 37160     cutoff   39      40782.4213 41525.1159  1.82%   125  485s
 242088 37017 41036.3788   44  283 40782.4213 41516.2791  1.80%   125  490s
 245765 36827 41015.0199   46  275 40782.4213 41506.3723  1.78%   124  495s
 249230 36655     cutoff   46      40782.4213 41497.2701  1.75%   124  500s
 252957 36479     cutoff   57      40782.4213 41487.3379  1.73%   124  505s
 256472 36244 40968.0244   44  316 40782.4213 41478.4569  1.71%   124  510s
 259977 36004 40961.3864   47  292 40782.4213 41468.3136  1.68%   124  515s
 263772 35758 40886.6650   47  272 40782.4213 41458.9997  1.66%   123  520s
 267414 35466     cutoff   41      40782.4213 41450.2749  1.64%   123  525s
 271154 35153 41039.8653   48  270 40782.4213 41441.3851  1.62%   123  530s
 274469 34888 40827.5537   46  277 40782.4213 41433.1460  1.60%   123  535s
 278527 34500     cutoff   45      40782.4213 41423.6536  1.57%   123  540s
 281934 34172     cutoff   39      40782.4213 41414.9140  1.55%   122  545s
 285799 33794 41201.9089   44  288 40782.4213 41405.2697  1.53%   122  550s
 289460 33356 41023.7225   49  277 40782.4213 41395.6390  1.50%   122  555s
 293457 32919     cutoff   53      40782.4213 41385.8160  1.48%   122  560s
 297144 32503     cutoff   43      40782.4213 41376.9882  1.46%   121  565s
 301057 32001 40804.5719   46  277 40782.4213 41366.7196  1.43%   121  570s
 304615 31546 40885.1075   37  287 40782.4213 41358.3397  1.41%   121  575s
 308357 31025 41182.7986   47  291 40782.4213 41349.2452  1.39%   121  580s
 312423 30486 40916.7737   43  292 40782.4213 41339.4912  1.37%   121  585s
 315945 29961     cutoff   40      40782.4213 41330.7442  1.34%   120  590s
 319737 29352     cutoff   45      40782.4213 41321.0634  1.32%   120  595s
 323446 28769     cutoff   49      40782.4213 41311.7881  1.30%   120  600s
*325847 27535              40    40815.384129 41305.6395  1.20%   120  603s
 326380 27405 41018.2104   45  235 40815.3841 41303.7451  1.20%   120  605s
 329780 26666     cutoff   50      40815.3841 41293.5127  1.17%   120  610s
 333230 25887 40818.1716   47  256 40815.3841 41283.3869  1.15%   120  615s
 336652 25070 40815.3883   42  265 40815.3841 41272.9652  1.12%   119  620s
 340093 24183 40820.2765   38  262 40815.3841 41262.1402  1.09%   119  625s
 343167 23377 40926.3051   46  271 40815.3841 41252.5010  1.07%   119  630s
 346611 22461     cutoff   43      40815.3841 41241.3204  1.04%   119  635s
 350400 21340 40857.4195   38  264 40815.3841 41228.2115  1.01%   119  640s
 353597 20316     cutoff   39      40815.3841 41216.5180  0.98%   118  645s
 356899 19246     cutoff   51      40815.3841 41203.5943  0.95%   118  650s
 360355 18067     cutoff   46      40815.3841 41189.8659  0.92%   118  655s
 363976 16746 41117.4380   49  311 40815.3841 41175.0969  0.88%   118  660s
 367375 15423     cutoff   38      40815.3841 41159.1570  0.84%   118  665s
 370978 13932     cutoff   51      40815.3841 41141.0396  0.80%   117  670s
 374840 12231 40962.5655   38  255 40815.3841 41120.1521  0.75%   117  675s
 378403 10466     cutoff   48      40815.3841 41096.3439  0.69%   117  680s
 382154  8442     cutoff   37      40815.3841 41064.3976  0.61%   117  685s
 386186  5960     cutoff   42      40815.3841 41016.7725  0.49%   116  690s
 393146    62     cutoff   52      40815.3841 40842.9709  0.07%   115  695s

Cutting planes:
  Gomory: 3
  Clique: 24
  Flow cover: 20
  Zero half: 3

Explored 393823 nodes (45206943 simplex iterations) in 695.12 seconds (2469.59 work units)
Thread count was 2 (of 24 available processors)

Solution count 10: 40815.4 40782.4 40456.1 ... 38305.4

Optimal solution found (tolerance 1.00e-04)
Best objective 4.081538412852e+04, best bound 4.081779483487e+04, gap 0.0059%

User-callback calls 814709, time in user-callback 0.45 sec
