
Gurobi 11.0.3 (linux64) logging started Mon Dec 15 14:41:45 2025

Set parameter LogFile to value "./log/train/IS_900_6/IS_0.lp.log"
Set parameter TimeLimit to value 3600
Gurobi Optimizer version 11.0.3 build v11.0.3rc0 (linux64 - "Ubuntu 22.04.5 LTS")

CPU model: AMD Ryzen 9 9900X 12-Core Processor, instruction set [SSE2|AVX|AVX2|AVX512]
Thread count: 12 physical cores, 24 logical processors, using up to 24 threads

Optimize a model with 5486 rows, 900 columns and 10818 nonzeros
Model fingerprint: 0xe97a4ff9
Variable types: 0 continuous, 900 integer (900 binary)
Coefficient statistics:
  Matrix range     [1e+00, 1e+00]
  Objective range  [1e+00, 1e+00]
  Bounds range     [1e+00, 1e+00]
  RHS range        [1e+00, 1e+00]
Found heuristic solution: objective 206.0000000
Presolve removed 1321 rows and 0 columns
Presolve time: 0.01s
Presolved: 4165 rows, 900 columns, 9485 nonzeros
Variable types: 0 continuous, 900 integer (900 binary)

Root relaxation: objective 4.035000e+02, 1568 iterations, 0.04 seconds (0.08 work units)

    Nodes    |    Current Node    |     Objective Bounds      |     Work
 Expl Unexpl |  Obj  Depth IntInf | Incumbent    BestBd   Gap | It/Node Time

     0     0  403.50000    0  787  206.00000  403.50000  95.9%     -    0s
H    0     0                     305.0000000  403.50000  32.3%     -    0s
H    0     0                     307.0000000  403.45455  31.4%     -    0s
H    0     0                     327.0000000  393.09556  20.2%     -    0s
     0     0  393.09556    0  881  327.00000  393.09556  20.2%     -    0s
H    0     0                     335.0000000  393.09556  17.3%     -    0s
     0     0  387.72970    0  885  335.00000  387.72970  15.7%     -    0s
     0     0  387.58952    0  886  335.00000  387.58952  15.7%     -    0s
     0     0  387.53331    0  886  335.00000  387.53331  15.7%     -    0s
     0     0  387.52590    0  885  335.00000  387.52590  15.7%     -    0s
     0     0  387.52210    0  885  335.00000  387.52210  15.7%     -    0s
     0     0  387.52204    0  886  335.00000  387.52204  15.7%     -    0s
     0     0  384.80700    0  886  335.00000  384.80700  14.9%     -    0s
     0     0  384.66969    0  886  335.00000  384.66969  14.8%     -    0s
     0     0  384.63564    0  887  335.00000  384.63564  14.8%     -    0s
     0     0  384.62586    0  888  335.00000  384.62586  14.8%     -    0s
     0     0  384.62033    0  886  335.00000  384.62033  14.8%     -    0s
     0     0  384.61944    0  887  335.00000  384.61944  14.8%     -    0s
     0     0  383.21877    0  886  335.00000  383.21877  14.4%     -    1s
     0     0  382.82660    0  885  335.00000  382.82660  14.3%     -    1s
     0     0  382.76244    0  885  335.00000  382.76244  14.3%     -    1s
     0     0  382.74874    0  887  335.00000  382.74874  14.3%     -    1s
     0     0  382.74607    0  887  335.00000  382.74607  14.3%     -    1s
     0     0  381.50953    0  889  335.00000  381.50953  13.9%     -    1s
     0     0  381.35911    0  890  335.00000  381.35911  13.8%     -    1s
     0     0  381.33198    0  888  335.00000  381.33198  13.8%     -    1s
     0     0  381.32456    0  888  335.00000  381.32456  13.8%     -    1s
     0     0  381.32373    0  889  335.00000  381.32373  13.8%     -    1s
     0     0  380.60240    0  888  335.00000  380.60240  13.6%     -    1s
     0     0  380.51405    0  890  335.00000  380.51405  13.6%     -    1s
     0     0  380.48542    0  891  335.00000  380.48542  13.6%     -    1s
     0     0  380.47978    0  891  335.00000  380.47978  13.6%     -    1s
     0     0  379.88849    0  889  335.00000  379.88849  13.4%     -    1s
     0     0  379.78500    0  891  335.00000  379.78500  13.4%     -    1s
     0     0  379.75033    0  890  335.00000  379.75033  13.4%     -    1s
     0     0  379.74459    0  890  335.00000  379.74459  13.4%     -    1s
     0     0  379.18932    0  888  335.00000  379.18932  13.2%     -    2s
     0     0  379.08699    0  891  335.00000  379.08699  13.2%     -    2s
     0     0  379.07578    0  891  335.00000  379.07578  13.2%     -    2s
     0     0  379.07462    0  892  335.00000  379.07462  13.2%     -    2s
     0     0  378.63350    0  890  335.00000  378.63350  13.0%     -    2s
     0     0  378.55391    0  888  335.00000  378.55391  13.0%     -    2s
     0     0  378.54238    0  890  335.00000  378.54238  13.0%     -    2s
     0     0  378.53762    0  889  335.00000  378.53762  13.0%     -    2s
H    0     0                     337.0000000  378.28700  12.3%     -    2s
     0     0  378.28700    0  887  337.00000  378.28700  12.3%     -    2s
H    0     0                     338.0000000  378.22377  11.9%     -    2s
     0     0  378.22377    0  889  338.00000  378.22377  11.9%     -    2s
     0     0  378.20390    0  889  338.00000  378.20390  11.9%     -    2s
     0     0  378.19992    0  889  338.00000  378.19992  11.9%     -    2s
     0     0  377.82199    0  893  338.00000  377.82199  11.8%     -    2s
     0     0  377.75758    0  894  338.00000  377.75758  11.8%     -    2s
     0     0  377.74880    0  892  338.00000  377.74880  11.8%     -    2s
H    0     0                     339.0000000  377.63612  11.4%     -    2s
     0     0  377.63612    0  894  339.00000  377.63612  11.4%     -    2s
     0     0  377.60955    0  894  339.00000  377.60955  11.4%     -    2s
     0     0  377.60204    0  894  339.00000  377.60204  11.4%     -    2s
     0     0  377.52403    0  894  339.00000  377.52403  11.4%     -    2s
     0     0  377.50764    0  893  339.00000  377.50764  11.4%     -    2s
     0     0  377.50479    0  893  339.00000  377.50479  11.4%     -    2s
     0     0  377.31402    0  893  339.00000  377.31402  11.3%     -    3s
     0     0  377.28466    0  893  339.00000  377.28466  11.3%     -    3s
     0     0  377.27798    0  893  339.00000  377.27798  11.3%     -    3s
     0     0  377.11775    0  892  339.00000  377.11775  11.2%     -    3s
     0     0  377.08811    0  892  339.00000  377.08811  11.2%     -    3s
     0     0  377.07819    0  892  339.00000  377.07819  11.2%     -    3s
     0     0  376.98273    0  893  339.00000  376.98273  11.2%     -    3s
     0     0  376.95917    0  894  339.00000  376.95917  11.2%     -    3s
     0     0  376.95429    0  894  339.00000  376.95429  11.2%     -    3s
     0     0  376.87117    0  891  339.00000  376.87117  11.2%     -    3s
     0     0  376.87117    0  891  339.00000  376.87117  11.2%     -    3s
     0     2  376.87117    0  891  339.00000  376.87117  11.2%     -    3s
     7    16  376.49237    3  888  339.00000  376.72079  11.1%  2361    5s
H   73    80                     340.0000000  376.19047  10.6%  1392    6s
H   80   102                     341.0000000  376.19047  10.3%  1410    6s
H   84   102                     342.0000000  376.19047  10.0%  1413    6s
H   94   102                     343.0000000  376.19047  9.68%  1287    6s
H  120   137                     345.0000000  376.19047  9.04%  1173    7s
H  156   151                     346.0000000  376.19047  8.73%  1044    7s
H  174   166                     347.0000000  376.19047  8.41%   962    7s
   387   260  357.15579   17  777  347.00000  376.19047  8.41%   746   12s
   510   341  360.41423   23  793  347.00000  376.19047  8.41%   694   15s
  1536  1137  362.57870   34  785  347.00000  375.38406  8.18%   536   20s
  2117  1528  366.43535   17  891  347.00000  375.10321  8.10%   523   27s
  2125  1533  362.54006   48  891  347.00000  375.10321  8.10%   521   31s
  2131  1537  361.34430    9  889  347.00000  375.10321  8.10%   519   35s
  2136  1541  360.56994    5  892  347.00000  375.10321  8.10%   518   41s
  2141  1547  375.10321   10  889  347.00000  375.10321  8.10%   527   45s
  2368  1720  369.79471   18  859  347.00000  372.96632  7.48%   590   86s
  2647  1967  371.95736   23  869  347.00000  372.79649  7.43%   663   90s
  3790  2695  370.07312   34  856  347.00000  372.79649  7.43%   676   95s
  5560  3796  365.11656   43  830  347.00000  372.79649  7.43%   641  100s
  7429  4879  366.67882   53  834  347.00000  372.79649  7.43%   598  105s
  9315  6527  363.90918   67  814  347.00000  372.79649  7.43%   590  110s
 11347  8209  360.92320   82  793  347.00000  372.79649  7.43%   565  115s
 14425  9981  353.08254  116  723  347.00000  372.79649  7.43%   535  135s
 15889 11479  359.55830   46  774  347.00000  369.88555  6.60%   550  141s
 18018 13300  364.23704   20  819  347.00000  369.63491  6.52%   554  145s
 20524 15938  359.29736   30  795  347.00000  369.24008  6.41%   546  150s
 23012 17520  362.41457   23  817  347.00000  369.08772  6.37%   529  155s
 25511 22273  352.67597   86  716  347.00000  368.99756  6.34%   514  161s
 31499 25122  359.69421   27  801  347.00000  368.78083  6.28%   484  165s
 35042 27745  361.54615   26  806  347.00000  368.63559  6.24%   474  170s
 38746 31567  358.64379   37  794  347.00000  368.46057  6.18%   466  176s
 42211 34413  363.43770   29  811  347.00000  368.36947  6.16%   456  181s
 45630 37611  360.59876   24  811  347.00000  368.26492  6.13%   448  185s
 49241 40407  362.11647   23  804  347.00000  368.14571  6.09%   443  190s
 51056 40408  349.50412   89  891  347.00000  368.09750  6.08%   441  279s
 51058 40409  360.10948   43  787  347.00000  368.09750  6.08%   441  280s
 51067 40415  367.38845   36  895  347.00000  368.09750  6.08%   441  286s
 51072 40419  349.84220   67  896  347.00000  368.09750  6.08%   441  290s
 51080 40424  363.84154   31  896  347.00000  368.09750  6.08%   441  295s
 51084 40427  355.66366   66  895  347.00000  368.09750  6.08%   441  300s
 51089 40430  357.39962   40  895  347.00000  368.09750  6.08%   441  305s
 51092 40432  357.16417   97  895  347.00000  368.09750  6.08%   441  310s
 51096 40435  362.87883   28  895  347.00000  368.09750  6.08%   441  316s
 51099 40437  366.27862   31  895  347.00000  368.09750  6.08%   441  320s
 51102 40439  354.91508   86  895  347.00000  368.09750  6.08%   441  325s
 51105 40441  358.12226   32  895  347.00000  368.09750  6.08%   441  330s
 51108 40443  359.37496   59  895  347.00000  368.09750  6.08%   441  335s
 51111 40445  359.68181   47  894  347.00000  368.09750  6.08%   441  341s
 51113 40446  360.33980   42  894  347.00000  368.09750  6.08%   441  346s
 51114 40447  360.60650   54  894  347.00000  368.09750  6.08%   441  350s
 51217 40540  367.35136   25  886  347.00000  367.62640  5.94%   444  359s
 51241 40559  365.43615   25  869  347.00000  367.50050  5.91%   444  360s
 51322 40610  366.56433   27  887  347.00000  367.22045  5.83%   446  390s
 51382 40650  366.32937   28  884  347.00000  367.00270  5.76%   447  421s
 51627 40869  365.24685   32  881  347.00000  366.79462  5.70%   451  425s
 52242 41295  364.14813   38  874  347.00000  366.79462  5.70%   455  430s
 52864 41613  363.39324   43  869  347.00000  366.79462  5.70%   459  435s
 53640 42009  362.64554   48  863  347.00000  366.79462  5.70%   464  440s
 54409 42299  361.54668   53  852  347.00000  366.79462  5.70%   467  445s
 55237 42798  359.12616   59  828  347.00000  366.79462  5.70%   470  450s
 56472 43449  356.20634   67  814  347.00000  366.79462  5.70%   473  455s
 57110 43640  357.47633   73  834  347.00000  366.79462  5.70%   475  460s
 57658 43758  356.69317   78  827  347.00000  366.79462  5.70%   477  497s
 58133 44339  356.16917   81  819  347.00000  366.79462  5.70%   477  501s
 59248 44833  350.73358   87  791  347.00000  366.79462  5.70%   476  506s
 60251 45462  350.95652   95  782  347.00000  366.79462  5.70%   478  510s
 62733 46703  353.17523   59  802  347.00000  365.57839  5.35%   476  516s
 64575 47307  348.09942   66  762  347.00000  364.85668  5.15%   476  520s
 66283 48013  361.23757   31  828  347.00000  364.53651  5.05%   476  525s
 68134 48801  355.56357   75  796  347.00000  364.46883  5.03%   475  530s
 69634 50275  359.43028   51  815  347.00000  364.22775  4.96%   475  535s
 72367 51544  350.08703   89  751  347.00000  364.21675  4.96%   472  541s
 74641 52647  356.04906   33  809  347.00000  363.98588  4.90%   472  547s
 75809 52764  348.76555   67  757  347.00000  363.98417  4.89%   473  550s
 76767 53641  358.96236   32  816  347.00000  363.97923  4.89%   475  558s
 78219 54568  352.70064   62  756  347.00000  363.95801  4.89%   487  563s
 80181 55516  358.73294   43  815  347.00000  363.90681  4.87%   492  568s
 82267 55753  349.99501   28  767  347.00000  363.75505  4.83%   492  572s
 83733 56595  353.23816   30  787  347.00000  363.73579  4.82%   493  577s
 85357 57280  348.75596   39  752  347.00000  363.69962  4.81%   493  581s
 87057 57671  358.19224   40  833  347.00000  363.58039  4.78%   493  585s
 88702 58428  357.81048   33  820  347.00000  363.47133  4.75%   493  590s
 92202 60503  356.64331   54  780  347.00000  363.31140  4.70%   493  599s
 94566 60567  353.03974   91  777  347.00000  363.23806  4.68%   491  604s
 95689 61083  356.74802   39  808  347.00000  363.16975  4.66%   495  610s
 96766 62280  352.08183   60  781  347.00000  363.16753  4.66%   502  615s
 98914 63478  356.73701   32  814  347.00000  363.14709  4.65%   504  620s
 101355 64897  356.71678   59  778  347.00000  363.01424  4.62%   503  625s
 104075 67404  349.79794   51  765  347.00000  362.92964  4.59%   501  636s
 108426 68336  357.67740   43  819  347.00000  362.80842  4.56%   498  642s
 111333 69323  359.46787   52  826  347.00000  362.72230  4.53%   496  647s
 113896 70487  358.96223   46  798  347.00000  362.64892  4.51%   495  653s
 116538 71917  354.98876   39  794  347.00000  362.58601  4.49%   494  658s
 119287 72659  351.43118   84  783  347.00000  362.51704  4.47%   492  663s
 121607 73992  360.12431   28  808  347.00000  362.45810  4.45%   491  668s
 124304 75003     cutoff  111       347.00000  362.41412  4.44%   490  674s
 126676 75237  353.95942   41  797  347.00000  362.35465  4.42%   490  679s
 127985 76696  356.96948   41  820  347.00000  362.35404  4.42%   495  685s
 130562 79285  350.85045   72  761  347.00000  362.32090  4.42%   495  695s
 135056 78994  359.74440   42  828  347.00000  362.18465  4.38%   494  700s
 136894 79458  357.88429   28  814  347.00000  362.13963  4.36%   496  706s
 138500 80016  350.98555   59  751  347.00000  362.13354  4.36%   500  713s
 140729 81905  354.73821   35  814  347.00000  362.09670  4.35%   502  719s
 144032 83075  356.25154   33  814  347.00000  362.01274  4.33%   501  725s
 146934 84418  356.33807   40  815  347.00000  361.96746  4.31%   499  731s
 149895 85561  357.87770   31  808  347.00000  361.91078  4.30%   498  737s
 152650 86919  355.72725   30  809  347.00000  361.85679  4.28%   497  743s
 155656 87965  355.51659   53  792  347.00000  361.80663  4.27%   495  751s
 159149 88865  354.17335   38  764  347.00000  361.74288  4.25%   496  758s
 162178 89684  354.91085   32  791  347.00000  361.67936  4.23%   495  763s
 164637 90116  358.37179   49  819  347.00000  361.63873  4.22%   495  769s
 166414 91630  353.39556   75  784  347.00000  361.63779  4.22%   498  775s
 169369 92857  353.10978   59  794  347.00000  361.60527  4.21%   497  781s
 172216 93517  355.97382   31  794  347.00000  361.56220  4.20%   496  787s
 174286 94475  356.00624   49  800  347.00000  361.51922  4.18%   497  793s
 175940 96788     cutoff   87       347.00000  361.51893  4.18%   500  799s
 178954 98821  348.61995   85  742  347.00000  361.47654  4.17%   499  805s
 181724 101430  350.11266   70  755  347.00000  361.43576  4.16%   498  813s
 185337 102475  350.67196   42  772  347.00000  361.37709  4.14%   497  819s
 186940 104411  356.93630   37  814  347.00000  361.37240  4.14%   500  826s
 189708 105836     cutoff   62       347.00000  361.34865  4.14%   501  833s
 192405 108166  360.73156   39  835  347.00000  361.28832  4.12%   501  839s
 195430 110455  352.00477   49  768  347.00000  361.25800  4.11%   499  844s
 198398 112480  348.72124   77  760  347.00000  361.21988  4.10%   498  850s
 201015 114389  354.83072   37  793  347.00000  361.18533  4.09%   497  855s
 203601 116494  358.08686   45  813  347.00000  361.14046  4.08%   496  861s
 206297 118306  355.91075   40  804  347.00000  361.12110  4.07%   495  866s
 208799 121179  348.47478   65  764  347.00000  361.08199  4.06%   495  874s
 212804 122138  353.85411   43  787  347.00000  361.03411  4.04%   493  879s
 214682 123357  357.00627   46  792  347.00000  361.00826  4.04%   494  884s
 216814 125020  356.99349   29  811  347.00000  360.98164  4.03%   495  890s
 219269 126938  350.80697   44  761  347.00000  360.94927  4.02%   494  895s
 221805 128561  350.79322   37  762  347.00000  360.92317  4.01%   494  901s
 224416 130581  351.02634   60  753  347.00000  360.88834  4.00%   493  906s
 226959 132439  359.79237   40  837  347.00000  360.86852  4.00%   492  912s
 229587 134105  355.42869   54  793  347.00000  360.83869  3.99%   492  917s
 231731 135488  354.64356   43  788  347.00000  360.81026  3.98%   492  923s
 233921 137973  353.53148   55  779  347.00000  360.80546  3.98%   494  930s
 237494 139323  348.53548   66  770  347.00000  360.75662  3.96%   493  936s
 239835 141347  349.99256   74  777  347.00000  360.73220  3.96%   493  941s
 242641 143348  353.22699   61  776  347.00000  360.70330  3.95%   492  946s
 245392 144653  348.12564   80  737  347.00000  360.67972  3.94%   491  952s
 247684 146612  349.09478   67  768  347.00000  360.66082  3.94%   491  958s
 250302 148587  352.10846   40  791  347.00000  360.63040  3.93%   490  963s
 252956 150806  354.61804   48  796  347.00000  360.60876  3.92%   490  968s
 255768 152503  349.97580   56  764  347.00000  360.58721  3.92%   489  973s
 258158 154513  354.01004   57  788  347.00000  360.55571  3.91%   489  978s
 260763 157436  349.92200   69  743  347.00000  360.53400  3.90%   488  985s
 264763 159154  356.42998   50  812  347.00000  360.50283  3.89%   486  990s
 267129 160705  353.48670   42  791  347.00000  360.48342  3.89%   486  995s
 269256 162300  349.57512   35  760  347.00000  360.46039  3.88%   486 1000s
 271627 163353  352.92411   40  786  347.00000  360.43564  3.87%   485 1005s
 273704 165491  354.97551   31  783  347.00000  360.41731  3.87%   486 1010s
 276434 167062  352.78004   58  779  347.00000  360.39244  3.86%   485 1016s
 278944 169144  355.61027   64  799  347.00000  360.37807  3.86%   485 1021s
 281715 170426  352.50766   38  787  347.00000  360.35692  3.85%   484 1026s
 283545 172113  353.97010   71  745  347.00000  360.34361  3.85%   485 1032s
 286053 174501  352.40500   77  770  347.00000  360.32786  3.84%   485 1039s
 289431 175492  355.54487   51  805  347.00000  360.29328  3.83%   484 1044s
 291043 177272  357.91051   42  804  347.00000  360.29328  3.83%   486 1050s
 293698 179294  351.12727   79  740  347.00000  360.28128  3.83%   486 1056s
 296628 180918  348.74502   63  702  347.00000  360.23943  3.82%   486 1062s
 299293 182530  349.79150   75  735  347.00000  360.21504  3.81%   485 1067s
 302042 184438  352.23826   32  792  347.00000  360.19414  3.80%   485 1073s
 304782 185695  353.78855   49  786  347.00000  360.17509  3.80%   484 1078s
 307122 187398  352.45115   40  790  347.00000  360.15750  3.79%   485 1084s
 309720 189208     cutoff   33       347.00000  360.13218  3.78%   485 1090s
 312478 191746  351.79743   67  784  347.00000  360.11273  3.78%   484 1097s
 315910 192998  352.12874   40  779  347.00000  360.08514  3.77%   484 1103s
 317971 194188  352.48438   58  784  347.00000  360.07818  3.77%   484 1109s
 319802 195857  355.83777   48  808  347.00000  360.06277  3.76%   486 1115s
 322577 197098  353.73738   45  783  347.00000  360.05536  3.76%   486 1121s
 324953 198331  355.04180   44  808  347.00000  360.01894  3.75%   486 1127s
 327557 200091     cutoff   47       347.00000  360.00574  3.75%   486 1133s
 330249 202418  352.11082   53  778  347.00000  359.99049  3.74%   486 1139s
 333323 204584  353.28995   53  772  347.00000  359.96391  3.74%   485 1145s
 336291 205902  353.02032   38  806  347.00000  359.94353  3.73%   485 1150s
 338711 207873  354.98322   49  789  347.00000  359.92920  3.73%   485 1158s
 342204 209998  353.22371   33  802  347.00000  359.91109  3.72%   485 1163s
 344999 212041  353.81158   41  796  347.00000  359.89144  3.72%   484 1168s
 347708 213925  349.92922   49  773  347.00000  359.87322  3.71%   483 1173s
 350324 215703  350.37694   53  775  347.00000  359.85736  3.71%   483 1178s
 352818 217591  351.33584   59  762  347.00000  359.84048  3.70%   482 1183s
 355395 219201  357.44629   38  791  347.00000  359.82121  3.69%   482 1188s
 357779 221147  349.11736   55  758  347.00000  359.80259  3.69%   482 1193s
 360418 223050  349.38695   57  789  347.00000  359.78950  3.69%   481 1198s
 362973 223935  348.06726   53  747  347.00000  359.76975  3.68%   481 1203s
 364902 226186  353.47751   65  790  347.00000  359.75804  3.68%   481 1210s
 368164 227886  348.91554   59  757  347.00000  359.74741  3.67%   481 1215s
 370756 229289  349.67273   57  755  347.00000  359.72417  3.67%   481 1220s
 373190 230770  356.45640   40  795  347.00000  359.71044  3.66%   481 1226s
 375432 232173  349.80192   74  751  347.00000  359.70512  3.66%   482 1232s
 377615 234107  352.13074   50  785  347.00000  359.68765  3.66%   482 1238s
 380401 236164  351.09972   68  782  347.00000  359.68428  3.66%   483 1243s

Gurobi 11.0.3 (linux64) logging started Mon Dec 15 15:02:34 2025

Set parameter LogFile to value "./log/train/IS_900_6/IS_0.lp.log"
Set parameter TimeLimit to value 3600
Gurobi Optimizer version 11.0.3 build v11.0.3rc0 (linux64 - "Ubuntu 22.04.5 LTS")

CPU model: AMD Ryzen 9 9900X 12-Core Processor, instruction set [SSE2|AVX|AVX2|AVX512]
Thread count: 12 physical cores, 24 logical processors, using up to 24 threads

Optimize a model with 5486 rows, 900 columns and 10818 nonzeros
Model fingerprint: 0xe97a4ff9
Variable types: 0 continuous, 900 integer (900 binary)
Coefficient statistics:
  Matrix range     [1e+00, 1e+00]
  Objective range  [1e+00, 1e+00]
  Bounds range     [1e+00, 1e+00]
  RHS range        [1e+00, 1e+00]
Found heuristic solution: objective 206.0000000
Presolve removed 1321 rows and 0 columns
Presolve time: 0.06s
Presolved: 4165 rows, 900 columns, 9485 nonzeros
Variable types: 0 continuous, 900 integer (900 binary)

Root relaxation: objective 4.035000e+02, 1568 iterations, 0.06 seconds (0.08 work units)

    Nodes    |    Current Node    |     Objective Bounds      |     Work
 Expl Unexpl |  Obj  Depth IntInf | Incumbent    BestBd   Gap | It/Node Time

     0     0  403.50000    0  787  206.00000  403.50000  95.9%     -    0s
H    0     0                     305.0000000  403.50000  32.3%     -    0s
H    0     0                     307.0000000  403.45455  31.4%     -    0s
H    0     0                     327.0000000  393.09556  20.2%     -    0s
     0     0  393.09556    0  881  327.00000  393.09556  20.2%     -    0s
H    0     0                     335.0000000  393.09556  17.3%     -    0s
     0     0  387.72970    0  885  335.00000  387.72970  15.7%     -    0s
     0     0  387.58952    0  886  335.00000  387.58952  15.7%     -    0s
     0     0  387.53331    0  886  335.00000  387.53331  15.7%     -    0s
     0     0  387.52590    0  885  335.00000  387.52590  15.7%     -    0s
     0     0  387.52210    0  885  335.00000  387.52210  15.7%     -    0s
     0     0  387.52204    0  886  335.00000  387.52204  15.7%     -    0s
 383324 237873  357.62028   44  815  347.00000  359.65292  3.65%   482 1249s
     0     0  384.80700    0  886  335.00000  384.80700  14.9%     -    1s
     0     0  384.66969    0  886  335.00000  384.66969  14.8%     -    1s
     0     0  384.63564    0  887  335.00000  384.63564  14.8%     -    1s
     0     0  384.62586    0  888  335.00000  384.62586  14.8%     -    1s
     0     0  384.62033    0  886  335.00000  384.62033  14.8%     -    1s
     0     0  384.61944    0  887  335.00000  384.61944  14.8%     -    1s
     0     0  383.21877    0  886  335.00000  383.21877  14.4%     -    1s
     0     0  382.82660    0  885  335.00000  382.82660  14.3%     -    1s
     0     0  382.76244    0  885  335.00000  382.76244  14.3%     -    2s
     0     0  382.74874    0  887  335.00000  382.74874  14.3%     -    2s
     0     0  382.74607    0  887  335.00000  382.74607  14.3%     -    2s
     0     0  381.50953    0  889  335.00000  381.50953  13.9%     -    2s
     0     0  381.35911    0  890  335.00000  381.35911  13.8%     -    2s
     0     0  381.33198    0  888  335.00000  381.33198  13.8%     -    2s
     0     0  381.32456    0  888  335.00000  381.32456  13.8%     -    2s
     0     0  381.32373    0  889  335.00000  381.32373  13.8%     -    2s
     0     0  380.60240    0  888  335.00000  380.60240  13.6%     -    2s
     0     0  380.51405    0  890  335.00000  380.51405  13.6%     -    3s
     0     0  380.48542    0  891  335.00000  380.48542  13.6%     -    3s
     0     0  380.47978    0  891  335.00000  380.47978  13.6%     -    3s
     0     0  379.88849    0  889  335.00000  379.88849  13.4%     -    3s
     0     0  379.78500    0  891  335.00000  379.78500  13.4%     -    3s
     0     0  379.75033    0  890  335.00000  379.75033  13.4%     -    3s
     0     0  379.74459    0  890  335.00000  379.74459  13.4%     -    3s
     0     0  379.18932    0  888  335.00000  379.18932  13.2%     -    3s
     0     0  379.08699    0  891  335.00000  379.08699  13.2%     -    3s
     0     0  379.07578    0  891  335.00000  379.07578  13.2%     -    3s
     0     0  379.07462    0  892  335.00000  379.07462  13.2%     -    3s
     0     0  378.63350    0  890  335.00000  378.63350  13.0%     -    3s
     0     0  378.55391    0  888  335.00000  378.55391  13.0%     -    3s
     0     0  378.54238    0  890  335.00000  378.54238  13.0%     -    3s
     0     0  378.53762    0  889  335.00000  378.53762  13.0%     -    3s
H    0     0                     337.0000000  378.28700  12.3%     -    4s
     0     0  378.28700    0  887  337.00000  378.28700  12.3%     -    4s
H    0     0                     338.0000000  378.22377  11.9%     -    4s
     0     0  378.22377    0  889  338.00000  378.22377  11.9%     -    4s
     0     0  378.20390    0  889  338.00000  378.20390  11.9%     -    4s
     0     0  378.19992    0  889  338.00000  378.19992  11.9%     -    4s
     0     0  377.82199    0  893  338.00000  377.82199  11.8%     -    4s
     0     0  377.75758    0  894  338.00000  377.75758  11.8%     -    4s
     0     0  377.74880    0  892  338.00000  377.74880  11.8%     -    4s
H    0     0                     339.0000000  377.63612  11.4%     -    4s
     0     0  377.63612    0  894  339.00000  377.63612  11.4%     -    4s
     0     0  377.60955    0  894  339.00000  377.60955  11.4%     -    4s
     0     0  377.60204    0  894  339.00000  377.60204  11.4%     -    4s
     0     0  377.52403    0  894  339.00000  377.52403  11.4%     -    5s
     0     0  377.50764    0  893  339.00000  377.50764  11.4%     -    5s
     0     0  377.50479    0  893  339.00000  377.50479  11.4%     -    5s
     0     0  377.31402    0  893  339.00000  377.31402  11.3%     -    5s
     0     0  377.28466    0  893  339.00000  377.28466  11.3%     -    5s
     0     0  377.27798    0  893  339.00000  377.27798  11.3%     -    5s
     0     0  377.11775    0  892  339.00000  377.11775  11.2%     -    5s
     0     0  377.08811    0  892  339.00000  377.08811  11.2%     -    5s
     0     0  377.07819    0  892  339.00000  377.07819  11.2%     -    5s
     0     0  376.98273    0  893  339.00000  376.98273  11.2%     -    5s
     0     0  376.95917    0  894  339.00000  376.95917  11.2%     -    5s
     0     0  376.95429    0  894  339.00000  376.95429  11.2%     -    5s
     0     0  376.87117    0  891  339.00000  376.87117  11.2%     -    5s
     0     0  376.87117    0  891  339.00000  376.87117  11.2%     -    6s
     0     2  376.87117    0  891  339.00000  376.87117  11.2%     -    6s
 385877 239356     cutoff   40       347.00000  359.63521  3.64%   482 1255s
    15    28  376.36503    4  889  339.00000  376.49232  11.1%  2390   10s
H   73    80                     340.0000000  376.19047  10.6%  1392   13s
H   80   102                     341.0000000  376.19047  10.3%  1410   13s
H   84   102                     342.0000000  376.19047  10.0%  1413   13s
H   94   102                     343.0000000  376.19047  9.68%  1287   13s
H  120   137                     345.0000000  376.19047  9.04%  1173   14s
H  156   151                     346.0000000  376.19047  8.73%  1044   14s
 388411 241068  351.02339   42  762  347.00000  359.61927  3.64%   482 1262s
H  174   166                     347.0000000  376.19047  8.41%   962   14s
   201   174  368.39675   12  828  347.00000  376.19047  8.41%   912   15s
 391134 242951  352.86701   34  787  347.00000  359.60032  3.63%   482 1272s
   387   260  357.15579   17  777  347.00000  376.19047  8.41%   746   25s
   440   284  360.91088   20  796  347.00000  376.19047  8.41%   715   30s
 394375 244573     cutoff   42       347.00000  359.57954  3.63%   481 1279s
   940   714  350.65292   16  747  347.00000  375.53967  8.22%   607   35s
 397266 245763  349.32282   87  764  347.00000  359.57133  3.62%   481 1286s
  1326   995  370.61427   26  829  347.00000  375.38406  8.18%   552   40s
  1906  1456  367.96122   14  844  347.00000  375.10321  8.10%   519   45s
 399100 246916  351.23232   60  761  347.00000  359.55553  3.62%   482 1294s
 401085 248125  348.48656   85  731  347.00000  359.55055  3.62%   483 1300s
  2117  1528  366.43535   17  891  347.00000  375.10321  8.10%   523   56s
 403145 249563  356.78719   47  790  347.00000  359.54330  3.61%   484 1306s
  2120  1530  358.12421   10  889  347.00000  375.10321  8.10%   522   61s
 405688 251414  348.94998   59  742  347.00000  359.53060  3.61%   484 1313s
  2125  1533  362.54006   48  891  347.00000  375.10321  8.10%   521   65s
  2130  1537  363.89076   36  892  347.00000  375.10321  8.10%   520   71s
 408507 253742  355.75573   38  811  347.00000  359.50782  3.60%   484 1320s
  2133  1539  355.89827   28  892  347.00000  375.10321  8.10%   519   77s
 411718 255094  348.58104   90  733  347.00000  359.48936  3.60%   483 1327s
  2134  1539  353.00301   23  892  347.00000  375.10321  8.10%   519   80s
 413803 256676  354.23958   49  785  347.00000  359.47760  3.60%   484 1333s
  2136  1541  360.56994    5  892  347.00000  375.10321  8.10%   518   86s
  2137  1541  349.24943   25  892  347.00000  375.10321  8.10%   518   90s
 416252 258830  352.89136   45  788  347.00000  359.47129  3.59%   484 1341s
  2141  1547  375.10321   10  889  347.00000  375.10321  8.10%   527   96s
  2195  1605  373.79810   15  879  347.00000  373.97403  7.77%   544  100s
 419501 260403  350.66161   50  791  347.00000  359.44382  3.59%   484 1348s
 421994 261620  350.70543   48  768  347.00000  359.42536  3.58%   484 1359s
 424426 263008  355.72481   55  802  347.00000  359.40851  3.58%   484 1371s
 426611 264826  357.54196   35  796  347.00000  359.40440  3.57%   484 1383s
 429159 266575  353.46541   49  800  347.00000  359.38511  3.57%   484 1395s
 431761 268487  354.41080   46  788  347.00000  359.38329  3.57%   484 1408s
 434465 269871  348.32264   68  742  347.00000  359.36149  3.56%   484 1419s
  2368  1720  369.79471   18  859  347.00000  372.96632  7.48%   590  178s
 437055 272059     cutoff   70       347.00000  359.34502  3.56%   484 1427s
  2454  1788  372.36209   20  872  347.00000  372.79649  7.43%   616  181s
  2576  1901  372.08769   22  870  347.00000  372.79649  7.43%   659  185s
 440120 274384  354.91959   57  794  347.00000  359.32332  3.55%   483 1436s
  3026  2212  371.13980   27  867  347.00000  372.79649  7.43%   659  190s
  3465  2463  370.53150   31  857  347.00000  372.79649  7.43%   661  195s
  4110  2889  369.73302   36  854  347.00000  372.79649  7.43%   670  200s
 443226 276932  356.40526   62  809  347.00000  359.31016  3.55%   483 1449s
  5081  3440  368.78174   41  851  347.00000  372.79649  7.43%   650  205s
  6170  3944  367.76730   46  846  347.00000  372.79649  7.43%   618  210s
 446784 278771  352.10384   51  775  347.00000  359.29455  3.54%   482 1459s
  7166  4635  360.50199   51  797  347.00000  372.79649  7.43%   601  216s
 449315 280732  354.17880   52  783  347.00000  359.28038  3.54%   482 1469s
  8038  5505  365.95470   57  823  347.00000  372.79649  7.43%   590  221s
  9041  6236  364.89394   64  826  347.00000  372.79649  7.43%   586  226s
 452000 282663  352.65489   38  795  347.00000  359.26686  3.54%   481 1479s
  9739  6870  363.31519   70  812  347.00000  372.79649  7.43%   587  230s
 10750  7765  361.96241   77  805  347.00000  372.79649  7.43%   575  235s
 11951  8709  359.67574   87  789  347.00000  372.79649  7.43%   556  240s
 454711 284321  349.00858   64  756  347.00000  359.25220  3.53%   481 1488s
 14068  9964  354.82898  108  748  347.00000  372.79649  7.43%   532  247s
 457161 286070     cutoff   48       347.00000  359.23489  3.53%   481 1498s
 459715 287334  353.96436   57  776  347.00000  359.22253  3.52%   480 1509s
 461690 289245     cutoff   57       347.00000  359.21269  3.52%   481 1520s
 14425  9981  353.08254  116  723  347.00000  372.79649  7.43%   535  279s
 464474 291374  353.61996   50  787  347.00000  359.19839  3.52%   481 1527s
 14456 10205  352.03540  116  739  347.00000  372.79649  7.43%   535  281s
 15353 11075  367.91127   20  837  347.00000  370.01454  6.63%   546  287s
 467370 293393  351.43496   51  765  347.00000  359.18742  3.51%   480 1538s
 16474 12161  367.99158   28  831  347.00000  369.86813  6.59%   554  292s
 17272 12772  361.44246   62  784  347.00000  369.63491  6.52%   554  296s
 18018 13300  364.23704   20  819  347.00000  369.63491  6.52%   554  300s
 470158 295132  352.32604   48  792  347.00000  359.17480  3.51%   480 1550s
 19680 14728  363.99101   21  813  347.00000  369.42310  6.46%   546  306s
 20524 15938  359.29736   30  795  347.00000  369.24008  6.41%   546  310s
 472975 297046  348.64352   69  747  347.00000  359.16455  3.51%   480 1563s
 23012 17520  362.41457   23  817  347.00000  369.08772  6.37%   529  319s
 23949 18899  365.64155   20  822  347.00000  369.07863  6.36%   525  323s
 475964 299147     cutoff   47       347.00000  359.14929  3.50%   480 1573s
 25511 22273  352.67597   86  716  347.00000  368.99756  6.34%   514  331s
 478937 300972  355.28297   49  791  347.00000  359.13372  3.50%   480 1584s
 30430 24060  359.02562   24  794  347.00000  368.81850  6.29%   487  336s
 32676 26006  358.83845   34  793  347.00000  368.74242  6.27%   480  343s
 33853 26968  362.82224   22  813  347.00000  368.65085  6.24%   477  346s
 481513 302856  351.60129   43  797  347.00000  359.12158  3.49%   479 1595s
 35042 27745  361.54615   26  806  347.00000  368.63559  6.24%   474  351s
 35879 29056  356.11240   56  770  347.00000  368.56675  6.22%   472  355s
 484238 304545  354.27978   50  794  347.00000  359.10478  3.49%   479 1605s
 38746 31567  358.64379   37  794  347.00000  368.46057  6.18%   466  362s
 40475 33077  360.95969   39  793  347.00000  368.40009  6.17%   460  367s
 486947 306238  355.91285   42  790  347.00000  359.09113  3.48%   479 1616s
 42211 34413  363.43770   29  811  347.00000  368.36947  6.16%   456  370s
 43793 36002  362.83433   28  805  347.00000  368.31687  6.14%   453  375s
 489487 307659  350.46144   57  773  347.00000  359.07746  3.48%   478 1627s
 45630 37611  360.59876   24  811  347.00000  368.26492  6.13%   448  380s
 47492 39033  364.20427   31  821  347.00000  368.25810  6.13%   446  385s
 491882 309514  351.44709   68  738  347.00000  359.06283  3.48%   478 1638s
 494580 311097  348.18725   55  764  347.00000  359.05354  3.47%   478 1644s
 497407 313475  352.01191   49  766  347.00000  359.04152  3.47%   478 1652s
 500757 315659  350.77124   80  763  347.00000  359.02427  3.47%   477 1657s
 503619 317271  356.37888   48  803  347.00000  359.01123  3.46%   477 1663s
 506203 318987  351.29619   41  783  347.00000  358.99778  3.46%   477 1669s
 508724 320531  348.41017   54  752  347.00000  358.98484  3.45%   477 1675s
 511303 322393  356.69712   38  799  347.00000  358.97887  3.45%   476 1681s
 513938 324175     cutoff   77       347.00000  358.95927  3.45%   476 1687s
 516406 325888  352.07604   38  787  347.00000  358.95005  3.44%   476 1693s
 518917 327539  350.69364   57  781  347.00000  358.93984  3.44%   476 1700s
 521688 329608  350.68006   67  748  347.00000  358.92537  3.44%   475 1706s
 524504 332065  355.43340   41  815  347.00000  358.91098  3.43%   475 1713s
 528049 333784  352.30707   54  753  347.00000  358.89769  3.43%   475 1719s
 530443 335632  355.69857   40  782  347.00000  358.88819  3.43%   474 1725s
 533101 337366  354.14671   46  788  347.00000  358.87950  3.42%   474 1731s
 535724 339312  353.23098   51  781  347.00000  358.86429  3.42%   474 1737s
 538454 341004  355.97796   54  808  347.00000  358.85214  3.42%   473 1744s
 541026 341967  348.49468   75  742  347.00000  358.83987  3.41%   473 1750s
 543133 343805     cutoff   77       347.00000  358.82902  3.41%   473 1757s
 545918 345422  350.37943   51  759  347.00000  358.81216  3.40%   473 1764s
 548629 347279  350.05878   65  768  347.00000  358.79936  3.40%   473 1771s
 551397 349128  353.30415   56  792  347.00000  358.78255  3.40%   473 1779s
 554225 350736  354.53956   49  791  347.00000  358.77503  3.39%   473 1787s
 557226 352212  352.29297   91  759  347.00000  358.76299  3.39%   473 1794s
 559812 353669  349.36305   44  751  347.00000  358.75357  3.39%   473 1800s
 562750 355560  350.20025   70  766  347.00000  358.74971  3.39%   473 1806s
 565643 357619  350.25825   36  764  347.00000  358.72901  3.38%   473 1813s
 568653 359307  348.98098   53  773  347.00000  358.71656  3.38%   473 1819s
 571506 361176  354.01812   31  811  347.00000  358.70090  3.37%   473 1825s
 574367 363216  350.68886   70  749  347.00000  358.69319  3.37%   472 1831s
 577252 365212     cutoff   43       347.00000  358.68160  3.37%   472 1838s
 51056 40408  349.50412   89  891  347.00000  368.09750  6.08%   441  591s
 51059 40410  363.96324   50  890  347.00000  368.09750  6.08%   441  596s
 580454 366434  351.59697   48  786  347.00000  358.66526  3.36%   472 1844s
 51066 40415  355.34525   29  896  347.00000  368.09750  6.08%   441  602s
 582642 368258  352.04696   45  773  347.00000  358.65704  3.36%   472 1851s
 51067 40415  367.38845   36  895  347.00000  368.09750  6.08%   441  607s
 585586 369536  350.44067   55  760  347.00000  358.64532  3.36%   472 1857s
 51071 40418  348.94646  115  896  347.00000  368.09750  6.08%   441  611s
 587913 371640  349.93845   54  758  347.00000  358.63866  3.35%   473 1864s
 51072 40419  349.84220   67  896  347.00000  368.09750  6.08%   441  616s
 591023 373709  352.68716   43  813  347.00000  358.62349  3.35%   472 1870s
 51076 40421  353.17587   93  897  347.00000  368.09750  6.08%   441  624s
 593997 375728     cutoff   63       347.00000  358.61341  3.35%   472 1876s
 51077 40422  350.00479   93  896  347.00000  368.09750  6.08%   441  630s
 596956 377488  355.84454   48  783  347.00000  358.60070  3.34%   472 1882s
 51080 40424  363.84154   31  896  347.00000  368.09750  6.08%   441  636s
 599784 378864  350.63359   43  774  347.00000  358.59011  3.34%   471 1888s
 51081 40425  348.73756   76  895  347.00000  368.09750  6.08%   441  641s
 602387 381293  355.19366   48  769  347.00000  358.58069  3.34%   471 1896s
 51083 40426  357.71594   60  896  347.00000  368.09750  6.08%   441  648s
 51084 40427  355.66366   66  895  347.00000  368.09750  6.08%   441  651s
 51087 40429  350.96761   97  895  347.00000  368.09750  6.08%   441  655s
 51091 40431  356.75812   72  895  347.00000  368.09750  6.08%   441  660s
 51095 40434  352.84104   78  895  347.00000  368.09750  6.08%   441  666s
 51098 40436  349.81203   73  894  347.00000  368.09750  6.08%   441  670s
 51101 40438  355.14083   80  895  347.00000  368.09750  6.08%   441  675s
 51104 40440  361.95371   29  895  347.00000  368.09750  6.08%   441  680s
 51107 40442  357.39534   44  894  347.00000  368.09750  6.08%   441  685s
 51110 40444  350.76119   92  894  347.00000  368.09750  6.08%   441  690s
 51112 40445  355.61574   73  894  347.00000  368.09750  6.08%   441  696s
 51114 40447  360.60650   54  894  347.00000  368.09750  6.08%   441  701s
 51169 40508  367.62731   24  890  347.00000  368.04349  6.06%   443  705s
 51217 40540  367.35136   25  886  347.00000  367.62640  5.94%   444  711s
 51322 40610  366.56433   27  887  347.00000  367.22045  5.83%   446  743s
 51382 40650  366.32937   28  884  347.00000  367.00270  5.76%   447  774s
 51406 40685  364.09393   28  866  347.00000  367.00270  5.76%   447  775s
 51794 41002  364.88014   34  880  347.00000  366.79462  5.70%   453  780s
 52481 41442  363.82392   40  871  347.00000  366.79462  5.70%   456  785s
 53299 41831  362.92546   46  865  347.00000  366.79462  5.70%   462  791s
 53991 42146  358.53851   50  831  347.00000  366.79462  5.70%   465  795s
 54837 42502  360.67538   57  848  347.00000  366.79462  5.70%   469  800s
 55770 43194  359.52412   63  845  347.00000  366.79462  5.70%   472  805s
 56783 43597  358.11971   70  834  347.00000  366.79462  5.70%   474  810s
 57658 43758  356.69317   78  827  347.00000  366.79462  5.70%   477  851s
 58133 44339  356.16917   81  819  347.00000  366.79462  5.70%   477  855s
 59248 44833  350.73358   87  791  347.00000  366.79462  5.70%   476  860s
 60978 45760     cutoff  100       347.00000  366.03465  5.49%   478  866s
 62733 46703  353.17523   59  802  347.00000  365.57839  5.35%   476  870s
 65328 47797  356.54145   35  813  347.00000  364.60360  5.07%   476  876s
 67091 48751  362.95202   33  847  347.00000  364.46883  5.03%   476  881s
 68676 49318  352.24072   95  770  347.00000  364.34369  5.00%   475  886s
 71076 50926  359.91283   29  833  347.00000  364.22493  4.96%   473  893s
 72367 51544  350.08703   89  751  347.00000  364.21675  4.96%   472  896s
 74641 52647  356.04906   33  809  347.00000  363.98588  4.90%   472  901s
 76767 53641  358.96236   32  816  347.00000  363.97923  4.89%   475  912s
 78219 54568  352.70064   62  756  347.00000  363.95801  4.89%   487  918s
 80181 55516  358.73294   43  815  347.00000  363.90681  4.87%   492  923s
 82267 55753  349.99501   28  767  347.00000  363.75505  4.83%   492  927s
 83733 56595  353.23816   30  787  347.00000  363.73579  4.82%   493  931s
 85357 57280  348.75596   39  752  347.00000  363.69962  4.81%   493  936s
 87057 57671  358.19224   40  833  347.00000  363.58039  4.78%   493  940s
 90452 59111  351.23265   57  781  347.00000  363.39760  4.73%   492  949s
 92202 60503  356.64331   54  780  347.00000  363.31140  4.70%   493  954s
 94566 60567  353.03974   91  777  347.00000  363.23806  4.68%   491  959s
 95689 61083  356.74802   39  808  347.00000  363.16975  4.66%   495  964s
 96766 62280  352.08183   60  781  347.00000  363.16753  4.66%   502  969s
 98914 63478  356.73701   32  814  347.00000  363.14709  4.65%   504  974s
 101355 64897  356.71678   59  778  347.00000  363.01424  4.62%   503  979s
 104075 67404  349.79794   51  765  347.00000  362.92964  4.59%   501  990s
 108426 68336  357.67740   43  819  347.00000  362.80842  4.56%   498  996s
 111333 69323  359.46787   52  826  347.00000  362.72230  4.53%   496 1001s
 113896 70487  358.96223   46  798  347.00000  362.64892  4.51%   495 1007s
 116538 71917  354.98876   39  794  347.00000  362.58601  4.49%   494 1012s
 119287 72659  351.43118   84  783  347.00000  362.51704  4.47%   492 1017s
 121607 73992  360.12431   28  808  347.00000  362.45810  4.45%   491 1023s
 124304 75003     cutoff  111       347.00000  362.41412  4.44%   490 1028s
 126676 75237  353.95942   41  797  347.00000  362.35465  4.42%   490 1034s
 127985 76696  356.96948   41  820  347.00000  362.35404  4.42%   495 1040s
 130562 79285  350.85045   72  761  347.00000  362.32090  4.42%   495 1050s
 135056 78994  359.74440   42  828  347.00000  362.18465  4.38%   494 1055s
 136894 79458  357.88429   28  814  347.00000  362.13963  4.36%   496 1062s
 138500 80016  350.98555   59  751  347.00000  362.13354  4.36%   500 1068s
 140729 81905  354.73821   35  814  347.00000  362.09670  4.35%   502 1075s
 144032 83075  356.25154   33  814  347.00000  362.01274  4.33%   501 1081s
 146934 84418  356.33807   40  815  347.00000  361.96746  4.31%   499 1086s
 149895 85561  357.87770   31  808  347.00000  361.91078  4.30%   498 1092s
 152650 86919  355.72725   30  809  347.00000  361.85679  4.28%   497 1097s
 155656 87965  355.51659   53  792  347.00000  361.80663  4.27%   495 1107s
 159149 88865  354.17335   38  764  347.00000  361.74288  4.25%   496 1113s
 162178 89684  354.91085   32  791  347.00000  361.67936  4.23%   495 1118s
 164637 90116  358.37179   49  819  347.00000  361.63873  4.22%   495 1124s
 166414 91630  353.39556   75  784  347.00000  361.63779  4.22%   498 1130s
 169369 92857  353.10978   59  794  347.00000  361.60527  4.21%   497 1136s
 172216 93517  355.97382   31  794  347.00000  361.56220  4.20%   496 1141s
 174286 94475  356.00624   49  800  347.00000  361.51922  4.18%   497 1148s
 175940 96788     cutoff   87       347.00000  361.51893  4.18%   500 1154s
 178954 98821  348.61995   85  742  347.00000  361.47654  4.17%   499 1160s
 181724 101430  350.11266   70  755  347.00000  361.43576  4.16%   498 1168s
 185337 102475  350.67196   42  772  347.00000  361.37709  4.14%   497 1174s
 186940 104411  356.93630   37  814  347.00000  361.37240  4.14%   500 1180s
 189708 105836     cutoff   62       347.00000  361.34865  4.14%   501 1187s
 192405 108166  360.73156   39  835  347.00000  361.28832  4.12%   501 1193s
 195430 110455  352.00477   49  768  347.00000  361.25800  4.11%   499 1199s
 198398 112480  348.72124   77  760  347.00000  361.21988  4.10%   498 1204s
 201015 114389  354.83072   37  793  347.00000  361.18533  4.09%   497 1210s
 203601 116494  358.08686   45  813  347.00000  361.14046  4.08%   496 1215s
 206297 118306  355.91075   40  804  347.00000  361.12110  4.07%   495 1221s
 208799 121179  348.47478   65  764  347.00000  361.08199  4.06%   495 1229s
 212804 122138  353.85411   43  787  347.00000  361.03411  4.04%   493 1234s
 214682 123357  357.00627   46  792  347.00000  361.00826  4.04%   494 1239s
 216814 125020  356.99349   29  811  347.00000  360.98164  4.03%   495 1245s
 219269 126938  350.80697   44  761  347.00000  360.94927  4.02%   494 1250s
 221805 128561  350.79322   37  762  347.00000  360.92317  4.01%   494 1256s
 224416 130581  351.02634   60  753  347.00000  360.88834  4.00%   493 1261s
 226959 132439  359.79237   40  837  347.00000  360.86852  4.00%   492 1267s
 229587 134105  355.42869   54  793  347.00000  360.83869  3.99%   492 1272s
 231731 135488  354.64356   43  788  347.00000  360.81026  3.98%   492 1278s
 233921 137973  353.53148   55  779  347.00000  360.80546  3.98%   494 1285s
 237494 139323  348.53548   66  770  347.00000  360.75662  3.96%   493 1291s
 239835 141347  349.99256   74  777  347.00000  360.73220  3.96%   493 1296s
 242641 143348  353.22699   61  776  347.00000  360.70330  3.95%   492 1301s
 245392 144653  348.12564   80  737  347.00000  360.67972  3.94%   491 1307s
 247684 146612  349.09478   67  768  347.00000  360.66082  3.94%   491 1312s
 250302 148587  352.10846   40  791  347.00000  360.63040  3.93%   490 1317s
 252956 150806  354.61804   48  796  347.00000  360.60876  3.92%   490 1323s
 255768 152503  349.97580   56  764  347.00000  360.58721  3.92%   489 1328s
 258158 154513  354.01004   57  788  347.00000  360.55571  3.91%   489 1333s
 260763 157436  349.92200   69  743  347.00000  360.53400  3.90%   488 1340s
 264763 159154  356.42998   50  812  347.00000  360.50283  3.89%   486 1345s
 267129 160705  353.48670   42  791  347.00000  360.48342  3.89%   486 1350s
 269256 162300  349.57512   35  760  347.00000  360.46039  3.88%   486 1355s
 271627 163353  352.92411   40  786  347.00000  360.43564  3.87%   485 1360s
 273704 165491  354.97551   31  783  347.00000  360.41731  3.87%   486 1365s
 276434 167062  352.78004   58  779  347.00000  360.39244  3.86%   485 1371s
 278944 169144  355.61027   64  799  347.00000  360.37807  3.86%   485 1376s
 281715 170426  352.50766   38  787  347.00000  360.35692  3.85%   484 1381s
 283545 172113  353.97010   71  745  347.00000  360.34361  3.85%   485 1387s
 286053 174501  352.40500   77  770  347.00000  360.32786  3.84%   485 1394s
 289431 175492  355.54487   51  805  347.00000  360.29328  3.83%   484 1399s
 291043 177272  357.91051   42  804  347.00000  360.29328  3.83%   486 1405s
 293698 179294  351.12727   79  740  347.00000  360.28128  3.83%   486 1411s
 296628 180918  348.74502   63  702  347.00000  360.23943  3.82%   486 1417s
 299293 182530  349.79150   75  735  347.00000  360.21504  3.81%   485 1423s
 302042 184438  352.23826   32  792  347.00000  360.19414  3.80%   485 1428s
 304782 185695  353.78855   49  786  347.00000  360.17509  3.80%   484 1434s
 307122 187398  352.45115   40  790  347.00000  360.15750  3.79%   485 1440s
 309720 189208     cutoff   33       347.00000  360.13218  3.78%   485 1445s
 312478 191746  351.79743   67  784  347.00000  360.11273  3.78%   484 1452s
 315910 192998  352.12874   40  779  347.00000  360.08514  3.77%   484 1458s
 317971 194188  352.48438   58  784  347.00000  360.07818  3.77%   484 1464s
 319802 195857  355.83777   48  808  347.00000  360.06277  3.76%   486 1470s
 322577 197098  353.73738   45  783  347.00000  360.05536  3.76%   486 1476s
 324953 198331  355.04180   44  808  347.00000  360.01894  3.75%   486 1482s
 327557 200091     cutoff   47       347.00000  360.00574  3.75%   486 1488s
 330249 202418  352.11082   53  778  347.00000  359.99049  3.74%   486 1494s
 333323 204584  353.28995   53  772  347.00000  359.96391  3.74%   485 1500s
 336291 205902  353.02032   38  806  347.00000  359.94353  3.73%   485 1506s
 338711 207873  354.98322   49  789  347.00000  359.92920  3.73%   485 1513s
 342204 209998  353.22371   33  802  347.00000  359.91109  3.72%   485 1518s
 344999 212041  353.81158   41  796  347.00000  359.89144  3.72%   484 1523s
 347708 213925  349.92922   49  773  347.00000  359.87322  3.71%   483 1528s
 350324 215703  350.37694   53  775  347.00000  359.85736  3.71%   483 1533s
 352818 217591  351.33584   59  762  347.00000  359.84048  3.70%   482 1538s
 355395 219201  357.44629   38  791  347.00000  359.82121  3.69%   482 1543s
 357779 221147  349.11736   55  758  347.00000  359.80259  3.69%   482 1548s
 360418 223050  349.38695   57  789  347.00000  359.78950  3.69%   481 1553s
 362973 223935  348.06726   53  747  347.00000  359.76975  3.68%   481 1558s
 364902 226186  353.47751   65  790  347.00000  359.75804  3.68%   481 1565s
 368164 227886  348.91554   59  757  347.00000  359.74741  3.67%   481 1571s
 370756 229289  349.67273   57  755  347.00000  359.72417  3.67%   481 1576s
 373190 230770  356.45640   40  795  347.00000  359.71044  3.66%   481 1582s
 375432 232173  349.80192   74  751  347.00000  359.70512  3.66%   482 1588s
 377615 234107  352.13074   50  785  347.00000  359.68765  3.66%   482 1594s
 380401 236164  351.09972   68  782  347.00000  359.68428  3.66%   483 1599s
 383324 237873  357.62028   44  815  347.00000  359.65292  3.65%   482 1605s
 385877 239356     cutoff   40       347.00000  359.63521  3.64%   482 1610s
 388411 241068  351.02339   42  762  347.00000  359.61927  3.64%   482 1616s
 391134 242951  352.86701   34  787  347.00000  359.60032  3.63%   482 1622s
 394375 244573     cutoff   42       347.00000  359.57954  3.63%   481 1628s
 397266 245763  349.32282   87  764  347.00000  359.57133  3.62%   481 1633s
 399100 246916  351.23232   60  761  347.00000  359.55553  3.62%   482 1639s
 401085 248125  348.48656   85  731  347.00000  359.55055  3.62%   483 1644s
 403145 249563  356.78719   47  790  347.00000  359.54330  3.61%   484 1650s
 405688 251414  348.94998   59  742  347.00000  359.53060  3.61%   484 1657s
 408507 253742  355.75573   38  811  347.00000  359.50782  3.60%   484 1663s
 411718 255094  348.58104   90  733  347.00000  359.48936  3.60%   483 1669s
 413803 256676  354.23958   49  785  347.00000  359.47760  3.60%   484 1674s
 416252 258830  352.89136   45  788  347.00000  359.47129  3.59%   484 1681s
 419501 260403  350.66161   50  791  347.00000  359.44382  3.59%   484 1686s
 421994 261620  350.70543   48  768  347.00000  359.42536  3.58%   484 1692s
 424426 263008  355.72481   55  802  347.00000  359.40851  3.58%   484 1697s
 426611 264826  357.54196   35  796  347.00000  359.40440  3.57%   484 1703s
 429159 266575  353.46541   49  800  347.00000  359.38511  3.57%   484 1709s
 431761 268487  354.41080   46  788  347.00000  359.38329  3.57%   484 1715s
 434465 269871  348.32264   68  742  347.00000  359.36149  3.56%   484 1720s
 437055 272059     cutoff   70       347.00000  359.34502  3.56%   484 1726s
 440120 274384  354.91959   57  794  347.00000  359.32332  3.55%   483 1732s
 443226 276932  356.40526   62  809  347.00000  359.31016  3.55%   483 1738s
 446784 278771  352.10384   51  775  347.00000  359.29455  3.54%   482 1744s
 449315 280732  354.17880   52  783  347.00000  359.28038  3.54%   482 1749s
 452000 282663  352.65489   38  795  347.00000  359.26686  3.54%   481 1753s
 454711 284321  349.00858   64  756  347.00000  359.25220  3.53%   481 1758s
 457161 286070     cutoff   48       347.00000  359.23489  3.53%   481 1763s
 459715 287334  353.96436   57  776  347.00000  359.22253  3.52%   480 1769s
 461690 289245     cutoff   57       347.00000  359.21269  3.52%   481 1774s
 464474 291374  353.61996   50  787  347.00000  359.19839  3.52%   481 1779s
 467370 293393  351.43496   51  765  347.00000  359.18742  3.51%   480 1784s
 470158 295132  352.32604   48  792  347.00000  359.17480  3.51%   480 1791s
 472975 297046  348.64352   69  747  347.00000  359.16455  3.51%   480 1797s
 475964 299147     cutoff   47       347.00000  359.14929  3.50%   480 1802s
 478937 300972  355.28297   49  791  347.00000  359.13372  3.50%   480 1808s
 481513 302856  351.60129   43  797  347.00000  359.12158  3.49%   479 1813s
 484238 304545  354.27978   50  794  347.00000  359.10478  3.49%   479 1819s
 486947 306238  355.91285   42  790  347.00000  359.09113  3.48%   479 1824s
 489487 307659  350.46144   57  773  347.00000  359.07746  3.48%   478 1829s
 491882 309514  351.44709   68  738  347.00000  359.06283  3.48%   478 1835s
 494580 311097  348.18725   55  764  347.00000  359.05354  3.47%   478 1840s
 497407 313475  352.01191   49  766  347.00000  359.04152  3.47%   478 1847s
 500757 315659  350.77124   80  763  347.00000  359.02427  3.47%   477 1852s
 503619 317271  356.37888   48  803  347.00000  359.01123  3.46%   477 1857s
 506203 318987  351.29619   41  783  347.00000  358.99778  3.46%   477 1863s
 508724 320531  348.41017   54  752  347.00000  358.98484  3.45%   477 1868s
 511303 322393  356.69712   38  799  347.00000  358.97887  3.45%   476 1873s
 513938 324175     cutoff   77       347.00000  358.95927  3.45%   476 1878s
 516406 325888  352.07604   38  787  347.00000  358.95005  3.44%   476 1883s
 518917 327539  350.69364   57  781  347.00000  358.93984  3.44%   476 1889s
 521688 329608  350.68006   67  748  347.00000  358.92537  3.44%   475 1895s
 524504 332065  355.43340   41  815  347.00000  358.91098  3.43%   475 1901s
 528049 333784  352.30707   54  753  347.00000  358.89769  3.43%   475 1906s
 530443 335632  355.69857   40  782  347.00000  358.88819  3.43%   474 1911s
 533101 337366  354.14671   46  788  347.00000  358.87950  3.42%   474 1916s
 535724 339312  353.23098   51  781  347.00000  358.86429  3.42%   474 1921s
 538454 341004  355.97796   54  808  347.00000  358.85214  3.42%   473 1927s
 541026 341967  348.49468   75  742  347.00000  358.83987  3.41%   473 1932s
 543133 343805     cutoff   77       347.00000  358.82902  3.41%   473 1938s
 545918 345422  350.37943   51  759  347.00000  358.81216  3.40%   473 1943s
 548629 347279  350.05878   65  768  347.00000  358.79936  3.40%   473 1948s
 551397 349128  353.30415   56  792  347.00000  358.78255  3.40%   473 1955s
 554225 350736  354.53956   49  791  347.00000  358.77503  3.39%   473 1961s
 557226 352212  352.29297   91  759  347.00000  358.76299  3.39%   473 1967s
 559812 353669  349.36305   44  751  347.00000  358.75357  3.39%   473 1973s
 562750 355560  350.20025   70  766  347.00000  358.74971  3.39%   473 1979s
 565643 357619  350.25825   36  764  347.00000  358.72901  3.38%   473 1985s
 568653 359307  348.98098   53  773  347.00000  358.71656  3.38%   473 1991s
 571506 361176  354.01812   31  811  347.00000  358.70090  3.37%   473 1996s
 574367 363216  350.68886   70  749  347.00000  358.69319  3.37%   472 2002s
 577252 365212     cutoff   43       347.00000  358.68160  3.37%   472 2008s
 580454 366434  351.59697   48  786  347.00000  358.66526  3.36%   472 2014s
 582642 368258  352.04696   45  773  347.00000  358.65704  3.36%   472 2020s
 585586 369536  350.44067   55  760  347.00000  358.64532  3.36%   472 2025s
 587913 371640  349.93845   54  758  347.00000  358.63866  3.35%   473 2031s
 591023 373709  352.68716   43  813  347.00000  358.62349  3.35%   472 2037s
 593997 375728     cutoff   63       347.00000  358.61341  3.35%   472 2043s
 596956 377488  355.84454   48  783  347.00000  358.60070  3.34%   472 2048s
 599784 378864  350.63359   43  774  347.00000  358.59011  3.34%   471 2053s
 602387 381293  355.19366   48  769  347.00000  358.58069  3.34%   471 2060s
 605864 383113  355.01477   48  805  347.00000  358.56557  3.33%   471 2065s
 608527 384310  349.16572   79  755  347.00000  358.55422  3.33%   471 2070s
 610890 386253  353.10529   51  764  347.00000  358.54316  3.33%   471 2075s
 613721 387864  353.13032   33  785  347.00000  358.53122  3.32%   471 2081s
 616355 389588  353.46945   59  789  347.00000  358.51990  3.32%   470 2086s
 619210 391102  348.34900   77  731  347.00000  358.51223  3.32%   470 2091s
 621450 392961  352.04221   47  776  347.00000  358.50609  3.32%   470 2097s
 624305 394753  353.87144   45  781  347.00000  358.49170  3.31%   470 2102s
 627039 396179  354.83802   51  797  347.00000  358.48082  3.31%   470 2108s
 629677 397790  352.27198   37  783  347.00000  358.47071  3.31%   469 2114s
 632477 399993  351.98240   39  772  347.00000  358.46368  3.30%   470 2120s
 635798 401548  356.34196   39  785  347.00000  358.45173  3.30%   470 2126s
 638340 403369  350.35409   57  744  347.00000  358.44063  3.30%   470 2131s
 641156 404943  351.48477   54  782  347.00000  358.43547  3.30%   470 2137s
 643818 406592     cutoff   46       347.00000  358.42269  3.29%   469 2142s
 646649 408239     cutoff   82       347.00000  358.41177  3.29%   469 2148s
 649376 409989  350.48901   56  793  347.00000  358.39934  3.29%   469 2153s
 652088 411435  350.36550   61  790  347.00000  358.38975  3.28%   469 2159s
 654803 413264     cutoff   49       347.00000  358.37956  3.28%   469 2166s
 657842 414921  352.98053   68  782  347.00000  358.36859  3.28%   469 2172s
 660627 416764     cutoff   69       347.00000  358.36388  3.27%   469 2177s
 663479 418579  355.08124   51  788  347.00000  358.35163  3.27%   469 2183s
 666298 420197  350.89213   56  750  347.00000  358.34787  3.27%   469 2188s
 668749 422277  350.49589   46  774  347.00000  358.33610  3.27%   469 2194s
 671710 424406  354.94440   42  784  347.00000  358.32547  3.26%   469 2199s
 674747 426407  355.88018   48  802  347.00000  358.31212  3.26%   469 2205s
 677667 428480  354.51820   68  774  347.00000  358.29971  3.26%   468 2211s
 680610 431053  348.79571   39  749  347.00000  358.29100  3.25%   468 2217s
 684218 432803  351.51113   51  746  347.00000  358.27834  3.25%   468 2222s
 686825 434581  353.82320   60  794  347.00000  358.26933  3.25%   468 2227s
 689468 436138  353.34512   41  777  347.00000  358.26131  3.25%   467 2232s
 691922 437452  352.76562   46  772  347.00000  358.25100  3.24%   467 2238s
 694259 439489  353.74706   44  794  347.00000  358.24676  3.24%   468 2243s
 697321 441118  354.06119   48  765  347.00000  358.23468  3.24%   467 2249s
 699715 442931  350.54057   61  784  347.00000  358.22789  3.24%   467 2254s
 702510 444346  352.46260   29  772  347.00000  358.21966  3.23%   467 2260s
 704775 445416  351.99033   55  772  347.00000  358.21517  3.23%   467 2266s
 706970 447148  348.28634   52  707  347.00000  358.20988  3.23%   468 2273s
 710219 448992  352.88591   46  791  347.00000  358.19699  3.23%   468 2279s
 713114 450862  355.03875   50  777  347.00000  358.19213  3.23%   468 2285s
 715950 452558  351.39407   66  762  347.00000  358.17857  3.22%   468 2292s
 718624 454174  352.96125   55  807  347.00000  358.16695  3.22%   467 2298s
 721294 455603  354.17872   58  805  347.00000  358.16401  3.22%   467 2304s
 723904 457668     cutoff   35       347.00000  358.14990  3.21%   467 2310s
 726869 459488     cutoff   51       347.00000  358.13798  3.21%   467 2315s
 729674 460606  350.85615   36  764  347.00000  358.12891  3.21%   467 2321s
 732078 462471  350.88933   48  769  347.00000  358.11864  3.20%   467 2328s
 735098 464419  350.86683   61  763  347.00000  358.11257  3.20%   467 2333s
 738062 466430  351.76955   57  763  347.00000  358.10383  3.20%   467 2339s
 741050 468381  349.29097   75  763  347.00000  358.08961  3.20%   467 2344s
 743929 470431  353.58967   49  789  347.00000  358.07875  3.19%   467 2349s
 746868 472352  349.81828   62  767  347.00000  358.07095  3.19%   466 2354s
 749684 474148  351.66422   47  770  347.00000  358.06065  3.19%   466 2360s
 752320 475910  350.99030   61  779  347.00000  358.05529  3.19%   466 2365s
 755087 477982  352.21009   49  771  347.00000  358.04081  3.18%   466 2370s
 758087 479551  356.04051   40  809  347.00000  358.03280  3.18%   466 2376s
 761269 480986     cutoff   49       347.00000  358.02556  3.18%   466 2382s
 764233 482869  352.34682   54  793  347.00000  358.01691  3.17%   466 2387s
 767211 484916  349.02164   71  737  347.00000  358.00794  3.17%   465 2392s
 770142 486562  348.04174   46  764  347.00000  357.99860  3.17%   465 2397s
 772888 488195     cutoff   42       347.00000  357.98944  3.17%   465 2403s
 775733 490137  353.99773   36  767  347.00000  357.97807  3.16%   465 2408s
 778636 491711  348.95136   54  784  347.00000  357.97085  3.16%   465 2413s
 781329 493557  348.71817   70  748  347.00000  357.96286  3.16%   464 2418s
 784251 495893  355.22360   59  776  347.00000  357.95508  3.16%   464 2425s
 787710 497880  353.28883   38  776  347.00000  357.94169  3.15%   464 2430s
 790615 499688  351.90019   53  764  347.00000  357.93506  3.15%   464 2435s
 793286 501743  355.38031   70  797  347.00000  357.92783  3.15%   464 2440s
 796227 503700  350.17186   73  750  347.00000  357.92065  3.15%   464 2445s
 799087 504986  349.28801   67  747  347.00000  357.91081  3.14%   463 2450s
 801630 506534     cutoff   72       347.00000  357.90229  3.14%   463 2455s
 804342 508330  354.98127   49  785  347.00000  357.89306  3.14%   463 2461s
 807159 510338  355.77210   38  795  347.00000  357.88418  3.14%   463 2466s
 810160 512711  349.46576   97  763  347.00000  357.87455  3.13%   463 2472s
 813723 514318  348.72577   48  776  347.00000  357.86405  3.13%   463 2477s
 816366 515611  348.54837   44  748  347.00000  357.85449  3.13%   462 2483s
 818733 517190  354.79256   44  767  347.00000  357.84886  3.13%   463 2488s
 821634 518332     cutoff   57       347.00000  357.84035  3.12%   463 2494s
 824128 520416  353.06948   76  792  347.00000  357.83448  3.12%   463 2500s
 827266 522125  350.18505   67  761  347.00000  357.82625  3.12%   463 2506s
 830309 523707  350.99151   47  786  347.00000  357.81815  3.12%   462 2511s
 833195 525407  352.36574   60  778  347.00000  357.80896  3.11%   462 2516s
 836096 527645  349.05238   62  746  347.00000  357.79739  3.11%   462 2522s
 839571 529263  349.24302   41  791  347.00000  357.78697  3.11%   462 2528s
 842205 531016  353.23719   60  787  347.00000  357.77823  3.11%   462 2533s
 845129 532747  352.39601   41  798  347.00000  357.77136  3.10%   462 2538s
 847940 534025  354.35943   42  789  347.00000  357.76198  3.10%   462 2544s
 850366 535170  351.06223   59  777  347.00000  357.75911  3.10%   462 2549s
 852993 537326  354.46605   48  795  347.00000  357.74980  3.10%   462 2555s
 856193 539105  355.35756   56  794  347.00000  357.74054  3.10%   462 2560s
 859100 540699  350.68352   69  772  347.00000  357.73183  3.09%   462 2566s
 861739 542048     cutoff   43       347.00000  357.72849  3.09%   462 2572s
 864585 543950  349.30024   45  759  347.00000  357.72027  3.09%   462 2578s
 867845 545340  353.27444   35  791  347.00000  357.70731  3.09%   462 2584s
 870546 547207  350.20462   81  738  347.00000  357.70290  3.08%   462 2590s
 873643 548797  348.03552   62  731  347.00000  357.69281  3.08%   462 2595s
 876290 550374  354.69290   65  788  347.00000  357.68435  3.08%   462 2601s
 879139 552332  348.52566   62  766  347.00000  357.67709  3.08%   462 2607s
 882325 554285  349.38466   79  743  347.00000  357.66821  3.07%   462 2613s
 885268 555812  354.83342   57  790  347.00000  357.66074  3.07%   462 2619s
 887972 558039  351.79639   41  778  347.00000  357.65513  3.07%   462 2625s
 891367 559437  349.07374   53  750  347.00000  357.64734  3.07%   462 2630s
 893860 561520  349.81036   47  780  347.00000  357.63889  3.07%   462 2636s
 897046 563350  348.97757   83  746  347.00000  357.63078  3.06%   461 2641s
 900002 565123  348.95550   49  764  347.00000  357.62537  3.06%   461 2647s
 902936 567156  348.28405   55  784  347.00000  357.61561  3.06%   461 2652s
 906044 568691  350.68613   67  753  347.00000  357.61032  3.06%   461 2658s
 908566 570353  348.64627   52  771  347.00000  357.60444  3.06%   461 2663s
 911453 572227  349.91971   43  764  347.00000  357.59753  3.05%   461 2669s
 914442 574068  349.54160   66  770  347.00000  357.58908  3.05%   461 2675s
 917724 576007  351.46189   48  774  347.00000  357.58045  3.05%   461 2681s
 920614 578209  349.50490   57  752  347.00000  357.57147  3.05%   461 2686s
 923880 579583  348.02750   60  738  347.00000  357.56300  3.04%   461 2691s
 926730 581140  351.73248   70  765  347.00000  357.55725  3.04%   461 2697s
 929422 583012  348.15844   55  747  347.00000  357.54964  3.04%   461 2703s
 932448 584673  350.99700   66  764  347.00000  357.54032  3.04%   460 2708s
 935379 586212  357.07058   31  811  347.00000  357.53253  3.04%   460 2714s
 938078 587810  348.18350   50  767  347.00000  357.52978  3.03%   461 2720s
 941054 589594  351.77758   54  761  347.00000  357.51951  3.03%   460 2726s
 944333 591658  353.66669   42  793  347.00000  357.51123  3.03%   460 2732s
 947617 593010  353.55296   61  771  347.00000  357.50384  3.03%   460 2737s
 950319 594916  350.00548   34  779  347.00000  357.49636  3.02%   460 2743s
 953458 596580  349.70065   76  746  347.00000  357.48895  3.02%   460 2748s
 956400 598553  349.83204   42  783  347.00000  357.48102  3.02%   460 2754s
 959470 600398  349.09045   66  780  347.00000  357.47364  3.02%   460 2759s
 962297 601915     cutoff   61       347.00000  357.46608  3.02%   460 2765s
 964992 603515     cutoff   49       347.00000  357.46292  3.02%   460 2770s
 967917 605234  354.98752   52  799  347.00000  357.45340  3.01%   460 2777s
 970815 607179  353.99101   53  771  347.00000  357.45024  3.01%   460 2783s
 974078 609474  352.39746   47  776  347.00000  357.44098  3.01%   460 2789s
 977541 611689  350.69835   64  755  347.00000  357.43226  3.01%   460 2795s
 980880 612934  353.40012   49  775  347.00000  357.42323  3.00%   459 2800s
 983780 615155  354.94327   31  804  347.00000  357.41773  3.00%   459 2806s
 987074 616982  352.28324   69  782  347.00000  357.40947  3.00%   459 2811s
 990011 618852  351.91224   62  795  347.00000  357.40112  3.00%   459 2817s
 992936 620938  351.97703   56  794  347.00000  357.39468  3.00%   459 2823s
 996156 620959  352.98979   50  785  347.00000  357.38836  2.99%   459 2849s
 996183 622803  352.88061   51  785  347.00000  357.38820  2.99%   459 2856s
 999494 624909  353.26683   59  761  347.00000  357.38250  2.99%   459 2861s
 1002786 626379  351.67261   87  773  347.00000  357.37344  2.99%   459 2867s
 1005934 628220  348.56118   83  748  347.00000  357.36918  2.99%   458 2873s
 1008736 629772  349.64102   55  761  347.00000  357.36275  2.99%   458 2878s
 1011715 631472  355.68875   46  766  347.00000  357.35437  2.98%   458 2884s
 1014605 633289  353.09503   48  791  347.00000  357.34700  2.98%   458 2890s
 1017721 635494  354.25110   44  790  347.00000  357.34173  2.98%   458 2896s
 1020994 637420  353.53857   68  772  347.00000  357.33435  2.98%   458 2902s
 1024247 639339  352.64908   56  770  347.00000  357.32616  2.98%   458 2908s
 1027437 640895  351.06914   43  801  347.00000  357.32036  2.97%   458 2913s
 1030527 642443  354.25965   53  780  347.00000  357.31387  2.97%   458 2919s
 1033736 643690  348.56331   63  750  347.00000  357.30775  2.97%   458 2924s
 1036278 645164  348.23330   84  724  347.00000  357.30066  2.97%   458 2930s
 1039160 646516  351.39646   79  770  347.00000  357.29449  2.97%   458 2936s
 1041740 648361  352.56480   67  767  347.00000  357.28608  2.96%   458 2942s
 1044956 649819  350.28279   56  790  347.00000  357.28158  2.96%   458 2948s
 1047649 651641  349.27118   90  743  347.00000  357.27709  2.96%   458 2954s
 1051029 653534  350.47257   87  765  347.00000  357.26667  2.96%   458 2960s
 1054013 654911  354.05663   54  781  347.00000  357.26007  2.96%   458 2966s
 1056662 656684  348.46169   85  753  347.00000  357.25491  2.96%   458 2972s
 1059872 658142  351.18728   56  759  347.00000  357.24784  2.95%   458 2978s
 1062789 659695  350.87104   58  769  347.00000  357.24299  2.95%   458 2983s
 1065532 661928  354.45725   68  780  347.00000  357.23732  2.95%   458 2990s
 1068969 663715  348.66101   84  746  347.00000  357.23152  2.95%   458 2995s
 1072036 665558  350.07817   43  776  347.00000  357.22188  2.95%   458 3001s
 1074946 667753  351.55439   38  795  347.00000  357.21567  2.94%   458 3008s
 1078486 668964  353.22230   60  766  347.00000  357.20758  2.94%   457 3013s
 1081023 670884  349.79153   68  744  347.00000  357.20276  2.94%   458 3019s
 1084252 672424     cutoff   82       347.00000  357.19667  2.94%   458 3024s
 1087300 674374  349.76785   55  751  347.00000  357.18856  2.94%   457 3030s
 1090521 676274  349.79779   54  758  347.00000  357.18026  2.93%   457 3036s
 1093610 678141  348.74858   73  757  347.00000  357.17380  2.93%   457 3042s
 1096641 679651  353.52103   55  775  347.00000  357.16816  2.93%   457 3048s
 1099379 681328  350.01979   71  750  347.00000  357.16388  2.93%   457 3054s
 1102376 683045  352.84319   71  780  347.00000  357.15601  2.93%   457 3061s
 1105753 684720  352.22364   60  776  347.00000  357.15189  2.93%   457 3066s
 1108902 686632  350.96388   44  792  347.00000  357.14379  2.92%   457 3073s
 1112039 688786  348.67400   65  745  347.00000  357.13628  2.92%   457 3078s
 1115349 690904  353.61146   63  765  347.00000  357.13023  2.92%   457 3084s
 1118509 692076  351.23682   50  782  347.00000  357.12344  2.92%   457 3089s
 1121108 693885  348.73063   46  763  347.00000  357.11902  2.92%   457 3095s
 1124155 695841  352.15832   47  774  347.00000  357.11145  2.91%   457 3101s
 1127191 697570  349.15255   48  759  347.00000  357.10349  2.91%   457 3107s
 1130007 699356  352.06293   41  793  347.00000  357.09617  2.91%   457 3113s
 1133162 701135  351.39572   43  783  347.00000  357.09400  2.91%   457 3120s
 1136167 702523  352.44880   66  770  347.00000  357.08544  2.91%   457 3126s
 1139089 704485  352.93275   44  787  347.00000  357.07977  2.90%   457 3132s
 1142603 706197  349.04007   50  795  347.00000  357.07084  2.90%   457 3138s
 1145956 708323  351.88548   70  775  347.00000  357.06576  2.90%   457 3145s
 1149419 710196     cutoff   52       347.00000  357.05781  2.90%   457 3151s
 1152537 712468  352.86331   67  779  347.00000  357.05115  2.90%   457 3156s
 1155998 714355  350.25672   81  783  347.00000  357.04610  2.90%   456 3163s
 1159320 716495  352.11438   42  774  347.00000  357.04036  2.89%   456 3169s
 1162859 718168  349.55636   70  752  347.00000  357.03219  2.89%   456 3175s
 1165952 719738     cutoff   96       347.00000  357.02581  2.89%   456 3181s
 1169035 721389  351.47576   75  782  347.00000  357.01870  2.89%   456 3187s
 1172163 723022  351.52752   64  770  347.00000  357.01496  2.89%   456 3193s
 1175166 725045  352.16693   40  756  347.00000  357.00940  2.88%   456 3199s
 1178554 727265  352.10004   56  776  347.00000  357.00349  2.88%   456 3204s
 1181904 729531  348.75040   71  737  347.00000  356.99633  2.88%   456 3211s
 1185612 731741  353.91003   66  776  347.00000  356.98820  2.88%   456 3216s
 1189008 733354  349.58271   80  743  347.00000  356.98333  2.88%   456 3222s
 1191903 734941  348.94130   66  744  347.00000  356.97943  2.88%   456 3228s
 1194899 736381  349.15397   52  776  347.00000  356.97250  2.87%   456 3233s
 1197808 738271  356.56423   36  817  347.00000  356.96774  2.87%   456 3239s

Cutting planes:
  Gomory: 9
  Clique: 2
  Flow cover: 124
  Zero half: 977
  RLT: 377
  BQP: 118

Explored 1200989 nodes (547071706 simplex iterations) in 3239.63 seconds (8798.77 work units)
Thread count was 24 (of 24 available processors)

Solution count 10: 347 346 345 ... 337

Solve interrupted
Best objective 3.470000000000e+02, best bound 3.560000000000e+02, gap 2.5937%

User-callback calls 2594050, time in user-callback 2.42 sec
