
Gurobi 11.0.3 (linux64) logging started Wed Nov 12 20:21:24 2025

Set parameter LogFile to value "./log/train/CA_500_600_threads_0/CA_74.lp.log"
Set parameter TimeLimit to value 3600
Gurobi Optimizer version 11.0.3 build v11.0.3rc0 (linux64 - "Ubuntu 22.04.5 LTS")

CPU model: AMD Ryzen 9 9900X 12-Core Processor, instruction set [SSE2|AVX|AVX2|AVX512]
Thread count: 12 physical cores, 24 logical processors, using up to 24 threads

Optimize a model with 610 rows, 600 columns and 3073 nonzeros
Model fingerprint: 0x94b1b60b
Variable types: 0 continuous, 600 integer (600 binary)
Coefficient statistics:
  Matrix range     [1e+00, 1e+00]
  Objective range  [7e+00, 1e+03]
  Bounds range     [1e+00, 1e+00]
  RHS range        [1e+00, 1e+00]
Found heuristic solution: objective 18590.052821
Presolve removed 53 rows and 59 columns
Presolve time: 0.01s
Presolved: 557 rows, 541 columns, 2986 nonzeros
Found heuristic solution: objective 22802.542679
Variable types: 0 continuous, 541 integer (541 binary)
Found heuristic solution: objective 24721.322373

Root relaxation: objective 3.010688e+04, 1513 iterations, 0.04 seconds (0.09 work units)

    Nodes    |    Current Node    |     Objective Bounds      |     Work
 Expl Unexpl |  Obj  Depth IntInf | Incumbent    BestBd   Gap | It/Node Time

     0     0 30106.8761    0  311 24721.3224 30106.8761  21.8%     -    0s
H    0     0                    25164.116795 30106.8761  19.6%     -    0s
H    0     0                    25364.789577 30106.8761  18.7%     -    0s
     0     0 29953.9920    0  326 25364.7896 29953.9920  18.1%     -    0s
     0     0 29908.3190    0  324 25364.7896 29908.3190  17.9%     -    0s
     0     0 29845.1102    0  326 25364.7896 29845.1102  17.7%     -    0s
     0     0 29845.1102    0  324 25364.7896 29845.1102  17.7%     -    0s
     0     0 29790.9170    0  328 25364.7896 29790.9170  17.4%     -    0s
     0     0 29790.9170    0  328 25364.7896 29790.9170  17.4%     -    0s
     0     2 29790.9170    0  328 25364.7896 29790.9170  17.4%     -    0s
H   31    40                    25445.652856 29662.2386  16.6%   295    0s
H   64    84                    25492.860137 29662.2386  16.4%   218    0s
H   75    84                    26663.113534 29662.2386  11.2%   207    0s
H   83   106                    26760.353878 29662.2386  10.8%   198    0s
H   95   106                    26848.160409 29662.2386  10.5%   187    0s
H  127   131                    26864.175071 29662.2386  10.4%   166    0s
*  314   247              30    26886.162972 29662.2386  10.3%   135    0s
H  387   277                    26895.787643 29503.9252  9.70%   133    0s
*  662   420              25    26925.871686 29503.9252  9.57%   120    1s
H 2716  1471                    27052.279455 29127.6100  7.67%   118    2s
* 3257  1548              29    27270.518474 29127.6100  6.81%   121    3s
 11441  3860 27490.6731   32  235 27270.5185 28243.3769  3.57%   109    5s
H16646  4922                    27297.824997 28134.0994  3.06%   105    5s
 42368  8261     cutoff   26      27297.8250 27802.7268  1.85%  95.7   10s

Cutting planes:
  Gomory: 2
  Clique: 27
  Zero half: 1

Explored 86292 nodes (7436376 simplex iterations) in 14.89 seconds (37.91 work units)
Thread count was 24 (of 24 available processors)

Solution count 10: 27297.8 27270.5 27052.3 ... 26663.1

Optimal solution found (tolerance 1.00e-04)
Best objective 2.729782499688e+04, best bound 2.729782499688e+04, gap 0.0000%

User-callback calls 174276, time in user-callback 0.10 sec
