
Gurobi 11.0.3 (linux64) logging started Wed Nov 12 20:23:28 2025

Set parameter LogFile to value "./log/train/CA_500_600_threads_0/CA_80.lp.log"
Set parameter TimeLimit to value 3600
Gurobi Optimizer version 11.0.3 build v11.0.3rc0 (linux64 - "Ubuntu 22.04.5 LTS")

CPU model: AMD Ryzen 9 9900X 12-Core Processor, instruction set [SSE2|AVX|AVX2|AVX512]
Thread count: 12 physical cores, 24 logical processors, using up to 24 threads

Optimize a model with 602 rows, 600 columns and 3242 nonzeros
Model fingerprint: 0xf3aa0acd
Variable types: 0 continuous, 600 integer (600 binary)
Coefficient statistics:
  Matrix range     [1e+00, 1e+00]
  Objective range  [1e+00, 3e+03]
  Bounds range     [1e+00, 1e+00]
  RHS range        [1e+00, 1e+00]
Found heuristic solution: objective 19027.899240
Presolve removed 38 rows and 86 columns
Presolve time: 0.01s
Presolved: 564 rows, 514 columns, 3216 nonzeros
Found heuristic solution: objective 22127.641292
Variable types: 0 continuous, 514 integer (514 binary)
Found heuristic solution: objective 22980.516996

Root relaxation: objective 3.033176e+04, 1324 iterations, 0.04 seconds (0.08 work units)

    Nodes    |    Current Node    |     Objective Bounds      |     Work
 Expl Unexpl |  Obj  Depth IntInf | Incumbent    BestBd   Gap | It/Node Time

     0     0 30331.7568    0  302 22980.5170 30331.7568  32.0%     -    0s
H    0     0                    23194.703652 30331.7568  30.8%     -    0s
H    0     0                    24502.225143 30331.7568  23.8%     -    0s
     0     0 30102.9026    0  306 24502.2251 30102.9026  22.9%     -    0s
     0     0 29869.5852    0  313 24502.2251 29869.5852  21.9%     -    0s
     0     0 29869.5852    0  314 24502.2251 29869.5852  21.9%     -    0s
     0     0 29869.5852    0  314 24502.2251 29869.5852  21.9%     -    0s
     0     0 29869.5852    0  317 24502.2251 29869.5852  21.9%     -    0s
H    0     0                    25838.116520 29863.0399  15.6%     -    0s
     0     0 29828.4049    0  314 25838.1165 29828.4049  15.4%     -    0s
H    0     0                    25984.677566 29828.4049  14.8%     -    0s
     0     0 29828.4049    0  316 25984.6776 29828.4049  14.8%     -    0s
     0     0 29732.1935    0  313 25984.6776 29732.1935  14.4%     -    0s
     0     0 29732.1935    0  313 25984.6776 29732.1935  14.4%     -    0s
     0     2 29732.1935    0  313 25984.6776 29732.1935  14.4%     -    0s
H   32    40                    25993.273108 29701.8671  14.3%   284    0s
H   68    85                    26045.431562 29701.8671  14.0%   216    0s
H   74    85                    26337.206512 29701.8671  12.8%   211    0s
H  131   139                    26347.714512 29701.8671  12.7%   165    0s
H  133   139                    26431.573724 29701.8671  12.4%   167    0s
H  188   145                    26493.193879 29701.8671  12.1%   137    0s
*  190   145              14    26494.496806 29701.8671  12.1%   136    0s
H 2544  1487                    26594.640174 28721.8778  8.00%   123    2s
* 3566  1736              34    26622.212407 28721.8778  7.89%   122    3s
* 4122  1753              32    26728.784439 28721.8778  7.46%   122    3s
* 7002  2342              35    26821.092785 28721.8778  7.09%   116    3s
* 8654  3254              27    26841.465527 28546.3399  6.35%   114    4s
 12689  4988 27567.6064   22  230 26841.4655 28050.2988  4.50%   110    5s
 42866 13571     cutoff   44      26841.4655 27634.1868  2.95%   102   10s
 61398 16384 26962.8469   33  215 26841.4655 27512.4033  2.50%  98.5   15s
 100053 17761 26995.1849   45  230 26841.4655 27333.3282  1.83%  93.9   20s
 142707 11457     cutoff   34      26841.4655 27146.1248  1.14%  90.1   25s

Cutting planes:
  Clique: 50
  Flow cover: 11

Explored 167082 nodes (14491976 simplex iterations) in 27.11 seconds (67.55 work units)
Thread count was 24 (of 24 available processors)

Solution count 10: 26841.5 26821.1 26728.8 ... 26337.2

Optimal solution found (tolerance 1.00e-04)
Best objective 2.684146552717e+04, best bound 2.684146552717e+04, gap 0.0000%

User-callback calls 337225, time in user-callback 0.20 sec
