
Gurobi 11.0.3 (linux64) logging started Wed Nov 12 20:24:29 2025

Set parameter LogFile to value "./log/train/CA_500_600_threads_0/CA_82.lp.log"
Set parameter TimeLimit to value 3600
Gurobi Optimizer version 11.0.3 build v11.0.3rc0 (linux64 - "Ubuntu 22.04.5 LTS")

CPU model: AMD Ryzen 9 9900X 12-Core Processor, instruction set [SSE2|AVX|AVX2|AVX512]
Thread count: 12 physical cores, 24 logical processors, using up to 24 threads

Optimize a model with 604 rows, 600 columns and 2769 nonzeros
Model fingerprint: 0x8024a86f
Variable types: 0 continuous, 600 integer (600 binary)
Coefficient statistics:
  Matrix range     [1e+00, 1e+00]
  Objective range  [4e+00, 1e+03]
  Bounds range     [1e+00, 1e+00]
  RHS range        [1e+00, 1e+00]
Found heuristic solution: objective 18249.591843
Presolve removed 71 rows and 84 columns
Presolve time: 0.01s
Presolved: 533 rows, 516 columns, 2612 nonzeros
Found heuristic solution: objective 23805.337201
Variable types: 0 continuous, 516 integer (516 binary)
Found heuristic solution: objective 24972.333132

Root relaxation: objective 2.899556e+04, 1095 iterations, 0.03 seconds (0.06 work units)

    Nodes    |    Current Node    |     Objective Bounds      |     Work
 Expl Unexpl |  Obj  Depth IntInf | Incumbent    BestBd   Gap | It/Node Time

     0     0 28995.5584    0  300 24972.3331 28995.5584  16.1%     -    0s
H    0     0                    25056.547665 28995.5584  15.7%     -    0s
H    0     0                    25198.071554 28995.5584  15.1%     -    0s
     0     0 28841.3125    0  313 25198.0716 28841.3125  14.5%     -    0s
H    0     0                    25274.125919 28629.9640  13.3%     -    0s
     0     0 28591.4892    0  304 25274.1259 28591.4892  13.1%     -    0s
     0     0 28537.4877    0  307 25274.1259 28537.4877  12.9%     -    0s
     0     0 28537.4877    0  307 25274.1259 28537.4877  12.9%     -    0s
H    0     0                    26596.530925 28537.4877  7.30%     -    0s
H    0     0                    26819.579998 28537.4877  6.41%     -    0s
     0     2 28537.4877    0  307 26819.5800 28537.4877  6.41%     -    0s
H   28    40                    26838.931861 28400.7433  5.82%   231    0s
H   65    83                    26847.266428 28400.7433  5.79%   194    0s
H   67    83                    26867.846369 28400.7433  5.71%   193    0s
H  459   261                    26872.508916 28256.5169  5.15%   125    0s
H 2765   858                    26935.066726 27718.8913  2.91%   101    1s
* 4611  1158              12    26966.195824 27533.6799  2.10%  95.7    1s
 17215  1081 26985.2767   31  192 26966.1958 27260.6895  1.09%  92.2    5s

Explored 20661 nodes (1803608 simplex iterations) in 5.44 seconds (14.81 work units)
Thread count was 24 (of 24 available processors)

Solution count 10: 26966.2 26935.1 26872.5 ... 25198.1

Optimal solution found (tolerance 1.00e-04)
Best objective 2.696619582415e+04, best bound 2.696619582415e+04, gap 0.0000%

User-callback calls 42886, time in user-callback 0.02 sec
